constructing eigenvector for poly
x^20-40*x^19-3252*x^18+164764*x^17+1869424*x^16-177943265*x^15+797369940*x^14+65891221031*x^13-656173920511*x^12-8952892430947*x^11+113778342439640*x^10+550152652046593*x^9-8438856811119050*x^8-15880705482799496*x^7+310221011815518240*x^6+202729703774282960*x^5-5815237580685557984*x^4-888738402323552256*x^3+51990921273718487296*x^2-63985270660733952*x-168025374093909036032
constructing eigenvector for poly
x-32
constructing eigenvector for poly
x-73
constructing eigenvector for poly
x-63
constructing eigenvector for poly
x-88
constructing eigenvector for poly
x-78
constructing eigenvector for poly
x-34
constructing eigenvector for poly
x-400
constructing eigenvector for poly
x-45
constructing eigenvector for poly
x^2-36*x+79
constructing eigenvector for poly
x^2+76*x+1199
constructing eigenvector for poly
x^3-132*x^2+5784*x-84106
constructing eigenvector for poly
x^5-262*x^4+26016*x^3-1204944*x^2+25603040*x-201132800
constructing eigenvector for poly
x^10-610*x^9+165872*x^8-26470600*x^7+2744784896*x^6-193187765216*x^5+9345022204048*x^4-306716740528352*x^3+6536043039089856*x^2-81649987836425856*x+454039895838210048
constructing eigenvector for poly
x^2-93*x+2056
constructing eigenvector for poly
x^4-160*x^3+9290*x^2-230746*x+2063040
constructing eigenvector for poly
x^6-383*x^5+59817*x^4-4857229*x^3+215082954*x^2-4883506808*x+43822386304
constructing eigenvector for poly
x^13+71*x^12+1090*x^11-29901*x^10-984945*x^9-2139704*x^8+186268516*x^7+1463413988*x^6-12083735729*x^5-143571974640*x^4+210918303423*x^3+4598029134148*x^2+185289785256*x-46898162712738
constructing eigenvector for poly
x^2+20*x+100
constructing eigenvector for poly
x^2-38*x-2
constructing eigenvector for poly
x^2+66*x+1039
constructing eigenvector for poly
x^2+76*x+1199
constructing eigenvector for poly
x^20-40*x^19-3252*x^18+164764*x^17+1869424*x^16-177943265*x^15+797369940*x^14+65891221031*x^13-656173920511*x^12-8952892430947*x^11+113778342439640*x^10+550152652046593*x^9-8438856811119050*x^8-15880705482799496*x^7+310221011815518240*x^6+202729703774282960*x^5-5815237580685557984*x^4-888738402323552256*x^3+51990921273718487296*x^2-63985270660733952*x-168025374093909036032
constructing eigenvector for poly
x+15
constructing eigenvector for poly
x^2+48*x+429
constructing eigenvector for poly
x^3-168*x^2+9014*x-155912
constructing eigenvector for poly
x^3-179*x^2+10558*x-205392
constructing eigenvector for poly
x^16-78*x^15+409*x^14+104417*x^13-2138222*x^12-41037321*x^11+1359152342*x^10+3478979764*x^9-335167522219*x^8+907787890531*x^7+34914965682207*x^6-162383460096393*x^5-1351526347669802*x^4+7215808769903764*x^3+10788268317428536*x^2-95773173577228224*x+118555137933973376
constructing eigenvector for poly
x-2
constructing eigenvector for poly
x+31
constructing eigenvector for poly
x^2+2*x-1
constructing eigenvector for poly
x-82
constructing eigenvector for poly
x-52
constructing eigenvector for poly
x-38
constructing eigenvector for poly
x+31
constructing eigenvector for poly
x^2+36*x+79
constructing eigenvector for poly
x^2+14*x+32
constructing eigenvector for poly
x^4-240*x^3+21060*x^2-797932*x+10984128
constructing eigenvector for poly
x^13+22*x^12-1411*x^11-28489*x^10+593816*x^9+9317989*x^8-122354478*x^7-1131632866*x^6+12915633919*x^5+46392986335*x^4-631938043453*x^3+133508613257*x^2+9953817574818*x-20691826421536
constructing eigenvector for poly
x-76
constructing eigenvector for poly
x^2-12*x-209
constructing eigenvector for poly
x^4-238*x^3+20330*x^2-726370*x+8853200
constructing eigenvector for poly
x^7-331*x^6+46080*x^5-3492896*x^4+155481902*x^3-4059068692*x^2+57482666244*x-340463630544
constructing eigenvector for poly
x^10+97*x^9+3251*x^8+35857*x^7-259216*x^6-7164593*x^5-11477845*x^4+350927048*x^3+786971748*x^2-4614314576*x-6917147488
constructing eigenvector for poly
x^25-81*x^24-2633*x^23+331822*x^22-329288*x^21-502548814*x^20+6663433528*x^19+346117101504*x^18-7483102728232*x^17-105669520115779*x^16+3574707640018643*x^15+8058643766012494*x^14-854227716983892318*x^13+2499078133040492754*x^12+109564231958452186260*x^11-618014514425539272262*x^10-7906924530212447895427*x^9+57294184411251371724672*x^8+333117601642686834642466*x^7-2663381361321967026173070*x^6-8490624060608625663573672*x^5+61845117882263194338680488*x^4+133886698863569064539938368*x^3-562516607385998240344879232*x^2-1087502946612254084673488896*x-234078797422726434398576640
constructing eigenvector for poly
x^2-68*x+1156
constructing eigenvector for poly
x^2+114*x+2886
constructing eigenvector for poly
x^2-12*x-209
constructing eigenvector for poly
x^2+38*x+199
constructing eigenvector for poly
x^10+97*x^9+3251*x^8+35857*x^7-259216*x^6-7164593*x^5-11477845*x^4+350927048*x^3+786971748*x^2-4614314576*x-6917147488
constructing eigenvector for poly
x^5+75*x^4+1835*x^3+17449*x^2+49932*x-26528
constructing eigenvector for poly
x^10+73*x^9+1457*x^8-6122*x^7-427974*x^6-2010614*x^5+28956992*x^4+188317378*x^3-277582177*x^2-2056144748*x-521264320
constructing eigenvector for poly
x+24
constructing eigenvector for poly
x-50
constructing eigenvector for poly
x-21
constructing eigenvector for poly
x^2-2*x-97
constructing eigenvector for poly
x^2-70*x+1150
constructing eigenvector for poly
x^5-318*x^4+39816*x^3-2449916*x^2+73955616*x-874318224
constructing eigenvector for poly
x^2-3*x-36
constructing eigenvector for poly
x^2-141*x+4840
constructing eigenvector for poly
x^15-175*x^14+11879*x^13-363696*x^12+2508468*x^11+154105790*x^10-4488377482*x^9+34782764862*x^8+428628878775*x^7-10670883393204*x^6+75759672328384*x^5-72052507623594*x^4-1582770536305776*x^3+5991112394325264*x^2+2227455760723456*x-27799021936617120
constructing eigenvector for poly
x^2-119*x+2934
constructing eigenvector for poly
x^3-187*x^2+11250*x-217016
constructing eigenvector for poly
x^2+22*x+67
constructing eigenvector for poly
x^4-206*x^3+14808*x^2-438822*x+4424544
constructing eigenvector for poly
x^8+107*x^7+4003*x^6+56957*x^5-144188*x^4-14154211*x^3-171513289*x^2-877574512*x-1677580012
constructing eigenvector for poly
x^6-313*x^5+40164*x^4-2701204*x^3+100246882*x^2-1941791680*x+15286024672
constructing eigenvector for poly
x+41
constructing eigenvector for poly
x^8+107*x^7+4003*x^6+56957*x^5-144188*x^4-14154211*x^3-171513289*x^2-877574512*x-1677580012
constructing eigenvector for poly
x-52
constructing eigenvector for poly
x-32
constructing eigenvector for poly
x-76
constructing eigenvector for poly
x^3-168*x^2+9150*x-160886
constructing eigenvector for poly
x^7-343*x^6+49288*x^5-3842128*x^4+175332130*x^3-4682296088*x^2+67773856756*x-410516279872
constructing eigenvector for poly
x^12-19*x^11-1519*x^10+22761*x^9+608516*x^8-7109049*x^7-73166761*x^6+680240260*x^5+3245483764*x^4-20556343200*x^3-51235754736*x^2+167146379008*x+308423441856
constructing eigenvector for poly
x^13+45*x^12-820*x^11-59859*x^10-258089*x^9+21005792*x^8+255267678*x^7-1534828500*x^6-39938461509*x^5-187255742500*x^4+137885126101*x^3+2921312976492*x^2+6553771581454*x+4092559618046
constructing eigenvector for poly
x^9-524*x^8+119416*x^7-15503656*x^6+1260947376*x^5-66466490464*x^4+2264674516624*x^3-47958326219200*x^2+571039041729280*x-2904379638526976
constructing eigenvector for poly
x+5
constructing eigenvector for poly
x^12-19*x^11-1519*x^10+22761*x^9+608516*x^8-7109049*x^7-73166761*x^6+680240260*x^5+3245483764*x^4-20556343200*x^3-51235754736*x^2+167146379008*x+308423441856
constructing eigenvector for poly
x+20
constructing eigenvector for poly
x-7
constructing eigenvector for poly
x+13
constructing eigenvector for poly
x^19-56*x^18-1038*x^17+115633*x^16-1303321*x^15-49095892*x^14+1079267858*x^13+4560077023*x^12-263213477507*x^11+957392269583*x^10+24554632714274*x^9-190672475266396*x^8-649087263098153*x^7+9426366901545789*x^6-8938520503041226*x^5-114395692652711428*x^4+171627239213764456*x^3+505476362673070240*x^2-513236823737517568*x-911045998028870656
constructing eigenvector for poly
x-20
constructing eigenvector for poly
x+20
constructing eigenvector for poly
x-7
constructing eigenvector for poly
x^3-158*x^2+8028*x-128952
computing eigenvectors took 37.708227 sec
For conductor 1, eigenvectors are:
a vector of length 77 over Number field with defining polynomial a number field of degree 20
-135 45 -55 -35 33 -51 17 9 -23 25 -39 21 -31 -45 -27 3 -15 -23 13 -31 -3 -15 -5 1 -11 -31 -11 -23 11 27 19 17 -15 -11 21 17 -7 -5 33 25 -7 15 1 -7 5 -7 17 5 21 -7 9 -11 -21 5 15 5 9 13 9 -9 -5 -19 -15 1 3 11 -1 5 15 -5 -5 13 -3 -1 -27 9 -7 over Number field with defining polynomial x-32
-480 -48 232 232 -132 120 -48 80 -104 64 120 -40 -12 120 102 36 -12 -12 -6 -44 -38 -104 -32 36 -28 -40 -58 -2 8 8 44 64 82 44 -6 -2 -58 -104 40 12 -68 36 -52 -12 50 -62 44 -12 -24 45 58 -63 54 -104 -36 12 -44 26 40 -35 -11 26 22 12 21 22 -16 -58 12 -30 26 -48 36 26 17 26 -11 over Number field with defining polynomial x-73
0 204 -276 -126 156 0 84 70 -38 -37 0 180 -124 0 144 12 -24 -64 28 82 -136 -68 6 -48 19 170 24 -104 31 46 28 178 104 28 168 -19 -6 -3 -150 4 -16 2 36 31 60 116 -92 6 -38 -170 -44 -66 153 -28 38 64 -43 -28 5 35 -37 27 -6 -31 -38 29 28 -26 44 -35 22 14 -48 27 14 27 -57 over Number field with defining polynomial x-63
-60 48 44 56 24 24 48 4 -4 8 6 28 -6 15 -12 27 12 -18 12 8 8 -16 -10 -12 -8 22 -8 -4 22 -2 10 -22 -16 -8 -21 20 -14 -10 -4 -6 14 9 16 0 10 14 -8 24 0 0 -10 6 -21 -4 -12 -18 -10 -2 -10 17 11 4 -16 9 6 8 -2 10 -12 -3 4 -9 -6 -2 -5 4 -7 over Number field with defining polynomial x-88
0 12 24 24 -3 0 -6 8 -4 4 0 -6 -2 -9 -9 6 6 -5 2 2 4 2 6 0 2 4 0 2 8 8 2 8 -2 2 12 -2 -3 3 -3 -1 -5 1 -3 5 -3 1 -4 -6 -1 2 2 6 -6 -2 1 -1 1 -2 1 1 1 -3 -3 -5 2 -2 -1 2 1 2 -4 1 3 6 4 -3 -3 over Number field with defining polynomial x-78
96 -32 16 16 -10 -24 20 -16 0 8 -24 8 -8 2 -23 -2 -34 -8 -4 -12 -34 0 -4 -28 16 8 -4 16 -12 -12 12 8 -32 12 9 -10 -4 0 18 8 -2 -2 0 -8 16 2 12 -8 10 4 4 10 10 0 2 8 -12 0 -8 7 10 0 6 -5 1 6 -2 -4 -5 6 0 -6 -2 0 7 0 -3 over Number field with defining polynomial x-34
-1 -1 -1 -1 -1 -1 -1 -1 -1 -1 -1 -1 -1 -1 -1 -1 -1 -1 -1 -1 -1 -1 -1 -1 -1 -1 -1 -1 -1 -1 -1 -1 -1 -1 -1 -1 -1 -1 -1 -1 -1 -1 -1 -1 -1 -1 -1 -1 -1 -1 -1 -1 -1 -1 -1 -1 -1 -1 -1 -1 -1 -1 -1 -1 -1 -1 -1 -1 -1 -1 -1 -1 -1 -1 -1 -1 -1 over Number field with defining polynomial x-400
32 -8 -8 -8 -8 -8 -8 32 -8 -8 -8 12 12 -8 -18 -8 12 12 -8 2 -18 -8 32 -8 -28 12 2 2 -8 -8 12 -8 2 12 -8 2 2 -8 2 2 12 -8 -18 12 -8 -8 12 12 -18 -3 12 7 2 -8 22 2 2 2 2 7 -3 2 -8 2 7 -8 2 2 2 2 2 -8 -8 2 -3 2 -3 over Number field with defining polynomial x-45
0 -48*a+2208 216*a-696 -216*a+696 60*a+12 216*a-696 72*a-232 -96*a+720 -112*a+224 -136*a+712 -216*a+696 -104*a-144 -116*a+100 0 -72*a+540 30*a+6 -84*a+168 4*a+124 58*a-358 32*a+68 86*a-414 8*a+248 -152*a+216 -80*a-16 56*a-112 32*a-240 -6*a-186 -178*a+642 -20*a-4 76*a-724 76*a-108 20*a+4 98*a-42 -44*a-132 -15*a-3 -40*a+300 54*a-174 76*a-108 -22*a-66 -30*a+302 62*a-234 60*a+12 -46*a-194 50*a+10 24*a+128 -16*a+120 56*a-112 36*a-116 -12*a-64 21*a-273 0 45*a+163 24*a-180 -64*a+480 60*a-296 18*a-58 14*a-182 58*a-50 -12*a-64 -25*a-159 74*a-324 -78*a+46 36*a-116 -15*a-3 9*a-29 -82*a+230 34*a-178 -14*a+182 -30*a-6 -85*a+291 35*a+7 -35*a-7 -14*a-126 19*a+127 6*a+32 -3*a+61 154 over Number field with defining polynomial x^2-36*x+79
0 72*a+1896 40*a+1240 -40*a-1240 36*a+612 -16*a-496 -52*a-1220 32*a+768 336 64*a+1312 16*a+496 16*a+496 48*a+1376 0 24*a+576 -24*a-408 42*a+966 22*a+542 46*a+1062 -34*a-690 4*a+68 -26*a-498 4*a+12 -34*a-774 -168 -48*a-1152 2*a-22 8*a+80 -40*a-1072 12*a+372 12*a+428 -16*a-272 -14*a-322 -32*a-1104 12*a+204 -24*a-576 -11*a-439 -2*a-6 -44*a-1028 3*a+79 12*a+260 -20*a-340 6*a+46 16*a+272 20*a+410 24*a+576 28*a+700 -12*a-176 4*a+180 28*a+588 -28*a-672 20*a+452 -8*a-192 -2*a-146 8*a+304 15*a+465 -21*a-511 -3*a-135 -3*a-37 6*a+186 8*a+164 -2*a-48 -5*a-155 12*a+204 -24*a-548 4*a+110 33*a+701 -7*a-161 10*a+170 -2*a-6 0 -14*a-238 28*a+700 10*a+142 -30*a-566 -6*a-116 14 over Number field with defining polynomial x^2+76*x+1199
-1764*a^2 + 124056*a - 1964232 -9948*a^2 + 925368*a - 21504216 6912*a^2 - 636192*a + 14628024 5952*a^2 - 550968*a + 12742752 -7260*a^2 + 683688*a - 16066860 2100*a^2 - 186216*a + 4113588 -3228*a^2 + 307416*a - 7303560 -1800*a^2 + 164628*a - 3764844 -960*a^2 + 84252*a - 1843368 -3324*a^2 + 306312*a - 7056768 -1218*a^2 + 124188*a - 3131472 -6522*a^2 + 615900*a - 14505792 -3456*a^2 + 319068*a - 7355916 -5883*a^2 + 541299*a - 12436395 -72*a^2 + 4392*a - 45252 -4251*a^2 + 391137*a - 8992839 -3168*a^2 + 292932*a - 6757020 -2496*a^2 + 233844*a - 5470644 -3636*a^2 + 338544*a - 7866396 -648*a^2 + 60066*a - 1389708 474*a^2 - 46830*a + 1151520 -972*a+41904 4698*a^2 - 433008*a + 9965466 876*a^2 - 84948*a + 2048808 186*a^2 - 21450*a + 594312 90*a^2 - 7704*a + 171342 -1968*a^2 + 180354*a - 4128324 -1212*a^2 + 115104*a - 2733540 -2550*a^2 + 233034*a - 5326518 774*a^2 - 76608*a + 1876842 1764*a^2 - 169470*a + 4056246 -1350*a^2 + 128142*a - 3032964 222*a^2 - 25086*a + 679776 -1554*a^2 + 140934*a - 3188814 -1521*a^2 + 143145*a - 3365019 2763*a^2 - 259416*a + 6079230 -1488*a^2 + 137742*a - 3185688 3534*a^2 - 324795*a + 7453662 -1605*a^2 + 151521*a - 3567738 1830*a^2 - 170610*a + 3975456 -498*a^2 + 46140*a - 1068942 51*a^2 - 5088*a + 127833 312*a^2 - 27480*a + 600216 -1740*a^2 + 163563*a - 3835470 4470*a^2 - 419232*a + 9808656 1428*a^2 - 132492*a + 3078168 -1866*a^2 + 174966*a - 4102572 1830*a^2 - 170268*a + 3954648 -1224*a^2 + 111105*a - 2514636 420*a^2 - 38766*a + 897918 1176*a^2 - 110748*a + 2606424 -858*a^2 + 81240*a - 1922322 108*a^2 - 7470*a + 119925 504*a^2 - 47826*a + 1132020 174*a^2 - 17997*a + 457842 3144*a^2 - 292074*a + 6776652 1494*a^2 - 137367*a + 3154608 -1167*a^2 + 110712*a - 2616630 -495*a^2 + 45009*a - 1026882 -345*a^2 + 30885*a - 695685 276*a^2 - 25518*a + 588057 1647*a^2 - 152838*a + 3538314 -528*a^2 + 50178*a - 1195746 606*a^2 - 58011*a + 1387695 -1848*a^2 + 170718*a - 3934614 657*a^2 - 61650*a + 1442448 831*a^2 - 76578*a + 1764192 1167*a^2 - 109047*a + 2543334 807*a^2 - 76854*a + 1825890 -387*a^2 + 38061*a - 927945 243*a-10476 -882*a^2 + 84492*a - 2017647 -234*a^2 + 21564*a - 492048 -252*a^2 + 23670*a - 555534 -915*a^2 + 84675*a - 1956399 243*a-10476 459*a-20925 over Number field with defining polynomial x^3-132*x^2+5784*x-84106
-56*a^4 + 12304*a^3 - 970624*a^2 + 32005760*a - 358790400 8*a^4 - 2720*a^3 + 296832*a^2 - 12516160*a + 163463680 -56*a^4 + 11408*a^3 - 827264*a^2 + 24992896*a - 261674240 -16*a^4 + 1728*a^3 + 12160*a^2 - 5184896*a + 97968640 8*a^4 - 776*a^3 - 19824*a^2 + 3254336*a - 58035200 32*a^4 - 5968*a^3 + 383200*a^2 - 9827072*a + 86807040 8*a^4 - 1424*a^3 + 85728*a^2 - 2002496*a + 15797760 36*a^4 - 7080*a^3 + 490912*a^2 - 14038656*a + 139585280 40*a^4 - 8880*a^3 + 709216*a^2 - 23698880*a + 268555520 -32*a^4 + 6272*a^3 - 432512*a^2 + 12271232*a - 121315840 -4*a^4 - 184*a^3 + 102112*a^2 - 6175808*a + 92588160 -12*a^4 + 2176*a^3 - 133120*a^2 + 3137312*a - 24727040 28*a^4 - 6504*a^3 + 543840*a^2 - 18975360*a + 221924480 -4*a^4 + 1140*a^3 - 112280*a^2 + 4450560*a - 56452800 16*a^4 - 2648*a^3 + 137840*a^2 - 2283712*a + 6984960 32*a^4 - 7140*a^3 + 573904*a^2 - 19321392*a + 220582080 10*a^4 - 2324*a^3 + 194624*a^2 - 6803488*a + 79618560 -12*a^4 + 3176*a^3 - 295584*a^2 + 11202432*a - 137718400 -12*a^4 + 1728*a^3 - 61440*a^2 - 369120*a + 23831040 4*a^4 - 1432*a^3 + 159424*a^2 - 6768896*a + 88499200 -24*a^4 + 5120*a^3 - 391840*a^2 + 12550272*a - 137817600 800*a^3 - 130208*a^2 + 6478912*a - 91087360 24*a^4 - 4376*a^3 + 271952*a^2 - 6644736*a + 55506560 16*a^4 - 3040*a^3 + 200640*a^2 - 5360640*a + 49880320 32*a^4 - 7600*a^3 + 647888*a^2 - 22950240*a + 270634240 2*a^4 - 404*a^3 + 29200*a^2 - 883712*a + 9134720 24*a^4 - 5272*a^3 + 416672*a^2 - 13792672*a + 155329280 44*a^4 - 8472*a^3 + 570240*a^2 - 15672704*a + 150053120 -40*a^4 + 8344*a^3 - 622688*a^2 + 19424608*a - 208904320 8*a^4 - 1768*a^3 + 140768*a^2 - 4697696*a + 53229440 20*a^4 - 3024*a^3 + 125584*a^2 - 520064*a - 24241280 -20*a^4 + 4456*a^3 - 356912*a^2 + 11951072*a - 135639680 -28*a^4 + 5336*a^3 - 353984*a^2 + 9537088*a - 89395200 -16*a^4 + 2760*a^3 - 155504*a^2 + 3131200*a - 18460160 22*a^4 - 4408*a^3 + 313576*a^2 - 9270944*a + 95248960 8*a^4 - 1888*a^3 + 159968*a^2 - 5639680*a + 66382080 4*a^4 - 432*a^3 - 3040*a^2 + 1296224*a - 24492160 -8*a^4 + 1048*a^3 - 23696*a^2 - 1128192*a + 28699520 -8*a^4 + 1416*a^3 - 83424*a^2 + 1839968*a - 13149440 32*a^4 - 6544*a^3 + 476544*a^2 - 14455616*a + 151980160 12*a^4 - 2576*a^3 + 198096*a^2 - 6362208*a + 69938560 30*a^4 - 5080*a^3 + 276136*a^2 - 5113984*a + 24377280 8*a^4 - 1000*a^3 + 16016*a^2 + 1501120*a - 33756160 -4*a^4 + 1176*a^3 - 117912*a^2 + 4710864*a - 59657600 8*a^4 - 1768*a^3 + 140768*a^2 - 4697696*a + 53229440 -8*a^4 + 1616*a^3 - 115936*a^2 + 3455296*a - 35717760 -96*a^3 + 15616*a^2 - 774976*a + 10777600 -16*a^3 + 2304*a^2 - 101632*a + 1361920 -8*a^4 + 1816*a^3 - 148448*a^2 + 5070624*a - 58286080 20*a^4 - 3584*a^3 + 216544*a^2 - 5038176*a + 39162880 -12*a^4 + 1832*a^3 - 78080*a^2 + 442112*a + 12704640 -28*a^4 + 5104*a^3 - 316864*a^2 + 7718496*a - 64103040 20*a^4 - 4276*a^3 + 328240*a^2 - 10552656*a + 116242880 224*a^3 - 36096*a^2 + 1782336*a - 24943360 -8*a^4 + 1168*a^3 - 43152*a^2 - 157088*a + 14882560 -36*a^4 + 7904*a^3 - 624960*a^2 + 20713696*a - 233712000 8*a^4 - 1648*a^3 + 121440*a^2 - 3741152*a + 39744640 -8*a^4 + 1816*a^3 - 148576*a^2 + 5085184*a - 58618240 8*a^4 - 1568*a^3 + 108128*a^2 - 3067808*a + 30328960 -8*a^4 + 1716*a^3 - 132320*a^2 + 4277520*a - 47334080 18*a^4 - 3752*a^3 + 279928*a^2 - 8737120*a + 94084160 -12*a^4 + 2624*a^3 - 206032*a^2 + 6764256*a - 75659520 -10*a^4 + 1924*a^3 - 129520*a^2 + 3564032*a - 34074880 -22*a^4 + 4416*a^3 - 314728*a^2 + 9321760*a - 95929920 6*a^4 - 940*a^3 + 42880*a^2 - 407520*a - 3824000 -12*a^4 + 2400*a^3 - 170192*a^2 + 5011040*a - 51380480 8*a^4 - 1568*a^3 + 108128*a^2 - 3067808*a + 30328960 104*a^3 - 16896*a^2 + 840352*a - 11790720 -2*a^4 + 356*a^3 - 21432*a^2 + 500624*a - 3949440 -4*a^4 + 1084*a^3 - 102936*a^2 + 3968576*a - 49386560 -200*a^3 + 32552*a^2 - 1619728*a + 22771840 -10*a^4 + 1712*a^3 - 95344*a^2 + 1879760*a - 10651200 -56*a^3 + 9088*a^2 - 452864*a + 6401920 88*a^3 - 14504*a^2 + 728560*a - 10300160 188*a^3 - 30760*a^2 + 1536224*a - 21584320 -200*a^3 + 32552*a^2 - 1619728*a + 22771840 -180*a^3 + 29608*a^2 - 1485408*a + 20903360 over Number field with defining polynomial x^5-262*x^4+26016*x^3-1204944*x^2+25603040*x-201132800
a vector of length 77 over Number field with defining polynomial a number field of degree 10
18*a-762 -6*a+174 2*a-58 2*a-58 6*a-174 2*a-58 2*a-58 6*a-254 -18*a+682 2*a-58 2*a-58 -6*a+214 18*a-642 -6*a+174 60 0 -12*a+468 -6*a+214 6*a-254 10*a-430 -2*a+118 8*a-312 -6*a+254 -4*a+196 -10*a+410 -6*a+214 2*a-118 -4*a+136 -2*a+58 -2*a+58 -2*a+98 -2*a+58 -10*a+390 -2*a+98 3*a-87 4*a-176 20 2*a-58 20 -2*a+78 40 -2*a+58 -20 2*a-98 0 2*a-58 a-29 -3*a+87 2*a-78 -30 2*a-98 -10 4*a-176 -2*a+58 -6*a+234 -2*a+78 a-49 -2*a+78 6*a-234 -a+59 -2*a+68 a-49 -2*a+58 2*a-78 4*a-126 2*a-58 3*a-107 a-49 3*a-107 -3*a+107 4*a-136 -a+29 -2*a+58 -3*a+107 2*a-48 -3*a+107 10 over Number field with defining polynomial x^2-93*x+2056
-196380*a^3 - 4745052*a^2 + 1189250784*a - 20080664856 -300708*a^3 + 30020652*a^2 - 904641912*a + 8493968520 99576*a^3 - 24935208*a^2 + 1482478824*a - 23220405144 451284*a^3 - 71360280*a^2 + 3426834408*a - 48212398584 -496944*a^3 + 52960464*a^2 - 1745728200*a + 17883765288 1159002*a^3 - 143703540*a^2 + 5643692856*a - 68131728504 -111948*a^3 + 9568704*a^2 - 238985232*a + 2519682984 126858*a^3 - 19690980*a^2 + 916884012*a - 12115685400 80892*a^3 - 13509924*a^2 + 654459948*a - 8750640408 17382*a^3 - 8320272*a^2 + 570315624*a - 9361930008 1459644*a^3 - 178958028*a^2 + 6952632264*a - 83290490136 33828*a^3 - 9813276*a^2 + 586618920*a - 8498590776 -179136*a^3 + 25949112*a^2 - 1152644352*a + 14818810920 -2039193*a^3 + 263194290*a^2 - 10709113626*a + 131872785912 -792486*a^3 + 95357556*a^2 - 3638807964*a + 43074805320 -429831*a^3 + 55780902*a^2 - 2280991374*a + 28190324088 -160866*a^3 + 18715392*a^2 - 698268636*a + 8414646696 883392*a^3 - 107667936*a^2 + 4167354912*a - 50059989912 131880*a^3 - 16719096*a^2 + 660577560*a - 7682301816 286830*a^3 - 38354268*a^2 + 1617206712*a - 20654184408 -149058*a^3 + 18442884*a^2 - 730203828*a + 9093874056 244596*a^3 - 29828040*a^2 + 1144700352*a - 13331505624 -986241*a^3 + 122882934*a^2 - 4856635344*a + 59125364856 390420*a^3 - 51237936*a^2 + 2105326224*a - 25767953496 -73176*a^3 + 5964120*a^2 - 129021510*a + 1028542728 1155450*a^3 - 146065416*a^2 + 5861467464*a - 72431201496 920424*a^3 - 113361492*a^2 + 4434673644*a - 53738647992 94680*a^3 - 14519112*a^2 + 674819880*a - 9045216024 17277*a^3 - 444276*a^2 - 48491466*a + 1213639608 -18039*a^3 + 2226090*a^2 - 80897928*a + 710212728 212625*a^3 - 29037138*a^2 + 1255143894*a - 16603673352 -326172*a^3 + 46002120*a^2 - 2027057460*a + 26715451944 328746*a^3 - 44835264*a^2 + 1912678932*a - 24345776856 -164550*a^3 + 20806692*a^2 - 818919132*a + 9460653384 -455058*a^3 + 61327800*a^2 - 2594198592*a + 32928859656 -313284*a^3 + 37114620*a^2 - 1391285910*a + 16169817192 559272*a^3 - 70559556*a^2 + 2821737204*a - 34644840984 -1016895*a^3 + 127498050*a^2 - 5073360876*a + 62208940536 198054*a^3 - 27477948*a^2 + 1199297934*a - 15845006232 517980*a^3 - 62658936*a^2 + 2406042780*a - 28700726424 -403140*a^3 + 49201692*a^2 - 1899840264*a + 22544858472 -251223*a^3 + 28208880*a^2 - 986462496*a + 10501265688 -401088*a^3 + 50436984*a^2 - 2019374376*a + 25099774632 -2028*a^3 - 1636638*a^2 + 141067158*a - 2556134232 310530*a^3 - 36874284*a^2 + 1387791336*a - 16260276024 1346256*a^3 - 167360712*a^2 + 6601170888*a - 80263832088 332916*a^3 - 46365180*a^2 + 2014781772*a - 26053910808 -142746*a^3 + 16584156*a^2 - 615382992*a + 7310720520 447756*a^3 - 55868538*a^2 + 2220352938*a - 27447897336 -170784*a^3 + 21935244*a^2 - 893751360*a + 11179749864 86412*a^3 - 7593288*a^2 + 164402640*a - 298088088 -187602*a^3 + 25633176*a^2 - 1102556172*a + 14338773576 -628971*a^3 + 76373922*a^2 - 2939352168*a + 34952347512 178362*a^3 - 22935048*a^2 + 943803180*a - 12157497912 243873*a^3 - 31358136*a^2 + 1287533544*a - 16472035560 -219522*a^3 + 27277188*a^2 - 1076577804*a + 13128592584 -133518*a^3 + 16621716*a^2 - 652801872*a + 7797311016 306414*a^3 - 36842238*a^2 + 1399650804*a - 16352185080 270738*a^3 - 35199006*a^2 + 1439231724*a - 17701992984 -88695*a^3 + 14308578*a^2 - 685811574*a + 9319553880 22365*a^3 - 1367682*a^2 - 640110*a + 522238776 280164*a^3 - 34767498*a^2 + 1368839658*a - 16617901176 223812*a^3 - 29411736*a^2 + 1221876012*a - 15455669976 -444792*a^3 + 54406476*a^2 - 2108602050*a + 25190547432 -62217*a^3 + 10136904*a^2 - 500600538*a + 7296646008 40629*a^3 - 5395722*a^2 + 217716228*a - 2424385416 221829*a^3 - 29105634*a^2 + 1205156526*a - 15130551912 113364*a^3 - 11865348*a^2 + 385996566*a - 4047803448 5973*a^3 - 537906*a^2 + 22725504*a - 597140904 -242661*a^3 + 30708054*a^2 - 1232824680*a + 15216673080 -522171*a^3 + 66745662*a^2 - 2696648442*a + 33189341880 -179346*a^3 + 19436070*a^2 - 647389176*a + 6464342472 -19770*a^3 + 3096972*a^2 - 151573548*a + 2284833672 -355347*a^3 + 44054778*a^2 - 1738250118*a + 21325895064 -890826*a^2 + 70742280*a - 1222536504 1056090*a^2 - 88967442*a + 1744175592 1837836*a^2 - 137933442*a + 2123606952 over Number field with defining polynomial x^4-160*x^3+9290*x^2-230746*x+2063040
3120*a^5 - 1041552*a^4 + 136580160*a^3 - 8761000944*a^2 + 273414235344*a - 3292971806784 600*a^5 - 184248*a^4 + 22191168*a^3 - 1307165520*a^2 + 37551323472*a - 419667074112 -436*a^5 + 133872*a^4 - 15531500*a^3 + 830048960*a^2 - 19362193648*a + 133679133632 -436*a^5 + 133872*a^4 - 15531500*a^3 + 830048960*a^2 - 19362193648*a + 133679133632 -198*a^5 + 76446*a^4 - 11403366*a^3 + 824420022*a^2 - 28933064376*a + 394262852928 1100*a^5 - 377352*a^4 + 51067916*a^3 - 3403362944*a^2 + 111512564208*a - 1434126114368 -760*a^5 + 249010*a^4 - 31847492*a^3 + 1976854562*a^2 - 59080302904*a + 671162493760 64*a^5 - 24920*a^4 + 4054248*a^3 - 338657568*a^2 + 14297358512*a - 241278071872 -48*a^5 + 13088*a^4 - 1227616*a^3 + 42053344*a^2 - 86177968*a - 12627684928 600*a^5 - 199840*a^4 + 25944352*a^3 - 1632012808*a^2 + 49314276304*a - 564183781440 1100*a^5 - 377352*a^4 + 51067916*a^3 - 3403362944*a^2 + 111512564208*a - 1434126114368 -242*a^5 + 83540*a^4 - 11074718*a^3 + 697836812*a^2 - 20503933536*a + 215362084032 -348*a^5 + 97792*a^4 - 10075908*a^3 + 443780592*a^2 - 6493700976*a - 27227105344 690*a^5 - 264714*a^4 + 39943734*a^3 - 2961323934*a^2 + 107721554976*a - 1534751021376 -429*a^5 + 148731*a^4 - 20388459*a^3 + 1378450641*a^2 - 45834383796*a + 597236542080 600*a^5 - 195942*a^4 + 25006056*a^3 - 1550800986*a^2 + 46373538096*a - 528054604608 -141*a^5 + 47292*a^4 - 6465969*a^3 + 448042122*a^2 - 15575651832*a + 214333216320 8*a^5 - 5916*a^4 + 1413316*a^3 - 148302112*a^2 + 7105590272*a - 126952878400 96*a^5 - 37358*a^4 + 5915354*a^3 - 474868340*a^2 + 19255727936*a - 314380759872 34*a^5 - 13340*a^4 + 1926784*a^3 - 131886790*a^2 + 4415044248*a - 60428232128 -569*a^5 + 185645*a^4 - 23897471*a^3 + 1514853815*a^2 - 47205617148*a + 577367535360 -531*a^5 + 164988*a^4 - 19733007*a^3 + 1120811694*a^2 - 29538526872*a + 275073860160 632*a^5 - 221240*a^4 + 30779048*a^3 - 2125859240*a^2 + 72838366080*a - 989417289024 -569*a^5 + 182440*a^4 - 22941751*a^3 + 1409648560*a^2 - 42145811744*a + 487803882432 544*a^5 - 180136*a^4 + 23377168*a^3 - 1481193496*a^2 + 45612128208*a - 542514792000 -242*a^5 + 82840*a^4 - 11148466*a^3 + 737372956*a^2 - 23993553680*a + 308018288064 -325*a^5 + 103632*a^4 - 12667929*a^3 + 729592614*a^2 - 19142997128*a + 168048376896 -554*a^5 + 186954*a^4 - 24856162*a^3 + 1625171626*a^2 - 52174393304*a + 656793214528 600*a^5 - 192044*a^4 + 24067760*a^3 - 1469589164*a^2 + 43432799888*a - 491925427776 600*a^5 - 192044*a^4 + 24067760*a^3 - 1469589164*a^2 + 43432799888*a - 491925427776 8*a^5 - 13012*a^4 + 3363656*a^3 - 350261900*a^2 + 16476686832*a - 291867436096 -616*a^5 + 201612*a^4 - 26075824*a^3 + 1666831372*a^2 - 52745709120*a + 663253178560 -363*a^5 + 121084*a^4 - 15876673*a^3 + 1018429480*a^2 - 31750282000*a + 380778399168 8*a^5 - 13012*a^4 + 3363656*a^3 - 350261900*a^2 + 16476686832*a - 291867436096 -711*a^5 + 235494*a^4 - 30806343*a^3 + 1989124920*a^2 - 63413644896*a + 799488078912 -276*a^5 + 91551*a^4 - 11966508*a^3 + 769292157*a^2 - 24283980708*a + 300551206272 -198*a^5 + 55440*a^4 - 5651762*a^3 + 242916968*a^2 - 3289939472*a - 19927395136 433*a^5 - 156897*a^4 + 22599063*a^3 - 1616758971*a^2 + 57418886660*a - 809325090048 179*a^5 - 62048*a^4 + 8373113*a^3 - 548299820*a^2 + 17345909592*a - 210540025536 179*a^5 - 58150*a^4 + 7434817*a^3 - 467087998*a^2 + 14405171384*a - 174410848704 -288*a^5 + 103906*a^4 - 14764088*a^3 + 1032400718*a^2 - 35505211304*a + 479922569536 -8*a^5 + 4784*a^4 - 1004032*a^3 + 98621104*a^2 - 4656454616*a + 85663875392 68*a^5 - 28206*a^4 + 4558014*a^3 - 359922540*a^2 + 13915033744*a - 210890061120 242*a^5 - 78510*a^4 + 9727138*a^3 - 566943982*a^2 + 15114059672*a - 137943904192 -133*a^5 + 45964*a^4 - 6272879*a^3 + 420710672*a^2 - 13775668240*a + 174364077760 -27*a^5 + 6754*a^4 - 605431*a^3 + 25110976*a^2 - 675906640*a + 15071913408 45*a^5 - 18668*a^4 + 2863713*a^3 - 205192938*a^2 + 6846870072*a - 83485496128 -179*a^5 + 58150*a^4 - 7434817*a^3 + 467087998*a^2 - 14405171384*a + 174410848704 68*a^5 - 31404*a^4 + 5570058*a^3 - 480670506*a^2 + 20345392096*a - 339675441984 -423*a^5 + 144949*a^4 - 19611297*a^3 + 1308696783*a^2 - 43050675852*a + 558263349248 -401*a^5 + 132724*a^4 - 17291679*a^3 + 1106924436*a^2 - 34773747280*a + 428473136576 -532*a^5 + 177934*a^4 - 23492264*a^3 + 1528604534*a^2 - 48957270136*a + 616566654784 -230*a^5 + 84388*a^4 - 12208474*a^3 + 869350372*a^2 - 30414904376*a + 417144343104 31*a^5 - 18220*a^4 + 3636629*a^3 - 334562528*a^2 + 14665356496*a - 249197617216 -29*a^5 + 172*a^4 + 1430227*a^3 - 204153922*a^2 + 10796651232*a - 201389611328 179*a^5 - 58150*a^4 + 7434817*a^3 - 467087998*a^2 + 14405171384*a - 174410848704 170*a^5 - 55943*a^4 + 7250588*a^3 - 461613395*a^2 + 14395898436*a - 175278249600 304*a^5 - 102528*a^4 + 13715708*a^3 - 909925532*a^2 + 29954743360*a - 391896431936 73*a^5 - 25747*a^4 + 3674617*a^3 - 264614491*a^2 + 9576894516*a - 138701544960 -117*a^5 + 45067*a^4 - 6805081*a^3 + 504075127*a^2 - 18324805948*a + 261498652032 -22*a^5 + 10842*a^4 - 2055112*a^3 + 186006940*a^2 - 8031127296*a + 132370125760 117*a^5 - 38462*a^4 + 4867575*a^3 - 294535422*a^2 + 8443981704*a - 90532704832 -133*a^5 + 49512*a^4 - 7248049*a^3 + 521690566*a^2 - 18461216520*a + 256821356608 -290*a^5 + 103425*a^4 - 14565260*a^3 + 1012311329*a^2 - 34716084852*a + 469828026752 170*a^5 - 52543*a^4 + 6268802*a^3 - 357278945*a^2 + 9574879596*a - 93875955328 45*a^5 - 19793*a^4 + 3329321*a^3 - 270416657*a^2 + 10666558676*a - 163996227072 170*a^5 - 59841*a^4 + 8188884*a^3 - 542825217*a^2 + 17336636644*a - 211407426432 45*a^5 - 11565*a^4 + 969697*a^3 - 18775861*a^2 - 1153673540*a + 42207333632 14*a^5 + 3062*a^4 - 1560216*a^3 + 187600284*a^2 - 9201088496*a + 162968786752 134*a^5 - 41215*a^4 + 4798736*a^3 - 257892395*a^2 + 6059292516*a - 42017337472 215*a^5 - 76776*a^4 + 10824965*a^3 - 752020820*a^2 + 25682515512*a - 343800937664 690*a^4 - 281930*a^3 + 39758840*a^2 - 2364868472*a + 50854563008 -8*a^5 + 5134*a^4 - 967158*a^3 + 78853032*a^2 - 2911644544*a + 39335773376 -2165*a^4 + 710664*a^3 - 85214487*a^2 + 4439747004*a - 85037191936 4440*a^4 - 1226842*a^3 + 124325218*a^2 - 5441077240*a + 85928755264 -2515*a^4 + 673790*a^3 - 65446415*a^2 + 2694936932*a - 38709089920 7988*a^4 - 2202012*a^3 + 225305112*a^2 - 10126625520*a + 168386034112 over Number field with defining polynomial x^6-383*x^5+59817*x^4-4857229*x^3+215082954*x^2-4883506808*x+43822386304
a vector of length 77 over Number field with defining polynomial a number field of degree 13
0 -72*a+2952 -32*a+1224 32*a-1224 12*a-360 -20*a+776 -16*a+524 16*a-568 -8*a+328 -40*a+1464 20*a-776 20*a-776 8*a-328 0 12*a-426 24*a-918 -66 24*a-940 4*a-164 -2*a+60 -6*a+180 8*a-284 -6*a+224 -8*a+328 4*a-164 -12*a+448 -16*a+612 14*a-552 14*a-508 2*a-104 14*a-552 16*a-612 6*a-180 4*a-164 -12*a+459 8*a-328 -8*a+306 3*a-112 12*a-426 -6*a+224 10*a-366 10*a-388 4*a-164 -2*a+60 -8*a+306 6*a-224 -2*a+60 -12*a+448 -10*a+388 -14*a+552 8*a-284 8*a-306 -4*a+142 6*a-224 -5*a+194 12*a-470 5*a-194 -6*a+224 -5*a+194 -3*a+123 11*a-396 22 a-52 -2*a+82 0 2*a-82 10*a-366 -3*a+112 -a+19 -14*a+541 -7*a+276 -5*a+205 4*a-142 -a+41 -4*a+142 -2*a+71 -11 over Number field with defining polynomial x^2-38*x-2
For conductor 2, eigenvectors are:
0 0 4*a+132 0 -2*a-86 2*a+86 2*a+66 2*a+86 4*a+152 0 2*a+66 0 -2*a-86 -2*a-86 0 10 0 -2*a-76 -10 0 0 -2*a-76 -5 -a-38 over Number field with defining polynomial x^2+66*x+1039
2*a+118 2*a+118 -28 a+59 -a-59 2*a+118 a+45 0 0 2*a+90 -2*a-90 2*a+118 14 2*a+104 a+59 -14 a+45 -14 a+45 -a-31 -14 0 -a-45 -a-45 over Number field with defining polynomial x^2+76*x+1199
a vector of length 24 over Number field with defining polynomial a number field of degree 20
For conductor 3, eigenvectors are:
2 -1 1 over Number field with defining polynomial x+15
-2*a-62 7 a+38 over Number field with defining polynomial x^2+48*x+429
For conductor 6, eigenvectors are:
32*a-1256 13*a^2 - 1593*a + 43232 10*a^2 - 860*a + 18440 a^2 - 113*a + 2940 27*a-1096 -54*a+2192 -4*a^2 + 457*a - 11920 -8*a^2 + 828*a - 20392 -3*a^2 + 344*a - 8980 6*a^2 - 419*a + 7148 -4*a^2 + 441*a - 11292 3*a^2 - 301*a + 7256 27*a-1096 3*a^2 - 328*a + 8352 16*a-628 3*a^2 - 301*a + 7256 4*a^2 - 414*a + 10196 43*a-1724 -4*a^2 + 414*a - 10196 27*a-1096 -4*a^2 + 414*a - 10196 27*a-1096 over Number field with defining polynomial x^3-168*x^2+9014*x-155912
-216 -3*a^2 + 393*a - 12378 -18*a+1152 3*a^2 - 375*a + 11550 9*a-522 -18*a+1044 -a^2 + 131*a - 4270 -2*a^2 + 244*a - 7280 2*a^2 - 244*a + 7280 -a^2 + 113*a - 3010 -a^2 + 131*a - 4162 -2*a^2 + 253*a - 7910 9*a-522 -2*a^2 + 244*a - 7388 -108 -2*a^2 + 253*a - 7910 a^2 - 122*a + 3640 9*a-630 -a^2 + 122*a - 3640 9*a-522 -a^2 + 122*a - 3640 9*a-522 over Number field with defining polynomial x^3-179*x^2+10558*x-205392
a vector of length 22 over Number field with defining polynomial a number field of degree 16
For conductor 5, eigenvectors are:
2 -3 -2 1 over Number field with defining polynomial x-2
-2 0 -1 -1 over Number field with defining polynomial x+31
2*a+2 -2 1 -a-2 over Number field with defining polynomial x^2+2*x-1
For conductor 10, eigenvectors are:
20 -57 -3 68 18 63 -5 6 -10 -24 -14 -7 -7 13 -5 18 -12 -13 10 7 -20 8 15 -12 -5 over Number field with defining polynomial x-82
4 -15 3 -8 6 -9 -1 0 -2 0 2 1 1 -1 -1 0 0 1 2 -1 -4 4 3 0 -1 over Number field with defining polynomial x-52
-20 49 -5 4 -2 -3 -7 -2 -14 -8 6 3 3 -5 -7 2 -4 5 -10 -3 -12 8 5 -4 -7 over Number field with defining polynomial x-38
0 0 0 0 0 0 -4 0 2 -2 2 0 -2 0 0 0 2 0 0 2 0 0 0 1 -1 over Number field with defining polynomial x+31
4*a+212 0 -12*a-216 -8*a-144 -4*a-212 6*a+108 4*a-68 -140 -7*a-91 0 7*a+231 6*a+178 a+53 -a+17 4*a+142 -5*a-125 0 -4*a-142 2*a+36 4*a+2 -4*a-72 -6*a-108 3*a+89 -70 -a+17 over Number field with defining polynomial x^2+36*x+79
8*a+128 0 -18*a-192 8*a+64 -4*a -6*a-48 -2*a-32 6*a+32 -4*a-64 -2*a-32 -32 -12*a-96 -16 -6*a-32 -2*a-32 -6*a-64 16 -6*a-48 2*a -2*a-48 7*a+48 4*a+16 4*a+32 16 -a over Number field with defining polynomial x^2+14*x+32
-68*a^2 + 8836*a - 275120 -80*a^2 + 10066*a - 303392 -37*a^2 + 4820*a - 152152 -2*a^3 + 352*a^2 - 20126*a + 373920 -a^3 + 136*a^2 - 5030*a + 35264 -2*a^3 + 347*a^2 - 19582*a + 359632 -5*a^2 + 544*a - 14288 -a^3 + 183*a^2 - 10938*a + 215992 -10*a^2 + 1088*a - 28576 -2*a^3 + 350*a^2 - 19984*a + 374224 -2*a^3 + 360*a^2 - 21072*a + 402800 -a^3 + 180*a^2 - 10536*a + 201400 -a^3 + 180*a^2 - 10536*a + 201400 3*a^2 - 402*a + 14592 -5*a^2 + 544*a - 14288 8*a^2 - 946*a + 28880 -a^3 + 175*a^2 - 9992*a + 187112 -3*a^2 + 402*a - 14592 -34*a^2 + 4418*a - 137560 a^3 - 180*a^2 + 10536*a - 201400 5*a^2 - 544*a + 14288 -a^3 + 170*a^2 - 9448*a + 172824 -10*a^2 + 1088*a - 28576 -a^3 + 175*a^2 - 9992*a + 187112 -5*a^2 + 544*a - 14288 over Number field with defining polynomial x^4-240*x^3+21060*x^2-797932*x+10984128
a vector of length 25 over Number field with defining polynomial a number field of degree 13
For conductor 15, eigenvectors are:
-6 2 0 -8 2 -15 3 0 2 -8 5 2 0 -2 3 5 1 0 0 0 -4 -5 2 4 -1 4 2 0 1 -1 2 -2 -2 0 -1 -1 -4 0 0 -1 -3 7 -2 1 -1 1 -2 -1 4 -2 0 over Number field with defining polynomial x-76
-24*a-24 -8*a+104 0 16*a+240 8*a+8 0 24*a+360 -18*a-102 -2*a-2 10*a+66 12*a+68 24*a+192 0 2*a+2 -24*a-192 12*a+68 4*a+4 6*a+34 0 0 7*a-49 6*a+34 -4*a-60 -a-57 -4*a-4 24*a+248 2*a+44 0 -8*a-64 -4*a-4 15*a+141 -a-15 9*a+65 -3*a-17 2*a+30 -28 -6*a-76 -3*a-17 0 -12*a-96 -6*a-48 -11*a-123 7*a+77 6*a+62 -14*a-154 8*a+120 -10*a-66 2*a+30 -6*a-62 14 -4*a-46 over Number field with defining polynomial x^2-12*x-209
-64*a^3 + 10800*a^2 - 551800*a + 7840400 -24*a^3 + 4576*a^2 - 278000*a + 5235040 36*a^2 - 6440*a + 359840 -40*a^3 + 6976*a^2 - 373560*a + 5723040 -36*a^3 + 6676*a^2 - 395580*a + 7319240 -46*a^3 + 9047*a^2 - 564500*a + 10979680 56*a^3 - 9667*a^2 + 502860*a - 7100980 -28*a^3 + 5100*a^2 - 290880*a + 5024200 7040*a-492200 -10*a^3 + 2044*a^2 - 139300*a + 3148960 -22*a^3 + 4538*a^2 - 295900*a + 5987520 18*a^3 - 3244*a^2 + 180040*a - 2900760 10*a^3 - 2250*a^2 + 170980*a - 4354400 -30*a^3 + 5720*a^2 - 347500*a + 6543800 32*a^3 - 5382*a^2 + 272680*a - 3740280 34*a^3 - 6038*a^2 + 335740*a - 5619720 -12*a^3 + 2306*a^2 - 142220*a + 2797440 10*a^3 - 2232*a^2 + 167760*a - 4174480 10*a^3 - 1717*a^2 + 81520*a - 668680 10*a^3 - 1726*a^2 + 83130*a - 758640 -6*a^3 + 1144*a^2 - 69500*a + 1308760 35*a^3 - 6778*a^2 + 416550*a - 7985920 -3*a^3 + 478*a^2 - 24040*a + 387720 -6*a^3 + 956*a^2 - 48080*a + 775440 7*a^3 - 1163*a^2 + 53510*a - 440320 -9*a^3 + 1528*a^2 - 75790*a + 937620 20*a^3 - 3488*a^2 + 179740*a - 2369320 15*a^3 - 2860*a^2 + 170230*a - 3025800 -13*a^3 + 2213*a^2 - 112300*a + 1482420 -3*a^3 + 554*a^2 - 28010*a + 228360 -26*a^3 + 4444*a^2 - 227820*a + 3144760 13*a^3 - 2204*a^2 + 107170*a - 1146360 18*a^3 - 3338*a^2 + 194270*a - 3413520 5*a^3 - 1134*a^2 + 87100*a - 2267160 -10*a^3 + 1735*a^2 - 88260*a + 1094700 -a^3 + 319*a^2 - 29920*a + 849760 -94*a^2 + 14230*a - 512760 -18*a^2 + 3220*a - 179920 9*a^2 - 1610*a + 89960 14*a^3 - 2550*a^2 + 141920*a - 2266000 2*a^3 - 544*a^2 + 45610*a - 1186760 -10*a^3 + 1744*a^2 - 93390*a + 1430760 3*a^3 - 478*a^2 + 24040*a - 387720 10*a^3 - 1744*a^2 + 89870*a - 1184660 4*a^3 - 797*a^2 + 53960*a - 1237480 -13*a^3 + 2222*a^2 - 113910*a + 1572380 -3*a^3 + 581*a^2 - 36360*a + 744340 18*a^2 - 6740*a + 426020 103*a^2 - 15840*a + 602720 -3*a^3 + 572*a^2 - 34750*a + 654380 9*a^2 - 1610*a + 89960 over Number field with defining polynomial x^4-238*x^3+20330*x^2-726370*x+8853200
36*a^5 - 7560*a^4 + 613752*a^3 - 23976768*a^2 + 449012112*a - 3221807232 2*a^6 - 548*a^5 + 60844*a^4 - 3495596*a^3 + 109394960*a^2 - 1766547288*a + 11502843552 -2*a^6 + 552*a^5 - 61852*a^4 + 3591440*a^3 - 113676688*a^2 + 1856203064*a - 12214564832 -a^6 + 286*a^5 - 33062*a^4 + 1973930*a^3 - 64081952*a^2 + 1071122308*a - 7200672016 -12*a^5 + 2520*a^4 - 204584*a^3 + 7992256*a^2 - 149670704*a + 1073935744 6*a^6 - 1671*a^5 + 189789*a^4 - 11233764*a^3 + 364920930*a^2 - 6161073726*a + 42214409784 -9*a^5 + 1809*a^4 - 139680*a^3 + 5141022*a^2 - 89465814*a + 585715416 -18*a^5 + 3942*a^4 - 334392*a^3 + 13694724*a^2 - 270080484*a + 2050376400 -2*a^6 + 554*a^5 - 62172*a^4 + 3607716*a^3 - 113857628*a^2 + 1849247200*a - 12073427968 -16*a^5 + 3182*a^4 - 241912*a^3 + 8752040*a^2 - 150342324*a + 980333136 6*a^5 - 1478*a^4 + 142942*a^3 - 6733896*a^2 + 153304288*a - 1337764960 a^6 - 266*a^5 + 28892*a^4 - 1636342*a^3 + 50839120*a^2 - 819630500*a + 5351308944 -4*a^5 + 902*a^4 - 80424*a^3 + 3544216*a^2 - 77027540*a + 657026384 2*a^5 - 582*a^4 + 64148*a^3 - 3363276*a^2 + 83983404*a - 798163248 -a^6 + 258*a^5 - 27146*a^4 + 1488844*a^3 - 44849960*a^2 + 703595476*a - 4496378800 -22*a^5 + 4674*a^4 - 385510*a^3 + 15383696*a^2 - 296319696*a + 2205223712 2*a^5 - 504*a^4 + 47922*a^3 - 2140864*a^2 + 44827888*a - 355860640 6*a^5 - 1314*a^4 + 111464*a^3 - 4564908*a^2 + 90026828*a - 683458800 0 -5*a^5 + 1108*a^4 - 95944*a^3 + 4054562*a^2 - 83527184*a + 670242592 -2*a^6 + 550*a^5 - 61426*a^4 + 3559744*a^3 - 112758236*a^2 + 1850530692*a - 12301006800 -2*a^5 + 715*a^4 - 88244*a^3 + 4929752*a^2 - 126960282*a + 1213094920 -7*a^5 + 1551*a^4 - 134366*a^3 + 5677766*a^2 - 116827054*a + 936049496 -14*a^5 + 3102*a^4 - 268732*a^3 + 11355532*a^2 - 233654108*a + 1872098992 -a^6 + 276*a^5 - 30873*a^4 + 1788010*a^3 - 56469588*a^2 + 921787414*a - 6079934968 -a^5 + 380*a^4 - 46240*a^3 + 2471342*a^2 - 59869080*a + 535021632 -8*a^5 + 1896*a^4 - 175612*a^3 + 7928184*a^2 - 174010232*a + 1481622048 a^6 - 278*a^5 + 31377*a^4 - 1835932*a^3 + 58610452*a^2 - 966615302*a + 6435795608 -8*a^5 + 1711*a^4 - 142504*a^3 + 5768236*a^2 - 113349122*a + 865481064 -a^6 + 276*a^5 - 30873*a^4 + 1788010*a^3 - 56469588*a^2 + 921787414*a - 6079934968 -6*a^5 + 1206*a^4 - 93120*a^3 + 3427348*a^2 - 59643876*a + 390476944 2*a^5 - 443*a^4 + 38422*a^3 - 1623204*a^2 + 33299870*a - 265806904 a^6 - 271*a^5 + 29826*a^4 - 1701566*a^3 + 52932686*a^2 - 849788248*a + 5499746112 a^6 - 273*a^5 + 30269*a^4 - 1739988*a^3 + 54555890*a^2 - 883088118*a + 5765553016 -a^5 + 160*a^4 - 8138*a^3 + 90470*a^2 + 3477932*a - 70568432 15*a^5 - 3370*a^4 + 295214*a^3 - 12583562*a^2 + 260559128*a - 2094512416 -5*a^5 + 934*a^4 - 65224*a^3 + 2093566*a^2 - 30157748*a + 148437168 -10*a^5 + 2216*a^4 - 191888*a^3 + 8109124*a^2 - 167054368*a + 1340485184 5*a^5 - 1108*a^4 + 95944*a^3 - 4054562*a^2 + 83527184*a - 670242592 a^6 - 268*a^5 + 29115*a^4 - 1636662*a^3 + 50081452*a^2 - 789583358*a + 5011525784 a^5 - 284*a^4 + 31746*a^3 - 1732758*a^2 + 45655160*a - 455518816 a^6 - 273*a^5 + 30382*a^4 - 1761208*a^3 + 55999226*a^2 - 924929536*a + 6197304704 7*a^5 - 1551*a^4 + 134366*a^3 - 5677766*a^2 + 116827054*a - 936049496 -4*a^5 + 948*a^4 - 87806*a^3 + 3964092*a^2 - 87005116*a + 740811024 -8*a^5 + 1819*a^4 - 160848*a^3 + 6905796*a^2 - 143732074*a + 1158462920 -3*a^5 + 603*a^4 - 46560*a^3 + 1713674*a^2 - 29821938*a + 195238472 -a^6 + 280*a^5 - 31821*a^4 + 1875816*a^3 - 60433680*a^2 + 1008792530*a - 6820745992 -a^5 + 160*a^4 - 8138*a^3 + 90470*a^2 + 3477932*a - 70568432 10*a^5 - 2042*a^4 + 161168*a^3 - 6148128*a^2 + 113684932*a - 818679760 -a^6 + 275*a^5 - 30713*a^4 + 1779872*a^3 - 56379118*a^2 + 925265346*a - 6150503400 5*a^5 - 1108*a^4 + 95944*a^3 - 4054562*a^2 + 83527184*a - 670242592 over Number field with defining polynomial x^7-331*x^6+46080*x^5-3492896*x^4+155481902*x^3-4059068692*x^2+57482666244*x-340463630544
a vector of length 51 over Number field with defining polynomial a number field of degree 10
a vector of length 51 over Number field with defining polynomial a number field of degree 25
-16*a-1176 -8*a-632 0 8*a+632 -4*a-272 0 -4*a-294 4*a+294 4*a+316 6*a+452 2*a+136 4*a+316 0 -4*a-316 2*a+180 2*a+136 -2*a-136 -2*a-180 8*a+621 0 -2*a-158 a+68 -2*a-158 -2*a-136 2*a+136 -2*a-136 -2*a-158 0 -22 -5*a-362 -2*a-158 -3*a-226 -2*a-136 a+90 a+79 3*a+226 22 a+90 0 -2*a-158 4*a+294 2*a+158 a+68 3*a+215 -11 a+68 -a-79 a+79 2*a+158 11 -2*a-147 over Number field with defining polynomial x^2+114*x+2886
For conductor 30, eigenvectors are:
5*a-107 a+1 -2*a+12 -5*a+121 -a+41 3*a-53 a-13 -14 -a+13 2*a-40 -a+27 -a+13 -2*a+40 14 over Number field with defining polynomial x^2-12*x-209
0 -2*a-2 -2*a-38 -2*a-2 2*a+2 0 -2*a-20 0 2*a+20 2*a+20 0 0 a+10 -9 over Number field with defining polynomial x^2+38*x+199
a vector of length 14 over Number field with defining polynomial a number field of degree 10
For conductor 31, eigenvectors are:
a^4 + 64*a^3 + 1219*a^2 + 7080*a - 840 -3*a^3 - 76*a^2 - 119*a + 4180 -a^3 - 38*a^2 - 719*a - 6720 -4*a^3 - 158*a^2 - 1659*a - 2036 a^3 - 5*a^2 - 397*a - 912 over Number field with defining polynomial x^5+75*x^4+1835*x^3+17449*x^2+49932*x-26528
For conductor 62, eigenvectors are:
a vector of length 26 over Number field with defining polynomial a number field of degree 10
0 -6 6 6 -8 4 -4 -3 -4 4 -4 2 3 -2 2 2 4 3 -1 0 -3 2 1 -2 -1 -1 over Number field with defining polynomial x+24
-78 21 18 6 24 16 28 27 14 16 -14 6 -15 -8 -10 -11 13 29 -2 16 8 6 12 27 6 -21 over Number field with defining polynomial x-50
-8 2 -10 2 -4 -4 -8 1 -4 -2 0 -2 -4 1 4 -5 2 0 3 -7 -1 2 -1 3 -3 -1 over Number field with defining polynomial x-21
0 18*a-18 18*a-18 18*a-270 12*a-12 -12*a-156 0 9*a+117 12*a+156 18*a-102 6*a-6 -6*a+6 42 3*a-3 6*a+36 9*a+75 12*a-96 -12*a+96 3*a+39 -3*a+3 -3*a-123 -6*a+48 3*a-3 3*a-45 -3*a-60 -63 over Number field with defining polynomial x^2-2*x-97
-147*a+7575 -114*a+4440 99*a-4455 -126*a+5220 200*a-8710 -158*a+6640 66*a-2970 -198*a+8415 -96*a+4425 -129*a+5580 -160*a+7100 -124*a+4925 -10*a+485 43*a-1805 -40*a+1610 40*a-1775 43*a-1640 -86*a+3940 -83*a+3415 16*a-1040 -86*a+3775 60*a-2580 50*a-1930 60*a-2415 -10*a+650 -165 over Number field with defining polynomial x^2-70*x+1150
11*a^4 - 2726*a^3 + 246918*a^2 - 9647080*a + 136499512 8*a^4 - 1966*a^3 + 176724*a^2 - 6862888*a + 96762992 a^4 - 229*a^3 + 19146*a^2 - 692624*a + 9121856 -4*a^4 + 950*a^3 - 82920*a^2 + 3156392*a - 44233888 4*a^4 - 1042*a^3 + 98976*a^2 - 4044504*a + 59805056 a^4 - 182*a^3 + 10794*a^2 - 219896*a + 583208 26*a^3 - 4594*a^2 + 259520*a - 4722152 3*a^4 - 689*a^3 + 57888*a^2 - 2112972*a + 28273840 -13*a^3 + 2586*a^2 - 169004*a + 3637976 -3*a^4 + 717*a^3 - 62808*a^2 + 2387616*a - 33154952 -6*a^4 + 1538*a^3 - 144256*a^2 + 5845896*a - 86113152 8*a^4 - 1962*a^3 + 176204*a^2 - 6848932*a + 96902392 4*a^3 - 520*a^2 + 13956*a + 139400 3*a^4 - 723*a^3 + 64100*a^2 - 2478892*a + 35270992 2*a^4 - 496*a^3 + 45280*a^2 - 1801392*a + 26308096 -2*a^4 + 507*a^3 - 47094*a^2 + 1893076*a - 27690632 3*a^4 - 734*a^3 + 65914*a^2 - 2570576*a + 36653528 -17*a^3 + 3106*a^2 - 182960*a + 3498576 -a^4 + 227*a^3 - 18820*a^2 + 677500*a - 8962896 -2*a^3 + 326*a^2 - 15124*a + 158960 -6*a^3 + 1292*a^2 - 91276*a + 2116040 35*a^3 - 6214*a^2 + 352372*a - 6403048 28*a^3 - 4920*a^2 + 274644*a - 4881112 24*a^3 - 4400*a^2 + 260688*a - 5020512 -7*a^3 + 1294*a^2 - 77728*a + 1521936 11*a^3 - 1814*a^2 + 91684*a - 1382536 over Number field with defining polynomial x^5-318*x^4+39816*x^3-2449916*x^2+73955616*x-874318224
0 -12*a+90 12*a-90 -6*a+54 16*a-120 -24*a+180 12*a-84 18*a-135 -8*a+60 14*a-108 8*a-60 4*a-30 9*a-69 -7*a+54 -10*a+78 -21*a+162 0 -3*a+27 -10*a+75 -5*a+36 -3 4*a-30 6*a-51 -13*a+102 -8*a+63 3 over Number field with defining polynomial x^2-3*x-36
7*a-635 -10*a+792 a-11 -2*a+84 10*a-854 20*a-1584 -6*a+438 18*a-1407 -3*a+219 -62 -8*a+708 -13*a+1011 -3*a+219 31 -2*a+146 2*a-177 62 0 -2*a+115 -a+104 -31 -2*a+84 -5*a+334 -2*a+115 -3*a+250 -31 over Number field with defining polynomial x^2-141*x+4840
For conductor 93, eigenvectors are:
a vector of length 40 over Number field with defining polynomial a number field of degree 15
24*a-1128 -18*a+306 -21*a+987 18*a-846 20*a-850 -20*a+580 -4*a+8 -12*a+564 12*a-564 -8*a+556 15*a-975 -18*a+846 -8*a+16 6*a-282 -10*a+290 -4*a+8 4*a-278 3*a-6 17*a-844 -8*a+286 -4*a+278 12*a-564 -2*a+4 14*a-568 -2*a+139 -7*a+14 2*a-4 3*a+129 -8*a+421 10*a-290 6*a-282 -14*a+568 a+133 10*a-290 -16*a+572 12*a-564 -4*a+8 2*a-139 -8*a+286 135 over Number field with defining polynomial x^2-119*x+2934
16*a^2 - 1904*a + 56032 12*a^2 - 1332*a + 29736 96*a-3696 12*a^2 - 1428*a + 42024 32*a-1232 -8*a^2 + 1080*a - 32944 -160*a+9024 -8*a^2 + 952*a - 28016 8*a^2 - 952*a + 28016 -8*a^2 + 1112*a - 37040 0 48*a-3280 -12*a^2 + 1508*a - 43672 4*a^2 - 476*a + 14008 -4*a^2 + 540*a - 16472 64*a-2464 4*a^2 - 556*a + 18520 8*a-1024 24*a-208 -4*a^2 + 620*a - 20984 -4*a^2 + 556*a - 18520 -4*a^2 + 428*a - 10728 -80*a+4512 -4*a^2 + 508*a - 15240 -24*a+3072 -56*a+4304 80*a-4512 -48*a+3280 -4*a^2 + 452*a - 10936 -8*a^2 + 1064*a - 33760 -8*a^2 + 904*a - 24736 4*a^2 - 508*a + 15240 -16*a+2048 4*a^2 - 428*a + 10728 4*a^2 - 476*a + 14008 -4*a^2 + 540*a - 16472 -48*a+3280 136*a-8816 -4*a^2 + 508*a - 15240 -56*a+4304 over Number field with defining polynomial x^3-187*x^2+11250*x-217016
-8*a-40 0 30*a+114 6*a+30 4*a+8 -16*a-56 -20*a-76 12*a+36 12*a+36 -16*a-56 -15*a-57 6*a+18 8*a+28 -2*a+2 12*a+36 -10*a-38 -4*a-20 4*a+2 -16*a-62 -10*a-38 -20*a-76 -4*a-20 -4*a-8 -4*a-14 0 13*a+47 0 a+5 -4*a-14 4*a+14 -2*a-10 -4*a-20 -8*a-28 3*a+9 -11*a-43 7*a+29 a+5 -a-5 -a-2 -3 over Number field with defining polynomial x^2+22*x+67
-36*a^3 + 4992*a^2 - 211104*a + 2602368 -57*a^3 + 8475*a^2 - 404631*a + 6117768 -24*a^3 + 3792*a^2 - 210708*a + 4056480 -33*a^3 + 4161*a^2 - 157617*a + 1644624 6*a^3 + 258*a^2 - 56736*a + 1419552 -30*a^3 + 4656*a^2 - 227178*a + 3426192 -18*a^3 + 2682*a^2 - 125280*a + 1820016 30*a^3 - 3330*a^2 + 104130*a - 686880 -42*a^3 + 5340*a^2 - 187506*a + 1332288 12*a^3 - 2334*a^2 + 148878*a - 3090096 21*a^3 - 3201*a^2 + 147141*a - 1987416 3*a^3 - 900*a^2 + 76374*a - 1920672 -42*a^3 + 6147*a^2 - 291042*a + 4404672 9*a^3 - 591*a^2 - 12510*a + 942192 -3*a^3 + 540*a^2 - 31419*a + 625752 -6*a^3 + 1371*a^2 - 84906*a + 1583496 -12*a^3 + 2061*a^2 - 115524*a + 2088720 -24*a^3 + 4770*a^2 - 283302*a + 5243616 30*a^3 - 4512*a^2 + 226566*a - 3824064 -12*a^3 + 816*a^2 - 7839*a - 133920 -273*a^2 + 33354*a - 1001376 -12*a^3 + 1491*a^2 - 63864*a + 978480 -21*a^3 + 2652*a^2 - 103014*a + 1146528 9*a^3 - 1161*a^2 + 39150*a - 168048 9*a^3 - 945*a^2 + 36207*a - 575856 24*a^3 - 3816*a^2 + 197685*a - 3352968 -3*a^3 - 30*a^2 + 22266*a - 673488 -24*a^3 + 4101*a^2 - 223515*a + 3908088 12*a^3 - 1776*a^2 + 89694*a - 1533600 9*a^3 - 1434*a^2 + 72504*a - 1169424 -9*a^3 + 1248*a^2 - 52776*a + 650592 3*a^3 - 849*a^2 + 44226*a - 477360 -27*a^3 + 4548*a^2 - 245070*a + 4274424 9*a^3 - 1545*a^2 + 73107*a - 948456 12*a^3 - 1125*a^2 + 20646*a + 282312 -6*a^3 + 1074*a^2 - 64575*a + 1285632 366*a^2 - 43218*a + 1260792 -3*a^3 + 639*a^2 - 37521*a + 662040 93*a^2 - 9864*a + 259416 -669*a^2 + 59787*a - 1335528 over Number field with defining polynomial x^4-206*x^3+14808*x^2-438822*x+4424544
-24*a^7 - 2808*a^6 - 115032*a^5 - 2232480*a^4 - 22071240*a^3 - 105538776*a^2 - 182127720*a + 63286032 0 -36*a^7 - 2520*a^6 - 56592*a^5 - 111672*a^4 + 14508324*a^3 + 236311992*a^2 + 1497506472*a + 3481490880 180*a^6 + 4284*a^5 - 112608*a^4 - 4969080*a^3 - 66410892*a^2 - 396480780*a - 916540992 -12*a^7 - 840*a^6 - 18864*a^5 - 37224*a^4 + 4836108*a^3 + 78770664*a^2 + 499168824*a + 1160496960 -12*a^7 - 996*a^6 - 14880*a^5 + 667440*a^4 + 27144552*a^3 + 387554160*a^2 + 2496953352*a + 6062299680 -36*a^7 - 3672*a^6 - 153648*a^5 - 3333996*a^4 - 38895300*a^3 - 222905664*a^2 - 404374428*a + 606360600 12*a^7 + 864*a^6 + 6036*a^5 - 865704*a^4 - 28445868*a^3 - 376767780*a^2 - 2325844632*a - 5509670352 24*a^7 + 2148*a^6 + 60696*a^5 + 325608*a^4 - 14097528*a^3 - 279724464*a^2 - 1970460252*a - 4930286040 -24*a^7 - 1464*a^6 - 32772*a^5 - 334080*a^4 - 1942200*a^3 - 15686568*a^2 - 137586948*a - 463921800 0 -174*a^6 - 8340*a^5 - 55212*a^4 + 3409380*a^3 + 79049202*a^2 + 645447888*a + 1843417224 6*a^7 + 498*a^6 + 7440*a^5 - 333720*a^4 - 13572276*a^3 - 193777080*a^2 - 1248476676*a - 3031149840 24*a^7 + 2088*a^6 + 59268*a^5 + 363144*a^4 - 12441168*a^3 - 257587500*a^2 - 1838299992*a - 4624772376 12*a^7 + 996*a^6 + 24324*a^5 - 109992*a^4 - 14721144*a^3 - 258153408*a^2 - 1877930100*a - 5008319232 12*a^7 + 1740*a^6 + 83916*a^5 + 1923168*a^4 + 23065536*a^3 + 141394992*a^2 + 369754284*a + 168777600 12*a^7 + 564*a^6 + 6168*a^5 - 53208*a^4 - 765840*a^3 + 10489128*a^2 + 169684800*a + 590652168 -12*a^7 - 948*a^6 - 25464*a^5 - 138648*a^4 + 6006552*a^3 + 126477984*a^2 + 955013976*a + 2567524800 108*a^6 + 6600*a^5 + 101424*a^4 - 1170444*a^3 - 47707320*a^2 - 455845152*a - 1407027840 12*a^7 + 840*a^6 + 18864*a^5 + 37224*a^4 - 4836108*a^3 - 78770664*a^2 - 499168824*a - 1160496960 -12*a^7 - 900*a^6 - 26604*a^5 - 387288*a^4 - 2708040*a^3 - 5197440*a^2 + 32097852*a + 126730368 -12*a^7 - 975*a^6 - 24819*a^5 - 62550*a^4 + 7435284*a^3 + 132350022*a^2 + 902658018*a + 2225416368 -6*a^7 - 546*a^6 - 22194*a^5 - 515292*a^4 - 7351692*a^3 - 64983330*a^2 - 329326680*a - 718763652 3*a^7 + 336*a^6 + 7890*a^5 - 139254*a^4 - 8490828*a^3 - 136413141*a^2 - 946962282*a - 2437283532 132*a^6 + 9318*a^5 + 246720*a^4 + 3011976*a^3 + 16317462*a^2 + 24458520*a - 43063920 -12*a^7 - 1008*a^6 - 30882*a^5 - 343086*a^4 + 1865094*a^3 + 79217106*a^2 + 670561116*a + 1870627800 12*a^7 + 1308*a^6 + 50175*a^5 + 850638*a^4 + 5414997*a^3 - 15855780*a^2 - 344370462*a - 1121909448 174*a^6 + 8340*a^5 + 55212*a^4 - 3409380*a^3 - 79049202*a^2 - 645447888*a - 1843417224 6*a^7 + 54*a^6 - 17274*a^5 - 730014*a^4 - 12473022*a^3 - 104070846*a^2 - 408230760*a - 569869872 -9*a^7 - 990*a^6 - 38436*a^5 - 639033*a^4 - 3120504*a^3 + 34748502*a^2 + 462550734*a + 1473868848 24*a^7 + 2415*a^6 + 90660*a^5 + 1601175*a^4 + 12769197*a^3 + 18510759*a^2 - 303955554*a - 1243715436 192*a^6 + 9411*a^5 + 71700*a^4 - 3475686*a^3 - 82035477*a^2 - 660133008*a - 1833871188 -234*a^6 - 13758*a^5 - 259650*a^4 - 732078*a^3 + 31788324*a^2 + 360995028*a + 1146520224 -114*a^6 - 6912*a^5 - 92748*a^4 + 1753020*a^3 + 56912238*a^2 + 513287628*a + 1537903560 60*a^6 + 1428*a^5 - 37536*a^4 - 1656360*a^3 - 22136964*a^2 - 132160260*a - 305513664 -12*a^7 - 1134*a^6 - 40362*a^5 - 646938*a^4 - 3440118*a^3 + 26590884*a^2 + 393092880*a + 1273250592 24*a^6 + 2718*a^5 + 145296*a^4 + 4182420*a^3 + 64024782*a^2 + 480303672*a + 1363963920 -330*a^6 - 25506*a^5 - 765486*a^4 - 11143488*a^3 - 78865026*a^2 - 222789876*a - 62515392 -162*a^6 - 8454*a^5 - 131052*a^4 + 116331*a^3 + 21277287*a^2 + 191429418*a + 530640816 -18*a^6 - 1350*a^5 - 29571*a^4 + 20481*a^3 + 8381952*a^2 + 97925406*a + 333533460 over Number field with defining polynomial x^8+107*x^7+4003*x^6+56957*x^5-144188*x^4-14154211*x^3-171513289*x^2-877574512*x-1677580012
50*a^5 - 13428*a^4 + 1418488*a^3 - 73590780*a^2 + 1871505120*a - 18611417280 12*a^5 - 3630*a^4 + 442890*a^3 - 27696744*a^2 + 894463296*a - 11913521280 -48*a^5 + 12804*a^4 - 1322460*a^3 + 65763360*a^2 - 1558224384*a + 13782392832 -786*a^4 + 171018*a^3 - 13776696*a^2 + 486848592*a - 6364735296 -16*a^5 + 4268*a^4 - 440820*a^3 + 21921120*a^2 - 519408128*a + 4594130944 30*a^5 - 8768*a^4 + 1004498*a^3 - 56222232*a^2 + 1530827536*a - 16114811584 -32*a^5 + 8654*a^4 - 915248*a^3 + 47289404*a^2 - 1191512624*a + 11671648640 -98*a^5 + 26526*a^4 - 2832230*a^3 + 148952680*a^2 - 3852412160*a + 39104758016 30*a^5 - 8092*a^4 + 865878*a^3 - 45881440*a^2 + 1202072352*a - 12435402496 12*a^5 - 3318*a^4 + 362638*a^3 - 19580064*a^2 + 522079856*a - 5495633856 0 -20*a^5 + 5262*a^4 - 545032*a^3 + 27778276*a^2 - 696545952*a + 6875319872 20*a^5 - 6200*a^4 + 740658*a^3 - 42711300*a^2 + 1187584000*a - 12676307392 30*a^5 - 7830*a^4 + 808872*a^3 - 41289208*a^2 + 1039789488*a - 10313824064 -30*a^5 + 8300*a^4 - 908270*a^3 + 49063660*a^2 - 1305481120*a + 13647668928 20*a^5 - 4342*a^4 + 339200*a^3 - 10750424*a^2 + 79175408*a + 1400986944 -2*a^5 + 1074*a^4 - 171628*a^3 + 12082636*a^2 - 394596240*a + 4886080640 20*a^5 - 5272*a^4 + 549640*a^3 - 28280544*a^2 + 716482368*a - 7128611072 -36*a^5 + 9540*a^4 - 990460*a^3 + 50201664*a^2 - 1235890496*a + 11722742016 -68*a^5 + 18328*a^4 - 1924498*a^3 + 98133868*a^2 - 2417053200*a + 22779291136 10*a^5 - 2244*a^4 + 191010*a^3 - 7497428*a^2 + 127483616*a - 609553216 -10*a^5 + 2568*a^4 - 263840*a^3 + 13510932*a^2 - 343243536*a + 3438504192 -32*a^5 + 8904*a^4 - 980500*a^3 + 53371844*a^2 - 1434385728*a + 15199904704 22*a^5 - 6336*a^4 + 716660*a^3 - 39860912*a^2 + 1091142192*a - 11761400512 -46*a^5 + 11846*a^4 - 1197294*a^3 + 59120364*a^2 - 1416851168*a + 13039667776 30*a^5 - 7558*a^4 + 747258*a^3 - 36194708*a^2 + 857570208*a - 7938954432 250*a^4 - 65252*a^3 + 6082440*a^2 - 242873104*a + 3528256064 20*a^5 - 5262*a^4 + 545032*a^3 - 27778276*a^2 + 696545952*a - 6875319872 52*a^5 - 13894*a^4 + 1463918*a^3 - 76055620*a^2 + 1948712400*a - 19700354944 32*a^5 - 8580*a^4 + 907670*a^3 - 47358340*a^2 + 1218625808*a - 12370953728 74*a^4 - 7578*a^3 - 68936*a^2 + 27113184*a - 699305088 46*a^5 - 12098*a^4 + 1249692*a^3 - 63210328*a^2 + 1559197616*a - 14907955008 -10*a^5 + 2976*a^4 - 347414*a^3 + 19864112*a^2 - 555458112*a + 6064976512 -20*a^5 + 5000*a^4 - 488026*a^3 + 23186044*a^2 - 534263088*a + 4753741440 -262*a^4 + 57006*a^3 - 4592232*a^2 + 162282864*a - 2121578432 732*a^4 - 156404*a^3 + 12366684*a^2 - 427974496*a + 5455423296 -10*a^5 + 2306*a^4 - 206834*a^3 + 8918700*a^2 - 180960672*a + 1316925760 240*a^4 - 60644*a^3 + 5580172*a^2 - 222936688*a + 3274964864 62*a^4 - 15824*a^3 + 1421272*a^2 - 53477056*a + 707372544 10*a^4 - 4608*a^3 + 502268*a^2 - 19936416*a + 253291200 over Number field with defining polynomial x^6-313*x^5+40164*x^4-2701204*x^3+100246882*x^2-1941791680*x+15286024672
For conductor 186, eigenvectors are:
0 0 -2 0 2 0 0 1 1 over Number field with defining polynomial x+41
-3*a^6 - 145*a^5 - 3566*a^4 - 75728*a^3 - 1145244*a^2 - 8747070*a - 23967724 -16*a^6 - 1240*a^5 - 38042*a^4 - 578716*a^3 - 4439668*a^2 - 15235402*a - 15747644 a^7 + 86*a^6 + 2534*a^5 + 23842*a^4 - 226528*a^3 - 6391061*a^2 - 46282118*a - 111520336 4*a^6 + 621*a^5 + 30398*a^4 + 688407*a^3 + 7946452*a^2 + 45167842*a + 99694636 a^7 + 96*a^6 + 3196*a^5 + 40979*a^4 - 204*a^3 - 4687262*a^2 - 38843558*a - 97180980 -5*a^6 - 458*a^5 - 16549*a^4 - 303835*a^3 - 3011663*a^2 - 15402098*a - 31757864 12*a^6 + 569*a^5 + 4612*a^4 - 169778*a^3 - 3870787*a^2 - 28885992*a - 72707820 -8*a^6 - 396*a^5 - 5458*a^4 + 13053*a^3 + 795963*a^2 + 5297312*a + 10171228 -2*a^6 - 266*a^5 - 11679*a^4 - 239377*a^3 - 2499762*a^2 - 12735872*a - 24510584 over Number field with defining polynomial x^8+107*x^7+4003*x^6+56957*x^5-144188*x^4-14154211*x^3-171513289*x^2-877574512*x-1677580012
For conductor 155, eigenvectors are:
-56 -8 8 4 20 -14 -8 4 10 12 -18 14 2 2 -5 12 -12 12 7 6 -2 10 -6 0 -4 2 -4 -1 3 5 -2 11 -7 -8 -4 -9 -1 -2 3 -7 2 3 -3 -3 -4 4 -1 over Number field with defining polynomial x-52
16 4 -12 0 -4 -7 2 2 -10 -4 -4 2 2 2 -3 0 -6 0 0 -1 -3 0 4 0 2 -4 2 -4 4 0 2 -1 2 -1 -2 -2 0 0 -1 3 5 0 0 -3 1 1 -1 over Number field with defining polynomial x-32
-548 -104 488 -176 170 -137 157 190 304 -138 126 146 -184 80 1 -132 -42 0 22 -117 34 -44 -60 132 113 -28 80 -94 -126 -22 157 -73 -118 -29 8 -36 44 -44 -150 131 68 33 66 -54 -37 40 -7 over Number field with defining polynomial x-76
12*a^2 - 1440*a + 43872 4*a^2 - 472*a + 13948 -4*a+688 4*a^2 - 448*a + 11920 -2*a^2 + 248*a - 7988 -3*a^2 + 309*a - 6921 -3*a^2 + 351*a - 9945 2*a^2 - 200*a + 4282 2*a^2 - 238*a + 6968 2*a^2 - 254*a + 7970 -2*a^2 + 272*a - 8966 -2*a-6 2*a^2 - 234*a + 6280 -2*a^2 + 222*a - 5966 3*a^2 - 357*a + 9927 a^2 - 120*a + 3306 -2*a^2 + 209*a - 4780 -a^2 + 73*a - 472 -2*a^2 + 232*a - 6286 -a^2 + 126*a - 3813 -9*a+498 -2*a^2 + 198*a - 4288 -2*a^2 + 236*a - 6624 5*a-510 2*a-169 14*a-1008 2*a^2 - 231*a + 6464 2*a^2 - 215*a + 5462 a^2 - 108*a + 2642 -a^2 + 99*a - 2144 a^2 - 123*a + 3647 22*a-1159 -a^2 + 110*a - 2986 2*a^2 - 239*a + 6615 2*a+6 -a^2 + 106*a - 2648 -a^2 + 112*a - 2980 -a^2 + 125*a - 3816 -a^2 + 130*a - 3976 -a^2 + 125*a - 3641 -11*a+842 -4*a+163 2*a^2 - 224*a + 5960 4*a-338 -a^2 + 111*a - 2983 3*a-166 -7*a+329 over Number field with defining polynomial x^3-168*x^2+9150*x-160886
212940*a^6 - 61850052*a^5 + 7314796692*a^4 - 450652035924*a^3 + 15252664058640*a^2 - 268983756647640*a + 1932311103644736 -28308*a^6 + 8031234*a^5 - 925170234*a^4 + 55388901576*a^3 - 1818400213812*a^2 + 31063337349624*a - 215901360751680 15174*a^6 - 4460790*a^5 + 534724080*a^4 - 33425140452*a^3 + 1148443640136*a^2 - 20557122524544*a + 149787870266880 25854*a^6 - 7434762*a^5 + 863451042*a^4 - 51790123488*a^3 + 1693273083276*a^2 - 28676395891560*a + 197094575289600 27924*a^6 - 7992816*a^5 + 928496712*a^4 - 56032797468*a^3 + 1853744780832*a^2 - 31907955231792*a + 223469165928000 15858*a^6 - 4745826*a^5 + 579359142*a^4 - 36994784778*a^3 + 1305039092310*a^2 - 24135205884318*a + 182896165804320 -1440*a^6 + 160272*a^5 + 19864098*a^4 - 4135656330*a^3 + 253842801966*a^2 - 6677193984210*a + 64585101446496 -8670*a^6 + 2852787*a^5 - 379325151*a^4 + 26085134292*a^3 - 978334191246*a^2 + 18974980001340*a - 148765765993536 27903*a^6 - 8077947*a^5 + 951770742*a^4 - 58396102428*a^3 + 1967888856372*a^2 - 34552064845668*a + 247157915474016 75*a^6 + 127410*a^5 - 37077615*a^4 + 3914532846*a^3 - 195558638322*a^2 + 4653575200476*a - 42408028260192 -9678*a^6 + 2805753*a^5 - 328139241*a^4 + 19793006508*a^3 - 649949874594*a^2 + 11044422395652*a - 76116153328608 23925*a^6 - 6936186*a^5 + 815353287*a^4 - 49730347224*a^3 + 1661242154046*a^2 - 28870669215504*a + 204405045261120 -300*a^6 - 280332*a^5 + 78518316*a^4 - 7728666204*a^3 + 361792727292*a^2 - 8159957754336*a + 71261860550016 22104*a^6 - 6398448*a^5 + 749724156*a^4 - 45509135556*a^3 + 1511177408412*a^2 - 26089473097476*a + 183487165717440 -8478*a^6 + 2050884*a^5 - 192383406*a^4 + 8697691872*a^3 - 186689229912*a^2 + 1413428207328*a + 2929685216400 9324*a^6 - 2947848*a^5 + 378257502*a^4 - 25197309246*a^3 + 918649909038*a^2 - 17379885990924*a + 133385389766112 2928*a^6 - 1185882*a^5 + 181286466*a^4 - 13762537548*a^3 + 554943630888*a^2 - 11361581106546*a + 92801734929984 -16176*a^6 + 5033613*a^5 - 637215681*a^4 + 41958162258*a^3 - 1514695491240*a^2 + 28417514460486*a - 216538088858496 -2346*a^6 + 484080*a^5 - 31614042*a^4 + 247165584*a^3 + 51858789672*a^2 - 1985629697124*a + 21763809374016 780*a^6 - 422034*a^5 + 77931258*a^4 - 6813762294*a^3 + 306790426164*a^2 - 6849960435414*a + 59913709130784 -5742*a^6 + 1565088*a^5 - 168462810*a^4 + 9083277456*a^3 - 255822003798*a^2 + 3505821035448*a - 17567064110688 -13740*a^6 + 4186818*a^5 - 520164258*a^4 + 33690860904*a^3 - 1199226745008*a^2 + 22239372442332*a - 167914313829360 -1146*a^6 + 434148*a^5 - 63167394*a^4 + 4607411148*a^3 - 179790602448*a^2 + 3588345077976*a - 28797583673424 17727*a^6 - 5076936*a^5 + 590829471*a^4 - 35757505878*a^3 + 1187901230886*a^2 - 20573268914154*a + 145425186010848 1656*a^6 - 508704*a^5 + 62206524*a^4 - 3878802156*a^3 + 130430147592*a^2 - 2252338546374*a + 15677119108896 13866*a^6 - 3810678*a^5 + 423651300*a^4 - 24372563268*a^3 + 765783278328*a^2 - 12488670212820*a + 82865035485600 -20448*a^6 + 5708346*a^5 - 644848638*a^4 + 37701508722*a^3 - 1203779634468*a^2 + 19941452632002*a - 134277089559552 -8238*a^6 + 2672799*a^5 - 350678607*a^4 + 23796550728*a^3 - 880555680642*a^2 + 16847432880474*a - 130311857152464 3801*a^6 - 1107159*a^5 + 131589672*a^4 - 8178289980*a^3 + 280421578506*a^2 - 5028706733808*a + 36836099465472 1941*a^6 - 559746*a^5 + 66449013*a^4 - 4144306764*a^3 + 142968981852*a^2 - 2584692160986*a + 19127931598080 -780*a^6 + 338091*a^5 - 54844899*a^4 + 4388499198*a^3 - 185038598640*a^2 + 3925803471780*a - 32946655920240 -1260*a^6 + 172671*a^5 + 1018113*a^4 - 1286515806*a^3 + 81627567156*a^2 - 2053733997888*a + 18777357962688 7782*a^6 - 2075850*a^5 + 222289596*a^4 - 12185260848*a^3 + 359233035282*a^2 - 5377890509340*a + 31736362068240 2346*a^6 - 666564*a^5 + 75802428*a^4 - 4410705606*a^3 + 138518559714*a^2 - 2232525254160*a + 14491821385056 -6297*a^6 + 1894209*a^5 - 234987948*a^4 + 15355781070*a^3 - 555534800316*a^2 + 10508934577890*a - 80988278820288 -4257*a^6 + 1299504*a^5 - 158074803*a^4 + 9828534582*a^3 - 330371941308*a^2 + 5712708140364*a - 39851927652192 8238*a^6 - 2268195*a^5 + 248774727*a^4 - 13835505450*a^3 + 409183398084*a^2 - 6061891915896*a + 34752190254960 2436*a^6 - 846795*a^5 + 117051423*a^4 - 8267301354*a^3 + 315468746232*a^2 - 6178142018154*a + 48623775029136 780*a^6 - 155607*a^5 + 10656513*a^4 - 224959176*a^3 - 5338750746*a^2 + 292351479504*a - 3308974838832 -36360*a^5 + 5053260*a^4 - 132922872*a^3 - 8325450912*a^2 + 464348809686*a - 6059984024976 -9042*a^5 + 2377992*a^4 - 265034982*a^3 + 14911545006*a^2 - 409834689702*a + 4329413597664 -266427*a^5 + 67274745*a^4 - 6588803118*a^3 + 312129176910*a^2 - 7142311914918*a + 63222683969616 -6582*a^6 + 1887540*a^5 - 217299954*a^4 + 12829195128*a^3 - 409675088100*a^2 + 6720474697296*a - 44359966766208 94071*a^5 - 26983743*a^4 + 2925013422*a^3 - 150073095564*a^2 + 3656464685520*a - 34019140518288 -44106*a^5 + 7645392*a^4 - 447228738*a^3 + 9170010084*a^2 + 13235635860*a - 1682157590400 -83943*a^5 + 23086359*a^4 - 2425263096*a^3 + 121751827524*a^2 - 2924156963634*a + 26967053210544 -182484*a^5 + 44188386*a^4 - 4163540022*a^3 + 190377349386*a^2 - 4218154951284*a + 36255630759072 over Number field with defining polynomial x^7-343*x^6+49288*x^5-3842128*x^4+175332130*x^3-4682296088*x^2+67773856756*x-410516279872
a vector of length 47 over Number field with defining polynomial a number field of degree 12
a vector of length 47 over Number field with defining polynomial a number field of degree 13
6*a^8 - 2508*a^7 + 431904*a^6 - 39177552*a^5 + 1967884944*a^4 - 51103657536*a^3 + 463258905120*a^2 + 4403238676992*a - 70368043497984 8*a^8 - 3906*a^7 + 820496*a^6 - 96609848*a^5 + 6952041000*a^4 - 311792785344*a^3 + 8463872939968*a^2 - 126134096333056*a + 780264351465472 -2*a^8 + 982*a^7 - 207788*a^6 + 24769712*a^5 - 1821776456*a^4 + 84794925392*a^3 - 2443770818240*a^2 + 39940351513600*a - 283743473676288 -12*a^8 + 5532*a^7 - 1090200*a^6 + 119665336*a^5 - 7979401808*a^4 + 329935590144*a^3 - 8231425627360*a^2 + 112828124916992*a - 647646078539264 -8*a^8 + 3988*a^7 - 855280*a^6 + 102804024*a^5 - 7550388368*a^4 + 345522877792*a^3 - 9568361833888*a^2 + 145487548011008*a - 919624806991360 -18*a^8 + 8628*a^7 - 1775028*a^6 + 204327588*a^5 - 14361179904*a^4 + 629198595168*a^3 - 16710938827632*a^2 + 244446853643136*a - 1492509676023552 3*a^8 - 1242*a^7 + 215430*a^6 - 20292144*a^5 + 1123312656*a^4 - 36804404472*a^3 + 674954684592*a^2 - 5814390047616*a + 11488303603968 -11*a^8 + 5282*a^7 - 1088236*a^6 + 125364360*a^5 - 8807837000*a^4 + 385102765328*a^3 - 10184493080144*a^2 + 147942310916992*a - 894286413608192 a^8 - 336*a^7 + 42224*a^6 - 2039468*a^5 - 40082704*a^4 + 9547100400*a^3 - 473223792672*a^2 + 10797104127872*a - 98571508080640 -11*a^8 + 5088*a^7 - 1008324*a^6 + 111607784*a^5 - 7529143072*a^4 + 316088853584*a^3 - 8034944157808*a^2 + 112522228934400*a - 660395952943360 6*a^8 - 2710*a^7 + 522896*a^6 - 56184180*a^5 + 3668995256*a^4 - 148751734960*a^3 + 3645892922320*a^2 - 49206744543488*a + 278439749804800 8*a^8 - 3942*a^7 + 832024*a^6 - 98037092*a^5 + 7035542040*a^4 - 313930861776*a^3 + 8473019967472*a^2 - 125826848383360*a + 781401608368896 5*a^8 - 2380*a^7 + 484748*a^6 - 55019812*a^5 + 3792403056*a^4 - 161765441312*a^3 + 4141172252864*a^2 - 57549637097216*a + 326272537696256 3*a^8 - 1386*a^7 + 275652*a^6 - 30806740*a^5 + 2114603592*a^4 - 91177981920*a^3 + 2405542433600*a^2 - 35296464452864*a + 217586278989824 6*a^8 - 2958*a^7 + 625938*a^6 - 74116944*a^5 + 5358904128*a^4 - 241567077960*a^3 + 6604135856448*a^2 - 99572708864256*a + 628885414067712 -2*a^8 + 1144*a^7 - 274332*a^6 + 36133992*a^5 - 2862110128*a^4 + 139510644880*a^3 - 4077769780736*a^2 + 65075774310656*a - 431090819059712 8*a^8 - 3984*a^7 + 851704*a^6 - 101865224*a^5 + 7434958432*a^4 - 337961070592*a^3 + 9301046522912*a^2 - 140797413201920*a + 888922133614080 6*a^8 - 2852*a^7 + 581956*a^6 - 66451912*a^5 + 4633747264*a^4 - 201512711664*a^3 + 5320024231296*a^2 - 77637995875840*a + 476911849780224 a^8 - 594*a^7 + 146084*a^6 - 19587948*a^5 + 1572561288*a^4 - 77513774272*a^3 + 2289518487872*a^2 - 36949685671168*a + 248075924871168 -a^8 + 502*a^7 - 106606*a^6 + 12482968*a^5 - 878874208*a^4 + 37936616760*a^3 - 974342159280*a^2 + 13482459545088*a - 75700474039040 -3*a^8 + 1272*a^7 - 229202*a^6 + 22867572*a^5 - 1378366808*a^4 + 51299073944*a^3 - 1150603165600*a^2 + 14265327147776*a - 75737048147968 2*a^8 - 982*a^7 + 206856*a^6 - 24341380*a^5 + 1744008344*a^4 - 77601621200*a^3 + 2084478981456*a^2 - 30713319102464*a + 188221333736192 a^8 - 572*a^7 + 135764*a^6 - 17522596*a^5 + 1345249776*a^4 - 62741249152*a^3 + 1725671088128*a^2 - 25295995252352*a + 147764583009792 8*a^8 - 3996*a^7 + 856288*a^6 - 102585904*a^5 + 7495857392*a^4 - 341023356544*a^3 + 9397794012032*a^2 - 142713770186496*a + 908002668839936 -3*a^8 + 1414*a^7 - 286472*a^6 + 32555008*a^5 - 2267301160*a^4 + 98950883040*a^3 - 2637143066480*a^2 + 39128075983104*a - 246619187490048 6*a^8 - 2916*a^7 + 607392*a^6 - 70661436*a^5 + 5008588144*a^4 - 220827932656*a^3 + 5892189333776*a^2 - 86543183510656*a + 531410745695488 -6*a^8 + 2944*a^7 - 617912*a^6 + 72306800*a^5 - 5146620160*a^4 + 227465530336*a^3 - 6071904183136*a^2 + 89009713385472*a - 544170140750336 3*a^8 - 1426*a^7 + 291308*a^6 - 33351352*a^5 + 2336064872*a^4 - 102257453776*a^3 + 2722503282064*a^2 - 40104112154368*a + 248202297598720 4*a^8 - 1934*a^7 + 401636*a^6 - 46664424*a^5 + 3306473768*a^4 - 145683481936*a^3 + 3876009267712*a^2 - 56494919771904*a + 341467984693248 -a^8 + 636*a^7 - 165104*a^6 + 23165288*a^5 - 1933595200*a^4 + 98541787200*a^3 - 2992562710480*a^2 + 49350022056832*a - 336103704699136 a^8 - 456*a^7 + 88628*a^6 - 9555524*a^5 + 622437760*a^4 - 24960207424*a^3 + 598402183360*a^2 - 7796600790272*a + 42071328553984 2*a^8 - 860*a^7 + 156434*a^6 - 15644696*a^5 + 935459288*a^4 - 34033274312*a^3 + 731992136256*a^2 - 8524403491328*a + 42197155681792 44*a^7 - 15860*a^6 + 2332648*a^5 - 179530240*a^4 + 7694407792*a^3 - 179791154016*a^2 + 2055677133824*a - 8531436087808 -a^8 + 588*a^7 - 143462*a^6 + 19102212*a^5 - 1522920568*a^4 + 74481533352*a^3 - 2178653576896*a^2 + 34706392962432*a - 228789284549632 2*a^8 - 780*a^7 + 122200*a^6 - 9511188*a^5 + 341053648*a^4 - 520598640*a^3 - 361454370384*a^2 + 10456237217280*a - 91605014507264 -a^8 + 582*a^7 - 140840*a^6 + 18616476*a^5 - 1473279848*a^4 + 71449292432*a^3 - 2067788665920*a^2 + 32463100253696*a - 209502644228096 -3*a^8 + 1396*a^7 - 276656*a^6 + 30380596*a^5 - 2012724160*a^4 + 81928597296*a^3 - 1988011755808*a^2 + 26087496652032*a - 140496776552960 -4*a^8 + 1870*a^7 - 375100*a^6 + 42110532*a^5 - 2889738920*a^4 + 123911090464*a^3 - 3235545249840*a^2 + 46924676773376*a - 288690516044032 -a^8 + 462*a^7 - 91250*a^6 + 10041260*a^5 - 672078480*a^4 + 27992448344*a^3 - 709267094336*a^2 + 10039893499008*a - 61357968875520 16*a^7 - 6626*a^6 + 1160612*a^5 - 111056744*a^4 + 6227308856*a^3 - 202259852944*a^2 + 3453620023552*a - 22990247728384 58*a^7 - 22784*a^6 + 3701296*a^5 - 320674472*a^4 + 15917185568*a^3 - 450694808608*a^2 + 6741862365056*a - 41739396330496 40*a^7 - 15356*a^6 + 2441708*a^5 - 206795728*a^4 + 9944168416*a^3 - 265075064944*a^2 + 3442566046080*a - 14342505163520 -64*a^7 + 25106*a^6 - 4084128*a^5 + 355649640*a^4 - 17814123048*a^3 + 509673936064*a^2 - 7620073418368*a + 44752523206656 46*a^7 - 17648*a^6 + 2802048*a^5 - 237245208*a^4 + 11475311392*a^3 - 313448809504*a^2 + 4400744538368*a - 23882772776448 36*a^7 - 16944*a^6 + 3331096*a^5 - 353790192*a^4 + 21859999456*a^3 - 782865270816*a^2 + 14974793994624*a - 117245788658688 46*a^7 - 17978*a^6 + 2927444*a^5 - 256436448*a^4 + 12976409336*a^3 - 375939975920*a^2 + 5685858754816*a - 33629145485056 -6*a^7 + 2622*a^6 - 485736*a^5 + 49640720*a^4 - 3032240920*a^3 + 110864910976*a^2 - 2243292708736*a + 19286640321536 over Number field with defining polynomial x^9-524*x^8+119416*x^7-15503656*x^6+1260947376*x^5-66466490464*x^4+2264674516624*x^3-47958326219200*x^2+571039041729280*x-2904379638526976
For conductor 310, eigenvectors are:
4 0 0 0 0 2 0 -2 0 0 -2 -1 -1 over Number field with defining polynomial x+5
a vector of length 13 over Number field with defining polynomial a number field of degree 12
For conductor 465, eigenvectors are:
-1 -1 0 over Number field with defining polynomial x+20
2 -1 -3 over Number field with defining polynomial x-7
2 -1 1 over Number field with defining polynomial x+13
For conductor 930, eigenvectors are:
a vector of length 25 over Number field with defining polynomial a number field of degree 19
0 -2 -2 0 0 -1 2 0 0 0 -2 -2 -1 0 0 0 2 -1 -1 0 1 -1 2 -1 -1 over Number field with defining polynomial x-20
0 0 0 0 -2 0 -2 -4 0 -4 2 0 -2 0 -1 2 0 2 0 0 2 0 0 1 -2 over Number field with defining polynomial x+20
0 0 0 0 -4 0 -4 4 0 -2 -2 0 2 0 -2 4 0 -2 0 0 -2 0 0 -1 -1 over Number field with defining polynomial x-7
-a^2 + 108*a - 2799 9 -2*a+144 -2*a+126 -4*a+252 -a+63 2*a-126 -a+63 -a+72 2*a-126 2*a-126 a-63 a-63 -2*a+135 2*a-126 a-63 -a+72 0 9 0 -a+63 0 a-63 0 -a+63 over Number field with defining polynomial x^3-158*x^2+8028*x-128952
For conductor 1:
traces of hecke eigenvalues of T_{p^1} are:
40 -166 73 -32 360 -449 -176 848 285 501 -790 37 -1081 285 -4360 317 1898 1822 -4197 552 -720 
computing eigenvalues for k = 1, took 7.561539 sec
traces of hecke eigenvalues of T_{p^2} are:
-228 
computing eigenvalues for k = 2, took 0.184739 sec
traces of hecke eigenvalues of T_{p^1} are:
32 184 204 292 360 384 1100 1372 1844 1704 2512 2524 3640 4524 4472 4784 5364 6080 8184 8340 10372 
computing eigenvalues for k = 1, took 17.228068 sec
traces of hecke eigenvalues of T_{p^2} are:
-144 
computing eigenvalues for k = 2, took 0.181156 sec
traces of hecke eigenvalues of T_{p^1} are:
73 156 184 258 265 582 1134 1246 1671 2020 2736 2994 3849 3502 3952 4953 4750 5482 6282 7476 9835 
computing eigenvalues for k = 1, took 17.151526 sec
traces of hecke eigenvalues of T_{p^2} are:
184 
computing eigenvalues for k = 2, took 0.179699 sec
traces of hecke eigenvalues of T_{p^1} are:
63 91 164 298 285 527 1134 1186 1626 1745 1766 2979 2954 3552 4222 4053 5215 7397 6452 9371 9560 
computing eigenvalues for k = 1, took 7.682555 sec
traces of hecke eigenvalues of T_{p^2} are:
104 
computing eigenvalues for k = 2, took 0.177490 sec
traces of hecke eigenvalues of T_{p^1} are:
88 72 148 348 304 552 876 1540 1956 1480 1896 3084 4200 3292 5368 5232 6148 6472 6168 7332 9700 
computing eigenvalues for k = 1, took 16.998594 sec
traces of hecke eigenvalues of T_{p^2} are:
304 
computing eigenvalues for k = 2, took 0.176518 sec
traces of hecke eigenvalues of T_{p^1} are:
78 112 110 226 420 440 612 1042 1608 2360 2462 2478 3500 4368 4954 4308 5410 5720 6800 7172 8480 
computing eigenvalues for k = 1, took 7.625965 sec
traces of hecke eigenvalues of T_{p^2} are:
224 
computing eigenvalues for k = 2, took 0.175393 sec
traces of hecke eigenvalues of T_{p^1} are:
34 195 197 401 369 660 926 1636 2100 1994 2099 2396 3810 4373 4043 5759 5140 6145 6529 8724 9991 
computing eigenvalues for k = 1, took 17.023234 sec
traces of hecke eigenvalues of T_{p^2} are:
-128 
computing eigenvalues for k = 2, took 0.177992 sec
traces of hecke eigenvalues of T_{p^1} are:
400 1464 2380 5220 7240 12720 25260 52060 70644 81400 106080 151740 208920 230764 305320 363024 394420 499360 578760 712980 922180 
computing eigenvalues for k = 1, took 17.278320 sec
traces of hecke eigenvalues of T_{p^2} are:
2800 
computing eigenvalues for k = 2, took 0.184463 sec
traces of hecke eigenvalues of T_{p^1} are:
45 114 100 300 405 610 1050 1260 1769 1880 2120 2630 4255 3264 4120 5499 6080 6980 6590 7210 7875 
computing eigenvalues for k = 1, took 17.209551 sec
traces of hecke eigenvalues of T_{p^2} are:
-40 
computing eigenvalues for k = 2, took 0.174325 sec
traces of hecke eigenvalues of T_{p^1} are:
36 -76 -94 186 -152 -46 302 120 1042 -910 -908 -192 1320 -1346 2696 524 2076 -486 -2604 -466 -970 
computing eigenvalues for k = 1, took 7.353419 sec
traces of hecke eigenvalues of T_{p^2} are:
-32 
computing eigenvalues for k = 2, took 0.175235 sec
traces of hecke eigenvalues of T_{p^1} are:
-76 148 18 74 -40 -382 750 -216 818 -462 324 -1312 200 1118 904 -372 508 -1270 1428 1550 374 
computing eigenvalues for k = 1, took 7.530956 sec
traces of hecke eigenvalues of T_{p^2} are:
192 
computing eigenvalues for k = 2, took 0.182619 sec
traces of hecke eigenvalues of T_{p^1} are:
132 374 510 882 1220 1566 2596 3940 5094 4990 6618 7414 9912 11152 13482 14902 15196 18232 21050 24622 27082 
computing eigenvalues for k = 1, took 17.023706 sec
traces of hecke eigenvalues of T_{p^2} are:
-144 
computing eigenvalues for k = 2, took 0.177670 sec
traces of hecke eigenvalues of T_{p^1} are:
262 698 954 1503 1821 2662 4450 6835 9191 9759 11770 15615 19417 20286 22984 26135 27061 32128 35783 43220 46096 
computing eigenvalues for k = 1, took 16.946247 sec
traces of hecke eigenvalues of T_{p^2} are:
96 
computing eigenvalues for k = 2, took 0.181076 sec
traces of hecke eigenvalues of T_{p^1} are:
610 1308 1970 3268 4030 5672 8856 14996 17370 18454 22894 28032 34242 38460 47190 50662 55056 63324 68878 77616 97816 
computing eigenvalues for k = 1, took 16.980232 sec
traces of hecke eigenvalues of T_{p^2} are:
880 
computing eigenvalues for k = 2, took 0.180193 sec
traces of hecke eigenvalues of T_{p^1} are:
93 238 428 528 709 1114 1426 2844 2861 4004 5024 5670 6471 7936 9536 9907 8964 11508 15402 16438 20375 
computing eigenvalues for k = 1, took 17.038626 sec
traces of hecke eigenvalues of T_{p^2} are:
-56 
computing eigenvalues for k = 2, took 0.181965 sec
traces of hecke eigenvalues of T_{p^1} are:
160 478 742 1118 1320 2126 2676 5708 6586 7666 8646 12314 14496 13856 16978 20826 21260 23096 27378 29894 39514 
computing eigenvalues for k = 1, took 16.986575 sec
traces of hecke eigenvalues of T_{p^2} are:
-320 
computing eigenvalues for k = 2, took 0.179058 sec
traces of hecke eigenvalues of T_{p^1} are:
383 801 1149 1947 2548 3264 5220 8552 10023 11760 13167 17100 20643 22981 28845 30642 34064 38831 43815 48846 56004 
computing eigenvalues for k = 1, took 17.346426 sec
traces of hecke eigenvalues of T_{p^2} are:
664 
computing eigenvalues for k = 2, took 0.179143 sec
traces of hecke eigenvalues of T_{p^1} are:
-71 67 -6 599 -427 697 176 -540 369 204 1686 3253 -77 -486 -274 -1168 238 -3614 4049 2340 1074 
computing eigenvalues for k = 1, took 7.409870 sec
traces of hecke eigenvalues of T_{p^2} are:
-134 
computing eigenvalues for k = 2, took 0.177694 sec
traces of hecke eigenvalues of T_{p^1} are:
-20 38 18 -28 -192 -336 286 302 736 -462 1076 -358 -508 1362 904 -656 -1536 -164 2922 1728 2120 
computing eigenvalues for k = 1, took 7.421716 sec
traces of hecke eigenvalues of T_{p^2} are:
0 
computing eigenvalues for k = 2, took 0.178629 sec
For conductor 2:
traces of hecke eigenvalues of T_{p^1} are:
-66 -72 -32 -60 -42 -64 -56 -4 146 344 -328 12 -422 -828 596 -678 108 -1644 -1832 696 -1698 
computing eigenvalues for k = 1, took 215.492151 sec
traces of hecke eigenvalues of T_{p^2} are:
100 
computing eigenvalues for k = 2, took 0.918816 sec
traces of hecke eigenvalues of T_{p^1} are:
-76 148 18 74 -40 -382 750 -216 818 -462 324 -1312 200 1118 904 -372 508 -1270 1428 1550 374 
computing eigenvalues for k = 1, took 207.730472 sec
traces of hecke eigenvalues of T_{p^2} are:
192 
computing eigenvalues for k = 2, took 0.491568 sec
traces of hecke eigenvalues of T_{p^1} are:
40 -166 73 -32 360 -449 -176 848 285 501 -790 37 -1081 285 -4360 317 1898 1822 -4197 552 -720 
computing eigenvalues for k = 1, took 207.791163 sec
traces of hecke eigenvalues of T_{p^2} are:
-228 
computing eigenvalues for k = 2, took 0.475322 sec
For conductor 3:
traces of hecke eigenvalues of T_{p^1} are:
-15 58 -40 -8 -39 -130 -114 -236 129 -244 200 366 -469 -156 -392 687 -128 440 1622 -1354 -1813 
computing eigenvalues for k = 1, took 300.922261 sec
traces of hecke eigenvalues of T_{p^2} are:
32 
computing eigenvalues for k = 2, took 0.481969 sec
traces of hecke eigenvalues of T_{p^1} are:
-48 26 -110 32 -60 58 138 -226 -432 -278 148 -144 910 168 -1264 -690 -2086 -272 -1400 1000 -2162 
computing eigenvalues for k = 1, took 299.452923 sec
traces of hecke eigenvalues of T_{p^2} are:
16 
computing eigenvalues for k = 2, took 0.472921 sec
For conductor 6:
traces of hecke eigenvalues of T_{p^1} are:
168 342 508 738 1124 1454 2258 4096 5216 5408 6568 7832 10864 11106 13932 15856 14638 17736 19664 22152 27992 
computing eigenvalues for k = 1, took 154.461765 sec
traces of hecke eigenvalues of T_{p^2} are:
144 
computing eigenvalues for k = 2, took 0.948460 sec
traces of hecke eigenvalues of T_{p^1} are:
179 429 657 1089 1250 1826 2676 4586 5359 5662 6733 7438 9527 11507 12879 13782 16846 18907 19417 24932 30494 
computing eigenvalues for k = 1, took 153.609826 sec
traces of hecke eigenvalues of T_{p^2} are:
232 
computing eigenvalues for k = 2, took 0.978433 sec
traces of hecke eigenvalues of T_{p^1} are:
78 -83 138 -275 106 -171 -566 1142 -1942 1432 184 -67 306 30 1360 -25 3656 2348 1061 -1538 1085 
computing eigenvalues for k = 1, took 152.538811 sec
traces of hecke eigenvalues of T_{p^2} are:
-74 
computing eigenvalues for k = 2, took 0.951574 sec
For conductor 5:
traces of hecke eigenvalues of T_{p^1} are:
2 -72 -16 -51 -65 102 8 -51 147 363 296 -273 -171 4 176 -721 -639 -56 -371 -262 -1328 
computing eigenvalues for k = 1, took 295.602070 sec
traces of hecke eigenvalues of T_{p^2} are:
-68 
computing eigenvalues for k = 2, took 0.729545 sec
traces of hecke eigenvalues of T_{p^1} are:
-31 24 -46 -48 -5 78 -124 -342 -177 -156 2 294 -297 556 398 407 570 544 376 -130 -2273 
computing eigenvalues for k = 1, took 297.228967 sec
traces of hecke eigenvalues of T_{p^2} are:
34 
computing eigenvalues for k = 2, took 0.691671 sec
traces of hecke eigenvalues of T_{p^1} are:
-2 -56 4 -88 -30 -8 -4 172 -718 -8 220 12 510 440 48 158 1828 -3328 -524 -1772 -1250 
computing eigenvalues for k = 1, took 296.676248 sec
traces of hecke eigenvalues of T_{p^2} are:
40 
computing eigenvalues for k = 2, took 0.691781 sec
For conductor 10:
traces of hecke eigenvalues of T_{p^1} are:
82 84 94 252 220 504 750 1102 1884 2164 2352 3444 3570 3304 4222 6174 5614 5680 7944 8130 9592 
computing eigenvalues for k = 1, took 163.033024 sec
traces of hecke eigenvalues of T_{p^2} are:
256 
computing eigenvalues for k = 2, took 0.458942 sec
traces of hecke eigenvalues of T_{p^1} are:
52 84 184 192 520 624 1080 1072 1524 1624 2472 2784 3780 4084 5152 4344 4924 5680 6624 8220 7972 
computing eigenvalues for k = 1, took 163.337536 sec
traces of hecke eigenvalues of T_{p^2} are:
16 
computing eigenvalues for k = 2, took 0.461788 sec
traces of hecke eigenvalues of T_{p^1} are:
38 132 210 316 260 400 842 1202 1628 1980 2552 2148 3150 3648 4114 4538 4330 7480 6960 8222 9280 
computing eigenvalues for k = 1, took 162.912392 sec
traces of hecke eigenvalues of T_{p^2} are:
-96 
computing eigenvalues for k = 2, took 0.465080 sec
traces of hecke eigenvalues of T_{p^1} are:
-31 24 -46 -48 -5 78 -124 -342 -177 -156 2 294 -297 556 398 407 570 544 376 -130 -2273 
computing eigenvalues for k = 1, took 309.463869 sec
traces of hecke eigenvalues of T_{p^2} are:
34 
computing eigenvalues for k = 2, took 0.567182 sec
traces of hecke eigenvalues of T_{p^1} are:
-36 -52 -22 -126 280 98 710 -816 178 -622 244 -792 480 238 2264 -1252 -372 -2070 -1692 1310 -4426 
computing eigenvalues for k = 1, took 166.262419 sec
traces of hecke eigenvalues of T_{p^2} are:
112 
computing eigenvalues for k = 2, took 0.461701 sec
traces of hecke eigenvalues of T_{p^1} are:
-14 -88 60 121 -41 298 -200 -119 -305 339 784 207 613 -548 908 595 61 -424 -307 10 1612 
computing eigenvalues for k = 1, took 166.827156 sec
traces of hecke eigenvalues of T_{p^2} are:
4 
computing eigenvalues for k = 2, took 0.458724 sec
traces of hecke eigenvalues of T_{p^1} are:
240 570 736 1395 1687 2364 3662 6019 7013 7655 8830 11045 14255 14262 18066 20773 22615 22900 28695 33332 37220 
computing eigenvalues for k = 1, took 163.066793 sec
traces of hecke eigenvalues of T_{p^2} are:
320 
computing eigenvalues for k = 2, took 0.459628 sec
traces of hecke eigenvalues of T_{p^1} are:
-22 245 -324 -245 -172 -15 352 -894 1214 -1034 1888 263 1314 582 -2526 2963 -1236 -1010 2843 1682 -3291 
computing eigenvalues for k = 1, took 163.040809 sec
traces of hecke eigenvalues of T_{p^2} are:
-102 
computing eigenvalues for k = 2, took 0.463268 sec
For conductor 15:
traces of hecke eigenvalues of T_{p^1} are:
76 108 256 360 256 432 792 1336 2052 1984 2232 3312 3564 3460 4360 4824 4972 5800 7128 9036 9220 
computing eigenvalues for k = 1, took 150.231695 sec
traces of hecke eigenvalues of T_{p^2} are:
208 
computing eigenvalues for k = 2, took 0.834961 sec
traces of hecke eigenvalues of T_{p^1} are:
12 -4 122 210 -248 -286 134 -288 1234 98 -236 264 48 -1010 680 -292 -276 -1830 -684 2942 -1930 
computing eigenvalues for k = 1, took 152.550233 sec
traces of hecke eigenvalues of T_{p^2} are:
16 
computing eigenvalues for k = 2, took 0.759582 sec
traces of hecke eigenvalues of T_{p^1} are:
238 432 800 1176 1596 2260 3376 5798 6646 8322 8906 11974 14054 15466 18544 19820 23432 24256 27850 30528 36966 
computing eigenvalues for k = 1, took 151.089285 sec
traces of hecke eigenvalues of T_{p^2} are:
304 
computing eigenvalues for k = 2, took 0.760157 sec
traces of hecke eigenvalues of T_{p^1} are:
331 979 1172 2180 2761 3713 6160 9652 12364 12541 15764 19689 26048 25904 30222 34575 36219 42581 48058 57477 64386 
computing eigenvalues for k = 1, took 150.181374 sec
traces of hecke eigenvalues of T_{p^2} are:
-152 
computing eigenvalues for k = 2, took 0.776270 sec
traces of hecke eigenvalues of T_{p^1} are:
-97 12 11 282 -293 585 344 138 -306 -509 2140 1529 -766 -371 -2740 628 952 -2024 153 -428 1811 
computing eigenvalues for k = 1, took 151.395936 sec
traces of hecke eigenvalues of T_{p^2} are:
-98 
computing eigenvalues for k = 2, took 0.792769 sec
traces of hecke eigenvalues of T_{p^1} are:
81 -73 54 247 437 -1121 -80 -60 637 -282 -1548 -2619 2335 6938 -1998 -2884 6048 6666 -3825 594 8 
computing eigenvalues for k = 1, took 154.777365 sec
traces of hecke eigenvalues of T_{p^2} are:
-410 
computing eigenvalues for k = 2, took 0.758621 sec
traces of hecke eigenvalues of T_{p^1} are:
68 -114 122 108 -400 -240 -330 230 1152 98 516 1218 -660 -766 680 -576 -2320 -724 810 3120 -184 
computing eigenvalues for k = 1, took 150.168048 sec
traces of hecke eigenvalues of T_{p^2} are:
176 
computing eigenvalues for k = 2, took 0.762901 sec
For conductor 30:
traces of hecke eigenvalues of T_{p^1} are:
12 -4 122 210 -248 -286 134 -288 1234 98 -236 264 48 -1010 680 -292 -276 -1830 -684 2942 -1930 
computing eigenvalues for k = 1, took 300.787113 sec
traces of hecke eigenvalues of T_{p^2} are:
16 
computing eigenvalues for k = 2, took 0.480083 sec
traces of hecke eigenvalues of T_{p^1} are:
-38 -28 8 96 -290 108 -232 240 366 -28 140 36 -82 -1344 -368 -850 -112 504 -500 -12 302 
computing eigenvalues for k = 1, took 290.295671 sec
traces of hecke eigenvalues of T_{p^2} are:
-8 
computing eigenvalues for k = 2, took 0.672368 sec
traces of hecke eigenvalues of T_{p^1} are:
-97 12 11 282 -293 585 344 138 -306 -509 2140 1529 -766 -371 -2740 628 952 -2024 153 -428 1811 
computing eigenvalues for k = 1, took 300.326196 sec
traces of hecke eigenvalues of T_{p^2} are:
-98 
computing eigenvalues for k = 2, took 0.476296 sec
For conductor 31:
traces of hecke eigenvalues of T_{p^1} are:
-75 -70 -122 -415 64 -198 -276 -15 -208 -127 -604 -453 54 -130 -542 576 -1835 848 33 -2576 -2079 
computing eigenvalues for k = 1, took 299.071446 sec
traces of hecke eigenvalues of T_{p^2} are:
-32 
computing eigenvalues for k = 2, took 0.686696 sec
For conductor 62:
traces of hecke eigenvalues of T_{p^1} are:
-73 -23 -94 154 -100 153 -106 -907 478 -625 1080 722 1046 -1308 1702 3689 -369 1102 2862 -1772 -44 
computing eigenvalues for k = 1, took 184.103690 sec
traces of hecke eigenvalues of T_{p^2} are:
-102 
computing eigenvalues for k = 2, took 0.581751 sec
traces of hecke eigenvalues of T_{p^1} are:
-24 52 48 -116 56 16 288 336 -124 156 -120 -656 -608 376 -888 240 692 -872 1876 -204 1060 
computing eigenvalues for k = 1, took 183.753731 sec
traces of hecke eigenvalues of T_{p^2} are:
48 
computing eigenvalues for k = 2, took 0.582958 sec
traces of hecke eigenvalues of T_{p^1} are:
50 171 271 333 357 484 934 1200 1584 2110 1877 3492 3174 3503 4679 5233 4728 5355 7465 8580 8503 
computing eigenvalues for k = 1, took 222.879089 sec
traces of hecke eigenvalues of T_{p^2} are:
0 
computing eigenvalues for k = 2, took 0.449474 sec
traces of hecke eigenvalues of T_{p^1} are:
21 86 202 314 477 580 664 1124 2089 1330 2108 2778 3239 3546 4616 5811 4588 6990 6322 9576 8891 
computing eigenvalues for k = 1, took 224.712967 sec
traces of hecke eigenvalues of T_{p^2} are:
-232 
computing eigenvalues for k = 2, took 0.451243 sec
traces of hecke eigenvalues of T_{p^1} are:
2 32 -56 -4 26 8 -256 -60 130 144 600 1324 -314 -972 -892 350 -916 -1404 560 -456 -1378 
computing eigenvalues for k = 1, took 185.429341 sec
traces of hecke eigenvalues of T_{p^2} are:
-44 
computing eigenvalues for k = 2, took 0.591819 sec
traces of hecke eigenvalues of T_{p^1} are:
70 220 262 604 716 1024 1450 2538 2988 3608 4200 5812 6382 8380 9186 10506 10582 13508 13944 15462 17664 
computing eigenvalues for k = 1, took 224.239010 sec
traces of hecke eigenvalues of T_{p^2} are:
-240 
computing eigenvalues for k = 2, took 0.455264 sec
traces of hecke eigenvalues of T_{p^1} are:
318 700 986 1501 1947 2870 4544 7141 8813 9521 11698 14079 17659 18642 23200 24417 26585 31578 34481 39774 47488 
computing eigenvalues for k = 1, took 223.079163 sec
traces of hecke eigenvalues of T_{p^2} are:
544 
computing eigenvalues for k = 2, took 0.452495 sec
traces of hecke eigenvalues of T_{p^1} are:
3 -18 -40 -60 -53 186 102 268 461 -36 264 -22 621 -496 380 -1731 -912 32 282 838 -2033 
computing eigenvalues for k = 1, took 184.107360 sec
traces of hecke eigenvalues of T_{p^2} are:
-64 
computing eigenvalues for k = 2, took 0.582844 sec
traces of hecke eigenvalues of T_{p^1} are:
141 250 286 622 813 1228 1656 2932 3473 3258 4912 4882 7359 7186 7736 10003 10476 12258 13450 15836 19015 
computing eigenvalues for k = 1, took 220.816398 sec
traces of hecke eigenvalues of T_{p^2} are:
328 
computing eigenvalues for k = 2, took 0.444400 sec
For conductor 93:
traces of hecke eigenvalues of T_{p^1} are:
175 -199 266 27 -75 -309 -440 1374 -153 260 1148 -413 1535 1602 -1846 -676 3386 -238 795 -1806 1284 
computing eigenvalues for k = 1, took 181.884382 sec
traces of hecke eigenvalues of T_{p^2} are:
-110 
computing eigenvalues for k = 2, took 0.511611 sec
traces of hecke eigenvalues of T_{p^1} are:
119 235 281 625 1026 904 1750 2996 3473 4400 5099 4446 7237 8225 9883 9026 9856 12813 14209 16332 16530 
computing eigenvalues for k = 1, took 180.886278 sec
traces of hecke eigenvalues of T_{p^2} are:
152 
computing eigenvalues for k = 2, took 0.508034 sec
traces of hecke eigenvalues of T_{p^1} are:
187 455 571 989 1192 1776 2540 4020 5569 5708 7443 9040 11779 10783 14469 16642 16488 19985 22309 22578 28666 
computing eigenvalues for k = 1, took 183.199409 sec
traces of hecke eigenvalues of T_{p^2} are:
296 
computing eigenvalues for k = 2, took 0.514932 sec
traces of hecke eigenvalues of T_{p^1} are:
-22 32 40 156 -22 -232 -72 292 -630 496 -536 892 -874 1004 796 -498 28 156 448 856 -962 
computing eigenvalues for k = 1, took 181.332065 sec
traces of hecke eigenvalues of T_{p^2} are:
-44 
computing eigenvalues for k = 2, took 0.507499 sec
traces of hecke eigenvalues of T_{p^1} are:
206 554 740 1206 1424 2010 3618 5386 6998 7394 8518 11286 13942 15580 17864 21096 21842 25904 27258 32304 37646 
computing eigenvalues for k = 1, took 186.424978 sec
traces of hecke eigenvalues of T_{p^2} are:
48 
computing eigenvalues for k = 2, took 0.510515 sec
traces of hecke eigenvalues of T_{p^1} are:
-107 196 -63 154 -53 61 500 484 1098 -505 -1210 1571 1318 853 -3204 1580 -882 -1702 -2441 2594 -365 
computing eigenvalues for k = 1, took 182.597934 sec
traces of hecke eigenvalues of T_{p^2} are:
-172 
computing eigenvalues for k = 2, took 0.515761 sec
traces of hecke eigenvalues of T_{p^1} are:
313 721 1116 1896 2041 3241 5236 8420 9884 11053 13546 17421 19666 22222 26778 28287 32053 34531 40758 47923 57866 
computing eigenvalues for k = 1, took 179.819658 sec
traces of hecke eigenvalues of T_{p^2} are:
104 
computing eigenvalues for k = 2, took 0.499429 sec
For conductor 186:
traces of hecke eigenvalues of T_{p^1} are:
-41 4 8 -30 -5 -86 366 -82 -105 -244 -256 -94 475 -266 -328 -657 -250 -810 302 -1156 227 
computing eigenvalues for k = 1, took 480.315358 sec
traces of hecke eigenvalues of T_{p^2} are:
104 
computing eigenvalues for k = 2, took 0.584125 sec
traces of hecke eigenvalues of T_{p^1} are:
-107 196 -63 154 -53 61 500 484 1098 -505 -1210 1571 1318 853 -3204 1580 -882 -1702 -2441 2594 -365 
computing eigenvalues for k = 1, took 478.564237 sec
traces of hecke eigenvalues of T_{p^2} are:
-172 
computing eigenvalues for k = 2, took 0.583827 sec
For conductor 155:
traces of hecke eigenvalues of T_{p^1} are:
52 128 180 385 513 728 1056 1597 1687 1501 2498 2625 3573 4142 4954 6143 5575 5798 7509 7770 8680 
computing eigenvalues for k = 1, took 203.934664 sec
traces of hecke eigenvalues of T_{p^2} are:
16 
computing eigenvalues for k = 2, took 0.450484 sec
traces of hecke eigenvalues of T_{p^1} are:
32 110 206 392 312 448 798 1638 1792 2050 2688 3302 3564 3354 4576 5976 5620 6572 6574 7708 9728 
computing eigenvalues for k = 1, took 204.821913 sec
traces of hecke eigenvalues of T_{p^2} are:
-144 
computing eigenvalues for k = 2, took 0.452681 sec
traces of hecke eigenvalues of T_{p^1} are:
76 176 162 238 312 734 864 1198 1924 2314 2864 3126 4224 4256 5236 5096 5026 5120 8202 8016 10696 
computing eigenvalues for k = 1, took 205.141626 sec
traces of hecke eigenvalues of T_{p^2} are:
208 
computing eigenvalues for k = 2, took 0.456135 sec
traces of hecke eigenvalues of T_{p^1} are:
168 414 510 990 972 1614 2652 4164 5454 5250 6534 9102 10284 10080 12546 14190 15192 17916 21330 24090 28026 
computing eigenvalues for k = 1, took 205.630189 sec
traces of hecke eigenvalues of T_{p^2} are:
144 
computing eigenvalues for k = 2, took 0.452091 sec
traces of hecke eigenvalues of T_{p^1} are:
343 887 1272 1970 2777 3721 5554 9800 11116 13123 14996 18559 24636 26790 31526 34803 37899 42195 46842 55955 65610 
computing eigenvalues for k = 1, took 206.355224 sec
traces of hecke eigenvalues of T_{p^2} are:
-56 
computing eigenvalues for k = 2, took 0.451682 sec
traces of hecke eigenvalues of T_{p^1} are:
19 -252 225 -30 99 249 -190 804 160 317 46 299 -2792 1245 834 -1290 2526 -5224 -3661 1252 4129 
computing eigenvalues for k = 1, took 178.410616 sec
traces of hecke eigenvalues of T_{p^2} are:
-174 
computing eigenvalues for k = 2, took 0.471490 sec
traces of hecke eigenvalues of T_{p^1} are:
-45 157 -208 145 -165 17 1282 -1114 2351 -786 1064 1507 2917 2380 -564 3278 -592 -1356 -1541 -190 -1942 
computing eigenvalues for k = 1, took 178.012274 sec
traces of hecke eigenvalues of T_{p^2} are:
-104 
computing eigenvalues for k = 2, took 0.473813 sec
traces of hecke eigenvalues of T_{p^1} are:
524 1192 1826 2668 3570 4786 8272 12768 15550 17176 20148 26228 32162 36400 40464 45718 51488 59648 62664 73176 84104 
computing eigenvalues for k = 1, took 205.223908 sec
traces of hecke eigenvalues of T_{p^2} are:
592 
computing eigenvalues for k = 2, took 0.449683 sec
For conductor 310:
traces of hecke eigenvalues of T_{p^1} are:
-5 -76 -26 72 37 -18 -48 -162 -153 -184 6 118 -479 92 -686 21 -394 144 1224 -1362 767 
computing eigenvalues for k = 1, took 288.636565 sec
traces of hecke eigenvalues of T_{p^2} are:
-38 
computing eigenvalues for k = 2, took 0.668275 sec
traces of hecke eigenvalues of T_{p^1} are:
19 -252 225 -30 99 249 -190 804 160 317 46 299 -2792 1245 834 -1290 2526 -5224 -3661 1252 4129 
computing eigenvalues for k = 1, took 289.183038 sec
traces of hecke eigenvalues of T_{p^2} are:
-174 
computing eigenvalues for k = 2, took 0.666229 sec
For conductor 465:
traces of hecke eigenvalues of T_{p^1} are:
-20 -4 34 -30 48 -70 -172 -442 4 -94 152 190 592 -276 -364 -184 470 -184 -310 -376 -1448 
computing eigenvalues for k = 1, took 482.839342 sec
traces of hecke eigenvalues of T_{p^2} are:
16 
computing eigenvalues for k = 2, took 0.558762 sec
traces of hecke eigenvalues of T_{p^1} are:
7 -16 -26 -108 69 -70 104 -22 -473 68 -70 -98 -167 -120 -538 -19 -670 -244 596 482 -401 
computing eigenvalues for k = 1, took 465.458683 sec
traces of hecke eigenvalues of T_{p^2} are:
-74 
computing eigenvalues for k = 2, took 0.565020 sec
traces of hecke eigenvalues of T_{p^1} are:
-13 28 -22 52 -167 94 124 -282 -93 664 -150 -242 -647 248 -42 -387 -274 244 612 -726 -657 
computing eigenvalues for k = 1, took 466.283429 sec
traces of hecke eigenvalues of T_{p^2} are:
-18 
computing eigenvalues for k = 2, took 0.560154 sec
For conductor 930:
traces of hecke eigenvalues of T_{p^1} are:
56 -123 -44 -385 408 -189 -548 -268 -402 814 440 -919 610 3710 1722 1715 -1036 6170 -997 -1878 2139 
computing eigenvalues for k = 1, took 178.049328 sec
traces of hecke eigenvalues of T_{p^2} are:
-312 
computing eigenvalues for k = 2, took 0.469492 sec
traces of hecke eigenvalues of T_{p^1} are:
20 -24 100 -48 -48 64 -20 300 84 436 -400 132 -684 -688 -1000 280 300 -1152 820 492 -92 
computing eigenvalues for k = 1, took 176.923059 sec
traces of hecke eigenvalues of T_{p^2} are:
48 
computing eigenvalues for k = 2, took 0.469267 sec
traces of hecke eigenvalues of T_{p^1} are:
-20 -4 34 -30 48 -70 -172 -442 4 -94 152 190 592 -276 -364 -184 470 -184 -310 -376 -1448 
computing eigenvalues for k = 1, took 197.332692 sec
traces of hecke eigenvalues of T_{p^2} are:
16 
computing eigenvalues for k = 2, took 0.666251 sec
traces of hecke eigenvalues of T_{p^1} are:
7 -16 -26 -108 69 -70 104 -22 -473 68 -70 -98 -167 -120 -538 -19 -670 -244 596 482 -401 
computing eigenvalues for k = 1, took 198.304547 sec
traces of hecke eigenvalues of T_{p^2} are:
-74 
computing eigenvalues for k = 2, took 0.665073 sec
traces of hecke eigenvalues of T_{p^1} are:
158 380 526 1036 1220 1664 2366 3854 4740 5188 6336 8460 10110 10696 12810 14346 16606 19688 21608 21618 27072 
computing eigenvalues for k = 1, took 218.342185 sec
traces of hecke eigenvalues of T_{p^2} are:
64 
computing eigenvalues for k = 2, took 0.443029 sec
