constructing eigenvector for poly
x^17-547*x^16+139405*x^15-21973373*x^14+2397882368*x^13-192144077550*x^12+11699612977214*x^11-552548782677990*x^10+20476150447743513*x^9-598301989913115567*x^8+13771837297424938733*x^7-248056772505615212949*x^6+3449548231040381413102*x^5-36213950349565646329800*x^4+276778697326328262497984*x^3-1448891394751750312285184*x^2+4629937175861151704223744*x-6785494940807429228101632
constructing eigenvector for poly
x-156
constructing eigenvector for poly
x-31
constructing eigenvector for poly
x-21
constructing eigenvector for poly
x^2-7*x-94
constructing eigenvector for poly
x^2-50*x+575
constructing eigenvector for poly
x^12-336*x^11+51071*x^10-4643134*x^9+281176047*x^8-11945889684*x^7+365004092257*x^6-8078655044398*x^5+128490978419280*x^4-1431479539339472*x^3+10597071564097536*x^2-46773387030986496*x+93019453716064256
constructing eigenvector for poly
x^9-311*x^8+42279*x^7-3293413*x^6+161787420*x^5-5190646600*x^4+108617708640*x^3-1427861853696*x^2+10691276085120*x-34728356212608
constructing eigenvector for poly
x^17-19*x^16-518*x^15+11049*x^14+97078*x^13-2547192*x^12-7334971*x^11+301557842*x^10+19770427*x^9-19597660243*x^8+29858876951*x^7+681627966610*x^6-1692103235889*x^5-11065265047385*x^4+32968782977590*x^3+55746495022839*x^2-134387395030605*x-153649422510925
constructing eigenvector for poly
x+22
constructing eigenvector for poly
x^2+19*x-69
constructing eigenvector for poly
x^4+48*x^3+666*x^2+2024*x-3203
constructing eigenvector for poly
x+15
constructing eigenvector for poly
x-36
constructing eigenvector for poly
x-16
constructing eigenvector for poly
x^2-12*x-264
constructing eigenvector for poly
x^19+60*x^18+596*x^17-24854*x^16-475538*x^15+2346111*x^14+91677264*x^13+184084047*x^12-6392496167*x^11-33425113043*x^10+130070341168*x^9+1272319608940*x^8+1516849929212*x^7-9347442924727*x^6-30031420092984*x^5-24334664864409*x^4+11324932305780*x^3+22528977077127*x^2+7542196337068*x+609641644348
constructing eigenvector for poly
x^7-187*x^6+14456*x^5-595716*x^4+14053605*x^3-188756369*x^2+1329995090*x-3770236448
constructing eigenvector for poly
x^3-3*x^2+3*x-1
constructing eigenvector for poly
x^3+6*x^2-429*x-1217
constructing eigenvector for poly
x+29
constructing eigenvector for poly
x^7-237*x^6+23643*x^5-1285663*x^4+41117376*x^3-772749792*x^2+7897573948*x-33848304276
constructing eigenvector for poly
x^14-39*x^13+144*x^12+12378*x^11-173363*x^10-175352*x^9+16981319*x^8-92374399*x^7-154789547*x^6+2611590732*x^5-6524365614*x^4+465709917*x^3+15346243737*x^2-14904799045*x+3901908603
constructing eigenvector for poly
x^6-177*x^5+12704*x^4-471098*x^3+9460459*x^2-96716789*x+388487236
constructing eigenvector for poly
x^28+28*x^27-1780*x^26-55287*x^25+1139047*x^24+42424453*x^23-296958718*x^22-16143600016*x^21+16505307914*x^20+3306033061522*x^19+5408346587605*x^18-390787485123066*x^17-1053442765973043*x^16+27935703909175244*x^15+80301396803798441*x^14-1241486785769610584*x^13-3162214446532786176*x^12+34684822205693420046*x^11+68593604031060780203*x^10-603370612857150894991*x^9-827015322374874101908*x^8+6300306552858067110455*x^7+5583151486929543293049*x^6-36881887415523278856120*x^5-23549393236214666889887*x^4+109798054974089293994748*x^3+70060839266891332172880*x^2-132033265024437139298848*x-105759186988310493786636
constructing eigenvector for poly
x^6-168*x^5+11384*x^4-397184*x^3+7510721*x^2-72950184*x+284328758
constructing eigenvector for poly
x^17-531*x^16+131265*x^15-20055587*x^14+2120294968*x^13-164533381432*x^12+9699849116562*x^11-443538376158766*x^10+15917882502804029*x^9-450681788134259559*x^8+10060916655786272109*x^7-175973189536294249031*x^6+2380432694374091313186*x^5-24363379472041007816758*x^4+182045579044949584884136*x^3-934893937905208652524032*x^2+2942901475498205620939392*x-4269536802042779742653952
constructing eigenvector for poly
x^3-13*x^2-177*x+1189
constructing eigenvector for poly
x^3+16*x^2+46*x+29
computing eigenvectors took 21.704262 sec
For conductor 1, eigenvectors are:
a vector of length 62 over Number field with defining polynomial a number field of degree 17
-1 -1 -1 -1 -1 -1 -1 -1 -1 -1 -1 -1 -1 -1 -1 -1 -1 -1 -1 -1 -1 -1 -1 -1 -1 -1 -1 -1 -1 -1 -1 -1 -1 -1 -1 -1 -1 -1 -1 -1 -1 -1 -1 -1 -1 -1 -1 -1 -1 -1 -1 -1 -1 -1 -1 -1 -1 -1 -1 -1 -1 -1 over Number field with defining polynomial x-156
375 300 66 18 150 84 42 200 -75 0 -27 52 16 4 0 -42 18 -6 75 18 30 50 8 34 24 -8 40 14 38 38 14 24 -21 12 3 -33 -54 -24 6 -7 -8 8 6 -46 -18 -6 -13 2 7 -6 8 -26 -24 10 -6 4 12 17 6 10 1 -28 over Number field with defining polynomial x-31
-160 0 12 -48 -64 -12 -20 0 -96 -42 -8 4 4 12 -43 -36 -20 -28 -32 1 -2 0 -16 2 -2 -2 -10 -10 -8 -6 -18 10 -17 9 8 -7 -15 -18 -15 -11 34 -21 -3 -12 27 13 13 -5 6 -3 4 -2 -2 12 16 -2 27 17 -8 11 -5 -1 over Number field with defining polynomial x-21
0 0 24*a-504 84*a-1284 0 -24*a+504 12*a+228 0 0 -108*a+1308 84*a-1284 60*a-780 -76*a+1116 -60*a+780 54*a-654 -21*a+321 57*a-597 9*a-549 0 -24*a+264 -54*a+574 0 -18*a+458 32*a-512 -30*a+390 38*a-558 -16*a+176 10*a-130 -38*a+398 30*a-390 40*a-680 -24*a+344 -27*a+447 3*a+57 18*a-138 3*a+57 -24*a+264 -2*a-38 10*a-210 20*a-180 -37*a+497 8*a+72 -18*a+218 -2*a+122 52*a-692 4*a-164 28*a-348 4*a-4 -22*a+222 a+19 5*a+15 -14*a+214 14*a-214 6*a-46 -13*a+153 a-61 12*a-172 5*a-65 -10*a+130 -16*a+256 -80 -a-19 over Number field with defining polynomial x^2-7*x-94
-22650*a+766500 26520*a-1101600 9180*a-339480 3744*a-64860 -9060*a+306600 4080*a-211320 -4944*a+121680 20400*a-452200 8340*a-154650 732*a-82710 3822*a-113430 -116*a-34700 6172*a-168040 -900*a+35060 519*a-65145 3234*a-61110 -4314*a+130380 -2952*a+56370 -4530*a+153300 6807*a-183375 -6156*a+139480 5100*a-113050 218*a-11380 -584*a-150 4478*a-166250 -3086*a+84020 -2820*a+92730 3922*a-95500 -144*a+15280 4530*a-107970 498*a-27660 1504*a-25280 -441*a-6090 3570*a-116910 4161*a-106590 3294*a-122880 2808*a-93975 303*a-12005 -753*a+21980 365*a-1795 -2388*a+77110 -4362*a+95180 2112*a-37750 132*a-8970 -1162*a+41875 3489*a-108315 4178*a-129380 2513*a-58475 3867*a-87985 -1132*a+33655 1197*a-28800 2204*a-50870 90*a+5560 -4249*a+105015 424*a-16450 -3570*a+101800 -1288*a+40135 173*a+8505 -2694*a+71805 -3547*a+98520 -7555 -586*a+18530 over Number field with defining polynomial x^2-50*x+575
a vector of length 62 over Number field with defining polynomial a number field of degree 12
-690*a^8 + 191470*a^7 - 22885190*a^6 + 1537328290*a^5 - 63421529520*a^4 + 1643901839640*a^3 - 26124387840320*a^2 + 232566464988480*a - 887365206914560 -1220*a^8 + 347724*a^7 - 42690428*a^6 + 2944916036*a^5 - 124671315760*a^4 + 3311626426464*a^3 - 53812196352000*a^2 + 488252480827264*a - 1891180536370432 -350*a^8 + 98730*a^7 - 11996642*a^6 + 819028910*a^5 - 34310974216*a^4 + 901651302192*a^3 - 14489002649088*a^2 + 129938669847616*a - 497200708577920 -284*a^8 + 82268*a^7 - 10287996*a^6 + 724420772*a^5 - 31362576888*a^4 + 853210569936*a^3 - 14212486068608*a^2 + 132223610910016*a - 524867739998080 -276*a^8 + 76588*a^7 - 9154076*a^6 + 614931316*a^5 - 25368611808*a^4 + 657560735856*a^3 - 10449755136128*a^2 + 93026585995392*a - 354946082765824 -260*a^8 + 75132*a^7 - 9348572*a^6 + 653429108*a^5 - 28024683664*a^4 + 754161911040*a^3 - 12417095526912*a^2 + 114187570566016*a - 448389559607296 -4*a^8 + 3564*a^7 - 769300*a^6 + 78329652*a^5 - 4482549288*a^4 + 152378305056*a^3 - 3047428629056*a^2 + 33001383375296*a - 148683320850304 384*a^8 - 107920*a^7 + 13091328*a^6 - 894400272*a^5 + 37599083296*a^4 - 994631281792*a^3 + 16145543482496*a^2 - 146801885477632*a + 571484972377088 -110*a^8 + 31838*a^7 - 4017222*a^6 + 287972642*a^5 - 12788187252*a^4 + 358877167272*a^3 - 6188285342048*a^2 + 59673468863776*a - 245377670562496 -98*a^8 + 25290*a^7 - 2740454*a^6 + 161279702*a^5 - 5554929112*a^4 + 111805391232*a^3 - 1220027735616*a^2 + 5696422971712*a - 2117525146624 -46*a^8 + 14154*a^7 - 1880374*a^6 + 140577318*a^5 - 6453065724*a^4 + 185746695120*a^3 - 3264219276992*a^2 + 31918975834208*a - 132583184239552 356*a^8 - 101100*a^7 + 12347356*a^6 - 845752580*a^5 + 35477244720*a^4 - 931534753312*a^3 + 14922798554720*a^2 - 133098161834048*a + 505345674682496 -88*a^8 + 26480*a^7 - 3431864*a^6 + 249774528*a^5 - 11143132256*a^4 + 311302012544*a^3 - 5304122982080*a^2 + 50254366059648*a - 202251688715008 32*a^8 - 10624*a^7 + 1510016*a^6 - 119828096*a^5 + 5796226912*a^4 - 174623898432*a^3 + 3191955727680*a^2 - 32279778347904*a + 137949896443136 -54*a^8 + 12576*a^7 - 1154986*a^6 + 49995672*a^5 - 754320932*a^4 - 18273239060*a^3 + 937282348352*a^2 - 14278686415904*a + 76777016657216 16*a^8 - 4648*a^7 + 563388*a^6 - 37118872*a^5 + 1446550596*a^4 - 33864058848*a^3 + 458978846128*a^2 - 3219168295616*a + 8528099718272 72*a^8 - 21518*a^7 + 2770276*a^6 - 200456942*a^5 + 8905868952*a^4 - 248403215640*a^3 + 4240591477168*a^2 - 40431748820256*a + 164494101699008 116*a^8 - 32118*a^7 + 3810068*a^6 - 252598926*a^5 + 10226304516*a^4 - 258744634440*a^3 + 3996777138304*a^2 - 34502626376992*a + 127651535693504 186*a^8 - 53282*a^7 + 6591388*a^6 - 459546038*a^5 + 19731309918*a^4 - 533704529964*a^3 + 8870038562176*a^2 - 82689606744720*a + 330398690388896 -264*a^8 + 76014*a^7 - 9437290*a^6 + 658957398*a^5 - 28259150990*a^4 + 760794949180*a^3 - 12531392175664*a^2 + 115213251265456*a - 451827896079136 104*a^8 - 27036*a^7 + 2969620*a^6 - 178699860*a^5 + 6376579188*a^4 - 135936093440*a^3 + 1643113225888*a^2 - 9679744157792*a + 17366157548480 96*a^8 - 26980*a^7 + 3272832*a^6 - 223600068*a^5 + 9399770824*a^4 - 248657820448*a^3 + 4036385870624*a^2 - 36700471369408*a + 142871243094272 156*a^8 - 45336*a^7 + 5685440*a^6 - 401247008*a^5 + 17399409764*a^4 - 473739869992*a^3 + 7890763517056*a^2 - 73330238957152*a + 290470845892544 -24*a^8 + 8748*a^7 - 1320016*a^6 + 108849868*a^5 - 5394488000*a^4 + 164955709552*a^3 - 3041720223040*a^2 + 30913349437568*a - 132486961830016 424*a^8 - 122880*a^7 + 15341772*a^6 - 1076214952*a^5 + 46317453540*a^4 - 1249931543120*a^3 + 20611228495360*a^2 - 189463395608288*a + 741942927639488 44*a^8 - 13240*a^7 + 1715932*a^6 - 124887264*a^5 + 5571566128*a^4 - 155651006272*a^3 + 2652061491040*a^2 - 25127183029824*a + 101125844357504 -44*a^8 + 11224*a^7 - 1208476*a^6 + 71185368*a^5 - 2482016240*a^4 + 51588766120*a^3 - 606599262432*a^2 + 3471362950912*a - 6056850780544 -248*a^8 + 72008*a^7 - 9009692*a^6 + 633623192*a^5 - 27351750436*a^4 + 740796769016*a^3 - 12268941338496*a^2 + 113365061545312*a - 446614905874240 76*a^8 - 21176*a^7 + 2547408*a^6 - 172726064*a^5 + 7216960644*a^4 - 190200876216*a^3 + 3086298056672*a^2 - 28171905282976*a + 110603059126592 -148*a^8 + 43784*a^7 - 5577608*a^6 + 399066896*a^5 - 17512064452*a^4 + 481757202696*a^3 - 8096909656032*a^2 + 75846819454496*a - 302593555583680 12*a^8 - 4476*a^7 + 699356*a^6 - 59903308*a^5 + 3078792712*a^4 - 97195145000*a^3 + 1838428334912*a^2 - 19020149356992*a + 82351648624256 6*a^8 - 1734*a^7 + 209642*a^6 - 13714058*a^5 + 521834352*a^4 - 11434493408*a^3 + 129856110832*a^2 - 504102984992*a - 1290573164224 -28*a^8 + 6576*a^7 - 618552*a^6 + 28566604*a^5 - 571901820*a^4 - 2559151852*a^3 + 336949929952*a^2 - 5723571768032*a + 32144085524672 -110*a^8 + 30582*a^7 - 3661178*a^6 + 246157178*a^5 - 10149316192*a^4 + 262285173336*a^3 - 4140227442816*a^2 + 36422442282304*a - 136502964387136 -46*a^8 + 13434*a^7 - 1698864*a^6 + 121322830*a^5 - 5341360134*a^4 + 148109571500*a^3 - 2519144900768*a^2 + 23956467930640*a - 97230468959776 110*a^8 - 31008*a^7 + 3757868*a^6 - 255484080*a^5 + 10648592646*a^4 - 278445433968*a^3 + 4458905173264*a^2 - 39972832314736*a + 153563667845600 -22*a^8 + 6906*a^7 - 929372*a^6 + 69960734*a^5 - 3217601130*a^4 + 92415894916*a^3 - 1615326857456*a^2 + 15671649976848*a - 64473477186976 2*a^8 - 698*a^7 + 107908*a^6 - 9448062*a^5 + 505489958*a^4 - 16783325812*a^3 + 335952171216*a^2 - 3692907242352*a + 17016069443552 136*a^8 - 39200*a^7 + 4870928*a^6 - 340290128*a^5 + 14593863656*a^4 - 392665243888*a^3 + 6458882415584*a^2 - 59247657404800*a + 231604062631808 -48*a^8 + 13162*a^7 - 1545908*a^6 + 101390254*a^5 - 4053632744*a^4 + 100978651236*a^3 - 1528198085776*a^2 + 12833926463104*a - 45782174719552 -124*a^8 + 34808*a^7 - 4196276*a^6 + 283353088*a^5 - 11704029016*a^4 + 302366642128*a^3 - 4764442674944*a^2 + 41817004384704*a - 156419003814784 84*a^8 - 22774*a^7 + 2636846*a^6 - 169941418*a^5 + 6655754462*a^4 - 162009049776*a^3 + 2393343216384*a^2 - 19653633815600*a + 68901868791008 -80*a^8 + 22646*a^7 - 2759330*a^6 + 188839582*a^5 - 7931891654*a^4 + 209208996596*a^3 - 3381121240576*a^2 + 30589793301968*a - 118515084729184 -26*a^8 + 8156*a^7 - 1092522*a^6 + 81620088*a^5 - 3717556496*a^4 + 105603966288*a^3 - 1824599451760*a^2 + 17502520075104*a - 71262669639616 -76*a^8 + 19976*a^7 - 2228904*a^6 + 137201416*a^5 - 5062901564*a^4 + 113690500064*a^3 - 1498586127264*a^2 + 10401349185184*a - 28099581955648 88*a^8 - 24796*a^7 + 3003820*a^6 - 204126884*a^5 + 8502992124*a^4 - 222149470176*a^3 + 3552771769664*a^2 - 31787982925344*a + 121789619835200 162*a^8 - 47424*a^7 + 5975696*a^6 - 422763504*a^5 + 18339729942*a^4 - 498696658968*a^3 + 8285233292016*a^2 - 76739120534192*a + 302858843039840 94*a^8 - 26578*a^7 + 3231162*a^6 - 220238598*a^5 + 9188083944*a^4 - 239739030408*a^3 + 3811938008512*a^2 - 33693856706560*a + 126546794378048 40*a^8 - 11234*a^7 + 1351768*a^6 - 90825082*a^5 + 3717872364*a^4 - 94681522304*a^3 + 1460511381040*a^2 - 12438940627168*a + 44681940079232 -110*a^8 + 31872*a^7 - 3971526*a^6 + 277640540*a^5 - 11893606760*a^4 + 319230232640*a^3 - 5234336243232*a^2 + 47859767579200*a - 186580164697600 36*a^8 - 9560*a^7 + 1087812*a^6 - 69208008*a^5 + 2691755112*a^4 - 65586554352*a^3 + 979979976672*a^2 - 8243568769600*a + 30020952046592 24*a^8 - 7096*a^7 + 899636*a^6 - 63786920*a^5 + 2761675868*a^4 - 74609149400*a^3 + 1225342331920*a^2 - 11157790099936*a + 43051066960064 -44*a^8 + 11972*a^7 - 1393590*a^6 + 90469520*a^5 - 3575952690*a^4 + 87995234016*a^3 - 1315445678192*a^2 + 10926353398576*a - 38660643782752 1976*a^7 - 500912*a^6 + 53451616*a^5 - 3105827104*a^4 + 105873520152*a^3 - 2111622557248*a^2 + 22751331325248*a - 101908825917952 -1516*a^7 + 377050*a^6 - 39505728*a^5 + 2256065122*a^4 - 75668926800*a^3 + 1486738234768*a^2 - 15800770238960*a + 69905535464672 -1216*a^7 + 305950*a^6 - 32398120*a^5 + 1867601286*a^4 - 63134126044*a^3 + 1248051205232*a^2 - 13320205596624*a + 59080282617248 364*a^7 - 93984*a^6 + 10187676*a^5 - 599535200*a^4 + 20629230488*a^3 - 413741641920*a^2 + 4464389812672*a - 19948759068928 28*a^7 - 13046*a^6 + 2027476*a^5 - 154667998*a^4 + 6522951620*a^3 - 154794231856*a^2 + 1928592679056*a - 9757193687776 134*a^7 - 32712*a^6 + 3348982*a^5 - 185549460*a^4 + 5973915760*a^3 - 110967439920*a^2 + 1092372369024*a - 4372437185728 -1028*a^7 + 255712*a^6 - 26774060*a^5 + 1526304080*a^4 - 51033119040*a^3 + 997935381888*a^2 - 10536410122432*a + 46236608950784 -46*a^7 + 11526*a^6 - 1282962*a^5 + 82464274*a^4 - 3279334152*a^3 + 79320121440*a^2 - 1057141544336*a + 5841560300000 -40*a^8 + 12440*a^7 - 1657034*a^6 + 123395612*a^5 - 5613170690*a^4 + 159502416448*a^3 - 2760227207280*a^2 + 26546204502864*a - 108446761677088 over Number field with defining polynomial x^9-311*x^8+42279*x^7-3293413*x^6+161787420*x^5-5190646600*x^4+108617708640*x^3-1427861853696*x^2+10691276085120*x-34728356212608
a vector of length 62 over Number field with defining polynomial a number field of degree 17
For conductor 2, eigenvectors are:
-1 -1 -1 0 0 0 0 over Number field with defining polynomial x+22
2*a-2 0 -a+1 7 -a+8 7 -a+1 over Number field with defining polynomial x^2+19*x-69
-4*a^3 - 172*a^2 - 2060*a - 4452 2*a^3 + 102*a^2 + 1382*a + 3074 -16*a^2 - 352*a - 848 -16*a^2 - 608*a - 5712 16*a^2 + 480*a + 3536 128*a+2176 -2*a^3 - 86*a^2 - 1094*a - 3570 over Number field with defining polynomial x^4+48*x^3+666*x^2+2024*x-3203
For conductor 3, eigenvectors are:
1 over Number field with defining polynomial x+15
For conductor 6, eigenvectors are:
28 -4 -2 8 2 -10 4 -6 2 3 5 -6 2 2 -3 -1 1 -1 -2 1 -3 2 -1 4 6 2 1 1 -3 -3 0 -1 -1 over Number field with defining polynomial x-36
0 -4 -6 -8 -6 -4 0 2 -2 1 -1 -2 -4 -2 -5 -1 -1 -3 0 1 3 -2 -1 0 -2 -2 1 1 -1 -1 0 -1 -1 over Number field with defining polynomial x-16
0 10*a-240 2*a-52 2*a-32 4*a-84 a-16 -2*a+52 0 -2*a+52 -4*a+74 2*a-42 2*a-32 -a+16 0 2*a-42 -a+26 -2*a+42 -10 -a+16 -a+26 10 0 -a+26 2*a-52 -2*a+52 0 a-26 a-26 -2*a+42 -10 0 -a+26 -a+26 over Number field with defining polynomial x^2-12*x-264
a vector of length 33 over Number field with defining polynomial a number field of degree 19
-10*a^6 + 1560*a^5 - 97870*a^4 + 3145430*a^3 - 54210770*a^2 + 469033580*a - 1565778720 32*a^5 - 4236*a^4 + 211772*a^3 - 4926552*a^2 + 52437848*a - 201593328 2*a^5 - 278*a^4 + 14608*a^3 - 354964*a^2 + 3863712*a - 14709480 -a^6 + 156*a^5 - 9660*a^4 + 301830*a^3 - 4987291*a^2 + 41114654*a - 131147352 -a^6 + 168*a^5 - 11254*a^4 + 381184*a^3 - 6811139*a^2 + 60195146*a - 202828040 -6*a^5 + 765*a^4 - 37016*a^3 + 837979*a^2 - 8687330*a + 32327160 -4*a^5 + 556*a^4 - 29216*a^3 + 709928*a^2 - 7727424*a + 29418960 -16*a^5 + 2140*a^4 - 107944*a^3 + 2524104*a^2 - 26785388*a + 101322720 20*a^5 - 2696*a^4 + 137160*a^3 - 3234032*a^2 + 34512812*a - 130741680 8*a^5 - 1070*a^4 + 53972*a^3 - 1262052*a^2 + 13392694*a - 50661360 -8*a^5 + 1107*a^4 - 58096*a^3 + 1418465*a^2 - 15707508*a + 62159656 10*a^5 - 1326*a^4 + 66238*a^3 - 1534930*a^2 + 16206664*a - 61399760 a^6 - 150*a^5 + 8895*a^4 - 264814*a^3 + 4149312*a^2 - 32427324*a + 98820192 -16*a^5 + 2118*a^4 - 105886*a^3 + 2463276*a^2 - 26218924*a + 100796664 -8*a^5 + 1011*a^4 - 47790*a^3 + 1044811*a^2 - 10511416*a + 38637008 -10*a^5 + 1348*a^4 - 68580*a^3 + 1617016*a^2 - 17256406*a + 65370840 a^6 - 160*a^5 + 10243*a^4 - 333394*a^3 + 5766328*a^2 - 49683730*a + 164191032 -a^6 + 160*a^5 - 10243*a^4 + 333394*a^3 - 5766328*a^2 + 49683730*a - 164191032 -a^6 + 163*a^5 - 10628*a^4 + 351905*a^3 - 6178829*a^2 + 53923350*a - 180181432 10*a^5 - 1348*a^4 + 68580*a^3 - 1617016*a^2 + 17256406*a - 65370840 5*a^5 - 663*a^4 + 33119*a^3 - 767465*a^2 + 8103332*a - 30699880 2*a^6 - 320*a^5 + 20486*a^4 - 666788*a^3 + 11532656*a^2 - 99367460*a + 328382064 -11*a^5 + 1455*a^4 - 72767*a^3 + 1695811*a^2 - 18115592*a + 70096784 5*a^5 - 626*a^4 + 29279*a^3 - 632310*a^2 + 6271796*a - 22646608 3*a^5 - 348*a^4 + 14671*a^3 - 277346*a^2 + 2408084*a - 7937128 -2*a^5 + 278*a^4 - 14608*a^3 + 354964*a^2 - 3863712*a + 14709480 -a^6 + 158*a^5 - 9965*a^4 + 318786*a^3 - 5411364*a^2 + 45820018*a - 149481552 -13*a^5 + 1733*a^4 - 87375*a^3 + 2050775*a^2 - 21979304*a + 84806264 -8*a^5 + 1070*a^4 - 53972*a^3 + 1262052*a^2 - 13392694*a + 50661360 5*a^5 - 663*a^4 + 33119*a^3 - 767465*a^2 + 8103332*a - 30699880 13*a^5 - 1733*a^4 + 87091*a^3 - 2029517*a^2 + 21496026*a - 81361240 3*a^5 - 385*a^4 + 18511*a^3 - 412501*a^2 + 4239620*a - 15990400 -a^6 + 160*a^5 - 10243*a^4 + 333394*a^3 - 5766328*a^2 + 49683730*a - 164191032 over Number field with defining polynomial x^7-187*x^6+14456*x^5-595716*x^4+14053605*x^3-188756369*x^2+1329995090*x-3770236448
0 -4*a^2 + 40*a + 488 2*a^2 + 22*a - 748 2*a^2 - 20*a + 50 -2*a^2 + 62*a - 554 a^2 - 10*a + 25 2*a^2 + 1*a - 643 a^2 - 31*a - 311 3*a^2 - 72*a - 450 -a^2 + 10*a - 25 -5*a^2 + 92*a + 106 2*a^2 - 20*a + 50 -2*a^2 + 41*a + 286 -21*a+252 3*a^2 - 30*a - 660 -a^2 + 10*a + 122 2*a^2 + 1*a - 790 -21*a+105 2*a^2 - 20*a - 97 2*a^2 - 20*a + 50 a^2 - 31*a - 164 -21*a+252 -a^2 + 10*a + 122 2*a^2 - 41*a + 8 2*a^2 - 20*a - 391 -21*a+252 a^2 - 10*a - 122 a^2 - 10*a - 122 a^2 - 10*a + 25 -147 0 -a^2 + 10*a + 122 -a^2 + 10*a + 122 over Number field with defining polynomial x^3+6*x^2-429*x-1217
For conductor 113, eigenvectors are:
1 over Number field with defining polynomial x+29
For conductor 226, eigenvectors are:
-12*a^6 + 2412*a^5 - 196944*a^4 + 8350812*a^3 - 193780140*a^2 + 2332843704*a - 11383404312 -4*a^6 + 790*a^5 - 63322*a^4 + 2632538*a^3 - 59816390*a^2 + 704371424*a - 3360649236 -6*a^5 + 960*a^4 - 60186*a^3 + 1848156*a^2 - 27802932*a + 163972368 -4*a^6 + 802*a^5 - 65398*a^4 + 2772842*a^3 - 64426862*a^2 + 777724280*a - 3811411380 9*a^5 - 1500*a^4 + 97743*a^3 - 3102234*a^2 + 47786490*a - 285048048 -18*a^5 + 3081*a^4 - 205014*a^3 + 6603483*a^2 - 102496662*a + 610924590 -3*a^6 + 603*a^5 - 49290*a^4 + 2094945*a^3 - 48800397*a^2 + 590773524*a - 2904900402 -3*a^5 + 540*a^4 - 37557*a^3 + 1254078*a^2 - 19983558*a + 121075680 3*a^5 - 480*a^4 + 30093*a^3 - 924078*a^2 + 13901466*a - 81986184 -3*a^6 + 600*a^5 - 48810*a^4 + 2064852*a^3 - 47876319*a^2 + 576872058*a - 2822914218 -a^6 + 199*a^5 - 16048*a^4 + 670433*a^3 - 15296465*a^2 + 180868664*a - 867421482 -a^6 + 202*a^5 - 16588*a^4 + 707990*a^3 - 16550543*a^2 + 200852222*a - 988497162 2*a^5 - 357*a^4 + 24874*a^3 - 840991*a^2 + 13733358*a - 86440646 -6*a^5 + 1038*a^4 - 70152*a^3 + 2305236*a^2 - 36676428*a + 225381072 9*a^5 - 1583*a^4 + 108235*a^3 - 3582147*a^2 + 57163480*a - 351053594 7*a^5 - 1239*a^4 + 85337*a^3 - 2845403*a^2 + 45718032*a - 282335314 -a^6 + 199*a^5 - 16048*a^4 + 670433*a^3 - 15296465*a^2 + 180868664*a - 867421482 -2*a^6 + 397*a^5 - 31998*a^4 + 1338649*a^3 - 30635696*a^2 + 363683334*a - 1750546764 -3*a^6 + 597*a^5 - 48247*a^4 + 2024267*a^3 - 46472328*a^2 + 553593602*a - 2674922488 -a^6 + 200*a^5 - 16249*a^4 + 685618*a^3 - 15836632*a^2 + 189910268*a - 924375724 a^5 - 201*a^4 + 15185*a^3 - 540167*a^2 + 9041604*a - 56954242 a^5 - 201*a^4 + 15185*a^3 - 540167*a^2 + 9041604*a - 56954242 -2*a^5 + 339*a^4 - 22372*a^3 + 713911*a^2 - 10941954*a + 64121438 -3*a^5 + 563*a^4 - 40585*a^3 + 1403991*a^2 - 23278456*a + 147991730 5*a^5 - 902*a^4 + 62957*a^3 - 2117902*a^2 + 34220410*a - 212113168 -4*a^5 + 681*a^4 - 45278*a^3 + 1464245*a^2 - 22943070*a + 138940426 -a^6 + 201*a^5 - 16450*a^4 + 700803*a^3 - 16376799*a^2 + 198951872*a - 981329966 over Number field with defining polynomial x^7-237*x^6+23643*x^5-1285663*x^4+41117376*x^3-772749792*x^2+7897573948*x-33848304276
a vector of length 27 over Number field with defining polynomial a number field of degree 14
-40*a^5 + 5810*a^4 - 324180*a^3 + 8572440*a^2 - 105033850*a + 456155720 -18*a^5 + 2592*a^4 - 143712*a^3 + 3816234*a^2 - 48275820*a + 231789312 3*a^5 - 494*a^4 + 31218*a^3 - 936554*a^2 + 13021751*a - 63121548 9*a^5 - 1392*a^4 + 83638*a^3 - 2423058*a^2 + 33471499*a - 173070172 -3*a^5 + 488*a^4 - 30659*a^3 + 921176*a^2 - 12963562*a + 64942904 -8*a^5 + 1162*a^4 - 64836*a^3 + 1714488*a^2 - 21006770*a + 91231144 3*a^5 - 454*a^4 + 26401*a^3 - 726610*a^2 + 9186284*a - 39631168 6*a^4 - 559*a^3 + 15378*a^2 - 58189*a - 1821356 -22*a^4 + 2370*a^3 - 86248*a^2 + 1118968*a - 2131536 3*a^5 - 432*a^4 + 24031*a^3 - 640362*a^2 + 8067316*a - 37499632 6*a^5 - 954*a^4 + 59048*a^3 - 1767318*a^2 + 25345994*a - 137391896 6*a^5 - 960*a^4 + 59607*a^3 - 1782696*a^2 + 25404183*a - 135570540 -2*a^5 + 300*a^4 - 17377*a^3 + 483212*a^2 - 6395657*a + 31767380 2*a^5 - 291*a^4 + 16250*a^3 - 432287*a^2 + 5431914*a - 25624008 -6*a^4 + 834*a^3 - 41538*a^2 + 851742*a - 5650248 -2*a^5 + 273*a^4 - 14277*a^3 + 356579*a^2 - 4264369*a + 19871716 -2*a^5 + 321*a^4 - 20263*a^3 + 624977*a^2 - 9334073*a + 53229812 5*a^5 - 757*a^4 + 44416*a^3 - 1249719*a^2 + 16559259*a - 79637084 3*a^5 - 423*a^4 + 22910*a^3 - 589419*a^2 + 7069961*a - 30419108 -2*a^5 + 334*a^4 - 21506*a^3 + 660300*a^2 - 9489298*a + 49217976 -18*a^4 + 1973*a^3 - 75708*a^2 + 1167545*a - 5752292 13*a^4 - 1243*a^3 + 35323*a^2 - 155225*a - 4011836 -12*a^4 + 1414*a^3 - 60330*a^2 + 1109356*a - 7573648 9*a^4 - 1121*a^3 + 50943*a^2 - 997355*a + 7080524 3*a^4 - 293*a^3 + 9387*a^2 - 112001*a + 493124 9*a^4 - 1127*a^3 + 50925*a^2 - 963743*a + 6143372 -2*a^5 + 316*a^4 - 19533*a^3 + 584592*a^2 - 8321753*a + 43465684 over Number field with defining polynomial x^6-177*x^5+12704*x^4-471098*x^3+9460459*x^2-96716789*x+388487236
For conductor 339, eigenvectors are:
a vector of length 51 over Number field with defining polynomial a number field of degree 28
-1715*a^5 + 236595*a^4 - 12558745*a^3 + 318396395*a^2 - 3825029200*a + 17272366950 -410*a^5 + 59550*a^4 - 3349750*a^3 + 90650010*a^2 - 1172323000*a + 5776047680 686*a^5 - 94638*a^4 + 5023498*a^3 - 127358558*a^2 + 1530011680*a - 6908946780 -124*a^5 + 19280*a^4 - 1150928*a^3 + 32806040*a^2 - 444181268*a + 2283516600 -230*a^5 + 32862*a^4 - 1814734*a^3 + 48153250*a^2 - 610661812*a + 2951432152 -41*a^5 + 5955*a^4 - 334975*a^3 + 9065001*a^2 - 117232300*a + 577604768 56*a^5 - 4558*a^4 + 82966*a^3 + 1607246*a^2 - 58265606*a + 411494088 a^5 - 669*a^4 + 65501*a^3 - 2519579*a^2 + 42834254*a - 268974716 344*a^5 - 51288*a^4 + 2969592*a^3 - 83011152*a^2 + 1114323472*a - 5738887032 76*a^5 - 10508*a^4 + 561244*a^3 - 14371364*a^2 + 174997768*a - 804494240 70*a^5 - 6452*a^4 + 180072*a^3 - 746536*a^2 - 31148742*a + 292111108 -59*a^5 + 8016*a^4 - 423201*a^3 + 10793269*a^2 - 132135168*a + 617938047 275*a^5 - 41699*a^4 + 2438970*a^3 - 68362202*a^2 + 912312971*a - 4627613803 -86*a^5 + 12864*a^4 - 743482*a^3 + 20683890*a^2 - 276327752*a + 1418830006 -20*a^5 + 1670*a^4 - 27658*a^3 - 935210*a^2 + 32221734*a - 252818004 64*a^5 - 8510*a^4 + 437492*a^3 - 10826292*a^2 + 128635164*a - 585701758 -184*a^5 + 27226*a^4 - 1562226*a^3 + 43205638*a^2 - 572819822*a + 2907524104 -52*a^5 + 6718*a^4 - 340572*a^3 + 8591232*a^2 - 110247920*a + 583278146 122*a^5 - 16144*a^4 + 813752*a^3 - 19318976*a^2 + 212839758*a - 848402288 -312*a^5 + 46240*a^4 - 2656678*a^3 + 73484710*a^2 - 971853818*a + 4902790882 118*a^5 - 16032*a^4 + 846402*a^3 - 21586538*a^2 + 264270336*a - 1235876094 352*a^5 - 51916*a^4 + 2973490*a^3 - 82157326*a^2 + 1088118406*a - 5513347150 26*a^5 - 2094*a^4 + 30046*a^3 + 1295858*a^2 - 39218352*a + 278984836 45*a^5 - 5205*a^4 + 232109*a^3 - 5044105*a^2 + 54795650*a - 245749126 39*a^5 - 7148*a^4 + 473776*a^3 - 14379282*a^2 + 200229937*a - 1026806138 -43*a^5 + 6890*a^4 - 419147*a^3 + 12118057*a^2 - 166615278*a + 874235145 -71*a^5 + 10526*a^4 - 611123*a^3 + 17314499*a^2 - 238770378*a + 1281890683 -16*a^5 + 2329*a^4 - 132788*a^3 + 3699624*a^2 - 50301556*a + 267084967 8*a^5 - 253*a^4 - 32682*a^3 + 2012048*a^2 - 38407022*a + 240390749 40*a^5 - 5928*a^4 + 337386*a^3 - 9138716*a^2 + 116740630*a - 559007540 -1273*a^4 + 140493*a^3 - 5539017*a^2 + 91718607*a - 540267650 6*a^5 - 1641*a^4 + 129788*a^3 - 4365830*a^2 + 65523886*a - 359773729 -49*a^5 + 7481*a^4 - 442786*a^3 + 12591970*a^2 - 170543885*a + 877481669 -4*a^5 + 864*a^4 - 59608*a^3 + 1757790*a^2 - 22294460*a + 94828874 -98*a^5 + 15032*a^4 - 896906*a^3 + 25942922*a^2 - 362918228*a + 1965539774 -59*a^5 + 8134*a^4 - 447375*a^3 + 12417247*a^2 - 175787434*a + 1013197831 -75*a^5 + 11112*a^4 - 636236*a^3 + 17390802*a^2 - 223882121*a + 1075787174 -10*a^5 + 1455*a^4 - 83247*a^3 + 2231703*a^2 - 26223067*a + 98075398 54*a^5 - 7822*a^4 + 442324*a^3 - 12091342*a^2 + 157933022*a - 783308956 8*a^5 + 492*a^4 - 114010*a^3 + 5260348*a^2 - 94737286*a + 598952672 -8*a^5 + 1228*a^4 - 70726*a^3 + 1808366*a^2 - 18390634*a + 40729358 20*a^5 - 2693*a^4 + 143906*a^3 - 3750200*a^2 + 46397730*a - 212985451 90*a^5 - 13476*a^4 + 782516*a^3 - 21975580*a^2 + 298146170*a - 1565207608 2*a^5 + 895*a^4 - 101716*a^3 + 3595678*a^2 - 48076686*a + 190053827 -14*a^5 + 1497*a^4 - 62032*a^3 + 1301574*a^2 - 14906258*a + 78639025 300*a^4 - 33414*a^3 + 1331096*a^2 - 22297850*a + 133134620 250*a^4 - 24245*a^3 + 853607*a^2 - 13099143*a + 74464195 -19*a^5 + 1838*a^4 - 61570*a^3 + 800946*a^2 - 2295395*a - 15533688 252*a^4 - 20574*a^3 + 466100*a^2 - 476042*a - 51548728 -1970*a^4 + 208981*a^3 - 7922321*a^2 + 126227063*a - 714146225 445*a^4 - 47914*a^3 + 1917204*a^2 - 34032414*a + 225427303 over Number field with defining polynomial x^6-168*x^5+11384*x^4-397184*x^3+7510721*x^2-72950184*x+284328758
a vector of length 51 over Number field with defining polynomial a number field of degree 17
For conductor 678, eigenvectors are:
a^2 - 12*a - 89 -10*a+110 a^2 - 2*a - 99 -10*a+110 a^2 - 12*a - 189 -100 over Number field with defining polynomial x^3-13*x^2-177*x+1189
2*a^2 + 24*a + 40 -a^2 - 7*a + 4 -a^2 - 16*a - 21 -9*a-25 -a^2 - 8*a - 19 -4*a-1 over Number field with defining polynomial x^3+16*x^2+46*x+29
For conductor 1:
traces of hecke eigenvalues of T_{p^1} are:
547 966 2369 3233 5450 6561 9794 15578 16836 23863 30100 32251 39615 50527 60959 64387 78123 89384 91148 109050 119819 136545 160005 
computing eigenvalues for k = 1, took 141.737782 sec
traces of hecke eigenvalues of T_{p^2} are:
630 928 
computing eigenvalues for k = 2, took 0.276059 sec
traces of hecke eigenvalues of T_{p^1} are:
156 400 1464 2380 5220 7240 12720 25260 30784 52060 70644 81400 106080 151740 208920 230764 305320 363024 394420 499360 578760 712980 922180 
computing eigenvalues for k = 1, took 144.812033 sec
traces of hecke eigenvalues of T_{p^2} are:
780 2800 
computing eigenvalues for k = 2, took 0.273363 sec
traces of hecke eigenvalues of T_{p^1} are:
31 23 118 195 287 396 425 1024 955 1194 1248 1568 1764 2468 3309 4223 5008 5777 4596 6520 6482 9572 11148 
computing eigenvalues for k = 1, took 144.886717 sec
traces of hecke eigenvalues of T_{p^2} are:
30 -216 
computing eigenvalues for k = 2, took 0.274722 sec
traces of hecke eigenvalues of T_{p^1} are:
21 67 82 129 323 314 389 1008 935 1374 2118 1746 1968 3108 4147 3417 3898 4509 4486 6664 6760 8136 7860 
computing eigenvalues for k = 1, took 145.375758 sec
traces of hecke eigenvalues of T_{p^2} are:
-30 136 
computing eigenvalues for k = 2, took 0.284046 sec
traces of hecke eigenvalues of T_{p^1} are:
7 -5 38 -39 -41 -188 105 -142 183 184 518 -64 952 -1084 -443 -963 -1064 925 -366 -176 -24 -708 1108 
computing eigenvalues for k = 1, took 11.431635 sec
traces of hecke eigenvalues of T_{p^2} are:
2 -24 
computing eigenvalues for k = 2, took 0.198145 sec
traces of hecke eigenvalues of T_{p^1} are:
50 90 220 356 464 628 1266 1430 1732 2860 3380 3856 4722 5320 6518 7738 8500 9638 12412 11608 14500 15330 19498 
computing eigenvalues for k = 1, took 146.927005 sec
traces of hecke eigenvalues of T_{p^2} are:
-12 -80 
computing eigenvalues for k = 2, took 0.273195 sec
traces of hecke eigenvalues of T_{p^1} are:
336 566 1526 1996 3468 4338 6210 10508 11382 17018 20654 21192 26400 34790 42984 45270 53416 61422 63526 71788 83176 95792 110080 
computing eigenvalues for k = 1, took 154.676372 sec
traces of hecke eigenvalues of T_{p^2} are:
144 -272 
computing eigenvalues for k = 2, took 0.277720 sec
traces of hecke eigenvalues of T_{p^1} are:
311 506 1280 1718 2988 3632 5126 8007 8965 12722 15947 17390 20243 25593 31665 33381 41135 44750 48505 55157 61668 72724 85938 
computing eigenvalues for k = 1, took 150.119574 sec
traces of hecke eigenvalues of T_{p^2} are:
462 448 
computing eigenvalues for k = 2, took 0.280520 sec
traces of hecke eigenvalues of T_{p^1} are:
19 -136 -142 -101 505 -425 -45 911 -905 -532 1500 -1148 1046 3416 434 552 -1578 -68 -62 -2594 80 4474 497 
computing eigenvalues for k = 1, took 11.456104 sec
traces of hecke eigenvalues of T_{p^2} are:
-98 -97 
computing eigenvalues for k = 2, took 0.208678 sec
For conductor 2:
traces of hecke eigenvalues of T_{p^1} are:
-22 4 -72 64 60 -198 70 -54 -208 -178 32 74 34 20 -254 -688 198 190 8 -2 -500 -164 1240 
computing eigenvalues for k = 1, took 365.756126 sec
traces of hecke eigenvalues of T_{p^2} are:
32 -60 
computing eigenvalues for k = 2, took 0.707490 sec
traces of hecke eigenvalues of T_{p^1} are:
-19 -56 -35 -75 -59 89 50 -331 589 -462 -127 -654 -30 -45 -773 288 -521 474 -897 881 -1488 -1121 -249 
computing eigenvalues for k = 1, took 368.696134 sec
traces of hecke eigenvalues of T_{p^2} are:
2 84 
computing eigenvalues for k = 2, took 0.696489 sec
traces of hecke eigenvalues of T_{p^1} are:
-48 -37 -113 -138 -135 -63 -389 254 -170 173 -1 213 -468 -76 197 231 -1126 444 678 328 -986 564 -1900 
computing eigenvalues for k = 1, took 367.327914 sec
traces of hecke eigenvalues of T_{p^2} are:
18 15 
computing eigenvalues for k = 2, took 0.688694 sec
For conductor 3:
traces of hecke eigenvalues of T_{p^1} are:
-15 -23 33 -58 -33 5 -11 -39 -7 -317 -38 33 -45 463 612 -448 121 -292 -125 -211 -906 10 -732 
computing eigenvalues for k = 1, took 1122.011740 sec
traces of hecke eigenvalues of T_{p^2} are:
18 3 
computing eigenvalues for k = 2, took 1.705996 sec
For conductor 6:
traces of hecke eigenvalues of T_{p^1} are:
36 40 144 220 180 400 720 900 904 1660 1764 1840 2160 3060 2880 3244 5440 5904 5620 5800 6480 8820 10660 
computing eigenvalues for k = 1, took 373.112381 sec
traces of hecke eigenvalues of T_{p^2} are:
60 -80 
computing eigenvalues for k = 2, took 4.345161 sec
traces of hecke eigenvalues of T_{p^1} are:
16 -16 12 64 -228 134 30 -144 -212 328 -40 206 186 728 -306 -172 1018 366 364 270 -824 -436 -204 
computing eigenvalues for k = 1, took 182.755127 sec
traces of hecke eigenvalues of T_{p^2} are:
36 48 
computing eigenvalues for k = 2, took 2.082812 sec
traces of hecke eigenvalues of T_{p^1} are:
12 24 -20 24 -320 -74 382 292 -52 212 -80 154 90 -240 -966 -344 1098 874 728 -250 -984 2688 1920 
computing eigenvalues for k = 1, took 184.597412 sec
traces of hecke eigenvalues of T_{p^2} are:
48 -32 
computing eigenvalues for k = 2, took 2.419814 sec
traces of hecke eigenvalues of T_{p^1} are:
-60 182 -131 58 146 562 -645 -1078 1196 56 -547 2454 838 27 2191 828 1067 -4838 -1299 63 4448 -7243 -3710 
computing eigenvalues for k = 1, took 191.835172 sec
traces of hecke eigenvalues of T_{p^2} are:
-130 -65 
computing eigenvalues for k = 2, took 2.441064 sec
traces of hecke eigenvalues of T_{p^1} are:
187 403 894 1245 2097 2786 3735 6015 7517 10254 12062 13346 15849 19360 24559 27927 30878 33871 37076 45654 46722 52895 62211 
computing eigenvalues for k = 1, took 443.414034 sec
traces of hecke eigenvalues of T_{p^2} are:
30 424 
computing eigenvalues for k = 2, took 5.264797 sec
traces of hecke eigenvalues of T_{p^1} are:
3 -6 58 218 -208 136 596 -113 15 1058 -161 360 135 -519 -2511 -2895 2451 3938 581 -1481 -1310 1896 4626 
computing eigenvalues for k = 1, took 188.443746 sec
traces of hecke eigenvalues of T_{p^2} are:
54 48 
computing eigenvalues for k = 2, took 2.313945 sec
For conductor 113:
traces of hecke eigenvalues of T_{p^1} are:
-29 -23 21 -8 -93 -27 35 117 -259 -85 4 41 -175 -761 104 542 177 404 107 -905 164 -136 718 
computing eigenvalues for k = 1, took 1185.801555 sec
traces of hecke eigenvalues of T_{p^2} are:
56 39 
computing eigenvalues for k = 2, took 1.874057 sec
For conductor 226:
traces of hecke eigenvalues of T_{p^1} are:
237 418 1000 1230 2112 2598 3986 6467 7305 10056 13095 13750 17249 21105 26347 25589 31169 37472 35247 43673 48664 58034 64958 
computing eigenvalues for k = 1, took 407.002769 sec
traces of hecke eigenvalues of T_{p^2} are:
330 544 
computing eigenvalues for k = 2, took 4.254884 sec
traces of hecke eigenvalues of T_{p^1} are:
39 -96 299 -296 402 -334 595 243 -789 -968 640 536 2631 1386 1910 -1589 1244 1114 -430 -1888 3952 -2333 -2146 
computing eigenvalues for k = 1, took 191.806422 sec
traces of hecke eigenvalues of T_{p^2} are:
-2 -117 
computing eigenvalues for k = 2, took 1.791245 sec
traces of hecke eigenvalues of T_{p^1} are:
177 303 780 997 1891 2248 3233 5105 5497 7372 10234 10626 12943 16438 21663 21451 26708 31541 32394 36386 44038 49263 52919 
computing eigenvalues for k = 1, took 370.247395 sec
traces of hecke eigenvalues of T_{p^2} are:
126 24 
computing eigenvalues for k = 2, took 4.763111 sec
For conductor 339:
traces of hecke eigenvalues of T_{p^1} are:
-28 -5 -408 312 -48 -65 -340 -551 494 1812 508 904 268 310 -619 3675 -126 -2867 7610 1664 -1500 -2030 7473 
computing eigenvalues for k = 1, took 176.547113 sec
traces of hecke eigenvalues of T_{p^2} are:
-38 -125 
computing eigenvalues for k = 2, took 0.719731 sec
traces of hecke eigenvalues of T_{p^1} are:
168 320 754 1092 1766 2096 3134 5044 5974 7812 9898 10398 12240 16978 20372 22582 25312 28282 31208 35966 40946 47676 58362 
computing eigenvalues for k = 1, took 395.650378 sec
traces of hecke eigenvalues of T_{p^2} are:
72 160 
computing eigenvalues for k = 2, took 4.234495 sec
traces of hecke eigenvalues of T_{p^1} are:
531 966 2249 3237 5110 6663 9204 15528 17096 24735 29980 33581 38131 49055 60629 66243 78613 88346 92684 110860 117447 135695 161797 
computing eigenvalues for k = 1, took 379.799585 sec
traces of hecke eigenvalues of T_{p^2} are:
534 928 
computing eigenvalues for k = 2, took 4.278073 sec
For conductor 678:
traces of hecke eigenvalues of T_{p^1} are:
13 -118 58 10 -412 -16 366 235 -729 688 167 -242 -617 329 -1095 -2895 2987 3370 -149 -1955 -314 1006 3462 
computing eigenvalues for k = 1, took 589.269520 sec
traces of hecke eigenvalues of T_{p^2} are:
66 304 
computing eigenvalues for k = 2, took 0.678490 sec
traces of hecke eigenvalues of T_{p^1} are:
-16 -53 16 -117 192 -346 -91 244 -128 -669 229 -619 -245 -494 -379 1212 -2204 -1046 -464 780 300 1349 701 
computing eigenvalues for k = 1, took 585.730105 sec
traces of hecke eigenvalues of T_{p^2} are:
-44 -53 
computing eigenvalues for k = 2, took 0.681993 sec
