constructing eigenvector for poly
x-15
constructing eigenvector for poly
x^3-13*x^2+46*x-36
computing eigenvectors took 0.011493 sec
For conductor 1, eigenvectors are:
1 1 1 1 over Number field with defining polynomial x-15
30*a^2 - 240*a + 420 -6*a+72 24*a-102 -a^2 + 1*a + 8 over Number field with defining polynomial x^3-13*x^2+46*x-36
For conductor 47, eigenvectors are:
For conductor 1:
traces of hecke eigenvalues of T_{p^1} are:
15 40 156 400 1464 2380 5220 7240 12720 25260 30784 52060 70644 81400 151740 208920 230764 305320 363024 394420 499360 578760 712980 922180 
computing eigenvalues for k = 1, took 7.655489 sec
traces of hecke eigenvalues of T_{p^2} are:
30 120 780 2800 
computing eigenvalues for k = 2, took 0.150386 sec
traces of hecke eigenvalues of T_{p^1} are:
13 31 84 123 398 466 879 1116 1776 2426 2972 3629 5074 5426 9045 11199 11613 13128 16085 14282 19765 21628 24865 26275 
computing eigenvalues for k = 1, took 7.982938 sec
traces of hecke eigenvalues of T_{p^2} are:
-6 4 36 -216 
computing eigenvalues for k = 2, took 0.153031 sec
For conductor 47:
