constructing eigenvector for poly
x-15
constructing eigenvector for poly
x+2
constructing eigenvector for poly
x^10+22*x^9+176*x^8+621*x^7+797*x^6-470*x^5-1655*x^4-394*x^3+654*x^2+295*x+25
constructing eigenvector for poly
x^24-127*x^23+7599*x^22-284862*x^21+7504594*x^20-147735604*x^19+2255940438*x^18-27379630079*x^17+268473551639*x^16-2150515391899*x^15+14172696973211*x^14-77162504900956*x^13+347582295850276*x^12-1294308508106238*x^11+3971661016555008*x^10-9986654625117655*x^9+20404635733850514*x^8-33479270197188180*x^7+43405189535519392*x^6-43491143311413936*x^5+32651078324060064*x^4-17557052107436736*x^3+6302337375657088*x^2-1333088183985152*x+123959203722752
constructing eigenvector for poly
x+6
computing eigenvectors took 0.218990 sec
For conductor 1, eigenvectors are:
-1 -1 -1 -1 -1 -1 -1 -1 -1 -1 -1 -1 -1 -1 -1 -1 -1 -1 -1 -1 -1 -1 -1 -1 -1 -1 -1 -1 -1 -1 -1 -1 -1 -1 -1 -1 over Number field with defining polynomial x-15
0 0 0 -24 0 0 -24 24 0 0 6 -6 -6 6 12 -12 6 0 -6 -6 0 4 4 0 4 0 0 4 0 2 0 4 2 -4 -2 -3 over Number field with defining polynomial x+2
a vector of length 36 over Number field with defining polynomial a number field of degree 10
a vector of length 36 over Number field with defining polynomial a number field of degree 24
For conductor 223, eigenvectors are:
1 over Number field with defining polynomial x+6
For conductor 1:
traces of hecke eigenvalues of T_{p^1} are:
15 40 156 400 1464 2380 5220 7240 12720 25260 30784 52060 70644 81400 106080 151740 208920 230764 305320 363024 394420 499360 578760 712980 922180 
computing eigenvalues for k = 1, took 19.026016 sec
traces of hecke eigenvalues of T_{p^2} are:
30 120 780 2800 
computing eigenvalues for k = 2, took 0.197289 sec
traces of hecke eigenvalues of T_{p^1} are:
-2 1 -8 -6 -30 36 -10 133 60 -149 17 -193 -333 42 -216 132 -247 440 419 1035 739 836 -1179 115 777 
computing eigenvalues for k = 1, took 9.883296 sec
traces of hecke eigenvalues of T_{p^2} are:
-2 -17 5 -11 
computing eigenvalues for k = 2, took 0.195904 sec
traces of hecke eigenvalues of T_{p^1} are:
-22 -4 -47 72 40 175 41 55 -66 -767 706 -218 -758 1004 922 -114 177 -351 670 634 -88 -510 3435 435 -122 
computing eigenvalues for k = 1, took 10.104973 sec
traces of hecke eigenvalues of T_{p^2} are:
2 -6 -74 -192 
computing eigenvalues for k = 2, took 0.190993 sec
traces of hecke eigenvalues of T_{p^1} are:
127 280 670 1283 3064 4276 6807 8911 12832 20131 23559 32601 40035 44381 52349 66531 83764 91418 109708 121640 127103 154800 165791 190405 227724 
computing eigenvalues for k = 1, took 19.012486 sec
traces of hecke eigenvalues of T_{p^2} are:
21 160 276 664 
computing eigenvalues for k = 2, took 0.204358 sec
For conductor 223:
traces of hecke eigenvalues of T_{p^1} are:
-6 -11 6 -28 8 -42 -16 -107 38 51 43 -157 -55 74 -900 132 43 -756 761 323 861 -226 1183 347 -359 
computing eigenvalues for k = 1, took 647.394990 sec
traces of hecke eigenvalues of T_{p^2} are:
6 13 -33 21 
computing eigenvalues for k = 2, took 0.692210 sec
