constructing eigenvector for poly
x-15
constructing eigenvector for poly
x^15-87*x^14+3447*x^13-82358*x^12+1324393*x^11-15149400*x^10+127014745*x^9-792495898*x^8+3697774042*x^7-12854097985*x^6+32876796844*x^5-60474045680*x^4+77049434304*x^3-63861925584*x^2+30627935040*x-6371275200
constructing eigenvector for poly
x^13-5*x^12-41*x^11+259*x^10+224*x^9-3339*x^8+2910*x^7+11698*x^6-16392*x^5-12770*x^4+25391*x^3-730*x^2-11080*x+3784
constructing eigenvector for poly
x^4+6*x^3+10*x^2+3*x-1
constructing eigenvector for poly
x^15-86*x^14+3379*x^13-80351*x^12+1291291*x^11-14830506*x^10+125513496*x^9-795372144*x^8+3795771373*x^7-13603936948*x^6+36198423625*x^5-69957926929*x^4+94621197391*x^3-84089708420*x^2+43619166932*x-9885085480
constructing eigenvector for poly
x^2+9*x+19
constructing eigenvector for poly
x^4+6*x^3+10*x^2+3*x-1
constructing eigenvector for poly
x+3
constructing eigenvector for poly
x^2+11*x+29
constructing eigenvector for poly
x^4+20*x^3+134*x^2+361*x+331
constructing eigenvector for poly
x^15-79*x^14+2833*x^13-61044*x^12+881753*x^11-9019472*x^10+67285783*x^9-371436200*x^8+1523310478*x^7-4617759589*x^6+10198631312*x^5-15989147376*x^4+17048649312*x^3-11509436592*x^2+4309309184*x-650467392
constructing eigenvector for poly
x^27+30*x^26+288*x^25+132*x^24-14366*x^23-67460*x^22+181941*x^21+1945403*x^20+1097072*x^19-23872970*x^18-47277668*x^17+137462729*x^16+465362270*x^15-249238654*x^14-2116716197*x^13-935108963*x^12+4443782530*x^11+4759128823*x^10-3003763348*x^9-6311442791*x^8-1378184317*x^7+1759519357*x^6+677936634*x^5-192766260*x^4-80641576*x^3+13079952*x^2+3144416*x-492352
computing eigenvectors took 0.228463 sec
For conductor 1, eigenvectors are:
-1 -1 -1 -1 -1 -1 -1 -1 -1 -1 -1 -1 -1 -1 -1 -1 -1 -1 -1 -1 -1 -1 -1 -1 -1 -1 -1 -1 -1 -1 -1 -1 -1 -1 -1 -1 -1 -1 -1 -1 -1 -1 -1 -1 -1 -1 -1 -1 over Number field with defining polynomial x-15
a vector of length 48 over Number field with defining polynomial a number field of degree 15
a vector of length 48 over Number field with defining polynomial a number field of degree 13
0 0 0 -336*a^3 - 1968*a^2 - 3144*a - 672 -64*a^3 - 552*a^2 - 1264*a - 520 -174*a^3 - 882*a^2 - 1194*a - 438 0 -108*a^3 - 516*a^2 - 540*a - 30 126*a^3 + 468*a^2 + 246*a + 48 138*a^3 + 804*a^2 + 1356*a + 660 -108*a^3 - 516*a^2 - 540*a - 30 48*a^3 + 414*a^2 + 948*a + 390 66*a^3 + 366*a^2 + 654*a + 408 -54*a^3 - 312*a^2 - 570*a - 492 -104*a^3 - 620*a^2 - 992*a - 280 116*a^3 + 588*a^2 + 796*a + 292 116*a^3 + 588*a^2 + 796*a + 292 72*a^3 + 344*a^2 + 360*a + 20 -84*a^3 - 312*a^2 - 164*a - 32 80*a^3 + 380*a^2 + 416*a - 36 76*a^3 + 520*a^2 + 1068*a + 532 0 -48*a^3 - 176*a^2 - 184*a - 340 56*a^3 + 328*a^2 + 524*a + 112 52*a^3 + 310*a^2 + 496*a + 140 86*a^3 + 394*a^2 + 322*a - 106 -24*a^3 - 52*a^2 + 108*a + 148 -58*a^3 - 294*a^2 - 398*a - 146 102*a^3 + 380*a^2 + 154*a - 122 -40*a^3 - 190*a^2 - 208*a + 18 -24*a^3 + 6*a^2 + 250*a + 62 -32*a^3 - 154*a^2 - 152*a - 38 -18*a^3 - 104*a^2 - 190*a - 164 -66*a^3 - 424*a^2 - 796*a - 322 66*a^3 + 302*a^2 + 316*a + 100 -78*a^3 - 328*a^2 - 262*a - 26 -94*a^3 - 466*a^2 - 578*a - 156 36*a^3 + 172*a^2 + 180*a + 10 56*a^3 + 206*a^2 + 44*a - 110 82*a^3 + 224*a^2 - 190*a - 224 14*a^3 + 208*a^2 + 642*a + 414 54*a^3 + 276*a^2 + 370*a + 174 -43*a^3 - 197*a^2 - 161*a + 53 -15*a^3 - 65*a^2 - 68*a - 45 -29*a^2 - 71*a + 43 61*a^2 + 240*a + 111 18*a^2 + 100*a + 159 -36*a^3 - 251*a^2 - 520*a - 280 over Number field with defining polynomial x^4+6*x^3+10*x^2+3*x-1
a vector of length 48 over Number field with defining polynomial a number field of degree 15
For conductor 3, eigenvectors are:
a+4 -a-4 a+4 -1 a+3 -a-3 over Number field with defining polynomial x^2+9*x+19
-a^3 - 6*a^2 - 11*a - 5 -a^2 - 4*a - 3 -a^2 - 3*a - 2 -a^3 - 6*a^2 - 10*a - 4 a^2 + 3*a + 1 -a^3 - 5*a^2 - 7*a - 3 over Number field with defining polynomial x^4+6*x^3+10*x^2+3*x-1
For conductor 149, eigenvectors are:
1 1 -1 1 2 -1 2 over Number field with defining polynomial x+3
2*a+12 -a-7 a+7 -a-7 -a-6 -1 2*a+13 over Number field with defining polynomial x^2+11*x+29
2*a^3 + 22*a^2 + 74*a + 78 -a^3 - 12*a^2 - 43*a - 43 -a^2 - 2*a + 3 -3*a^2 - 17*a - 24 a^3 + 14*a^2 + 58*a + 70 3*a^2 + 21*a + 31 -a^3 - 11*a^2 - 37*a - 39 over Number field with defining polynomial x^4+20*x^3+134*x^2+361*x+331
For conductor 447, eigenvectors are:
a vector of length 42 over Number field with defining polynomial a number field of degree 15
a vector of length 42 over Number field with defining polynomial a number field of degree 27
For conductor 1:
traces of hecke eigenvalues of T_{p^1} are:
15 156 400 1464 2380 5220 7240 12720 25260 30784 52060 70644 81400 106080 151740 208920 230764 305320 363024 394420 499360 578760 712980 922180 
computing eigenvalues for k = 1, took 11.176725 sec
traces of hecke eigenvalues of T_{p^2} are:
30 780 2800 
computing eigenvalues for k = 2, took 0.245206 sec
traces of hecke eigenvalues of T_{p^1} are:
87 433 790 2075 2716 4459 5538 8145 12863 14542 20063 25704 27777 33916 42835 54429 55093 65560 76153 77649 93163 104595 119740 138746 
computing eigenvalues for k = 1, took 11.123442 sec
traces of hecke eigenvalues of T_{p^2} are:
36 258 320 
computing eigenvalues for k = 2, took 0.255783 sec
traces of hecke eigenvalues of T_{p^1} are:
5 17 -53 187 -141 252 43 813 235 47 -878 503 290 2402 665 855 -2424 -1655 1425 -1603 -1268 2937 -33 -2271 
computing eigenvalues for k = 1, took 13.640619 sec
traces of hecke eigenvalues of T_{p^2} are:
-4 -36 -114 
computing eigenvalues for k = 2, took 0.266486 sec
traces of hecke eigenvalues of T_{p^1} are:
-6 16 -17 77 -9 107 -216 5 616 -175 277 351 -365 -10 38 -271 570 208 -132 -1356 741 224 501 301 
computing eigenvalues for k = 1, took 13.665819 sec
traces of hecke eigenvalues of T_{p^2} are:
-6 -15 -127 
computing eigenvalues for k = 2, took 0.265117 sec
traces of hecke eigenvalues of T_{p^1} are:
86 434 794 1838 2531 4561 5101 8123 12824 13876 20870 25570 28076 33790 43264 51498 55624 66983 76077 79525 93775 102524 120086 141070 
computing eigenvalues for k = 1, took 11.255790 sec
traces of hecke eigenvalues of T_{p^2} are:
33 264 352 
computing eigenvalues for k = 2, took 0.250775 sec
For conductor 3:
traces of hecke eigenvalues of T_{p^1} are:
-9 -2 -81 13 -75 16 -49 -103 39 -298 -306 158 258 -908 -155 387 164 484 278 -158 -20 54 -467 -538 
computing eigenvalues for k = 1, took 611.465072 sec
traces of hecke eigenvalues of T_{p^2} are:
7 -30 242 
computing eigenvalues for k = 2, took 0.556060 sec
traces of hecke eigenvalues of T_{p^1} are:
-6 16 -17 77 -9 107 -216 5 616 -175 277 351 -365 -10 38 -271 570 208 -132 -1356 741 224 501 301 
computing eigenvalues for k = 1, took 613.228090 sec
traces of hecke eigenvalues of T_{p^2} are:
-6 -15 -127 
computing eigenvalues for k = 2, took 0.566813 sec
For conductor 149:
traces of hecke eigenvalues of T_{p^1} are:
-3 -14 -4 14 21 -21 -163 -41 286 -206 -518 -190 360 -302 210 14 1088 319 -31 187 -683 -376 -696 224 
computing eigenvalues for k = 1, took 350.467479 sec
traces of hecke eigenvalues of T_{p^2} are:
-4 0 -32 
computing eigenvalues for k = 2, took 0.599106 sec
traces of hecke eigenvalues of T_{p^1} are:
-11 -28 -23 -7 -33 48 119 23 -363 -212 -216 380 -410 -394 -365 -47 1296 -422 298 -936 -916 8 2093 -782 
computing eigenvalues for k = 1, took 349.111032 sec
traces of hecke eigenvalues of T_{p^2} are:
7 50 -94 
computing eigenvalues for k = 2, took 0.599052 sec
traces of hecke eigenvalues of T_{p^1} are:
-20 -28 -51 -77 43 -201 -40 -429 -80 145 107 -381 -403 400 -44 543 -546 -1610 -314 28 1447 -442 -1039 -1183 
computing eigenvalues for k = 1, took 346.437182 sec
traces of hecke eigenvalues of T_{p^2} are:
20 -71 61 
computing eigenvalues for k = 2, took 0.589696 sec
For conductor 447:
traces of hecke eigenvalues of T_{p^1} are:
79 407 790 1801 2660 4267 5538 7853 12645 14526 20247 24826 27911 32724 41633 50579 57261 68428 75085 78681 94629 102001 115922 138626 
computing eigenvalues for k = 1, took 133.594569 sec
traces of hecke eigenvalues of T_{p^2} are:
12 102 320 
computing eigenvalues for k = 2, took 0.552072 sec
traces of hecke eigenvalues of T_{p^1} are:
-30 -82 150 -187 227 -321 516 474 -902 1348 1300 -468 1826 1152 -2400 -1563 151 -478 185 355 -208 3472 -1594 4052 
computing eigenvalues for k = 1, took 144.909279 sec
traces of hecke eigenvalues of T_{p^2} are:
-17 -109 -221 
computing eigenvalues for k = 2, took 0.703144 sec
