constructing eigenvector for poly
x+22
constructing eigenvector for poly
x-42
constructing eigenvector for poly
x-156
constructing eigenvector for poly
x-36
constructing eigenvector for poly
x-28
constructing eigenvector for poly
x-6
constructing eigenvector for poly
x^2-7*x-69
constructing eigenvector for poly
x^2+8*x-112
constructing eigenvector for poly
x^6+25*x^5+65*x^4-1216*x^3+444*x^2+4590*x+1100
constructing eigenvector for poly
x^6-168*x^5+11460*x^4-406680*x^3+7935300*x^2-80910288*x+337530384
constructing eigenvector for poly
x^6-366*x^5+55545*x^4-4473200*x^3+201579000*x^2-4818706656*x+47731762576
constructing eigenvector for poly
x^6-630*x^5+164025*x^4-22589280*x^3+1735603200*x^2-70543872000*x+1185137049600
constructing eigenvector for poly
x^6-1050*x^5+454785*x^4-103943720*x^3+13214054400*x^2-885473217600*x+24426922369600
constructing eigenvector for poly
x^6-1506*x^5+942105*x^4-313313340*x^3+58416389460*x^2-5788866320496*x+238178291516676
constructing eigenvector for poly
x^6-2322*x^5+2242425*x^4-1152810320*x^3+332726406840*x^2-51116957048352*x+3265618227865744
constructing eigenvector for poly
x^8-182*x^7+14111*x^6-608274*x^5+15934065*x^4-259578136*x^3+2566658824*x^2-14076950592*x+32785620624
constructing eigenvector for poly
x^8-384*x^7+61810*x^6-5455076*x^5+289612089*x^4-9504136516*x^3+188923509260*x^2-2086536926864*x+9831711429136
constructing eigenvector for poly
x^8-1034*x^7+464801*x^6-118643970*x^5+18810755076*x^4-1897094578402*x^3+118861671445297*x^2-4230591126152394*x+65500169506740081
constructing eigenvector for poly
x^8-1366*x^7+805567*x^6-268116258*x^5+55138192961*x^4-7181203111720*x^3+578940064129416*x^2-26435194539997056*x+523794787767315856
constructing eigenvector for poly
x^8-2336*x^7+2385728*x^6-1391313408*x^5+506757152256*x^4-118043625938944*x^3+17173149294149632*x^2-1426596233327542272*x+51809470045099720704
constructing eigenvector for poly
x^8-2752*x^7+3270576*x^6-2194431488*x^5+910130473312*x^4-239166565837824*x^3+38923506606523136*x^2-3589889303269523456*x+143762654169104806144
constructing eigenvector for poly
x^6+36*x^5+444*x^4+2016*x^3+1776*x^2+576*x+64
constructing eigenvector for poly
x^6-42*x^5+351*x^4+3892*x^3-27729*x^2-262122*x-493039
constructing eigenvector for poly
x^6-186*x^5+14031*x^4-548204*x^3+11687823*x^2-129063354*x+578009537
constructing eigenvector for poly
x^6+108*x^5+156*x^4-222048*x^3-194064*x^2+167133888*x-1925134784
constructing eigenvector for poly
x^6+24*x^5+240*x^4+1280*x^3+3840*x^2+6144*x+4096
constructing eigenvector for poly
x^6+276*x^5+10140*x^4-2027680*x^3-51551760*x^2+7133787456*x-131406432704
constructing eigenvector for poly
x-6
constructing eigenvector for poly
x^2+12*x+4
constructing eigenvector for poly
x^2+8*x-112
constructing eigenvector for poly
x^3+24*x^2+48*x-208
constructing eigenvector for poly
x-12
constructing eigenvector for poly
x+18
constructing eigenvector for poly
x-14
constructing eigenvector for poly
x-6
constructing eigenvector for poly
x^3+24*x^2+48*x-208
constructing eigenvector for poly
x^8-47*x^7+575*x^6+960*x^5-35056*x^4-24488*x^3+219134*x^2+257640*x-25896
constructing eigenvector for poly
x^4-128*x^3+5940*x^2-119500*x+884216
constructing eigenvector for poly
x+4
constructing eigenvector for poly
x^2-8*x+16
constructing eigenvector for poly
x^2+34*x-103
constructing eigenvector for poly
x
constructing eigenvector for poly
x^10-x^9-781*x^8-2664*x^7+156400*x^6+1129348*x^5+53846*x^4-6503208*x^3+729312*x^2+11991168*x-7584768
constructing eigenvector for poly
x-26
constructing eigenvector for poly
x+24
constructing eigenvector for poly
x-16
constructing eigenvector for poly
x+8
constructing eigenvector for poly
x+4
constructing eigenvector for poly
x^2-17*x-209
constructing eigenvector for poly
x^2-56*x+766
constructing eigenvector for poly
x^4-114*x^3+4492*x^2-71328*x+391876
constructing eigenvector for poly
x^4-101*x^3+3611*x^2-52252*x+235104
constructing eigenvector for poly
x^2-8*x+16
constructing eigenvector for poly
x^2+34*x-103
constructing eigenvector for poly
x^2-46*x+430
constructing eigenvector for poly
x^4-2*x^3-86*x^2-118*x+704
constructing eigenvector for poly
x^3+14*x^2+20*x-152
constructing eigenvector for poly
x^2-64*x+1024
constructing eigenvector for poly
x^2-56*x+784
constructing eigenvector for poly
x^2-304*x+23104
constructing eigenvector for poly
x^2-384*x+36864
constructing eigenvector for poly
x^2-456*x+51984
constructing eigenvector for poly
x^2-460*x+52900
constructing eigenvector for poly
x^2-44*x+484
constructing eigenvector for poly
x^2-86*x+1849
constructing eigenvector for poly
x^2-194*x+9409
constructing eigenvector for poly
x^2-294*x+21609
constructing eigenvector for poly
x^2-606*x+91809
constructing eigenvector for poly
x^2-790*x+156025
constructing eigenvector for poly
x+8
constructing eigenvector for poly
x+28
constructing eigenvector for poly
x^3+14*x^2+20*x-152
computing eigenvectors took 97.977473 sec
For conductor 1, eigenvectors are:
0 -9 -3 9 0 3 0 0 -3 3 1 0 0 -1 -1 -5 1 -1 5 2 4 1 0 0 -3 -3 3 1 0 -1 -2 0 2 0 -1 0 over Number field with defining polynomial x+22
12 3 3 3 12 3 12 -8 -3 -5 5 6 -2 -1 13 -5 -5 5 -1 2 8 -5 0 -8 -1 -1 -5 -5 4 -3 0 -2 2 2 2 -3 over Number field with defining polynomial x-42
-1 -1 -1 -1 -1 -1 -1 -1 -1 -1 -1 -1 -1 -1 -1 -1 -1 -1 -1 -1 -1 -1 -1 -1 -1 -1 -1 -1 -1 -1 -1 -1 -1 -1 -1 -1 over Number field with defining polynomial x-156
18 -12 -12 -12 18 -12 18 -12 3 -2 8 -12 18 -2 -12 -2 8 8 -2 -2 -12 -2 8 -12 -2 -7 -2 3 -2 3 3 8 3 3 -2 -2 over Number field with defining polynomial x-36
-6 -12 -12 -12 -6 -12 -6 4 -9 6 8 4 -6 -10 4 6 -8 8 -10 6 -4 6 0 4 -10 -3 6 -1 -2 -9 7 8 -1 -1 6 -2 over Number field with defining polynomial x-28
0 -6 -6 -6 0 -6 0 0 6 2 -2 0 0 2 6 2 -2 -2 2 -4 0 2 4 0 2 -2 2 0 2 0 0 -2 0 0 -1 -1 over Number field with defining polynomial x-6
6*a+54 30 9*a-24 30 6*a+54 -9*a-51 -6*a-54 -4*a-36 -6*a+6 4*a+26 -50 -a-9 -3*a-27 -4*a+14 2*a+3 a-1 -2*a+37 40 -a-4 4*a-4 -2*a+12 -2*a-28 2*a+28 2*a+18 2*a-22 -a+1 a-1 -2*a-18 -25 6*a-6 -a+6 -5 a+9 a+9 -2*a+2 5 over Number field with defining polynomial x^2-7*x-69
6*a+120 3*a+12 -6*a-72 -48 -6*a-24 3*a+60 2*a-24 4*a+16 -3*a-12 -a+12 -a+12 -a-20 -3*a-44 a-28 2*a+8 -a-20 16 -16 16 2*a+8 -2*a-8 -16 2*a+8 -2*a-8 48 16 -8 a+20 -a-4 a-12 a+4 8 0 a+12 -a-4 -8 over Number field with defining polynomial x^2+8*x-112
108*a^5 + 2322*a^4 + 6138*a^3 - 62172*a^2 - 116892*a - 13860 -135*a^5 - 3375*a^4 - 16533*a^3 + 44910*a^2 + 93510*a + 20250 36*a^5 + 1251*a^4 + 9990*a^3 - 21006*a^2 - 57402*a - 2160 -9*a^5 - 810*a^4 - 9477*a^3 + 36270*a^2 + 81738*a + 15390 -117*a^5 - 3294*a^4 - 20214*a^3 + 46404*a^2 + 132768*a + 25740 -36*a^5 - 819*a^4 - 5355*a^3 - 19746*a^2 - 11358*a - 2790 42*a^5 + 1422*a^4 + 11430*a^3 - 10212*a^2 - 49548*a - 12540 78*a^5 + 2196*a^4 + 13476*a^3 - 30936*a^2 - 88512*a - 17160 -63*a^4 - 1053*a^3 + 729*a^2 - 99*a + 3780 6*a^5 + 357*a^4 + 4095*a^3 + 66*a^2 - 3300*a - 150 24*a^5 + 528*a^4 + 2115*a^3 - 4914*a^2 - 26664*a - 10170 -18*a^5 - 387*a^4 - 1023*a^3 + 10362*a^2 + 19482*a + 2310 -18*a^5 - 717*a^4 - 6345*a^3 + 10794*a^2 + 35868*a + 4290 15*a^5 + 240*a^4 - 699*a^3 - 10122*a^2 - 1206*a + 3570 -45*a^5 - 1527*a^4 - 10920*a^3 + 37188*a^2 + 97278*a + 19740 72*a^5 + 2163*a^4 + 14565*a^3 - 28698*a^2 - 85980*a - 25050 45*a^5 + 1269*a^4 + 8586*a^3 - 1332*a^2 - 24702*a - 4560 24*a^5 + 837*a^4 + 5799*a^3 - 30834*a^2 - 58488*a - 13590 -12*a^5 + 9*a^4 + 3750*a^3 - 234*a^2 - 12090*a - 6300 42*a^4 + 702*a^3 - 486*a^2 + 66*a - 2520 90*a^5 + 2508*a^4 + 14886*a^3 - 38574*a^2 - 105528*a - 24840 -54*a^5 - 1296*a^4 - 4929*a^3 + 28446*a^2 + 57228*a + 16890 300*a^4 + 4566*a^3 - 9120*a^2 - 43122*a - 13860 -39*a^5 - 1098*a^4 - 6738*a^3 + 15468*a^2 + 44256*a + 8580 33*a^5 + 729*a^4 + 2289*a^3 - 9702*a^2 - 25986*a - 8430 3*a^5 - 24*a^4 - 669*a^3 + 6054*a^2 + 17235*a + 3450 15*a^5 + 246*a^4 - 969*a^3 - 16200*a^2 - 28524*a - 4770 -57*a^5 - 1608*a^4 - 9516*a^3 + 27231*a^2 + 77847*a + 16560 144*a^4 + 1545*a^3 - 13584*a^2 - 22920*a - 1650 12*a^5 + 246*a^4 + 492*a^3 - 3870*a^2 - 3456*a + 270 -213*a^4 - 3540*a^3 + 3618*a^2 + 15612*a + 3510 15*a^4 + 378*a^3 + 4344*a^2 + 13368*a + 5940 -30*a^5 - 945*a^4 - 6390*a^3 + 17640*a^2 + 44883*a + 12990 165*a^4 + 2661*a^3 - 216*a^2 - 8193*a - 990 -21*a^4 - 351*a^3 + 243*a^2 - 33*a + 1260 -15*a^4 - 378*a^3 - 4344*a^2 - 13368*a - 5940 over Number field with defining polynomial x^6+25*x^5+65*x^4-1216*x^3+444*x^2+4590*x+1100
-362*a^2 + 379426*a - 96417956 -2054*a^2 + 1650598*a - 328639460 -3742*a^2 + 2931518*a - 570787924 3656*a^2 - 2885128*a + 564940184 2444*a^2 - 1974376*a + 398141384 434*a^2 - 325906*a + 62087324 -110*a^2 + 143758*a - 40596668 -2516*a^2 + 1814080*a - 316958768 2258*a^2 - 1786198*a + 351601304 1514*a^2 - 1090006*a + 190219580 -526*a^2 + 448262*a - 95871940 1618*a^2 - 1225754*a + 226327924 -1870*a^2 + 1458194*a - 281512780 -1498*a^2 + 1169102*a - 227028316 -2306*a^2 + 1787614*a - 341822060 1050*a^2 - 849894*a + 171962220 -290*a^2 + 237742*a - 48479276 2028*a^2 - 1611972*a + 318399744 -798*a^2 + 692934*a - 149030556 1558*a^2 - 1273256*a + 259867360 -1780*a^2 + 1371314*a - 260941600 4068*a^2 - 3150240*a + 604491264 -1764*a^2 + 1331382*a - 248181168 -5070*a^2 + 3932214*a - 755696820 1056*a^2 - 891132*a + 187243368 2320*a^2 - 1767746*a + 332212384 1050*a^2 - 791994*a + 147495852 -464*a^2 + 334384*a - 59332760 280*a^2 - 225068*a + 44503312 700*a^2 - 522914*a + 96608476 81504*a-34901532 -2570*a^2 + 1975546*a - 374864276 -59514*a+24784584 -1614*a+318216 -9972*a+4874532 2796*a-1299336 over Number field with defining polynomial x^3-1161*x^2+447252*x-57145588
-96*a^3 + 92028*a^2 - 28978224*a + 3005189808 42*a^3 - 24426*a^2 + 3782688*a - 67007688 159*a^3 - 145170*a^2 + 43851636*a - 4387131864 -16050*a^2 + 9087768*a - 1285200648 21*a^3 - 13290*a^2 + 2169276*a - 28604472 39*a^3 - 31524*a^2 + 8542572*a - 775994208 -18*a^3 + 24880*a^2 - 9812936*a + 1191232288 -98*a^3 + 97900*a^2 - 32377592*a + 3537192272 -156*a^3 + 154836*a^2 - 50100960*a + 5312161296 -39*a^3 + 42996*a^2 - 14822396*a + 1635829504 -58*a^3 + 68786*a^2 - 25073888*a + 2898992552 -58*a^3 + 56358*a^2 - 17932448*a + 1874988120 -20*a^3 + 12394*a^2 - 2126872*a + 63706504 -58*a^3 + 64978*a^2 - 22725184*a + 2541470312 40*a^3 - 39452*a^2 + 12829104*a - 1376059632 80*a^3 - 63946*a^2 + 17014248*a - 1506944648 41*a^3 - 33066*a^2 + 8818668*a - 777601080 -19*a^3 + 21556*a^2 - 7937420*a + 947173248 -78*a^3 + 75980*a^2 - 24555128*a + 2627875696 -136*a^3 + 135432*a^2 - 43859904*a + 4647456800 98*a^3 - 95860*a^2 + 30720312*a - 3236089008 -4234*a^2 + 2314072*a - 315989800 58*a^3 - 72676*a^2 + 27360600*a - 3233413104 -137*a^3 + 136070*a^2 - 44359804*a + 4757029032 -19*a^3 + 17748*a^2 - 5588716*a + 589651008 19*a^3 - 28992*a^2 + 12016972*a - 1506638800 80*a^3 - 73006*a^2 + 22168504*a - 2238927192 119*a^3 - 108878*a^2 + 32950932*a - 3302334952 -8456*a^2 + 4908192*a - 710017184 -20*a^3 + 17908*a^2 - 5488288*a + 570644048 1020*a^2 - 828640*a + 150551632 -12264*a^2 + 7256896*a - 1067539424 9862*a^2 - 5601272*a + 794351096 802*a^2 - 447016*a + 62368552 -1496*a^2 + 752768*a - 94060448 -4452*a^2 + 2695696*a - 404172880 over Number field with defining polynomial x^4-1376*x^3+688600*x^2-149702144*x+11990106512
180 -6*a-546 3*a+318 270 180 6*a+546 -180 -4*a-184 180 -3*a-168 a+316 -30 -2*a-242 a+196 a+106 a+76 2*a+32 -30 -60 -120 -2*a-212 2*a+122 2*a+212 2*a+92 -150 -30 -30 -a+14 -a-166 60 -120 0 -210 90 60 0 over Number field with defining polynomial x^2+92*x-5084
For conductor 2, eigenvectors are:
0 1 -1 over Number field with defining polynomial x-6
-a-6 -4 -4 over Number field with defining polynomial x^2+12*x+4
For conductor 3, eigenvectors are:
-8 -a+4 -8 -a-4 -8 over Number field with defining polynomial x^2+8*x-112
2*a^2 + 44*a - 64 2*a^2 + 32*a - 88 -6*a+24 -a^2 - 16*a + 44 -36 over Number field with defining polynomial x^3+24*x^2+48*x-208
For conductor 6, eigenvectors are:
-6 0 2 3 2 -4 2 4 -2 0 -1 1 -2 -1 -1 1 -1 0 -2 over Number field with defining polynomial x-12
3 0 -4 3 -1 2 2 1 -2 3 -1 1 1 -1 -1 1 -1 0 1 over Number field with defining polynomial x+18
-6 0 0 0 -2 0 -1 -2 -3 2 -4 -1 -4 1 0 0 2 1 2 over Number field with defining polynomial x-14
3 0 0 0 1 0 2 1 2 -1 0 0 -2 0 0 0 0 -1 1 over Number field with defining polynomial x-6
6*a^2 + 96*a + 384 0 0 0 2*a^2 + 32*a + 128 0 -24*a-192 2*a^2 + 32*a + 128 -4*a^2 - 88*a - 304 -2*a^2 - 32*a - 128 36*a+144 -2*a^2 - 32*a - 56 -24*a-120 2*a^2 + 32*a + 56 0 0 -18*a-72 a^2 + 28*a + 124 12*a+60 over Number field with defining polynomial x^3+24*x^2+48*x-208
6*a^6 - 18*a^5 - 2844*a^4 + 21480*a^3 + 52824*a^2 - 33468*a - 78696 -294*a^5 + 3996*a^4 + 11268*a^3 - 74892*a^2 - 167508*a - 44568 -16*a^6 + 580*a^5 - 6936*a^4 + 19432*a^3 + 115160*a^2 + 9528*a - 157296 24*a^6 - 672*a^5 + 2808*a^4 + 24618*a^3 + 40182*a^2 - 15948*a - 57168 2*a^7 - 66*a^6 + 480*a^5 + 2548*a^4 - 22964*a^3 - 43604*a^2 + 69736*a + 118320 16*a^6 - 448*a^5 + 1872*a^4 + 16412*a^3 + 26788*a^2 - 10632*a - 38112 -12*a^6 + 240*a^5 - 132*a^4 - 12052*a^3 - 8944*a^2 + 38408*a + 35088 -2*a^7 + 68*a^6 - 570*a^5 - 532*a^4 + 9068*a^3 + 9688*a^2 - 33044*a - 45336 8*a^6 - 264*a^5 + 2532*a^4 - 1848*a^3 - 54940*a^2 - 94792*a - 35520 8*a^6 - 108*a^5 - 828*a^4 + 7584*a^3 + 18908*a^2 + 3224*a - 5712 4*a^6 - 114*a^5 + 514*a^4 + 3156*a^3 + 17206*a^2 + 42264*a + 31272 4*a^6 - 132*a^5 + 990*a^4 + 1358*a^3 + 2718*a^2 + 8844*a + 2400 -10*a^6 + 252*a^5 - 832*a^4 - 9392*a^3 - 7344*a^2 + 16288*a + 12720 14*a^6 - 384*a^5 + 2322*a^4 + 6460*a^3 - 20280*a^2 - 57756*a - 32904 -2*a^7 + 64*a^6 - 460*a^5 - 1678*a^4 + 10316*a^3 + 43996*a^2 + 58920*a + 30000 -2*a^6 + 82*a^5 - 1056*a^4 + 3536*a^3 + 15422*a^2 + 36444*a + 47472 4*a^6 - 114*a^5 + 514*a^4 + 3156*a^3 + 17206*a^2 + 42264*a + 31272 -2*a^6 - 12*a^5 + 1200*a^4 - 6950*a^3 - 31942*a^2 - 28192*a - 216 -10*a^6 + 252*a^5 - 832*a^4 - 9392*a^3 - 7344*a^2 + 16288*a + 12720 over Number field with defining polynomial x^8-47*x^7+575*x^6+960*x^5-35056*x^4-24488*x^3+219134*x^2+257640*x-25896
-4*a^3 + 384*a^2 - 11968*a + 121888 32*a^2 - 1512*a + 17344 4*a^3 - 432*a^2 + 14688*a - 160400 -4*a^3 + 392*a^2 - 12252*a + 123600 4*a^3 - 392*a^2 + 12528*a - 131264 6*a^3 - 588*a^2 + 18472*a - 188024 -16*a^2 + 800*a - 9880 88*a-2416 -24*a^2 + 1360*a - 19256 -8*a^2 + 648*a - 11792 -2*a^3 + 192*a^2 - 5940*a + 59736 2*a^3 - 212*a^2 + 7020*a - 74304 -4*a^2 + 280*a - 4688 2*a^3 - 216*a^2 + 7300*a - 78992 2*a^3 - 196*a^2 + 6220*a - 64424 2*a^3 - 232*a^2 + 8100*a - 88872 -2*a^3 + 192*a^2 - 5940*a + 59736 -20*a^2 + 1080*a - 14568 -4*a^2 + 280*a - 4688 over Number field with defining polynomial x^4-128*x^3+5940*x^2-119500*x+884216
For conductor 37, eigenvectors are:
0 1 -1 over Number field with defining polynomial x+4
a+17 14 14 over Number field with defining polynomial x^2+34*x-103
For conductor 74, eigenvectors are:
0 3 -3 3 0 0 1 1 0 0 1 1 -1 1 1 0 -2 -2 0 0 0 0 1 0 1 1 1 0 -1 0 over Number field with defining polynomial x
a vector of length 30 over Number field with defining polynomial a number field of degree 10
-42 0 -6 24 -26 -57 -4 -28 -20 -12 32 -12 20 16 26 15 -15 -19 -34 24 -8 -5 -6 7 -16 4 -2 4 17 -14 over Number field with defining polynomial x-26
-18 39 24 3 -6 0 13 13 3 -9 13 10 -1 -26 -8 0 -14 10 6 -3 -3 12 -8 12 -8 -8 1 3 -1 -9 over Number field with defining polynomial x+24
0 3 -3 -3 0 0 1 1 2 2 1 1 1 -3 1 0 2 -2 0 2 2 -2 -1 -2 1 -1 -1 0 0 -1 over Number field with defining polynomial x-16
-6 3 0 3 6 3 1 -3 1 -1 -1 2 -1 2 2 2 -2 2 0 0 0 -1 -1 -1 -1 -1 -2 -1 0 0 over Number field with defining polynomial x+8
0 -6 -6 -6 0 0 -2 -2 0 0 -2 2 2 -2 2 0 -4 0 0 0 0 2 0 2 2 0 -2 0 -1 -1 over Number field with defining polynomial x+4
-6*a-174 -90 9*a-54 -9*a+99 -2*a-58 0 -30 -30 a+29 -3*a-87 -30 2*a+13 3*a-33 2*a-47 -3*a+18 0 -2*a+32 -6*a-24 2*a+58 -a-29 -a-29 -2*a-28 2*a-17 -2*a-28 -3*a+18 2*a-17 -3*a+33 a+29 -2*a+2 -15 over Number field with defining polynomial x^2-17*x-209
-12*a+318 -18 18 18 -4*a+106 0 -6 -6 -10*a+274 6*a-150 -6 -2*a+26 -6 -2*a+50 -6 0 -a+4 -3*a+60 4*a-106 -2*a+62 -2*a+62 -a+28 -2*a+38 -a+28 -6 -2*a+38 6 -4*a+106 -a+16 6 over Number field with defining polynomial x^2-56*x+766
293*a^3 - 32972*a^2 + 1118278*a - 10835704 73*a^3 - 6082*a^2 + 170762*a - 1620512 -437*a^3 + 42482*a^2 - 1297978*a + 11824120 73*a^3 - 7222*a^2 + 207194*a - 1776944 -195*a^3 + 19856*a^2 - 632154*a + 5882872 34*a^3 - 1255*a^2 - 27538*a + 700888 -73*a^3 + 6272*a^2 - 176834*a + 1646584 -73*a^3 + 6554*a^2 - 191510*a + 1690192 243*a^3 - 24664*a^2 + 772290*a - 7167572 -a^3 + 1750*a^2 - 102926*a + 1191716 73*a^3 - 6744*a^2 + 197582*a - 1716264 291*a^3 - 27740*a^2 + 827298*a - 7482508 73*a^3 - 7032*a^2 + 201122*a - 1750872 291*a^3 - 28212*a^2 + 848046*a - 7552188 -291*a^3 + 29656*a^2 - 929634*a + 8487344 184*a^3 - 21988*a^2 + 773000*a - 7519844 291*a^3 - 28459*a^2 + 873660*a - 7954586 -291*a^3 + 27493*a^2 - 801684*a + 7080110 49*a^3 - 6558*a^2 + 243062*a - 2476416 -72*a^3 + 6343*a^2 - 173208*a + 1446668 -49*a^3 + 5114*a^2 - 161474*a + 1541260 -73*a^3 + 7610*a^2 - 240146*a + 2201146 -50*a^3 + 6628*a^2 - 254026*a + 2698136 364*a^3 - 35586*a^2 + 1077818*a - 9718494 -73*a^3 + 6413*a^2 - 184172*a + 1668388 -241*a^3 + 21348*a^2 - 583646*a + 4819212 95*a^2 - 3036*a + 13036 -122*a^3 + 13207*a^2 - 437608*a + 4179644 483*a^2 - 35988*a + 437238 236*a^2 - 10374*a + 34840 over Number field with defining polynomial x^4-114*x^3+4492*x^2-71328*x+391876
-6*a^2 + 336*a - 4560 -a^3 + 75*a^2 - 1769*a + 12768 -2*a^2 + 123*a - 1960 a^3 - 70*a^2 + 1445*a - 7472 6*a^2 - 336*a + 4560 -6*a^2 + 402*a - 6408 -a^3 + 69*a^2 - 1389*a + 6800 a^3 - 69*a^2 + 1411*a - 7504 -7*a^2 + 370*a - 4792 -a^2 + 34*a - 232 a^3 - 75*a^2 + 1747*a - 12064 3*a^2 - 157*a + 1928 -a^3 + 74*a^2 - 1713*a + 12096 -3*a^2 + 201*a - 3336 -2*a^2 + 101*a - 1256 8*a^2 - 492*a + 7312 22*a-704 -22*a+704 0 -a^2 + 100*a - 2080 5*a^2 - 302*a + 4592 -2*a^2 + 134*a - 2312 a^2 - 89*a + 1728 2*a^2 - 112*a + 1608 11*a-352 -a^2 + 67*a - 1024 -a^3 + 72*a^2 - 1579*a + 9784 3*a^2 - 168*a + 2280 0 3*a^2 - 179*a + 2632 over Number field with defining polynomial x^4-101*x^3+3611*x^2-52252*x+235104
48*a+1152 6*a+438 -6*a-438 -6*a-438 16*a+384 0 2*a+146 2*a+146 -8*a-192 -12*a-484 2*a+146 -6*a-438 2*a+146 -6*a-46 2*a+146 0 0 -8*a-192 -16*a-384 -10*a-338 -10*a-338 -4*a-96 -6*a-242 -4*a-96 2*a+146 -6*a-242 -2*a-146 a+73 -2*a-48 98 over Number field with defining polynomial x^2+34*x-103
For conductor 111, eigenvectors are:
-3*a+114 2*a-76 -2*a+34 -6*a+186 9*a-300 3*a-72 -4*a+110 3*a-114 -a+38 5*a-148 -5*a+148 -2*a+76 -42 over Number field with defining polynomial x^2-46*x+430
-6*a^2 - 3*a + 150 4*a^2 + 2*a - 100 6*a^2 - 20*a - 280 2*a^3 - 14*a^2 - 98*a + 184 -a^2 + 11*a + 90 -a^3 + 6*a^2 + 47*a - 66 -a^3 + 6*a^2 + 60*a - 2 -2*a^2 - 14*a - 14 2*a^2 - 12*a - 114 a^3 - 5*a^2 - 35*a + 106 -a^2 + 11*a + 90 2*a^2 + 1*a - 50 0 over Number field with defining polynomial x^4-2*x^3-86*x^2-118*x+704
42*a^2 + 336*a + 504 -28*a^2 - 224*a - 336 28*a^2 + 392*a + 1344 -112*a-560 14*a^2 + 84*a + 112 -28*a-224 14*a^2 + 140*a + 392 140*a+784 14*a^2 + 112*a + 168 14*a^2 + 224*a + 728 98*a+532 7*a^2 - 14*a - 308 -98*a-616 over Number field with defining polynomial x^3+14*x^2+20*x-152
-1 0 0 2 -1 1 2 1 -1 1 -1 0 0 over Number field with defining polynomial x-230
-6 -5 -5 -3 -1 -4 2 1 4 1 -1 0 0 over Number field with defining polynomial x-395
For conductor 222, eigenvectors are:
-1 -1 -1 0 -1 over Number field with defining polynomial x+8
1 -1 1 0 -1 over Number field with defining polynomial x+28
-2*a^2 - 16*a + 24 4*a+56 a^2 + 8*a - 12 -6*a-12 -2*a-28 over Number field with defining polynomial x^3+14*x^2+20*x-152
For conductor 1:
traces of hecke eigenvalues of T_{p^1} are:
-22 21 -55 10 56 22 114 68 -140 345 -148 17 111 -12 -566 296 91 357 -398 -189 -380 -170 
computing eigenvalues for k = 1, took 17.149090 sec
traces of hecke eigenvalues of T_{p^2} are:
32 48 
computing eigenvalues for k = 2, took 0.203957 sec
traces of hecke eigenvalues of T_{p^1} are:
42 49 69 154 312 310 546 828 700 2073 1924 2613 2919 3972 3442 3544 4503 5941 7138 8271 7620 11278 
computing eigenvalues for k = 1, took 10.349181 sec
traces of hecke eigenvalues of T_{p^2} are:
96 -8 
computing eigenvalues for k = 2, took 0.197071 sec
traces of hecke eigenvalues of T_{p^1} are:
156 400 1464 2380 5220 7240 12720 25260 30784 70644 81400 106080 151740 208920 230764 305320 363024 394420 499360 578760 712980 922180 
computing eigenvalues for k = 1, took 10.402170 sec
traces of hecke eigenvalues of T_{p^2} are:
780 2800 
computing eigenvalues for k = 2, took 0.201254 sec
traces of hecke eigenvalues of T_{p^1} are:
36 40 144 220 180 400 720 900 904 1764 1840 2160 3060 2880 3244 5440 5904 5620 5800 6480 8820 10660 
computing eigenvalues for k = 1, took 10.320022 sec
traces of hecke eigenvalues of T_{p^2} are:
60 -80 
computing eigenvalues for k = 2, took 0.198798 sec
traces of hecke eigenvalues of T_{p^1} are:
28 56 160 140 396 352 504 828 840 1380 1392 2032 2436 4168 4044 4496 5616 4212 6872 6976 7900 8660 
computing eigenvalues for k = 1, took 10.355011 sec
traces of hecke eigenvalues of T_{p^2} are:
12 48 
computing eigenvalues for k = 2, took 0.200482 sec
traces of hecke eigenvalues of T_{p^1} are:
6 -23 45 -14 -24 58 306 -144 -212 -327 292 45 39 48 -50 616 -273 1021 -1310 255 1344 1930 
computing eigenvalues for k = 1, took 17.029622 sec
traces of hecke eigenvalues of T_{p^2} are:
24 64 
computing eigenvalues for k = 2, took 0.195935 sec
traces of hecke eigenvalues of T_{p^1} are:
7 -18 13 63 -456 116 267 147 -83 453 -362 -98 -240 -494 -1259 2505 2436 -1097 -1593 676 1264 1920 
computing eigenvalues for k = 1, took 10.332147 sec
traces of hecke eigenvalues of T_{p^2} are:
42 64 
computing eigenvalues for k = 2, took 0.211742 sec
traces of hecke eigenvalues of T_{p^1} are:
-8 6 6 92 32 -148 -160 0 108 -350 356 -14 762 -180 -68 -400 -1586 -86 856 1606 -92 -356 
computing eigenvalues for k = 1, took 10.334906 sec
traces of hecke eigenvalues of T_{p^2} are:
-8 -28 
computing eigenvalues for k = 2, took 0.201571 sec
traces of hecke eigenvalues of T_{p^1} are:
-25 34 -79 4 -113 371 34 -333 533 -738 1306 631 -1424 1308 -245 -159 1931 -1049 93 -796 -1251 -2104 
computing eigenvalues for k = 1, took 10.394018 sec
traces of hecke eigenvalues of T_{p^2} are:
-92 -52 
computing eigenvalues for k = 2, took 0.202161 sec
traces of hecke eigenvalues of T_{p^1} are:
84 183 315 525 753 1161 1557 2304 3030 4800 6036 6426 8043 10554 11412 13638 14088 16431 17706 21543 22785 28320 
computing eigenvalues for k = 1, took 10.373773 sec
traces of hecke eigenvalues of T_{p^2} are:
36 264 
computing eigenvalues for k = 2, took 0.200632 sec
traces of hecke eigenvalues of T_{p^1} are:
91 192 517 683 1168 1376 1933 3451 4079 6879 7378 8552 11766 12630 15097 18219 20838 20641 25297 24750 32264 35492 
computing eigenvalues for k = 1, took 10.366063 sec
traces of hecke eigenvalues of T_{p^2} are:
-78 -64 
computing eigenvalues for k = 2, took 0.199653 sec
traces of hecke eigenvalues of T_{p^1} are:
-12 14 62 -36 -8 -92 -20 -96 376 274 -176 294 -314 -128 892 -96 274 -678 756 -694 984 -236 
computing eigenvalues for k = 1, took 10.338325 sec
traces of hecke eigenvalues of T_{p^2} are:
-48 -64 
computing eigenvalues for k = 2, took 0.202320 sec
For conductor 2:
traces of hecke eigenvalues of T_{p^1} are:
6 -23 45 -14 -24 58 306 -144 -212 -327 292 45 39 48 -50 616 -273 1021 -1310 255 1344 1930 
computing eigenvalues for k = 1, took 521.950088 sec
traces of hecke eigenvalues of T_{p^2} are:
24 64 
computing eigenvalues for k = 2, took 0.499219 sec
traces of hecke eigenvalues of T_{p^1} are:
-12 14 62 -36 -8 -92 -20 -96 376 274 -176 294 -314 -128 892 -96 274 -678 756 -694 984 -236 
computing eigenvalues for k = 1, took 526.946866 sec
traces of hecke eigenvalues of T_{p^2} are:
-48 -64 
computing eigenvalues for k = 2, took 0.502241 sec
For conductor 3:
traces of hecke eigenvalues of T_{p^1} are:
-8 6 6 92 32 -148 -160 0 108 -350 356 -14 762 -180 -68 -400 -1586 -86 856 1606 -92 -356 
computing eigenvalues for k = 1, took 324.551736 sec
traces of hecke eigenvalues of T_{p^2} are:
-8 -28 
computing eigenvalues for k = 2, took 0.512962 sec
traces of hecke eigenvalues of T_{p^1} are:
-24 -27 -51 114 -24 4 134 -226 -256 -285 -152 277 -63 -6 932 -676 215 547 -266 2947 -1070 680 
computing eigenvalues for k = 1, took 323.989914 sec
traces of hecke eigenvalues of T_{p^2} are:
-16 -68 
computing eigenvalues for k = 2, took 0.501482 sec
For conductor 6:
traces of hecke eigenvalues of T_{p^1} are:
12 64 168 172 324 280 624 636 976 1812 2344 2688 3276 2856 4204 4888 4752 5428 6832 5784 7380 8452 
computing eigenvalues for k = 1, took 163.603351 sec
traces of hecke eigenvalues of T_{p^2} are:
-84 112 
computing eigenvalues for k = 2, took 0.498429 sec
traces of hecke eigenvalues of T_{p^1} are:
-18 1 69 -62 120 -62 210 -408 -140 -279 796 573 255 24 910 64 -1425 829 -278 -441 -96 -278 
computing eigenvalues for k = 1, took 161.825925 sec
traces of hecke eigenvalues of T_{p^2} are:
24 40 
computing eigenvalues for k = 2, took 0.502227 sec
traces of hecke eigenvalues of T_{p^1} are:
14 32 140 104 318 364 354 798 1272 1692 2136 2312 2208 3578 4308 4040 4560 4560 6908 7340 9146 10232 
computing eigenvalues for k = 1, took 163.759474 sec
traces of hecke eigenvalues of T_{p^2} are:
-72 -144 
computing eigenvalues for k = 2, took 0.501151 sec
traces of hecke eigenvalues of T_{p^1} are:
6 -23 -15 -40 48 -38 -68 400 174 141 196 -19 -205 10 -348 -802 -11 133 -282 -363 -12 -442 
computing eigenvalues for k = 1, took 163.116067 sec
traces of hecke eigenvalues of T_{p^2} are:
-6 24 
computing eigenvalues for k = 2, took 0.494601 sec
traces of hecke eigenvalues of T_{p^1} are:
-24 -27 -51 114 -24 4 134 -226 -256 -285 -152 277 -63 -6 932 -676 215 547 -266 2947 -1070 680 
computing eigenvalues for k = 1, took 163.006567 sec
traces of hecke eigenvalues of T_{p^2} are:
-16 -68 
computing eigenvalues for k = 2, took 0.500146 sec
traces of hecke eigenvalues of T_{p^1} are:
47 -104 23 -73 134 4 75 609 -567 1119 -1218 -780 340 1124 -451 -547 1276 -825 -3905 910 2504 -74 
computing eigenvalues for k = 1, took 163.886971 sec
traces of hecke eigenvalues of T_{p^2} are:
-52 44 
computing eigenvalues for k = 2, took 0.490688 sec
traces of hecke eigenvalues of T_{p^1} are:
128 191 413 629 1095 1345 1971 3504 3570 6744 7020 9266 10785 14006 14256 18110 21216 21159 24554 28625 32831 36536 
computing eigenvalues for k = 1, took 164.489532 sec
traces of hecke eigenvalues of T_{p^2} are:
144 -72 
computing eigenvalues for k = 2, took 0.509627 sec
For conductor 37:
traces of hecke eigenvalues of T_{p^1} are:
-4 -23 -43 12 -126 20 214 204 -212 -327 34 -519 251 -188 -1026 1420 1431 145 -204 -1737 1166 1542 
computing eigenvalues for k = 1, took 526.592343 sec
traces of hecke eigenvalues of T_{p^2} are:
12 64 
computing eigenvalues for k = 2, took 0.491062 sec
traces of hecke eigenvalues of T_{p^1} are:
8 -34 14 16 172 -72 -108 32 -280 -30 164 382 878 -48 100 72 -430 -606 -896 -22 -1364 516 
computing eigenvalues for k = 1, took 525.619917 sec
traces of hecke eigenvalues of T_{p^2} are:
-24 0 
computing eigenvalues for k = 2, took 0.499184 sec
For conductor 74:
traces of hecke eigenvalues of T_{p^1} are:
0 9 -51 -44 42 88 -90 216 -148 -183 -174 -231 -141 504 138 -460 -369 1113 -220 63 210 -1190 
computing eigenvalues for k = 1, took 144.499614 sec
traces of hecke eigenvalues of T_{p^2} are:
-52 -16 
computing eigenvalues for k = 2, took 0.505706 sec
traces of hecke eigenvalues of T_{p^1} are:
1 0 -137 193 -50 84 -623 179 567 193 650 -1216 874 332 735 -2167 -688 1461 2281 -1070 -488 5242 
computing eigenvalues for k = 1, took 127.985341 sec
traces of hecke eigenvalues of T_{p^2} are:
8 -228 
computing eigenvalues for k = 2, took 0.503176 sec
traces of hecke eigenvalues of T_{p^1} are:
26 31 199 239 333 363 445 866 718 1380 1944 2338 2879 3120 4392 4666 4152 5607 4990 7023 7477 9684 
computing eigenvalues for k = 1, took 124.974394 sec
traces of hecke eigenvalues of T_{p^2} are:
0 -152 
computing eigenvalues for k = 2, took 0.498225 sec
traces of hecke eigenvalues of T_{p^1} are:
-24 -3 33 -26 42 124 -24 -204 98 33 150 -207 219 366 240 -226 -255 -1011 -1372 -303 1158 -1358 
computing eigenvalues for k = 1, took 124.756950 sec
traces of hecke eigenvalues of T_{p^2} are:
50 -88 
computing eigenvalues for k = 2, took 0.503158 sec
traces of hecke eigenvalues of T_{p^1} are:
16 37 137 188 234 336 734 880 748 1497 1890 2477 2203 3696 3162 4972 3987 4761 5836 8211 9314 8946 
computing eigenvalues for k = 1, took 140.923402 sec
traces of hecke eigenvalues of T_{p^2} are:
-60 -104 
computing eigenvalues for k = 2, took 0.495100 sec
traces of hecke eigenvalues of T_{p^1} are:
-8 19 -5 -24 -42 104 -22 -204 124 201 -158 507 -41 -220 -210 244 -27 49 -624 -615 538 270 
computing eigenvalues for k = 1, took 125.541367 sec
traces of hecke eigenvalues of T_{p^2} are:
-12 -8 
computing eigenvalues for k = 2, took 0.502950 sec
traces of hecke eigenvalues of T_{p^1} are:
-4 -23 -43 12 -126 20 214 204 -212 -327 34 -519 251 -188 -1026 1420 1431 145 -204 -1737 1166 1542 
computing eigenvalues for k = 1, took 141.389386 sec
traces of hecke eigenvalues of T_{p^2} are:
12 64 
computing eigenvalues for k = 2, took 0.494905 sec
traces of hecke eigenvalues of T_{p^1} are:
17 -46 -31 89 -252 40 313 -27 351 781 -362 -98 -28 -2146 83 1165 732 655 -803 -2644 552 3084 
computing eigenvalues for k = 1, took 126.246346 sec
traces of hecke eigenvalues of T_{p^2} are:
54 128 
computing eigenvalues for k = 2, took 0.506495 sec
traces of hecke eigenvalues of T_{p^1} are:
56 92 200 296 576 688 880 1728 1872 3784 3472 4240 6248 7232 7952 9004 11472 12484 12520 14264 16296 18552 
computing eigenvalues for k = 1, took 125.115683 sec
traces of hecke eigenvalues of T_{p^2} are:
24 -64 
computing eigenvalues for k = 2, took 0.498017 sec
traces of hecke eigenvalues of T_{p^1} are:
114 244 480 724 1242 1472 2346 3162 4068 6684 6692 7884 10416 13458 13696 16412 19548 21812 24944 25716 31686 38652 
computing eigenvalues for k = 1, took 126.420545 sec
traces of hecke eigenvalues of T_{p^2} are:
60 352 
computing eigenvalues for k = 2, took 0.503253 sec
traces of hecke eigenvalues of T_{p^1} are:
101 218 451 613 1044 1524 2019 3381 3717 6391 8262 8974 11158 14746 16119 19047 20352 21729 25755 28708 31160 37120 
computing eigenvalues for k = 1, took 127.426224 sec
traces of hecke eigenvalues of T_{p^2} are:
-18 144 
computing eigenvalues for k = 2, took 0.504287 sec
traces of hecke eigenvalues of T_{p^1} are:
8 -34 14 16 172 -72 -108 32 -280 -30 164 382 878 -48 100 72 -430 -606 -896 -22 -1364 516 
computing eigenvalues for k = 1, took 126.203211 sec
traces of hecke eigenvalues of T_{p^2} are:
-24 0 
computing eigenvalues for k = 2, took 0.496747 sec
For conductor 111:
traces of hecke eigenvalues of T_{p^1} are:
46 116 220 332 498 748 938 1626 2016 3176 3304 3944 5284 6334 7784 9412 10224 11824 13420 14764 15930 19140 
computing eigenvalues for k = 1, took 178.151707 sec
traces of hecke eigenvalues of T_{p^2} are:
-36 128 
computing eigenvalues for k = 2, took 0.535909 sec
traces of hecke eigenvalues of T_{p^1} are:
2 -44 132 -131 -47 -61 285 72 382 201 -98 813 274 -226 -726 -1394 11 -2052 1762 494 787 -1604 
computing eigenvalues for k = 1, took 179.569721 sec
traces of hecke eigenvalues of T_{p^2} are:
-26 -44 
computing eigenvalues for k = 2, took 0.501727 sec
traces of hecke eigenvalues of T_{p^1} are:
-14 21 -47 12 42 66 86 -150 240 3 -126 645 -203 650 -576 396 -45 735 660 423 -1952 216 
computing eigenvalues for k = 1, took 181.283227 sec
traces of hecke eigenvalues of T_{p^2} are:
-12 -84 
computing eigenvalues for k = 2, took 0.515094 sec
traces of hecke eigenvalues of T_{p^1} are:
32 28 152 192 228 230 634 648 838 1416 2278 2268 2816 4198 4032 3808 5436 5272 6090 7188 7892 10404 
computing eigenvalues for k = 1, took 180.803234 sec
traces of hecke eigenvalues of T_{p^2} are:
36 -176 
computing eigenvalues for k = 2, took 0.500734 sec
traces of hecke eigenvalues of T_{p^1} are:
22 43 97 147 303 395 599 858 898 1776 1648 2538 3481 3548 4032 4078 5016 4447 5910 6393 8047 9504 
computing eigenvalues for k = 1, took 176.089497 sec
traces of hecke eigenvalues of T_{p^2} are:
-24 -56 
computing eigenvalues for k = 2, took 0.496854 sec
For conductor 222:
traces of hecke eigenvalues of T_{p^1} are:
-8 19 -5 -24 -42 104 -22 -204 124 201 -158 507 -41 -220 -210 244 -27 49 -624 -615 538 270 
computing eigenvalues for k = 1, took 319.652687 sec
traces of hecke eigenvalues of T_{p^2} are:
-12 -8 
computing eigenvalues for k = 2, took 0.497555 sec
traces of hecke eigenvalues of T_{p^1} are:
-28 1 -19 -36 18 -100 118 -60 -140 -279 538 9 467 -212 -66 868 279 -47 828 -2433 -274 -666 
computing eigenvalues for k = 1, took 320.361606 sec
traces of hecke eigenvalues of T_{p^2} are:
60 40 
computing eigenvalues for k = 2, took 0.500534 sec
traces of hecke eigenvalues of T_{p^1} are:
-14 21 -47 12 42 66 86 -150 240 3 -126 645 -203 650 -576 396 -45 735 660 423 -1952 216 
computing eigenvalues for k = 1, took 323.872311 sec
traces of hecke eigenvalues of T_{p^2} are:
-12 -84 
computing eigenvalues for k = 2, took 0.492149 sec
