constructing eigenvector for poly
x-15
constructing eigenvector for poly
x-3
constructing eigenvector for poly
x^3-x^2-24*x+32
constructing eigenvector for poly
x^3-19*x^2+96*x-76
constructing eigenvector for poly
x^15-87*x^14+3455*x^13-82950*x^12+1344091*x^11-15538805*x^10+132105513*x^9-838846767*x^8+3999220242*x^7-14266922852*x^6+37629649964*x^5-71760271423*x^4+95362541958*x^3-83036654924*x^2+42243246392*x-9454640400
constructing eigenvector for poly
x^4-9*x^2+12*x-3
constructing eigenvector for poly
x+1
constructing eigenvector for poly
x+1
constructing eigenvector for poly
x+3
constructing eigenvector for poly
x+5
constructing eigenvector for poly
x^2+10*x+23
constructing eigenvector for poly
x^2+2*x-5
constructing eigenvector for poly
x^4-5*x^2+5
constructing eigenvector for poly
x^17-99*x^16+4515*x^15-125802*x^14+2394693*x^13-32989229*x^12+339877311*x^11-2668693935*x^10+16124672248*x^9-75166504436*x^8+269352011370*x^7-734583770099*x^6+1498387919094*x^5-2224404647216*x^4+2303886229792*x^3-1554616996736*x^2+603177062624*x-99741590464
computing eigenvectors took 0.477188 sec
For conductor 1, eigenvectors are:
-1 -1 -1 -1 -1 -1 -1 -1 -1 -1 -1 -1 -1 -1 -1 -1 -1 -1 -1 -1 -1 -1 -1 -1 -1 -1 -1 -1 -1 over Number field with defining polynomial x-15
0 12 -6 -2 3 -3 0 -1 0 -6 3 0 1 1 0 2 -2 -1 2 -1 -1 0 0 1 -1 3 -1 1 -1 over Number field with defining polynomial x-3
6*a^2 - 54*a + 192 0 0 -8*a^2 - 24*a + 272 0 3*a^2 - 15*a - 72 -5*a^2 + 37*a - 48 -2*a^2 + 10*a + 48 -3*a^2 + 21*a - 12 0 3*a^2 - 21*a + 12 0 -5*a^2 - 3*a + 104 2*a^2 - 14*a + 8 -2*a^2 + 14*a - 8 -6*a^2 + 26*a - 4 -7*a^2 + 11*a + 96 7*a^2 - 11*a - 96 a^2 - 9*a + 32 2*a^2 + 4*a - 40 2*a^2 + 6*a - 68 0 2*a^2 - 16*a + 36 -2*a^2 + 16*a - 36 5*a^2 - 17*a - 28 2*a^2 + 6*a - 68 2*a-28 -11*a+52 -2*a^2 + 5*a + 16 over Number field with defining polynomial x^3-x^2-24*x+32
102*a^2 - 1404*a + 4704 90*a^2 - 288*a - 2376 108*a^2 - 1962*a + 8244 -64*a^2 + 768*a - 1952 -81*a^2 + 1242*a - 4860 42*a^2 - 615*a + 2106 20*a^2 - 166*a + 60 20*a^2 - 166*a + 60 39*a^2 - 336*a + 336 99*a^2 - 1125*a + 2934 -21*a^2 + 453*a - 2262 39*a^2 - 336*a + 336 20*a^2 - 411*a + 1966 22*a^2 - 352*a + 1240 -61*a^2 + 979*a - 3994 18*a^2 - 470*a + 2692 -23*a^2 + 394*a - 1536 -25*a^2 + 335*a - 810 41*a^2 - 522*a + 1516 a^2 - 241*a + 1690 -41*a^2 + 471*a - 1222 -18*a^2 + 174*a - 492 -2*a^2 + 283*a - 1986 20*a^2 - 166*a + 60 -2*a^2 + 38*a - 80 19*a^2 - 318*a + 1376 97*a-806 -148*a+1100 -22*a^2 + 301*a - 946 over Number field with defining polynomial x^3-19*x^2+96*x-76
a vector of length 29 over Number field with defining polynomial a number field of degree 15
-48*a^3 - 48*a^2 + 288*a - 72 0 0 32*a^3 + 40*a^2 - 216*a + 72 0 6*a^3 + 12*a^2 - 54*a + 18 -12*a^3 - 24*a^2 + 96*a - 24 -4*a^3 - 4*a^2 + 24*a - 12 9*a^3 + 6*a^2 - 45*a + 9 0 -18*a^3 - 27*a^2 + 135*a - 45 0 -8*a^3 - 14*a^2 + 60*a - 18 10*a^3 + 16*a^2 - 72*a + 18 12*a^3 + 18*a^2 - 90*a + 30 2*a^3 + 8*a^2 - 24*a + 6 -4*a^3 - 2*a^2 + 24*a - 12 4*a^3 + 2*a^2 - 24*a + 12 2*a^3 + 2*a^2 - 12*a + 6 3*a^3 + 5*a^2 - 21*a + 6 -8*a^3 - 10*a^2 + 54*a - 18 0 2*a^3 + 6*a^2 - 21*a + 6 a^3 + 1*a^2 - 9*a + 6 -a^2 + 3*a - 3 3*a^3 + 6*a^2 - 24*a + 6 -a^2 + 3*a -2*a^2 + 3*a -3*a^3 - 4*a^2 + 21*a - 6 over Number field with defining polynomial x^4-9*x^2+12*x-3
0 0 0 -32 0 -24 -16 -16 12 0 -12 0 16 8 8 16 -8 8 16 -4 8 0 4 -4 0 -16 4 -2 -2 over Number field with defining polynomial x+1
120 0 0 24 0 -72 -48 12 6 0 -6 0 28 14 4 -12 -4 4 -52 -2 -6 0 -18 18 10 12 32 -6 -6 over Number field with defining polynomial x+1
For conductor 17, eigenvectors are:
1 1 over Number field with defining polynomial x+3
1 -1 over Number field with defining polynomial x+5
For conductor 19, eigenvectors are:
-1 a+4 over Number field with defining polynomial x^2+10*x+23
For conductor 323, eigenvectors are:
0 0 0 -12*a-24 -6*a-12 0 -6*a-12 0 -8*a-16 4*a+8 4*a+8 -4*a-8 4*a+28 2*a+4 0 0 10 -10 -4*a-8 2*a-6 -10 5 -a-2 over Number field with defining polynomial x^2+2*x-5
0 0 0 6*a^3 + 12*a^2 - 6*a - 18 3*a^3 + 6*a^2 - 3*a - 9 0 -3*a^2 - 3*a + 9 0 -2*a^2 + 2 2*a^2 + 2*a - 6 4*a^3 + 2*a^2 - 8*a -4*a^3 - 2*a^2 + 8*a -2*a^3 - 2*a^2 + 4*a + 2 a^3 + 3*a^2 - 1*a - 4 0 0 2*a^3 + 4*a^2 - 3*a - 6 -a^3 - 1*a^2 + 3*a a^2 - 1*a - 1 a^3 + 2*a^2 - 2*a - 2 -a^2 - 1*a + 2 -2*a^2 - 1*a + 4 -a^3 - 4*a^2 + 1*a + 6 over Number field with defining polynomial x^4-5*x^2+5
a vector of length 23 over Number field with defining polynomial a number field of degree 17
For conductor 1:
traces of hecke eigenvalues of T_{p^1} are:
15 40 156 400 1464 2380 12720 25260 30784 52060 70644 81400 106080 151740 208920 230764 305320 363024 394420 499360 578760 712980 922180 
computing eigenvalues for k = 1, took 10.493317 sec
traces of hecke eigenvalues of T_{p^2} are:
30 120 780 2800 
computing eigenvalues for k = 2, took 0.243915 sec
traces of hecke eigenvalues of T_{p^1} are:
3 7 18 67 78 193 735 621 1048 1156 1962 1696 2088 3297 3735 3424 3595 4866 5755 6286 7206 7842 10264 
computing eigenvalues for k = 1, took 29.991136 sec
traces of hecke eigenvalues of T_{p^2} are:
-6 -12 -48 136 
computing eigenvalues for k = 2, took 1.192269 sec
traces of hecke eigenvalues of T_{p^1} are:
1 -14 37 1 71 -126 142 66 -142 578 -1032 427 217 2210 -426 -267 204 876 -695 1302 592 3034 2058 
computing eigenvalues for k = 1, took 10.777388 sec
traces of hecke eigenvalues of T_{p^2} are:
9 16 48 122 
computing eigenvalues for k = 2, took 0.246225 sec
traces of hecke eigenvalues of T_{p^1} are:
19 40 82 190 368 576 1798 2154 3206 4574 4872 6232 7408 8888 11256 11262 14676 14934 17044 18366 18520 23860 28248 
computing eigenvalues for k = 1, took 10.585995 sec
traces of hecke eigenvalues of T_{p^2} are:
12 40 24 320 
computing eigenvalues for k = 2, took 0.243570 sec
traces of hecke eigenvalues of T_{p^1} are:
87 176 436 772 1992 2452 8146 13158 14290 20526 25846 27110 32660 41388 51710 55028 67608 76966 77890 95402 103184 121944 142522 
computing eigenvalues for k = 1, took 10.453962 sec
traces of hecke eigenvalues of T_{p^2} are:
36 104 276 176 
computing eigenvalues for k = 2, took 0.243160 sec
traces of hecke eigenvalues of T_{p^1} are:
0 4 -30 -14 78 34 156 96 -434 -74 318 208 330 -246 714 484 -380 1362 -1688 -776 1080 -912 -866 
computing eigenvalues for k = 1, took 10.614108 sec
traces of hecke eigenvalues of T_{p^2} are:
0 -12 -12 -128 
computing eigenvalues for k = 2, took 0.243564 sec
traces of hecke eigenvalues of T_{p^1} are:
-1 2 -1 1 17 -8 -90 16 -54 -100 46 -431 497 -174 486 -373 -396 -580 -485 -374 -324 734 -22 
computing eigenvalues for k = 1, took 21.384177 sec
traces of hecke eigenvalues of T_{p^2} are:
-1 2 -60 16 
computing eigenvalues for k = 2, took 0.290885 sec
traces of hecke eigenvalues of T_{p^1} are:
-1 -3 4 -9 12 -3 175 111 36 -30 -114 -156 72 -219 -309 -98 -81 410 755 86 266 -926 28 
computing eigenvalues for k = 1, took 10.614364 sec
traces of hecke eigenvalues of T_{p^2} are:
-6 2 0 -4 
computing eigenvalues for k = 2, took 0.249119 sec
For conductor 17:
traces of hecke eigenvalues of T_{p^1} are:
-3 -14 21 -35 9 -110 -60 204 -296 16 -588 -191 147 954 -102 49 -752 -282 -149 148 1752 294 394 
computing eigenvalues for k = 1, took 723.484252 sec
traces of hecke eigenvalues of T_{p^2} are:
3 24 42 76 
computing eigenvalues for k = 2, took 0.607768 sec
traces of hecke eigenvalues of T_{p^1} are:
-5 -8 -7 -15 -9 60 -166 114 258 138 66 81 -387 -102 426 -383 -396 -404 359 50 172 -910 970 
computing eigenvalues for k = 1, took 727.812124 sec
traces of hecke eigenvalues of T_{p^2} are:
3 2 6 -16 
computing eigenvalues for k = 2, took 0.598202 sec
For conductor 19:
traces of hecke eigenvalues of T_{p^1} are:
-10 -16 -26 10 -22 -76 -260 0 -252 -108 500 -370 -22 -76 -640 598 772 460 866 -544 -2412 1636 -1708 
computing eigenvalues for k = 1, took 729.126247 sec
traces of hecke eigenvalues of T_{p^2} are:
6 12 0 16 
computing eigenvalues for k = 2, took 0.616991 sec
For conductor 323:
traces of hecke eigenvalues of T_{p^1} are:
-2 -4 18 2 6 -28 60 -164 84 -264 404 150 18 -1020 1584 -222 252 884 1058 -1824 772 -204 252 
computing eigenvalues for k = 1, took 156.008349 sec
traces of hecke eigenvalues of T_{p^2} are:
-2 4 -4 -48 
computing eigenvalues for k = 2, took 0.767730 sec
traces of hecke eigenvalues of T_{p^1} are:
0 -4 -30 -38 98 -38 268 136 34 170 -30 -60 138 762 -442 -1372 1448 -258 -968 208 2148 -772 2346 
computing eigenvalues for k = 1, took 154.379368 sec
traces of hecke eigenvalues of T_{p^2} are:
-12 -36 -4 104 
computing eigenvalues for k = 2, took 0.756806 sec
traces of hecke eigenvalues of T_{p^1} are:
99 194 466 920 2190 2800 9146 14392 16470 22424 28202 32154 37940 47884 59746 62526 76004 86614 88562 104702 119724 138128 156770 
computing eigenvalues for k = 1, took 161.812514 sec
traces of hecke eigenvalues of T_{p^2} are:
42 96 144 560 
computing eigenvalues for k = 2, took 1.543411 sec
