constructing eigenvector for poly
x-156
constructing eigenvector for poly
x-14
constructing eigenvector for poly
x^2-41*x+391
constructing eigenvector for poly
x^4-111*x^3+4462*x^2-76747*x+478188
constructing eigenvector for poly
x^5-179*x^4+12578*x^3-433055*x^2+7296760*x-48129792
constructing eigenvector for poly
x^10-328*x^9+47718*x^8-4051504*x^7+222120788*x^6-8207630142*x^5+206760396483*x^4-3501236486248*x^3+38076643603928*x^2-239631888100288*x+660947319332480
constructing eigenvector for poly
x^7+12*x^6-129*x^5-2208*x^4-5771*x^3+25186*x^2+109692*x+85868
constructing eigenvector for poly
x+22
constructing eigenvector for poly
x-36
constructing eigenvector for poly
x^3-3*x^2-122*x-251
constructing eigenvector for poly
x^3-43*x^2+358*x+2309
constructing eigenvector for poly
x^8+30*x^7-99*x^6-7578*x^5-12191*x^4+478154*x^3+1345796*x^2-2485516*x-5914184
constructing eigenvector for poly
x^3-71*x^2+1429*x-8748
constructing eigenvector for poly
x^3-93*x^2+2799*x-27428
constructing eigenvector for poly
x^5-169*x^4+11000*x^3-344287*x^2+5195742*x-30367528
constructing eigenvector for poly
x^6-46*x^5+527*x^4+1554*x^3-44327*x^2+104756*x+224732
constructing eigenvector for poly
x-43
constructing eigenvector for poly
x^3-79*x^2+2065*x-17844
constructing eigenvector for poly
x^11+71*x^10+1673*x^9+11368*x^8-111613*x^7-1823284*x^6-3127546*x^5+61185065*x^4+296318190*x^3-248735756*x^2-3817360792*x-5894027328
constructing eigenvector for poly
x^9-249*x^8+26743*x^7-1623319*x^6+61274039*x^5-1489295649*x^4+23279478332*x^3-225456953144*x^2+1227055670880*x-2859681232512
computing eigenvectors took 0.819441 sec
For conductor 1, eigenvectors are:
-1 -1 -1 -1 -1 -1 -1 -1 -1 -1 -1 -1 -1 -1 -1 -1 -1 -1 -1 -1 -1 -1 -1 -1 -1 -1 -1 -1 -1 -1 over Number field with defining polynomial x-156
-6 -2 2 -6 2 4 1 3 -2 4 1 -2 0 3 -1 2 -5 -1 1 2 -1 0 -2 -2 2 0 0 1 1 -1 over Number field with defining polynomial x-14
-48*a-672 -1272*a+25536 -288*a+8352 208*a-5344 240*a-6960 720*a-18816 84*a-372 -624*a+12936 324*a-9396 -120*a+3480 304*a-6064 464*a-12080 -228*a+4548 -84*a+3468 -336*a+9228 -456*a+12192 -204*a+4884 320*a-8936 -304*a+7096 576*a-14124 288*a-7836 404*a-8276 -96*a+2784 -60*a+3288 -164*a+3380 136*a-2740 -144*a+1596 -116*a+3536 -2064 -124*a+3940 over Number field with defining polynomial x^2-41*x+391
52*a^3 - 4572*a^2 + 128080*a - 1143892 2*a^3 - 28*a^2 - 2532*a + 47804 24*a^3 - 1664*a^2 + 33614*a - 183964 44*a^3 - 3636*a^2 + 96636*a - 816220 -40*a^3 + 3580*a^2 - 101700*a + 911828 68*a^3 - 6076*a^2 + 175380*a - 1612312 -88*a^3 + 7706*a^2 - 216657*a + 1928144 -23*a^3 + 1581*a^2 - 33650*a + 223406 -37*a^3 + 3035*a^2 - 80883*a + 703370 -14*a^3 + 1218*a^2 - 34834*a + 329522 22*a^3 - 1742*a^2 + 45492*a - 397750 6*a^3 - 496*a^2 + 13190*a - 116032 37*a^3 - 2715*a^2 + 63994*a - 490657 31*a^3 - 2676*a^2 + 74599*a - 665149 -365*a^2 + 19898*a - 243793 -21*a^3 + 1918*a^2 - 56080*a + 515003 -25*a^3 + 2294*a^2 - 67905*a + 632108 -13*a^3 + 945*a^2 - 21034*a + 140711 37*a^3 - 3286*a^2 + 94285*a - 864172 -6*a^3 + 724*a^2 - 26182*a + 282014 2*a^3 - 249*a^2 + 8864*a - 92278 -2*a^3 - 2*a^2 + 4538*a - 68524 4*a^3 - 262*a^2 + 5329*a - 34114 6*a^3 - 496*a^2 + 13190*a - 116032 -21*a^3 + 1568*a^2 - 37185*a + 281570 -2*a^3 - 2*a^2 + 4538*a - 68524 -236*a^2 + 12399*a - 150442 243*a^2 - 13995*a + 176342 -4*a^3 + 711*a^2 - 29717*a + 340178 -15*a^2 + 1003*a - 10360 over Number field with defining polynomial x^4-111*x^3+4462*x^2-76747*x+478188
2*a^4 - 214*a^3 + 7764*a^2 - 104366*a + 303760 -7*a^4 + 1049*a^3 - 58146*a^2 + 1408141*a - 12537560 5*a^4 - 715*a^3 + 37650*a^2 - 863507*a + 7263016 -4*a^4 + 548*a^3 - 27688*a^2 + 610460*a - 4943264 4*a^4 - 508*a^3 + 24016*a^2 - 502244*a + 3921376 12*a^4 - 1628*a^3 + 80640*a^2 - 1726100*a + 13503136 2*a^4 - 356*a^3 + 22376*a^2 - 596034*a + 5703976 -4*a^4 + 578*a^3 - 31014*a^2 + 730162*a - 6344720 14*a^4 - 1940*a^3 + 98498*a^2 - 2170182*a + 17545168 -2*a^4 + 254*a^3 - 12008*a^2 + 251122*a - 1960688 -4*a^4 + 516*a^3 - 24272*a^2 + 491612*a - 3614192 3*a^4 - 361*a^3 + 15890*a^2 - 303305*a + 2112568 4*a^4 - 554*a^3 + 28286*a^2 - 630464*a + 5184592 4*a^4 - 602*a^3 + 33410*a^2 - 808736*a + 7178200 3*a^4 - 417*a^3 + 21124*a^2 - 460433*a + 3640384 -a^4 + 215*a^3 - 15372*a^2 + 450589*a - 4630880 6*a^4 - 884*a^3 + 47750*a^2 - 1120750*a + 9651040 -2*a^4 + 290*a^3 - 15792*a^2 + 382070*a - 3444560 -28*a^3 + 2810*a^2 - 92528*a + 997408 a^4 - 95*a^3 + 2302*a^2 + 12557*a - 666248 -6*a^4 + 780*a^3 - 36720*a^2 + 738152*a - 5345096 -5*a^4 + 695*a^3 - 35814*a^2 + 809399*a - 6752072 -4*a^3 + 174*a^2 + 3462*a - 144464 -2*a^4 + 346*a^3 - 21504*a^2 + 570834*a - 5457632 2*a^4 - 274*a^3 + 14130*a^2 - 324500*a + 2789152 -12*a^3 + 1580*a^2 - 64740*a + 818128 -10*a^3 + 1204*a^2 - 46324*a + 572992 -8*a^3 + 1020*a^2 - 40274*a + 495592 -4*a^4 + 534*a^3 - 26164*a^2 + 557086*a - 4356128 4*a^3 - 128*a^2 - 5316*a + 153592 over Number field with defining polynomial x^5-179*x^4+12578*x^3-433055*x^2+7296760*x-48129792
a vector of length 30 over Number field with defining polynomial a number field of degree 10
-48*a^6 - 264*a^5 + 6576*a^4 + 41304*a^3 - 81072*a^2 - 689736*a - 645120 0 12*a^6 + 36*a^5 - 2472*a^4 - 12804*a^3 + 44676*a^2 + 291240*a + 339984 8*a^6 + 64*a^5 - 544*a^4 - 5232*a^3 - 2760*a^2 + 35752*a - 11616 -8*a^6 - 88*a^5 + 40*a^4 - 216*a^3 - 2680*a^2 + 80712*a + 172976 16*a^6 + 56*a^5 - 2984*a^4 - 18776*a^3 + 17136*a^2 + 199072*a + 138160 -6*a^6 - 102*a^5 - 318*a^4 + 2808*a^3 + 10896*a^2 - 44940*a - 160020 12*a^6 + 66*a^5 - 1644*a^4 - 10326*a^3 + 20268*a^2 + 172434*a + 161280 -12*a^6 - 42*a^5 + 2238*a^4 + 14082*a^3 - 12852*a^2 - 149304*a - 103620 4*a^6 + 44*a^5 - 20*a^4 + 108*a^3 + 1340*a^2 - 40356*a - 86488 104*a^5 + 1824*a^4 + 7868*a^3 - 7852*a^2 - 81996*a - 71880 12*a^6 + 88*a^5 - 1116*a^4 - 6776*a^3 + 14852*a^2 + 74600*a + 21032 -57*a^5 - 882*a^4 - 1980*a^3 + 11637*a^2 + 29388*a + 22230 42*a^5 + 777*a^4 + 1797*a^3 - 16617*a^2 - 50340*a - 4986 -3*a^6 + 468*a^4 + 921*a^3 - 13506*a^2 - 38022*a - 32706 -9*a^5 + 150*a^4 + 2280*a^3 + 2337*a^2 - 34788*a - 52290 9*a^6 + 72*a^5 - 960*a^4 - 8445*a^3 + 978*a^2 + 97122*a + 131820 2*a^6 - 4*a^5 - 482*a^4 - 2256*a^3 + 4126*a^2 + 34572*a + 68160 -8*a^6 - 70*a^5 + 650*a^4 + 5576*a^3 - 1322*a^2 - 44570*a - 44636 -6*a^6 - 10*a^5 + 1228*a^4 + 6950*a^3 - 8410*a^2 - 84340*a - 102700 0 -34*a^5 - 670*a^4 - 3562*a^3 + 984*a^2 + 47040*a + 92184 4*a^5 + 170*a^4 + 1642*a^3 + 4878*a^2 - 9224*a - 46356 6*a^5 - 100*a^4 - 1520*a^3 - 1558*a^2 + 23192*a + 34860 4*a^6 + 82*a^5 + 316*a^4 - 2456*a^3 - 18070*a^2 - 23276*a + 22412 -78*a^5 - 1132*a^4 - 2360*a^3 + 19034*a^2 + 59076*a + 23624 -4*a^6 - 38*a^5 + 398*a^4 + 5138*a^3 + 11672*a^2 - 25432*a - 77572 -44*a^5 - 714*a^4 - 2682*a^3 + 6398*a^2 + 48708*a + 55160 26*a^5 + 220*a^4 - 1574*a^3 - 15108*a^2 - 18078*a + 12316 22*a^5 + 357*a^4 + 1341*a^3 - 3199*a^2 - 24354*a - 27580 over Number field with defining polynomial x^7+12*x^6-129*x^5-2208*x^4-5771*x^3+25186*x^2+109692*x+85868
For conductor 2, eigenvectors are:
1 over Number field with defining polynomial x+22
For conductor 3, eigenvectors are:
For conductor 6, eigenvectors are:
1 -5 3 2 5 -2 6 1 1 -3 6 -4 2 -2 4 -1 -8 -3 over Number field with defining polynomial x-36
2*a^2 - 4*a - 198 -4*a^2 + 18*a + 536 4*a^2 - 33*a - 246 a^2 - 7*a - 169 -2*a^2 + 19*a + 33 -a^2 + 2*a - 26 -3*a^2 + 21*a + 257 -2*a^2 + 9*a + 143 -10*a+110 -10*a-15 2*a^2 - 19*a - 158 3*a^2 - 16*a - 312 5*a-55 a^2 - 17*a - 59 -5*a-70 -a^2 + 7*a + 44 -a^2 + 2*a + 99 5*a-55 over Number field with defining polynomial x^3-3*x^2-122*x-251
6*a^2 - 292*a + 3536 -4*a^2 + 168*a - 1714 -20*a+495 -4*a^2 + 183*a - 2079 -a^2 + 27*a - 51 a^2 - 47*a + 546 -a^2 + 52*a - 676 4*a^2 - 188*a + 2209 a^2 - 52*a + 676 -2*a^2 + 94*a - 1092 -a^2 + 52*a - 676 -5*a+130 -a^2 + 47*a - 546 a^2 - 32*a + 181 -10*a+235 5*a-105 -a^2 + 37*a - 311 5*a-130 over Number field with defining polynomial x^3-43*x^2+358*x+2309
-16*a^7 - 592*a^6 - 808*a^5 + 124256*a^4 + 366400*a^3 - 5208280*a^2 + 434304*a + 16784512 8*a^7 + 128*a^6 - 1756*a^5 - 15820*a^4 + 75508*a^3 + 247760*a^2 + 3334560*a - 8423744 8*a^7 + 326*a^6 + 1742*a^5 - 47506*a^4 - 298460*a^3 + 788552*a^2 + 2366316*a - 4949144 22*a^7 + 604*a^6 - 1010*a^5 - 99878*a^4 - 141664*a^3 + 3223246*a^2 - 561948*a - 11501488 -8*a^7 - 110*a^6 + 3706*a^5 + 39514*a^4 - 371752*a^3 - 1752200*a^2 + 2397036*a + 6748184 7*a^7 + 253*a^6 + 1246*a^5 - 30281*a^4 - 202405*a^3 + 25216*a^2 + 2482938*a - 2208628 -2*a^7 - 131*a^6 - 1310*a^5 + 19798*a^4 + 168107*a^3 - 332336*a^2 - 349518*a + 368636 9*a^7 + 168*a^6 - 3384*a^5 - 56901*a^4 + 316788*a^3 + 4258062*a^2 - 2707638*a - 17614740 -a^7 - 28*a^6 - 583*a^5 - 10762*a^4 + 55771*a^3 + 1669100*a^2 + 1771566*a - 12465596 -14*a^7 - 518*a^6 - 3044*a^5 + 65908*a^4 + 644870*a^3 - 85778*a^2 - 4173108*a + 1031216 -42*a^6 - 1442*a^5 - 7760*a^4 + 171782*a^3 + 1851258*a^2 + 122016*a - 11683192 -76*a^6 - 1612*a^5 + 5688*a^4 + 163076*a^3 + 424932*a^2 - 538408*a - 2305904 20*a^6 + 358*a^5 - 1954*a^4 - 38334*a^3 - 470740*a^2 + 1241140*a - 82040 64*a^6 + 2518*a^5 + 13770*a^4 - 345066*a^3 - 2349940*a^2 + 1986060*a + 10930616 -4*a^7 - 124*a^6 + 32*a^5 + 21604*a^4 - 820*a^3 - 1362112*a^2 - 165836*a + 6764808 32*a^6 + 1090*a^5 + 2650*a^4 - 186938*a^3 - 1012296*a^2 + 2362728*a + 1341232 16*a^6 + 426*a^5 - 1888*a^4 - 74536*a^3 + 2798*a^2 + 197544*a - 194056 -14*a^6 - 963*a^5 - 12265*a^4 + 109731*a^3 + 1735042*a^2 + 513884*a - 10813272 over Number field with defining polynomial x^8+30*x^7-99*x^6-7578*x^5-12191*x^4+478154*x^3+1345796*x^2-2485516*x-5914184
a^2 - 51*a + 443 5*a^2 - 271*a + 2717 -5*a^2 + 278*a - 2811 2*a^2 - 102*a + 886 a^2 - 50*a + 487 -a^2 + 47*a - 418 -5*a^2 + 275*a - 2742 4*a-25 a^2 - 51*a + 443 3*a-69 -6*a+138 -a^2 + 54*a - 512 8*a-50 7*a-94 a^2 - 54*a + 512 -4*a+25 -2*a^2 + 108*a - 1024 3*a-69 over Number field with defining polynomial x^3-71*x^2+1429*x-8748
For conductor 71, eigenvectors are:
For conductor 142, eigenvectors are:
114*a^2 - 7764*a + 124800 4*a^2 - 316*a + 6016 a^2 - 43*a - 188 -13*a^2 + 865*a - 13612 -19*a^2 + 1276*a - 20512 5*a^2 - 368*a + 7088 9*a^2 - 684*a + 13104 10*a^2 - 592*a + 7408 6*a^2 - 411*a + 6900 64*a^2 - 4189*a + 64156 -19*a^2 + 1273*a - 20092 -3*a+420 -19*a^2 + 1318*a - 21928 45*a-1836 over Number field with defining polynomial x^3-93*x^2+2799*x-27428
a^4 - 137*a^3 + 6752*a^2 - 142301*a + 1086758 -3*a^4 + 439*a^3 - 23194*a^2 + 521535*a - 4208890 -2*a^4 + 286*a^3 - 14741*a^2 + 322799*a - 2540606 a^4 - 152*a^3 + 8278*a^2 - 190267*a + 1556458 a^4 - 151*a^3 + 8138*a^2 - 184088*a + 1480800 2*a^4 - 287*a^3 + 14881*a^2 - 328978*a + 2616264 -a^4 + 152*a^3 - 8313*a^2 + 192557*a - 1592626 -a^3 + 175*a^2 - 8469*a + 111826 -a^3 + 140*a^2 - 6179*a + 75658 -5*a^3 + 465*a^2 - 13066*a + 115112 -6*a^3 + 557*a^2 - 16006*a + 146672 -a^4 + 145*a^3 - 7581*a^2 + 168082*a - 1334128 5*a^3 - 548*a^2 + 18595*a - 195378 11*a^3 - 1105*a^2 + 34601*a - 342050 over Number field with defining polynomial x^5-169*x^4+11000*x^3-344287*x^2+5195742*x-30367528
0 24*a^4 - 944*a^3 + 7376*a^2 + 8072*a - 155472 -8*a^4 + 252*a^3 - 2380*a^2 + 16012*a - 5056 -4*a^5 + 140*a^4 - 864*a^3 - 6764*a^2 + 36508*a + 50848 2*a^5 - 44*a^4 - 92*a^3 + 4170*a^2 - 8136*a - 19500 2*a^4 - 110*a^3 + 654*a^2 + 10024*a - 41396 8*a^4 - 258*a^3 + 2898*a^2 - 10902*a + 24848 14*a^4 - 494*a^3 + 4742*a^2 - 8884*a - 14020 2*a^5 - 66*a^4 + 306*a^3 + 4572*a^2 - 26260*a - 22896 0 -8*a^4 + 24*a^3 + 1120*a^2 - 5752*a + 9368 8*a^4 - 20*a^3 - 2636*a^2 + 12668*a + 13296 -4*a^3 + 1516*a^2 - 6916*a - 22664 2*a^3 - 758*a^2 + 3458*a + 11332 over Number field with defining polynomial x^6-46*x^5+527*x^4+1554*x^3-44327*x^2+104756*x+224732
For conductor 213, eigenvectors are:
0 0 0 2 1 -3 -3 -3 -3 0 0 0 0 0 0 0 -1 2 0 1 1 0 -1 -1 over Number field with defining polynomial x-43
-110*a^2 + 5750*a - 74090 11*a^2 - 575*a + 7409 5*a^2 - 383*a + 7157 40*a^2 - 2172*a + 29468 -104*a^2 + 5312*a - 66572 152*a^2 - 8524*a + 118812 -38*a^2 + 2304*a - 34993 137*a^2 - 7771*a + 109578 -46*a^2 + 2610*a - 36986 123*a^2 - 6389*a + 81583 -27*a^2 + 1629*a - 24270 -12*a^2 + 434*a - 2161 -8*a^2 + 429*a - 5626 -46*a^2 + 2610*a - 36986 -19*a^2 + 1127*a - 16668 -53*a^2 + 2884*a - 38937 -19*a^2 + 1004*a - 13035 50*a^2 - 2788*a + 38811 -65*a^2 + 3664*a - 51678 -7*a^2 + 251*a - 1632 34*a^2 - 1707*a + 20612 73*a-1976 -4*a^2 + 251*a - 3801 -50*a+1657 over Number field with defining polynomial x^3-79*x^2+2065*x-17844
a vector of length 24 over Number field with defining polynomial a number field of degree 11
-8*a^8 + 1776*a^7 - 167480*a^6 + 8752680*a^5 - 276892288*a^4 + 5421271128*a^3 - 64050562576*a^2 + 416946397824*a - 1143984595584 -2*a^8 + 466*a^7 - 45602*a^6 + 2438322*a^5 - 77581366*a^4 + 1497731366*a^3 - 17073844660*a^2 + 104952367728*a - 266621994816 8*a^8 - 1780*a^7 + 168100*a^6 - 8789700*a^5 + 277972060*a^4 - 5437675100*a^3 + 64188396260*a^2 - 417753352368*a + 1147458341568 -8*a^8 + 1756*a^7 - 163312*a^6 + 8392852*a^5 - 260251184*a^4 + 4977176524*a^3 - 57229475616*a^2 + 361239751264*a - 957700116480 -2*a^8 + 440*a^7 - 41066*a^6 + 2121940*a^5 - 66348198*a^4 + 1285193804*a^3 - 15070698192*a^2 + 97993436256*a - 271070031360 -2*a^8 + 384*a^7 - 30370*a^6 + 1278876*a^5 - 30835750*a^4 + 421935756*a^3 - 2950593632*a^2 + 6809178912*a + 13156028928 -2*a^8 + 454*a^7 - 43748*a^6 + 2335332*a^5 - 75492748*a^4 + 1513251650*a^3 - 18379630084*a^2 + 123819774768*a - 354675656256 -2*a^8 + 398*a^7 - 32880*a^6 + 1461900*a^5 - 37807492*a^4 + 569979742*a^3 - 4675449252*a^2 + 16812036432*a - 8463135168 2*a^8 - 420*a^7 + 36898*a^6 - 1762112*a^5 + 49707094*a^4 - 841099200*a^3 + 8249611232*a^2 - 42286789696*a + 84785552256 2*a^8 - 418*a^7 + 36934*a^6 - 1805126*a^5 + 53510446*a^4 - 988259498*a^3 + 11142418592*a^2 - 70350099712*a + 190984631808 -2*a^8 + 408*a^7 - 34944*a^6 + 1637538*a^5 - 45809596*a^4 + 781075296*a^3 - 7900986528*a^2 + 43211635488*a - 97498400256 2*a^8 - 428*a^7 + 38860*a^6 - 1957986*a^5 + 60022744*a^4 - 1150128724*a^3 + 13503821264*a^2 - 89129415168*a + 253735908096 -2*a^8 + 442*a^7 - 41052*a^6 + 2082750*a^5 - 62801254*a^4 + 1146301832*a^3 - 12306032220*a^2 + 70720263888*a - 165736486464 -44*a^7 + 8520*a^6 - 680076*a^5 + 28976700*a^4 - 711317464*a^3 + 10058442300*a^2 - 75913492464*a + 236420249280 -2*a^7 + 158*a^6 + 5736*a^5 - 1016214*a^4 + 43176638*a^3 - 853153172*a^2 + 8168343792*a - 30594998592 -12*a^7 + 2198*a^6 - 166812*a^5 + 6792156*a^4 - 160208910*a^3 + 2189803648*a^2 - 16060902528*a + 48671345664 10*a^7 - 1818*a^6 + 134134*a^5 - 5170120*a^4 + 111468868*a^3 - 1329919264*a^2 + 8033635648*a - 18747685248 -26*a^7 + 4846*a^6 - 369528*a^5 + 14895782*a^4 - 341777750*a^3 + 4451357344*a^2 - 30402696064*a + 83822413056 -34*a^7 + 6744*a^6 - 553760*a^5 + 24380802*a^4 - 621193772*a^3 + 9152974512*a^2 - 72167520352*a + 234789899136 2*a^8 - 430*a^7 + 38960*a^6 - 1938484*a^5 + 57771872*a^4 - 1052753074*a^3 + 11420709440*a^2 - 67306173664*a + 164917431168 10*a^7 - 1998*a^6 + 164730*a^5 - 7234148*a^4 + 182040372*a^3 - 2618505344*a^2 + 19941582784*a - 62149009152 -32*a^7 + 5950*a^6 - 450948*a^5 + 18007872*a^4 - 408403174*a^3 + 5258198864*a^2 - 35676972192*a + 98833084800 -4*a^7 + 692*a^6 - 48890*a^5 + 1801622*a^4 - 36575118*a^3 + 394936356*a^2 - 1969221872*a + 2871478848 -42*a^6 + 7818*a^5 - 574222*a^4 + 21345176*a^3 - 424451476*a^2 + 4287663536*a - 17117335104 over Number field with defining polynomial x^9-249*x^8+26743*x^7-1623319*x^6+61274039*x^5-1489295649*x^4+23279478332*x^3-225456953144*x^2+1227055670880*x-2859681232512
For conductor 426, eigenvectors are:
For conductor 1:
traces of hecke eigenvalues of T_{p^1} are:
156 400 1464 2380 5220 7240 12720 25260 30784 52060 70644 81400 106080 151740 208920 230764 305320 394420 499360 578760 712980 922180 
computing eigenvalues for k = 1, took 8.338087 sec
traces of hecke eigenvalues of T_{p^2} are:
780 2800 
computing eigenvalues for k = 2, took 0.242865 sec
traces of hecke eigenvalues of T_{p^1} are:
14 55 156 189 378 227 339 1102 1141 1202 1290 1963 2529 2588 3666 3648 3796 4945 6432 6848 8847 8082 
computing eigenvalues for k = 1, took 8.372814 sec
traces of hecke eigenvalues of T_{p^2} are:
-72 40 
computing eigenvalues for k = 2, took 0.244155 sec
traces of hecke eigenvalues of T_{p^1} are:
41 90 214 293 576 670 1029 1529 1884 2567 3551 3673 4381 5853 7798 7562 9229 11178 13013 14762 16098 18975 
computing eigenvalues for k = 1, took 8.477568 sec
traces of hecke eigenvalues of T_{p^2} are:
-66 -80 
computing eigenvalues for k = 2, took 0.243984 sec
traces of hecke eigenvalues of T_{p^1} are:
111 189 464 627 1074 1508 2529 3397 3647 5527 7002 7410 8581 12026 13602 13622 18652 20114 25891 29135 31686 37646 
computing eigenvalues for k = 1, took 8.384965 sec
traces of hecke eigenvalues of T_{p^2} are:
42 -88 
computing eigenvalues for k = 2, took 0.248307 sec
traces of hecke eigenvalues of T_{p^1} are:
179 303 700 943 1578 2010 2793 4385 5099 6867 8004 9188 11269 13800 17682 18686 22436 26494 31183 35835 39974 47652 
computing eigenvalues for k = 1, took 8.417489 sec
traces of hecke eigenvalues of T_{p^2} are:
294 424 
computing eigenvalues for k = 2, took 0.249749 sec
traces of hecke eigenvalues of T_{p^1} are:
328 588 1470 1834 3218 3940 5762 8966 9676 14274 18322 19784 23384 29126 35746 37750 46360 52966 61640 71108 81770 91554 
computing eigenvalues for k = 1, took 8.325224 sec
traces of hecke eigenvalues of T_{p^2} are:
408 704 
computing eigenvalues for k = 2, took 0.244884 sec
traces of hecke eigenvalues of T_{p^1} are:
-12 -78 87 -246 82 9 548 -94 -32 -1098 672 -127 786 -1053 828 -660 -79 -961 -1117 3221 -441 2513 
computing eigenvalues for k = 1, took 8.475188 sec
traces of hecke eigenvalues of T_{p^2} are:
-76 -36 
computing eigenvalues for k = 2, took 0.247491 sec
For conductor 2:
traces of hecke eigenvalues of T_{p^1} are:
-22 -9 -24 -11 14 -9 95 -278 -275 38 22 -229 49 -192 334 732 92 -659 -192 372 171 1322 
computing eigenvalues for k = 1, took 216.522928 sec
traces of hecke eigenvalues of T_{p^2} are:
32 -20 
computing eigenvalues for k = 2, took 0.578033 sec
For conductor 3:
For conductor 6:
traces of hecke eigenvalues of T_{p^1} are:
36 40 144 220 180 400 720 900 904 1660 1764 1840 2160 3060 2880 3244 5440 5620 5800 6480 8820 10660 
computing eigenvalues for k = 1, took 144.710710 sec
traces of hecke eigenvalues of T_{p^2} are:
60 -80 
computing eigenvalues for k = 2, took 0.663876 sec
traces of hecke eigenvalues of T_{p^1} are:
3 -34 14 270 -344 269 688 -55 -450 1095 700 -887 -758 594 -3278 -1126 1848 873 -1007 433 3587 3850 
computing eigenvalues for k = 1, took 145.420648 sec
traces of hecke eigenvalues of T_{p^2} are:
54 112 
computing eigenvalues for k = 2, took 0.664273 sec
traces of hecke eigenvalues of T_{p^1} are:
43 -34 36 36 -412 79 228 409 108 207 44 403 -100 -360 -2216 -638 1848 2625 -1797 -3053 2519 5596 
computing eigenvalues for k = 1, took 145.145632 sec
traces of hecke eigenvalues of T_{p^2} are:
102 112 
computing eigenvalues for k = 2, took 0.652892 sec
traces of hecke eigenvalues of T_{p^1} are:
-30 45 -151 145 262 32 -623 4 519 148 -152 110 -373 715 776 1986 -3675 -1080 1995 -1377 -1506 281 
computing eigenvalues for k = 1, took 143.299625 sec
traces of hecke eigenvalues of T_{p^2} are:
-92 -128 
computing eigenvalues for k = 2, took 0.653236 sec
traces of hecke eigenvalues of T_{p^1} are:
71 194 324 583 966 1246 1607 2617 3184 4231 4783 5653 6281 8073 9556 11206 12519 16006 18581 20456 22764 27993 
computing eigenvalues for k = 1, took 142.423772 sec
traces of hecke eigenvalues of T_{p^2} are:
-42 352 
computing eigenvalues for k = 2, took 0.640631 sec
For conductor 71:
For conductor 142:
traces of hecke eigenvalues of T_{p^1} are:
93 148 364 511 966 914 1411 2593 2772 4075 5623 5105 7025 8793 9876 10756 13027 15690 17573 20838 23166 24983 
computing eigenvalues for k = 1, took 143.669398 sec
traces of hecke eigenvalues of T_{p^2} are:
90 -16 
computing eigenvalues for k = 2, took 0.657812 sec
traces of hecke eigenvalues of T_{p^1} are:
169 285 678 907 1672 1908 3275 4927 4835 7185 8298 9454 11997 14584 17870 17928 20992 26082 29537 34127 40666 49684 
computing eigenvalues for k = 1, took 143.480880 sec
traces of hecke eigenvalues of T_{p^2} are:
234 280 
computing eigenvalues for k = 2, took 0.674518 sec
traces of hecke eigenvalues of T_{p^1} are:
46 -77 21 -127 244 -114 135 840 -63 -314 854 -774 -433 -747 1244 956 -2535 -1536 -1121 -885 116 -683 
computing eigenvalues for k = 1, took 138.575507 sec
traces of hecke eigenvalues of T_{p^2} are:
18 -28 
computing eigenvalues for k = 2, took 0.555896 sec
For conductor 213:
traces of hecke eigenvalues of T_{p^1} are:
43 49 183 132 324 353 726 887 853 1490 1587 1441 1992 3208 3921 3399 3784 4795 6318 8398 7044 10596 
computing eigenvalues for k = 1, took 130.128966 sec
traces of hecke eigenvalues of T_{p^2} are:
102 -8 
computing eigenvalues for k = 2, took 0.528664 sec
traces of hecke eigenvalues of T_{p^1} are:
79 158 384 547 882 1042 1465 2225 2878 3931 4493 5413 6373 7917 10208 11566 13893 15874 19277 20560 24600 29145 
computing eigenvalues for k = 1, took 125.288254 sec
traces of hecke eigenvalues of T_{p^2} are:
6 64 
computing eigenvalues for k = 2, took 0.547643 sec
traces of hecke eigenvalues of T_{p^1} are:
-71 19 -63 -63 -180 337 -31 -387 1147 -35 338 581 573 -1933 1702 404 111 -437 1802 378 1213 -3491 
computing eigenvalues for k = 1, took 126.276382 sec
traces of hecke eigenvalues of T_{p^2} are:
0 -68 
computing eigenvalues for k = 2, took 0.535369 sec
traces of hecke eigenvalues of T_{p^1} are:
249 553 1183 1754 2712 3679 5012 7763 9369 13156 14961 18755 21060 25540 31225 33671 43554 49767 57030 62498 68138 86446 
computing eigenvalues for k = 1, took 125.621536 sec
traces of hecke eigenvalues of T_{p^2} are:
90 824 
computing eigenvalues for k = 2, took 0.543636 sec
For conductor 426:
