constructing eigenvector for poly
x-9
constructing eigenvector for poly
x+4
constructing eigenvector for poly
x-15
constructing eigenvector for poly
x^2-7*x+5
constructing eigenvector for poly
x^2-7*x+8
constructing eigenvector for poly
x^2-11*x+20
constructing eigenvector for poly
x^2-9*x+16
computing eigenvectors took 0.026562 sec
For conductor 1, eigenvectors are:
-16 -2 2 7 -4 4 -4 1 0 over Number field with defining polynomial x-9
0 12 0 0 -6 2 2 -3 0 over Number field with defining polynomial x+4
-1 -1 -1 -1 -1 -1 -1 -1 -1 over Number field with defining polynomial x-15
6*a-18 -30 -3*a-12 6*a-18 -9*a+21 -3*a+18 9 3*a-12 0 over Number field with defining polynomial x^2-7*x+5
-2*a 2*a-4 -2*a+4 -2*a+8 2 -2 2 a-3 0 over Number field with defining polynomial x^2-7*x+8
9*a-36 9*a-36 -9*a+54 9*a-36 9*a-36 3*a-6 -3*a+24 9 -3*a-6 over Number field with defining polynomial x^2-11*x+20
For conductor 3, eigenvectors are:
For conductor 31, eigenvectors are:
For conductor 93, eigenvectors are:
4 a-5 over Number field with defining polynomial x^2-9*x+16
For conductor 1:
traces of hecke eigenvalues of T_{p^1} are:
9 21 22 165 247 285 283 468 918 1552 1344 2074 1755 2460 3642 3991 3721 5007 5944 7429 6375 6372 8023 
computing eigenvalues for k = 1, took 7.322937 sec
traces of hecke eigenvalues of T_{p^2} are:
12 -30 -224 
computing eigenvalues for k = 2, took 0.217603 sec
traces of hecke eigenvalues of T_{p^1} are:
-4 3 17 -10 0 84 -119 -34 150 168 -275 -188 -496 278 383 408 592 -901 300 180 966 -630 787 
computing eigenvalues for k = 1, took 7.142998 sec
traces of hecke eigenvalues of T_{p^2} are:
1 -26 16 
computing eigenvalues for k = 2, took 0.208366 sec
traces of hecke eigenvalues of T_{p^1} are:
15 156 400 1464 2380 5220 7240 12720 25260 52060 70644 81400 106080 151740 208920 230764 305320 363024 394420 499360 578760 712980 922180 
computing eigenvalues for k = 1, took 7.330437 sec
traces of hecke eigenvalues of T_{p^2} are:
30 780 2800 
computing eigenvalues for k = 2, took 0.213652 sec
traces of hecke eigenvalues of T_{p^1} are:
7 68 108 298 194 480 640 1186 1606 2646 3704 3338 4076 5916 6534 7900 9008 9766 9678 12792 14376 14008 17414 
computing eigenvalues for k = 1, took 7.413742 sec
traces of hecke eigenvalues of T_{p^2} are:
-9 96 64 
computing eigenvalues for k = 2, took 0.213086 sec
traces of hecke eigenvalues of T_{p^1} are:
7 35 93 238 428 528 709 1114 1426 2844 2861 4004 5024 5670 6471 7936 9536 9907 8964 11508 15402 16438 20375 
computing eigenvalues for k = 1, took 7.470962 sec
traces of hecke eigenvalues of T_{p^2} are:
-9 -102 -56 
computing eigenvalues for k = 2, took 0.213989 sec
traces of hecke eigenvalues of T_{p^1} are:
11 49 141 128 344 582 877 962 1814 2646 3283 3512 3832 5334 6717 6874 9368 10829 11382 11610 11898 16808 20639 
computing eigenvalues for k = 1, took 7.422977 sec
traces of hecke eigenvalues of T_{p^2} are:
3 -18 328 
computing eigenvalues for k = 2, took 0.217853 sec
For conductor 3:
For conductor 31:
For conductor 93:
traces of hecke eigenvalues of T_{p^1} are:
9 52 75 225 311 637 572 952 1846 3072 3621 3496 5291 5862 6741 6983 8857 10194 10596 12489 11883 15172 18130 
computing eigenvalues for k = 1, took 123.021858 sec
traces of hecke eigenvalues of T_{p^2} are:
-3 0 -200 
computing eigenvalues for k = 2, took 0.557278 sec
