constructing eigenvector for poly
x-40
constructing eigenvector for poly
x^27+35*x^26+276*x^25-3515*x^24-60003*x^23-12306*x^22+4134194*x^21+16135512*x^20-127998307*x^19-927293278*x^18+1301244738*x^17+24564251408*x^16+27266744394*x^15-328466385171*x^14-952264535262*x^13+1713659519116*x^12+10654724574820*x^11+5430009106014*x^10-45612118883623*x^9-82201883043266*x^8+22343579674153*x^7+166216379787903*x^6+85029119096938*x^5-104420336160202*x^4-89108847048595*x^3+21020802337454*x^2+23905941111500*x-1300642997400
constructing eigenvector for poly
x^10-2*x^9-115*x^8+188*x^7+2859*x^6-7753*x^5-1748*x^4+12435*x^3-6789*x^2+561*x+16
constructing eigenvector for poly
x^10-112*x^9+5470*x^8-152897*x^7+2697717*x^6-31233501*x^5+238689069*x^4-1177895346*x^3+3544492703*x^2-5754375945*x+3702053690
constructing eigenvector for poly
x^30-316*x^29+47818*x^28-4613568*x^27+318800747*x^26-16802118508*x^25+702336068188*x^24-23904753272984*x^23+674932228936237*x^22-16023714081061064*x^21+323115410680099998*x^20-5575511512964361764*x^19+82778626813464407251*x^18-1061528184096790523620*x^17+11787075885694353475970*x^16-113474849372258970534752*x^15+947292325798102051929205*x^14-6851060261190185049320396*x^13+42838547288116526745337432*x^12-230838041555998016447334240*x^11+1067038156342863058394048923*x^10-4204952020081100105837985716*x^9+14011941405232596220952661686*x^8-39059233654061194603666467388*x^7+89794948559284046512216196437*x^6-167001279700213071499440680552*x^5+244585893017105893726651841116*x^4-271113227736948744718160547096*x^3+213453063083031316448362168036*x^2-106207050045988924736905969200*x+25070030078774024134174810000
constructing eigenvector for poly
x^30-868*x^29+362364*x^28-96888728*x^27+18641302906*x^26-2748898606952*x^25+323129712026184*x^24-31091275434539280*x^23+2495231528443376637*x^22-169346686788730680436*x^21+9819655746261875741076*x^20-490241272802749757535352*x^19+21193078117799319141838726*x^18-796577344592854983333585032*x^17+26103685975297625358066721684*x^16-746938534012391220165838396352*x^15+18670780583836073301388375546398*x^14-407425507182185550808714623366808*x^13+7747679451580316987039725279773404*x^12-128009070286502283437935225888071168*x^11+1829674155520744154479734892844918436*x^10-22490055661172097277347522990876103904*x^9+235855356409884154245365410627969715520*x^8-2088202462623900899056356057046781016544*x^7+15391453734938519340912835539684875010673*x^6-92659251033713238471519602520033825719700*x^5+443586972477654637364127488512511391941808*x^4-1623218259247792520802123984797080455029064*x^3+4261463978649667119736949112822591714137412*x^2-7142155344854125563384011232466518121106400*x+5736724053104378575745112954010546537233984
constructing eigenvector for poly
x^30-1588*x^29+1213582*x^28-594381700*x^27+209615880673*x^26-56697443531204*x^25+12233580375088930*x^24-2162304113164416848*x^23+319032766876891659526*x^22-39838917558899937126472*x^21+4254119225322992414560776*x^20-391470010223898220551636476*x^19+31222488508814415004201526817*x^18-2167271583291188656238079429808*x^17+131293778720790527620700100872460*x^16-6952605938459614098167503818041816*x^15+321979536539161738988355067112739380*x^14-13032250528784638210847479332718288848*x^13+460225981090188872914732819116371080240*x^12-14138806877898999798345028632938594202752*x^11+376257300722509845452889235791142023936704*x^10-8622457719508947119195047235433652831502592*x^9+168822687374657474736545746442017459121638144*x^8-2794756431998956787570548535628406474711085056*x^7+38575150671209992752574376291516667744278364160*x^6-435586684492629892422566648249745133088178176000*x^5+3917934342771818002323686337733776444847822299136*x^4-26984804638753737345500317024235821883228942434304*x^3+133590907896962108351462024432344182269871143469056*x^2-423037876941527789240202219034319018595782869975040*x+643355500248680751529529503962012683096008754790400
constructing eigenvector for poly
x^30-3676*x^29+6513284*x^28-7407913840*x^27+6076612228546*x^26-3829386605091648*x^25+1928343641270714100*x^24-796829837283462502448*x^23+275341768053768816996881*x^22-80671601582049417249448252*x^21+20249161582560336370305617456*x^20-4388427050164220222684516619760*x^19+825927480784752119145677483231402*x^18-135558425481627476472327241198657960*x^17+19457909129927420671055508571576325964*x^16-2446614207797270147638647018647720456264*x^15+269629664545283643821178622756103779469814*x^14-26029536891719902166658001430120737320380056*x^13+2197577191076358460395467208093217355101122752*x^12-161794691208081041976533837198727468373129737352*x^11+10344357423855969993254410757751497520855113919016*x^10-571009479168771733752554474519390707511981799366264*x^9+27002454687212202302732241586420930909417769206433456*x^8-1082642299069083336035746360394573905229897560140152752*x^7+36296887651867832064499300003113421997506162342179266713*x^6-998515378486091577400847074851651052146570413551518743332*x^5+21948286394195608258241001086814693605958798438340186576400*x^4-370612174104106215266119403288546597281934315075575928707112*x^3+4513130951201661565067727398999941608939263764915539404977188*x^2-35275706629279051188810109900057230677341863198105901039591392*x+132889164859165996821801890476613459209267629073403380529940544
constructing eigenvector for poly
x^30-5062*x^29+12350497*x^28-19342448900*x^27+21847601381802*x^26-18958152880573748*x^25+13145464200070352084*x^24-7479698683679255853664*x^23+3558951567326669272327865*x^22-1435848338294744554111706922*x^21+496296405086746467946791775865*x^20-148115016758188552719719761692280*x^19+38388364574749966569810319604175601*x^18-8676892771313268304340801362339013870*x^17+1715249620682717085104371134275486036853*x^16-297032591563324062646636182549351092363760*x^15+45084574023971305221827966443680934461979279*x^14-5994632046960770176257370446224223542279371986*x^13+697091177182096112074459145034469746583697336561*x^12-70692229381557685311630568387986212975589248462520*x^11+6225641139775207622906895866618158169331633664281808*x^10-473376109243367147766113579822368698470163552885569856*x^9+30835828091578388469195679017647812430519480420413807328*x^8-1703062879796955532371167679266383360811526523026917294336*x^7+78651839950482115491365100085272608911217773069715624637568*x^6-2980468150505875850809364584767854072830051777898633314933760*x^5+90242750452555169318896189796877010627624670187876265306618112*x^4-2098938985643562947981805710685862366518902507242339213246789632*x^3+35205214418803512354502817637737777575365059351095574137063704576*x^2-378989846161672308306544833985426627837435850515155511011273359360*x+1966213874282009699623281549540805139860395298962907772796862566400
constructing eigenvector for poly
x^30-9122*x^29+40157587*x^28-113619606844*x^27+232136732293369*x^26-364813095602540830*x^25+458687803594105148039*x^24-473828900604660500828632*x^23+409809425255276363264943347*x^22-300894491333220385485182686238*x^21+189501797842254438722673006504109*x^20-103170647009462223167690636462254500*x^19+48837977579015824295795644620648378457*x^18-20185406759438516774482338783313662155038*x^17+7305137176642242428946819550398605195618091*x^16-2318697459076812907174086077358882576170203464*x^15+645828140582545483089273508282993487495929571284*x^14-157764694061448259328081984233846176412413097417048*x^13+33744576183843013576177321471047103107589547633138036*x^12-6301759743738456392414393671405496697406593855834113424*x^11+1023196146045250082601824265757146692147584460444137415782*x^10-143606880673803625379955507265740318639039300102932132798924*x^9+17287374510532204154612340803654443494163683391891324852750118*x^8-1766527457666692805961288418134768474367762863490874896939763544*x^7+151122259172599648049576516140727571981822933782969565335884485481*x^6-10620614918858030570008050244544813287666670486369792110896594664754*x^5+597092486280434384628932120673083968168520873854179285289892780142035*x^4-25817540280844936959165159653263704492007981363920121787200149237625364*x^3+805996516525980900635021943182899764456947661185117316848440724072318679*x^2-16169420490077305560833232465481961012962902213134813941439555336400765330*x+156521041359704063358637301398780059620743652590721574071216584053403905025
constructing eigenvector for poly
x^30-10202*x^29+50217603*x^28-158829056960*x^27+362661394600021*x^26-636793196912857962*x^25+894340124755645153765*x^24-1031689024097525247291720*x^23+996167465718233526958149721*x^22-816331160786160968187742886026*x^21+573644624341819198056219537745881*x^20-348366242530354118977335333840267084*x^19+183889898557958223438657381591964407216*x^18-84727633434272846416314396552330778676512*x^17+34171770707894438705299779349603617576306342*x^16-12083590162967320397833907747451031148271121552*x^15+3748348833095921227135860967843285128936996286113*x^14-1019434735187403498931919382100163657822460494126622*x^13+242679280329089416814936325515322822864186604461331177*x^12-50421915694978067417391248875078207741598326544440342640*x^11+9105252568246443510990897227493058575865361646315427906384*x^10-1420783691285650444255062500252819407309405340903081123392800*x^9+190082711301839630609013147323932484189513141840395183167021152*x^8-21579102514038712914758239019666553564394704029230073779387627136*x^7+2050108009529337860440202073775258171594062653447847387169393489280*x^6-159943517858127693878109788309445068166832858488891460159904111500288*x^5+9978336903191499098881511900785900894144411503119402082542557977242880*x^4-478585512085235934925416277029506955967852893197987167235652650916831232*x^3+16566558725561353839508967268482106808842038983620351809976684760308107264*x^2-368359858059997564149233464207044476994720675209429422648641935422399201280*x+3950495729851635187427252849110104705041401430348882650980022397354213478400
constructing eigenvector for poly
x^12+69*x^11+1986*x^10+30740*x^9+272715*x^8+1325784*x^7+2518351*x^6-5135616*x^5-28634085*x^4-11498660*x^3+91373886*x^2+54531219*x-124251499
constructing eigenvector for poly
x^12-48*x^11+888*x^10-7675*x^9+26415*x^8+34992*x^7-500381*x^6+887106*x^5+1988835*x^4-7606425*x^3+1860663*x^2+16443261*x-15813251
constructing eigenvector for poly
x^12+51*x^11+762*x^10-2470*x^9-161355*x^8-944034*x^7+8236501*x^6+96537042*x^5+50606505*x^4-2357787410*x^3-8443373868*x^2-10774626693*x-4750104241
constructing eigenvector for poly
x^12-231*x^11+11664*x^10+879760*x^9-87121155*x^8+186034044*x^7+161649868541*x^6-3911794505724*x^5-58869933049155*x^4+3527483382992240*x^3-52189347817820016*x^2+327855751764257031*x-760945972617190079
constructing eigenvector for poly
x^12+27*x^11-6552*x^10-143250*x^9+17604465*x^8+291697542*x^7-24613155231*x^6-283922006874*x^5+18733676299185*x^4+132677514247150*x^3-7347045239235912*x^2-23954231923153989*x+1162291523932410929
constructing eigenvector for poly
x^12-321*x^11+4851*x^10+6193315*x^9-215905035*x^8-54781283616*x^7+1222098414341*x^6+257990743269744*x^5-1228721816019585*x^4-614144885954070385*x^3-6070476043657747764*x^2+577070303345635804854*x+11914734319547023391491
constructing eigenvector for poly
x^12+648*x^11+179268*x^10+27936675*x^9+2735746155*x^8+178259427288*x^7+7974299322059*x^6+248286655816974*x^5+5370790221239895*x^4+79121399319533745*x^3+756955588127368623*x^2+4239579050083962099*x+10549698743509428329
constructing eigenvector for poly
x^4+33*x^3+383*x^2+1887*x+3368
constructing eigenvector for poly
x^4+23*x^3+133*x^2+73*x-499
constructing eigenvector for poly
x^10-2*x^9-115*x^8+188*x^7+2859*x^6-7753*x^5-1748*x^4+12435*x^3-6789*x^2+561*x+16
constructing eigenvector for poly
x^3+25*x^2+199*x+503
constructing eigenvector for poly
x^10+24*x^9+165*x^8+60*x^7-3583*x^6-13081*x^5-6190*x^4+41245*x^3+56369*x^2-11907*x-31838
constructing eigenvector for poly
x+4
constructing eigenvector for poly
x^7-71*x^6+2085*x^5-32577*x^4+289359*x^3-1438719*x^2+3624071*x-3450460
constructing eigenvector for poly
x^23-17*x^22-190*x^21+4521*x^20+5511*x^19-443571*x^18+880139*x^17+20555171*x^16-76135555*x^15-458615457*x^14+2387216255*x^13+4027634663*x^12-33370595745*x^11+3811964747*x^10+193859649913*x^9-188865505175*x^8-369787967187*x^7+526405950677*x^6+192531265937*x^5-435269533711*x^4+35598760770*x^3+87103149450*x^2-15229862337*x-238861698
constructing eigenvector for poly
x^4+x^3-23*x^2+33*x+3
constructing eigenvector for poly
x^10+24*x^9+165*x^8+60*x^7-3583*x^6-13081*x^5-6190*x^4+41245*x^3+56369*x^2-11907*x-31838
constructing eigenvector for poly
x^15-180*x^14+14871*x^13-747376*x^12+25529163*x^11-627194352*x^10+11436867187*x^9-157453658484*x^8+1648253956443*x^7-13105404976252*x^6+78418349493519*x^5-346442693752464*x^4+1092906534928663*x^3-2322396797498760*x^2+2970572913831582*x-1723326954603064
computing eigenvectors took 279.258016 sec
For conductor 1, eigenvectors are:
-1 -1 -1 -1 -1 -1 -1 -1 -1 -1 -1 -1 -1 -1 -1 -1 -1 -1 -1 -1 -1 -1 -1 -1 -1 -1 -1 -1 -1 -1 -1 -1 -1 -1 -1 -1 -1 -1 -1 -1 -1 -1 -1 -1 -1 -1 -1 -1 -1 -1 -1 -1 -1 -1 -1 -1 -1 -1 -1 -1 -1 -1 -1 -1 -1 -1 -1 -1 -1 -1 -1 -1 -1 -1 -1 -1 -1 -1 -1 -1 -1 -1 -1 -1 -1 -1 -1 -1 -1 -1 over Number field with defining polynomial x-40
a vector of length 90 over Number field with defining polynomial a number field of degree 27
a vector of length 90 over Number field with defining polynomial a number field of degree 10
a vector of length 90 over Number field with defining polynomial a number field of degree 10
a vector of length 90 over Number field with defining polynomial a number field of degree 15
-672*a^2 - 33264*a - 336984 -6*a^3 - 1614*a^2 - 71016*a - 881694 0 -300*a^2 - 24588*a - 370008 6*a^3 + 1770*a^2 + 97230*a + 1189452 12*a^3 + 2178*a^2 + 95052*a + 1108506 12*a^3 + 1458*a^2 + 50784*a + 499362 0 224*a^2 + 11088*a + 112328 8*a^3 + 1464*a^2 + 62196*a + 633804 -4*a^3 - 1540*a^2 - 73188*a - 903172 4*a^3 + 1356*a^2 + 85036*a + 1212012 -8*a^3 - 1184*a^2 - 49076*a - 474380 6*a^3 + 600*a^2 + 13860*a + 82338 -6*a^3 - 459*a^2 + 423*a + 153045 -3*a^3 - 465*a^2 - 27825*a - 384111 -12*a^3 - 1742*a^2 - 70224*a - 816678 2*a^3 + 538*a^2 + 23672*a + 293898 -4*a^3 - 642*a^2 - 27156*a - 336886 0 12*a^3 + 1930*a^2 + 78462*a + 860098 -2*a^3 - 162*a^2 + 1390*a + 120408 -4*a^3 - 512*a^2 - 14784*a - 111056 -8*a^3 - 1758*a^2 - 86630*a - 1075426 644*a^2 + 30768*a + 351464 -6*a^3 - 898*a^2 - 35288*a - 373400 -12*a^3 - 1866*a^2 - 73116*a - 805670 -2*a^3 + 32*a^2 + 8302*a + 130242 6*a^3 + 730*a^2 + 26972*a + 289154 6*a^3 + 810*a^2 + 35246*a + 453316 180*a^2 + 4924*a + 36088 -6*a^3 - 1182*a^2 - 55468*a - 671702 -234*a^2 - 16082*a - 236634 -4*a^3 - 570*a^2 - 21456*a - 199070 -2*a^3 - 598*a^2 - 34244*a - 441844 2*a^3 + 502*a^2 + 21562*a + 205976 -4*a^3 - 400*a^2 - 9240*a - 54892 6*a^3 + 838*a^2 + 36262*a + 476864 2*a^3 + 330*a^2 + 6186*a - 17148 6*a^3 + 904*a^2 + 33962*a + 339814 -264*a^2 - 9452*a - 68704 -8*a^3 - 1000*a^2 - 34872*a - 356456 -4*a^3 - 394*a^2 - 10566*a - 88478 4*a^3 + 668*a^2 + 25752*a + 262474 2*a^3 - 120*a^2 - 13377*a - 195045 -180*a^2 - 16470*a - 287498 2*a^3 + 248*a^2 + 10961*a + 145380 -10*a^3 - 1301*a^2 - 49268*a - 546711 4*a^3 + 850*a^2 + 39979*a + 493706 -2*a^3 - 556*a^2 - 31980*a - 425536 -12*a^3 - 1751*a^2 - 68975*a - 747285 -2*a^3 - 540*a^2 - 21799*a - 228125 -2*a^3 - 70*a^2 - 3054*a - 72040 3*a^3 + 543*a^2 + 21393*a + 217917 -2*a^3 - 363*a^2 - 15842*a - 184751 2*a^3 + 261*a^2 + 9889*a + 117681 -6*a^3 - 1286*a^2 - 57698*a - 720534 -3*a^3 - 971*a^2 - 55193*a - 734809 -23*a^2 - 4662*a - 77593 2*a^3 + 206*a^2 + 3294*a - 6140 4*a^3 + 752*a^2 + 35683*a + 430302 4*a^3 + 626*a^2 + 23488*a + 246166 -2*a^3 - 268*a^2 - 10513*a - 114061 -6*a^3 - 1130*a^2 - 48210*a - 531088 12*a^3 + 1804*a^2 + 71670*a + 811174 -2*a^3 - 288*a^2 - 9695*a - 92249 8*a^3 + 1553*a^2 + 79287*a + 1018011 2*a^3 + 278*a^2 + 15877*a + 228860 4*a^3 + 620*a^2 + 24814*a + 279752 -113*a^2 - 7124*a - 95637 4*a^3 + 550*a^2 + 21534*a + 239896 6*a^3 + 546*a^2 + 14248*a + 133202 2*a^3 + 764*a^2 + 37920*a + 485172 2*a^3 + 404*a^2 + 16526*a + 161586 3*a^3 + 937*a^2 + 43217*a + 512451 2*a^3 + 90*a^2 + 2236*a + 50228 80*a^2 + 9014*a + 145148 -2*a^3 - 296*a^2 - 11899*a - 128102 -46*a^2 - 3181*a - 38988 64*a^2 + 4606*a + 73442 -116*a^2 - 6831*a - 69337 -2*a^3 - 364*a^2 - 17422*a - 224224 124*a^2 + 8665*a + 114697 -50*a^2 - 4098*a - 61668 46*a^2 + 3551*a + 29481 174*a^2 + 12393*a + 185872 -27*a^2 + 564*a + 15925 -77*a^2 - 3534*a - 45743 42*a^2 + 2264*a + 16308 63*a^2 + 3026*a + 33969 over Number field with defining polynomial x^4+216*x^3+13100*x^2+293793*x+2193209
For conductor 2, eigenvectors are:
-2*a^2 - 24*a - 70 2*a^2 + 24*a + 70 -2*a^2 - 24*a - 70 0 0 -2*a^2 - 26*a - 84 -2*a^2 - 26*a - 84 0 -2*a^2 - 28*a - 94 0 -2*a^2 - 28*a - 94 0 -2*a^2 - 28*a - 94 -2*a^2 - 26*a - 84 a^3 + 26*a^2 + 211*a + 542 -a^3 - 26*a^2 - 211*a - 542 0 -a^3 - 26*a^2 - 211*a - 542 over Number field with defining polynomial x^4+33*x^3+383*x^2+1887*x+3368
-4*a^2 - 43*a - 64 -a^3 - 19*a^2 - 74*a + 43 -a^3 - 15*a^2 - 31*a + 107 a^2 + 32*a + 222 -4*a^2 - 67*a - 215 4*a^2 + 43*a + 64 -4*a^2 - 43*a - 64 24*a+151 24*a+151 a^2 + 8*a + 71 a^2 - 16*a - 80 -a^3 - 20*a^2 - 82*a - 28 -a^2 - 8*a - 71 0 -a^3 - 19*a^2 - 74*a + 43 0 3*a^2 + 35*a - 7 -a^3 - 19*a^2 - 74*a + 43 over Number field with defining polynomial x^4+23*x^3+133*x^2+73*x-499
a vector of length 18 over Number field with defining polynomial a number field of degree 10
For conductor 149, eigenvectors are:
-4*a-32 -2*a^2 - 28*a - 94 0 2*a+18 -2*a^2 - 32*a - 126 -2*a^2 - 26*a - 80 0 2*a+18 4*a+32 a^2 + 14*a + 49 a^2 + 14*a + 49 0 a^2 + 14*a + 49 over Number field with defining polynomial x^3+25*x^2+199*x+503
a vector of length 13 over Number field with defining polynomial a number field of degree 10
For conductor 298, eigenvectors are:
-3 -3 -6 0 0 0 1 -1 -1 1 1 -2 1 -2 0 -2 -1 -1 2 -1 -1 -3 -1 0 -2 -1 0 1 0 1 0 1 1 0 2 2 0 0 1 1 1 1 1 -1 2 0 -1 -1 0 0 1 0 0 0 -1 0 1 1 0 -1 over Number field with defining polynomial x+4
3*a^6 - 195*a^5 + 5157*a^4 - 70401*a^3 + 516432*a^2 - 1893744*a + 2645904 3*a^6 - 192*a^5 + 4977*a^4 - 66795*a^3 + 489462*a^2 - 1861173*a + 2885328 -3*a^6 + 174*a^5 - 3927*a^4 + 42957*a^3 - 226689*a^2 + 458367*a + 7572 0 -3*a^6 + 192*a^5 - 4965*a^4 + 65901*a^3 - 467943*a^2 + 1650036*a - 2153370 3*a^6 - 171*a^5 + 3915*a^4 - 45963*a^3 + 292248*a^2 - 963837*a + 1316076 2*a^6 - 137*a^5 + 3836*a^4 - 55653*a^3 + 435406*a^2 - 1710862*a + 2581204 -2*a^6 + 119*a^5 - 2797*a^4 + 32963*a^3 - 204826*a^2 + 652625*a - 934028 -4*a^6 + 247*a^5 - 6143*a^4 + 78076*a^3 - 527714*a^2 + 1757194*a - 2145400 2*a^6 - 109*a^5 + 2244*a^4 - 20777*a^3 + 70934*a^2 + 82602*a - 687868 -a^6 + 65*a^5 - 1719*a^4 + 23467*a^3 - 172144*a^2 + 631248*a - 881968 -a^6 + 58*a^5 - 1309*a^4 + 14319*a^3 - 75563*a^2 + 152789*a + 2524 2*a^6 - 131*a^5 + 3481*a^4 - 47591*a^3 + 347674*a^2 - 1249157*a + 1602764 2*a^6 - 129*a^5 + 3322*a^4 - 43564*a^3 + 306276*a^2 - 1100870*a + 1624296 0 2*a^6 - 101*a^5 + 1906*a^4 - 15788*a^3 + 43324*a^2 + 95578*a - 468040 4*a^6 - 253*a^5 + 6461*a^4 - 84604*a^3 + 591854*a^2 - 2052430*a + 2629240 a^6 - 64*a^5 + 1659*a^4 - 22265*a^3 + 163154*a^2 - 620391*a + 961776 2*a^6 - 109*a^5 + 2276*a^4 - 22159*a^3 + 92672*a^2 - 65137*a - 318948 -2*a^6 + 125*a^5 - 3139*a^4 + 40277*a^3 - 276250*a^2 + 950891*a - 1268396 -2*a^6 + 132*a^5 - 3497*a^4 + 47519*a^3 - 349161*a^2 + 1320382*a - 2035466 2*a^6 - 113*a^5 + 2455*a^4 - 25112*a^3 + 113704*a^2 - 116159*a - 348994 -2*a^6 + 112*a^5 - 2439*a^4 + 25721*a^3 - 131915*a^2 + 283134*a - 166958 -a^6 + 64*a^5 - 1655*a^4 + 21967*a^3 - 155981*a^2 + 550012*a - 717790 2*a^6 - 121*a^5 + 2976*a^4 - 37979*a^3 + 264212*a^2 - 943185*a + 1325732 -3*a^5 + 159*a^4 - 3264*a^3 + 32070*a^2 - 147618*a + 241920 a^6 - 57*a^5 + 1305*a^4 - 15321*a^3 + 97416*a^2 - 321279*a + 438692 -2*a^6 + 119*a^5 - 2781*a^4 + 32164*a^3 - 188548*a^2 + 494997*a - 338898 a^6 - 64*a^5 + 1655*a^4 - 21967*a^3 + 155981*a^2 - 550012*a + 717790 -a^6 + 65*a^5 - 1719*a^4 + 23467*a^3 - 172144*a^2 + 631248*a - 881968 a^6 - 57*a^5 + 1305*a^4 - 15321*a^3 + 97416*a^2 - 321279*a + 438692 2*a^6 - 125*a^5 + 3155*a^4 - 40932*a^3 + 285244*a^2 - 994207*a + 1295686 2*a^6 - 124*a^5 + 3139*a^4 - 41541*a^3 + 303455*a^2 - 1161182*a + 1811638 -2*a^6 + 123*a^5 - 3008*a^4 + 36833*a^3 - 231432*a^2 + 666391*a - 577748 -2*a^6 + 115*a^5 - 2614*a^4 + 29676*a^3 - 174800*a^2 + 502646*a - 578128 a^6 - 58*a^5 + 1309*a^4 - 14319*a^3 + 75563*a^2 - 152789*a - 2524 -2*a^6 + 107*a^5 - 2244*a^4 + 23305*a^3 - 125452*a^2 + 341931*a - 429036 a^6 - 64*a^5 + 1655*a^4 - 21967*a^3 + 155981*a^2 - 550012*a + 717790 2*a^6 - 104*a^5 + 2081*a^4 - 19743*a^3 + 86209*a^2 - 123934*a - 56870 2*a^6 - 123*a^5 + 3040*a^4 - 38215*a^3 + 253170*a^2 - 814130*a + 946668 -2*a^6 + 119*a^5 - 2829*a^4 + 33880*a^3 - 210400*a^2 + 615369*a - 607794 -a^6 + 64*a^5 - 1659*a^4 + 22265*a^3 - 163154*a^2 + 620391*a - 961776 3*a^5 - 159*a^4 + 3264*a^3 - 32070*a^2 + 147618*a - 241920 -2*a^6 + 123*a^5 - 3040*a^4 + 38215*a^3 - 253170*a^2 + 814130*a - 946668 -2*a^6 + 115*a^5 - 2614*a^4 + 29676*a^3 - 174800*a^2 + 502646*a - 578128 -a^6 + 57*a^5 - 1305*a^4 + 15321*a^3 - 97416*a^2 + 321279*a - 438692 -2*a^6 + 125*a^5 - 3139*a^4 + 40277*a^3 - 276250*a^2 + 950891*a - 1268396 -2*a^6 + 118*a^5 - 2789*a^4 + 33631*a^3 - 217685*a^2 + 722158*a - 989298 -4*a^5 + 179*a^4 - 2989*a^3 + 22853*a^2 - 79600*a + 111914 7*a^5 - 398*a^4 + 8719*a^3 - 91118*a^2 + 448366*a - 817268 -a^5 + 16*a^4 + 573*a^3 - 16390*a^2 + 138397*a - 373992 7*a^5 - 354*a^4 + 6944*a^3 - 65738*a^2 + 299112*a - 523084 2*a^6 - 115*a^5 + 2626*a^4 - 30069*a^3 + 178442*a^2 - 504161*a + 503392 -2*a^6 + 125*a^5 - 3151*a^4 + 40670*a^3 - 279892*a^2 + 952406*a - 1193660 -7*a^5 + 366*a^4 - 7337*a^3 + 69380*a^2 - 300627*a + 448348 -10*a^5 + 529*a^4 - 10899*a^3 + 108623*a^2 - 518624*a + 934254 -2*a^6 + 119*a^5 - 2805*a^4 + 33022*a^3 - 199474*a^2 + 555183*a - 473346 -3*a^5 + 163*a^4 - 3526*a^3 + 37422*a^2 - 189419*a + 343946 3*a^5 - 171*a^4 + 3657*a^3 - 35712*a^2 + 149133*a - 167184 3*a^5 - 187*a^4 + 4384*a^3 - 48348*a^2 + 249605*a - 478394 over Number field with defining polynomial x^7-71*x^6+2085*x^5-32577*x^4+289359*x^3-1438719*x^2+3624071*x-3450460
a vector of length 60 over Number field with defining polynomial a number field of degree 23
12*a^2 - 36*a - 36 72*a-192 -36*a+96 0 -6*a^3 - 18*a^2 + 84*a - 60 -6*a^3 - 12*a^2 + 132*a - 114 -4*a^2 + 12*a + 12 4*a^3 + 8*a^2 - 60*a + 48 -4*a^2 - 4*a + 8 -4*a^2 + 12*a + 12 -4*a^2 + 12*a + 12 -12*a+32 -4*a^3 - 8*a^2 + 60*a - 48 8*a^3 + 28*a^2 - 104*a - 32 0 -8*a^3 - 20*a^2 + 136*a - 48 -4*a^2 - 4*a + 8 24*a-64 8*a^2 + 2*a - 70 4*a^3 + 8*a^2 - 60*a + 48 2*a^3 + 10*a^2 - 10*a - 72 -18*a+48 -2*a^3 + 6*a^2 + 42*a - 96 -2*a^3 - 6*a^2 + 28*a - 20 -8*a^2 - 6*a + 34 -4*a^2 - 4*a + 8 -2*a^3 - 4*a^2 + 44*a - 38 6*a-16 2*a^3 + 6*a^2 - 28*a + 20 -4*a^2 + 12*a + 12 -2*a^3 - 4*a^2 + 44*a - 38 6*a-16 2*a^3 + 10*a^2 - 58*a + 56 2*a+18 -4*a^2 - 16*a + 40 12*a-32 2*a+18 2*a^3 + 6*a^2 - 28*a + 20 6*a^3 + 14*a^2 - 110*a + 80 -4*a^2 + 12*a + 12 6*a-16 -24*a+64 4*a^2 + 4*a - 8 4*a^2 - 12*a - 12 -4*a^2 - 16*a + 40 2*a^3 + 4*a^2 - 44*a + 38 4*a^3 + 8*a^2 - 60*a + 48 -2*a^3 - 2*a^2 + 50*a - 76 -2*a^3 - 10*a^2 + 34*a + 8 0 4*a^2 + 2*a - 26 -4*a^3 - 12*a^2 + 60*a - 4 -2*a-18 0 -4*a^2 - 2*a + 26 -2*a^3 - 2*a^2 + 26*a - 12 6*a-16 6*a-16 0 -6*a+16 over Number field with defining polynomial x^4+x^3-23*x^2+33*x+3
a vector of length 60 over Number field with defining polynomial a number field of degree 10
a vector of length 60 over Number field with defining polynomial a number field of degree 15
For conductor 1:
traces of hecke eigenvalues of T_{p^1} are:
40 156 400 1464 2380 5220 7240 12720 25260 30784 52060 70644 81400 106080 151740 208920 230764 305320 363024 394420 499360 578760 712980 922180 
computing eigenvalues for k = 1, took 13.560867 sec
traces of hecke eigenvalues of T_{p^2} are:
120 780 2800 
computing eigenvalues for k = 2, took 0.264020 sec
traces of hecke eigenvalues of T_{p^1} are:
-35 94 -126 -55 -233 295 -479 71 2147 -608 1609 2074 -849 877 4121 857 -10 -2157 266 -4966 -5568 -1247 7046 -6778 
computing eigenvalues for k = 1, took 13.783875 sec
traces of hecke eigenvalues of T_{p^2} are:
-60 -110 -223 
computing eigenvalues for k = 2, took 0.268076 sec
traces of hecke eigenvalues of T_{p^1} are:
2 -13 1 -133 172 36 361 -37 -11 22 524 -595 -127 -723 517 -1399 1542 1689 -1812 3585 1420 -1620 -1819 4263 
computing eigenvalues for k = 1, took 13.524065 sec
traces of hecke eigenvalues of T_{p^2} are:
-21 -52 -9 
computing eigenvalues for k = 2, took 0.269000 sec
traces of hecke eigenvalues of T_{p^1} are:
112 281 541 1265 1842 2852 3683 5369 8472 9986 14025 16448 17854 21002 26524 33689 37619 43714 48696 53282 64630 66910 80659 99247 
computing eigenvalues for k = 1, took 13.540854 sec
traces of hecke eigenvalues of T_{p^2} are:
48 126 328 
computing eigenvalues for k = 2, took 0.266039 sec
traces of hecke eigenvalues of T_{p^1} are:
158 434 794 1838 2531 4561 5101 8123 12824 13876 20870 25570 28076 33790 43264 51498 55624 66983 76077 79525 93775 102524 120086 141070 
computing eigenvalues for k = 1, took 13.452315 sec
traces of hecke eigenvalues of T_{p^2} are:
32 264 352 
computing eigenvalues for k = 2, took 0.263494 sec
traces of hecke eigenvalues of T_{p^1} are:
-23 16 -17 77 -9 107 -216 5 616 -175 277 351 -365 -10 38 -271 570 208 -132 -1356 741 224 501 301 
computing eigenvalues for k = 1, took 13.519258 sec
traces of hecke eigenvalues of T_{p^2} are:
12 -15 -127 
computing eigenvalues for k = 2, took 0.260013 sec
For conductor 2:
traces of hecke eigenvalues of T_{p^1} are:
-33 -37 -39 -125 84 -21 -41 -181 -130 -265 79 -225 409 -429 656 -567 -77 587 -1901 1231 -439 -442 -1741 1131 
computing eigenvalues for k = 1, took 359.799293 sec
traces of hecke eigenvalues of T_{p^2} are:
34 41 4 
computing eigenvalues for k = 2, took 0.591371 sec
traces of hecke eigenvalues of T_{p^1} are:
-23 16 -17 77 -9 107 -216 5 616 -175 277 351 -365 -10 38 -271 570 208 -132 -1356 741 224 501 301 
computing eigenvalues for k = 1, took 363.446518 sec
traces of hecke eigenvalues of T_{p^2} are:
12 -15 -127 
computing eigenvalues for k = 2, took 0.580254 sec
traces of hecke eigenvalues of T_{p^1} are:
2 -13 1 -133 172 36 361 -37 -11 22 524 -595 -127 -723 517 -1399 1542 1689 -1812 3585 1420 -1620 -1819 4263 
computing eigenvalues for k = 1, took 364.668704 sec
traces of hecke eigenvalues of T_{p^2} are:
-21 -52 -9 
computing eigenvalues for k = 2, took 0.593722 sec
For conductor 149:
traces of hecke eigenvalues of T_{p^1} are:
-25 -57 13 -55 -9 -10 2 42 -380 -51 -179 -749 103 279 -740 245 -489 368 -542 694 632 2522 -375 955 
computing eigenvalues for k = 1, took 627.579087 sec
traces of hecke eigenvalues of T_{p^2} are:
24 77 -28 
computing eigenvalues for k = 2, took 0.587602 sec
traces of hecke eigenvalues of T_{p^1} are:
-24 -87 41 27 -60 -30 95 49 -383 560 806 -1087 1337 459 -1337 -1971 -1004 2757 1450 -117 1530 578 -123 -1483 
computing eigenvalues for k = 1, took 623.798126 sec
traces of hecke eigenvalues of T_{p^2} are:
-9 -36 -129 
computing eigenvalues for k = 2, took 0.609169 sec
For conductor 298:
traces of hecke eigenvalues of T_{p^1} are:
-4 6 4 10 -27 -57 -9 -15 274 94 -26 174 384 426 -18 402 4 -839 -169 -665 351 -880 -780 212 
computing eigenvalues for k = 1, took 145.461434 sec
traces of hecke eigenvalues of T_{p^2} are:
4 24 -20 
computing eigenvalues for k = 2, took 0.663981 sec
traces of hecke eigenvalues of T_{p^1} are:
71 176 367 900 1102 1855 2529 3438 5767 6488 9360 11870 12855 15620 20373 25298 25920 32070 37031 36987 45296 47821 54573 68273 
computing eigenvalues for k = 1, took 148.870726 sec
traces of hecke eigenvalues of T_{p^2} are:
4 -36 136 
computing eigenvalues for k = 2, took 0.672817 sec
traces of hecke eigenvalues of T_{p^1} are:
17 -36 -44 316 -245 114 285 859 -112 257 -1986 1143 365 2787 -824 4740 -4286 -912 3852 902 2598 2912 960 -5106 
computing eigenvalues for k = 1, took 146.907289 sec
traces of hecke eigenvalues of T_{p^2} are:
-22 -53 -98 
computing eigenvalues for k = 2, took 0.654218 sec
traces of hecke eigenvalues of T_{p^1} are:
-1 -18 -51 37 -193 3 128 357 34 -85 -317 881 -111 0 18 1533 -226 938 1514 -534 -609 1924 189 -2061 
computing eigenvalues for k = 1, took 145.161004 sec
traces of hecke eigenvalues of T_{p^2} are:
-24 -43 67 
computing eigenvalues for k = 2, took 0.668556 sec
traces of hecke eigenvalues of T_{p^1} are:
-24 -87 41 27 -60 -30 95 49 -383 560 806 -1087 1337 459 -1337 -1971 -1004 2757 1450 -117 1530 578 -123 -1483 
computing eigenvalues for k = 1, took 146.960713 sec
traces of hecke eigenvalues of T_{p^2} are:
-9 -36 -129 
computing eigenvalues for k = 2, took 0.656504 sec
traces of hecke eigenvalues of T_{p^1} are:
180 434 804 1970 2593 4489 5691 8157 12684 14422 20402 24938 28104 32678 41556 52118 54692 67457 74763 78689 93983 104084 117558 139302 
computing eigenvalues for k = 1, took 148.889342 sec
traces of hecke eigenvalues of T_{p^2} are:
120 264 432 
computing eigenvalues for k = 2, took 0.696240 sec
