constructing eigenvector for poly
x+2
constructing eigenvector for poly
x-15
constructing eigenvector for poly
x^38-218*x^37+22920*x^36-1548041*x^35+75484703*x^34-2831355229*x^33+84998655091*x^32-2098030467762*x^31+43409200777393*x^30-763765377681721*x^29+11553182129652569*x^28-151526922793288544*x^27+1734604907592622670*x^26-17421319752993794450*x^25+154124767476241463998*x^24-1204748778556159426220*x^23+8339058320364363160563*x^22-51189765720793286968924*x^21+278906913345173153336866*x^20-1349100345555658767365689*x^19+5791374467365518763448107*x^18-22042567355122453317491321*x^17+74270857367447010671878943*x^16-221060783186069954148459098*x^15+579575236697461262727465571*x^14-1333688501558855879807938929*x^13+2681726574286104234084163133*x^12-4686213702867723020942083494*x^11+7069399520897027299450761312*x^10-9131630258401730237039028408*x^9+9998567642899227266476233072*x^8-9163606412662532380308212224*x^7+6917242067734246648102686976*x^6-4210640050958608491158702080*x^5+2008028050119652727861966592*x^4-719595293717362711478151168*x^3+181477534350062732619484160*x^2-28595995003998460547346432*x+2108817356932763871428608
constructing eigenvector for poly
x^43-244*x^42+28817*x^41-2194682*x^40+121157655*x^39-5166995558*x^38+177160319520*x^37-5018281410411*x^36+119762782506424*x^35-2443693626657524*x^34+43116162215624679*x^33-663674589545473938*x^32+8975432627917630946*x^31-107249318389674889194*x^30+1137477132579403880650*x^29-10746716486722472920440*x^28+90707063596955618712871*x^27-685496159837177027203678*x^26+4646099681327937233156853*x^25-28274378755601414756862440*x^24+154603450742375856334501329*x^23-759764465871894283304060244*x^22+3355086129206044541120830930*x^21-13305970067357050050426562141*x^20+47345811325606019766935785936*x^19-150937706374865674149159950898*x^18+430317316583318709523790154651*x^17-1094555292682845990480319420412*x^16+2476821661629326488162071465454*x^15-4968762878388690298044196892852*x^14+8800055288646009610767777687740*x^13-13691140881728927911764220170000*x^12+18600335257523638103491180869016*x^11-21908848110591528751643092590640*x^10+22180721861511353662749112563072*x^9-19098109571098526235714587977792*x^8+13802293812087244457142114996224*x^7-8234015384780553778089068013568*x^6+3967459964614824586567606238720*x^5-1499033962154868919585871407104*x^4+425660397969905800667204474880*x^3-84999375696891772178684940288*x^2+10587706943679600786997510144*x-615637671366758294510960640
constructing eigenvector for poly
x^26+26*x^25+203*x^24-164*x^23-9140*x^22-26070*x^21+134161*x^20+683160*x^19-741006*x^18-7640282*x^17-574568*x^16+47120356*x^15+25697480*x^14-174156814*x^13-127413233*x^12+395598728*x^11+312153145*x^10-541323416*x^9-444368588*x^8+419167298*x^7+376122192*x^6-152235698*x^5-175105012*x^4+4447764*x^3+33577768*x^2+8360000*x+540000
constructing eigenvector for poly
x^131+15*x^130-807*x^129-12433*x^128+316431*x^127+4975503*x^126-80453583*x^125-1280691451*x^124+14933923657*x^123+238319087319*x^122-2159936792830*x^121-34165968737179*x^120+253606699711785*x^119+3926821548140905*x^118-24856447056608276*x^117-371772736511808243*x^116+2074244171517436371*x^115+29565079808903863382*x^114-149502831039424280679*x^113-2003946560923199506281*x^112+9405391939731513764731*x^111+117077732007914344197370*x^110-520499037741935230849380*x^109-5947955435891740066549022*x^108+25485598825671138248863539*x^107+264610737351787252582860767*x^106-1108914900023907844711357750*x^105-10366513867346661058991802361*x^104+43021282426827055703259993185*x^103+359258149274558750149864796034*x^102-1492060948425229647519382818032*x^101-11053646178322315069146974360574*x^100+46356967494642125577392771972671*x^99+302819120929636481209554057195997*x^98-1292426458243777808441938982641070*x^97-7403152756983643988708351250524870*x^96+32379096029650014006187726071154030*x^95+161784725245057121355926685598649179*x^94-729777522610082637999719803841869616*x^93-3164116185932476654721779348819303277*x^92+14811207115425590931261294194971577000*x^91+55418251118315434495742646990647469998*x^90-270888165246317028960957508678560136534*x^89-869387900667792857390851377073553166114*x^88+4467234501007203583166878085560982424961*x^87+12211785229796266474341443970875736525843*x^86-66452964538498402308851596268399608834098*x^85-153437702089207285410026743633078333696987*x^84+891919824393656872239209373164401632789248*x^83+1721612712254357200421532613400360793997616*x^82-10802289176734381262845126892862451865239500*x^81-17204078517881125979272229048423865301934295*x^80+118049209846561710524335676515574456721867718*x^79+152496591061685335459226646037391573323580530*x^78-1163817873954771229669040579523732714492745118*x^77-1191574309174858994882794828637982454466983054*x^76+10347614580894475319530276053824546810190703782*x^75+8126201692826305537005799058199003707245667814*x^74-82933825293934569642490266521699187080167494000*x^73-47538779068250244614113727720508527289981416392*x^72+598838996687462588390143394652635323392617445493*x^71+230509382541923694757905899618941917665030303726*x^70-3892939210033354592256504476346450802878322946659*x^69-849599760737526079622645559040810381891417879068*x^68+22766292056610264692279126708719509164797184133383*x^67+1622795871236123952478201379434244239701879135209*x^66-119666378009427430668019961129993646283939346947978*x^65+6882358306379675405942350716675927143973308820576*x^64+564806313254646933653640611660536083738448889336984*x^63-95683427641839754552312042498489294257776757226651*x^62-2391250339334546491736735656879597605505207402753017*x^61+634680303699812479545315715901399603067466534754525*x^60+9071310910408616921260616391188147012807574230216409*x^59-3141538796498067839316122864525386736450764062741720*x^58-30798354714607355225065105599795160953923209125030168*x^57+12709934967303272709878985675604605988448610049287861*x^56+93467274002667941150472137640272728559750769961586839*x^55-43456373000387697734222005740856753361021209100206701*x^54-253215823639870045711375173455410887448896386218589748*x^53+127466367252255792887182310479650793130638201247191639*x^52+611499288892516606194195385109088941955853456026343403*x^51-323059285807467241929789626865800549213190360459398743*x^50-1314256633621807889108459001891194425118408675083199305*x^49+709671622661548810853521053937176871260057737249195516*x^48+2509296832115229974183625821161484965643068986949578264*x^47-1352042129665734940414256038957081704924880257521345441*x^46-4247054018481678839479803834427926387677856075160481562*x^45+2231447682309097541771925093622053984169540992134399935*x^44+6356061707817019135414050427797269706285692752217294509*x^43-3182140968639706075153155376664883777376586685126056034*x^42-8385491127217249018844459454066432844917605450774567546*x^41+3905245210347005068640944087953397825514363588883801889*x^40+9716397575334806359144349213985543936092311055503754313*x^39-4101626591908598098288802511965576223614015021777132031*x^38-9844167582558432623242692692053137402217258604075522915*x^37+3659202620148985797208141668667145527815642300211264469*x^36+8673942631813271438903867317016991702826986712434286499*x^35-2744928070570731574179422996215853475300651050028973892*x^34-6604361815338907315422978689530065685536532793582538361*x^33+1706961541173561331731756734968349171296400223413403699*x^32+4312360212520249524794808427394342576690592123240875106*x^31-861506227439509043362982046598797117509394899226060506*x^30-2393118815612912523937554109908095291618805927136561004*x^29+340569982958923030792335548452909156238907226105699636*x^28+1116800703806245402064114194225397550142924155787758200*x^27-97999817249965276605089886697841007963902807657858544*x^26-432824398245564919994413767693574539713517343182661936*x^25+16237553425230151721319522764866672895633687965577968*x^24+137248039559390530880159141234260728226327187567003616*x^23+990803330539195472311805082245280269902104626462944*x^22-34976712480275350797205283900584210222004344669250624*x^21-1591031765278695186042023621513803682057745106851392*x^20+7008125944762272103466627745116907497176960015601280*x^19+535975443458402140985371395715887171506741233064576*x^18-1073990652974379865820383691627973866248515696720384*x^17-106830659599166320438622443218563022029131259243520*x^16+121440848506935773110260171361955209809061930271744*x^15+13819626529091761862135183177352345052614754775040*x^14-9644881036308560351644488895102755744414128427008*x^13-1146205042532021627954838363911267694244581228544*x^12+500731492832855310844673444611920605894256984064*x^11+57064147651588323199849814230532772412807774208*x^10-15230341710532046431079533949368618172550283264*x^9-1487899544609150729003842620390307140294148096*x^8+234871570096514296889997857486865607168098304*x^7+14934777855639287248202104761097339191427072*x^6-1940659755795566172091403143676641091256320*x^5-30235358317968023961112324113054985879552*x^4+7285369671623599417135339507872966901760*x^3-189511091678060434714663369407314526208*x^2-429428955557578364477641851148435456*x+43451868374127732053506253056376832
constructing eigenvector for poly
x+4
constructing eigenvector for poly
x^2+3*x-2
constructing eigenvector for poly
x^26+26*x^25+203*x^24-164*x^23-9140*x^22-26070*x^21+134161*x^20+683160*x^19-741006*x^18-7640282*x^17-574568*x^16+47120356*x^15+25697480*x^14-174156814*x^13-127413233*x^12+395598728*x^11+312153145*x^10-541323416*x^9-444368588*x^8+419167298*x^7+376122192*x^6-152235698*x^5-175105012*x^4+4447764*x^3+33577768*x^2+8360000*x+540000
constructing eigenvector for poly
x^24+96*x^23+4326*x^22+121681*x^21+2396418*x^20+35134863*x^19+398045730*x^18+3569910898*x^17+25758902613*x^16+151140097466*x^15+725902870632*x^14+2863131198361*x^13+9276508660356*x^12+24622257243394*x^11+53217004409045*x^10+92715014095619*x^9+128163759636425*x^8+137153075423442*x^7+109107687856372*x^6+59767474523850*x^5+18479182237950*x^4+243963097395*x^3-2033698337489*x^2-596414058457*x-39566606347
constructing eigenvector for poly
x+2
constructing eigenvector for poly
x+2
constructing eigenvector for poly
x+4
constructing eigenvector for poly
x^24+51*x^23+1168*x^22+15817*x^21+139936*x^20+838188*x^19+3352775*x^18+8010311*x^17+4762735*x^16-39072737*x^15-146360411*x^14-211049288*x^13+30090146*x^12+602947603*x^11+851148462*x^10+110486970*x^9-957607962*x^8-975182268*x^7-39084490*x^6+489392134*x^5+249898760*x^4-34201549*x^3-55147436*x^2-10632608*x+272396
constructing eigenvector for poly
x+4
constructing eigenvector for poly
x^37-210*x^36+21247*x^35-1379510*x^34+64592255*x^33-2323773508*x^32+66829133404*x^31-1578236616483*x^30+31201445321744*x^29-523821298385266*x^28+7549563360606821*x^27-94197646594034748*x^26+1024181273322848814*x^25-9753006632941661426*x^24+81662222737760849924*x^23-602971100786831625808*x^22+3934342581711594885985*x^21-22716133207426513561416*x^20+116138534787171572192533*x^19-525793976071546545182456*x^18+2106698805718308742882731*x^17-7461382309566940875249338*x^16+23316947846283512934992112*x^15-64131303538805817121740701*x^14+154739238518082147822983166*x^13-326198435892095432040638076*x^12+597730783489252539105993143*x^11-946127667102827318218026438*x^10+1283681783528561292902698616*x^9-1478633332631882595987076744*x^8+1428620828060463260732600832*x^7-1139995773592745040473469376*x^6+736122532521545832017269824*x^5-374012198996207919280758528*x^4+143558286745532386728410880*x^3-39028961127507328100493824*x^2+6681060162246533914992640*x-540137131160082315550720
constructing eigenvector for poly
x^103-37*x^102+104*x^101+12941*x^100-155170*x^99-1625870*x^98+38629907*x^97+19563586*x^96-5033045717*x^95+21067932943*x^94+399876909070*x^93-3353641695966*x^92-18703384909629*x^91+293538127588153*x^90+251001406802926*x^89-17357710969686219*x^88+35129782191708202*x^87+728329308270518966*x^86-3343383115668220558*x^85-21157063874348577856*x^84+171453877052410094765*x^83+349007264795928221348*x^82-6151780117014222724096*x^81+2080327586236046809377*x^80+163967820163967427347481*x^79-357302759314783618811269*x^78-3246308421988451037263540*x^77+13510074712191379255790385*x^76+44516119159500452156074056*x^75-332729245590543894881170518*x^74-285022745082454249108536379*x^73+6058974145814637487691276129*x^72-4350324607414431322408531913*x^71-83814154630403099199166096945*x^70+175806472945041324719387505593*x^69+860384050032211121690324471803*x^68-3267556556076743574525417754271*x^67-5796204069028355239247788255216*x^66+42346246749112805236736104312156*x^65+8697549783211488227442121594744*x^64-413175257531854026203849597035564*x^63+382759371001039637998505766145910*x^62+3055489359225026543143433020667239*x^61-6229983964221360336335168417657289*x^60-16274545749964907786373855599572732*x^59+59463735260700011127512134649825537*x^58+49083748974393220202201192445156985*x^57-410540364849609435051231472101943084*x^56+89845229646920333558818041930088557*x^55+2139339047740535875226635669232777567*x^54-2284904639839349967441936056462532048*x^53-8281212135442077660635746016894781148*x^52+16868817037089526010722826105033678692*x^51+21454697528836785443991480758519263723*x^50-82448880692082127747770227216835744788*x^49-18084047062642683577585795165947393383*x^48+296745796335223855286179286247981559319*x^47-147771414362920924778786210263900620013*x^46-795389723762199287382219478071969430859*x^45+937345992519354460258344226543049750919*x^44+1502137601785538564454034399108545005217*x^43-3236184015846582757822216045827068172030*x^42-1517039031066135324109086689686711671487*x^41+7828840124181795400703053817086392204172*x^40-1389229078403179424856794653991152822153*x^39-13830367899057939885571573615865516477223*x^38+9791011959388127879991561922976175677249*x^37+17228222542365735372771328299065924104565*x^36-23355079561100372462067043033640844585662*x^35-12486553922049113571950655038084593030111*x^34+36021586724195853146759222835943383738571*x^33-1841025327448261310297200420799219205504*x^32-38796212743319118199465001297994485740627*x^31+18904733111575230584224236987916242357095*x^30+28146494965739101035844331230227360226732*x^29-27913082945044225070610487210326922331983*x^28-10835375449720190718648895390882620077760*x^27+24314634581708593219215557343506203757386*x^26-2195151002662038613343098550981219106335*x^25-13656132224117082499240742586912529723714*x^24+6100594898631367935158150370278252098290*x^23+4510026062938759925210758580981835248362*x^22-4185256835370684030930398675972676237738*x^21-396272705907656593183516558147764541311*x^20+1574567342022711022244572142672671578210*x^19-351452963167424124926802154712592755390*x^18-321476280347744312040276822530612090656*x^17+168985316705367029727539882045555782084*x^16+21453003929885763011271658727797695112*x^15-33940530378948293360709918493286335712*x^14+4265516648026241073642199926080539600*x^13+3239115566986968930608325833362517200*x^12-984007213875442648101065343721264800*x^11-112199289547627251140655511869988320*x^10+78286857597197835767841269269108864*x^9-2809205196755111208674921368862784*x^8-2816179577779471047790305051950848*x^7+280037894436405081806526226670208*x^6+42383186622997046966303372065792*x^5-5244068634679248591891921271296*x^4-177512667396049008943684080128*x^3+15570026296225004294443992064*x^2-110349097816968853819389952*x-1195941472438016808046592
computing eigenvectors took 37.807889 sec
For conductor 1, eigenvectors are:
0 0 0 0 0 -6 -24 12 12 -6 6 0 -9 3 0 12 0 -9 6 3 6 0 -3 6 9 -3 2 0 0 12 -4 3 0 12 6 0 -9 0 0 3 -12 3 0 -9 0 -6 3 18 -6 -3 0 0 -9 -3 -9 0 -1 -2 -2 -2 -1 2 1 1 -2 4 0 0 -10 7 -6 9 0 -8 -2 -4 -2 -6 -1 -3 5 4 1 -2 -1 -5 1 -2 -1 -3 -6 3 -8 -4 8 -2 -8 -3 6 -2 0 4 0 2 -5 0 6 -2 0 0 -1 2 0 6 5 6 2 4 -4 2 10 -5 0 1 2 3 4 -7 4 4 -1 4 -3 2 -3 1 4 0 3 -4 1 -1 1 -4 2 4 -1 0 1 -1 2 -1 1 3 1 5 -1 0 0 -5 9 -4 -1 -2 -3 -2 0 -4 1 4 1 7 1 -8 2 -1 -1 4 -9 -1 -3 3 2 1 3 -1 -1 3 0 -4 -2 1 3 -1 7 -1 0 -2 0 -8 -2 1 6 1 0 -2 3 4 -1 -5 -9 0 1 -2 3 -1 -1 2 2 -1 5 0 0 0 0 2 -1 0 0 0 -1 1 2 0 -1 -2 -1 -1 -2 -1 over Number field with defining polynomial x+2
-1 -1 -1 -1 -1 -1 -1 -1 -1 -1 -1 -1 -1 -1 -1 -1 -1 -1 -1 -1 -1 -1 -1 -1 -1 -1 -1 -1 -1 -1 -1 -1 -1 -1 -1 -1 -1 -1 -1 -1 -1 -1 -1 -1 -1 -1 -1 -1 -1 -1 -1 -1 -1 -1 -1 -1 -1 -1 -1 -1 -1 -1 -1 -1 -1 -1 -1 -1 -1 -1 -1 -1 -1 -1 -1 -1 -1 -1 -1 -1 -1 -1 -1 -1 -1 -1 -1 -1 -1 -1 -1 -1 -1 -1 -1 -1 -1 -1 -1 -1 -1 -1 -1 -1 -1 -1 -1 -1 -1 -1 -1 -1 -1 -1 -1 -1 -1 -1 -1 -1 -1 -1 -1 -1 -1 -1 -1 -1 -1 -1 -1 -1 -1 -1 -1 -1 -1 -1 -1 -1 -1 -1 -1 -1 -1 -1 -1 -1 -1 -1 -1 -1 -1 -1 -1 -1 -1 -1 -1 -1 -1 -1 -1 -1 -1 -1 -1 -1 -1 -1 -1 -1 -1 -1 -1 -1 -1 -1 -1 -1 -1 -1 -1 -1 -1 -1 -1 -1 -1 -1 -1 -1 -1 -1 -1 -1 -1 -1 -1 -1 -1 -1 -1 -1 -1 -1 -1 -1 -1 -1 -1 -1 -1 -1 -1 -1 -1 -1 -1 -1 -1 -1 -1 -1 -1 -1 -1 -1 -1 -1 -1 -1 -1 -1 -1 -1 -1 -1 -1 -1 over Number field with defining polynomial x-15
a vector of length 240 over Number field with defining polynomial a number field of degree 38
a vector of length 240 over Number field with defining polynomial a number field of degree 43
a vector of length 240 over Number field with defining polynomial a number field of degree 26
a vector of length 240 over Number field with defining polynomial a number field of degree 131
For conductor 3, eigenvectors are:
-2 -1 -2 0 -1 1 -1 0 0 -1 -2 -1 1 1 1 0 1 0 1 0 1 0 2 2 -1 -3 1 1 0 0 1 0 0 0 1 1 0 -1 -1 0 0 1 -1 -1 0 -1 0 0 1 0 1 1 1 -2 -1 over Number field with defining polynomial x+4
2*a+6 a+5 0 -2*a-8 a+1 a+3 -a-3 -2 0 -a-5 -2*a-6 a+3 -a-3 -a-3 a+3 -2 -a-1 2 a+3 2 a+1 2 -2*a-6 0 -a-3 -a-3 a+3 a+3 -2 0 a+3 -a-5 a+2 a+3 0 -a-4 a+3 -1 1 2 1 -a-3 1 0 a+2 -1 -1 0 -1 -2*a-7 1 0 0 0 0 over Number field with defining polynomial x^2+3*x-2
a vector of length 55 over Number field with defining polynomial a number field of degree 26
a vector of length 55 over Number field with defining polynomial a number field of degree 24
-2 2 0 0 -2 2 0 2 2 0 0 -2 0 0 0 0 -2 0 2 2 2 -2 0 2 0 2 0 0 -2 2 0 0 0 -2 -2 0 0 0 0 0 2 0 0 0 2 0 0 2 0 0 0 -2 0 0 0 over Number field with defining polynomial x+2
6 -7 -4 4 -3 3 5 6 0 -5 -6 -1 1 9 -5 -2 -5 -6 -13 -6 1 -6 -6 -4 -3 1 -5 3 -2 0 3 -3 -4 -3 -2 0 -3 -7 -1 2 1 1 -1 2 0 -3 -1 0 1 -3 3 2 -2 4 2 over Number field with defining polynomial x+2
For conductor 331, eigenvectors are:
0 1 0 -1 1 -1 1 0 0 0 1 0 0 -1 0 0 -1 0 0 1 0 1 -1 0 -1 over Number field with defining polynomial x+4
a vector of length 25 over Number field with defining polynomial a number field of degree 24
For conductor 993, eigenvectors are:
0 0 0 0 0 0 0 0 0 0 0 0 0 6 0 -6 0 0 0 0 0 0 0 0 6 0 -6 0 0 0 0 0 0 0 0 0 0 0 0 0 0 -4 4 0 0 0 0 -4 0 4 0 0 0 0 0 2 0 0 0 0 0 -2 0 -2 2 -2 -2 -2 -2 0 0 0 0 0 0 0 0 0 -2 0 2 2 0 2 2 0 0 0 0 0 0 0 0 0 0 0 0 0 0 0 0 0 -2 0 0 2 0 0 0 2 2 -2 -2 -2 0 0 0 -1 0 -1 -1 -1 1 0 0 0 1 0 0 -1 0 0 -1 0 0 1 0 1 -1 0 -1 over Number field with defining polynomial x+4
a vector of length 141 over Number field with defining polynomial a number field of degree 37
a vector of length 141 over Number field with defining polynomial a number field of degree 103
For conductor 1:
traces of hecke eigenvalues of T_{p^1} are:
-2 -13 4 -6 100 -61 5 72 34 19 38 -130 179 -2 463 -968 -620 -381 -555 96 175 -8 460 1732 
computing eigenvalues for k = 1, took 23.923302 sec
traces of hecke eigenvalues of T_{p^2} are:
-1 6 -28 
computing eigenvalues for k = 2, took 0.428890 sec
traces of hecke eigenvalues of T_{p^1} are:
15 156 400 1464 2380 5220 7240 12720 25260 30784 52060 70644 81400 106080 151740 208920 230764 305320 363024 394420 499360 578760 712980 922180 
computing eigenvalues for k = 1, took 64.593804 sec
traces of hecke eigenvalues of T_{p^2} are:
30 780 2800 
computing eigenvalues for k = 2, took 0.342193 sec
traces of hecke eigenvalues of T_{p^1} are:
218 1025 2082 4811 6733 11120 14031 20628 31767 37106 52565 63512 70879 84032 107207 131737 141235 172243 191132 203944 239232 259542 297147 360544 
computing eigenvalues for k = 1, took 65.411931 sec
traces of hecke eigenvalues of T_{p^2} are:
84 222 1456 
computing eigenvalues for k = 2, took 0.362643 sec
traces of hecke eigenvalues of T_{p^1} are:
244 1267 2304 5524 7844 12951 16547 23048 36898 42365 60076 73100 80401 95406 121481 151462 164696 194247 218165 231962 269655 297506 341986 407294 
computing eigenvalues for k = 1, took 66.713022 sec
traces of hecke eigenvalues of T_{p^2} are:
87 894 1232 
computing eigenvalues for k = 2, took 0.375304 sec
traces of hecke eigenvalues of T_{p^1} are:
-26 -94 62 120 -4 -232 1136 -290 302 1920 268 -386 480 -854 -3816 732 2120 3454 1542 1642 4760 -1646 -3752 -1946 
computing eigenvalues for k = 1, took 21.696377 sec
traces of hecke eigenvalues of T_{p^2} are:
-28 2 -48 
computing eigenvalues for k = 2, took 0.330802 sec
traces of hecke eigenvalues of T_{p^1} are:
-15 120 426 -829 1145 587 1366 -530 -2408 2816 6765 523 6154 -511 2470 -4389 13112 9686 -4508 25036 3812 3283 5741 31750 
computing eigenvalues for k = 1, took 34.987680 sec
traces of hecke eigenvalues of T_{p^2} are:
-56 -405 -313 
computing eigenvalues for k = 2, took 1.976886 sec
For conductor 3:
traces of hecke eigenvalues of T_{p^1} are:
-4 -11 10 -36 -80 -23 23 -84 356 -71 38 -254 -145 -238 407 248 -482 -435 519 84 -557 -1732 -28 -806 
computing eigenvalues for k = 1, took 531.344017 sec
traces of hecke eigenvalues of T_{p^2} are:
-1 6 -52 
computing eigenvalues for k = 2, took 0.711873 sec
traces of hecke eigenvalues of T_{p^1} are:
-3 -35 -8 42 -34 -96 -62 -250 94 53 502 5 -177 -406 -23 -234 -226 -681 -1863 -597 1075 -209 569 1271 
computing eigenvalues for k = 1, took 525.388918 sec
traces of hecke eigenvalues of T_{p^2} are:
-1 58 -12 
computing eigenvalues for k = 2, took 0.736487 sec
traces of hecke eigenvalues of T_{p^1} are:
-26 -94 62 120 -4 -232 1136 -290 302 1920 268 -386 480 -854 -3816 732 2120 3454 1542 1642 4760 -1646 -3752 -1946 
computing eigenvalues for k = 1, took 520.171739 sec
traces of hecke eigenvalues of T_{p^2} are:
-28 2 -48 
computing eigenvalues for k = 2, took 0.688131 sec
traces of hecke eigenvalues of T_{p^1} are:
-96 -254 -254 -508 -297 -936 172 -853 -1970 433 -1411 -1663 2061 -753 -1212 -1058 -2901 -3529 -594 -3915 -517 -5019 -4239 -8264 
computing eigenvalues for k = 1, took 509.574347 sec
traces of hecke eigenvalues of T_{p^2} are:
62 85 7 
computing eigenvalues for k = 2, took 0.696992 sec
traces of hecke eigenvalues of T_{p^1} are:
-2 -13 4 -6 100 -61 5 72 34 19 38 -130 179 -2 463 -968 -620 -381 -555 96 175 -8 460 1732 
computing eigenvalues for k = 1, took 522.768617 sec
traces of hecke eigenvalues of T_{p^2} are:
-1 6 -28 
computing eigenvalues for k = 2, took 0.702652 sec
traces of hecke eigenvalues of T_{p^1} are:
-2 -17 -4 -22 36 -45 -67 -36 14 91 -106 -98 -217 -386 -133 28 136 919 -491 604 763 -452 -1100 -200 
computing eigenvalues for k = 1, took 499.989149 sec
traces of hecke eigenvalues of T_{p^2} are:
3 14 -24 
computing eigenvalues for k = 2, took 0.682020 sec
For conductor 331:
traces of hecke eigenvalues of T_{p^1} are:
-4 1 -10 -20 12 -19 -107 8 104 -201 54 234 181 -30 143 -232 -414 -437 -255 444 -371 -296 -508 702 
computing eigenvalues for k = 1, took 868.612467 sec
traces of hecke eigenvalues of T_{p^2} are:
3 -2 24 
computing eigenvalues for k = 2, took 0.666351 sec
traces of hecke eigenvalues of T_{p^1} are:
-51 -132 -378 134 -788 -248 -362 714 230 -1057 -2236 -421 -1785 -294 -1940 2143 -2415 -3277 4121 -7352 -441 1220 -4254 -9691 
computing eigenvalues for k = 1, took 849.560703 sec
traces of hecke eigenvalues of T_{p^2} are:
21 43 243 
computing eigenvalues for k = 2, took 0.868982 sec
For conductor 993:
traces of hecke eigenvalues of T_{p^1} are:
-4 1 -10 -20 12 -19 -107 8 104 -201 54 234 181 -30 143 -232 -414 -437 -255 444 -371 -296 -508 702 
computing eigenvalues for k = 1, took 246.724863 sec
traces of hecke eigenvalues of T_{p^2} are:
3 -2 24 
computing eigenvalues for k = 2, took 0.729691 sec
traces of hecke eigenvalues of T_{p^1} are:
210 1073 1898 4764 6366 11151 13493 19712 31602 35603 50478 63164 68239 82446 104555 129338 134962 164561 185621 196426 227613 254484 296888 347438 
computing eigenvalues for k = 1, took 173.951507 sec
traces of hecke eigenvalues of T_{p^2} are:
75 666 384 
computing eigenvalues for k = 2, took 1.002633 sec
traces of hecke eigenvalues of T_{p^1} are:
37 239 -348 445 -252 2059 -1702 1709 2250 -2189 -1142 7866 -2707 6538 11681 10098 -3792 -6833 9456 7006 -11207 8311 18131 3816 
computing eigenvalues for k = 1, took 191.737658 sec
traces of hecke eigenvalues of T_{p^2} are:
-48 -273 -513 
computing eigenvalues for k = 2, took 1.652198 sec
