constructing eigenvector for poly
x-15
constructing eigenvector for poly
x-4
constructing eigenvector for poly
x^2-13*x+38
constructing eigenvector for poly
x^4+2*x^3-17*x^2-18*x-4
constructing eigenvector for poly
x^5+3*x^4-4*x^3-8*x^2+7*x-1
constructing eigenvector for poly
x^12-70*x^11+2179*x^10-39781*x^9+473015*x^8-3846581*x^7+21856727*x^6-87081055*x^5+240361852*x^4-446095505*x^3+525843442*x^2-351936688*x+100779904
constructing eigenvector for poly
x^2+12*x+31
constructing eigenvector for poly
x^2+10*x+25
constructing eigenvector for poly
x^2+16*x+64
constructing eigenvector for poly
x^2+18*x+1
constructing eigenvector for poly
x-2
constructing eigenvector for poly
x^8+10*x^7+12*x^6-106*x^5-282*x^4-108*x^3+122*x^2+84*x+11
constructing eigenvector for poly
x^13-78*x^12+2749*x^11-57889*x^10+811515*x^9-7984913*x^8+56638875*x^7-292695431*x^6+1099730816*x^5-2960476501*x^4+5536839596*x^3-6795452644*x^2+4892663424*x-1556518592
computing eigenvectors took 0.830260 sec
For conductor 1, eigenvectors are:
-1 -1 -1 -1 -1 -1 -1 -1 -1 -1 -1 -1 -1 -1 -1 -1 -1 -1 -1 -1 -1 -1 -1 -1 -1 over Number field with defining polynomial x-15
-30 3 -30 -19 14 -8 -8 3 -8 3 3 3 -19 3 14 -19 -19 3 3 14 14 3 3 3 -8 over Number field with defining polynomial x-4
8*a-84 4*a-24 14*a-106 2*a-28 -11*a+99 -16*a+140 -4*a+28 27*a-233 -21*a+181 -3*a+13 10*a-80 -a+17 -6*a+58 10*a-80 -11*a+99 -14*a+110 11*a-95 5*a-39 11*a-95 2 -4*a+28 -4*a+28 6*a-54 -5*a+43 2 over Number field with defining polynomial x^2-13*x+38
-6*a^3 + 36*a^2 + 30*a + 12 6*a^2 - 6 -3*a^3 + 6*a^2 + 27*a + 6 -3*a^3 - 6*a^2 - 21*a - 6 0 -4*a^3 + 36*a + 16 -4*a^3 + 4*a 6*a^3 - 12*a^2 - 24*a - 6 3*a^3 - 27*a - 12 3*a^3 - 6*a^2 + 3*a 12*a^2 - 6*a - 6 a^3 - 2*a^2 - 9*a - 2 a^3 - 4*a^2 - 9*a -3*a^3 + 2*a^2 + 11*a + 2 0 3*a^3 - 6*a^2 - 7*a - 2 a^3 - 6*a^2 + 11*a + 6 a^3 - 4*a^2 + 1*a + 2 a^3 - 4*a^2 - 15*a - 6 a^3 - 6*a^2 + 1*a + 4 -a^3 + 8*a^2 + 13*a + 4 -4*a^2 - 6*a - 2 -4*a^3 + 10*a^2 + 14*a + 4 -a^2 - 3*a - 2 4*a^2 + 2*a over Number field with defining polynomial x^4+2*x^3-17*x^2-18*x-4
12*a^2 + 24*a - 12 6*a^4 + 24*a^3 - 36*a + 18 6*a^2 + 6*a - 12 6*a^4 + 24*a^3 - 42*a + 12 0 4*a^3 + 12*a^2 + 4*a - 4 -4*a^4 - 16*a^3 - 8*a^2 + 16*a - 4 3*a^3 + 3*a^2 - 6*a -3*a^3 - 9*a^2 - 3*a + 3 -3*a^4 - 12*a^3 - 3*a^2 + 15*a - 3 -3*a^4 - 9*a^3 + 9*a^2 + 21*a - 12 -2*a^2 - 2*a + 4 -2*a^4 - 8*a^3 - 2*a^2 + 10*a - 2 -2*a^3 - 4*a^2 + 2 0 2*a^4 + 8*a^3 + 2*a^2 - 12*a + 4 -2*a^3 - 6*a^2 + 4 a^4 + 4*a^3 - 6*a + 1 -a^3 + 1*a^2 + 5*a - 1 -a^3 - 1*a^2 + 1*a - 1 a^4 + 3*a^3 - 3*a^2 - 8*a + 3 -a^4 - 3*a^3 + 5*a^2 + 11*a - 6 -3*a^2 - 5*a + 4 a^3 + 3*a^2 + 2*a - 2 -a^2 - 2*a + 1 over Number field with defining polynomial x^5+3*x^4-4*x^3-8*x^2+7*x-1
a vector of length 25 over Number field with defining polynomial a number field of degree 12
For conductor 13, eigenvectors are:
a+7 2 over Number field with defining polynomial x^2+12*x+31
For conductor 23, eigenvectors are:
-8 a+5 over Number field with defining polynomial x^2+18*x+1
For conductor 299, eigenvectors are:
6 -3 0 -4 -4 0 -3 0 0 5 -1 -2 1 1 -1 1 1 -3 0 1 -1 0 over Number field with defining polynomial x-2
12*a^7 + 156*a^6 + 540*a^5 + 300*a^4 + 228*a^3 + 3588*a^2 + 3540*a + 852 -24*a^7 - 270*a^6 - 768*a^5 + 54*a^4 + 2112*a^3 + 1278*a^2 - 24*a - 54 0 8*a^5 + 296*a^4 + 1256*a^3 + 1704*a^2 + 1072*a + 272 -8*a^6 - 160*a^5 - 944*a^4 - 2208*a^3 - 2008*a^2 - 416*a + 112 -3*a^6 + 24*a^5 + 297*a^4 + 678*a^3 + 549*a^2 + 522*a + 237 6*a^5 + 222*a^4 + 942*a^3 + 1278*a^2 + 804*a + 204 9*a^7 + 96*a^6 + 249*a^5 - 102*a^4 - 1113*a^3 - 1536*a^2 - 873*a - 186 24*a^6 + 300*a^5 + 1254*a^4 + 2070*a^3 + 1086*a^2 - 258*a - 252 -14*a^7 - 168*a^6 - 522*a^5 + 92*a^4 + 2198*a^3 + 2120*a^2 + 610*a + 36 -2*a^7 - 24*a^6 - 106*a^5 - 248*a^4 - 490*a^3 - 964*a^2 - 938*a - 300 -16*a^7 - 160*a^6 - 180*a^5 + 1772*a^4 + 4744*a^3 + 2408*a^2 - 356*a - 276 -2*a^7 - 22*a^6 - 10*a^5 + 422*a^4 + 1066*a^3 + 406*a^2 - 382*a - 198 8*a^7 + 74*a^6 + 56*a^5 - 854*a^4 - 2084*a^3 - 1150*a^2 + 180*a + 186 8*a^6 + 120*a^5 + 398*a^4 + 200*a^3 - 588*a^2 - 464*a - 58 6*a^6 + 46*a^5 + 84*a^4 - 226*a^3 - 856*a^2 - 532*a - 58 -6*a^6 - 60*a^5 - 182*a^4 - 138*a^3 + 140*a^2 + 190*a + 56 -7*a^6 - 92*a^5 - 345*a^4 - 238*a^3 + 597*a^2 + 522*a + 75 14*a^6 + 142*a^5 + 342*a^4 - 138*a^3 - 932*a^2 - 540*a - 40 -3*a^7 - 18*a^6 + 63*a^5 + 536*a^4 + 835*a^3 + 18*a^2 - 327*a - 80 -3*a^6 - 22*a^5 - 5*a^4 + 270*a^3 + 641*a^2 + 400*a + 63 -8*a^6 - 104*a^5 - 396*a^4 - 420*a^3 + 258*a^2 + 312*a + 38 over Number field with defining polynomial x^8+10*x^7+12*x^6-106*x^5-282*x^4-108*x^3+122*x^2+84*x+11
a vector of length 22 over Number field with defining polynomial a number field of degree 13
For conductor 1:
traces of hecke eigenvalues of T_{p^1} are:
15 40 156 400 1464 5220 7240 25260 30784 52060 70644 81400 106080 151740 208920 230764 305320 363024 394420 499360 578760 712980 922180 
computing eigenvalues for k = 1, took 9.274217 sec
traces of hecke eigenvalues of T_{p^2} are:
30 120 780 2800 
computing eigenvalues for k = 2, took 0.166747 sec
traces of hecke eigenvalues of T_{p^1} are:
4 7 24 48 166 226 310 1115 1095 1108 1817 1980 1899 2448 3132 4604 5482 5447 4503 4998 6936 7550 8542 
computing eigenvalues for k = 1, took 9.387540 sec
traces of hecke eigenvalues of T_{p^2} are:
-3 -12 -12 -16 
computing eigenvalues for k = 2, took 0.166184 sec
traces of hecke eigenvalues of T_{p^1} are:
13 29 57 103 344 631 676 1696 1898 3021 3214 4071 4947 5606 6712 6506 9180 10093 11260 11632 15902 15300 18084 
computing eigenvalues for k = 1, took 9.427855 sec
traces of hecke eigenvalues of T_{p^2} are:
9 36 30 24 
computing eigenvalues for k = 2, took 0.168890 sec
traces of hecke eigenvalues of T_{p^1} are:
-2 10 -26 10 28 242 -320 -436 -172 566 -296 574 870 -1084 -264 -1628 -1204 2578 4124 -2648 264 -3576 2412 
computing eigenvalues for k = 1, took 9.372654 sec
traces of hecke eigenvalues of T_{p^2} are:
11 32 102 174 
computing eigenvalues for k = 2, took 0.166202 sec
traces of hecke eigenvalues of T_{p^1} are:
-3 -9 -9 -45 80 131 308 326 92 -507 454 -699 -103 -696 838 -588 -146 1539 -1150 742 3686 390 1344 
computing eigenvalues for k = 1, took 9.477716 sec
traces of hecke eigenvalues of T_{p^2} are:
-16 -28 -44 -4 
computing eigenvalues for k = 2, took 0.169289 sec
traces of hecke eigenvalues of T_{p^1} are:
70 131 345 655 1482 3639 4614 9786 11454 16521 20630 21865 26651 34328 42570 43236 53298 59837 63586 75892 83960 97898 116760 
computing eigenvalues for k = 1, took 9.394764 sec
traces of hecke eigenvalues of T_{p^2} are:
30 44 198 440 
computing eigenvalues for k = 2, took 0.166274 sec
For conductor 13:
traces of hecke eigenvalues of T_{p^1} are:
-12 -14 -24 -12 -118 256 -328 -338 392 -188 754 -402 -210 -1288 -352 132 286 1438 1802 2292 -2442 -3448 2274 
computing eigenvalues for k = 1, took 532.064026 sec
traces of hecke eigenvalues of T_{p^2} are:
11 16 62 70 
computing eigenvalues for k = 2, took 0.526981 sec
For conductor 23:
traces of hecke eigenvalues of T_{p^1} are:
-10 -16 -18 8 -82 -132 -28 -112 -326 296 -14 42 234 44 -202 -644 46 -1618 94 -292 -334 -306 -90 
computing eigenvalues for k = 1, took 537.008734 sec
traces of hecke eigenvalues of T_{p^2} are:
9 8 -30 30 
computing eigenvalues for k = 2, took 0.483301 sec
For conductor 299:
traces of hecke eigenvalues of T_{p^1} are:
2 -7 -8 8 -6 54 -2 27 -127 28 -159 -144 541 188 576 220 718 -799 -845 970 -240 750 -674 
computing eigenvalues for k = 1, took 140.146098 sec
traces of hecke eigenvalues of T_{p^2} are:
-3 4 24 -12 
computing eigenvalues for k = 2, took 0.523119 sec
traces of hecke eigenvalues of T_{p^1} are:
-10 0 12 -40 186 6 224 194 -22 -1492 730 -12 468 -292 1778 248 -1588 3036 -624 -1146 2158 544 -578 
computing eigenvalues for k = 1, took 142.286321 sec
traces of hecke eigenvalues of T_{p^2} are:
3 -20 -90 -182 
computing eigenvalues for k = 2, took 0.522454 sec
traces of hecke eigenvalues of T_{p^1} are:
78 155 355 687 1636 3811 4672 11022 12552 16679 22226 24321 29851 35940 46152 47080 56704 65885 68218 79924 90562 102058 122688 
computing eigenvalues for k = 1, took 141.927218 sec
traces of hecke eigenvalues of T_{p^2} are:
39 100 102 296 
computing eigenvalues for k = 2, took 0.530700 sec
