constructing eigenvector for poly
x+31
constructing eigenvector for poly
x-64
constructing eigenvector for poly
x-48
constructing eigenvector for poly
x-400
constructing eigenvector for poly
x-88
constructing eigenvector for poly
x-25
constructing eigenvector for poly
x^2+13*x+34
constructing eigenvector for poly
x^11-24*x^10-1834*x^9+36492*x^8+1237881*x^7-18543180*x^6-366660008*x^5+3799536512*x^4+44506945088*x^3-334654396160*x^2-1788894280192*x+10697146089472
constructing eigenvector for poly
x^2-64*x+1024
constructing eigenvector for poly
x^2-368*x+33856
constructing eigenvector for poly
x^2-584*x+85264
constructing eigenvector for poly
x^2-720*x+129600
constructing eigenvector for poly
x^2-80*x+1600
constructing eigenvector for poly
x^2-192*x+9216
constructing eigenvector for poly
x^2-552*x+76176
constructing eigenvector for poly
x^2-896*x+200704
constructing eigenvector for poly
x^6-396*x^5+64164*x^4-5445248*x^3+255377664*x^2-6279536640*x+63294509056
constructing eigenvector for poly
x^6-760*x^5+235984*x^4-38188032*x^3+3383629824*x^2-155056840704*x+2866438619136
constructing eigenvector for poly
x^6-1544*x^5+991216*x^4-338648832*x^3+64937033472*x^2-6626010728448*x+281060664938496
constructing eigenvector for poly
x^6-2468*x^5+2503172*x^4-1334196992*x^3+393768624896*x^2-60964055158784*x+3866579235966976
constructing eigenvector for poly
x^10-636*x^9+180300*x^8-29999712*x^7+3244257776*x^6-238270153792*x^5+12036573674304*x^4-413019617978880*x^3+9214411502003200*x^2-120715851931648000*x+705363475824640000
constructing eigenvector for poly
x^10-1412*x^9+889796*x^8-329439912*x^7+79330896768*x^6-12976809960544*x^5+1459543358598544*x^4-111385270518876096*x^3+5515985209489991232*x^2-159940549130482796544*x+2060399767572625637376
constructing eigenvector for poly
x^10-2704*x^9+3262080*x^8-2312680128*x^7+1067324776448*x^6-335141269806080*x^5+72530459703018496*x^4-10685509436217016320*x^3+1025868501684167147520*x^2-57970525580370254757888*x+1464554499031420991963136
constructing eigenvector for poly
x^10-4036*x^9+7304980*x^8-7807483944*x^7+5456367635328*x^6-2605152383825056*x^5+860510535037161872*x^4-194151407267141431488*x^3+28633496515617631040064*x^2-2492338665181891602677760*x+97220552923218269804953600
constructing eigenvector for poly
x-43
constructing eigenvector for poly
x^2-86*x+1849
constructing eigenvector for poly
x^2-212*x+11236
constructing eigenvector for poly
x^2-766*x+146689
constructing eigenvector for poly
x^2-508*x+64516
constructing eigenvector for poly
x^6-42*x^5+276*x^4+5992*x^3-28704*x^2-454272*x-1124864
constructing eigenvector for poly
x^6+90*x^5+2916*x^4+39960*x^3+209952*x^2+466560*x+373248
constructing eigenvector for poly
x^6-48*x^5+144*x^4+15872*x^3-29952*x^2-2076672*x-8998912
constructing eigenvector for poly
x^6-36*x^5+540*x^4-4320*x^3+19440*x^2-46656*x+46656
constructing eigenvector for poly
x+31
constructing eigenvector for poly
x+44
constructing eigenvector for poly
x^2+13*x+34
constructing eigenvector for poly
x^2-14*x-104
constructing eigenvector for poly
x+28
constructing eigenvector for poly
x+4
constructing eigenvector for poly
x^2+28*x+184
constructing eigenvector for poly
x-11
constructing eigenvector for poly
x-11
constructing eigenvector for poly
x-52
constructing eigenvector for poly
x-76
constructing eigenvector for poly
x-88
constructing eigenvector for poly
x+4
constructing eigenvector for poly
x+28
constructing eigenvector for poly
x+24
constructing eigenvector for poly
x-44
constructing eigenvector for poly
x^3-151*x^2+7202*x-105008
constructing eigenvector for poly
x^10+34*x^9-606*x^8-22168*x^7+118961*x^6+4086678*x^5-4798364*x^4-242136728*x^3+91727424*x^2+4415159424*x-4926962688
constructing eigenvector for poly
x-11
constructing eigenvector for poly
x-11
constructing eigenvector for poly
x+5
constructing eigenvector for poly
x-4
constructing eigenvector for poly
x^2+33*x+268
constructing eigenvector for poly
x^14+13*x^13-1978*x^12-38714*x^11+866965*x^10+24803097*x^9+32227188*x^8-2873061804*x^7-13296210000*x^6+109952824256*x^5+574408979456*x^4-1485363485696*x^3-6226253000704*x^2+2203853520896*x+366666055680
constructing eigenvector for poly
x-52
constructing eigenvector for poly
x-28
constructing eigenvector for poly
x+11
constructing eigenvector for poly
x+8
constructing eigenvector for poly
x+5
constructing eigenvector for poly
x^2+33*x+268
constructing eigenvector for poly
x^2-128*x+3892
constructing eigenvector for poly
x^2-32*x-140
constructing eigenvector for poly
x^3-169*x^2+9032*x-154640
constructing eigenvector for poly
x^3-72*x^2+1140*x-2608
constructing eigenvector for poly
x^4-216*x^3+16648*x^2-537504*x+5998288
constructing eigenvector for poly
x-4
constructing eigenvector for poly
x-4
constructing eigenvector for poly
x-9
constructing eigenvector for poly
x-13
constructing eigenvector for poly
x-4
constructing eigenvector for poly
x^2-111*x+2768
constructing eigenvector for poly
x^4+55*x^3+1007*x^2+7557*x+19868
constructing eigenvector for poly
x^2-152*x+5776
constructing eigenvector for poly
x^2-216*x+11664
constructing eigenvector for poly
x^2-720*x+129600
constructing eigenvector for poly
x^2-512*x+65536
constructing eigenvector for poly
x^2-116*x+3364
constructing eigenvector for poly
x^2-312*x+24336
constructing eigenvector for poly
x^2-660*x+108900
constructing eigenvector for poly
x^2-620*x+96100
constructing eigenvector for poly
x-13
constructing eigenvector for poly
x-16
constructing eigenvector for poly
x+12
constructing eigenvector for poly
x-9
constructing eigenvector for poly
x+40
constructing eigenvector for poly
x+25
constructing eigenvector for poly
x+17
constructing eigenvector for poly
x-45
constructing eigenvector for poly
x-39
constructing eigenvector for poly
x+17
constructing eigenvector for poly
x+25
constructing eigenvector for poly
x-60
constructing eigenvector for poly
x+38
constructing eigenvector for poly
x+12
constructing eigenvector for poly
x^2-116*x+3204
constructing eigenvector for poly
x^2-4*x-92
constructing eigenvector for poly
x^2-40*x+240
constructing eigenvector for poly
x^2-120*x+3240
constructing eigenvector for poly
x^2-97*x+2250
constructing eigenvector for poly
x^4-232*x^3+18872*x^2-623264*x+6910800
constructing eigenvector for poly
x^8-20*x^7-718*x^6+20568*x^5-143243*x^4-188716*x^3+4890416*x^2-8766912*x-20090880
constructing eigenvector for poly
x-61
constructing eigenvector for poly
x-84
constructing eigenvector for poly
x^4-6*x^3-227*x^2-412*x-124
constructing eigenvector for poly
x^5+9*x^4-233*x^3-517*x^2+6852*x+9040
constructing eigenvector for poly
x^4-224*x^3+18704*x^2-689920*x+9486400
constructing eigenvector for poly
x^4-440*x^3+68568*x^2-4436960*x+101687056
constructing eigenvector for poly
x^4-1552*x^3+902816*x^2-233296640*x+22596102400
constructing eigenvector for poly
x^4-1616*x^3+979184*x^2-263666560*x+26621185600
constructing eigenvector for poly
x^6-276*x^5+30644*x^4-1753984*x^3+54779392*x^2-888467200*x+5866334464
constructing eigenvector for poly
x^6-860*x^5+307204*x^4-58350272*x^3+6216174464*x^2-352208123904*x+8293109810176
constructing eigenvector for poly
x^6-1488*x^5+909296*x^4-292274816*x^3+52167790144*x^2-4907598202880*x+190293417017344
constructing eigenvector for poly
x^6-2108*x^5+1832212*x^4-840308672*x^3+214453053056*x^2-28874448301824*x+1602508502446336
constructing eigenvector for poly
x^3+28*x^2+176*x+64
constructing eigenvector for poly
x^4-6*x^3-227*x^2-412*x-124
constructing eigenvector for poly
x-3
constructing eigenvector for poly
x-1
constructing eigenvector for poly
x-41
constructing eigenvector for poly
x^2-112*x+2816
constructing eigenvector for poly
x^3-9*x^2-1096*x+16592
constructing eigenvector for poly
x^8-35*x^7-625*x^6+31407*x^5-111980*x^4-5606272*x^3+64896896*x^2-225233216*x+188345088
constructing eigenvector for poly
x^2-128*x+4096
constructing eigenvector for poly
x^2-152*x+5776
constructing eigenvector for poly
x^2-728*x+132496
constructing eigenvector for poly
x^2-808*x+163216
constructing eigenvector for poly
x^2-88*x+1936
constructing eigenvector for poly
x^2-292*x+21316
constructing eigenvector for poly
x^2-808*x+163216
constructing eigenvector for poly
x^2-708*x+125316
constructing eigenvector for poly
x^4-184*x^3+12152*x^2-339296*x+3400336
constructing eigenvector for poly
x^4-500*x^3+92900*x^2-7600000*x+231040000
constructing eigenvector for poly
x^4-1060*x^3+411524*x^2-69230720*x+4265657344
constructing eigenvector for poly
x^4-1240*x^3+574424*x^2-117814880*x+9027280144
constructing eigenvector for poly
x^4-340*x^3+43316*x^2-2450720*x+51955264
constructing eigenvector for poly
x^4-356*x^3+47492*x^2-2813824*x+62473216
constructing eigenvector for poly
x^4-1168*x^3+502880*x^2-94505216*x+6546751744
constructing eigenvector for poly
x^4-1852*x^3+1282100*x^2-393201824*x+45076385344
constructing eigenvector for poly
x^6+9*x^5-81*x^4-621*x^3+2916*x^2+11664*x-46656
constructing eigenvector for poly
x^6-60*x^5+684*x^4+12640*x^3-117648*x^2-1775040*x-5088448
constructing eigenvector for poly
x^6+507*x^5+100359*x^4+9787297*x^3+490956228*x^2+12133353648*x+117073700288
constructing eigenvector for poly
x^6-336*x^5+46836*x^4-3466624*x^3+143692848*x^2-3162641664*x+28877930432
constructing eigenvector for poly
x-1
constructing eigenvector for poly
x^2+3*x-36
constructing eigenvector for poly
x-27
constructing eigenvector for poly
x^2+8*x-16
constructing eigenvector for poly
x^4+13*x^3-316*x^2-4528*x-3776
constructing eigenvector for poly
x^11+82*x^10+1166*x^9-81524*x^8-3471267*x^7-45583982*x^6+13930012*x^5+5575697048*x^4+44061287040*x^3+37053359616*x^2-776831508480*x-2292286101504
constructing eigenvector for poly
x-64
constructing eigenvector for poly
x-6
constructing eigenvector for poly
x-52
constructing eigenvector for poly
x-27
constructing eigenvector for poly
x-63
constructing eigenvector for poly
x^2-48
constructing eigenvector for poly
x^2-28*x+140
constructing eigenvector for poly
x^4+13*x^3-316*x^2-4528*x-3776
computing eigenvectors took 151.716529 sec
For conductor 1, eigenvectors are:
24 24 0 24 0 -24 24 0 0 -8 -8 -8 -8 0 -8 -16 -16 -8 -30 16 0 0 0 0 8 4 8 4 -12 0 8 12 0 -6 -6 -4 10 -2 6 2 14 2 2 -6 -2 -2 1 -5 over Number field with defining polynomial x+31
-6 -6 -30 24 0 6 -6 -30 60 -18 -38 -8 -18 -40 -18 -26 14 42 -15 16 10 0 10 10 18 4 18 -26 -12 20 18 -38 10 -6 29 -4 -15 -12 -9 2 -6 12 -18 14 18 18 -4 -10 over Number field with defining polynomial x-64
-6 -6 12 12 0 12 -6 12 -12 -10 -4 -4 -10 8 -10 -4 12 4 9 -4 6 0 6 6 0 10 0 -4 4 2 0 -4 -6 -2 -3 -2 1 4 -1 0 4 6 2 -6 0 0 -2 -2 over Number field with defining polynomial x-48
-1 -1 -1 -1 -1 -1 -1 -1 -1 -1 -1 -1 -1 -1 -1 -1 -1 -1 -1 -1 -1 -1 -1 -1 -1 -1 -1 -1 -1 -1 -1 -1 -1 -1 -1 -1 -1 -1 -1 -1 -1 -1 -1 -1 -1 -1 -1 -1 over Number field with defining polynomial x-400
18 18 -24 -12 0 24 18 -24 -36 14 -16 4 14 24 14 0 -8 24 3 0 -10 0 -10 -10 4 26 4 0 8 2 4 -16 -2 -2 -5 2 11 -12 -7 4 -4 -6 6 2 4 4 2 -6 over Number field with defining polynomial x-88
90 -36 42 48 0 -6 -36 -21 0 40 -2 -16 -44 0 -2 -18 -4 12 24 -3 -14 0 28 -14 -19 1 2 -6 -17 7 2 10 14 2 2 13 -8 3 -2 -10 7 -24 18 -5 17 -4 -5 -3 over Number field with defining polynomial x-25
-12*a-60 -12*a-60 0 -12*a-60 0 24*a+48 -12*a-60 0 0 4*a+20 24 4*a+20 4*a+20 0 4*a+20 8*a+40 12*a+36 4*a+20 -12*a-42 8*a+40 0 0 0 0 -4*a-20 -4*a-8 -4*a-20 -12 -12*a-48 20*a+76 -4*a-20 -8*a-28 a-1 4*a+14 -6*a-24 2*a+10 4*a+14 2*a+4 6*a+24 -2*a-4 6 -2*a-4 -a-5 -6*a-24 6 6 -3 -a-8 over Number field with defining polynomial x^2+13*x+34
a vector of length 48 over Number field with defining polynomial a number field of degree 11
0 0 -12 12 12 0 0 -12 6 -8 4 16 -8 0 -8 8 0 8 6 2 0 -6 0 0 2 -6 2 2 4 2 2 -2 -2 -2 -3 5 1 -1 0 3 4 -3 0 2 -4 -4 -1 0 over Number field with defining polynomial x-360
-24 -192 60 156 -780 -156 -96 48 156 -96 -156 156 -192 156 -24 60 84 84 -78 -24 -96 156 -192 -24 48 0 -156 84 -24 0 60 84 60 60 -78 48 -78 -24 -78 60 0 60 60 0 -24 84 -24 0 over Number field with defining polynomial x-448
-186*a^2 + 150096*a - 29453568 234*a^2 - 158184*a + 23881248 -472*a^2 + 368160*a - 72131360 -188*a^2 + 152712*a - 29894272 416*a^2 - 334080*a + 62995648 232*a^2 - 155568*a + 23440544 72*a^2 - 80976*a + 23360160 -488*a^2 + 378552*a - 72056176 120*a^2 - 94920*a + 16577040 -216*a^2 + 164800*a - 29196544 168*a^2 - 129648*a + 23993664 -168*a^2 + 134176*a - 25552288 -66*a^2 + 44056*a - 7716736 168*a^2 - 171360*a + 40246752 102*a^2 - 65288*a + 10201280 -32*a^2 + 20912*a - 4114272 132*a^2 - 96928*a + 17137408 36*a^2 - 65616*a + 21405408 40*a^2 - 5628*a - 3656032 234*a^2 - 163928*a + 26067104 -100*a^2 + 76992*a - 12782384 142*a^2 - 107724*a + 21118544 50*a^2 - 43752*a + 8697424 -76*a^2 + 55716*a - 9010976 -116*a^2 + 95888*a - 19148928 116*a^2 - 73376*a + 10868304 16*a^2 - 20608*a + 5094960 -100*a^2 + 71120*a - 12252592 66*a^2 - 52192*a + 9025840 -52*a^2 + 45928*a - 9611280 68*a^2 - 56632*a + 10719008 152*a^2 - 115464*a + 21479392 168*a^2 - 117480*a + 19227120 -42*a^2 + 31680*a - 6159504 -166*a^2 + 116280*a - 18111464 -82*a^2 + 63596*a - 11594008 -134*a^2 + 118516*a - 24838952 192*a^2 - 145484*a + 25891832 -48*a^2 + 24336*a - 316752 -60*a^2 + 46080*a - 9120936 -60*a^2 + 47276*a - 8682560 74*a^2 - 52344*a + 8535496 -5744*a+2185856 14432*a-5545856 -34*a^2 + 25352*a - 5807440 -6424*a+2580688 -6940*a+1747480 -764*a+905072 over Number field with defining polynomial x^3-1234*x^2+490208*x-62181824
-13*a^4 + 19636*a^3 - 10712480*a^2 + 2468269520*a - 197351903328 33*a^4 - 53412*a^3 + 32183688*a^2 - 8563206912*a + 849843041232 30*a^4 - 48156*a^3 + 28755618*a^2 - 7568489460*a + 740749394016 13*a^4 - 17244*a^3 + 8158560*a^2 - 1605944896*a + 107884536720 -198*a^4 + 312424*a^3 - 183424800*a^2 + 47483637816*a - 4572641943088 60*a^4 - 92742*a^3 + 53337786*a^2 - 13524863100*a + 1275881007888 -32*a^4 + 49992*a^3 - 29021996*a^2 + 7414537392*a - 702684720368 -11*a^4 + 16098*a^3 - 8630950*a^2 + 2002305820*a - 168869433064 -6*a^4 + 5328*a^3 - 367444*a^2 - 715254736*a + 156923549264 -16*a^4 + 24108*a^3 - 13468300*a^2 + 3301674576*a - 298944425536 62*a^4 - 95902*a^3 + 55185998*a^2 - 13995718804*a + 1319437986832 23*a^4 - 33928*a^3 + 18514368*a^2 - 4436632512*a + 394943949584 23*a^4 - 37620*a^3 + 22944208*a^2 - 6190911856*a + 624229122304 -10*a^4 + 11244*a^3 - 3568664*a^2 + 27483000*a + 95933002128 13*a^4 - 22576*a^3 + 14725936*a^2 - 4266427248*a + 462430052864 28*a^4 - 44860*a^3 + 26734822*a^2 - 7023429532*a + 686282875536 -8*a^4 + 14086*a^3 - 9293824*a^2 + 2718077744*a - 296584307136 -8*a^4 + 13414*a^3 - 8476000*a^2 + 2394334624*a - 255247025168 1270*a^3 - 1541548*a^2 + 621922040*a - 83615183144 154*a^3 - 222644*a^2 + 103059648*a - 15466477304 -8*a^4 + 10762*a^3 - 5196248*a^2 + 1046269496*a - 70950867368 33*a^4 - 51000*a^3 + 29216888*a^2 - 7351204672*a + 684981844112 31*a^4 - 50966*a^3 + 31216260*a^2 - 8446316936*a + 852222680472 3*a^4 - 6920*a^3 + 5659040*a^2 - 1968336416*a + 247725673472 -13*a^4 + 20286*a^3 - 11768074*a^2 + 3005758308*a - 284781445480 -10*a^4 + 14874*a^3 - 8140034*a^2 + 1931738308*a - 166256733280 68*a^4 - 105622*a^3 + 61040406*a^2 - 15547003628*a + 1471684477360 2*a^4 - 2750*a^3 + 1223288*a^2 - 167243368*a - 3753220864 10*a^4 - 15502*a^3 + 8844252*a^2 - 2195031184*a + 199237902088 8*a^4 - 13950*a^3 + 8963370*a^2 - 2517330772*a + 260932328528 26*a^4 - 40930*a^3 + 23994570*a^2 - 6210042284*a + 598992461080 -6*a^4 + 10900*a^3 - 7371372*a^2 + 2197428704*a - 243290125848 -10*a^4 + 15572*a^3 - 8951520*a^2 + 2251449480*a - 209172971488 -26*a^4 + 42128*a^3 - 25323040*a^2 + 6688055416*a - 654250548288 -2*a^4 + 4430*a^3 - 3389760*a^2 + 1092777744*a - 127172162088 -13*a^4 + 19840*a^3 - 11209910*a^2 + 2776562028*a - 254058698512 1270*a^3 - 1541548*a^2 + 621922040*a - 83615183144 -8*a^4 + 13500*a^3 - 8494696*a^2 + 2358464728*a - 243460035472 1538*a^3 - 1864168*a^2 + 746691488*a - 98829054360 -18*a^4 + 28850*a^3 - 17137280*a^2 + 4469752448*a - 431711759888 -1490*a^3 + 1744674*a^2 - 674593188*a + 86114403680 -10*a^4 + 16086*a^3 - 9595976*a^2 + 2517747872*a - 245350488224 -84*a^3 + 115376*a^2 - 46641352*a + 5531407904 -1558*a^3 + 1830966*a^2 - 711695300*a + 91569173448 668*a^3 - 867100*a^2 + 369358040*a - 51643994040 1180*a^3 - 1516964*a^2 + 646143880*a - 91043635320 222*a^3 - 308936*a^2 + 140161760*a - 20921247072 -1118*a^3 + 1335774*a^2 - 528224084*a + 69116287096 over Number field with defining polynomial x^5-2018*x^4+1616328*x^3-641992068*x^2+126385722648*x-9860048322560
-23616 -23616 -21648 -1968 0 -31488 -23616 -21648 -32472 -6560 -2624 656 -6560 21648 -6560 -5904 4592 -13776 -3936 -5904 7216 0 7216 7216 6560 -16400 6560 -5904 -10496 -8528 6560 -2624 2624 8528 -5248 328 12136 984 -5576 -8200 -656 -984 -1968 9184 6560 6560 328 1968 over Number field with defining polynomial x-43
-1312 -984 -1968 2132 -1640 2460 2788 -164 -328 1558 2050 492 -574 1312 -1312 -1558 -1804 -164 -369 328 1763 492 -369 -902 1476 -410 615 41 -82 820 -2583 451 164 -246 41 861 -369 123 -1189 -41 -615 779 -246 -615 943 -984 328 0 over Number field with defining polynomial x-254
9 -15 6 0 0 0 6 -3 0 -2 0 0 1 0 1 -2 -2 -2 0 4 2 0 -3 1 -3 0 0 2 4 0 2 -2 -1 1 0 1 0 0 0 -3 0 1 -1 0 0 0 0 0 over Number field with defining polynomial x-6
For conductor 2, eigenvectors are:
0 -2 -2 2 -1 1 over Number field with defining polynomial x+31
-1 1 -1 0 0 0 over Number field with defining polynomial x+44
a-1 2*a+4 a+5 -6 3 3*a+18 over Number field with defining polynomial x^2+13*x+34
a-4 0 -a+4 12 a+8 0 over Number field with defining polynomial x^2-14*x-104
For conductor 3, eigenvectors are:
1 -1 1 -2 0 -1 over Number field with defining polynomial x+28
4 14 4 -11 3 8 over Number field with defining polynomial x+4
-a-20 a+14 6 0 a+14 -a-14 over Number field with defining polynomial x^2+28*x+184
2 -2 2 2 3 1 over Number field with defining polynomial x-11
-2 -2 -2 -2 1 1 over Number field with defining polynomial x-11
For conductor 6, eigenvectors are:
4 2 0 2 0 0 -1 -2 0 0 0 -1 -2 1 0 -1 0 0 0 0 0 0 over Number field with defining polynomial x-52
0 -6 0 -2 -8 8 3 -2 0 0 -2 -1 0 -1 -4 -1 -2 -4 2 -4 -2 -2 over Number field with defining polynomial x-76
-12 6 0 -2 4 -4 -3 -2 0 0 -2 -1 0 -1 2 -1 -2 2 -4 -4 -2 -2 over Number field with defining polynomial x-88
0 12 0 4 0 4 6 4 -2 -2 0 -2 0 -2 6 -2 0 -4 0 -1 3 -2 over Number field with defining polynomial x+4
0 -6 0 -2 6 -2 -3 -2 -2 -2 0 1 0 1 0 1 0 -4 0 2 0 -2 over Number field with defining polynomial x+28
0 6 0 2 2 2 0 2 -2 -2 1 0 0 0 -2 0 1 0 -1 0 -1 0 over Number field with defining polynomial x+24
0 18 0 6 0 -16 3 6 8 8 -2 -1 0 -1 -4 -1 -2 -4 2 4 -2 -2 over Number field with defining polynomial x-44
72*a^2 - 7224*a + 171480 -6*a^2 + 618*a - 18492 -6*a^2 + 396*a - 2208 -6*a^2 + 546*a - 9708 12*a^2 - 1080*a + 23352 12*a^2 - 936*a + 16584 -3*a^2 + 249*a - 4626 6*a^2 - 582*a + 14100 -108*a+7776 12*a^2 - 900*a + 12192 -6*a^2 + 486*a - 7788 3*a^2 - 237*a + 3162 6*a^2 - 564*a + 11904 -3*a^2 + 327*a - 8742 -90*a+5580 -3*a^2 + 159*a + 954 90*a-5580 6*a^2 - 486*a + 7788 -6*a^2 + 576*a - 13368 72*a-3384 90*a-5580 -6*a^2 + 486*a - 7788 over Number field with defining polynomial x^3-151*x^2+7202*x-105008
a vector of length 22 over Number field with defining polynomial a number field of degree 10
0 120 0 40 -240 40 -210 40 100 100 90 70 0 70 30 70 90 -70 -90 -70 15 -35 over Number field with defining polynomial x-11
0 120 0 40 0 40 -90 40 -20 -20 -50 30 0 30 10 30 -50 10 50 -10 5 5 over Number field with defining polynomial x-11
For conductor 5, eigenvectors are:
0 2 -1 -1 over Number field with defining polynomial x+5
1 1 1 0 over Number field with defining polynomial x-4
a+13 -a-15 1 -a-16 over Number field with defining polynomial x^2+33*x+268
For conductor 10, eigenvectors are:
a vector of length 37 over Number field with defining polynomial a number field of degree 14
6 -6 -12 0 12 -12 0 -4 0 2 2 4 3 -4 0 2 2 -4 10 4 4 -6 4 2 -1 4 1 0 1 -4 2 0 -2 2 0 2 -4 over Number field with defining polynomial x-52
3 -3 39 9 15 39 0 -5 3 1 1 -13 6 1 -3 1 1 13 17 5 5 -3 -13 -2 -2 -13 2 -3 2 -2 7 -6 -4 7 -3 1 -5 over Number field with defining polynomial x-28
6 12 6 0 -6 -3 0 2 0 -4 2 -2 -6 5 0 -4 2 -1 1 -2 1 -3 -2 2 2 1 -2 -3 -2 -4 -1 0 -2 -1 -3 -1 -1 over Number field with defining polynomial x+11
-6 -12 12 -18 -12 -6 0 4 -6 4 -2 -4 -3 -2 6 4 -2 -2 2 -4 2 -6 -4 -5 1 2 -1 0 -1 4 -2 -6 -1 -2 0 1 -2 over Number field with defining polynomial x+8
-24 24 0 -24 24 0 0 -8 -8 -8 -8 0 18 8 8 -8 -8 0 -4 8 4 -8 0 0 -6 0 6 -6 6 2 -6 2 2 -6 -6 -1 -1 over Number field with defining polynomial x+5
-6*a-102 6*a+102 0 12*a+180 -24 0 0 8 4*a+60 -2*a-34 -2*a-34 0 6 -2*a-34 -4*a-60 -2*a-34 -2*a-34 0 4 -8 -2*a-30 -4*a-60 0 -a-13 -2 0 2 2*a+32 2 -2 -2*a-28 -2*a-28 -a-15 -2*a-28 2*a+32 1 -a-16 over Number field with defining polynomial x^2+33*x+268
-36 36 3*a-174 -6*a+312 3*a-138 3*a-174 0 -a+46 -2*a+104 -12 -12 -a+58 -3*a+138 -2*a+128 2*a-104 -12 -12 a-58 a-22 a-46 -2*a+80 -3*a+162 -a+58 2*a-116 a-46 -a+58 -a+46 2*a-104 -a+46 24 -a+70 4*a-208 2*a-92 -a+70 2*a-104 -12 -a+46 over Number field with defining polynomial x^2-128*x+3892
36 -6*a+204 -6*a+240 6*a-204 -6*a+204 3*a-120 0 2*a-68 2*a-68 2*a-68 12 2*a-80 18 2*a-62 -2*a+68 2*a-68 12 a-40 a-34 -2*a+68 2*a-86 -3*a+102 2*a-80 0 -6 -a+40 6 -2*a+74 6 2*a-68 -a+34 2*a-68 2*a-68 -a+34 -2*a+74 -6 -a+34 over Number field with defining polynomial x^2-32*x-140
56*a^2 - 6616*a + 188960 -136*a^2 + 18152*a - 559840 -64*a^2 + 6560*a - 165760 64*a^2 - 8096*a + 242560 -1920*a+92160 -80*a^2 + 8752*a - 234560 -16*a^2 + 2144*a - 65920 -640*a+30720 -32*a^2 + 4608*a - 148480 -88*a^2 + 11832*a - 366240 -8*a^2 + 296*a + 4640 -64*a^2 + 7968*a - 234880 76*a^2 - 9500*a + 281680 -80*a^2 + 10672*a - 329280 16*a^2 - 1744*a + 47040 -24*a^2 + 3160*a - 96800 -24*a^2 + 3160*a - 96800 16*a^2 - 1488*a + 34240 -72*a^2 + 6856*a - 163680 640*a-30720 32*a^2 - 4320*a + 133760 -72*a^2 + 8136*a - 225120 -704*a+34560 8*a^2 - 1448*a + 51680 36*a^2 - 4596*a + 137840 -32*a^2 + 3632*a - 100160 -20*a^2 + 2452*a - 71920 -24*a^2 + 2728*a - 76000 -20*a^2 + 2452*a - 71920 -16*a^2 + 1728*a - 46080 80*a^2 - 9584*a + 276800 -24*a^2 + 3176*a - 97760 40*a^2 - 4904*a + 143840 -8*a^2 + 2088*a - 82400 448*a-21760 -56*a^2 + 7496*a - 231520 -640*a+30720 over Number field with defining polynomial x^3-169*x^2+9032*x-154640
-48*a^2 + 1536*a - 10560 -24*a^2 + 768*a - 5280 12*a^2 + 336*a - 9744 12*a^2 - 1104*a + 15024 48*a^2 - 2400*a + 29568 -6*a^2 - 168*a + 4872 432*a-9504 32*a^2 - 1024*a + 7040 28*a^2 - 1712*a + 22960 8*a^2 - 544*a + 8096 8*a^2 + 32*a - 4576 44*a^2 - 2224*a + 26480 -30*a^2 + 1752*a - 22296 -6*a^2 + 456*a - 6552 20*a^2 - 1408*a + 18992 -16*a^2 + 656*a - 6688 20*a^2 - 784*a + 7568 -2*a^2 - 200*a + 4792 -8*a^2 + 400*a - 4928 -8*a^2 + 688*a - 11264 6*a^2 - 312*a + 3384 -8*a^2 + 880*a - 13184 -16*a^2 + 1280*a - 18112 -2*a^2 - 56*a + 1624 -8*a^2 + 568*a - 7472 -4*a^2 - 184*a + 4832 2*a^2 - 16*a - 40 -72*a+1584 20*a^2 - 1168*a + 14864 -312*a+5712 10*a^2 - 728*a + 10600 2*a^2 - 256*a + 4088 -2*a^2 + 568*a - 9800 -2*a^2 + 88*a - 1544 144*a-3168 -6*a^2 + 384*a - 4968 -240*a+4128 over Number field with defining polynomial x^3-72*x^2+1140*x-2608
6*a^3 - 876*a^2 + 39912*a - 549456 -8*a^3 + 1292*a^2 - 63424*a + 905296 4*a^3 - 604*a^2 + 27200*a - 358832 -12*a^3 + 1956*a^2 - 96528*a + 1370928 84*a^2 - 6960*a + 123024 10*a^3 - 1570*a^2 + 74936*a - 1036184 -4*a^3 + 664*a^2 - 33104*a + 465632 28*a^2 - 2320*a + 41008 28*a^2 - 3008*a + 62544 28*a^2 - 1632*a + 19472 2*a^3 - 388*a^2 + 21880*a - 336368 4*a^3 - 604*a^2 + 28576*a - 401904 a^3 - 124*a^2 + 4796*a - 54896 a^3 - 152*a^2 + 7116*a - 95904 -6*a^3 + 992*a^2 - 49768*a + 716736 -4*a^3 + 632*a^2 - 30896*a + 442912 -4*a^3 + 632*a^2 - 30896*a + 442912 -6*a^3 + 966*a^2 - 47048*a + 655816 -3*a^3 + 510*a^2 - 25700*a + 368104 -28*a^2 + 2320*a - 41008 5*a^3 - 812*a^2 + 39644*a - 558288 -3*a^3 + 454*a^2 - 21060*a + 286088 -688*a+21536 -4*a^3 + 604*a^2 - 27888*a + 380368 3*a^3 - 484*a^2 + 23668*a - 328720 2*a^3 - 302*a^2 + 13944*a - 190184 a^3 - 180*a^2 + 9436*a - 136912 3*a^3 - 508*a^2 + 25412*a - 366480 a^3 - 180*a^2 + 9436*a - 136912 -a^3 + 122*a^2 - 4508*a + 53272 -a^3 + 150*a^2 - 6828*a + 94280 3*a^3 - 482*a^2 + 23380*a - 327096 -2*a^3 + 360*a^2 - 18872*a + 273824 4*a^3 - 632*a^2 + 30208*a - 421376 26*a^2 - 2032*a + 39384 -2*a^3 + 330*a^2 - 16264*a + 231192 28*a^2 - 2320*a + 41008 over Number field with defining polynomial x^4-216*x^3+16648*x^2-537504*x+5998288
-12 -12 0 0 0 0 0 0 0 4 -4 0 0 4 0 4 -4 0 0 0 -4 0 0 2 0 0 0 0 0 -4 0 0 -2 0 0 -2 0 over Number field with defining polynomial x-4
-108 -36 192 120 48 -96 0 -16 40 12 -36 -64 -12 -20 -40 12 -36 -32 -8 16 52 24 -64 14 4 32 -4 -16 -4 12 8 40 26 8 -16 18 8 over Number field with defining polynomial x-4
For conductor 15, eigenvectors are:
0 0 6 -2 4 2 -2 -2 6 -2 2 -1 5 over Number field with defining polynomial x-9
0 0 6 -2 4 2 2 -2 2 6 -2 1 -3 over Number field with defining polynomial x-13
0 0 0 1 1 0 1 1 1 -1 2 0 -1 over Number field with defining polynomial x-4
-12*a+588 8*a-392 3*a-93 -a+31 -2*a+134 -3*a+165 72 3*a-165 2*a-134 2*a-206 -72 -2*a+134 0 over Number field with defining polynomial x^2-111*x+2768
0 0 -3*a^3 - 90*a^2 - 891*a - 2892 -a^3 - 44*a^2 - 545*a - 1982 a^3 + 20*a^2 + 109*a + 130 -a^3 - 30*a^2 - 297*a - 964 a^3 + 32*a^2 + 313*a + 882 -a^3 - 44*a^2 - 545*a - 1982 2*a^2 + 56*a + 366 -6*a^2 - 116*a - 550 8*a^2 + 132*a + 468 -a^3 - 34*a^2 - 357*a - 1148 -6*a^2 - 116*a - 550 over Number field with defining polynomial x^4+55*x^3+1007*x^2+7557*x+19868
-4 -4 -1 -1 0 1 0 1 0 0 0 0 0 over Number field with defining polynomial x-256
-2 -2 1 1 0 -1 0 -1 0 0 0 0 0 over Number field with defining polynomial x-310
For conductor 30, eigenvectors are:
2 2 -1 -1 over Number field with defining polynomial x-13
1 1 1 1 over Number field with defining polynomial x-16
-1 1 1 -1 over Number field with defining polynomial x+12
-2 2 -1 1 over Number field with defining polynomial x-9
For conductor 13, eigenvectors are:
-1 -1 0 over Number field with defining polynomial x+40
-2 1 3 over Number field with defining polynomial x+25
-2 1 -1 over Number field with defining polynomial x+17
For conductor 26, eigenvectors are:
-10 -8 2 1 0 6 -2 8 1 2 -7 -3 4 -1 1 4 2 6 -3 4 1 6 0 1 -2 3 1 -1 -1 over Number field with defining polynomial x-45
42 0 -6 -21 0 -2 -14 -6 -5 0 -7 1 2 -17 3 14 10 2 7 -2 11 2 -10 1 10 -1 -11 3 -1 over Number field with defining polynomial x-39
0 0 24 0 0 8 0 -18 -8 0 0 -4 -8 12 16 0 2 6 0 -6 -2 6 -2 10 2 -10 2 -5 -3 over Number field with defining polynomial x+17
0 0 -24 0 0 -8 0 -6 -8 0 0 4 8 4 0 0 -2 2 0 -2 2 2 2 -2 -2 2 -2 -3 -1 over Number field with defining polynomial x+25
-12 0 12 -12 0 4 4 3 -2 0 -4 10 -4 -2 6 -4 -2 -1 4 1 2 -1 2 -2 -2 2 -2 0 -4 over Number field with defining polynomial x-60
0 0 12 0 -18 -8 -12 0 2 12 -6 -2 2 0 2 -6 -2 -3 -3 -3 5 0 -1 -4 1 -2 4 -1 0 over Number field with defining polynomial x+38
0 0 0 0 0 0 0 3 -2 0 0 0 0 2 0 0 1 -1 0 1 0 -1 -1 0 1 0 0 -1 0 over Number field with defining polynomial x+12
3*a-114 0 12 3*a-114 0 4 -a+38 3*a-138 -2*a+92 0 a-38 -2*a+104 -4 -2*a+92 2*a-88 a-38 -2*a+92 -a+46 -a+38 a-46 2*a-92 -a+46 2*a-92 2*a-96 -2*a+92 -2*a+96 -2*a+92 0 -4 over Number field with defining polynomial x^2-116*x+3204
30*a-60 0 -240 -15*a+30 0 -80 -10*a+20 3*a+42 3*a+82 0 -5*a+10 40 80 7*a-22 120 10*a-20 -4*a+24 -a-14 5*a-10 a+14 -5*a-30 -a-14 4*a-24 40 -4*a+24 -40 5*a+30 -a+26 -40 over Number field with defining polynomial x^2-4*x-92
24*a-960 0 -48*a+960 -12*a+480 -12*a+720 32*a-640 -16*a+320 24*a-480 12*a-160 4*a 16*a-560 8*a-160 -8*a+160 8*a+80 -8*a+480 -20*a+640 -4*a+80 -2*a+40 2*a-40 -6*a-40 2*a+40 20*a-560 10*a-200 4*a-160 14*a-280 -4*a+160 -8*a+80 -2*a+120 160 over Number field with defining polynomial x^2-40*x+240
-8*a+600 20*a-1536 4*a-336 -10*a+732 0 4*a-288 -24 a-84 12 4*a-336 6*a-444 -2*a+144 4*a-312 -4*a+348 2*a-168 4*a-312 2*a-156 -a+72 -2*a+144 -3*a+228 -2*a+192 -a+72 2*a-180 12 -24 2*a-144 12 -2*a+168 -12 over Number field with defining polynomial x^2-120*x+3240
-1208*a+72060 -3500*a+169020 -700*a+24540 -1372*a+77280 -238*a+15060 -700*a+39980 -400*a+24500 -118*a+7710 -76*a+1760 4*a+720 568*a-29000 -316*a+4880 -700*a+32260 -80*a+1040 316*a-12600 404*a-23780 56*a-1500 -174*a+9210 -402*a+24140 8*a-4350 -262*a+14600 64*a-5850 78*a-1400 -260*a+11100 22*a+100 56*a+2360 -184*a+13200 -2*a-360 -3860 over Number field with defining polynomial x^2-97*x+2250
3*a^3 - 666*a^2 + 46836*a - 1015512 -10*a^3 + 1980*a^2 - 124040*a + 2382000 6*a^3 - 1248*a^2 + 83232*a - 1747536 a^3 - 222*a^2 + 15452*a - 323544 -2*a^3 + 468*a^2 - 34744*a + 802416 6*a^3 - 1168*a^2 + 73152*a - 1456976 a^3 - 206*a^2 + 13052*a - 234952 -2*a^3 + 384*a^2 - 23824*a + 474048 a^3 - 188*a^2 + 10772*a - 167776 24*a^2 - 3840*a + 155328 a^3 - 214*a^2 + 14492*a - 301688 -a^3 + 208*a^2 - 14492*a + 339056 6*a^3 - 1208*a^2 + 78192*a - 1602256 a^3 - 212*a^2 + 14612*a - 323104 a^3 - 248*a^2 + 19532*a - 484336 -a^3 + 230*a^2 - 16892*a + 390280 -44*a^2 + 5520*a - 156208 -2*a^3 + 428*a^2 - 29344*a + 630256 a^3 - 218*a^2 + 14972*a - 312616 4*a^2 - 120*a - 15952 -a^3 + 212*a^2 - 14612*a + 323104 -40*a^2 + 5400*a - 172160 -a^3 + 200*a^2 - 12692*a + 245440 -a^3 + 204*a^2 - 14012*a + 328128 -a^3 + 244*a^2 - 18212*a + 401648 -24*a^2 + 3000*a - 83568 -2*a^3 + 412*a^2 - 27304*a + 568544 -12*a^2 + 1920*a - 77664 -20*a^2 + 2520*a - 72640 over Number field with defining polynomial x^4-232*x^3+18872*x^2-623264*x+6910800
6*a^7 - 732*a^6 + 10200*a^5 + 20916*a^4 - 771054*a^3 - 736104*a^2 + 41247360*a - 128666880 0 -240*a^6 + 8088*a^5 - 65040*a^4 - 735432*a^3 + 15792528*a^2 - 96737472*a + 204007680 -3*a^7 + 366*a^6 - 5100*a^5 - 10458*a^4 + 385527*a^3 + 368052*a^2 - 20623680*a + 64333440 54*a^7 - 1500*a^6 - 11472*a^5 + 686052*a^4 - 7191654*a^3 + 23248344*a^2 + 34875360*a - 238930560 160*a^6 - 5392*a^5 + 43360*a^4 + 490288*a^3 - 10528352*a^2 + 64491648*a - 136005120 -30*a^7 + 884*a^6 - 5480*a^5 - 90700*a^4 + 1482534*a^3 - 6424584*a^2 - 2433408*a + 53856000 -9*a^7 + 132*a^6 + 7194*a^5 - 194268*a^4 + 1491807*a^3 - 16008*a^2 - 44970480*a + 141246720 -3*a^7 - 74*a^6 + 7692*a^5 - 146426*a^4 + 905791*a^3 + 1633100*a^2 - 37603008*a + 105949440 14*a^7 - 152*a^6 - 16984*a^5 + 425864*a^4 - 3283310*a^3 + 2112632*a^2 + 76538400*a - 243780480 3*a^7 + 90*a^6 - 3764*a^5 + 19882*a^4 + 262265*a^3 - 2338876*a^2 + 382656*a + 24376320 40*a^6 - 1348*a^5 + 10840*a^4 + 122572*a^3 - 2632088*a^2 + 16122912*a - 34001280 -40*a^6 + 1348*a^5 - 10840*a^4 - 122572*a^3 + 2632088*a^2 - 16122912*a + 34001280 -3*a^7 + 44*a^6 - 2602*a^5 + 77816*a^4 - 871091*a^3 + 3728540*a^2 - 1618848*a - 18391680 -16*a^6 + 4132*a^5 - 123072*a^4 + 1388228*a^3 - 6319304*a^2 + 5176704*a + 25153920 -18*a^7 + 808*a^6 - 7840*a^5 - 55808*a^4 + 1126794*a^3 - 2844240*a^2 - 21840384*a + 91261440 6*a^7 - 212*a^6 - 3308*a^5 + 158064*a^4 - 1622794*a^3 + 4233860*a^2 + 18611664*a - 85023360 -a^7 - 161*a^6 + 8019*a^5 - 144699*a^4 + 1206794*a^3 - 3905880*a^2 - 3501360*a + 34338240 228*a^6 - 4432*a^5 + 4712*a^4 + 323896*a^3 - 985412*a^2 - 10120512*a + 44354880 8*a^7 - 104*a^6 - 5828*a^5 + 141196*a^4 - 927660*a^3 - 1220108*a^2 + 33608928*a - 92698560 -3*a^7 + 171*a^6 - 2569*a^5 + 1437*a^4 + 198824*a^3 - 658316*a^2 - 6007296*a + 28163520 189*a^6 - 6653*a^5 + 91627*a^4 - 642647*a^3 + 2669764*a^2 - 7860192*a + 14209920 -31*a^6 - 2593*a^5 + 97407*a^4 - 1112747*a^3 + 4529764*a^2 + 852336*a - 32880960 -34*a^6 + 886*a^5 + 2662*a^4 - 186046*a^3 + 959556*a^2 + 3238128*a - 23103360 -6*a^7 + 181*a^6 + 715*a^5 - 60657*a^4 + 510047*a^3 + 295904*a^2 - 17759328*a + 52142400 -62*a^6 + 3626*a^5 - 64294*a^4 + 446782*a^3 - 884052*a^2 - 2234976*a + 6474240 186*a^6 - 5114*a^5 + 35742*a^4 + 181474*a^3 - 3339136*a^2 + 13603632*a - 15615360 59*a^6 - 5147*a^5 + 112121*a^4 - 888441*a^3 + 1047720*a^2 + 17992080*a - 62170560 12*a^6 + 1392*a^5 - 56116*a^4 + 755400*a^3 - 4475696*a^2 + 10649808*a - 4423680 over Number field with defining polynomial x^8-20*x^7-718*x^6+20568*x^5-143243*x^4-188716*x^3+4890416*x^2-8766912*x-20090880
For conductor 39, eigenvectors are:
-30 0 177 10 -118 42 0 10 28 -10 -22 -23 -45 -5 -37 -5 -20 -15 18 -23 -38 over Number field with defining polynomial x-61
-12 0 -12 4 8 3 0 4 2 -4 5 0 5 -2 -1 -2 -8 -6 -2 0 -6 over Number field with defining polynomial x-84
36*a^3 + 96*a^2 - 444*a - 1224 0 0 -12*a^3 - 32*a^2 + 148*a + 408 0 6*a^3 - 180*a^2 + 594*a + 1500 0 -12*a^3 - 32*a^2 + 148*a + 408 -104*a^2 - 496*a - 552 -2*a^3 + 52*a^2 + 674*a + 812 6*a^3 + 44*a^2 - 158*a - 20 -4*a^3 - 104*a^2 + 356*a + 520 2*a^3 - 60*a^2 + 198*a + 500 -8*a^3 + 36*a^2 + 748*a + 1016 -6*a^3 - 44*a^2 + 158*a + 20 -8*a^3 + 36*a^2 + 748*a + 1016 -180*a^2 - 1076*a - 920 4*a^3 + 68*a^2 + 600*a + 608 -2*a^3 - 52*a^2 + 178*a + 260 -10*a^2 - 394*a - 748 14*a^2 - 42*a + 92 over Number field with defining polynomial x^4-6*x^3-227*x^2-412*x-124
-12*a^4 - 12*a^3 + 1836*a^2 - 5076*a - 27456 0 0 4*a^4 + 4*a^3 - 612*a^2 + 1692*a + 9152 0 18*a^3 - 552*a^2 + 1734*a + 6936 0 -8*a^4 + 1264*a^2 - 2488*a - 19632 2*a^4 - 30*a^3 - 162*a^2 + 1974*a - 3464 2*a^4 - 18*a^3 - 290*a^2 + 218*a + 10728 -28*a^3 + 284*a^2 + 120*a - 3920 -18*a^3 + 552*a^2 - 1734*a - 6936 6*a^3 - 184*a^2 + 578*a + 2312 2*a^4 - 2*a^3 - 446*a^2 + 1854*a + 456 28*a^3 - 284*a^2 - 120*a + 3920 -2*a^4 - 18*a^3 + 342*a^2 - 1026*a + 912 6*a^3 - 64*a^2 - 878*a + 7096 4*a^3 + 20*a^2 + 448*a - 664 -2*a^4 - 26*a^3 + 490*a^2 + 1178*a - 13944 -16*a^3 - 84*a^2 + 1276*a + 704 -6*a^3 + 64*a^2 + 878*a - 7096 over Number field with defining polynomial x^5+9*x^4-233*x^3-517*x^2+6852*x+9040
8 4*a-1632 16 8 16 -a+404 8 0 4 -4 -a+404 0 a-404 0 -a+404 4 0 4 -4 0 0 over Number field with defining polynomial x^2-808*x+163160
172*a-49136 -10*a^2 + 7060*a - 1220800 -2*a^2 + 1588*a - 319056 172*a-49136 -2*a^2 + 1588*a - 319056 -a^2 + 706*a - 122080 172*a-49136 0 -116*a+41344 116*a-41344 -a^2 + 706*a - 122080 0 a^2 - 706*a + 122080 0 -a^2 + 706*a - 122080 -116*a+41344 0 -116*a+41344 116*a-41344 0 0 over Number field with defining polynomial x^3-1054*x^2+360648*x-40031344
For conductor 78, eigenvectors are:
32 32 -32 4*a+48 a^2 + 20*a + 32 a^2 + 20*a + 32 4*a+48 over Number field with defining polynomial x^3+28*x^2+176*x+64
a^3 + 2*a^2 - 53*a - 46 -2*a^2 + 62*a + 52 a^3 + 9*a + 6 8*a^2 + 40*a + 64 -14*a^2 - 38*a + 4 7*a^2 + 19*a - 2 -4*a^2 - 20*a - 32 over Number field with defining polynomial x^4-6*x^3-227*x^2-412*x-124
For conductor 65, eigenvectors are:
-6 6 3 0 -2 0 -2 4 -4 0 1 2 0 -3 -1 2 -2 3 -1 -2 2 2 1 0 -1 2 0 -1 2 1 -1 0 1 -1 over Number field with defining polynomial x-3
0 -24 0 0 8 0 -16 0 24 -6 8 8 8 8 4 -8 4 4 0 -8 12 2 -4 2 -6 2 -2 2 -6 10 -2 2 1 -5 over Number field with defining polynomial x-1
30 12 30 15 -4 -10 -2 -10 -2 18 6 6 6 -4 -2 4 -2 -12 -10 4 4 -6 -3 -1 -7 -1 -9 4 3 0 -4 4 -3 0 over Number field with defining polynomial x-41
12*a-480 96 12*a-480 -12*a+384 -32 8*a-256 -4*a+224 -4*a+160 -4*a+224 -3*a+96 -6*a+256 4*a-192 4*a-192 -32 6*a-224 32 -4*a+224 2*a-64 6*a-288 32 32 a-32 -2*a+96 -3*a+96 -2*a+64 -3*a+96 4*a-160 32 2*a-96 0 -32 32 -2*a+96 0 over Number field with defining polynomial x^2-112*x+2816
6*a^2 + 36*a - 4464 -6*a^2 - 144*a + 7872 -3*a^2 - 18*a + 2232 0 -4*a^2 - 24*a + 2976 0 36*a-1136 0 4*a^2 + 24*a - 2976 0 a^2 + 6*a - 744 -a^2 + 32*a + 112 -a^2 + 32*a + 112 -a^2 - 42*a + 1880 a^2 + 24*a - 1312 a^2 - 12*a - 176 -5*a^2 - 28*a + 4224 -3*a^2 - 34*a + 3304 -3*a^2 - 16*a + 2736 a^2 + 24*a - 1312 3*a^2 + 16*a - 2736 18*a-568 a^2 + 24*a - 1312 0 a^2 + 24*a - 1312 18*a-568 3*a^2 + 16*a - 2736 18*a-568 a^2 + 6*a - 744 -10*a+32 -10*a+32 -2*a^2 - 12*a + 1488 10*a-32 -a^2 + 4*a + 712 over Number field with defining polynomial x^3-9*x^2-1096*x+16592
324*a^7 - 3600*a^6 - 304236*a^5 + 4699728*a^4 + 46057320*a^3 - 1110432960*a^2 + 5282463168*a - 6358802688 1008*a^6 - 21096*a^5 - 560808*a^4 + 9999360*a^3 + 42667200*a^2 - 984953088*a + 3001015296 -162*a^7 + 1800*a^6 + 152118*a^5 - 2349864*a^4 - 23028660*a^3 + 555216480*a^2 - 2641231584*a + 3179401344 0 48*a^7 - 48*a^6 - 71424*a^5 + 756096*a^4 + 16338624*a^3 - 231254400*a^2 + 226301952*a + 2355803136 0 -60*a^7 - 1512*a^6 + 85836*a^5 + 228576*a^4 - 20823048*a^3 + 101106816*a^2 + 152102976*a - 1069900032 120*a^7 - 4116*a^6 - 67392*a^5 + 2977164*a^4 - 1928880*a^3 - 506894496*a^2 + 3786941952*a - 7613801472 -120*a^7 + 1788*a^6 + 116208*a^5 - 2125044*a^4 - 16547232*a^3 + 483333792*a^2 - 2428637568*a + 3068835840 -81*a^7 + 2970*a^6 + 69111*a^5 - 3072780*a^4 + 6989364*a^3 + 601768224*a^2 - 6203031264*a + 16767282816 60*a^7 - 1056*a^6 - 37068*a^5 + 238212*a^4 + 7887948*a^3 + 3370176*a^2 - 1066376928*a + 4242394752 -138*a^7 + 1896*a^6 + 106362*a^5 - 1890960*a^4 - 10066008*a^3 + 394242144*a^2 - 2876282688*a + 6614412288 138*a^7 - 2040*a^6 - 97362*a^5 + 1633680*a^4 + 10731216*a^3 - 311752992*a^2 + 1778087808*a - 3136515840 -60*a^7 + 360*a^6 + 38556*a^5 - 302220*a^4 - 4375308*a^3 + 55732800*a^2 - 358926624*a + 1017666432 -168*a^6 + 3516*a^5 + 93468*a^4 - 1666560*a^3 - 7111200*a^2 + 164158848*a - 500169216 -24*a^7 + 192*a^6 + 32196*a^5 - 471516*a^4 - 6502752*a^3 + 122738400*a^2 - 277309824*a - 677732352 24*a^7 + 84*a^6 - 32508*a^5 + 122112*a^4 + 7917744*a^3 - 59167680*a^2 - 140401536*a + 1213433856 6*a^7 + 48*a^6 + 19086*a^5 - 464088*a^4 - 1603644*a^3 + 141702624*a^2 - 1483689888*a + 4307855232 108*a^6 + 3204*a^5 - 255936*a^4 - 251568*a^3 + 56459520*a^2 - 253552512*a + 35532288 24*a^7 - 1356*a^6 - 7788*a^5 + 897576*a^4 - 2735304*a^3 - 134518752*a^2 + 956462016*a - 1594750464 -24*a^7 + 1080*a^6 + 8100*a^5 - 548172*a^4 + 1320312*a^3 + 70948032*a^2 - 538750656*a + 1059048960 3*a^7 - 132*a^6 - 1653*a^5 + 48570*a^4 - 266988*a^3 - 6332496*a^2 + 176613600*a - 714771840 57*a^7 - 480*a^6 - 44631*a^5 + 542754*a^4 + 6025764*a^3 - 120402480*a^2 + 619668576*a - 1038733440 27*a^7 - 990*a^6 - 23037*a^5 + 1024260*a^4 - 2329788*a^3 - 200589408*a^2 + 2067677088*a - 5589094272 -87*a^7 + 2772*a^6 + 46125*a^5 - 1811406*a^4 + 1815036*a^3 + 278363472*a^2 - 2265961056*a + 5094589056 3*a^7 - 132*a^6 - 1653*a^5 + 48570*a^4 - 266988*a^3 - 6332496*a^2 + 176613600*a - 714771840 468*a^6 - 8400*a^5 - 591876*a^4 + 8034648*a^3 + 106749024*a^2 - 1814323776*a + 5788682496 -342*a^6 + 9420*a^5 + 206922*a^4 - 4119336*a^3 - 29717904*a^2 + 618774912*a - 1989411072 66*a^6 - 20028*a^5 + 494514*a^4 + 2640144*a^3 - 145955280*a^2 + 1076412096*a - 2311994880 -144*a^6 + 2544*a^5 + 194688*a^4 - 1493712*a^3 - 47280864*a^2 + 499312896*a - 1256923392 216*a^6 + 24396*a^5 - 702384*a^4 - 3064548*a^3 + 192283296*a^2 - 1469070816*a + 3280152192 1164*a^6 - 24408*a^5 - 426060*a^4 + 9238056*a^3 + 11780352*a^2 - 679152192*a + 2272482816 -27*a^7 + 1026*a^6 + 6369*a^5 - 610980*a^4 + 4010868*a^3 + 79308288*a^2 - 1035961824*a + 3044780928 -30*a^6 + 3360*a^5 - 81234*a^4 - 959064*a^3 + 24674160*a^2 - 44696832*a - 232318464 over Number field with defining polynomial x^8-35*x^7-625*x^6+31407*x^5-111980*x^4-5606272*x^3+64896896*x^2-225233216*x+188345088
-6 -24 3 -48 8 36 -10 2 -10 3 13 2 2 -1 -30 -8 -10 -15 -14 -8 -8 5 -1 -7 5 -7 -14 -6 -6 0 -1 -8 -1 0 over Number field with defining polynomial x-404
-54 24 -43 8 -8 24 -10 18 -10 2 -13 18 18 -19 10 8 -10 -5 -6 8 8 -30 -9 2 5 2 4 -14 -24 0 -19 8 -9 0 over Number field with defining polynomial x-354
66*a-9820 158*a-49252 84*a-13784 -70*a+27028 58*a-18412 226*a-65820 42*a-11916 -30*a+12260 2*a-476 71*a-24514 72*a-23216 -40*a+10928 -40*a+10928 60*a-19208 184*a-57616 -38*a+9812 -18*a+6844 8*a-1072 -32*a+8768 -98*a+29212 -58*a+17772 -73*a+21150 60*a-17544 63*a-18002 24*a-5776 113*a-33742 -32*a+11072 16*a-7008 16*a-8032 640 -448 -38*a+10452 1216 640 over Number field with defining polynomial x^2-620*x+95012
660 48*a-20112 6*a-2514 6*a-2844 6*a-2844 -36*a+15480 -6*a+2712 18*a-6816 -6*a+2712 -15*a+6450 12*a-4962 132 132 330 42*a-17664 -6*a+2844 -6*a+2712 -12*a+4830 -12*a+5292 -6*a+2844 -6*a+2844 15*a-6186 -66 -15*a+6450 12*a-4830 -15*a+6450 -12*a+4896 -12*a+4764 -12*a+5160 0 330 -6*a+2844 -66 0 over Number field with defining polynomial x^2-926*x+212312
-12*a+672 6*a-180 6*a-336 0 -6*a+340 0 -6*a+324 -2*a+36 -4*a+184 -3*a+126 36 -3*a+174 9*a-490 10*a-504 -a+30 -2*a+92 -64 4*a-196 -9*a+518 5*a-202 a-10 a-42 -a+70 a-42 3*a-154 a-42 2*a-116 3*a-146 -32 -4*a+220 -4 0 4 12 over Number field with defining polynomial x^2-112*x+3068
For conductor 130, eigenvectors are:
-2 -1 1 over Number field with defining polynomial x-1
a+9 -3 a+6 over Number field with defining polynomial x^2+3*x-36
For conductor 195, eigenvectors are:
-4 -2 2 2 -2 3 -1 over Number field with defining polynomial x-27
a-4 -a+4 -a -4 0 a a over Number field with defining polynomial x^2+8*x-16
-a^3 + 23*a^2 + 432*a - 1648 -a^3 - 31*a^2 - 312*a - 1072 -6*a^3 + 8*a^2 + 1432*a + 736 -54*a^2 - 744*a + 576 -42*a^2 - 816*a - 2976 -a^2 - 152*a - 2000 -3*a^3 - 22*a^2 + 496*a + 2656 over Number field with defining polynomial x^4+13*x^3-316*x^2-4528*x-3776
For conductor 390, eigenvectors are:
a vector of length 24 over Number field with defining polynomial a number field of degree 11
6 0 2 -6 2 -3 0 -2 0 -2 -2 -2 1 0 1 -4 -1 0 4 -4 2 -2 2 -2 over Number field with defining polynomial x-64
0 -6 -4 4 4 0 0 -2 0 -2 -2 2 -1 3 -1 -1 -2 1 0 -1 0 0 -1 0 over Number field with defining polynomial x-6
-6 0 2 6 2 3 0 -2 0 -2 -2 -2 1 0 1 2 -1 0 -2 2 2 -2 2 -2 over Number field with defining polynomial x-52
-24 0 -8 -16 8 6 0 8 0 -4 -4 4 -2 0 -2 -2 2 2 6 10 -6 -6 1 -3 over Number field with defining polynomial x-27
-2 11 -14 2 -14 -10 -22 -8 -22 14 -8 -8 4 11 -7 -3 7 -11 -8 -3 -14 -8 -3 -8 over Number field with defining polynomial x-63
-6*a-72 0 -2*a-24 -4*a -4*a -3*a+36 0 2*a+24 0 -4*a -4*a -2*a a-12 0 a-12 4*a -a+12 2*a-24 0 -2*a-24 24 0 -2*a 0 over Number field with defining polynomial x^2-48
6*a-132 -12 0 4*a-88 4*a-80 -3*a+66 2*a-48 3*a-66 a-14 -2*a+48 -2*a+36 0 -a+24 -2*a+42 2 2 2*a-40 -a+20 -a+22 -a+20 -2*a+40 4 2 -a+22 over Number field with defining polynomial x^2-28*x+140
-30*a^3 - 270*a^2 + 8592*a + 82848 0 -10*a^3 - 90*a^2 + 2864*a + 27616 12*a^3 - 4*a^2 - 5360*a - 36224 12*a^3 + 300*a^2 - 2160*a - 62592 -15*a^3 - 147*a^2 + 2832*a + 22320 0 10*a^3 + 90*a^2 - 2864*a - 27616 0 12*a^3 + 148*a^2 - 3760*a - 49408 12*a^3 + 148*a^2 - 3760*a - 49408 -2*a^3 - 42*a^2 + 1336*a + 23168 5*a^3 + 49*a^2 - 944*a - 7440 0 5*a^3 + 49*a^2 - 944*a - 7440 12*a^2 - 48*a - 4992 -5*a^3 - 49*a^2 + 944*a + 7440 2*a^3 + 38*a^2 - 1824*a - 29536 4*a^3 - 40*a^2 - 2368*a - 12672 -2*a^3 - 46*a^2 + 848*a + 16800 4*a^2 + 488*a + 6368 -76*a^2 - 800*a + 6592 -6*a^2 + 24*a + 2496 -2*a^3 + 20*a^2 + 1184*a + 6336 over Number field with defining polynomial x^4+13*x^3-316*x^2-4528*x-3776
For conductor 1:
traces of hecke eigenvalues of T_{p^1} are:
-31 118 -65 18 -168 404 -412 -293 122 -231 397 -338 -254 1230 854 -541 108 392 2208 -204 -104 
computing eigenvalues for k = 1, took 15.264363 sec
traces of hecke eigenvalues of T_{p^2} are:
72 
computing eigenvalues for k = 2, took 0.162770 sec
traces of hecke eigenvalues of T_{p^1} are:
64 138 420 418 702 984 958 1552 1692 2014 2592 2292 3606 3280 5284 5694 4408 5332 6888 8916 9796 
computing eigenvalues for k = 1, took 15.243274 sec
traces of hecke eigenvalues of T_{p^2} are:
112 
computing eigenvalues for k = 2, took 0.165063 sec
traces of hecke eigenvalues of T_{p^1} are:
48 172 436 360 552 852 808 1332 1360 1968 1804 3244 4004 4140 3856 4364 6460 5344 5964 7624 8892 
computing eigenvalues for k = 1, took 15.274259 sec
traces of hecke eigenvalues of T_{p^2} are:
-16 
computing eigenvalues for k = 2, took 0.164261 sec
traces of hecke eigenvalues of T_{p^1} are:
400 1464 5220 7240 12720 25260 30784 52060 70644 81400 106080 151740 208920 230764 305320 363024 394420 499360 578760 712980 922180 
computing eigenvalues for k = 1, took 15.393571 sec
traces of hecke eigenvalues of T_{p^2} are:
2800 
computing eigenvalues for k = 2, took 0.161886 sec
traces of hecke eigenvalues of T_{p^1} are:
88 72 348 304 552 876 760 1540 1956 1480 1896 3084 4200 3292 5368 5232 6148 6472 6168 7332 9700 
computing eigenvalues for k = 1, took 15.275403 sec
traces of hecke eigenvalues of T_{p^2} are:
304 
computing eigenvalues for k = 2, took 0.161829 sec
traces of hecke eigenvalues of T_{p^1} are:
25 6 -9 -38 0 180 -356 -125 234 -455 -219 222 306 -2 1750 -93 892 784 192 -1212 -776 
computing eigenvalues for k = 1, took 15.259231 sec
traces of hecke eigenvalues of T_{p^2} are:
16 
computing eigenvalues for k = 2, took 0.168188 sec
traces of hecke eigenvalues of T_{p^1} are:
-13 58 11 16 72 188 222 -333 -228 -191 21 42 -30 -162 408 999 -1420 -760 328 -566 -24 
computing eigenvalues for k = 1, took 15.325332 sec
traces of hecke eigenvalues of T_{p^2} are:
-112 
computing eigenvalues for k = 2, took 0.150610 sec
traces of hecke eigenvalues of T_{p^1} are:
24 -122 -272 438 -16 -912 34 440 36 2374 -450 -734 -410 360 1196 318 1268 -1068 1792 -1594 2362 
computing eigenvalues for k = 1, took 15.215161 sec
traces of hecke eigenvalues of T_{p^2} are:
24 
computing eigenvalues for k = 2, took 0.168479 sec
traces of hecke eigenvalues of T_{p^1} are:
32 184 292 360 384 1100 704 1372 1844 1704 2512 2524 3640 4524 4472 4784 5364 6080 8184 8340 10372 
computing eigenvalues for k = 1, took 18.560037 sec
traces of hecke eigenvalues of T_{p^2} are:
-144 
computing eigenvalues for k = 2, took 0.194767 sec
traces of hecke eigenvalues of T_{p^1} are:
40 96 276 448 432 684 1000 1180 1380 1816 1704 2124 4320 3628 5152 6168 5380 6208 6288 8100 9172 
computing eigenvalues for k = 1, took 15.506244 sec
traces of hecke eigenvalues of T_{p^2} are:
-80 
computing eigenvalues for k = 2, took 0.164312 sec
traces of hecke eigenvalues of T_{p^1} are:
198 380 772 1234 1608 2608 3278 4592 5646 5416 6744 7908 8832 11576 13742 14388 15984 18936 20120 25466 31760 
computing eigenvalues for k = 1, took 15.178377 sec
traces of hecke eigenvalues of T_{p^2} are:
384 
computing eigenvalues for k = 2, took 0.162727 sec
traces of hecke eigenvalues of T_{p^1} are:
318 706 1352 2018 2624 4248 5366 6996 8932 9500 11550 14840 18478 19028 22662 25042 28112 33748 33758 38372 47032 
computing eigenvalues for k = 1, took 15.353663 sec
traces of hecke eigenvalues of T_{p^2} are:
544 
computing eigenvalues for k = 2, took 0.163345 sec
traces of hecke eigenvalues of T_{p^1} are:
43 117 231 250 597 732 958 1027 1965 2308 2634 2859 2724 3175 3856 5169 4240 6319 7644 8979 8557 
computing eigenvalues for k = 1, took 15.378226 sec
traces of hecke eigenvalues of T_{p^2} are:
-56 
computing eigenvalues for k = 2, took 0.163567 sec
traces of hecke eigenvalues of T_{p^1} are:
43 106 383 254 456 788 1188 1275 2058 1691 2151 2430 3246 3726 5034 5121 5500 7624 6664 6820 9576 
computing eigenvalues for k = 1, took 15.156989 sec
traces of hecke eigenvalues of T_{p^2} are:
-56 
computing eigenvalues for k = 2, took 0.164459 sec
traces of hecke eigenvalues of T_{p^1} are:
18 -4 -20/3 6 -128/3 -64/3 -130/3 1088/3 -898/3 -656/3 1088/3 -236/3 152 352/3 106 1180/3 464/3 -80 2096/3 226/3 -4568/3 
computing eigenvalues for k = 1, took 15.269359 sec
traces of hecke eigenvalues of T_{p^2} are:
40 
computing eigenvalues for k = 2, took 0.163938 sec
For conductor 2:
traces of hecke eigenvalues of T_{p^1} are:
-31 118 -65 18 -168 404 -412 -293 122 -231 397 -338 -254 1230 854 -541 108 392 2208 -204 -104 
computing eigenvalues for k = 1, took 453.695560 sec
traces of hecke eigenvalues of T_{p^2} are:
72 
computing eigenvalues for k = 2, took 0.571715 sec
traces of hecke eigenvalues of T_{p^1} are:
-44 38 -56 14 78 -32 54 -120 -240 74 60 -324 114 -1056 -744 -522 832 -596 1052 -868 408 
computing eigenvalues for k = 1, took 452.075092 sec
traces of hecke eigenvalues of T_{p^2} are:
100 
computing eigenvalues for k = 2, took 0.571802 sec
traces of hecke eigenvalues of T_{p^1} are:
-13 58 11 16 72 188 222 -333 -228 -191 21 42 -30 -162 408 999 -1420 -760 328 -566 -24 
computing eigenvalues for k = 1, took 454.532427 sec
traces of hecke eigenvalues of T_{p^2} are:
-112 
computing eigenvalues for k = 2, took 0.574383 sec
traces of hecke eigenvalues of T_{p^1} are:
14 -30 16 12 142 -72 -116 168 -562 -210 476 136 634 0 -206 134 544 -468 -84 -854 -948 
computing eigenvalues for k = 1, took 450.177013 sec
traces of hecke eigenvalues of T_{p^2} are:
-8 
computing eigenvalues for k = 2, took 0.580030 sec
For conductor 3:
traces of hecke eigenvalues of T_{p^1} are:
-28 14 -20 -26 -170 -64 138 200 -276 70 -124 372 330 432 64 810 -640 36 -740 -292 692 
computing eigenvalues for k = 1, took 457.216232 sec
traces of hecke eigenvalues of T_{p^2} are:
48 
computing eigenvalues for k = 2, took 0.591761 sec
traces of hecke eigenvalues of T_{p^1} are:
-4 14 -68 -2 118 -184 234 200 564 -218 524 -468 -6 -144 -1448 138 -304 108 -212 -460 116 
computing eigenvalues for k = 1, took 451.864263 sec
traces of hecke eigenvalues of T_{p^2} are:
-48 
computing eigenvalues for k = 2, took 0.619870 sec
traces of hecke eigenvalues of T_{p^1} are:
-28 -12 -144 -52 -264 72 56 128 -120 -148 36 -528 -492 8 -2476 -696 1184 752 -1284 192 -544 
computing eigenvalues for k = 1, took 451.050727 sec
traces of hecke eigenvalues of T_{p^2} are:
-88 
computing eigenvalues for k = 2, took 0.584020 sec
traces of hecke eigenvalues of T_{p^1} are:
11 -4 1 4 -80 38 -264 281 36 -119 -223 -606 0 306 64 429 230 864 -1646 1100 170 
computing eigenvalues for k = 1, took 454.110512 sec
traces of hecke eigenvalues of T_{p^2} are:
-72 
computing eigenvalues for k = 2, took 0.587811 sec
traces of hecke eigenvalues of T_{p^1} are:
11 -26 -53 18 -72 416 164 -65 14 -33 -581 382 154 486 -298 -127 1056 -832 228 -60 76 
computing eigenvalues for k = 1, took 457.598670 sec
traces of hecke eigenvalues of T_{p^2} are:
-48 
computing eigenvalues for k = 2, took 0.572302 sec
For conductor 6:
traces of hecke eigenvalues of T_{p^1} are:
52 168 372 436 648 1092 1252 1300 1632 1936 2424 2892 3888 3436 4300 4944 4588 6520 8208 8328 9004 
computing eigenvalues for k = 1, took 172.992755 sec
traces of hecke eigenvalues of T_{p^2} are:
16 
computing eigenvalues for k = 2, took 0.496867 sec
traces of hecke eigenvalues of T_{p^1} are:
76 156 276 364 480 588 1156 1516 1596 2056 2052 2124 3660 4396 5404 5244 5620 5224 7524 8220 7780 
computing eigenvalues for k = 1, took 152.440057 sec
traces of hecke eigenvalues of T_{p^2} are:
208 
computing eigenvalues for k = 2, took 0.518460 sec
traces of hecke eigenvalues of T_{p^1} are:
88 168 228 520 360 876 976 1372 1332 1840 2664 2748 4056 3724 3664 4992 4756 5152 6240 6420 9700 
computing eigenvalues for k = 1, took 173.914815 sec
traces of hecke eigenvalues of T_{p^2} are:
304 
computing eigenvalues for k = 2, took 0.501554 sec
traces of hecke eigenvalues of T_{p^1} are:
-4 14 -68 -2 118 -184 234 200 564 -218 524 -468 -6 -144 -1448 138 -304 108 -212 -460 116 
computing eigenvalues for k = 1, took 156.625832 sec
traces of hecke eigenvalues of T_{p^2} are:
-48 
computing eigenvalues for k = 2, took 0.526588 sec
traces of hecke eigenvalues of T_{p^1} are:
-28 14 -20 -26 -170 -64 138 200 -276 70 -124 372 330 432 64 810 -640 36 -740 -292 692 
computing eigenvalues for k = 1, took 152.753917 sec
traces of hecke eigenvalues of T_{p^2} are:
48 
computing eigenvalues for k = 2, took 0.520605 sec
traces of hecke eigenvalues of T_{p^1} are:
-24 -32 148 -24 -24 -60 16 -132 316 168 232 724 -112 12 64 128 -1100 136 -792 -356 -348 
computing eigenvalues for k = 1, took 151.987344 sec
traces of hecke eigenvalues of T_{p^2} are:
-16 
computing eigenvalues for k = 2, took 0.513884 sec
traces of hecke eigenvalues of T_{p^1} are:
44 84 244 348 544 812 868 1244 1796 1496 2092 3132 3124 3852 5004 4020 5412 6648 6828 7508 10548 
computing eigenvalues for k = 1, took 151.252459 sec
traces of hecke eigenvalues of T_{p^2} are:
-48 
computing eigenvalues for k = 2, took 0.515868 sec
traces of hecke eigenvalues of T_{p^1} are:
151 363 949 1052 1549 2690 2934 4387 5273 5464 6370 8187 10240 11555 13208 14631 15530 17921 19356 24347 27335 
computing eigenvalues for k = 1, took 175.784780 sec
traces of hecke eigenvalues of T_{p^2} are:
8 
computing eigenvalues for k = 2, took 0.502979 sec
traces of hecke eigenvalues of T_{p^1} are:
-34 38 244 -484 264 800 -588 364 -362 -488 522 2596 -1330 42 -416 -1222 724 -2614 284 822 -2590 
computing eigenvalues for k = 1, took 153.822679 sec
traces of hecke eigenvalues of T_{p^2} are:
-252 
computing eigenvalues for k = 2, took 0.526729 sec
traces of hecke eigenvalues of T_{p^1} are:
11 -4 1 4 -80 38 -264 281 36 -119 -223 -606 0 306 64 429 230 864 -1646 1100 170 
computing eigenvalues for k = 1, took 154.392955 sec
traces of hecke eigenvalues of T_{p^2} are:
-72 
computing eigenvalues for k = 2, took 0.514266 sec
traces of hecke eigenvalues of T_{p^1} are:
11 -26 -53 18 -72 416 164 -65 14 -33 -581 382 154 486 -298 -127 1056 -832 228 -60 76 
computing eigenvalues for k = 1, took 153.004066 sec
traces of hecke eigenvalues of T_{p^2} are:
-48 
computing eigenvalues for k = 2, took 0.514132 sec
For conductor 5:
traces of hecke eigenvalues of T_{p^1} are:
-5 32 61 -52 -36 70 0 -15 -12 -415 381 234 -60 -54 -132 -3 490 616 -274 -1564 198 
computing eigenvalues for k = 1, took 447.138720 sec
traces of hecke eigenvalues of T_{p^2} are:
-20 
computing eigenvalues for k = 2, took 0.561966 sec
traces of hecke eigenvalues of T_{p^1} are:
4 -32 -64 -10 54 104 -138 -36 138 -94 -342 552 -648 108 -936 168 592 -368 82 214 -1164 
computing eigenvalues for k = 1, took 450.617809 sec
traces of hecke eigenvalues of T_{p^2} are:
-56 
computing eigenvalues for k = 2, took 0.575646 sec
traces of hecke eigenvalues of T_{p^1} are:
-33 -76 89 -34 154 -62 -194 -39 354 -57 155 346 -752 -450 112 509 -26 -2224 892 458 -106 
computing eigenvalues for k = 1, took 444.883661 sec
traces of hecke eigenvalues of T_{p^2} are:
-28 
computing eigenvalues for k = 2, took 0.567659 sec
For conductor 10:
traces of hecke eigenvalues of T_{p^1} are:
-13 -148 241 174 -656 210 690 -57 -218 -51 -817 830 -2884 1504 -1450 967 1098 106 -3190 496 1328 
computing eigenvalues for k = 1, took 139.620702 sec
traces of hecke eigenvalues of T_{p^2} are:
-500 
computing eigenvalues for k = 2, took 0.529116 sec
traces of hecke eigenvalues of T_{p^1} are:
52 84 192 520 624 1080 1264 1072 1524 1624 2472 2784 3780 4084 5152 4344 4924 5680 6624 8220 7972 
computing eigenvalues for k = 1, took 139.793422 sec
traces of hecke eigenvalues of T_{p^2} are:
16 
computing eigenvalues for k = 2, took 0.538474 sec
traces of hecke eigenvalues of T_{p^1} are:
28 96 348 268 384 660 916 1684 1872 1432 1992 3444 3336 4396 4252 6192 4468 6448 7320 7176 7924 
computing eigenvalues for k = 1, took 139.408511 sec
traces of hecke eigenvalues of T_{p^2} are:
-176 
computing eigenvalues for k = 2, took 0.531274 sec
traces of hecke eigenvalues of T_{p^1} are:
-11 18 -165 178 72 384 148 -593 -198 -311 357 -78 -114 790 1534 -981 -332 -8 648 -324 -2504 
computing eigenvalues for k = 1, took 141.000374 sec
traces of hecke eigenvalues of T_{p^2} are:
52 
computing eigenvalues for k = 2, took 0.528607 sec
traces of hecke eigenvalues of T_{p^1} are:
-8 12 -72 -2 -222 72 -2 388 -66 -26 -438 600 324 1084 292 -780 328 328 -294 738 220 
computing eigenvalues for k = 1, took 141.873444 sec
traces of hecke eigenvalues of T_{p^2} are:
-32 
computing eigenvalues for k = 2, took 0.572861 sec
traces of hecke eigenvalues of T_{p^1} are:
-5 32 61 -52 -36 70 0 -15 -12 -415 381 234 -60 -54 -132 -3 490 616 -274 -1564 198 
computing eigenvalues for k = 1, took 139.663552 sec
traces of hecke eigenvalues of T_{p^2} are:
-20 
computing eigenvalues for k = 2, took 0.523998 sec
traces of hecke eigenvalues of T_{p^1} are:
-33 -76 89 -34 154 -62 -194 -39 354 -57 155 346 -752 -450 112 509 -26 -2224 892 458 -106 
computing eigenvalues for k = 1, took 140.803952 sec
traces of hecke eigenvalues of T_{p^2} are:
-28 
computing eigenvalues for k = 2, took 0.526692 sec
traces of hecke eigenvalues of T_{p^1} are:
128 366 612 818 894 1752 1742 2180 3876 3866 4704 5484 8022 8024 8516 9234 11636 13028 13752 17400 18440 
computing eigenvalues for k = 1, took 137.982952 sec
traces of hecke eigenvalues of T_{p^2} are:
224 
computing eigenvalues for k = 2, took 0.533047 sec
traces of hecke eigenvalues of T_{p^1} are:
32 -26 -116 -94 -18 -328 118 68 652 594 608 -1316 -66 640 -100 -118 -372 -36 -968 -496 728 
computing eigenvalues for k = 1, took 140.012936 sec
traces of hecke eigenvalues of T_{p^2} are:
-32 
computing eigenvalues for k = 2, took 0.533620 sec
traces of hecke eigenvalues of T_{p^1} are:
169 381 749 1082 1517 2548 2718 4459 4651 5476 6686 7629 10196 10091 12392 14925 15848 18113 19836 24469 28409 
computing eigenvalues for k = 1, took 143.622899 sec
traces of hecke eigenvalues of T_{p^2} are:
152 
computing eigenvalues for k = 2, took 0.531452 sec
traces of hecke eigenvalues of T_{p^1} are:
72 -16 -452 -134 366 520 -70 596 1218 -1550 -870 -1632 336 596 476 -3504 216 1872 698 -166 3824 
computing eigenvalues for k = 1, took 143.096069 sec
traces of hecke eigenvalues of T_{p^2} are:
204 
computing eigenvalues for k = 2, took 0.547427 sec
traces of hecke eigenvalues of T_{p^1} are:
216 556 1424 1652 2452 3472 4260 5792 7168 8020 8744 12032 13452 16256 18400 19420 22272 24552 28440 29216 39184 
computing eigenvalues for k = 1, took 142.007883 sec
traces of hecke eigenvalues of T_{p^2} are:
128 
computing eigenvalues for k = 2, took 0.563837 sec
traces of hecke eigenvalues of T_{p^1} are:
4 -32 -64 -10 54 104 -138 -36 138 -94 -342 552 -648 108 -936 168 592 -368 82 214 -1164 
computing eigenvalues for k = 1, took 142.542354 sec
traces of hecke eigenvalues of T_{p^2} are:
-56 
computing eigenvalues for k = 2, took 0.528804 sec
traces of hecke eigenvalues of T_{p^1} are:
4 -72 0 -2 -18 24 -242 -68 522 394 42 72 576 460 -536 384 -272 592 -702 6 1156 
computing eigenvalues for k = 1, took 137.113445 sec
traces of hecke eigenvalues of T_{p^2} are:
-8 
computing eigenvalues for k = 2, took 0.525871 sec
For conductor 15:
traces of hecke eigenvalues of T_{p^1} are:
9 -32 45 68 12 14 48 337 12 -141 87 -478 -4 130 -36 -521 58 -488 -462 -844 -434 
computing eigenvalues for k = 1, took 227.162008 sec
traces of hecke eigenvalues of T_{p^2} are:
-28 
computing eigenvalues for k = 2, took 0.519873 sec
traces of hecke eigenvalues of T_{p^1} are:
13 42 3 -86 -120 96 76 -329 330 49 117 450 -330 166 742 -501 -284 112 1152 492 -1256 
computing eigenvalues for k = 1, took 232.673027 sec
traces of hecke eigenvalues of T_{p^2} are:
28 
computing eigenvalues for k = 2, took 0.511684 sec
traces of hecke eigenvalues of T_{p^1} are:
4 6 -48 -20 24 72 268 88 66 76 486 24 42 16 -524 402 -260 40 -222 186 -1520 
computing eigenvalues for k = 1, took 459.373815 sec
traces of hecke eigenvalues of T_{p^2} are:
28 
computing eigenvalues for k = 2, took 0.507708 sec
traces of hecke eigenvalues of T_{p^1} are:
111 267 617 862 1019 1780 2198 2691 3283 3864 3794 4773 6656 7483 8392 9447 9556 12415 12864 15085 17893 
computing eigenvalues for k = 1, took 178.759661 sec
traces of hecke eigenvalues of T_{p^2} are:
88 
computing eigenvalues for k = 2, took 0.675117 sec
traces of hecke eigenvalues of T_{p^1} are:
-55 38 -7 72 92 516 -46 -783 152 219 349 -260 1774 -442 -206 1479 -536 1128 1118 1376 -486 
computing eigenvalues for k = 1, took 225.868266 sec
traces of hecke eigenvalues of T_{p^2} are:
-80 
computing eigenvalues for k = 2, took 0.514951 sec
traces of hecke eigenvalues of T_{p^1} are:
76 108 360 256 432 792 1192 1336 2052 1984 2232 3312 3564 3460 4360 4824 4972 5800 7128 9036 9220 
computing eigenvalues for k = 1, took 176.835113 sec
traces of hecke eigenvalues of T_{p^2} are:
208 
computing eigenvalues for k = 2, took 0.667716 sec
traces of hecke eigenvalues of T_{p^1} are:
58 156 330 310 642 750 796 1192 1668 1696 2376 2880 3228 3460 4180 5352 6538 5512 8064 7392 8626 
computing eigenvalues for k = 1, took 177.648559 sec
traces of hecke eigenvalues of T_{p^2} are:
64 
computing eigenvalues for k = 2, took 0.676756 sec
For conductor 30:
traces of hecke eigenvalues of T_{p^1} are:
13 42 3 -86 -120 96 76 -329 330 49 117 450 -330 166 742 -501 -284 112 1152 492 -1256 
computing eigenvalues for k = 1, took 446.499997 sec
traces of hecke eigenvalues of T_{p^2} are:
28 
computing eigenvalues for k = 2, took 0.498495 sec
traces of hecke eigenvalues of T_{p^1} are:
16 -36 -180 -2 42 192 -338 -212 -138 94 18 240 1284 196 172 -1308 -536 1336 -390 -1554 304 
computing eigenvalues for k = 1, took 446.803977 sec
traces of hecke eigenvalues of T_{p^2} are:
52 
computing eigenvalues for k = 2, took 0.501310 sec
traces of hecke eigenvalues of T_{p^1} are:
-12 -20 0 38 -42 -232 294 28 -606 -78 -66 560 -772 -116 216 4 -32 -632 966 374 -836 
computing eigenvalues for k = 1, took 446.276939 sec
traces of hecke eigenvalues of T_{p^2} are:
-16 
computing eigenvalues for k = 2, took 0.496413 sec
traces of hecke eigenvalues of T_{p^1} are:
9 -32 45 68 12 14 48 337 12 -141 87 -478 -4 130 -36 -521 58 -488 -462 -844 -434 
computing eigenvalues for k = 1, took 452.446841 sec
traces of hecke eigenvalues of T_{p^2} are:
-28 
computing eigenvalues for k = 2, took 0.496394 sec
For conductor 13:
traces of hecke eigenvalues of T_{p^1} are:
-40 -36 12 -34 134 56 -58 -328 -118 -254 6 -12 36 44 372 328 -1500 848 -1046 138 -380 
computing eigenvalues for k = 1, took 440.005107 sec
traces of hecke eigenvalues of T_{p^2} are:
84 
computing eigenvalues for k = 2, took 0.560987 sec
traces of hecke eigenvalues of T_{p^1} are:
-25 18 3 -46 68 164 116 -55 470 -95 -441 18 -126 -298 -438 -371 -132 -292 -680 144 -500 
computing eigenvalues for k = 1, took 438.246856 sec
traces of hecke eigenvalues of T_{p^2} are:
24 
computing eigenvalues for k = 2, took 0.561393 sec
traces of hecke eigenvalues of T_{p^1} are:
-17 30 -65 94 -260 288 -164 77 122 -403 867 298 -490 254 -218 -683 -768 -556 1212 864 2224 
computing eigenvalues for k = 1, took 440.377030 sec
traces of hecke eigenvalues of T_{p^2} are:
24 
computing eigenvalues for k = 2, took 0.558618 sec
For conductor 26:
traces of hecke eigenvalues of T_{p^1} are:
45 130 255 530 548 752 876 1469 1434 1599 1921 2154 4106 4686 4938 5119 5920 6220 5532 9264 10768 
computing eigenvalues for k = 1, took 148.774767 sec
traces of hecke eigenvalues of T_{p^2} are:
-40 
computing eigenvalues for k = 2, took 0.488146 sec
traces of hecke eigenvalues of T_{p^1} are:
39 -82 -9 38 -92 64 -108 245 234 -627 251 858 70 -978 678 -235 16 -164 -804 -144 1552 
computing eigenvalues for k = 1, took 149.270026 sec
traces of hecke eigenvalues of T_{p^2} are:
80 
computing eigenvalues for k = 2, took 0.488075 sec
traces of hecke eigenvalues of T_{p^1} are:
-17 30 -65 94 -260 288 -164 77 122 -403 867 298 -490 254 -218 -683 -768 -556 1212 864 2224 
computing eigenvalues for k = 1, took 146.226638 sec
traces of hecke eigenvalues of T_{p^2} are:
24 
computing eigenvalues for k = 2, took 0.512306 sec
traces of hecke eigenvalues of T_{p^1} are:
-25 18 3 -46 68 164 116 -55 470 -95 -441 18 -126 -298 -438 -371 -132 -292 -680 144 -500 
computing eigenvalues for k = 1, took 146.283008 sec
traces of hecke eigenvalues of T_{p^2} are:
24 
computing eigenvalues for k = 2, took 0.505868 sec
traces of hecke eigenvalues of T_{p^1} are:
60 134 300 344 532 856 840 1148 1806 1704 2510 3228 4090 3768 5004 6038 5656 7648 7158 7674 10120 
computing eigenvalues for k = 1, took 148.819111 sec
traces of hecke eigenvalues of T_{p^2} are:
80 
computing eigenvalues for k = 2, took 0.492791 sec
traces of hecke eigenvalues of T_{p^1} are:
-38 30 88 -134 16 288 22 -256 -124 -16 162 -20 -490 620 586 382 108 -556 714 -204 1060 
computing eigenvalues for k = 1, took 146.744527 sec
traces of hecke eigenvalues of T_{p^2} are:
96 
computing eigenvalues for k = 2, took 0.507151 sec
traces of hecke eigenvalues of T_{p^1} are:
-12 -22 44 108 -80 -32 -12 284 -202 60 -18 204 -282 552 12 714 968 -1344 -834 -902 -912 
computing eigenvalues for k = 1, took 224.441743 sec
traces of hecke eigenvalues of T_{p^2} are:
8 
computing eigenvalues for k = 2, took 0.514014 sec
traces of hecke eigenvalues of T_{p^1} are:
116 240 640 728 940 1876 2072 2724 3704 3804 4284 5056 6360 7428 9724 10584 10124 11048 13644 16288 21648 
computing eigenvalues for k = 1, took 149.188611 sec
traces of hecke eigenvalues of T_{p^2} are:
128 
computing eigenvalues for k = 2, took 0.493385 sec
traces of hecke eigenvalues of T_{p^1} are:
4 -36 -120 -188 -56 -44 244 -20 -56 488 132 264 -12 148 1140 -892 132 640 2036 -1032 -160 
computing eigenvalues for k = 1, took 149.346138 sec
traces of hecke eigenvalues of T_{p^2} are:
-144 
computing eigenvalues for k = 2, took 0.493760 sec
traces of hecke eigenvalues of T_{p^1} are:
40 -8 -40 -80 -152 180 424 332 -120 -24 -192 -1024 -584 268 -32 -352 1404 -528 -520 680 880 
computing eigenvalues for k = 1, took 149.180918 sec
traces of hecke eigenvalues of T_{p^2} are:
0 
computing eigenvalues for k = 2, took 0.492644 sec
traces of hecke eigenvalues of T_{p^1} are:
120 300 600 880 1176 1824 2352 2968 3228 3888 3852 4488 6612 6912 8856 9468 9680 12320 14604 13908 18896 
computing eigenvalues for k = 1, took 148.553860 sec
traces of hecke eigenvalues of T_{p^2} are:
160 
computing eigenvalues for k = 2, took 0.488071 sec
traces of hecke eigenvalues of T_{p^1} are:
97 219 607 668 931 1650 1742 2657 3453 3400 4326 5933 6484 7807 8612 10531 10910 12721 13224 15407 18625 
computing eigenvalues for k = 1, took 148.917108 sec
traces of hecke eigenvalues of T_{p^2} are:
-24 
computing eigenvalues for k = 2, took 0.490834 sec
traces of hecke eigenvalues of T_{p^1} are:
232 572 1256 1524 2380 3848 4044 5712 7096 7892 9528 11768 15260 14360 19040 19028 20960 24376 26520 33312 38480 
computing eigenvalues for k = 1, took 149.391599 sec
traces of hecke eigenvalues of T_{p^2} are:
256 
computing eigenvalues for k = 2, took 0.481635 sec
traces of hecke eigenvalues of T_{p^1} are:
20 -102 0 90 -132 -244 -610 596 -316 560 -458 1220 234 218 238 -1222 120 42 -524 -152 3482 
computing eigenvalues for k = 1, took 149.346646 sec
traces of hecke eigenvalues of T_{p^2} are:
-184 
computing eigenvalues for k = 2, took 0.487548 sec
For conductor 39:
traces of hecke eigenvalues of T_{p^1} are:
61 97 329 350 615 680 1322 1449 1249 1660 2526 2669 3340 3103 4544 4213 5556 6535 5664 6991 9079 
computing eigenvalues for k = 1, took 144.774906 sec
traces of hecke eigenvalues of T_{p^2} are:
88 
computing eigenvalues for k = 2, took 0.511663 sec
traces of hecke eigenvalues of T_{p^1} are:
84 166 444 488 500 680 816 1748 1962 1752 2710 3060 3386 3816 3900 5662 6016 6328 7734 7566 10528 
computing eigenvalues for k = 1, took 144.177236 sec
traces of hecke eigenvalues of T_{p^2} are:
272 
computing eigenvalues for k = 2, took 0.504614 sec
traces of hecke eigenvalues of T_{p^1} are:
6 30 72 118 -320 -134 420 -376 -466 176 -620 36 1210 392 -562 -22 -1494 1768 186 -1640 -174 
computing eigenvalues for k = 1, took 144.419877 sec
traces of hecke eigenvalues of T_{p^2} are:
-216 
computing eigenvalues for k = 2, took 0.521210 sec
traces of hecke eigenvalues of T_{p^1} are:
-9 58 17 -162 466 -8 -20 -225 158 477 753 1240 1718 -594 -442 -503 -960 408 1844 -146 -1682 
computing eigenvalues for k = 1, took 144.919342 sec
traces of hecke eigenvalues of T_{p^2} are:
-108 
computing eigenvalues for k = 2, took 0.503420 sec
traces of hecke eigenvalues of T_{p^1} are:
112 220 776 808 1112 2144 2024 2712 3644 3168 4188 5560 7220 8192 8640 10652 9904 12208 12556 16980 18480 
computing eigenvalues for k = 1, took 143.768468 sec
traces of hecke eigenvalues of T_{p^2} are:
96 
computing eigenvalues for k = 2, took 0.511484 sec
traces of hecke eigenvalues of T_{p^1} are:
138 430 744 1054 1764 2168 2738 3664 5256 5756 7022 7484 11142 11476 12754 16118 14148 18876 21782 23096 27876 
computing eigenvalues for k = 1, took 144.366475 sec
traces of hecke eigenvalues of T_{p^2} are:
-96 
computing eigenvalues for k = 2, took 0.509211 sec
For conductor 78:
traces of hecke eigenvalues of T_{p^1} are:
-28 16 -200 -10 -62 32 170 -88 -514 482 -378 172 -752 -164 568 176 -2876 8 442 -814 -3456 
computing eigenvalues for k = 1, took 434.349507 sec
traces of hecke eigenvalues of T_{p^2} are:
-88 
computing eigenvalues for k = 2, took 0.551618 sec
traces of hecke eigenvalues of T_{p^1} are:
6 30 72 118 -320 -134 420 -376 -466 176 -620 36 1210 392 -562 -22 -1494 1768 186 -1640 -174 
computing eigenvalues for k = 1, took 435.389404 sec
traces of hecke eigenvalues of T_{p^2} are:
-216 
computing eigenvalues for k = 2, took 0.571621 sec
For conductor 65:
traces of hecke eigenvalues of T_{p^1} are:
3 -70 -165 254 -20 268 396 -223 -198 -483 827 558 -350 -186 462 -1123 -1208 -956 -348 744 -176 
computing eigenvalues for k = 1, took 148.662597 sec
traces of hecke eigenvalues of T_{p^2} are:
44 
computing eigenvalues for k = 2, took 0.487676 sec
traces of hecke eigenvalues of T_{p^1} are:
1 -14 31 14 204 -32 -164 21 126 -117 245 -50 -30 526 -2 39 -1036 284 280 -440 492 
computing eigenvalues for k = 1, took 146.049338 sec
traces of hecke eigenvalues of T_{p^2} are:
28 
computing eigenvalues for k = 2, took 0.512907 sec
traces of hecke eigenvalues of T_{p^1} are:
41 171 291 434 409 748 746 1181 2191 1408 2490 2895 3540 2951 5328 4319 4404 5639 6200 7545 9427 
computing eigenvalues for k = 1, took 148.723613 sec
traces of hecke eigenvalues of T_{p^2} are:
-72 
computing eigenvalues for k = 2, took 0.485188 sec
traces of hecke eigenvalues of T_{p^1} are:
112 318 680 718 1398 2052 2154 2404 3584 3462 4328 5608 6698 7612 7492 11154 11260 13172 13824 16312 17920 
computing eigenvalues for k = 1, took 148.584546 sec
traces of hecke eigenvalues of T_{p^2} are:
96 
computing eigenvalues for k = 2, took 0.484683 sec
traces of hecke eigenvalues of T_{p^1} are:
9 66 -107 134 -150 -378 62 589 -364 13 741 -1132 366 52 562 -945 1722 418 -1324 976 -1858 
computing eigenvalues for k = 1, took 148.709113 sec
traces of hecke eigenvalues of T_{p^2} are:
72 
computing eigenvalues for k = 2, took 0.490825 sec
traces of hecke eigenvalues of T_{p^1} are:
35 -38 -221 178 -88 250 626 59 -460 195 9 -1162 618 1420 1334 761 -178 554 -960 -2962 2204 
computing eigenvalues for k = 1, took 148.716876 sec
traces of hecke eigenvalues of T_{p^2} are:
-164 
computing eigenvalues for k = 2, took 0.491232 sec
traces of hecke eigenvalues of T_{p^1} are:
64 76 364 404 588 628 928 1152 1308 1728 2216 2944 2796 4276 4048 5496 5864 5504 6880 9220 8976 
computing eigenvalues for k = 1, took 148.216034 sec
traces of hecke eigenvalues of T_{p^2} are:
112 
computing eigenvalues for k = 2, took 0.491708 sec
traces of hecke eigenvalues of T_{p^1} are:
44 146 404 354 438 928 1298 1492 1348 1578 2876 3224 3806 4416 5168 4426 5604 5804 7020 6780 9856 
computing eigenvalues for k = 1, took 148.812626 sec
traces of hecke eigenvalues of T_{p^2} are:
-48 
computing eigenvalues for k = 2, took 0.493296 sec
traces of hecke eigenvalues of T_{p^1} are:
92 250 530 620 1050 1626 2026 2524 3180 4148 3818 5712 7146 7008 8898 8698 11710 14500 13602 15096 21294 
computing eigenvalues for k = 1, took 144.894382 sec
traces of hecke eigenvalues of T_{p^2} are:
-64 
computing eigenvalues for k = 2, took 0.487026 sec
traces of hecke eigenvalues of T_{p^1} are:
170 178 584 926 1164 1860 1906 3172 3372 3740 4874 5328 7098 8448 10434 10858 10744 12460 14658 15168 19044 
computing eigenvalues for k = 1, took 143.727021 sec
traces of hecke eigenvalues of T_{p^2} are:
560 
computing eigenvalues for k = 2, took 0.478179 sec
traces of hecke eigenvalues of T_{p^1} are:
-3 20 -169 112 102 -324 50 -611 222 181 341 166 240 662 -38 309 108 760 192 244 -736 
computing eigenvalues for k = 1, took 142.504215 sec
traces of hecke eigenvalues of T_{p^2} are:
-116 
computing eigenvalues for k = 2, took 0.329194 sec
For conductor 130:
traces of hecke eigenvalues of T_{p^1} are:
1 -14 31 14 204 -32 -164 21 126 -117 245 -50 -30 526 -2 39 -1036 284 280 -440 492 
computing eigenvalues for k = 1, took 415.751074 sec
traces of hecke eigenvalues of T_{p^2} are:
28 
computing eigenvalues for k = 2, took 0.499195 sec
traces of hecke eigenvalues of T_{p^1} are:
-3 20 -169 112 102 -324 50 -611 222 181 341 166 240 662 -38 309 108 760 192 244 -736 
computing eigenvalues for k = 1, took 412.818339 sec
traces of hecke eigenvalues of T_{p^2} are:
-116 
computing eigenvalues for k = 2, took 0.372856 sec
For conductor 195:
traces of hecke eigenvalues of T_{p^1} are:
27 -46 3 -10 -212 -20 324 41 330 -123 587 1086 -566 -810 -330 -643 -1160 -836 156 1560 1072 
computing eigenvalues for k = 1, took 402.679181 sec
traces of hecke eigenvalues of T_{p^2} are:
68 
computing eigenvalues for k = 2, took 0.551159 sec
traces of hecke eigenvalues of T_{p^1} are:
-8 -108 100 -40 88 -200 -232 -128 -360 -24 -372 24 -268 -8 -1520 364 1208 -752 -28 -740 1932 
computing eigenvalues for k = 1, took 357.415546 sec
traces of hecke eigenvalues of T_{p^2} are:
-84 
computing eigenvalues for k = 2, took 0.546340 sec
traces of hecke eigenvalues of T_{p^1} are:
-13 -98 -27 -70 58 -2 170 267 -372 365 217 -478 -210 1090 -368 -381 1294 -1384 -6 -604 130 
computing eigenvalues for k = 1, took 359.257908 sec
traces of hecke eigenvalues of T_{p^2} are:
-100 
computing eigenvalues for k = 2, took 0.364737 sec
For conductor 390:
traces of hecke eigenvalues of T_{p^1} are:
-82 154 258 -2 -112 302 -408 -172 518 -294 1396 1844 330 1534 -2710 2314 -630 -3310 -538 5154 -948 
computing eigenvalues for k = 1, took 93.493679 sec
traces of hecke eigenvalues of T_{p^2} are:
-32 
computing eigenvalues for k = 2, took 0.333498 sec
traces of hecke eigenvalues of T_{p^1} are:
64 92 316 380 372 892 848 1440 1220 1816 2088 2440 3644 3700 4016 5624 6024 6424 7320 7724 10000 
computing eigenvalues for k = 1, took 109.672425 sec
traces of hecke eigenvalues of T_{p^2} are:
112 
computing eigenvalues for k = 2, took 0.333311 sec
traces of hecke eigenvalues of T_{p^1} are:
6 -46 156 -238 64 -20 510 -292 84 264 -118 768 -566 -444 474 422 -284 -836 -342 492 -92 
computing eigenvalues for k = 1, took 169.490438 sec
traces of hecke eigenvalues of T_{p^2} are:
8 
computing eigenvalues for k = 2, took 0.640307 sec
traces of hecke eigenvalues of T_{p^1} are:
52 140 352 392 600 688 1160 1704 1700 1648 1704 3520 4364 2980 4328 4616 5844 4936 5640 6476 8908 
computing eigenvalues for k = 1, took 138.724487 sec
traces of hecke eigenvalues of T_{p^2} are:
16 
computing eigenvalues for k = 2, took 0.495749 sec
traces of hecke eigenvalues of T_{p^1} are:
27 -46 3 -10 -212 -20 324 41 330 -123 587 1086 -566 -810 -330 -643 -1160 -836 156 1560 1072 
computing eigenvalues for k = 1, took 138.873211 sec
traces of hecke eigenvalues of T_{p^2} are:
68 
computing eigenvalues for k = 2, took 0.493517 sec
traces of hecke eigenvalues of T_{p^1} are:
63 129 275 414 655 952 786 1297 1887 2132 2562 2651 3132 4267 4240 4297 4436 5145 7312 8225 9227 
computing eigenvalues for k = 1, took 137.278448 sec
traces of hecke eigenvalues of T_{p^2} are:
104 
computing eigenvalues for k = 2, took 0.489994 sec
traces of hecke eigenvalues of T_{p^1} are:
0 40 72 -176 -208 224 -168 -56 672 -120 520 -96 392 528 -624 400 56 416 24 -144 -592 
computing eigenvalues for k = 1, took 132.357341 sec
traces of hecke eigenvalues of T_{p^2} are:
-128 
computing eigenvalues for k = 2, took 0.486454 sec
traces of hecke eigenvalues of T_{p^1} are:
28 -44 -40 -104 284 752 -208 48 692 -1476 -888 -800 1556 872 -204 -1276 -608 832 -392 -108 -144 
computing eigenvalues for k = 1, took 114.290454 sec
traces of hecke eigenvalues of T_{p^2} are:
96 
computing eigenvalues for k = 2, took 0.331793 sec
traces of hecke eigenvalues of T_{p^1} are:
-13 -98 -27 -70 58 -2 170 267 -372 365 217 -478 -210 1090 -368 -381 1294 -1384 -6 -604 130 
computing eigenvalues for k = 1, took 93.698827 sec
traces of hecke eigenvalues of T_{p^2} are:
-100 
computing eigenvalues for k = 2, took 0.329575 sec
