constructing eigenvector for poly
x-6
constructing eigenvector for poly
x-2
constructing eigenvector for poly
x-15
constructing eigenvector for poly
x^7+7*x^6+4*x^5-30*x^4-15*x^3+28*x^2-3
constructing eigenvector for poly
x^3+14*x^2+52*x+40
constructing eigenvector for poly
x^4-20*x^3+128*x^2-282*x+157
constructing eigenvector for poly
x^13-72*x^12+2315*x^11-43875*x^10+544943*x^9-4665317*x^8+28194229*x^7-121146137*x^6+367879912*x^5-774319387*x^4+1089179256*x^3-960350940*x^2+469977360*x-94674240
constructing eigenvector for poly
x+6
constructing eigenvector for poly
x+1
constructing eigenvector for poly
x^11-60*x^10+1581*x^9-24063*x^8+234011*x^7-1518395*x^6+6661215*x^5-19584353*x^4+37393668*x^3-43546857*x^2+27403524*x-6988272
constructing eigenvector for poly
x^8+12*x^7+x^6-256*x^5-47*x^4+1645*x^3-272*x^2-2681*x+337
constructing eigenvector for poly
x^3+6*x^2+12*x+8
constructing eigenvector for poly
x^3+x^2-13*x-23
computing eigenvectors took 0.632541 sec
For conductor 1, eigenvectors are:
20 2 2 2 2 2 2 2 2 -4 2 2 2 2 2 -1 -1 -1 -1 2 -1 -1 2 -1 -4 -1 -1 2 -1 -1 over Number field with defining polynomial x-6
10 -3 2 -2 -4 1 -2 1 -2 0 -1 1 2 1 0 -1 1 1 1 0 0 1 -1 0 0 0 0 0 -1 0 over Number field with defining polynomial x-2
-1 -1 -1 -1 -1 -1 -1 -1 -1 -1 -1 -1 -1 -1 -1 -1 -1 -1 -1 -1 -1 -1 -1 -1 -1 -1 -1 -1 -1 -1 over Number field with defining polynomial x-15
0 0 24*a^6 + 144*a^5 + 192*a^4 - 432*a^3 - 720*a^2 + 408*a + 144 -24*a^6 - 72*a^5 + 24*a^4 + 48*a^3 + 144*a^2 - 24*a - 48 24*a^6 + 72*a^5 - 24*a^4 - 48*a^3 - 144*a^2 + 24*a + 48 -12*a^6 - 72*a^5 - 96*a^4 + 216*a^3 + 360*a^2 - 204*a - 72 -24*a^6 - 180*a^5 - 168*a^4 + 444*a^3 + 240*a^2 - 204*a - 36 -12*a^5 - 72*a^4 - 120*a^3 + 96*a^2 + 60*a - 48 16*a^6 + 64*a^5 + 24*a^4 - 160*a^3 - 24*a^2 + 80*a - 16 -16*a^6 - 120*a^5 - 112*a^4 + 416*a^3 + 384*a^2 - 208*a - 136 42*a^5 + 66*a^4 - 102*a^3 - 102*a^2 + 42*a + 30 -6*a^6 - 36*a^5 - 60*a^4 + 48*a^3 + 30*a^2 - 24*a 6*a^6 + 12*a^5 - 30*a^4 - 102*a^3 - 6*a^2 + 12*a + 36 -6*a^6 + 6*a^5 + 84*a^4 + 6*a^3 - 138*a^2 + 84*a - 12 4*a^5 + 24*a^4 + 40*a^3 - 32*a^2 - 20*a + 16 4*a^6 + 36*a^5 + 24*a^4 - 136*a^3 - 72*a^2 + 36*a + 44 8*a^6 + 60*a^5 + 56*a^4 - 148*a^3 - 80*a^2 + 68*a + 12 -4*a^6 - 28*a^5 - 4*a^4 + 44*a^3 - 96*a^2 - 16*a + 40 12*a^6 + 60*a^5 + 16*a^4 - 184*a^3 - 28*a^2 + 92*a + 8 -12*a^6 - 44*a^5 + 52*a^4 + 200*a^3 - 100*a 4*a^6 + 12*a^5 - 64*a^4 - 120*a^3 + 12*a^2 + 60*a + 8 -24*a^5 - 80*a^4 + 56*a^3 + 184*a^2 - 28*a - 60 8*a^6 + 32*a^5 - 48*a^4 - 192*a^3 + 24*a^2 + 96*a - 8 40*a^5 + 140*a^4 - 20*a^3 - 200*a^2 + 36*a + 36 4*a^5 + 24*a^4 + 40*a^3 - 32*a^2 - 20*a + 16 -28*a^5 - 88*a^4 + 68*a^3 + 212*a^2 - 124*a - 16 -6*a^5 + 12*a^4 + 88*a^3 + 30*a^2 - 60*a - 8 -16*a^5 - 16*a^4 + 136*a^3 + 106*a^2 - 84*a - 30 10*a^5 + 24*a^4 - 84*a^3 - 80*a^2 + 74*a + 8 -4*a^6 - 12*a^5 - 4*a^4 - 32*a^3 - 76*a^2 + 48*a + 16 over Number field with defining polynomial x^7+7*x^6+4*x^5-30*x^4-15*x^3+28*x^2-3
0 0 24*a+192 48 -48 -12*a-96 6*a^2 + 72*a + 192 12*a^2 + 156*a + 456 -4*a^2 - 64*a - 224 -8*a^2 - 96*a - 256 12*a+72 -6*a^2 - 84*a - 240 -6*a^2 - 72*a - 216 -12*a-96 -4*a^2 - 52*a - 152 4*a^2 + 44*a + 96 -2*a^2 - 24*a - 64 2*a^2 + 20*a + 40 2*a^2 + 20*a + 40 -2*a^2 - 16*a - 24 4*a^2 + 48*a + 136 4*a^2 + 56*a + 168 -6*a^2 - 68*a - 160 4*a^2 + 48*a + 136 -4*a^2 - 52*a - 152 4*a+32 4*a+32 4*a^2 + 48*a + 136 -8 -a^2 - 12*a - 36 over Number field with defining polynomial x^3+14*x^2+52*x+40
90*a^3 - 1170*a^2 + 4230*a - 5850 18*a^3 - 144*a^2 - 162*a + 1512 -18*a^3 + 234*a^2 - 828*a + 684 18*a^3 - 324*a^2 + 1800*a - 2394 18*a^3 - 324*a^2 + 1800*a - 2394 -18*a^3 + 234*a^2 - 828*a + 684 -18*a^3 + 234*a^2 - 828*a + 684 -45*a^2 + 486*a - 855 3*a^3 - 15*a^2 + 9*a - 435 6*a^3 - 72*a^2 + 96*a + 258 45*a^2 - 495*a + 1098 45*a^2 - 495*a + 1098 45*a^2 - 495*a + 1098 -45*a^2 + 486*a - 855 -12*a^3 + 141*a^2 - 390*a + 171 -6*a^3 + 81*a^2 - 366*a + 471 -6*a^3 + 51*a^2 - 39*a - 180 6*a^3 - 105*a^2 + 510*a - 555 12*a^3 - 168*a^2 + 621*a - 417 18*a^3 - 276*a^2 + 1242*a - 1782 18*a^3 - 273*a^2 + 1155*a - 1620 -9*a^3 + 156*a^2 - 723*a + 792 -6*a^3 + 48*a^2 + 48*a - 342 -9*a^3 + 156*a^2 - 723*a + 792 3*a^3 - 57*a^2 + 393*a - 723 -3*a^3 + 33*a^2 + 42*a - 372 -12*a^2 + 72*a - 42 15*a^2 - 168*a + 447 18*a^2 - 255*a + 609 -3*a^3 + 63*a^2 - 285*a + 279 over Number field with defining polynomial x^4-20*x^3+128*x^2-282*x+157
a vector of length 30 over Number field with defining polynomial a number field of degree 13
For conductor 5, eigenvectors are:
For conductor 53, eigenvectors are:
1 over Number field with defining polynomial x+6
For conductor 265, eigenvectors are:
-6 -6 6 6 2 0 -3 -6 0 -2 -2 1 4 -3 2 1 2 0 -2 1 3 0 -1 over Number field with defining polynomial x+1
a vector of length 23 over Number field with defining polynomial a number field of degree 11
144*a^7 + 1836*a^6 + 2076*a^5 - 28656*a^4 - 21168*a^3 + 115092*a^2 + 17892*a - 51528 -60*a^7 - 492*a^6 + 1356*a^5 + 8892*a^4 - 20904*a^3 - 20352*a^2 + 66480*a - 33168 60*a^7 + 492*a^6 - 1356*a^5 - 8892*a^4 + 20904*a^3 + 20352*a^2 - 66480*a + 33168 72*a^7 + 960*a^6 + 1380*a^5 - 14682*a^4 - 18792*a^3 + 52212*a^2 + 48000*a - 18174 32*a^7 + 488*a^6 + 1612*a^5 - 4012*a^4 - 22512*a^3 + 5544*a^2 + 75756*a - 5908 6*a^7 + 126*a^6 + 705*a^5 - 195*a^4 - 8547*a^3 - 11037*a^2 + 46620*a - 5022 12*a^7 + 120*a^6 + 363*a^5 - 720*a^4 - 6732*a^3 + 4908*a^2 + 8277*a + 10272 12*a^7 + 39*a^6 - 531*a^5 - 1098*a^4 + 5907*a^3 + 426*a^2 - 7812*a - 1119 3*a^7 + 117*a^6 + 843*a^5 - 591*a^4 - 13563*a^3 + 10107*a^2 + 26817*a - 7701 -24*a^7 - 320*a^6 - 460*a^5 + 4894*a^4 + 6264*a^3 - 17404*a^2 - 16000*a + 6058 8*a^7 + 62*a^6 - 460*a^5 - 2770*a^4 + 7728*a^3 + 16410*a^2 - 34896*a - 5634 2*a^7 + 38*a^6 + 142*a^5 - 1066*a^4 - 4882*a^3 + 8298*a^2 + 12230*a - 878 -8*a^7 - 116*a^6 - 226*a^5 + 1402*a^4 + 1626*a^3 + 954*a^2 - 7348*a - 9996 20*a^7 + 276*a^6 + 562*a^5 - 3278*a^4 - 7184*a^3 + 9176*a^2 + 14146*a + 10390 2*a^7 + 42*a^6 + 366*a^5 - 614*a^4 - 7052*a^3 + 8108*a^2 + 18452*a - 15128 4*a^6 + 286*a^5 + 150*a^4 - 3700*a^3 + 6136*a^2 - 1718*a - 4930 -36*a^6 - 46*a^5 + 1224*a^4 - 1332*a^3 - 2100*a^2 + 6110*a - 12468 90*a^6 + 642*a^5 - 972*a^4 - 7094*a^3 + 5088*a^2 + 4616*a + 20062 36*a^6 + 548*a^5 + 238*a^4 - 11324*a^3 + 1852*a^2 + 36768*a - 8878 -26*a^7 - 384*a^6 - 908*a^5 + 5170*a^4 + 12570*a^3 - 25920*a^2 - 20860*a + 13722 -9*a^6 - 74*a^5 - 103*a^4 + 2444*a^3 + 1253*a^2 - 12734*a + 3239 -9*a^6 - 245*a^5 - 574*a^4 + 3682*a^3 + 7997*a^2 - 21409*a - 2818 -36*a^6 - 574*a^5 - 549*a^4 + 8660*a^3 + 3340*a^2 - 22802*a - 11275 over Number field with defining polynomial x^8+12*x^7+x^6-256*x^5-47*x^4+1645*x^3-272*x^2-2681*x+337
12*a^2 - 6*a - 96 -6*a^2 + 12*a + 72 6*a^2 - 12*a - 72 -9*a^2 + 9*a + 84 -4*a^2 + 8*a + 48 6*a^2 - 12*a - 72 6*a^2 - 9*a - 63 -9*a^2 + 9*a + 84 -3*a^2 - 3*a + 12 3*a^2 - 3*a - 28 4*a^2 - 5*a - 40 2*a+5 -a^2 + 3*a + 15 -5*a^2 + 9*a + 57 5*a^2 - 10*a - 59 -9*a^2 + 10*a + 86 5*a^2 - 4*a - 44 5*a^2 - 8*a - 54 5*a^2 - 3*a - 42 3*a+8 2*a+5 -2*a^2 + 3*a + 21 -2*a-5 over Number field with defining polynomial x^3+x^2-13*x-23
For conductor 1:
traces of hecke eigenvalues of T_{p^1} are:
6 13 58 186 139 207 319 759 771 832 1399 1308 1624 2526 3990 3964 4000 5805 4540 6439 6639 9360 9319 
computing eigenvalues for k = 1, took 22.455352 sec
traces of hecke eigenvalues of T_{p^2} are:
3 12 64 
computing eigenvalues for k = 2, took 0.228257 sec
traces of hecke eigenvalues of T_{p^1} are:
2 14 62 164 144 332 480 474 820 884 1672 1744 2334 1742 4040 3264 4682 5524 4524 6920 7254 7860 9892 
computing eigenvalues for k = 1, took 22.645764 sec
traces of hecke eigenvalues of T_{p^2} are:
-9 16 96 
computing eigenvalues for k = 2, took 0.228660 sec
traces of hecke eigenvalues of T_{p^1} are:
15 40 400 1464 2380 5220 7240 12720 25260 30784 52060 70644 81400 106080 208920 230764 305320 363024 394420 499360 578760 712980 922180 
computing eigenvalues for k = 1, took 22.480917 sec
traces of hecke eigenvalues of T_{p^2} are:
30 120 2800 
computing eigenvalues for k = 2, took 0.233690 sec
traces of hecke eigenvalues of T_{p^1} are:
-7 -9 -15 -138 250 241 -148 -35 -615 292 497 -506 -424 1091 -1619 1824 655 515 1953 -476 -918 -259 2247 
computing eigenvalues for k = 1, took 14.662691 sec
traces of hecke eigenvalues of T_{p^2} are:
-10 -44 -114 
computing eigenvalues for k = 2, took 0.249711 sec
traces of hecke eigenvalues of T_{p^1} are:
-14 15 46 52 -75 -7 509 -165 -295 -386 613 -344 2100 -2012 1618 -2164 780 881 -2196 1247 3087 -628 1061 
computing eigenvalues for k = 1, took 14.695716 sec
traces of hecke eigenvalues of T_{p^2} are:
13 30 168 
computing eigenvalues for k = 2, took 0.264462 sec
traces of hecke eigenvalues of T_{p^1} are:
20 33 178 465 615 1366 1375 1860 3917 3685 5653 7272 6657 8458 13889 15732 17970 21035 21534 24282 27053 32319 38530 
computing eigenvalues for k = 1, took 22.678388 sec
traces of hecke eigenvalues of T_{p^2} are:
0 -28 -176 
computing eigenvalues for k = 2, took 0.226271 sec
traces of hecke eigenvalues of T_{p^1} are:
72 151 655 1601 2327 3712 5072 6742 11026 13093 17647 21598 23578 27903 44061 50363 57593 64699 71391 80915 89209 102119 122750 
computing eigenvalues for k = 1, took 22.532634 sec
traces of hecke eigenvalues of T_{p^2} are:
21 84 40 
computing eigenvalues for k = 2, took 0.239945 sec
For conductor 5:
For conductor 53:
traces of hecke eigenvalues of T_{p^1} are:
-6 -7 -22 32 -77 -25 5 83 -253 16 451 268 356 -608 382 -1006 -678 483 -1170 521 199 -1396 483 
computing eigenvalues for k = 1, took 365.530477 sec
traces of hecke eigenvalues of T_{p^2} are:
7 2 24 
computing eigenvalues for k = 2, took 0.607440 sec
For conductor 265:
traces of hecke eigenvalues of T_{p^1} are:
-1 -3 0 -8 -21 119 67 -37 -57 92 -205 96 6 -538 106 -838 -104 645 914 635 471 732 811 
computing eigenvalues for k = 1, took 156.609209 sec
traces of hecke eigenvalues of T_{p^2} are:
-8 -12 -80 
computing eigenvalues for k = 2, took 0.526527 sec
traces of hecke eigenvalues of T_{p^1} are:
60 123 571 1257 1967 3278 3742 5834 8972 10333 15183 18370 20404 23719 38497 39185 49761 53491 60099 69411 77745 89435 105264 
computing eigenvalues for k = 1, took 156.523606 sec
traces of hecke eigenvalues of T_{p^2} are:
15 52 168 
computing eigenvalues for k = 2, took 0.516008 sec
traces of hecke eigenvalues of T_{p^1} are:
-12 -16 53 -6 5 -68 163 -232 -90 544 -290 734 -786 -743 1015 1126 -1799 1402 2107 1055 -2489 -1791 382 
computing eigenvalues for k = 1, took 159.094788 sec
traces of hecke eigenvalues of T_{p^2} are:
10 -20 -106 
computing eigenvalues for k = 2, took 0.514605 sec
traces of hecke eigenvalues of T_{p^1} are:
-6 -1 -62 14 77 1 267 155 217 -202 169 -320 192 -878 -1018 1214 -914 -273 290 -823 -293 1256 2649 
computing eigenvalues for k = 1, took 157.568425 sec
traces of hecke eigenvalues of T_{p^2} are:
-7 -4 108 
computing eigenvalues for k = 2, took 0.511356 sec
