constructing eigenvector for poly
x-40
constructing eigenvector for poly
x^47-548*x^46+146254*x^45-25332922*x^44+3201996268*x^43-314838437278*x^42+25069652417882*x^41-1661722453346092*x^40+93536651205493521*x^39-4538921476783190062*x^38+192108345429383714885*x^37-7157997281887426196176*x^36+236559124408642392905679*x^35-6976628789023103529614558*x^34+184541865848022826648220882*x^33-4396380937297296744868371642*x^32+94655031291624075882273222649*x^31-1847039052453135356725635180586*x^30+32742012457992463383873750314995*x^29-528262936103011528071913842125092*x^28+7768844355845169157444373794555429*x^27-104259146416853552035502028935163696*x^26+1277819177781344087330107012311074913*x^25-14309774325662548284359296848020332318*x^24+146448537881907094076340619740774917025*x^23-1369555410982544306711863411116686329582*x^22+11698835051803179984940996353894374899898*x^21-91215826285383611927845577275481865971602*x^20+648519402407437107248507899236104332344706*x^19-4198725433532180452039577014385713581447272*x^18+24712343398283770364742811112996088627437235*x^17-131947070049883796889979790031119397493468762*x^16+637481597188366362069437401896425529940828150*x^15-2778349519333244275938005931271607537452557180*x^14+10883419769407086903062285710348759756798547990*x^13-38150454690413909172613900149274261524479200112*x^12+119044130293398957773248292757625684517497130179*x^11-328577961091751936475830327608278483995457100158*x^10+796053617257225905515200331631708244747975138306*x^9-1676842544035462720922630996998978936731534808616*x^8+3034687446813107777607706836315582621218733855173*x^7-4647002980091497631303727692993480311164657310810*x^6+5900715760457216304869385758250992118533772389524*x^5-6042981106066902652644734772110877161642463366544*x^4+4793440014235352272988264290705740377408055353824*x^3-2761947274817805741385969558149366313241356223104*x^2+1027880535044020813449389885204549808382459236096*x-185361312805418073765725870091412744828379806848
constructing eigenvector for poly
x^25-297*x^24+41906*x^23-3737693*x^22+236549898*x^21-11303422310*x^20+423687761851*x^19-12776367064577*x^18+315402212602779*x^17-6452462146736217*x^16+110326396374535693*x^15-1585553198474545941*x^14+19216606230509149827*x^13-196669531281218849146*x^12+1698689211574947004389*x^11-12352088655546377335530*x^10+75278446379608974122707*x^9-381898971932367570279291*x^8+1597267781951955522928121*x^7-5434246454879101057886590*x^6+14762010123511854996710680*x^5-31181441443190430878769640*x^4+49235915935808412306866656*x^3-54549969201569911207239616*x^2+37732678369203395782919936*x-12231564700304148658309760
constructing eigenvector for poly
x^51+17*x^50-589*x^49-11259*x^48+142982*x^47+3266008*x^46-17998875*x^45-552181659*x^44+1085040697*x^43+60932858225*x^42+9890286468*x^41-4646976020392*x^40-7535683992718*x^39+252372438561906*x^38+695065567959244*x^37-9876853923291776*x^36-37222479331250549*x^35+277054943871445316*x^34+1348107166825587322*x^33-5398639387420390136*x^32-34546079903241890625*x^31+66290094248548351844*x^30+632556207255072583744*x^29-315512477196046277165*x^28-8172544719108472591373*x^27-4700908748381936488530*x^26+71681490534400542391986*x^25+108722595232531862413581*x^24-389741095992808401591957*x^23-1025152844371542609972344*x^22+976579394449530420540941*x^21+5290354267405551272309816*x^20+1371787066431956419318862*x^19-14490650696136709966761812*x^18-15433726841741482748292152*x^17+17006567058967343646777210*x^16+37220572364990648947628651*x^15+1624338150949835834861779*x^14-38671920495962944237658441*x^13-21630572577710554830877925*x^12+16082884635749476218428989*x^11+18177298373051388871564270*x^10+89214602118568066734114*x^9-5604978949576409228994451*x^8-1627580586176617834437804*x^7+478146702277703115896993*x^6+272869028849729759843356*x^5+21470569328060904117086*x^4-5068394151065587673690*x^3-595387388664783749772*x^2+17162796929700228010*x+2316336537939077303
constructing eigenvector for poly
x^51-67*x^50+1477*x^49-158*x^48-522890*x^47+7385823*x^46+22424975*x^45-1464000031*x^44+9797242341*x^43+90636615542*x^42-1565036604260*x^41+2387210246616*x^40+94824569469831*x^39-622636124698087*x^38-1994841659047700*x^37+36009797088412600*x^36-59922923069314401*x^35-1008912618712161192*x^34+4970972218150229489*x^33+11827333784614901433*x^32-144928562415883628977*x^31+112891112130212320287*x^30+2321450045008800672765*x^29-6476263196992125249468*x^28-20017749352923526639117*x^27+112883545646819439566512*x^26+38968749633095045436937*x^25-1121662785884386826698494*x^24+1140856011100594927711667*x^23+6804458954457516891095548*x^22-14713701353323763353447758*x^21-23094353832478872088967346*x^20+92238676023068751815956992*x^19+19359669696740712044940389*x^18-346859184543864068783256720*x^17+181887928011782294269219691*x^16+793173977781994355933928236*x^15-855238928175329925901096819*x^14-1022738202946280703491219762*x^13+1768398586358543376796581780*x^12+567293887202382275555460981*x^11-1961790646506379025835185434*x^10+91182975884589675396791635*x^9+1208260718462602488152177472*x^8-229963261447213826891730726*x^7-431118877165439705020005082*x^6+86659203055208224643362544*x^5+89008227851580868607715364*x^4-9725053559976141585762274*x^3-8926124198137247775133539*x^2-339416621577081158068926*x+93085085321508731275321
constructing eigenvector for poly
x^10+83*x^9+3064*x^8+66231*x^7+928069*x^6+8805965*x^5+57278301*x^4+252091860*x^3+718182541*x^2+1195443691*x+882533171
constructing eigenvector for poly
x^51+17*x^50-589*x^49-11259*x^48+142982*x^47+3266008*x^46-17998875*x^45-552181659*x^44+1085040697*x^43+60932858225*x^42+9890286468*x^41-4646976020392*x^40-7535683992718*x^39+252372438561906*x^38+695065567959244*x^37-9876853923291776*x^36-37222479331250549*x^35+277054943871445316*x^34+1348107166825587322*x^33-5398639387420390136*x^32-34546079903241890625*x^31+66290094248548351844*x^30+632556207255072583744*x^29-315512477196046277165*x^28-8172544719108472591373*x^27-4700908748381936488530*x^26+71681490534400542391986*x^25+108722595232531862413581*x^24-389741095992808401591957*x^23-1025152844371542609972344*x^22+976579394449530420540941*x^21+5290354267405551272309816*x^20+1371787066431956419318862*x^19-14490650696136709966761812*x^18-15433726841741482748292152*x^17+17006567058967343646777210*x^16+37220572364990648947628651*x^15+1624338150949835834861779*x^14-38671920495962944237658441*x^13-21630572577710554830877925*x^12+16082884635749476218428989*x^11+18177298373051388871564270*x^10+89214602118568066734114*x^9-5604978949576409228994451*x^8-1627580586176617834437804*x^7+478146702277703115896993*x^6+272869028849729759843356*x^5+21470569328060904117086*x^4-5068394151065587673690*x^3-595387388664783749772*x^2+17162796929700228010*x+2316336537939077303
constructing eigenvector for poly
x^4+17*x^3+44*x^2-62*x-59
constructing eigenvector for poly
x^6+42*x^5+682*x^4+5357*x^3+20752*x^2+35920*x+22147
constructing eigenvector for poly
x^23+108*x^22+5355*x^21+161416*x^20+3296664*x^19+48010166*x^18+508457716*x^17+3875551585*x^16+19831957833*x^15+47704559774*x^14-201220485302*x^13-2810460492570*x^12-16001789649621*x^11-58123806863147*x^10-139538144181426*x^9-189429078475395*x^8+25809017040048*x^7+777730493202910*x^6+1935869606050148*x^5+2740231855654167*x^4+2478025235360194*x^3+1408640388932023*x^2+454503652036099*x+62146210862449
constructing eigenvector for poly
x^79+6*x^78-1016*x^77-4761*x^76+482767*x^75+1644557*x^74-142639627*x^73-314223851*x^72+29377071469*x^71+32213493563*x^70-4481403598925*x^69-412182374311*x^68+525409194199596*x^67-429973112975846*x^66-48504097104922558*x^65+80037960370949071*x^64+3584448232117740186*x^63-8691273616214753099*x^62-214447811187683579600*x^61+679521323108843931092*x^60+10462513374258657043426*x^59-40966840019698702374631*x^58-417832406556879664178370*x^57+1968347830722209553114524*x^56+13659982837402894754064249*x^55-76817734567392434042302838*x^54-363835961406208824932943146*x^53+2464420603153625843665407369*x^52+7794866767854910804559093356*x^51-65505120178581446650328223741*x^50-130375240049043704008287471488*x^49+1450015428544522982120804080701*x^48+1572293979297061338239113024394*x^47-26814731415966632767869860677746*x^46-9684639430239376399783597039544*x^45+414909256402306481374475752272108*x^44-97522531695155259564116482273668*x^43-5372507701662496943601175182859154*x^42+3998010916754723371442469027904223*x^41+58144813335491281482939355667248344*x^40-69608821817370029730108972781199614*x^39-524516294613044405682556870425529018*x^38+850355212941805649571514687295564458*x^37+3925586921248908334528670258046237991*x^36-8025410881762672925308188041668384534*x^35-24198628270703195246019382772185369559*x^34+60545533520723129891987628518505706669*x^33+121472333025234678857721616993694674844*x^32-370373342036042848564048142834619952052*x^31-487342718976941065690544895823239364203*x^30+1847106599709361584051011994844058450608*x^29+1509796113696694612506361512590266482026*x^28-7513048427835131071905869887600471266855*x^27-3339806955230617397265380980731175404266*x^26+24847439134186998162564862204616205971501*x^25+3952191910567821775911689280735755650410*x^24-66422094205456872218718913012857015052553*x^23+4144026317838774413918237562239090630969*x^22+142283556994564679305298850622275759698154*x^21-33380693131899428154377520812779137041181*x^20-241446978565892806109053706063685487199677*x^19+88616377184135154377772807752072401334701*x^18+319849244174583314301212408095163086292718*x^17-148828258339805817720777115145978648087144*x^16-324731435184361244656794454732324690544416*x^15+172790718461718592234098557368429841673389*x^14+246919897576470997566399419496170927764489*x^13-140048479178395473288108600056970509131910*x^12-136622516814279327587232427373765992903220*x^11+77525866031251152708471113732378872834861*x^10+53040921278812977674600504464309596528505*x^9-28004935558033786235290080648050288039842*x^8-13766766854952032656281050903798782069214*x^7+6165176824958187956768677344207617123452*x^6+2211310231357721982525531288377840500791*x^5-764642665719950792979798876135698844539*x^4-185862673196663201446709983425766011960*x^3+50884448872281202835541244451980307221*x^2+6151149340501910653093213614855973944*x-1466395410776844243256976721850300237
constructing eigenvector for poly
x^6+42*x^5+682*x^4+5357*x^3+20752*x^2+35920*x+22147
constructing eigenvector for poly
x^25-279*x^24+36952*x^23-3091229*x^22+183338074*x^21-8202812622*x^20+287624528247*x^19-8105918524263*x^18+186829600792843*x^17-3564902244104965*x^16+56791363377930361*x^15-759606840188794003*x^14+8558545715577711487*x^13-81333884080430148538*x^12+651539816357140407199*x^11-4388595955541893915966*x^10+24743457965407754068021*x^9-115974849891166398382861*x^8+447511135110473985141909*x^7-1402518911690727935151568*x^6+3503577992173536519374316*x^5-6791948078165585328556952*x^4+9819033669922619035560816*x^3-9930218915750688256499872*x^2+6245200342199456289705088*x-1830857270292559047954304
computing eigenvectors took 9.106315 sec
For conductor 1, eigenvectors are:
-1 -1 -1 -1 -1 -1 -1 -1 -1 -1 -1 -1 -1 -1 -1 -1 -1 -1 -1 -1 -1 -1 -1 -1 -1 -1 -1 -1 -1 -1 -1 -1 -1 -1 -1 -1 -1 -1 -1 -1 -1 -1 -1 -1 -1 -1 -1 -1 -1 -1 -1 -1 -1 -1 -1 -1 -1 -1 -1 -1 -1 -1 -1 -1 -1 -1 -1 -1 -1 -1 -1 -1 -1 -1 -1 -1 -1 -1 -1 -1 -1 -1 -1 -1 -1 -1 -1 -1 -1 -1 -1 -1 -1 -1 -1 -1 -1 -1 -1 -1 -1 -1 -1 -1 -1 -1 -1 -1 -1 -1 -1 -1 -1 -1 -1 -1 -1 -1 -1 -1 -1 -1 -1 -1 -1 -1 -1 -1 -1 -1 -1 -1 -1 -1 -1 -1 -1 -1 -1 -1 -1 -1 -1 -1 -1 -1 -1 -1 -1 -1 -1 -1 -1 -1 -1 -1 -1 -1 -1 -1 -1 -1 -1 -1 -1 -1 -1 -1 -1 -1 -1 -1 -1 -1 -1 over Number field with defining polynomial x-40
a vector of length 175 over Number field with defining polynomial a number field of degree 47
a vector of length 175 over Number field with defining polynomial a number field of degree 25
a vector of length 175 over Number field with defining polynomial a number field of degree 51
a vector of length 175 over Number field with defining polynomial a number field of degree 51
For conductor 2, eigenvectors are:
a vector of length 61 over Number field with defining polynomial a number field of degree 10
a vector of length 61 over Number field with defining polynomial a number field of degree 51
For conductor 439, eigenvectors are:
-7*a^3 - 98*a^2 + 325*a + 216 -14*a^3 - 151*a^2 + 449*a + 400 9*a^3 + 84*a^2 - 346*a - 307 -13*a^3 - 151*a^2 + 132*a + 148 -5*a^3 - 86*a^2 + 58*a + 101 17*a^3 + 237*a^2 + 127*a + 3 -56*a^2 - 625*a - 377 -7*a^3 - 66*a^2 + 247*a + 196 -14*a^3 - 188*a^2 - 131*a + 15 a^3 + 37*a^2 + 263*a + 133 -21*a^3 - 307*a^2 - 425*a - 164 -6*a^3 - 48*a^2 + 465*a + 337 13*a^3 + 210*a^2 + 577*a + 231 -6*a^3 - 70*a^2 + 336*a + 343 7*a^3 + 82*a^2 - 286*a - 206 -4*a^3 - 33*a^2 + 282*a + 224 7*a^3 + 82*a^2 - 286*a - 206 30*a^3 + 407*a^2 + 40*a - 153 -13*a^3 - 204*a^2 - 409*a - 227 11*a^3 + 117*a^2 + 6*a - 27 19*a^2 + 45*a - 8 -21*a^3 - 288*a^2 - 380*a - 172 3*a^3 + 102*a^2 + 537*a + 393 7*a^3 + 82*a^2 - 286*a - 206 2*a^3 + 68*a^2 + 358*a + 262 10*a^3 + 174*a^2 + 458*a + 201 -14*a^3 - 207*a^2 - 176*a + 23 7*a^3 + 50*a^2 - 208*a - 186 -3*a^3 - 89*a^2 - 660*a - 405 -18*a^2 - 535*a - 393 -37*a^2 - 580*a - 385 3*a^2 + 84*a + 2 -11*a^3 - 174*a^2 - 141*a + 51 over Number field with defining polynomial x^4+17*x^3+44*x^2-62*x-59
3*a^4 + 84*a^3 + 792*a^2 + 2880*a + 3087 0 -a^5 - 32*a^4 - 366*a^3 - 1793*a^2 - 3535*a - 2431 -a^5 - 34*a^4 - 435*a^3 - 2610*a^2 - 7245*a - 6913 -a^5 - 34*a^4 - 430*a^3 - 2487*a^2 - 6410*a - 5783 2*a^4 + 54*a^3 + 484*a^2 + 1655*a + 1881 -2*a^4 - 59*a^3 - 607*a^2 - 2490*a - 3011 -3*a^4 - 84*a^3 - 792*a^2 - 2880*a - 3087 2*a^4 + 54*a^3 + 484*a^2 + 1655*a + 1881 -a^5 - 36*a^4 - 489*a^3 - 3094*a^2 - 8900*a - 8794 -2*a^4 - 59*a^3 - 607*a^2 - 2490*a - 3011 -2*a^3 - 45*a^2 - 229*a - 128 -2*a^4 - 59*a^3 - 607*a^2 - 2490*a - 3011 a^4 + 39*a^3 + 509*a^2 + 2485*a + 3276 0 -2*a^4 - 59*a^3 - 607*a^2 - 2490*a - 3011 0 -a^5 - 39*a^4 - 575*a^3 - 3931*a^2 - 12009*a - 12009 4*a^4 + 123*a^3 + 1301*a^2 + 5365*a + 6363 a^5 + 35*a^4 + 452*a^3 + 2630*a^2 + 6644*a + 5646 2*a^4 + 64*a^3 + 694*a^2 + 2875*a + 3352 -2*a^4 - 64*a^3 - 694*a^2 - 2875*a - 3352 3*a^4 + 84*a^3 + 792*a^2 + 2880*a + 3087 0 3*a^4 + 86*a^3 + 837*a^2 + 3109*a + 3215 0 -2*a^4 - 59*a^3 - 607*a^2 - 2490*a - 3011 2*a^4 + 54*a^3 + 484*a^2 + 1655*a + 1881 a^4 + 30*a^3 + 308*a^2 + 1225*a + 1206 0 2*a^4 + 54*a^3 + 484*a^2 + 1655*a + 1881 -3*a^4 - 84*a^3 - 792*a^2 - 2880*a - 3087 -a^5 - 39*a^4 - 575*a^3 - 3931*a^2 - 12009*a - 12009 over Number field with defining polynomial x^6+42*x^5+682*x^4+5357*x^3+20752*x^2+35920*x+22147
a vector of length 33 over Number field with defining polynomial a number field of degree 23
For conductor 878, eigenvectors are:
a vector of length 110 over Number field with defining polynomial a number field of degree 79
0 0 0 0 0 0 30*a^3 + 738*a^2 + 5010*a + 6780 18*a^4 + 516*a^3 + 5022*a^2 + 18654*a + 19290 -6*a^5 - 216*a^4 - 2862*a^3 - 16890*a^2 - 42204*a - 34332 -6*a^4 - 192*a^3 - 2118*a^2 - 8724*a - 8004 0 4*a^4 + 128*a^3 + 1412*a^2 + 5816*a + 5336 0 0 0 4*a^4 + 128*a^3 + 1412*a^2 + 5816*a + 5336 -20*a^3 - 492*a^2 - 3340*a - 4520 0 -40*a^3 - 840*a^2 - 4880*a - 5884 12*a^4 + 344*a^3 + 3348*a^2 + 12436*a + 12860 -40*a^3 - 840*a^2 - 4880*a - 5884 0 0 0 -4*a^4 - 128*a^3 - 1412*a^2 - 5816*a - 5336 0 -4*a^5 - 144*a^4 - 1908*a^3 - 11260*a^2 - 28136*a - 22888 0 0 0 -4*a^4 - 120*a^3 - 1232*a^2 - 4900*a - 4824 -20*a^3 - 420*a^2 - 2440*a - 2942 -6*a^4 - 202*a^3 - 2340*a^2 - 10328*a - 11632 -2*a^4 - 64*a^3 - 706*a^2 - 2908*a - 2668 0 0 0 0 0 -2*a^5 - 72*a^4 - 954*a^3 - 5630*a^2 - 14068*a - 11444 -2*a^5 - 78*a^4 - 1126*a^3 - 7304*a^2 - 20286*a - 17874 0 10*a^3 + 246*a^2 + 1670*a + 2260 0 -2*a^4 - 54*a^3 - 460*a^2 - 1238*a - 408 0 0 -20*a^3 - 420*a^2 - 2440*a - 2942 0 0 -10*a^3 - 246*a^2 - 1670*a - 2260 2*a^5 + 78*a^4 + 1126*a^3 + 7304*a^2 + 20286*a + 17874 -2*a^4 - 60*a^3 - 616*a^2 - 2450*a - 2412 0 -4*a^4 - 124*a^3 - 1322*a^2 - 5358*a - 5080 -6*a^4 - 172*a^3 - 1674*a^2 - 6218*a - 6430 0 -20*a^3 - 420*a^2 - 2440*a - 2942 2*a^5 + 72*a^4 + 954*a^3 + 5630*a^2 + 14068*a + 11444 -4*a^4 - 118*a^3 - 1214*a^2 - 4980*a - 6022 2*a^4 + 64*a^3 + 706*a^2 + 2908*a + 2668 -2*a^5 - 72*a^4 - 954*a^3 - 5630*a^2 - 14068*a - 11444 2*a^5 + 72*a^4 + 954*a^3 + 5630*a^2 + 14068*a + 11444 -10*a^3 - 246*a^2 - 1670*a - 2260 0 0 0 -6*a^4 - 192*a^3 - 2094*a^2 - 8658*a - 9372 -6*a^4 - 172*a^3 - 1674*a^2 - 6218*a - 6430 2*a^5 + 72*a^4 + 954*a^3 + 5630*a^2 + 14068*a + 11444 -2*a^4 - 60*a^3 - 616*a^2 - 2450*a - 2412 -10*a^3 - 246*a^2 - 1670*a - 2260 0 2*a^4 + 60*a^3 + 616*a^2 + 2450*a + 2412 2*a^4 + 60*a^3 + 616*a^2 + 2450*a + 2412 2*a^4 + 60*a^3 + 616*a^2 + 2450*a + 2412 4*a^4 + 124*a^3 + 1322*a^2 + 5358*a + 5080 -a^4 - 30*a^3 - 308*a^2 - 1225*a - 1206 0 3*a^4 + 91*a^3 + 960*a^2 + 3944*a + 4345 a^5 + 39*a^4 + 563*a^3 + 3652*a^2 + 10143*a + 8937 3*a^4 + 96*a^3 + 1047*a^2 + 4329*a + 4686 -a^5 - 36*a^4 - 477*a^3 - 2815*a^2 - 7034*a - 5722 10*a^3 + 210*a^2 + 1220*a + 1471 -a^4 - 30*a^3 - 308*a^2 - 1225*a - 1206 a^5 + 36*a^4 + 477*a^3 + 2815*a^2 + 7034*a + 5722 -3*a^4 - 86*a^3 - 837*a^2 - 3109*a - 3215 10*a^3 + 210*a^2 + 1220*a + 1471 a^4 + 24*a^3 + 176*a^2 + 430*a + 675 -10*a^3 - 210*a^2 - 1220*a - 1471 -a^4 - 35*a^3 - 431*a^2 - 2060*a - 2336 0 -10*a^3 - 210*a^2 - 1220*a - 1471 0 a^4 + 32*a^3 + 353*a^2 + 1454*a + 1334 5*a^3 + 123*a^2 + 835*a + 1130 -a^4 - 27*a^3 - 230*a^2 - 619*a - 204 15*a^3 + 333*a^2 + 2055*a + 2601 15*a^3 + 333*a^2 + 2055*a + 2601 -a^4 - 30*a^3 - 308*a^2 - 1225*a - 1206 0 -2*a^4 - 54*a^3 - 484*a^2 - 1655*a - 1881 0 -10*a^3 - 210*a^2 - 1220*a - 1471 -a^5 - 36*a^4 - 477*a^3 - 2815*a^2 - 7034*a - 5722 -a^5 - 37*a^4 - 507*a^3 - 3123*a^2 - 8259*a - 6928 0 -a^5 - 36*a^4 - 477*a^3 - 2815*a^2 - 7034*a - 5722 a^4 + 30*a^3 + 308*a^2 + 1225*a + 1206 -a^4 - 32*a^3 - 353*a^2 - 1454*a - 1334 over Number field with defining polynomial x^6+42*x^5+682*x^4+5357*x^3+20752*x^2+35920*x+22147
a vector of length 110 over Number field with defining polynomial a number field of degree 25
For conductor 1:
traces of hecke eigenvalues of T_{p^1} are:
40 156 400 1464 2380 5220 7240 12720 25260 30784 52060 70644 81400 106080 151740 208920 230764 305320 363024 394420 499360 578760 712980 922180 
computing eigenvalues for k = 1, took 76.947843 sec
traces of hecke eigenvalues of T_{p^2} are:
120 780 2800 
computing eigenvalues for k = 2, took 0.541840 sec
traces of hecke eigenvalues of T_{p^1} are:
548 1329 2585 5927 8455 13886 17633 25248 39361 46122 64998 78882 88600 105648 131175 164038 176027 212958 235907 250687 293370 325241 366846 443444 
computing eigenvalues for k = 1, took 76.759084 sec
traces of hecke eigenvalues of T_{p^2} are:
312 642 1880 
computing eigenvalues for k = 2, took 0.617156 sec
traces of hecke eigenvalues of T_{p^1} are:
297 752 1321 3353 4392 7513 9352 13929 21831 24666 34145 42328 46310 56081 71561 88853 93150 111169 128494 132021 157309 174352 199543 234777 
computing eigenvalues for k = 1, took 77.395860 sec
traces of hecke eigenvalues of T_{p^2} are:
188 612 568 
computing eigenvalues for k = 2, took 0.585721 sec
traces of hecke eigenvalues of T_{p^1} are:
-17 -127 183 -128 318 -361 1134 690 -614 4164 -149 -298 4287 757 -4776 -2106 2563 180 -1056 -3489 7489 1343 -3917 3046 
computing eigenvalues for k = 1, took 24.900273 sec
traces of hecke eigenvalues of T_{p^2} are:
-73 -240 -443 
computing eigenvalues for k = 2, took 0.602872 sec
traces of hecke eigenvalues of T_{p^1} are:
67 147 9 401 -446 695 -244 1903 219 -189 -1727 1524 13 7421 5133 8469 -6288 -127 12158 -428 -736 13006 1478 -7803 
computing eigenvalues for k = 1, took 24.952863 sec
traces of hecke eigenvalues of T_{p^2} are:
-61 -67 -177 
computing eigenvalues for k = 2, took 0.604378 sec
For conductor 2:
traces of hecke eigenvalues of T_{p^1} are:
-83 -163 -107 -60 -120 -491 12 -29 -289 550 -581 -1237 24 -1452 -747 -1001 -1418 569 845 -3305 1706 -2534 -613 -4993 
computing eigenvalues for k = 1, took 468.277577 sec
traces of hecke eigenvalues of T_{p^2} are:
75 145 -17 
computing eigenvalues for k = 2, took 0.681601 sec
traces of hecke eigenvalues of T_{p^1} are:
-17 -127 183 -128 318 -361 1134 690 -614 4164 -149 -298 4287 757 -4776 -2106 2563 180 -1056 -3489 7489 1343 -3917 3046 
computing eigenvalues for k = 1, took 470.679938 sec
traces of hecke eigenvalues of T_{p^2} are:
-73 -240 -443 
computing eigenvalues for k = 2, took 0.755121 sec
For conductor 439:
traces of hecke eigenvalues of T_{p^1} are:
-17 -41 -60 -63 9 30 180 -509 -491 109 -849 384 518 -414 -1196 -75 1077 975 1311 -370 -2379 -1410 1041 1967 
computing eigenvalues for k = 1, took 770.815066 sec
traces of hecke eigenvalues of T_{p^2} are:
13 53 -60 
computing eigenvalues for k = 2, took 0.657879 sec
traces of hecke eigenvalues of T_{p^1} are:
-42 -30 -85 -24 -35 128 -513 92 -219 -973 47 -140 -156 255 690 2 -591 -221 -725 -363 -3154 781 -619 -67 
computing eigenvalues for k = 1, took 756.571085 sec
traces of hecke eigenvalues of T_{p^2} are:
35 -48 21 
computing eigenvalues for k = 2, took 0.652053 sec
traces of hecke eigenvalues of T_{p^1} are:
-108 -195 -301 -373 -208 -854 30 -874 299 233 1035 -1039 -596 -4139 -1268 -2618 2504 -6078 -4872 166 3175 -5497 -2733 -675 
computing eigenvalues for k = 1, took 758.600487 sec
traces of hecke eigenvalues of T_{p^2} are:
9 109 281 
computing eigenvalues for k = 2, took 0.695455 sec
For conductor 878:
traces of hecke eigenvalues of T_{p^1} are:
-6 127 -385 -115 -192 585 -1155 267 523 -2074 386 4834 -1210 3644 8356 1887 2783 -4104 3285 3937 -8207 9375 17255 4965 
computing eigenvalues for k = 1, took 179.424159 sec
traces of hecke eigenvalues of T_{p^2} are:
-146 -268 -495 
computing eigenvalues for k = 2, took 0.973590 sec
traces of hecke eigenvalues of T_{p^1} are:
-42 -30 -85 -24 -35 128 -513 92 -219 -973 47 -140 -156 255 690 2 -591 -221 -725 -363 -3154 781 -619 -67 
computing eigenvalues for k = 1, took 219.055714 sec
traces of hecke eigenvalues of T_{p^2} are:
35 -48 21 
computing eigenvalues for k = 2, took 0.620696 sec
traces of hecke eigenvalues of T_{p^1} are:
279 718 1279 3073 4360 7383 9084 13221 20839 24150 33553 42430 45170 55101 70409 87013 92608 110007 125662 132849 153709 171566 200203 232267 
computing eigenvalues for k = 1, took 166.228180 sec
traces of hecke eigenvalues of T_{p^2} are:
116 408 232 
computing eigenvalues for k = 2, took 0.691988 sec
