constructing eigenvector for poly
x^5+30*x^4+104*x^3-2284*x^2-2944*x+33468
constructing eigenvector for poly
x-156
constructing eigenvector for poly
x-30
constructing eigenvector for poly
x-36
constructing eigenvector for poly
x^2-70*x+1162
constructing eigenvector for poly
x^2+6*x-18
constructing eigenvector for poly
x^2+10*x-100
constructing eigenvector for poly
x^2-68*x+1028
constructing eigenvector for poly
x^5-130*x^4+6368*x^3-144644*x^2+1491484*x-5451792
constructing eigenvector for poly
x^2-48*x+576
constructing eigenvector for poly
x^2-96*x+2304
constructing eigenvector for poly
x^2-332*x+27556
constructing eigenvector for poly
x^2-250*x+15625
constructing eigenvector for poly
x^2-452*x+51076
constructing eigenvector for poly
x^2-620*x+96100
constructing eigenvector for poly
x^2-2*x-124
constructing eigenvector for poly
x^2-2*x-124
constructing eigenvector for poly
x-20
constructing eigenvector for poly
x-20
constructing eigenvector for poly
x^2-40*x+400
constructing eigenvector for poly
x^2-88*x+1936
constructing eigenvector for poly
x^2-180*x+8100
constructing eigenvector for poly
x^2-378*x+35721
constructing eigenvector for poly
x^2-652*x+106276
constructing eigenvector for poly
x^2-972*x+236196
constructing eigenvector for poly
x^2+10*x-100
constructing eigenvector for poly
x^2+6*x-18
constructing eigenvector for poly
x^2-2*x-124
constructing eigenvector for poly
x+4
constructing eigenvector for poly
x-18
constructing eigenvector for poly
x-24
constructing eigenvector for poly
x-28
constructing eigenvector for poly
x^2+16*x-4
constructing eigenvector for poly
x^4-4*x^3-312*x^2-304*x+8244
constructing eigenvector for poly
x^2-50*x+584
constructing eigenvector for poly
x^2+22*x-4
constructing eigenvector for poly
x-8
constructing eigenvector for poly
x+14
constructing eigenvector for poly
x-8
constructing eigenvector for poly
x+12
constructing eigenvector for poly
x-4
constructing eigenvector for poly
x-28
constructing eigenvector for poly
x^2-50*x+562
constructing eigenvector for poly
x^3-8*x^2-182*x-28
constructing eigenvector for poly
x^6+26*x^5+48*x^4-2036*x^3-5616*x^2+6212*x+19248
constructing eigenvector for poly
x^2-20*x+100
constructing eigenvector for poly
x^2-116*x+3364
constructing eigenvector for poly
x^2-160*x+6400
constructing eigenvector for poly
x^2-450*x+50625
constructing eigenvector for poly
x^2-512*x+65536
constructing eigenvector for poly
x^2-612*x+93636
constructing eigenvector for poly
x-36
constructing eigenvector for poly
x-4
constructing eigenvector for poly
x+12
constructing eigenvector for poly
x+2
constructing eigenvector for poly
x-8
constructing eigenvector for poly
x-6
constructing eigenvector for poly
x-32
constructing eigenvector for poly
x^2-34*x+284
constructing eigenvector for poly
x^2-50*x+552
constructing eigenvector for poly
x^3+16*x^2+44*x-32
constructing eigenvector for poly
x^4-116*x^3+4838*x^2-86968*x+572608
constructing eigenvector for poly
x^4+4*x^3-312*x^2+304*x+8244
constructing eigenvector for poly
x^2-52*x+548
constructing eigenvector for poly
x^2-52*x+548
constructing eigenvector for poly
x+2
constructing eigenvector for poly
x-4
constructing eigenvector for poly
x-8
constructing eigenvector for poly
x+12
constructing eigenvector for poly
x+12
computing eigenvectors took 83.410275 sec
For conductor 1, eigenvectors are:
32*a^4 + 1024*a^3 + 7200*a^2 - 29152*a - 239424 112*a^3 + 1280*a^2 - 14560*a - 25152 -16*a^4 - 768*a^3 - 7296*a^2 + 34944*a + 202176 -24*a^4 - 780*a^3 - 5040*a^2 + 29064*a + 125280 0 -84*a^3 - 960*a^2 + 10920*a + 18864 12*a^3 - 360*a^2 - 7200*a + 54288 -8*a^4 - 184*a^3 - 592*a^2 + 4384*a + 31200 138*a^3 + 2652*a^2 - 2616*a - 106704 4*a^4 + 100*a^3 + 56*a^2 - 6992*a + 20592 -16*a^4 - 412*a^3 - 1328*a^2 + 18944*a + 44592 48*a^3 + 880*a^2 - 2480*a - 48768 -4*a^4 - 92*a^3 - 296*a^2 + 2192*a + 15600 4*a^4 + 228*a^3 + 2648*a^2 - 6264*a - 60816 12*a^4 + 288*a^3 + 832*a^2 - 10712*a - 40800 -12*a^4 - 420*a^3 - 3304*a^2 + 12384*a + 104112 4*a^4 + 48*a^3 - 704*a^2 - 2112*a + 51264 12*a^4 + 316*a^3 + 1152*a^2 - 14352*a - 47088 4*a^4 + 188*a^3 + 1944*a^2 - 6336*a - 68640 8*a^4 + 176*a^3 + 404*a^2 - 4632*a - 25056 -4*a^4 - 98*a^3 - 268*a^2 + 4260*a + 12600 -36*a^3 - 604*a^2 + 1452*a + 14328 4*a^4 + 128*a^3 + 900*a^2 - 3644*a - 29928 -6*a^4 - 168*a^3 - 856*a^2 + 6596*a + 44784 4*a^4 + 192*a^3 + 1824*a^2 - 8736*a - 50544 -54*a^3 - 1016*a^2 + 216*a + 19464 -2*a^4 - 32*a^3 + 12*a^2 - 724*a + 4656 -34*a^3 - 664*a^2 + 252*a + 23376 -28*a^3 - 320*a^2 + 3640*a + 6288 12*a^3 + 220*a^2 - 620*a - 12192 -2*a^4 - 60*a^3 - 308*a^2 + 2916*a + 10944 over Number field with defining polynomial x^5+30*x^4+104*x^3-2284*x^2-2944*x+33468
-1 -1 -1 -1 -1 -1 -1 -1 -1 -1 -1 -1 -1 -1 -1 -1 -1 -1 -1 -1 -1 -1 -1 -1 -1 -1 -1 -1 -1 -1 -1 over Number field with defining polynomial x-156
16 -8 -20 4 22 -5 -5 10 4 -5 -5 4 4 1 4 10 4 7 -8 -2 7 1 7 7 -11 1 -2 -8 -5 -2 -2 over Number field with defining polynomial x-30
12 -28 12 -8 22 -23 7 2 7 7 7 -8 -8 2 -8 2 -8 12 2 -3 -3 2 -3 -3 -3 2 12 2 7 -3 -3 over Number field with defining polynomial x-36
16*a-536 4*a-80 4*a-80 6*a-156 -12*a+438 3*a-24 9*a-306 108 3*a-96 5*a-172 7*a-266 36 6*a-228 -36 -18 4*a-188 4*a-116 4*a-116 -2*a+112 a-38 3*a-96 -2*a+94 -4*a+134 -6*a+210 -a+20 -a-16 -a+56 -3*a+132 -a+20 -18 -2*a+58 over Number field with defining polynomial x^2-70*x+1162
-16*a-144 -8*a-48 0 -6*a-36 0 6*a+36 18*a+144 -4*a-24 3*a+18 -2*a-12 2*a+24 8*a+60 -6*a-60 -2*a-12 -4*a-24 -2*a-24 0 2*a+24 -6*a-48 4*a+30 5*a+42 0 4*a+36 -2*a-18 4*a+30 a+6 -6 -3*a-30 6 -4*a-30 0 over Number field with defining polynomial x^2+6*x-18
-8*a-240 32*a+160 -48*a-1040 -18*a-240 0 -24*a-120 24*a+420 -12*a-160 30*a+300 -8*a+60 8*a+240 100 100 -20*a-200 100 4*a+20 14*a+120 -16*a-280 4*a+120 8*a+40 -100 -2*a+140 2*a+60 -100 -18*a-340 -4*a-20 -8*a-140 20*a+300 22*a+260 -50 -7*a-60 over Number field with defining polynomial x^2+10*x-100
-4*a+168 4*a-136 32 -48 9*a-378 6*a-204 3*a-78 -32 -3*a+150 -4*a+168 a-42 -6*a+236 3*a-142 2*a-100 3*a-142 -a+58 -2*a+84 -2*a+100 2*a-36 a-58 3*a-134 -a+58 a-42 -3*a+142 -8 a-34 2*a-100 a-66 -a+34 8 -2*a+84 over Number field with defining polynomial x^2-68*x+1028
-14*a^4 + 1098*a^3 - 24364*a^2 + 70892*a + 1520432 a^4 - 128*a^3 + 9606*a^2 - 292592*a + 2769152 17*a^4 - 2150*a^3 + 98182*a^2 - 1903780*a + 12964352 -18*a^4 + 1992*a^3 - 77304*a^2 + 1220760*a - 6637296 15*a^4 - 1833*a^3 + 84414*a^2 - 1688610*a + 11789592 18*a^4 - 1914*a^3 + 74382*a^2 - 1239948*a + 7568628 -33*a^4 + 3309*a^3 - 116736*a^2 + 1693098*a - 8598684 -138*a^3 + 9820*a^2 - 224780*a + 1725848 33*a^4 - 3378*a^3 + 123324*a^2 - 1901868*a + 10552128 18*a^4 - 2012*a^3 + 80722*a^2 - 1366336*a + 8250036 a^4 - 271*a^3 + 17016*a^2 - 388654*a + 2860932 -146*a^3 + 14020*a^2 - 411820*a + 3586512 -3*a^4 + 543*a^3 - 29714*a^2 + 634150*a - 4625320 -6*a^4 + 690*a^3 - 26742*a^2 + 400524*a - 1901988 17*a^4 - 1985*a^3 + 84066*a^2 - 1515890*a + 9657024 -12*a^4 + 919*a^3 - 20416*a^2 + 80502*a + 969344 16*a^4 - 1588*a^3 + 56448*a^2 - 860992*a + 4822320 -11*a^4 + 1268*a^3 - 53028*a^2 + 952256*a - 6173556 -17*a^4 + 1622*a^3 - 53982*a^2 + 728972*a - 3384072 -17*a^4 + 1863*a^3 - 73886*a^2 + 1246786*a - 7523064 6*a^4 - 522*a^3 + 13848*a^2 - 88620*a - 443748 4*a^4 - 75*a^3 - 12622*a^2 + 486314*a - 4522612 -5*a^4 + 301*a^3 - 3324*a^2 - 67334*a + 1072052 -a^4 + 149*a^3 - 6836*a^2 + 119550*a - 726972 8*a^4 - 893*a^3 + 36208*a^2 - 630010*a + 3893972 11*a^4 - 1100*a^3 + 40134*a^2 - 640352*a + 3827820 122*a^3 - 10180*a^2 + 269104*a - 2133960 -168*a^3 + 12894*a^2 - 311904*a + 2345736 118*a^3 - 8080*a^2 + 175584*a - 1203628 73*a^3 - 7010*a^2 + 205910*a - 1793256 -8*a^4 + 794*a^3 - 28224*a^2 + 430496*a - 2411160 over Number field with defining polynomial x^5-130*x^4+6368*x^3-144644*x^2+1491484*x-5451792
0 0 -12 0 -9 9 0 -6 0 -6 9 0 -9 3 6 -3 0 9 -3 0 0 -3 -6 6 -3 3 3 6 -6 0 0 over Number field with defining polynomial x-310
16*a+144 -16*a-224 -24*a-176 18*a+192 0 12*a+168 6*a+204 12*a+128 -6*a-24 10*a+60 -4*a-96 -6*a-44 -6*a-44 -8*a-32 -6*a-44 -2*a-28 -10*a-120 -4*a-16 4*a-24 2*a-32 6*a+44 -2*a-28 -4*a-36 6*a+44 6*a+44 8*a+52 -8*a-92 2*a+48 4*a+56 40 -4*a-36 over Number field with defining polynomial x^2-2*x-124
-4*a+144 40 8*a-88 -6*a+156 0 -30 -6*a+126 -2*a-48 -6*a+66 2*a-22 6*a-66 4*a-64 14*a-164 -4*a+4 -10*a+120 -12*a+92 0 10*a-140 -20 -2*a+2 -2*a+22 -6*a+76 7*a-52 3*a-28 -2*a+22 5*a-50 -3*a+58 3*a-38 -10 a-16 -3*a+48 over Number field with defining polynomial x^2-2*x-124
-88 56 104 48 -108 -18 18 -36 114 82 -46 -48 48 60 48 -4 -112 8 -4 38 6 -4 22 54 -26 -20 -8 12 -14 -42 -10 over Number field with defining polynomial x-20
8 8 8 -12 0 -6 6 12 0 -2 2 0 0 0 0 -4 -4 -4 -4 2 0 2 -2 0 -2 4 -2 0 -2 0 2 over Number field with defining polynomial x-20
0 8 -4 2 13 7 -2 -2 2 4 3 -2 -1 -1 -4 1 -2 1 -7 4 -4 1 0 0 1 -3 -1 0 -2 2 0 over Number field with defining polynomial x-486
For conductor 2, eigenvectors are:
-2*a 2*a-20 10 -a over Number field with defining polynomial x^2+10*x-100
a+9 3 3 -a-6 over Number field with defining polynomial x^2+6*x-18
For conductor 3, eigenvectors are:
10 a-6 over Number field with defining polynomial x^2-2*x-124
For conductor 6, eigenvectors are:
-3 2 -2 2 0 -1 0 0 0 1 0 -1 0 0 over Number field with defining polynomial x+4
9 2 2 6 2 -1 4 8 6 5 2 3 0 -4 over Number field with defining polynomial x-18
-1 1 1 2 1 0 -1 0 0 -1 2 2 -1 1 over Number field with defining polynomial x-24
-3 1 1 -2 1 2 -3 -1 3 0 1 -1 0 -2 over Number field with defining polynomial x-28
3*a-18 6*a+92 6*a+92 2*a+52 -2*a-52 -3*a+18 -4*a-8 0 -6*a-60 -a-26 -2*a-20 a+26 32 -4*a-40 over Number field with defining polynomial x^2+16*x-4
234*a^2 - 438*a - 3204 10*a^3 + 230*a^2 + 252*a - 5852 -6*a^3 - 56*a^2 + 616*a - 3680 -8*a^3 + 68*a^2 - 244*a - 3312 -3*a^3 + 70*a^2 + 1322*a - 8504 -11*a^3 + 207*a^2 + 1042*a - 8234 6*a^3 - 91*a^2 - 434*a + 1166 2*a^3 - 23*a^2 + 702*a - 242 9*a^3 + 15*a^2 - 888*a + 1938 -19*a^3 + 110*a^2 + 1200*a - 4760 -231*a^2 - 734*a + 9994 23*a^2 - 12*a + 1194 -55*a^2 + 134*a + 2262 -2*a^3 + 89*a^2 + 434*a - 2966 over Number field with defining polynomial x^4-4*x^3-312*x^2-304*x+8244
-6*a+132 -6*a+116 10*a-268 4*a-72 -6*a+116 -4*a+136 -6*a+132 6*a-84 6*a-164 -32 -6*a+148 -2*a+12 -32 4*a-104 over Number field with defining polynomial x^2-50*x+584
-12*a-252 -12*a-272 -12*a-272 4*a+104 2*a+52 0 -2*a-52 0 0 -2*a-52 -10*a-220 14*a+304 10 -5*a-110 over Number field with defining polynomial x^2+22*x-4
For conductor 23, eigenvectors are:
1 0 over Number field with defining polynomial x-8
0 -1 over Number field with defining polynomial x+14
For conductor 46, eigenvectors are:
6 4 0 4 -2 0 0 -2 0 0 -2 0 -2 2 0 1 0 over Number field with defining polynomial x-8
3 2 3 0 -5 2 0 3 0 -2 1 -2 -1 -1 -1 -1 -1 over Number field with defining polynomial x+12
0 -2 3 2 2 0 0 0 -1 -1 -1 0 1 0 -1 0 -1 over Number field with defining polynomial x-4
2 -2 2 0 0 -2 0 2 0 2 -1 -3 1 1 1 1 1 over Number field with defining polynomial x-28
-2*a+44 2*a-56 a-40 a-16 -12 -a+34 -6 -a+28 -6 a-28 a-28 -a+28 12 -a+28 -a+22 0 6 over Number field with defining polynomial x^2-50*x+562
12*a^2 + 174*a - 468 -8*a^2 + 156*a + 888 -6*a^2 + 15*a + 450 -4*a^2 + 10*a + 300 68*a+144 2*a^2 + 70*a + 748 -6*a^2 - 46*a + 1060 -7*a^2 + 48*a + 220 4*a^2 - 17*a - 1054 -4*a^2 + 78*a + 444 -4*a^2 + 78*a + 444 -7*a^2 + 48*a + 220 2*a^2 + 63*a - 6 -7*a^2 + 48*a + 220 7*a+754 0 -34*a-72 over Number field with defining polynomial x^3-8*x^2-182*x-28
-24*a^5 - 480*a^4 - 1296*a^3 + 13560*a^2 + 54048*a + 75024 -36*a^5 - 904*a^4 - 1712*a^3 + 73632*a^2 + 241632*a + 139632 12*a^5 + 24*a^4 - 2352*a^3 - 9468*a^2 + 92856*a + 229248 20*a^5 + 544*a^4 + 472*a^3 - 47928*a^2 - 115504*a - 24384 -200*a^3 + 2864*a^2 - 15648*a - 64320 44*a^5 + 832*a^4 - 440*a^3 - 52504*a^2 - 80256*a + 77424 -192*a^4 - 2408*a^3 + 11848*a^2 + 73648*a + 112512 112*a^4 + 656*a^3 - 9256*a^2 - 12152*a + 26832 22*a^5 + 344*a^4 - 1320*a^3 - 25716*a^2 - 7992*a + 95472 18*a^5 + 448*a^4 + 320*a^3 - 34680*a^2 - 35448*a + 110208 4*a^4 + 536*a^3 - 2136*a^2 - 85368*a - 180024 40*a^4 - 244*a^3 - 11584*a^2 + 35632*a + 147912 -10*a^5 - 344*a^4 - 1336*a^3 + 24500*a^2 + 89888*a + 68952 -152*a^4 - 412*a^3 + 20840*a^2 - 23480*a - 174744 24*a^4 + 104*a^3 - 5388*a^2 - 4688*a + 504 72*a^4 + 1200*a^3 - 1968*a^2 - 24312*a - 24600 -72*a^4 - 1100*a^3 + 536*a^2 + 32136*a + 56760 over Number field with defining polynomial x^6+26*x^5+48*x^4-2036*x^3-5616*x^2+6212*x+19248
-1 2 -1 2 1 0 2 1 2 -2 1 0 1 -1 1 2 0 over Number field with defining polynomial x-306
For conductor 69, eigenvectors are:
-16 -20 27 -15 24 -6 -8 13 15 5 -14 -13 -7 23 8 8 -9 8 -8 7 7 -5 14 8 -6 -12 over Number field with defining polynomial x-36
-16 8 0 12 -6 -18 -14 -4 -2 -4 2 6 12 4 0 2 -2 -2 2 -8 2 6 -6 6 -1 -6 over Number field with defining polynomial x-4
8 16 0 -6 6 3 -2 -2 6 2 4 2 2 2 2 -1 -6 2 4 -2 1 -2 -1 -4 0 0 over Number field with defining polynomial x+12
-8 16 0 6 6 9 2 -2 2 -2 4 -6 -6 2 0 1 2 2 -2 -4 -5 0 -3 6 -2 0 over Number field with defining polynomial x+2
16 -8 0 -12 -18 6 6 -4 2 4 -2 -6 4 4 4 -2 -2 -6 -2 -4 2 6 -2 2 -5 0 over Number field with defining polynomial x-8
-4 4 0 3 -3 3 1 1 0 2 -2 2 2 2 -1 -1 0 2 -2 1 1 1 -1 -1 0 0 over Number field with defining polynomial x-6
-4 4 -2 -5 -5 -3 1 -1 0 -2 0 2 -2 -2 1 1 0 2 0 1 -1 1 1 -1 -2 0 over Number field with defining polynomial x-32
24*a-408 12*a-216 -9*a+72 18*a-324 -9*a+144 -9*a+162 -24 9*a-132 9*a-156 -6*a+108 -9*a+156 -3*a+48 -6*a+108 -6*a+108 -9*a+132 3*a-54 -9*a+156 -3*a+48 -9*a+156 -6*a+102 -3*a+54 -24 3*a-54 -3*a+54 -18 0 over Number field with defining polynomial x^2-34*x+284
-64*a+1152 4*a-216 -11*a+786 -17*a-42 40*a-816 -18*a+396 16*a-480 11*a-18 -15*a+234 31*a-906 -18*a+588 5*a-270 -5*a+270 13*a-318 4*a-216 4*a-216 -15*a+234 -28*a+648 -96 a-54 -31*a+618 a+42 -14*a+276 -16*a+288 -2*a+12 96 over Number field with defining polynomial x^2-50*x+552
-8*a^2 - 80*a - 128 -8*a^2 - 16*a + 128 0 6*a^2 + 60*a + 96 -6*a^2 - 60*a - 288 -24*a 2*a^2 - 12*a - 32 10*a^2 + 68*a + 32 4*a^2 + 56*a -16*a-128 4*a^2 + 8*a -16*a-64 -8*a^2 - 64*a 16*a+128 2*a^2 + 36*a + 96 -24*a 16*a -16*a-64 4*a^2 + 24*a -2*a^2 - 4*a + 32 4*a^2 + 32*a 2*a^2 + 4*a - 96 -4*a^2 - 32*a -2*a^2 - 20*a - 32 32 16*a+32 over Number field with defining polynomial x^3+16*x^2+44*x-32
4*a^3 - 400*a^2 + 12440*a - 122304 4*a^3 - 344*a^2 + 9288*a - 80384 -6*a^3 + 528*a^2 - 14808*a + 134064 -18*a^2 + 1080*a - 14976 6*a^3 - 558*a^2 + 16296*a - 152016 -6*a^3 + 564*a^2 - 16500*a + 153504 4*a^3 - 370*a^2 + 10640*a - 97344 2*a^3 - 170*a^2 + 4576*a - 39696 -4*a^3 + 380*a^2 - 11184*a + 104624 6*a^2 - 360*a + 4992 2*a^3 - 192*a^2 + 5792*a - 55664 -4*a^3 + 344*a^2 - 9552*a + 86096 2*a^3 - 162*a^2 + 4256*a - 36416 2*a^3 - 220*a^2 + 7104*a - 70912 2*a^3 - 176*a^2 + 4936*a - 44688 6*a^2 - 252*a + 2784 2*a^3 - 186*a^2 + 5432*a - 50672 2*a^3 - 186*a^2 + 5432*a - 50672 -2*a^3 + 186*a^2 - 5432*a + 50672 -2*a^3 + 190*a^2 - 5460*a + 49456 2*a^3 - 182*a^2 + 5140*a - 46176 4*a^2 - 136*a + 992 -108*a+2208 -2*a^3 + 190*a^2 - 5724*a + 55168 8*a^2 - 428*a + 5488 -4*a^2 + 136*a - 992 over Number field with defining polynomial x^4-116*x^3+4838*x^2-86968*x+572608
-16*a^3 - 264*a^2 + 2336*a + 28816 -32*a^3 - 256*a^2 + 7680*a + 8288 0 12*a^3 + 198*a^2 - 1752*a - 21612 -12*a^3 - 72*a^2 + 3852*a + 13584 -6*a^3 - 36*a^2 + 1926*a + 6792 4*a^3 + 40*a^2 - 636*a + 2456 -10*a^3 - 156*a^2 + 1768*a + 18752 8*a^3 + 40*a^2 - 2004*a + 2088 6*a^3 + 50*a^2 - 1916*a - 14372 -2*a^3 - 22*a^2 + 568*a - 1156 -8*a^3 - 140*a^2 + 1732*a + 25552 6*a^3 + 40*a^2 - 1320*a + 2272 -4*a^3 - 40*a^2 + 636*a - 2456 a^3 - 26*a^2 - 394*a + 9568 -5*a^3 - 31*a^2 + 1286*a - 1622 -2*a^3 - 45*a^2 + 250*a + 5682 10*a^3 + 67*a^2 - 2870*a - 5078 a^3 + 37*a^2 - 232*a - 9082 -8*a^3 - 64*a^2 + 1920*a + 2072 -7*a^3 - 10*a^2 + 2320*a - 2776 -8*a^3 - 51*a^2 + 1946*a - 2758 35*a^2 + 360*a - 8918 -4*a^3 - 66*a^2 + 584*a + 7204 -21*a^2 - 350*a + 1338 13*a^2 + 26*a - 4830 over Number field with defining polynomial x^4+4*x^3-312*x^2+304*x+8244
8*a-336 8*a-208 24*a-720 -192 -96 12*a-408 -8*a+208 8*a-368 -32 64 -16*a+576 -32 8*a-400 -64 -32 12*a-408 16*a-512 -32 8*a-368 -12*a+376 -4*a+200 -64 4*a-200 -12*a+344 -4*a+168 -64 over Number field with defining polynomial x^2-52*x+548
-16*a+368 -16*a+144 -28*a+504 -28*a+700 8*a-100 4*a+20 4*a-316 -8*a+156 16*a-480 -16*a+424 -4*a+64 56 -56 16*a-424 -8*a+324 4*a+20 4*a-176 56 -112 -4*a+36 28 8*a-156 -28 -4*a+92 8*a-184 112 over Number field with defining polynomial x^2-52*x+548
For conductor 138, eigenvectors are:
2 -1 -1 -1 0 over Number field with defining polynomial x+2
-2 -2 -2 1 0 over Number field with defining polynomial x-4
2 -2 2 1 -2 over Number field with defining polynomial x-8
2 3 -3 1 -2 over Number field with defining polynomial x+12
2 0 0 1 1 over Number field with defining polynomial x+12
For conductor 1:
traces of hecke eigenvalues of T_{p^1} are:
-30 50 -66 -36 152 88 244 44 -270 -54 -26 462 -254 530 -182 324 36 -1032 838 174 116 -2348 
computing eigenvalues for k = 1, took 12.568308 sec
traces of hecke eigenvalues of T_{p^2} are:
-18 2 
computing eigenvalues for k = 2, took 0.193316 sec
traces of hecke eigenvalues of T_{p^1} are:
156 400 1464 2380 5220 7240 25260 30784 52060 70644 81400 106080 151740 208920 230764 305320 363024 394420 499360 578760 712980 922180 
computing eigenvalues for k = 1, took 12.553561 sec
traces of hecke eigenvalues of T_{p^2} are:
780 2800 
computing eigenvalues for k = 2, took 0.195088 sec
traces of hecke eigenvalues of T_{p^1} are:
30 76 132 112 306 436 870 1300 1516 1722 1372 2256 2862 3540 3964 3676 5112 6592 7204 6972 8010 8176 
computing eigenvalues for k = 1, took 12.462196 sec
traces of hecke eigenvalues of T_{p^2} are:
24 208 
computing eigenvalues for k = 2, took 0.201486 sec
traces of hecke eigenvalues of T_{p^1} are:
36 40 144 220 180 400 900 904 1660 1764 1840 2160 3060 2880 3244 5440 5904 5620 5800 6480 8820 10660 
computing eigenvalues for k = 1, took 12.525521 sec
traces of hecke eigenvalues of T_{p^2} are:
60 -80 
computing eigenvalues for k = 2, took 0.196061 sec
traces of hecke eigenvalues of T_{p^1} are:
70 102 292 288 610 594 1808 1796 2612 3508 3742 4688 6078 6296 6628 8774 9192 10696 12198 13692 15114 17072 
computing eigenvalues for k = 1, took 12.509911 sec
traces of hecke eigenvalues of T_{p^2} are:
108 16 
computing eigenvalues for k = 2, took 0.203213 sec
traces of hecke eigenvalues of T_{p^1} are:
-6 -6 44 52 74 14 -56 -144 -232 -368 570 384 234 -720 -272 1346 40 -528 810 -108 154 248 
computing eigenvalues for k = 1, took 12.709667 sec
traces of hecke eigenvalues of T_{p^2} are:
-12 -32 
computing eigenvalues for k = 2, took 0.198943 sec
traces of hecke eigenvalues of T_{p^1} are:
-10 54 -66 -62 102 36 -174 616 294 82 -1040 0 -424 236 608 -2430 1420 3986 1452 -1826 -1068 -526 
computing eigenvalues for k = 1, took 12.487184 sec
traces of hecke eigenvalues of T_{p^2} are:
48 136 
computing eigenvalues for k = 2, took 0.191588 sec
traces of hecke eigenvalues of T_{p^1} are:
68 84 192 304 708 612 1536 1816 2928 3448 3364 4464 5756 7040 6800 8124 10000 11624 14412 15424 16764 18752 
computing eigenvalues for k = 1, took 12.566350 sec
traces of hecke eigenvalues of T_{p^2} are:
96 -128 
computing eigenvalues for k = 2, took 0.196891 sec
traces of hecke eigenvalues of T_{p^1} are:
130 270 614 964 1280 1872 3890 4600 6938 7822 9568 10556 13730 18108 18290 22880 25684 25064 31402 35438 39120 50148 
computing eigenvalues for k = 1, took 12.445573 sec
traces of hecke eigenvalues of T_{p^2} are:
0 160 
computing eigenvalues for k = 2, took 0.195432 sec
traces of hecke eigenvalues of T_{p^1} are:
24 48 166 125 226 310 1115 1095 1108 1817 1980 1899 2448 3132 4604 5482 5447 4503 4998 6936 7550 8542 
computing eigenvalues for k = 1, took 12.646619 sec
traces of hecke eigenvalues of T_{p^2} are:
-12 -16 
computing eigenvalues for k = 2, took 0.172228 sec
traces of hecke eigenvalues of T_{p^1} are:
2 -18 -42 154 -150 -36 -114 -176 582 166 -104 -192 -28 -1084 -832 1098 3004 2042 -1356 -2810 552 4442 
computing eigenvalues for k = 1, took 12.582790 sec
traces of hecke eigenvalues of T_{p^2} are:
36 64 
computing eigenvalues for k = 2, took 0.191649 sec
traces of hecke eigenvalues of T_{p^1} are:
2 -18 112 76 -422 230 60 -300 508 -80 -18 -568 78 -848 -1076 2170 448 144 -566 -320 1798 3084 
computing eigenvalues for k = 1, took 12.506982 sec
traces of hecke eigenvalues of T_{p^2} are:
36 64 
computing eigenvalues for k = 2, took 0.199113 sec
traces of hecke eigenvalues of T_{p^1} are:
20 88 112 156 260 288 676 872 1084 1764 2112 2064 2692 3936 4716 3568 4560 5684 5432 6064 9252 9476 
computing eigenvalues for k = 1, took 12.401752 sec
traces of hecke eigenvalues of T_{p^2} are:
-36 304 
computing eigenvalues for k = 2, took 0.200773 sec
traces of hecke eigenvalues of T_{p^1} are:
20 -8 22 -96 -34 18 58 308 -38 246 -90 0 -212 708 -306 -1550 0 1628 -64 1162 -534 -748 
computing eigenvalues for k = 1, took 12.550182 sec
traces of hecke eigenvalues of T_{p^2} are:
24 -32 
computing eigenvalues for k = 2, took 0.199125 sec
traces of hecke eigenvalues of T_{p^1} are:
20 44 90 189 326 486 643 1059 1480 1225 1804 2471 3176 3716 3484 4822 4131 4991 7126 6020 6678 8178 
computing eigenvalues for k = 1, took 12.693618 sec
traces of hecke eigenvalues of T_{p^2} are:
-36 -48 
computing eigenvalues for k = 2, took 0.170663 sec
For conductor 2:
traces of hecke eigenvalues of T_{p^1} are:
-10 54 -66 -62 102 36 -174 616 294 82 -1040 0 -424 236 608 -2430 1420 3986 1452 -1826 -1068 -526 
computing eigenvalues for k = 1, took 316.309749 sec
traces of hecke eigenvalues of T_{p^2} are:
48 136 
computing eigenvalues for k = 2, took 0.484212 sec
traces of hecke eigenvalues of T_{p^1} are:
-6 -6 44 52 74 14 -56 -144 -232 -368 570 384 234 -720 -272 1346 40 -528 810 -108 154 248 
computing eigenvalues for k = 1, took 319.140729 sec
traces of hecke eigenvalues of T_{p^2} are:
-12 -32 
computing eigenvalues for k = 2, took 0.487362 sec
For conductor 3:
traces of hecke eigenvalues of T_{p^1} are:
2 -18 -42 154 -150 -36 -114 -176 582 166 -104 -192 -28 -1084 -832 1098 3004 2042 -1356 -2810 552 4442 
computing eigenvalues for k = 1, took 518.766022 sec
traces of hecke eigenvalues of T_{p^2} are:
36 64 
computing eigenvalues for k = 2, took 0.480969 sec
For conductor 6:
traces of hecke eigenvalues of T_{p^1} are:
-4 -26 14 -12 66 -84 -60 24 22 260 -88 -408 192 240 90 -240 -768 448 -150 26 -454 -164 
computing eigenvalues for k = 1, took 175.769233 sec
traces of hecke eigenvalues of T_{p^2} are:
-12 8 
computing eigenvalues for k = 2, took 0.487166 sec
traces of hecke eigenvalues of T_{p^1} are:
18 -36 10 -16 4 106 -4 -192 -362 -52 -66 384 -294 144 38 298 68 1056 516 -978 872 -1952 
computing eigenvalues for k = 1, took 175.621188 sec
traces of hecke eigenvalues of T_{p^2} are:
12 92 
computing eigenvalues for k = 2, took 0.487742 sec
traces of hecke eigenvalues of T_{p^1} are:
24 40 120 220 432 400 840 904 1660 1680 1840 2352 2664 4200 3244 5440 4320 5620 5800 7464 7200 10660 
computing eigenvalues for k = 1, took 174.541185 sec
traces of hecke eigenvalues of T_{p^2} are:
-12 -80 
computing eigenvalues for k = 2, took 0.482611 sec
traces of hecke eigenvalues of T_{p^1} are:
28 24 180 204 264 236 696 688 1088 1648 2084 1864 3596 3384 4488 4748 4488 4996 7016 7772 8112 8588 
computing eigenvalues for k = 1, took 174.363967 sec
traces of hecke eigenvalues of T_{p^2} are:
12 -208 
computing eigenvalues for k = 2, took 0.480339 sec
traces of hecke eigenvalues of T_{p^1} are:
-16 12 24 28 -156 -120 192 -32 180 -224 -128 336 -40 -400 248 -312 412 80 1884 -2000 -948 8 
computing eigenvalues for k = 1, took 173.408730 sec
traces of hecke eigenvalues of T_{p^2} are:
-12 -92 
computing eigenvalues for k = 2, took 0.488153 sec
traces of hecke eigenvalues of T_{p^1} are:
4 4 -24 -78 4 124 104 136 122 608 -312 -324 1100 -1876 1384 -80 -1818 -816 -1752 1956 2200 316 
computing eigenvalues for k = 1, took 173.787547 sec
traces of hecke eigenvalues of T_{p^2} are:
-6 -70 
computing eigenvalues for k = 2, took 0.478226 sec
traces of hecke eigenvalues of T_{p^1} are:
50 118 192 253 488 782 1725 2051 2830 2959 3344 4297 5484 6288 8020 9352 10929 10831 13234 13550 16506 21164 
computing eigenvalues for k = 1, took 174.037096 sec
traces of hecke eigenvalues of T_{p^2} are:
-12 144 
computing eigenvalues for k = 2, took 0.481354 sec
traces of hecke eigenvalues of T_{p^1} are:
-22 -18 -90 154 354 -36 -234 -176 582 -2 -104 192 -820 1556 -832 1098 -164 2042 -1356 -842 -2688 4442 
computing eigenvalues for k = 1, took 174.890650 sec
traces of hecke eigenvalues of T_{p^2} are:
60 64 
computing eigenvalues for k = 2, took 0.486440 sec
For conductor 23:
traces of hecke eigenvalues of T_{p^1} are:
8 -12 2 -35 50 22 -85 -63 152 -119 -332 369 500 -240 88 250 597 -389 234 -656 -342 -1342 
computing eigenvalues for k = 1, took 509.400115 sec
traces of hecke eigenvalues of T_{p^2} are:
-32 -40 
computing eigenvalues for k = 2, took 0.478422 sec
traces of hecke eigenvalues of T_{p^1} are:
-14 -8 -26 9 24 -102 69 -147 -8 -161 128 -159 534 780 24 -162 -1299 535 126 -380 112 2110 
computing eigenvalues for k = 1, took 506.497137 sec
traces of hecke eigenvalues of T_{p^2} are:
12 8 
computing eigenvalues for k = 2, took 0.481743 sec
For conductor 46:
traces of hecke eigenvalues of T_{p^1} are:
8 -12 2 -35 50 22 -85 -63 152 -119 -332 369 500 -240 88 250 597 -389 234 -656 -342 -1342 
computing eigenvalues for k = 1, took 146.971646 sec
traces of hecke eigenvalues of T_{p^2} are:
-32 -40 
computing eigenvalues for k = 2, took 0.487719 sec
traces of hecke eigenvalues of T_{p^1} are:
-12 12 14 -7 38 -62 -233 237 -80 73 180 345 24 -108 -316 -398 -1307 -369 -318 1260 -554 178 
computing eigenvalues for k = 1, took 147.156427 sec
traces of hecke eigenvalues of T_{p^2} are:
12 -64 
computing eigenvalues for k = 2, took 0.482511 sec
traces of hecke eigenvalues of T_{p^1} are:
4 -6 -16 -4 88 -78 178 -456 -136 -166 314 -540 -264 -248 -400 22 232 496 22 1576 660 392 
computing eigenvalues for k = 1, took 151.632029 sec
traces of hecke eigenvalues of T_{p^2} are:
-20 -96 
computing eigenvalues for k = 2, took 0.486781 sec
traces of hecke eigenvalues of T_{p^1} are:
28 22 134 108 238 468 692 1232 1330 1908 1920 2520 2264 4032 4134 4312 4128 6416 5882 6290 6486 9308 
computing eigenvalues for k = 1, took 147.905771 sec
traces of hecke eigenvalues of T_{p^2} are:
12 -224 
computing eigenvalues for k = 2, took 0.477923 sec
traces of hecke eigenvalues of T_{p^1} are:
50 102 236 288 614 594 1672 1796 2612 3380 3742 4336 5370 7864 6628 8774 11256 10696 12198 14196 16926 17072 
computing eigenvalues for k = 1, took 147.456853 sec
traces of hecke eigenvalues of T_{p^2} are:
-12 16 
computing eigenvalues for k = 2, took 0.483490 sec
traces of hecke eigenvalues of T_{p^1} are:
8 -66 114 1 2 -128 213 221 148 311 -222 433 644 -20 -168 -64 233 -2105 588 -1464 1538 -442 
computing eigenvalues for k = 1, took 147.664538 sec
traces of hecke eigenvalues of T_{p^2} are:
12 12 
computing eigenvalues for k = 2, took 0.480673 sec
traces of hecke eigenvalues of T_{p^1} are:
-26 -16 -92 -28 -102 116 568 44 116 478 -30 -1282 -414 834 1820 500 424 112 -856 -184 1278 488 
computing eigenvalues for k = 1, took 147.231353 sec
traces of hecke eigenvalues of T_{p^2} are:
-86 -94 
computing eigenvalues for k = 2, took 0.486970 sec
traces of hecke eigenvalues of T_{p^1} are:
10 58 80 225 256 306 863 719 1402 1845 1740 2331 2948 3096 4044 5320 5091 6083 6746 7874 6738 9164 
computing eigenvalues for k = 1, took 148.043124 sec
traces of hecke eigenvalues of T_{p^2} are:
-96 64 
computing eigenvalues for k = 2, took 0.490222 sec
For conductor 69:
traces of hecke eigenvalues of T_{p^1} are:
36 48 98 125 386 310 625 1095 1108 1627 1980 2613 3276 3948 4604 5482 4777 4503 4998 7008 8470 8542 
computing eigenvalues for k = 1, took 150.832777 sec
traces of hecke eigenvalues of T_{p^2} are:
60 -16 
computing eigenvalues for k = 2, took 0.480717 sec
traces of hecke eigenvalues of T_{p^1} are:
4 -12 18 53 -26 62 -105 57 -200 21 -236 -175 0 272 256 522 21 -589 394 2464 -1666 594 
computing eigenvalues for k = 1, took 150.572310 sec
traces of hecke eigenvalues of T_{p^2} are:
0 -56 
computing eigenvalues for k = 2, took 0.488499 sec
traces of hecke eigenvalues of T_{p^1} are:
-12 18 2 20 -70 -68 340 -168 -218 -44 288 -216 -120 240 -742 40 112 576 654 54 418 -1892 
computing eigenvalues for k = 1, took 150.184806 sec
traces of hecke eigenvalues of T_{p^2} are:
-12 -40 
computing eigenvalues for k = 2, took 0.487569 sec
traces of hecke eigenvalues of T_{p^1} are:
-2 12 30 -52 -44 -46 -60 48 298 -372 22 416 -330 -16 -482 330 -264 -112 460 -350 248 1320 
computing eigenvalues for k = 1, took 150.465963 sec
traces of hecke eigenvalues of T_{p^2} are:
-48 16 
computing eigenvalues for k = 2, took 0.476488 sec
traces of hecke eigenvalues of T_{p^1} are:
8 -12 2 -35 50 22 -85 -63 152 -119 -332 369 500 -240 88 250 597 -389 234 -656 -342 -1342 
computing eigenvalues for k = 1, took 150.319428 sec
traces of hecke eigenvalues of T_{p^2} are:
-32 -40 
computing eigenvalues for k = 2, took 0.488440 sec
traces of hecke eigenvalues of T_{p^1} are:
6 -30 56 -40 -58 58 88 36 328 124 378 -96 -438 -1368 -904 214 1360 -804 270 504 -614 184 
computing eigenvalues for k = 1, took 150.647588 sec
traces of hecke eigenvalues of T_{p^2} are:
24 80 
computing eigenvalues for k = 2, took 0.484513 sec
traces of hecke eigenvalues of T_{p^1} are:
32 24 84 204 348 236 1044 688 1088 1796 2084 2648 2128 3696 4488 4748 5736 4996 7016 6172 7908 8588 
computing eigenvalues for k = 1, took 151.637084 sec
traces of hecke eigenvalues of T_{p^2} are:
36 -208 
computing eigenvalues for k = 2, took 0.476865 sec
traces of hecke eigenvalues of T_{p^1} are:
34 102 204 340 462 714 1524 2308 2952 3080 3658 4632 6214 7048 6656 8238 10712 11456 11442 13844 16122 20636 
computing eigenvalues for k = 1, took 149.522874 sec
traces of hecke eigenvalues of T_{p^2} are:
-108 16 
computing eigenvalues for k = 2, took 0.477653 sec
traces of hecke eigenvalues of T_{p^1} are:
50 124 276 313 678 744 1797 1967 3018 3071 4098 3653 5674 6468 6502 8268 9825 9527 12762 12142 13974 18102 
computing eigenvalues for k = 1, took 148.918993 sec
traces of hecke eigenvalues of T_{p^2} are:
-12 192 
computing eigenvalues for k = 2, took 0.473388 sec
traces of hecke eigenvalues of T_{p^1} are:
-16 6 0 -3 36 -18 339 281 -194 417 588 -127 424 -804 -890 -486 -1379 -933 1664 602 700 -950 
computing eigenvalues for k = 1, took 149.784003 sec
traces of hecke eigenvalues of T_{p^2} are:
-4 -104 
computing eigenvalues for k = 2, took 0.477286 sec
traces of hecke eigenvalues of T_{p^1} are:
116 210 458 716 1046 1616 3504 3568 5266 6736 7372 8764 10480 12924 14646 18844 20536 20660 25534 28438 31838 36224 
computing eigenvalues for k = 1, took 148.473548 sec
traces of hecke eigenvalues of T_{p^2} are:
72 80 
computing eigenvalues for k = 2, took 0.474793 sec
traces of hecke eigenvalues of T_{p^1} are:
-4 4 24 -78 -4 124 -104 136 122 -608 -312 324 -1100 1876 1384 -80 1818 -816 -1752 -1956 -2200 316 
computing eigenvalues for k = 1, took 149.558685 sec
traces of hecke eigenvalues of T_{p^2} are:
-6 -70 
computing eigenvalues for k = 2, took 0.476731 sec
traces of hecke eigenvalues of T_{p^1} are:
52 84 336 304 516 612 1944 1816 2928 3440 3364 4560 5692 7120 6800 8124 10448 11624 14412 12464 15276 18752 
computing eigenvalues for k = 1, took 150.856729 sec
traces of hecke eigenvalues of T_{p^2} are:
0 -128 
computing eigenvalues for k = 2, took 0.473970 sec
traces of hecke eigenvalues of T_{p^1} are:
52 124 216 448 508 788 1608 1976 2488 3584 3236 4976 5388 7008 7624 8668 9552 10552 10948 14344 16356 19232 
computing eigenvalues for k = 1, took 152.518506 sec
traces of hecke eigenvalues of T_{p^2} are:
0 192 
computing eigenvalues for k = 2, took 0.478236 sec
For conductor 138:
traces of hecke eigenvalues of T_{p^1} are:
-2 12 30 -52 -44 -46 -60 48 298 -372 22 416 -330 -16 -482 330 -264 -112 460 -350 248 1320 
computing eigenvalues for k = 1, took 200.547557 sec
traces of hecke eigenvalues of T_{p^2} are:
-48 16 
computing eigenvalues for k = 2, took 0.481047 sec
traces of hecke eigenvalues of T_{p^1} are:
4 -12 18 53 -26 62 -105 57 -200 21 -236 -175 0 272 256 522 21 -589 394 2464 -1666 594 
computing eigenvalues for k = 1, took 198.264147 sec
traces of hecke eigenvalues of T_{p^2} are:
0 -56 
computing eigenvalues for k = 2, took 0.480201 sec
traces of hecke eigenvalues of T_{p^1} are:
8 -12 2 -35 50 22 -85 -63 152 -119 -332 369 500 -240 88 250 597 -389 234 -656 -342 -1342 
computing eigenvalues for k = 1, took 198.520387 sec
traces of hecke eigenvalues of T_{p^2} are:
-32 -40 
computing eigenvalues for k = 2, took 0.485551 sec
traces of hecke eigenvalues of T_{p^1} are:
-12 18 2 20 -70 -68 340 -168 -218 -44 288 -216 -120 240 -742 40 112 576 654 54 418 -1892 
computing eigenvalues for k = 1, took 200.818492 sec
traces of hecke eigenvalues of T_{p^2} are:
-12 -40 
computing eigenvalues for k = 2, took 0.487990 sec
traces of hecke eigenvalues of T_{p^1} are:
-12 12 14 -7 38 -62 -233 237 -80 73 180 345 24 -108 -316 -398 -1307 -369 -318 1260 -554 178 
computing eigenvalues for k = 1, took 199.192689 sec
traces of hecke eigenvalues of T_{p^2} are:
12 -64 
computing eigenvalues for k = 2, took 0.484861 sec
