constructing eigenvector for poly
x^5-31*x^4+342*x^3-1602*x^2+2960*x-1208
constructing eigenvector for poly
x-15
constructing eigenvector for poly
x-9
constructing eigenvector for poly
x^2-9*x+16
constructing eigenvector for poly
x^2-9*x+6
constructing eigenvector for poly
x^2+11*x+16
constructing eigenvector for poly
x^4+6*x^3+3*x^2-8*x+2
constructing eigenvector for poly
x^2-13*x+34
constructing eigenvector for poly
x+7
constructing eigenvector for poly
x
constructing eigenvector for poly
x-3
constructing eigenvector for poly
x-8
constructing eigenvector for poly
x-10
constructing eigenvector for poly
x^2-15*x+52
constructing eigenvector for poly
x^2+x-4
constructing eigenvector for poly
x^2-13*x+18
constructing eigenvector for poly
x-4
constructing eigenvector for poly
x+1
constructing eigenvector for poly
x+4
constructing eigenvector for poly
x-9
constructing eigenvector for poly
x^4-22*x^3+153*x^2-364*x+244
computing eigenvectors took 0.057278 sec
For conductor 1, eigenvectors are:
-2*a^4 + 48*a^3 - 356*a^2 + 768*a + 256 -10*a^3 + 196*a^2 - 1092*a + 1832 -4*a^4 + 94*a^3 - 728*a^2 + 2180*a - 1992 -a^4 + 23*a^3 - 180*a^2 + 622*a - 836 -2*a^4 + 50*a^3 - 430*a^2 + 1540*a - 1968 -8*a^3 + 150*a^2 - 764*a + 1088 -2*a^4 + 38*a^3 - 190*a^2 + 128*a + 632 -6*a^3 + 104*a^2 - 436*a + 344 -a^4 + 25*a^3 - 202*a^2 + 562*a - 292 2*a^4 - 44*a^3 + 304*a^2 - 760*a + 440 2*a^3 - 44*a^2 + 280*a - 528 6*a^3 - 108*a^2 + 512*a - 656 2*a^3 - 40*a^2 + 244*a - 456 -4*a^3 + 62*a^2 - 184*a - 88 -2*a^3 + 44*a^2 - 300*a + 648 a^4 - 23*a^3 + 172*a^2 - 474*a + 324 2*a^2 - 28*a + 96 2*a^3 - 32*a^2 + 96*a + 56 -2*a^2 + 28*a - 96 over Number field with defining polynomial x^5-31*x^4+342*x^3-1602*x^2+2960*x-1208
-1 -1 -1 -1 -1 -1 -1 -1 -1 -1 -1 -1 -1 -1 -1 -1 -1 -1 -1 over Number field with defining polynomial x-15
28 -32 4 -26 -20 -8 -2 16 -17 -14 -2 -8 10 -2 -8 -2 1 4 16 over Number field with defining polynomial x-9
-700*a+1400 56*a-56 364*a-1176 322*a-1372 -196*a+672 -224*a+1512 518*a-1512 -336*a+1344 -161*a+336 -350 -182*a+1148 14*a+266 -126*a+224 -154*a+168 -140*a+84 112*a-322 77*a-140 196 168*a-672 over Number field with defining polynomial x^2-9*x+16
-5*a-50 -13*a+38 -7*a+28 -11*a+16 3*a-26 -3*a-16 a-4 -7*a+28 3*a+2 -10*a+5 a-4 3*a+2 -7*a+28 7*a-14 5*a+8 4*a-9 -a-10 7 a-4 over Number field with defining polynomial x^2-9*x+6
0 48*a+192 12*a+192 -24*a-96 42*a+96 -12*a+96 -6*a-96 -8*a-128 -48*a-192 0 -6*a-96 12*a+48 2*a+32 -2*a+64 20*a+32 -4*a-16 6*a 48 -a-16 over Number field with defining polynomial x^2+11*x+16
0 24*a^3 + 72*a^2 - 24 -12*a^3 - 60*a^2 - 84*a + 36 -12*a^3 - 36*a^2 + 12 6*a^3 + 12*a^2 + 12*a - 18 -12*a^3 + 42*a - 18 6*a^3 + 30*a^2 + 42*a - 18 -24*a^2 - 28*a + 20 6*a^3 + 18*a^2 - 6 0 -3*a^3 + 3*a^2 - 6 18*a^2 + 30*a 2*a^3 + 22*a^2 + 28*a - 16 4*a^3 + 6*a^2 - 4*a + 6 -10*a^3 - 22*a^2 + 4 -6*a^2 - 10*a -10*a^2 - 18*a + 14 2*a^3 - 8*a^2 - 10*a + 4 12*a^2 + 14*a - 10 over Number field with defining polynomial x^4+6*x^3+3*x^2-8*x+2
-9*a+72 -3*a+42 -3*a+6 -3*a+42 3*a-24 3*a-24 -3*a+6 -a+8 3*a-24 -9 -3*a+24 -3*a+24 a-14 -a+8 a-8 -2*a+13 3*a-24 3 a-2 over Number field with defining polynomial x^2-13*x+34
For conductor 3, eigenvectors are:
1 over Number field with defining polynomial x+7
For conductor 7, eigenvectors are:
For conductor 21, eigenvectors are:
0 -3 -1 -1 over Number field with defining polynomial x
-3 -3 -2 5 over Number field with defining polynomial x-3
1 1 -1 0 over Number field with defining polynomial x-8
5 -2 1 1 over Number field with defining polynomial x-10
For conductor 11, eigenvectors are:
For conductor 33, eigenvectors are:
13*a-116 8*a-80 -a+4 -6*a+56 -8 -7*a+68 over Number field with defining polynomial x^2-15*x+52
0 -3*a -6 2*a-4 2 -2*a+2 over Number field with defining polynomial x^2+x-4
-3*a+3 2*a-8 -2*a+8 -6 -a+1 -a+1 over Number field with defining polynomial x^2-13*x+18
For conductor 77, eigenvectors are:
-4 -2 0 1 -1 1 2 -2 over Number field with defining polynomial x-4
-12 6 -3 0 6 2 1 2 over Number field with defining polynomial x+1
-12 6 6 0 -3 -1 -2 -1 over Number field with defining polynomial x+4
48 54 15 78 12 -22 21 4 over Number field with defining polynomial x-9
2*a^3 - 26*a^2 + 68*a - 48 2*a^3 - 24*a^2 + 42*a + 28 a^3 - 17*a^2 + 90*a - 152 -2*a^3 + 26*a^2 - 88*a + 80 4*a^2 - 24*a + 16 -2*a^2 + 10*a - 20 a^3 - 15*a^2 + 64*a - 76 -4*a^2 + 40*a - 72 over Number field with defining polynomial x^4-22*x^3+153*x^2-364*x+244
For conductor 231, eigenvectors are:
For conductor 1:
traces of hecke eigenvalues of T_{p^1} are:
31 126 860 1752 2060 2814 4364 4926 8074 8496 10132 10988 13600 17970 19048 24722 25282 26672 32176 36504 36394 48222 
computing eigenvalues for k = 1, took 7.632700 sec
traces of hecke eigenvalues of T_{p^2} are:
18 -24 
computing eigenvalues for k = 2, took 0.048742 sec
traces of hecke eigenvalues of T_{p^1} are:
15 156 2380 5220 7240 12720 25260 30784 52060 70644 81400 106080 151740 208920 230764 305320 363024 394420 499360 578760 712980 922180 
computing eigenvalues for k = 1, took 7.664821 sec
traces of hecke eigenvalues of T_{p^2} are:
30 780 
computing eigenvalues for k = 2, took 0.047948 sec
traces of hecke eigenvalues of T_{p^1} are:
9 42 220 258 310 564 996 922 1048 1506 2236 2646 3300 2988 4612 4360 5760 5386 7672 7062 9156 9436 
computing eigenvalues for k = 1, took 7.616199 sec
traces of hecke eigenvalues of T_{p^2} are:
12 96 
computing eigenvalues for k = 2, took 0.047375 sec
traces of hecke eigenvalues of T_{p^1} are:
9 41 375 466 659 920 1523 2004 2639 3384 3620 4045 6050 6299 7416 9585 9468 10591 12808 11848 16756 19650 
computing eigenvalues for k = 1, took 7.685668 sec
traces of hecke eigenvalues of T_{p^2} are:
-3 -66 
computing eigenvalues for k = 2, took 0.047495 sec
traces of hecke eigenvalues of T_{p^1} are:
9 66 380 606 824 1110 1488 2024 2564 2994 4160 4500 4620 7884 7136 9260 11178 11876 12068 15888 16386 19820 
computing eigenvalues for k = 1, took 7.674272 sec
traces of hecke eigenvalues of T_{p^2} are:
-3 84 
computing eigenvalues for k = 2, took 0.048265 sec
traces of hecke eigenvalues of T_{p^1} are:
-11 16 120 -74 64 -40 -252 474 -26 -1106 -140 740 -1740 1394 1036 -790 528 1656 -2152 948 3036 -550 
computing eigenvalues for k = 1, took 7.415201 sec
traces of hecke eigenvalues of T_{p^2} are:
12 54 
computing eigenvalues for k = 2, took 0.062491 sec
traces of hecke eigenvalues of T_{p^1} are:
-6 -34 -40 16 96 70 -128 42 -558 184 320 296 256 -814 -44 266 1666 -1256 996 196 206 394 
computing eigenvalues for k = 1, took 7.517104 sec
traces of hecke eigenvalues of T_{p^2} are:
-10 -92 
computing eigenvalues for k = 2, took 0.063073 sec
traces of hecke eigenvalues of T_{p^1} are:
13 76 288 586 706 1328 1962 1944 2764 2950 3718 4448 5640 7472 6460 10040 10680 10212 12410 14292 16992 17828 
computing eigenvalues for k = 1, took 7.647167 sec
traces of hecke eigenvalues of T_{p^2} are:
9 144 
computing eigenvalues for k = 2, took 0.048525 sec
For conductor 3:
traces of hecke eigenvalues of T_{p^1} are:
-7 -13 18 8 -124 -23 102 57 509 -646 -526 616 -816 163 1130 -377 -933 -210 -1814 -702 1689 -965 
computing eigenvalues for k = 1, took 237.806214 sec
traces of hecke eigenvalues of T_{p^2} are:
9 6 
computing eigenvalues for k = 2, took 0.130566 sec
For conductor 7:
For conductor 21:
traces of hecke eigenvalues of T_{p^1} are:
0 1 -10 50 100 -65 -10 169 -135 -576 -190 700 -60 415 1354 435 -891 -350 -50 -30 1535 -1945 
computing eigenvalues for k = 1, took 155.960392 sec
traces of hecke eigenvalues of T_{p^2} are:
-5 20 
computing eigenvalues for k = 2, took 0.140052 sec
traces of hecke eigenvalues of T_{p^1} are:
3 26 232 278 410 664 1000 846 1104 1726 1344 2342 2616 3660 3144 4424 4420 5250 7088 8070 6852 11124 
computing eigenvalues for k = 1, took 159.597904 sec
traces of hecke eigenvalues of T_{p^2} are:
-6 0 
computing eigenvalues for k = 2, took 0.135196 sec
traces of hecke eigenvalues of T_{p^1} are:
8 41 177 188 275 484 675 1206 1439 1346 1724 2317 2886 4165 3224 4729 5280 6375 5248 8430 7812 9154 
computing eigenvalues for k = 1, took 159.929529 sec
traces of hecke eigenvalues of T_{p^2} are:
9 90 
computing eigenvalues for k = 2, took 0.131798 sec
traces of hecke eigenvalues of T_{p^1} are:
10 26 120 390 480 510 860 944 1160 1474 1960 2580 3120 3660 4404 5460 4434 4760 7060 7440 8210 8240 
computing eigenvalues for k = 1, took 159.968433 sec
traces of hecke eigenvalues of T_{p^2} are:
15 0 
computing eigenvalues for k = 2, took 0.129512 sec
For conductor 11:
For conductor 33:
traces of hecke eigenvalues of T_{p^1} are:
15 61 339 500 689 1048 1729 1674 2747 3486 3752 4613 5890 7069 7128 8985 11160 10477 12412 13682 16064 16746 
computing eigenvalues for k = 1, took 159.516504 sec
traces of hecke eigenvalues of T_{p^2} are:
15 54 
computing eigenvalues for k = 2, took 0.130083 sec
traces of hecke eigenvalues of T_{p^1} are:
-1 -1 -58 -14 -76 273 100 159 -499 -126 132 -346 -206 -109 -180 -605 1579 220 2172 234 -191 329 
computing eigenvalues for k = 1, took 160.247010 sec
traces of hecke eigenvalues of T_{p^2} are:
-1 -52 
computing eigenvalues for k = 2, took 0.147156 sec
traces of hecke eigenvalues of T_{p^1} are:
13 46 394 718 810 1238 1542 2344 2484 2662 4170 4778 5202 6908 6786 8336 10854 12100 13292 13620 15264 18560 
computing eigenvalues for k = 1, took 159.844059 sec
traces of hecke eigenvalues of T_{p^2} are:
9 -36 
computing eigenvalues for k = 2, took 0.130400 sec
For conductor 77:
traces of hecke eigenvalues of T_{p^1} are:
4 31 189 292 335 464 801 1014 1463 1342 1940 1871 2190 3071 3440 4417 5244 5547 7564 7494 8832 9778 
computing eigenvalues for k = 1, took 135.862104 sec
traces of hecke eigenvalues of T_{p^2} are:
-3 30 
computing eigenvalues for k = 2, took 0.158852 sec
traces of hecke eigenvalues of T_{p^1} are:
-1 -18 32 106 -86 -16 -4 -50 0 -118 -340 -82 -144 20 64 264 228 -206 1708 282 1100 1268 
computing eigenvalues for k = 1, took 135.657899 sec
traces of hecke eigenvalues of T_{p^2} are:
-4 16 
computing eigenvalues for k = 2, took 0.152740 sec
traces of hecke eigenvalues of T_{p^1} are:
-4 3 2 -2 94 -25 272 -53 -291 74 176 -352 312 -187 -200 603 9 -548 -350 1128 77 -2503 
computing eigenvalues for k = 1, took 135.522669 sec
traces of hecke eigenvalues of T_{p^2} are:
-1 -8 
computing eigenvalues for k = 2, took 0.156813 sec
traces of hecke eigenvalues of T_{p^1} are:
9 16 184 232 380 404 896 1104 1308 1712 2100 2716 3120 3336 3960 3632 4364 5172 5864 6744 7812 10068 
computing eigenvalues for k = 1, took 134.757220 sec
traces of hecke eigenvalues of T_{p^2} are:
12 -60 
computing eigenvalues for k = 2, took 0.149667 sec
traces of hecke eigenvalues of T_{p^1} are:
22 130 786 1228 1778 2216 3084 3912 5708 6940 7976 9032 12072 13922 14966 19564 22236 23064 23956 28338 28968 37372 
computing eigenvalues for k = 1, took 133.775034 sec
traces of hecke eigenvalues of T_{p^2} are:
6 156 
computing eigenvalues for k = 2, took 0.156552 sec
For conductor 231:
