constructing eigenvector for poly
x+13
constructing eigenvector for poly
x-40
constructing eigenvector for poly
x^2-4*x-41
constructing eigenvector for poly
x^10-119*x^9+6225*x^8-188146*x^7+3631106*x^6-46657092*x^5+403370498*x^4-2312402833*x^3+8399694984*x^2-17442578324*x+15721601032
constructing eigenvector for poly
x^14-6*x^13-142*x^12+738*x^11+7048*x^10-28077*x^9-159847*x^8+391741*x^7+1616923*x^6-1479224*x^5-5722445*x^4-2560300*x^3+730331*x^2+202770*x-827
constructing eigenvector for poly
x^51-50*x^50+626*x^49+9780*x^48-318032*x^47+1410394*x^46+40863776*x^45-522653408*x^44-849192104*x^43+53783094226*x^42-237870995809*x^41-2346243919490*x^40+24406055791747*x^39+10744664862164*x^38-1073999328147258*x^37+3470872088612386*x^36+22881733540970953*x^35-167635941889675774*x^34-83471636490337167*x^33+3829082997942535052*x^32-7834172794013151800*x^31-45654950053173582698*x^30+211098002349309500646*x^29+167744015697400072232*x^28-2675554536183850742454*x^27+2897757482926538129170*x^26+18409362889632197207077*x^25-48453947189455976420906*x^24-54814086756641454192373*x^23+340396780172328199956248*x^22-116480725608242858952114*x^21-1301101686370464008384070*x^20+1616269722410403273139752*x^19+2600990240663049024252616*x^18-6031285571901986272446479*x^17-1702518724320996200969332*x^16+11682066269567009185880442*x^15-2942416298709324098051484*x^14-12981518172672360436913914*x^13+6946934567079355260079532*x^12+8617848978662216020260908*x^11-6013251776292393737442700*x^10-3518492623801053425967832*x^9+2670966235084219663159376*x^8+901878825038670159974144*x^7-626093837605457624100784*x^6-140543087680494321670944*x^5+73691149592922711498624*x^4+11275287575790834855936*x^3-4019162721469075200960*x^2-332719892519779778304*x+81235039409563809024
constructing eigenvector for poly
x^48-560*x^47+152822*x^46-27083692*x^45+3504875995*x^44-353073474048*x^43+28824339619050*x^42-1960306456400024*x^41+113301482858469425*x^40-5649922212226579404*x^39+245942990919230580832*x^38-9433137104388908271156*x^37+321199837216444589938088*x^36-9769326196939698015954892*x^35+266764970897720897515326446*x^34-6567442489129599200963097212*x^33+146280453363136092787246957570*x^32-2956373210278207603020304384024*x^31+54344396641643066241465691205882*x^30-910375835222985449907736457685464*x^29+13919880499378537575904127680076876*x^28-194502410598645531579594480436043588*x^27+2485851657853671023966782295893664816*x^26-29076467222605899213963116987755118464*x^25+311354720175464300338541407670395176788*x^24-3052299762197758444568104853109827846468*x^23+27387217468464900958120660988563033018356*x^22-224795752178333588568407454104517202007936*x^21+1686529627364230639461026906452066750310041*x^20-11552640600374988584946311090512963735007776*x^19+72148280692835547989956121103010229979770628*x^18-410064120050623098057616277557700560872837044*x^17+2116473977629211016559697426013766256054717236*x^16-9894008435485593363905150758254580404233683600*x^15+41761113672408862017483609953073830340846958544*x^14-158560875155059260835209952540949855174619695408*x^13+539161773617248246917048741530492398722712084152*x^12-1633203114698432476827169342926782399002646263016*x^11+4379160695020365812810907942280953845875087303808*x^10-10313547694706063802284241905466354034196159795664*x^9+21132577455158253036782265641846951728375942572900*x^8-37225463793383354654686256208374280376415433324224*x^7+55517440245999139035425563256925061051867060045408*x^6-68699116298598538042582218035779115415226977916352*x^5+68603307314623946016520823987719448878529307679936*x^4-53094084218164570860429400925091222506399435130112*x^3+29866183569357658460338370765132657446624368084736*x^2-10857714021860861997282075357722567554631948327936*x+1913904095238614801667791899906858867649944290304
constructing eigenvector for poly
x^48-1340*x^47+875958*x^46-372272516*x^45+115656059719*x^44-28002892363536*x^43+5501129457545872*x^42-901358791731471356*x^41+125670024619697658797*x^40-15136220843571684147748*x^39+1593532531265363685789944*x^38-148021100804757828111848148*x^37+12223370630317525217326110247*x^36-902930085100584853356209208236*x^35+59970426900854119735647298926570*x^34-3596570405686107667471294983454448*x^33+195455840527639239665643995846839957*x^32-9653830102518275169391189775336693844*x^31+434414084613130062356079007470192021068*x^30-17845670606470751049020531103753221658580*x^29+670331228161528575025784644006834365011276*x^28-23052862180439030853961460295307102984452224*x^27+726526331721057119257565944953936006950782032*x^26-20996724534769382560718572752957093151511187664*x^25+556653037287858829201788320939197269948628081636*x^24-13539100733375642788631535010520221883333464510760*x^23+302056383596105384724162269974594344739583201085192*x^22-6178458527728766721014912327207257155372724925577584*x^21+115782701609697219873902662294074928055301206018366164*x^20-1985758476950982088989993504020879839786607449410424208*x^19+31126993351358238309661463754443265803783300087645115808*x^18-445177299524774043359620367492716052430667323583733391488*x^17+5796987420367260951289796247283775939942317383570254231376*x^16-68555564108593307019784323723773098866175727799152558884928*x^15+734059992329064483901245646816870161134666836833817156207680*x^14-7090686697646855537425804618024073949565698211581263318324480*x^13+61521079159679341205789829069990607979844529660465025782510080*x^12-476951097711907048773613179535833532892969435203678159467972608*x^11+3283266921125396741976943013939560102068618133093194179356265472*x^10-19915659771821191503049202484922990408842151143971621274177122304*x^9+105447651276635909353685566048856398100739133783194221712906731520*x^8-481599178751715992382453131280508230126608988781738047206224379904*x^7+1868685889345499811922724327849687030877996388452261874078717050880*x^6-6037482022610592465892228879646287591939899463791065723079041613824*x^5+15798663406883706510101684448673000342682902534184983768610072756224*x^4-32158854356956176184466054632934021640258304539897792618700863963136*x^3+47759209940281023587533955085116465443322797085403998226053208211456*x^2-46016892253095093058786440292938449557345724478066883556123753840640*x+21583061840840008912566703339195808494572777911703002206743996399616
constructing eigenvector for poly
x^48-2566*x^47+3215461*x^46-2622392526*x^45+1565175696382*x^44-728869079067516*x^43+275713023978770351*x^42-87092708939438615380*x^41+23438380113621418027284*x^40-5455965372340186009009992*x^39+1111560998975538211993745686*x^38-200072688156694774818195279256*x^37+32057845319589608806530314698011*x^36-4601271878318943926670748047214914*x^35+594643396194590964639943341276617353*x^34-69491727383480291895524977258869920450*x^33+7369905253568160172854381310328015380553*x^32-711442141115513921904083565863245321326258*x^31+62667580057893013371005591720453717393218346*x^30-5047286188034432715537898404859044627449464350*x^29+372307765255561945185213574750372057955775092860*x^28-25184963595388197935081333167984006607506041316640*x^27+1563877298610533620953631260083891823632823543481937*x^26-89203840245731204290014202647545959533571684699018256*x^25+4675822301693492156782336474347089076270528709256414948*x^24-225258048468806373666506964742278426000287985070345798144*x^23+9972091373507413034720465917604564413738460034369549178100*x^22-405500847657988895715220217038123242916401274215574108822400*x^21+15135243723259345099308979382845911806747431748685771133782464*x^20-518014652533801455347283004460507461911552152802445235805419840*x^19+16235793153750638480068913795571219706884498004835573489204395712*x^18-465217421297386509626161126171301801071200070905387471230368190976*x^17+12161661100955424512770437715338454087082166711921237094744992378752*x^16-289332230665004096526053091116107545866088539494158069023427874008576*x^15+6245399275470182417364697684431937210352532962442262326459752766928128*x^14-121875783293907314809016739831577712720301164078114782412320099649420288*x^13+2140889930981209602640595195729936300879775281600114957219873469828168704*x^12-33677598850738951477012014768605826119289989370887264021550429305187532800*x^11+471455422447709267987436958169974930712553324720523714197920010301050598400*x^10-5828827654448279972189055246498003483216284076216453411058718375222786777088*x^9+63048513380048164666665498740710138983230861549661787693812699228509452640256*x^8-589642470288551430116168344713729191491434930456638919869489726950460981346304*x^7+4696044314767089914055140925529440803385222913972650209019053261774604332318720*x^6-31216650261686992173757535036040327725363359972961322664501051419861982238212096*x^5+168477056474630421940264136224969254431791345711166730662020994250157042549915648*x^4-709054802951828402610952037735063770800746240929773121814489924080313265870077952*x^3+2182615202383247610146148001866326078844988271403995697688414892145051881705570304*x^2-4369914638604241488487232536288782729161381455740342310932541152203516029232480256*x+4269840295743285910282467249697607149773962247423517037213257066106186820111826944
constructing eigenvector for poly
x^48-6128*x^47+18355466*x^46-35816187184*x^45+51192350192431*x^44-57141814216822280*x^43+51859442499279637270*x^42-39338994863325894979808*x^41+25447554399718552866441197*x^40-14251953679804182514234664632*x^39+6992443990705310397214885243812*x^38-3033794557219618753375621331935904*x^37+1172860379603867597217242409890534900*x^36-406551588609862145442656610722998915020*x^35+127008708068960798499434252765613245562654*x^34-35913993052391125682003425153286255790018500*x^33+9224906273161323737522884707434168981841970666*x^32-2158868281282087192358176475341281300082857533816*x^31+461460251558821840036696886332644943624120229304178*x^30-90276300984129946483999390332024457238451468022156260*x^29+16190616323766426800986222710691606318384480118382862084*x^28-2665449869307427490258821490293789124403990437885498566556*x^27+403202964794475803164234122664008020514042118130582170331792*x^26-56081803249429501114883977684144122799290345544069654822390064*x^25+7175315330591924630932479727080388235640548415469400400243528700*x^24-844572348128579211054261033491705867136904534752596534843403165360*x^23+91442311729689214698885867726487108653006894427792475627578841914500*x^22-9103114247416526881203927834525138702101115999339542182050538136940428*x^21+832645139589309910177714951496710896000129023487089845803831498064884921*x^20-69907249638829900034002276302191994042981311518693968088058505790185330384*x^19+5380258356440152827316393436157806516408512109907062500396347674911244987784*x^18-378946160859315829779532089064078701969505651522818168696646147747063394004388*x^17+24375396825041663083847589463259122135682620735074696270128579621019113647271944*x^16-1428371861089220462617624497165692222088289678308508082434656329757763734378288232*x^15+76022490188886022518925685921067344269208317943314083866904310304830542830799361792*x^14-3661778187902956501347905727115587052349645467493202513698438718182872102584470510024*x^13+158935481690644161870310898948817008966186894751735599475193089252088527884961226398496*x^12-6184190980207017481682340879007170537155866264282996314742692552670196915251961857643896*x^11+214370731332193225348555082692024005054523710901353234855652916205995074619304581228377952*x^10-6569946330761060709556203805879998098069266026173183030938593405700109044762338375624453376*x^9+176355539106408776173647019361898626893355831097685585894113557811327971609611997795802470244*x^8-4097511502076725993566966139313501109101018087956975198626128555590669768154813252308829478224*x^7+81165295645873888586670615669710423188311918410011504908390289958684785007179760453082430401968*x^6-1343468189187803207847189005231366130312834474625512943850053879386183234989575224901889541391680*x^5+18075401066990364421498509869255336207277325508314414570151492658375099810190152788667538441744832*x^4-189864534727978559797690662839084991713375790070307853388874486366665062709210527719713397182236416*x^3+1460417588865699133405554022642143293471737078396839167319886547998703182465809968003229019618309632*x^2-7315372332107103779046216093715334487163588996246621399194102286690598509985407797504545809824976896*x+17905067583272862476317540943138702372284736719873882293961759490370719286725670347102869029947597824
constructing eigenvector for poly
x^48-8552*x^47+35755030*x^46-97398145620*x^45+194381881202847*x^44-303016905664884900*x^43+384139116325469807636*x^42-407118218693414307508724*x^41+368020206422671898861655649*x^40-288086639879388544068675497100*x^39+197605312616613246794169453414308*x^38-119888502702361583012991564695245912*x^37+64828105440044530027073228276243700607*x^36-31438750870407483900104799488551534000532*x^35+13744399049166214819362640964934350383939170*x^34-5440160370751523275235040689244232769287000500*x^33+1956509338754612843935594654106044941748229335449*x^32-641264749251542371190917677500540963610695469244372*x^31+192025627173185596567750261621987717170448475302097016*x^30-52642663505185190734290194772959850873316660937389930788*x^29+13234128510378068682005574721589792072560694844962412635672*x^28-3054936270201737280712166715363596240672555226535885048943944*x^27+648171565149988874876968866011324467250297100456040319333372912*x^26-126491389790621248405532782602304255132160226182746159486798036792*x^25+22714020407058521847855304467564070783116570883506066634118766222460*x^24-3753603351425306431698415283976027388775983295389854207171264731365256*x^23+570774931978762524791753331242537514981238674882339863104022734081917704*x^22-79829746361073870264991379149992639097126169782267328327183963031771921248*x^21+10262327861134141804403401750303907810291875512110515320845778427705826335796*x^20-1211369649133242253635623232182320270425655734790149242204482186723000195891232*x^19+131125380568735560612994574260125372742431614741739498767889816456228234895437840*x^18-12994339227626866785377481379938766911300659063807640251374176427515807004842478592*x^17+1176491074456231503455005607613011759164405281147382431811430675191692069251186666000*x^16-97075356458778879297932897548145611364594463034417853790879055064710092683234058912128*x^15+7278039610758318043426069570173789956329853044458246244034048938806712290112070801882112*x^14-494021877964210177025892968769923889122219936841058878062032712760373929707598795549428992*x^13+30229949997502498173515134192924284028863959557415512263041516301164265855993253721347047424*x^12-1658998053310101053246519204991865962723885655637558885259473844115947655862697360350423555072*x^11+81145104294745525792156294949386623657373831964865001990532668651693609818557273218869546351616*x^10-3510616565709575912041410782244612289228988775554742834811201737107124417216955102017805459177472*x^9+133085213333394747973753633344667078070983252269538145897023194130524968838602879551531229607813120*x^8-4368958362312126844884190651309081346568277346598713111947334158826318102728571816397442443374215168*x^7+122333830011699717493747247442993444271087982778472227539895838680603620617721161871082670670513848320*x^6-2863697168241018742334859562831462480560294748817780724682872941083696413311533771835271267902458494976*x^5+54515474457573467909119589915338050291361956705802835438888281798618586872564227274979036865861167939584*x^4-810625295505557107072436823754840042931843526602767346525327757257103127152584008345175857984683275452416*x^3+8831079415643858320418328244785892040922249276866376470749379145484304964881451543696794616704617449259008*x^2-62683510868324834831199525812476097194952654882929826411275718162823998668412289768659082574299323166621696*x+217518629019212440182666234315301637916475141409523904486576728819193201134938423055707857024884368876765184
constructing eigenvector for poly
x^48-13614*x^47+90641637*x^46-393340979818*x^45+1251003145171086*x^44-3108927250923636352*x^43+6285371990515852275285*x^42-10627229568641245556219504*x^41+15331589058689369260306397628*x^40-19160818035341258630182545585660*x^39+20990601632948713730069686798618110*x^38-20346958022405618257844541785581267660*x^37+17584971718128875398072948594548552033508*x^36-13635185217345172426983568440665668497943812*x^35+9534550336863100603203590055695219705953052828*x^34-6038462300956794764438640952711220337648353059176*x^33+3476149403636007530374984488479286580593018542277156*x^32-1824389197699603782825544638330273152928408721053629772*x^31+875114251861786599961678629828348352408479250393641571550*x^30-384441879523256742215243468540578963329565509165940786396820*x^29+154930617470943704303693478972430242747263123857891470909238463*x^28-57352827481795401635532029102791229934196626541341908762800399698*x^27+19521581610282471742527998461097730579844602213514753717356758301559*x^26-6113919662819604790514346292724617368530687523955830941479614504053110*x^25+1762575278159877233752609218473835030502681374885991831278369424231402695*x^24-467797424288923143110183542801839285305119535510277169709237326168225458322*x^23+114285383036971429779424491030169091923728394643482991126360771392012022425562*x^22-25690176720232124118386580042659130741358105126283481714394567077662186407664094*x^21+5309878146107734269881098217540259118702941182678293154275745197404334613739044335*x^20-1008117159294634230332571598161674285140665069188421790604909947580257051186682084922*x^19+175580203086576151183926889106765272642453846694138486754269119062343278640238908278372*x^18-28006298846583421941551391602891456668889211827365626824808445281896473790237189242960050*x^17+4082823061001475275294832682850985365331773599364529749534451019280648355857333893152052912*x^16-542635683885997929747338500929133963775594023653184849485129801176650035753425998535263225736*x^15+65553750972677287158380269349046058211157103886396250417438611355506372603253347646027172780809*x^14-7172469363057564115565704420087817801830951161709468482765027487054195785761989144768390239773272*x^13+707708106057271841386575581405955877636495389490792423907892282865622018382307922192180820557829104*x^12-62648525065571320827252152299020566107729447068759329744118345544093241297098885014924316358837537440*x^11+4944571646260862438832016985396846303582441251231648549540216558862180620485169468117618906529547626528*x^10-345305389086184168445559766876273019121788946779932236488957743065479620628784412319635082444630918318240*x^9+21137549699436412898537663025117665155098159586276711444774622051307049461146884720553222752359706585030904*x^8-1120876816372517630517022173686673688151367939536317044687308809744147611646592980516779851400197107567311040*x^7+50714355744209935217324571479898872628554395651386945544460081339403819047548002408914330306902689351439736832*x^6-1918951096466902681432163210484502078120739995532116700748601057627946612536778651023822326737422633875740430560*x^5+59068516632957968019998100454128024761879823609561912715736624495830549997966011223388757352603122277412023638272*x^4-1420697630844950107330962378973181878378694683667248154880767954199422162738473206476775403314927886959605693960064*x^3+25042926478243779854092045266498887811838680740732525497811831792386926009812413549983645685246827143096252641783568*x^2-287711783501452765037252810552856933733739893901037700699672988306832374894433623015620389142225851948632332038965760*x+1616500245131805007263983756129590668630770434639475995369528009181666566493603132244613801741941295665792320500043776
constructing eigenvector for poly
x^48-17822*x^47+155295791*x^46-881758841058*x^45+3668361174931669*x^44-11921714049051745038*x^43+31510265962882971366210*x^42-69632139758123455832886106*x^41+131255750298437400126145023374*x^40-214267801968224343154927159276584*x^39+306511696717946113287085429332129909*x^38-387851981994801815809598659187701467548*x^37+437436645243962948804254761303754308690750*x^36-442488214142412880374181365391629112154259244*x^35+403520836012492003195853250268402259058853685822*x^34-333175348304581541521279710868471089136611910907740*x^33+249964996354761441262836825559709673739654797099520359*x^32-170916480489907706685038794440689732495635302360851782370*x^31+106774195369069772041355220555578982101929387798469216713201*x^30-61068158660158742105455537416902163882226217558567957806907502*x^29+32029458078851769578651613892040314327016361839595269360221754142*x^28-15425498842613335719115229964788899741919216622190923323542823672748*x^27+6828315224438198494605145235564377704379597364785581137459575529390237*x^26-2780180323047177160181184265330592681930575997607667521417852882548169080*x^25+1041584552055888997474890513468262681051859778395049647857264999878803318228*x^24-359116830819224246096346459016128397705017725132931819685899573163896395366000*x^23+113929384628983912199655280066388298257200385824094366333344490616299623670348980*x^22-33244055923904445594206357273405008173131270935951909046125997200069341150034522560*x^21+8915932607932071827434698167414186501496939938222253076509074941937937530555119406368*x^20-2195638391645457850806154797822385550612070635761284463567894756248622827303591708772608*x^19+495820077849914390874513548487376627361309016371476460566081392712920824133599631455193408*x^18-102502194672274897408623652557939996837929296605306962213852214267275695404701603705978165760*x^17+19359585508333432611735895021994133210336127804603046419362309878257865996062929547277586276352*x^16-3332193188885371885892133748216359708978269740927852941448787922845394058567334375917744679729152*x^15+521114498033974574289706825357368789501241079796902407903994064148995556657138060985291868996751360*x^14-73781046537096656666455627012657349426767850762906592989400893139071013721290221934497578650218217472*x^13+9416658485327159880714716432198482742729469782845353044314275316169060655753039088539508331348771078144*x^12-1077818118647301891876826353913817544090118834734184320966783905354091170242938261429397457718771065421824*x^11+109946191270389003033928368271960495778467841724485452758912277618994079898612764634089937364680883999014912*x^10-9919646665105467867732702752104961190581378924673929585508441632883550621791407742942547852568677164483084288*x^9+784174786237209155820259038934702472495480547309538468007685651367705394295847898628766534482237816107940970496*x^8-53679101356791816519453094754713264816964081352077673097191432202450504772744151632503715079032113712826163396608*x^7+3133941306366981864634835296228024264627018956715297285676705549082572061266200975555358318010337160042336400441344*x^6-152953613160540142127042209992744655248167500239570623760365340823976809052838531114631294270369879168271025409359872*x^5+6070311240231206948412443205997421370641076348019175791881115622672890264813299564375617633094241866295602795226595328*x^4-188164951154919947084006214198256872244076143873750919035475797322996455156987091242850954795769574247534858228765556736*x^3+4272946644218607764619927917592777481648377956407112452074660053455641507683047861226989294868494837570188428506914881536*x^2-63216226493837527598003823138719779303836317259965107490815189628554670351995942989086320768797004440218415807906568994816*x+457191951540413406148962818038489138753802106701746555017123839916197883052051287165175229591621979457168554504739895640064
constructing eigenvector for poly
x^3-3*x^2+3*x-1
constructing eigenvector for poly
x^3+24*x^2+192*x+512
constructing eigenvector for poly
x^3+18*x^2+108*x+216
constructing eigenvector for poly
x^3+90*x^2+2700*x+27000
constructing eigenvector for poly
x^3-108*x^2+3888*x-46656
constructing eigenvector for poly
x^3+30*x^2+300*x+1000
constructing eigenvector for poly
x^3-399*x^2+53067*x-2352637
constructing eigenvector for poly
x^30+12*x^29-291*x^28-3857*x^27+34293*x^26+524103*x^25-2103902*x^24-39723666*x^23+71542020*x^22+1876631063*x^21-1258718070*x^20-58648093974*x^19+4035374260*x^18+1249625184225*x^17+325726740465*x^16-18305559906520*x^15-8532138326511*x^14+182462974130190*x^13+118854096789369*x^12-1201642771334193*x^11-1072849845810051*x^10+4918022660966293*x^9+6115806382637388*x^8-10547595714657726*x^7-19597806436831958*x^6+4040467949086455*x^5+25880894585675568*x^4+17989901401684352*x^3+4331872831260570*x^2+434549581827099*x+15641881075729
constructing eigenvector for poly
x^30+141*x^29+7773*x^28+193607*x^27+1121799*x^26-46937172*x^25-864862913*x^24+1819533789*x^23+150112945350*x^22+448651511318*x^21-14238664846191*x^20-66182922117354*x^19+921335156231451*x^18+4072097849200656*x^17-44626053825875043*x^16-121989599627165970*x^15+1569785742880999614*x^14+743011298236006569*x^13-34621935388192724497*x^12+57514966769003266968*x^11+342617777234355164583*x^10-1368056375433929988105*x^9+414189470442298945629*x^8+6224278203503320401039*x^7-10675806762350213377543*x^6-4617284221563876126360*x^5+28417031505121085743500*x^4-19594488584175241610000*x^3-16908316493966299050000*x^2+28300045108724162400000*x-10604933791741927000000
constructing eigenvector for poly
x^30-216*x^29+20163*x^28-1054383*x^27+33039807*x^26-587566005*x^25+3507361663*x^24+81444245250*x^23-1996135446492*x^22+13164265790428*x^21+112867031669484*x^20-2447974083732486*x^19+10181505349846414*x^18+99280811557505772*x^17-1176998299145708091*x^16+1548260988216387152*x^15+37257518703068261979*x^14-188293334922124360311*x^13-340196177103758782775*x^12+4910177378218061864007*x^11-5846886232100157881106*x^10-58304488751610472341432*x^9+174787244549802715963356*x^8+279317167880849138012463*x^7-1750443798016521941608701*x^6+530906189872341149233560*x^5+7794256778253830123122320*x^4-10447532449635181942195200*x^3-10153702158353036557228800*x^2+29285704623785236796160000*x-16419865150438635833856000
constructing eigenvector for poly
x^30-120*x^29-10032*x^28+1663775*x^27+30766413*x^26-10176243396*x^25+36520708110*x^24+36188906725704*x^23-550899721674291*x^22-82876795397480064*x^21+1919767993120518288*x^20+127361825142744364635*x^19-3836054418300274771949*x^18-131462996379815158815864*x^17+5039798695028221992128031*x^16+86214401317839903026198328*x^15-4533897913164531868684446384*x^14-27758017283489473776492935781*x^13+2791594853574467438787369718591*x^12-5338626476207704972925049170892*x^11-1129959791149573215103741294479633*x^10+9933666498518942764786206648023136*x^9+265911146470658797594004770226991180*x^8-4500461266104447888362330192366886351*x^7-20594112434539498444334303627573614632*x^6+935575999999258804619964021380411432460*x^5-4853886445564946189634828760800785161515*x^4-60370661851193888572267121263529952896775*x^3+921655662751752723300556304406519531542775*x^2-4689479346004981751722910789488494280612875*x+8806925288122205118792573527885168068296375
constructing eigenvector for poly
x^30-525*x^29+123186*x^28-16709944*x^27+1385458620*x^26-62364214863*x^25-19577895693*x^24+208410493677744*x^23-14546846383551843*x^22+447823092498063605*x^21+1687804584649419555*x^20-803751036400796782551*x^19+37631581359072309077592*x^18-836371736703625513301829*x^17+397977085448694575500503*x^16+671390527366341039073444771*x^15-27288063973845344735463322059*x^14+663082757697294356195280662208*x^13-11445025827652250302154089177165*x^12+146731840518485795052804881373495*x^11-1403543301594813945512004299276376*x^10+9775265292036879796482964310309972*x^9-46149687779867388293167164013243602*x^8+116255559907487482411004620943452197*x^7+86478064944682260145299507463550225*x^6-1675660727169946784705690485810761288*x^5+4092133564986776478055300756404460128*x^4+3200373404610606430531790270004244480*x^3-26006659879099115666397845123700182016*x^2+9279232433341299182221850221968285696*x+57026234602448983715550724835219308544
constructing eigenvector for poly
x^30-123*x^29-40479*x^28+5222827*x^27+670059465*x^26-95097079500*x^25-5594388895140*x^24+968865873523581*x^23+21145554746215020*x^22-6015552984971970720*x^21+15245469634849859685*x^20+22998994690431055596588*x^19-497244471573513892488067*x^18-50702877299465658825782091*x^17+2108073573192589172759308854*x^16+47509180935294388338817715652*x^15-4123467453973981075614594879171*x^14+31365724583256122903532012342870*x^13+3400250435626714331984779835841107*x^12-102185124979605695487859473974961801*x^11+160269492256625055876588311931234312*x^10+48905903648150498824982947664677678404*x^9-1248552717392781981755699027410796782413*x^8+15768755339137733128108013529755176852524*x^7-113275086319399598170423614607668213382950*x^6+424257873517475442093211996238407718420418*x^5-390694235069113157250381523727975397105603*x^4-2115925146066900290781222510667190277063507*x^3+3019749706824907738690287064290481808511258*x^2+7927696729708232015459112411690560749099662*x+3737603232107378897015692773259066071949337
constructing eigenvector for poly
x^30-165*x^29-53751*x^28+10158659*x^27+1219022139*x^26-281483439888*x^25-14431219456223*x^24+4638631857726456*x^23+77398837248570975*x^22-50599493313222343309*x^21+221003497394359725258*x^20+384649973380435629443478*x^19-7236994131529043823437313*x^18-2088292141408200171839357628*x^17+61997499234157285964219189724*x^16+8156922351919852268497748533392*x^15-314834134740912485165114937765792*x^14-22774079106110879059286053934705088*x^13+1060368678758061097892564366011024064*x^12+44531811970635515842652123011575162624*x^11-2419471735560187832444138230839730414080*x^10-58844720373119728137150884377971196019712*x^9+3670108968695997959883751899644051036777472*x^8+50143842103279853042530194194054617446764544*x^7-3491606298847745941891299629933566349368889344*x^6-27364024150474178290674042364757309511492501504*x^5+1828938389762399404241107861534065597465349914624*x^4+11938389207729891043545331503858533964400263430144*x^3-366410622279823540534541089101166099267794867585024*x^2-4571071375832389647674241192183997849355423909412864*x-14441215930852083706807716068155253648919874181791744
constructing eigenvector for poly
x+1
constructing eigenvector for poly
x+11
constructing eigenvector for poly
x+13
constructing eigenvector for poly
x-1
constructing eigenvector for poly
x^2+10*x+20
constructing eigenvector for poly
x^9+59*x^8+1489*x^7+21167*x^6+187083*x^5+1066567*x^4+3920156*x^3+8946976*x^2+11488327*x+6316591
constructing eigenvector for poly
x^10+4*x^9-113*x^8-403*x^7+3694*x^6+9443*x^5-46860*x^4-70301*x^3+164029*x^2+231593*x+25009
constructing eigenvector for poly
x^14-6*x^13-142*x^12+738*x^11+7048*x^10-28077*x^9-159847*x^8+391741*x^7+1616923*x^6-1479224*x^5-5722445*x^4-2560300*x^3+730331*x^2+202770*x-827
constructing eigenvector for poly
x+7
constructing eigenvector for poly
x^2+12*x+23
constructing eigenvector for poly
x^3+27*x^2+228*x+596
constructing eigenvector for poly
x^3+20*x^2+131*x+281
constructing eigenvector for poly
x^3+24*x^2+147*x+71
constructing eigenvector for poly
x^22+50*x^21+940*x^20+7005*x^19-10812*x^18-510009*x^17-2562297*x^16+4464794*x^15+81338543*x^14+185477013*x^13-653015454*x^12-3567837111*x^11-1510024118*x^10+20644846097*x^9+36744366913*x^8-32331071153*x^7-131511222741*x^6-42692963192*x^5+152878804433*x^4+118844010637*x^3-43658090925*x^2-60323626179*x-11635077347
constructing eigenvector for poly
x+5
constructing eigenvector for poly
x+5
constructing eigenvector for poly
x^3+33*x^2+363*x+1331
constructing eigenvector for poly
x^3-18*x^2+108*x-216
constructing eigenvector for poly
x^3+84*x^2+2352*x+21952
constructing eigenvector for poly
x^3-24*x^2+192*x-512
constructing eigenvector for poly
x^3+126*x^2+5292*x+74088
constructing eigenvector for poly
x^3+48*x^2+768*x+4096
constructing eigenvector for poly
x^3+321*x^2+34347*x+1225043
constructing eigenvector for poly
x-5
constructing eigenvector for poly
x+11
constructing eigenvector for poly
x-1
constructing eigenvector for poly
x+7
constructing eigenvector for poly
x^2+12*x+23
constructing eigenvector for poly
x^17-9*x^16-134*x^15+1468*x^14+3286*x^13-70600*x^12+85767*x^11+1247971*x^10-3727618*x^9-6451530*x^8+36442958*x^7-10200710*x^6-121730964*x^5+125862712*x^4+99701841*x^3-144051393*x^2-19958881*x+40071819
constructing eigenvector for poly
x^22+50*x^21+940*x^20+7005*x^19-10812*x^18-510009*x^17-2562297*x^16+4464794*x^15+81338543*x^14+185477013*x^13-653015454*x^12-3567837111*x^11-1510024118*x^10+20644846097*x^9+36744366913*x^8-32331071153*x^7-131511222741*x^6-42692963192*x^5+152878804433*x^4+118844010637*x^3-43658090925*x^2-60323626179*x-11635077347
constructing eigenvector for poly
x^10-105*x^9+4825*x^8-127458*x^7+2137060*x^6-23681520*x^5+174949604*x^4-847118595*x^3+2561878772*x^2-4354601508*x+3152659832
constructing eigenvector for poly
x^77-47*x^76-271*x^75+46399*x^74-397162*x^73-18999772*x^72+316921135*x^71+3888633687*x^70-111559845017*x^69-270327690675*x^68+23848908199357*x^67-64111262896483*x^66-3401406725020952*x^65+22097432100666112*x^64+332275989669062054*x^63-3505727598060974730*x^62-21425770709538709200*x^61+368520503947000571388*x^60+709614965867565925531*x^59-28166949180608701449667*x^58+18890276684061344163370*x^57+1627744798614221950323830*x^56-4272638883407754834048165*x^55-72387975274936422626130189*x^54+317850287901891028133396881*x^53+2485009780535070275594192991*x^52-15755494294789196769334346291*x^51-64872070205593544310808004673*x^50+587268035855175752109108925835*x^49+1218278645799296067956358154911*x^48-17245003146337718267349613122043*x^47-13124648152982491721482235404381*x^46+408662072150759120796737764125154*x^45-67354485766624778452911455027126*x^44-7929979430442490666652995626798056*x^43+6810365573605776288779475871988752*x^42+127240155509851852598599318664788621*x^41-178242390856296223525830866979164085*x^40-1700054133043892210381203473462269798*x^39+3117985826633469815884969574817112812*x^38+19015036367513338059653768840987729830*x^37-41468153310000694076263987406614315332*x^36-178796206301628206385734038276433846670*x^35+438038076888607849762751020610972283512*x^34+1418126819816096371665183627295644612389*x^33-3744990528675678738028873155250931265839*x^32-9511734168823461406930990744252418017043*x^31+26127963658934012318624845000641508787139*x^30+54018703997162594566135694158077508837269*x^29-149111114382496839301116729404244719014035*x^28-259576205487061071926694640748744509619598*x^27+694996378130683556576437985689733903744158*x^26+1051593137933590213863506192180211682648779*x^25-2633199162849280931027980654635223701110033*x^24-3564932917709312427282009969959939044937440*x^23+8049593794128936843246581328632630575371526*x^22+9993620944542850092826807452509280292511518*x^21-19655417027902810521261073513122835107917420*x^20-22790953213446531226491536939081991505826592*x^19+37855698390536386668711583434532213279216256*x^18+41420494618266966197636825613739527371019516*x^17-56639181247542955427559787811972578356666860*x^16-58518378019489123245079406640355929075032316*x^15+64649694390657600307085328972576911528636248*x^14+62381184432213810521415710213687021045973788*x^13-55061348064536379633249913174285027975859968*x^12-48349185734066614029224628087827592496374130*x^11+33976112693217050430615538902261214066489986*x^10+25920423640371409344807292263228607390307668*x^9-14522452863180838741484648176435547177922264*x^8-8921352190824073538892556430443761312027616*x^7+3963550119772881905256815780984064108260240*x^6+1738007429901048913884294121901007518181504*x^5-577023913828637663550245619914113476051712*x^4-152036213566654041500984128468173399476608*x^3+25226065778026718112854429376583358550016*x^2+5225115789068692712959715743569832476672*x-12089196961626712650683242122058383360
constructing eigenvector for poly
x^28-326*x^27+50731*x^26-5016276*x^25+353930237*x^24-18970417472*x^23+802951858476*x^22-27543508108050*x^21+779773313389298*x^20-18459947875177338*x^19+368933375899116628*x^18-6267719172369034538*x^17+90949325780441451754*x^16-1130720592670854660878*x^15+12063254569801200043993*x^14-110463043368713613901796*x^13+867204476850399569713840*x^12-5822212711352798700234158*x^11+33294659803074779536252506*x^10-161245949324867087015341332*x^9+656189571156922769125456422*x^8-2220418125086604680767741052*x^7+6160054565155089329957521010*x^6-13744836912053133148678177968*x^5+24009726169927914893648662144*x^4-31552497016427601743236791920*x^3+29268768162031862219652313472*x^2-17046058554831765679955986496*x+4676886765034115288479050624
computing eigenvectors took 567.791805 sec
For conductor 1, eigenvectors are:
0 0 0 0 0 0 -6 0 0 0 0 0 0 0 6 -6 0 6 0 0 0 -4 0 0 4 4 0 0 0 0 0 0 0 0 -4 0 0 4 0 -4 0 0 0 0 0 -2 0 -4 0 0 0 0 0 2 2 0 0 4 2 -2 0 2 4 -2 -4 2 -2 -2 2 2 0 0 0 0 0 4 2 2 -2 0 0 0 0 0 0 0 -2 0 -4 2 0 0 0 -4 0 0 -2 0 0 2 -2 -2 2 0 2 0 0 -2 0 0 0 -2 0 4 -2 4 -4 0 0 0 0 1 1 0 -1 0 2 -2 1 2 0 0 0 -1 0 -1 -2 0 0 1 0 0 0 0 -2 -1 1 -1 0 1 -1 1 0 -1 2 0 0 0 1 -1 over Number field with defining polynomial x+13
-1 -1 -1 -1 -1 -1 -1 -1 -1 -1 -1 -1 -1 -1 -1 -1 -1 -1 -1 -1 -1 -1 -1 -1 -1 -1 -1 -1 -1 -1 -1 -1 -1 -1 -1 -1 -1 -1 -1 -1 -1 -1 -1 -1 -1 -1 -1 -1 -1 -1 -1 -1 -1 -1 -1 -1 -1 -1 -1 -1 -1 -1 -1 -1 -1 -1 -1 -1 -1 -1 -1 -1 -1 -1 -1 -1 -1 -1 -1 -1 -1 -1 -1 -1 -1 -1 -1 -1 -1 -1 -1 -1 -1 -1 -1 -1 -1 -1 -1 -1 -1 -1 -1 -1 -1 -1 -1 -1 -1 -1 -1 -1 -1 -1 -1 -1 -1 -1 -1 -1 -1 -1 -1 -1 -1 -1 -1 -1 -1 -1 -1 -1 -1 -1 -1 -1 -1 -1 -1 -1 -1 -1 -1 -1 -1 -1 -1 -1 -1 -1 -1 -1 -1 -1 -1 -1 -1 -1 -1 -1 over Number field with defining polynomial x-40
0 -12*a+132 -24*a+192 12*a-60 -6*a-6 -6*a+102 24*a-156 6*a-138 -18*a+198 18*a-90 -18*a+90 -72 0 6*a+42 -24*a+120 -72 -72 36 -18*a+18 6*a-30 0 4*a-92 4*a-68 48 -4*a+116 72 8*a-16 4*a+4 -16*a+152 24 16*a-56 16*a-80 8*a-184 4*a-44 12*a-60 -8*a+40 4*a-44 -8*a+16 -12*a+84 -16*a+56 16*a-152 16*a-56 12*a-60 -4*a+20 12*a-12 4*a-56 4*a-44 -8*a+40 -8*a+16 22*a-182 -16*a+152 12 12*a-84 6*a-30 -16*a+80 0 -2*a+10 4*a-32 0 -6*a+6 -2*a-26 36 24 10*a-50 10*a-50 -2*a-14 8*a-112 2*a+2 8*a-100 -6*a+66 -10*a+50 4*a-68 -24 8*a-100 18*a-162 -36 -2*a-26 -10*a+14 -2*a+70 -6*a+102 2*a+86 -10*a+62 -6*a+30 14*a-46 2*a+2 -12*a+72 -2*a+34 10*a-86 4*a-8 2*a+14 -10*a+26 2*a-34 2*a-34 8*a-100 4*a+76 2*a+14 -8*a+88 -8*a+88 2*a-34 2*a-10 -8*a+40 -14*a+142 -48 6*a-54 6*a-78 6*a-30 -10*a+38 -2*a+70 -2*a-14 -4*a+20 -14*a+142 14*a-118 -8*a+124 -18*a+138 -4*a+32 -4*a+56 -8*a+76 6*a-78 4*a-68 10*a-38 -6*a+90 -8*a+88 10*a-38 8*a-88 -10*a+50 -2*a+82 8*a-88 2*a+26 -36 6*a-30 2*a-10 -6*a+18 -6*a+6 -6*a+6 12*a-84 4*a-32 -12*a+108 -6*a+30 -4*a+8 2*a+2 -6*a+18 -8*a+40 2*a-10 2*a-58 2*a-34 0 4*a-8 -4*a+8 2*a-22 10*a-50 2*a+14 -4*a+32 4*a-32 2*a-22 16*a-128 4*a-20 -8*a+52 -2*a+34 24 -10*a+122 over Number field with defining polynomial x^2-4*x-41
a vector of length 160 over Number field with defining polynomial a number field of degree 10
a vector of length 160 over Number field with defining polynomial a number field of degree 14
a vector of length 160 over Number field with defining polynomial a number field of degree 51
a vector of length 160 over Number field with defining polynomial a number field of degree 24
0 0 0 0 24 0 -12 -12 -24 12 0 0 0 -12 -12 -12 -12 0 0 0 0 8 0 0 -16 8 0 -8 0 0 0 -8 -8 0 0 0 0 0 0 8 8 -8 16 16 -16 0 -4 -4 4 4 -12 8 4 4 8 0 0 -8 4 0 8 4 12 4 0 0 -4 20 0 0 0 0 0 8 8 8 -16 -12 16 8 -8 0 -4 -4 0 8 4 0 -8 0 -8 -4 8 -12 12 4 4 0 4 -12 4 -4 8 0 -4 -8 -8 8 0 -4 4 0 -8 0 0 4 8 4 4 -8 4 -4 2 0 2 2 4 -8 -8 4 -8 4 -8 4 -8 2 -4 0 6 -4 6 4 4 -2 -4 0 0 4 -8 -2 4 -4 -6 4 4 0 2 -4 0 0 over Number field with defining polynomial x-133
a vector of length 160 over Number field with defining polynomial a number field of degree 10
For conductor 2, eigenvectors are:
0 -1 0 -1 0 1 2 1 -1 -1 0 0 0 0 2 1 0 0 -2 0 -1 0 -2 1 0 0 1 -1 2 0 0 1 2 -1 0 3 0 1 -1 over Number field with defining polynomial x+1
3 0 0 0 1 -2 2 1 0 0 -2 0 1 -2 0 0 0 1 1 1 0 0 -1 0 -3 1 1 2 0 -1 -1 1 -1 0 0 -1 0 1 -1 over Number field with defining polynomial x+11
-3 -1 0 -1 0 -2 2 1 2 -4 0 0 3 0 -1 -2 0 0 1 0 -4 0 -2 -2 3 3 1 2 -1 3 3 -2 -1 2 0 0 0 1 -1 over Number field with defining polynomial x+13
1 1 0 -1 -1 0 -2 1 1 -2 -1 4 -1 0 -1 0 -2 0 -1 0 -2 -3 0 -1 0 -2 0 1 0 -1 -3 -1 1 2 0 1 1 -1 -1 over Number field with defining polynomial x-1
0 a+6 0 2 0 -2 -a-4 a+4 2 2 2 0 0 0 2 a+6 0 -a-4 a+4 -a-4 -a-6 0 -a-6 -2 0 2 a+4 -a-4 -a-2 0 -2 a+2 -a-4 -a-6 0 0 0 -2 2 over Number field with defining polynomial x^2+10*x+20
0 -2*a^7 - 104*a^6 - 2205*a^5 - 24838*a^4 - 160830*a^3 - 598183*a^2 - 1179265*a - 943949 0 -3*a^8 - 161*a^7 - 3627*a^6 - 44990*a^5 - 336866*a^4 - 1560703*a^3 - 4369447*a^2 - 6753368*a - 4405379 a^8 + 51*a^7 + 1095*a^6 + 12910*a^5 + 91172*a^4 + 393333*a^3 + 1006923*a^2 + 1390458*a + 791513 -13*a^6 - 480*a^5 - 7242*a^4 - 56951*a^3 - 245029*a^2 - 543019*a - 478786 5*a^6 + 164*a^5 + 2224*a^4 + 15963*a^3 + 63787*a^2 + 133541*a + 112588 a^7 + 65*a^6 + 1522*a^5 + 17929*a^4 + 118068*a^3 + 440020*a^2 + 862911*a + 685836 a^8 + 54*a^7 + 1235*a^6 + 15655*a^5 + 120365*a^4 + 574444*a^3 + 1659185*a^2 + 2644817*a + 1775140 a^8 + 54*a^7 + 1235*a^6 + 15655*a^5 + 120365*a^4 + 574444*a^3 + 1659185*a^2 + 2644817*a + 1775140 5*a^7 + 215*a^6 + 3874*a^5 + 37863*a^4 + 216364*a^3 + 720962*a^2 + 1292173*a + 955488 0 3*a^7 + 110*a^6 + 1656*a^5 + 13155*a^4 + 58771*a^3 + 144437*a^2 + 173738*a + 73010 3*a^7 + 110*a^6 + 1656*a^5 + 13155*a^4 + 58771*a^3 + 144437*a^2 + 173738*a + 73010 2*a^8 + 105*a^7 + 2300*a^6 + 27558*a^5 + 197811*a^4 + 870827*a^3 + 2293149*a^2 + 3297290*a + 1982206 -3*a^7 - 136*a^6 - 2577*a^5 - 26415*a^4 - 157883*a^3 - 548878*a^2 - 1023931*a - 786241 0 -2*a^8 - 108*a^7 - 2428*a^6 - 29875*a^5 - 220856*a^4 - 1006540*a^3 - 2764341*a^2 - 4183645*a - 2669917 -5*a^6 - 164*a^5 - 2224*a^4 - 15963*a^3 - 63787*a^2 - 133541*a - 112588 2*a^8 + 106*a^7 + 2352*a^6 + 28656*a^5 + 210146*a^4 + 950762*a^3 + 2591696*a^2 + 3889084*a + 2456924 3*a^7 + 136*a^6 + 2577*a^5 + 26415*a^4 + 157883*a^3 + 548878*a^2 + 1023931*a + 786241 0 a^8 + 52*a^7 + 1147*a^6 + 14008*a^5 + 103507*a^4 + 473268*a^3 + 1305470*a^2 + 1982252*a + 1266231 -a^8 - 54*a^7 - 1235*a^6 - 15655*a^5 - 120365*a^4 - 574444*a^3 - 1659185*a^2 - 2644817*a - 1775140 0 5*a^7 + 215*a^6 + 3874*a^5 + 37863*a^4 + 216364*a^3 + 720962*a^2 + 1292173*a + 955488 a^7 + 65*a^6 + 1522*a^5 + 17929*a^4 + 118068*a^3 + 440020*a^2 + 862911*a + 685836 -a^7 - 65*a^6 - 1522*a^5 - 17929*a^4 - 118068*a^3 - 440020*a^2 - 862911*a - 685836 -a^8 - 54*a^7 - 1223*a^6 - 15227*a^5 - 114217*a^4 - 529046*a^3 - 1478115*a^2 - 2276813*a - 1479224 -3*a^7 - 110*a^6 - 1656*a^5 - 13155*a^4 - 58771*a^3 - 144437*a^2 - 173738*a - 73010 -5*a^7 - 215*a^6 - 3874*a^5 - 37863*a^4 - 216364*a^3 - 720962*a^2 - 1292173*a - 955488 4*a^7 + 180*a^6 + 3424*a^5 + 35548*a^4 + 216608*a^3 + 770828*a^2 + 1473826*a + 1156942 5*a^6 + 164*a^5 + 2224*a^4 + 15963*a^3 + 63787*a^2 + 133541*a + 112588 3*a^7 + 136*a^6 + 2577*a^5 + 26415*a^4 + 157883*a^3 + 548878*a^2 + 1023931*a + 786241 0 a^7 + 52*a^6 + 1107*a^5 + 12503*a^4 + 80895*a^3 + 299636*a^2 + 587471*a + 469231 0 -13*a^6 - 480*a^5 - 7242*a^4 - 56951*a^3 - 245029*a^2 - 543019*a - 478786 13*a^6 + 480*a^5 + 7242*a^4 + 56951*a^3 + 245029*a^2 + 543019*a + 478786 over Number field with defining polynomial x^9+59*x^8+1489*x^7+21167*x^6+187083*x^5+1066567*x^4+3920156*x^3+8946976*x^2+11488327*x+6316591
a vector of length 39 over Number field with defining polynomial a number field of degree 10
a vector of length 39 over Number field with defining polynomial a number field of degree 14
For conductor 223, eigenvectors are:
-1 -1 0 -1 0 0 0 1 0 0 0 0 1 0 1 0 0 0 1 0 0 2 0 0 1 -1 -1 2 1 -1 -1 0 -1 0 0 0 0 1 -1 over Number field with defining polynomial x+7
a+9 a+9 0 2 -a-7 0 0 4 a+7 0 a+7 a+7 -2 0 -2 0 0 0 -2 0 0 2 a+7 -a-7 a+11 -a-11 2 2 -2 2 -4 0 2 0 0 -a-7 -a-7 -2 2 over Number field with defining polynomial x^2+12*x+23
-2*a^2 - 40*a - 200 -2*a-28 0 -2*a-20 4*a+40 -2*a^2 - 50*a - 284 8*a+72 2*a^2 + 40*a + 192 2*a^2 + 42*a + 220 -2*a^2 - 34*a - 140 -2*a^2 - 42*a - 204 0 -2*a^2 - 44*a - 224 -8*a-80 2*a+20 2*a^2 + 42*a + 212 16 4*a+48 2*a^2 + 40*a + 192 4*a+48 -2*a^2 - 34*a - 148 -4*a-40 2*a^2 + 38*a + 172 -2*a^2 - 42*a - 220 -2*a^2 - 44*a - 224 -6*a-60 2*a^2 + 44*a + 232 4*a+32 2*a+12 2*a^2 + 36*a + 160 2*a+20 2*a^2 + 38*a + 172 -2*a^2 - 40*a - 192 -2*a^2 - 42*a - 212 0 -4*a-40 16 -2*a-20 2*a+20 over Number field with defining polynomial x^3+27*x^2+228*x+596
4*a^2 + 56*a + 196 -2*a^2 - 28*a - 96 0 2*a^2 + 34*a + 136 -2*a^2 - 26*a - 84 2*a+14 2*a+14 -2*a^2 - 24*a - 70 -2*a^2 - 28*a - 96 -2*a^2 - 24*a - 72 -2*a^2 - 28*a - 98 0 -2*a^2 - 26*a - 84 2*a^2 + 30*a + 112 2*a^2 + 30*a + 108 4*a^2 + 58*a + 208 4*a^2 + 60*a + 220 -2*a^2 - 28*a - 96 -2*a-14 4*a^2 + 56*a + 196 -2*a-12 4*a+28 0 2*a^2 + 28*a + 96 -4*a-28 2*a^2 + 28*a + 98 -2*a^2 - 28*a - 98 2*a^2 + 28*a + 98 -2*a^2 - 32*a - 124 -2*a^2 - 30*a - 112 -2*a^2 - 24*a - 70 0 2*a+14 -4*a^2 - 58*a - 208 0 -4*a^2 - 58*a - 208 -4*a-24 2*a+14 -2*a-14 over Number field with defining polynomial x^3+20*x^2+131*x+281
-4*a^2 - 40*a + 188 6*a^2 + 96*a + 204 0 -2*a^2 - 50*a - 308 2*a^2 - 10*a - 496 -8*a^2 - 122*a - 194 12*a^2 + 150*a - 162 -2*a^2 - 8*a + 262 -6*a^2 - 96*a - 204 -6*a^2 - 108*a - 372 -2*a^2 - 80*a - 710 16*a^2 + 280*a + 856 2*a^2 + 50*a + 308 -10*a^2 - 214*a - 1072 2*a^2 + 50*a + 308 -4*a^2 - 106*a - 700 -4*a^2 - 28*a + 356 6*a^2 + 108*a + 372 -4*a^2 - 70*a - 214 0 -8*a^2 - 134*a - 344 8*a^2 + 164*a + 764 12*a+168 6*a^2 + 96*a + 204 -60*a-804 10*a^2 + 184*a + 670 -10*a^2 - 172*a - 502 2*a^2 + 68*a + 542 -6*a^2 - 84*a - 36 10*a^2 + 190*a + 736 -2*a^2 - 20*a + 94 4*a^2 + 28*a - 356 4*a^2 + 70*a + 214 4*a^2 + 106*a + 700 0 -8*a^2 - 146*a - 512 -12*a-168 -42*a-570 42*a+570 over Number field with defining polynomial x^3+24*x^2+147*x+71
a vector of length 39 over Number field with defining polynomial a number field of degree 22
2 0 0 1 1 0 1 0 0 -1 -1 -3 3 -2 -1 -1 -1 -1 0 2 -2 -1 1 0 0 0 1 0 1 0 -1 1 0 1 0 -1 -1 1 -1 over Number field with defining polynomial x+5
-2 0 0 -1 1 2 -1 0 0 -1 -1 1 1 0 1 1 -1 1 -2 0 0 -1 1 0 0 0 1 0 1 -2 -1 1 2 -1 0 -1 -1 -1 1 over Number field with defining polynomial x+5
0 -2 0 2 -2 0 0 0 0 0 0 0 0 0 -2 0 0 2 0 -2 0 0 -2 0 0 0 0 0 2 0 0 2 0 0 0 -2 0 0 0 over Number field with defining polynomial x+107
For conductor 446, eigenvectors are:
0 0 6 6 0 -3 -6 3 3 3 6 6 6 -6 9 0 6 3 0 9 -4 0 -2 -8 0 -2 6 -4 0 -2 -4 -2 2 -4 2 -4 0 2 -4 -2 0 -2 8 -10 4 0 1 -2 1 2 3 -1 0 -5 2 2 1 0 1 3 5 -1 -2 5 4 -1 1 -2 -4 -3 -2 2 0 0 -4 1 -1 -3 -2 2 2 -1 4 4 -3 -1 2 3 -2 0 1 -3 -2 -1 1 4 1 -4 0 1 -1 1 -3 0 0 4 3 3 -1 3 -6 -1 2 5 0 -1 -1 1 -3 -2 5 -2 2 -1 -2 -1 -1 1 -1 -2 -2 0 0 1 -1 -1 -1 0 1 -2 -1 -2 1 -1 -2 -1 0 2 2 1 0 -3 0 3 -1 -2 -2 1 -1 -1 over Number field with defining polynomial x-5
0 0 0 0 0 0 6 0 0 0 0 0 0 0 6 0 6 0 0 0 0 -4 0 0 4 -4 0 0 0 0 0 0 0 0 0 0 0 0 0 4 -4 0 0 0 0 0 0 0 0 0 0 2 -2 2 2 0 0 0 0 0 0 -2 0 -2 0 -2 2 -2 2 -2 2 0 0 0 0 0 0 -2 0 0 0 0 0 0 0 -2 0 -2 0 0 -2 0 -2 0 0 -2 2 0 -2 0 -2 -2 -2 0 0 0 0 0 -2 0 2 -2 0 0 2 0 0 0 0 0 0 1 -1 0 -1 1 0 0 -1 -1 0 -1 2 1 0 1 0 0 0 1 0 0 -1 0 1 0 0 0 1 0 -1 -1 -1 -1 0 0 -1 1 1 -1 over Number field with defining polynomial x+11
0 0 12 0 -3 0 -3 3 -9 -3 0 0 0 -6 -3 -3 0 -3 0 0 0 4 0 0 6 -2 -4 4 -4 4 -8 -2 -2 0 6 0 -2 -8 -2 2 0 -4 0 0 0 -1 -1 1 -2 -2 -2 1 0 -1 3 0 -7 -3 -1 0 3 1 -1 1 -4 0 1 1 -2 0 2 2 -4 -6 0 1 -1 1 -1 0 0 -1 1 1 1 1 1 4 3 0 0 -1 0 -1 0 2 2 2 0 -1 1 1 3 1 4 0 2 2 -2 -1 0 0 -4 4 0 -1 -1 -1 1 1 -1 -2 0 0 -2 2 -1 3 -1 0 -1 -1 1 -2 1 1 0 1 -1 2 2 1 -3 0 0 4 -2 -2 -1 0 -1 3 -3 2 0 0 -1 -1 0 0 over Number field with defining polynomial x-1
0 0 0 0 0 0 6 0 0 0 0 0 0 0 -6 -6 0 6 0 0 0 4 0 0 -4 -4 0 0 0 0 0 0 0 0 -4 0 0 -4 0 -4 0 0 0 0 0 2 0 0 0 0 0 0 0 -2 2 0 0 0 -2 2 0 -2 0 2 0 2 2 -2 2 -2 0 0 0 0 4 0 2 -2 2 0 4 0 0 0 0 0 2 0 0 -2 0 0 0 0 0 0 -2 0 0 -2 2 -2 -2 0 -2 0 0 2 0 0 0 2 0 0 -2 0 0 0 0 0 0 -1 1 0 -1 0 0 0 1 0 0 0 0 1 0 1 0 0 0 1 0 0 2 2 0 1 1 1 0 -1 -1 1 -2 -1 0 0 0 0 1 -1 over Number field with defining polynomial x+7
0 0 0 0 0 0 6*a+30 0 0 0 0 0 0 0 -6*a-66 12*a+96 36 -12*a-96 0 0 0 4*a+44 0 0 -4*a-44 -4*a-20 0 0 0 0 0 0 0 0 8*a+64 0 0 8*a+64 0 -4*a-44 -24 0 0 0 0 -4*a-32 0 0 0 0 0 12 -12 -2*a-22 2*a+10 0 0 0 4*a+32 -4*a-32 0 -2*a-10 0 2*a+22 0 2*a+22 2*a+10 -2*a-10 2*a+10 -2*a-10 12 0 0 0 4*a+32 0 -4*a-32 -2*a-10 -4*a-32 0 4*a+32 0 0 0 0 -12 -4*a-32 -12 0 4*a+32 6*a+54 0 6*a+54 0 6*a+66 -12 -2*a-22 0 -12 4*a+32 2*a+22 -2*a-10 -2*a-10 0 4*a+32 0 0 -4*a-32 -12 0 12 2*a+22 0 0 4*a+44 0 0 0 0 0 0 -a-11 a+11 0 -a-5 6 0 0 -2*a-22 -6 0 -6 -6 a+5 0 a+5 0 0 0 a+5 0 0 -a-5 2*a+16 6 -2*a-16 -2*a-16 a+17 -3*a-27 -a-17 -a-5 -2*a-22 -2*a-22 -a-5 0 0 -6 6 a+5 -a-5 over Number field with defining polynomial x^2+12*x+23
a vector of length 160 over Number field with defining polynomial a number field of degree 17
a vector of length 160 over Number field with defining polynomial a number field of degree 22
a vector of length 160 over Number field with defining polynomial a number field of degree 10
a vector of length 160 over Number field with defining polynomial a number field of degree 77
a vector of length 160 over Number field with defining polynomial a number field of degree 28
For conductor 1:
traces of hecke eigenvalues of T_{p^1} are:
-13 -22 16 -32 -22 -32 -53 22 -41 -119 -5 -243 298 204 -572 -271 -392 -169 -79 -1271 982 113 351 841 
computing eigenvalues for k = 1, took 57.378718 sec
traces of hecke eigenvalues of T_{p^2} are:
21 27 -39 
computing eigenvalues for k = 2, took 0.312962 sec
traces of hecke eigenvalues of T_{p^1} are:
40 156 400 1464 2380 5220 7240 12720 25260 30784 52060 70644 81400 106080 151740 208920 230764 305320 363024 394420 499360 578760 712980 922180 
computing eigenvalues for k = 1, took 34.931239 sec
traces of hecke eigenvalues of T_{p^2} are:
120 780 2800 
computing eigenvalues for k = 2, took 0.393502 sec
traces of hecke eigenvalues of T_{p^1} are:
4 10 14 -66 -36 -180 -52 218 22 212 6 -444 -118 812 -900 -134 -270 558 1092 876 948 -2132 1600 1964 
computing eigenvalues for k = 1, took 32.588533 sec
traces of hecke eigenvalues of T_{p^2} are:
-4 -32 -48 
computing eigenvalues for k = 2, took 0.347621 sec
traces of hecke eigenvalues of T_{p^1} are:
119 301 551 1321 1781 2951 3598 5645 8771 9491 13742 16710 18801 23137 28470 35230 35415 42921 49666 52604 58496 69228 76821 92210 
computing eigenvalues for k = 1, took 32.385945 sec
traces of hecke eigenvalues of T_{p^2} are:
76 246 408 
computing eigenvalues for k = 2, took 0.338789 sec
traces of hecke eigenvalues of T_{p^1} are:
6 29 -40 179 -322 47 -1 1002 801 507 -1132 995 -699 2388 -404 2126 -2559 -4047 755 -2547 1685 66 -2000 -2829 
computing eigenvalues for k = 1, took 32.847089 sec
traces of hecke eigenvalues of T_{p^2} are:
-41 2 -91 
computing eigenvalues for k = 2, took 0.345449 sec
traces of hecke eigenvalues of T_{p^1} are:
50 -82 300 -91 134 -896 181 -227 -1468 2609 1404 -1020 3934 2246 -329 150 2464 7668 941 613 12046 5841 -2510 1480 
computing eigenvalues for k = 1, took 33.078651 sec
traces of hecke eigenvalues of T_{p^2} are:
-69 -207 2 
computing eigenvalues for k = 2, took 0.405718 sec
traces of hecke eigenvalues of T_{p^1} are:
280 670 1283 3064 4276 6807 8911 12832 20131 23559 32601 40035 44381 52349 66531 83764 91418 109708 121640 127103 154800 165791 190405 227724 
computing eigenvalues for k = 1, took 35.166002 sec
traces of hecke eigenvalues of T_{p^2} are:
160 276 664 
computing eigenvalues for k = 2, took 0.334312 sec
traces of hecke eigenvalues of T_{p^1} are:
1 -8 -6 -30 36 -10 133 60 -149 17 -193 -333 42 -216 132 -247 440 419 1035 739 836 -1179 115 777 
computing eigenvalues for k = 1, took 58.208237 sec
traces of hecke eigenvalues of T_{p^2} are:
-17 5 -11 
computing eigenvalues for k = 2, took 0.347649 sec
traces of hecke eigenvalues of T_{p^1} are:
-4 -47 72 40 175 41 55 -66 -767 706 -218 -758 1004 922 -114 177 -351 670 634 -88 -510 3435 435 -122 
computing eigenvalues for k = 1, took 32.569987 sec
traces of hecke eigenvalues of T_{p^2} are:
-6 -74 -192 
computing eigenvalues for k = 2, took 0.344025 sec
For conductor 2:
traces of hecke eigenvalues of T_{p^1} are:
-1 -16 -26 13 2 31 -50 -5 229 22 -179 129 100 42 -569 71 -92 -571 -316 -947 412 -70 -651 1174 
computing eigenvalues for k = 1, took 789.749804 sec
traces of hecke eigenvalues of T_{p^2} are:
0 36 12 
computing eigenvalues for k = 2, took 0.741615 sec
traces of hecke eigenvalues of T_{p^1} are:
-11 -20 -20 50 -40 -28 -37 20 -93 139 -215 137 -94 90 508 65 -730 -713 39 699 732 -585 -1065 -733 
computing eigenvalues for k = 1, took 778.072470 sec
traces of hecke eigenvalues of T_{p^2} are:
11 39 43 
computing eigenvalues for k = 2, took 0.687543 sec
traces of hecke eigenvalues of T_{p^1} are:
-13 -22 16 -32 -22 -32 -53 22 -41 -119 -5 -243 298 204 -572 -271 -392 -169 -79 -1271 982 113 351 841 
computing eigenvalues for k = 1, took 769.066340 sec
traces of hecke eigenvalues of T_{p^2} are:
21 27 -39 
computing eigenvalues for k = 2, took 0.685987 sec
traces of hecke eigenvalues of T_{p^1} are:
1 -8 -6 -30 36 -10 133 60 -149 17 -193 -333 42 -216 132 -247 440 419 1035 739 836 -1179 115 777 
computing eigenvalues for k = 1, took 765.988279 sec
traces of hecke eigenvalues of T_{p^2} are:
-17 5 -11 
computing eigenvalues for k = 2, took 0.747197 sec
traces of hecke eigenvalues of T_{p^1} are:
-10 -24 -36 -6 -110 -31 96 166 -308 -28 100 -124 170 -76 122 -92 -12 -806 1030 -2159 504 190 606 -215 
computing eigenvalues for k = 1, took 788.933867 sec
traces of hecke eigenvalues of T_{p^2} are:
-10 4 87 
computing eigenvalues for k = 2, took 0.721346 sec
traces of hecke eigenvalues of T_{p^1} are:
-59 -86 -62 -13 -496 -105 16 431 151 42 -1389 -357 -1194 194 -739 1107 -1850 533 2528 -431 -526 -1000 -1617 -6608 
computing eigenvalues for k = 1, took 798.775948 sec
traces of hecke eigenvalues of T_{p^2} are:
42 34 -66 
computing eigenvalues for k = 2, took 0.765961 sec
traces of hecke eigenvalues of T_{p^1} are:
-4 -47 72 40 175 41 55 -66 -767 706 -218 -758 1004 922 -114 177 -351 670 634 -88 -510 3435 435 -122 
computing eigenvalues for k = 1, took 774.389454 sec
traces of hecke eigenvalues of T_{p^2} are:
-6 -74 -192 
computing eigenvalues for k = 2, took 0.716448 sec
traces of hecke eigenvalues of T_{p^1} are:
6 29 -40 179 -322 47 -1 1002 801 507 -1132 995 -699 2388 -404 2126 -2559 -4047 755 -2547 1685 66 -2000 -2829 
computing eigenvalues for k = 1, took 762.449872 sec
traces of hecke eigenvalues of T_{p^2} are:
-41 2 -91 
computing eigenvalues for k = 2, took 0.690559 sec
For conductor 223:
traces of hecke eigenvalues of T_{p^1} are:
-7 -6 -26 -36 46 58 -21 -102 -313 1 465 -269 114 262 -412 -297 294 -163 879 -527 -198 -315 -1213 927 
computing eigenvalues for k = 1, took 760.173589 sec
traces of hecke eigenvalues of T_{p^2} are:
1 -3 -5 
computing eigenvalues for k = 2, took 0.695642 sec
traces of hecke eigenvalues of T_{p^1} are:
-12 -33 3 -67 40 -33 46 8 41 -445 -271 75 -370 -185 1007 199 177 217 -1801 1480 -1783 -212 -1490 460 
computing eigenvalues for k = 1, took 755.966322 sec
traces of hecke eigenvalues of T_{p^2} are:
11 42 -50 
computing eigenvalues for k = 2, took 0.667010 sec
traces of hecke eigenvalues of T_{p^1} are:
-27 -30 -36 42 -54 -105 -153 -84 189 -267 -159 279 -126 -6 444 837 606 -639 -39 -2682 -588 1353 285 -1908 
computing eigenvalues for k = 1, took 753.499449 sec
traces of hecke eigenvalues of T_{p^2} are:
27 63 -66 
computing eigenvalues for k = 2, took 0.665308 sec
traces of hecke eigenvalues of T_{p^1} are:
-20 -19 -56 -38 -72 -4 -21 60 660 -629 83 277 -736 -281 -257 -1550 -481 -1308 -285 -597 1497 -2302 1403 -3889 
computing eigenvalues for k = 1, took 748.078063 sec
traces of hecke eigenvalues of T_{p^2} are:
14 -51 -28 
computing eigenvalues for k = 2, took 0.707214 sec
traces of hecke eigenvalues of T_{p^1} are:
-24 -19 -112 12 98 32 -147 -166 -132 -215 -943 -249 -448 -455 -341 -528 1395 -132 3121 -1115 1021 -1062 547 667 
computing eigenvalues for k = 1, took 749.054266 sec
traces of hecke eigenvalues of T_{p^2} are:
20 -13 200 
computing eigenvalues for k = 2, took 0.663197 sec
traces of hecke eigenvalues of T_{p^1} are:
-50 23 -227 2 -7 219 -192 158 1015 -794 -439 2824 -687 189 1927 1916 -431 -5104 -588 -567 -3708 1983 5693 -733 
computing eigenvalues for k = 1, took 746.693677 sec
traces of hecke eigenvalues of T_{p^2} are:
-36 -72 -147 
computing eigenvalues for k = 2, took 0.654506 sec
traces of hecke eigenvalues of T_{p^1} are:
-5 -12 -34 -1 -12 -7 40 -61 63 58 215 -49 -412 -6 -9 457 -264 -1129 -256 303 -1204 358 779 1444 
computing eigenvalues for k = 1, took 746.812032 sec
traces of hecke eigenvalues of T_{p^2} are:
-8 0 72 
computing eigenvalues for k = 2, took 0.661565 sec
traces of hecke eigenvalues of T_{p^1} are:
-5 -16 -6 11 -20 141 -128 -85 -5 226 -29 -197 -128 -374 463 -179 300 -109 -680 -1213 -1044 510 1167 156 
computing eigenvalues for k = 1, took 742.290516 sec
traces of hecke eigenvalues of T_{p^2} are:
8 24 16 
computing eigenvalues for k = 2, took 0.649487 sec
traces of hecke eigenvalues of T_{p^1} are:
-11 6 -28 8 -42 -16 -107 38 51 43 -157 -55 74 -900 132 43 -756 761 323 861 -226 1183 347 -359 
computing eigenvalues for k = 1, took 743.948924 sec
traces of hecke eigenvalues of T_{p^2} are:
13 -33 21 
computing eigenvalues for k = 2, took 0.679893 sec
For conductor 446:
traces of hecke eigenvalues of T_{p^1} are:
5 0 -6 3 -22 -39 -25 -69 -3 -115 -78 165 394 -101 39 773 -135 -849 -583 255 421 -1098 581 959 
computing eigenvalues for k = 1, took 158.463304 sec
traces of hecke eigenvalues of T_{p^2} are:
-5 -54 -34 
computing eigenvalues for k = 2, took 0.695300 sec
traces of hecke eigenvalues of T_{p^1} are:
-11 6 -28 8 -42 -16 -107 38 51 43 -157 -55 74 -900 132 43 -756 761 323 861 -226 1183 347 -359 
computing eigenvalues for k = 1, took 210.909354 sec
traces of hecke eigenvalues of T_{p^2} are:
13 -33 21 
computing eigenvalues for k = 2, took 0.710787 sec
traces of hecke eigenvalues of T_{p^1} are:
1 14 -48 -1 -32 147 -20 59 43 -26 -101 109 82 70 277 -23 18 527 -116 -331 -1896 -6 909 624 
computing eigenvalues for k = 1, took 160.439750 sec
traces of hecke eigenvalues of T_{p^2} are:
-4 24 112 
computing eigenvalues for k = 2, took 0.703284 sec
traces of hecke eigenvalues of T_{p^1} are:
-7 -6 -26 -36 46 58 -21 -102 -313 1 465 -269 114 262 -412 -297 294 -163 879 -527 -198 -315 -1213 927 
computing eigenvalues for k = 1, took 212.427389 sec
traces of hecke eigenvalues of T_{p^2} are:
1 -3 -5 
computing eigenvalues for k = 2, took 0.695097 sec
traces of hecke eigenvalues of T_{p^1} are:
-12 -33 3 -67 40 -33 46 8 41 -445 -271 75 -370 -185 1007 199 177 217 -1801 1480 -1783 -212 -1490 460 
computing eigenvalues for k = 1, took 210.994269 sec
traces of hecke eigenvalues of T_{p^2} are:
11 42 -50 
computing eigenvalues for k = 2, took 0.695463 sec
traces of hecke eigenvalues of T_{p^1} are:
9 -60 0 -330 132 -334 -65 -688 -315 621 1575 349 1192 -490 1168 885 3336 3453 277 5725 1264 1497 -1241 4853 
computing eigenvalues for k = 1, took 156.135884 sec
traces of hecke eigenvalues of T_{p^2} are:
-53 -75 -169 
computing eigenvalues for k = 2, took 0.652347 sec
traces of hecke eigenvalues of T_{p^1} are:
-50 23 -227 2 -7 219 -192 158 1015 -794 -439 2824 -687 189 1927 1916 -431 -5104 -588 -567 -3708 1983 5693 -733 
computing eigenvalues for k = 1, took 159.987452 sec
traces of hecke eigenvalues of T_{p^2} are:
-36 -72 -147 
computing eigenvalues for k = 2, took 0.664986 sec
traces of hecke eigenvalues of T_{p^1} are:
105 277 509 1187 1705 2951 3572 5113 8303 9515 13438 16870 17983 21577 27518 34766 36847 45377 50756 54344 62508 69196 80321 95616 
computing eigenvalues for k = 1, took 156.690855 sec
traces of hecke eigenvalues of T_{p^2} are:
20 102 72 
computing eigenvalues for k = 2, took 0.651149 sec
traces of hecke eigenvalues of T_{p^1} are:
47 82 40 -345 940 344 795 -1095 -565 -487 4534 375 978 -3111 2129 -1205 5383 4679 -3765 12666 -5631 -4260 -2755 18714 
computing eigenvalues for k = 1, took 157.420735 sec
traces of hecke eigenvalues of T_{p^2} are:
-133 -156 -133 
computing eigenvalues for k = 2, took 0.950957 sec
traces of hecke eigenvalues of T_{p^1} are:
326 806 1514 3532 5008 8606 10590 14896 24098 27704 39064 48516 51806 61824 78656 96812 104032 123658 140206 150068 171884 188976 222246 261634 
computing eigenvalues for k = 1, took 182.309298 sec
traces of hecke eigenvalues of T_{p^2} are:
184 468 912 
computing eigenvalues for k = 2, took 0.779833 sec
