constructing eigenvector for poly
x-15
constructing eigenvector for poly
x^35+21*x^34+50*x^33-1698*x^32-10308*x^31+50980*x^30+499535*x^29-583117*x^28-12448726*x^27-3250034*x^26+189244341*x^25+183237271*x^24-1892128074*x^23-2554853834*x^22+12940567980*x^21+20004383420*x^20-61681225921*x^19-99572999821*x^18+205381695991*x^17+326252662137*x^16-470706414658*x^15-704949076664*x^14+716130666112*x^13+986933163170*x^12-676881938609*x^11-866348048265*x^10+353680924290*x^9+455333599264*x^8-79951745923*x^7-134131835285*x^6-834752158*x^5+19777316952*x^4+2886768416*x^3-1022412652*x^2-294757040*x-19778800
constructing eigenvector for poly
x^43-251*x^42+30539*x^41-2399746*x^40+136907219*x^39-6043936221*x^38+214887428411*x^37-6323428706986*x^36+157071944656372*x^35-3342462731399606*x^34+61632116290499239*x^33-993610153450844582*x^32+14105938462252002634*x^31-177364586727989323424*x^30+1984412944068556640245*x^29-19830242127090209522444*x^28+177525341912529507093277*x^27-1427111478675229745635503*x^26+10320685779889806724721977*x^25-67233503686045396361939558*x^24+394882148715294712103030807*x^23-2091942411489710378311840445*x^22+9996649196408290151359005573*x^21-43075839061372605643224622282*x^20+167251278874537400133012826450*x^19-584478852260921078001426519312*x^18+1835505518703574267707103681813*x^17-5169599986246404185790777854402*x^16+13025149214511898926894771791916*x^15-29268446831064137892341982113190*x^14+58437928789720681439663286777019*x^13-103211160207068129216218775803056*x^12+160383395300460071187369910985916*x^11-217857511987042535607443731042992*x^10+256646090252619295361217662842704*x^9-259670485494258979689230441306368*x^8+222922512775034609740660945909632*x^7-159872851249160525074415112464896*x^6+93840504984910248742913534456064*x^5-43833207204731071758383110920704*x^4+15642297153116785445182855296000*x^3-3998074295183714730886214856704*x^2+650554985863619639966597468160*x-50539715673201254202513481728
constructing eigenvector for poly
x+5
constructing eigenvector for poly
x^6+24*x^5+230*x^4+1126*x^3+2964*x^2+3964*x+2092
computing eigenvectors took 0.597481 sec
For conductor 1, eigenvectors are:
-1 -1 -1 -1 -1 -1 -1 -1 -1 -1 -1 -1 -1 -1 -1 -1 -1 -1 -1 -1 -1 -1 -1 -1 -1 -1 -1 -1 -1 -1 -1 -1 -1 -1 -1 -1 -1 -1 -1 -1 -1 -1 -1 -1 -1 -1 -1 -1 -1 -1 -1 -1 -1 -1 -1 -1 -1 -1 -1 -1 -1 -1 -1 -1 -1 -1 -1 -1 -1 -1 -1 -1 -1 -1 -1 -1 -1 -1 -1 over Number field with defining polynomial x-15
a vector of length 79 over Number field with defining polynomial a number field of degree 35
a vector of length 79 over Number field with defining polynomial a number field of degree 43
For conductor 419, eigenvectors are:
0 -1 0 0 0 -1 -1 over Number field with defining polynomial x+5
a^3 + 10*a^2 + 32*a + 32 2*a^2 + 14*a + 22 a^5 + 20*a^4 + 151*a^3 + 538*a^2 + 902*a + 566 a^4 + 16*a^3 + 90*a^2 + 210*a + 172 2*a^2 + 16*a + 30 -a^3 - 12*a^2 - 46*a - 56 a^3 + 10*a^2 + 32*a + 34 over Number field with defining polynomial x^6+24*x^5+230*x^4+1126*x^3+2964*x^2+3964*x+2092
For conductor 1:
traces of hecke eigenvalues of T_{p^1} are:
15 40 156 400 1464 2380 5220 7240 12720 25260 30784 52060 70644 81400 106080 151740 208920 230764 305320 363024 394420 499360 578760 712980 922180 
computing eigenvalues for k = 1, took 21.602003 sec
traces of hecke eigenvalues of T_{p^2} are:
30 120 780 2800 
computing eigenvalues for k = 2, took 0.231575 sec
traces of hecke eigenvalues of T_{p^1} are:
-21 8 4 -136 498 -354 247 480 1243 871 185 -2104 2947 -464 2875 -479 5580 -3773 -2961 5304 -5514 -4606 4872 1613 -1693 
computing eigenvalues for k = 1, took 13.253683 sec
traces of hecke eigenvalues of T_{p^2} are:
-12 -60 -174 -242 
computing eigenvalues for k = 2, took 0.302184 sec
traces of hecke eigenvalues of T_{p^1} are:
251 501 1249 2334 5551 7459 12948 16025 23394 35997 41806 58463 73202 80095 96282 121123 151427 156887 192627 219080 228864 265308 299265 341768 405530 
computing eigenvalues for k = 1, took 21.938398 sec
traces of hecke eigenvalues of T_{p^2} are:
108 284 786 1472 
computing eigenvalues for k = 2, took 0.274873 sec
For conductor 419:
traces of hecke eigenvalues of T_{p^1} are:
-5 -5 -9 -15 -18 85 -50 -7 -35 12 -300 -25 -194 455 -620 470 -317 334 130 567 240 -149 -1230 -580 725 
computing eigenvalues for k = 1, took 658.699044 sec
traces of hecke eigenvalues of T_{p^2} are:
3 3 15 -43 
computing eigenvalues for k = 2, took 0.586147 sec
traces of hecke eigenvalues of T_{p^1} are:
-24 -41 -65 -5 -174 -39 -15 -171 -44 -1039 223 -83 61 -179 519 -39 -1521 -503 45 -71 1100 -1581 -428 -1933 578 
computing eigenvalues for k = 1, took 659.544758 sec
traces of hecke eigenvalues of T_{p^2} are:
17 25 35 33 
computing eigenvalues for k = 2, took 0.691678 sec
