constructing eigenvector for poly
x-40
constructing eigenvector for poly
x-5
constructing eigenvector for poly
x-11
constructing eigenvector for poly
x-16
constructing eigenvector for poly
x^2-4*x-14
constructing eigenvector for poly
x^3-38*x^2+439*x-1428
constructing eigenvector for poly
x^28-2*x^27-286*x^26+820*x^25+33300*x^24-118034*x^23-2063357*x^22+8453414*x^21+75610419*x^20-351066418*x^19-1702933208*x^18+9097642242*x^17+23145598077*x^16-151565959563*x^15-165759362916*x^14+1618696277172*x^13+163192156600*x^12-10646305009164*x^11+6822239919707*x^10+38656983583493*x^9-49969262299153*x^8-54340209028106*x^7+126305043277143*x^6-33881625929565*x^5-61501114068066*x^4+49889659651614*x^3-14689195764498*x^2+1901359907424*x-89939430216
constructing eigenvector for poly
x^23-295*x^22+41217*x^21-3627911*x^20+225722009*x^19-10558574123*x^18+385567499285*x^17-11265914853655*x^16+267828549092206*x^15-5239662971549384*x^14+84985719470118723*x^13-1147874226816955863*x^12+12933843400189704605*x^11-121502190895087589221*x^10+948770010920354758894*x^9-6123844794902381538680*x^8+32389832443502836852212*x^7-138630049343596127319084*x^6+471619750852782342825304*x^5-1242748571804340483533616*x^4+2439861662678994053667616*x^3-3351619909247222585030592*x^2+2867817316241585634348160*x-1147882243854694639979008
constructing eigenvector for poly
x^7-73*x^6+2179*x^5-34259*x^4+303874*x^3-1503695*x^2+3782781*x-3650446
constructing eigenvector for poly
x^2-14*x+31
constructing eigenvector for poly
x^2-14*x+31
constructing eigenvector for poly
x^3+18*x^2+104*x+194
constructing eigenvector for poly
x^2+16*x+62
constructing eigenvector for poly
x-15
constructing eigenvector for poly
x^2-12*x+18
constructing eigenvector for poly
x^34+24*x^33-295*x^32-10296*x^31+24148*x^30+1911187*x^29+1416527*x^28-201462830*x^27-416282710*x^26+13302638488*x^25+35429814083*x^24-572486351423*x^23-1662875411839*x^22+16207435636960*x^21+48445080452161*x^20-298145181935937*x^19-912667367223808*x^18+3443914684133709*x^17+11192009461743910*x^16-23249302704094241*x^15-87088354092262726*x^14+76133633274643309*x^13+403695742895874474*x^12-27715392515987820*x^11-1008619622493493524*x^10-420640726796624168*x^9+1249846590396127520*x^8+938199618664823531*x^7-621657154600600063*x^6-712643568629968864*x^5+11846261269000834*x^4+157170805930804932*x^3+27497148894242920*x^2-4895059620302496*x-493291187443392
constructing eigenvector for poly
x^10-119*x^9+6185*x^8-184469*x^7+3487788*x^6-43572839*x^5+363417831*x^4-1994451240*x^3+6885836420*x^2-13505411388*x+11438191756
constructing eigenvector for poly
x+10
constructing eigenvector for poly
x+12
constructing eigenvector for poly
x-4
constructing eigenvector for poly
x-19
constructing eigenvector for poly
x^10-118*x^9+6128*x^8-184088*x^7+3534509*x^6-45195801*x^5+388423696*x^4-2205283619*x^3+7866353872*x^2-15776378612*x+13326180688
constructing eigenvector for poly
x^34+13*x^33-515*x^32-6007*x^31+111968*x^30+1143981*x^29-13755352*x^28-121648461*x^27+1072353520*x^26+8142156672*x^25-56235289271*x^24-363939670776*x^23+2045145887836*x^22+11199077337697*x^21-52285144017903*x^20-240372253471704*x^19+940581747377149*x^18+3599127151564997*x^17-11782695596291445*x^16-37148506167923277*x^15+100459461892826015*x^14+257605108950302981*x^13-560823988361902891*x^12-1148232194854268880*x^11+1927210219963100106*x^10+3062072919755235390*x^9-3697314215499681482*x^8-4369708717021296763*x^7+3457272026945591578*x^6+2908985327757705759*x^5-1607205050733517678*x^4-845835636391134430*x^3+369597362629598652*x^2+88012682345283552*x-33803264943115776
constructing eigenvector for poly
x^9-106*x^8+4862*x^7-126324*x^6+2042633*x^5-21244841*x^4+141639502*x^3-582021469*x^2+1335740796*x-1304894630
constructing eigenvector for poly
x^23-283*x^22+37853*x^21-3182607*x^20+188707965*x^19-8391500467*x^18+290547365781*x^17-8027124774235*x^16+179906441680078*x^15-3307697758658100*x^14+50251129839397655*x^13-633453715865943647*x^12+6635891341659139929*x^11-57718008543752671177*x^10+415439509501223732254*x^9-2459791742295270125208*x^8+11872561599508474027028*x^7-46110276580079787101228*x^6+141472198627154565558728*x^5-333971675138172442683984*x^4+583185410103216738920768*x^3-707010347405967859406208*x^2+529421712095555260679936*x-183779956467818696885248
constructing eigenvector for poly
x^26-19*x^25-53*x^24+2979*x^23-8775*x^22-166645*x^21+916572*x^20+3990224*x^19-34100109*x^18-32339163*x^17+643039925*x^16-287135061*x^15-6953524586*x^14+8285113489*x^13+45340448951*x^12-76072950367*x^11-179091424599*x^10+371124808535*x^9+410970255970*x^8-1028537654511*x^7-485117296468*x^6+1563811712384*x^5+202398644147*x^4-1153910133092*x^3+21149138890*x^2+315774625518*x-9833584228
constructing eigenvector for poly
x^3+14*x^2+50*x+50
computing eigenvectors took 5.732120 sec
For conductor 1, eigenvectors are:
-1 -1 -1 -1 -1 -1 -1 -1 -1 -1 -1 -1 -1 -1 -1 -1 -1 -1 -1 -1 -1 -1 -1 -1 -1 -1 -1 -1 -1 -1 -1 -1 -1 -1 -1 -1 -1 -1 -1 -1 -1 -1 -1 -1 -1 -1 -1 -1 -1 -1 -1 -1 -1 -1 -1 -1 -1 -1 -1 -1 -1 -1 -1 -1 -1 -1 -1 -1 -1 -1 -1 over Number field with defining polynomial x-40
8 32 4 -20 -4 -20 8 0 -4 -8 0 9 -1 -7 0 0 -4 4 2 -10 2 -4 -3 -5 9 -4 0 3 4 9 -3 12 0 11 1 -12 0 0 -7 -3 -14 8 7 -2 6 0 -4 6 0 6 -2 6 5 4 -5 -3 0 -2 -3 -5 -6 2 2 -3 3 0 1 -1 4 3 -2 over Number field with defining polynomial x-5
0 56 16 44 4 0 40 28 -24 36 -32 -8 -22 12 -2 -32 4 38 12 0 -8 -4 -6 7 -3 4 -5 -10 6 12 -10 -1 -15 1 -7 -5 -4 -14 2 18 -2 -12 10 2 -6 -8 6 2 -24 4 2 -6 5 7 -2 4 -8 11 13 -1 -5 -3 17 4 -5 -8 -5 -1 8 -5 -4 over Number field with defining polynomial x-11
-280 68 -52 62 -58 -70 50 44 8 38 44 26 -31 -19 44 44 -58 14 -4 20 -4 8 17 -34 26 -58 -55 5 -52 26 50 -13 -55 -22 -46 35 -22 -22 -19 -16 -16 -16 -25 26 32 11 8 -34 -22 32 26 32 -10 -19 -1 17 11 -7 -16 32 -10 -4 -4 17 5 11 20 2 14 5 -7 over Number field with defining polynomial x-16
0 -72*a-216 -24*a-168 24*a+60 12*a+12 0 -24*a-60 -4*a+44 24*a+48 36*a+60 16*a+16 -12*a-30 66*a+120 -12*a-66 -6*a-6 -12*a-12 32*a+44 -10*a-34 2*a-10 -28*a-70 18*a+60 -20*a-8 3*a+3 -21*a-21 6*a+15 6*a+15 -21*a-12 9*a+45 -3*a-3 12*a+48 6*a+15 -12*a-30 12*a+21 12*a+30 -21*a-84 -9*a-18 -3*a+15 -17*a-44 8*a+26 -4*a+20 18*a+45 7*a+37 -8*a-14 -12*a-6 -6*a-24 -8*a-32 4*a+4 24*a+60 -28*a-52 12*a+12 4*a-14 -2*a+16 -6*a-6 -7*a-28 7*a+19 -20*a-35 9*a+12 a+7 2*a+5 -3*a-3 -10*a-28 -7*a-31 4*a+1 3*a+6 11*a+35 6 9*a-6 4*a-17 7*a+22 -a-1 3 over Number field with defining polynomial x^2-4*x-14
-264*a^2 + 7248*a - 46296 24*a^2 - 780*a + 6804 24*a^2 - 780*a + 6804 78*a^2 - 2220*a + 16830 6*a^2 + 120*a - 3582 -66*a^2 + 1812*a - 11574 78*a^2 - 2220*a + 16830 -48*a^2 + 1548*a - 12372 12*a^2 - 180*a - 120 -24*a^2 + 570*a - 3282 12*a^2 - 1008*a + 12732 24*a^2 - 762*a + 4950 42*a^2 - 1041*a + 5697 42*a^2 - 1041*a + 5697 6*a^2 - 339*a + 2952 24*a^2 - 1392*a + 15516 -210*a+3522 -36*a^2 + 954*a - 6066 -9*a^2 + 141*a - 528 -21*a^2 + 525*a - 3312 6*a^2 - 294*a + 2844 -12*a^2 + 384*a - 2784 33*a^2 - 1059*a + 7965 -30*a^2 + 660*a - 3222 -21*a^2 + 678*a - 5490 -21*a^2 + 372*a - 1134 -12*a^2 + 75*a + 1881 -3*a^2 - 213*a + 3969 24*a^2 - 303*a - 1584 33*a^2 - 915*a + 6714 24*a^2 - 762*a + 4950 6*a^2 - 42*a - 477 -3*a^2 - 213*a + 3969 -39*a^2 + 948*a - 5310 -30*a^2 + 660*a - 3222 6*a^2 - 42*a - 477 -21*a^2 + 678*a - 5490 18*a^2 - 582*a + 4794 15*a^2 - 222*a - 459 45*a^2 - 1191*a + 7428 33*a^2 - 807*a + 4644 27*a^2 - 615*a + 3252 6*a^2 - 189*a + 1083 -6*a^2 + 96*a - 558 -33*a^2 + 909*a - 6096 -9*a^2 + 132*a + 399 -102*a+1452 -36*a^2 + 852*a - 4614 48*a^2 - 1134*a + 5946 -18*a^2 + 327*a - 1164 -18*a^2 + 684*a - 6246 -12*a^2 + 486*a - 4236 42*a^2 - 1146*a + 7458 6*a^2 - 195*a + 1701 21*a^2 - 522*a + 3003 -105*a+1761 -21*a^2 + 471*a - 2277 -3*a^2 + 48*a - 279 -12*a^2 + 282*a - 1332 -30*a^2 + 915*a - 6852 -30*a^2 + 762*a - 4674 3*a^2 + 108*a - 2208 30*a^2 - 813*a + 5400 -24*a^2 + 516*a - 2247 -18*a^2 + 630*a - 5211 3*a^2 + 54*a - 1173 12*a^2 - 237*a + 1224 18*a^2 - 423*a + 1998 -12*a^2 + 231*a - 606 54*a-1035 99*a-1143 over Number field with defining polynomial x^3-38*x^2+439*x-1428
a vector of length 71 over Number field with defining polynomial a number field of degree 28
a vector of length 71 over Number field with defining polynomial a number field of degree 23
-67536*a^6 + 3955216*a^5 - 91214384*a^4 + 1043728592*a^3 - 6150968752*a^2 + 17763362544*a - 21635316672 19296*a^6 - 1155328*a^5 + 26147840*a^4 - 278038656*a^3 + 1378367472*a^2 - 2585683088*a + 643314928 -14344*a^6 + 759512*a^5 - 15956520*a^4 + 169046664*a^3 - 937600208*a^2 + 2442659872*a - 1801735392 12516*a^6 - 901432*a^5 + 24409328*a^4 - 317444496*a^3 + 2058784236*a^2 - 6121825928*a + 6124586392 -34720*a^6 + 1968956*a^5 - 44114364*a^4 + 495528672*a^3 - 2908503020*a^2 + 8280352684*a - 8504500632 -16884*a^6 + 988804*a^5 - 22803596*a^4 + 260932148*a^3 - 1537742188*a^2 + 4440840636*a - 5408829168 9152*a^6 - 709948*a^5 + 20198892*a^4 - 272735964*a^3 + 1827187468*a^2 - 5618991632*a + 5880081360 -104*a^6 + 148704*a^5 - 7311688*a^4 + 136385488*a^3 - 1169363040*a^2 + 4433992376*a - 5363707488 24064*a^6 - 1413600*a^5 + 33305000*a^4 - 398358520*a^3 + 2510665792*a^2 - 7715766128*a + 8635900832 14168*a^6 - 746928*a^5 + 14232928*a^4 - 112748768*a^3 + 235572560*a^2 + 1064587016*a - 3332523512 -34520*a^6 + 2213360*a^5 - 55685088*a^4 + 695694536*a^3 - 4481601480*a^2 + 13826403656*a - 15444606976 -16076*a^6 + 994548*a^5 - 24303954*a^4 + 299679430*a^3 - 1951183724*a^2 + 6208453004*a - 7095419960 19350*a^6 - 1109260*a^5 + 25330526*a^4 - 290104344*a^3 + 1717033392*a^2 - 4824675104*a + 4802607076 -17746*a^6 + 1025572*a^5 - 23094104*a^4 + 257734046*a^3 - 1492303504*a^2 + 4200415872*a - 4426813844 -2232*a^6 + 141548*a^5 - 3910064*a^4 + 57796344*a^3 - 460813240*a^2 + 1799351080*a - 2546886528 -36176*a^6 + 2288180*a^5 - 56933232*a^4 + 704740206*a^3 - 4503280814*a^2 + 13786962784*a - 15284417288 -8212*a^6 + 466428*a^5 - 10644116*a^4 + 122956872*a^3 - 733428392*a^2 + 1962649500*a - 1227218200 7376*a^6 - 278588*a^5 + 2050096*a^4 + 39910336*a^3 - 720481364*a^2 + 3797301700*a - 5867008240 34228*a^6 - 2123704*a^5 + 52258752*a^4 - 648854348*a^3 + 4246800992*a^2 - 13656655344*a + 16253118864 10720*a^6 - 669516*a^5 + 16347048*a^4 - 198891584*a^3 + 1262097676*a^2 - 3901545424*a + 4442995840 27052*a^6 - 1715020*a^5 + 42359544*a^4 - 517608604*a^3 + 3259525164*a^2 - 9850629640*a + 10854747632 -2080*a^5 - 12152*a^4 + 3124920*a^3 - 58892992*a^2 + 374512456*a - 703093056 -11974*a^6 + 762890*a^5 - 19208512*a^4 + 241150170*a^3 - 1562720454*a^2 + 4842552280*a - 5424189148 -596*a^6 + 90570*a^5 - 3470106*a^4 + 59137114*a^3 - 503903462*a^2 + 2025774914*a - 2827642892 -8012*a^6 + 458140*a^5 - 10238916*a^4 + 112235144*a^3 - 612770288*a^2 + 1435930122*a - 726550340 10974*a^6 - 690028*a^5 + 17239050*a^4 - 216451956*a^3 + 1418235934*a^2 - 4500653414*a + 5199455588 -10770*a^6 + 579890*a^5 - 12387560*a^4 + 132537750*a^3 - 725259646*a^2 + 1735490110*a - 740829072 -8598*a^6 + 493430*a^5 - 11130320*a^4 + 124788438*a^3 - 721438954*a^2 + 1991767804*a - 1977734964 -33628*a^6 + 1918360*a^5 - 43180442*a^4 + 486799094*a^3 - 2868482758*a^2 + 8242518942*a - 8758509092 4798*a^6 - 353368*a^5 + 9878140*a^4 - 133921116*a^3 + 916397018*a^2 - 2917326488*a + 3145969496 -18824*a^6 + 1144064*a^5 - 27570648*a^4 + 335308680*a^3 - 2145868172*a^2 + 6671980072*a - 7398074528 -5738*a^6 + 347794*a^5 - 8384350*a^4 + 100847180*a^3 - 623560566*a^2 + 1848178938*a - 2109266184 13032*a^6 - 876490*a^5 + 22753318*a^4 - 289975446*a^3 + 1893327554*a^2 - 5941031102*a + 6970431624 -2704*a^6 + 146608*a^5 - 3017448*a^4 + 29618894*a^3 - 145310528*a^2 + 372241380*a - 595148400 6366*a^6 - 382300*a^5 + 9041666*a^4 - 104838936*a^3 + 604100022*a^2 - 1550518940*a + 1278708712 -4850*a^6 + 230034*a^5 - 4013238*a^4 + 31014772*a^3 - 93617534*a^2 - 15272206*a + 391587784 -14866*a^6 + 845196*a^5 - 19001974*a^4 + 214232248*a^3 - 1259871720*a^2 + 3567345116*a - 3547808008 18052*a^6 - 1168984*a^5 + 29416812*a^4 - 365312360*a^3 + 2332557620*a^2 - 7146736656*a + 8040708744 -11184*a^6 + 638452*a^5 - 14443628*a^4 + 164300772*a^3 - 981590010*a^2 + 2893147718*a - 3265468264 -10814*a^6 + 635152*a^5 - 14449214*a^4 + 160680514*a^3 - 903122192*a^2 + 2376655954*a - 2310019140 -2100*a^6 + 157560*a^5 - 4574500*a^4 + 63989852*a^3 - 443218700*a^2 + 1409185420*a - 1590154872 12192*a^6 - 681172*a^5 + 14942436*a^4 - 162746872*a^3 + 913212792*a^2 - 2445655552*a + 2378474400 9266*a^6 - 579500*a^5 + 14549590*a^4 - 186583150*a^3 + 1274910050*a^2 - 4303026636*a + 5323824436 9052*a^6 - 552972*a^5 + 12762336*a^4 - 139523824*a^3 + 729248336*a^2 - 1554000404*a + 707394240 3990*a^6 - 263610*a^5 + 7193182*a^4 - 101537148*a^3 + 762578752*a^2 - 2797948206*a + 3697698388 -6974*a^6 + 478520*a^5 - 12673128*a^4 + 164877964*a^3 - 1098721036*a^2 + 3496041786*a - 4021341432 966*a^6 - 37012*a^5 + 361930*a^4 + 1351836*a^3 - 35336098*a^2 + 158071534*a - 239867292 1092*a^6 - 26936*a^5 - 340982*a^4 + 18470424*a^3 - 235793934*a^2 + 1201692740*a - 1965095248 26090*a^6 - 1503390*a^5 + 34438068*a^4 - 396411002*a^3 + 2375753488*a^2 - 6846759454*a + 7097177652 6272*a^6 - 388052*a^5 + 9300288*a^4 - 109923940*a^3 + 667913188*a^2 - 1923868644*a + 1898046312 -3766*a^6 + 250822*a^5 - 6508814*a^4 + 82333948*a^3 - 516781598*a^2 + 1426843432*a - 1089276496 -2058*a^6 + 73680*a^5 - 504164*a^4 - 9470488*a^3 + 159948804*a^2 - 824943530*a + 1393912508 -5996*a^6 + 406072*a^5 - 10734544*a^4 + 139187458*a^3 - 912795940*a^2 + 2801880904*a - 3078270656 2038*a^6 - 70126*a^5 + 410516*a^4 + 9635892*a^3 - 140482890*a^2 + 597819172*a - 649564380 8606*a^6 - 509548*a^5 + 11950674*a^4 - 140791528*a^3 + 865927896*a^2 - 2565305188*a + 2695323412 -1104*a^6 + 29540*a^5 + 361442*a^4 - 18918240*a^3 + 216067278*a^2 - 939153008*a + 1216275628 -3662*a^6 + 203640*a^5 - 4406860*a^4 + 47273702*a^3 - 266780384*a^2 + 778619860*a - 1004655916 16228*a^6 - 996644*a^5 + 24517416*a^4 - 307515714*a^3 + 2054695034*a^2 - 6804447742*a + 8365403280 318*a^6 + 57700*a^5 - 3238446*a^4 + 62188348*a^3 - 545926884*a^2 + 2156510098*a - 2859819612 1508*a^6 - 114890*a^5 + 3609150*a^4 - 58149762*a^3 + 495189950*a^2 - 2062854178*a + 3159033644 -2812*a^6 + 154262*a^5 - 3349984*a^4 + 37362286*a^3 - 232204982*a^2 + 786055920*a - 1134985424 -4742*a^6 + 316600*a^5 - 8336936*a^4 + 108772002*a^3 - 724998210*a^2 + 2276404328*a - 2509326128 -10040*a^6 + 576166*a^5 - 12720736*a^4 + 136827508*a^3 - 745834780*a^2 + 1922349220*a - 1862977640 584*a^6 - 57890*a^5 + 2115606*a^4 - 36406362*a^3 + 308803844*a^2 - 1188873058*a + 1461733376 -2832*a^6 + 176080*a^5 - 4347528*a^4 + 53479406*a^3 - 335823794*a^2 + 972985398*a - 899770216 -8506*a^5 + 220342*a^4 + 292724*a^3 - 47472122*a^2 + 387986426*a - 824887832 -69144*a^5 + 3245200*a^4 - 56318340*a^3 + 443544286*a^2 - 1556945832*a + 1882432840 18264*a^5 - 903896*a^4 + 15951716*a^3 - 123084726*a^2 + 414053836*a - 509132920 -9308*a^5 + 741392*a^4 - 18736810*a^3 + 201524088*a^2 - 924742158*a + 1356052708 -14102*a^5 + 457246*a^4 - 3783538*a^3 - 13988998*a^2 + 285139542*a - 834103176 67274*a^5 - 3255686*a^4 + 59124866*a^3 - 495053036*a^2 + 1860522914*a - 2346558800 over Number field with defining polynomial x^7-73*x^6+2179*x^5-34259*x^4+303874*x^3-1503695*x^2+3782781*x-3650446
34824*a-661656 52236*a-261180 52236*a-261180 -34824*a+296004 34824*a-661656 -17412*a+696480 -34824*a+296004 -5804*a+110276 40628*a-528164 17412*a-208944 52236*a-261180 4353*a-82707 13059*a+117531 13059*a+117531 -8706*a+256827 -182826 -5804*a+110276 -34824*a+296004 33373*a-268435 -18863*a+236513 -39177*a+195885 23216*a-75452 -52236*a+535419 -17412*a+56589 47883*a-361299 21765*a-322122 -34824*a+296004 4353*a-82707 -34824*a+296004 26118*a-222003 4353*a-82707 4353*a-82707 4353*a-82707 -56589*a+435300 -17412*a+56589 4353*a-82707 47883*a-361299 10157*a+50785 8706*a+17412 -8706*a+43530 18863*a-175571 -7255*a+76903 26118*a-8706 24667*a-255376 8706*a+17412 -34824*a+296004 14510*a-275690 8706*a+17412 -8706*a+43530 -14510*a+123335 17412*a-208944 -20314*a+203140 30471 17412*a-208944 -10157*a+10157 34824*a-235062 -1451*a-2902 -15961*a+89962 14510*a-62393 -21765*a+169767 -8706*a+43530 1451*a-149453 -2902*a-36275 7255*a-15961 7255*a-15961 -8706*a+43530 -1451*a-2902 -18863*a+236513 -15961*a+89962 5804*a-49334 30471 over Number field with defining polynomial x^2-14*x+31
0 -104472*a+1253664 -34824*a-69648 -52236*a+261180 17412*a-330828 0 52236*a-261180 23216*a-197336 92864*a-1033112 -5804*a+232160 23216*a-441104 -104472*a+522360 -34824*a+478830 -17412*a+513654 13059*a-248121 -17412*a+330828 17412*a+34824 -121884 75452*a-885110 -11608*a+159610 -46432*a+638440 -29020*a+307612 4353*a-82707 -8706*a+165414 -13059*a+65295 -13059*a+65295 -8706*a-17412 -74001*a+674715 -4353*a+82707 17412*a-148002 52236*a-261180 -39177*a+195885 82707*a-840129 39177*a-195885 34824*a-296004 30471*a-396123 39177*a-195885 -31922*a+240866 -17412*a-34824 37726*a-290200 -2902*a+116080 17412*a-26118 -26118*a+313416 -2902*a-66746 5804*a-49334 46432*a-394672 -8706*a+165414 -8706*a+43530 -11608*a+98668 -4353*a+82707 -23216*a+197336 26118*a-252474 5804*a-110276 -17412*a+148002 -11608*a-23216 14510*a+29020 -44981*a+488987 -20314*a+264082 17412*a-87060 -4353*a+82707 -14510*a+31922 4353*a+100119 -15961*a+59491 4353*a-143649 -13059*a+65295 -14510*a+153806 -1451*a+27569 13059*a-126237 10157*a-192983 27569*a-219101 -60942 over Number field with defining polynomial x^2-14*x+31
For conductor 2, eigenvectors are:
a^2 + 12*a + 34 1 -a-5 over Number field with defining polynomial x^3+18*x^2+104*x+194
For conductor 13, eigenvectors are:
a+7 1 over Number field with defining polynomial x^2+16*x+62
For conductor 26, eigenvectors are:
12 4 0 -16 0 2 2 5 5 4 3 2 -6 4 -2 -1 1 1 3 3 2 2 -2 -4 2 6 0 -2 2 -1 3 -4 0 -2 -1 1 3 3 -1 1 2 1 1 1 2 5 -2 over Number field with defining polynomial x-15
-48*a+180 -12*a+252 0 -48*a+180 0 -6*a+126 -33*a+279 -21*a+27 -18*a+171 12*a-45 15*a-108 -33*a+279 -3*a+63 -18*a-36 -18*a+171 -24*a+90 -6*a-81 24*a-90 -39*a+198 15*a-108 21*a-27 -7*a+78 18*a-33 5*a-105 -24*a+228 32*a-120 0 8*a-30 10*a-72 -6*a-12 15*a-108 5*a-105 10*a-3 -9*a+120 -13*a+135 -6*a-81 -11*a+93 -22*a+48 -15*a+39 -4*a+15 11*a-24 15*a-39 5*a-36 14*a-87 9*a-120 -a+21 69 over Number field with defining polynomial x^2-12*x+18
a vector of length 47 over Number field with defining polynomial a number field of degree 34
a vector of length 47 over Number field with defining polynomial a number field of degree 10
For conductor 29, eigenvectors are:
-1 1 over Number field with defining polynomial x+10
-1 -1 over Number field with defining polynomial x+12
For conductor 58, eigenvectors are:
21 9 -15 21 6 -15 6 0 6 -9 0 -9 -3 0 0 6 -9 9 0 -6 -6 6 -4 -1 -5 12 -8 -9 4 0 -5 -5 4 5 1 -2 -1 -6 2 8 -7 -3 -2 3 3 -1 over Number field with defining polynomial x-4
12 -12 0 12 -3 0 -3 0 -3 -3 0 -3 9 0 0 -3 -3 3 0 3 3 2 2 -2 0 -1 4 2 -2 0 0 0 3 0 2 1 -2 3 -1 1 1 -1 1 1 1 -2 over Number field with defining polynomial x-19
a vector of length 46 over Number field with defining polynomial a number field of degree 10
a vector of length 46 over Number field with defining polynomial a number field of degree 34
For conductor 377, eigenvectors are:
640*a^8 - 58128*a^7 + 2230016*a^6 - 47038240*a^5 + 594524256*a^4 - 4596757616*a^3 + 21213096912*a^2 - 53595759168*a + 57107489712 -60*a^8 + 5120*a^7 - 182800*a^6 + 3546240*a^5 - 40571340*a^4 + 277234500*a^3 - 1085496120*a^2 + 2151001540*a - 1517973080 -168*a^8 + 15936*a^7 - 639696*a^6 + 14137656*a^5 - 187327248*a^4 + 1517239392*a^3 - 7312834152*a^2 + 19177149960*a - 21004102704 -30*a^8 + 2384*a^7 - 77344*a^6 + 1313376*a^5 - 12341046*a^4 + 60758082*a^3 - 113122428*a^2 - 150792926*a + 629888428 -160*a^8 + 14532*a^7 - 557504*a^6 + 11759560*a^5 - 148631064*a^4 + 1149189404*a^3 - 5303274228*a^2 + 13398939792*a - 14276872428 162*a^8 - 15424*a^7 + 621416*a^6 - 13783032*a^5 + 183270114*a^4 - 1489515942*a^3 + 7204284540*a^2 - 18962049806*a + 20852305396 56*a^8 - 4784*a^7 + 169392*a^6 - 3204448*a^5 + 34674504*a^4 - 211423272*a^3 + 650027328*a^2 - 655611480*a - 497261024 104*a^8 - 9768*a^7 + 391392*a^6 - 8728896*a^5 + 118331784*a^4 - 996315776*a^3 + 5072231160*a^2 - 14217231352*a + 16746911896 -22*a^8 + 2108*a^7 - 86492*a^6 + 1983416*a^5 - 27762538*a^4 + 242206938*a^3 - 1279768144*a^2 + 3716405318*a - 4515353752 90*a^8 - 8202*a^7 + 315608*a^6 - 6669944*a^5 + 84262546*a^4 - 648188148*a^3 + 2951619950*a^2 - 7261181338*a + 7393053070 -8*a^8 + 922*a^7 - 43892*a^6 + 1128752*a^5 - 17142580*a^4 + 157201506*a^3 - 848772762*a^2 + 2467084560*a - 2962836994 -128*a^8 + 12052*a^7 - 483304*a^6 + 10763180*a^5 - 145287128*a^4 + 1214155568*a^3 - 6115850016*a^2 + 16919187928*a - 19639449544 114*a^8 - 10320*a^7 + 394624*a^6 - 8293832*a^5 + 104309586*a^4 - 799692870*a^3 + 3630132844*a^2 - 8880449374*a + 8931699868 12*a^8 - 936*a^7 + 28984*a^6 - 439080*a^5 + 2962388*a^4 + 951324*a^3 - 134537728*a^2 + 715960404*a - 1199100344 -28*a^8 + 2682*a^7 - 109556*a^6 + 2488364*a^5 - 34295428*a^4 + 292852422*a^3 - 1507391014*a^2 + 4256793316*a - 5034081910 14*a^8 - 1324*a^7 + 52936*a^6 - 1162924*a^5 + 15258998*a^4 - 121596918*a^3 + 570985196*a^2 - 1440281074*a + 1494563408 -14*a^8 + 1140*a^7 - 37176*a^6 + 602524*a^5 - 4585858*a^4 + 4684006*a^3 + 160806064*a^2 - 968906798*a + 1719604328 54*a^8 - 5056*a^7 + 201260*a^6 - 4437076*a^5 + 59062022*a^4 - 484171746*a^3 + 2377441516*a^2 - 6372938674*a + 7131782164 -114*a^8 + 10394*a^7 - 400492*a^6 + 8485000*a^5 - 107615022*a^4 + 832364048*a^3 - 3814651594*a^2 + 9433852030*a - 9615082594 -72*a^8 + 6770*a^7 - 269964*a^6 + 5944652*a^5 - 78781152*a^4 + 640985050*a^3 - 3115962278*a^2 + 8255735512*a - 9124449334 -28*a^8 + 2228*a^7 - 72628*a^6 + 1248628*a^5 - 12095960*a^4 + 64677720*a^3 - 166321044*a^2 + 97641420*a + 214898944 -90*a^8 + 8480*a^7 - 338128*a^6 + 7423452*a^5 - 97720758*a^4 + 786343146*a^3 - 3764966688*a^2 + 9803675134*a - 10653848660 -14*a^8 + 1380*a^7 - 58636*a^6 + 1401844*a^5 - 20575106*a^4 + 188875458*a^3 - 1049992448*a^2 + 3194522246*a - 4040118836 -48*a^8 + 4426*a^7 - 172768*a^6 + 3717240*a^5 - 48055376*a^4 + 381098686*a^3 - 1808092998*a^2 + 4701182644*a - 5149957878 30*a^8 - 2774*a^7 + 108644*a^6 - 2346204*a^5 + 30437094*a^4 - 241859304*a^3 + 1145040198*a^2 - 2945650090*a + 3150958798 -32*a^8 + 2840*a^7 - 105984*a^6 + 2162540*a^5 - 26260156*a^4 + 193496016*a^3 - 843544116*a^2 + 1998287252*a - 1988478336 -60*a^8 + 5520*a^7 - 214724*a^6 + 4595312*a^5 - 58912744*a^4 + 461072196*a^3 - 2142346592*a^2 + 5393974684*a - 5638273888 24*a^8 - 2346*a^7 + 97312*a^6 - 2228712*a^5 + 30696760*a^4 - 259287398*a^3 + 1307531718*a^2 - 3596827084*a + 4139272150 -2*a^8 + 68*a^7 + 2312*a^6 - 165124*a^5 + 3727226*a^4 - 42849222*a^3 + 268011432*a^2 - 861581194*a + 1109426968 -20*a^8 + 1718*a^7 - 62248*a^6 + 1242128*a^5 - 14938880*a^4 + 111108602*a^3 - 500874966*a^2 + 1257460980*a - 1352485186 16*a^8 - 1528*a^7 + 62352*a^6 - 1415900*a^5 + 19494428*a^4 - 165868584*a^3 + 847684988*a^2 - 2371064484*a + 2776418008 -48*a^8 + 4482*a^7 - 178240*a^6 + 3935468*a^5 - 52633136*a^4 + 435218194*a^3 - 2164979398*a^2 + 5903378700*a - 6743936966 -10*a^8 + 1244*a^7 - 63164*a^6 + 1725576*a^5 - 27841406*a^4 + 271681610*a^3 - 1562150100*a^2 + 4823290670*a - 6121015108 2*a^8 - 158*a^7 + 5936*a^6 - 147940*a^5 + 2627602*a^4 - 31239152*a^3 + 224438934*a^2 - 852351262*a + 1294190326 18*a^8 - 1552*a^7 + 55980*a^6 - 1095988*a^5 + 12625218*a^4 - 86560702*a^3 + 339087444*a^2 - 676001046*a + 496751268 34*a^8 - 3124*a^7 + 121208*a^6 - 2582560*a^5 + 32879218*a^4 - 254660470*a^3 + 1165996572*a^2 - 2879756334*a + 2939542736 80*a^8 - 7224*a^7 + 274904*a^6 - 5731136*a^5 + 71184536*a^4 - 535960700*a^3 + 2374684260*a^2 - 5642805020*a + 5499438828 -4*a^8 + 252*a^7 - 4352*a^6 - 49064*a^5 + 2868044*a^4 - 44025512*a^3 + 327066984*a^2 - 1191142772*a + 1693089112 10*a^8 - 1148*a^7 + 55184*a^6 - 1450048*a^5 + 22741646*a^4 - 217364674*a^3 + 1231931044*a^2 - 3772101722*a + 4774154892 -6*a^8 + 520*a^7 - 18836*a^6 + 369232*a^5 - 4228430*a^4 + 28384430*a^3 - 105397512*a^2 + 184812002*a - 92282528 42*a^8 - 3806*a^7 + 145744*a^6 - 3069188*a^5 + 38706522*a^4 - 297866632*a^3 + 1359173642*a^2 - 3349071646*a + 3402973938 -42*a^8 + 3854*a^7 - 149504*a^6 + 3190104*a^5 - 40769274*a^4 + 318021616*a^3 - 1472734906*a^2 + 3696622962*a - 3854455098 -34*a^8 + 3222*a^7 - 129064*a^6 + 2842404*a^5 - 37462662*a^4 + 301065252*a^3 - 1434606230*a^2 + 3699549186*a - 3955979066 -34*a^8 + 3274*a^7 - 133520*a^6 + 3000868*a^5 - 40481802*a^4 + 334156084*a^3 - 1641661478*a^2 + 4378672554*a - 4854545098 48*a^8 - 4482*a^7 + 178224*a^6 - 3934596*a^5 + 52617000*a^4 - 435117642*a^3 + 2165165718*a^2 - 5906888100*a + 6751872270 6*a^8 - 512*a^7 + 18264*a^6 - 353752*a^5 + 4040998*a^4 - 27622898*a^3 + 108735932*a^2 - 218609554*a + 159732612 12*a^8 - 1356*a^7 + 64768*a^6 - 1704044*a^5 + 26919588*a^4 - 260253544*a^3 + 1494881264*a^2 - 4635552444*a + 5927208612 28*a^8 - 2572*a^7 + 99736*a^6 - 2123656*a^5 + 27025716*a^4 - 209410856*a^3 + 960662724*a^2 - 2381603000*a + 2445073696 -10*a^8 + 928*a^7 - 36816*a^6 + 815472*a^5 - 11026298*a^4 + 93124946*a^3 - 479111412*a^2 + 1370183082*a - 1663744524 100*a^7 - 8400*a^6 + 290860*a^5 - 5360816*a^4 + 56561816*a^3 - 340443888*a^2 + 1081214684*a - 1400275708 138*a^7 - 11132*a^6 + 369996*a^5 - 6540492*a^4 + 66093294*a^3 - 380039958*a^2 + 1147900308*a - 1405452490 106*a^7 - 9232*a^6 + 333772*a^5 - 6467952*a^4 + 72188290*a^3 - 461222046*a^2 + 1552593540*a - 2120314742 -126*a^7 + 10280*a^6 - 345860*a^5 + 6197216*a^4 - 63593066*a^3 + 372017510*a^2 - 1144758536*a + 1429495158 104*a^7 - 8732*a^6 + 303156*a^5 - 5621832*a^4 + 59889128*a^3 - 364889240*a^2 + 1173351896*a - 1536119000 -44*a^7 + 3832*a^6 - 138856*a^5 + 2703300*a^4 - 30368056*a^3 + 195374964*a^2 - 660847844*a + 903801080 52*a^7 - 3600*a^6 + 95888*a^5 - 1193656*a^4 + 6107612*a^3 + 3914264*a^2 - 139547948*a + 334977500 -74*a^7 + 5936*a^6 - 196168*a^5 + 3449980*a^4 - 34732974*a^3 + 199351134*a^2 - 601966332*a + 737662458 -6*a^8 + 542*a^7 - 20384*a^6 + 411936*a^5 - 4803814*a^4 + 32088368*a^3 - 112525782*a^2 + 156218642*a + 14341314 over Number field with defining polynomial x^9-106*x^8+4862*x^7-126324*x^6+2042633*x^5-21244841*x^4+141639502*x^3-582021469*x^2+1335740796*x-1304894630
a vector of length 58 over Number field with defining polynomial a number field of degree 23
a vector of length 58 over Number field with defining polynomial a number field of degree 26
For conductor 754, eigenvectors are:
2*a+10 a a^2 + 11*a + 20 over Number field with defining polynomial x^3+14*x^2+50*x+50
For conductor 1:
traces of hecke eigenvalues of T_{p^1} are:
40 156 400 1464 5220 7240 12720 30784 52060 70644 81400 106080 151740 208920 230764 305320 363024 394420 499360 578760 712980 922180 
computing eigenvalues for k = 1, took 51.198917 sec
traces of hecke eigenvalues of T_{p^2} are:
120 780 2800 
computing eigenvalues for k = 2, took 0.257656 sec
traces of hecke eigenvalues of T_{p^1} are:
5 23 43 106 383 254 456 1188 1275 2058 1691 2151 2430 3246 3726 5034 5121 5500 7624 6664 6820 9576 
computing eigenvalues for k = 1, took 51.219753 sec
traces of hecke eigenvalues of T_{p^2} are:
-20 -18 -56 
computing eigenvalues for k = 2, took 0.251075 sec
traces of hecke eigenvalues of T_{p^1} are:
11 47 21 134 287 474 480 892 1395 1442 2133 2393 2630 3154 3846 3886 5167 4564 7336 7392 7076 8352 
computing eigenvalues for k = 1, took 8.544702 sec
traces of hecke eigenvalues of T_{p^2} are:
4 126 -232 
computing eigenvalues for k = 2, took 0.262648 sec
traces of hecke eigenvalues of T_{p^1} are:
16 12 76 84 372 364 720 1012 1660 1332 1768 1788 3420 3444 2956 4396 4692 5764 7096 6972 9636 8212 
computing eigenvalues for k = 1, took 50.988314 sec
traces of hecke eigenvalues of T_{p^2} are:
24 -84 208 
computing eigenvalues for k = 2, took 0.256254 sec
traces of hecke eigenvalues of T_{p^1} are:
4 24 -70 26 -106 416 -236 -14 -318 -232 912 368 -358 -536 -116 -1340 -742 -1092 1874 1172 -2580 -3084 
computing eigenvalues for k = 1, took 8.627460 sec
traces of hecke eigenvalues of T_{p^2} are:
14 14 96 
computing eigenvalues for k = 2, took 0.250329 sec
traces of hecke eigenvalues of T_{p^1} are:
38 110 192 406 852 976 1452 2890 4176 5728 5694 7422 9298 10804 11668 13440 15284 15712 16850 20628 24944 28736 
computing eigenvalues for k = 1, took 51.151185 sec
traces of hecke eigenvalues of T_{p^2} are:
32 192 336 
computing eigenvalues for k = 2, took 0.258468 sec
traces of hecke eigenvalues of T_{p^1} are:
2 -59 27 -178 -524 197 37 1023 357 -697 1796 1036 -2514 3286 2926 4100 2702 365 3291 -711 -2695 110 
computing eigenvalues for k = 1, took 8.607793 sec
traces of hecke eigenvalues of T_{p^2} are:
-88 -226 -344 
computing eigenvalues for k = 2, took 0.264737 sec
traces of hecke eigenvalues of T_{p^1} are:
295 710 1414 3157 7103 9299 12960 23606 33375 40185 45431 52723 65190 82448 87985 105860 119597 125409 147109 159538 186135 223805 
computing eigenvalues for k = 1, took 51.197854 sec
traces of hecke eigenvalues of T_{p^2} are:
260 672 2112 
computing eigenvalues for k = 2, took 0.263540 sec
traces of hecke eigenvalues of T_{p^1} are:
73 175 378 845 2067 2544 3641 7005 9018 11619 12445 15488 18955 24673 26543 32639 33977 37326 43572 48202 52549 65980 
computing eigenvalues for k = 1, took 51.134235 sec
traces of hecke eigenvalues of T_{p^2} are:
12 -42 224 
computing eigenvalues for k = 2, took 0.256467 sec
traces of hecke eigenvalues of T_{p^1} are:
14 50 96 238 672 540 1156 1690 3124 3484 3462 4382 6726 6180 6616 9432 9564 11452 12898 15156 16780 19036 
computing eigenvalues for k = 1, took 50.655990 sec
traces of hecke eigenvalues of T_{p^2} are:
-24 -12 -32 
computing eigenvalues for k = 2, took 0.259587 sec
traces of hecke eigenvalues of T_{p^1} are:
14 -46 40 -74 64 196 244 226 212 -452 182 -842 1222 44 -1896 -320 -1692 1308 1394 332 2540 -3364 
computing eigenvalues for k = 1, took 8.600266 sec
traces of hecke eigenvalues of T_{p^2} are:
24 84 96 
computing eigenvalues for k = 2, took 0.260346 sec
For conductor 2:
traces of hecke eigenvalues of T_{p^1} are:
-18 -5 -42 -22 -7 -10 208 -366 -72 -634 300 800 -64 548 -1613 -750 1426 -1634 -634 264 859 -403 
computing eigenvalues for k = 1, took 503.044246 sec
traces of hecke eigenvalues of T_{p^2} are:
20 -30 16 
computing eigenvalues for k = 2, took 1.007672 sec
For conductor 13:
traces of hecke eigenvalues of T_{p^1} are:
-16 -30 -48 -32 146 -56 204 -548 -272 -416 364 -268 -176 -476 430 -24 -1032 28 -1020 40 358 202 
computing eigenvalues for k = 1, took 863.684757 sec
traces of hecke eigenvalues of T_{p^2} are:
8 36 24 
computing eigenvalues for k = 2, took 0.622078 sec
For conductor 26:
traces of hecke eigenvalues of T_{p^1} are:
15 41 75 94 255 470 500 1284 965 2034 2265 2215 3330 4070 4374 4350 4249 5080 5860 7500 8880 9160 
computing eigenvalues for k = 1, took 178.096862 sec
traces of hecke eigenvalues of T_{p^2} are:
20 90 200 
computing eigenvalues for k = 2, took 1.050235 sec
traces of hecke eigenvalues of T_{p^1} are:
12 12 38 -54 -170 408 -196 770 -1178 952 1176 12 1042 1296 940 -412 -2578 -60 -1078 1388 1028 -1468 
computing eigenvalues for k = 1, took 178.093712 sec
traces of hecke eigenvalues of T_{p^2} are:
22 26 96 
computing eigenvalues for k = 2, took 1.047292 sec
traces of hecke eigenvalues of T_{p^1} are:
-24 16 70 -69 1 219 -722 864 1906 1122 624 -1033 -851 -519 5134 681 34 3595 2701 -1529 -481 6941 
computing eigenvalues for k = 1, took 177.502544 sec
traces of hecke eigenvalues of T_{p^2} are:
-56 -178 -340 
computing eigenvalues for k = 2, took 1.064174 sec
traces of hecke eigenvalues of T_{p^1} are:
119 275 522 1315 3149 3760 5411 9465 14300 16101 18743 22538 28503 34185 37049 45829 48261 55956 63012 69200 78041 95294 
computing eigenvalues for k = 1, took 177.182951 sec
traces of hecke eigenvalues of T_{p^2} are:
76 90 176 
computing eigenvalues for k = 2, took 1.045376 sec
For conductor 29:
traces of hecke eigenvalues of T_{p^1} are:
-10 -23 12 16 -33 -114 128 -236 -24 418 -98 -268 38 150 149 -200 640 90 -1018 -1650 431 -49 
computing eigenvalues for k = 1, took 862.498046 sec
traces of hecke eigenvalues of T_{p^2} are:
12 44 -22 
computing eigenvalues for k = 2, took 0.642437 sec
traces of hecke eigenvalues of T_{p^1} are:
-12 -5 -22 -46 65 -38 -64 -90 -290 -244 84 80 -54 654 -535 536 614 364 -28 138 -685 -245 
computing eigenvalues for k = 1, took 858.219764 sec
traces of hecke eigenvalues of T_{p^2} are:
14 -42 0 
computing eigenvalues for k = 2, took 0.628811 sec
For conductor 58:
traces of hecke eigenvalues of T_{p^1} are:
4 40 24 134 380 282 624 734 1726 2058 2268 2538 2976 3948 2972 3836 6228 5578 4996 7660 8178 8402 
computing eigenvalues for k = 1, took 176.592475 sec
traces of hecke eigenvalues of T_{p^2} are:
-24 84 -208 
computing eigenvalues for k = 2, took 1.043647 sec
traces of hecke eigenvalues of T_{p^1} are:
19 35 54 169 330 292 524 849 1046 2108 2273 2153 2431 3828 2942 4376 5818 6118 7251 8160 7368 9992 
computing eigenvalues for k = 1, took 178.739618 sec
traces of hecke eigenvalues of T_{p^2} are:
36 54 32 
computing eigenvalues for k = 2, took 1.078006 sec
traces of hecke eigenvalues of T_{p^1} are:
118 280 613 1245 2884 3798 5147 10083 14311 16919 18514 21861 28353 34799 38733 47019 48630 53182 62182 68610 78981 94216 
computing eigenvalues for k = 1, took 180.809359 sec
traces of hecke eigenvalues of T_{p^2} are:
72 120 904 
computing eigenvalues for k = 2, took 1.075168 sec
traces of hecke eigenvalues of T_{p^1} are:
-13 49 86 -222 237 349 -474 803 1870 1858 1741 -2248 -142 -1363 6426 -1015 -4254 5685 -852 -9001 3695 3533 
computing eigenvalues for k = 1, took 176.946757 sec
traces of hecke eigenvalues of T_{p^2} are:
-69 -177 -72 
computing eigenvalues for k = 2, took 1.061142 sec
For conductor 377:
traces of hecke eigenvalues of T_{p^1} are:
106 250 501 1033 2702 3244 4885 8601 12065 14943 16454 19987 24489 31129 33203 39443 44962 46618 55912 60678 69067 86312 
computing eigenvalues for k = 1, took 266.249887 sec
traces of hecke eigenvalues of T_{p^2} are:
64 96 408 
computing eigenvalues for k = 2, took 6.012596 sec
traces of hecke eigenvalues of T_{p^1} are:
283 690 1382 3013 6999 8751 13108 23162 32789 40097 44715 51909 68214 81436 88287 106292 118895 127649 150691 161378 184895 215997 
computing eigenvalues for k = 1, took 265.124727 sec
traces of hecke eigenvalues of T_{p^2} are:
212 552 1856 
computing eigenvalues for k = 2, took 5.677592 sec
traces of hecke eigenvalues of T_{p^1} are:
19 -56 53 -79 -630 97 -71 714 -341 291 1829 -207 -1407 3590 5136 4932 1024 4483 3598 -443 -5537 -218 
computing eigenvalues for k = 1, took 168.804374 sec
traces of hecke eigenvalues of T_{p^2} are:
-67 -99 -248 
computing eigenvalues for k = 2, took 1.224480 sec
For conductor 754:
traces of hecke eigenvalues of T_{p^1} are:
-14 -23 -32 -8 125 -146 240 -226 -364 -314 -572 -244 -240 598 -385 1020 -1236 -396 -2466 1420 -673 973 
computing eigenvalues for k = 1, took 498.691486 sec
traces of hecke eigenvalues of T_{p^2} are:
14 -32 -46 
computing eigenvalues for k = 2, took 1.017889 sec
