constructing eigenvector for poly
x-15
constructing eigenvector for poly
x^4-18*x^3+107*x^2-220*x+66
constructing eigenvector for poly
x^4-2*x^3-24*x^2+61*x+2
constructing eigenvector for poly
x^4-26*x^3+228*x^2-731*x+500
constructing eigenvector for poly
x^43-254*x^42+31268*x^41-2485541*x^40+143422496*x^39-6402814228*x^38+230169071621*x^37-6846969960375*x^36+171901367473956*x^35-3696643144529095*x^34+68870612686951643*x^33-1121643627525428235*x^32+16083459599569893129*x^31-204225619313652283604*x^30+2307114101778926931176*x^29-23274877298490621425502*x^28+210315645056342801476625*x^27-1706284053566086829866712*x^26+12451323307202182115999906*x^25-81834890230420835452143031*x^24+484840999037735068140925706*x^23-2590567289574161400328889736*x^22+12483836913720449302384744893*x^21-54239024181756945268259449415*x^20+212309180093348607133510892778*x^19-747870802636192946718942494603*x^18+2367061041080190071990011494399*x^17-6718065138947715307476918736145*x^16+17054563983494224239516563447133*x^15-38606865159475316132881152479848*x^14+77642872835526252672008603838806*x^13-138104691335281057582787483786028*x^12+216096001607133453050703918863184*x^11-295524072063729966178864604156672*x^10+350438383739968557863049609268064*x^9-356841775570702359311361699090304*x^8+308246187008424501296007574785536*x^7-222391704696711561918667968969472*x^6+131291963714520712733480398606336*x^5-61667019493549171624558921108480*x^4+22122976569075726739240354756608*x^3-5682909687137919973977413357568*x^2+929081330831822609340959121408*x-72495248021764658779852111872
constructing eigenvector for poly
x^72-26*x^71-62*x^70+7420*x^69-40488*x^68-854055*x^67+8931562*x^66+44624069*x^65-895889293*x^64-50647813*x^63+53949347895*x^62-150713030592*x^61-2086733689800*x^60+11221099329748*x^59+49948922156570*x^58-468677523457383*x^57-507879595830180*x^56+13141180540044861*x^55-11424546573902598*x^54-258834790178688738*x^53+628890631044866671*x^52+3544164728029324213*x^51-14926072921732517506*x^50-30531602019210609373*x^49+232679512969822063895*x^48+79363465725789351919*x^47-2590228737083745442010*x^46+2029750263516425497148*x^45+20979601762274104837628*x^44-36788585980794274943790*x^43-121190614288208904650673*x^42+352068514037461259445404*x^41+454663447834755429824478*x^40-2310396280593190028137264*x^39-634724433069590084286753*x^38+11081776593946175627251126*x^37-4404500343799785379307767*x^36-39559941781534486053087386*x^35+37342917874038221426215967*x^34+104557162204026391882180973*x^33-157095399054515973981224320*x^32-197966432336001897828103388*x^31+449359889441300062888968125*x^30+241368788236209232075456319*x^29-941332380791374217198849185*x^28-100238907175632524000450421*x^27+1483667408391976238240413492*x^26-277611210391607652425919426*x^25-1777844598414088155398101075*x^24+726137948222949590016036354*x^23+1623269056548719039684127982*x^22-960454489516167011299911411*x^21-1125556009366492286776329809*x^20+854718794048356097544781053*x^19+587512242064729250130377145*x^18-546875462754293571518183337*x^17-227331706361669511880687957*x^16+256528748520844085631401133*x^15+63621149806930710626261173*x^14-88215887439335698409081562*x^13-12390932038809314237995436*x^12+21945809461299255068497303*x^11+1581981183599711065648357*x^10-3845039851430421034511903*x^9-121787651157297077499282*x^8+453296713905737201562466*x^7+5617802642728800770635*x^6-33234087274698054160235*x^5-274402049874611521476*x^4+1298003209656316243679*x^3+11248903129041622672*x^2-17766112535637153806*x+386711734939978328
constructing eigenvector for poly
x+2
constructing eigenvector for poly
x^22+60*x^21+1643*x^20+27191*x^19+303382*x^18+2407784*x^17+13949380*x^16+59346942*x^15+182297503*x^14+379371076*x^13+414659729*x^12-264181769*x^11-1958665925*x^10-3627257452*x^9-3066760800*x^8+513060674*x^7+4632809280*x^6+6023442535*x^5+4392646373*x^4+2012899624*x^3+574933848*x^2+93712328*x+6662347
constructing eigenvector for poly
x^4+14*x^3+48*x^2+29*x-10
constructing eigenvector for poly
x^19+52*x^18+1227*x^17+17380*x^16+164548*x^15+1095169*x^14+5229094*x^13+17822368*x^12+41529180*x^11+56485040*x^10+6364275*x^9-145251669*x^8-298113789*x^7-252735283*x^6-815319*x^5+178917137*x^4+121317061*x^3+1050330*x^2-23546776*x-5332769
constructing eigenvector for poly
x^46-272*x^45+35924*x^44-3069728*x^43+190795632*x^42-9194055800*x^41+357535166716*x^40-11531787453675*x^39+314657603203876*x^38-7372389639480100*x^37+150040475503245122*x^36-2676640334033633355*x^35+42162078934572260194*x^34-589891735993380490541*x^33+7366045193506657512995*x^32-82417261162914276852617*x^31+828927821432165128928239*x^30-7513729344442084834250746*x^29+61507766676422394571899920*x^28-455441936719908056170829786*x^27+3054053559536202549211425168*x^26-18561250336818415046475906758*x^25+102286124968473792893382710734*x^24-511152041890640600535276816249*x^23+2315844405498423491745075849418*x^22-9507244873875768404720644125964*x^21+35334770251263719670707032108942*x^20-118746148846833389970319583418595*x^19+360260471436968513128033263170278*x^18-984768815691729652154768958619149*x^17+2419509486397044784063323467189947*x^16-5327731493051126986753520090672203*x^15+10478243059965439692787273950084826*x^14-18331544107693602362371786132449326*x^13+28390992254810734210526798158650276*x^12-38702996637191886355635234362544544*x^11+46122731568437837383329674718664704*x^10-47653998250438819120904993397810464*x^9+42257610371631008057894592489984128*x^8-31759099096503865387235380202097920*x^7+19908487360115197762785201926745856*x^6-10193030821459965216967653649722368*x^5+4142118463752133780872410333750272*x^4-1281759529381442927640204019492864*x^3+282948174726047941200235834462208*x^2-39571877755612755152325935407104*x+2626970784376970349148764405760
constructing eigenvector for poly
x+6
constructing eigenvector for poly
x^78-28*x^77-67*x^76+9045*x^75-51774*x^74-1212138*x^73+13088560*x^72+78812050*x^71-1542506230*x^70-1066658248*x^69+112205177376*x^68-257571400982*x^67-5453844464221*x^66+26071604433156*x^65+177216321444987*x^64-1407785375474148*x^63-3374110022782210*x^62+51656297727160708*x^61+2837956829845421*x^60-1373686125279546257*x^59+2230699711932355609*x^58+26806919651431070187*x^57-86180730341205531708*x^56-371551903777590440055*x^55+1992336679497989262332*x^54+3132923521294937389193*x^53-32804296756821601685059*x^52-576236589991412388956*x^51+401937922278769831312444*x^50-460361090378546571728509*x^49-3661179058518056587838368*x^48+8373136147774676691369842*x^47+23604265986301267067658909*x^46-92100619049133113134941971*x^45-87397113428158169181505757*x^44+720952566924543038955715349*x^43-102081668309382515889478040*x^42-4152789705496497671857835477*x^41+4125117579892869975809138224*x^40+17277854014997643909045022039*x^39-32908750214574706053664633031*x^38-47018069830317530482194257715*x^37+163262438923294744954706345572*x^36+46072319859885065566094215896*x^35-564211579090628077774203860095*x^34+257253149696338849974676503665*x^33+1358787256927776396451061431072*x^32-1534423630291427498297079646563*x^31-2080696599279760267784957942293*x^30+4439437558512618401277083039859*x^29+1175965772161914234901919149914*x^28-8135534991326002610466630897606*x^27+2852524209153205594683174573801*x^26+9468607592461760647828061411975*x^25-8505962907822433045475764952037*x^24-5879034195899272265044110594267*x^23+11072121842221022369183692917010*x^22-256591890254546090690821247980*x^21-8129220441929028293948919406166*x^20+3651225684799602268885036927207*x^19+3112143757622779385738058870607*x^18-2951786599941863750366595522261*x^17-266312600015930169995146235326*x^16+1134272705136035962288288309925*x^15-247485574046107220675105465804*x^14-225991704512302104126725926832*x^13+105767627666319245925316156087*x^12+19309327581260399780904487012*x^11-19493962906653925609020695580*x^10+630587210773827321306536089*x^9+1927888031083709295145739419*x^8-276080832742552694206741752*x^7-102658878194510199147791488*x^6+22953038356609480252159020*x^5+2610040931651849163530237*x^4-820018478883141321634724*x^3-18870323119554215822048*x^2+10907572703399750891752*x-161808119937111415036
computing eigenvectors took 4.535000 sec
For conductor 1, eigenvectors are:
-1 -1 -1 -1 -1 -1 -1 -1 -1 -1 -1 -1 -1 -1 -1 -1 -1 -1 -1 -1 -1 -1 -1 -1 -1 -1 -1 -1 -1 -1 -1 -1 -1 -1 -1 -1 -1 -1 -1 -1 -1 -1 -1 -1 -1 -1 -1 -1 -1 -1 -1 -1 -1 -1 -1 -1 -1 -1 -1 -1 -1 -1 -1 -1 -1 -1 -1 -1 -1 -1 -1 -1 -1 -1 -1 -1 -1 -1 -1 -1 -1 -1 -1 -1 -1 -1 -1 -1 -1 -1 -1 -1 -1 -1 -1 -1 -1 -1 -1 -1 -1 -1 -1 -1 -1 -1 -1 -1 -1 -1 -1 -1 -1 -1 -1 -1 -1 -1 -1 -1 -1 -1 -1 -1 -1 -1 -1 -1 over Number field with defining polynomial x-15
1744*a^3 - 23472*a^2 + 83456*a - 57760 928*a^3 - 15360*a^2 + 75824*a - 90640 -320*a^3 + 1920*a^2 + 7460*a - 34852 400*a^3 - 5886*a^2 + 23678*a - 19024 598*a^3 - 6396*a^2 + 19202*a - 27724 -944*a^3 + 10560*a^2 - 26722*a - 6958 292*a^3 - 3024*a^2 + 3806*a + 16478 -48*a^3 - 24*a^2 + 3752*a - 6112 640*a^3 - 7728*a^2 + 22832*a + 4032 553*a^3 - 7572*a^2 + 31376*a - 41125 -20*a^3 + 1866*a^2 - 17974*a + 43760 604*a^3 - 7344*a^2 + 20897*a + 2531 -68*a^3 + 879*a^2 - 4303*a + 8564 37*a^3 - 1224*a^2 + 12377*a - 35398 -536*a^3 + 7644*a^2 - 32284*a + 36152 136*a^3 - 579*a^2 - 7084*a + 30119 -170*a^3 + 1893*a^2 - 5257*a + 4454 -278*a^3 + 4755*a^2 - 25129*a + 39956 -482*a^3 + 6213*a^2 - 22348*a + 18401 -68*a^3 + 879*a^2 - 4303*a + 8564 -170*a^3 + 1893*a^2 - 5257*a + 4454 -86*a^3 + 1056*a^2 - 1874*a - 8808 502*a^3 - 6630*a^2 + 25684*a - 24868 466*a^3 - 5676*a^2 + 19060*a - 13034 88*a^3 - 1376*a^2 + 5024*a - 632 -536*a^3 + 7644*a^2 - 32284*a + 36152 50*a^3 + 84*a^2 - 3728*a + 5562 -188*a^3 + 2180*a^2 - 7006*a + 5926 -88*a^3 + 2162*a^2 - 15484*a + 32130 88*a^3 - 996*a^2 + 1898*a + 8258 326*a^3 - 3092*a^2 + 5176*a + 7894 -360*a^3 + 4106*a^2 - 11776*a + 3390 -188*a^3 + 1800*a^2 - 3880*a - 2964 14*a^3 + 1038*a^2 - 10352*a + 17396 52*a^3 - 422*a^2 - 1600*a + 11202 -18*a^3 + 760*a^2 - 4364*a + 2822 496*a^3 - 4892*a^2 + 10944*a - 4100 -292*a^3 + 3810*a^2 - 14266*a + 15020 -152*a^3 + 1226*a^2 - 382*a - 5908 -740*a^3 + 8912*a^2 - 27940*a + 10152 347*a^3 - 4818*a^2 + 18984*a - 17297 -17*a^3 + 507*a^2 - 3300*a + 5642 87*a^3 - 933*a^2 + 2397*a + 993 291*a^3 - 2881*a^2 + 6920*a - 5186 -69*a^3 + 1132*a^2 - 5367*a + 5744 -104*a^3 + 1533*a^2 - 5186*a - 2891 36*a^3 - 561*a^2 + 1394*a + 3915 139*a^3 - 1748*a^2 + 6027*a - 3554 190*a^3 - 2120*a^2 + 7030*a - 6476 -154*a^3 + 1842*a^2 - 6688*a + 7296 -464*a^3 + 5736*a^2 - 19036*a + 12484 -188*a^3 + 2180*a^2 - 7006*a + 5926 279*a^3 - 4332*a^2 + 19911*a - 24482 362*a^3 - 4426*a^2 + 14926*a - 12830 -499*a^3 + 6137*a^2 - 18855*a + 3849 345*a^3 - 4012*a^2 + 11115*a + 352 -155*a^3 + 2095*a^2 - 7752*a + 4476 -137*a^3 + 1808*a^2 - 6003*a + 3004 53*a^3 - 785*a^2 + 3642*a - 4822 -121*a^3 + 1947*a^2 - 8997*a + 10291 309*a^3 - 3058*a^2 + 4491*a + 12186 -344*a^3 + 4435*a^2 - 16333*a + 15122 156*a^3 - 2162*a^2 + 9838*a - 16736 104*a^3 - 1537*a^2 + 7771*a - 16634 276*a^3 - 3463*a^2 + 12541*a - 14098 -516*a^3 + 6361*a^2 - 21103*a + 12586 364*a^3 - 4552*a^2 + 13928*a + 1700 518*a^3 - 6491*a^2 + 22690*a - 17581 -54*a^3 + 1524*a^2 - 9425*a + 10211 175*a^3 - 2892*a^2 + 14214*a - 19833 379*a^3 - 4350*a^2 + 11433*a + 1722 -137*a^3 + 1428*a^2 - 2877*a - 5886 103*a^3 - 794*a^2 - 597*a + 8280 88*a^3 - 1376*a^2 + 5024*a - 632 158*a^3 - 2668*a^2 + 11966*a - 11096 -87*a^3 + 1419*a^2 - 7116*a + 7216 -119*a^3 + 1141*a^2 - 1128*a - 7358 -86*a^3 + 1056*a^2 - 1874*a - 8808 -86*a^3 + 1056*a^2 - 1874*a - 8808 172*a^3 - 1533*a^2 - 460*a + 18285 -105*a^3 + 2086*a^2 - 11991*a + 17578 503*a^3 - 7073*a^2 + 28311*a - 26493 -137*a^3 + 1808*a^2 - 6003*a + 3004 4*a^3 - 1139*a^2 + 13123*a - 33948 87*a^3 - 1123*a^2 + 3960*a - 3452 -53*a^3 + 1461*a^2 - 9924*a + 17476 36*a^3 - 861*a^2 + 7135*a - 19374 122*a^3 - 1824*a^2 + 9520*a - 18106 122*a^3 - 1524*a^2 + 3779*a + 5183 -277*a^3 + 4012*a^2 - 16761*a + 15042 -306*a^3 + 2865*a^2 - 3403*a - 9916 141*a^3 - 2554*a^2 + 13896*a - 21203 -187*a^3 + 1627*a^2 - 201*a - 14543 243*a^3 - 3188*a^2 + 11724*a - 8203 174*a^3 - 2149*a^2 + 5846*a + 5081 155*a^3 - 1609*a^2 + 3033*a + 3733 52*a^3 - 532*a^2 + 2578*a - 7642 173*a^3 - 1896*a^2 + 4782*a + 2261 175*a^3 - 2702*a^2 + 12651*a - 15388 210*a^3 - 3103*a^2 + 12470*a - 6753 -188*a^3 + 2370*a^2 - 8569*a + 10371 -51*a^3 + 655*a^2 - 2055*a - 173 17*a^3 - 21*a^2 - 1419*a + 2567 -84*a^3 + 740*a^2 - 1309*a + 1277 -14*a^3 - 552*a^2 + 5633*a - 9187 -69*a^3 + 1132*a^2 - 5367*a + 5744 -32*a^3 + 115*a^2 + 758*a + 1175 -69*a^3 + 1132*a^2 - 5367*a + 5744 242*a^3 - 2935*a^2 + 10660*a - 11023 -258*a^3 + 2982*a^2 - 6644*a - 11344 -225*a^3 + 3387*a^2 - 14694*a + 14940 88*a^3 - 1186*a^2 + 3461*a + 3813 -84*a^3 + 740*a^2 - 1309*a + 1277 -155*a^3 + 2095*a^2 - 7752*a + 4476 242*a^3 - 3125*a^2 + 12223*a - 15468 -154*a^3 + 2032*a^2 - 8251*a + 11741 -223*a^3 + 2771*a^2 - 8388*a + 1736 140*a^3 - 2001*a^2 + 7091*a - 734 -360*a^3 + 4106*a^2 - 11776*a + 3390 -222*a^3 + 2328*a^2 - 5761*a + 111 -69*a^3 + 1132*a^2 - 5367*a + 5744 227*a^3 - 3517*a^2 + 16281*a - 19935 36*a^3 - 561*a^2 + 1394*a + 3915 -120*a^3 + 1694*a^2 - 7933*a + 13111 583*a^2 - 6793*a + 20194 93*a^2 + 511*a - 7540 393*a^2 - 5230*a + 15749 -84*a^3 + 740*a^2 - 1309*a + 1277 over Number field with defining polynomial x^4-18*x^3+107*x^2-220*x+66
0 0 384*a^3 - 1344*a^2 - 4464*a + 14496 -144*a^3 + 72*a^2 + 4008*a - 8592 72*a^3 - 288*a^2 - 432*a + 2208 -192*a^3 + 672*a^2 + 2232*a - 7248 48*a^3 - 144*a^2 - 1872*a + 6336 -176*a^3 + 304*a^2 + 3872*a - 9088 0 180*a^3 - 120*a^2 - 6348*a + 15240 36*a^3 - 144*a^2 - 216*a + 1104 -60*a^3 - 60*a^2 + 2472*a - 4608 -60*a^3 + 444*a^2 - 672*a - 432 36*a^3 + 108*a^2 - 1788*a + 3192 0 36*a^3 + 108*a^2 - 1788*a + 3192 -36*a^3 - 108*a^2 + 1788*a - 3192 60*a^3 + 60*a^2 - 2472*a + 4608 60*a^3 + 60*a^2 - 2472*a + 4608 -24*a^3 - 180*a^2 + 2508*a - 5256 -60*a^3 - 36*a^2 + 2724*a - 6360 -168*a^3 + 744*a^2 + 1040*a - 5120 0 -48*a^3 + 24*a^2 + 1336*a - 2864 -32*a^3 + 80*a^2 + 1080*a - 3056 -24*a^3 + 96*a^2 + 144*a - 736 -40*a^3 + 144*a^2 + 768*a - 2848 56*a^3 - 160*a^2 - 1056*a + 2624 104*a^3 - 352*a^2 - 1344*a + 4096 8*a^3 + 272*a^2 - 1784*a + 2576 -80*a^3 + 256*a^2 + 1200*a - 3360 -80*a^3 + 256*a^2 + 1200*a - 3360 72*a^3 - 120*a^2 - 1480*a + 3600 88*a^3 - 256*a^2 - 2304*a + 6848 0 8*a^3 - 64*a^2 + 312*a - 208 72*a^3 - 120*a^2 - 1480*a + 3600 -80*a^3 + 272*a^2 + 1368*a - 4528 -96*a^3 + 304*a^2 + 1824*a - 5472 72*a^3 - 120*a^2 - 1480*a + 3600 44*a^3 - 236*a^2 + 164*a + 296 -16*a^3 + 124*a^2 + 16*a - 832 -28*a^3 + 44*a^2 + 512*a - 1328 -12*a^3 + 48*a^2 + 72*a - 368 -112*a^3 + 292*a^2 + 2180*a - 5848 -136*a^3 + 388*a^2 + 2324*a - 6584 -44*a^3 + 160*a^2 + 444*a - 1576 64*a^3 - 140*a^2 - 1268*a + 3112 44*a^3 - 76*a^2 - 968*a + 2272 -16*a^3 + 124*a^2 + 16*a - 832 56*a^3 - 176*a^2 - 1224*a + 3792 -72*a^3 + 240*a^2 + 972*a - 2888 -4*a^3 - 136*a^2 + 892*a - 1288 -60*a^3 + 360*a^2 - 148*a - 1128 64*a^3 - 140*a^2 - 1268*a + 3112 -16*a^3 - 4*a^2 + 440*a - 960 44*a^3 - 236*a^2 + 164*a + 296 -20*a^3 + 64*a^2 + 300*a - 840 -44*a^3 + 76*a^2 + 968*a - 2272 28*a^3 - 332*a^2 + 1044*a - 776 48*a^3 - 228*a^2 - 304*a + 1456 60*a^3 - 116*a^2 - 1508*a + 3800 104*a^3 - 352*a^2 - 1344*a + 4096 -28*a^3 + 172*a^2 + 88*a - 1200 -52*a^3 + 260*a^2 + 148*a - 1352 -12*a^3 - 120*a^2 + 1120*a - 1760 -84*a^3 + 128*a^2 + 2176*a - 5232 56*a^3 - 176*a^2 - 1224*a + 3792 40*a^3 - 136*a^2 - 684*a + 2264 16*a^3 - 48*a^2 - 624*a + 2112 4*a^3 - 32*a^2 + 156*a - 104 8*a^3 - 16*a^2 - 228*a + 472 40*a^3 - 44*a^2 - 1124*a + 2376 20*a^3 - 64*a^2 - 300*a + 840 -4*a^3 - 60*a^2 + 284*a - 8 -80*a^3 + 188*a^2 + 1892*a - 5224 64*a^3 - 148*a^2 - 1352*a + 3696 36*a^3 - 112*a^2 - 924*a + 2952 -36*a^3 + 112*a^2 + 924*a - 2952 -32*a^3 + 188*a^2 - 236*a + 72 52*a^3 - 184*a^2 - 756*a + 2632 -36*a^3 + 28*a^2 + 1448*a - 3648 -16*a^3 - 36*a^2 + 1148*a - 2808 16*a^3 + 36*a^2 - 1148*a + 2808 -32*a^3 + 112*a^2 + 372*a - 1208 20*a^3 - 148*a^2 + 224*a + 144 -76*a^2 + 608*a - 1280 12*a^3 - 124*a^2 + 536*a - 912 0 20*a^3 - 148*a^2 + 224*a + 144 8*a^3 + 60*a^2 - 836*a + 1752 -32*a^3 + 36*a^2 + 980*a - 2488 32*a^3 - 112*a^2 - 372*a + 1208 -16*a^3 + 124*a^2 + 16*a - 832 60*a^3 - 40*a^2 - 2116*a + 5080 20*a^3 - 308*a^2 + 1356*a - 1832 8*a^3 + 60*a^2 - 836*a + 1752 -16*a^3 + 40*a^2 + 540*a - 1528 -12*a^3 - 36*a^2 + 596*a - 1064 124*a^3 - 264*a^2 - 2860*a + 7496 20*a^3 - 148*a^2 + 224*a + 144 -36*a^3 + 60*a^2 + 740*a - 1800 -36*a^3 + 60*a^2 + 740*a - 1800 -40*a^3 + 212*a^2 + 76*a - 984 32*a^3 - 196*a^2 + 152*a + 512 -50*a^3 + 126*a^2 + 1096*a - 3032 -6*a^3 + 42*a^2 + 44*a - 176 -36*a^3 + 78*a^2 + 748*a - 1792 -38*a^3 + 36*a^2 + 1286*a - 3012 16*a^3 - 56*a^2 - 186*a + 604 36*a^3 - 82*a^2 - 790*a + 2084 28*a^3 - 180*a^2 + 350*a - 308 50*a^2 - 178*a - 236 10*a^3 - 36*a^2 - 192*a + 712 18*a^3 + 54*a^2 - 894*a + 1596 -2*a^3 - 72*a^2 + 404*a - 352 -10*a^3 - 14*a^2 + 370*a - 476 18*a^3 + 12*a^2 - 632*a + 1248 -10*a^3 - 10*a^2 + 412*a - 768 18*a^3 - 30*a^2 - 370*a + 900 -46*a^3 + 118*a^2 + 982*a - 2796 14*a^3 + 40*a^2 - 830*a + 1644 64*a^3 - 144*a^2 - 1310*a + 3404 -18*a^3 + 152*a^2 - 458*a + 436 122*a^2 - 828*a + 1336 -64*a^2 + 212*a - 64 38*a^2 - 304*a + 640 -10*a^3 + 52*a^2 - 162*a + 212 over Number field with defining polynomial x^4-2*x^3-24*x^2+61*x+2
-144*a^3 + 2808*a^2 - 4824*a - 82800 -1980*a^3 + 41364*a^2 - 248364*a + 328500 876*a^3 - 19428*a^2 + 131652*a - 251340 -144*a^3 + 3366*a^2 - 27408*a + 79530 315*a^3 - 5688*a^2 + 21744*a + 35385 876*a^3 - 19428*a^2 + 131652*a - 251340 186*a^3 - 3672*a^2 + 20178*a - 18180 128*a^3 - 2668*a^2 + 16396*a - 25520 1488*a^3 - 29940*a^2 + 165900*a - 153720 -783*a^3 + 15609*a^2 - 85038*a + 74040 9*a^3 - 1017*a^2 + 16353*a - 72105 -246*a^3 + 5127*a^2 - 29499*a + 28710 -246*a^3 + 5712*a^2 - 41232*a + 87390 468*a^3 - 9486*a^2 + 53772*a - 57570 9*a^3 + 1044*a^2 - 19287*a + 81450 468*a^3 - 9486*a^2 + 53772*a - 57570 315*a^3 - 6858*a^2 + 45210*a - 81975 -42*a^3 + 1326*a^2 - 14025*a + 49185 -42*a^3 + 1326*a^2 - 14025*a + 49185 -273*a^3 + 4797*a^2 - 17241*a - 32715 -120*a^3 + 1584*a^2 + 3054*a - 66990 366*a^3 - 7734*a^2 + 48064*a - 73840 366*a^3 - 5970*a^2 + 16482*a + 67650 60*a^3 - 1698*a^2 + 15296*a - 44410 110*a^3 - 2294*a^2 + 16452*a - 42340 -42*a^3 + 54*a^2 + 9588*a - 60680 127*a^3 - 2202*a^2 + 7170*a + 22525 298*a^3 - 5780*a^2 + 31026*a - 29480 -212*a^3 + 4930*a^2 - 36624*a + 84770 -8*a^3 + 1036*a^2 - 17386*a + 78190 26*a^3 - 136*a^2 - 4956*a + 36450 26*a^3 - 136*a^2 - 4956*a + 36450 162*a^3 - 3450*a^2 + 21004*a - 28140 8*a^3 - 152*a^2 + 2922*a - 19490 468*a^3 - 9486*a^2 + 53772*a - 57570 400*a^3 - 8126*a^2 + 44850*a - 37340 162*a^3 - 3450*a^2 + 21004*a - 28140 -298*a^3 + 6274*a^2 - 37668*a + 49060 -264*a^3 + 5492*a^2 - 33060*a + 46440 162*a^3 - 3450*a^2 + 21004*a - 28140 -17*a^3 + 731*a^2 - 9389*a + 38155 136*a^3 - 2872*a^2 + 18728*a - 35240 -8*a^3 + 154*a^2 - 1595*a + 7445 213*a^3 - 4716*a^2 + 31680*a - 59125 -170*a^3 + 3359*a^2 - 17951*a + 13750 -374*a^3 + 7643*a^2 - 45011*a + 59450 230*a^3 - 5209*a^2 + 34131*a - 52940 128*a^3 - 2575*a^2 + 12632*a + 1535 -212*a^3 + 4150*a^2 - 20980*a + 6530 85*a^3 - 1114*a^2 + 83*a + 27370 34*a^3 - 535*a^2 + 1287*a + 7170 213*a^3 - 4131*a^2 + 19947*a - 445 43*a^3 - 722*a^2 + 1259*a + 15580 162*a^3 - 3450*a^2 + 21004*a - 28140 -229*a^3 + 4439*a^2 - 23137*a + 15335 94*a^3 - 1988*a^2 + 11935*a - 15405 -221*a^3 + 4532*a^2 - 24863*a + 17680 -178*a^3 + 3665*a^2 - 20430*a + 15975 -76*a^3 + 1718*a^2 - 10811*a + 12685 230*a^3 - 4420*a^2 + 22104*a - 9250 -144*a^3 + 3078*a^2 - 19733*a + 32915 -162*a^3 + 3155*a^2 - 15619*a + 4030 298*a^3 - 5882*a^2 + 31173*a - 21985 34*a^3 - 730*a^2 + 5198*a - 12390 -59*a^3 + 1522*a^2 - 12418*a + 30935 -42*a^3 + 1818*a^2 - 21994*a + 80810 255*a^3 - 5405*a^2 + 34562*a - 59400 85*a^3 - 1708*a^2 + 8199*a + 3240 -400*a^3 + 7729*a^2 - 39318*a + 20725 -391*a^3 + 7941*a^2 - 43551*a + 33705 -280*a^3 + 5807*a^2 - 33960*a + 38825 349*a^3 - 7055*a^2 + 38085*a - 25915 230*a^3 - 4717*a^2 + 26162*a - 21315 247*a^3 - 4811*a^2 + 24408*a - 10560 25*a^3 - 348*a^2 + 1315*a - 1240 -298*a^3 + 5884*a^2 - 29846*a + 9940 -400*a^3 + 7636*a^2 - 35554*a - 6330 -102*a^3 + 2389*a^2 - 16851*a + 32640 -315*a^3 + 6665*a^2 - 39972*a + 50370 8*a^3 - 551*a^2 + 7127*a - 24060 -298*a^3 + 5587*a^2 - 25788*a - 2125 -264*a^3 + 5687*a^2 - 36971*a + 66000 25*a^3 - 1035*a^2 + 13195*a - 52425 170*a^3 - 3654*a^2 + 23336*a - 37860 -76*a^3 + 1421*a^2 - 6753*a + 620 -110*a^3 + 2983*a^2 - 27005*a + 81480 -153*a^3 + 2968*a^2 - 15647*a + 12440 -51*a^3 + 826*a^2 - 2117*a - 10410 315*a^3 - 6858*a^2 + 45210*a - 81975 94*a^3 - 1988*a^2 + 11935*a - 15405 25*a^3 - 840*a^2 + 9284*a - 32865 -34*a^3 - 150*a^2 + 11920*a - 70400 196*a^3 - 3740*a^2 + 17643*a + 865 -17*a^3 + 341*a^2 - 1567*a - 965 -357*a^3 + 7354*a^2 - 42854*a + 50645 -221*a^3 + 4235*a^2 - 20805*a + 5615 -179*a^3 + 3546*a^2 - 17923*a + 5340 -374*a^3 + 8135*a^2 - 52980*a + 91075 9*a^3 + 450*a^2 - 11171*a + 57320 119*a^3 - 2778*a^2 + 20482*a - 45995 -110*a^3 + 2983*a^2 - 27005*a + 81480 162*a^3 - 3450*a^2 + 21004*a - 28140 162*a^3 - 3450*a^2 + 21004*a - 28140 -110*a^3 + 2593*a^2 - 19183*a + 42360 43*a^3 - 917*a^2 + 5170*a - 3980 221*a^3 - 4725*a^2 + 30101*a - 49285 9*a^3 - 135*a^2 + 562*a - 1360 60*a^3 - 1011*a^2 + 3416*a + 6775 17*a^3 - 636*a^2 + 6952*a - 23145 77*a^3 - 1207*a^2 + 1809*a + 25025 204*a^3 - 4529*a^2 + 31708*a - 67535 68*a^3 - 1707*a^2 + 13717*a - 34570 -357*a^3 + 7354*a^2 - 42854*a + 50645 68*a^3 - 1317*a^2 + 5895*a + 4550 162*a^3 - 3645*a^2 + 24915*a - 47700 -34*a^3 + 435*a^2 + 187*a - 11720 -68*a^3 + 1412*a^2 - 8332*a + 10460 162*a^3 - 3255*a^2 + 17093*a - 8580 298*a^3 - 6179*a^2 + 35231*a - 34050 9*a^3 - 237*a^2 + 709*a + 6135 -119*a^3 + 2483*a^2 - 15097*a + 21885 34*a^3 - 730*a^2 + 5198*a - 12390 -85*a^3 + 1803*a^2 - 10636*a + 11770 -204*a^3 + 4336*a^2 - 26470*a + 35930 145*a^2 - 3174*a + 17285 442*a^2 - 7232*a + 29350 -245*a^2 + 4648*a - 21835 -170*a^3 + 3164*a^2 - 14040*a - 5810 over Number field with defining polynomial x^4-26*x^3+228*x^2-731*x+500
a vector of length 128 over Number field with defining polynomial a number field of degree 43
a vector of length 128 over Number field with defining polynomial a number field of degree 72
For conductor 23, eigenvectors are:
0 0 0 0 0 1 0 0 1 0 -1 1 0 0 0 0 1 1 -1 1 1 -1 -1 over Number field with defining polynomial x+2
a vector of length 23 over Number field with defining polynomial a number field of degree 22
For conductor 37, eigenvectors are:
-a^3 - 20*a^2 - 65*a - 38 3*a^3 + 26*a^2 + 29*a - 6 -a^3 - 12*a^2 - 50*a - 12 2*a^3 + 23*a^2 + 13*a - 14 4*a^3 + 37*a^2 + 60*a + 28 -a^3 - 3*a^2 + 18*a + 22 -2*a^3 - 31*a^2 - 96*a - 72 -a^3 - 3*a^2 - 16*a - 8 -2*a^3 - 14*a^2 - 13*a - 12 -a^3 - 11*a^2 - 31*a - 34 -8*a^2 - 49*a - 56 -a^3 - 11*a^2 + 3*a - 4 -8*a^2 - 83*a - 86 3*a^3 + 26*a^2 + 29*a - 6 -a^3 - 11*a^2 - 31*a - 34 -3*a^3 - 35*a^2 - 63*a + 2 -2*a^3 - 23*a^2 - 47*a - 16 9*a^2 + 68*a + 34 2*a^3 + 23*a^2 + 47*a + 16 -3*a^3 - 34*a^2 - 78*a - 50 34*a+30 -a^3 - 12*a^2 - 16*a + 18 -a^2 + 15*a + 52 over Number field with defining polynomial x^4+14*x^3+48*x^2+29*x-10
a vector of length 23 over Number field with defining polynomial a number field of degree 19
For conductor 851, eigenvectors are:
a vector of length 125 over Number field with defining polynomial a number field of degree 46
0 0 0 0 0 0 0 0 0 0 0 0 0 0 0 0 0 6 6 0 0 0 -4 0 0 0 0 0 0 0 0 0 0 0 4 -4 0 -2 2 0 0 2 2 0 0 0 2 0 0 0 0 0 0 -2 0 0 0 0 -2 0 2 0 0 2 0 -2 0 0 0 0 0 2 0 -2 0 0 2 2 0 0 0 0 0 -2 -2 0 0 2 2 0 -2 0 2 2 -2 0 0 0 0 0 0 0 0 0 0 0 0 -1 0 0 -1 0 -1 1 0 0 0 0 1 -1 1 1 1 -1 -1 over Number field with defining polynomial x+6
a vector of length 125 over Number field with defining polynomial a number field of degree 78
For conductor 1:
traces of hecke eigenvalues of T_{p^1} are:
15 40 156 400 1464 2380 5220 7240 25260 30784 70644 81400 106080 151740 208920 230764 305320 363024 394420 499360 578760 712980 922180 
computing eigenvalues for k = 1, took 62.489283 sec
traces of hecke eigenvalues of T_{p^2} are:
30 120 780 2800 
computing eigenvalues for k = 2, took 0.409490 sec
traces of hecke eigenvalues of T_{p^1} are:
18 37 91 192 517 683 1168 1376 3451 4079 6879 7378 8552 11766 12630 15097 18219 20838 20641 25297 24750 32264 35492 
computing eigenvalues for k = 1, took 62.475280 sec
traces of hecke eigenvalues of T_{p^2} are:
-6 -12 -78 -64 
computing eigenvalues for k = 2, took 0.409071 sec
traces of hecke eigenvalues of T_{p^1} are:
2 19 14 -12 140 -97 506 248 -675 -689 -1601 1378 -113 -866 1692 2706 -584 -4661 4721 -3998 3130 4478 4166 
computing eigenvalues for k = 1, took 20.701214 sec
traces of hecke eigenvalues of T_{p^2} are:
12 39 96 176 
computing eigenvalues for k = 2, took 0.396210 sec
traces of hecke eigenvalues of T_{p^1} are:
26 55 134 240 536 839 1322 1616 3501 3775 6763 7570 8347 11218 13020 15882 18712 20047 23117 24442 28030 34382 39086 
computing eigenvalues for k = 1, took 62.340186 sec
traces of hecke eigenvalues of T_{p^2} are:
18 60 180 320 
computing eigenvalues for k = 2, took 0.405642 sec
traces of hecke eigenvalues of T_{p^1} are:
254 500 1265 2358 5627 7440 13110 16017 36806 41711 72737 80993 95805 122823 151723 158640 193577 218535 227207 268200 300646 340991 406999 
computing eigenvalues for k = 1, took 63.081782 sec
traces of hecke eigenvalues of T_{p^2} are:
117 280 882 1664 
computing eigenvalues for k = 2, took 0.461399 sec
traces of hecke eigenvalues of T_{p^1} are:
26 18 20 -32 707 -523 -217 244 2414 752 3972 -254 5838 5421 6880 -1984 3212 14490 -5513 5188 3809 1912 -10000 
computing eigenvalues for k = 1, took 21.842787 sec
traces of hecke eigenvalues of T_{p^2} are:
-59 -145 -159 -59 
computing eigenvalues for k = 2, took 0.595338 sec
For conductor 23:
traces of hecke eigenvalues of T_{p^1} are:
-2 -2 -6 -15 67 -109 22 -32 71 -21 -274 432 -216 -573 300 1310 658 -730 -96 -2112 711 74 -188 
computing eigenvalues for k = 1, took 919.357311 sec
traces of hecke eigenvalues of T_{p^2} are:
3 3 24 56 
computing eigenvalues for k = 2, took 0.722681 sec
traces of hecke eigenvalues of T_{p^1} are:
-60 -110 -182 -127 -550 -118 -281 -246 -719 -531 -1252 -1428 -1162 -212 -3736 -1322 -196 -8396 1467 -1152 2932 -318 3938 
computing eigenvalues for k = 1, took 920.092230 sec
traces of hecke eigenvalues of T_{p^2} are:
21 35 3 -247 
computing eigenvalues for k = 2, took 0.721148 sec
For conductor 37:
traces of hecke eigenvalues of T_{p^1} are:
-14 -29 -26 -12 -212 7 98 96 717 -689 -1601 346 -2369 -18 748 -1198 2632 2155 1217 426 -4838 3766 2614 
computing eigenvalues for k = 1, took 912.746220 sec
traces of hecke eigenvalues of T_{p^2} are:
8 11 68 176 
computing eigenvalues for k = 2, took 0.714798 sec
traces of hecke eigenvalues of T_{p^1} are:
-52 -79 -174 -126 -381 50 -163 -94 -803 -71 -165 -286 -323 -637 -6138 -1002 -1202 -6379 1618 740 -199 -6420 2610 
computing eigenvalues for k = 1, took 912.231782 sec
traces of hecke eigenvalues of T_{p^2} are:
18 31 67 25 
computing eigenvalues for k = 2, took 0.703864 sec
For conductor 851:
traces of hecke eigenvalues of T_{p^1} are:
272 548 1315 2526 5925 8082 13722 16867 39464 44751 78703 85747 104161 130733 162579 167848 207839 232691 246201 288876 316514 363941 433053 
computing eigenvalues for k = 1, took 337.999690 sec
traces of hecke eigenvalues of T_{p^2} are:
126 352 714 1808 
computing eigenvalues for k = 2, took 7.598609 sec
traces of hecke eigenvalues of T_{p^1} are:
-6 -14 -16 -15 -21 -83 -80 -70 419 -21 -274 174 -780 -361 64 334 1462 974 -972 -1006 -1281 -104 -576 
computing eigenvalues for k = 1, took 246.241373 sec
traces of hecke eigenvalues of T_{p^2} are:
7 23 36 56 
computing eigenvalues for k = 2, took 1.196052 sec
traces of hecke eigenvalues of T_{p^1} are:
28 25 65 -147 975 -905 -233 480 2192 178 3335 1336 4088 3444 15492 -3901 5197 7324 -8970 4987 14372 10638 -9180 
computing eigenvalues for k = 1, took 148.574037 sec
traces of hecke eigenvalues of T_{p^2} are:
-47 -121 -399 -1071 
computing eigenvalues for k = 2, took 1.347252 sec
