constructing eigenvector for poly
x-2
constructing eigenvector for poly
x-15
constructing eigenvector for poly
x+4
constructing eigenvector for poly
x-5
constructing eigenvector for poly
x^6-36*x^5+513*x^4-3648*x^3+13351*x^2-23176*x+14979
computing eigenvectors took 0.026949 sec
For conductor 1, eigenvectors are:
12 6 0 9 4 -4 0 -3 1 -4 over Number field with defining polynomial x-2
1 1 1 1 1 1 1 1 1 1 over Number field with defining polynomial x-15
-12 0 0 6 0 4 3 -2 0 -2 over Number field with defining polynomial x+4
-3 3 0 0 2 -2 0 0 -1 1 over Number field with defining polynomial x-5
-a^5 + 31*a^4 - 386*a^3 + 2374*a^2 - 6889*a + 6603 3*a^5 - 93*a^4 + 1058*a^3 - 5378*a^2 + 11783*a - 9129 -12*a^5 + 346*a^4 - 3744*a^3 + 18564*a^2 - 40856*a + 31662 -a^5 + 19*a^4 - 60*a^3 - 718*a^2 + 4681*a - 5841 4*a^4 - 96*a^3 + 800*a^2 - 2636*a + 2664 -2*a^4 + 32*a^3 - 136*a^2 + 48*a + 138 8*a^4 - 210*a^3 + 1944*a^2 - 7174*a + 7728 -8*a^4 + 186*a^3 - 1526*a^2 + 5030*a - 5034 2*a^5 - 54*a^4 + 556*a^3 - 2698*a^2 + 6066*a - 4884 2*a^4 - 38*a^3 + 242*a^2 - 586*a + 456 over Number field with defining polynomial x^6-36*x^5+513*x^4-3648*x^3+13351*x^2-23176*x+14979
For conductor 89, eigenvectors are:
For conductor 1:
traces of hecke eigenvalues of T_{p^1} are:
2 5 41 64 100 178 345 321 469 936 713 1056 1644 1963 1998 3459 2968 3362 4526 5342 4905 5606 6552 11339 
computing eigenvalues for k = 1, took 5.043985 sec
traces of hecke eigenvalues of T_{p^2} are:
-9 -20 90 112 
computing eigenvalues for k = 2, took 0.130857 sec
traces of hecke eigenvalues of T_{p^1} are:
15 40 156 400 1464 2380 5220 7240 12720 25260 30784 52060 70644 81400 106080 151740 208920 230764 305320 363024 394420 499360 578760 922180 
computing eigenvalues for k = 1, took 5.174870 sec
traces of hecke eigenvalues of T_{p^2} are:
30 120 780 2800 
computing eigenvalues for k = 2, took 0.133645 sec
traces of hecke eigenvalues of T_{p^1} are:
-4 -6 16 -17 -2 -46 66 42 49 -64 218 -6 91 -16 -307 -10 -260 196 368 1221 -282 -558 220 -312 
computing eigenvalues for k = 1, took 5.274418 sec
traces of hecke eigenvalues of T_{p^2} are:
2 -6 27 -14 
computing eigenvalues for k = 2, took 0.129951 sec
traces of hecke eigenvalues of T_{p^1} are:
5 14 32 52 76 166 276 330 460 1074 1316 1386 1992 1978 2256 3396 3334 3110 3980 4760 5064 5984 7602 8000 
computing eigenvalues for k = 1, took 5.246722 sec
traces of hecke eigenvalues of T_{p^2} are:
0 16 36 16 
computing eigenvalues for k = 2, took 0.130472 sec
traces of hecke eigenvalues of T_{p^1} are:
36 71 153 254 802 978 1773 2067 3367 4860 5485 8876 9900 10619 13816 16099 21638 22542 26176 30466 33213 35274 40422 58231 
computing eigenvalues for k = 1, took 5.205319 sec
traces of hecke eigenvalues of T_{p^2} are:
18 44 -18 -368 
computing eigenvalues for k = 2, took 0.130452 sec
For conductor 89:
