constructing eigenvector for poly
x-8
constructing eigenvector for poly
x-40
constructing eigenvector for poly
x+4
constructing eigenvector for poly
x+14
constructing eigenvector for poly
x^2+5*x-23
constructing eigenvector for poly
x^5+18*x^4+109*x^3+242*x^2+81*x-206
constructing eigenvector for poly
x^7-2*x^6-76*x^5+282*x^4+372*x^3-1152*x^2-560*x+1000
constructing eigenvector for poly
x^8+16*x^7+x^6-696*x^5-1963*x^4+2298*x^3+10000*x^2+2240*x-6488
constructing eigenvector for poly
x^18-36*x^17+404*x^16+22*x^15-31251*x^14+166614*x^13+511752*x^12-6419312*x^11+6872329*x^10+83412086*x^9-239897912*x^8-277323330*x^7+1738141332*x^6-1018134336*x^5-2859575584*x^4+2523421976*x^3+1914090688*x^2-1376104256*x-613860992
constructing eigenvector for poly
x^11-139*x^10+8604*x^9-312551*x^8+7390160*x^7-119192071*x^6+1335354403*x^5-10371247468*x^4+54624865052*x^3-185560015668*x^2+365625985152*x-316575588544
constructing eigenvector for poly
x^2-8*x+16
constructing eigenvector for poly
x^2-72*x+1296
constructing eigenvector for poly
x^2-44*x+484
constructing eigenvector for poly
x^2-276*x+19044
constructing eigenvector for poly
x^2-296*x+21904
constructing eigenvector for poly
x^2-792*x+156816
constructing eigenvector for poly
x^2-728*x+132496
constructing eigenvector for poly
x^2-32*x+256
constructing eigenvector for poly
x^2-48*x+576
constructing eigenvector for poly
x^2-96*x+2304
constructing eigenvector for poly
x^2-248*x+15376
constructing eigenvector for poly
x^2-240*x+14400
constructing eigenvector for poly
x^2-632*x+99856
constructing eigenvector for poly
x^2-816*x+166464
constructing eigenvector for poly
x^4-42*x^3+631*x^2-3990*x+9025
constructing eigenvector for poly
x^4-134*x^3+6703*x^2-148338*x+1225449
constructing eigenvector for poly
x^4-184*x^3+11598*x^2-288328*x+2455489
constructing eigenvector for poly
x^4-534*x^3+104463*x^2-8857458*x+275128569
constructing eigenvector for poly
x^4-878*x^3+285391*x^2-40682130*x+2146932225
constructing eigenvector for poly
x^4-1176*x^3+517518*x^2-101003112*x+7376576769
constructing eigenvector for poly
x^4-1000*x^3+373902*x^2-61951000*x+3837926401
constructing eigenvector for poly
x^14-156*x^13+11086*x^12-475204*x^11+13709455*x^10-281142028*x^9+4217691070*x^8-46899521680*x^7+387121828873*x^6-2349995756904*x^5+10266781677232*x^4-31059180304440*x^3+60877806550464*x^2-68356864725696*x+32886141806736
constructing eigenvector for poly
x^14-356*x^13+57650*x^12-5626452*x^11+369600315*x^10-17281839992*x^9+593012465670*x^8-15167088711096*x^7+290499374574057*x^6-4145903205847168*x^5+43395847385071804*x^4-323043004369974668*x^3+1616812958313153016*x^2-4870718685863425200*x+6665300164999444644
constructing eigenvector for poly
x^14-740*x^13+252300*x^12-52532776*x^11+7462998334*x^10-765263227508*x^9+58413144117088*x^8-3371937659922740*x^7+147932808998825273*x^6-4908912601761123288*x^5+121294633412568597048*x^4-2164274204624003045572*x^3+26364488561358881082656*x^2-196284845112770456483376*x+673917146368972511904196
constructing eigenvector for poly
x^14-1544*x^13+1094506*x^12-472368252*x^11+138724160487*x^10-29337904789808*x^9+4609227704060962*x^8-546666359377670336*x^7+49197509981977483089*x^6-3344068926232581700428*x^5+169030564053069263882476*x^4-6162016782454741827665600*x^3+153174520729788801896984944*x^2-2324256879173603179519205952*x+16244296381147042206329914944
constructing eigenvector for poly
x^14-2456*x^13+2789582*x^12-1942016628*x^11+925670414771*x^10-319548020777476*x^9+82379696427101362*x^8-16110698211617665440*x^7+2401614038030107421873*x^6-271546113444396150219724*x^5+22923019557686344173305448*x^4-1400888277655717450884765708*x^3+58586508604245535714256162064*x^2-1500776217349329208838011755104*x+17765986811473723983828509805604
constructing eigenvector for poly
x^14-3728*x^13+6436724*x^12-6821799480*x^11+4957613651550*x^10-2613225471746264*x^9+1030242022900878852*x^8-308574721565723460936*x^7+70552738441143113416521*x^6-12252925749571460026992568*x^5+1590929666825085570394876192*x^4-149738168058138577987849644128*x^3+9656185036843661786663883342784*x^2-381844521754224766225938241400064*x+6984790554983486823465910827634944
constructing eigenvector for poly
x^14-5484*x^13+13933356*x^12-21738794140*x^11+23268072514414*x^10-18073879326263724*x^9+10506712998732214908*x^8-4643433088892054651844*x^7+1567743279028493829856009*x^6-402390910907516792283576424*x^5+77287112619760345698702838176*x^4-10771436287351809780249908945312*x^3+1029691706899043150871839901542848*x^2-60431591186886799057120528699873024*x+1642718502567814757455129462950727936
constructing eigenvector for poly
x^3+6*x^2+12*x+8
constructing eigenvector for poly
x^3
constructing eigenvector for poly
x^3-21*x^2+147*x-343
constructing eigenvector for poly
x^3+198*x^2+13068*x+287496
constructing eigenvector for poly
x^3-48*x^2+768*x-4096
constructing eigenvector for poly
x^3-153*x^2+7803*x-132651
constructing eigenvector for poly
x^3-48*x^2+768*x-4096
constructing eigenvector for poly
x^6+21*x^5+96*x^4-371*x^3-1632*x^2+6069*x-4913
constructing eigenvector for poly
x^6-27*x^5+216*x^4-243*x^3-1944*x^2-2187*x-729
constructing eigenvector for poly
x^6+102*x^5+2931*x^4+2788*x^3-524649*x^2+3268182*x-5735339
constructing eigenvector for poly
x^6-237*x^5+21756*x^4-972253*x^3+21995316*x^2-242242677*x+1033364331
constructing eigenvector for poly
x^6+21*x^5+96*x^4-371*x^3-1632*x^2+6069*x-4913
constructing eigenvector for poly
x^6-180*x^5+13149*x^4-497880*x^3+10295667*x^2-110356020*x+480048687
constructing eigenvector for poly
x^6+594*x^5+144519*x^4+18417564*x^3+1296190911*x^2+47783118834*x+721492917209
constructing eigenvector for poly
x+14
constructing eigenvector for poly
x+10
constructing eigenvector for poly
x^2+7*x-17
constructing eigenvector for poly
x^3+20*x^2+120*x+208
constructing eigenvector for poly
x^8+16*x^7+x^6-696*x^5-1963*x^4+2298*x^3+10000*x^2+2240*x-6488
constructing eigenvector for poly
x^3+6*x^2+12*x+8
constructing eigenvector for poly
x^3
constructing eigenvector for poly
x^3-21*x^2+147*x-343
constructing eigenvector for poly
x^3+198*x^2+13068*x+287496
constructing eigenvector for poly
x^3-48*x^2+768*x-4096
constructing eigenvector for poly
x^3-153*x^2+7803*x-132651
constructing eigenvector for poly
x^3-48*x^2+768*x-4096
constructing eigenvector for poly
x+4
constructing eigenvector for poly
x^2+17*x+61
constructing eigenvector for poly
x^4+28*x^3+276*x^2+1120*x+1528
constructing eigenvector for poly
x^6+x^5-47*x^4+26*x^3+328*x^2+40*x-296
constructing eigenvector for poly
x+4
constructing eigenvector for poly
x^2-5*x+1
constructing eigenvector for poly
x^3+2*x^2-4*x-2
constructing eigenvector for poly
x^8-88*x^7+3265*x^6-66356*x^5+802733*x^4-5871084*x^3+25089948*x^2-56542332*x+50746580
constructing eigenvector for poly
x^6+x^5-47*x^4+26*x^3+328*x^2+40*x-296
constructing eigenvector for poly
x^21+19*x^20-127*x^19-3838*x^18+987*x^17+296607*x^16+512387*x^15-11582450*x^14-32403279*x^13+244689473*x^12+916279667*x^11-2632791316*x^10-13835864694*x^9+8862269186*x^8+109802459356*x^7+72831374976*x^6-385662479584*x^5-651888510184*x^4+203257895520*x^3+1303844901216*x^2+1150626607744*x+333731261888
constructing eigenvector for poly
x^12-131*x^11+7668*x^10-264667*x^9+5985724*x^8-93201111*x^7+1021359507*x^6-7909141660*x^5+42774741060*x^4-156791934944*x^3+367589550476*x^2-491590714944*x+281807650592
constructing eigenvector for poly
x^4-42*x^3+655*x^2-4494*x+11449
constructing eigenvector for poly
x^4-82*x^3+2359*x^2-27798*x+114921
constructing eigenvector for poly
x^4-168*x^3+10350*x^2-276696*x+2712609
constructing eigenvector for poly
x^4-474*x^3+83935*x^2-6580542*x+192737689
constructing eigenvector for poly
x^4-658*x^3+162199*x^2-17752182*x+727866441
constructing eigenvector for poly
x^4-1184*x^3+521302*x^2-101136096*x+7296405561
constructing eigenvector for poly
x^4-1336*x^3+657870*x^2-141379528*x+11198507329
computing eigenvectors took 261.229824 sec
For conductor 1, eigenvectors are:
-3 -3 -3 -9 3 -3 -7 -1 1 -5 0 0 -3 3 -1 -1 3 1 3 3 -3 3 1 -1 -3 1 -1 1 1 3 5 1 -1 3 -3 -1 1 1 -1 1 -3 1 1 -2 3 -1 1 -1 0 -2 2 1 -1 0 -1 0 1 -1 3 -3 -1 3 0 1 -1 -1 -3 1 -1 2 -1 1 1 2 -2 0 -1 0 1 2 -1 0 -2 0 2 -2 over Number field with defining polynomial x-8
-1 -1 -1 -1 -1 -1 -1 -1 -1 -1 -1 -1 -1 -1 -1 -1 -1 -1 -1 -1 -1 -1 -1 -1 -1 -1 -1 -1 -1 -1 -1 -1 -1 -1 -1 -1 -1 -1 -1 -1 -1 -1 -1 -1 -1 -1 -1 -1 -1 -1 -1 -1 -1 -1 -1 -1 -1 -1 -1 -1 -1 -1 -1 -1 -1 -1 -1 -1 -1 -1 -1 -1 -1 -1 -1 -1 -1 -1 -1 -1 -1 -1 -1 -1 -1 -1 over Number field with defining polynomial x-40
-6 -6 -6 0 0 -6 2 -4 -2 4 9 -9 6 0 0 0 4 6 4 0 -2 -8 2 -4 6 -2 4 -6 -2 4 6 -6 0 0 6 4 -2 -6 -4 2 6 2 2 -1 4 0 4 -2 -1 -1 -3 0 0 1 2 1 4 0 -6 2 0 0 -1 2 -4 -4 2 2 -2 -3 0 0 -2 1 -1 3 -2 -3 0 1 -2 3 3 -3 1 -1 over Number field with defining polynomial x+4
0 6 0 0 -6 0 -4 0 0 4 0 0 0 0 0 0 0 2 0 0 0 0 0 2 -4 -4 0 -2 -2 -2 2 0 -2 0 0 0 4 2 0 0 4 0 0 -2 0 -1 0 0 2 0 2 0 -2 -2 0 2 0 1 0 -1 1 0 -2 2 0 0 0 0 0 0 0 0 0 1 1 0 1 -1 -1 0 0 -1 1 0 -1 0 over Number field with defining polynomial x+14
9 9 -18 0 6*a+51 9 2*a+14 2*a+14 -2*a-14 -2*a-14 0 0 -3*a-21 0 -2*a-17 -2*a-17 -a-10 -a-4 -a-10 0 2*a+20 2*a+2 6 2*a+14 0 -2*a-14 -6 -a-4 -2*a-14 -a-10 4*a+25 -a-4 -2*a-17 0 0 -6 -2*a-14 -a-4 -a+2 6 0 6 6 6 -a-1 a+4 a+7 -6 a+10 6 a+4 -a-4 a+4 -a-10 2*a+14 -a-10 a+7 a+4 0 a+10 a+4 0 a+10 -3 -a-7 -a-7 a+1 -3 -6 a+4 a+4 -a-4 a+7 3 -3 0 3 0 -a-4 3 3 0 -a-4 0 -6 -3 over Number field with defining polynomial x^2+5*x-23
12*a^2 + 126*a + 252 -6*a+12 0 0 6*a-12 -12*a^2 - 126*a - 252 -4*a^2 - 4*a + 24 12*a^2 + 92*a + 136 -12*a^2 - 92*a - 136 4*a^2 + 4*a - 24 0 0 0 0 -4*a^2 - 42*a - 84 4*a^2 + 42*a + 84 2*a^2 + 4*a - 16 6*a^2 + 44*a + 72 -2*a^2 - 4*a + 16 0 0 0 0 -4*a^2 - 44*a - 80 -2*a^3 - 18*a^2 - 42*a - 12 -2*a^3 - 18*a^2 - 42*a - 12 0 -6*a^2 - 44*a - 72 4*a^2 + 44*a + 80 -6*a^2 - 44*a - 72 -2*a+4 2*a^2 + 4*a - 16 2*a-4 0 0 0 2*a^3 + 18*a^2 + 42*a + 12 6*a^2 + 44*a + 72 -2*a^2 - 4*a + 16 2*a^4 + 28*a^3 + 116*a^2 + 126*a - 52 2*a^3 + 18*a^2 + 42*a + 12 0 -2*a^4 - 28*a^3 - 116*a^2 - 126*a + 52 2*a^3 + 20*a^2 + 42*a + 4 0 -2*a^2 - 20*a - 44 -a^4 - 14*a^3 - 58*a^2 - 63*a + 26 0 a^4 + 15*a^3 + 67*a^2 + 84*a - 20 -2*a^3 - 24*a^2 - 82*a - 92 -2*a^3 - 20*a^2 - 42*a - 4 0 2*a^3 + 24*a^2 + 84*a + 88 a^4 + 13*a^3 + 49*a^2 + 42*a - 32 0 -a^4 - 13*a^3 - 49*a^2 - 42*a + 32 a^4 + 14*a^3 + 58*a^2 + 63*a - 26 2*a^2 + 20*a + 44 0 -2*a^2 - 20*a - 44 2*a^2 + 20*a + 44 0 -a^4 - 15*a^3 - 67*a^2 - 84*a + 20 -2*a^3 - 24*a^2 - 84*a - 88 a^4 + 14*a^3 + 58*a^2 + 63*a - 26 -a^4 - 14*a^3 - 58*a^2 - 63*a + 26 0 2*a^3 + 20*a^2 + 40*a + 8 0 2*a^3 + 24*a^2 + 82*a + 92 -2*a^3 - 20*a^2 - 40*a - 8 0 0 -a^3 - 9*a^2 - 19*a - 10 -a^3 - 9*a^2 - 19*a - 10 -a^3 - 13*a^2 - 43*a - 38 -2*a^2 - 22*a - 40 a^3 + 9*a^2 + 19*a + 10 2*a^2 + 22*a + 40 a^3 + 13*a^2 + 43*a + 38 0 a^3 + 9*a^2 + 19*a + 10 2*a^2 + 20*a + 44 -a^3 - 13*a^2 - 43*a - 38 -2*a^2 - 20*a - 44 a^3 + 13*a^2 + 43*a + 38 over Number field with defining polynomial x^5+18*x^4+109*x^3+242*x^2+81*x-206
12*a^6 - 36*a^5 - 648*a^4 + 2784*a^3 - 600*a^2 - 6384*a + 4080 -12*a^6 + 108*a^5 + 72*a^4 - 2208*a^3 + 2616*a^2 + 4752*a - 6480 24*a^6 - 96*a^5 - 984*a^4 + 3984*a^3 + 2400*a^2 - 9696*a - 2400 0 -24*a^5 + 240*a^4 - 1152*a^3 + 3600*a^2 + 1248*a - 9600 -48*a^5 + 336*a^4 + 576*a^3 - 5616*a^2 + 384*a + 12000 -8*a^6 + 8*a^5 + 624*a^4 - 2016*a^3 - 2608*a^2 + 6112*a + 3360 16*a^5 - 240*a^4 + 832*a^3 + 1088*a^2 - 2880*a - 1600 8*a^6 - 72*a^5 - 112*a^4 + 1600*a^3 + 528*a^2 - 4192*a - 1120 48*a^5 - 656*a^4 + 2464*a^3 - 736*a^2 - 5952*a + 5120 0 0 -12*a^6 + 48*a^5 + 492*a^4 - 1992*a^3 - 1200*a^2 + 4848*a + 1200 -48*a^5 + 336*a^4 - 144*a^3 - 816*a^2 + 480*a + 480 -4*a^6 + 12*a^5 + 216*a^4 - 928*a^3 + 200*a^2 + 2128*a - 1360 16*a^5 - 112*a^4 - 192*a^3 + 1872*a^2 - 128*a - 4000 28*a^5 - 176*a^4 - 376*a^3 + 2488*a^2 + 992*a - 6160 -32*a^5 + 304*a^4 - 304*a^3 - 2384*a^2 + 928*a + 5760 8*a^5 + 8*a^4 - 608*a^3 + 1328*a^2 + 1312*a - 3200 0 0 -8*a^6 + 32*a^5 + 328*a^4 - 1328*a^3 - 800*a^2 + 3232*a + 800 -24*a^5 + 240*a^4 - 816*a^3 + 1104*a^2 + 2304*a - 5280 4*a^6 - 12*a^5 - 192*a^4 + 592*a^3 + 760*a^2 - 1616*a - 880 -8*a^6 + 56*a^5 + 192*a^4 - 1824*a^3 + 1936*a^2 + 3872*a - 5280 8*a^6 - 56*a^5 - 176*a^4 + 1408*a^3 + 272*a^2 - 3744*a - 160 -24*a^5 + 312*a^4 - 864*a^3 - 1200*a^2 + 2976*a + 960 -28*a^5 + 416*a^4 - 1352*a^3 - 1624*a^2 + 3680*a + 2640 -4*a^6 + 12*a^5 + 384*a^4 - 2032*a^3 + 104*a^2 + 5072*a - 2000 -4*a^5 - 136*a^4 + 1288*a^3 - 1432*a^2 - 3232*a + 3600 8*a^5 - 80*a^4 + 384*a^3 - 1200*a^2 - 416*a + 3200 4*a^5 + 40*a^4 - 328*a^3 - 488*a^2 + 992*a + 1520 4*a^6 - 36*a^5 - 24*a^4 + 736*a^3 - 872*a^2 - 1584*a + 2160 -4*a^6 + 28*a^5 + 176*a^4 - 1216*a^3 - 808*a^2 + 3536*a + 1360 4*a^6 - 28*a^5 + 16*a^4 - 224*a^3 + 1672*a^2 - 80*a - 4240 24*a^5 - 216*a^4 + 336*a^3 + 672*a^2 - 1152*a - 480 -8*a^6 + 56*a^5 + 176*a^4 - 1408*a^3 - 272*a^2 + 3744*a + 160 -32*a^5 - 8*a^4 + 1520*a^3 - 1088*a^2 - 3680*a + 1440 56*a^5 - 448*a^4 + 160*a^3 + 3200*a^2 - 992*a - 5600 -24*a^5 + 224*a^4 - 240*a^3 - 1616*a^2 + 768*a + 3360 8*a^6 - 56*a^5 - 192*a^4 + 1824*a^3 - 1936*a^2 - 3872*a + 5280 24*a^5 - 240*a^4 + 816*a^3 - 1104*a^2 - 2304*a + 5280 24*a^5 - 224*a^4 + 240*a^3 + 1616*a^2 - 768*a - 3360 20*a^5 - 236*a^4 + 576*a^3 + 1000*a^2 - 1872*a - 1120 4*a^6 - 16*a^5 - 164*a^4 + 664*a^3 + 400*a^2 - 1616*a - 400 12*a^5 - 456*a^3 - 120*a^2 + 1184*a + 880 8*a^4 + 96*a^3 - 944*a^2 - 384*a + 2880 0 -72*a^4 + 320*a^3 + 1088*a^2 - 1280*a - 2720 4*a^5 - 28*a^4 + 200*a^2 + 112*a - 480 -20*a^5 + 236*a^4 - 576*a^3 - 1000*a^2 + 1872*a + 1120 12*a^5 - 156*a^4 + 432*a^3 + 600*a^2 - 1488*a - 480 8*a^6 - 44*a^5 - 292*a^4 + 1664*a^3 + 192*a^2 - 3888*a + 560 -88*a^4 + 736*a^3 - 1120*a^2 - 1408*a + 2720 0 88*a^4 - 736*a^3 + 1120*a^2 + 1408*a - 2720 -8*a^4 - 96*a^3 + 944*a^2 + 384*a - 2880 48*a^4 - 480*a^3 + 960*a^2 + 1120*a - 2560 0 -12*a^5 + 72*a^4 + 72*a^3 - 408*a^2 + 32*a - 80 -120*a^4 + 864*a^3 - 432*a^2 - 2336*a + 1760 -96*a^4 + 720*a^3 - 432*a^2 - 1728*a + 1440 72*a^4 - 320*a^3 - 1088*a^2 + 1280*a + 2720 8*a^6 - 20*a^5 - 364*a^4 + 992*a^3 + 1408*a^2 - 2576*a - 2160 24*a^5 - 56*a^4 - 720*a^3 + 704*a^2 + 1536*a - 480 -24*a^5 + 56*a^4 + 720*a^3 - 704*a^2 - 1536*a + 480 -48*a^4 + 264*a^3 + 264*a^2 - 912*a - 240 -8*a^6 + 12*a^5 + 516*a^4 - 1760*a^3 - 736*a^2 + 4208*a - 240 0 -4*a^5 + 28*a^4 - 200*a^2 - 112*a + 480 -8*a^6 + 52*a^5 + 140*a^4 - 896*a^3 - 864*a^2 + 2256*a + 1840 12*a^5 - 60*a^4 - 96*a^3 + 72*a^2 + 336*a 24*a^5 - 168*a^4 + 72*a^3 + 408*a^2 - 240*a - 240 -20*a^5 + 180*a^4 - 344*a^3 - 240*a^2 + 928*a - 240 4*a^5 - 36*a^4 - 8*a^3 + 432*a^2 - 224*a - 720 12*a^5 - 172*a^4 + 584*a^3 + 368*a^2 - 1760*a + 80 -4*a^5 + 76*a^4 - 384*a^3 + 336*a^2 + 816*a - 1200 20*a^5 - 180*a^4 + 344*a^3 + 240*a^2 - 928*a + 240 4*a^5 - 76*a^4 + 384*a^3 - 336*a^2 - 816*a + 1200 12*a^5 - 44*a^4 - 248*a^3 + 304*a^2 + 608*a - 560 -12*a^5 + 108*a^4 - 168*a^3 - 336*a^2 + 576*a + 240 -4*a^5 + 36*a^4 + 8*a^3 - 432*a^2 + 224*a + 720 -12*a^5 + 132*a^4 - 288*a^3 - 600*a^2 + 880*a + 800 -12*a^5 + 44*a^4 + 248*a^3 - 304*a^2 - 608*a + 560 12*a^5 - 132*a^4 + 288*a^3 + 600*a^2 - 880*a - 800 -12*a^5 + 172*a^4 - 584*a^3 - 368*a^2 + 1760*a - 80 over Number field with defining polynomial x^7-2*x^6-76*x^5+282*x^4+372*x^3-1152*x^2-560*x+1000
390*a^7 + 7320*a^6 + 29940*a^5 + 9930*a^4 + 58920*a^3 + 454260*a^2 + 453360*a - 77760 -60*a^7 - 1800*a^6 - 22290*a^5 - 117510*a^4 - 112710*a^3 + 420300*a^2 + 321360*a - 503760 -240*a^7 - 3900*a^6 - 10020*a^5 + 38400*a^4 - 86340*a^3 - 699600*a^2 - 528360*a + 302400 0 -60*a^7 - 1500*a^6 - 13050*a^5 - 73230*a^4 - 284190*a^3 - 319860*a^2 + 612480*a + 995520 -270*a^7 - 4020*a^6 + 5400*a^5 + 180810*a^4 + 337980*a^3 - 554700*a^2 - 1387200*a - 414000 -40*a^7 - 540*a^6 - 480*a^5 - 7440*a^4 - 139380*a^3 - 562080*a^2 - 383120*a + 474240 180*a^7 + 3740*a^6 + 20540*a^5 + 8200*a^4 - 203000*a^3 - 357280*a^2 - 47760*a + 79840 -20*a^7 + 660*a^6 + 18820*a^5 + 103040*a^4 + 105800*a^3 - 265760*a^2 + 39200*a + 771360 240*a^7 + 3220*a^6 - 7560*a^5 - 145240*a^4 - 255980*a^3 + 355360*a^2 + 671360*a - 159520 0 0 120*a^7 + 1950*a^6 + 5010*a^5 - 19200*a^4 + 43170*a^3 + 349800*a^2 + 264180*a - 151200 80*a^7 + 700*a^6 - 5960*a^5 - 29260*a^4 + 109160*a^3 + 359320*a^2 - 233360*a - 666880 -130*a^7 - 2440*a^6 - 9980*a^5 - 3310*a^4 - 19640*a^3 - 151420*a^2 - 151120*a + 25920 90*a^7 + 1340*a^6 - 1800*a^5 - 60270*a^4 - 112660*a^3 + 184900*a^2 + 462400*a + 138000 20*a^7 + 790*a^6 + 13150*a^5 + 74570*a^4 + 93820*a^3 - 236500*a^2 - 369160*a + 170320 -50*a^7 - 530*a^6 + 900*a^5 + 2150*a^4 - 67330*a^3 - 119820*a^2 + 9600*a - 50640 -530*a^6 - 12070*a^5 - 64370*a^4 - 11160*a^3 + 363540*a^2 + 486280*a + 98080 0 0 80*a^7 + 1300*a^6 + 3340*a^5 - 12800*a^4 + 28780*a^3 + 233200*a^2 + 176120*a - 100800 60*a^7 + 1040*a^6 + 2260*a^5 - 23000*a^4 - 53880*a^3 + 106160*a^2 + 59000*a - 369200 -70*a^7 - 1600*a^6 - 10030*a^5 - 380*a^4 + 171190*a^3 + 459680*a^2 + 215440*a - 277040 -40*a^7 - 1000*a^6 - 4820*a^5 + 22720*a^4 + 123740*a^3 + 31320*a^2 - 209960*a - 89760 -100*a^6 - 3080*a^5 - 14760*a^4 + 57160*a^3 + 246720*a^2 - 97040*a - 499760 -100*a^7 - 2600*a^6 - 18380*a^5 - 10420*a^4 + 184700*a^3 + 520720*a^2 + 425440*a - 30880 210*a^7 + 3750*a^6 + 7680*a^5 - 79230*a^4 - 260870*a^3 + 64580*a^2 + 520640*a + 84880 -110*a^7 - 1940*a^6 - 5630*a^5 + 21100*a^4 + 75090*a^3 - 44800*a^2 - 355280*a - 305920 30*a^7 + 270*a^6 - 1980*a^5 - 12350*a^4 - 15330*a^3 - 7220*a^2 - 126720*a - 217760 20*a^7 + 500*a^6 + 4350*a^5 + 24410*a^4 + 94730*a^3 + 106620*a^2 - 204160*a - 331840 -40*a^7 - 270*a^6 + 5510*a^5 + 45110*a^4 + 125560*a^3 - 22500*a^2 - 293240*a - 118160 20*a^7 + 600*a^6 + 7430*a^5 + 39170*a^4 + 37570*a^3 - 140100*a^2 - 107120*a + 167920 -80*a^7 - 2200*a^6 - 19680*a^5 - 55620*a^4 + 48600*a^3 + 311520*a^2 + 4280*a - 425600 -100*a^7 - 1340*a^6 + 4020*a^5 + 76340*a^4 + 197680*a^3 + 103360*a^2 - 144120*a - 157360 20*a^7 + 1220*a^6 + 19180*a^5 + 44360*a^4 - 167940*a^3 - 368400*a^2 + 165120*a + 362240 100*a^6 + 3080*a^5 + 14760*a^4 - 57160*a^3 - 246720*a^2 + 97040*a + 499760 -170*a^7 - 3210*a^6 - 12000*a^5 + 23410*a^4 + 103930*a^3 + 23460*a^2 - 18560*a + 158000 -270*a^6 - 1190*a^5 + 10710*a^4 + 31380*a^3 - 65540*a^2 - 208840*a - 124720 180*a^7 + 2140*a^6 - 5980*a^5 - 99120*a^4 - 162560*a^3 + 238720*a^2 + 507120*a + 26560 40*a^7 + 1000*a^6 + 4820*a^5 - 22720*a^4 - 123740*a^3 - 31320*a^2 + 209960*a + 89760 -60*a^7 - 1040*a^6 - 2260*a^5 + 23000*a^4 + 53880*a^3 - 106160*a^2 - 59000*a + 369200 -180*a^7 - 2140*a^6 + 5980*a^5 + 99120*a^4 + 162560*a^3 - 238720*a^2 - 507120*a - 26560 70*a^7 + 1770*a^6 + 12410*a^5 + 14150*a^4 - 79720*a^3 - 32590*a^2 + 374020*a + 318920 -40*a^7 - 650*a^6 - 1670*a^5 + 6400*a^4 - 14390*a^3 - 116600*a^2 - 88060*a + 50400 85*a^7 + 1870*a^6 + 12035*a^5 + 20480*a^4 - 46385*a^3 - 193500*a^2 - 233860*a - 128040 -120*a^7 - 2690*a^6 - 15590*a^5 - 4970*a^4 + 160190*a^3 + 303360*a^2 + 39300*a - 120200 0 -110*a^7 - 2020*a^6 - 7590*a^5 + 26710*a^4 + 181840*a^3 + 168660*a^2 - 268340*a - 321360 -70*a^7 - 2200*a^6 - 22040*a^5 - 64060*a^4 + 90200*a^3 + 424930*a^2 + 18460*a - 472400 -60*a^7 - 740*a^6 + 4930*a^5 + 55230*a^4 + 35230*a^3 - 333870*a^2 - 246200*a + 359840 50*a^7 + 1300*a^6 + 9190*a^5 + 5210*a^4 - 92350*a^3 - 260360*a^2 - 212720*a + 15440 -100*a^7 - 2290*a^6 - 13080*a^5 - 6790*a^4 + 98220*a^3 + 94250*a^2 - 153860*a - 116160 -70*a^7 - 920*a^6 + 310*a^5 + 18750*a^4 + 940*a^3 - 109380*a^2 + 38660*a + 268160 0 70*a^7 + 920*a^6 - 310*a^5 - 18750*a^4 - 940*a^3 + 109380*a^2 - 38660*a - 268160 120*a^7 + 2690*a^6 + 15590*a^5 + 4970*a^4 - 160190*a^3 - 303360*a^2 - 39300*a + 120200 5*a^7 - 1765*a^5 - 16380*a^4 - 55115*a^3 + 14860*a^2 + 209980*a + 167960 0 25*a^7 + 400*a^6 + 145*a^5 - 6430*a^4 + 17975*a^3 + 92680*a^2 + 99620*a + 87680 -115*a^7 - 2270*a^6 - 10415*a^5 + 2330*a^4 + 83525*a^3 + 85960*a^2 - 75740*a - 127600 90*a^7 + 1770*a^6 + 7830*a^5 - 10360*a^4 - 123140*a^3 - 207440*a^2 + 69920*a + 291480 110*a^7 + 2020*a^6 + 7590*a^5 - 26710*a^4 - 181840*a^3 - 168660*a^2 + 268340*a + 321360 120*a^7 + 1970*a^6 + 3690*a^5 - 42530*a^4 - 111660*a^3 + 68110*a^2 + 234000*a + 24680 -120*a^7 - 1890*a^6 - 2330*a^5 + 48690*a^4 + 139970*a^3 + 5360*a^2 - 238140*a - 93560 120*a^7 + 1890*a^6 + 2330*a^5 - 48690*a^4 - 139970*a^3 - 5360*a^2 + 238140*a + 93560 40*a^7 + 690*a^6 - 400*a^5 - 16970*a^4 - 8380*a^3 - 76160*a^2 - 295280*a - 165680 -30*a^7 - 200*a^6 + 4140*a^5 + 32170*a^4 - 11480*a^3 - 275550*a^2 - 164080*a + 266800 0 60*a^7 + 1170*a^6 + 4700*a^5 - 5320*a^4 - 45710*a^3 - 58470*a^2 - 146280*a - 206360 10*a^7 + 520*a^6 + 5250*a^5 + 17150*a^4 + 24920*a^3 + 113190*a^2 + 83940*a - 175320 -50*a^7 - 960*a^6 - 6610*a^5 - 7550*a^4 + 29390*a^3 + 4540*a^2 + 34120*a + 152320 -40*a^7 - 350*a^6 + 2980*a^5 + 14630*a^4 - 54580*a^3 - 179660*a^2 + 116680*a + 333440 225*a^6 + 3785*a^5 + 22990*a^4 + 48185*a^3 + 7285*a^2 - 3700*a + 89440 -25*a^6 + 1790*a^5 + 26345*a^4 + 63960*a^3 - 97265*a^2 - 279380*a - 83840 -60*a^6 - 1075*a^5 - 11540*a^4 - 72630*a^3 - 116235*a^2 + 98650*a + 262280 45*a^7 + 885*a^6 + 3915*a^5 - 5180*a^4 - 61570*a^3 - 103720*a^2 + 34960*a + 145740 -260*a^6 - 2450*a^5 + 10815*a^4 + 89025*a^3 + 80545*a^2 - 141130*a - 121100 -45*a^7 - 885*a^6 - 3915*a^5 + 5180*a^4 + 61570*a^3 + 103720*a^2 - 34960*a - 145740 -275*a^6 - 5005*a^5 - 30220*a^4 - 59005*a^3 - 21685*a^2 + 50600*a + 36340 -170*a^6 - 1290*a^5 + 1170*a^4 + 31480*a^3 + 127910*a^2 + 89300*a - 83880 110*a^6 + 2295*a^5 + 18770*a^4 + 83450*a^3 + 130635*a^2 - 145550*a - 388060 215*a^6 + 4815*a^5 + 24955*a^4 - 5240*a^3 - 196170*a^2 - 196240*a + 76740 310*a^6 + 3670*a^5 - 3585*a^4 - 78205*a^3 - 66145*a^2 + 94230*a - 4680 -215*a^6 - 4815*a^5 - 24955*a^4 + 5240*a^3 + 196170*a^2 + 196240*a - 76740 -25*a^6 - 3010*a^5 - 33575*a^4 - 74780*a^3 + 82865*a^2 + 326280*a + 209620 over Number field with defining polynomial x^8+16*x^7+x^6-696*x^5-1963*x^4+2298*x^3+10000*x^2+2240*x-6488
a vector of length 86 over Number field with defining polynomial a number field of degree 18
a vector of length 86 over Number field with defining polynomial a number field of degree 11
-6 -18 -12 48 12 12 -20 16 -12 16 0 0 6 0 2 -4 2 12 4 -24 0 20 -4 2 8 -12 -12 22 -2 -2 -4 -14 6 -2 2 -4 8 0 8 12 -12 0 24 -10 14 6 8 -2 16 -2 6 6 8 16 -2 0 -4 16 -2 -2 -4 0 0 8 -2 6 -4 -4 18 -10 -4 -10 0 -4 -12 -8 2 0 2 -8 -10 4 -2 -4 -6 0 over Number field with defining polynomial x-364
-65 -65 77 533 -137 223 73 321 169 145 -330 -330 -19 16 7 -89 163 -5 387 0 13 165 -120 1 -80 -152 80 155 41 -61 31 251 7 -47 89 -32 -200 -5 83 24 -96 -232 -24 -2 197 51 -16 -176 -122 -2 -34 -40 -86 -154 -176 -154 -160 147 -88 203 83 177 -186 -110 -72 -104 -24 -62 0 126 -6 8 -8 -48 80 88 -86 -24 -46 128 16 8 46 120 -2 0 over Number field with defining polynomial x-408
-42*a+10140 -12*a+1830 -54*a+12906 24*a-5640 -18*a+3672 -18*a+3672 22*a-4918 26*a-5546 -10*a+2506 18*a-4290 0 0 -27*a+5967 -28*a+6592 -16*a+3058 -24*a+5214 -21*a+5223 5*a-1259 a-331 24*a-6072 -36*a+8280 -10*a+2098 -20*a+4544 6*a-1206 -4*a+1204 -26*a+5786 -16*a+3808 -5*a+611 26*a-5546 -13*a+2767 -24*a+5214 3*a-645 -26*a+5828 22*a-4918 10*a-1834 -12*a+2880 -30*a+7014 -15*a+3681 -11*a+2753 -8*a+2156 8*a-1280 -36*a+8256 8*a-2156 10*a-2764 -19*a+4411 -7*a+1525 9*a-2103 -28*a+6400 2*a-476 -10*a+2776 -a-287 -31*a+7513 28*a-6868 6*a-1104 -28*a+6400 -4*a+1066 17*a-4259 -9*a+2139 2*a-38 -11*a+2453 -a+283 14*a-3062 438 31*a-7339 11*a-2717 15*a-3645 -13*a+3037 15*a-3027 0 -a+313 8*a-1928 -7*a+1645 -25*a+6121 16*a-3688 10*a-2446 14*a-3224 23*a-5183 18*a-4152 18*a-4398 -6*a+1266 -8*a+1802 4*a-754 -a+13 174 6 24 over Number field with defining polynomial x^2-500*x+61951
-12*a^6 + 28596*a^5 - 28259436*a^4 + 14826258492*a^3 - 4355906021112*a^2 + 679527795970464*a - 43976176887249888 -12*a^6 + 28596*a^5 - 28259436*a^4 + 14826258492*a^3 - 4355906021112*a^2 + 679527795970464*a - 43976176887249888 -1140*a^5 + 2194188*a^4 - 1687713492*a^3 + 648463311876*a^2 - 124460312568456*a + 9546043652076288 -1140*a^5 + 2194188*a^4 - 1687713492*a^3 + 648463311876*a^2 - 124460312568456*a + 9546043652076288 -12*a^6 + 28596*a^5 - 28259436*a^4 + 14826258492*a^3 - 4355906021112*a^2 + 679527795970464*a - 43976176887249888 -12*a^6 + 28596*a^5 - 28259436*a^4 + 14826258492*a^3 - 4355906021112*a^2 + 679527795970464*a - 43976176887249888 200*a^5 - 403416*a^4 + 326128264*a^3 - 132073592040*a^2 + 26791644082448*a - 2177643791362592 200*a^5 - 403416*a^4 + 326128264*a^3 - 132073592040*a^2 + 26791644082448*a - 2177643791362592 200*a^5 - 403416*a^4 + 326128264*a^3 - 132073592040*a^2 + 26791644082448*a - 2177643791362592 200*a^5 - 403416*a^4 + 326128264*a^3 - 132073592040*a^2 + 26791644082448*a - 2177643791362592 24*a^6 - 56592*a^5 + 55308624*a^4 - 28674132192*a^3 + 8315591266104*a^2 - 1278680659693584*a + 81419422400412000 24*a^6 - 56592*a^5 + 55308624*a^4 - 28674132192*a^3 + 8315591266104*a^2 - 1278680659693584*a + 81419422400412000 -1140*a^5 + 2194188*a^4 - 1687713492*a^3 + 648463311876*a^2 - 124460312568456*a + 9546043652076288 -356*a^5 + 718716*a^4 - 579144324*a^3 + 232862975620*a^2 - 46724225076776*a + 3743160642884688 -12*a^6 + 28596*a^5 - 28259436*a^4 + 14826258492*a^3 - 4355906021112*a^2 + 679527795970464*a - 43976176887249888 -12*a^6 + 28596*a^5 - 28259436*a^4 + 14826258492*a^3 - 4355906021112*a^2 + 679527795970464*a - 43976176887249888 4*a^6 - 9028*a^5 + 8432380*a^4 - 4169646588*a^3 + 1150377692336*a^2 - 167736798915056*a + 10085463513290048 4*a^6 - 9028*a^5 + 8432380*a^4 - 4169646588*a^3 + 1150377692336*a^2 - 167736798915056*a + 10085463513290048 4*a^6 - 9028*a^5 + 8432380*a^4 - 4169646588*a^3 + 1150377692336*a^2 - 167736798915056*a + 10085463513290048 -356*a^5 + 718716*a^4 - 579144324*a^3 + 232862975620*a^2 - 46724225076776*a + 3743160642884688 -1140*a^5 + 2194188*a^4 - 1687713492*a^3 + 648463311876*a^2 - 124460312568456*a + 9546043652076288 -1140*a^5 + 2194188*a^4 - 1687713492*a^3 + 648463311876*a^2 - 124460312568456*a + 9546043652076288 28*a^6 - 66048*a^5 + 64570800*a^4 - 33487185064*a^3 + 9715362952132*a^2 - 1494741628013432*a + 95249463865077136 200*a^5 - 403416*a^4 + 326128264*a^3 - 132073592040*a^2 + 26791644082448*a - 2177643791362592 -8*a^6 + 19344*a^5 - 19440968*a^4 + 10396451784*a^3 - 3120555118624*a^2 + 498522912792264*a - 33119041254411568 -20*a^6 + 47392*a^5 - 46512936*a^4 + 24202217648*a^3 - 7041134036692*a^2 + 1085777291863664*a - 69314318227015088 -356*a^5 + 718716*a^4 - 579144324*a^3 + 232862975620*a^2 - 46724225076776*a + 3743160642884688 4*a^6 - 9028*a^5 + 8432380*a^4 - 4169646588*a^3 + 1150377692336*a^2 - 167736798915056*a + 10085463513290048 200*a^5 - 403416*a^4 + 326128264*a^3 - 132073592040*a^2 + 26791644082448*a - 2177643791362592 4*a^6 - 9028*a^5 + 8432380*a^4 - 4169646588*a^3 + 1150377692336*a^2 - 167736798915056*a + 10085463513290048 -12*a^6 + 28596*a^5 - 28259436*a^4 + 14826258492*a^3 - 4355906021112*a^2 + 679527795970464*a - 43976176887249888 4*a^6 - 9028*a^5 + 8432380*a^4 - 4169646588*a^3 + 1150377692336*a^2 - 167736798915056*a + 10085463513290048 -12*a^6 + 28596*a^5 - 28259436*a^4 + 14826258492*a^3 - 4355906021112*a^2 + 679527795970464*a - 43976176887249888 200*a^5 - 403416*a^4 + 326128264*a^3 - 132073592040*a^2 + 26791644082448*a - 2177643791362592 200*a^5 - 403416*a^4 + 326128264*a^3 - 132073592040*a^2 + 26791644082448*a - 2177643791362592 -356*a^5 + 718716*a^4 - 579144324*a^3 + 232862975620*a^2 - 46724225076776*a + 3743160642884688 -20*a^6 + 47392*a^5 - 46512936*a^4 + 24202217648*a^3 - 7041134036692*a^2 + 1085777291863664*a - 69314318227015088 4*a^6 - 9028*a^5 + 8432380*a^4 - 4169646588*a^3 + 1150377692336*a^2 - 167736798915056*a + 10085463513290048 4*a^6 - 9028*a^5 + 8432380*a^4 - 4169646588*a^3 + 1150377692336*a^2 - 167736798915056*a + 10085463513290048 488*a^5 - 896392*a^4 + 658601224*a^3 - 242036038376*a^2 + 44512277096688*a - 3279108301762032 -8*a^6 + 19344*a^5 - 19440968*a^4 + 10396451784*a^3 - 3120555118624*a^2 + 498522912792264*a - 33119041254411568 28*a^6 - 66048*a^5 + 64570800*a^4 - 33487185064*a^3 + 9715362952132*a^2 - 1494741628013432*a + 95249463865077136 488*a^5 - 896392*a^4 + 658601224*a^3 - 242036038376*a^2 + 44512277096688*a - 3279108301762032 276*a^5 - 609692*a^4 + 531646836*a^3 - 229298885844*a^2 + 49002084372168*a - 4156534476223264 -1140*a^5 + 2194188*a^4 - 1687713492*a^3 + 648463311876*a^2 - 124460312568456*a + 9546043652076288 4*a^6 - 9028*a^5 + 8432380*a^4 - 4169646588*a^3 + 1150377692336*a^2 - 167736798915056*a + 10085463513290048 156*a^5 - 252020*a^4 + 154560492*a^3 - 43365776492*a^2 + 5052836877896*a - 120212512951984 28*a^6 - 66048*a^5 + 64570800*a^4 - 33487185064*a^3 + 9715362952132*a^2 - 1494741628013432*a + 95249463865077136 -4*a^6 + 9456*a^5 - 9272432*a^4 + 4825826312*a^3 - 1405331625740*a^2 + 217003316793320*a - 13872329402821856 276*a^5 - 609692*a^4 + 531646836*a^3 - 229298885844*a^2 + 49002084372168*a - 4156534476223264 276*a^5 - 609692*a^4 + 531646836*a^3 - 229298885844*a^2 + 49002084372168*a - 4156534476223264 -356*a^5 + 718716*a^4 - 579144324*a^3 + 232862975620*a^2 - 46724225076776*a + 3743160642884688 -384*a^5 + 723048*a^4 - 543203784*a^3 + 203473322664*a^2 - 37989068629272*a + 2827070070713808 -4*a^6 + 9456*a^5 - 9272432*a^4 + 4825826312*a^3 - 1405331625740*a^2 + 217003316793320*a - 13872329402821856 -20*a^6 + 47392*a^5 - 46512936*a^4 + 24202217648*a^3 - 7041134036692*a^2 + 1085777291863664*a - 69314318227015088 -4*a^6 + 9456*a^5 - 9272432*a^4 + 4825826312*a^3 - 1405331625740*a^2 + 217003316793320*a - 13872329402821856 156*a^5 - 252020*a^4 + 154560492*a^3 - 43365776492*a^2 + 5052836877896*a - 120212512951984 4*a^6 - 9028*a^5 + 8432380*a^4 - 4169646588*a^3 + 1150377692336*a^2 - 167736798915056*a + 10085463513290048 -8*a^6 + 19344*a^5 - 19440968*a^4 + 10396451784*a^3 - 3120555118624*a^2 + 498522912792264*a - 33119041254411568 4*a^6 - 9028*a^5 + 8432380*a^4 - 4169646588*a^3 + 1150377692336*a^2 - 167736798915056*a + 10085463513290048 4*a^6 - 9028*a^5 + 8432380*a^4 - 4169646588*a^3 + 1150377692336*a^2 - 167736798915056*a + 10085463513290048 200*a^5 - 403416*a^4 + 326128264*a^3 - 132073592040*a^2 + 26791644082448*a - 2177643791362592 -4*a^6 + 9456*a^5 - 9272432*a^4 + 4825826312*a^3 - 1405331625740*a^2 + 217003316793320*a - 13872329402821856 -384*a^5 + 723048*a^4 - 543203784*a^3 + 203473322664*a^2 - 37989068629272*a + 2827070070713808 156*a^5 - 252020*a^4 + 154560492*a^3 - 43365776492*a^2 + 5052836877896*a - 120212512951984 156*a^5 - 252020*a^4 + 154560492*a^3 - 43365776492*a^2 + 5052836877896*a - 120212512951984 -356*a^5 + 718716*a^4 - 579144324*a^3 + 232862975620*a^2 - 46724225076776*a + 3743160642884688 -384*a^5 + 723048*a^4 - 543203784*a^3 + 203473322664*a^2 - 37989068629272*a + 2827070070713808 488*a^5 - 896392*a^4 + 658601224*a^3 - 242036038376*a^2 + 44512277096688*a - 3279108301762032 276*a^5 - 609692*a^4 + 531646836*a^3 - 229298885844*a^2 + 49002084372168*a - 4156534476223264 -384*a^5 + 723048*a^4 - 543203784*a^3 + 203473322664*a^2 - 37989068629272*a + 2827070070713808 -356*a^5 + 718716*a^4 - 579144324*a^3 + 232862975620*a^2 - 46724225076776*a + 3743160642884688 -356*a^5 + 718716*a^4 - 579144324*a^3 + 232862975620*a^2 - 46724225076776*a + 3743160642884688 -72*a^5 + 174360*a^4 - 162717528*a^3 + 73954625160*a^2 - 16479688444448*a + 1446721647060512 -72*a^5 + 174360*a^4 - 162717528*a^3 + 73954625160*a^2 - 16479688444448*a + 1446721647060512 -72*a^5 + 174360*a^4 - 162717528*a^3 + 73954625160*a^2 - 16479688444448*a + 1446721647060512 -384*a^5 + 723048*a^4 - 543203784*a^3 + 203473322664*a^2 - 37989068629272*a + 2827070070713808 -72*a^5 + 174360*a^4 - 162717528*a^3 + 73954625160*a^2 - 16479688444448*a + 1446721647060512 -384*a^5 + 723048*a^4 - 543203784*a^3 + 203473322664*a^2 - 37989068629272*a + 2827070070713808 -72*a^5 + 174360*a^4 - 162717528*a^3 + 73954625160*a^2 - 16479688444448*a + 1446721647060512 -356*a^5 + 718716*a^4 - 579144324*a^3 + 232862975620*a^2 - 46724225076776*a + 3743160642884688 -72*a^5 + 174360*a^4 - 162717528*a^3 + 73954625160*a^2 - 16479688444448*a + 1446721647060512 276*a^5 - 609692*a^4 + 531646836*a^3 - 229298885844*a^2 + 49002084372168*a - 4156534476223264 -72*a^5 + 174360*a^4 - 162717528*a^3 + 73954625160*a^2 - 16479688444448*a + 1446721647060512 276*a^5 - 609692*a^4 + 531646836*a^3 - 229298885844*a^2 + 49002084372168*a - 4156534476223264 -72*a^5 + 174360*a^4 - 162717528*a^3 + 73954625160*a^2 - 16479688444448*a + 1446721647060512 over Number field with defining polynomial x^7-2742*x^6+3207396*x^5-2074717238*x^4+801467040203*x^3-184877268602988*x^2+23575041150598648*x-1281685804933414544
-36 -36 36 0 0 -36 24 -24 0 12 54 54 -18 0 -24 -24 0 0 24 0 0 -12 -36 0 0 24 0 6 -6 12 -36 24 -24 12 -18 24 48 0 6 0 -36 0 0 0 6 6 -6 -18 0 0 -12 0 -6 -6 36 -12 -12 0 -18 15 15 3 -18 18 -18 0 -12 -6 0 30 12 -12 0 12 3 -18 6 -6 3 -9 6 6 9 -6 0 0 over Number field with defining polynomial x-16
3*a+273 -12*a-1236 -12*a-996 0 6*a+546 15*a+1701 2*a+246 -10*a-1358 -96 -4*a-524 12*a+1284 12*a+1284 6*a+498 -8*a-952 3*a+337 -a-139 a+267 6*a+818 112 0 0 4*a+332 -10*a-1006 -64 256 2*a+310 2*a+22 a+171 -2*a-310 -7*a-1005 2*a+246 -5*a-375 8*a+840 a+107 -3*a-481 2*a+310 -10*a-1166 6*a+818 -2*a-422 -2*a-22 128 2*a+150 2*a+22 -3*a-273 -2*a-166 -3*a-369 -8*a-824 -4*a-428 4*a+364 3*a+209 -5*a-503 -a-11 -2*a-230 -2*a-438 -4*a-428 6*a+674 4*a+396 6*a+786 192 -2*a-102 -a-123 -3*a-433 -128 a+107 -4*a-492 64 -2*a-166 -3*a-289 0 5*a+375 176 3*a+321 4*a+476 -a-123 2*a+166 2*a+246 -a-91 2*a+358 -a-27 3*a+257 -a-155 48 -64 -64 -32 -32 over Number field with defining polynomial x^2+198*x+8969
For conductor 2, eigenvectors are:
1 -1 -1 1 -2 -1 1 0 -1 1 -1 0 0 -1 -1 0 -1 0 over Number field with defining polynomial x+14
-1 1 1 -1 2 0 0 -1 -1 0 -1 1 0 0 -1 -1 -1 1 over Number field with defining polynomial x+10
-2*a+8 -a+4 2*a+1 a+5 a-4 -a+4 a+5 0 -a+4 a-4 2*a+1 0 0 -a+4 2*a+1 0 -a-5 9 over Number field with defining polynomial x^2+7*x-17
a^2 + 12*a + 32 -a^2 - 12*a - 32 a^2 + 12*a + 32 -a^2 - 12*a - 32 0 -4 -4 -2*a-12 0 2*a+12 0 -4 0 2*a+12 0 2*a+12 0 4 over Number field with defining polynomial x^3+20*x^2+120*x+208
-2*a^7 - 16*a^6 + 62*a^5 + 660*a^4 + 194*a^3 - 3296*a^2 - 2312*a + 2160 -2*a^7 - 20*a^6 + 86*a^5 + 1044*a^4 + 326*a^3 - 6832*a^2 - 9800*a - 2448 2*a^7 + 28*a^6 - 2*a^5 - 832*a^4 - 1946*a^3 - 728*a^2 - 328*a - 1408 2*a^7 + 32*a^6 - 26*a^5 - 1216*a^4 - 2078*a^3 + 2808*a^2 + 7160*a + 3200 12*a^6 + 40*a^5 - 488*a^4 - 2100*a^3 - 272*a^2 + 6992*a + 6256 -2*a^6 + 14*a^5 + 56*a^4 - 646*a^3 - 1822*a^2 - 928*a + 256 -2*a^6 + 170*a^4 + 604*a^3 + 162*a^2 - 1744*a - 2112 4*a^6 + 10*a^5 - 116*a^4 - 224*a^3 + 1442*a^2 + 2836*a + 416 2*a^7 + 26*a^6 - 74*a^5 - 1180*a^4 - 1032*a^3 + 3092*a^2 + 1296*a - 3432 -40*a^5 - 114*a^4 + 930*a^3 + 1618*a^2 - 4100*a - 6664 -2*a^7 - 22*a^6 + 50*a^5 + 896*a^4 + 1744*a^3 - 1180*a^2 - 4936*a - 2808 -2*a^6 - 46*a^5 - 4*a^4 + 1630*a^3 + 3726*a^2 + 1176*a - 1080 4*a^6 + 4*a^5 - 76*a^4 + 716*a^3 + 1764*a^2 - 1272*a - 2736 -22*a^5 - 64*a^4 + 760*a^3 + 3346*a^2 + 3084*a - 408 -6*a^6 - 38*a^5 + 94*a^4 + 376*a^3 + 32*a^2 + 448*a + 1464 4*a^6 + 72*a^5 + 62*a^4 - 1914*a^3 - 3522*a^2 + 3852*a + 7488 -6*a^6 - 34*a^5 + 358*a^4 + 2300*a^3 + 2120*a^2 - 4312*a - 5496 -6*a^6 - 32*a^5 + 222*a^4 + 1588*a^3 + 2066*a^2 - 1496*a - 2936 over Number field with defining polynomial x^8+16*x^7+x^6-696*x^5-1963*x^4+2298*x^3+10000*x^2+2240*x-6488
0 0 1 1 -1 0 -1 0 0 0 1 1 -2 0 -1 0 0 0 over Number field with defining polynomial x-16
For conductor 73, eigenvectors are:
-1 1 -1 0 1 0 -1 -2 1 0 1 0 1 over Number field with defining polynomial x+4
-a-7 0 -3 -a-10 a+10 -a-10 a+13 0 3 3 -a-10 3 0 over Number field with defining polynomial x^2+17*x+61
-a^3 - 19*a^2 - 122*a - 272 -2*a^3 - 39*a^2 - 222*a - 320 -a^3 - 25*a^2 - 176*a - 332 2*a^3 + 40*a^2 + 260*a + 540 2*a^3 + 35*a^2 + 184*a + 256 2*a^3 + 40*a^2 + 260*a + 540 a^3 + 21*a^2 + 138*a + 268 0 -a^3 - 23*a^2 - 160*a - 336 -2*a^2 - 16*a + 4 -5*a^2 - 76*a - 284 -2*a^2 - 16*a + 4 9*a^2 + 114*a + 348 over Number field with defining polynomial x^4+28*x^3+276*x^2+1120*x+1528
-2*a^4 + 6*a^2 + 76*a + 72 2*a^4 - 10*a^3 - 18*a^2 + 92*a + 152 -4*a^4 + 6*a^3 + 54*a^2 - 16*a - 168 2*a^5 - 8*a^4 - 24*a^3 + 68*a^2 + 112*a - 24 -4*a^4 + 8*a^3 + 18*a^2 + 32*a + 80 -2*a^5 + 8*a^4 + 24*a^3 - 68*a^2 - 112*a + 24 2*a^4 - 12*a^3 + 18*a^2 + 44*a - 96 -4*a^4 + 16*a^3 + 24*a^2 - 88*a + 16 -4*a^4 + 18*a^3 + 30*a^2 - 136*a - 144 2*a^4 - 24*a^3 + 24*a^2 + 128*a + 24 -4*a^3 + 30*a^2 - 88 -2*a^4 + 24*a^3 - 24*a^2 - 128*a - 24 -6*a^4 + 14*a^3 + 66*a^2 - 60*a - 160 over Number field with defining polynomial x^6+x^5-47*x^4+26*x^3+328*x^2+40*x-296
For conductor 146, eigenvectors are:
0 0 0 0 0 0 0 0 0 0 0 0 0 8 0 0 0 0 0 -2 0 -4 0 0 2 2 0 -2 0 0 0 -4 0 0 2 4 -4 -4 -2 0 -2 2 4 0 1 1 1 -2 -1 2 1 2 1 2 -1 -2 -1 over Number field with defining polynomial x+4
-6*a+30 0 0 0 3*a-15 -2*a+14 0 0 -2*a+10 6 -6*a+24 -6 -2*a+8 2 6 0 -6*a+24 6 0 4*a-15 -a+5 -1 6 -a+5 2*a-9 5*a-21 -a+4 4*a-20 -a+5 6 -a+5 -1 -6*a+24 a-5 3*a-15 1 -1 a-5 3*a-15 0 a-3 2*a-10 a-6 a-7 -5 1 -2 a-5 -4 0 1 -1 -2 -a+3 2 -2*a+9 -1 over Number field with defining polynomial x^2-5*x+1
-6*a^2 + 6 0 0 0 3*a^2 - 3 6*a 0 0 -2*a^2 + 2 0 0 0 6 2*a-2 0 0 0 0 0 -2*a-1 -a^2 + 1 2*a-2 0 2*a^2 - 2 2*a+1 2*a+1 3 -a^2 + 1*a + 3 2*a^2 - 2 0 2*a^2 - 2 2*a-2 0 -2*a^2 + 2 -a^2 - 1*a - 1 -2*a+2 2*a-2 -a-2 a^2 + 1*a + 1 0 -2*a-1 a^2 - 1*a - 3 -2*a-1 -3*a a-1 a-1 a-1 -a^2 + 1*a + 3 -a+1 -a^2 - 1*a - 1 a-1 -a+1 a-1 2*a+1 -a+1 -2*a-1 -a+1 over Number field with defining polynomial x^3+2*x^2-4*x-2
6*a^7 - 468*a^6 + 15108*a^5 - 260358*a^4 + 2569560*a^3 - 14377080*a^2 + 41459136*a - 45596712 -18*a^7 + 1404*a^6 - 45252*a^5 + 777330*a^4 - 7639416*a^3 + 42629112*a^2 - 123810048*a + 142338456 0 0 6*a^7 - 468*a^6 + 15072*a^5 - 258486*a^4 + 2534928*a^3 - 14126016*a^2 + 41175456*a - 48370872 6*a^6 - 402*a^5 + 10590*a^4 - 138168*a^3 + 921948*a^2 - 2922864*a + 3562944 -18*a^6 + 1230*a^5 - 33402*a^4 + 457800*a^3 - 3307620*a^2 + 11780304*a - 15857184 -6*a^7 + 468*a^6 - 15084*a^5 + 259110*a^4 - 2546472*a^3 + 14209704*a^2 - 41270016*a + 47446152 2*a^7 - 156*a^6 + 5036*a^5 - 86786*a^4 + 856520*a^3 - 4792360*a^2 + 13819712*a - 15198904 -12*a^6 + 792*a^5 - 20868*a^4 + 279576*a^3 - 1995420*a^2 + 7101600*a - 9553032 24*a^5 - 1308*a^4 + 27780*a^3 - 289812*a^2 + 1498776*a - 3109800 48*a^5 - 2676*a^4 + 55908*a^3 - 538308*a^2 + 2344464*a - 3618408 -30*a^6 + 2082*a^5 - 57870*a^4 + 819240*a^3 - 6176604*a^2 + 23226288*a - 33414720 10*a^6 - 670*a^5 + 18170*a^4 - 256728*a^3 + 2016292*a^2 - 8493840*a + 15326944 -48*a^5 + 2676*a^4 - 55908*a^3 + 538308*a^2 - 2344464*a + 3618408 -132*a^5 + 7848*a^4 - 178392*a^3 + 1921548*a^2 - 9698616*a + 17975112 24*a^5 - 1308*a^4 + 27780*a^3 - 289812*a^2 + 1498776*a - 3109800 -12*a^6 + 792*a^5 - 20868*a^4 + 279576*a^3 - 1995420*a^2 + 7101600*a - 9553032 -132*a^5 + 7848*a^4 - 178392*a^3 + 1921548*a^2 - 9698616*a + 17975112 -10*a^6 + 718*a^5 - 20630*a^4 + 302544*a^3 - 2379880*a^2 + 9476088*a - 14832856 -2*a^7 + 156*a^6 - 5024*a^5 + 86162*a^4 - 844976*a^3 + 4708672*a^2 - 13725152*a + 16123624 -2*a^6 + 146*a^5 - 4222*a^4 + 60720*a^3 - 443660*a^2 + 1468752*a - 1448384 -12*a^6 + 792*a^5 - 20868*a^4 + 279576*a^3 - 1995420*a^2 + 7101600*a - 9553032 -2*a^7 + 156*a^6 - 5024*a^5 + 86162*a^4 - 844976*a^3 + 4708672*a^2 - 13725152*a + 16123624 -14*a^6 + 938*a^5 - 25402*a^4 + 355440*a^3 - 2707400*a^2 + 10638216*a - 16868360 -2*a^6 + 158*a^5 - 5002*a^4 + 82008*a^3 - 743384*a^2 + 3578616*a - 7237352 -6*a^6 + 426*a^5 - 12234*a^4 + 180720*a^3 - 1434492*a^2 + 5722992*a - 8778768 -2*a^7 + 158*a^6 - 5158*a^5 + 89856*a^4 - 899204*a^3 + 5162244*a^2 - 15804992*a + 20251176 -2*a^7 + 156*a^6 - 5024*a^5 + 86162*a^4 - 844976*a^3 + 4708672*a^2 - 13725152*a + 16123624 -48*a^5 + 2676*a^4 - 55908*a^3 + 538308*a^2 - 2344464*a + 3618408 -2*a^7 + 156*a^6 - 5024*a^5 + 86162*a^4 - 844976*a^3 + 4708672*a^2 - 13725152*a + 16123624 -2*a^6 + 146*a^5 - 4222*a^4 + 60720*a^3 - 443660*a^2 + 1468752*a - 1448384 24*a^5 - 1308*a^4 + 27780*a^3 - 289812*a^2 + 1498776*a - 3109800 2*a^7 - 156*a^6 + 5024*a^5 - 86162*a^4 + 844976*a^3 - 4708672*a^2 + 13725152*a - 16123624 -2*a^7 + 154*a^6 - 4878*a^5 + 81844*a^4 - 779204*a^3 + 4171412*a^2 - 11550752*a + 12920792 2*a^6 - 146*a^5 + 4222*a^4 - 60720*a^3 + 443660*a^2 - 1468752*a + 1448384 -2*a^6 + 146*a^5 - 4222*a^4 + 60720*a^3 - 443660*a^2 + 1468752*a - 1448384 10*a^6 - 706*a^5 + 19850*a^4 - 281256*a^3 + 2080156*a^2 - 7366224*a + 9043888 2*a^7 - 154*a^6 + 4902*a^5 - 83092*a^4 + 802292*a^3 - 4338788*a^2 + 11739872*a - 11071352 -132*a^5 + 7848*a^4 - 178392*a^3 + 1921548*a^2 - 9698616*a + 17975112 -22*a^6 + 1498*a^5 - 41030*a^4 + 575976*a^3 - 4343896*a^2 + 16535688*a - 24463864 2*a^7 - 158*a^6 + 5182*a^5 - 91104*a^4 + 922292*a^3 - 5329620*a^2 + 15994112*a - 18401736 2*a^6 - 134*a^5 + 3790*a^4 - 59280*a^3 + 547172*a^2 - 2785488*a + 5882000 6*a^6 - 414*a^5 + 11406*a^4 - 159816*a^3 + 1192836*a^2 - 4428720*a + 6147120 -10*a^6 + 646*a^5 - 16646*a^4 + 218856*a^3 - 1551760*a^2 + 5632848*a - 8104648 -10*a^6 + 742*a^5 - 21998*a^4 + 330672*a^3 - 2628376*a^2 + 10321776*a - 15341464 -22*a^6 + 1486*a^5 - 40094*a^4 + 549288*a^3 - 3991888*a^2 + 14373264*a - 19521640 -2*a^7 + 158*a^6 - 5170*a^5 + 90480*a^4 - 910748*a^3 + 5245932*a^2 - 15899552*a + 19326456 -2*a^6 + 98*a^5 - 1642*a^4 + 9864*a^3 + 1048*a^2 - 170064*a + 415576 -2*a^7 + 154*a^6 - 4890*a^5 + 82468*a^4 - 790748*a^3 + 4255100*a^2 - 11645312*a + 11996072 -10*a^6 + 646*a^5 - 16454*a^4 + 208752*a^3 - 1364560*a^2 + 4221552*a - 4595752 -2*a^6 + 146*a^5 - 4222*a^4 + 60720*a^3 - 443660*a^2 + 1468752*a - 1448384 2*a^6 - 194*a^5 + 6994*a^4 - 121680*a^3 + 1075568*a^2 - 4518864*a + 6821240 -2*a^6 + 110*a^5 - 2386*a^4 + 26448*a^3 - 163760*a^2 + 581064*a - 1017752 -2*a^6 + 98*a^5 - 1450*a^4 - 240*a^3 + 188248*a^2 - 1581360*a + 3924472 -10*a^6 + 670*a^5 - 18014*a^4 + 246984*a^3 - 1800256*a^2 + 6478536*a - 8613256 -14*a^6 + 938*a^5 - 25090*a^4 + 340296*a^3 - 2439080*a^2 + 8570352*a - 11001416 over Number field with defining polynomial x^8-88*x^7+3265*x^6-66356*x^5+802733*x^4-5871084*x^3+25089948*x^2-56542332*x+50746580
-12*a^5 - 60*a^4 + 420*a^3 + 96*a^2 - 600*a + 2688 0 0 0 6*a^5 + 30*a^4 - 210*a^3 - 48*a^2 + 300*a - 1344 40*a^4 + 208*a^3 - 648*a^2 - 2336*a - 1088 0 0 -4*a^5 - 20*a^4 + 140*a^3 + 32*a^2 - 200*a + 896 -12*a^5 - 84*a^4 + 172*a^3 + 1488*a^2 + 744*a - 1904 -16*a^4 - 56*a^3 + 336*a^2 + 200*a - 1472 -16*a^5 - 64*a^4 + 520*a^3 + 872*a^2 - 1792*a - 2096 12*a^5 + 44*a^4 - 356*a^3 - 144*a^2 + 1904*a + 1120 -12*a^5 - 20*a^4 + 420*a^3 - 168*a^2 - 1760*a - 192 16*a^5 + 64*a^4 - 520*a^3 - 872*a^2 + 1792*a + 2096 0 -16*a^4 - 56*a^3 + 336*a^2 + 200*a - 1472 -12*a^5 - 84*a^4 + 172*a^3 + 1488*a^2 + 744*a - 1904 0 -6*a^5 - 8*a^4 + 264*a^3 - 174*a^2 - 1088*a + 216 -2*a^5 - 10*a^4 + 70*a^3 + 16*a^2 - 100*a + 448 -4*a^4 - 36*a^3 + 84*a^2 + 620*a + 504 -12*a^5 - 84*a^4 + 172*a^3 + 1488*a^2 + 744*a - 1904 -2*a^5 - 10*a^4 + 70*a^3 + 16*a^2 - 100*a + 448 -6*a^5 - 32*a^4 + 168*a^3 + 234*a^2 - 440*a - 480 -6*a^5 - 24*a^4 + 196*a^3 + 66*a^2 - 540*a + 256 6*a^5 + 22*a^4 - 178*a^3 - 72*a^2 + 952*a + 560 4*a^5 - 2*a^4 - 182*a^3 + 286*a^2 + 640*a - 1280 -2*a^5 - 10*a^4 + 70*a^3 + 16*a^2 - 100*a + 448 16*a^5 + 64*a^4 - 520*a^3 - 872*a^2 + 1792*a + 2096 -2*a^5 - 10*a^4 + 70*a^3 + 16*a^2 - 100*a + 448 -4*a^4 - 36*a^3 + 84*a^2 + 620*a + 504 -16*a^4 - 56*a^3 + 336*a^2 + 200*a - 1472 2*a^5 + 10*a^4 - 70*a^3 - 16*a^2 + 100*a - 448 10*a^5 + 24*a^4 - 324*a^3 + 130*a^2 + 972*a - 1224 4*a^4 + 36*a^3 - 84*a^2 - 620*a - 504 -4*a^4 - 36*a^3 + 84*a^2 + 620*a + 504 -12*a^4 - 32*a^3 + 156*a^2 - 72*a - 464 2*a^5 - 12*a^4 - 112*a^3 + 302*a^2 + 540*a - 832 0 -6*a^5 - 16*a^4 + 236*a^3 - 6*a^2 - 988*a - 520 8*a^5 + 14*a^4 - 254*a^3 + 146*a^2 + 872*a - 776 -6*a^5 - 30*a^4 + 106*a^3 + 240*a^2 + 288*a + 448 -20*a^4 - 104*a^3 + 324*a^2 + 1168*a + 544 -a^5 - 4*a^4 + 4*a^3 + 11*a^2 + 314*a + 688 4*a^5 + 13*a^4 - 159*a^3 - 179*a^2 + 466*a + 504 3*a^5 + 18*a^4 - 72*a^3 - 333*a^2 - 168*a + 456 -2*a^5 - 8*a^4 + 36*a^3 + 70*a^2 - 116*a - 252 -4*a^5 - 7*a^4 + 127*a^3 - 73*a^2 - 436*a + 388 4*a^5 + 18*a^4 - 106*a^3 - 86*a^2 + 216*a - 196 3*a^5 + 12*a^4 - 40*a^3 - 81*a^2 - 198*a - 436 -4*a^4 - 36*a^3 + 84*a^2 + 620*a + 504 -a^5 - 10*a^4 + 36*a^3 + 263*a^2 + 284*a - 204 -12*a^4 - 48*a^3 + 204*a^2 + 324*a - 348 9*a^4 + 83*a^3 - 165*a^2 - 948*a - 736 4*a^4 + 20*a^3 - 36*a^2 - 224*a - 388 15*a^4 + 51*a^3 - 417*a^2 - 918*a + 156 over Number field with defining polynomial x^6+x^5-47*x^4+26*x^3+328*x^2+40*x-296
a vector of length 57 over Number field with defining polynomial a number field of degree 21
a vector of length 57 over Number field with defining polynomial a number field of degree 12
-a+313 -a+313 0 0 -a+313 -42 -42 a-313 a-313 0 0 0 42 42 0 0 0 0 0 0 -a+313 0 0 0 0 0 -42 0 0 0 0 0 0 0 0 0 0 42 0 0 0 0 -42 -42 0 0 0 0 0 0 0 42 0 0 0 0 0 over Number field with defining polynomial x^2-668*x+105823
For conductor 1:
traces of hecke eigenvalues of T_{p^1} are:
8 28 80 88 204 356 424 496 1068 832 1244 1524 1944 2784 2620 2872 4332 4744 5840 5664 7208 8724 9028 
computing eigenvalues for k = 1, took 19.694869 sec
traces of hecke eigenvalues of T_{p^2} are:
-8 12 240 
computing eigenvalues for k = 2, took 0.250136 sec
traces of hecke eigenvalues of T_{p^1} are:
40 156 400 1464 2380 5220 7240 12720 25260 30784 52060 70644 81400 106080 151740 208920 230764 305320 363024 499360 578760 712980 922180 
computing eigenvalues for k = 1, took 19.595528 sec
traces of hecke eigenvalues of T_{p^2} are:
120 780 2800 
computing eigenvalues for k = 2, took 0.246635 sec
traces of hecke eigenvalues of T_{p^1} are:
-4 8 38 -66 -56 84 196 36 256 -222 -384 48 -34 810 288 -1022 -304 724 728 -972 -926 180 -1448 
computing eigenvalues for k = 1, took 19.538943 sec
traces of hecke eigenvalues of T_{p^2} are:
8 20 96 
computing eigenvalues for k = 2, took 0.243471 sec
traces of hecke eigenvalues of T_{p^1} are:
-14 0 -23 10 -56 -21 -40 47 -26 -175 -348 28 354 135 -390 -532 -226 362 617 -632 -1684 1120 530 
computing eigenvalues for k = 1, took 20.040299 sec
traces of hecke eigenvalues of T_{p^2} are:
23 -32 2 
computing eigenvalues for k = 2, took 0.238355 sec
traces of hecke eigenvalues of T_{p^1} are:
-5 -9 34 -11 31 32 -178 187 454 -134 -28 -888 362 1902 -590 -1336 551 644 1669 -1233 1053 2496 -1441 
computing eigenvalues for k = 1, took 19.547747 sec
traces of hecke eigenvalues of T_{p^2} are:
12 50 48 
computing eigenvalues for k = 2, took 0.244995 sec
traces of hecke eigenvalues of T_{p^1} are:
-18 -12 -61 -42 -28 219 74 -39 348 -349 278 812 -418 177 -142 16 -18 -1434 -431 -912 1128 1788 -1272 
computing eigenvalues for k = 1, took 19.742786 sec
traces of hecke eigenvalues of T_{p^2} are:
-9 -64 -22 
computing eigenvalues for k = 2, took 0.249555 sec
traces of hecke eigenvalues of T_{p^1} are:
2 32 -55 -58 -28 81 -384 64 374 -65 -74 1230 194 373 1050 66 736 -498 2062 -3202 480 4302 -4022 
computing eigenvalues for k = 1, took 19.762105 sec
traces of hecke eigenvalues of T_{p^2} are:
-12 5 -174 
computing eigenvalues for k = 2, took 0.249486 sec
traces of hecke eigenvalues of T_{p^1} are:
-16 -40 -24 -88 174 124 154 -62 -440 408 442 300 804 -464 -1386 -772 -446 -1116 -1742 534 -1306 -1016 4042 
computing eigenvalues for k = 1, took 19.644611 sec
traces of hecke eigenvalues of T_{p^2} are:
-16 16 64 
computing eigenvalues for k = 2, took 0.250242 sec
traces of hecke eigenvalues of T_{p^1} are:
36 -28 -26 340 -534 -18 264 797 -242 372 -1794 450 -4 356 -70 4722 -3472 -28 2127 -52 4146 3562 -1096 
computing eigenvalues for k = 1, took 19.512633 sec
traces of hecke eigenvalues of T_{p^2} are:
-47 -103 -192 
computing eigenvalues for k = 2, took 0.257944 sec
traces of hecke eigenvalues of T_{p^1} are:
139 305 576 1511 1915 3224 4084 6033 9214 10656 14972 18028 20162 23626 29880 38682 40021 49970 55281 68451 78377 86292 102101 
computing eigenvalues for k = 1, took 19.857660 sec
traces of hecke eigenvalues of T_{p^2} are:
116 114 208 
computing eigenvalues for k = 2, took 0.238564 sec
traces of hecke eigenvalues of T_{p^1} are:
4 36 22 138 148 396 364 612 972 778 1120 1872 1570 1722 2388 4326 3208 4540 5304 5332 8214 8004 10120 
computing eigenvalues for k = 1, took 19.600745 sec
traces of hecke eigenvalues of T_{p^2} are:
-24 60 -224 
computing eigenvalues for k = 2, took 0.240073 sec
traces of hecke eigenvalues of T_{p^1} are:
16 24 48 124 120 316 408 600 744 712 1268 1796 2196 2448 2944 4020 4092 4352 5592 6200 6804 8964 10324 
computing eigenvalues for k = 1, took 19.622626 sec
traces of hecke eigenvalues of T_{p^2} are:
24 -12 -16 
computing eigenvalues for k = 2, took 0.253938 sec
traces of hecke eigenvalues of T_{p^1} are:
21 67 92 267 439 588 500 843 1782 1922 2712 3580 3040 4648 6430 6820 6823 9674 9611 11929 15525 15612 18535 
computing eigenvalues for k = 1, took 19.476610 sec
traces of hecke eigenvalues of T_{p^2} are:
4 90 -64 
computing eigenvalues for k = 2, took 0.242261 sec
traces of hecke eigenvalues of T_{p^1} are:
78 178 370 772 1228 1864 2742 3444 5756 6998 10016 11716 13424 15064 19570 23426 26162 30330 33322 45278 47178 56948 65998 
computing eigenvalues for k = 1, took 19.596773 sec
traces of hecke eigenvalues of T_{p^2} are:
32 -24 160 
computing eigenvalues for k = 2, took 0.261618 sec
traces of hecke eigenvalues of T_{p^1} are:
-2 0 7 -66 16 51 16 153 -18 -185 220 60 -458 9 138 84 -218 70 279 808 -492 -240 1042 
computing eigenvalues for k = 1, took 19.621376 sec
traces of hecke eigenvalues of T_{p^2} are:
-9 0 -110 
computing eigenvalues for k = 2, took 0.237737 sec
traces of hecke eigenvalues of T_{p^1} are:
-7 9 -34 79 -7 60 -198 -139 136 228 -194 316 -236 -174 246 344 501 -1098 -61 713 2285 -272 303 
computing eigenvalues for k = 1, took 19.797579 sec
traces of hecke eigenvalues of T_{p^2} are:
-4 -50 72 
computing eigenvalues for k = 2, took 0.234151 sec
For conductor 2:
traces of hecke eigenvalues of T_{p^1} are:
-14 0 -23 10 -56 -21 -40 47 -26 -175 -348 28 354 135 -390 -532 -226 362 617 -632 -1684 1120 530 
computing eigenvalues for k = 1, took 315.369894 sec
traces of hecke eigenvalues of T_{p^2} are:
23 -32 2 
computing eigenvalues for k = 2, took 0.545625 sec
traces of hecke eigenvalues of T_{p^1} are:
-10 -20 1 -42 24 51 -44 -57 -138 1 320 -236 -486 127 766 4 -18 -14 569 -696 -372 -264 -414 
computing eigenvalues for k = 1, took 317.207885 sec
traces of hecke eigenvalues of T_{p^2} are:
7 24 34 
computing eigenvalues for k = 2, took 0.556355 sec
traces of hecke eigenvalues of T_{p^1} are:
-7 9 -34 79 -7 60 -198 -139 136 228 -194 316 -236 -174 246 344 501 -1098 -61 713 2285 -272 303 
computing eigenvalues for k = 1, took 315.002154 sec
traces of hecke eigenvalues of T_{p^2} are:
-4 -50 72 
computing eigenvalues for k = 2, took 0.610658 sec
traces of hecke eigenvalues of T_{p^1} are:
-20 -58 15 -52 -48 -79 98 -7 -526 123 -270 76 242 -47 -560 -312 -990 -42 99 664 -724 -1288 2322 
computing eigenvalues for k = 1, took 314.125137 sec
traces of hecke eigenvalues of T_{p^2} are:
13 68 -10 
computing eigenvalues for k = 2, took 0.539566 sec
traces of hecke eigenvalues of T_{p^1} are:
-16 -40 -24 -88 174 124 154 -62 -440 408 442 300 804 -464 -1386 -772 -446 -1116 -1742 534 -1306 -1016 4042 
computing eigenvalues for k = 1, took 313.167497 sec
traces of hecke eigenvalues of T_{p^2} are:
-16 16 64 
computing eigenvalues for k = 2, took 0.546229 sec
traces of hecke eigenvalues of T_{p^1} are:
-2 0 7 -66 16 51 16 153 -18 -185 220 60 -458 9 138 84 -218 70 279 808 -492 -240 1042 
computing eigenvalues for k = 1, took 313.586756 sec
traces of hecke eigenvalues of T_{p^2} are:
-9 0 -110 
computing eigenvalues for k = 2, took 0.578517 sec
For conductor 73:
traces of hecke eigenvalues of T_{p^1} are:
-4 -12 3 -2 26 9 70 51 -70 55 -146 -356 94 -81 48 176 -118 520 -385 208 692 556 922 
computing eigenvalues for k = 1, took 543.877239 sec
traces of hecke eigenvalues of T_{p^2} are:
1 0 -34 
computing eigenvalues for k = 2, took 0.576792 sec
traces of hecke eigenvalues of T_{p^1} are:
-17 -19 6 -121 57 100 126 -457 570 -258 -472 -396 18 774 -166 -2044 1527 1448 -35 -2813 223 2496 -1829 
computing eigenvalues for k = 1, took 552.586656 sec
traces of hecke eigenvalues of T_{p^2} are:
28 54 -48 
computing eigenvalues for k = 2, took 0.552585 sec
traces of hecke eigenvalues of T_{p^1} are:
-28 -44 -72 -20 96 -124 -228 64 -408 -600 844 -936 144 -624 484 472 -696 712 -928 -784 248 -984 -808 
computing eigenvalues for k = 1, took 556.287791 sec
traces of hecke eigenvalues of T_{p^2} are:
20 0 0 
computing eigenvalues for k = 2, took 0.569150 sec
traces of hecke eigenvalues of T_{p^1} are:
-1 -17 36 15 9 -156 142 147 -334 306 242 -516 968 -40 -732 -432 531 1590 1311 349 1503 148 -669 
computing eigenvalues for k = 1, took 550.814628 sec
traces of hecke eigenvalues of T_{p^2} are:
-4 -54 -48 
computing eigenvalues for k = 2, took 0.573786 sec
For conductor 146:
traces of hecke eigenvalues of T_{p^1} are:
-4 -12 3 -2 26 9 70 51 -70 55 -146 -356 94 -81 48 176 -118 520 -385 208 692 556 922 
computing eigenvalues for k = 1, took 204.148924 sec
traces of hecke eigenvalues of T_{p^2} are:
1 0 -34 
computing eigenvalues for k = 2, took 0.580258 sec
traces of hecke eigenvalues of T_{p^1} are:
5 1 -18 37 -99 -28 -10 45 18 282 40 36 -214 814 618 1492 435 244 587 -1139 -1623 -192 -1957 
computing eigenvalues for k = 1, took 127.182212 sec
traces of hecke eigenvalues of T_{p^2} are:
-12 6 -32 
computing eigenvalues for k = 2, took 0.591558 sec
traces of hecke eigenvalues of T_{p^1} are:
-2 -14 -15 26 -58 -43 60 312 188 241 -238 406 294 175 60 774 -496 -730 562 -406 308 -1226 -1494 
computing eigenvalues for k = 1, took 130.789229 sec
traces of hecke eigenvalues of T_{p^2} are:
-8 -9 18 
computing eigenvalues for k = 2, took 0.619043 sec
traces of hecke eigenvalues of T_{p^1} are:
88 224 448 1016 1402 2332 2872 4344 6366 7770 10372 13088 14820 17550 21756 27708 29750 36348 41124 51060 55796 63012 75286 
computing eigenvalues for k = 1, took 128.923090 sec
traces of hecke eigenvalues of T_{p^2} are:
32 96 384 
computing eigenvalues for k = 2, took 0.605187 sec
traces of hecke eigenvalues of T_{p^1} are:
-1 -17 36 15 9 -156 142 147 -334 306 242 -516 968 -40 -732 -432 531 1590 1311 349 1503 148 -669 
computing eigenvalues for k = 1, took 128.493546 sec
traces of hecke eigenvalues of T_{p^2} are:
-4 -54 -48 
computing eigenvalues for k = 2, took 0.596050 sec
traces of hecke eigenvalues of T_{p^1} are:
-19 93 -109 -15 151 269 -250 -129 1088 -575 470 1746 -1388 591 3306 1730 1443 -3946 2423 -3295 -3261 -174 -1511 
computing eigenvalues for k = 1, took 130.265519 sec
traces of hecke eigenvalues of T_{p^2} are:
-56 -43 -78 
computing eigenvalues for k = 2, took 0.595472 sec
traces of hecke eigenvalues of T_{p^1} are:
131 365 656 1467 2167 3676 4424 6493 10360 11628 16580 20628 21692 26502 34210 40308 43869 52266 59929 71871 80197 95968 114197 
computing eigenvalues for k = 1, took 129.377528 sec
traces of hecke eigenvalues of T_{p^2} are:
44 318 448 
computing eigenvalues for k = 2, took 0.636927 sec
traces of hecke eigenvalues of T_{p^1} are:
21 41 84 237 329 592 668 1035 1682 2014 2748 3568 3836 5060 5742 8080 7247 8550 10023 11457 13811 15604 18083 
computing eigenvalues for k = 1, took 130.353061 sec
traces of hecke eigenvalues of T_{p^2} are:
4 -66 -128 
computing eigenvalues for k = 2, took 0.609474 sec
