constructing eigenvector for poly
x-15
constructing eigenvector for poly
x+1
constructing eigenvector for poly
x^2-14*x+46
constructing eigenvector for poly
x^7-37*x^6+554*x^5-4306*x^4+18541*x^3-43733*x^2+52112*x-24140
constructing eigenvector for poly
x^12-16*x^11+24*x^10+736*x^9-3124*x^8-8064*x^7+56128*x^6-4608*x^5-288208*x^4+170752*x^3+539520*x^2-300544*x-304064
constructing eigenvector for poly
x^104+24*x^103-376*x^102-12823*x^101+51196*x^100+3287437*x^99-223973*x^98-539262081*x^97-1023470971*x^96+63683718126*x^95+194619603587*x^94-5775964616801*x^93-21849172442607*x^92+419116754022666*x^91+1774570248487681*x^90-25023003244093907*x^89-112218325300125876*x^88+1254353415225713895*x^87+5738933035353680390*x^86-53589527467907350513*x^85-242893691528673417116*x^84+1973225272829091580445*x^83+8638450782127594445842*x^82-63140974646144214115475*x^81-260870902171406640540622*x^80+1766419947238559003264994*x^79+6737457508201359102942288*x^78-43385296226806221508126252*x^77-149512608527786394016601624*x^76+938085908335293939170663580*x^75+2858196116074923948650465649*x^74-17884629121569595384881482663*x^73-47096834373920096401009509983*x^72+300849550462263955750109500970*x^71+667835763963203616672772497966*x^70-4465188536666280006778393513742*x^69-8112674657818975229919656337712*x^68+58438130406560485433174766698947*x^67+83668448528261295938555827328211*x^66-673690837491016880801442499820076*x^65-719960803725258076804703678062681*x^64+6831123829617484185578887635123804*x^63+4982515956583739360360629291266705*x^62-60809471467627453472683479657999161*x^61-25146456913235270431152875995929303*x^60+474117287553905015635170519917082864*x^59+56502515546196536720316806610096152*x^58-3228494001896792557664553621656091072*x^57+506808006917378148801502115939534435*x^56+19133755782874501318483239008867191557*x^55-8027789255151974156644948513856039401*x^54-98267127155777404570102889315446773363*x^53+66311532746861845189213991340006936835*x^52+434949962855735807049019703669334394458*x^51-405095694944217835023914676018419084277*x^50-1647248356813052855214486427119204471516*x^49+1980069325479571464224311502272692208117*x^48+5284879856208625600341016800907200974688*x^47-7969025669165727655616590691172925520388*x^46-14151992185766764576933958871965962450053*x^45+26719031368918689767263256114065037060163*x^44+30858097449646735026149707459329863033571*x^43-74926921688175453629964199133673197152272*x^42-52159583699805379811900900108079388986249*x^41+175634685682365445878872203591094738591568*x^40+59706390675591638074956311553405472243345*x^39-342820490721633963086509383323392719518936*x^38-17184511194228099068452540556457940203658*x^37+553374728677540103414984197078824880923422*x^36-109748813287037542907876120878222181477436*x^35-731030637139139673066213709354699576511786*x^34+311596346609626153840508162374349144289853*x^33+778078927112330103731296844439762749549548*x^32-510949542311162417427920067008298137121271*x^31-650746439695132286840984401660374678433191*x^30+602809924374746220846383539162504693090210*x^29+408248865695866541800673341413859786062742*x^28-539397480658376579902071062953798287503512*x^27-171251055623746228189685701251423880830735*x^26+370999748383367433045976245515030258947374*x^25+26277548310840247576532665465259812501868*x^24-195466580135463398674608738661608547727728*x^23+22767921292232039951864962005245257513472*x^22+77674166860226767339351838430929685641040*x^21-21410174031903955758391406953629360324216*x^20-22590733531361626394259954258731518550800*x^19+9818258070185926719521091266565107293120*x^18+4537980258135226125268482232899052365344*x^17-2911052470593623977238562248749653375584*x^16-545464543045672217985157871275290884480*x^15+584175346763856073277316688984362701824*x^14+16380102551848505673319451279270615808*x^13-78616141019695766322619720249355876736*x^12+5984790646421047234476107469326350336*x^11+6814435772659917323825446458926446336*x^10-1029174075608877772838677697934909952*x^9-352372748809872656184399544898339840*x^8+75180435115584677830295744891550720*x^7+9317264307528121410537617419716608*x^6-2677961380114199493457482085042176*x^5-76260540808492197588773858531328*x^4+40402404378545624047663462379520*x^3-686087592458210315850415505408*x^2-131427269973436501622040150016*x-181131530979983666714640384
constructing eigenvector for poly
x^49-284*x^48+39220*x^47-3509564*x^46+228793704*x^45-11583362881*x^44+474097689281*x^43-16124265061579*x^42+464851878569463*x^41-11531508591062973*x^40+249028786731036478*x^39-4725129408696202356*x^38+79361459147326069938*x^37-1187059179962751462523*x^36+15891616661076236851025*x^35-191199021188747008834784*x^34+2074454862248614972927028*x^33-20353645958677513756258388*x^32+181008068583258797944099713*x^31-1461760817082916118943649290*x^30+10735257867113359127456527424*x^29-71777546532583204071300351027*x^28+437267187235540772731402905695*x^27-2428281590699952758018556739071*x^26+12295126845504563468049192729055*x^25-56756690054593071979927128228713*x^24+238782037564013755452722695098412*x^23-914995831234930955135347674215476*x^22+3190664163277861175828416090683350*x^21-10112854229088813723202976069326841*x^20+29090447311290139104395804869381831*x^19-75809098793912074150568436077897806*x^18+178583024252654307159981053702311421*x^17-379302840253626977022485501743297042*x^16+724170454368524050309468015393160761*x^15-1238393678998724766203551838033579258*x^14+1888983943603983142336789585193840136*x^13-2557530756654935736457289638234703344*x^12+3055787692827175375789241437016816240*x^11-3199963640247789531357248340437144608*x^10+2912673511681457947109440746698114752*x^9-2281298898146727167786616987911545984*x^8+1518377000137790165153190216184046848*x^7-845237727551563321779649961070713344*x^6+385421504207946891073420998736719872*x^5-139928010555065235661578892653191168*x^4+38817085626816029764759308875145216*x^3-7710952303226983541439916809011200*x^2+974616623398004092293275358953472*x-58758356877247117889335346626560
constructing eigenvector for poly
x^19+37*x^18+597*x^17+5470*x^16+30732*x^15+103401*x^14+159400*x^13-199572*x^12-1485792*x^11-2665606*x^10-157454*x^9+7120103*x^8+11102995*x^7+2938166*x^6-10337537*x^5-13530186*x^4-6532323*x^3-638985*x^2+463944*x+112312
constructing eigenvector for poly
x^2+2*x-2
constructing eigenvector for poly
x^19+51*x^18+1171*x^17+15992*x^16+144382*x^15+903889*x^14+3984096*x^13+12158532*x^12+23682930*x^11+19544746*x^10-35007278*x^9-141349637*x^8-214647305*x^7-155385506*x^6-5904161*x^5+79453746*x^4+51825119*x^3+2939155*x^2-8021924*x-2226378
constructing eigenvector for poly
x^116+5*x^115-725*x^114-3182*x^113+252747*x^112+956322*x^111-56387509*x^110-180130071*x^109+9040051738*x^108+23767994213*x^107-1108850330049*x^106-2321041549627*x^105+108199751975923*x^104+172011063185483*x^103-8623696648086055*x^102-9660528546831143*x^101+572108433744022898*x^100+391621918209690457*x^99-32039713659290342822*x^98-9017328186473962072*x^97+1531100056612920921044*x^96-139287788320605513752*x^95-62962756328279597053820*x^94+27400002153467559221418*x^93+2243032742382640612180198*x^92-1691093728422392305725395*x^91-69596903605906239674880085*x^90+73086967991189289882658970*x^89+1888973139444695604477309484*x^88-2506281667992085045740215300*x^87-45004926587675518286964488661*x^86+71416244684405131713542752496*x^85+943872415961842517386957989097*x^84-1730372613519584984351862164141*x^83-17464649313564253071626083450336*x^82+36133584768767402785428304713633*x^81+285605912564338009568279259684780*x^80-655977650767471241490981515622941*x^79-4133590183902038025091236319017380*x^78+10415159396759637759784492065602670*x^77+53001007487474617041949998223847687*x^76-145240805219980287367126618233202392*x^75-602498506486322407436015681670038548*x^74+1784431256212160455755486480961268457*x^73+6075176932926014229459515043365561021*x^72-19358876066196668911067658716101846685*x^71-54353644018772012350429573210970940556*x^70+185753755628017259404010902709776667563*x^69+431563515928034556582308360405717877869*x^68-1578212958767978162944337532425991048218*x^67-3041292268396065743745002547169437199267*x^66+11881778544004410335846507699140381002044*x^65+19024990648568203962236565818605323081782*x^64-79296072331576180641952819781989259155801*x^63-105667950342680458437359628916128925024547*x^62+469145671069422673219911928047003995731762*x^61+521321730444794416556914991674887611155332*x^60-2460107878487231518879986743929797117476324*x^59-2286376662534334235095807903770359839875733*x^58+11428017249299808914937713031571299185148124*x^57+8924854097977835189029158669581285786963752*x^56-46990514977062908225853449273156454635157453*x^55-31061961006731112537345686386304750491410495*x^54+170840027143322004713904152188265241493961851*x^53+96608388122177550975683067295064356206700720*x^52-548379707862490242060558337576143886650987458*x^51-269197336291817558841699199157485321821229120*x^50+1551311985376515103078318721638583444041511575*x^49+673639197150795418482147596882313993549785731*x^48-3859074278164066522734116991278531548893017072*x^47-1516040057915044562367550921197054864585575774*x^46+8419450984441152057057337943068394494842147055*x^45+3067404050216999297245167826467007668266323325*x^44-16059967318568386931835263374089322991891785472*x^43-5564064786442109411511794864891787039477354891*x^42+26686079057494929620821084231752482511152198076*x^41+8999235901865728105576999916737609106418544864*x^40-38466230249921372266147276777478270334801011489*x^39-12877762761867837281040415145540735976882366035*x^38+47867509043234212249695951069958692505175298375*x^37+16151934199794018383496736719317143431316009199*x^36-51143817080377959605975052707088521682151679219*x^35-17575122344286992064926697394044063046131190856*x^34+46628172608519660667930004063779009136411201722*x^33+16414746523660650003243527401454525688407934584*x^32-36022661607667956606644236293721772394757761144*x^31-13017456461301020375754486784146551513172074592*x^30+23397469370569709511756553211815390389770553696*x^29+8668966033052671938406765180834329926248108208*x^28-12665159416064918588993462823806029464908706592*x^27-4792354611609253767485484023307475118454736224*x^26+5657697678625077150819696375208015956672128128*x^25+2172251974897898616637845837611464116906986496*x^24-2063107459347203382087474267936454028100140800*x^23-796434625068429383388632562923261492411334144*x^22+606779185817000619913958681484477163834115712*x^21+232591817367390056218572644678003003177153536*x^20-142048179877138418690813030029422376127087616*x^19-53147745112352333249553453958336725088371200*x^18+26089768576197273564879520892669103444733952*x^17+9300844577811531849009384482041559106052096*x^16-3699823776424202582222472884052813083465728*x^15-1213729706832316637249642136180583016165376*x^14+397538143153869303359696523757721049563136*x^13+114039589980208104404350394669135127990272*x^12-31554241687002072433903660045671782543360*x^11-7339633941191449574381615519445702639616*x^10+1776927177006053658643949947904123174912*x^9+298896607897304071321635896116591951872*x^8-65979225005130899154712770186456924160*x^7-6644923033106919481511715469645709312*x^6+1394926640616999877876757920143638528*x^5+56480990060345989036606656714113024*x^4-11722391401820355914422188777668608*x^3-26563453412849543592897801093120*x^2+3677747488872449035660764905472*x+1170082242211771154174050304
constructing eigenvector for poly
x^51-286*x^50+39796*x^49-3590184*x^48+236101520*x^47-12065706507*x^46+498810040125*x^45-17147352269365*x^44+500032041824337*x^43-12556504571008583*x^42+274715496145248222*x^41-5285299823442811484*x^40+90090831492234739630*x^39-1368907851186102387671*x^38+18635532455158871379091*x^37-228244114322610881003020*x^36+2523807358964031173191616*x^35-25267561686937030255994340*x^34+229590639840595479733130727*x^33-1897024670427782437967297228*x^32+14275714395700736609991732450*x^31-97962175268392848898293900369*x^30+613549188306677064130219823007*x^29-3509463927367133221149902429649*x^28+18339416087943294339784284438097*x^27-87563774300589352183339928500955*x^26+381935236807494792481000269516856*x^25-1521267459892683073997453936513888*x^24+5529525806839225199321972311087702*x^23-18324896319139481294012198335315385*x^22+55303902902132607384373563341873433*x^21-151774105601852865559267056760978022*x^20+378096653762969555992829643946167397*x^19-853224647952691005597209649787585508*x^18+1739853092231535657274343314680320999*x^17-3196722253980012190078504491935050296*x^16+5274617620105552338374894310430394466*x^15-7785478919328771395197513095219806796*x^14+10233517865664187396297182896645737888*x^13-11915584931123065164189448441089922720*x^12+12214042540264086984362520100956017504*x^11-10941114059901018591486723035041999040*x^10+8489770408976503183601406324060803456*x^9-5645733038125260336536662465396499200*x^8+3175434367827353488733640244887284224*x^7-1485616533297301259254112230542439424*x^6+565737961139574505599833069016526848*x^5-170283516398347230894624789316009984*x^4+38839486100354576934834638406254592*x^3-6284514321191701573726807296442368*x^2+640292690884158225711413634334720*x-30763251291713692387686008422400
computing eigenvectors took 15.444618 sec
For conductor 1, eigenvectors are:
-1 -1 -1 -1 -1 -1 -1 -1 -1 -1 -1 -1 -1 -1 -1 -1 -1 -1 -1 -1 -1 -1 -1 -1 -1 -1 -1 -1 -1 -1 -1 -1 -1 -1 -1 -1 -1 -1 -1 -1 -1 -1 -1 -1 -1 -1 -1 -1 -1 -1 -1 -1 -1 -1 -1 -1 -1 -1 -1 -1 -1 -1 -1 -1 -1 -1 -1 -1 -1 -1 -1 -1 -1 -1 -1 -1 -1 -1 -1 -1 -1 -1 -1 -1 -1 -1 -1 -1 -1 -1 -1 -1 -1 -1 -1 -1 -1 -1 -1 -1 -1 -1 -1 -1 -1 -1 -1 -1 -1 -1 -1 -1 -1 -1 -1 -1 -1 -1 -1 -1 -1 -1 -1 -1 -1 -1 -1 -1 -1 -1 -1 -1 -1 -1 -1 -1 -1 -1 -1 -1 -1 -1 -1 -1 -1 -1 -1 -1 -1 -1 -1 -1 -1 -1 -1 -1 -1 -1 -1 -1 -1 -1 -1 -1 -1 -1 -1 -1 -1 -1 -1 -1 -1 -1 -1 -1 over Number field with defining polynomial x-15
0 -60 -60 36 36 -24 -36 16 6 0 0 36 -18 0 0 -8 -20 0 12 21 -15 39 12 -33 30 -48 0 15 -6 30 6 -24 3 3 -6 -3 9 -15 -24 3 -21 -3 15 -6 -12 -6 -18 0 0 4 0 -12 10 22 -6 2 -4 -18 4 22 -4 12 -10 -2 22 0 -2 4 10 -2 -8 20 -2 -20 -2 -2 -8 -7 -1 -4 3 6 5 -3 -2 6 -6 1 -4 0 -4 21 -3 0 -8 4 3 -7 -9 4 -1 10 -4 0 -3 -6 -9 14 -18 -9 -10 4 4 5 2 -9 -3 28 5 17 16 4 -4 -5 -10 -4 6 -3 -8 11 -6 11 10 -4 14 -6 -8 -18 14 7 -4 -16 -6 -1 11 18 -1 -4 -5 11 1 -5 -1 2 15 8 4 -14 4 2 3 -2 4 -14 -4 9 -8 -10 6 6 4 -4 13 -3 -4 -8 over Number field with defining polynomial x+1
-6560*a+36490 1372*a-7094 1100*a-5820 -976*a+5190 -728*a+4886 -1520*a+7738 532*a-2302 -1000*a+6160 -74*a+322 -2255*a+11931 -482*a+2233 -704*a+3916 -296*a+2005 -716*a+4401 618*a-3348 -556*a+2794 828*a-4546 -1310*a+6540 124*a-391 -482*a+2233 649*a-3386 661*a-3871 377*a-2112 439*a-2188 940*a-4213 19*a+208 -518*a+3688 -284*a+1520 -692*a+3431 31*a-277 -265*a+1967 -358*a+2081 -716*a+4401 -167*a+436 346*a-2074 124*a-391 143*a+56 661*a-3871 334*a-1589 19*a+208 1057*a-5297 427*a-1703 1267*a-6495 -222*a+1444 -1248*a+6464 -556*a+2794 136*a-876 -74*a+322 -12*a+246 198*a-952 -556*a+2794 556*a-3272 346*a-2074 494*a-3196 -74*a+322 -482*a+2233 -580*a+3764 -599*a+3317 -1415*a+7139 451*a-2673 890*a-4622 -704*a+3916 62*a-315 -704*a+3916 871*a-5069 179*a-1399 136*a-876 210*a-1437 816*a-4061 1100*a-5820 198*a-952 470*a-2226 303*a-1551 241*a-1475 93*a-353 -630*a+3355 -840*a+4553 -284*a+1520 -463*a+2680 -105*a+360 272*a-1513 198*a-952 198*a-952 -809*a+4515 -766*a+3992 754*a-3985 377*a-2112 -630*a+3355 272*a-1513 346*a-2074 -420*a+2157 -389*a+2119 -105*a+360 -494*a+2718 303*a-1551 303*a-1551 -463*a+2680 229*a-990 -136*a+398 105*a-838 -210*a+959 -74*a+322 136*a-876 -74*a+322 -692*a+3431 74*a-800 -148*a+883 -902*a+4629 513*a-2749 31*a-277 -12*a+246 167*a-914 272*a-1513 -327*a+2043 179*a-1399 365*a-1627 334*a-1589 513*a-2749 -315*a+1558 -420*a+2157 136*a-876 179*a-1399 -346*a+1596 -253*a+1482 124*a-391 136*a-876 -129*a+1330 -253*a+1482 136*a-876 253*a-1960 167*a-914 93*a-353 136*a-876 303*a-1551 723*a-3947 272*a-1513 587*a-3310 303*a-1551 377*a-2112 -148*a+883 470*a-2226 -117*a+845 -117*a+845 62*a-315 -55*a+769 198*a-952 198*a-952 303*a-1551 439*a-2188 377*a-2112 136*a-876 544*a-2787 -117*a+845 -179*a+921 -253*a+1482 -599*a+3317 -117*a+845 31*a-277 -74*a+322 -117*a+845 167*a-914 -74*a+322 513*a-2749 -525*a+2756 -284*a+1520 -12*a+246 -74*a+322 272*a-1513 -43*a+284 -148*a+883 -210*a+959 -239 -253*a+1482 272*a-1513 -148*a+883 -239 over Number field with defining polynomial x^2-14*x+46
2880*a^6 - 92160*a^5 + 1163520*a^4 - 7344000*a^3 + 24143040*a^2 - 38701440*a + 23523840 -576*a^5 + 13824*a^4 - 117504*a^3 + 411264*a^2 - 469440*a - 44928 -576*a^5 + 13824*a^4 - 117504*a^3 + 411264*a^2 - 469440*a - 44928 1152*a^4 - 23040*a^3 + 153216*a^2 - 391680*a + 343296 1152*a^4 - 23040*a^3 + 153216*a^2 - 391680*a + 343296 -576*a^5 + 13824*a^4 - 117504*a^3 + 411264*a^2 - 469440*a - 44928 -576*a^5 + 16128*a^4 - 171648*a^3 + 855936*a^2 - 1963584*a + 1636992 -768*a^3 + 16896*a^2 - 105216*a + 172032 -576*a^4 + 10368*a^3 - 51264*a^2 + 38016*a + 86400 2880*a^5 - 76032*a^4 + 746496*a^3 - 3346560*a^2 + 6694848*a - 4809600 -288*a^5 + 8640*a^4 - 97344*a^3 + 504576*a^2 - 1177632*a + 990144 1152*a^4 - 23040*a^3 + 153216*a^2 - 391680*a + 343296 1152*a^4 - 23040*a^3 + 153216*a^2 - 391680*a + 343296 1152*a^5 - 29952*a^4 + 287424*a^3 - 1245312*a^2 + 2365632*a - 1586304 -288*a^5 + 8640*a^4 - 97344*a^3 + 504576*a^2 - 1177632*a + 990144 -192*a^5 + 5376*a^4 - 54528*a^3 + 239232*a^2 - 417600*a + 213888 -192*a^5 + 4992*a^4 - 50304*a^3 + 251136*a^2 - 629184*a + 603264 -384*a^5 + 8448*a^4 - 63744*a^3 + 188928*a^2 - 157056*a - 86784 -144*a^5 + 4032*a^4 - 43488*a^3 + 226656*a^2 - 569808*a + 538272 -288*a^5 + 8064*a^4 - 83808*a^3 + 393408*a^2 - 804096*a + 569664 -288*a^5 + 8064*a^4 - 83808*a^3 + 393408*a^2 - 804096*a + 569664 -288*a^5 + 8064*a^4 - 83808*a^3 + 393408*a^2 - 804096*a + 569664 432*a^5 - 11232*a^4 + 108576*a^3 - 481536*a^2 + 967536*a - 718560 -144*a^6 + 4608*a^5 - 58176*a^4 + 365472*a^3 - 1174896*a^2 + 1753632*a - 880128 -576*a^5 + 13824*a^4 - 117504*a^3 + 411264*a^2 - 469440*a - 44928 -144*a^6 + 4320*a^5 - 51264*a^4 + 304704*a^3 - 934704*a^2 + 1341216*a - 653760 576*a^5 - 14400*a^4 + 132192*a^3 - 546048*a^2 + 986976*a - 621504 432*a^5 - 11808*a^4 + 122112*a^3 - 592704*a^2 + 1341072*a - 1139040 -144*a^5 + 4032*a^4 - 43488*a^3 + 226656*a^2 - 569808*a + 538272 576*a^5 - 15264*a^4 + 148896*a^3 - 648288*a^2 + 1201824*a - 749952 432*a^5 - 11808*a^4 + 122112*a^3 - 592704*a^2 + 1341072*a - 1139040 -288*a^5 + 8064*a^4 - 83808*a^3 + 393408*a^2 - 804096*a + 569664 -288*a^5 + 8064*a^4 - 83808*a^3 + 393408*a^2 - 804096*a + 569664 -288*a^5 + 8064*a^4 - 83808*a^3 + 393408*a^2 - 804096*a + 569664 -288*a^5 + 8064*a^4 - 83808*a^3 + 393408*a^2 - 804096*a + 569664 -432*a^5 + 11232*a^4 - 107424*a^3 + 457920*a^2 - 823536*a + 472608 -144*a^6 + 5040*a^5 - 69120*a^4 + 466848*a^3 - 1596240*a^2 + 2524464*a - 1393056 -288*a^5 + 8064*a^4 - 83808*a^3 + 393408*a^2 - 804096*a + 569664 -432*a^5 + 11808*a^4 - 120960*a^3 + 569088*a^2 - 1197072*a + 893088 -144*a^5 + 4032*a^4 - 43488*a^3 + 226656*a^2 - 569808*a + 538272 -288*a^5 + 7200*a^4 - 67104*a^3 + 291168*a^2 - 589248*a + 441216 -288*a^5 + 7200*a^4 - 67104*a^3 + 291168*a^2 - 589248*a + 441216 -288*a^5 + 7200*a^4 - 67104*a^3 + 291168*a^2 - 589248*a + 441216 -96*a^6 + 2784*a^5 - 31680*a^4 + 179712*a^3 - 529056*a^2 + 750624*a - 386112 -96*a^6 + 2784*a^5 - 31680*a^4 + 179712*a^3 - 529056*a^2 + 750624*a - 386112 -192*a^5 + 4800*a^4 - 43392*a^3 + 171072*a^2 - 274368*a + 128256 -96*a^6 + 2880*a^5 - 34176*a^4 + 204480*a^3 - 646176*a^2 + 1012608*a - 601728 -96*a^5 + 3648*a^4 - 47808*a^3 + 270336*a^2 - 653664*a + 558912 -288*a^5 + 7296*a^4 - 68160*a^3 + 288192*a^2 - 536352*a + 343872 672*a^5 - 17856*a^4 + 177216*a^3 - 810240*a^2 + 1682592*a - 1288128 -384*a^5 + 9792*a^4 - 92928*a^3 + 405312*a^2 - 798336*a + 559488 384*a^5 - 10560*a^4 + 107136*a^3 - 485952*a^2 + 939648*a - 612864 -96*a^6 + 2976*a^5 - 36480*a^4 + 222336*a^3 - 683232*a^2 + 919776*a - 342336 288*a^5 - 7680*a^4 + 75840*a^3 - 338112*a^2 + 657696*a - 450240 -192*a^5 + 4800*a^4 - 43392*a^3 + 171072*a^2 - 274368*a + 128256 -96*a^5 + 2112*a^4 - 16704*a^3 + 60672*a^2 - 115680*a + 104256 384*a^5 - 9792*a^4 + 91584*a^3 - 381120*a^2 + 670656*a - 385536 1152*a^4 - 23040*a^3 + 153216*a^2 - 391680*a + 343296 -96*a^6 + 2784*a^5 - 32640*a^4 + 199872*a^3 - 671328*a^2 + 1142880*a - 752064 -288*a^5 + 6912*a^4 - 59328*a^3 + 214848*a^2 - 284832*a + 60480 -192*a^5 + 4608*a^4 - 38976*a^3 + 134400*a^2 - 148608*a - 13440 -192*a^5 + 4800*a^4 - 43392*a^3 + 171072*a^2 - 274368*a + 128256 -288*a^5 + 6912*a^4 - 59136*a^3 + 214080*a^2 - 287328*a + 63552 -192*a^5 + 5184*a^4 - 52416*a^3 + 245184*a^2 - 523392*a + 408576 -288*a^5 + 7680*a^4 - 77184*a^3 + 362304*a^2 - 785376*a + 624192 -96*a^5 + 3648*a^4 - 47808*a^3 + 270336*a^2 - 653664*a + 558912 -192*a^5 + 5184*a^4 - 52416*a^3 + 245184*a^2 - 523392*a + 408576 672*a^5 - 17856*a^4 + 177216*a^3 - 810240*a^2 + 1682592*a - 1288128 -96*a^5 + 2688*a^4 - 27648*a^3 + 128064*a^2 - 261408*a + 192960 384*a^5 - 10176*a^4 + 100608*a^3 - 455232*a^2 + 919680*a - 665856 768*a^5 - 20352*a^4 + 201984*a^3 - 927360*a^2 + 1944576*a - 1503744 -192*a^5 + 4608*a^4 - 38976*a^3 + 134400*a^2 - 148608*a - 13440 -192*a^5 + 5184*a^4 - 52416*a^3 + 245184*a^2 - 523392*a + 408576 192*a^5 - 4992*a^4 + 48960*a^3 - 226944*a^2 + 501504*a - 429312 -192*a^5 + 5184*a^4 - 52416*a^3 + 245184*a^2 - 523392*a + 408576 -192*a^5 + 5184*a^4 - 52416*a^3 + 245184*a^2 - 523392*a + 408576 -96*a^6 + 2976*a^5 - 36288*a^4 + 220224*a^3 - 689184*a^2 + 1025568*a - 537024 -288*a^5 + 7584*a^4 - 73728*a^3 + 322272*a^2 - 607968*a + 386688 -96*a^6 + 3456*a^5 - 48672*a^4 + 338400*a^3 - 1201344*a^2 + 2010528*a - 1212864 192*a^6 - 6144*a^5 + 77952*a^4 - 497952*a^3 + 1670784*a^2 - 2756064*a + 1739328 -48*a^6 + 1536*a^5 - 19680*a^4 + 127680*a^3 - 433200*a^2 + 705408*a - 419712 240*a^6 - 7584*a^5 + 94656*a^4 - 591552*a^3 + 1928208*a^2 - 3065952*a + 1845888 -96*a^4 + 2784*a^3 - 27936*a^2 + 113568*a - 150528 48*a^5 - 1728*a^4 + 21792*a^3 - 117600*a^2 + 263280*a - 203808 288*a^5 - 7680*a^4 + 75840*a^3 - 338112*a^2 + 657696*a - 450240 -48*a^6 + 1824*a^5 - 26976*a^4 + 195264*a^3 - 709680*a^2 + 1176672*a - 675072 240*a^6 - 7920*a^5 + 103488*a^4 - 679392*a^3 + 2339952*a^2 - 3971376*a + 2588256 240*a^6 - 7344*a^5 + 88224*a^4 - 527520*a^3 + 1636944*a^2 - 2474160*a + 1414944 288*a^5 - 7104*a^4 + 64704*a^3 - 269952*a^2 + 514464*a - 364608 -192*a^5 + 4800*a^4 - 43392*a^3 + 171072*a^2 - 274368*a + 128256 -288*a^5 + 7584*a^4 - 73728*a^3 + 322272*a^2 - 607968*a + 386688 -48*a^6 + 1584*a^5 - 20352*a^4 + 129024*a^3 - 423984*a^2 + 691920*a - 440352 -48*a^6 + 2160*a^5 - 36288*a^4 + 293088*a^3 - 1192176*a^2 + 2279472*a - 1601952 -240*a^5 + 6240*a^4 - 60384*a^3 + 267072*a^2 - 528624*a + 374688 -48*a^5 + 1440*a^4 - 15168*a^3 + 64704*a^2 - 89040*a + 96 96*a^5 - 2976*a^4 + 34080*a^3 - 175776*a^2 + 395520*a - 313152 -48*a^5 + 960*a^4 - 5088*a^3 - 6432*a^2 + 107088*a - 182880 -192*a^5 + 4896*a^4 - 46848*a^3 + 211104*a^2 - 451776*a + 365760 -48*a^6 + 1632*a^5 - 21696*a^4 + 142464*a^3 - 479568*a^2 + 770016*a - 450816 96*a^4 - 1728*a^3 + 9120*a^2 - 10944*a - 10368 480*a^4 - 10752*a^3 + 83232*a^2 - 259968*a + 269952 -48*a^6 + 1440*a^5 - 16896*a^4 + 97344*a^3 - 277584*a^2 + 329184*a - 74688 -96*a^4 + 2784*a^3 - 27936*a^2 + 113568*a - 150528 288*a^5 - 7776*a^4 + 79200*a^3 - 377760*a^2 + 836352*a - 689280 -48*a^6 + 1440*a^5 - 17184*a^4 + 102816*a^3 - 311280*a^2 + 402048*a - 119040 -192*a^5 + 4992*a^4 - 48000*a^3 + 208512*a^2 - 397632*a + 266880 -48*a^6 + 1920*a^5 - 29472*a^4 + 220032*a^3 - 826800*a^2 + 1438656*a - 890688 -48*a^6 + 1488*a^5 - 18240*a^4 + 113280*a^3 - 380976*a^2 + 678960*a - 505056 -192*a^5 + 4992*a^4 - 48000*a^3 + 208512*a^2 - 397632*a + 266880 -48*a^6 + 1392*a^5 - 15264*a^4 + 78336*a^3 - 187920*a^2 + 179472*a - 21408 -96*a^5 + 2400*a^4 - 21984*a^3 + 89184*a^2 - 148416*a + 65088 240*a^6 - 7440*a^5 + 91200*a^4 - 562272*a^3 + 1824816*a^2 - 2933520*a + 1815072 -48*a^6 + 2016*a^5 - 31968*a^4 + 244704*a^3 - 943536*a^2 + 1701888*a - 1107840 -48*a^6 + 1392*a^5 - 15744*a^4 + 88416*a^3 - 259056*a^2 + 375600*a - 204384 -48*a^6 + 1584*a^5 - 20832*a^4 + 139104*a^3 - 495120*a^2 + 888048*a - 623328 -48*a^6 + 1440*a^5 - 16704*a^4 + 92832*a^3 - 240528*a^2 + 204672*a + 65472 -192*a^5 + 5376*a^4 - 56928*a^3 + 282240*a^2 - 647904*a + 548736 -96*a^6 + 2880*a^5 - 33792*a^4 + 195456*a^3 - 572064*a^2 + 763584*a - 321408 -48*a^6 + 1248*a^5 - 12384*a^4 + 60192*a^3 - 157104*a^2 + 232896*a - 162816 -48*a^6 + 1200*a^5 - 10752*a^4 + 38880*a^3 - 24816*a^2 - 148368*a + 226848 192*a^6 - 6048*a^5 + 74976*a^4 - 463104*a^3 + 1482528*a^2 - 2297952*a + 1340736 288*a^5 - 7680*a^4 + 75840*a^3 - 338112*a^2 + 657696*a - 450240 -96*a^4 + 2784*a^3 - 27936*a^2 + 113568*a - 150528 288*a^5 - 7680*a^4 + 75840*a^3 - 338112*a^2 + 657696*a - 450240 240*a^6 - 7776*a^5 + 99360*a^4 - 633120*a^3 + 2085360*a^2 - 3288000*a + 1899456 -96*a^4 + 2784*a^3 - 27936*a^2 + 113568*a - 150528 288*a^5 - 7776*a^4 + 79200*a^3 - 377760*a^2 + 836352*a - 689280 -240*a^5 + 6816*a^4 - 71424*a^3 + 334848*a^2 - 673104*a + 461856 192*a^5 - 4992*a^4 + 48960*a^3 - 226944*a^2 + 501504*a - 429312 144*a^5 - 3648*a^4 + 35328*a^3 - 166176*a^2 + 383280*a - 335328 192*a^6 - 6432*a^5 + 85440*a^4 - 569952*a^3 + 1983936*a^2 - 3353088*a + 2136384 -48*a^6 + 1728*a^5 - 25152*a^4 + 187392*a^3 - 743376*a^2 + 1466880*a - 1118976 -288*a^5 + 7680*a^4 - 77184*a^3 + 362304*a^2 - 785376*a + 624192 -96*a^6 + 3168*a^5 - 41376*a^4 + 270816*a^3 - 924864*a^2 + 1539264*a - 957504 -48*a^6 + 1824*a^5 - 27360*a^4 + 204288*a^3 - 783792*a^2 + 1425696*a - 955392 -48*a^6 + 1344*a^5 - 13920*a^4 + 64896*a^3 - 132336*a^2 + 101376*a - 10944 -48*a^5 + 672*a^4 + 480*a^3 - 40512*a^2 + 178704*a - 225696 -96*a^6 + 3216*a^5 - 42528*a^4 + 279840*a^3 - 943776*a^2 + 1491600*a - 826272 -48*a^6 + 1344*a^5 - 14496*a^4 + 76032*a^3 - 200496*a^2 + 244608*a - 96576 -288*a^5 + 7008*a^4 - 62592*a^3 + 254112*a^2 - 464736*a + 301056 -192*a^5 + 4608*a^4 - 38976*a^3 + 134400*a^2 - 148608*a - 13440 384*a^5 - 10080*a^4 + 99456*a^3 - 457824*a^2 + 973824*a - 764736 -96*a^6 + 3456*a^5 - 48864*a^4 + 342912*a^3 - 1238400*a^2 + 2135040*a - 1353024 -192*a^5 + 4992*a^4 - 47904*a^3 + 208128*a^2 - 398880*a + 268416 -192*a^5 + 4992*a^4 - 47904*a^3 + 208128*a^2 - 398880*a + 268416 240*a^6 - 7824*a^5 + 101760*a^4 - 670272*a^3 + 2328048*a^2 - 3977136*a + 2598432 384*a^5 - 9696*a^4 + 90528*a^3 - 384096*a^2 + 723552*a - 482880 -48*a^6 + 1824*a^5 - 27360*a^4 + 204288*a^3 - 783792*a^2 + 1425696*a - 955392 -48*a^6 + 1248*a^5 - 12096*a^4 + 54624*a^3 - 123024*a^2 + 161280*a - 120000 288*a^5 - 7200*a^4 + 65760*a^3 - 266976*a^2 + 461568*a - 267264 192*a^6 - 6288*a^5 + 82080*a^4 - 541824*a^3 + 1882368*a^2 - 3209136*a + 2093280 48*a^5 - 1920*a^4 + 26304*a^3 - 154656*a^2 + 387792*a - 343968 -192*a^5 + 5664*a^4 - 62496*a^3 + 316320*a^2 - 719520*a + 591552 -96*a^6 + 2976*a^5 - 35904*a^4 + 211200*a^3 - 615072*a^2 + 776544*a - 256704 -288*a^5 + 8064*a^4 - 83808*a^3 + 393408*a^2 - 804096*a + 569664 -192*a^5 + 5568*a^4 - 61440*a^3 + 319296*a^2 - 772416*a + 688896 -96*a^5 + 2208*a^4 - 17664*a^3 + 57312*a^2 - 64032*a + 8448 48*a^5 - 1248*a^4 + 11712*a^3 - 46464*a^2 + 67152*a - 20832 -48*a^6 + 1392*a^5 - 15552*a^4 + 83904*a^3 - 222000*a^2 + 251088*a - 64224 144*a^5 - 3744*a^4 + 36384*a^3 - 163200*a^2 + 330384*a - 237984 -48*a^6 + 1584*a^5 - 20448*a^4 + 130080*a^3 - 421008*a^2 + 639024*a - 343008 384*a^5 - 9888*a^4 + 94944*a^3 - 420768*a^2 + 849312*a - 624576 -48*a^6 + 1824*a^5 - 27072*a^4 + 198720*a^3 - 749712*a^2 + 1354080*a - 912576 -288*a^5 + 7776*a^4 - 78240*a^3 + 359328*a^2 - 732480*a + 526848 -576*a^4 + 12768*a^3 - 98688*a^2 + 310944*a - 335040 -192*a^5 + 4800*a^4 - 43392*a^3 + 171072*a^2 - 274368*a + 128256 -48*a^6 + 1584*a^5 - 20640*a^4 + 134592*a^3 - 458064*a^2 + 763536*a - 483168 192*a^6 - 6048*a^5 + 75360*a^4 - 472128*a^3 + 1556640*a^2 - 2546976*a + 1621056 -48*a^6 + 1200*a^5 - 10848*a^4 + 42336*a^3 - 64848*a^2 + 29040*a - 10656 288*a^4 - 6240*a^3 + 46176*a^2 - 135456*a + 129792 96*a^4 - 1728*a^3 + 9120*a^2 - 10944*a - 10368 -240*a^5 + 6240*a^4 - 60288*a^3 + 266688*a^2 - 529872*a + 376224 -48*a^6 + 1584*a^5 - 20736*a^4 + 135648*a^3 - 455088*a^2 + 710640*a - 385824 144*a^5 - 3552*a^4 + 31968*a^3 - 126528*a^2 + 204624*a - 96288 48*a^5 - 1248*a^4 + 11616*a^3 - 46080*a^2 + 68400*a - 22368 288*a^5 - 7584*a^4 + 74784*a^3 - 341088*a^2 + 710592*a - 547584 over Number field with defining polynomial x^7-37*x^6+554*x^5-4306*x^4+18541*x^3-43733*x^2+52112*x-24140
a vector of length 176 over Number field with defining polynomial a number field of degree 12
a vector of length 176 over Number field with defining polynomial a number field of degree 104
a vector of length 176 over Number field with defining polynomial a number field of degree 49
For conductor 11, eigenvectors are:
a vector of length 19 over Number field with defining polynomial a number field of degree 19
For conductor 83, eigenvectors are:
-a a -1 0 a-1 1 a -1 0 a-1 a-1 -a -1 -1 -2 -a 0 -a-1 -1 0 -a over Number field with defining polynomial x^2+2*x-2
a vector of length 21 over Number field with defining polynomial a number field of degree 19
For conductor 913, eigenvectors are:
a vector of length 167 over Number field with defining polynomial a number field of degree 116
a vector of length 167 over Number field with defining polynomial a number field of degree 51
For conductor 1:
traces of hecke eigenvalues of T_{p^1} are:
15 40 156 400 2380 5220 7240 12720 25260 30784 52060 70644 81400 106080 151740 208920 230764 305320 363024 394420 499360 712980 922180 
computing eigenvalues for k = 1, took 318.931782 sec
traces of hecke eigenvalues of T_{p^2} are:
30 120 780 2800 
computing eigenvalues for k = 2, took 0.316176 sec
traces of hecke eigenvalues of T_{p^1} are:
-1 8 -26 23 -31 2 -38 -298 68 232 135 388 222 228 -54 -52 -482 1191 209 137 -764 384 -114 
computing eigenvalues for k = 1, took 14.057902 sec
traces of hecke eigenvalues of T_{p^2} are:
-6 4 48 0 
computing eigenvalues for k = 2, took 0.271506 sec
traces of hecke eigenvalues of T_{p^1} are:
14 22 62 132 444 488 832 1006 1884 1950 2866 3980 3724 4240 5232 7714 8404 9866 9546 10404 12956 14178 21206 
computing eigenvalues for k = 1, took 314.382025 sec
traces of hecke eigenvalues of T_{p^2} are:
12 8 60 256 
computing eigenvalues for k = 2, took 0.315772 sec
traces of hecke eigenvalues of T_{p^1} are:
37 73 193 346 1069 1994 2631 4023 6119 6524 8751 12181 13195 15942 19249 24699 26279 30067 35118 36220 43272 57686 66592 
computing eigenvalues for k = 1, took 303.759697 sec
traces of hecke eigenvalues of T_{p^2} are:
6 12 66 -32 
computing eigenvalues for k = 2, took 0.343245 sec
traces of hecke eigenvalues of T_{p^1} are:
16 -6 32 162 844 -914 280 -818 806 -18 3210 3134 -1048 -2760 -1468 1798 4430 6668 -7760 -3276 0 -14968 14328 
computing eigenvalues for k = 1, took 14.154631 sec
traces of hecke eigenvalues of T_{p^2} are:
38 94 292 636 
computing eigenvalues for k = 2, took 0.271513 sec
traces of hecke eigenvalues of T_{p^1} are:
-24 42 33 179 659 1412 807 -438 -821 1891 3755 670 5423 -1965 4675 -4114 8415 -1988 1289 25569 10112 4064 11994 
computing eigenvalues for k = 1, took 20.336102 sec
traces of hecke eigenvalues of T_{p^2} are:
-54 -217 -565 -515 
computing eigenvalues for k = 2, took 1.248929 sec
traces of hecke eigenvalues of T_{p^1} are:
284 566 1443 2689 9015 14751 18527 25941 41888 47989 67920 83527 92167 108026 138775 171062 184154 221135 247126 266770 308174 389320 462370 
computing eigenvalues for k = 1, took 317.815384 sec
traces of hecke eigenvalues of T_{p^2} are:
117 304 1014 1912 
computing eigenvalues for k = 2, took 0.378925 sec
For conductor 11:
traces of hecke eigenvalues of T_{p^1} are:
-37 -98 -164 -211 -634 -113 -72 484 -11 -1432 -1564 -248 158 -616 448 923 -4942 -1515 3333 -8239 1125 -6419 -6687 
computing eigenvalues for k = 1, took 753.279201 sec
traces of hecke eigenvalues of T_{p^2} are:
4 25 101 -173 
computing eigenvalues for k = 2, took 0.691058 sec
For conductor 83:
traces of hecke eigenvalues of T_{p^1} are:
-2 -8 -18 -22 -76 46 148 -282 -262 276 -760 372 -748 -272 144 1224 1450 486 -394 -400 2528 -1842 642 
computing eigenvalues for k = 1, took 412.386033 sec
traces of hecke eigenvalues of T_{p^2} are:
4 18 44 36 
computing eigenvalues for k = 2, took 0.715952 sec
traces of hecke eigenvalues of T_{p^1} are:
-51 -86 -108 -257 -498 -357 -382 228 181 -236 -1488 144 -710 -628 -672 1271 -4788 -2563 2965 -5151 -693 1715 -7565 
computing eigenvalues for k = 1, took 406.920079 sec
traces of hecke eigenvalues of T_{p^2} are:
20 13 -65 223 
computing eigenvalues for k = 2, took 0.714360 sec
For conductor 913:
traces of hecke eigenvalues of T_{p^1} are:
-5 51 -26 266 560 580 295 1056 -1667 276 3079 3551 6497 1087 1987 -421 1189 8038 -1519 18092 7262 -7859 39075 
computing eigenvalues for k = 1, took 150.383373 sec
traces of hecke eigenvalues of T_{p^2} are:
-83 -179 -483 -991 
computing eigenvalues for k = 2, took 5.328032 sec
traces of hecke eigenvalues of T_{p^1} are:
286 588 1485 2723 8949 15295 19053 26947 43630 50563 71234 86851 94745 112976 143199 180352 190784 229331 255058 271030 318322 406330 481032 
computing eigenvalues for k = 1, took 592.669914 sec
traces of hecke eigenvalues of T_{p^2} are:
93 312 954 1384 
computing eigenvalues for k = 2, took 9.042553 sec
