constructing eigenvector for poly
x-15
constructing eigenvector for poly
x^87+47*x^86+562*x^85-7168*x^84-210242*x^83-401897*x^82+28743370*x^81+206876297*x^80-2068044271*x^79-26872905589*x^78+71143369397*x^77+2075584781178*x^76+1094615340360*x^75-111315206450554*x^74-285922674826490*x^73+4408711739080702*x^72+18905896760009092*x^71-132346664681140390*x^70-811441218630035254*x^69+3011745362419756748*x^68+26038637981105104472*x^67-49913999248934656612*x^66-659700823151525997061*x^65+503407691449238712956*x^64+13573425891879450183467*x^63+796805613299507593655*x^62-230621551941328015629353*x^61-159084535051188934386504*x^60+3269657312705967442678409*x^59+3944657369852776837549281*x^58-38926630841883087423301109*x^57-64466628151470476005975050*x^56+390420301328702829261345804*x^55+809592190841396868197828493*x^54-3300182229692614641661609336*x^53-8219121514530442052024853184*x^52+23448538780811795146733250996*x^51+69007668565290442003738578244*x^50-139110795084887717065351504031*x^49-484694628628418480187557469771*x^48+680021191230061972752007403521*x^47+2864215129583631108016012882448*x^46-2667797291123201670485105018712*x^45-14269515682515136227074022341425*x^44+7905212202032199167690430931097*x^43+59898337068825552477278976522790*x^42-14455925353285088497946446522168*x^41-211220589352962881086608942628643*x^40-5582203086110418320984927388353*x^39+622355977030512792289359409990346*x^38+164475590396426985095254231311681*x^37-1519665767031426596985732090517635*x^36-737481133168476975143310140969776*x^35+3038229106008816878460411011586383*x^34+2137948963294581830369957981100393*x^33-4884809360861448192310499597864030*x^32-4590348585224864770194333422810779*x^31+6137754434717933841148176296356049*x^30+7560775289989586363555486826393406*x^29-5720221830975313246132264070864827*x^28-9603761320574329563169280705510005*x^27+3482595994825970005510251238675744*x^26+9314887418587987152897214507022112*x^25-693732719353326715540429667234132*x^24-6748280306958688892694424667086096*x^23-1028232086581442694747601791454550*x^22+3519204982268787821061969861497255*x^21+1234949101813981940525230494597539*x^20-1239639826074877442061547658520710*x^19-699536518320537280240225901088770*x^18+256564798502334975730247474063103*x^17+236177486740174166009329379428980*x^16-15878694183769704559216602228168*x^15-47714417780898214071933582466663*x^14-5477726235062181810382202698370*x^13+5230888608074807707896176345962*x^12+1367868672912032299999511136439*x^11-216819195329490128000034604073*x^10-112463267276479207721199050207*x^9-4807497190580601646839309933*x^8+2680883713784196569937448318*x^7+262628238829632835894302410*x^6-25047045599528396827539076*x^5-3092243375880301680885868*x^4+93498628855313140008744*x^3+10258456215304979502120*x^2-29793369146353938048*x-818885713821799504
constructing eigenvector for poly
x^65-378*x^64+69964*x^63-8451704*x^62+749386734*x^61-52003999695*x^60+2941093214822*x^59-139378293521466*x^58+5647861339411604*x^57-198720558146629911*x^56+6144530681349026490*x^55-168578742843492004915*x^54+4136176988349333770745*x^53-91349746416626021794035*x^52+1826001756526320652119281*x^51-33188756638592371617615055*x^50+550671112300943331169719279*x^49-8369080391948131809520345835*x^48+116846787431899507664093226464*x^47-1502473261387678946531098013799*x^46+17831891812080429779300686075019*x^45-195708873636843273404653851025382*x^44+1989553028125852091471448205110847*x^43-18760414265742210284953629987623435*x^42+164282827991209403369806115812507597*x^41-1337350196196803848208889086631375555*x^40+10129036849413805056803366206686424314*x^39-71426615912689822139251621308999213633*x^38+469198362566958397319434906941059847257*x^37-2872323311081402635723562338344871027680*x^36+16391162081178676198575768398982088876839*x^35-87206793445320901558099514652823418617641*x^34+432580093269889863197504910185959098504276*x^33-2000404027806042324728293701647305071947771*x^32+8622068038140522188811230423267051383804936*x^31-34626077197874719239093064983746542366923221*x^30+129507864413329736790693881879459220278991827*x^29-450857042980850500961359112068576420872120311*x^28+1459904299012735651149299307331232743901111907*x^27-4393262946975276299025157019344551841946802143*x^26+12274392419790992211599162157189324744679582747*x^25-31803116408838974012197363725845461180815497174*x^24+76318922018096418247559064525648540150127802936*x^23-169373969095106638871238737276222259179802670296*x^22+347046438808402511264767009396989964023687928290*x^21-655294012750516410861774558534700616716157489377*x^20+1137808953810481635428216226323754220486297364032*x^19-1812367461348985119854615507243928246606449636132*x^18+2641144782173144571878165080433875969537812261184*x^17-3510576259777466676109677784655593470595798667408*x^16+4241279623707215550693506570847477788738534248832*x^15-4639048895493910380811630502118204538025187302080*x^14+4573036258195277417311422111382337867686091260288*x^13-4041574540753196412743182453148568637130698207744*x^12+3182884042878363932277641858170026612397175034880*x^11-2217704421598502998910117040220030235180455543808*x^10+1355480382261070735511761823244801789155791826944*x^9-719294322497369974999133194945511746428172996608*x^8+327201180253522193993941999509251021755843264512*x^7-125553696834473556250613800541858536854003777536*x^6+39795408035658905232299829813861772123101102080*x^5-10125491891808314101030063523468598285418889216*x^4+1984569549315386120244568999581322811788754944*x^3-280779326948437525925291456877068424768913408*x^2+25478217948637073537856724298704194776334336*x-1111610296633330658590694349244914132320256
constructing eigenvector for poly
x^7+23*x^6+215*x^5+1055*x^4+2912*x^3+4450*x^2+3368*x+887
computing eigenvectors took 4.620951 sec
For conductor 1, eigenvectors are:
-1 -1 -1 -1 -1 -1 -1 -1 -1 -1 -1 -1 -1 -1 -1 -1 -1 -1 -1 -1 -1 -1 -1 -1 -1 -1 -1 -1 -1 -1 -1 -1 -1 -1 -1 -1 -1 -1 -1 -1 -1 -1 -1 -1 -1 -1 -1 -1 -1 -1 -1 -1 -1 -1 -1 -1 -1 -1 -1 -1 -1 -1 -1 -1 -1 -1 -1 -1 -1 -1 -1 -1 -1 -1 -1 -1 -1 -1 -1 -1 -1 -1 -1 -1 -1 -1 -1 -1 -1 -1 -1 -1 -1 -1 -1 -1 -1 -1 -1 -1 -1 -1 -1 -1 -1 -1 -1 -1 -1 -1 -1 -1 -1 -1 -1 -1 -1 -1 -1 -1 -1 -1 -1 -1 -1 -1 -1 -1 -1 -1 -1 -1 -1 -1 -1 -1 -1 -1 -1 -1 -1 -1 -1 -1 -1 -1 -1 -1 -1 -1 -1 -1 -1 over Number field with defining polynomial x-15
a vector of length 153 over Number field with defining polynomial a number field of degree 87
a vector of length 153 over Number field with defining polynomial a number field of degree 65
For conductor 541, eigenvectors are:
a^5 + 15*a^4 + 87*a^3 + 245*a^2 + 337*a + 183 -a^5 - 14*a^4 - 72*a^3 - 161*a^2 - 133*a - 4 a^6 + 19*a^5 + 143*a^4 + 540*a^3 + 1059*a^2 + 983*a + 303 -a^5 - 14*a^4 - 72*a^3 - 165*a^2 - 154*a - 30 -a^5 - 14*a^4 - 76*a^3 - 198*a^2 - 243*a - 108 -2*a^4 - 23*a^3 - 94*a^2 - 161*a - 97 -a^4 - 11*a^3 - 43*a^2 - 69*a - 36 over Number field with defining polynomial x^7+23*x^6+215*x^5+1055*x^4+2912*x^3+4450*x^2+3368*x+887
For conductor 1:
traces of hecke eigenvalues of T_{p^1} are:
15 40 156 400 1464 2380 5220 7240 12720 25260 30784 52060 70644 81400 106080 151740 208920 230764 305320 363024 394420 499360 578760 712980 922180 
computing eigenvalues for k = 1, took 30.208997 sec
traces of hecke eigenvalues of T_{p^2} are:
30 120 780 2800 
computing eigenvalues for k = 2, took 0.282382 sec
traces of hecke eigenvalues of T_{p^1} are:
-47 -78 -15 103 -144 670 -259 632 -422 2924 2992 6938 417 3525 -1672 -387 -4238 9927 3864 -9846 2736 6736 -8696 -564 -1117 
computing eigenvalues for k = 1, took 16.705685 sec
traces of hecke eigenvalues of T_{p^2} are:
-70 -100 -156 -653 
computing eigenvalues for k = 2, took 0.689878 sec
traces of hecke eigenvalues of T_{p^1} are:
378 737 1864 3578 8074 11689 19514 24007 35262 55441 63252 90609 109489 121859 144688 184564 221826 243373 294160 325101 349140 408604 445012 512378 614626 
computing eigenvalues for k = 1, took 31.200731 sec
traces of hecke eigenvalues of T_{p^2} are:
159 348 1044 2624 
computing eigenvalues for k = 2, took 0.444752 sec
For conductor 541:
traces of hecke eigenvalues of T_{p^1} are:
-23 -43 -49 -69 21 -144 81 -271 261 -300 -535 -704 -885 -360 1186 -69 85 -1340 1187 654 -1337 -234 2171 -1166 -559 
computing eigenvalues for k = 1, took 704.719285 sec
traces of hecke eigenvalues of T_{p^2} are:
14 38 6 -39 
computing eigenvalues for k = 2, took 0.625878 sec
