constructing eigenvector for poly
x^72-75*x^71+1636*x^70+15976*x^69-1205199*x^68+11637916*x^67+260759023*x^66-6130425777*x^65-1996682618*x^64+1246908677372*x^63-9373507338346*x^62-121336707436290*x^61+2030340956273241*x^60+1933172089789259*x^59-220981100662590239*x^58+972603339541709587*x^57+13482827349258761244*x^56-133446886875541140930*x^55-323746436591283314883*x^54+9296937330983042008337*x^53-17874501436380271159536*x^52-390066212454264128514328*x^51+2113355599844504000907490*x^50+8863853228383069706270538*x^49-103738350417092111972745799*x^48+4811387880074279165008239*x^47+3100340816010835090173900163*x^46-8101843461333912142726699756*x^45-57233367245283024486908971486*x^44+315042111392761329348113930382*x^43+488213429810118566213589833716*x^42-6909383669217879647910196411968*x^41+5251979211242838514221911398436*x^40+97440419212132109693791439307948*x^39-246454414240864622497774337498637*x^38-839348557394428577542250344858625*x^37+4220416511437929130498955833700912*x^36+2541638553205278520275402834026610*x^35-44464446049999809095467320517455147*x^34+38497375911829858089806112625798121*x^33+304294174214656333153070459346169914*x^32-655047849697793518582200981756978009*x^31-1219046572870878327680985341928037998*x^30+5247379114051534356579106446393894026*x^29+901306297660493860860956922266063153*x^28-26226008121635712772382691578134043462*x^27+21608793259108187599825741054540819051*x^26+82234225871359489177804328876744031063*x^25-148344870889991111606741104662228069366*x^24-131753027961537441945138023103963359330*x^23+519377129321930204095171015539770348250*x^22-72674744243354055829621106765222209888*x^21-1084416757643047599105006007575983371357*x^20+895515609444857392405441691493911713157*x^19+1241637204733808612881411747469800596397*x^18-2100977505645876461851159142272960192029*x^17-334910367571019754870515952777035913448*x^16+2492497934021655811841459183041216386006*x^15-1001214242447088244652948998161698345103*x^14-1470284962511949769978368069160363729766*x^13+1325854010934277747557756019870235296357*x^12+243961999388998894274936724667647052987*x^11-675098075602992249442744969438555871377*x^10+137948423816326344130742865458959428658*x^9+151279958310048137654481646908415701564*x^8-69700470474868969939553645956779403893*x^7-10854383568918651159288978709681884809*x^6+11228703178694325756134129348597198668*x^5-666130482600938550112797754074575941*x^4-718809539663647182897258021214286135*x^3+105882547765245449179931210074525492*x^2+14450464593366727238501650288867281*x-2698730911649646627845133756111403
constructing eigenvector for poly
x-40
constructing eigenvector for poly
x^35-8*x^34-468*x^33+3353*x^32+93156*x^31-594418*x^30-10477442*x^29+59237154*x^28+745291824*x^27-3729103564*x^26-35489409144*x^25+157949049706*x^24+1166333061889*x^23-4675390420324*x^22-26855008024571*x^21+98942581893123*x^20+434722488114688*x^19-1513946092809091*x^18-4909302130855598*x^17+16762862591050042*x^16+37838092159946013*x^15-132942464642165006*x^14-190133334093471168*x^13+738387822394267403*x^12+561509163550370528*x^11-2769983470311642348*x^10-665807466113192942*x^9+6663039926548957576*x^8-1006681522321566661*x^7-9529270085156211710*x^6+4339685189849918011*x^5+6964977036687846427*x^4-5186383741364346913*x^3-1477450250150297067*x^2+2136872123263951942*x-488792092534616057
constructing eigenvector for poly
x^43-501*x^42+121897*x^41-19191862*x^40+2198172940*x^39-195227582015*x^38+13994386395691*x^37-832124044671306*x^36+41863423748423045*x^35-1808632657707530916*x^34+67877592545593277288*x^33-2233067259096509166122*x^32+64867970489147409739023*x^31-1673637866389434788824157*x^30+38536008420587490745425692*x^29-794930982396648723112402383*x^28+14737056793900965609430360298*x^27-246149057917089863517213884216*x^26+3711431010122915886599654307064*x^25-50591662454865591443579235335801*x^24+624104835288696190553805009580299*x^23-6971808276697559212327131390818428*x^22+70540882547609298131525437523595408*x^21-646362660984822074861744711654920879*x^20+5360655568892008846071579515450320072*x^19-40203323682697143694329674100714920843*x^18+272286258566518556942914815469433434318*x^17-1662394445371371180297383968359502870512*x^16+9128512224521243173864418769465550898896*x^15-44957048755106931133106468322802624472869*x^14+197891388120938692950456603410690098254585*x^13-775288164540383726222523913258771111193992*x^12+2689631964941436099970004538056310684331150*x^11-8211495640305245183764556487653861229713871*x^10+21895316523368648081425131429050255819823601*x^9-50511712883519474437365975200262509247030430*x^8+99632690143141422796069778181795689138301754*x^7-165489101917112473694994054124574744631953053*x^6+226853632641638597716278787319951117846632175*x^5-249620882110433382617994684365850381608456722*x^4+211743592801242915638148643325908966517344259*x^3-129852336685474808512728487524082922317772370*x^2+51188568251880275359848797946241106786647672*x-9730826417920479330525231208408388564281816
constructing eigenvector for poly
x^27-314*x^26+46988*x^25-4460052*x^24+301516940*x^23-15453825848*x^22+624126267168*x^21-20379919957589*x^20+547812842445116*x^19-12278425893525927*x^18+231602807205931854*x^17-3700561930684895916*x^16+50305134875457980535*x^15-583300636361371016926*x^14+5774667527812916704297*x^13-48784178547370983953817*x^12+350957720686108681108642*x^11-2142210550310188576844875*x^10+11033692149267477359673218*x^9-47589402581242207420365691*x^8+170107549875730322606127664*x^7-496904550933284067083950713*x^6+1163680304892962129951141280*x^5-2126633021675096841383126031*x^4+2914364193545097593404144623*x^3-2809911315277560632933169549*x^2+1695271349529634986934835517*x-480201937172513434825386345
constructing eigenvector for poly
x^7+61*x^6+1570*x^5+22079*x^4+182909*x^3+890153*x^2+2346225*x+2565973
constructing eigenvector for poly
x^35-8*x^34-468*x^33+3353*x^32+93156*x^31-594418*x^30-10477442*x^29+59237154*x^28+745291824*x^27-3729103564*x^26-35489409144*x^25+157949049706*x^24+1166333061889*x^23-4675390420324*x^22-26855008024571*x^21+98942581893123*x^20+434722488114688*x^19-1513946092809091*x^18-4909302130855598*x^17+16762862591050042*x^16+37838092159946013*x^15-132942464642165006*x^14-190133334093471168*x^13+738387822394267403*x^12+561509163550370528*x^11-2769983470311642348*x^10-665807466113192942*x^9+6663039926548957576*x^8-1006681522321566661*x^7-9529270085156211710*x^6+4339685189849918011*x^5+6964977036687846427*x^4-5186383741364346913*x^3-1477450250150297067*x^2+2136872123263951942*x-488792092534616057
constructing eigenvector for poly
x+5
constructing eigenvector for poly
x^21+136*x^20+8561*x^19+331360*x^18+8833576*x^17+172122207*x^16+2537883039*x^15+28909912983*x^14+257333741287*x^13+1796656855095*x^12+9800662674741*x^11+41182429069629*x^10+129001463857408*x^9+277723361596268*x^8+300449751944621*x^7-343157604625664*x^6-2168661695611056*x^5-4528850110152049*x^4-5356824331189477*x^3-3570424334458049*x^2-1063935210928367*x-15899488653883
constructing eigenvector for poly
x^6+41*x^5+626*x^4+4375*x^3+13744*x^2+15577*x+1699
constructing eigenvector for poly
x+5
constructing eigenvector for poly
x^6+41*x^5+626*x^4+4375*x^3+13744*x^2+15577*x+1699
constructing eigenvector for poly
x^22-241*x^21+27386*x^20-1951121*x^19+97754154*x^18-3661679904*x^17+106431169664*x^16-2459122542738*x^15+45899377462630*x^14-699482728177910*x^13+8761381104584152*x^12-90504967158480915*x^11+771483588607055714*x^10-5415116870377410999*x^9+31142329587870448714*x^8-145536005866563891794*x^7+545885946062009213605*x^6-1614237141680544196533*x^5+3666265931368620513289*x^4-6148091485579584541685*x^3+7140866936238577290998*x^2-5104426716460639116240*x+1681314973153177084141
constructing eigenvector for poly
x^82+39*x^81-387*x^80-31971*x^79-59282*x^78+12208394*x^77+75797608*x^76-2895896991*x^75-25465179797*x^74+480053419080*x^73+5159120892283*x^72-59319464269860*x^71-738604626237290*x^70+5691982951303291*x^69+80068442906091617*x^68-436361975508187759*x^67-6833865376968067055*x^66+27300462313696857735*x^65+470817339465106690911*x^64-1417446695260128491723*x^63-26632208804701436245487*x^62+61918100357592475906019*x^61+1251840723609707688454713*x^60-2301634297970990000372177*x^59-49318970254052829149177842*x^58+73468183161227294707623025*x^57+1638569444629362928238840547*x^56-2026759896781628753244637323*x^55-46105662488703184399381707973*x^54+48484608091551997127371967676*x^53+1101799294199899393642870120263*x^52-1005814042067207338216178304235*x^51-22398644089739086521009356645164*x^50+18037950058120689910531889483632*x^49+387617378746818810053929647847869*x^48-278053290913282318908126874481806*x^47-5709202018641826238104996528004112*x^46+3656167878130816931764986920298659*x^45+71505083159124482568076087579345690*x^44-40639905686033905215919225737546199*x^43-760268947743820987101913109424368107*x^42+377910821250616118209349752591913518*x^41+6845683358367401152617497839318610724*x^40-2903864389565665959631519611665038277*x^39-52033079317971699378224953276912590336*x^38+18148048785528129491687770090203300064*x^37+332469968945382702644188997685736414833*x^36-90149678413435020874706950150443226766*x^35-1776588354877750395446913605583830717531*x^34+342108140863246871865308084970353547094*x^33+7889254673850562119285731468323890212026*x^32-906884957987699334024119519528436621362*x^31-28893656192707511671192844018370034714000*x^30+1174358911842611955115276000660718026988*x^29+86494104365162574246692543055114081905798*x^28+2411603285293452936589948876069280115339*x^27-209427567737502300507960234142266550459786*x^26-18474058447204403414005948807542626246199*x^25+405211454936098659586355705697601492524347*x^24+55982568074112013988361064442516580148380*x^23-617869678698411779897789442947884010622189*x^22-108669655059501674664525039937698678292780*x^21+730791787091791955170608033192869688077851*x^20+146198037503307309782978385741744514214464*x^19-658400546570599618047449924543986999234136*x^18-138356459755606472010739379193727910059880*x^17+442383989286904207308124306758488122205364*x^16+91464051341866186725932127327232328434487*x^15-216064568616717368631399038088563885519690*x^14-41491651945672720480507816688902951871376*x^13+74242681873207522493702912987618236052103*x^12+12600910956358529655441232516062556822644*x^11-17185427243946064251903436961554807305329*x^10-2481011390328583459839475807519341425981*x^9+2524692562902401139563045919918436959278*x^8+299752257495108368860699231166411734565*x^7-215675746447186346593393283589911926018*x^6-19578379449234625945793198216971835543*x^5+9353226091106725766618679228964993666*x^4+486611724774517054310377104939557067*x^3-174172667229757157954850661501329571*x^2-1282867205164257510128454243584305*x+616229248916517358157640444834089
computing eigenvectors took 9.899012 sec
For conductor 1, eigenvectors are:
a vector of length 178 over Number field with defining polynomial a number field of degree 72
-1 -1 -1 -1 -1 -1 -1 -1 -1 -1 -1 -1 -1 -1 -1 -1 -1 -1 -1 -1 -1 -1 -1 -1 -1 -1 -1 -1 -1 -1 -1 -1 -1 -1 -1 -1 -1 -1 -1 -1 -1 -1 -1 -1 -1 -1 -1 -1 -1 -1 -1 -1 -1 -1 -1 -1 -1 -1 -1 -1 -1 -1 -1 -1 -1 -1 -1 -1 -1 -1 -1 -1 -1 -1 -1 -1 -1 -1 -1 -1 -1 -1 -1 -1 -1 -1 -1 -1 -1 -1 -1 -1 -1 -1 -1 -1 -1 -1 -1 -1 -1 -1 -1 -1 -1 -1 -1 -1 -1 -1 -1 -1 -1 -1 -1 -1 -1 -1 -1 -1 -1 -1 -1 -1 -1 -1 -1 -1 -1 -1 -1 -1 -1 -1 -1 -1 -1 -1 -1 -1 -1 -1 -1 -1 -1 -1 -1 -1 -1 -1 -1 -1 -1 -1 -1 -1 -1 -1 -1 -1 -1 -1 -1 -1 -1 -1 -1 -1 -1 -1 -1 -1 -1 -1 -1 -1 -1 -1 over Number field with defining polynomial x-40
a vector of length 178 over Number field with defining polynomial a number field of degree 35
a vector of length 178 over Number field with defining polynomial a number field of degree 43
a vector of length 178 over Number field with defining polynomial a number field of degree 27
For conductor 2, eigenvectors are:
0 -6*a^5 - 252*a^4 - 4188*a^3 - 34352*a^2 - 138658*a - 219382 2*a^6 + 102*a^5 + 2138*a^4 + 23538*a^3 + 143218*a^2 + 455070*a + 586872 6*a^5 + 244*a^4 + 3950*a^3 + 31824*a^2 + 127650*a + 204064 0 0 -2*a^5 - 94*a^4 - 1768*a^3 - 16644*a^2 - 78464*a - 148246 2*a^6 + 100*a^5 + 2052*a^4 + 22054*a^3 + 130360*a^2 + 399072*a + 488700 -2*a^6 - 100*a^5 - 2052*a^4 - 22054*a^3 - 130360*a^2 - 399072*a - 488700 0 2*a^6 + 102*a^5 + 2128*a^4 + 23152*a^3 + 137674*a^2 + 419924*a + 503834 -2*a^6 - 102*a^5 - 2138*a^4 - 23538*a^3 - 143218*a^2 - 455070*a - 586872 0 0 0 -a^6 - 51*a^5 - 1073*a^4 - 11911*a^3 - 73502*a^2 - 238768*a - 318473 a^5 + 29*a^4 + 241*a^3 - 296*a^2 - 12134*a - 40760 -a^6 - 48*a^5 - 947*a^4 - 9794*a^3 - 55697*a^2 - 163710*a - 191404 -13*a^4 - 454*a^3 - 5929*a^2 - 34310*a - 74215 2*a^5 + 85*a^4 + 1437*a^3 + 12062*a^2 + 50175*a + 82541 5*a^5 + 202*a^4 + 3219*a^3 + 25202*a^2 + 96427*a + 143054 5*a^5 + 202*a^4 + 3219*a^3 + 25202*a^2 + 96427*a + 143054 -9*a^4 - 312*a^3 - 4036*a^2 - 23077*a - 49178 3*a^5 + 126*a^4 + 2094*a^3 + 17176*a^2 + 69329*a + 109691 a^5 + 38*a^4 + 549*a^3 + 3657*a^2 + 10426*a + 7567 a^6 + 52*a^5 + 1120*a^4 + 12772*a^3 + 81195*a^2 + 272271*a + 375218 0 -2*a^5 - 85*a^4 - 1437*a^3 - 12062*a^2 - 50175*a - 82541 -a^6 - 51*a^5 - 1073*a^4 - 11911*a^3 - 73502*a^2 - 238768*a - 318473 -a^6 - 51*a^5 - 1064*a^4 - 11576*a^3 - 68837*a^2 - 209962*a - 251917 0 -a^6 - 51*a^5 - 1069*a^4 - 11769*a^3 - 71609*a^2 - 227535*a - 293436 0 -a^6 - 51*a^5 - 1069*a^4 - 11769*a^3 - 71609*a^2 - 227535*a - 293436 -13*a^4 - 454*a^3 - 5929*a^2 - 34310*a - 74215 -3*a^5 - 122*a^4 - 1975*a^3 - 15912*a^2 - 63825*a - 102032 -a^5 - 43*a^4 - 742*a^3 - 6429*a^2 - 27999*a - 49086 -a^5 - 51*a^4 - 1003*a^3 - 9586*a^2 - 44736*a - 81782 -4*a^4 - 119*a^3 - 1264*a^2 - 5504*a - 7659 9*a^4 + 312*a^3 + 4036*a^2 + 23077*a + 49178 4*a^5 + 164*a^4 + 2670*a^3 + 21545*a^2 + 86001*a + 135487 a^5 + 47*a^4 + 884*a^3 + 8322*a^2 + 39232*a + 74123 over Number field with defining polynomial x^7+61*x^6+1570*x^5+22079*x^4+182909*x^3+890153*x^2+2346225*x+2565973
a vector of length 42 over Number field with defining polynomial a number field of degree 35
For conductor 419, eigenvectors are:
0 0 0 0 1 -1 0 0 0 0 0 0 0 -1 0 1 1 0 0 -1 0 0 1 0 1 0 0 -1 over Number field with defining polynomial x+5
a vector of length 28 over Number field with defining polynomial a number field of degree 21
a^4 + 10*a^3 - 163*a^2 - 1808*a - 2948 -a^5 - 32*a^4 - 345*a^3 - 1333*a^2 - 600*a + 2227 0 -a^4 - 11*a^3 + 106*a^2 + 1328*a + 2556 -2*a^4 - 66*a^3 - 766*a^2 - 3493*a - 4403 -a^5 - 37*a^4 - 486*a^3 - 2645*a^2 - 5298*a - 3239 0 -a^3 - 57*a^2 - 480*a - 392 a^5 + 37*a^4 + 483*a^3 + 2605*a^2 + 5062*a + 2609 -a^5 - 39*a^4 - 552*a^3 - 3411*a^2 - 8791*a - 7642 a^5 + 37*a^4 + 483*a^3 + 2605*a^2 + 5062*a + 2609 0 0 -a^5 - 36*a^4 - 463*a^3 - 2576*a^2 - 5956*a - 4960 a^5 + 37*a^4 + 483*a^3 + 2605*a^2 + 5062*a + 2609 -2*a^4 - 65*a^3 - 709*a^2 - 3013*a - 4011 -2*a^4 - 65*a^3 - 709*a^2 - 3013*a - 4011 -a^5 - 37*a^4 - 483*a^3 - 2605*a^2 - 5062*a - 2609 -a^5 - 38*a^4 - 493*a^3 - 2442*a^2 - 3254*a + 339 a^5 + 35*a^4 + 421*a^3 + 1936*a^2 + 2285*a - 772 -a^4 - 10*a^3 + 163*a^2 + 1808*a + 2948 -a^5 - 39*a^4 - 538*a^3 - 3122*a^2 - 7161*a - 6023 -a^5 - 34*a^4 - 397*a^3 - 1810*a^2 - 2463*a - 557 -2*a^4 - 69*a^3 - 806*a^2 - 3729*a - 5033 -2*a^4 - 66*a^3 - 766*a^2 - 3493*a - 4403 a^4 + 10*a^3 - 163*a^2 - 1808*a - 2948 a^4 + 24*a^3 + 126*a^2 - 178*a - 1329 -4*a^4 - 131*a^3 - 1475*a^2 - 6506*a - 8414 over Number field with defining polynomial x^6+41*x^5+626*x^4+4375*x^3+13744*x^2+15577*x+1699
For conductor 838, eigenvectors are:
0 0 0 0 0 0 0 -6 0 0 0 0 0 0 -6 0 0 -4 0 0 0 0 0 -4 4 0 4 0 0 4 0 2 2 0 0 -2 0 2 2 -4 2 2 0 0 0 0 0 0 2 0 0 2 0 0 0 0 0 0 0 0 0 -2 0 2 0 0 2 0 -2 -2 0 -2 0 -2 2 0 -2 -2 0 2 0 2 0 0 0 0 -2 -1 1 0 2 0 0 0 0 0 1 0 -1 -1 0 0 1 0 0 1 0 1 0 0 -1 over Number field with defining polynomial x+5
0 0 0 0 0 0 0 6*a^5 + 192*a^4 + 2178*a^3 + 10314*a^2 + 17676*a + 2484 0 24*a^4 + 642*a^3 + 5286*a^2 + 13110*a + 558 96*a^3 + 1722*a^2 + 6672*a + 1032 0 -24*a^4 - 552*a^3 - 3906*a^2 - 9318*a - 1878 -24*a^4 - 642*a^3 - 5286*a^2 - 13110*a - 558 -54*a^3 - 810*a^2 - 2604*a - 1230 0 0 4*a^5 + 128*a^4 + 1452*a^3 + 6876*a^2 + 11784*a + 1656 0 0 0 -64*a^3 - 1148*a^2 - 4448*a - 688 16*a^4 + 368*a^3 + 2604*a^2 + 6212*a + 1252 -4*a^5 - 128*a^4 - 1416*a^3 - 6336*a^2 - 10048*a - 836 4*a^5 + 128*a^4 + 1416*a^3 + 6336*a^2 + 10048*a + 836 0 36*a^3 + 540*a^2 + 1736*a + 820 -12*a^4 - 280*a^3 - 2092*a^2 - 4852*a - 780 0 36*a^3 + 540*a^2 + 1736*a + 820 0 -2*a^5 - 64*a^4 - 726*a^3 - 3438*a^2 - 5892*a - 828 -12*a^3 - 190*a^2 - 396*a + 850 0 0 -6*a^4 - 158*a^3 - 1316*a^2 - 3294*a - 800 0 -2*a^5 - 70*a^4 - 866*a^3 - 4484*a^2 - 8318*a - 1218 -2*a^5 - 64*a^4 - 726*a^3 - 3438*a^2 - 5892*a - 828 18*a^3 + 270*a^2 + 868*a + 410 -2*a^5 - 64*a^4 - 726*a^3 - 3438*a^2 - 5892*a - 828 -2*a^5 - 72*a^4 - 910*a^3 - 4740*a^2 - 8998*a - 1454 32*a^3 + 574*a^2 + 2224*a + 344 0 0 -8*a^4 - 184*a^3 - 1302*a^2 - 3106*a - 626 0 -32*a^3 - 574*a^2 - 2224*a - 344 2*a^5 + 64*a^4 + 708*a^3 + 3168*a^2 + 5024*a + 418 0 0 -8*a^4 - 196*a^3 - 1492*a^2 - 3502*a + 224 8*a^4 + 214*a^3 + 1762*a^2 + 4370*a + 186 0 8*a^4 + 184*a^3 + 1302*a^2 + 3106*a + 626 -32*a^3 - 574*a^2 - 2224*a - 344 0 6*a^4 + 140*a^3 + 1046*a^2 + 2426*a + 390 32*a^3 + 574*a^2 + 2224*a + 344 8*a^4 + 214*a^3 + 1762*a^2 + 4370*a + 186 0 -2*a^5 - 72*a^4 - 922*a^3 - 4930*a^2 - 9394*a - 604 -8*a^4 - 216*a^3 - 1876*a^2 - 5330*a - 970 6*a^4 + 158*a^3 + 1316*a^2 + 3294*a + 800 8*a^4 + 214*a^3 + 1762*a^2 + 4370*a + 186 -6*a^4 - 140*a^3 - 1046*a^2 - 2426*a - 390 2*a^5 + 64*a^4 + 708*a^3 + 3168*a^2 + 5024*a + 418 8*a^4 + 214*a^3 + 1762*a^2 + 4370*a + 186 -2*a^5 - 64*a^4 - 708*a^3 - 3168*a^2 - 5024*a - 418 2*a^5 + 64*a^4 + 726*a^3 + 3438*a^2 + 5892*a + 828 0 -2*a^5 - 64*a^4 - 708*a^3 - 3168*a^2 - 5024*a - 418 -30*a^3 - 460*a^2 - 1264*a + 440 -18*a^3 - 270*a^2 - 868*a - 410 18*a^3 + 270*a^2 + 868*a + 410 8*a^4 + 216*a^3 + 1876*a^2 + 5330*a + 970 -2*a^5 - 64*a^4 - 708*a^3 - 3168*a^2 - 5024*a - 418 -18*a^3 - 270*a^2 - 868*a - 410 6*a^4 + 140*a^3 + 1046*a^2 + 2426*a + 390 2*a^5 + 72*a^4 + 922*a^3 + 4930*a^2 + 9394*a + 604 6*a^4 + 140*a^3 + 1046*a^2 + 2426*a + 390 18*a^3 + 270*a^2 + 868*a + 410 -32*a^3 - 574*a^2 - 2224*a - 344 -3*a^4 - 70*a^3 - 523*a^2 - 1213*a - 195 a^5 + 39*a^4 + 534*a^3 + 3028*a^2 + 6146*a + 1127 0 3*a^4 + 79*a^3 + 658*a^2 + 1647*a + 400 a^5 + 32*a^4 + 363*a^3 + 1719*a^2 + 2946*a + 414 -a^5 - 36*a^4 - 455*a^3 - 2370*a^2 - 4499*a - 727 0 -9*a^3 - 135*a^2 - 434*a - 205 16*a^3 + 287*a^2 + 1112*a + 172 -4*a^4 - 92*a^3 - 651*a^2 - 1553*a - 313 -16*a^3 - 287*a^2 - 1112*a - 172 0 0 a^5 + 36*a^4 + 461*a^3 + 2465*a^2 + 4697*a + 302 16*a^3 + 287*a^2 + 1112*a + 172 -a^5 - 32*a^4 - 354*a^3 - 1584*a^2 - 2512*a - 209 -a^5 - 32*a^4 - 354*a^3 - 1584*a^2 - 2512*a - 209 16*a^3 + 287*a^2 + 1112*a + 172 3*a^4 + 54*a^3 + 236*a^2 + 101*a + 23 4*a^4 + 101*a^3 + 786*a^2 + 1987*a + 518 3*a^4 + 70*a^3 + 523*a^2 + 1213*a + 195 7*a^4 + 177*a^3 + 1404*a^2 + 3398*a + 288 -4*a^4 - 98*a^3 - 746*a^2 - 1751*a + 112 -4*a^4 - 108*a^3 - 938*a^2 - 2665*a - 485 -a^5 - 32*a^4 - 363*a^3 - 1719*a^2 - 2946*a - 414 -3*a^4 - 70*a^3 - 523*a^2 - 1213*a - 195 15*a^3 + 230*a^2 + 632*a - 220 -9*a^3 - 135*a^2 - 434*a - 205 over Number field with defining polynomial x^6+41*x^5+626*x^4+4375*x^3+13744*x^2+15577*x+1699
a vector of length 111 over Number field with defining polynomial a number field of degree 22
a vector of length 111 over Number field with defining polynomial a number field of degree 82
For conductor 1:
traces of hecke eigenvalues of T_{p^1} are:
75 -100 452 -30 569 -526 1414 -558 -2303 2689 2475 -3226 6857 1329 -2386 1477 4245 12964 -2765 7486 7194 9237 -10419 5681 
computing eigenvalues for k = 1, took 16.319616 sec
traces of hecke eigenvalues of T_{p^2} are:
-74 -285 -341 
computing eigenvalues for k = 2, took 0.659974 sec
traces of hecke eigenvalues of T_{p^1} are:
40 156 400 1464 2380 5220 7240 12720 25260 30784 52060 70644 81400 106080 151740 208920 230764 305320 363024 394420 499360 578760 712980 922180 
computing eigenvalues for k = 1, took 69.835507 sec
traces of hecke eigenvalues of T_{p^2} are:
120 780 2800 
computing eigenvalues for k = 2, took 0.257578 sec
traces of hecke eigenvalues of T_{p^1} are:
8 4 -136 498 -354 247 480 1243 871 185 -2104 2947 -464 2875 -479 5580 -3773 -2961 5304 -5514 -4606 4872 1613 -1693 
computing eigenvalues for k = 1, took 11.816294 sec
traces of hecke eigenvalues of T_{p^2} are:
-60 -174 -242 
computing eigenvalues for k = 2, took 0.277910 sec
traces of hecke eigenvalues of T_{p^1} are:
501 1249 2334 5551 7459 12948 16025 23394 35997 41806 58463 73202 80095 96282 121123 151427 156887 192627 219080 228864 265308 299265 341768 405530 
computing eigenvalues for k = 1, took 70.860820 sec
traces of hecke eigenvalues of T_{p^2} are:
284 786 1472 
computing eigenvalues for k = 2, took 0.318463 sec
traces of hecke eigenvalues of T_{p^1} are:
314 767 1517 3479 4809 8092 10306 14421 23136 26991 37306 45902 51241 59918 75369 94513 101685 123321 136038 145156 171835 186443 214233 255204 
computing eigenvalues for k = 1, took 70.637968 sec
traces of hecke eigenvalues of T_{p^2} are:
176 390 1336 
computing eigenvalues for k = 2, took 0.264574 sec
For conductor 2:
traces of hecke eigenvalues of T_{p^1} are:
-61 -98 -136 107 -260 -191 75 158 137 -410 -890 -319 -487 217 -582 1672 -743 476 1960 -2067 225 -555 -2720 -2619 
computing eigenvalues for k = 1, took 407.451699 sec
traces of hecke eigenvalues of T_{p^2} are:
53 121 175 
computing eigenvalues for k = 2, took 0.942027 sec
traces of hecke eigenvalues of T_{p^1} are:
8 4 -136 498 -354 247 480 1243 871 185 -2104 2947 -464 2875 -479 5580 -3773 -2961 5304 -5514 -4606 4872 1613 -1693 
computing eigenvalues for k = 1, took 409.532329 sec
traces of hecke eigenvalues of T_{p^2} are:
-60 -174 -242 
computing eigenvalues for k = 2, took 0.663845 sec
For conductor 419:
traces of hecke eigenvalues of T_{p^1} are:
-5 -9 -15 -18 85 -50 -7 -35 12 -300 -25 -194 455 -620 470 -317 334 130 567 240 -149 -1230 -580 725 
computing eigenvalues for k = 1, took 702.502831 sec
traces of hecke eigenvalues of T_{p^2} are:
3 15 -43 
computing eigenvalues for k = 2, took 0.677722 sec
traces of hecke eigenvalues of T_{p^1} are:
-136 -98 -380 -122 -538 184 -965 -187 1394 -1047 -1396 402 -3312 -806 444 -716 -1990 -6806 1877 -3786 97 -1927 5827 -3856 
computing eigenvalues for k = 1, took 692.994710 sec
traces of hecke eigenvalues of T_{p^2} are:
81 -35 209 
computing eigenvalues for k = 2, took 0.655493 sec
traces of hecke eigenvalues of T_{p^1} are:
-41 -65 -5 -174 -39 -15 -171 -44 -1039 223 -83 61 -179 519 -39 -1521 -503 45 -71 1100 -1581 -428 -1933 578 
computing eigenvalues for k = 1, took 690.795454 sec
traces of hecke eigenvalues of T_{p^2} are:
25 35 33 
computing eigenvalues for k = 2, took 0.632960 sec
For conductor 838:
traces of hecke eigenvalues of T_{p^1} are:
-5 -9 -15 -18 85 -50 -7 -35 12 -300 -25 -194 455 -620 470 -317 334 130 567 240 -149 -1230 -580 725 
computing eigenvalues for k = 1, took 214.539076 sec
traces of hecke eigenvalues of T_{p^2} are:
3 15 -43 
computing eigenvalues for k = 2, took 0.611307 sec
traces of hecke eigenvalues of T_{p^1} are:
-41 -65 -5 -174 -39 -15 -171 -44 -1039 223 -83 61 -179 519 -39 -1521 -503 45 -71 1100 -1581 -428 -1933 578 
computing eigenvalues for k = 1, took 209.743750 sec
traces of hecke eigenvalues of T_{p^2} are:
25 35 33 
computing eigenvalues for k = 2, took 0.571090 sec
traces of hecke eigenvalues of T_{p^1} are:
241 618 1148 2731 3918 6426 8098 11390 18577 21053 30147 37153 39930 47655 61699 76260 82357 98371 108562 116735 135494 148777 172129 207183 
computing eigenvalues for k = 1, took 163.528352 sec
traces of hecke eigenvalues of T_{p^2} are:
84 276 384 
computing eigenvalues for k = 2, took 0.679914 sec
traces of hecke eigenvalues of T_{p^1} are:
-39 -21 37 -927 552 -183 -296 -968 -869 800 3780 1972 1209 -171 2726 -2428 9248 3458 -5840 13888 4853 -7229 2576 19127 
computing eigenvalues for k = 1, took 167.449498 sec
traces of hecke eigenvalues of T_{p^2} are:
-162 -275 -395 
computing eigenvalues for k = 2, took 1.022689 sec
