constructing eigenvector for poly
x-22
constructing eigenvector for poly
x+8
constructing eigenvector for poly
x-40
constructing eigenvector for poly
x-7
constructing eigenvector for poly
x^2+13*x+13
constructing eigenvector for poly
x^5-59*x^4+1340*x^3-14434*x^2+71868*x-125373
constructing eigenvector for poly
x^7-78*x^6+2501*x^5-42524*x^4+410355*x^3-2210800*x^2+5959992*x-5734644
constructing eigenvector for poly
x^7-93*x^6+3563*x^5-72320*x^4+830684*x^3-5312540*x^2+17066464*x-20234816
constructing eigenvector for poly
x^27-19*x^26-106*x^25+4098*x^24-8651*x^23-319763*x^22+1691913*x^21+11064282*x^20-96038948*x^19-131105302*x^18+2699841489*x^17-2061377257*x^16-41612394341*x^15+84015959336*x^14+354746665704*x^13-1101224056223*x^12-1567031984362*x^11+7443388035449*x^10+2520429423132*x^9-28024219019348*x^8+5120017975473*x^7+57318877234764*x^6-25473915900014*x^5-55044871360486*x^4+30612590430840*x^3+14544802348203*x^2-7901358966490*x-449275337150
constructing eigenvector for poly
x^21-266*x^20+33327*x^19-2614668*x^18+144045452*x^17-5922802060*x^16+188583606707*x^15-4761336663396*x^14+96820779021365*x^13-1601646062786830*x^12+21679185140559631*x^11-240664833242146372*x^10+2189387521400802194*x^9-16257292005076496092*x^8+97801879770597142238*x^7-471122304184368067768*x^6+1785952214584577218143*x^5-5193355191752857728346*x^4+11143225126245646407724*x^3-16564391049942714407400*x^2+15178943991182967227936*x-6435445582822435235584
constructing eigenvector for poly
x-4
constructing eigenvector for poly
x-4
constructing eigenvector for poly
x-4
constructing eigenvector for poly
x^4+25*x^3+217*x^2+776*x+974
constructing eigenvector for poly
x+10
constructing eigenvector for poly
x^9-109*x^8+5126*x^7-136123*x^6+2242363*x^5-23677625*x^4+159596784*x^3-658874860*x^2+1502606951*x-1432423144
constructing eigenvector for poly
x^30-4*x^29-528*x^28+2427*x^27+109497*x^26-524820*x^25-11942961*x^24+55208832*x^23+779121173*x^22-3185778964*x^21-32820229947*x^20+105305351038*x^19+934583545889*x^18-1953406165028*x^17-18167753669709*x^16+16928330451085*x^15+233735106604579*x^14+21258991054524*x^13-1858624509494413*x^12-1695678911345561*x^11+8249020830088417*x^10+13200976839805907*x^9-18231366080944529*x^8-46093519478148372*x^7+12730339040826382*x^6+82240071768843433*x^5+19219987878975811*x^4-72576927719007029*x^3-37512293102601390*x^2+24896517995040612*x+17254836299947464
constructing eigenvector for poly
x+10
constructing eigenvector for poly
x^2+25*x+145
constructing eigenvector for poly
x^6-73*x^5+2123*x^4-31404*x^3+248656*x^2-998304*x+1585660
constructing eigenvector for poly
x^10-111*x^9+5348*x^8-146725*x^7+2527201*x^6-28407507*x^5+209828762*x^4-999422244*x^3+2919007651*x^2-4686941072*x+3111792572
constructing eigenvector for poly
x^27-27*x^26-34*x^25+6606*x^24-34991*x^23-588575*x^22+5199893*x^21+22164402*x^20-320138002*x^19-170399206*x^18+10301718903*x^17-12725219215*x^16-181978413151*x^15+425890613978*x^14+1703608563540*x^13-5728677127213*x^12-7092384572426*x^11+38108750839511*x^10+1412199055784*x^9-124938758506644*x^8+69818585661555*x^7+196712432540330*x^6-185417111851604*x^5-126289889409760*x^4+178489201596282*x^3+5126870565757*x^2-57113116152846*x+15335681019928
constructing eigenvector for poly
x+1
constructing eigenvector for poly
x^6-64*x^5+1589*x^4-19390*x^3+122000*x^2-377005*x+450079
constructing eigenvector for poly
x^30+27*x^29-28*x^28-6134*x^27-27866*x^26+541970*x^25+3689056*x^24-24787133*x^23-212976020*x^22+653013678*x^21+6988220752*x^20-10379494211*x^19-143521995384*x^18+102470108538*x^17+1934470013454*x^16-683462926350*x^15-17518474918593*x^14+4119274154128*x^13+107081407403007*x^12-28988319858536*x^11-433766089044180*x^10+175193070179147*x^9+1103216123880443*x^8-659377438972739*x^7-1550665135131556*x^6+1308798100418214*x^5+814115766650236*x^4-1056701698457805*x^3+195910457679870*x^2+38886552026322*x+1285103148460
constructing eigenvector for poly
x^18-241*x^17+27114*x^16-1891262*x^15+91604830*x^14-3269984434*x^13+89100443593*x^12-1893629345443*x^11+31798815359130*x^10-424741635882432*x^9+4519535455307015*x^8-38183316235384809*x^7+253961093857795561*x^6-1310170982007829403*x^5+5120532008426170583*x^4-14606971430227230065*x^3+28590209882292236030*x^2-34195961415410067540*x+18767720452922786600
constructing eigenvector for poly
x^2-28*x+196
constructing eigenvector for poly
x^2-148*x+5430
constructing eigenvector for poly
x-5
constructing eigenvector for poly
x-5
constructing eigenvector for poly
x^2+8*x+14
computing eigenvectors took 74.593155 sec
For conductor 1, eigenvectors are:
100 -140 4 70 -32 -14 28 10 4 -50 -2 40 12 -7 -26 25 -8 10 22 70 -32 -62 -5 13 40 -14 -4 -22 -6 17 -52 16 16 -11 13 13 10 -29 -56 -62 -2 -14 -14 -11 -11 13 -1 8 14 12 -6 10 -18 24 -6 -15 1 16 -17 13 -6 0 14 10 14 28 -3 -19 -12 -10 16 -2 11 -1 10 -7 over Number field with defining polynomial x-22
0 0 12 0 24 8 -6 0 12 0 24 0 -4 -16 12 0 6 0 6 0 -6 -6 -30 -6 0 8 8 4 -8 -4 4 3 3 -3 -6 -6 0 3 -3 -6 9 3 3 -3 -3 -6 2 4 2 -4 -8 10 -4 2 -8 10 -2 -2 -6 4 2 5 2 0 -3 -1 1 -2 9 0 -2 -1 -2 -3 0 -1 over Number field with defining polynomial x+8
-1 -1 -1 -1 -1 -1 -1 -1 -1 -1 -1 -1 -1 -1 -1 -1 -1 -1 -1 -1 -1 -1 -1 -1 -1 -1 -1 -1 -1 -1 -1 -1 -1 -1 -1 -1 -1 -1 -1 -1 -1 -1 -1 -1 -1 -1 -1 -1 -1 -1 -1 -1 -1 -1 -1 -1 -1 -1 -1 -1 -1 -1 -1 -1 -1 -1 -1 -1 -1 -1 -1 -1 -1 -1 -1 -1 over Number field with defining polynomial x-40
340 136 28 76 -20 80 76 -8 -14 34 -14 -26 36 16 -26 -68 -26 4 46 -2 -14 16 -11 16 -38 24 -10 56 82 -22 -36 -2 4 19 -5 25 -11 1 -29 4 -8 7 -32 22 -14 -5 -16 42 2 18 28 -18 -22 18 -30 5 22 20 -35 -8 -6 31 6 -24 -15 -33 5 2 -5 6 18 23 -9 -5 -12 -9 over Number field with defining polynomial x-7
0 0 12*a+60 108 -12*a-168 8*a+112 -6*a-84 0 12*a+60 0 -12*a-60 0 -4*a-20 -4*a+16 3*a+15 0 -3*a-42 0 6*a-24 -27 3*a+42 3*a+15 6*a-24 3*a+15 0 -4*a-20 2*a+28 4*a+20 -8*a-22 8*a+4 -2*a-28 3*a-12 3*a-12 6*a+57 -6*a-3 -6*a-3 -9*a-18 -6*a-57 -3*a-15 3*a+42 27 -6*a-30 -6*a-30 6*a+30 6*a+30 3*a+15 -4*a-2 -5*a-16 -4*a-29 2*a+37 -5*a-34 7*a+17 -4*a-29 2*a+37 a+14 4*a+20 4*a+11 a-22 0 -2*a+8 -a-5 -a+4 2*a+10 18 -3*a-24 -a+22 a+5 4*a+20 0 -9 a-13 -a-14 a-13 3*a+15 -9 -a-5 over Number field with defining polynomial x^2+13*x+13
162450*a^4 - 11830650*a^3 + 287183310*a^2 - 2806167540*a + 9187585050 64980*a^4 - 4732260*a^3 + 114873324*a^2 - 1122467016*a + 3675034020 52254*a^4 - 2996754*a^3 + 62004210*a^2 - 540388704*a + 1624392678 -56802*a^4 + 2950080*a^3 - 55007610*a^2 + 427577898*a - 1117048500 12408*a^4 - 560610*a^3 + 7652712*a^2 - 18870462*a - 174680262 74784*a^4 - 3652464*a^3 + 63778560*a^2 - 463865928*a + 1147808304 53286*a^4 - 2657106*a^3 + 48052098*a^2 - 373255542*a + 1056246888 244878*a^4 - 11578608*a^3 + 194504640*a^2 - 1328769810*a + 2847698394 46410*a^4 - 2361825*a^3 + 43125060*a^2 - 325836657*a + 806237973 -32061*a^4 + 1936374*a^3 - 39545835*a^2 + 315025905*a - 738578340 45699*a^4 - 2115246*a^3 + 33974553*a^2 - 208056867*a + 302108490 -117948*a^4 + 5733333*a^3 - 102153822*a^2 + 790010685*a - 2243270637 4242*a^4 - 578502*a^3 + 17623038*a^2 - 194026104*a + 683547114 -35076*a^4 + 1761420*a^3 - 31300944*a^2 + 223514592*a - 479265228 -26553*a^4 + 1237287*a^3 - 20900583*a^2 + 150920169*a - 392194968 -72864*a^4 + 3312750*a^3 - 52442916*a^2 + 321117747*a - 507865998 77865*a^4 - 3647556*a^3 + 60195030*a^2 - 396662355*a + 774429999 243804*a^4 - 11476806*a^3 + 191724000*a^2 - 1299392490*a + 2743445610 -20988*a^4 + 899430*a^3 - 12881262*a^2 + 63450120*a - 26038590 -1830*a^4 + 230667*a^3 - 6021015*a^2 + 50618478*a - 90027045 47796*a^4 - 2447154*a^3 + 45399210*a^2 - 355854510*a + 962177550 -16593*a^4 + 699501*a^3 - 9755049*a^2 + 43632564*a + 19646712 49782*a^4 - 2269455*a^3 + 34521492*a^2 - 175734390*a + 7969746 10989*a^4 - 535017*a^3 + 10191405*a^2 - 94344756*a + 371134608 -134556*a^4 + 6523674*a^3 - 115582956*a^2 + 883709850*a - 2453815014 40194*a^4 - 1908474*a^3 + 31671102*a^2 - 206576868*a + 378513492 38322*a^4 - 1777881*a^3 + 28604418*a^2 - 176740215*a + 275217249 -50166*a^4 + 2411844*a^3 - 40957554*a^2 + 278872230*a - 567427596 -70815*a^4 + 3501384*a^3 - 62318451*a^2 + 463184535*a - 1157733300 -14118*a^4 + 739902*a^3 - 15427062*a^2 + 154398660*a - 627065958 -70464*a^4 + 3398358*a^3 - 59634090*a^2 + 447590148*a - 1197959010 39030*a^4 - 1994241*a^3 + 36959634*a^2 - 289029192*a + 774334533 31068*a^4 - 1656033*a^3 + 32143992*a^2 - 264983151*a + 758915256 66639*a^4 - 3078651*a^3 + 49600152*a^2 - 310262892*a + 510438561 4833*a^4 - 332376*a^3 + 7440459*a^2 - 62744871*a + 144710706 -15705*a^4 + 737292*a^3 - 12939795*a^2 + 103592679*a - 335295594 20949*a^4 - 1222218*a^3 + 25299933*a^2 - 215941887*a + 611406078 53652*a^4 - 2507049*a^3 + 42090888*a^2 - 295367373*a + 704905068 -14859*a^4 + 687981*a^3 - 10893642*a^2 + 63282507*a - 67658871 -45468*a^4 + 2216478*a^3 - 39560955*a^2 + 306023793*a - 867420876 54102*a^4 - 2570112*a^3 + 42583425*a^2 - 272803878*a + 446099868 21438*a^4 - 1026954*a^3 + 17429496*a^2 - 119371833*a + 249349269 28647*a^4 - 1340277*a^3 + 22130307*a^2 - 146175897*a + 286324992 5790*a^4 - 410562*a^3 + 9859029*a^2 - 96399927*a + 320371722 27483*a^4 - 1408344*a^3 + 25814778*a^2 - 195008178*a + 478692492 18117*a^4 - 935697*a^3 + 17868477*a^2 - 149404506*a + 461189328 -4059*a^4 + 72672*a^3 + 1070688*a^2 - 25399797*a + 100773231 -12798*a^4 + 677706*a^3 - 13629678*a^2 + 124264146*a - 436576197 8547*a^4 - 492273*a^3 + 10035732*a^2 - 83661822*a + 225852561 -18429*a^4 + 807585*a^3 - 12319506*a^2 + 73239420*a - 119290395 -50265*a^4 + 2438178*a^3 - 42545865*a^2 + 309443745*a - 752938557 -53424*a^4 + 2615877*a^3 - 47164065*a^2 + 371311380*a - 1081289379 -12840*a^4 + 743850*a^3 - 15180414*a^2 + 126633708*a - 344617458 4083*a^4 - 66354*a^3 - 1813254*a^2 + 43478295*a - 227298348 45243*a^4 - 2147013*a^3 + 35924628*a^2 - 240840774*a + 485150622 -14382*a^4 + 684768*a^3 - 12014202*a^2 + 92359608*a - 265183395 -34119*a^4 + 1837209*a^3 - 35792286*a^2 + 293893935*a - 828706296 -8574*a^4 + 371946*a^3 - 5408943*a^2 + 27090690*a - 10640787 22035*a^4 - 1057410*a^3 + 17826123*a^2 - 118852668*a + 225061554 6420*a^4 - 236403*a^3 + 3419685*a^2 - 30050505*a + 153857022 -29250*a^4 + 1310151*a^3 - 20215377*a^2 + 117007521*a - 147740076 22917*a^4 - 1009935*a^3 + 14841141*a^2 - 73670958*a + 13899114 -16806*a^4 + 814398*a^3 - 13597086*a^2 + 85272960*a - 117398550 -22902*a^4 + 1005426*a^3 - 15395940*a^2 + 92455290*a - 156567342 18678*a^4 - 939660*a^3 + 16720872*a^2 - 120227862*a + 266919048 -1644*a^4 + 146100*a^3 - 3474057*a^2 + 27654603*a - 43218891 666*a^4 + 13980*a^3 - 449028*a^2 - 5330217*a + 99945000 15876*a^4 - 793998*a^3 + 14604759*a^2 - 116432604*a + 336349908 -15876*a^4 + 757050*a^3 - 12258276*a^2 + 71134176*a - 60427497 -17094*a^4 + 850251*a^3 - 15149469*a^2 + 111709149*a - 271075962 -1206*a^4 + 100890*a^3 - 2747388*a^2 + 30823587*a - 123682569 214806*a^3 - 8384436*a^2 + 105793557*a - 425890476 -109980*a^3 + 4548459*a^2 - 62412246*a + 283759125 25365*a^3 - 391647*a^2 - 4996713*a + 77455389 -8907*a^4 + 431859*a^3 - 7233654*a^2 + 45667986*a - 64016739 -58818*a^3 + 2519670*a^2 - 35664153*a + 166665849 over Number field with defining polynomial x^5-59*x^4+1340*x^3-14434*x^2+71868*x-125373
40*a^6 - 1720*a^5 + 13520*a^4 + 374120*a^3 - 7939600*a^2 + 54238760*a - 125759720 -48*a^6 + 1928*a^5 - 6032*a^4 - 744672*a^3 + 13660880*a^2 - 92980520*a + 223924680 -4*a^6 + 696*a^5 - 35224*a^4 + 815380*a^3 - 9678600*a^2 + 57389096*a - 134774536 -68*a^6 + 4352*a^5 - 111804*a^4 + 1475056*a^3 - 10492876*a^2 + 37763520*a - 52562352 -116*a^6 + 7776*a^5 - 207932*a^4 + 2827592*a^3 - 20439924*a^2 + 73153264*a - 97405592 -40*a^6 + 2656*a^5 - 69792*a^4 + 925136*a^3 - 6462176*a^2 + 22111824*a - 27712872 -4*a^6 + 214*a^5 - 4530*a^4 + 49298*a^3 - 307160*a^2 + 1193712*a - 2618364 -19*a^6 + 1340*a^5 - 35907*a^4 + 464860*a^3 - 3002455*a^2 + 8708532*a - 7624084 24*a^6 - 1820*a^5 + 57248*a^4 - 966912*a^3 + 9286636*a^2 - 48052768*a + 104295336 -28*a^6 + 2040*a^5 - 58340*a^4 + 841424*a^3 - 6478332*a^2 + 25403680*a - 40221672 8*a^6 - 748*a^5 + 27644*a^4 - 507796*a^3 + 4886840*a^2 - 23359384*a + 43067712 -40*a^6 + 2676*a^5 - 68484*a^4 + 844740*a^3 - 5060208*a^2 + 12030360*a - 1775528 -28*a^6 + 2116*a^5 - 65932*a^4 + 1087160*a^3 - 9984680*a^2 + 48222848*a - 95203488 12*a^6 - 896*a^5 + 27220*a^4 - 440392*a^3 + 4067164*a^2 - 20515472*a + 44229656 -63*a^6 + 4309*a^5 - 117669*a^4 + 1635872*a^3 - 12144140*a^2 + 45222060*a - 64883404 -3*a^6 + 226*a^5 - 6641*a^4 + 98122*a^3 - 745697*a^2 + 2503846*a - 1783214 34*a^6 - 2223*a^5 + 57325*a^4 - 737383*a^3 + 4876932*a^2 - 14937656*a + 14112040 -7*a^6 + 368*a^5 - 7393*a^4 + 70226*a^3 - 303121*a^2 + 370748*a + 508836 -43*a^6 + 2640*a^5 - 63093*a^4 + 740694*a^3 - 4381557*a^2 + 11700252*a - 9605012 76*a^6 - 5404*a^5 + 152742*a^4 - 2201426*a^3 + 17077598*a^2 - 67613808*a + 106777302 88*a^6 - 5643*a^5 + 141778*a^4 - 1769902*a^3 + 11339463*a^2 - 33723260*a + 31700080 25*a^6 - 1655*a^5 + 43415*a^4 - 582012*a^3 + 4212748*a^2 - 15557716*a + 22663892 42*a^6 - 2990*a^5 + 86220*a^4 - 1291090*a^3 + 10603774*a^2 - 45354612*a + 79057496 2*a^6 - 118*a^5 + 4528*a^4 - 101820*a^3 + 1188812*a^2 - 6606452*a + 13525198 70*a^6 - 4804*a^5 + 131236*a^4 - 1827120*a^3 + 13633442*a^2 - 51342530*a + 75236912 48*a^6 - 3144*a^5 + 81672*a^4 - 1073352*a^3 + 7488336*a^2 - 26148816*a + 35679816 -16*a^6 + 1110*a^5 - 31094*a^4 + 450942*a^3 - 3562020*a^2 + 14425984*a - 23060504 37*a^6 - 2246*a^5 + 53285*a^4 - 625112*a^3 + 3730915*a^2 - 10165972*a + 8428188 -10*a^6 + 648*a^5 - 16080*a^4 + 187682*a^3 - 952284*a^2 + 657336*a + 6972336 -92*a^6 + 6520*a^5 - 186844*a^4 + 2775208*a^3 - 22540220*a^2 + 94838648*a - 161131248 -32*a^6 + 2392*a^5 - 72366*a^4 + 1139712*a^3 - 9908444*a^2 + 45343050*a - 85836424 -60*a^6 + 4374*a^5 - 128563*a^4 + 1951627*a^3 - 16138455*a^2 + 68846456*a - 118015634 57*a^6 - 4082*a^5 + 117925*a^4 - 1759850*a^3 + 14289685*a^2 - 59638652*a + 99218410 -35*a^6 + 2577*a^5 - 76712*a^4 + 1183649*a^3 - 9991773*a^2 + 43746688*a - 77518670 -13*a^6 + 778*a^5 - 17372*a^4 + 167275*a^3 - 422150*a^2 - 3350054*a + 17360654 30*a^6 - 2019*a^5 + 54027*a^4 - 727449*a^3 + 5071176*a^2 - 16333572*a + 15297582 -39*a^6 + 2411*a^5 - 57858*a^4 + 678991*a^3 - 3971437*a^2 + 10094148*a - 6304094 35*a^6 - 2525*a^5 + 73312*a^4 - 1098761*a^3 + 8994505*a^2 - 38311904*a + 66806474 -19*a^6 + 1153*a^5 - 27410*a^4 + 321841*a^3 - 1934417*a^2 + 5606746*a - 6661198 -45*a^6 + 3155*a^5 - 90078*a^4 + 1342057*a^3 - 10995409*a^2 + 46836648*a - 80603840 44*a^6 - 2986*a^5 + 80452*a^4 - 1098168*a^3 + 7933682*a^2 - 28154150*a + 36419674 55*a^6 - 3549*a^5 + 90233*a^4 - 1153634*a^3 + 7766838*a^2 - 25811950*a + 32634726 -36*a^6 + 2574*a^5 - 74567*a^4 + 1122383*a^3 - 9263529*a^2 + 39723520*a - 68995846 4*a^6 - 612*a^5 + 27800*a^4 - 567938*a^3 + 5799102*a^2 - 28531600*a + 52548030 21*a^6 - 1083*a^5 + 17690*a^4 - 38897*a^3 - 1687239*a^2 + 16081988*a - 42805778 -64*a^6 + 4167*a^5 - 107090*a^4 + 1381088*a^3 - 9287997*a^2 + 29934754*a - 33429810 27*a^6 - 1526*a^5 + 31299*a^4 - 259818*a^3 + 290683*a^2 + 6945486*a - 26100372 3*a^6 - 252*a^5 + 8251*a^4 - 134370*a^3 + 1135605*a^2 - 4593944*a + 6439980 -28*a^6 + 1936*a^5 - 53516*a^4 + 757406*a^3 - 5794910*a^2 + 22791766*a - 36269190 45*a^6 - 3262*a^5 + 96132*a^4 - 1477569*a^3 + 12510236*a^2 - 55368720*a + 100112568 -22*a^6 + 1647*a^5 - 50181*a^4 + 796079*a^3 - 6924348*a^2 + 31215132*a - 56687064 25*a^6 - 1867*a^5 + 56693*a^4 - 897670*a^3 + 7833542*a^2 - 35794456*a + 67029940 32*a^6 - 2261*a^5 + 64503*a^4 - 950537*a^3 + 7616908*a^2 - 31354458*a + 51460328 -41*a^6 + 2888*a^5 - 81047*a^4 + 1157486*a^3 - 8832115*a^2 + 33820960*a - 49812014 9*a^6 - 700*a^5 + 21533*a^4 - 335192*a^3 + 2763035*a^2 - 11210080*a + 16661050 16*a^6 - 1140*a^5 + 32504*a^4 - 475752*a^3 + 3767940*a^2 - 15250768*a + 24425612 15*a^6 - 1050*a^5 + 29537*a^4 - 423236*a^3 + 3190047*a^2 - 11438884*a + 13252624 23*a^6 - 1120*a^5 + 14327*a^4 + 99176*a^3 - 3755737*a^2 + 30152666*a - 79404948 16*a^6 - 1284*a^5 + 42446*a^4 - 737354*a^3 + 7086738*a^2 - 35706076*a + 73681524 -34*a^6 + 2430*a^5 - 68876*a^4 + 992978*a^3 - 7673442*a^2 + 30017320*a - 46044576 -13*a^6 + 914*a^5 - 25953*a^4 + 383826*a^3 - 3130969*a^2 + 13374216*a - 23341730 -6*a^6 + 392*a^5 - 10172*a^4 + 133568*a^3 - 922876*a^2 + 3073960*a - 3499864 -3*a^5 - 456*a^4 + 21208*a^3 - 323031*a^2 + 2053332*a - 4579316 12*a^6 - 907*a^5 + 27469*a^4 - 425487*a^3 + 3541808*a^2 - 14909978*a + 24416352 -19*a^6 + 1334*a^5 - 37864*a^4 + 554751*a^3 - 4416292*a^2 + 18071240*a - 29593340 3*a^6 - 174*a^5 + 3241*a^4 - 13234*a^3 - 251571*a^2 + 2930938*a - 8928982 9*a^6 - 623*a^5 + 16396*a^4 - 205395*a^3 + 1209355*a^2 - 2430146*a - 1900590 3*a^6 - 263*a^5 + 9046*a^4 - 157549*a^3 + 1483327*a^2 - 7242074*a + 14476508 3*a^6 - 287*a^5 + 10617*a^4 - 198884*a^3 + 2009422*a^2 - 10426500*a + 21737626 -68*a^5 + 3778*a^4 - 81772*a^3 + 885772*a^2 - 4935254*a + 11565056 -147*a^5 + 9979*a^4 - 259489*a^3 + 3240540*a^2 - 19474622*a + 45094616 -15*a^5 + 705*a^4 - 12405*a^3 + 102960*a^2 - 412392*a + 682554 2*a^5 - 129*a^4 + 1109*a^3 + 27461*a^2 - 467034*a + 1905020 -16*a^6 + 1203*a^5 - 36699*a^4 + 583819*a^3 - 5112930*a^2 + 23333682*a - 43174336 88*a^5 - 4246*a^4 + 80274*a^3 - 746966*a^2 + 3454574*a - 6462606 -34*a^5 + 2603*a^4 - 73839*a^3 + 979547*a^2 - 6117184*a + 14428008 over Number field with defining polynomial x^7-78*x^6+2501*x^5-42524*x^4+410355*x^3-2210800*x^2+5959992*x-5734644
-12450*a^6 + 1023810*a^5 - 33815270*a^4 + 570328920*a^3 - 5133152120*a^2 + 23053470240*a - 39300371360 -4980*a^6 + 409524*a^5 - 13526108*a^4 + 228131568*a^3 - 2053260848*a^2 + 9221388096*a - 15720148544 -186*a^6 + 15738*a^5 - 562094*a^4 + 10912824*a^3 - 120904328*a^2 + 712246440*a - 1698594464 -8*a^6 + 17064*a^5 - 1170560*a^4 + 31519320*a^3 - 410467520*a^2 + 2567983440*a - 6138707712 156*a^6 - 21956*a^5 + 1094892*a^4 - 26305808*a^3 + 327403536*a^2 - 2008147472*a + 4729780416 -264*a^6 + 16984*a^5 - 354120*a^4 + 1591792*a^3 + 33782064*a^2 - 413286704*a + 1265339136 -576*a^6 + 41628*a^5 - 1123748*a^4 + 13462692*a^3 - 56533628*a^2 - 142843860*a + 1266002272 -1080*a^6 + 90214*a^5 - 3034422*a^4 + 51952354*a^3 - 467647272*a^2 + 2015469616*a - 2935801152 1422*a^6 - 119234*a^5 + 4025550*a^4 - 69485852*a^3 + 639010920*a^2 - 2909645672*a + 4924587360 -986*a^6 + 100926*a^5 - 3958826*a^4 + 76500924*a^3 - 763947248*a^2 + 3674082144*a - 6348295776 -350*a^6 + 36510*a^5 - 1507346*a^4 + 31812384*a^3 - 364194800*a^2 + 2155718160*a - 5182312800 -186*a^6 - 2510*a^5 + 758106*a^4 - 26012744*a^3 + 373676256*a^2 - 2420412752*a + 5686175328 -1598*a^6 + 131262*a^5 - 4321338*a^4 + 72406248*a^3 - 644118840*a^2 + 2836380552*a - 4673851360 -1000*a^6 + 86808*a^5 - 3048664*a^4 + 55092504*a^3 - 535141792*a^2 + 2609146272*a - 4859651712 -262*a^6 + 25112*a^5 - 931534*a^4 + 16806830*a^3 - 148311988*a^2 + 522988040*a - 128666208 -695*a^6 + 59955*a^5 - 2075741*a^4 + 36636240*a^3 - 341912780*a^2 + 1542907116*a - 2404743984 -423*a^6 + 33427*a^5 - 1023213*a^4 + 14867038*a^3 - 97089168*a^2 + 154844872*a + 606844176 -1277*a^6 + 105192*a^5 - 3494354*a^4 + 59356593*a^3 - 535350896*a^2 + 2361768444*a - 3736763952 2804*a^6 - 233589*a^5 + 7834081*a^4 - 134406111*a^3 + 1230249328*a^2 - 5587228344*a + 9449452784 -491*a^6 + 46197*a^5 - 1686773*a^4 + 30370632*a^3 - 279356744*a^2 + 1195045212*a - 1639470960 474*a^6 - 33254*a^5 + 885798*a^4 - 11103578*a^3 + 66376404*a^2 - 186006548*a + 328143648 -375*a^6 + 28939*a^5 - 853755*a^4 + 11760808*a^3 - 69544392*a^2 + 53585704*a + 673944048 -964*a^6 + 88850*a^5 - 3313894*a^4 + 63802022*a^3 - 665304628*a^2 + 3536755652*a - 7418340288 -381*a^6 + 28841*a^5 - 862561*a^4 + 12776888*a^3 - 94195960*a^2 + 280656632*a - 39948208 -384*a^6 + 16554*a^5 + 25828*a^4 - 11714904*a^3 + 225355294*a^2 - 1657673472*a + 4210925056 246*a^6 - 20398*a^5 + 681098*a^4 - 11472952*a^3 + 98761208*a^2 - 373764520*a + 315671648 -230*a^6 + 14966*a^5 - 317178*a^4 + 1142756*a^3 + 44408400*a^2 - 566152576*a + 1981156256 1376*a^6 - 113126*a^5 + 3708454*a^4 - 61376474*a^3 + 531007168*a^2 - 2194495328*a + 3063555488 436*a^6 - 25904*a^5 + 456404*a^4 + 668104*a^3 - 102831424*a^2 + 1052713912*a - 3318289472 -464*a^6 + 47900*a^5 - 1959516*a^4 + 40601468*a^3 - 446696904*a^2 + 2446068632*a - 5113514368 -432*a^6 + 33632*a^5 - 1029372*a^4 + 15540464*a^3 - 117515916*a^2 + 383983064*a - 266812032 713*a^6 - 59321*a^5 + 1975365*a^4 - 33391364*a^3 + 298477194*a^2 - 1313653898*a + 2150778160 483*a^6 - 39387*a^5 + 1269193*a^4 - 20331828*a^3 + 165979360*a^2 - 618488682*a + 691072720 -451*a^6 + 37211*a^5 - 1241221*a^4 + 21424904*a^3 - 202219816*a^2 + 994747118*a - 2012286816 640*a^6 - 55745*a^5 + 1957275*a^4 - 35401097*a^3 + 348213474*a^2 - 1776279824*a + 3708496016 392*a^6 - 31131*a^5 + 952615*a^4 - 13808097*a^3 + 90376456*a^2 - 154390176*a - 485319952 1962*a^6 - 163010*a^5 + 5497488*a^4 - 96331592*a^3 + 927058248*a^2 - 4671164120*a + 9704118240 -483*a^6 + 37852*a^5 - 1195854*a^4 + 19359751*a^3 - 167011068*a^2 + 705585346*a - 1057539360 -29*a^6 + 2952*a^5 - 145226*a^4 + 4034301*a^3 - 62028200*a^2 + 483166686*a - 1475010912 66*a^6 - 14830*a^5 + 837608*a^4 - 20727760*a^3 + 253308206*a^2 - 1470908788*a + 3135892832 -781*a^6 + 68639*a^5 - 2447293*a^4 + 45276938*a^3 - 458344084*a^2 + 2409661238*a - 5154122208 1377*a^6 - 116778*a^5 + 4031056*a^4 - 72367731*a^3 + 711295630*a^2 - 3621798078*a + 7444124128 258*a^6 - 18140*a^5 + 478914*a^4 - 5438192*a^3 + 14668764*a^2 + 181920142*a - 1084670064 2163*a^6 - 183448*a^5 + 6316244*a^4 - 112486549*a^3 + 1085799602*a^2 - 5333935954*a + 10249914560 1381*a^6 - 114041*a^5 + 3789237*a^4 - 64260962*a^3 + 578188302*a^2 - 2548777742*a + 4053657776 306*a^6 - 22309*a^5 + 628049*a^4 - 8490043*a^3 + 55110614*a^2 - 144134164*a + 70124384 624*a^6 - 51850*a^5 + 1753122*a^4 - 31012306*a^3 + 305901036*a^2 - 1623917260*a + 3696724128 136*a^6 - 5838*a^5 - 36130*a^4 + 5731332*a^3 - 114655672*a^2 + 921649968*a - 2667243488 -539*a^6 + 43375*a^5 - 1401875*a^4 + 23168878*a^3 - 205441952*a^2 + 923167960*a - 1639626288 -613*a^6 + 51137*a^5 - 1698605*a^4 + 28407602*a^3 - 247421096*a^2 + 1026055844*a - 1441113616 -636*a^6 + 58624*a^5 - 2174236*a^4 + 41221690*a^3 - 416780584*a^2 + 2094281464*a - 3963537088 -574*a^6 + 54272*a^5 - 2046874*a^4 + 39016670*a^3 - 389327980*a^2 + 1862095052*a - 3075803040 -194*a^6 + 15298*a^5 - 474376*a^4 + 7346614*a^3 - 59524744*a^2 + 239429176*a - 380064416 273*a^6 - 26735*a^5 + 1067843*a^4 - 22241516*a^3 + 254181764*a^2 - 1506626072*a + 3612336464 -5*a^6 - 1953*a^5 + 154995*a^4 - 4451952*a^3 + 59851932*a^2 - 368658636*a + 800511536 -48*a^6 + 11618*a^5 - 709766*a^4 + 19106510*a^3 - 256886636*a^2 + 1677258212*a - 4198491200 -662*a^6 + 55770*a^5 - 1886444*a^4 + 32307066*a^3 - 287210660*a^2 + 1178907636*a - 1413892224 376*a^6 - 35458*a^5 + 1371038*a^4 - 27526600*a^3 + 298802300*a^2 - 1635591844*a + 3449435104 536*a^6 - 41362*a^5 + 1259102*a^4 - 18836734*a^3 + 137408060*a^2 - 376963756*a - 128862720 -614*a^6 + 49886*a^5 - 1636594*a^4 + 27643940*a^3 - 252146656*a^2 + 1167151376*a - 2111027552 -463*a^6 + 42181*a^5 - 1543249*a^4 + 28849630*a^3 - 288336892*a^2 + 1444532128*a - 2782057680 116*a^6 - 8640*a^5 + 244806*a^4 - 3091824*a^3 + 12510666*a^2 + 64704582*a - 505313888 100*a^6 - 11661*a^5 + 490325*a^4 - 9851589*a^3 + 100050008*a^2 - 475861944*a + 763862704 -180*a^6 + 15794*a^5 - 553690*a^4 + 9871622*a^3 - 93904138*a^2 + 450044984*a - 844449856 319*a^6 - 26203*a^5 + 865371*a^4 - 14515552*a^3 + 127185630*a^2 - 522029686*a + 662486576 -118*a^6 + 10348*a^5 - 376458*a^4 + 7403770*a^3 - 84470064*a^2 + 534961702*a - 1461305264 -388*a^6 + 29323*a^5 - 886087*a^4 + 13532467*a^3 - 107252488*a^2 + 390353818*a - 393305424 194*a^6 - 15306*a^5 + 481256*a^4 - 7651968*a^3 + 64333550*a^2 - 270331116*a + 451009056 -353*a^6 + 28731*a^5 - 927051*a^4 + 15089580*a^3 - 130135452*a^2 + 565980126*a - 991106752 -5614*a^5 + 380334*a^4 - 9870658*a^3 + 120865332*a^2 - 680983564*a + 1344757872 -4712*a^5 + 342810*a^4 - 9515168*a^3 + 124313322*a^2 - 748218200*a + 1598899920 -2116*a^5 + 166976*a^4 - 5191048*a^3 + 79490780*a^2 - 600180622*a + 1792137152 6047*a^5 - 440961*a^4 + 12348227*a^3 - 164701800*a^2 + 1035136556*a - 2417262240 -130*a^6 + 10498*a^5 - 322502*a^4 + 4653118*a^3 - 30366926*a^2 + 56553214*a + 123686144 -923*a^5 + 37317*a^4 - 167273*a^3 - 11067348*a^2 + 174695584*a - 755719488 -1206*a^5 + 85184*a^4 - 2361066*a^3 + 32100944*a^2 - 214404006*a + 564077408 over Number field with defining polynomial x^7-93*x^6+3563*x^5-72320*x^4+830684*x^3-5312540*x^2+17066464*x-20234816
a vector of length 76 over Number field with defining polynomial a number field of degree 27
a vector of length 76 over Number field with defining polynomial a number field of degree 21
-240 -96 0 0 0 32 24 48 0 48 -48 48 -32 0 0 -24 0 48 -24 24 24 0 -24 0 48 16 -16 -16 0 -16 16 12 12 12 24 24 0 12 -12 24 -36 -36 -36 -12 -12 0 8 16 -16 -8 0 -8 -16 -32 -8 8 -24 8 -24 0 16 12 -8 16 4 -20 -4 8 12 -8 16 -28 16 12 -8 4 over Number field with defining polynomial x-4
80 -16 -16 32 -16 -16 8 8 -16 -16 32 -16 -32 -48 8 -4 8 8 -16 -4 -16 8 -16 20 -16 -16 0 0 16 0 0 -4 -4 -4 20 20 -28 -4 -4 8 -4 20 20 -4 -4 20 0 0 -12 -8 -8 8 -8 4 4 -8 8 8 8 -16 4 -8 0 8 0 -4 4 0 4 0 8 -4 0 0 -4 0 over Number field with defining polynomial x-4
0 0 0 96 96 -64 48 48 0 0 -48 -96 0 -32 48 0 -24 -24 0 -24 48 -24 0 0 48 16 0 0 -16 0 -16 -12 0 -12 0 12 -12 0 -12 0 12 12 0 12 -12 12 0 -16 0 0 8 -8 -8 -24 0 16 0 -16 0 24 24 -4 8 -8 8 4 -8 12 -16 -4 16 8 -28 4 4 -4 over Number field with defining polynomial x-4
For conductor 2, eigenvectors are:
2*a^2 + 24*a + 58 a^2 + 8*a + 18 a^3 + 19*a^2 + 110*a + 190 -a^2 - 9*a - 16 over Number field with defining polynomial x^4+25*x^3+217*x^2+776*x+974
For conductor 5, eigenvectors are:
1 over Number field with defining polynomial x+10
For conductor 10, eigenvectors are:
-8*a^7 + 728*a^6 - 27600*a^5 + 564074*a^4 - 6699526*a^3 + 46144390*a^2 - 170108796*a + 257431330 -4*a^7 + 352*a^6 - 12843*a^5 + 251197*a^4 - 2837305*a^3 + 18459054*a^2 - 63828739*a + 90012208 41*a^6 - 3219*a^5 + 101957*a^4 - 1662996*a^3 + 14682899*a^2 - 66235644*a + 118399794 -7*a^7 + 637*a^6 - 24222*a^5 + 498153*a^4 - 5973252*a^3 + 41647728*a^2 - 155644733*a + 238608140 -a^8 + 103*a^7 - 4531*a^6 + 110966*a^5 - 1651141*a^4 + 15249082*a^3 - 85148218*a^2 + 262121030*a - 339658730 -4*a^7 + 346*a^6 - 12358*a^5 + 235332*a^4 - 2569738*a^3 + 16021962*a^2 - 52577028*a + 69787508 -a^8 + 97*a^7 - 3985*a^6 + 90232*a^5 - 1226065*a^4 + 10180193*a^3 - 50106434*a^2 + 132757061*a - 144661072 -6*a^7 + 536*a^6 - 19933*a^5 + 399333*a^4 - 4646875*a^3 + 31354575*a^2 - 113310613*a + 168490363 4*a^7 - 364*a^6 + 13800*a^5 - 282037*a^4 + 3349763*a^3 - 23072195*a^2 + 85054398*a - 128715665 a^8 - 104*a^7 + 4610*a^6 - 113497*a^5 + 1693378*a^4 - 15640987*a^3 + 87141021*a^2 - 267176135*a + 344565755 -a^8 + 98*a^7 - 4074*a^6 + 93564*a^5 - 1294045*a^4 + 10994112*a^3 - 55786446*a^2 + 153865522*a - 176075392 -5*a^7 + 457*a^6 - 17402*a^5 + 357096*a^4 - 4254970*a^3 + 29361772*a^2 - 108255508*a + 163583338 -2*a^7 + 173*a^6 - 6179*a^5 + 117666*a^4 - 1284869*a^3 + 8010981*a^2 - 26288514*a + 34893754 a^8 - 104*a^7 + 4610*a^6 - 113497*a^5 + 1693378*a^4 - 15640987*a^3 + 87141021*a^2 - 267176135*a + 344565755 -a^7 + 93*a^6 - 3602*a^5 + 75059*a^4 - 905207*a^3 + 6289577*a^2 - 23201110*a + 34867673 -a^8 + 103*a^7 - 4531*a^6 + 110966*a^5 - 1651141*a^4 + 15249082*a^3 - 85148218*a^2 + 262121030*a - 339658730 -7*a^7 + 625*a^6 - 23265*a^5 + 467313*a^4 - 5460794*a^3 + 37034587*a^2 - 134419074*a + 199904683 4*a^7 - 357*a^6 + 13269*a^5 - 265802*a^4 + 3094439*a^3 - 20906502*a^2 + 75770388*a - 113371909 -12*a^6 + 957*a^5 - 30840*a^4 + 512458*a^3 - 4613141*a^2 + 21225659*a - 38703457 2*a^7 - 184*a^6 + 7090*a^5 - 148136*a^4 + 1809570*a^3 - 12895521*a^2 + 49481874*a - 78478155 2*a^7 - 184*a^6 + 7090*a^5 - 148136*a^4 + 1809570*a^3 - 12895521*a^2 + 49481874*a - 78478155 -4*a^7 + 345*a^6 - 12312*a^5 + 234962*a^4 - 2581981*a^3 + 16293361*a^2 - 54544729*a + 74668452 -2*a^7 + 190*a^6 - 7572*a^5 + 163552*a^4 - 2058664*a^3 + 15017256*a^2 - 58386990*a + 92484442 -2*a^7 + 175*a^6 - 6363*a^5 + 124383*a^4 - 1408994*a^3 + 9230032*a^2 - 32280899*a + 46268302 a^7 - 107*a^6 + 4743*a^5 - 112616*a^4 + 1541790*a^3 - 12121769*a^2 + 50419154*a - 84945678 -a^8 + 103*a^7 - 4533*a^6 + 111150*a^5 - 1657858*a^4 + 15373207*a^3 - 86367269*a^2 + 268113415*a - 351033278 -a^7 + 77*a^6 - 2347*a^5 + 35520*a^4 - 267780*a^3 + 773752*a^2 + 937280*a - 6467523 -a^7 + 77*a^6 - 2347*a^5 + 35520*a^4 - 267780*a^3 + 773752*a^2 + 937280*a - 6467523 -a^7 + 95*a^6 - 3786*a^5 + 81776*a^4 - 1029332*a^3 + 7508628*a^2 - 29193495*a + 46242221 -a^7 + 77*a^6 - 2347*a^5 + 35520*a^4 - 267780*a^3 + 773752*a^2 + 937280*a - 6467523 -2*a^7 + 172*a^6 - 6133*a^5 + 117296*a^4 - 1297112*a^3 + 8282380*a^2 - 28256215*a + 39774698 -a^8 + 102*a^7 - 4438*a^6 + 107364*a^5 - 1576082*a^4 + 14343875*a^3 - 78858641*a^2 + 238919920*a - 304791057 -2*a^6 + 184*a^5 - 6717*a^4 + 124125*a^3 - 1219051*a^2 + 5992385*a - 11374548 -a^8 + 103*a^7 - 4533*a^6 + 111150*a^5 - 1657858*a^4 + 15373207*a^3 - 86367269*a^2 + 268113415*a - 351033278 a^7 - 95*a^6 + 3786*a^5 - 81776*a^4 + 1029332*a^3 - 7508628*a^2 + 29193495*a - 46242221 -2*a^7 + 173*a^6 - 6179*a^5 + 117666*a^4 - 1284869*a^3 + 8010981*a^2 - 26288514*a + 34893754 -a^7 + 95*a^6 - 3786*a^5 + 81776*a^4 - 1029332*a^3 + 7508628*a^2 - 29193495*a + 46242221 2*a^6 - 184*a^5 + 6717*a^4 - 124125*a^3 + 1219051*a^2 - 5992385*a + 11374548 -a^7 + 77*a^6 - 2347*a^5 + 35520*a^4 - 267780*a^3 + 773752*a^2 + 937280*a - 6467523 over Number field with defining polynomial x^9-109*x^8+5126*x^7-136123*x^6+2242363*x^5-23677625*x^4+159596784*x^3-658874860*x^2+1502606951*x-1432423144
a vector of length 39 over Number field with defining polynomial a number field of degree 30
For conductor 73, eigenvectors are:
-2 -2 1 over Number field with defining polynomial x+10
-a-11 a+14 3 over Number field with defining polynomial x^2+25*x+145
For conductor 146, eigenvectors are:
-20*a^4 + 780*a^3 - 10300*a^2 + 50480*a - 61600 -8*a^4 + 392*a^3 - 6764*a^2 + 48704*a - 124360 -4*a^5 + 228*a^4 - 4980*a^3 + 52048*a^2 - 260328*a + 498520 -4*a^4 + 160*a^3 - 2436*a^2 + 16912*a - 44880 -4*a^4 + 160*a^3 - 2436*a^2 + 16912*a - 44880 a^5 - 62*a^4 + 1470*a^3 - 16669*a^2 + 90432*a - 188330 a^4 - 97*a^3 + 2505*a^2 - 24690*a + 82450 2*a^4 - 116*a^3 + 2164*a^2 - 15896*a + 39740 -a^5 + 51*a^4 - 985*a^3 + 8892*a^2 - 36776*a + 53240 0 -3*a^4 + 156*a^3 - 2773*a^2 + 20124*a - 50960 -2*a^4 + 93*a^3 - 1545*a^2 + 10904*a - 27560 -2*a^4 + 82*a^3 - 1211*a^2 + 7674*a - 17860 -a^5 + 57*a^4 - 1232*a^3 + 12685*a^2 - 62634*a + 119510 -2*a^4 + 87*a^3 - 1357*a^2 + 8946*a - 21390 a^4 - 104*a^3 + 2644*a^2 - 25180*a + 81400 -a^5 + 60*a^4 - 1388*a^3 + 15458*a^2 - 82758*a + 170470 -4*a^4 + 180*a^3 - 2902*a^2 + 19850*a - 48950 -a^5 + 55*a^4 - 1145*a^3 + 11328*a^2 - 53688*a + 98120 -4*a^4 + 198*a^3 - 3375*a^2 + 23570*a - 57600 -5*a^4 + 243*a^3 - 4130*a^2 + 29070*a - 72350 -8*a^4 + 358*a^3 - 5811*a^2 + 40482*a - 102480 -4*a^4 + 139*a^3 - 1486*a^2 + 3890*a + 9050 -5*a^4 + 236*a^3 - 3991*a^2 + 28580*a - 73400 -3*a^4 + 115*a^3 - 1681*a^2 + 11412*a - 30130 -6*a^4 + 276*a^3 - 4600*a^2 + 32808*a - 84620 -6*a^4 + 276*a^3 - 4600*a^2 + 32808*a - 84620 0 -a^4 + 40*a^3 - 609*a^2 + 4228*a - 11220 -a^5 + 58*a^4 - 1285*a^3 + 13621*a^2 - 69310*a + 135850 -3*a^4 + 143*a^3 - 2446*a^2 + 17676*a - 45840 -a^4 + 40*a^3 - 609*a^2 + 4228*a - 11220 -2*a^4 + 82*a^3 - 1211*a^2 + 7674*a - 17860 -a^5 + 60*a^4 - 1388*a^3 + 15458*a^2 - 82758*a + 170470 a^4 - 63*a^3 + 1228*a^2 - 9220*a + 23400 -2*a^4 + 82*a^3 - 1211*a^2 + 7674*a - 17860 -a^5 + 56*a^4 - 1187*a^3 + 11930*a^2 - 57134*a + 104760 -a^4 + 42*a^3 - 602*a^2 + 3446*a - 6640 -2*a^4 + 103*a^3 - 1837*a^2 + 13448*a - 34620 -4*a^4 + 178*a^3 - 2909*a^2 + 20632*a - 53530 -a^4 + 40*a^3 - 609*a^2 + 4228*a - 11220 2*a^4 - 98*a^3 + 1691*a^2 - 12176*a + 31090 2*a^4 - 103*a^3 + 1837*a^2 - 13448*a + 34620 over Number field with defining polynomial x^6-73*x^5+2123*x^4-31404*x^3+248656*x^2-998304*x+1585660
a vector of length 43 over Number field with defining polynomial a number field of degree 10
a vector of length 43 over Number field with defining polynomial a number field of degree 27
For conductor 365, eigenvectors are:
16 24 12 0 -4 12 -16 -10 0 0 4 6 -4 -4 0 -4 0 -2 4 1 1 -2 -11 4 8 3 -3 3 0 -3 -1 -1 0 2 -2 6 0 -6 -4 -2 6 -4 4 -2 0 2 4 -1 1 2 0 -3 0 5 1 0 -3 1 -2 over Number field with defining polynomial x+1
2350*a^5 - 123428*a^4 + 2419252*a^3 - 21703154*a^2 + 87036862*a - 124858526 658*a^5 - 31946*a^4 + 583402*a^3 - 5006792*a^2 + 20038558*a - 29151704 -101*a^5 + 4057*a^4 - 61751*a^3 + 529126*a^2 - 3091019*a + 8592052 -4363*a^5 + 214826*a^4 - 3931504*a^3 + 32960705*a^2 - 124035217*a + 166020095 -2089*a^5 + 126452*a^4 - 2806942*a^3 + 27919637*a^2 - 121560757*a + 186786569 277*a^5 - 19037*a^4 + 465235*a^3 - 5005244*a^2 + 23451565*a - 39083108 -152*a^5 + 7944*a^4 - 153300*a^3 + 1316180*a^2 - 4618840*a + 3989200 -1442*a^5 + 72510*a^4 - 1365752*a^3 + 11920497*a^2 - 47487290*a + 68712063 2833*a^5 - 130464*a^4 + 2234578*a^3 - 18018276*a^2 + 69875554*a - 104130063 -990*a^5 + 47992*a^4 - 871023*a^3 + 7373341*a^2 - 28901577*a + 41563063 -1594*a^5 + 76556*a^4 - 1360939*a^3 + 11054564*a^2 - 40258393*a + 51795416 879*a^5 - 45684*a^4 + 898080*a^3 - 8292489*a^2 + 35657820*a - 56998716 -1448*a^5 + 89189*a^4 - 2020880*a^3 + 20673848*a^2 - 93984737*a + 153877217 885*a^5 - 47112*a^4 + 939564*a^3 - 8630337*a^2 + 35782968*a - 53477358 709*a^5 - 32277*a^4 + 546141*a^3 - 4349218*a^2 + 16591469*a - 23846636 -591*a^5 + 30240*a^4 - 576312*a^3 + 5026899*a^2 - 19677681*a + 28066059 538*a^5 - 29292*a^4 + 603122*a^3 - 5818250*a^2 + 26169216*a - 44653516 -48*a^5 + 3997*a^4 - 109395*a^3 + 1278568*a^2 - 6551685*a + 12666043 4*a^5 - 2236*a^4 + 82576*a^3 - 1046962*a^2 + 5220613*a - 9271441 235*a^5 - 22213*a^4 + 638581*a^3 - 7585069*a^2 + 38147506*a - 67078339 -1072*a^5 + 62019*a^4 - 1329460*a^3 + 12905085*a^2 - 55471519*a + 85911666 846*a^5 - 47693*a^4 + 994362*a^3 - 9347333*a^2 + 38634213*a - 57733922 820*a^5 - 46623*a^4 + 978136*a^3 - 9215505*a^2 + 37776463*a - 54128226 -415*a^5 + 19219*a^4 - 325690*a^3 + 2487244*a^2 - 8297923*a + 8814820 -256*a^5 + 6135*a^4 + 14627*a^3 - 1097355*a^2 + 6634778*a - 10790358 -251*a^5 + 20569*a^4 - 552002*a^3 + 6256168*a^2 - 30167708*a + 51336736 1854*a^5 - 112227*a^4 + 2498496*a^3 - 25035252*a^2 + 110568144*a - 173695821 457*a^5 - 32678*a^4 + 795091*a^3 - 8152340*a^2 + 34310542*a - 48177623 692*a^5 - 46594*a^4 + 1107104*a^3 - 11418415*a^2 + 50013776*a - 75269401 85*a^5 - 5401*a^4 + 107818*a^3 - 699670*a^2 - 258620*a + 8261276 -268*a^5 + 10075*a^4 - 129082*a^3 + 766819*a^2 - 3094483*a + 7509961 222*a^5 - 14733*a^4 + 345126*a^3 - 3500475*a^2 + 15010602*a - 22150539 1186*a^5 - 65012*a^4 + 1329257*a^3 - 12408505*a^2 + 51610131*a - 76908261 -771*a^5 + 37361*a^4 - 666261*a^3 + 5361254*a^2 - 19014078*a + 24541829 984*a^5 - 54820*a^4 + 1140159*a^3 - 10848013*a^2 + 46188600*a - 70590586 108*a^5 - 7360*a^4 + 177931*a^3 - 1891989*a^2 + 8810642*a - 14943512 418*a^5 - 21885*a^4 + 429361*a^3 - 3894765*a^2 + 16178215*a - 25293144 -80*a^5 + 3946*a^4 - 69291*a^3 + 493098*a^2 - 962431*a - 1409200 -3*a^5 + 5787*a^4 - 214060*a^3 + 2591765*a^2 - 11566649*a + 16474534 919*a^5 - 46013*a^4 + 867690*a^3 - 7654671*a^2 + 31230842*a - 46819039 520*a^5 - 23746*a^4 + 394843*a^3 - 2962150*a^2 + 10091740*a - 13546552 -654*a^5 + 33377*a^4 - 643658*a^3 + 5839149*a^2 - 24806188*a + 39475348 -223*a^5 + 15874*a^4 - 404291*a^3 + 4600782*a^2 - 23342334*a + 42613664 -75*a^5 - 2521*a^4 + 166214*a^3 - 2285927*a^2 + 10559359*a - 13954863 -608*a^5 + 31815*a^4 - 620986*a^3 + 5539990*a^2 - 21951765*a + 30279644 254*a^5 - 13751*a^4 + 278332*a^3 - 2583294*a^2 + 10765665*a - 16184302 -414*a^5 + 16631*a^4 - 219936*a^3 + 997037*a^2 + 52314*a - 6031837 -529*a^5 + 25145*a^4 - 446296*a^3 + 3705830*a^2 - 14479378*a + 21638315 149*a^5 - 10835*a^4 + 268477*a^3 - 2821140*a^2 + 12322770*a - 18070222 -812*a^5 + 42439*a^4 - 831436*a^3 + 7519820*a^2 - 30800292*a + 45506952 -234*a^5 + 11887*a^4 - 225522*a^3 + 1968232*a^2 - 7719714*a + 10783627 372*a^5 - 18980*a^4 + 360705*a^3 - 3133676*a^2 + 12124890*a - 16452338 -146*a^5 + 2651*a^4 + 46256*a^3 - 1223592*a^2 + 7665339*a - 14644604 7729*a^4 - 312063*a^3 + 4288246*a^2 - 23540214*a + 44231548 1343*a^4 - 45984*a^3 + 461930*a^2 - 1198902*a - 354898 775*a^4 - 31479*a^3 + 431182*a^2 - 2294844*a + 3890089 2377*a^4 - 95535*a^3 + 1305550*a^2 - 7108425*a + 13291234 -3740*a^4 + 146657*a^3 - 1914897*a^2 + 9620362*a - 15885394 -749*a^5 + 40336*a^4 - 813641*a^3 + 7551190*a^2 - 31581308*a + 47743795 over Number field with defining polynomial x^6-64*x^5+1589*x^4-19390*x^3+122000*x^2-377005*x+450079
a vector of length 59 over Number field with defining polynomial a number field of degree 30
a vector of length 59 over Number field with defining polynomial a number field of degree 18
-120*a+8280 192*a-15600 84*a-5880 516*a-36360 -96*a+8640 -60*a+4560 -120*a+9120 294*a-21840 -834*a+63090 -72*a+6270 228*a-16110 -258*a+20910 -222*a+18300 96*a-6330 216*a-17760 -420 204*a-15840 111*a-7470 -51*a+3330 -45*a+2580 186*a-13380 -18*a+1620 -90*a+6420 -189*a+12810 141*a-10170 138*a-10740 183*a-15420 -177*a+13410 -9*a+390 15*a-2190 -33*a+2550 -48*a+2850 -96*a+6960 -54*a+3600 156*a-12570 -138*a+12210 6*a+1140 174*a-12720 192*a-15390 150*a-11610 78*a-6600 -240*a+16980 120*a-10380 -66*a+5100 -156*a+10260 -18*a+3090 -63*a+4200 -81*a+6030 27*a-1590 -171*a+11820 -66*a+4260 21*a -120*a+9750 114*a-8790 99*a-7860 -1050 -57*a+4080 630 -87*a+6360 over Number field with defining polynomial x^2-148*x+5430
50 30 30 10 10 -30 30 0 -5 -10 -5 20 5 -20 -10 10 5 -5 -5 20 0 0 10 10 -10 -15 -15 -5 10 -5 -25 -5 -10 0 20 10 -20 0 -5 5 -5 0 15 -5 -10 10 -10 15 10 -5 0 -5 0 0 5 10 0 0 0 over Number field with defining polynomial x-5
0 -240 120 0 120 120 0 60 0 -240 0 -60 0 -120 0 -40 0 0 0 -30 -30 0 30 0 -60 30 30 -30 60 30 -30 30 -40 -20 -20 60 -40 -20 0 -60 20 0 -40 -20 40 -20 20 -10 10 -40 20 10 -20 10 -10 -20 -30 50 0 over Number field with defining polynomial x-5
For conductor 730, eigenvectors are:
2 a+4 over Number field with defining polynomial x^2+8*x+14
For conductor 1:
traces of hecke eigenvalues of T_{p^1} are:
22 40 180 94 315 517 609 1083 895 1309 1923 1471 2448 3552 3726 3478 4702 5532 6124 6360 7611 10786 
computing eigenvalues for k = 1, took 170.586807 sec
traces of hecke eigenvalues of T_{p^2} are:
48 -80 
computing eigenvalues for k = 2, took 0.166957 sec
traces of hecke eigenvalues of T_{p^1} are:
-8 10 -10 -136 100 52 224 -32 90 -256 -192 -54 78 752 66 48 -488 432 -476 -1090 276 136 
computing eigenvalues for k = 1, took 9.779443 sec
traces of hecke eigenvalues of T_{p^2} are:
8 40 
computing eigenvalues for k = 2, took 0.233882 sec
traces of hecke eigenvalues of T_{p^1} are:
40 400 1464 2380 5220 7240 12720 25260 30784 52060 70644 81400 106080 151740 208920 230764 305320 363024 499360 578760 712980 922180 
computing eigenvalues for k = 1, took 167.400751 sec
traces of hecke eigenvalues of T_{p^2} are:
120 2800 
computing eigenvalues for k = 2, took 0.167452 sec
traces of hecke eigenvalues of T_{p^1} are:
7 73 99 184 240 322 528 699 1072 1759 1767 1528 2037 2358 3453 3502 4663 4023 6025 6954 7527 8422 
computing eigenvalues for k = 1, took 171.175987 sec
traces of hecke eigenvalues of T_{p^2} are:
-12 184 
computing eigenvalues for k = 2, took 0.163819 sec
traces of hecke eigenvalues of T_{p^1} are:
-13 -22 101 -129 64 -466 563 -122 490 228 -1368 322 438 338 840 1255 -1780 1077 -241 725 2688 1727 
computing eigenvalues for k = 1, took 9.508705 sec
traces of hecke eigenvalues of T_{p^2} are:
8 104 
computing eigenvalues for k = 2, took 0.221224 sec
traces of hecke eigenvalues of T_{p^1} are:
59 217 622 780 1354 1921 2476 4219 4660 5946 8530 9662 11269 14131 16737 18758 23206 26012 31055 33693 38263 46680 
computing eigenvalues for k = 1, took 161.259957 sec
traces of hecke eigenvalues of T_{p^2} are:
36 -264 
computing eigenvalues for k = 2, took 0.176408 sec
traces of hecke eigenvalues of T_{p^1} are:
78 370 772 1228 1864 2742 3444 5756 6998 10016 11716 13424 15064 19570 23426 26162 30330 33322 45278 47178 56948 65998 
computing eigenvalues for k = 1, took 161.411633 sec
traces of hecke eigenvalues of T_{p^2} are:
32 160 
computing eigenvalues for k = 2, took 0.162854 sec
traces of hecke eigenvalues of T_{p^1} are:
93 420 1029 1369 2360 2656 3779 6230 6904 9876 11564 12982 15122 19688 23930 27167 32114 35487 44653 47135 56756 68111 
computing eigenvalues for k = 1, took 172.801945 sec
traces of hecke eigenvalues of T_{p^2} are:
92 560 
computing eigenvalues for k = 2, took 0.166161 sec
traces of hecke eigenvalues of T_{p^1} are:
19 36 -138 -3 -164 313 231 -1399 -32 1198 -1427 1739 729 -6 -963 -274 7045 1094 3108 -210 -6646 2262 
computing eigenvalues for k = 1, took 9.701778 sec
traces of hecke eigenvalues of T_{p^2} are:
-48 -268 
computing eigenvalues for k = 2, took 0.226699 sec
traces of hecke eigenvalues of T_{p^1} are:
266 1230 2878 4036 6490 8430 11492 18506 21646 30398 36692 40826 47712 59648 76978 80626 98540 110404 135680 146928 168166 199794 
computing eigenvalues for k = 1, took 166.070495 sec
traces of hecke eigenvalues of T_{p^2} are:
224 1440 
computing eigenvalues for k = 2, took 0.164566 sec
traces of hecke eigenvalues of T_{p^1} are:
4 52 144 124 372 280 684 780 1144 1372 1284 1924 2052 3084 3960 4684 3532 5544 6160 7044 8820 10612 
computing eigenvalues for k = 1, took 163.516316 sec
traces of hecke eigenvalues of T_{p^2} are:
-24 16 
computing eigenvalues for k = 2, took 0.164646 sec
traces of hecke eigenvalues of T_{p^1} are:
4 22 138 148 396 364 612 972 778 1120 1872 1570 1722 2388 4326 3208 4540 5304 5332 8214 8004 10120 
computing eigenvalues for k = 1, took 165.580825 sec
traces of hecke eigenvalues of T_{p^2} are:
-24 -224 
computing eigenvalues for k = 2, took 0.163781 sec
traces of hecke eigenvalues of T_{p^1} are:
4 22 -18 -5 -72 -14 -156 174 274 148 213 -86 216 15 -648 202 -140 132 -284 762 1122 427 
computing eigenvalues for k = 1, took 10.462623 sec
traces of hecke eigenvalues of T_{p^2} are:
3 19 
computing eigenvalues for k = 2, took 0.213468 sec
For conductor 2:
traces of hecke eigenvalues of T_{p^1} are:
-25 -64 29 -219 -72 134 97 60 -120 -682 -142 -544 102 -432 1016 -1189 58 323 847 -1017 1426 -1887 
computing eigenvalues for k = 1, took 515.134527 sec
traces of hecke eigenvalues of T_{p^2} are:
14 68 
computing eigenvalues for k = 2, took 0.632224 sec
For conductor 5:
traces of hecke eigenvalues of T_{p^1} are:
-10 -23 -36 55 63 -105 -42 -2 -106 -9 -100 114 -8 139 -438 -603 -639 247 1567 1317 187 -1101 
computing eigenvalues for k = 1, took 906.810947 sec
traces of hecke eigenvalues of T_{p^2} are:
12 39 
computing eigenvalues for k = 2, took 0.579345 sec
For conductor 10:
traces of hecke eigenvalues of T_{p^1} are:
109 524 1096 1695 2721 3351 5007 7446 9155 12847 14820 17518 19548 26314 30876 33483 41026 44309 56798 61493 69539 86540 
computing eigenvalues for k = 1, took 146.094345 sec
traces of hecke eigenvalues of T_{p^2} are:
76 592 
computing eigenvalues for k = 2, took 0.515720 sec
traces of hecke eigenvalues of T_{p^1} are:
4 3 -115 274 -461 510 -406 1075 1024 1981 1902 -399 -325 -1242 -171 6512 1320 -418 1756 -11282 -975 2007 
computing eigenvalues for k = 1, took 147.081837 sec
traces of hecke eigenvalues of T_{p^2} are:
-47 -230 
computing eigenvalues for k = 2, took 0.574167 sec
For conductor 73:
traces of hecke eigenvalues of T_{p^1} are:
-10 -25 -12 -9 1 89 -118 -18 -232 57 262 -696 -20 -69 156 -87 17 1049 -133 -325 -871 -483 
computing eigenvalues for k = 1, took 525.884783 sec
traces of hecke eigenvalues of T_{p^2} are:
10 25 
computing eigenvalues for k = 2, took 0.668469 sec
traces of hecke eigenvalues of T_{p^1} are:
-25 -50 -9 -103 132 -162 -81 -6 366 -216 -876 -22 -690 762 132 2231 -976 -627 -1821 -105 2688 1339 
computing eigenvalues for k = 1, took 528.151877 sec
traces of hecke eigenvalues of T_{p^2} are:
40 120 
computing eigenvalues for k = 2, took 0.650758 sec
For conductor 146:
traces of hecke eigenvalues of T_{p^1} are:
73 364 809 1157 1788 2492 3483 5692 6548 8848 9712 11968 13270 15558 19388 23019 27426 30507 39765 41739 46904 56603 
computing eigenvalues for k = 1, took 431.215667 sec
traces of hecke eigenvalues of T_{p^2} are:
52 512 
computing eigenvalues for k = 2, took 0.542511 sec
traces of hecke eigenvalues of T_{p^1} are:
111 524 1272 1739 2981 3627 5237 8658 9819 13957 17348 17444 22232 27850 35548 38855 44652 51377 63262 66611 81527 93400 
computing eigenvalues for k = 1, took 421.842766 sec
traces of hecke eigenvalues of T_{p^2} are:
44 192 
computing eigenvalues for k = 2, took 0.544222 sec
traces of hecke eigenvalues of T_{p^1} are:
27 135 -372 429 59 104 -889 -169 392 2877 -620 1801 613 2792 -1517 2967 3028 -3871 -2105 -1731 -5973 3252 
computing eigenvalues for k = 1, took 146.378205 sec
traces of hecke eigenvalues of T_{p^2} are:
-51 50 
computing eigenvalues for k = 2, took 0.510596 sec
For conductor 365:
traces of hecke eigenvalues of T_{p^1} are:
-1 -5 44 -21 39 -92 -36 395 191 84 -319 -394 -227 162 307 -60 835 -143 -191 82 -473 -1620 
computing eigenvalues for k = 1, took 156.987045 sec
traces of hecke eigenvalues of T_{p^2} are:
1 -20 
computing eigenvalues for k = 2, took 0.458363 sec
traces of hecke eigenvalues of T_{p^1} are:
64 292 761 1094 1788 2331 3170 5346 5436 8111 9325 10894 12716 16347 20560 20424 27331 29203 36920 41391 45910 58210 
computing eigenvalues for k = 1, took 158.765838 sec
traces of hecke eigenvalues of T_{p^2} are:
16 -64 
computing eigenvalues for k = 2, took 0.456132 sec
traces of hecke eigenvalues of T_{p^1} are:
-27 60 88 -218 -738 333 -373 -747 1726 -76 -114 429 511 -3363 -465 2690 3097 3266 4598 1926 4566 -1855 
computing eigenvalues for k = 1, took 157.891554 sec
traces of hecke eigenvalues of T_{p^2} are:
-99 -153 
computing eigenvalues for k = 2, took 0.464497 sec
traces of hecke eigenvalues of T_{p^1} are:
241 1069 2385 3460 5791 7203 10249 15876 18657 25556 30816 35691 41643 52382 62937 70374 83651 90075 114373 127938 147098 172612 
computing eigenvalues for k = 1, took 156.012119 sec
traces of hecke eigenvalues of T_{p^2} are:
244 1352 
computing eigenvalues for k = 2, took 0.455895 sec
traces of hecke eigenvalues of T_{p^1} are:
28 148 232 264 464 680 1060 1448 1936 3092 3380 3996 4140 6200 6192 8196 8500 10896 12208 12860 16080 16316 
computing eigenvalues for k = 1, took 159.796060 sec
traces of hecke eigenvalues of T_{p^2} are:
32 384 
computing eigenvalues for k = 2, took 0.461765 sec
traces of hecke eigenvalues of T_{p^1} are:
5 55 93 166 176 244 502 747 738 1447 1507 2054 2355 2186 4231 3478 5157 4309 5727 6660 9179 11092 
computing eigenvalues for k = 1, took 158.776773 sec
traces of hecke eigenvalues of T_{p^2} are:
-20 40 
computing eigenvalues for k = 2, took 0.455776 sec
traces of hecke eigenvalues of T_{p^1} are:
5 -15 -52 71 -9 24 52 -33 153 12 -223 154 395 166 121 -572 577 299 -473 -270 -261 -528 
computing eigenvalues for k = 1, took 162.070084 sec
traces of hecke eigenvalues of T_{p^2} are:
5 -20 
computing eigenvalues for k = 2, took 0.494546 sec
For conductor 730:
traces of hecke eigenvalues of T_{p^1} are:
-8 -22 -20 -54 98 -102 240 -272 -236 -230 232 -360 268 -226 -208 -442 -30 2 -1322 762 -334 186 
computing eigenvalues for k = 1, took 515.840919 sec
traces of hecke eigenvalues of T_{p^2} are:
4 14 
computing eigenvalues for k = 2, took 0.641469 sec
