constructing eigenvector for poly
x-16
constructing eigenvector for poly
x-4
constructing eigenvector for poly
x-19
constructing eigenvector for poly
x-7
constructing eigenvector for poly
x-8
constructing eigenvector for poly
x-40
constructing eigenvector for poly
x+14
constructing eigenvector for poly
x^2+6*x+7
constructing eigenvector for poly
x^2-33*x+254
constructing eigenvector for poly
x^5-56*x^4+1166*x^3-11040*x^2+45536*x-57176
constructing eigenvector for poly
x-1
constructing eigenvector for poly
x^3-35*x^2+338*x-670
constructing eigenvector for poly
x-14
constructing eigenvector for poly
x^2+8*x-11
constructing eigenvector for poly
x^2-25*x+112
constructing eigenvector for poly
x+7
constructing eigenvector for poly
x^3-27*x^2+220*x-482
constructing eigenvector for poly
x^6-77*x^5+2324*x^4-34828*x^3+270436*x^2-1018948*x+1419016
computing eigenvectors took 0.180051 sec
For conductor 1, eigenvectors are:
-15 -3 15 3 -3 -3 15 3 -7 1 3 -3 1 -3 -3 3 over Number field with defining polynomial x-16
-12 0 6 -6 0 0 -3 3 -2 -4 0 2 -2 0 3 0 over Number field with defining polynomial x-4
-4 -10 8 2 2 -1 -10 -4 -10 5 2 2 2 8 -4 -1 over Number field with defining polynomial x-19
-8 -32 4 16 16 4 4 -8 4 -8 -11 -2 -2 4 1 4 over Number field with defining polynomial x-7
28 32 42 -2 16 -16 7 -3 18 -12 4 2 -6 8 -7 -8 over Number field with defining polynomial x-8
1 1 1 1 1 1 1 1 1 1 1 1 1 1 1 1 over Number field with defining polynomial x-40
0 -12 0 12 -12 -12 0 12 2 4 -3 -2 -1 3 3 -3 over Number field with defining polynomial x+14
0 24*a+72 0 24*a+96 -24*a-96 6*a+30 0 12 -4*a-12 -12*a-52 -6*a-24 8*a+40 4*a+20 -4 -3*a-18 -3 over Number field with defining polynomial x^2+6*x+7
-48*a+1040 -4*a+36 -32*a+592 -12*a+260 -12*a+260 -10*a+204 12*a-184 -8*a+148 10*a-242 -8*a+148 9*a-157 2*a-18 a-47 11*a-213 -4*a+93 -19 over Number field with defining polynomial x^2-33*x+254
54*a^3 - 2644*a^2 + 40676*a - 193632 18*a^4 - 870*a^3 + 14768*a^2 - 102132*a + 237952 -13*a^4 + 618*a^3 - 10204*a^2 + 67284*a - 142948 -a^4 + 28*a^3 + 600*a^2 - 21168*a + 130028 27*a^4 - 1320*a^3 + 22778*a^2 - 162380*a + 399920 -14*a^4 + 732*a^3 - 13572*a^2 + 104940*a - 285832 a^4 - 50*a^3 + 686*a^2 - 1112*a - 16108 9*a^4 - 382*a^3 + 5190*a^2 - 21724*a - 6956 -8*a^4 + 376*a^3 - 5988*a^2 + 36180*a - 61104 -6*a^4 + 250*a^3 - 3204*a^2 + 10836*a + 20344 -5*a^4 + 256*a^3 - 4422*a^2 + 28820*a - 54172 -40*a^3 + 1618*a^2 - 20836*a + 85992 8*a^4 - 384*a^3 + 6256*a^2 - 39380*a + 74176 26*a^3 - 1144*a^2 + 16252*a - 73088 -4*a^3 + 134*a^2 - 1600*a + 6536 -4*a^2 + 380*a - 3396 over Number field with defining polynomial x^5-56*x^4+1166*x^3-11040*x^2+45536*x-57176
For conductor 2, eigenvectors are:
For conductor 5, eigenvectors are:
For conductor 10, eigenvectors are:
0 -4 1 -1 over Number field with defining polynomial x-1
a^2 - 18*a + 53 a-23 2*a-25 a-2 over Number field with defining polynomial x^3-35*x^2+338*x-670
For conductor 19, eigenvectors are:
For conductor 38, eigenvectors are:
2 -11 3 1 2 over Number field with defining polynomial x-14
2*a+2 0 12 -a-4 -3 over Number field with defining polynomial x^2+8*x-11
2*a-34 a-9 a-9 a-17 8 over Number field with defining polynomial x^2-25*x+112
For conductor 95, eigenvectors are:
0 0 8 8 0 -4 2 0 1 -1 over Number field with defining polynomial x+7
-48*a^2 + 852*a - 3492 18*a^2 - 264*a + 630 -12*a^2 + 198*a - 714 12*a^2 - 228*a + 1032 -12*a^2 + 153*a - 237 3*a^2 - 18*a - 201 3*a^2 - 27*a - 60 -a^2 + 47*a - 398 27*a-309 -12*a+150 over Number field with defining polynomial x^3-27*x^2+220*x-482
-a^5 + 67*a^4 - 1680*a^3 + 19658*a^2 - 109112*a + 233208 -a^5 + 65*a^4 - 1570*a^3 + 17468*a^2 - 90274*a + 174716 a^5 - 75*a^4 + 2154*a^3 - 29418*a^2 + 190210*a - 466660 a^4 - 63*a^3 + 1480*a^2 - 15210*a + 55300 a^4 - 63*a^3 + 1346*a^2 - 11224*a + 31592 a^5 - 72*a^4 + 1981*a^3 - 25882*a^2 + 160148*a - 376576 -a^4 + 63*a^3 - 1412*a^2 + 13204*a - 43640 a^4 - 65*a^3 + 1478*a^2 - 13762*a + 45012 a^4 - 61*a^3 + 1280*a^2 - 10666*a + 30220 -2*a^4 + 112*a^3 - 2188*a^2 + 17390*a - 48204 over Number field with defining polynomial x^6-77*x^5+2324*x^4-34828*x^3+270436*x^2-1018948*x+1419016
For conductor 190, eigenvectors are:
For conductor 1:
traces of hecke eigenvalues of T_{p^1} are:
16 24 120 140 420 712 1084 848 1500 1716 1584 2440 2588 3816 2956 4608 4768 5236 5632 7968 9588 10292 
computing eigenvalues for k = 1, took 8.385726 sec
traces of hecke eigenvalues of T_{p^2} are:
24 -208 
computing eigenvalues for k = 2, took 0.137357 sec
traces of hecke eigenvalues of T_{p^1} are:
4 52 144 124 372 684 780 1144 1372 1284 1924 2052 3084 3960 4684 3532 5544 5764 6160 7044 8820 10612 
computing eigenvalues for k = 1, took 8.335784 sec
traces of hecke eigenvalues of T_{p^2} are:
-24 16 
computing eigenvalues for k = 2, took 0.136080 sec
traces of hecke eigenvalues of T_{p^1} are:
19 67 96 247 219 423 1101 1102 1264 1392 1966 1920 3363 4173 3694 4675 4908 5809 7582 7242 7980 10912 
computing eigenvalues for k = 1, took 8.401751 sec
traces of hecke eigenvalues of T_{p^2} are:
36 136 
computing eigenvalues for k = 2, took 0.137431 sec
traces of hecke eigenvalues of T_{p^1} are:
7 67 78 193 213 735 621 1048 1156 1962 1696 2088 3297 3735 3424 3595 4866 5755 6286 7206 7842 10264 
computing eigenvalues for k = 1, took 8.387111 sec
traces of hecke eigenvalues of T_{p^2} are:
-12 136 
computing eigenvalues for k = 2, took 0.140362 sec
traces of hecke eigenvalues of T_{p^1} are:
8 36 88 224 220 388 708 680 1632 1756 1460 2836 3368 3904 4300 5480 5432 4860 5112 5852 6988 10672 
computing eigenvalues for k = 1, took 8.429368 sec
traces of hecke eigenvalues of T_{p^2} are:
-8 -112 
computing eigenvalues for k = 2, took 0.139928 sec
traces of hecke eigenvalues of T_{p^1} are:
40 400 1464 2380 5220 12720 25260 30784 52060 70644 81400 106080 151740 208920 230764 305320 363024 394420 499360 578760 712980 922180 
computing eigenvalues for k = 1, took 8.495499 sec
traces of hecke eigenvalues of T_{p^2} are:
120 2800 
computing eigenvalues for k = 2, took 0.137907 sec
traces of hecke eigenvalues of T_{p^1} are:
-14 -11 45 -110 15 132 84 28 40 -684 -11 -345 858 66 841 -1292 858 -149 472 1068 1878 1882 
computing eigenvalues for k = 1, took 6.867741 sec
traces of hecke eigenvalues of T_{p^2} are:
24 52 
computing eigenvalues for k = 2, took 0.161099 sec
traces of hecke eigenvalues of T_{p^1} are:
-6 -10 0 58 -66 -110 414 -132 104 92 -476 -372 306 -734 472 226 -136 1302 -72 -192 1208 -1908 
computing eigenvalues for k = 1, took 6.791287 sec
traces of hecke eigenvalues of T_{p^2} are:
-12 -60 
computing eigenvalues for k = 2, took 0.166771 sec
traces of hecke eigenvalues of T_{p^1} are:
33 94 247 381 532 1177 1743 2196 3004 3394 4461 4123 4505 6793 7877 10335 10424 11182 13990 13274 15784 20306 
computing eigenvalues for k = 1, took 8.313746 sec
traces of hecke eigenvalues of T_{p^2} are:
52 -48 
computing eigenvalues for k = 2, took 0.136913 sec
traces of hecke eigenvalues of T_{p^1} are:
56 352 748 972 1724 2984 3876 4832 7036 8668 10216 11856 14476 16392 19912 23432 24960 28796 32080 34568 38268 49772 
computing eigenvalues for k = 1, took 8.393440 sec
traces of hecke eigenvalues of T_{p^2} are:
24 816 
computing eigenvalues for k = 2, took 0.139844 sec
For conductor 2:
For conductor 5:
For conductor 10:
traces of hecke eigenvalues of T_{p^1} are:
1 19 -30 -17 33 -21 -45 -68 100 -198 -254 546 303 -213 -188 1369 750 -257 682 -156 -1062 256 
computing eigenvalues for k = 1, took 164.125398 sec
traces of hecke eigenvalues of T_{p^2} are:
-18 22 
computing eigenvalues for k = 2, took 0.654514 sec
traces of hecke eigenvalues of T_{p^1} are:
35 169 348 509 799 1597 2419 3034 4060 4716 5158 5832 8201 10569 13294 14795 15920 16077 20010 19558 22956 27264 
computing eigenvalues for k = 1, took 153.761063 sec
traces of hecke eigenvalues of T_{p^2} are:
20 152 
computing eigenvalues for k = 2, took 0.588410 sec
For conductor 19:
For conductor 38:
traces of hecke eigenvalues of T_{p^1} are:
14 44 112 178 272 592 720 792 1250 1504 2140 2076 2934 3492 3648 4890 4592 5840 7300 6816 8680 10630 
computing eigenvalues for k = 1, took 153.752646 sec
traces of hecke eigenvalues of T_{p^2} are:
16 -48 
computing eigenvalues for k = 2, took 0.626918 sec
traces of hecke eigenvalues of T_{p^1} are:
-8 24 14 20 -104 -56 -82 358 -332 102 -208 -198 -76 632 470 236 1062 -252 -24 -750 -906 -664 
computing eigenvalues for k = 1, took 154.144538 sec
traces of hecke eigenvalues of T_{p^2} are:
2 22 
computing eigenvalues for k = 2, took 0.696465 sec
traces of hecke eigenvalues of T_{p^1} are:
25 169 274 377 561 949 1661 1968 3192 2654 4080 4312 6121 7281 6884 8173 10630 10927 12746 16170 15150 17148 
computing eigenvalues for k = 1, took 153.371821 sec
traces of hecke eigenvalues of T_{p^2} are:
20 552 
computing eigenvalues for k = 2, took 0.639353 sec
For conductor 95:
traces of hecke eigenvalues of T_{p^1} are:
-7 -3 -20 67 11 -55 -95 134 200 36 238 240 31 -1025 370 313 -96 -351 -246 318 -1488 -392 
computing eigenvalues for k = 1, took 165.187701 sec
traces of hecke eigenvalues of T_{p^2} are:
4 -64 
computing eigenvalues for k = 2, took 0.529345 sec
traces of hecke eigenvalues of T_{p^1} are:
27 157 328 425 815 1453 2701 2822 3914 5448 5462 5624 9381 10011 12138 12803 15024 16285 20766 20882 23020 27398 
computing eigenvalues for k = 1, took 132.209286 sec
traces of hecke eigenvalues of T_{p^2} are:
-12 56 
computing eigenvalues for k = 2, took 0.919844 sec
traces of hecke eigenvalues of T_{p^1} are:
77 341 800 1171 1871 3201 5327 6526 8926 10076 11140 14210 15443 21215 24318 28077 31464 33941 37982 41752 52316 58946 
computing eigenvalues for k = 1, took 133.717549 sec
traces of hecke eigenvalues of T_{p^2} are:
68 328 
computing eigenvalues for k = 2, took 0.848740 sec
For conductor 190:
