constructing eigenvector for poly
x-40
constructing eigenvector for poly
x^27-327*x^26+51021*x^25-5055813*x^24+357287636*x^23-19168420392*x^22+811484871079*x^21-27816902559250*x^20+786153147145985*x^19-18556205969269020*x^18+369233061675181456*x^17-6234662397615185101*x^16+89736249366950851425*x^15-1103896525870338666309*x^14+11618938371209291686027*x^13-104593357371257849320741*x^12+803734782105326093848238*x^11-5253783847659234922238790*x^10+29059081034225626434736446*x^9-134992362429899219132940035*x^8+521368550536338036690934064*x^7-1651233821267953411521764424*x^6+4208184765541301761684990051*x^5-8402761516623478181640880460*x^4+12636598544559121371440339803*x^3-13433386587764886569900188842*x^2+8981870073335203315658211100*x-2835388979934309867206317472
constructing eigenvector for poly
x^35+6*x^34-425*x^33-2629*x^32+76244*x^31+486163*x^30-7627341*x^29-50184905*x^28+474054277*x^27+3232183102*x^26-19265926832*x^25-137363686156*x^24+523026153051*x^23+3965164742433*x^22-9477155138955*x^21-78717660655535*x^20+111744107664944*x^19+1075884868669661*x^18-797778231178530*x^17-10048924339383535*x^16+2663715086633543*x^15+63209256633399631*x^14+4381783914926523*x^13-261478576063253782*x^12-78937369821708227*x^11+684584335996931039*x^10+313236398270507189*x^9-1063408330356123789*x^8-581272573286907280*x^7+874087058819494005*x^6+492559417929573149*x^5-306707083865655688*x^4-151018754854237470*x^3+29229209173512761*x^2+15089950988442976*x+723312398477417
constructing eigenvector for poly
x^50-573*x^49+160046*x^48-29039837*x^47+3848855029*x^46-397240072448*x^45+33238793495704*x^44-2317876277471118*x^43+137429416016043721*x^42-7033609767277630065*x^41+314408202329295327649*x^40-12390560209214102750406*x^39+433769550433480076772261*x^38-13573594438972791065418703*x^37+381618610908795316198220493*x^36-9681008381777085839087382300*x^35+222392123703127145184140513275*x^34-4640041609950247385429015429327*x^33+88146880949596911055868138616910*x^32-1527798715495934572252849170706735*x^31+24200613138147814024247082209618395*x^30-350806471524315570999978087977666756*x^29+4658395502861576514233949728839541351*x^28-56709520706925951697203784520527105087*x^27+633189937490840693609213032713739214227*x^26-6485855511644213416830135303539836572862*x^25+60945940589065140126365247456776604369972*x^24-525228944067976591252538348806969161281862*x^23+4149091527334819724561729087440504992309560*x^22-30020713812634943014437922128948152379382826*x^21+198746544683399921895681154574393087707607220*x^20-1202297350548940659373242202419956692820231054*x^19+6635091922927669437828441290634182682443018093*x^18-33338492209981946301066838810493542539746754387*x^17+152154406700013731545133996849742103958655976133*x^16-628998690683463234379673969730376257013160162380*x^15+2347525779935003917003213068590635829114259273859*x^14-7879130994176758335472588340110965948549955908047*x^13+23673245927395057268147128176589352140298371585872*x^12-63325359616723736087964429100390571857659933616457*x^11+149830218038899034154115257870830559316739476588899*x^10-311092589907705514124906415507411198744692690354454*x^9+561355585325164785849158870902374896101386542108266*x^8-869738024665134678351751538253061678439131227485612*x^7+1139267362302543676957766229275428777133001052685912*x^6-1236246014678485106205526424586288742594903004608896*x^5+1080658248669421537101003299255075196928386192307968*x^4-730686332207167300984416279718186961497729800067264*x^3+358323475667097684850521265195807151031802778332800*x^2-113299486846117418580064975727896704873776618778624*x+17325986721475331699706476839823243518220135107072
constructing eigenvector for poly
x^88-60*x^87+278*x^86+54225*x^85-1050455*x^84-17066007*x^83+656699579*x^82+290969169*x^81-209811458392*x^80+1463925257526*x^79+39624841439013*x^78-544562102487783*x^77-4158491932305262*x^76+110224681693189172*x^75+65022300209246719*x^74-14691995651469100204*x^73+55683817805921085675*x^72+1341371779302425273185*x^71-10556577371061529297283*x^70-79898941466182256730260*x^69+1126762111013559896885231*x^68+2176602004644384264251946*x^67-82825280029324142288200850*x^66+112545831565340254218722814*x^65+4386884542961576955975953149*x^64-17798181622912320640044212723*x^63-164844975829351225835183550218*x^62+1196819538289143150785482209955*x^61+3901043714257081146794100463461*x^60-53896132857033493907366462993526*x^59-19257604017126259504778897791185*x^58+1768906437411912778479144902808875*x^57-2911244577922958063174422115119338*x^56-42925401568666940203675291796851522*x^55+150509098418974148691881894637668365*x^54+744525275089264499914695864187732138*x^53-4457133833257834052023545209981088157*x^52-7902373215274944299122665700590109224*x^51+93571043795779447732428713021355087977*x^50+2613819903732292792185898200394840067*x^49-1467486306997105575523079809954792477890*x^48+1820038170939294828222476525877066540912*x^47+17330305361118422794998406822972788228234*x^46-41975137526057177060576943645922727030500*x^45-150338131701906039764318733601039919474534*x^44+587577430707036289752027250739846834322574*x^43+872407518538490107111614470362221202977317*x^42-5925183156925258009167488909709924105894661*x^41-2021797914101615342326615964795656764061209*x^40+45202029184042144942200803922540493079204001*x^39-19581654573852276120996846629134193647205494*x^38-265252195035897355310496088269692211443901307*x^37+278623855788240389216446095810421324154226633*x^36+1199843950031415430117258612654343493848129857*x^35-1955049491312624244603513310594092766409918601*x^34-4145519342873044890666579408528979389261933944*x^33+9470146565656851782675957340305023958904280130*x^32+10665067414726881696620626283145501761122011684*x^31-34256139768087836511624332312352167561239475474*x^30-19138105916643055057245562770570126299722875341*x^29+95345315946113943494453314877270042146285842135*x^28+18849805358777177739669788717347040257774429709*x^27-206897126336609266498477169687518854763705777663*x^26+9180684731341032458930507677409608662169740521*x^25+351786194282181776347712570969265489578684559024*x^24-73716666898746986263607964138267408631241953281*x^23-468458388661091018691150946092622894445800464181*x^22+150329942211186102023766103472668719000385546829*x^21+485900565728173102031495275757438595202583896368*x^20-190988963317217083246633058166298856996641519694*x^19-388155477669731439863011099316745492937506224515*x^18+169717981002581406384379098765978835803142110801*x^17+234334511131026145584203096147872869144354438034*x^16-108756588438719817945261910683687069827798585740*x^15-103770088036581518148752745577131492613706747317*x^14+50405135248068654752824816712568264118922273832*x^13+32133652806875648356171504362075616507780189245*x^12-16653813200862470939230741210595677585772350736*x^11-6390079822080416481740728167579687157831036564*x^10+3781331748542231059042221378989341514090984403*x^9+663368582036568211090493331951982604492715912*x^8-545794896757699823857132966338669091690567784*x^7-4053506094497336960857950440916485432708128*x^6+42065361628184883194823914935364268370727117*x^5-5396350881852015636016918773970120511822570*x^4-950713991048173081147082655261872882377008*x^3+286904494061900227988778921016178155180190*x^2-24927657012492907600313478195779782565375*x+742257666681004992081508693847917607162
constructing eigenvector for poly
x^4+34*x^3+422*x^2+2261*x+4391
constructing eigenvector for poly
x^35+6*x^34-425*x^33-2629*x^32+76244*x^31+486163*x^30-7627341*x^29-50184905*x^28+474054277*x^27+3232183102*x^26-19265926832*x^25-137363686156*x^24+523026153051*x^23+3965164742433*x^22-9477155138955*x^21-78717660655535*x^20+111744107664944*x^19+1075884868669661*x^18-797778231178530*x^17-10048924339383535*x^16+2663715086633543*x^15+63209256633399631*x^14+4381783914926523*x^13-261478576063253782*x^12-78937369821708227*x^11+684584335996931039*x^10+313236398270507189*x^9-1063408330356123789*x^8-581272573286907280*x^7+874087058819494005*x^6+492559417929573149*x^5-306707083865655688*x^4-151018754854237470*x^3+29229209173512761*x^2+15089950988442976*x+723312398477417
constructing eigenvector for poly
x^9+64*x^8+1731*x^7+25799*x^6+231465*x^5+1278937*x^4+4245678*x^3+7729950*x^2+5901164*x+37447
constructing eigenvector for poly
x^17+96*x^16+4183*x^15+109563*x^14+1924755*x^13+23943801*x^12+216829596*x^11+1444400452*x^10+7043002855*x^9+24504660160*x^8+56767911324*x^7+68849205436*x^6-31307999273*x^5-280606983871*x^4-483846172998*x^3-390019107454*x^2-125349193282*x+545017361
constructing eigenvector for poly
x^9+64*x^8+1731*x^7+25799*x^6+231465*x^5+1278937*x^4+4245678*x^3+7729950*x^2+5901164*x+37447
constructing eigenvector for poly
x^24-264*x^23+33014*x^22-2601551*x^21+144972687*x^20-6077439315*x^19+199062029106*x^18-5223043766257*x^17+111670059522206*x^16-1968584910182194*x^15+28844217541449308*x^14-353073302314536520*x^13+3620236471592746649*x^12-31110376484927940943*x^11+223719447719050991036*x^10-1341333153744058939198*x^9+6664499361923933925599*x^8-27195985690179899606719*x^7+89997659350887758515168*x^6-237228868636336557239278*x^5+485441020474187504976726*x^4-741943170363394393025849*x^3+795655623420500249211056*x^2-533172750099880999752784*x+167736796700305843118024
constructing eigenvector for poly
x^99+91*x^98+2603*x^97-8511*x^96-1885801*x^95-25598610*x^94+449832682*x^93+13534082288*x^92-9507291790*x^91-3464287875305*x^90-21116987310422*x^89+543525311286977*x^88+6451146467404660*x^87-53324245857264211*x^86-1112888197131921824*x^85+2466204427335828224*x^84+134650334647009176302*x^83+162833167043612499816*x^82-12284195421142761455908*x^81-46009122944835196950721*x^80+872226564298556270816599*x^79+5302609671818151607838174*x^78-48690196537206635053028172*x^77-425327736403070051800161884*x^76+2111649925233126823457556073*x^75+26486654542159718526292592299*x^74-67194474604998727388225145904*x^73-1338756666021858592316931873497*x^72+1217765436972442757441794593806*x^71+56225075596680542987593096262354*x^70+16658520121473732291744049613924*x^69-1989867137904512038318451475788266*x^68-2511263607519882384388535940954601*x^67+59877064639728328144941958585069578*x^66+125135417472897757331918869177561565*x^65-1540519021879963247144089653060435078*x^64-4386743061851456737438186979901796634*x^63+33991250215684320696921715677393290255*x^62+122003119820897011400110692266154369453*x^61-643692789253958709753163691499819615237*x^60-2812223216511677026305594860299979708844*x^59+10442518054745579639887624572684400225009*x^58+54869375080569143257867009994551684016105*x^57-144357446396546973110879291897440654979453*x^56-916832879428254582040943691351827275687600*x^55+1681821706916139110752806874356273804561562*x^54+13211210583405577376554786256246998219914032*x^53-16143955123549779151928316628331249579101957*x^52-164847583200963834216459946558596087480045558*x^51+121175282650240809799219401420606464927514352*x^50+1785222473241581765822838646978896516064684975*x^49-601661203328663170854983638987982328441269411*x^48-16793612838330166821835479043932856761486508529*x^47+57789849483686249983554680890076780182413663*x^46+137182362536618429148517765984437118662570856446*x^45+38815191508915383038981661565062164570819628901*x^44-971710194692678945399155357735902430730126751957*x^43-520054102413987397344460033043807274802551580679*x^42+5953158138486434704248537100662216864056215955527*x^41+4548103290976019551856633280435650425506819164555*x^40-31423786059495789142500611988255110256154483237073*x^39-30763399121980376935416905373752074020356712999501*x^38+142137446608797186430585808638603322088847822609045*x^37+169176823368850270632667898224893368954015147344342*x^36-546779684498309953461616239564542247161997748878946*x^35-770927877614144814140515752947740048442136543630426*x^34+1769842220410379698939966271087486056867419047582806*x^33+2930482158737041299361130584312669204254846107309213*x^32-4745129677158119159436025393935810760114097299774515*x^31-9292042407513055807173562805380711637612138205678669*x^30+10276741173189751754841233515401304969695295506686709*x^29+24462466726790795512418161458423842263364351672625949*x^28-17166603581858895510580469854611783205808451600750031*x^27-52998303826468883617451868620666235280441695939367243*x^26+19779726935489452793041310544929929887746193510759672*x^25+93227378318548974191702523778135214319671135095891096*x^24-9115083772187493220388451484453983417643836406811917*x^23-130575411910858945010094377178701710306150537902010591*x^22-18552592698274317851224512077078965249093559996879571*x^21+141496742867687066793612663591308983653728096132047805*x^20+51444456157316845473745102707419659273501022779279244*x^19-113407225167977098431094495068208119435336173125747848*x^18-67100407439740694950141005266422813990598209029571534*x^17+61964679242373979933934533917674205181959132737200900*x^16+54914671162489583570424684811757390091781953499180927*x^15-18791669246893910712037347935136745252330361385165453*x^14-28626853567026660240420355282769172071973465638239012*x^13+148833898202331774349156289088210029465652272815627*x^12+8820910271828092850778753309117465905787811252455283*x^11+1994961626878499351151548938150658061575661558390408*x^10-1310329144121983028954985382097227239511894944261828*x^9-586521142441635428548090342607372295141750953999734*x^8+34936137360572238190594367831784697759283340416014*x^7+54722668798151648303959567857156628568226805018322*x^6+6335008305024506404462112844972686858718936774959*x^5-1256150944271770625556311571819826344617608729191*x^4-270873096190918929017576571875029119520624164834*x^3-3059404125770563271506372613515284641393831308*x^2+1685857583931170305933381791609605073210602665*x+59914468165225025531094068979667030179490904
computing eigenvectors took 17.417668 sec
For conductor 1, eigenvectors are:
-1 -1 -1 -1 -1 -1 -1 -1 -1 -1 -1 -1 -1 -1 -1 -1 -1 -1 -1 -1 -1 -1 -1 -1 -1 -1 -1 -1 -1 -1 -1 -1 -1 -1 -1 -1 -1 -1 -1 -1 -1 -1 -1 -1 -1 -1 -1 -1 -1 -1 -1 -1 -1 -1 -1 -1 -1 -1 -1 -1 -1 -1 -1 -1 -1 -1 -1 -1 -1 -1 -1 -1 -1 -1 -1 -1 -1 -1 -1 -1 -1 -1 -1 -1 -1 -1 -1 -1 -1 -1 -1 -1 -1 -1 -1 -1 -1 -1 -1 -1 -1 -1 -1 -1 -1 -1 -1 -1 -1 -1 -1 -1 -1 -1 -1 -1 -1 -1 -1 -1 -1 -1 -1 -1 -1 -1 -1 -1 -1 -1 -1 -1 -1 -1 -1 -1 -1 -1 -1 -1 -1 -1 -1 -1 -1 -1 -1 -1 -1 -1 -1 -1 -1 -1 -1 -1 -1 -1 -1 -1 -1 -1 -1 -1 -1 -1 -1 -1 -1 -1 -1 -1 -1 -1 -1 -1 -1 -1 -1 -1 -1 -1 -1 -1 -1 -1 -1 -1 -1 -1 -1 -1 -1 -1 -1 -1 -1 -1 -1 -1 -1 over Number field with defining polynomial x-40
a vector of length 201 over Number field with defining polynomial a number field of degree 27
a vector of length 201 over Number field with defining polynomial a number field of degree 35
a vector of length 201 over Number field with defining polynomial a number field of degree 50
a vector of length 201 over Number field with defining polynomial a number field of degree 88
For conductor 2, eigenvectors are:
2*a^3 + 50*a^2 + 400*a + 1014 0 -2*a^2 - 34*a - 148 0 0 -2*a^2 - 34*a - 138 2*a^2 + 24*a + 58 0 -2*a^2 - 34*a - 148 0 0 -2*a^2 - 34*a - 138 0 5*a+45 0 a^2 + 22*a + 114 a^2 + 17*a + 69 0 5*a+45 -a^2 - 12*a - 29 a^3 + 26*a^2 + 217*a + 576 -a^3 - 26*a^2 - 217*a - 576 a^2 + 17*a + 74 a^3 + 26*a^2 + 217*a + 581 a^2 + 12*a + 29 -a^2 - 17*a - 74 a^2 + 17*a + 69 0 a^3 + 26*a^2 + 217*a + 581 a^3 + 26*a^2 + 212*a + 536 -a^3 - 25*a^2 - 200*a - 507 2*a^2 + 34*a + 143 -a^2 - 17*a - 74 -a^3 - 25*a^2 - 200*a - 507 a^2 + 17*a + 74 -a^2 - 22*a - 114 -a^3 - 25*a^2 - 200*a - 507 a^2 + 17*a + 69 0 over Number field with defining polynomial x^4+34*x^3+422*x^2+2261*x+4391
a vector of length 39 over Number field with defining polynomial a number field of degree 35
For conductor 443, eigenvectors are:
-a^8 - 51*a^7 - 1037*a^6 - 10579*a^5 - 53984*a^4 - 91563*a^3 + 303277*a^2 + 1476559*a + 1645509 3*a^8 + 179*a^7 + 4466*a^6 + 60708*a^5 + 490875*a^4 + 2413473*a^3 + 7027171*a^2 + 11019882*a + 7051147 -2*a^8 - 122*a^7 - 3103*a^6 - 42835*a^5 - 350107*a^4 - 1731429*a^3 - 5046777*a^2 - 7893553*a - 5035050 2*a^8 + 122*a^7 + 3103*a^6 + 42835*a^5 + 350107*a^4 + 1731429*a^3 + 5046777*a^2 + 7893553*a + 5035050 2*a^8 + 113*a^7 + 2675*a^6 + 34560*a^5 + 265769*a^4 + 1241803*a^3 + 3432350*a^2 + 5120593*a + 3163934 -10*a^6 - 484*a^5 - 9139*a^4 - 85090*a^3 - 407660*a^2 - 938580*a - 782051 -a^8 - 57*a^7 - 1360*a^6 - 17749*a^5 - 138826*a^4 - 667860*a^3 - 1936086*a^2 - 3108304*a - 2133774 a^8 + 52*a^7 + 1095*a^6 + 12004*a^5 + 72936*a^4 + 236469*a^3 + 322997*a^2 - 80141*a - 427026 a^8 + 57*a^7 + 1360*a^6 + 17749*a^5 + 138826*a^4 + 667860*a^3 + 1936086*a^2 + 3108304*a + 2133774 -2*a^8 - 117*a^7 - 2882*a^6 - 39111*a^5 - 320981*a^4 - 1638381*a^3 - 5096688*a^2 - 8846539*a - 6550027 a^8 + 60*a^7 + 1465*a^6 + 18854*a^5 + 138322*a^4 + 581189*a^3 + 1311150*a^2 + 1296401*a + 225607 -a^8 - 57*a^7 - 1302*a^6 - 15087*a^5 - 90939*a^4 - 237020*a^3 + 114232*a^2 + 1794602*a + 2460928 -a^8 - 65*a^7 - 1777*a^6 - 26623*a^5 - 238906*a^4 - 1316822*a^3 - 4366031*a^2 - 7988100*a - 6195002 -a^8 - 52*a^7 - 1095*a^6 - 12004*a^5 - 72936*a^4 - 236469*a^3 - 322997*a^2 + 80141*a + 427026 10*a^7 + 543*a^6 + 11977*a^5 + 138849*a^4 + 913771*a^3 + 3412630*a^2 + 6677293*a + 5236469 2*a^8 + 109*a^7 + 2458*a^6 + 29877*a^5 + 213704*a^4 + 918513*a^3 + 2303391*a^2 + 3046188*a + 1589071 9*a^7 + 476*a^6 + 10453*a^5 + 123086*a^4 + 835376*a^3 + 3257085*a^2 + 6737286*a + 5683767 -a^8 - 51*a^7 - 1037*a^6 - 10579*a^5 - 53984*a^4 - 91563*a^3 + 303277*a^2 + 1476559*a + 1645509 -8*a^7 - 417*a^6 - 8874*a^5 - 100080*a^4 - 648962*a^3 - 2429945*a^2 - 4879796*a - 4061228 10*a^6 + 484*a^5 + 9139*a^4 + 85090*a^3 + 407660*a^2 + 938580*a + 782051 -8*a^7 - 424*a^6 - 9234*a^5 - 107277*a^4 - 719868*a^3 - 2793297*a^2 - 5800351*a - 4960956 -2*a^7 - 101*a^6 - 2064*a^5 - 22435*a^4 - 143571*a^3 - 553934*a^2 - 1215488*a - 1181673 -a^8 - 62*a^7 - 1638*a^6 - 23981*a^5 - 211785*a^4 - 1150240*a^3 - 3735627*a^2 - 6597152*a - 4809443 -8*a^7 - 475*a^6 - 11536*a^5 - 147967*a^4 - 1079802*a^3 - 4480263*a^2 - 9782702*a - 8655930 -3*a^7 - 139*a^6 - 2642*a^5 - 27121*a^4 - 166582*a^3 - 630404*a^2 - 1390948*a - 1385559 5*a^7 + 265*a^6 + 5745*a^5 + 65890*a^4 + 431391*a^3 + 1613089*a^2 + 3188445*a + 2560800 over Number field with defining polynomial x^9+64*x^8+1731*x^7+25799*x^6+231465*x^5+1278937*x^4+4245678*x^3+7729950*x^2+5901164*x+37447
a vector of length 26 over Number field with defining polynomial a number field of degree 17
For conductor 886, eigenvectors are:
0 0 0 0 0 0 0 -12*a^7 - 666*a^6 - 14952*a^5 - 174738*a^4 - 1138158*a^3 - 4069878*a^2 - 7155504*a - 4345320 0 6*a^8 + 336*a^7 + 7746*a^6 + 94788*a^5 + 659802*a^4 + 2570760*a^3 + 4913484*a^2 + 2261358*a - 3474120 0 0 0 -12*a^7 - 642*a^6 - 13896*a^5 - 156996*a^4 - 996726*a^3 - 3552192*a^2 - 6578028*a - 4884744 -6*a^8 - 360*a^7 - 8970*a^6 - 120618*a^5 - 952440*a^4 - 4494720*a^3 - 12266616*a^2 - 17431512*a - 9613290 6*a^8 + 360*a^7 + 8970*a^6 + 120618*a^5 + 952440*a^4 + 4494720*a^3 + 12266616*a^2 + 17431512*a + 9613290 0 0 0 0 0 0 -8*a^7 - 368*a^6 - 6552*a^5 - 56328*a^4 - 232300*a^3 - 330652*a^2 + 380952*a + 988704 4*a^8 + 224*a^7 + 5164*a^6 + 63192*a^5 + 439868*a^4 + 1713840*a^3 + 3275656*a^2 + 1507572*a - 2316080 0 0 -8*a^7 - 444*a^6 - 9968*a^5 - 116492*a^4 - 758772*a^3 - 2713252*a^2 - 4770336*a - 2896880 0 -8*a^7 - 428*a^6 - 9264*a^5 - 104664*a^4 - 664484*a^3 - 2368128*a^2 - 4385352*a - 3256496 4*a^8 + 224*a^7 + 5176*a^6 + 63832*a^5 + 452988*a^4 + 1849836*a^3 + 4059544*a^2 + 3959160*a + 956468 -4*a^8 - 228*a^7 - 5384*a^6 - 67968*a^5 - 492032*a^4 - 2016592*a^3 - 4183272*a^2 - 2754192*a + 1732096 -4*a^8 - 228*a^7 - 5384*a^6 - 67968*a^5 - 492032*a^4 - 2016592*a^3 - 4183272*a^2 - 2754192*a + 1732096 4*a^8 + 240*a^7 + 5980*a^6 + 80412*a^5 + 634960*a^4 + 2996480*a^3 + 8177744*a^2 + 11621008*a + 6408860 0 -4*a^8 - 240*a^7 - 5980*a^6 - 80412*a^5 - 634960*a^4 - 2996480*a^3 - 8177744*a^2 - 11621008*a - 6408860 0 0 -2*a^8 - 124*a^7 - 3212*a^6 - 45190*a^5 - 375726*a^4 - 1877626*a^3 - 5445498*a^2 - 8195672*a - 4652870 -2*a^8 - 114*a^7 - 2692*a^6 - 33984*a^5 - 246016*a^4 - 1008296*a^3 - 2091636*a^2 - 1377096*a + 866048 -4*a^7 - 184*a^6 - 3276*a^5 - 28164*a^4 - 116150*a^3 - 165326*a^2 + 190476*a + 494352 0 2*a^8 + 112*a^7 + 2588*a^6 + 31916*a^5 + 226494*a^4 + 924918*a^3 + 2029772*a^2 + 1979580*a + 478234 0 0 8*a^7 + 356*a^6 + 6234*a^5 + 54208*a^4 + 237050*a^3 + 413166*a^2 - 215856*a - 1113490 2*a^8 + 128*a^7 + 3426*a^6 + 49822*a^5 + 428058*a^4 + 2209868*a^3 + 6629562*a^2 + 10388348*a + 6281118 -2*a^8 - 122*a^7 - 3048*a^6 - 40218*a^5 - 300224*a^4 - 1245346*a^3 - 2504802*a^2 - 1161240*a + 1979538 -2*a^8 - 112*a^7 - 2582*a^6 - 31596*a^5 - 219934*a^4 - 856920*a^3 - 1637828*a^2 - 753786*a + 1158040 -6*a^7 - 270*a^6 - 4764*a^5 - 42006*a^4 - 194888*a^3 - 451470*a^2 - 428856*a - 102216 -6*a^7 - 270*a^6 - 4764*a^5 - 42006*a^4 - 194888*a^3 - 451470*a^2 - 428856*a - 102216 2*a^8 + 120*a^7 + 2938*a^6 + 37830*a^5 + 274142*a^4 + 1093970*a^3 + 2050994*a^2 + 537930*a - 2271530 -2*a^8 - 112*a^7 - 2582*a^6 - 31596*a^5 - 219934*a^4 - 856920*a^3 - 1637828*a^2 - 753786*a + 1158040 -2*a^8 - 112*a^7 - 2582*a^6 - 31596*a^5 - 219934*a^4 - 856920*a^3 - 1637828*a^2 - 753786*a + 1158040 2*a^8 + 112*a^7 + 2582*a^6 + 31596*a^5 + 219934*a^4 + 856920*a^3 + 1637828*a^2 + 753786*a - 1158040 0 -2*a^8 - 114*a^7 - 2692*a^6 - 33984*a^5 - 246016*a^4 - 1008296*a^3 - 2091636*a^2 - 1377096*a + 866048 -6*a^7 - 270*a^6 - 4764*a^5 - 42006*a^4 - 194888*a^3 - 451470*a^2 - 428856*a - 102216 2*a^8 + 112*a^7 + 2588*a^6 + 31916*a^5 + 226494*a^4 + 924918*a^3 + 2029772*a^2 + 1979580*a + 478234 2*a^8 + 118*a^7 + 2858*a^6 + 36680*a^5 + 268500*a^4 + 1119806*a^3 + 2481242*a^2 + 2408436*a + 580450 4*a^7 + 222*a^6 + 4984*a^5 + 58246*a^4 + 379386*a^3 + 1356626*a^2 + 2385168*a + 1448440 -6*a^7 - 270*a^6 - 4764*a^5 - 42006*a^4 - 194888*a^3 - 451470*a^2 - 428856*a - 102216 6*a^7 + 270*a^6 + 4764*a^5 + 42006*a^4 + 194888*a^3 + 451470*a^2 + 428856*a + 102216 -6*a^7 - 270*a^6 - 4764*a^5 - 42006*a^4 - 194888*a^3 - 451470*a^2 - 428856*a - 102216 2*a^8 + 120*a^7 + 2990*a^6 + 40206*a^5 + 317480*a^4 + 1498240*a^3 + 4088872*a^2 + 5810504*a + 3204430 -2*a^8 - 112*a^7 - 2588*a^6 - 31916*a^5 - 226494*a^4 - 924918*a^3 - 2029772*a^2 - 1979580*a - 478234 0 -4*a^7 - 214*a^6 - 4632*a^5 - 52332*a^4 - 332242*a^3 - 1184064*a^2 - 2192676*a - 1628248 2*a^8 + 118*a^7 + 2858*a^6 + 36680*a^5 + 268500*a^4 + 1119806*a^3 + 2481242*a^2 + 2408436*a + 580450 4*a^7 + 184*a^6 + 3276*a^5 + 28164*a^4 + 116150*a^3 + 165326*a^2 - 190476*a - 494352 2*a^8 + 112*a^7 + 2634*a^6 + 33972*a^5 + 263272*a^4 + 1261190*a^3 + 3675706*a^2 + 6026360*a + 4317920 0 38*a^6 + 1708*a^5 + 30082*a^4 + 263236*a^3 + 1191300*a^2 + 2575644*a + 1942792 -8*a^7 - 356*a^6 - 6234*a^5 - 54208*a^4 - 237050*a^3 - 413166*a^2 + 215856*a + 1113490 -2*a^8 - 112*a^7 - 2582*a^6 - 31596*a^5 - 219934*a^4 - 856920*a^3 - 1637828*a^2 - 753786*a + 1158040 0 -38*a^6 - 1708*a^5 - 30082*a^4 - 263236*a^3 - 1191300*a^2 - 2575644*a - 1942792 -4*a^7 - 222*a^6 - 4984*a^5 - 58246*a^4 - 379386*a^3 - 1356626*a^2 - 2385168*a - 1448440 52*a^6 + 2376*a^5 + 43338*a^4 + 404270*a^3 + 2037878*a^2 + 5272574*a + 5475960 -2*a^8 - 116*a^7 - 2802*a^6 - 36548*a^5 - 278826*a^4 - 1257160*a^3 - 3213836*a^2 - 4172256*a - 2106482 0 8*a^7 + 356*a^6 + 6234*a^5 + 54208*a^4 + 237050*a^3 + 413166*a^2 - 215856*a - 1113490 -2*a^8 - 112*a^7 - 2588*a^6 - 31916*a^5 - 226494*a^4 - 924918*a^3 - 2029772*a^2 - 1979580*a - 478234 0 4*a^7 + 222*a^6 + 4984*a^5 + 58246*a^4 + 379386*a^3 + 1356626*a^2 + 2385168*a + 1448440 0 4*a^7 + 214*a^6 + 4632*a^5 + 52332*a^4 + 332242*a^3 + 1184064*a^2 + 2192676*a + 1628248 2*a^8 + 124*a^7 + 3204*a^6 + 44838*a^5 + 369812*a^4 + 1830482*a^3 + 5272936*a^2 + 8003180*a + 4832678 2*a^8 + 114*a^7 + 2692*a^6 + 33984*a^5 + 246016*a^4 + 1008296*a^3 + 2091636*a^2 + 1377096*a - 866048 2*a^8 + 112*a^7 + 2588*a^6 + 31916*a^5 + 226494*a^4 + 924918*a^3 + 2029772*a^2 + 1979580*a + 478234 4*a^7 + 214*a^6 + 4632*a^5 + 52332*a^4 + 332242*a^3 + 1184064*a^2 + 2192676*a + 1628248 -2*a^8 - 112*a^7 - 2588*a^6 - 31916*a^5 - 226494*a^4 - 924918*a^3 - 2029772*a^2 - 1979580*a - 478234 8*a^7 + 356*a^6 + 6234*a^5 + 54208*a^4 + 237050*a^3 + 413166*a^2 - 215856*a - 1113490 8*a^7 + 356*a^6 + 6234*a^5 + 54208*a^4 + 237050*a^3 + 413166*a^2 - 215856*a - 1113490 4*a^7 + 184*a^6 + 3276*a^5 + 28164*a^4 + 116150*a^3 + 165326*a^2 - 190476*a - 494352 0 4*a^7 + 184*a^6 + 3276*a^5 + 28164*a^4 + 116150*a^3 + 165326*a^2 - 190476*a - 494352 -2*a^8 - 114*a^7 - 2692*a^6 - 33984*a^5 - 246016*a^4 - 1008296*a^3 - 2091636*a^2 - 1377096*a + 866048 -2*a^8 - 112*a^7 - 2588*a^6 - 31916*a^5 - 226494*a^4 - 924918*a^3 - 2029772*a^2 - 1979580*a - 478234 -2*a^8 - 110*a^7 - 2478*a^6 - 29352*a^5 - 193684*a^4 - 676054*a^3 - 907572*a^2 + 815580*a + 2494296 -2*a^8 - 114*a^7 - 2692*a^6 - 33984*a^5 - 246016*a^4 - 1008296*a^3 - 2091636*a^2 - 1377096*a + 866048 -6*a^7 - 270*a^6 - 4764*a^5 - 42006*a^4 - 194888*a^3 - 451470*a^2 - 428856*a - 102216 -2*a^8 - 120*a^7 - 2990*a^6 - 40206*a^5 - 317480*a^4 - 1498240*a^3 - 4088872*a^2 - 5810504*a - 3204430 0 2*a^8 + 114*a^7 + 2692*a^6 + 33984*a^5 + 246016*a^4 + 1008296*a^3 + 2091636*a^2 + 1377096*a - 866048 4*a^7 + 184*a^6 + 3276*a^5 + 28164*a^4 + 116150*a^3 + 165326*a^2 - 190476*a - 494352 2*a^8 + 120*a^7 + 2990*a^6 + 40206*a^5 + 317480*a^4 + 1498240*a^3 + 4088872*a^2 + 5810504*a + 3204430 a^8 + 59*a^7 + 1438*a^6 + 18630*a^5 + 137090*a^4 + 562223*a^3 + 1128481*a^2 + 593310*a - 680200 3*a^6 + 160*a^5 + 3280*a^4 + 33999*a^3 + 195972*a^2 + 612897*a + 818137 -a^8 - 56*a^7 - 1291*a^6 - 15798*a^5 - 109967*a^4 - 428460*a^3 - 818914*a^2 - 376893*a + 579020 -a^8 - 56*a^7 - 1291*a^6 - 15798*a^5 - 109967*a^4 - 428460*a^3 - 818914*a^2 - 376893*a + 579020 -a^8 - 63*a^7 - 1616*a^6 - 21747*a^5 - 164194*a^4 - 680748*a^3 - 1335064*a^2 - 485382*a + 1236945 -4*a^7 - 218*a^6 - 4808*a^5 - 55289*a^4 - 355814*a^3 - 1270345*a^2 - 2288922*a - 1538344 -2*a^7 - 92*a^6 - 1638*a^5 - 14082*a^4 - 58075*a^3 - 82663*a^2 + 95238*a + 247176 3*a^7 + 135*a^6 + 2382*a^5 + 21003*a^4 + 97444*a^3 + 225735*a^2 + 214428*a + 51108 2*a^7 + 92*a^6 + 1638*a^5 + 14082*a^4 + 58075*a^3 + 82663*a^2 - 95238*a - 247176 -a^7 - 28*a^6 - 66*a^5 + 5163*a^4 + 68677*a^3 + 366297*a^2 + 881910*a + 763016 -a^8 - 60*a^7 - 1469*a^6 - 18915*a^5 - 137071*a^4 - 546985*a^3 - 1025497*a^2 - 268965*a + 1135765 6*a^7 + 315*a^6 + 6797*a^5 + 77896*a^4 + 510353*a^3 + 1903835*a^2 + 3720943*a + 2905455 2*a^7 + 111*a^6 + 2492*a^5 + 29123*a^4 + 189693*a^3 + 678313*a^2 + 1192584*a + 724220 3*a^7 + 135*a^6 + 2382*a^5 + 21003*a^4 + 97444*a^3 + 225735*a^2 + 214428*a + 51108 -a^7 - 43*a^6 - 735*a^5 - 6101*a^4 - 21081*a^3 + 19152*a^2 + 322356*a + 607853 -a^8 - 59*a^7 - 1429*a^6 - 18340*a^5 - 134250*a^4 - 559903*a^3 - 1240621*a^2 - 1204218*a - 290225 -a^7 - 78*a^6 - 2310*a^5 - 34794*a^4 - 292568*a^3 - 1384067*a^2 - 3420970*a - 3406108 a^8 + 59*a^7 + 1438*a^6 + 18630*a^5 + 137090*a^4 + 562223*a^3 + 1128481*a^2 + 593310*a - 680200 -19*a^6 - 854*a^5 - 15041*a^4 - 131618*a^3 - 595650*a^2 - 1287822*a - 971396 -4*a^7 - 218*a^6 - 4808*a^5 - 55289*a^4 - 355814*a^3 - 1270345*a^2 - 2288922*a - 1538344 -a^8 - 58*a^7 - 1401*a^6 - 18274*a^5 - 139413*a^4 - 628580*a^3 - 1606918*a^2 - 2086128*a - 1053241 a^7 + 55*a^6 + 1282*a^5 + 16405*a^4 + 124432*a^3 + 561100*a^2 + 1397580*a + 1486265 -4*a^7 - 178*a^6 - 3117*a^5 - 27104*a^4 - 118525*a^3 - 206583*a^2 + 107928*a + 556745 4*a^7 + 204*a^6 + 4305*a^5 + 48773*a^4 + 320660*a^3 + 1225522*a^2 + 2528359*a + 2181235 6*a^7 + 289*a^6 + 5609*a^5 + 56227*a^4 + 308218*a^3 + 884896*a^2 + 1084656*a + 167475 a^7 + 43*a^6 + 744*a^5 + 6921*a^4 + 39369*a^3 + 143072*a^2 + 309666*a + 298284 over Number field with defining polynomial x^9+64*x^8+1731*x^7+25799*x^6+231465*x^5+1278937*x^4+4245678*x^3+7729950*x^2+5901164*x+37447
a vector of length 132 over Number field with defining polynomial a number field of degree 24
a vector of length 132 over Number field with defining polynomial a number field of degree 99
For conductor 1:
traces of hecke eigenvalues of T_{p^1} are:
40 156 400 1464 2380 5220 7240 12720 25260 30784 52060 70644 81400 106080 151740 208920 230764 305320 363024 394420 499360 578760 712980 922180 
computing eigenvalues for k = 1, took 82.788415 sec
traces of hecke eigenvalues of T_{p^2} are:
120 780 2800 
computing eigenvalues for k = 2, took 0.408959 sec
traces of hecke eigenvalues of T_{p^1} are:
327 747 1528 3439 4845 8183 10255 14674 23121 26615 37955 45906 51534 60079 76016 92439 101093 123705 135070 145508 171881 186598 210672 256839 
computing eigenvalues for k = 1, took 83.929244 sec
traces of hecke eigenvalues of T_{p^2} are:
228 270 1424 
computing eigenvalues for k = 2, took 0.418848 sec
traces of hecke eigenvalues of T_{p^1} are:
-6 -28 -81 390 -232 293 257 1634 1224 -872 -367 1447 407 2964 1890 3530 -3228 2048 2938 -4375 -2693 3580 -1829 -2373 
computing eigenvalues for k = 1, took 12.066227 sec
traces of hecke eigenvalues of T_{p^2} are:
-52 -96 -179 
computing eigenvalues for k = 2, took 0.380539 sec
traces of hecke eigenvalues of T_{p^1} are:
573 1449 2698 6527 8401 14794 18619 27386 42985 48770 67875 84908 92539 111700 140709 175653 184359 224659 255322 264558 311998 345187 397918 468382 
computing eigenvalues for k = 1, took 86.010615 sec
traces of hecke eigenvalues of T_{p^2} are:
292 894 1584 
computing eigenvalues for k = 2, took 0.500696 sec
traces of hecke eigenvalues of T_{p^1} are:
60 -141 338 393 224 -954 1875 -440 -231 3708 2298 -3444 5423 -1381 -5144 3522 6889 18655 -1118 892 16874 3430 -8282 -2719 
computing eigenvalues for k = 1, took 16.143001 sec
traces of hecke eigenvalues of T_{p^2} are:
-95 -308 -445 
computing eigenvalues for k = 2, took 0.877327 sec
For conductor 2:
traces of hecke eigenvalues of T_{p^1} are:
-34 -57 -59 -10 -66 55 -19 56 -337 -238 -508 -326 89 706 -156 1072 -779 -394 -1153 -557 -439 2387 -1365 -695 
computing eigenvalues for k = 1, took 492.673487 sec
traces of hecke eigenvalues of T_{p^2} are:
37 85 64 
computing eigenvalues for k = 2, took 0.697050 sec
traces of hecke eigenvalues of T_{p^1} are:
-6 -28 -81 390 -232 293 257 1634 1224 -872 -367 1447 407 2964 1890 3530 -3228 2048 2938 -4375 -2693 3580 -1829 -2373 
computing eigenvalues for k = 1, took 494.091178 sec
traces of hecke eigenvalues of T_{p^2} are:
-52 -96 -179 
computing eigenvalues for k = 2, took 0.717108 sec
For conductor 443:
traces of hecke eigenvalues of T_{p^1} are:
-64 -82 -43 -128 -52 -181 131 -770 -68 212 -117 -125 -809 -864 -940 -758 2220 -390 -606 -411 -547 -3196 961 1287 
computing eigenvalues for k = 1, took 809.957158 sec
traces of hecke eigenvalues of T_{p^2} are:
48 44 5 
computing eigenvalues for k = 2, took 0.703723 sec
traces of hecke eigenvalues of T_{p^1} are:
-96 -82 -246 -303 -296 424 -968 670 346 -1493 -344 -375 -2717 987 2019 -2928 -2885 -2397 -3565 -284 -4565 2363 1922 2677 
computing eigenvalues for k = 1, took 795.246917 sec
traces of hecke eigenvalues of T_{p^2} are:
67 -3 115 
computing eigenvalues for k = 2, took 0.688023 sec
For conductor 886:
traces of hecke eigenvalues of T_{p^1} are:
-64 -82 -43 -128 -52 -181 131 -770 -68 212 -117 -125 -809 -864 -940 -758 2220 -390 -606 -411 -547 -3196 961 1287 
computing eigenvalues for k = 1, took 231.910523 sec
traces of hecke eigenvalues of T_{p^2} are:
48 44 5 
computing eigenvalues for k = 2, took 1.098937 sec
traces of hecke eigenvalues of T_{p^1} are:
264 663 1270 2985 4260 7012 8643 12770 20319 23187 33144 40549 44016 52204 67660 81952 89228 107672 119689 127138 148470 162154 186533 224365 
computing eigenvalues for k = 1, took 175.417406 sec
traces of hecke eigenvalues of T_{p^2} are:
96 234 560 
computing eigenvalues for k = 2, took 0.831128 sec
traces of hecke eigenvalues of T_{p^1} are:
-91 -30 93 -646 309 -564 172 -1700 772 743 2745 2880 111 -1607 2363 -1103 13486 2545 -2437 11193 9357 -12214 1320 13973 
computing eigenvalues for k = 1, took 180.129620 sec
traces of hecke eigenvalues of T_{p^2} are:
-189 -288 -306 
computing eigenvalues for k = 2, took 1.569740 sec
