constructing eigenvector for poly
x-10
constructing eigenvector for poly
x-40
constructing eigenvector for poly
x^2-22*x+104
constructing eigenvector for poly
x-4
computing eigenvectors took 0.025037 sec
For conductor 1, eigenvectors are:
-4 -4 1 1 over Number field with defining polynomial x-10
1 1 1 1 over Number field with defining polynomial x-40
-24 8 -3*a+36 a-12 over Number field with defining polynomial x^2-22*x+104
For conductor 2, eigenvectors are:
For conductor 31, eigenvectors are:
For conductor 62, eigenvectors are:
1 over Number field with defining polynomial x-4
For conductor 1:
traces of hecke eigenvalues of T_{p^1} are:
10 31 45 114 100 300 405 610 1050 1260 1769 1880 2120 2630 4255 3264 4120 5499 6080 6980 6590 7210 7875 
computing eigenvalues for k = 1, took 4.556712 sec
traces of hecke eigenvalues of T_{p^2} are:
0 30 -40 
computing eigenvalues for k = 2, took 0.111323 sec
traces of hecke eigenvalues of T_{p^1} are:
40 156 400 1464 2380 5220 7240 12720 25260 52060 70644 81400 106080 151740 208920 230764 305320 363024 394420 499360 578760 712980 922180 
computing eigenvalues for k = 1, took 4.718120 sec
traces of hecke eigenvalues of T_{p^2} are:
120 780 2800 
computing eigenvalues for k = 2, took 0.112034 sec
traces of hecke eigenvalues of T_{p^1} are:
22 35 93 238 428 528 709 1114 1426 2844 2861 4004 5024 5670 6471 7936 9536 9907 8964 11508 15402 16438 20375 
computing eigenvalues for k = 1, took 4.698517 sec
traces of hecke eigenvalues of T_{p^2} are:
8 -102 -56 
computing eigenvalues for k = 2, took 0.111980 sec
For conductor 2:
For conductor 31:
For conductor 62:
traces of hecke eigenvalues of T_{p^1} are:
4 27 21 86 202 314 477 580 664 1124 2089 1330 2108 2778 3239 3546 4616 5811 4588 6990 6322 9576 8891 
computing eigenvalues for k = 1, took 126.669493 sec
traces of hecke eigenvalues of T_{p^2} are:
-24 6 -232 
computing eigenvalues for k = 2, took 0.492299 sec
