constructing eigenvector for poly
x^9-109*x^8+5126*x^7-135889*x^6+2225205*x^5-23174145*x^4+152092187*x^3-599503988*x^2+1267944250*x-1068582941
constructing eigenvector for poly
x-9
constructing eigenvector for poly
x+5
constructing eigenvector for poly
x-5
constructing eigenvector for poly
x-15
constructing eigenvector for poly
x-40
constructing eigenvector for poly
x^2+13*x+4
constructing eigenvector for poly
x^2-21*x+56
constructing eigenvector for poly
x^3+x^2-9*x-1
constructing eigenvector for poly
x^3-24*x^2+171*x-337
constructing eigenvector for poly
x-14
constructing eigenvector for poly
x-14
constructing eigenvector for poly
x^2+4*x+4
constructing eigenvector for poly
x^2+7*x-94
constructing eigenvector for poly
x^2-29*x+172
constructing eigenvector for poly
x^2-29*x+172
constructing eigenvector for poly
x^2-29*x+172
constructing eigenvector for poly
x^2-29*x+172
constructing eigenvector for poly
x+4
constructing eigenvector for poly
x+10
constructing eigenvector for poly
x+16
constructing eigenvector for poly
x^6+9*x^5-46*x^4-201*x^3+102*x^2+352*x-1
constructing eigenvector for poly
x+3
constructing eigenvector for poly
x^2-21*x+56
constructing eigenvector for poly
x^2+6*x-18
constructing eigenvector for poly
x^3-24*x^2+171*x-337
constructing eigenvector for poly
x^4-54*x^3+1033*x^2-8208*x+22996
constructing eigenvector for poly
x^2-11*x-8
computing eigenvectors took 5.044164 sec
For conductor 1, eigenvectors are:
-1568*a^8 + 153504*a^7 - 6373264*a^6 + 145811488*a^5 - 1996803104*a^4 + 16603397632*a^3 - 80764740528*a^2 + 205899674368*a - 203775554224 412*a^8 - 41016*a^7 + 1734692*a^6 - 40484336*a^5 + 565821892*a^4 - 4793681432*a^3 + 23604640512*a^2 - 59865617960*a + 56489974676 1096*a^8 - 104448*a^7 + 4216160*a^6 - 93631712*a^5 + 1241932384*a^4 - 9971188160*a^3 + 46613057520*a^2 - 113274054536*a + 104951422112 458*a^8 - 43158*a^7 + 1721818*a^6 - 37798216*a^5 + 496223702*a^4 - 3956200618*a^3 + 18491638512*a^2 - 45536146978*a + 43844392978 344*a^8 - 34224*a^7 + 1445056*a^6 - 33630412*a^5 + 468049256*a^4 - 3941109220*a^3 + 19229416188*a^2 - 48016433560*a + 43727351008 -268*a^8 + 26532*a^7 - 1118948*a^6 + 26126096*a^5 - 366844180*a^4 + 3140852696*a^3 - 15782218464*a^2 + 41633535776*a - 42771092048 320*a^8 - 32990*a^7 + 1446240*a^6 - 35027728*a^5 + 508966164*a^4 - 4497439726*a^3 + 23254719568*a^2 - 62918073338*a + 66036284004 270*a^8 - 25428*a^7 + 1007760*a^6 - 21784068*a^5 + 277842390*a^4 - 2104931892*a^3 + 8978360826*a^2 - 18478806528*a + 11299022808 -38*a^8 + 3336*a^7 - 118408*a^6 + 2143984*a^5 - 20026070*a^4 + 74126446*a^3 + 169953774*a^2 - 2031603470*a + 3945725630 -184*a^8 + 17382*a^7 - 697292*a^6 + 15445178*a^5 - 205420408*a^4 + 1667051852*a^3 - 7975868406*a^2 + 20228403746*a - 20140683032 -268*a^8 + 26532*a^7 - 1116920*a^6 + 25991078*a^5 - 363284338*a^4 + 3093430412*a^3 - 15444294228*a^2 + 40387282508*a - 40833953546 74*a^8 - 6360*a^7 + 224458*a^6 - 4186192*a^5 + 44432144*a^4 - 275130526*a^3 + 1063548870*a^2 - 3120969712*a + 5878422724 208*a^8 - 21094*a^7 + 912186*a^6 - 21852140*a^5 + 314756052*a^4 - 2759738402*a^3 + 14132438522*a^2 - 37573038598*a + 38013472074 -52*a^8 + 5848*a^7 - 275136*a^6 + 7051868*a^5 - 106991832*a^4 + 972528308*a^3 - 5067430388*a^2 + 13333469620*a - 12605794104 14*a^8 - 1130*a^7 + 35484*a^6 - 505612*a^5 + 1867818*a^4 + 37294646*a^3 - 524441498*a^2 + 2615537134*a - 4710522312 306*a^8 - 31068*a^7 + 1343196*a^6 - 32116356*a^5 + 460829034*a^4 - 4016383650*a^3 + 20398591638*a^2 - 53654377482*a + 53485711218 92*a^8 - 7458*a^7 + 240718*a^6 - 3837640*a^5 + 28860092*a^4 - 43677340*a^3 - 666524274*a^2 + 3407651180*a - 4033366280 126*a^8 - 12156*a^7 + 495012*a^6 - 11044224*a^5 + 146427150*a^4 - 1167340116*a^3 + 5367008034*a^2 - 12627218700*a + 10976185992 -216*a^8 + 21006*a^7 - 865632*a^6 + 19638468*a^5 - 266401116*a^4 + 2191351272*a^3 - 10525604592*a^2 + 26417199324*a - 25599313434 -14*a^8 + 1926*a^7 - 106882*a^6 + 3137950*a^5 - 53091782*a^4 + 522941374*a^3 - 2842728438*a^2 + 7292242240*a - 5554776460 -126*a^8 + 11622*a^7 - 449748*a^6 + 9468126*a^5 - 117549996*a^4 + 872198346*a^3 - 3736323534*a^2 + 8381608482*a - 7487473554 14*a^8 - 2114*a^7 + 120864*a^6 - 3580006*a^5 + 61032786*a^4 - 614149600*a^3 + 3530598304*a^2 - 10384431878*a + 11524324212 14*a^8 - 1296*a^7 + 49678*a^6 - 1018234*a^5 + 11979128*a^4 - 79853314*a^3 + 267841188*a^2 - 256345114*a - 448780010 -68*a^8 + 7272*a^7 - 328288*a^6 + 8119432*a^5 - 119204228*a^4 + 1048471618*a^3 - 5269164960*a^2 + 13265280022*a - 11797944754 38*a^8 - 3104*a^7 + 99270*a^6 - 1488742*a^5 + 8031960*a^4 + 51416264*a^3 - 910226924*a^2 + 4262823832*a - 6571762104 -142*a^8 + 15164*a^7 - 684706*a^6 + 16981826*a^5 - 251066054*a^4 + 2239780976*a^3 - 11566385374*a^2 + 30707169702*a - 30540042784 -14*a^8 + 1482*a^7 - 64894*a^6 + 1528150*a^5 - 20939504*a^4 + 167197096*a^3 - 722466300*a^2 + 1328387740*a - 185918338 -350*a^7 + 28760*a^6 - 985866*a^5 + 18257506*a^4 - 197077728*a^3 + 1237985968*a^2 - 4177595764*a + 5807569412 -244*a^7 + 21160*a^6 - 743838*a^5 + 13492778*a^4 - 131863800*a^3 + 642544772*a^2 - 1094928164*a - 663249170 596*a^7 - 50570*a^6 + 1766376*a^5 - 32564464*a^4 + 336355542*a^3 - 1889452570*a^2 + 5038853038*a - 4233191480 358*a^7 - 30094*a^6 + 1051026*a^5 - 19675328*a^4 + 211879506*a^3 - 1301356064*a^2 + 4172168360*a - 5305407700 -892*a^7 + 75358*a^6 - 2627124*a^5 + 48552482*a^4 - 507021276*a^3 + 2932040564*a^2 - 8417778578*a + 8794120138 692*a^7 - 60230*a^6 + 2165988*a^5 - 41372440*a^4 + 447959490*a^3 - 2701674202*a^2 + 8187138766*a - 9293732996 -104*a^8 + 10480*a^7 - 450434*a^6 + 10727440*a^5 - 153650206*a^4 + 1339944454*a^3 - 6826755884*a^2 + 18061296144*a - 18162672728 -704*a^7 + 60050*a^6 - 2117988*a^5 + 39685540*a^4 - 420987492*a^3 + 2476117582*a^2 - 7226811016*a + 7654122878 -400*a^7 + 35956*a^6 - 1327098*a^5 + 25839542*a^4 - 282942264*a^3 + 1708083728*a^2 - 5099566148*a + 5532494434 over Number field with defining polynomial x^9-109*x^8+5126*x^7-135889*x^6+2225205*x^5-23174145*x^4+152092187*x^3-599503988*x^2+1267944250*x-1068582941
0 12 0 12 12 -12 0 -12 9 3 -15 0 -8 14 20 -6 0 9 6 -6 3 9 -10 -5 14 5 7 1 3 4 -5 -3 -11 -1 4 -4 over Number field with defining polynomial x-9
0 -12 0 0 -6 -6 0 8 9 0 3 -3 2 2 -6 0 0 3 0 0 -3 1 -2 -2 -1 2 1 2 2 -2 0 0 0 0 1 -1 over Number field with defining polynomial x+5
240 -54 120 90 -102 -42 -110 -64 33 0 -9 9 39 -6 43 -30 45 -84 -30 15 39 27 -14 -54 3 -56 7 14 44 6 -50 5 45 -5 12 -2 over Number field with defining polynomial x-5
0 12 0 48 -6 6 0 0 -9 12 3 -9 -2 14 -10 3 0 -9 -3 -6 -6 3 -4 4 -1 -4 -5 -2 0 4 4 0 -2 5 4 -1 over Number field with defining polynomial x-15
-1 -1 -1 -1 -1 -1 -1 -1 -1 -1 -1 -1 -1 -1 -1 -1 -1 -1 -1 -1 -1 -1 -1 -1 -1 -1 -1 -1 -1 -1 -1 -1 -1 -1 -1 -1 over Number field with defining polynomial x-40
0 -24*a-336 0 0 12*a+96 -12*a-168 0 48 6*a+48 0 6*a+84 -6*a-12 -4*a-32 4*a+56 -4*a-32 6*a+66 0 -18 6*a+66 -6*a-102 6*a+84 -6*a-84 4*a+56 4*a+56 6*a+84 -4*a-56 -6*a-60 4*a+56 -4*a-56 8*a+76 -8*a-88 0 2*a+10 -2*a-22 6 -a-11 over Number field with defining polynomial x^2+13*x+4
0 -2*a-2 0 8*a-52 a-5 a-17 0 4 2*a-25 2*a-13 a-14 6 0 -3*a+5 2*a-22 a-11 0 3 2*a-10 -6 9 -a+10 -a+1 a-4 -a+3 -a+4 2*a-11 3 11 14 a+4 a-4 -1 -1 -a+3 -a+3 over Number field with defining polynomial x^2-21*x+56
0 48*a^2 - 144 0 0 -36*a^2 + 48*a - 12 36*a^2 - 120*a + 36 0 8*a^2 - 32*a + 56 24*a^2 - 36*a - 60 0 -18*a^2 + 60*a - 18 18*a^2 - 60*a + 18 -12*a^2 + 40*a - 12 -8*a^2 + 24 -16*a^2 + 24*a + 40 3*a^2 - 30*a + 27 0 18*a-6 -6*a+54 -18*a^2 + 36*a + 42 -3*a^2 + 12*a - 21 -4*a^2 + 12 10*a^2 - 16*a - 42 -4*a^2 + 24*a + 4 4*a^2 - 12 4*a^2 - 24*a - 4 6*a^2 - 4*a - 34 -10*a^2 + 20*a + 6 2*a^2 - 8*a + 14 10*a^2 - 20*a - 6 -12*a^2 + 28*a - 8 7*a^2 - 22*a - 5 0 2*a-18 6*a-2 -a^2 + 2*a + 11 over Number field with defining polynomial x^3+x^2-9*x-1
0 -4*a^2 + 80*a - 436 0 -20*a^2 + 388*a - 1556 -10*a^2 + 182*a - 748 2*a^2 - 4*a - 304 0 8*a^2 - 148*a + 644 11*a^2 - 184*a + 632 -5*a^2 + 97*a - 389 30*a-435 -9*a^2 + 189*a - 981 -4*a^2 + 80*a - 436 -2*a^2 + 34*a - 158 8*a^2 - 148*a + 608 4*a^2 - 56*a + 88 0 -9*a^2 + 174*a - 777 -5*a^2 + 79*a - 236 6*a^2 - 90*a + 264 -3*a^2 + 84*a - 531 3*a^2 - 57*a + 216 4*a^2 - 68*a + 289 3*a^2 - 54*a + 204 2*a^2 - 40*a + 173 -3*a^2 + 54*a - 204 -a^2 + 2*a + 107 -6*a+87 21*a-210 6*a^2 - 111*a + 447 6*a^2 - 117*a + 516 -a^2 + 5*a + 59 -4*a^2 + 59*a - 163 6*a-51 -3*a+30 -a^2 + 14*a - 4 over Number field with defining polynomial x^3-24*x^2+171*x-337
-144 0 -54 0 -9 -27 12 0 18 0 -27 9 0 12 12 0 -9 0 -9 0 9 -6 -6 9 0 0 -12 -12 6 -6 6 3 12 3 0 -3 over Number field with defining polynomial x-14
-720 216 450 216 -369 99 60 -96 -18 -486 -135 -135 216 -18 60 -18 -135 -18 333 -18 99 -18 60 -135 -18 60 -174 138 -96 -18 60 21 -18 177 -18 -57 over Number field with defining polynomial x-14
0 -24*a-24 0 0 -24*a+216 24*a+24 0 24*a-136 -12*a+108 0 -12*a-12 -24*a+96 -4*a+156 4*a+4 8*a-72 6*a-114 0 18*a-102 -12*a+48 -6*a+54 24*a-156 12*a-108 -2*a-2 4*a+4 -12*a+108 -4*a-4 12*a-68 -2*a-2 -16*a+104 2*a+2 -8*a+32 -6*a+54 5*a-55 4*a-16 -20 -a+19 over Number field with defining polynomial x^2+7*x-94
-23296*a+512512 416*a-11648 -5824*a+110656 8736*a-174720 -4576*a+103168 4576*a-93184 8736*a-174720 4992 -5200*a+106912 -5824*a+110656 3536*a-72800 -6448*a+135616 -1872*a+37440 416*a-11648 -1872*a+37440 -832*a+17056 1456*a-32032 -2912*a+57824 -832*a+17056 2288*a-44096 3536*a-72800 -624*a+8736 416*a-11648 416*a-11648 3536*a-72800 2496*a-52416 2288*a-44096 416*a-11648 2496*a-52416 -2080*a+45760 -832*a+17056 1456*a-32032 208*a-3328 -3120*a+66144 4992 -832*a+17056 over Number field with defining polynomial x^2-29*x+172
-43264*a+712192 19760*a-411008 15392*a-191360 -11856*a+237120 9152*a-168896 7696*a-143104 6240*a-164736 11856*a-237120 8372*a-172016 16796*a-328016 -3172*a+66352 728*a-12896 0 -3640*a+64480 -5616*a+119808 -3952*a+63232 -728*a-34528 -10868*a+209456 3224*a-74048 1976*a-31616 9620*a-190736 -156*a-624 -7072*a+145600 -2236*a+70096 1976*a-55328 2964*a-35568 -1300*a+26416 4628*a-92144 -5772*a+119184 -1144*a+27040 2132*a-54704 -3380*a+73424 1300*a-26416 -1404*a+18096 23712 416*a-14144 over Number field with defining polynomial x^2-29*x+172
-14144*a+54080 3328*a-83200 -3640*a+58552 2080*a-22048 208*a-10192 -2080*a+61984 -5408*a+65312 1872*a-51792 260*a+7228 -2184*a+27144 1716*a-24180 -624*a+10608 -208*a-9776 -1040*a+11024 624*a-10608 364*a-7852 2236*a-19708 260*a+7228 -1716*a+24180 208*a-10192 1092*a-13572 -988*a+8476 -2288*a+32240 -416*a+416 -572*a+8060 1352*a-26312 -1040*a+11024 208*a-208 -1352*a+16328 936*a-15912 -468*a+22932 1820*a-29276 -1144*a+16120 156*a-7644 9984 780*a-8268 over Number field with defining polynomial x^2-29*x+172
-9984*a+189696 -624*a+17472 -7488 -624*a+17472 1872 -624*a+13728 2496*a-54912 624*a-9984 -156*a+3432 1092*a-23088 1404*a-28080 -312*a+7800 624*a-11856 312*a-3120 1248*a-25584 -1248*a+24648 936*a-21528 -156*a+3432 468*a-8892 -468*a+10764 -312*a+6396 -156*a+3432 624*a-10920 -780*a+14352 -1248*a+24648 156*a-4368 -156*a+4368 -780*a+17160 156*a-3432 936*a-17784 -468*a+10296 -468 -156*a+3432 -1404 156*a-3900 0 over Number field with defining polynomial x^2-29*x+172
For conductor 2, eigenvectors are:
-2 1 over Number field with defining polynomial x+4
-1 -1 over Number field with defining polynomial x+10
For conductor 13, eigenvectors are:
1 over Number field with defining polynomial x+16
For conductor 26, eigenvectors are:
48*a^5 + 480*a^4 - 1080*a^3 - 5760*a^2 + 3240*a + 3072 -72*a^4 - 1152*a^3 - 2592*a^2 + 3024*a + 4248 24*a^5 + 168*a^4 - 792*a^3 - 2268*a^2 + 2952*a - 84 36*a^4 + 576*a^3 + 1296*a^2 - 1512*a - 2124 -12*a^5 - 48*a^4 + 720*a^3 + 864*a^2 - 4140*a + 888 -12*a^5 - 156*a^4 - 54*a^3 + 630*a^2 - 198*a + 6 54*a^4 + 792*a^3 + 540*a^2 - 4032*a + 54 6*a^5 + 96*a^4 + 90*a^3 - 1008*a^2 - 1260*a + 1212 12*a^5 + 174*a^4 + 360*a^3 - 270*a^2 + 36*a + 336 12*a^5 + 138*a^4 - 396*a^3 - 1656*a^2 + 1404*a - 150 -6*a^5 - 78*a^4 + 360*a^3 + 954*a^2 - 1998*a + 552 -12*a^5 - 108*a^4 + 504*a^3 + 1440*a^2 - 2820*a - 1164 12*a^4 + 60*a^3 - 300*a^2 - 852*a + 2376 -12*a^5 - 108*a^4 + 504*a^3 + 1440*a^2 - 2820*a - 1164 36*a^4 + 420*a^3 + 780*a^2 - 516*a - 288 -24*a^4 - 48*a^3 - 204*a^2 - 504*a + 1644 30*a^4 + 498*a^3 + 846*a^2 - 1326*a - 912 6*a^4 + 30*a^3 - 156*a^2 - 270*a + 174 6*a^5 + 78*a^4 + 96*a^3 - 570*a^2 - 354*a + 1176 12*a^4 + 42*a^3 - 102*a^2 - 222*a + 270 over Number field with defining polynomial x^6+9*x^5-46*x^4-201*x^3+102*x^2+352*x-1
6 -6 -3 3 -9 3 0 -3 3 0 -6 3 2 3 1 4 -2 3 0 1 over Number field with defining polynomial x+3
-10*a+128 6*a-36 7*a-110 9*a-54 -5*a+64 3*a-18 2*a-46 7*a-110 3*a-18 -4*a+92 -2*a+46 -3*a+18 2*a-12 a-6 -3*a-16 -2*a+46 34 -a+6 -2*a+12 3*a-18 over Number field with defining polynomial x^2-21*x+56
-24*a+36 -12*a+72 12*a-18 6*a-36 18*a-54 15*a-36 9*a 3*a-18 6*a-9 18*a-27 -3*a-9 -6*a+18 -2*a+12 -6*a+18 8*a-12 14*a-30 -4*a+15 -9 -6*a+9 -4*a+6 over Number field with defining polynomial x^2+6*x-18
-12*a+102 2*a^2 - 34*a + 122 -a^2 + 11*a - 1 4*a^2 - 83*a + 403 -4*a^2 + 71*a - 292 2*a^2 - 49*a + 281 3*a-39 a^2 - 14*a + 49 -a^2 + 26*a - 151 3*a^2 - 60*a + 282 3*a^2 - 57*a + 243 2*a^2 - 40*a + 209 3*a^2 - 63*a + 321 -2*a^2 + 37*a - 179 a^2 - 26*a + 142 -3*a^2 + 63*a - 312 9 a^2 - 14*a + 40 -3*a+30 -a^2 + 17*a - 70 over Number field with defining polynomial x^3-24*x^2+171*x-337
-18*a^3 + 654*a^2 - 7242*a + 25350 -31*a^3 + 1322*a^2 - 17879*a + 75412 -6*a^3 + 237*a^2 - 2949*a + 12018 -24*a^3 + 1053*a^2 - 14673*a + 63468 -21*a^3 + 864*a^2 - 11223*a + 46536 7*a^3 - 269*a^2 + 3206*a - 11944 -7*a^3 + 233*a^2 - 2132*a + 5494 15*a^3 - 591*a^2 + 7200*a - 28068 3*a^3 - 63*a^2 + 42*a + 2718 13*a^3 - 506*a^2 + 6155*a - 23962 6*a^3 - 273*a^2 + 4023*a - 18468 -3*a^3 + 117*a^2 - 1302*a + 4032 -11*a^2 + 243*a - 832 10*a^3 - 332*a^2 + 3014*a - 7276 -3*a^3 + 81*a^2 - 462*a - 468 -7*a^2 + 177*a - 1418 -18*a^2 + 420*a - 2250 -7*a^3 + 258*a^2 - 2963*a + 11112 7*a^3 - 215*a^2 + 1712*a - 3244 -43*a^2 + 1251*a - 7868 over Number field with defining polynomial x^4-54*x^3+1033*x^2-8208*x+22996
-4*a+64 4*a-40 6*a-72 -2*a+20 2*a-20 -2*a+26 -4*a+40 6 2*a-14 2*a-26 2*a-20 2*a-20 0 2*a-20 2*a-20 0 0 2*a-26 -6 a-13 over Number field with defining polynomial x^2-11*x-8
For conductor 1:
traces of hecke eigenvalues of T_{p^1} are:
109 300 542 1369 2699 3581 4764 8110 9634 12952 16699 16495 21260 25480 33237 33902 40073 48054 48573 57292 66457 73753 84467 
computing eigenvalues for k = 1, took 85.057627 sec
traces of hecke eigenvalues of T_{p^2} are:
76 396 736 
computing eigenvalues for k = 2, took 0.261586 sec
traces of hecke eigenvalues of T_{p^1} are:
9 28 61 119 333 305 365 857 1096 983 1527 2091 1868 3480 3049 3957 3739 5033 5172 7084 7704 9051 9603 
computing eigenvalues for k = 1, took 9.039839 sec
traces of hecke eigenvalues of T_{p^2} are:
-4 12 88 
computing eigenvalues for k = 2, took 0.243636 sec
traces of hecke eigenvalues of T_{p^1} are:
-5 -3 9 -12 3 36 216 48 -234 -423 -54 121 -339 -90 264 886 648 843 -216 724 390 -240 -1044 
computing eigenvalues for k = 1, took 8.973422 sec
traces of hecke eigenvalues of T_{p^2} are:
0 6 -58 
computing eigenvalues for k = 2, took 0.247835 sec
traces of hecke eigenvalues of T_{p^1} are:
5 37 69 158 383 506 456 788 796 1537 1386 1691 2361 2430 3834 3726 4078 5103 5304 7624 7280 9200 9436 
computing eigenvalues for k = 1, took 84.620666 sec
traces of hecke eigenvalues of T_{p^2} are:
-20 66 152 
computing eigenvalues for k = 2, took 0.265669 sec
traces of hecke eigenvalues of T_{p^1} are:
15 19 37 170 255 290 500 680 700 1847 1410 2265 2297 3330 3010 4374 4762 5975 5724 5860 6444 7140 9852 
computing eigenvalues for k = 1, took 9.067703 sec
traces of hecke eigenvalues of T_{p^2} are:
20 -42 -104 
computing eigenvalues for k = 2, took 0.241815 sec
traces of hecke eigenvalues of T_{p^1} are:
40 156 400 1464 5220 7240 12720 25260 30784 52060 70644 81400 106080 151740 208920 230764 305320 363024 394420 499360 578760 712980 922180 
computing eigenvalues for k = 1, took 84.388145 sec
traces of hecke eigenvalues of T_{p^2} are:
120 780 2800 
computing eigenvalues for k = 2, took 0.268500 sec
traces of hecke eigenvalues of T_{p^1} are:
-13 -13 5 36 -83 144 12 72 162 431 -230 -143 1657 1154 -1548 -2034 -200 -841 -1004 -1640 1958 348 1788 
computing eigenvalues for k = 1, took 8.981410 sec
traces of hecke eigenvalues of T_{p^2} are:
1 51 87 
computing eigenvalues for k = 2, took 0.242717 sec
traces of hecke eigenvalues of T_{p^1} are:
21 53 67 269 482 763 1137 1542 2264 2110 3686 3691 4736 5189 6691 8218 9005 9655 10181 13400 12180 15149 18133 
computing eigenvalues for k = 1, took 9.007124 sec
traces of hecke eigenvalues of T_{p^2} are:
4 6 -264 
computing eigenvalues for k = 2, took 0.242555 sec
traces of hecke eigenvalues of T_{p^1} are:
-1 -16 -29 34 128 38 25 382 145 -247 -547 -176 313 -361 316 -1080 -835 1941 374 -159 -1763 -524 1159 
computing eigenvalues for k = 1, took 8.922296 sec
traces of hecke eigenvalues of T_{p^2} are:
0 -38 15 
computing eigenvalues for k = 2, took 0.244358 sec
traces of hecke eigenvalues of T_{p^1} are:
24 78 195 314 828 1010 1675 2509 2457 4134 4979 4471 7304 7491 12033 10238 15273 16245 15919 16999 20725 22939 29465 
computing eigenvalues for k = 1, took 9.074775 sec
traces of hecke eigenvalues of T_{p^2} are:
-24 0 360 
computing eigenvalues for k = 2, took 0.237770 sec
traces of hecke eigenvalues of T_{p^1} are:
14 47 76 100 293 410 630 1067 918 1179 1557 1736 2094 2955 2676 3927 5418 5766 5617 6244 7600 7744 9744 
computing eigenvalues for k = 1, took 83.771121 sec
traces of hecke eigenvalues of T_{p^2} are:
16 126 208 
computing eigenvalues for k = 2, took 0.260310 sec
traces of hecke eigenvalues of T_{p^1} are:
14 13 36 164 293 350 630 1067 1066 1633 1887 1736 2418 2955 4404 3927 3694 4458 5187 6244 6344 8276 9268 
computing eigenvalues for k = 1, took 85.198006 sec
traces of hecke eigenvalues of T_{p^2} are:
16 -78 -112 
computing eigenvalues for k = 2, took 0.263063 sec
traces of hecke eigenvalues of T_{p^1} are:
-4 -7 -10 36 10 -96 192 -186 66 374 466 202 208 233 1008 -198 346 -1054 -989 490 1622 -906 -2034 
computing eigenvalues for k = 1, took 9.059929 sec
traces of hecke eigenvalues of T_{p^2} are:
-11 3 21 
computing eigenvalues for k = 2, took 0.244737 sec
traces of hecke eigenvalues of T_{p^1} are:
29 57 103 344 631 676 1300 1696 1898 3021 3214 4071 4947 5606 6712 6506 9180 10093 11260 11632 15902 15300 18084 
computing eigenvalues for k = 1, took 85.197200 sec
traces of hecke eigenvalues of T_{p^2} are:
36 30 24 
computing eigenvalues for k = 2, took 0.278602 sec
traces of hecke eigenvalues of T_{p^1} are:
29 45 127 281 682 619 1249 1774 1844 2622 3982 4239 4572 6269 6271 8066 8637 10351 11389 12880 14204 16941 18597 
computing eigenvalues for k = 1, took 85.712174 sec
traces of hecke eigenvalues of T_{p^2} are:
36 -42 216 
computing eigenvalues for k = 2, took 0.265565 sec
traces of hecke eigenvalues of T_{p^1} are:
29 63 121 184 631 844 1300 1696 2070 2603 3674 4071 4077 5606 7448 6506 9044 10355 10348 11632 11986 16740 19940 
computing eigenvalues for k = 1, took 84.958355 sec
traces of hecke eigenvalues of T_{p^2} are:
36 66 168 
computing eigenvalues for k = 2, took 0.268240 sec
traces of hecke eigenvalues of T_{p^1} are:
29 75 97 247 682 901 1249 1774 2124 3002 2906 4239 4452 6269 7889 8066 9587 10097 10219 12880 13684 15099 19427 
computing eigenvalues for k = 1, took 84.331806 sec
traces of hecke eigenvalues of T_{p^2} are:
36 138 -24 
computing eigenvalues for k = 2, took 0.261683 sec
For conductor 2:
traces of hecke eigenvalues of T_{p^1} are:
-4 -22 -20 40 26 -88 -96 92 72 -390 336 -244 36 -432 -648 432 1416 -204 244 1936 688 -1724 -900 
computing eigenvalues for k = 1, took 464.014594 sec
traces of hecke eigenvalues of T_{p^2} are:
1 45 61 
computing eigenvalues for k = 2, took 0.625500 sec
traces of hecke eigenvalues of T_{p^1} are:
-10 -10 4 -8 -127 50 -6 11 -36 -33 -207 140 -60 -474 504 -33 -726 -438 -374 40 184 298 -1182 
computing eigenvalues for k = 1, took 460.873927 sec
traces of hecke eigenvalues of T_{p^2} are:
13 -3 -95 
computing eigenvalues for k = 2, took 0.666739 sec
For conductor 13:
traces of hecke eigenvalues of T_{p^1} are:
-16 -12 -6 -48 26 -12 -188 -24 320 -20 336 -416 506 204 -884 -544 344 -346 -632 988 -308 -656 1428 
computing eigenvalues for k = 1, took 783.635349 sec
traces of hecke eigenvalues of T_{p^2} are:
29 31 35 
computing eigenvalues for k = 2, took 0.656528 sec
For conductor 26:
traces of hecke eigenvalues of T_{p^1} are:
-9 20 -48 -36 206 -472 378 555 -694 -367 318 -951 681 1480 -309 188 -6 -1552 333 698 888 453 1238 
computing eigenvalues for k = 1, took 167.272035 sec
traces of hecke eigenvalues of T_{p^2} are:
-28 -18 -147 
computing eigenvalues for k = 2, took 0.634881 sec
traces of hecke eigenvalues of T_{p^1} are:
-3 11 -9 8 31 -34 26 46 108 67 -62 -605 -457 392 -150 478 -372 189 -668 -514 530 608 -114 
computing eigenvalues for k = 1, took 166.871575 sec
traces of hecke eigenvalues of T_{p^2} are:
4 -18 -12 
computing eigenvalues for k = 2, took 0.663209 sec
traces of hecke eigenvalues of T_{p^1} are:
21 41 105 246 599 640 1202 2114 1574 2825 3748 4003 4977 5748 6416 7282 9206 10299 9854 11918 12692 16722 18448 
computing eigenvalues for k = 1, took 163.568923 sec
traces of hecke eigenvalues of T_{p^2} are:
4 -66 40 
computing eigenvalues for k = 2, took 0.651143 sec
traces of hecke eigenvalues of T_{p^1} are:
-6 10 -6 -20 230 94 94 -16 -126 -58 212 266 412 -1100 72 -1240 -336 336 572 -1118 1210 1468 996 
computing eigenvalues for k = 1, took 166.486811 sec
traces of hecke eigenvalues of T_{p^2} are:
8 -12 -36 
computing eigenvalues for k = 2, took 0.636960 sec
traces of hecke eigenvalues of T_{p^1} are:
24 102 141 478 828 1270 1675 2509 3495 4302 5353 4471 6232 7491 9207 10238 12063 14427 16493 16999 21107 25121 27571 
computing eigenvalues for k = 1, took 163.780403 sec
traces of hecke eigenvalues of T_{p^2} are:
-24 144 -72 
computing eigenvalues for k = 2, took 0.639704 sec
traces of hecke eigenvalues of T_{p^1} are:
54 124 204 492 1336 1376 1978 3448 3436 5284 6536 7454 7740 11466 15148 14228 16552 19920 19984 25672 27736 32856 38216 
computing eigenvalues for k = 1, took 165.789500 sec
traces of hecke eigenvalues of T_{p^2} are:
56 120 32 
computing eigenvalues for k = 2, took 0.637311 sec
traces of hecke eigenvalues of T_{p^1} are:
11 -33 -23 212 -83 -8 196 304 -334 -309 -230 201 717 -118 -1076 -82 1944 -557 748 256 3950 -1788 -2868 
computing eigenvalues for k = 1, took 168.961766 sec
traces of hecke eigenvalues of T_{p^2} are:
21 57 105 
computing eigenvalues for k = 2, took 0.674534 sec
