constructing eigenvector for poly
x-15
constructing eigenvector for poly
x^121-20*x^120-497*x^119+12746*x^118+97170*x^117-3812670*x^116-5994359*x^115+710039602*x^114-1278778656*x^113-91937079111*x^112+391848733008*x^111+8729617816032*x^110-56898179637617*x^109-621202624813908*x^108+5664536340596830*x^107+32810795853428383*x^106-426564519710542510*x^105-1191080559494414070*x^104+25385840360832940168*x^103+18695038273423082381*x^102-1221862610350624240342*x^101+1050528570939497564000*x^100+48124016598090999362425*x^99-108748393509484309071599*x^98-1555153335825799166529161*x^97+5704562832901160933414119*x^96+40895695987572905611581024*x^95-218545396453085094540409445*x^94-850445330041889945466028442*x^93+6659496196537213229980787234*x^92+12813787726353384910281900544*x^91-166868994918414958584510388389*x^90-89965561624814882715441713731*x^89+3489237119571352592058235234423*x^88-1974073456276182013405736842963*x^87-61171905133954704300926782490661*x^86+95506184008163618863893923721420*x^85+895850034080369643200238198431749*x^84-2321629970447451805241278667625985*x^83-10793310067861234896182681295549254*x^82+41666005553793493473093007496977546*x^81+102800422351585541852597781414957448*x^80-600874019941814576590507442621177297*x^79-685387801698693730586748618379580638*x^78+7182227978396103780603786324361893542*x^77+1356136538782144038512882949397964504*x^76-72021127988603499578440214639781819055*x^75+42479079467804894348230928896709745193*x^74+606942418795534344315745100042983642503*x^73-798153244750988556330999288833637857869*x^72-4266088397551701794377255836797629896267*x^71+8959111699752695112754398593166501218751*x^70+24467781586994144232035093299428582656603*x^69-76590595208691151102021281177185310211700*x^68-108225967633745595542532351698989595242964*x^67+531615663593443388869259941756447085065825*x^66+303386792596881781320976288243951462969801*x^65-3068660490892692223283639746165885254875260*x^64+171617131277845563096300613922351074829592*x^63+14855616313741966563415722563787850974428077*x^62-8687789960597037060337714799827968315010218*x^61-60261605966061351107376510262452253354699835*x^60+65861938785813195329283470158347271168231824*x^59+202770586420368047749981769286983772334518296*x^58-336932491575343133007059085993916740398570190*x^57-551807765879333973805255149824788101610669456*x^56+1344717582937046349535945023904973020470552442*x^55+1139364051003466268931687552776184274984551253*x^54-4380806255189641586048255416506574975817039907*x^53-1415554883470802910206612208969790445116262138*x^52+11858698925442425138123836104784002477967068342*x^51-842089936716325750216950090668188604377010669*x^50-26841766416711911125378907170206233484620529696*x^49+10733002172756153653647121820880210519845100399*x^48+50782581844777679622991409572249856163676051215*x^47-35758415391746726107615094499912665977102582768*x^46-79833762837094572658348471640904116180749138331*x^45+81467452537197639228685421755517500237628377973*x^44+102970289910917015165900013171452041525606796729*x^43-144002983618848122498523361563150399411962834141*x^42-106310211771338158474205027043884085947128674243*x^41+205848896589816289118597690020129830335000331441*x^40+83244234496054328087954768801306327324273109340*x^39-242217550314622194671039620800278642200915565350*x^38-41946998271856236449810538474239664048645729977*x^37+236630211177727464991721224118448650421297115240*x^36+1236071277201610845581762341286689971252852922*x^35-192814997701766203047701751993378393312038622517*x^34+22939978914792625457772266111037491923376448476*x^33+131419366870607119334337045052177516624955543609*x^32-27513741387534789688070752626789449922658700171*x^31-75084243805631479188225827982360217578957095546*x^30+20315951970985008431401741998588077064890549318*x^29+36016600732347693179220813033501905648301375213*x^28-10956845892676430339348873623841370506558834807*x^27-14512334097730593674368298296302819387814128164*x^26+4507451140800029138571043252231917986290723508*x^25+4902109289507011784792140345474269308551302443*x^24-1424569835578027949696971266532090860588023103*x^23-1379031346723012004038295887544136172539844208*x^22+341178800056840134183868808312942036115238245*x^21+318739002851870188335443568178000842427681231*x^20-59632955679145012998354960804154319939134685*x^19-59184783381849091415528773176978218724345716*x^18+6967577555503119357080281609528084425613718*x^17+8542305230233095827905753549752368966299852*x^16-403883890967379161750049690838260069715691*x^15-915751700250379542275180038419912298820252*x^14-16750261812514320805611898695475696685136*x^13+68516046948711269910793243066930210211955*x^12+5212665214907057614431123583857441199695*x^11-3272228445194680088679238930032333430674*x^10-415606084470902186609295873317624277782*x^9+86262054450750443898775302967147301940*x^8+15499436760004025814631207822133014528*x^7-906079706147382836095774480364858484*x^6-257952925578215620847149648444453912*x^5-1107946756732445477770968398056336*x^4+1470174394418314126412967013458384*x^3+18506418902267674446308468765456*x^2-3004108260509531680653768896832*x+13183381472881485224461760928
constructing eigenvector for poly
x^79-466*x^78+106767*x^77-16032427*x^76+1774720722*x^75-154440263858*x^74+11003216383997*x^73-659993042693735*x^72+34014913228330464*x^71-1529823175831255923*x^70+60777000378450708238*x^69-2153845467453786239391*x^68+68636382635232923482741*x^67-1980000114498203913637993*x^66+51999724618969162062626723*x^65-1249270296323517114880721949*x^64+27569903287750633094577364735*x^63-560922553861249334855463824580*x^62+10554224681773022297956309920439*x^61-184164292535847091282467814040611*x^60+2987431143507845708290880000118340*x^59-45148080015015906399839405743193365*x^58+636882192599372694712647018529985420*x^57-8400287789650898451394009886244294979*x^56+103752717649572223820944565589924392825*x^55-1201593002154902771622058355892655277847*x^54+13064270250562870657463715040606896755794*x^53-133487734869828394283813903014195553062068*x^52+1283013779889818502218651132937547532206298*x^51-11609449352985429735067831523685688123041050*x^50+98967823067087624437108063365532975735762318*x^49-795332451727572216916860666204493636281341678*x^48+6028469838513923461351362540768573503865075771*x^47-43118551604432369532839323297705466000517372938*x^46+291125621053859707005072755102817472808137942525*x^45-1856023867519803451369477106286179361083832435181*x^44+11175570895031021894370350228553766642840528576798*x^43-63563036753079487889092421625101385703675529999452*x^42+341526505496865251304803613569958492002278500751565*x^41-1733548923984264233467800637331393101905407184662569*x^40+8312240042754941153465644059841522550657775661567422*x^39-37646116340152887872397820631040327134258365787848121*x^38+161014012422681813673894399076178036114020663459259850*x^37-650191012216173528789165609158720354311999240621438043*x^36+2478078874495214472629943331878397365756389556430068669*x^35-8910851605317070095134229878235493256711912427635861469*x^34+30217275478854360813717191503920058183567296801880578303*x^33-96581364741333855797784599579700572030246820170696810237*x^32+290783418849175354587260315265945082262727603472270968877*x^31-824109947616921019318859157872550665402603895245686271440*x^30+2196864969571010239451741752002188256042136950167327231197*x^29-5503611397055375306702977417764403811185748631705060964829*x^28+12944907255042689530099605565342721236058711788245035350836*x^27-28555590641120557211655301503525586574830141287161009766925*x^26+59007634417077848518299569145186224767845883803875454068842*x^25-114071925925875009089675662763622406228998701443117053852613*x^24+206001667772097525934759568594538598847445654162525704143809*x^23-346964116202347389561788657527640093536703019767393937053645*x^22+544058299400383829164095916450627824938975239667222994437174*x^21-792672686915508663447268989322824092512268496642585479043258*x^20+1070716531117380574583772678044792973260328361505999526529932*x^19-1337587792886032484464587748456413939141029001455333337341808*x^18+1541154185766697570378353130355704778977226860755915797946896*x^17-1632706358607411139882479594392777358182538238359199985726048*x^16+1584887373158895954689858438907989138480361695095809141556672*x^15-1404116342857623781872805345068793668011429909532083704012416*x^14+1130220665823586861971399118754967643959934255157090444427008*x^13-822284369890528477225612834554233739000694020558195762633216*x^12+537470750890224073098349958821633227929914313551646013825024*x^11-313382695126988794419117100803472168064405905626498398894080*x^10+161623275312065781858946406334116936408226645337858022715392*x^9-72977011290554767085036517185096172278667426840701936779264*x^8+28485088577670500375271381896436546984125318181462590701568*x^7-9458647145481713736731002108664961170709777527248776003584*x^6+2616441647226305201024994399377042007117277547462915784704*x^5-585929760401004271490492194636048036373567917171389235200*x^4+101926017181198988023250039701183492498329329577838772224*x^3-12904439598613465629189450280987325282469791055660711936*x^2+1056185094173021665906782135144391168111879877133598720*x-41876018409121049196559923552340808899213055471124480
constructing eigenvector for poly
x^26+86*x^25+3475*x^24+87747*x^23+1553359*x^22+20498668*x^21+209287110*x^20+1693250263*x^19+11026849993*x^18+58367418946*x^17+252387445993*x^16+892132650544*x^15+2567049885592*x^14+5948670431462*x^13+10863717855807*x^12+14946527746725*x^11+13786904186437*x^10+4612492276903*x^9-8787949084499*x^8-17050546077491*x^7-14353411287039*x^6-5196939564242*x^5+1357043243526*x^4+2172205881203*x^3+685864037795*x^2-52850354488*x-51069066443
computing eigenvectors took 14.153624 sec
For conductor 1, eigenvectors are:
-1 -1 -1 -1 -1 -1 -1 -1 -1 -1 -1 -1 -1 -1 -1 -1 -1 -1 -1 -1 -1 -1 -1 -1 -1 -1 -1 -1 -1 -1 -1 -1 -1 -1 -1 -1 -1 -1 -1 -1 -1 -1 -1 -1 -1 -1 -1 -1 -1 -1 -1 -1 -1 -1 -1 -1 -1 -1 -1 -1 -1 -1 -1 -1 -1 -1 -1 -1 -1 -1 -1 -1 -1 -1 -1 -1 -1 -1 -1 -1 -1 -1 -1 -1 -1 -1 -1 -1 -1 -1 -1 -1 -1 -1 -1 -1 -1 -1 -1 -1 -1 -1 -1 -1 -1 -1 -1 -1 -1 -1 -1 -1 -1 -1 -1 -1 -1 -1 -1 -1 -1 -1 -1 -1 -1 -1 -1 -1 -1 -1 -1 -1 -1 -1 -1 -1 -1 -1 -1 -1 -1 -1 -1 -1 -1 -1 -1 -1 -1 -1 -1 -1 -1 -1 -1 -1 -1 -1 -1 -1 -1 -1 -1 -1 -1 -1 -1 -1 -1 -1 -1 -1 -1 -1 -1 -1 -1 -1 -1 -1 -1 -1 -1 -1 -1 -1 -1 -1 -1 -1 -1 -1 -1 -1 -1 -1 -1 -1 -1 -1 -1 over Number field with defining polynomial x-15
a vector of length 201 over Number field with defining polynomial a number field of degree 121
a vector of length 201 over Number field with defining polynomial a number field of degree 79
For conductor 701, eigenvectors are:
a vector of length 26 over Number field with defining polynomial a number field of degree 26
For conductor 1:
traces of hecke eigenvalues of T_{p^1} are:
15 40 156 400 1464 2380 5220 7240 12720 25260 30784 52060 70644 81400 106080 151740 208920 230764 305320 363024 394420 499360 578760 712980 922180 
computing eigenvalues for k = 1, took 124.691122 sec
traces of hecke eigenvalues of T_{p^2} are:
30 120 780 2800 
computing eigenvalues for k = 2, took 5.586928 sec
traces of hecke eigenvalues of T_{p^1} are:
20 -95 283 -280 566 -325 1366 -1481 1206 8009 -1559 2875 7443 -1645 3442 13136 5913 3286 -3509 5514 -9515 -2185 914 14798 -12908 
computing eigenvalues for k = 1, took 33.986477 sec
traces of hecke eigenvalues of T_{p^2} are:
-70 -141 -285 -990 
computing eigenvalues for k = 2, took 1.754963 sec
traces of hecke eigenvalues of T_{p^1} are:
466 896 2334 4350 10230 14040 23987 28727 43237 68054 76138 110329 134927 147095 176983 224413 274536 294465 354460 399381 422816 492425 547439 629371 747693 
computing eigenvalues for k = 1, took 125.974220 sec
traces of hecke eigenvalues of T_{p^2} are:
213 424 1680 3200 
computing eigenvalues for k = 2, took 5.766877 sec
For conductor 701:
traces of hecke eigenvalues of T_{p^1} are:
-86 -120 -291 -53 -459 -95 -335 -37 -297 -2034 -120 44 -3184 -9 -260 -3947 -4516 -2225 2938 -3946 3190 2064 1875 -1441 4884 
computing eigenvalues for k = 1, took 893.311491 sec
traces of hecke eigenvalues of T_{p^2} are:
43 75 205 -203 
computing eigenvalues for k = 2, took 0.732109 sec
