constructing eigenvector for poly
x-15
constructing eigenvector for poly
x^74-422*x^73+87411*x^72-11846456*x^71+1181456927*x^70-92462564906*x^69+5913450086607*x^68-317799796979228*x^67+14646424834253323*x^66-587873108399773099*x^65+20800318445121878773*x^64-655114341920314008817*x^63+18513413054724315473044*x^62-472560810548612051871061*x^61+10956120336228574895898335*x^60-231819068628651203385196276*x^59+4494778631030612693415801592*x^58-80143424005811189961546587872*x^57+1318140560120668711524268747613*x^56-20051878603624519625666395787432*x^55+282793509515997215658747687196560*x^54-3705121670660563732361076998046236*x^53+45179771275255023299375662454568246*x^52-513557777863552180488867087256458043*x^51+5449412899085672803468932358230452434*x^50-54045778156393413412783772926829728434*x^49+501527348089759868640823194794489206584*x^48-4358692329961914862086011863136213187733*x^47+35505739633921083059547547960999292933102*x^46-271282693743679035525026706940445332789230*x^45+1945267251855243445143902258720908124087090*x^44-13097177609997659324678053935021356442352887*x^43+82829040137852854912482286433185715534877105*x^42-492174261416056961325532463595385359315898650*x^41+2748354353599514266418348818591197188787796919*x^40-14424238619741042663568248471791775247944336679*x^39+71152753123303338718016124266721753531576219745*x^38-329872096503289717748289565428087097141430745486*x^37+1437127733457173308746954044468586645467517851355*x^36-5882289396411987716334224906711648429900435706165*x^35+22613517211282359455852262647800315501691416479787*x^34-81619447030103549507336660646872689800138765328219*x^33+276451406876136480531136911625149260797276427216571*x^32-878215174285938848917516286591785888192334458085790*x^31+2614913837760126252035628674533096190091563577423318*x^30-7292283498838593233179403362048360863248387462990501*x^29+19030514829309241112650969974662225354920079341358023*x^28-46430395084891569143905560230917827694980294912497065*x^27+105791950349896216350384974952487168236268001060613774*x^26-224843519780864956723129843622916261815105044490628712*x^25+445149169953261444193789016491301316008872334546345425*x^24-819753686535830635088298979191802994275868449417463701*x^23+1401837272881123874273654945866966089866070374090056280*x^22-2222044656954219976007775525295311743508641154847327428*x^21+3258102929960264465612335625551225898502612894319539976*x^20-4409096372824803269387866483432305750892697679511293216*x^19+5492998760797508915868114762702099293416837803818553088*x^18-6282270925334449545812527813648961234320365378578575808*x^17+6574951625593785479074775406891223352795970813647428352*x^16-6274551129109628047445316052759539709673108319755629312*x^15+5437815632512913787296130767583654636906334206798663680*x^14-4259973453396050763564378733782120104023732161096767488*x^13+3000664621647344197155135093098951577819249493917368320*x^12-1888743161309501625363210795751310838538869104889016320*x^11+1054691730406921022984234046174230907789499670363488256*x^10-518005112449228184750503118289564028880777111188504576*x^9+221452132871951512285954839593355094349487732961443840*x^8-81357398639434522841873636160929783069028160571113472*x^7+25273037906262240333899934306235413588542928288350208*x^6-6499785210479350128828532340958567915811928744919040*x^5+1344809932158347967052232654467774492735119581249536*x^4-214767303324928419570275247134694175551574274736128*x^3+24804198977245301980721852267778691755273762111488*x^2-1840311118173283247896583377338429380557094780928*x+65738082064541168245270056010489084269111017472
constructing eigenvector for poly
x^107+21*x^106-440*x^105-11590*x^104+84585*x^103+3062786*x^102-8618773*x^101-516723771*x^100+331244554*x^99+62600113632*x^98+36990408700*x^97-5806543686343*x^96-7768911467364*x^95+429279793964544*x^94+771042048606262*x^93-25995774655006195*x^92-53675232909013535*x^91+1314871204766586200*x^90+2894035868011579006*x^89-56356925592431560030*x^88-126315492917974887950*x^87+2069314100235472658037*x^86+4575861583745308923665*x^85-65636263078306784071620*x^84-139797765041240135125358*x^83+1810082996311012049619804*x^82+3641885541556969315107297*x^81-43617728370717823062216952*x^80-81543710457451365548498637*x^79+921991834833347281537325883*x^78+1578388154913552458603185692*x^77-17147566465373441129634741510*x^76-26524430825191014885019530839*x^75+281256227742885153110249660727*x^74+388163227767643235416984677347*x^73-4075664857854567874617509948502*x^72-4956934249768273614656911347309*x^71+52247688728102343831168694404393*x^70+55303714116697491930812089765869*x^69-593087895996155061994050923083143*x^68-539245522878351539000429193232576*x^67+5965192813437685490339064340604255*x^66+4592880615269447780513398198979108*x^65-53177715945479034149934384792375429*x^64-34119785150666366432600526313687688*x^63+420213203605744836875287987257347273*x^62+220490490378054109967217196238660767*x^61-2942912930118546777438187297399272397*x^60-1234168107406218727954354511273702727*x^59+18259555874925355736793114997191614265*x^58+5943476193806450568209385791641718742*x^57-100312442443276496313129994419430244615*x^56-24360234083937533311033313272906507801*x^55+487562917457133453297465449922988535587*x^54+83392017104548607537251323613285611578*x^53-2094556289279346168043128918783618792837*x^52-229679728714208960991429325393385749930*x^51+7943800911305540952803915339263005835926*x^50+462561925490622075657347787405632821725*x^49-26560888951946169488363434283935814113302*x^48-432285838630324651872194352758267460601*x^47+78171217374121500581894998085296004833265*x^46-1305425313436704389585864040581731830455*x^45-202140816491017907585736302300922225838415*x^44+8326694294835270270963319301756185831458*x^43+458315272867463719257362608225312875540968*x^42-26447028773986522477204176207533754943085*x^41-908962179783747131781271092697811028529053*x^40+60667668295754277808292819153514292582890*x^39+1572557134364541042231043916256298796530634*x^38-108233123860296089627563372231457326400982*x^37-2365683680643450103417361409006166898762683*x^36+152541376122886100602462160968853746999760*x^35+3082905231991024664999531980167344887169677*x^34-167251763252520031897673936075193801466594*x^33-3464730931531673322769289740342248833307163*x^32+134067993553872794234649081090866987967666*x^31+3339971746131962416147524423935323832918646*x^30-61390583940341884284278439814925667351873*x^29-2743685182520964157731880712366787961877359*x^28-16788654587622989772276754456323488087818*x^27+1905233554979020540764102634564776483720999*x^26+65228437166744627611762113247604971192078*x^25-1107230542113711266589773813793633909626722*x^24-72441599822901853096453164439300832672963*x^23+531766333694146240931352613578357869344931*x^22+52743841823581246826710077619051821264667*x^21-207660730705577406363548989967142881572106*x^20-28054216507881859890669352796103716312798*x^19+64547760371757872456298471163054272249822*x^18+11159126632862646382797874003518826093180*x^17-15515102418259416063647760470202775285723*x^16-3297685845864218035005950159618576696668*x^15+2768659501739248888870539169330556943397*x^14+705179804310154346468894547669441108223*x^13-345197738983875866670924394136731089676*x^12-104068193890341322786550011815822809504*x^11+27296549349142639969676782148620132888*x^10+9816906424686504912195193715701510472*x^9-1159013814000871634563849945257842128*x^8-526214810331295707877063862124203424*x^7+19959833365110891619233134705437536*x^6+13928988944258719061774128860007232*x^5-69372548489022966962422818825600*x^4-141161627716350919070281436353248*x^3+1545578948151939374257733513280*x^2+153611650947549866985332240256*x+771387059476518684918365952
constructing eigenvector for poly
x^15+49*x^14+1083*x^13+14289*x^12+125480*x^11+773813*x^10+3443956*x^9+11186140*x^8+26476592*x^7+45030563*x^6+53411321*x^5+41816250*x^4+19430056*x^3+4105357*x^2-46665*x-97817
computing eigenvectors took 10.409687 sec
For conductor 1, eigenvectors are:
-1 -1 -1 -1 -1 -1 -1 -1 -1 -1 -1 -1 -1 -1 -1 -1 -1 -1 -1 -1 -1 -1 -1 -1 -1 -1 -1 -1 -1 -1 -1 -1 -1 -1 -1 -1 -1 -1 -1 -1 -1 -1 -1 -1 -1 -1 -1 -1 -1 -1 -1 -1 -1 -1 -1 -1 -1 -1 -1 -1 -1 -1 -1 -1 -1 -1 -1 -1 -1 -1 -1 -1 -1 -1 -1 -1 -1 -1 -1 -1 -1 -1 -1 -1 -1 -1 -1 -1 -1 -1 -1 -1 -1 -1 -1 -1 -1 -1 -1 -1 -1 -1 -1 -1 -1 -1 -1 -1 -1 -1 -1 -1 -1 -1 -1 -1 -1 -1 -1 -1 -1 -1 -1 -1 -1 -1 -1 -1 -1 -1 -1 -1 -1 -1 -1 -1 -1 -1 -1 -1 -1 -1 -1 -1 -1 -1 -1 -1 -1 -1 -1 -1 -1 -1 -1 -1 -1 -1 -1 -1 -1 -1 -1 -1 -1 -1 -1 -1 -1 -1 -1 -1 -1 -1 -1 -1 -1 -1 -1 -1 -1 -1 over Number field with defining polynomial x-15
a vector of length 182 over Number field with defining polynomial a number field of degree 74
a vector of length 182 over Number field with defining polynomial a number field of degree 107
For conductor 613, eigenvectors are:
a vector of length 15 over Number field with defining polynomial a number field of degree 15
For conductor 1:
traces of hecke eigenvalues of T_{p^1} are:
15 40 156 400 1464 2380 5220 7240 12720 25260 30784 52060 70644 81400 106080 151740 208920 230764 305320 363024 394420 499360 578760 712980 922180 
computing eigenvalues for k = 1, took 118.845327 sec
traces of hecke eigenvalues of T_{p^2} are:
30 120 780 2800 
computing eigenvalues for k = 2, took 0.424963 sec
traces of hecke eigenvalues of T_{p^1} are:
422 827 2129 4054 9470 13247 22267 27569 39929 64006 72761 103256 125957 138531 162844 208223 255034 278076 333501 374276 396248 466357 502092 586599 699063 
computing eigenvalues for k = 1, took 119.557688 sec
traces of hecke eigenvalues of T_{p^2} are:
156 348 1230 2832 
computing eigenvalues for k = 2, took 0.687322 sec
traces of hecke eigenvalues of T_{p^1} are:
-21 -38 -40 238 -430 1387 105 -59 -572 1470 1237 9714 659 5447 61 5489 -5257 5606 10402 -10891 9190 4890 -4210 -9814 7322 
computing eigenvalues for k = 1, took 24.092387 sec
traces of hecke eigenvalues of T_{p^2} are:
-73 -100 -286 -645 
computing eigenvalues for k = 2, took 1.151998 sec
For conductor 613:
traces of hecke eigenvalues of T_{p^1} are:
-49 -87 -93 -192 125 -559 23 -103 37 132 -143 -2616 -4 -1876 921 -2296 1224 -2686 -596 3217 -1748 1825 1814 1453 -2111 
computing eigenvalues for k = 1, took 921.401911 sec
traces of hecke eigenvalues of T_{p^2} are:
27 60 26 85 
computing eigenvalues for k = 2, took 0.713648 sec
