constructing eigenvector for poly
x-18
constructing eigenvector for poly
x+22
constructing eigenvector for poly
x-33
constructing eigenvector for poly
x-50
constructing eigenvector for poly
x-36
constructing eigenvector for poly
x-90
constructing eigenvector for poly
x-400
constructing eigenvector for poly
x-60
constructing eigenvector for poly
x-62
constructing eigenvector for poly
x-62
constructing eigenvector for poly
x-24
constructing eigenvector for poly
x+4
constructing eigenvector for poly
x-52
constructing eigenvector for poly
x-82
constructing eigenvector for poly
x-22
constructing eigenvector for poly
x+8
constructing eigenvector for poly
x-55
constructing eigenvector for poly
x-6
constructing eigenvector for poly
x^2-106*x+2440
constructing eigenvector for poly
x-6
computing eigenvectors took 3.278362 sec
For conductor 1, eigenvectors are:
-12 0 6 4 0 -3 0 0 -1 1 over Number field with defining polynomial x-18
-12 0 6 -4 0 3 4 -2 1 -1 over Number field with defining polynomial x+22
-24 0 -18 -8 0 -9 3 6 2 -2 over Number field with defining polynomial x-33
24 -126 24 4 -56 9 14 14 -6 -1 over Number field with defining polynomial x-50
-6 0 -6 -1 0 3 0 0 -2 2 over Number field with defining polynomial x-36
-52 -57 18 8 38 28 -22 13 -2 -17 over Number field with defining polynomial x-90
1 1 1 1 1 1 1 1 1 1 over Number field with defining polynomial x-400
-4 6 6 -4 -4 1 -4 1 1 1 over Number field with defining polynomial x-60
-168 378 -168 196 -168 105 14 14 14 -77 over Number field with defining polynomial x-62
-42 -63 -42 14 -7 0 -14 -14 21 7 over Number field with defining polynomial x-62
For conductor 2, eigenvectors are:
For conductor 3, eigenvectors are:
For conductor 6, eigenvectors are:
-1 1 over Number field with defining polynomial x-24
-3 -1 over Number field with defining polynomial x+4
For conductor 5, eigenvectors are:
For conductor 10, eigenvectors are:
6 -3 2 -1 over Number field with defining polynomial x-52
6 1 0 1 over Number field with defining polynomial x-82
-3 0 1 1 over Number field with defining polynomial x-22
0 3 1 -1 over Number field with defining polynomial x+8
For conductor 15, eigenvectors are:
0 1 -1 0 over Number field with defining polynomial x-55
4 -3 -2 -1 over Number field with defining polynomial x-6
2*a-40 36 24 2*a-100 over Number field with defining polynomial x^2-106*x+2440
For conductor 30, eigenvectors are:
1 over Number field with defining polynomial x-6
For conductor 1:
traces of hecke eigenvalues of T_{p^1} are:
18 0 0 -36 -32 -30 72 76 -288 -288 342 174 504 828 40 -486 -108 -1008 -1112 966 -612 -432 
computing eigenvalues for k = 1, took 5.447231 sec
traces of hecke eigenvalues of T_{p^2} are:
-40 
computing eigenvalues for k = 2, took 0.094157 sec
traces of hecke eigenvalues of T_{p^1} are:
-22 32 -12 128 24 -78 -224 140 340 -224 270 -514 -316 500 -1128 -142 412 -732 1232 1278 1452 580 
computing eigenvalues for k = 1, took 5.461622 sec
traces of hecke eigenvalues of T_{p^2} are:
24 
computing eigenvalues for k = 2, took 0.093506 sec
traces of hecke eigenvalues of T_{p^1} are:
33 102 153 228 529 402 636 775 1260 1566 2325 2226 3414 3270 4057 3753 5772 6048 7312 7818 6522 9825 
computing eigenvalues for k = 1, took 5.402422 sec
traces of hecke eigenvalues of T_{p^2} are:
-136 
computing eigenvalues for k = 2, took 0.094100 sec
traces of hecke eigenvalues of T_{p^1} are:
50 164 220 280 480 630 820 884 1140 1744 1450 2770 2860 4040 3264 4430 5524 6280 6920 6690 7860 9120 
computing eigenvalues for k = 1, took 5.476055 sec
traces of hecke eigenvalues of T_{p^2} are:
0 
computing eigenvalues for k = 2, took 0.096005 sec
traces of hecke eigenvalues of T_{p^1} are:
36 108 108 252 256 672 792 1192 1476 2052 1800 2280 2412 3564 3460 4752 4824 5832 5800 6816 9036 9792 
computing eigenvalues for k = 1, took 5.422435 sec
traces of hecke eigenvalues of T_{p^2} are:
-112 
computing eigenvalues for k = 2, took 0.094933 sec
traces of hecke eigenvalues of T_{p^1} are:
90 159 210 285 415 630 750 1174 1260 2079 2040 2340 2160 2700 3544 4095 4404 5535 6970 7875 8745 8400 
computing eigenvalues for k = 1, took 5.401165 sec
traces of hecke eigenvalues of T_{p^2} are:
320 
computing eigenvalues for k = 2, took 0.094698 sec
traces of hecke eigenvalues of T_{p^1} are:
400 1464 2380 5220 7240 12720 25260 30784 52060 70644 81400 106080 151740 208920 230764 305320 363024 394420 499360 578760 712980 922180 
computing eigenvalues for k = 1, took 5.402662 sec
traces of hecke eigenvalues of T_{p^2} are:
2800 
computing eigenvalues for k = 2, took 0.093506 sec
traces of hecke eigenvalues of T_{p^1} are:
60 144 240 240 280 420 780 1144 1440 1284 1860 2460 2640 3960 4684 5580 5544 5040 6160 6900 8820 8400 
computing eigenvalues for k = 1, took 5.428698 sec
traces of hecke eigenvalues of T_{p^2} are:
80 
computing eigenvalues for k = 2, took 0.096807 sec
traces of hecke eigenvalues of T_{p^1} are:
62 164 144 332 480 474 820 884 1672 1744 2334 1742 2864 4040 3264 4682 5524 4524 6920 7254 7860 9892 
computing eigenvalues for k = 1, took 5.441609 sec
traces of hecke eigenvalues of T_{p^2} are:
96 
computing eigenvalues for k = 2, took 0.093572 sec
traces of hecke eigenvalues of T_{p^1} are:
62 89 154 397 345 714 1030 1034 1092 1519 1984 2452 2944 3260 3264 4697 5524 4639 6830 7749 7065 10752 
computing eigenvalues for k = 1, took 5.429010 sec
traces of hecke eigenvalues of T_{p^2} are:
96 
computing eigenvalues for k = 2, took 0.095186 sec
For conductor 2:
For conductor 3:
For conductor 6:
traces of hecke eigenvalues of T_{p^1} are:
24 72 216 264 304 552 876 760 1272 1956 2304 2616 2640 4200 3292 3744 5232 4656 6472 7776 7332 9312 
computing eigenvalues for k = 1, took 147.724467 sec
traces of hecke eigenvalues of T_{p^2} are:
-208 
computing eigenvalues for k = 2, took 0.390109 sec
traces of hecke eigenvalues of T_{p^1} are:
-4 -32 -84 100 -24 132 -148 152 -404 -28 204 172 -308 184 780 -220 -136 1092 -160 1068 276 1300 
computing eigenvalues for k = 1, took 147.871138 sec
traces of hecke eigenvalues of T_{p^2} are:
48 
computing eigenvalues for k = 2, took 0.388362 sec
For conductor 5:
For conductor 10:
traces of hecke eigenvalues of T_{p^1} are:
52 144 124 372 280 684 780 1144 1372 1284 1924 2052 3084 3960 4684 3532 5544 5764 6160 7044 8820 10612 
computing eigenvalues for k = 1, took 150.483254 sec
traces of hecke eigenvalues of T_{p^2} are:
16 
computing eigenvalues for k = 2, took 0.512254 sec
traces of hecke eigenvalues of T_{p^1} are:
82 104 194 242 320 494 960 864 1642 1964 2254 2482 2754 3520 4324 4122 3984 6034 5600 6494 7520 10962 
computing eigenvalues for k = 1, took 150.616976 sec
traces of hecke eigenvalues of T_{p^2} are:
256 
computing eigenvalues for k = 2, took 0.508818 sec
traces of hecke eigenvalues of T_{p^1} are:
22 159 154 327 415 474 750 1174 1552 2079 1744 2172 3564 2700 3544 5017 4404 5269 6970 6069 8745 10612 
computing eigenvalues for k = 1, took 150.644892 sec
traces of hecke eigenvalues of T_{p^2} are:
-224 
computing eigenvalues for k = 2, took 0.505149 sec
traces of hecke eigenvalues of T_{p^1} are:
-8 -16 54 -18 -20 -56 0 -116 -58 384 -36 352 34 -120 -96 -748 264 434 140 -1676 -240 682 
computing eigenvalues for k = 1, took 147.585304 sec
traces of hecke eigenvalues of T_{p^2} are:
-64 
computing eigenvalues for k = 2, took 0.388378 sec
For conductor 15:
traces of hecke eigenvalues of T_{p^1} are:
55 174 115 360 265 390 660 799 1120 1734 2155 2670 2670 4230 3049 4855 4884 6340 6160 6510 7770 8995 
computing eigenvalues for k = 1, took 148.157754 sec
traces of hecke eigenvalues of T_{p^2} are:
40 
computing eigenvalues for k = 2, took 0.391140 sec
traces of hecke eigenvalues of T_{p^1} are:
6 -12 -64 60 176 -78 -108 -108 -104 432 614 -138 -528 264 -640 930 -156 -148 600 1278 -684 580 
computing eigenvalues for k = 1, took 156.055169 sec
traces of hecke eigenvalues of T_{p^2} are:
48 
computing eigenvalues for k = 2, took 0.405649 sec
traces of hecke eigenvalues of T_{p^1} are:
106 222 286 510 816 1152 1422 2036 2506 3036 3664 4332 5322 6894 7904 8380 10188 9472 13020 14928 17136 19780 
computing eigenvalues for k = 1, took 154.994648 sec
traces of hecke eigenvalues of T_{p^2} are:
48 
computing eigenvalues for k = 2, took 0.406761 sec
For conductor 30:
traces of hecke eigenvalues of T_{p^1} are:
6 -12 -64 60 176 -78 -108 -108 -104 432 614 -138 -528 264 -640 930 -156 -148 600 1278 -684 580 
computing eigenvalues for k = 1, took 219.804248 sec
traces of hecke eigenvalues of T_{p^2} are:
48 
computing eigenvalues for k = 2, took 0.408498 sec
