constructing eigenvector for poly
x+12
constructing eigenvector for poly
x-36
constructing eigenvector for poly
x-156
constructing eigenvector for poly
x-31
constructing eigenvector for poly
x-33
constructing eigenvector for poly
x^2-12*x-264
constructing eigenvector for poly
x^5+26*x^4-182*x^3-6970*x^2-10211*x+237628
constructing eigenvector for poly
x^2-42*x+441
constructing eigenvector for poly
x^2-44*x+484
constructing eigenvector for poly
x^2-330*x+27225
constructing eigenvector for poly
x^2-494*x+61009
constructing eigenvector for poly
x^2-570*x+81225
constructing eigenvector for poly
x^2-566*x+80089
constructing eigenvector for poly
x^2-22*x+121
constructing eigenvector for poly
x^2+60*x+655
constructing eigenvector for poly
x^4-136*x^3+6414*x^2-121720*x+801025
constructing eigenvector for poly
x^4-216*x^3+16046*x^2-473256*x+4800481
constructing eigenvector for poly
x^4-596*x^3+128508*x^2-11831792*x+394101904
constructing eigenvector for poly
x^4-388*x^3+56396*x^2-3639440*x+87984400
constructing eigenvector for poly
x^4-960*x^3+345368*x^2-55184640*x+3304410256
constructing eigenvector for poly
x^4-1280*x^3+612950*x^2-130144000*x+10337805625
constructing eigenvector for poly
x^4-70*x^3+1761*x^2-18760*x+71824
constructing eigenvector for poly
x^4-186*x^3+12761*x^2-382416*x+4227136
constructing eigenvector for poly
x^4-476*x^3+84660*x^2-6667808*x+196224064
constructing eigenvector for poly
x^4-856*x^3+271376*x^2-37746176*x+1944457216
constructing eigenvector for poly
x^4-1056*x^3+417632*x^2-73311744*x+4819691776
constructing eigenvector for poly
x^4-1418*x^3+752585*x^2-177181936*x+15613002304
constructing eigenvector for poly
x^4-98*x^3+3417*x^2-49784*x+258064
constructing eigenvector for poly
x^4-282*x^3+29801*x^2-1398720*x+24601600
constructing eigenvector for poly
x^4-256*x^3+24576*x^2-1048576*x+16777216
constructing eigenvector for poly
x^4-688*x^3+172256*x^2-18548480*x+726841600
constructing eigenvector for poly
x^4-1164*x^3+498164*x^2-92794080*x+6355278400
constructing eigenvector for poly
x^4-1754*x^3+1147769*x^2-332067280*x+35842062400
constructing eigenvector for poly
x-3
constructing eigenvector for poly
x^3-9*x^2+27*x-27
constructing eigenvector for poly
x^3-51*x^2+867*x-4913
constructing eigenvector for poly
x^3+30*x^2+300*x+1000
constructing eigenvector for poly
x^3
constructing eigenvector for poly
x^3-252*x^2+21168*x-592704
constructing eigenvector for poly
x^3+357*x^2+42483*x+1685159
constructing eigenvector for poly
x-3
constructing eigenvector for poly
x^2-22*x+121
constructing eigenvector for poly
x^2+60*x+655
constructing eigenvector for poly
x+12
constructing eigenvector for poly
x^2+26*x+161
constructing eigenvector for poly
x-12
constructing eigenvector for poly
x-9
constructing eigenvector for poly
x^2+26*x+161
constructing eigenvector for poly
x^2-10*x+5
constructing eigenvector for poly
x^3-91*x^2+2715*x-26601
constructing eigenvector for poly
x^2+26*x+169
constructing eigenvector for poly
x^2+12*x-209
constructing eigenvector for poly
x+1
constructing eigenvector for poly
x^4-106*x^3+3937*x^2-60028*x+315768
constructing eigenvector for poly
x+9
constructing eigenvector for poly
x-23
constructing eigenvector for poly
x+4
constructing eigenvector for poly
x+15
constructing eigenvector for poly
x+1
constructing eigenvector for poly
x+7
constructing eigenvector for poly
x-27
constructing eigenvector for poly
x^2+4*x-9
constructing eigenvector for poly
x^3-87*x^2+2411*x-20781
constructing eigenvector for poly
x^2+4*x-196
constructing eigenvector for poly
x-19
constructing eigenvector for poly
x^2+10*x-7
constructing eigenvector for poly
x^4-14*x^3-146*x^2+914*x+3809
constructing eigenvector for poly
x^4-104*x^3+4022*x^2-68536*x+434281
constructing eigenvector for poly
x^4-150*x^3+8429*x^2-210300*x+1965604
constructing eigenvector for poly
x^4-450*x^3+72869*x^2-5004900*x+123698884
constructing eigenvector for poly
x^4-622*x^3+142013*x^2-14085812*x+512841316
constructing eigenvector for poly
x^4-1274*x^3+594365*x^2-120135652*x+8892112804
constructing eigenvector for poly
x^4-1144*x^3+486662*x^2-91221416*x+6358308121
constructing eigenvector for poly
x^2+4*x-196
constructing eigenvector for poly
x^2+10*x-7
computing eigenvectors took 91.976007 sec
For conductor 1, eigenvectors are:
0 -6 -6 0 6 -2 -2 0 0 4 2 2 -4 3 -3 0 1 -2 2 -2 1 3 -2 -1 0 0 0 0 1 1 0 -1 over Number field with defining polynomial x+12
9 3 -3 3 -3 -3 -1 1 -3 1 1 3 2 0 0 3 1 -1 -2 1 1 1 0 -1 -1 1 0 1 -1 0 -2 0 over Number field with defining polynomial x-36
-1 -1 -1 -1 -1 -1 -1 -1 -1 -1 -1 -1 -1 -1 -1 -1 -1 -1 -1 -1 -1 -1 -1 -1 -1 -1 -1 -1 -1 -1 -1 -1 over Number field with defining polynomial x-156
12 12 12 12 12 12 2 2 -8 -8 -8 -8 -8 -3 -3 2 2 2 -8 -8 12 2 2 2 2 -3 2 2 2 2 -3 -3 over Number field with defining polynomial x-31
0 6 -6 -24 -6 -6 -8 -4 12 -10 14 -6 4 -9 9 6 8 4 2 -10 2 8 6 4 -2 -1 -6 2 4 0 -1 -3 over Number field with defining polynomial x-33
6*a+144 -6*a-84 6*a+264 -2*a-48 -3*a-132 0 10*a-20 -6*a-4 0 2*a+68 -40 -2*a-48 2*a+88 -6*a+36 -3*a+18 -3*a-72 -4*a-16 -3*a-32 2*a+8 2*a-52 a+14 5*a+50 4*a-24 -20 -4*a-26 2*a+38 2*a+48 a+14 40 3*a-18 -10 -2*a-18 over Number field with defining polynomial x^2-12*x-264
60*a^4 + 1884*a^3 - 36*a^2 - 305172*a - 1549680 -12*a^4 + 84*a^3 + 8424*a^2 + 41028*a - 777708 24*a^4 - 120*a^3 - 12456*a^2 - 7572*a + 919764 -20*a^4 - 628*a^3 + 12*a^2 + 101724*a + 516560 24*a^4 + 420*a^3 - 5052*a^2 - 101928*a - 318468 -24*a^4 - 240*a^3 + 7520*a^2 + 70476*a - 94276 -18*a^4 - 262*a^3 + 1006*a^2 + 29118*a + 310388 -22*a^4 - 290*a^3 + 7190*a^2 + 41674*a - 242472 0 -36*a^4 - 548*a^3 + 8316*a^2 + 106772*a - 96616 -16*a^4 - 296*a^3 + 2376*a^2 + 7164*a - 523580 32*a^4 + 576*a^3 - 5744*a^2 - 75116*a + 311268 -16*a^4 - 280*a^3 + 3368*a^2 + 67952*a + 212312 6*a^4 - 9*a^3 - 4380*a^2 - 1473*a + 340050 9*a^4 + 228*a^3 - 3705*a^2 - 91014*a - 281142 -16*a^4 - 460*a^3 + 900*a^2 + 99404*a + 625056 4*a^4 - 14*a^3 - 3534*a^2 - 22386*a + 95698 6*a^4 - 18*a^3 - 2134*a^2 + 25718*a + 307972 -2*a^4 + 186*a^3 + 3022*a^2 - 28038*a - 199476 16*a^4 + 274*a^3 - 1792*a^2 - 55818*a - 391660 2*a^4 - 14*a^3 - 1404*a^2 - 6838*a + 129618 2*a^4 - 20*a^3 + 172*a^2 + 5296*a - 49730 -4*a^4 + 6*a^3 + 2920*a^2 + 982*a - 226700 20*a^4 + 260*a^3 - 5562*a^2 - 60224*a + 177926 -4*a^4 + 96*a^3 + 4154*a^2 - 14744*a - 433072 a^4 - 96*a^3 - 841*a^2 + 29076*a + 247008 6*a^4 + 146*a^3 - 894*a^2 - 48542*a - 366776 180*a^3 + 2468*a^2 - 31452*a - 412744 8*a^3 + 614*a^2 + 21404*a + 131002 -76*a^3 - 2078*a^2 + 16006*a + 279778 -2*a^4 - 169*a^3 - 276*a^2 + 44357*a + 193452 3*a^3 - 788*a^2 - 6067*a + 89674 over Number field with defining polynomial x^5+26*x^4-182*x^3-6970*x^2-10211*x+237628
48 -6 12 48 6 12 -12 -12 48 -6 12 12 6 -21 -3 12 -12 12 12 -12 0 0 -21 -6 -3 -3 12 0 -12 -3 0 0 over Number field with defining polynomial x-283
168 -12*a-276 0 -56 0 0 28 -4*a-64 0 4*a+36 56 -56 0 42 3*a+27 2*a+74 -2*a-74 2*a+18 -2*a-46 2*a+46 2*a+46 -2*a-74 -28 28 a+23 -a-9 -a-23 2*a+46 a+23 -a-23 14 -a-23 over Number field with defining polynomial x^2+60*x+655
-18*a+5250 30*a-8820 33*a-9645 -18*a+5250 30*a-8850 33*a-9645 30 30 -18*a+5250 30*a-8820 33*a-9645 33*a-9645 30*a-8850 -18*a+5250 -6*a+1740 -9*a+2655 30 -9*a+2655 -9*a+2655 30 0 0 -18*a+5250 30*a-8820 -6*a+1740 -6*a+1740 -9*a+2655 0 30 -6*a+1740 0 0 over Number field with defining polynomial x^2-640*x+101675
2*a-618 2*a-670 -26 2*a-618 -2*a+670 -26 26 26 2*a-618 2*a-670 -26 -26 -2*a+670 2*a-722 -a+348 -26 26 -26 -26 26 0 0 2*a-722 2*a-670 -a+348 -a+348 -26 0 26 -a+348 0 0 over Number field with defining polynomial x^2-709*x+124952
-30*a+12798 -36*a+14358 -6*a+2478 2*a-962 -6*a+2478 -6*a+2478 24*a-9402 -8*a+2998 18*a-7842 -20*a+8838 10*a-4402 26*a-11282 18*a-7842 6*a-2682 -33*a+13578 -10*a+4878 16*a-6642 -2*a+1438 -26*a+10398 -16*a+6438 -12*a+3018 -4*a+2298 10*a-4402 -4*a+2638 11*a-3982 -a+498 6*a-2002 12*a-5262 238 -5*a+2218 -782 -102 over Number field with defining polynomial x^2-877*x+189320
-36 24 24 12 12 -16 2 -6 0 -4 4 4 -8 -3 3 6 -10 -10 4 -4 -4 -6 2 -2 0 3 0 6 8 -4 -3 1 over Number field with defining polynomial x-3
0 0 6 0 6 -6 -2 -2 0 0 -6 -6 12 0 -6 4 4 -2 4 4 0 0 0 0 0 -6 1 0 1 0 0 0 over Number field with defining polynomial x+119
For conductor 2, eigenvectors are:
1 -1 0 over Number field with defining polynomial x-3
14 14 a+23 over Number field with defining polynomial x^2+60*x+655
For conductor 3, eigenvectors are:
-2 1 1 over Number field with defining polynomial x+12
2*a+26 -8 2*a+30 over Number field with defining polynomial x^2+26*x+161
For conductor 6, eigenvectors are:
3 -3 -3 1 -3 2 2 1 1 -1 -1 over Number field with defining polynomial x-12
0 0 -3 4 0 -1 -1 -2 1 -4 2 over Number field with defining polynomial x-9
0 0 12 4*a+60 0 4 4 -2*a-30 -4 2*a+26 -a-13 over Number field with defining polynomial x^2+26*x+161
-24*a+216 -9*a+99 -9*a+87 -4*a+36 6*a-66 6*a-46 3*a-37 -4*a+36 4 a-11 a-11 over Number field with defining polynomial x^2-10*x+5
-16*a+432 6*a^2 - 336*a + 4650 -2*a^2 + 108*a - 1458 8*a-184 4*a^2 - 224*a + 3132 -4*a+124 2*a^2 - 116*a + 1642 8*a-184 -12*a+308 -2*a^2 + 104*a - 1334 -2*a^2 + 104*a - 1334 over Number field with defining polynomial x^3-91*x^2+2715*x-26601
-8*a-160 9*a+201 -3*a-81 4*a+80 -6*a-134 -2*a-40 5*a+107 4*a+80 -14 3*a+67 3*a+67 over Number field with defining polynomial x^2+12*x-209
For conductor 31, eigenvectors are:
1 over Number field with defining polynomial x+1
For conductor 62, eigenvectors are:
-10*a^3 + 816*a^2 - 21106*a + 178068 5*a^3 - 534*a^2 + 18205*a - 195816 10*a^3 - 812*a^2 + 20766*a - 160332 -9*a^3 + 829*a^2 - 23834*a + 201768 -5*a^3 + 469*a^2 - 13264*a + 113022 3*a^3 - 318*a^2 + 10467*a - 101372 5*a^3 - 406*a^2 + 9753*a - 66476 -8*a^3 + 724*a^2 - 20220*a + 167848 -8*a^3 + 728*a^2 - 21190*a + 199274 -8*a^3 + 726*a^2 - 21020*a + 190406 4*a^3 - 422*a^2 + 13366*a - 117168 -10*a^3 + 814*a^2 - 20936*a + 169200 -5*a^3 + 470*a^2 - 13979*a + 131146 63*a^2 - 3511*a + 46546 2*a^2 - 800*a + 22558 -64*a^2 + 4226*a - 64670 -8*a^3 + 725*a^2 - 20305*a + 172282 a^2 - 85*a + 4434 over Number field with defining polynomial x^4-106*x^3+3937*x^2-60028*x+315768
-12 0 4 0 -9 2 2 2 2 -6 0 4 3 3 2 3 2 -2 over Number field with defining polynomial x+9
12 0 -4 0 3 2 2 2 10 -6 0 -4 -1 -1 -2 -1 -2 -4 over Number field with defining polynomial x-23
6 0 -2 0 -3 4 4 4 -1 3 0 -2 1 1 -1 1 -1 1 over Number field with defining polynomial x+4
0 -6 0 0 -3 2 0 -2 0 0 0 0 -1 -1 -2 -1 2 0 over Number field with defining polynomial x+15
-12 0 4 0 3 2 2 2 2 2 0 4 -1 -1 -2 -1 -2 0 over Number field with defining polynomial x+1
-24 18 -16 18 3 2 8 -10 4 0 12 -4 -1 5 -2 -1 4 2 over Number field with defining polynomial x+7
0 0 0 0 3 2 2 2 -2 -2 0 0 -1 -1 2 -1 2 0 over Number field with defining polynomial x-27
24 -6*a-42 16 18 3*a+15 2*a-2 8 -2*a-6 -4 4*a+12 12 4 -3*a-13 3*a+11 2*a+6 3*a+17 -2 -2*a-8 over Number field with defining polynomial x^2+4*x-9
-18*a^2 + 900*a - 10194 -6*a^2 + 324*a - 4062 2*a^2 - 76*a + 314 3*a^2 - 150*a + 1467 -18*a+498 2*a^2 - 112*a + 1310 -6*a^2 + 308*a - 3542 4*a^2 - 196*a + 2232 -2*a^2 + 124*a - 1874 6*a^2 - 288*a + 3066 9*a^2 - 456*a + 5379 -10*a^2 + 488*a - 5254 6*a^2 - 316*a + 3802 -6*a^2 + 290*a - 3044 2*a^2 - 92*a + 834 8*a-260 10*a-238 -4*a^2 + 206*a - 2470 over Number field with defining polynomial x^3-87*x^2+2411*x-20781
12*a+264 12*a+264 8*a+176 6*a+12 -6*a-12 4*a+48 -8*a+24 4*a-72 -2*a-44 2*a+84 4*a+8 2*a+44 -4*a+32 4*a+8 -20 -6*a-52 40 -2*a-64 over Number field with defining polynomial x^2+4*x-196
For conductor 93, eigenvectors are:
-3 9 -6 6 -2 -2 3 -4 -2 11 -5 over Number field with defining polynomial x-19
12*a+60 -48 32 -32 8*a+40 -4*a-4 -16 4*a+36 -4*a-4 32 -2*a-26 over Number field with defining polynomial x^2+10*x-7
18*a^2 + 324*a - 3594 12*a^3 - 234*a^2 - 60*a + 8442 8*a^3 - 112*a^2 - 472*a + 5848 -4*a^3 + 128*a^2 - 188*a - 3720 12*a^2 + 216*a - 2396 2*a^3 - 30*a^2 + 210*a - 354 -22*a^2 + 100*a - 182 -12*a^2 - 216*a + 2396 -2*a^3 + 26*a^2 + 330*a - 3350 22*a^2 - 216*a + 110 22*a^2 - 216*a + 110 over Number field with defining polynomial x^4-14*x^3-146*x^2+914*x+3809
-66 0 44 -a+341 44 -a+275 -a+297 -a+297 22 -22 -22 over Number field with defining polynomial x^2-572*x+79739
For conductor 186, eigenvectors are:
-20 -a-2 -20 -a-2 over Number field with defining polynomial x^2+4*x-196
16 2*a+10 -8 -a-5 over Number field with defining polynomial x^2+10*x-7
For conductor 1:
traces of hecke eigenvalues of T_{p^1} are:
-12 16 36 8 -60 -40 -24 72 -440 324 364 96 -264 48 -304 -1208 192 380 -784 -492 684 708 
computing eigenvalues for k = 1, took 11.744501 sec
traces of hecke eigenvalues of T_{p^2} are:
-4 -48 
computing eigenvalues for k = 2, took 0.217803 sec
traces of hecke eigenvalues of T_{p^1} are:
36 40 144 220 180 400 720 900 1660 1764 1840 2160 3060 2880 3244 5440 5904 5620 5800 6480 8820 10660 
computing eigenvalues for k = 1, took 8.156146 sec
traces of hecke eigenvalues of T_{p^2} are:
60 -80 
computing eigenvalues for k = 2, took 0.192965 sec
traces of hecke eigenvalues of T_{p^1} are:
156 400 1464 2380 5220 7240 12720 25260 52060 70644 81400 106080 151740 208920 230764 305320 363024 394420 499360 578760 712980 922180 
computing eigenvalues for k = 1, took 8.083147 sec
traces of hecke eigenvalues of T_{p^2} are:
780 2800 
computing eigenvalues for k = 2, took 0.191406 sec
traces of hecke eigenvalues of T_{p^1} are:
31 45 114 100 300 405 610 1050 1260 1769 1880 2120 2630 4255 3264 4120 5499 6080 6980 6590 7210 7875 
computing eigenvalues for k = 1, took 8.104742 sec
traces of hecke eigenvalues of T_{p^2} are:
30 -40 
computing eigenvalues for k = 2, took 0.191395 sec
traces of hecke eigenvalues of T_{p^1} are:
33 49 132 184 426 265 414 702 1030 1563 1444 2520 3426 3405 4198 4288 4533 5494 5890 7314 8532 10507 
computing eigenvalues for k = 1, took 11.812679 sec
traces of hecke eigenvalues of T_{p^2} are:
42 -8 
computing eigenvalues for k = 2, took 0.214682 sec
traces of hecke eigenvalues of T_{p^1} are:
12 -4 -42 50 -252 -112 336 -114 878 576 -190 372 714 -2028 -1198 2840 1584 -1024 -724 -486 2688 2696 
computing eigenvalues for k = 1, took 8.122814 sec
traces of hecke eigenvalues of T_{p^2} are:
48 32 
computing eigenvalues for k = 2, took 0.193762 sec
traces of hecke eigenvalues of T_{p^1} are:
-26 0 -66 40 154 348 -292 -348 890 54 -132 128 912 -718 1118 160 -766 -1598 -878 396 -2538 -1080 
computing eigenvalues for k = 1, took 8.137294 sec
traces of hecke eigenvalues of T_{p^2} are:
8 -4 
computing eigenvalues for k = 2, took 0.189408 sec
traces of hecke eigenvalues of T_{p^1} are:
21 22 165 247 285 283 468 918 1552 1344 2074 1755 2460 3642 3991 3721 5007 5944 7429 6375 6372 8023 
computing eigenvalues for k = 1, took 8.053481 sec
traces of hecke eigenvalues of T_{p^2} are:
-30 -224 
computing eigenvalues for k = 2, took 0.190384 sec
traces of hecke eigenvalues of T_{p^1} are:
22 -60 68 50 -150 40 290 350 360 658 -190 -380 -240 -1320 -1442 2840 1868 1020 -1830 -1980 2510 950 
computing eigenvalues for k = 1, took 8.112147 sec
traces of hecke eigenvalues of T_{p^2} are:
60 160 
computing eigenvalues for k = 2, took 0.192785 sec
traces of hecke eigenvalues of T_{p^1} are:
68 108 298 194 480 640 1186 1606 2646 3704 3338 4076 5916 6534 7900 9008 9766 9678 12792 14376 14008 17414 
computing eigenvalues for k = 1, took 8.171979 sec
traces of hecke eigenvalues of T_{p^2} are:
96 64 
computing eigenvalues for k = 2, took 0.202338 sec
traces of hecke eigenvalues of T_{p^1} are:
35 93 238 428 528 709 1114 1426 2844 2861 4004 5024 5670 6471 7936 9536 9907 8964 11508 15402 16438 20375 
computing eigenvalues for k = 1, took 8.217256 sec
traces of hecke eigenvalues of T_{p^2} are:
-102 -56 
computing eigenvalues for k = 2, took 0.193933 sec
traces of hecke eigenvalues of T_{p^1} are:
49 141 128 344 582 877 962 1814 2646 3283 3512 3832 5334 6717 6874 9368 10829 11382 11610 11898 16808 20639 
computing eigenvalues for k = 1, took 8.128873 sec
traces of hecke eigenvalues of T_{p^2} are:
-18 328 
computing eigenvalues for k = 2, took 0.193321 sec
traces of hecke eigenvalues of T_{p^1} are:
3 -11 -18 44 -24 5 -6 162 -80 -267 184 -120 -594 -765 308 88 -777 524 80 54 1902 -1173 
computing eigenvalues for k = 1, took 8.150332 sec
traces of hecke eigenvalues of T_{p^2} are:
-58 -48 
computing eigenvalues for k = 2, took 0.191174 sec
traces of hecke eigenvalues of T_{p^1} are:
3 17 -10 0 84 -119 -34 150 168 -275 -188 -496 278 383 408 592 -901 300 180 966 -630 787 
computing eigenvalues for k = 1, took 11.009121 sec
traces of hecke eigenvalues of T_{p^2} are:
-26 16 
computing eigenvalues for k = 2, took 0.213560 sec
For conductor 2:
traces of hecke eigenvalues of T_{p^1} are:
3 17 -10 0 84 -119 -34 150 168 -275 -188 -496 278 383 408 592 -901 300 180 966 -630 787 
computing eigenvalues for k = 1, took 332.675376 sec
traces of hecke eigenvalues of T_{p^2} are:
-26 16 
computing eigenvalues for k = 2, took 0.518558 sec
traces of hecke eigenvalues of T_{p^1} are:
22 -60 68 50 -150 40 290 350 360 658 -190 -380 -240 -1320 -1442 2840 1868 1020 -1830 -1980 2510 950 
computing eigenvalues for k = 1, took 335.476557 sec
traces of hecke eigenvalues of T_{p^2} are:
60 160 
computing eigenvalues for k = 2, took 0.521388 sec
For conductor 3:
traces of hecke eigenvalues of T_{p^1} are:
-12 16 36 8 -60 -40 -24 72 -440 324 364 96 -264 48 -304 -1208 192 380 -784 -492 684 708 
computing eigenvalues for k = 1, took 335.991673 sec
traces of hecke eigenvalues of T_{p^2} are:
-4 -48 
computing eigenvalues for k = 2, took 0.507076 sec
traces of hecke eigenvalues of T_{p^1} are:
-26 -2 16 -16 44 -26 48 28 68 -418 -28 32 -284 602 -788 892 394 -580 1864 -676 64 -774 
computing eigenvalues for k = 1, took 335.526553 sec
traces of hecke eigenvalues of T_{p^2} are:
36 16 
computing eigenvalues for k = 2, took 0.509816 sec
For conductor 6:
traces of hecke eigenvalues of T_{p^1} are:
12 64 168 172 324 280 624 636 1180 1812 2344 2688 3276 2856 4204 4888 4752 5428 6832 5784 7380 8452 
computing eigenvalues for k = 1, took 164.902938 sec
traces of hecke eigenvalues of T_{p^2} are:
-84 112 
computing eigenvalues for k = 2, took 0.534404 sec
traces of hecke eigenvalues of T_{p^1} are:
9 37 120 148 234 373 522 786 1786 1731 1624 1776 3138 3849 3070 4672 4329 6442 6706 7026 6564 11131 
computing eigenvalues for k = 1, took 182.822207 sec
traces of hecke eigenvalues of T_{p^2} are:
-102 -104 
computing eigenvalues for k = 2, took 0.532128 sec
traces of hecke eigenvalues of T_{p^1} are:
-26 -2 16 -16 44 -26 48 28 68 -418 -28 32 -284 602 -788 892 394 -580 1864 -676 64 -774 
computing eigenvalues for k = 1, took 180.505099 sec
traces of hecke eigenvalues of T_{p^2} are:
36 16 
computing eigenvalues for k = 2, took 0.532210 sec
traces of hecke eigenvalues of T_{p^1} are:
10 -8 16 -130 26 124 174 10 -4 -106 -82 476 -416 440 -290 -176 172 176 -1070 1580 406 1542 
computing eigenvalues for k = 1, took 164.255346 sec
traces of hecke eigenvalues of T_{p^2} are:
-12 -8 
computing eigenvalues for k = 2, took 0.525166 sec
traces of hecke eigenvalues of T_{p^1} are:
91 138 321 457 803 1115 1518 2372 3858 5208 5308 6389 8720 11376 11239 13165 15575 15222 17013 21193 24432 27717 
computing eigenvalues for k = 1, took 164.368512 sec
traces of hecke eigenvalues of T_{p^2} are:
78 -96 
computing eigenvalues for k = 2, took 0.530589 sec
traces of hecke eigenvalues of T_{p^1} are:
-26 -12 116 -46 138 -200 98 -178 -600 754 818 676 192 -1368 478 1736 -436 636 234 -3372 -370 -3466 
computing eigenvalues for k = 1, took 163.725793 sec
traces of hecke eigenvalues of T_{p^2} are:
12 64 
computing eigenvalues for k = 2, took 0.530162 sec
For conductor 31:
traces of hecke eigenvalues of T_{p^1} are:
-1 -3 74 -102 -42 45 -20 0 64 37 -190 340 -254 -93 -170 -48 135 -32 -518 442 332 -813 
computing eigenvalues for k = 1, took 556.325230 sec
traces of hecke eigenvalues of T_{p^2} are:
-34 -104 
computing eigenvalues for k = 2, took 0.526448 sec
For conductor 62:
traces of hecke eigenvalues of T_{p^1} are:
106 212 430 600 1138 1404 1994 3312 6222 7106 7376 9056 11738 13784 15324 18264 19912 23044 24270 26714 31522 37558 
computing eigenvalues for k = 1, took 127.830895 sec
traces of hecke eigenvalues of T_{p^2} are:
12 96 
computing eigenvalues for k = 2, took 0.511845 sec
traces of hecke eigenvalues of T_{p^1} are:
-9 9 -38 -26 82 81 32 -52 -256 -139 -98 28 90 487 -54 200 -285 -872 -282 -598 216 203 
computing eigenvalues for k = 1, took 127.996089 sec
traces of hecke eigenvalues of T_{p^2} are:
-18 8 
computing eigenvalues for k = 2, took 0.530663 sec
traces of hecke eigenvalues of T_{p^1} are:
23 53 114 130 246 261 532 1048 1464 1437 2122 2420 3042 3891 4070 4880 5047 5016 5562 7786 8604 7891 
computing eigenvalues for k = 1, took 127.321531 sec
traces of hecke eigenvalues of T_{p^2} are:
-18 24 
computing eigenvalues for k = 2, took 0.530603 sec
traces of hecke eigenvalues of T_{p^1} are:
-4 -16 12 64 -228 96 352 88 624 -204 292 -472 -120 -1368 -904 80 1360 948 -1152 172 276 1348 
computing eigenvalues for k = 1, took 127.471729 sec
traces of hecke eigenvalues of T_{p^2} are:
12 48 
computing eigenvalues for k = 2, took 0.531853 sec
traces of hecke eigenvalues of T_{p^1} are:
-15 21 -56 22 64 -3 116 56 14 -49 202 -152 -666 121 -36 164 321 -446 252 110 738 11 
computing eigenvalues for k = 1, took 139.768621 sec
traces of hecke eigenvalues of T_{p^2} are:
18 -28 
computing eigenvalues for k = 2, took 0.538596 sec
traces of hecke eigenvalues of T_{p^1} are:
-1 -3 74 -102 -42 45 -20 0 64 37 -190 340 -254 -93 -170 -48 135 -32 -518 442 332 -813 
computing eigenvalues for k = 1, took 129.159290 sec
traces of hecke eigenvalues of T_{p^2} are:
-34 -104 
computing eigenvalues for k = 2, took 0.539199 sec
traces of hecke eigenvalues of T_{p^1} are:
-7 -19 48 46 -96 21 -68 -80 150 -393 274 152 -186 921 -100 -76 -1343 618 -468 1438 -846 -245 
computing eigenvalues for k = 1, took 130.822217 sec
traces of hecke eigenvalues of T_{p^2} are:
-30 -12 
computing eigenvalues for k = 2, took 0.537780 sec
traces of hecke eigenvalues of T_{p^1} are:
27 21 86 202 314 477 580 664 1124 2089 1330 2108 2778 3239 3546 4616 5811 4588 6990 6322 9576 8891 
computing eigenvalues for k = 1, took 184.195882 sec
traces of hecke eigenvalues of T_{p^2} are:
6 -232 
computing eigenvalues for k = 2, took 0.539482 sec
traces of hecke eigenvalues of T_{p^1} are:
-4 30 -6 16 -62 6 -36 -28 -102 -24 72 488 -224 -212 -614 128 432 398 2422 -144 -862 878 
computing eigenvalues for k = 1, took 128.774034 sec
traces of hecke eigenvalues of T_{p^2} are:
-16 0 
computing eigenvalues for k = 2, took 0.526852 sec
traces of hecke eigenvalues of T_{p^1} are:
87 166 415 555 865 1203 1670 2384 3662 4508 5640 6145 7632 9988 10945 13149 14103 15358 19599 20615 23316 27901 
computing eigenvalues for k = 1, took 128.183281 sec
traces of hecke eigenvalues of T_{p^2} are:
54 128 
computing eigenvalues for k = 2, took 0.533407 sec
traces of hecke eigenvalues of T_{p^1} are:
-4 -12 -36 8 -64 188 -124 80 120 132 28 -716 480 228 1136 -56 984 192 -780 -264 488 -1892 
computing eigenvalues for k = 1, took 127.684389 sec
traces of hecke eigenvalues of T_{p^2} are:
12 -32 
computing eigenvalues for k = 2, took 0.536734 sec
For conductor 93:
traces of hecke eigenvalues of T_{p^1} are:
19 65 102 166 246 369 536 740 1140 1449 1870 2068 2706 3531 4094 4880 5759 6132 6858 7490 8724 9619 
computing eigenvalues for k = 1, took 182.809939 sec
traces of hecke eigenvalues of T_{p^2} are:
-42 120 
computing eigenvalues for k = 2, took 0.527835 sec
traces of hecke eigenvalues of T_{p^1} are:
-10 6 -24 68 32 62 -148 -160 -60 198 -272 376 660 546 464 -1172 -894 60 852 60 812 -422 
computing eigenvalues for k = 1, took 180.842882 sec
traces of hecke eigenvalues of T_{p^2} are:
-12 -80 
computing eigenvalues for k = 2, took 0.523113 sec
traces of hecke eigenvalues of T_{p^1} are:
14 -60 26 -28 166 -328 200 536 334 -18 -316 -640 640 -282 -618 -864 -82 330 286 584 1170 500 
computing eigenvalues for k = 1, took 179.830836 sec
traces of hecke eigenvalues of T_{p^2} are:
-12 -60 
computing eigenvalues for k = 2, took 0.519560 sec
traces of hecke eigenvalues of T_{p^1} are:
52 75 225 311 637 572 952 1846 3072 3621 3496 5291 5862 6741 6983 8857 10194 10596 12489 11883 15172 18130 
computing eigenvalues for k = 1, took 179.316439 sec
traces of hecke eigenvalues of T_{p^2} are:
0 -200 
computing eigenvalues for k = 2, took 0.518784 sec
For conductor 186:
traces of hecke eigenvalues of T_{p^1} are:
-4 -12 -36 8 -64 188 -124 80 120 132 28 -716 480 228 1136 -56 984 192 -780 -264 488 -1892 
computing eigenvalues for k = 1, took 211.394388 sec
traces of hecke eigenvalues of T_{p^2} are:
12 -32 
computing eigenvalues for k = 2, took 0.508909 sec
traces of hecke eigenvalues of T_{p^1} are:
-10 6 -24 68 32 62 -148 -160 -60 198 -272 376 660 546 464 -1172 -894 60 852 60 812 -422 
computing eigenvalues for k = 1, took 211.224276 sec
traces of hecke eigenvalues of T_{p^2} are:
-12 -80 
computing eigenvalues for k = 2, took 0.516077 sec
