constructing eigenvector for poly
x-15
constructing eigenvector for poly
x^26+14*x^25-15*x^24-912*x^23-1600*x^22+23729*x^21+60951*x^20-341877*x^19-961035*x^18+3114248*x^17+8440464*x^16-19059829*x^15-44863039*x^14+79462346*x^13+147098479*x^12-219830706*x^11-293386394*x^10+379557941*x^9+344221365*x^8-371638010*x^7-225934147*x^6+174783479*x^5+76223938*x^4-27360580*x^3-8314849*x^2-11979*x+15411
constructing eigenvector for poly
x^39-221*x^38+23578*x^37-1617626*x^36+80210820*x^35-3063039849*x^34+93733395687*x^33-2361537508868*x^32+49943961494687*x^31-899583239849001*x^30+13953220815105073*x^29-187983496370806907*x^28+2214691918928501845*x^27-22938717302549175841*x^26+209750298459634443367*x^25-1698706433460776221043*x^24+12214421419310928030816*x^23-78112341381349610957514*x^22+444775134477743573253913*x^21-2256146631190179104738519*x^20+10195183993465512483567227*x^19-41019231165430830705229402*x^18+146783170972108033801092870*x^17-466393955581953383164477005*x^16+1312967156210950661041934700*x^15-3265401600379087815290975052*x^14+7149003405062174400569070856*x^13-13717156368993264692470492368*x^12+22942937441425732842486526720*x^11-33230624530265819481853456448*x^10+41345040470493497599528490880*x^9-43748392347021545214202188288*x^8+38878185221849873128174770176*x^7-28554682223933475204818313216*x^6+16970133546940855384861384704*x^5-7927600102487566329003843584*x^4+2791364231021413248796901376*x^3-693400857669184131360178176*x^2+107777006496804158581506048*x-7836835947318519421206528
constructing eigenvector for poly
x^8+40*x^7+681*x^6+6454*x^5+37273*x^4+134386*x^3+295439*x^2+361994*x+189113
computing eigenvectors took 0.575798 sec
For conductor 1, eigenvectors are:
-1 -1 -1 -1 -1 -1 -1 -1 -1 -1 -1 -1 -1 -1 -1 -1 -1 -1 -1 -1 -1 -1 -1 -1 -1 -1 -1 -1 -1 -1 -1 -1 -1 -1 -1 -1 -1 -1 -1 -1 -1 -1 -1 -1 -1 -1 -1 -1 -1 -1 -1 -1 -1 -1 -1 -1 -1 -1 -1 -1 -1 -1 -1 -1 -1 -1 over Number field with defining polynomial x-15
a vector of length 66 over Number field with defining polynomial a number field of degree 26
a vector of length 66 over Number field with defining polynomial a number field of degree 39
For conductor 383, eigenvectors are:
a^6 + 27*a^5 + 300*a^4 + 1760*a^3 + 5765*a^2 + 10019*a + 7229 a^6 + 29*a^5 + 347*a^4 + 2187*a^3 + 7641*a^2 + 14015*a + 10539 -a^6 - 31*a^5 - 392*a^4 - 2591*a^3 - 9453*a^2 - 18076*a - 14175 -2*a^5 - 48*a^4 - 455*a^3 - 2127*a^2 - 4898*a - 4442 a^7 + 36*a^6 + 541*a^5 + 4406*a^4 + 21030*a^3 + 58903*a^2 + 89756*a + 57470 a^6 + 29*a^5 + 342*a^4 + 2099*a^3 + 7070*a^2 + 12390*a + 8824 -a^5 - 20*a^4 - 152*a^3 - 541*a^2 - 881*a - 497 -4*a^5 - 95*a^4 - 886*a^3 - 4055*a^2 - 9113*a - 8054 over Number field with defining polynomial x^8+40*x^7+681*x^6+6454*x^5+37273*x^4+134386*x^3+295439*x^2+361994*x+189113
For conductor 1:
traces of hecke eigenvalues of T_{p^1} are:
15 40 156 400 1464 2380 5220 7240 12720 25260 30784 52060 70644 81400 106080 151740 208920 230764 305320 363024 394420 499360 578760 712980 922180 
computing eigenvalues for k = 1, took 41.124581 sec
traces of hecke eigenvalues of T_{p^2} are:
30 120 780 2800 
computing eigenvalues for k = 2, took 0.232214 sec
traces of hecke eigenvalues of T_{p^1} are:
-14 -10 7 -47 274 -246 502 -123 1413 176 614 -1153 332 120 3867 997 894 -1893 -2680 4033 -3691 -3667 8231 2988 -1699 
computing eigenvalues for k = 1, took 12.493258 sec
traces of hecke eigenvalues of T_{p^2} are:
-16 -44 -114 -234 
computing eigenvalues for k = 2, took 0.219039 sec
traces of hecke eigenvalues of T_{p^1} are:
221 457 1140 2057 5110 6720 11585 14417 21225 33373 38217 53240 66394 71885 86986 110780 136998 146298 174063 197377 203595 243988 270328 310986 361966 
computing eigenvalues for k = 1, took 41.439611 sec
traces of hecke eigenvalues of T_{p^2} are:
78 268 756 856 
computing eigenvalues for k = 2, took 0.291057 sec
For conductor 383:
traces of hecke eigenvalues of T_{p^1} are:
-40 -54 -66 -106 -34 44 -356 0 -704 -54 -312 -168 170 -92 -1448 542 -1028 892 -642 540 -1600 -670 -958 1716 -2634 
computing eigenvalues for k = 1, took 719.531339 sec
traces of hecke eigenvalues of T_{p^2} are:
30 36 -44 62 
computing eigenvalues for k = 2, took 0.627498 sec
