constructing eigenvector for poly
x-1
constructing eigenvector for poly
x-3
constructing eigenvector for poly
x-7
constructing eigenvector for poly
x-9
constructing eigenvector for poly
x-15
constructing eigenvector for poly
x^9-56*x^8+1339*x^7-17844*x^6+145060*x^5-739423*x^4+2335350*x^3-4335089*x^2+4195514*x-1563636
constructing eigenvector for poly
x^3+9*x^2+10*x-38
constructing eigenvector for poly
x^3-15*x^2+58*x-54
constructing eigenvector for poly
x^5-32*x^4+373*x^3-1910*x^2+4012*x-2248
constructing eigenvector for poly
x^8-44*x^7+802*x^6-7845*x^5+44571*x^4-148389*x^3+275792*x^2-248164*x+70280
constructing eigenvector for poly
x^18+4*x^17-78*x^16-232*x^15+2364*x^14+5022*x^13-34244*x^12-56438*x^11+257652*x^10+354996*x^9-1023958*x^8-1208480*x^7+2101816*x^6+2085310*x^5-2010084*x^4-1571746*x^3+668311*x^2+325100*x+8620
constructing eigenvector for poly
x+1
constructing eigenvector for poly
x+1
constructing eigenvector for poly
x^3+9*x^2+27*x+27
constructing eigenvector for poly
x^3+17*x^2+90*x+148
constructing eigenvector for poly
x^2-20*x+98
constructing eigenvector for poly
x^2-4*x+2
constructing eigenvector for poly
x^12-69*x^11+2113*x^10-37864*x^9+440736*x^8-3497231*x^7+19310833*x^6-74364322*x^5+196932569*x^4-346936242*x^3+381833444*x^2-232056400*x+57368464
constructing eigenvector for poly
x^22+13*x^21-62*x^20-1284*x^19+141*x^18+48563*x^17+67258*x^16-883232*x^15-1868134*x^14+7961798*x^13+20982660*x^12-32879648*x^11-112733786*x^10+37606666*x^9+278160488*x^8+81020400*x^7-251548643*x^6-124207827*x^5+79606818*x^4+33936788*x^3-10270251*x^2-437501*x+157366
constructing eigenvector for poly
x^3+7*x^2+9*x-1
constructing eigenvector for poly
x^15-x^14-67*x^13+99*x^12+1419*x^11-2253*x^10-13293*x^9+21027*x^8+59219*x^7-88999*x^6-121237*x^5+154261*x^4+111185*x^3-72227*x^2-55211*x-8259
constructing eigenvector for poly
x-5
constructing eigenvector for poly
x-1
constructing eigenvector for poly
x^3-21*x^2+137*x-281
constructing eigenvector for poly
x^9-51*x^8+1098*x^7-12987*x^6+92072*x^5-401198*x^4+1062249*x^3-1630908*x^2+1301556*x-401656
constructing eigenvector for poly
x-5
constructing eigenvector for poly
x^7-46*x^6+854*x^5-8154*x^4+42130*x^3-112809*x^2+132802*x-37140
constructing eigenvector for poly
x^12-65*x^11+1869*x^10-31332*x^9+339778*x^8-2500183*x^7+12735377*x^6-44980894*x^5+108566443*x^4-173135206*x^3+171205812*x^2-92665712*x+20134160
constructing eigenvector for poly
x^16-101*x^14+140*x^13+3603*x^12-9010*x^11-50585*x^10+183712*x^9+187547*x^8-1261808*x^7+354829*x^6+3360700*x^5-2852767*x^4-2980562*x^3+3887941*x^2-165516*x-643276
constructing eigenvector for poly
x^4+4*x^3+6*x^2+4*x+1
constructing eigenvector for poly
x^4-15*x^3+13*x^2+171*x-242
constructing eigenvector for poly
x^2+6*x+7
computing eigenvectors took 2.863462 sec
For conductor 1, eigenvectors are:
800 -8 32 -320 -96 -96 24 -106 -152 160 -58 50 -36 16 -12 13 42 42 93 51 -51 14 56 80 2 92 -38 -2 -46 -12 16 30 40 -44 5 48 23 -2 22 2 -25 -20 62 18 -15 -55 19 -67 9 -12 -45 over Number field with defining polynomial x-1
-20 -8 4 4 4 4 4 -8 4 -2 -2 4 -2 -2 0 7 1 1 -2 -2 -2 1 6 2 -4 -2 0 0 0 0 -2 6 0 0 0 2 1 -3 1 -3 -2 -1 -1 0 -1 1 2 3 1 -4 0 over Number field with defining polynomial x-3
230 -50 -46 46 -138 -6 6 44 -20 -26 -16 -40 0 -8 18 16 27 33 6 -6 -21 -28 20 -22 2 26 -2 -32 8 -18 -8 -6 -8 10 26 6 11 25 -11 -13 5 -17 2 -15 0 14 -14 23 0 -9 -6 over Number field with defining polynomial x-7
200 -4 80 80 80 80 -112 -4 80 2 -106 -28 110 2 4 -7 41 41 20 20 -52 41 -38 6 -48 26 -8 -20 28 28 26 -74 -32 -8 -26 -6 -31 13 23 -59 8 3 39 28 39 23 30 -11 -19 -36 -8 over Number field with defining polynomial x-9
-1 -1 -1 -1 -1 -1 -1 -1 -1 -1 -1 -1 -1 -1 -1 -1 -1 -1 -1 -1 -1 -1 -1 -1 -1 -1 -1 -1 -1 -1 -1 -1 -1 -1 -1 -1 -1 -1 -1 -1 -1 -1 -1 -1 -1 -1 -1 -1 -1 -1 -1 over Number field with defining polynomial x-15
40*a^8 - 1800*a^7 + 33320*a^6 - 327440*a^5 + 1838600*a^4 - 5924760*a^3 + 10625240*a^2 - 10620240*a + 6429520 -56*a^6 + 2408*a^5 - 40952*a^4 + 351152*a^3 - 1595440*a^2 + 3633096*a - 3249728 24*a^8 - 1080*a^7 + 20208*a^6 - 204224*a^5 + 1211272*a^4 - 4282496*a^3 + 8732432*a^2 - 9329640*a + 4060288 24*a^8 - 1124*a^7 + 21972*a^6 - 232660*a^5 + 1445916*a^4 - 5316496*a^3 + 10965712*a^2 - 10828984*a + 3039784 24*a^8 - 1200*a^7 + 25168*a^6 - 287264*a^5 + 1935048*a^4 - 7789856*a^3 + 18020368*a^2 - 21399632*a + 9591808 -8*a^7 + 328*a^6 - 5528*a^5 + 49584*a^4 - 255592*a^3 + 761096*a^2 - 1242488*a + 924160 8*a^7 - 376*a^6 + 7344*a^5 - 76776*a^4 + 458816*a^3 - 1535664*a^2 + 2566920*a - 1523312 12*a^8 - 564*a^7 + 11112*a^6 - 119300*a^5 + 758268*a^4 - 2891016*a^3 + 6339632*a^2 - 7041616*a + 2731984 -6*a^8 + 318*a^7 - 7126*a^6 + 87620*a^5 - 641124*a^4 + 2824908*a^3 - 7186140*a^2 + 9346450*a - 4464644 6*a^8 - 288*a^7 + 5892*a^6 - 67316*a^5 + 470634*a^4 - 2056036*a^3 + 5417976*a^2 - 7674328*a + 4256836 -6*a^8 + 308*a^7 - 6622*a^6 + 77378*a^5 - 533050*a^4 + 2191504*a^3 - 5151710*a^2 + 6086986*a - 2469812 -16*a^8 + 768*a^7 - 15444*a^6 + 169220*a^5 - 1100326*a^4 + 4334494*a^3 - 10115118*a^2 + 12947710*a - 7186856 -12*a^8 + 588*a^7 - 12104*a^6 + 136148*a^5 - 911028*a^4 + 3692656*a^3 - 8781304*a^2 + 11027936*a - 5372048 -4*a^7 + 136*a^6 - 1560*a^5 + 4316*a^4 + 47780*a^3 - 417172*a^2 + 1195304*a - 1162784 8*a^8 - 360*a^7 + 6664*a^6 - 65320*a^5 + 362208*a^4 - 1114208*a^3 + 1678928*a^2 - 738384*a - 409856 -6*a^8 + 302*a^7 - 6360*a^6 + 72848*a^5 - 494176*a^4 + 2027618*a^3 - 4926682*a^2 + 6575320*a - 3800624 -10*a^8 + 496*a^7 - 10398*a^6 + 120080*a^5 - 833752*a^4 + 3557236*a^3 - 9096652*a^2 + 12738676*a - 7437452 -40*a^7 + 1808*a^6 - 33658*a^5 + 332648*a^4 - 1869982*a^3 + 5904600*a^2 - 9496664*a + 5785816 24*a^7 - 1006*a^6 + 17158*a^5 - 152936*a^4 + 757988*a^3 - 2031414*a^2 + 2559326*a - 948116 -6*a^8 + 334*a^7 - 7790*a^6 + 98956*a^5 - 744324*a^4 + 3367252*a^3 - 8843604*a^2 + 12114898*a - 6455732 -2*a^8 + 98*a^7 - 1970*a^6 + 20784*a^5 - 121666*a^4 + 378702*a^3 - 510042*a^2 + 29120*a + 286576 4*a^8 - 216*a^7 + 4930*a^6 - 61848*a^5 + 463586*a^4 - 2106600*a^3 + 5588432*a^2 - 7740688*a + 4142176 4*a^7 - 176*a^6 + 3176*a^5 - 30212*a^4 + 160916*a^3 - 462660*a^2 + 605936*a - 187928 4*a^8 - 174*a^7 + 3110*a^6 - 29582*a^5 + 162382*a^4 - 524480*a^3 + 992948*a^2 - 1118292*a + 724228 4*a^8 - 196*a^7 + 4040*a^6 - 45482*a^5 + 303136*a^4 - 1206964*a^3 + 2731772*a^2 - 3049182*a + 1118104 -12*a^7 + 488*a^6 - 7996*a^5 + 67496*a^4 - 309424*a^3 + 731208*a^2 - 709400*a + 60952 -2*a^8 + 88*a^7 - 1546*a^6 + 13436*a^5 - 54074*a^4 + 20120*a^3 + 597370*a^2 - 1823756*a + 1547692 -8*a^8 + 352*a^7 - 6316*a^6 + 59188*a^5 - 305420*a^4 + 813444*a^3 - 752576*a^2 - 832472*a + 1540672 -16*a^7 + 716*a^6 - 13276*a^5 + 132268*a^4 - 765052*a^3 + 2567280*a^2 - 4614584*a + 3405688 -2*a^8 + 110*a^7 - 2534*a^6 + 31692*a^5 - 233232*a^4 + 1022800*a^3 - 2573248*a^2 + 3334902*a - 1673672 -4*a^7 + 136*a^6 - 1560*a^5 + 4316*a^4 + 47780*a^3 - 417172*a^2 + 1195304*a - 1162784 -4*a^7 + 176*a^6 - 3260*a^5 + 32968*a^4 - 196288*a^3 + 685720*a^2 - 1298768*a + 1035808 -16*a^6 + 708*a^5 - 12300*a^4 + 107084*a^3 - 492548*a^2 + 1139024*a - 1051136 -4*a^8 + 196*a^7 - 4100*a^6 + 47832*a^5 - 339748*a^4 + 1495420*a^3 - 3934316*a^2 + 5540552*a - 3105800 4*a^8 - 192*a^7 + 3884*a^6 - 43114*a^5 + 285872*a^4 - 1150396*a^3 + 2709028*a^2 - 3343866*a + 1605532 4*a^8 - 184*a^7 + 3496*a^6 - 35424*a^5 + 205896*a^4 - 684900*a^3 + 1220012*a^2 - 990436*a + 257152 4*a^8 - 204*a^7 + 4370*a^6 - 51040*a^5 + 352668*a^4 - 1459766*a^3 + 3472594*a^2 - 4196502*a + 1806148 -4*a^8 + 184*a^7 - 3532*a^6 + 36760*a^5 - 225188*a^4 + 821358*a^3 - 1704020*a^2 + 1749322*a - 567920 -12*a^7 + 522*a^6 - 9338*a^5 + 88580*a^4 - 477622*a^3 + 1444466*a^2 - 2204684*a + 1211512 -2*a^7 + 56*a^6 - 442*a^5 - 1030*a^4 + 32422*a^3 - 173494*a^2 + 371854*a - 268868 -2*a^8 + 106*a^7 - 2322*a^6 + 27220*a^5 - 184846*a^4 + 735906*a^3 - 1658422*a^2 + 1933824*a - 937160 4*a^8 - 198*a^7 + 4136*a^6 - 47466*a^5 + 325770*a^4 - 1358650*a^3 + 3320906*a^2 - 4268078*a + 2161576 -12*a^7 + 498*a^6 - 8388*a^5 + 73606*a^4 - 358324*a^3 + 945652*a^2 - 1196052*a + 487996 -2*a^8 + 114*a^7 - 2710*a^6 + 34910*a^5 - 264822*a^4 + 1201402*a^3 - 3147438*a^2 + 4287254*a - 2285540 -10*a^7 + 426*a^6 - 7418*a^5 + 68292*a^4 - 358636*a^3 + 1075054*a^2 - 1709640*a + 1121452 -14*a^7 + 658*a^6 - 12740*a^5 + 131004*a^4 - 767564*a^3 + 2541326*a^2 - 4357754*a + 2957260 -20*a^6 + 808*a^5 - 12948*a^4 + 104348*a^3 - 439916*a^2 + 900620*a - 675356 -2*a^7 + 80*a^6 - 1276*a^5 + 10334*a^4 - 44602*a^3 + 96586*a^2 - 79872*a - 7664 -6*a^7 + 274*a^6 - 5150*a^5 + 51676*a^4 - 299332*a^3 + 999678*a^2 - 1765920*a + 1233100 2*a^7 - 56*a^6 + 408*a^5 + 2144*a^4 - 46530*a^3 + 258856*a^2 - 618600*a + 545056 14*a^7 - 638*a^6 + 11972*a^5 - 119174*a^4 + 673696*a^3 - 2133252*a^2 + 3420878*a - 2044088 over Number field with defining polynomial x^9-56*x^8+1339*x^7-17844*x^6+145060*x^5-739423*x^4+2335350*x^3-4335089*x^2+4195514*x-1563636
0 -18*a^2 - 204*a - 474 0 0 0 36*a^2 + 132*a - 804 32*a^2 + 240*a + 64 6*a^2 + 114*a + 450 -18*a^2 - 66*a + 402 -12*a^2 - 90*a - 24 -24*a^2 - 180*a - 48 -12*a^2 - 90*a - 24 0 -18*a^2 - 21*a + 321 2*a^2 - 8*a - 142 3*a^2 + 57*a + 225 3*a^2 - 12*a - 213 21*a^2 + 177*a + 288 -15*a^2 - 63*a + 162 15*a^2 + 63*a - 162 18*a^2 + 120*a + 63 -24*a^2 - 111*a + 390 -5*a^2 - 26*a + 63 4*a^2 + 30*a + 8 10*a^2 + 62*a - 144 -10*a^2 - 98*a - 166 10*a^2 + 62*a - 144 7*a^2 + 64*a + 87 -6*a^2 - 83*a - 131 18*a^2 + 112*a - 110 26*a^2 + 132*a - 22 4*a^2 + 30*a + 8 -2*a^2 - 38*a - 150 12*a^2 + 80*a + 42 11*a^2 + 33*a - 170 -a^2 + 14*a + 53 -6*a^2 - 32*a + 152 -6*a^2 - 17*a + 125 -7*a^2 - 59*a - 96 -8*a^2 - 55*a - 25 -19*a^2 - 111*a - 1 5*a^2 + 26*a - 63 6*a^2 + 45*a + 12 5*a^2 + 34*a + 110 -8*a^2 - 17*a + 94 10*a^2 + 14*a - 245 -4*a^2 - 20*a - 26 -18*a^2 - 92*a + 74 -23*a-146 23*a+146 -5*a+9 over Number field with defining polynomial x^3+9*x^2+10*x-38
-10*a^2 + 60 -4*a^2 + 28*a - 30 -2*a^2 + 8*a - 12 -10*a^2 + 64*a - 84 6*a^2 - 48*a + 60 2*a^2 - 28*a + 24 6*a^2 - 48*a + 60 2*a+6 -10*a+6 -2*a^2 + 14*a - 12 6*a^2 - 52*a + 60 -2*a^2 + 14*a - 12 2*a^2 + 8*a - 12 -5*a-3 6 -a^2 + 5*a - 3 a^2 - 12*a + 15 3*a^2 - 23*a + 24 -a^2 + 17*a - 30 a^2 - 5*a + 6 -2*a^2 + 16*a - 21 -3*a+6 a^2 - 14*a + 15 -2*a^2 + 14*a - 12 6*a-12 -2*a+6 6*a-12 -3*a^2 + 20*a - 21 a-3 6 -4*a+6 -2*a^2 + 14*a - 12 -6*a+6 -4*a+6 a^2 - 7*a + 6 a^2 - 2*a - 3 8*a-12 -a-3 3*a^2 - 23*a + 24 -2*a^2 + 17*a - 21 a^2 - 11*a + 15 3*a^2 - 26*a + 33 -2*a^2 + 13*a - 12 a^2 - 6*a + 6 -a+6 -2*a^2 + 18*a - 21 -2*a^2 + 20*a - 30 6 -3*a+6 -5*a+6 3*a-3 over Number field with defining polynomial x^3-15*x^2+58*x-54
60*a^3 - 900*a^2 + 2400*a + 4080 -12*a^3 + 204*a^2 - 984*a + 1248 -12*a^4 + 276*a^3 - 2064*a^2 + 5472*a - 2976 6*a^4 - 120*a^3 + 690*a^2 - 792*a - 2040 12*a^4 - 300*a^3 + 2472*a^2 - 7632*a + 6048 12*a^3 - 228*a^2 + 1104*a - 624 4*a^4 - 92*a^3 + 704*a^2 - 2096*a + 1792 -12*a^3 + 204*a^2 - 984*a + 1248 12*a^3 - 228*a^2 + 1104*a - 624 6*a^4 - 144*a^3 + 1146*a^2 - 3384*a + 2664 6*a^4 - 144*a^3 + 1146*a^2 - 3384*a + 2280 12*a^3 - 228*a^2 + 1104*a - 1008 -12*a^3 + 228*a^2 - 1104*a + 1008 -12*a^3 + 228*a^2 - 1296*a + 2352 -12*a^3 + 172*a^2 - 376*a - 1312 24*a^2 - 312*a + 912 0 0 12*a^3 - 252*a^2 + 1416*a - 1920 12*a^3 - 252*a^2 + 1416*a - 1920 -12*a^3 + 228*a^2 - 1296*a + 2160 0 -4*a^3 + 36*a^2 + 152*a - 1248 4*a^4 - 100*a^3 + 856*a^2 - 2832*a + 2720 12*a^3 - 228*a^2 + 1232*a - 1648 2*a^4 - 48*a^3 + 374*a^2 - 1024*a + 520 2*a^4 - 48*a^3 + 382*a^2 - 1128*a + 760 4*a^3 - 84*a^2 + 408*a - 256 -4*a^3 + 76*a^2 - 432*a + 784 2*a^4 - 48*a^3 + 382*a^2 - 1128*a + 888 -2*a^4 + 48*a^3 - 382*a^2 + 1128*a - 696 -2*a^4 + 48*a^3 - 414*a^2 + 1608*a - 2488 -4*a^3 + 92*a^2 - 576*a + 1008 -4*a^3 + 76*a^2 - 432*a + 656 -4*a^3 + 76*a^2 - 496*a + 1168 -4*a^3 + 84*a^2 - 536*a + 1024 8*a^3 - 144*a^2 + 696*a - 688 2*a^4 - 52*a^3 + 450*a^2 - 1392*a + 728 -2*a^4 + 52*a^3 - 450*a^2 + 1456*a - 1176 -2*a^4 + 44*a^3 - 306*a^2 + 696*a - 168 -4*a^3 + 68*a^2 - 328*a + 352 -2*a^4 + 52*a^3 - 458*a^2 + 1560*a - 1608 -8*a^2 + 104*a - 368 -4*a^3 + 76*a^2 - 368*a + 208 -2*a^4 + 52*a^3 - 458*a^2 + 1560*a - 1480 -64 -4*a^3 + 84*a^2 - 472*a + 576 8*a^2 - 168*a + 752 16*a^2 - 144*a + 224 4*a^3 - 68*a^2 + 392*a - 736 4*a^3 - 68*a^2 + 328*a - 352 over Number field with defining polynomial x^5-32*x^4+373*x^3-1910*x^2+4012*x-2248
-112620*a^7 + 4044660*a^6 - 65783700*a^5 + 656105920*a^4 - 4237124820*a^3 + 16630316040*a^2 - 34898215680*a + 29371488800 -17216*a^7 + 668108*a^6 - 10458044*a^5 + 91353296*a^4 - 515782120*a^3 + 1887534176*a^2 - 3881793664*a + 3267605232 510460*a^7 - 17845972*a^6 + 248682904*a^5 - 1778462096*a^4 + 7007749104*a^3 - 15094880864*a^2 + 16202573320*a - 6460115776 -34752*a^7 + 431424*a^6 + 10152052*a^5 - 249806840*a^4 + 2110437096*a^3 - 8699010084*a^2 + 17591433752*a - 13894251040 8988*a^7 - 497284*a^6 + 9308956*a^5 - 83084772*a^4 + 399276880*a^3 - 1051391472*a^2 + 1350797680*a - 559302176 93990*a^7 - 2629062*a^6 + 22377570*a^5 + 3061248*a^4 - 1069985478*a^3 + 6184302432*a^2 - 14167852368*a + 11763554352 336704*a^7 - 12386728*a^6 + 182930160*a^5 - 1399242592*a^4 + 5971430312*a^3 - 14194184352*a^2 + 17378711072*a - 8431597696 18936*a^7 - 634198*a^6 + 8091912*a^5 - 45078790*a^4 + 55344520*a^3 + 484358364*a^2 - 1961295208*a + 2131414160 128636*a^7 - 4239100*a^6 + 53365294*a^5 - 315813412*a^4 + 813415306*a^3 - 148243692*a^2 - 3040999600*a + 3928443824 -1824*a^7 + 491990*a^6 - 15357742*a^5 + 198376858*a^4 - 1300731954*a^3 + 4529646256*a^2 - 7944867200*a + 5493312224 328794*a^7 - 12167178*a^6 + 181036490*a^5 - 1396987230*a^4 + 6016031160*a^3 - 14398999844*a^2 + 17634962536*a - 8453768128 -77196*a^7 + 2980122*a^6 - 46443874*a^5 + 379482770*a^4 - 1764000590*a^3 + 4696814888*a^2 - 6696477264*a + 3990690992 95292*a^7 - 3130228*a^6 + 38667142*a^5 - 216019632*a^4 + 460719038*a^3 + 354241916*a^2 - 2767040808*a + 2849113232 3714*a^7 - 244912*a^6 + 4717658*a^5 - 38271376*a^4 + 133337284*a^3 - 108349592*a^2 - 353955576*a + 533950672 -176*a^7 + 169340*a^6 - 5925104*a^5 + 86999864*a^4 - 670960260*a^3 + 2806488624*a^2 - 5933698712*a + 4911826544 14076*a^7 - 564559*a^6 + 8776061*a^5 - 66795077*a^4 + 253339047*a^3 - 399001880*a^2 - 25089356*a + 472402064 13260*a^7 - 521036*a^6 + 7867506*a^5 - 57335716*a^4 + 204948766*a^3 - 286373960*a^2 - 116493580*a + 469401320 77050*a^7 - 2958611*a^6 + 46092028*a^5 - 375582203*a^4 + 1719837978*a^3 - 4397687230*a^2 + 5765125708*a - 2938687312 -14779*a^7 + 399632*a^6 - 3595399*a^5 + 7723386*a^4 + 65622438*a^3 - 450610570*a^2 + 1070772692*a - 941939632 -26403*a^7 + 995760*a^6 - 15838752*a^5 + 137343148*a^4 - 693774763*a^3 + 2008540442*a^2 - 3016869668*a + 1762799280 75506*a^7 - 2949435*a^6 + 45935486*a^5 - 366454847*a^4 + 1601314468*a^3 - 3776245474*a^2 + 4331497384*a - 1754778480 42670*a^7 - 1488044*a^6 + 20101199*a^5 - 130098944*a^4 + 382970783*a^3 - 224475924*a^2 - 1064889260*a + 1488207448 -75478*a^7 + 2773020*a^6 - 40867210*a^5 + 311303348*a^4 - 1315949816*a^3 + 3065200424*a^2 - 3607008656*a + 1617660656 -128814*a^7 + 5067662*a^6 - 81141568*a^5 + 684224982*a^4 - 3279976410*a^3 + 8946701548*a^2 - 12879849800*a + 7574960592 12870*a^7 - 287692*a^6 + 717202*a^5 + 30251920*a^4 - 337482704*a^3 + 1509728988*a^2 - 3155807768*a + 2537950752 121214*a^7 - 4577462*a^6 + 70694876*a^5 - 579770932*a^4 + 2735970944*a^3 - 7463827736*a^2 + 10946649420*a - 6672629440 4960*a^7 + 187854*a^6 - 10294910*a^5 + 159471698*a^4 - 1170273966*a^3 + 4459704004*a^2 - 8475383168*a + 6301455936 -92518*a^7 + 3195440*a^6 - 42112500*a^5 + 261916264*a^4 - 730221230*a^3 + 349292176*a^2 + 2157838128*a - 2989356736 3714*a^7 - 321260*a^6 + 8005308*a^5 - 92011892*a^4 + 563887730*a^3 - 1905303392*a^2 + 3358986160*a - 2428845408 114120*a^7 - 4578640*a^6 + 75620022*a^5 - 665129416*a^4 + 3357891454*a^3 - 9717933116*a^2 + 14932279568*a - 9423634880 -64248*a^6 + 1339622*a^5 - 8086230*a^4 + 2017766*a^3 + 134503102*a^2 - 430250308*a + 402414344 64304*a^7 - 2453224*a^6 + 37251392*a^5 - 289192688*a^4 + 1227717464*a^3 - 2805413132*a^2 + 3084036444*a - 1136425048 64304*a^6 - 2575446*a^5 + 39103710*a^4 - 288956214*a^3 + 1096647982*a^2 - 2028249288*a + 1428453456 -37620*a^7 + 1713696*a^6 - 31401038*a^5 + 299563968*a^4 - 1605660710*a^3 + 4837263448*a^2 - 7590078368*a + 4780596560 -56366*a^7 + 1891087*a^6 - 24086400*a^5 + 141433361*a^4 - 332982382*a^3 - 176688580*a^2 + 2028585120*a - 2352758192 -56366*a^7 + 1812692*a^6 - 21322606*a^5 + 103642028*a^4 - 76319728*a^3 - 1096447324*a^2 + 3691775392*a - 3542764656 12870*a^7 - 159694*a^6 - 3842019*a^5 + 93734128*a^4 - 776178759*a^3 + 3087124242*a^2 - 5943721200*a + 4430788560 -816*a^7 + 203396*a^6 - 6101338*a^5 + 76581368*a^4 - 495433570*a^3 + 1731110724*a^2 - 3096547516*a + 2219654936 40246*a^7 - 1654704*a^6 + 28115343*a^5 - 253873144*a^4 + 1304969547*a^3 - 3788688504*a^2 + 5722698560*a - 3460589960 45796*a^7 - 1682524*a^6 + 24677480*a^5 - 186257562*a^4 + 779800750*a^3 - 1811618268*a^2 + 2159910956*a - 1007073728 -67990*a^7 + 2457473*a^6 - 35561152*a^5 + 264226335*a^4 - 1073672330*a^3 + 2337220776*a^2 - 2435842448*a + 867770896 -139440*a^7 + 5333244*a^6 - 82881736*a^5 + 677939796*a^4 - 3156666322*a^3 + 8380288726*a^2 - 11748651496*a + 6699580736 84410*a^7 - 3096904*a^6 + 46163777*a^5 - 363615120*a^4 + 1644451057*a^3 - 4302916668*a^2 + 6076333360*a - 3595897640 -67990*a^7 + 2379078*a^6 - 32797358*a^5 + 226435002*a^4 - 817009676*a^3 + 1417462032*a^2 - 772652176*a - 322235568 -102422*a^6 + 2983447*a^5 - 34956488*a^4 + 217292989*a^3 - 763973798*a^2 + 1426220560*a - 1078983696 31321*a^6 - 1277715*a^5 + 19932067*a^4 - 156069309*a^3 + 656337924*a^2 - 1407144312*a + 1196616568 -8900*a^6 - 157746*a^5 + 9010992*a^4 - 114681878*a^3 + 635056080*a^2 - 1600424908*a + 1488008144 61063*a^6 - 2046316*a^5 + 26758855*a^4 - 174776562*a^3 + 601579580*a^2 - 1030359104*a + 680826392 26130*a^6 - 931621*a^5 + 12233452*a^4 - 73680991*a^3 + 198171082*a^2 - 171778420*a - 52944584 -101868*a^6 + 3627600*a^5 - 51248756*a^4 + 365015064*a^3 - 1379224172*a^2 + 2616135012*a - 1945782392 -145330*a^6 + 5276699*a^5 - 74514686*a^4 + 520582147*a^3 - 1895574418*a^2 + 3420744600*a - 2402017880 over Number field with defining polynomial x^8-44*x^7+802*x^6-7845*x^5+44571*x^4-148389*x^3+275792*x^2-248164*x+70280
a vector of length 51 over Number field with defining polynomial a number field of degree 18
For conductor 5, eigenvectors are:
1 1 over Number field with defining polynomial x+1
2 -1 over Number field with defining polynomial x+1
For conductor 7, eigenvectors are:
a^2 + 11*a + 26 2 a+4 over Number field with defining polynomial x^3+17*x^2+90*x+148
For conductor 35, eigenvectors are:
18*a-162 48*a-408 -48*a+480 -12 24*a-210 12*a-111 18*a-150 -6*a+63 3*a-33 3*a-12 -21*a+198 15*a-138 15*a-147 -3*a+30 9*a-81 18 -3*a+33 6*a-51 6*a-54 18*a-168 18 6*a-48 9*a-78 3*a-15 12 15 3*a-24 18*a-171 3 -3*a+33 3*a-24 3*a-24 3*a-21 6 6*a-42 -3*a+36 -3*a+42 9 over Number field with defining polynomial x^2-20*x+98
6*a-6 0 0 12 -6 3 -2*a+6 -6*a+9 -3*a-3 -3*a -3*a+6 -3*a+6 -3*a+3 3*a-6 -a+1 -2 -a+3 -2*a+3 2*a-2 -2*a -2 2*a-4 -a+2 a-1 4 1 a-4 2*a-1 1 3*a-9 a a a+1 2 -2*a+2 3*a-4 -a+2 -1 over Number field with defining polynomial x^2-4*x+2
a vector of length 38 over Number field with defining polynomial a number field of degree 12
a vector of length 38 over Number field with defining polynomial a number field of degree 22
For conductor 17, eigenvectors are:
-2*a-2 a^2 + 4*a + 1 -2 over Number field with defining polynomial x^3+7*x^2+9*x-1
For conductor 85, eigenvectors are:
a vector of length 29 over Number field with defining polynomial a number field of degree 15
0 -8 28 -13 -1 -13 -8 -8 -6 7 -10 2 -6 -4 -2 9 -1 -5 5 2 -11 5 9 7 16 -9 3 -6 -2 over Number field with defining polynomial x-5
0 0 0 3 -3 -3 0 0 0 3 -2 -2 2 0 -2 -1 1 1 -1 0 -1 1 1 -1 0 1 -1 0 0 over Number field with defining polynomial x-1
-72*a+456 0 -6*a^2 + 66*a - 192 -3*a^2 + 33*a - 96 -6*a^2 + 87*a - 303 -6*a^2 + 87*a - 303 -9*a^2 + 120*a - 399 9*a^2 - 120*a + 399 9*a^2 - 120*a + 399 -6*a^2 + 87*a - 303 4*a^2 - 58*a + 202 -4*a^2 + 70*a - 278 2*a^2 - 10*a - 12 -6*a^2 + 92*a - 342 -3*a^2 + 40*a - 133 2*a^2 - 41*a + 177 -6*a^2 + 87*a - 303 -a^2 - 1*a + 44 4*a^2 - 39*a + 89 3*a^2 - 40*a + 133 -2*a^2 + 17*a - 25 -2*a^2 + 29*a - 101 2*a^2 - 41*a + 177 a^2 - 11*a + 32 -4*a^2 + 58*a - 202 a^2 - 11*a + 32 -19*a+113 -2*a^2 + 22*a - 64 -12*a+76 over Number field with defining polynomial x^3-21*x^2+137*x-281
-12*a^8 + 576*a^7 - 11152*a^6 + 112112*a^5 - 626580*a^4 + 1933344*a^3 - 3070832*a^2 + 2063824*a - 239232 -4*a^8 + 212*a^7 - 4688*a^6 + 55844*a^5 - 385824*a^4 + 1549768*a^3 - 3441532*a^2 + 3775744*a - 1531280 -24*a^8 + 1040*a^7 - 18614*a^6 + 178170*a^5 - 987514*a^4 + 3206878*a^3 - 5869432*a^2 + 5415960*a - 1834112 a^7 - 48*a^6 + 786*a^5 - 5274*a^4 + 9233*a^3 + 45534*a^2 - 186336*a + 176208 -2*a^8 + 82*a^7 - 1366*a^6 + 11830*a^5 - 56520*a^4 + 145628*a^3 - 182240*a^2 + 76700*a + 16640 -8*a^8 + 325*a^7 - 5345*a^6 + 45679*a^5 - 217541*a^4 + 583268*a^3 - 879250*a^2 + 752744*a - 338912 3*a^8 - 111*a^7 + 1567*a^6 - 9709*a^5 + 13208*a^4 + 144552*a^3 - 753094*a^2 + 1339192*a - 804464 -9*a^8 + 391*a^7 - 7016*a^6 + 66916*a^5 - 363049*a^4 + 1108865*a^3 - 1750282*a^2 + 1106024*a - 18152 -27*a^7 + 1025*a^6 - 15495*a^5 + 118567*a^4 - 482634*a^3 + 1003612*a^2 - 915336*a + 220616 14*a^7 - 605*a^6 + 10467*a^5 - 92503*a^4 + 441979*a^3 - 1120396*a^2 + 1407228*a - 692024 2*a^8 - 94*a^7 + 1834*a^6 - 19208*a^5 + 116802*a^4 - 418370*a^3 + 862538*a^2 - 954952*a + 448792 -6*a^8 + 282*a^7 - 5522*a^6 + 58222*a^5 - 356524*a^4 + 1274364*a^3 - 2530900*a^2 + 2458892*a - 834776 -24*a^7 + 912*a^6 - 13904*a^5 + 108976*a^4 - 469596*a^3 + 1108824*a^2 - 1332532*a + 634352 -6*a^8 + 270*a^7 - 5062*a^6 + 51054*a^5 - 298608*a^4 + 1018764*a^3 - 1937804*a^2 + 1825176*a - 619032 6*a^8 - 279*a^7 + 5409*a^6 - 56631*a^5 + 346933*a^4 - 1261326*a^3 + 2636112*a^2 - 2876088*a + 1248512 4*a^7 - 185*a^6 + 3393*a^5 - 31611*a^4 + 158663*a^3 - 419320*a^2 + 531048*a - 246816 -2*a^8 + 82*a^7 - 1366*a^6 + 11830*a^5 - 56520*a^4 + 145628*a^3 - 182240*a^2 + 76700*a + 16640 -32*a^7 + 1245*a^6 - 19389*a^5 + 154301*a^4 - 665023*a^3 + 1519782*a^2 - 1668996*a + 646144 -12*a^7 + 444*a^6 - 6526*a^5 + 48694*a^4 - 196854*a^3 + 428526*a^2 - 454280*a + 168920 -6*a^8 + 279*a^7 - 5409*a^6 + 56631*a^5 - 346933*a^4 + 1261326*a^3 - 2636112*a^2 + 2876088*a - 1248512 12*a^7 - 532*a^6 + 9452*a^5 - 85820*a^4 + 421032*a^3 - 1092872*a^2 + 1393552*a - 679864 6*a^8 - 292*a^7 + 5917*a^6 - 64585*a^5 + 410123*a^4 - 1526159*a^3 + 3183674*a^2 - 3323468*a + 1288048 4*a^7 - 185*a^6 + 3393*a^5 - 31611*a^4 + 158663*a^3 - 419320*a^2 + 531048*a - 246816 -13*a^7 + 508*a^6 - 7954*a^5 + 63190*a^4 - 264833*a^3 + 547562*a^2 - 447380*a + 39536 -6*a^7 + 210*a^6 - 2970*a^5 + 21988*a^4 - 93132*a^3 + 233454*a^2 - 333528*a + 206456 -6*a^8 + 267*a^7 - 4941*a^6 + 49253*a^5 - 286651*a^4 + 988584*a^3 - 1955814*a^2 + 1997836*a - 783080 -8*a^7 + 275*a^6 - 3775*a^5 + 26305*a^4 - 96937*a^3 + 173776*a^2 - 102668*a - 31072 -12*a^7 + 460*a^6 - 7168*a^5 + 57916*a^4 - 255600*a^3 + 593096*a^2 - 633716*a + 215744 -8*a^7 + 283*a^6 - 3985*a^5 + 28671*a^4 - 114079*a^3 + 260978*a^2 - 347204*a + 218616 over Number field with defining polynomial x^9-51*x^8+1098*x^7-12987*x^6+92072*x^5-401198*x^4+1062249*x^3-1630908*x^2+1301556*x-401656
For conductor 119, eigenvectors are:
-40 0 16 -16 -8 0 -14 2 28 -17 -15 -9 -8 0 -8 -1 2 -4 10 8 4 2 -2 8 -2 -3 -5 -5 1 4 3 -1 8 -3 -7 -2 -1 7 2 -2 over Number field with defining polynomial x-5
-24*a^6 + 864*a^5 - 11256*a^4 + 59856*a^3 - 69840*a^2 - 336624*a + 655392 -12*a^6 + 492*a^5 - 7956*a^4 + 64200*a^3 - 269484*a^2 + 552576*a - 416832 -48*a^5 + 1656*a^4 - 20808*a^3 + 111984*a^2 - 222048*a + 68544 -24*a^5 + 864*a^4 - 11400*a^3 + 66432*a^2 - 165024*a + 166368 48*a^5 - 1608*a^4 + 19680*a^3 - 105384*a^2 + 227424*a - 137376 -36*a^5 + 1260*a^4 - 16002*a^3 + 87054*a^2 - 179304*a + 89304 24*a^5 - 846*a^4 + 11070*a^3 - 64968*a^2 + 161436*a - 127704 12*a^6 - 462*a^5 + 6894*a^4 - 49854*a^3 + 176754*a^2 - 263616*a + 73224 6*a^6 - 216*a^5 + 2886*a^4 - 17142*a^3 + 40362*a^2 - 12636*a - 28608 -36*a^5 + 1260*a^4 - 16440*a^3 + 96720*a^2 - 240360*a + 172224 -6*a^6 + 204*a^5 - 2436*a^4 + 10902*a^3 - 1992*a^2 - 84156*a + 99288 12*a^6 - 474*a^5 + 7236*a^4 - 53274*a^3 + 191580*a^2 - 296112*a + 116592 -12*a^6 + 498*a^5 - 8100*a^4 + 64512*a^3 - 253638*a^2 + 419952*a - 148104 -102*a^3 + 2154*a^2 - 14232*a + 28152 -6*a^6 + 216*a^5 - 2958*a^4 + 19092*a^3 - 57288*a^2 + 59064*a + 27456 -6*a^6 + 240*a^5 - 3714*a^4 + 27612*a^3 - 97956*a^2 + 132840*a - 4896 6*a^6 - 246*a^5 + 3942*a^4 - 31140*a^3 + 125946*a^2 - 246528*a + 190752 6*a^6 - 246*a^5 + 3948*a^4 - 31008*a^3 + 120480*a^2 - 201600*a + 95736 -12*a^5 + 408*a^4 - 5232*a^3 + 31308*a^2 - 86208*a + 84000 6*a^6 - 240*a^5 + 3786*a^4 - 29778*a^3 + 120798*a^2 - 230736*a + 144672 174*a^3 - 4518*a^2 + 36636*a - 89136 -36*a^4 + 1092*a^3 - 11832*a^2 + 55008*a - 98496 -36*a^5 + 1152*a^4 - 13176*a^3 + 62748*a^2 - 101784*a + 240 -12*a^5 + 396*a^4 - 5052*a^3 + 31812*a^2 - 101784*a + 129360 6*a^6 - 246*a^5 + 3936*a^4 - 30552*a^3 + 114312*a^2 - 166308*a + 23808 12*a^5 - 384*a^4 + 4374*a^3 - 20430*a^2 + 29352*a + 14904 6*a^6 - 228*a^5 + 3336*a^4 - 23538*a^3 + 82428*a^2 - 133944*a + 73992 6*a^6 - 234*a^5 + 3504*a^4 - 24906*a^3 + 82554*a^2 - 97524*a - 14424 -6*a^6 + 210*a^5 - 2754*a^4 + 16650*a^3 - 46152*a^2 + 52596*a - 19680 6*a^6 - 252*a^5 + 4146*a^4 - 33360*a^3 + 131868*a^2 - 215856*a + 71280 -6*a^6 + 246*a^5 - 3930*a^4 + 30462*a^3 - 114564*a^2 + 174096*a - 46488 6*a^6 - 240*a^5 + 3726*a^4 - 28068*a^3 + 104124*a^2 - 168132*a + 76824 -6*a^5 + 222*a^4 - 2988*a^3 + 17052*a^2 - 33972*a + 2112 -6*a^6 + 246*a^5 - 3948*a^4 + 31164*a^3 - 124176*a^2 + 226116*a - 127656 -48*a^4 + 1428*a^3 - 15024*a^2 + 63948*a - 85056 12*a^4 - 456*a^3 + 6168*a^2 - 35292*a + 71928 -30*a^4 + 726*a^3 - 5412*a^2 + 11928*a - 3888 -6*a^6 + 234*a^5 - 3540*a^4 + 25932*a^3 - 92868*a^2 + 139908*a - 43656 -60*a^4 + 1662*a^3 - 15978*a^2 + 62100*a - 84648 12*a^5 - 426*a^4 + 5556*a^3 - 32010*a^2 + 76572*a - 60912 over Number field with defining polynomial x^7-46*x^6+854*x^5-8154*x^4+42130*x^3-112809*x^2+132802*x-37140
a vector of length 40 over Number field with defining polynomial a number field of degree 12
a vector of length 40 over Number field with defining polynomial a number field of degree 16
0 0 0 -12*a^3 + 192*a^2 + 132*a - 2184 8*a^3 - 96*a^2 - 120*a + 1264 6*a^3 - 96*a^2 - 66*a + 1092 12*a^3 - 144*a^2 - 180*a + 1896 -6*a^3 + 72*a^2 + 90*a - 948 6*a^3 - 96*a^2 - 66*a + 1092 12*a^2 - 60*a - 168 3*a^3 - 60*a^2 + 27*a + 714 9*a^3 - 120*a^2 - 75*a + 1590 6*a^3 - 84*a^2 - 30*a + 1116 -6*a^3 + 84*a^2 + 30*a - 1116 -3*a^3 + 36*a^2 - 3*a - 570 -9*a^3 + 120*a^2 + 3*a - 942 4*a^3 - 48*a^2 - 60*a + 632 -8*a^2 - 24*a - 16 -6*a^3 + 80*a^2 + 2*a - 628 -4*a^3 + 64*a^2 + 76*a - 664 8*a^3 - 96*a^2 - 152*a + 1200 -8*a^3 + 104*a^2 - 1008 4*a^3 - 56*a^2 + 12*a + 808 2*a^3 - 24*a^2 - 62*a + 252 -4*a^2 + 20*a + 56 -a^3 + 12*a^2 + 15*a - 158 -4*a^3 + 44*a^2 + 24*a - 424 -5*a^3 + 64*a^2 + 55*a - 846 -a^3 + 16*a^2 - 5*a - 214 -2*a^3 + 20*a^2 - 6*a - 108 -a^3 + 43*a - 54 2*a^3 - 24*a^2 - 46*a + 284 2*a^3 - 24*a^2 + 10*a + 132 -3*a^3 + 48*a^2 - 39*a - 426 -2*a^3 + 20*a^2 + 50*a - 260 -4*a^2 + 20*a + 56 4*a^2 + 20*a - 240 -8*a^2 + 24*a + 80 -a^3 + 16*a^2 + 27*a - 150 -4*a^2 + 4*a + 24 over Number field with defining polynomial x^4-15*x^3+13*x^2+171*x-242
For conductor 595, eigenvectors are:
2 a+3 over Number field with defining polynomial x^2+6*x+7
For conductor 1:
traces of hecke eigenvalues of T_{p^1} are:
1 5 194 127 373 334 697 873 1840 1980 1932 2219 2583 3765 4305 3788 5087 5973 6636 6798 6967 9619 
computing eigenvalues for k = 1, took 113.602914 sec
traces of hecke eigenvalues of T_{p^2} are:
-12 -20 
computing eigenvalues for k = 2, took 0.034816 sec
traces of hecke eigenvalues of T_{p^1} are:
3 4 108 124 496 492 900 820 1348 1380 1744 2544 3180 3792 3892 4072 4404 5764 5836 7728 7236 9124 
computing eigenvalues for k = 1, took 117.463420 sec
traces of hecke eigenvalues of T_{p^2} are:
-6 -24 
computing eigenvalues for k = 2, took 0.034257 sec
traces of hecke eigenvalues of T_{p^1} are:
7 8 152 220 280 688 700 1008 1324 1524 1704 1808 3036 3336 3756 3512 5792 5940 5040 5640 6868 8644 
computing eigenvalues for k = 1, took 114.567241 sec
traces of hecke eigenvalues of T_{p^2} are:
6 -8 
computing eigenvalues for k = 2, took 0.034720 sec
traces of hecke eigenvalues of T_{p^1} are:
9 22 102 136 484 594 804 1186 1612 1596 1504 1716 2940 3972 3172 5404 4938 5764 6718 7800 8640 8020 
computing eigenvalues for k = 1, took 110.736113 sec
traces of hecke eigenvalues of T_{p^2} are:
12 48 
computing eigenvalues for k = 2, took 0.034145 sec
traces of hecke eigenvalues of T_{p^1} are:
15 40 1464 2380 7240 12720 25260 30784 52060 70644 81400 106080 151740 208920 230764 305320 363024 394420 499360 578760 712980 922180 
computing eigenvalues for k = 1, took 113.726042 sec
traces of hecke eigenvalues of T_{p^2} are:
30 120 
computing eigenvalues for k = 2, took 0.035581 sec
traces of hecke eigenvalues of T_{p^1} are:
56 119 1180 1802 3664 4954 7596 9483 12290 15453 16893 20132 25859 32140 34677 41039 44392 49667 59184 65256 74852 88661 
computing eigenvalues for k = 1, took 115.243337 sec
traces of hecke eigenvalues of T_{p^2} are:
33 116 
computing eigenvalues for k = 2, took 0.034768 sec
traces of hecke eigenvalues of T_{p^1} are:
-9 2 -74 -34 -60 152 854 692 -276 -376 500 -730 1064 -2304 -608 1008 -988 -1004 1810 -2656 2912 682 
computing eigenvalues for k = 1, took 13.521621 sec
traces of hecke eigenvalues of T_{p^2} are:
12 24 
computing eigenvalues for k = 2, took 0.013528 sec
traces of hecke eigenvalues of T_{p^1} are:
15 38 322 590 1308 1532 2942 3296 4164 5528 5660 6038 8696 10440 12568 13872 15200 16516 17926 19256 24272 28618 
computing eigenvalues for k = 1, took 109.076623 sec
traces of hecke eigenvalues of T_{p^2} are:
0 32 
computing eigenvalues for k = 2, took 0.034680 sec
traces of hecke eigenvalues of T_{p^1} are:
32 59 786 993 1955 2758 4545 5057 6554 8908 9628 12375 13275 18863 18559 23844 26953 26847 32350 35130 41229 44785 
computing eigenvalues for k = 1, took 108.137466 sec
traces of hecke eigenvalues of T_{p^2} are:
21 36 
computing eigenvalues for k = 2, took 0.033807 sec
traces of hecke eigenvalues of T_{p^1} are:
44 95 881 1296 2907 4207 6445 7713 10294 13589 15073 18491 22085 28235 28178 36213 38632 40072 50718 56524 64710 74166 
computing eigenvalues for k = 1, took 111.791183 sec
traces of hecke eigenvalues of T_{p^2} are:
12 60 
computing eigenvalues for k = 2, took 0.033995 sec
traces of hecke eigenvalues of T_{p^1} are:
-4 20 -32 131 445 -14 -769 410 1468 229 665 1211 -514 959 302 2387 -1199 4500 1300 86 -4791 4494 
computing eigenvalues for k = 1, took 13.248790 sec
traces of hecke eigenvalues of T_{p^2} are:
-22 -12 
computing eigenvalues for k = 2, took 0.014131 sec
For conductor 5:
traces of hecke eigenvalues of T_{p^1} are:
-1 -8 12 -104 -36 124 124 -124 -508 156 104 536 340 -1268 -888 104 388 -356 -52 -780 20 1220 
computing eigenvalues for k = 1, took 539.444699 sec
traces of hecke eigenvalues of T_{p^2} are:
2 8 
computing eigenvalues for k = 2, took 0.027003 sec
traces of hecke eigenvalues of T_{p^1} are:
-1 -11 -21 49 -102 -44 -41 -154 200 132 -214 59 -260 -182 -282 644 874 -554 -457 -48 -406 611 
computing eigenvalues for k = 1, took 535.535479 sec
traces of hecke eigenvalues of T_{p^2} are:
-1 14 
computing eigenvalues for k = 2, took 0.025686 sec
For conductor 7:
traces of hecke eigenvalues of T_{p^1} are:
-9 -17 13 -11 -102 -184 -99 -66 -660 658 -794 -967 534 100 -82 -768 2334 368 -741 -104 -542 -249 
computing eigenvalues for k = 1, took 529.634649 sec
traces of hecke eigenvalues of T_{p^2} are:
1 -4 
computing eigenvalues for k = 2, took 0.027223 sec
For conductor 35:
traces of hecke eigenvalues of T_{p^1} are:
20 26 250 414 796 1348 1714 1864 3376 3116 3524 4162 5668 5848 7900 8960 8320 11480 13654 13568 15804 21754 
computing eigenvalues for k = 1, took 154.650575 sec
traces of hecke eigenvalues of T_{p^2} are:
30 24 
computing eigenvalues for k = 2, took 0.032143 sec
traces of hecke eigenvalues of T_{p^1} are:
4 2 -14 -2 -116 428 322 128 416 -820 84 -350 580 -2648 -884 384 -2472 -200 2910 -1040 1564 3130 
computing eigenvalues for k = 1, took 155.573981 sec
traces of hecke eigenvalues of T_{p^2} are:
-2 16 
computing eigenvalues for k = 2, took 0.032520 sec
traces of hecke eigenvalues of T_{p^1} are:
69 138 1577 2231 4558 6643 9744 11344 16192 19643 23259 27442 33370 42238 43225 55075 62047 65973 73804 84318 93705 113757 
computing eigenvalues for k = 1, took 154.652318 sec
traces of hecke eigenvalues of T_{p^2} are:
27 72 
computing eigenvalues for k = 2, took 0.032330 sec
traces of hecke eigenvalues of T_{p^1} are:
-13 -6 58 6 606 242 436 1194 -254 764 1834 -574 -1794 1246 3510 454 5866 3568 -1330 -2522 -5770 -7394 
computing eigenvalues for k = 1, took 154.486283 sec
traces of hecke eigenvalues of T_{p^2} are:
-21 -92 
computing eigenvalues for k = 2, took 0.034335 sec
For conductor 17:
traces of hecke eigenvalues of T_{p^1} are:
-7 -24 -12 -90 -82 -198 558 -74 -406 138 -596 -390 -238 72 -104 -948 142 -250 608 -2346 1824 -260 
computing eigenvalues for k = 1, took 518.964619 sec
traces of hecke eigenvalues of T_{p^2} are:
2 26 
computing eigenvalues for k = 2, took 0.023651 sec
For conductor 85:
traces of hecke eigenvalues of T_{p^1} are:
1 -6 -17 144 425 -274 206 1571 -444 328 624 196 -1165 933 1659 1622 -1361 549 3383 1120 2235 -1844 
computing eigenvalues for k = 1, took 156.011623 sec
traces of hecke eigenvalues of T_{p^2} are:
-27 -70 
computing eigenvalues for k = 2, took 0.422658 sec
traces of hecke eigenvalues of T_{p^1} are:
5 8 118 190 466 512 1154 1056 1366 1548 2232 1744 3144 3486 3900 4004 4204 4728 5580 6942 7700 10108 
computing eigenvalues for k = 1, took 156.046195 sec
traces of hecke eigenvalues of T_{p^2} are:
0 -8 
computing eigenvalues for k = 2, took 0.433087 sec
traces of hecke eigenvalues of T_{p^1} are:
1 4 54 -22 -18 92 142 -132 -318 156 96 -112 112 -230 444 -540 -48 72 -440 2 -12 -244 
computing eigenvalues for k = 1, took 256.708034 sec
traces of hecke eigenvalues of T_{p^2} are:
0 0 
computing eigenvalues for k = 2, took 0.030451 sec
traces of hecke eigenvalues of T_{p^1} are:
21 45 448 565 987 1818 2655 2909 3910 5664 5430 6869 9479 10975 12365 14002 15649 16845 18868 23652 25653 28043 
computing eigenvalues for k = 1, took 193.279616 sec
traces of hecke eigenvalues of T_{p^2} are:
18 60 
computing eigenvalues for k = 2, took 0.150761 sec
traces of hecke eigenvalues of T_{p^1} are:
51 112 1131 1651 3374 4701 7016 9178 13310 14651 16149 20644 23840 30670 33825 41041 45165 49711 57070 61654 70573 86367 
computing eigenvalues for k = 1, took 194.170738 sec
traces of hecke eigenvalues of T_{p^2} are:
18 88 
computing eigenvalues for k = 2, took 0.147724 sec
For conductor 119:
traces of hecke eigenvalues of T_{p^1} are:
5 6 192 114 310 376 780 1188 1428 1584 2220 2244 2628 3486 3826 3960 5312 6524 6800 6134 8788 10648 
computing eigenvalues for k = 1, took 333.837627 sec
traces of hecke eigenvalues of T_{p^2} are:
0 -16 
computing eigenvalues for k = 2, took 0.113396 sec
traces of hecke eigenvalues of T_{p^1} are:
46 89 972 1358 2816 4154 7164 6653 10438 12703 13501 14684 20355 23604 27819 33271 37784 38181 44944 48788 57140 66503 
computing eigenvalues for k = 1, took 328.037505 sec
traces of hecke eigenvalues of T_{p^2} are:
33 76 
computing eigenvalues for k = 2, took 0.106169 sec
traces of hecke eigenvalues of T_{p^1} are:
65 138 1599 1981 4534 6387 9880 12020 16198 19849 22307 25968 33866 42802 44955 53695 62729 62995 75288 82168 93129 111739 
computing eigenvalues for k = 1, took 321.800887 sec
traces of hecke eigenvalues of T_{p^2} are:
15 72 
computing eigenvalues for k = 2, took 0.110198 sec
traces of hecke eigenvalues of T_{p^1} are:
0 11 -107 110 455 392 -346 190 -182 -733 1563 -148 1644 -1569 -914 2543 -1399 -332 -285 1248 -5059 3865 
computing eigenvalues for k = 1, took 159.451754 sec
traces of hecke eigenvalues of T_{p^2} are:
3 -72 
computing eigenvalues for k = 2, took 0.462103 sec
traces of hecke eigenvalues of T_{p^1} are:
-4 15 -22 -3 -55 -106 -221 153 -52 -532 1170 -285 -259 823 221 814 -1337 2375 1236 -720 -733 -3557 
computing eigenvalues for k = 1, took 161.277176 sec
traces of hecke eigenvalues of T_{p^2} are:
-18 10 
computing eigenvalues for k = 2, took 0.474791 sec
For conductor 595:
traces of hecke eigenvalues of T_{p^1} are:
-6 -10 -14 -10 -208 136 -150 -276 -88 -108 -316 238 0 -12 -12 -1576 -264 1880 -1338 1144 1188 1946 
computing eigenvalues for k = 1, took 525.539692 sec
traces of hecke eigenvalues of T_{p^2} are:
2 0 
computing eigenvalues for k = 2, took 0.023356 sec
