constructing eigenvector for poly
x-8
constructing eigenvector for poly
x-40
constructing eigenvector for poly
x^4-x^3-14*x^2+27*x-4
constructing eigenvector for poly
x^7-86*x^6+3033*x^5-56453*x^4+592762*x^3-3457800*x^2+10133464*x-11106080
constructing eigenvector for poly
x^22-20*x^21-37*x^20+3005*x^19-10329*x^18-158668*x^17+914145*x^16+3645667*x^15-30656976*x^14-31670036*x^13+511000109*x^12-75865222*x^11-4528493370*x^10+2770278525*x^9+21735547395*x^8-14266028559*x^7-56215315714*x^6+23474452320*x^5+71601408384*x^4-4974257408*x^3-27976644608*x^2-112721920*x+2280325120
constructing eigenvector for poly
x^24-274*x^23+35621*x^22-2923138*x^21+169939588*x^20-7446275192*x^19+255430880153*x^18-7033486018564*x^17+158154361709879*x^16-2938814025958826*x^15+45495344861923025*x^14-589820816566968758*x^13+6421471156077814091*x^12-58745784156400893986*x^11+450933874477223713998*x^10-2893840482665438946930*x^9+15432848114332197120560*x^8-67787314394082477329992*x^7+242140611456554775299433*x^6-690903651780260087176560*x^5+1534628333694241884753764*x^4-2552878844415544851497184*x^3+2987572844457113893073412*x^2-2190263856077541555095776*x+755706963023823305564224
constructing eigenvector for poly
x^24-586*x^23+163275*x^22-28780140*x^21+3602283545*x^20-340659379086*x^19+25284895879445*x^18-1510516719545460*x^17+73895381732004173*x^16-2996111340663178034*x^15+101514017361895363429*x^14-2889554459105428416644*x^13+69299503971399758241136*x^12-1401340295025585283522060*x^11+23861035443842189264278770*x^10-340916453087346616252991084*x^9+4063027866777418019619022721*x^8-40036648320351932174538765694*x^7+322102694875242815690861392325*x^6-2078278686682710041904796568916*x^5+10481262871405008250526790660436*x^4-39750447596477287275661776141520*x^3+106490328709413289856575773001376*x^2-179445924096189750268608602409216*x+142880476199396221181496622794304
constructing eigenvector for poly
x^24-1344*x^23+860592*x^22-349356258*x^21+100930995050*x^20-22083377499190*x^19+3801809728996309*x^18-528185480804990160*x^17+60259268206316708135*x^16-5714717375196874129278*x^15+454310772091234991299677*x^14-30443055121784602759152588*x^13+1724817033386575217012028492*x^12-82704168019256447439626079418*x^11+3352388320669751658850438425721*x^10-114499717037172944303027768250178*x^9+3276514459466686897802753988045264*x^8-77884032169654896658215171479669432*x^7+1518964019352603678240698959284115646*x^6-23881797812234840305405683018404946714*x^5+295086625500043202716517143926232958077*x^4-2757578785870700401548828943297979329854*x^3+18312029939003564167508498673417816356163*x^2-76966301899924796958288551734951582398986*x+153845855019195023545592098891133874440449
constructing eigenvector for poly
x^24-2766*x^23+3657237*x^22-3076316848*x^21+1848209516866*x^20-844047224734604*x^19+304459363152160192*x^18-88977097514993473640*x^17+21440497236543770631269*x^16-4312626492934502569901142*x^15+730302153314604623350867221*x^14-104702008023805280181173190712*x^13+12749377319040674225956940671697*x^12-1319958271172452302209780770765418*x^11+116071576170345500347630208029681949*x^10-8641897098924198443758768986013633932*x^9+541732362722106014660550847344836265279*x^8-28350614641346517201067455551541095834506*x^7+1223523745948238230795164360632181652930585*x^6-42788394890334657309720832082625536559855824*x^5+1182161491884131496745400733303028044280768664*x^4-24832816705545631664213981193244433279582391152*x^3+372677371015559913215201021783403486245128274384*x^2-3559143117172078698392554495729551142743151166912*x+16253526073447450146275354196389452677379146266176
constructing eigenvector for poly
x^24-4522*x^23+9772893*x^22-13433330448*x^21+13184245631934*x^20-9832620775431132*x^19+5789695605491984852*x^18-2760784250000436502136*x^17+1084924925481478417541281*x^16-355696002775128723431685158*x^15+98118930765848669482394181525*x^14-22900148229090492591569992978516*x^13+4536329001178607963020729876861653*x^12-763460535520333630362465788158972802*x^11+109048810188503760206582612093477704665*x^10-13176798536427752658665436814431114839572*x^9+1339391871387018729726232608980575431426403*x^8-113554090883937017702640717627559721740730302*x^7+7931300401769507790221328541410511400073830349*x^6-448438227781043954099402076903002927905223472012*x^5+20009186658000636145042072905839098448432797921444*x^4-678053656201632226853774379490562544712635524682064*x^3+16396220175589185273394152567492668313703340686497760*x^2-251995804078086737944393849535524045767590647283054976*x+1849583474584352947641156916737522480819627215434352704
constructing eigenvector for poly
x^24-6724*x^23+21617162*x^22-44221009788*x^21+64620535687185*x^20-71790279755233332*x^19+63001932732195159678*x^18-44798454850763428196844*x^17+26266564468540139946911142*x^16-12856008418458414415048833740*x^15+5297415888007965857711053689992*x^14-1848009247985390904326370609368948*x^13+547526845753898793241045100177757753*x^12-137915439467950956582810962037524451796*x^11+29503462737764887487567671771956061921664*x^10-5343157995799056068124214163551418568261088*x^9+814614338309903375668552089235794852459452084*x^8-103665353375982078353630295214461509487696500912*x^7+10876817317663212797908255500598999661172463049296*x^6-924563509412631491520276879768855690553088197431744*x^5+62072656168777381951024335651251380269060107203150464*x^4-3167683850323399626027466578727513752674743337414263296*x^3+115453879641590715652554859776653049969368034914675542272*x^2-2676919741045893650105610522390232136658468990222516062208*x+29668362777794501657242702936959905620679011436099888910336
constructing eigenvector for poly
x^24-9374*x^23+42042589*x^22-120063448630*x^21+245100104657952*x^20-380653945682215472*x^19+467318394512006450965*x^18-465179528210936353232188*x^17+382089771565295369283471679*x^16-262168682559678076375596798262*x^15+151551868574918170797358440652669*x^14-74222617496601100546236096840529902*x^13+30894937813349993543955765558328971311*x^12-10941132658131220185059680172059724845978*x^11+3293144039965787532462313370225000804053386*x^10-839746973293845418478147963886450867929503458*x^9+180402866812542761503071163367428147122357425496*x^8-32374165097267044267207482353199839429327914986648*x^7+4793776466208942360617661715010233666252679379320281*x^6-575528056009201217120807740637228543396495248517190252*x^5+54617603265257954979300584251566543679530960508165849272*x^4-3943047612434858948863427663324262632648431640664884666256*x^3+203478804642908980359889629776398550934318827890750925337876*x^2-6685547857554741474433576830945491339739149117309416706527440*x+105091003826578132199181404440061012700662877670060028330043024
constructing eigenvector for poly
x^4-40*x^3+564*x^2-3280*x+6724
constructing eigenvector for poly
x^4-140*x^3+7314*x^2-168980*x+1456849
constructing eigenvector for poly
x^4-156*x^3+9122*x^2-236964*x+2307361
constructing eigenvector for poly
x^4-612*x^3+140054*x^2-14203908*x+538657681
constructing eigenvector for poly
x^4-428*x^3+68210*x^2-4796596*x+125596849
constructing eigenvector for poly
x^4-1424*x^3+756060*x^2-177370592*x+15514695364
constructing eigenvector for poly
x^4-1080*x^3+436244*x^2-78107760*x+5230471684
constructing eigenvector for poly
x^12+12*x^11-159*x^10-2120*x^9+6426*x^8+118980*x^7+95037*x^6-1851912*x^5-7453998*x^4-13110836*x^3-12313239*x^2-6045072*x-1225043
constructing eigenvector for poly
x^12+66*x^11+1938*x^10+33358*x^9+373167*x^8+2841660*x^7+14989884*x^6+54639972*x^5+134812431*x^4+216024610*x^3+209971794*x^2+110748846*x+24137569
constructing eigenvector for poly
x^12-42*x^11-1086*x^10+65596*x^9+98640*x^8-35453016*x^7+229044408*x^6+7340291856*x^5-72386150976*x^4-423318439328*x^3+3166113868320*x^2+20967527335872*x+30523437875008
constructing eigenvector for poly
x^12+18*x^11-4050*x^10-73980*x^9+5671296*x^8+105257880*x^7-3018007512*x^6-56977158672*x^5+405524527488*x^4+7562542633632*x^3-33527428245792*x^2-329986880683200*x+1582470418920768
constructing eigenvector for poly
x^12-228*x^11+22539*x^10-1277518*x^9+46352394*x^8-1138846104*x^7+19512914883*x^6-235834486074*x^5+2001848246046*x^4-11668456664392*x^3+44422720551759*x^2-99346362053430*x+98848240634053
constructing eigenvector for poly
x^12+618*x^11+172182*x^10+28564484*x^9+3138810624*x^8+240379649208*x^7+13139283356808*x^6+515866696296048*x^5+14421726256786560*x^4+279690376983365408*x^3+3568824297644068704*x^2+26886525720093199680*x+90424290755887425856
constructing eigenvector for poly
x^12-714*x^11+220179*x^10-38239024*x^9+4075249914*x^8-270105185862*x^7+10509622488015*x^6-185432291475552*x^5-1161112897074834*x^4+82564486827183086*x^3-110886867783010473*x^2-14478920523226891380*x-71539478100812690639
constructing eigenvector for poly
x^2+16*x+59
constructing eigenvector for poly
x^4-x^3-14*x^2+27*x-4
constructing eigenvector for poly
x^4+4*x^3-69*x^2-176*x-107
constructing eigenvector for poly
x^2+24*x+139
constructing eigenvector for poly
x^2+19*x+79
constructing eigenvector for poly
x^5+16*x^4+86*x^3+184*x^2+145*x+25
constructing eigenvector for poly
x^2+19*x+79
constructing eigenvector for poly
x^5+16*x^4+86*x^3+184*x^2+145*x+25
constructing eigenvector for poly
x^9+14*x^8+20*x^7-323*x^6-576*x^5+1961*x^4+1813*x^3-1651*x^2-1414*x-94
constructing eigenvector for poly
x^6-66*x^5+1745*x^4-23457*x^3+166520*x^2-574266*x+698164
constructing eigenvector for poly
x^16-181*x^15+15102*x^14-770341*x^13+26861689*x^12-678232713*x^11+12812226723*x^10-184485496874*x^9+2043606930918*x^8-17447852591135*x^7+114253152044442*x^6-566824625812320*x^5+2084779058246264*x^4-5484667697757024*x^3+9713329405907520*x^2-10324204108644864*x+4951514240889344
constructing eigenvector for poly
x^35+33*x^34-63*x^33-11912*x^32-60159*x^31+1797370*x^30+14422327*x^29-147319254*x^28-1540398334*x^27+7096512063*x^26+96109429494*x^25-198907255130*x^24-3824132207450*x^23+2706726688070*x^22+100652693619088*x^21+7775001697092*x^20-1774147611246256*x^19-956381349464418*x^18+20845891773106572*x^17+16825042049020560*x^16-159815467488628799*x^15-152866677849303591*x^14+765223220039332741*x^13+791361412149785678*x^12-2114511560892605094*x^11-2259844848607242325*x^10+2938904056692290676*x^9+3158597666782273900*x^8-1689530277952762896*x^7-1859223373305532428*x^6+309106019456859744*x^5+398203939120017728*x^4-15773060592028000*x^3-29006652321769472*x^2-206903944579584*x+521991229590464
computing eigenvectors took 239.091541 sec
For conductor 1, eigenvectors are:
36 0 12 0 0 12 3 9 3 -6 6 3 3 6 10 0 -4 12 -4 6 -4 8 4 -2 6 -6 8 -6 -1 14 7 3 4 -5 -1 -8 6 -7 -4 -7 11 -3 -6 -5 2 6 -8 7 -4 -4 7 -8 -6 -3 -2 -3 -5 -3 6 6 12 2 -15 4 7 -5 -4 -2 1 1 6 -4 5 -8 -8 over Number field with defining polynomial x-8
-1 -1 -1 -1 -1 -1 -1 -1 -1 -1 -1 -1 -1 -1 -1 -1 -1 -1 -1 -1 -1 -1 -1 -1 -1 -1 -1 -1 -1 -1 -1 -1 -1 -1 -1 -1 -1 -1 -1 -1 -1 -1 -1 -1 -1 -1 -1 -1 -1 -1 -1 -1 -1 -1 -1 -1 -1 -1 -1 -1 -1 -1 -1 -1 -1 -1 -1 -1 -1 -1 -1 -1 -1 -1 -1 over Number field with defining polynomial x-40
0 0 0 0 0 0 -6*a^3 - 24*a^2 + 150*a - 120 -12*a^3 - 6*a^2 + 78*a - 24 -6*a^3 - 24*a^2 + 150*a - 120 -24*a^3 + 18*a^2 + 150*a - 72 24*a^3 - 48*a^2 - 84*a + 144 -6*a^3 - 24*a^2 + 150*a - 120 -6*a^3 - 24*a^2 + 150*a - 120 24*a^3 - 48*a^2 - 84*a + 144 -12*a^3 + 8*a^2 + 24*a + 64 0 -16*a^3 + 32*a^2 + 56*a - 96 -8*a^3 + 64*a^2 - 144*a + 64 -16*a^3 + 32*a^2 + 56*a - 96 8*a^3 - 16*a^2 - 28*a + 48 16*a^3 - 12*a^2 - 100*a + 48 20*a^2 - 44*a - 48 -8*a^3 + 64*a^2 - 144*a + 64 4*a^3 + 16*a^2 - 100*a + 80 -8*a^3 - 4*a^2 + 72*a 8*a^3 + 4*a^2 - 52*a + 16 60*a^2 - 92*a - 112 -8*a^3 - 4*a^2 + 52*a - 16 2*a^3 + 8*a^2 - 50*a + 40 -2*a^3 - 4*a^2 + 8*a + 64 2*a^3 + 8*a^2 - 50*a + 40 6*a^3 - 24*a^2 + 22*a + 8 10*a^2 - 12*a - 16 6*a^3 - 24*a^2 + 22*a + 8 2*a^3 + 8*a^2 - 50*a + 40 4*a^3 - 32*a^2 + 72*a - 32 2*a^3 - 26*a^2 + 48*a -2*a^3 - 8*a^2 + 50*a - 40 10*a^3 - 2*a^2 - 48*a - 32 24*a^2 - 76*a + 64 -24*a^2 + 86*a - 56 -6*a^3 + 4*a^2 + 12*a + 32 18*a^3 - 18*a^2 - 76*a + 16 -4*a^3 - 22*a^2 + 70*a + 40 8*a^3 - 6*a^2 - 50*a + 24 2*a^3 - 26*a^2 + 48*a 4*a^3 - 32*a^2 + 72*a - 32 2*a^3 + 8*a^2 - 50*a + 40 6*a^3 + 10*a^2 - 86*a + 40 4*a^3 - 22*a^2 + 50*a - 56 2*a^3 + 8*a^2 - 50*a + 40 4*a^3 - 32*a^2 + 72*a - 32 -8*a^3 - 34*a^2 + 118*a + 56 -6*a^3 + 24*a^2 - 22*a - 8 -12*a^3 + 28*a^2 + 32 -6*a^3 + 24*a^2 - 22*a - 8 -4*a^3 + 18*a^2 + 2*a - 40 -6*a^3 + 24*a^2 - 22*a - 8 2*a^3 - 26*a^2 + 48*a 8*a^3 + 4*a^2 - 72*a 10*a^2 - 12*a - 16 -14*a^3 - 4*a^2 + 126*a - 72 6*a^3 + 24*a^2 - 150*a + 120 -4*a^3 + 22*a^2 - 50*a + 56 12*a^3 + 6*a^2 - 98*a + 8 6*a^3 - 24*a^2 + 22*a + 8 -5*a^3 + 21*a^2 - 10*a - 24 5*a^2 - 11*a - 12 3*a^3 - 14*a^2 + 32*a - 48 -3*a^3 + 44*a^2 - 83*a - 12 5*a+4 -5*a^3 + 21*a^2 - 10*a - 24 -44*a^2 + 115*a - 20 -5*a^2 + 6*a + 8 -5*a^2 + 6*a + 8 over Number field with defining polynomial x^4-x^3-14*x^2+27*x-4
-12*a^6 + 1074*a^5 - 37266*a^4 + 645246*a^3 - 5870280*a^2 + 26400336*a - 45136320 -18*a^6 + 1332*a^5 - 39942*a^4 + 623034*a^3 - 5324112*a^2 + 23313240*a - 39146400 18*a^5 - 990*a^4 + 21276*a^3 - 210780*a^2 + 838368*a - 423360 12*a^6 - 888*a^5 + 26628*a^4 - 415356*a^3 + 3549408*a^2 - 15542160*a + 26097600 6*a^6 - 402*a^5 + 10938*a^4 - 150336*a^3 + 1035636*a^2 - 2838648*a + 17760 18*a^5 - 990*a^4 + 21276*a^3 - 210780*a^2 + 838368*a - 423360 -12*a^6 + 840*a^5 - 23190*a^4 + 318744*a^3 - 2246376*a^2 + 7355688*a - 7899360 12*a^6 - 876*a^5 + 25818*a^4 - 390132*a^3 + 3149400*a^2 - 12626232*a + 18932640 -12*a^6 + 840*a^5 - 23190*a^4 + 318744*a^3 - 2246376*a^2 + 7355688*a - 7899360 12*a^6 - 822*a^5 + 22884*a^4 - 331470*a^3 + 2634456*a^2 - 10842000*a + 17707200 -18*a^5 + 1314*a^4 - 35694*a^3 + 451512*a^2 - 2635272*a + 5516640 -12*a^6 + 840*a^5 - 23190*a^4 + 318744*a^3 - 2246376*a^2 + 7355688*a - 7899360 -12*a^6 + 840*a^5 - 23190*a^4 + 318744*a^3 - 2246376*a^2 + 7355688*a - 7899360 -18*a^5 + 1314*a^4 - 35694*a^3 + 451512*a^2 - 2635272*a + 5516640 4*a^6 - 334*a^5 + 10886*a^4 - 175770*a^3 + 1453708*a^2 - 5583272*a + 6830240 -4*a^6 + 268*a^5 - 7292*a^4 + 100224*a^3 - 690424*a^2 + 1892432*a - 11840 12*a^5 - 876*a^4 + 23796*a^3 - 301008*a^2 + 1756848*a - 3677760 18*a^5 - 1062*a^4 + 23796*a^3 - 249084*a^2 + 1176192*a - 1823040 12*a^5 - 876*a^4 + 23796*a^3 - 301008*a^2 + 1756848*a - 3677760 4*a^6 - 208*a^5 + 3404*a^4 - 5766*a^3 - 369764*a^2 + 3447952*a - 8938240 12*a^6 - 816*a^5 + 22224*a^4 - 308712*a^3 + 2293980*a^2 - 8616432*a + 12896640 -2*a^6 + 68*a^5 + 518*a^4 - 47982*a^3 + 717304*a^2 - 4166672*a + 7931840 4*a^6 - 334*a^5 + 11030*a^4 - 184194*a^3 + 1637416*a^2 - 7344464*a + 13081280 6*a^6 - 486*a^5 + 15810*a^4 - 261648*a^3 + 2292804*a^2 - 9896928*a + 15908160 -12*a^6 + 810*a^5 - 21786*a^4 + 296814*a^3 - 2143476*a^2 + 7738008*a - 11057760 -10*a^6 + 658*a^5 - 16862*a^4 + 210936*a^3 - 1304380*a^2 + 3424352*a - 1979840 6*a^6 - 420*a^5 + 11682*a^4 - 163482*a^3 + 1187916*a^2 - 4051872*a + 4415040 -12*a^6 + 888*a^5 - 26124*a^4 + 388338*a^3 - 3045588*a^2 + 11799888*a - 17506560 2*a^6 - 146*a^5 + 4084*a^4 - 56136*a^3 + 403580*a^2 - 1505680*a + 2627200 4*a^6 - 310*a^5 + 9314*a^4 - 136530*a^3 + 993028*a^2 - 3098600*a + 2170400 -4*a^6 + 280*a^5 - 7658*a^4 + 102702*a^3 - 687700*a^2 + 2021840*a - 1635200 66*a^5 - 3996*a^4 + 93390*a^3 - 1048296*a^2 + 5620392*a - 11430240 4*a^6 - 334*a^5 + 11030*a^4 - 184194*a^3 + 1637416*a^2 - 7344464*a + 13081280 4*a^6 - 286*a^5 + 8096*a^4 - 114600*a^3 + 838204*a^2 - 2900264*a + 3474080 2*a^6 - 146*a^5 + 4084*a^4 - 56136*a^3 + 403580*a^2 - 1505680*a + 2627200 -12*a^5 + 696*a^4 - 15444*a^3 + 159672*a^2 - 727824*a + 982080 2*a^6 - 92*a^5 + 964*a^4 + 13458*a^3 - 343708*a^2 + 2357864*a - 5125280 6*a^6 - 414*a^5 + 11304*a^4 - 152814*a^3 + 1032912*a^2 - 2968056*a + 1641120 4*a^6 - 232*a^5 + 5120*a^4 - 53430*a^3 + 274624*a^2 - 797912*a + 1972640 6*a^6 - 468*a^5 + 14832*a^4 - 242094*a^3 + 2121156*a^2 - 9302184*a + 15499680 4*a^6 - 280*a^5 + 7910*a^4 - 114600*a^3 + 890128*a^2 - 3480920*a + 5328800 4*a^6 - 214*a^5 + 3998*a^4 - 25452*a^3 - 80732*a^2 + 1558024*a - 4686880 4*a^6 - 244*a^5 + 5888*a^4 - 72420*a^3 + 495388*a^2 - 1955792*a + 3952640 6*a^6 - 360*a^5 + 8088*a^4 - 82062*a^3 + 332496*a^2 - 42072*a - 1620960 2*a^6 - 170*a^5 + 5686*a^4 - 97188*a^3 + 896552*a^2 - 4157080*a + 7146400 -18*a^5 + 1314*a^4 - 35694*a^3 + 451512*a^2 - 2635272*a + 5516640 -12*a^5 + 696*a^4 - 15444*a^3 + 159672*a^2 - 727824*a + 982080 -4*a^6 + 280*a^5 - 7658*a^4 + 102702*a^3 - 687700*a^2 + 2021840*a - 1635200 -12*a^6 + 840*a^5 - 23598*a^4 + 338430*a^3 - 2587332*a^2 + 9826272*a - 14005440 -2*a^6 + 140*a^5 - 4054*a^4 + 63924*a^3 - 594032*a^2 + 3097840*a - 6894400 -4*a^6 + 280*a^5 - 7658*a^4 + 102702*a^3 - 687700*a^2 + 2021840*a - 1635200 -12*a^5 + 696*a^4 - 15444*a^3 + 159672*a^2 - 727824*a + 982080 -8*a^6 + 584*a^5 - 17212*a^4 + 260088*a^3 - 2099600*a^2 + 8417488*a - 12621760 2*a^6 - 200*a^5 + 7642*a^4 - 143502*a^3 + 1393508*a^2 - 6566608*a + 11436160 24*a^5 - 1302*a^4 + 26172*a^3 - 232260*a^2 + 779784*a - 110880 4*a^6 - 274*a^5 + 7292*a^4 - 94350*a^3 + 598288*a^2 - 1573472*a + 794240 -6*a^6 + 372*a^5 - 8694*a^4 + 92790*a^3 - 405084*a^2 + 94032*a + 2492160 4*a^6 - 274*a^5 + 7292*a^4 - 94350*a^3 + 598288*a^2 - 1573472*a + 794240 -18*a^5 + 1314*a^4 - 35694*a^3 + 451512*a^2 - 2635272*a + 5516640 -18*a^5 + 936*a^4 - 17820*a^3 + 142848*a^2 - 331416*a - 730080 18*a^5 - 1062*a^4 + 23796*a^3 - 249084*a^2 + 1176192*a - 1823040 4*a^6 - 286*a^5 + 8504*a^4 - 134286*a^3 + 1179160*a^2 - 5370848*a + 9580160 -10*a^6 + 706*a^5 - 19796*a^4 + 280530*a^3 - 2103592*a^2 + 7868552*a - 11587040 -4*a^6 + 304*a^5 - 9260*a^4 + 143754*a^3 - 1180672*a^2 + 4673240*a - 6154400 -4*a^6 + 280*a^5 - 8000*a^4 + 119316*a^3 - 977212*a^2 + 4156784*a - 7182080 4*a^6 - 286*a^5 + 8096*a^4 - 114600*a^3 + 838204*a^2 - 2900264*a + 3474080 12*a^5 - 876*a^4 + 23796*a^3 - 301008*a^2 + 1756848*a - 3677760 24*a^5 - 1302*a^4 + 26172*a^3 - 232260*a^2 + 779784*a - 110880 -6*a^5 + 102*a^4 + 4242*a^3 - 129360*a^2 + 1162104*a - 3269280 -2*a^6 + 170*a^5 - 5632*a^4 + 92364*a^3 - 782324*a^2 + 3203512*a - 4937440 -18*a^5 + 936*a^4 - 17820*a^3 + 142848*a^2 - 331416*a - 730080 12*a^5 - 876*a^4 + 23796*a^3 - 301008*a^2 + 1756848*a - 3677760 -36*a^5 + 2058*a^4 - 45798*a^3 + 498204*a^2 - 2687352*a + 5929440 -12*a^5 + 696*a^4 - 15444*a^3 + 159672*a^2 - 727824*a + 982080 -12*a^5 + 696*a^4 - 15444*a^3 + 159672*a^2 - 727824*a + 982080 over Number field with defining polynomial x^7-86*x^6+3033*x^5-56453*x^4+592762*x^3-3457800*x^2+10133464*x-11106080
a vector of length 75 over Number field with defining polynomial a number field of degree 22
a vector of length 75 over Number field with defining polynomial a number field of degree 12
6*a-1620 18*a-4452 6*a-1620 12*a-2832 -6*a+1518 6*a-1620 -3*a+810 -51 -3*a+810 9*a-2277 -3*a+657 -3*a+810 -3*a+810 -3*a+657 -4*a+1012 -204 -2*a+370 6*a-1450 -2*a+370 2*a-540 -2*a+472 -4*a+1046 6*a-1450 -2*a+438 -6*a+1586 -4*a+1012 -2*a+438 2*a-472 -4*a+1063 2*a-489 -a+202 -a+270 51 -a+270 -4*a+1063 6*a-1501 -5*a+1333 -2*a+557 0 a-304 -a+321 -a+219 -3*a+759 -3*a+776 8*a-2007 -2*a+472 6*a-1501 -a+202 85 4*a-995 -a+202 6*a-1501 -2*a+472 -2*a+489 6*a-1450 -5*a+1350 -3*a+776 -5*a+1350 -2*a+472 6*a-1501 51 2*a-506 a-270 5*a-1231 -2*a+557 -a+270 -a+185 51 2*a-574 -17 0 -a+185 -34 0 0 over Number field with defining polynomial x^2-540*x+72322
0 0 24*a^3 - 5268*a^2 + 378468*a - 8322612 0 0 -12*a^3 + 2634*a^2 - 189234*a + 4161306 -42*a^3 + 7536*a^2 - 368616*a + 5305674 12*a^3 - 4446*a^2 + 443142*a - 12055014 -12*a^3 + 1854*a^2 - 80322*a + 1448082 486*a^2 - 55746*a - 90774 -18*a^3 + 3192*a^2 - 100920*a - 1513302 24*a^3 - 3180*a^2 + 54912*a + 972348 54*a^3 - 9840*a^2 + 504144*a - 7926870 18*a^3 - 3156*a^2 + 100380*a + 249414 8*a^3 - 3080*a^2 + 329872*a - 10150672 0 36*a^3 - 6480*a^2 + 269088*a - 848124 -12*a^3 + 2448*a^2 - 203496*a + 4810740 -36*a^3 + 6456*a^2 - 268728*a + 1690716 -732*a^2 + 108292*a - 3116420 -16*a^3 + 3720*a^2 - 232896*a + 3522840 8*a^3 - 1152*a^2 + 41520*a - 142968 -576*a^2 + 73248*a - 2406744 2464*a^2 - 383136*a + 13669824 -4*a^3 + 1072*a^2 - 93008*a + 2722892 -12*a^3 + 1048*a^2 + 56400*a - 3371124 8*a^3 - 456*a^2 - 99336*a + 5295912 -36*a^3 + 6144*a^2 - 264848*a + 2388508 -6*a^3 + 792*a^2 + 2844*a - 987546 -12*a^3 + 3316*a^2 - 258288*a + 6088808 -6*a^3 + 792*a^2 + 2844*a - 987546 12*a^3 - 1956*a^2 + 65100*a + 98244 -18*a^3 + 3054*a^2 - 148706*a + 2355484 6*a^3 - 1362*a^2 + 53862*a + 181428 12*a^3 - 2244*a^2 + 101724*a - 1105128 6*a^3 - 834*a^2 + 14238*a + 650808 -6*a^3 + 1600*a^2 - 128424*a + 3157686 -6*a^3 + 984*a^2 - 32640*a - 259770 12*a^3 - 2120*a^2 + 89196*a - 405040 12*a^3 - 2824*a^2 + 186100*a - 3296968 12*a^3 - 2704*a^2 + 184600*a - 3663964 -12*a^3 + 2324*a^2 - 124760*a + 1993508 -10*a^3 + 964*a^2 + 53152*a - 4233430 -150*a^2 + 18402*a - 391038 -162*a^2 + 18582*a + 30258 -16*a^3 + 2860*a^2 - 122984*a + 1054280 288*a^2 - 36624*a + 1203372 24*a^3 - 4740*a^2 + 272736*a - 4454100 6*a^3 - 1154*a^2 + 73278*a - 1844140 30*a^2 - 16902*a + 758034 -18*a^3 + 4098*a^2 - 293982*a + 5832684 -12*a^3 + 1866*a^2 - 80502*a + 1026786 8*a^3 - 1512*a^2 + 46020*a + 958020 180*a^2 - 35304*a + 1149072 6*a^3 - 1380*a^2 + 136692*a - 4397034 12*a^3 - 2334*a^2 + 86322*a + 19902 -12*a^3 + 1938*a^2 - 48378*a - 1277574 -6*a^3 + 1680*a^2 - 107388*a + 1779978 12*a^3 - 2396*a^2 + 114672*a - 822192 6*a^3 - 876*a^2 + 31320*a + 314070 -36*a^2 + 33544*a - 1076672 6*a^3 - 530*a^2 - 33594*a + 2499968 12*a^3 - 1768*a^2 + 40744*a + 1040924 -30*a^2 + 16902*a - 758034 150*a^2 - 18402*a + 391038 240*a^2 - 3000*a - 733992 -4*a^3 + 964*a^2 - 58634*a + 969026 124*a^2 - 45582*a + 2399654 -466*a^2 + 66364*a - 2459896 56*a^2 - 6224*a - 80302 -728*a^2 + 97164*a - 3331324 -314*a^2 + 47982*a - 1498080 584*a^2 - 78902*a + 2088644 -78*a^2 + 34024*a - 1525118 376*a^2 - 48762*a + 1244366 over Number field with defining polynomial x^4-238*x^3+16749*x^2-280060*x-4151279
For conductor 2, eigenvectors are:
0 0 -a-7 -2 -2 a+7 0 -2 0 a+7 over Number field with defining polynomial x^2+16*x+59
3*a^3 + 3*a^2 - 36*a + 21 -6*a+15 -a^3 - 2*a^2 + 13*a - 1 a^2 - 2*a + 1 a^2 + 1*a - 11 a^3 - 1*a^2 - 7*a + 7 -6*a+15 -2*a^2 + 1*a + 10 -3*a^2 + 6*a + 6 -2*a^3 - 1*a^2 + 20*a - 8 over Number field with defining polynomial x^4-x^3-14*x^2+27*x-4
2*a^3 + 10*a^2 - 76*a - 102 -6*a^2 - 45*a - 45 a^3 + 4*a^2 - 85*a - 106 -a^3 - 5*a^2 + 38*a + 51 a^3 - 78*a - 92 -a^2 - 47*a - 55 a^2 + 5*a + 4 5*a^2 + 40*a + 41 -4*a^2 + 7*a + 14 a^3 + 5*a^2 - 38*a - 51 over Number field with defining polynomial x^4+4*x^3-69*x^2-176*x-107
For conductor 139, eigenvectors are:
-2*a-30 a+13 2*a+28 2 a+17 2*a+26 2 2*a+26 a+13 over Number field with defining polynomial x^2+24*x+139
a+8 -a-8 a+8 a+5 0 a+5 3 3 -a-8 over Number field with defining polynomial x^2+19*x+79
-a^3 - 13*a^2 - 43*a - 35 -2*a^3 - 16*a^2 - 28*a - 15 -a^4 - 15*a^3 - 69*a^2 - 110*a - 55 a^4 + 11*a^3 + 38*a^2 + 44*a + 15 a^3 + 2*a^2 - 16*a - 25 2*a^3 + 16*a^2 + 39*a + 30 a^2 + 12*a + 20 a^4 + 13*a^3 + 53*a^2 + 71*a + 25 -a^3 - 12*a^2 - 42*a - 30 over Number field with defining polynomial x^5+16*x^4+86*x^3+184*x^2+145*x+25
For conductor 278, eigenvectors are:
0 0 0 0 0 -6*a-66 -18 0 0 0 -6*a-66 -6*a-66 0 -12 0 0 0 0 0 12 12 0 12 0 -4*a-44 12 4*a+44 2*a+22 6 -2*a-22 -2*a-22 2*a+22 0 -2*a-22 0 2*a+28 2*a+22 0 6 -2*a-28 0 6 -6 0 -6 0 0 0 0 2*a+22 0 -2*a-22 0 2*a+22 6 0 2*a+28 0 -2*a-22 6 -2*a-22 0 6 -2*a-22 -3 -3 3 -a-14 0 a+8 -a-11 -a-11 -3 over Number field with defining polynomial x^2+19*x+79
0 0 0 0 0 -36*a^4 - 414*a^3 - 1530*a^2 - 1926*a - 630 -36*a^4 - 432*a^3 - 1818*a^2 - 3132*a - 1890 -18*a^4 - 324*a^3 - 1782*a^2 - 3456*a - 2070 -18*a^4 - 72*a^3 + 324*a^2 + 1422*a + 900 0 36*a^4 + 414*a^3 + 1530*a^2 + 1926*a + 630 36*a^4 + 414*a^3 + 1530*a^2 + 1926*a + 630 0 108*a^3 + 732*a^2 + 1128*a + 480 0 0 0 0 132*a^3 + 972*a^2 + 1860*a + 960 -24*a^4 - 288*a^3 - 1212*a^2 - 2088*a - 1260 -24*a^4 - 288*a^3 - 1212*a^2 - 2088*a - 1260 0 24*a^3 + 240*a^2 + 732*a + 480 -12*a^4 - 180*a^3 - 756*a^2 - 912*a - 360 36*a^3 + 432*a^2 + 1536*a + 1320 -24*a^4 - 288*a^3 - 1212*a^2 - 2088*a - 1260 36*a^3 + 432*a^2 + 1536*a + 1320 12*a^4 + 138*a^3 + 510*a^2 + 642*a + 210 66*a^3 + 558*a^2 + 1368*a + 1080 -12*a^4 - 138*a^3 - 510*a^2 - 642*a - 210 12*a^4 + 138*a^3 + 510*a^2 + 642*a + 210 -48*a^3 - 270*a^2 - 162*a + 180 6*a^4 + 108*a^3 + 594*a^2 + 1152*a + 690 12*a^4 + 138*a^3 + 510*a^2 + 642*a + 210 0 -6*a^3 - 96*a^2 - 402*a - 420 12*a^4 + 138*a^3 + 510*a^2 + 642*a + 210 60*a^3 + 462*a^2 + 1038*a + 810 -18*a^4 - 192*a^3 - 738*a^2 - 1302*a - 810 -12*a^4 - 192*a^3 - 876*a^2 - 1206*a - 450 6*a^4 + 30*a^3 - 84*a^2 - 582*a - 630 6*a^4 + 36*a^3 + 12*a^2 - 108*a - 60 -12*a^4 - 144*a^3 - 606*a^2 - 1044*a - 630 -6*a^4 - 24*a^3 + 108*a^2 + 474*a + 300 -6*a^4 - 36*a^3 - 12*a^2 + 108*a + 60 0 6*a^4 + 108*a^3 + 594*a^2 + 1152*a + 690 18*a^3 + 216*a^2 + 696*a + 510 -6*a^4 - 24*a^3 + 108*a^2 + 474*a + 300 -12*a^4 - 138*a^3 - 510*a^2 - 642*a - 210 0 12*a^4 + 138*a^3 + 510*a^2 + 642*a + 210 0 -12*a^4 - 138*a^3 - 510*a^2 - 642*a - 210 12*a^4 + 144*a^3 + 606*a^2 + 1044*a + 630 6*a^4 + 108*a^3 + 594*a^2 + 1152*a + 690 -6*a^3 - 96*a^2 - 402*a - 420 0 48*a^3 + 270*a^2 + 162*a - 180 -12*a^3 - 120*a^2 - 366*a - 240 -36*a^4 - 414*a^3 - 1530*a^2 - 1926*a - 630 6*a^4 + 24*a^3 - 108*a^2 - 474*a - 300 12*a^4 + 144*a^3 + 606*a^2 + 1044*a + 630 12*a^4 + 138*a^3 + 510*a^2 + 642*a + 210 3*a^4 + 72*a^3 + 372*a^2 + 510*a + 210 -24*a^3 - 171*a^2 - 336*a - 285 -12*a^4 - 111*a^3 - 327*a^2 - 360*a - 90 -9*a^4 - 111*a^3 - 396*a^2 - 312*a + 90 39*a^3 + 339*a^2 + 867*a + 660 -15*a^3 - 168*a^2 - 567*a - 450 -15*a^4 - 192*a^3 - 807*a^2 - 1254*a - 630 -42*a^3 - 351*a^2 - 849*a - 570 -3*a^3 - 48*a^2 - 165*a - 135 over Number field with defining polynomial x^5+16*x^4+86*x^3+184*x^2+145*x+25
0 0 -12*a^7 - 108*a^6 + 192*a^5 + 1752*a^4 - 4596*a^3 - 1260*a^2 + 3624*a - 384 0 -6*a^7 - 54*a^6 + 96*a^5 + 876*a^4 - 2298*a^3 - 630*a^2 + 1812*a - 192 -6*a^7 - 66*a^6 + 12*a^5 + 1092*a^4 - 1422*a^3 - 156*a^2 + 2358*a + 252 6*a^7 + 36*a^6 - 78*a^5 - 6*a^4 - 306*a^3 - 1128*a^2 + 606*a + 1236 12*a^6 + 132*a^5 + 240*a^4 - 318*a^3 - 132*a^2 - 414*a - 720 -6*a^7 - 78*a^6 - 114*a^5 + 1134*a^4 + 558*a^3 - 2034*a^2 - 1188*a + 120 0 6*a^8 + 72*a^7 + 30*a^6 - 1470*a^5 - 528*a^4 + 6516*a^3 + 978*a^2 - 4902*a - 720 -6*a^8 - 72*a^7 - 18*a^6 + 1656*a^5 + 984*a^4 - 8700*a^3 - 1878*a^2 + 7050*a + 1428 0 -8*a^7 - 40*a^6 + 240*a^5 + 376*a^4 - 1176*a^3 - 256*a^2 + 940*a + 24 0 0 -4*a^7 - 36*a^6 + 64*a^5 + 584*a^4 - 1532*a^3 - 420*a^2 + 1208*a - 128 0 4*a^7 + 16*a^6 - 180*a^5 - 312*a^4 + 1620*a^3 + 1356*a^2 - 1292*a - 824 16*a^6 + 160*a^5 + 96*a^4 - 1728*a^3 - 136*a^2 + 1496*a + 216 16*a^6 + 160*a^5 + 96*a^4 - 1728*a^3 - 136*a^2 + 1496*a + 216 0 8*a^6 - 40*a^5 - 700*a^4 + 1212*a^3 + 892*a^2 - 716*a - 8 8*a^7 + 88*a^6 + 112*a^5 - 808*a^4 - 680*a^3 + 1520*a^2 + 476*a - 872 24*a^6 + 168*a^5 - 212*a^4 - 412*a^3 - 748*a^2 - 100*a + 616 16*a^6 + 160*a^5 + 96*a^4 - 1728*a^3 - 136*a^2 + 1496*a + 216 -4*a^7 - 32*a^6 + 132*a^5 + 888*a^4 - 1540*a^3 - 732*a^2 + 1804*a + 568 2*a^7 + 22*a^6 - 4*a^5 - 364*a^4 + 474*a^3 + 52*a^2 - 786*a - 84 4*a^7 + 24*a^6 - 76*a^5 - 108*a^4 + 482*a^3 + 84*a^2 - 608*a - 252 -2*a^7 - 22*a^6 + 4*a^5 + 364*a^4 - 474*a^3 - 52*a^2 + 786*a + 84 2*a^8 + 24*a^7 + 10*a^6 - 490*a^5 - 176*a^4 + 2172*a^3 + 326*a^2 - 1634*a - 240 -4*a^7 - 24*a^6 + 156*a^5 + 600*a^4 - 1580*a^3 - 1044*a^2 + 1548*a + 696 -4*a^6 - 44*a^5 - 80*a^4 + 106*a^3 + 44*a^2 + 138*a + 240 2*a^8 + 24*a^7 + 10*a^6 - 490*a^5 - 176*a^4 + 2172*a^3 + 326*a^2 - 1634*a - 240 4*a^7 + 36*a^6 - 64*a^5 - 584*a^4 + 1532*a^3 + 420*a^2 - 1208*a + 128 -8*a^6 - 104*a^5 - 244*a^4 + 812*a^3 + 820*a^2 - 308*a - 312 2*a^7 + 22*a^6 - 4*a^5 - 364*a^4 + 474*a^3 + 52*a^2 - 786*a - 84 4*a^7 + 40*a^6 + 12*a^5 - 484*a^4 - 234*a^3 + 804*a^2 + 376*a - 196 14*a^6 + 104*a^5 - 118*a^4 - 418*a^3 - 168*a^2 + 474*a + 432 -18*a^6 - 208*a^5 - 270*a^4 + 2094*a^3 + 960*a^2 - 1982*a - 816 -6*a^6 - 64*a^5 - 50*a^4 + 858*a^3 + 552*a^2 - 626*a - 256 -24*a^6 - 176*a^5 + 216*a^4 + 928*a^3 - 632*a^2 - 708*a + 424 2*a^7 + 12*a^6 - 26*a^5 - 2*a^4 - 102*a^3 - 376*a^2 + 202*a + 412 -2*a^7 - 26*a^6 - 38*a^5 + 378*a^4 + 186*a^3 - 678*a^2 - 396*a + 40 24*a^6 + 176*a^5 - 216*a^4 - 928*a^3 + 632*a^2 + 708*a - 424 0 -4*a^6 - 44*a^5 - 80*a^4 + 106*a^3 + 44*a^2 + 138*a + 240 4*a^7 + 40*a^6 + 12*a^5 - 484*a^4 - 234*a^3 + 804*a^2 + 376*a - 196 -2*a^7 - 26*a^6 - 38*a^5 + 378*a^4 + 186*a^3 - 678*a^2 - 396*a + 40 2*a^8 + 24*a^7 + 6*a^6 - 552*a^5 - 328*a^4 + 2900*a^3 + 626*a^2 - 2350*a - 476 2*a^7 + 18*a^6 - 32*a^5 - 292*a^4 + 766*a^3 + 210*a^2 - 604*a + 64 2*a^8 + 24*a^7 + 10*a^6 - 490*a^5 - 176*a^4 + 2172*a^3 + 326*a^2 - 1634*a - 240 2*a^7 + 18*a^6 - 32*a^5 - 292*a^4 + 766*a^3 + 210*a^2 - 604*a + 64 2*a^8 + 24*a^7 + 6*a^6 - 552*a^5 - 328*a^4 + 2900*a^3 + 626*a^2 - 2350*a - 476 -2*a^7 - 12*a^6 + 26*a^5 + 2*a^4 + 102*a^3 + 376*a^2 - 202*a - 412 -4*a^6 - 44*a^5 - 80*a^4 + 106*a^3 + 44*a^2 + 138*a + 240 -8*a^6 - 104*a^5 - 244*a^4 + 812*a^3 + 820*a^2 - 308*a - 312 -2*a^7 - 18*a^6 + 32*a^5 + 292*a^4 - 766*a^3 - 210*a^2 + 604*a - 64 4*a^7 + 24*a^6 - 156*a^5 - 600*a^4 + 1580*a^3 + 1044*a^2 - 1548*a - 696 -4*a^7 - 56*a^6 - 100*a^5 + 860*a^4 + 950*a^3 - 1524*a^2 - 1360*a + 140 2*a^6 - 40*a^5 - 338*a^4 + 818*a^3 + 240*a^2 - 882*a - 128 2*a^7 + 26*a^6 + 38*a^5 - 378*a^4 - 186*a^3 + 678*a^2 + 396*a - 40 -2*a^7 - 12*a^6 + 26*a^5 + 2*a^4 + 102*a^3 + 376*a^2 - 202*a - 412 -2*a^8 - 24*a^7 - 6*a^6 + 552*a^5 + 328*a^4 - 2900*a^3 - 626*a^2 + 2350*a + 476 -4*a^7 - 32*a^6 + 32*a^5 + 296*a^4 - 124*a^3 - 444*a^2 + 116*a + 224 8*a^6 + 44*a^5 - 188*a^4 - 358*a^3 + 360*a^2 + 492*a + 28 10*a^6 + 84*a^5 - 34*a^4 - 638*a^3 - 360*a^2 + 550*a + 344 -6*a^6 - 72*a^5 - 110*a^4 + 618*a^3 + 204*a^2 - 678*a - 280 4*a^7 + 40*a^6 + 12*a^5 - 484*a^4 - 234*a^3 + 804*a^2 + 376*a - 196 -8*a^6 - 32*a^5 + 228*a^4 - 200*a^3 - 36*a^2 + 204*a - 152 -2*a^6 - 52*a^5 - 194*a^4 + 838*a^3 + 396*a^2 - 754*a - 192 4*a^6 + 12*a^5 - 144*a^4 - 20*a^3 - 156*a^2 - 128*a + 64 8*a^6 + 44*a^5 - 188*a^4 - 358*a^3 + 360*a^2 + 492*a + 28 over Number field with defining polynomial x^9+14*x^8+20*x^7-323*x^6-576*x^5+1961*x^4+1813*x^3-1651*x^2-1414*x-94
-153*a^4 + 6831*a^3 - 111348*a^2 + 780048*a - 1961460 0 42*a^4 - 1713*a^3 + 26667*a^2 - 190284*a + 529986 0 -42*a^4 + 1713*a^3 - 26667*a^2 + 190284*a - 529986 -3*a^5 + 171*a^4 - 3612*a^3 + 34386*a^2 - 136362*a + 126786 6*a^5 - 336*a^4 + 7386*a^3 - 79554*a^2 + 419118*a - 862086 -9*a^5 + 465*a^4 - 9234*a^3 + 86883*a^2 - 377010*a + 565440 -3*a^5 + 174*a^4 - 4050*a^3 + 47013*a^2 - 270366*a + 611838 0 3*a^5 - 171*a^4 + 3612*a^3 - 34386*a^2 + 136362*a - 126786 3*a^5 - 171*a^4 + 3612*a^3 - 34386*a^2 + 136362*a - 126786 0 3*a^5 - 181*a^4 + 4308*a^3 - 50593*a^2 + 293448*a - 673606 0 0 14*a^4 - 571*a^3 + 8889*a^2 - 63428*a + 176662 0 -2*a^5 + 105*a^4 - 2132*a^3 + 21079*a^2 - 103298*a + 207986 4*a^5 - 224*a^4 + 4924*a^3 - 53036*a^2 + 279412*a - 574724 4*a^5 - 224*a^4 + 4924*a^3 - 53036*a^2 + 279412*a - 574724 51*a^4 - 2277*a^3 + 37116*a^2 - 260016*a + 653820 5*a^5 - 279*a^4 + 6182*a^3 - 68092*a^2 + 373664*a - 819824 7*a^5 - 353*a^4 + 6772*a^3 - 60365*a^2 + 237304*a - 278078 -a^5 + 59*a^4 - 1150*a^3 + 7868*a^2 + 3344*a - 160576 4*a^5 - 224*a^4 + 4924*a^3 - 53036*a^2 + 279412*a - 574724 2*a^5 - 117*a^4 + 2500*a^3 - 23539*a^2 + 86778*a - 43370 a^5 - 57*a^4 + 1204*a^3 - 11462*a^2 + 45454*a - 42262 2*a^5 - 123*a^4 + 2958*a^3 - 34922*a^2 + 203326*a - 469660 -a^5 + 57*a^4 - 1204*a^3 + 11462*a^2 - 45454*a + 42262 a^5 - 57*a^4 + 1204*a^3 - 11462*a^2 + 45454*a - 42262 2*a^5 - 111*a^4 + 2316*a^3 - 22309*a^2 + 95038*a - 125678 3*a^5 - 155*a^4 + 3078*a^3 - 28961*a^2 + 125670*a - 188480 a^5 - 57*a^4 + 1204*a^3 - 11462*a^2 + 45454*a - 42262 -14*a^4 + 571*a^3 - 8889*a^2 + 63428*a - 176662 3*a^5 - 169*a^4 + 3666*a^3 - 37980*a^2 + 185160*a - 329624 a^5 - 57*a^4 + 1204*a^3 - 11462*a^2 + 45454*a - 42262 2*a^5 - 93*a^4 + 1490*a^3 - 8466*a^2 - 4990*a + 135996 -4*a^5 + 225*a^4 - 5070*a^3 + 57245*a^2 - 324080*a + 736408 4*a^5 - 223*a^4 + 4778*a^3 - 48827*a^2 + 234744*a - 413040 7*a^4 - 330*a^3 + 5439*a^2 - 36408*a + 79376 -5*a^5 + 267*a^4 - 5540*a^3 + 55479*a^2 - 265376*a + 475842 2*a^5 - 112*a^4 + 2462*a^3 - 26518*a^2 + 139706*a - 287362 -a^5 + 58*a^4 - 1350*a^3 + 15671*a^2 - 90122*a + 203946 5*a^5 - 267*a^4 + 5540*a^3 - 55479*a^2 + 265376*a - 475842 51*a^4 - 2277*a^3 + 37116*a^2 - 260016*a + 653820 3*a^5 - 155*a^4 + 3078*a^3 - 28961*a^2 + 125670*a - 188480 -6*a^5 + 295*a^4 - 5422*a^3 + 44694*a^2 - 147182*a + 74132 -a^5 + 58*a^4 - 1350*a^3 + 15671*a^2 - 90122*a + 203946 -a^5 + 57*a^4 - 1204*a^3 + 11462*a^2 - 45454*a + 42262 14*a^4 - 571*a^3 + 8889*a^2 - 63428*a + 176662 a^5 - 57*a^4 + 1204*a^3 - 11462*a^2 + 45454*a - 42262 14*a^4 - 571*a^3 + 8889*a^2 - 63428*a + 176662 -a^5 + 57*a^4 - 1204*a^3 + 11462*a^2 - 45454*a + 42262 -2*a^5 + 112*a^4 - 2462*a^3 + 26518*a^2 - 139706*a + 287362 3*a^5 - 155*a^4 + 3078*a^3 - 28961*a^2 + 125670*a - 188480 3*a^5 - 169*a^4 + 3666*a^3 - 37980*a^2 + 185160*a - 329624 -14*a^4 + 571*a^3 - 8889*a^2 + 63428*a - 176662 -2*a^5 + 111*a^4 - 2316*a^3 + 22309*a^2 - 95038*a + 125678 6*a^5 - 325*a^4 + 6890*a^3 - 71150*a^2 + 355498*a - 679788 -5*a^4 + 38*a^3 + 2979*a^2 - 52928*a + 243992 a^5 - 58*a^4 + 1350*a^3 - 15671*a^2 + 90122*a - 203946 -2*a^5 + 112*a^4 - 2462*a^3 + 26518*a^2 - 139706*a + 287362 a^5 - 57*a^4 + 1204*a^3 - 11462*a^2 + 45454*a - 42262 -a^5 + 43*a^4 - 616*a^3 + 2443*a^2 + 14036*a - 98882 -4*a^5 + 209*a^4 - 4190*a^3 + 39808*a^2 - 175254*a + 271896 -2*a^5 + 109*a^4 - 2370*a^3 + 25903*a^2 - 143836*a + 328516 2*a^5 - 115*a^4 + 2554*a^3 - 27133*a^2 + 135576*a - 246208 -2*a^5 + 101*a^4 - 1966*a^3 + 18114*a^2 - 76086*a + 105064 -a^5 + 55*a^4 - 1258*a^3 + 15056*a^2 - 94252*a + 245100 a^4 - 146*a^3 + 4209*a^2 - 44668*a + 161684 3*a^4 - 92*a^3 + 615*a^2 + 4130*a - 41154 15*a^4 - 734*a^3 + 13228*a^2 - 104158*a + 302828 over Number field with defining polynomial x^6-66*x^5+1745*x^4-23457*x^3+166520*x^2-574266*x+698164
a vector of length 73 over Number field with defining polynomial a number field of degree 16
a vector of length 73 over Number field with defining polynomial a number field of degree 35
For conductor 1:
traces of hecke eigenvalues of T_{p^1} are:
8 39 51 139 177 294 528 452 1009 705 1036 1720 2014 1716 2280 3446 3364 5451 4593 5184 6639 7113 7121 7916 
computing eigenvalues for k = 1, took 25.269022 sec
traces of hecke eigenvalues of T_{p^2} are:
-8 78 8 
computing eigenvalues for k = 2, took 0.273865 sec
traces of hecke eigenvalues of T_{p^1} are:
40 156 400 1464 2380 5220 7240 12720 25260 30784 52060 70644 81400 106080 151740 208920 230764 305320 363024 394420 499360 578760 712980 922180 
computing eigenvalues for k = 1, took 25.379600 sec
traces of hecke eigenvalues of T_{p^2} are:
120 780 2800 
computing eigenvalues for k = 2, took 0.272928 sec
traces of hecke eigenvalues of T_{p^1} are:
1 10 -20 76 -125 182 -21 313 -87 -85 -467 -550 -66 736 513 357 -879 1085 321 -534 -104 2540 1441 1573 
computing eigenvalues for k = 1, took 42.696363 sec
traces of hecke eigenvalues of T_{p^2} are:
-10 -24 -64 
computing eigenvalues for k = 2, took 0.269597 sec
traces of hecke eigenvalues of T_{p^1} are:
86 187 357 982 1198 2119 2366 3933 5694 7198 8892 11237 11654 15549 20226 24588 25056 28851 38082 36235 44056 50909 60216 64249 
computing eigenvalues for k = 1, took 25.186573 sec
traces of hecke eigenvalues of T_{p^2} are:
64 30 56 
computing eigenvalues for k = 2, took 0.271568 sec
traces of hecke eigenvalues of T_{p^1} are:
20 -89 7 -54 -43 -391 949 -94 -367 1492 -596 -299 3352 -640 -1467 2733 455 2624 -401 4022 1962 -2212 -5135 852 
computing eigenvalues for k = 1, took 25.790250 sec
traces of hecke eigenvalues of T_{p^2} are:
-40 -24 -103 
computing eigenvalues for k = 2, took 0.250989 sec
traces of hecke eigenvalues of T_{p^1} are:
137 293 672 1383 2261 3362 4687 6232 9447 11610 16916 19975 23075 27215 32441 41541 44711 54195 58622 65552 75614 81891 93702 114722 
computing eigenvalues for k = 1, took 25.319474 sec
traces of hecke eigenvalues of T_{p^2} are:
68 -114 576 
computing eigenvalues for k = 2, took 0.290415 sec
traces of hecke eigenvalues of T_{p^1} are:
20 70 78 306 214 712 540 1184 1570 1918 2596 4068 3904 4992 5456 7172 7608 9582 10218 10576 11518 14610 14734 18420 
computing eigenvalues for k = 1, took 25.181902 sec
traces of hecke eigenvalues of T_{p^2} are:
0 108 -176 
computing eigenvalues for k = 2, took 0.269299 sec
traces of hecke eigenvalues of T_{p^1} are:
-4 -22 14 -6 76 -206 238 92 -222 288 -186 726 184 -84 -530 154 742 -560 466 -1400 -12 1174 -1926 -914 
computing eigenvalues for k = 1, took 25.661798 sec
traces of hecke eigenvalues of T_{p^2} are:
-10 -26 -20 
computing eigenvalues for k = 2, took 0.250480 sec
For conductor 2:
traces of hecke eigenvalues of T_{p^1} are:
-16 -24 -14 40 -87 10 -9 89 -55 -488 -237 -421 518 22 463 -29 -693 347 -21 -79 -1074 1601 -141 -803 
computing eigenvalues for k = 1, took 642.941905 sec
traces of hecke eigenvalues of T_{p^2} are:
20 18 -29 
computing eigenvalues for k = 2, took 0.603442 sec
traces of hecke eigenvalues of T_{p^1} are:
1 10 -20 76 -125 182 -21 313 -87 -85 -467 -550 -66 736 513 357 -879 1085 321 -534 -104 2540 1441 1573 
computing eigenvalues for k = 1, took 370.210687 sec
traces of hecke eigenvalues of T_{p^2} are:
-10 -24 -64 
computing eigenvalues for k = 2, took 0.630264 sec
traces of hecke eigenvalues of T_{p^1} are:
-4 -22 14 -6 76 -206 238 92 -222 288 -186 726 184 -84 -530 154 742 -560 466 -1400 -12 1174 -1926 -914 
computing eigenvalues for k = 1, took 373.144170 sec
traces of hecke eigenvalues of T_{p^2} are:
-10 -26 -20 
computing eigenvalues for k = 2, took 0.619134 sec
For conductor 139:
traces of hecke eigenvalues of T_{p^1} are:
-24 -12 -26 -58 23 80 -213 177 -189 -340 -77 205 -188 810 -177 377 -457 -481 -565 49 820 -801 -1285 -71 
computing eigenvalues for k = 1, took 638.041061 sec
traces of hecke eigenvalues of T_{p^2} are:
32 2 57 
computing eigenvalues for k = 2, took 0.618485 sec
traces of hecke eigenvalues of T_{p^1} are:
-19 -22 -26 2 -17 -70 -103 -183 -74 180 -77 -190 92 -355 78 -358 -147 -1676 675 -211 340 -226 1085 1129 
computing eigenvalues for k = 1, took 635.894498 sec
traces of hecke eigenvalues of T_{p^2} are:
17 -3 -98 
computing eigenvalues for k = 2, took 0.599693 sec
traces of hecke eigenvalues of T_{p^1} are:
-16 -5 -67 -39 57 250 -78 126 200 -202 -40 396 -716 205 939 219 -278 -18 755 785 -459 1021 991 1824 
computing eigenvalues for k = 1, took 647.259082 sec
traces of hecke eigenvalues of T_{p^2} are:
-19 -37 42 
computing eigenvalues for k = 2, took 0.607906 sec
For conductor 278:
traces of hecke eigenvalues of T_{p^1} are:
-19 -22 -26 2 -17 -70 -103 -183 -74 180 -77 -190 92 -355 78 -358 -147 -1676 675 -211 340 -226 1085 1129 
computing eigenvalues for k = 1, took 187.260602 sec
traces of hecke eigenvalues of T_{p^2} are:
17 -3 -98 
computing eigenvalues for k = 2, took 0.601299 sec
traces of hecke eigenvalues of T_{p^1} are:
-16 -5 -67 -39 57 250 -78 126 200 -202 -40 396 -716 205 939 219 -278 -18 755 785 -459 1021 991 1824 
computing eigenvalues for k = 1, took 189.683141 sec
traces of hecke eigenvalues of T_{p^2} are:
-19 -37 42 
computing eigenvalues for k = 2, took 0.595920 sec
traces of hecke eigenvalues of T_{p^1} are:
-14 -26 -40 -207 31 -99 -98 91 415 703 783 352 634 396 -516 -1054 2454 -1422 -2525 -61 1839 -1804 -2387 -175 
computing eigenvalues for k = 1, took 158.399045 sec
traces of hecke eigenvalues of T_{p^2} are:
-28 -2 -108 
computing eigenvalues for k = 2, took 0.687515 sec
traces of hecke eigenvalues of T_{p^1} are:
66 161 263 658 1020 1701 2118 3119 5104 5464 8377 10806 10802 13344 16780 20276 23244 27115 30088 32329 37554 42257 49936 57139 
computing eigenvalues for k = 1, took 168.091607 sec
traces of hecke eigenvalues of T_{p^2} are:
24 30 -296 
computing eigenvalues for k = 2, took 0.578315 sec
traces of hecke eigenvalues of T_{p^1} are:
181 484 881 1976 2882 4780 5987 8438 13976 15545 21835 26174 29777 34814 45663 54689 59255 71038 77381 84414 97725 109342 126029 151454 
computing eigenvalues for k = 1, took 164.433451 sec
traces of hecke eigenvalues of T_{p^2} are:
84 408 648 
computing eigenvalues for k = 2, took 0.581225 sec
traces of hecke eigenvalues of T_{p^1} are:
-33 50 81 -168 359 114 -220 -477 251 189 1599 0 511 -1771 388 -2746 5672 -1009 -844 1697 -2795 -5889 2732 7921 
computing eigenvalues for k = 1, took 148.174553 sec
traces of hecke eigenvalues of T_{p^2} are:
-62 -164 -257 
computing eigenvalues for k = 2, took 0.646481 sec
