constructing eigenvector for poly
x-15
constructing eigenvector for poly
x+2
constructing eigenvector for poly
x^26+26*x^25+203*x^24-164*x^23-9140*x^22-26070*x^21+134161*x^20+683160*x^19-741006*x^18-7640282*x^17-574568*x^16+47120356*x^15+25697480*x^14-174156814*x^13-127413233*x^12+395598728*x^11+312153145*x^10-541323416*x^9-444368588*x^8+419167298*x^7+376122192*x^6-152235698*x^5-175105012*x^4+4447764*x^3+33577768*x^2+8360000*x+540000
constructing eigenvector for poly
x^38-218*x^37+22920*x^36-1548041*x^35+75484703*x^34-2831355229*x^33+84998655091*x^32-2098030467762*x^31+43409200777393*x^30-763765377681721*x^29+11553182129652569*x^28-151526922793288544*x^27+1734604907592622670*x^26-17421319752993794450*x^25+154124767476241463998*x^24-1204748778556159426220*x^23+8339058320364363160563*x^22-51189765720793286968924*x^21+278906913345173153336866*x^20-1349100345555658767365689*x^19+5791374467365518763448107*x^18-22042567355122453317491321*x^17+74270857367447010671878943*x^16-221060783186069954148459098*x^15+579575236697461262727465571*x^14-1333688501558855879807938929*x^13+2681726574286104234084163133*x^12-4686213702867723020942083494*x^11+7069399520897027299450761312*x^10-9131630258401730237039028408*x^9+9998567642899227266476233072*x^8-9163606412662532380308212224*x^7+6917242067734246648102686976*x^6-4210640050958608491158702080*x^5+2008028050119652727861966592*x^4-719595293717362711478151168*x^3+181477534350062732619484160*x^2-28595995003998460547346432*x+2108817356932763871428608
constructing eigenvector for poly
x+4
computing eigenvectors took 0.414136 sec
For conductor 1, eigenvectors are:
-1 -1 -1 -1 -1 -1 -1 -1 -1 -1 -1 -1 -1 -1 -1 -1 -1 -1 -1 -1 -1 -1 -1 -1 -1 -1 -1 -1 -1 -1 -1 -1 -1 -1 -1 -1 -1 -1 -1 -1 -1 -1 -1 -1 -1 -1 -1 -1 -1 -1 -1 -1 -1 -1 -1 -1 -1 -1 -1 -1 -1 -1 -1 -1 -1 -1 over Number field with defining polynomial x-15
0 6 0 -6 0 0 3 -3 -4 0 3 -3 0 -3 0 0 3 -6 6 0 3 -6 0 3 3 3 0 -3 0 0 -2 0 1 -1 1 1 0 1 -1 -2 2 0 -1 1 0 4 -2 1 1 1 -1 0 1 2 -2 0 0 0 -3 -2 -1 -1 1 2 -1 0 over Number field with defining polynomial x+2
a vector of length 66 over Number field with defining polynomial a number field of degree 26
a vector of length 66 over Number field with defining polynomial a number field of degree 38
For conductor 331, eigenvectors are:
1 over Number field with defining polynomial x+4
For conductor 1:
traces of hecke eigenvalues of T_{p^1} are:
15 40 156 400 1464 2380 5220 7240 12720 25260 30784 52060 70644 81400 106080 151740 208920 230764 305320 363024 394420 499360 578760 712980 922180 
computing eigenvalues for k = 1, took 15.042155 sec
traces of hecke eigenvalues of T_{p^2} are:
30 120 780 2800 
computing eigenvalues for k = 2, took 0.218676 sec
traces of hecke eigenvalues of T_{p^1} are:
-2 6 -13 4 -6 100 -61 5 72 34 19 38 -130 179 -2 463 -968 -620 -381 -555 96 175 -8 460 1732 
computing eigenvalues for k = 1, took 11.394154 sec
traces of hecke eigenvalues of T_{p^2} are:
-1 4 6 -28 
computing eigenvalues for k = 2, took 0.216688 sec
traces of hecke eigenvalues of T_{p^1} are:
-26 -22 -94 62 120 -4 -232 1136 -290 302 1920 268 -386 480 -854 -3816 732 2120 3454 1542 1642 4760 -1646 -3752 -1946 
computing eigenvalues for k = 1, took 11.422823 sec
traces of hecke eigenvalues of T_{p^2} are:
-28 -54 2 -48 
computing eigenvalues for k = 2, took 0.216672 sec
traces of hecke eigenvalues of T_{p^1} are:
218 447 1025 2082 4811 6733 11120 14031 20628 31767 37106 52565 63512 70879 84032 107207 131737 141235 172243 191132 203944 239232 259542 297147 360544 
computing eigenvalues for k = 1, took 15.351498 sec
traces of hecke eigenvalues of T_{p^2} are:
84 268 222 1456 
computing eigenvalues for k = 2, took 0.242383 sec
For conductor 331:
traces of hecke eigenvalues of T_{p^1} are:
-4 -10 1 -10 -20 12 -19 -107 8 104 -201 54 234 181 -30 143 -232 -414 -437 -255 444 -371 -296 -508 702 
computing eigenvalues for k = 1, took 678.861949 sec
traces of hecke eigenvalues of T_{p^2} are:
3 12 -2 24 
computing eigenvalues for k = 2, took 0.617846 sec
