constructing eigenvector for poly
x-2
constructing eigenvector for poly
x-40
constructing eigenvector for poly
x^25+34*x^24+206*x^23-5204*x^22-76129*x^21-15151*x^20+5282979*x^19+24672959*x^18-117190949*x^17-1136783918*x^16-325677066*x^15+20864214319*x^14+49997651556*x^13-152407219882*x^12-739456378938*x^11-49254866328*x^10+4202411938072*x^9+5775595825156*x^8-7273794286768*x^7-21985693639592*x^6-6055632511536*x^5+25527704677712*x^4+22827943323744*x^3-4934614785504*x^2-13113281698624*x-4301274782336
constructing eigenvector for poly
x^65+22*x^64-975*x^63-22782*x^62+436432*x^61+10875839*x^60-119376490*x^59-3185411054*x^58+22402119666*x^57+642525635484*x^56-3069742285733*x^55-94961286726621*x^54+319229053651441*x^53+10680313400476396*x^52-25857273836749835*x^51-937130060635085206*x^50+1662259594531084382*x^49+65245932355925232142*x^48-86055833510710224790*x^47-3646949419099634249933*x^46+3632399043594687064351*x^45+164971373570994954368753*x^44-126464142080154548862992*x^43-6071193432295410590716819*x^42+3674478123810287596294632*x^41+182337100172921720722113733*x^40-90171972882250713201904023*x^39-4474995022703407530722582417*x^38+1889433532577772621084330303*x^37+89731079536675036249214057578*x^36-34046872492773464513457744170*x^35-1467676711922580497716576306227*x^34+527801238302782232781245426319*x^33+19523397948982297389360137031205*x^32-6985215456316933817195835277913*x^31-210269788659941760914324529260468*x^30+77804179239869571797881417461425*x^29+1822325843354367103214369345082076*x^28-716373180446190907962244312871326*x^27-12605623538109492132419266770184666*x^26+5348530483654542061307383000963162*x^25+68861588454659971352532071404597662*x^24-31750650265921104347233375946860501*x^23-293016208342963447508654328773624643*x^22+146808352639162672519186483379664342*x^21+954141124292391555981152835233415600*x^20-516767234470147512399068769049468194*x^19-2324241411816515763659088499831052952*x^18+1348018917087993531517847889710458409*x^17+4115637747849863600091996338777360546*x^16-2521463967537313553579369066088596313*x^15-5115413603522778470605003144702106987*x^14+3246478953495495724836088395117937907*x^13+4293352666324051975306879808676889513*x^12-2738271192108157797235911745504140760*x^11-2357464002095841629000403275666492072*x^10+1436389074954546117893231081534737145*x^9+841442312977136832889519944550905042*x^8-452500696940931011323364840197723074*x^7-193685786369347146701716794743111886*x^6+81439019741782774488532197661177962*x^5+27586099441538488120470386355340599*x^4-7492964015588262803887681825238616*x^3-2160726298488155470342680515003130*x^2+261189896206901506829901386316060*x+67599353368552719744156830824624
constructing eigenvector for poly
x^21-245*x^20+28247*x^19-2037480*x^18+103107484*x^17-3890916723*x^16+113604060970*x^15-2628032260206*x^14+48927181486584*x^13-740498373269952*x^12+9164506206682322*x^11-92975082247748001*x^10+772685317078147104*x^9-5240428446669296786*x^8+28794529142857296180*x^7-126725218066321006972*x^6+439171925486550224766*x^5-1168690837943093345376*x^4+2298407895009919746700*x^3-3138398001353879763056*x^2+2649474579102309270808*x-1038689401630792285472
constructing eigenvector for poly
x^40-462*x^39+103367*x^38-14921620*x^37+1562202055*x^36-126414416942*x^35+8228592143778*x^34-442730787178842*x^33+20079465183590666*x^32-778995900987573950*x^31+26145042028201816937*x^30-765869739865716920482*x^29+19718708652615762879650*x^28-448737794718418294190394*x^27+9066526439627075208777256*x^26-163217364731895499457220466*x^25+2625279179677985903187548996*x^24-37808094760901848479431518260*x^23+488263287007292765878366439672*x^22-5659916403455569819163396506980*x^21+58919867477152051822279059467486*x^20-550820003260398852054179508263674*x^19+4622195130409792784706335558802495*x^18-34782665306718506448163136575373374*x^17+234380041364803230422296699324336830*x^16-1411414814323330810984816624414825074*x^15+7576003281652399671195320814792861286*x^14-36129383379985515687290538504448917970*x^13+152461768289584890572163113303086700932*x^12-566479013620416768688148333696469590696*x^11+1841959252102110020448895834429899811180*x^10-5202159704780617620449945581634585813496*x^9+12642482025731711864527804576725561131408*x^8-26127635976750728142759962665058869235552*x^7+45225768000483591291899789237148113774272*x^6-64260609210724067969613091798892512326720*x^5+72899686483928719093291333286203629969024*x^4-63410097688006596486242584093914775478016*x^3+39659796236605868459569439034633227806208*x^2-15858588918428486224057744347699082184704*x+3041292040194327334120076711246318845952
constructing eigenvector for poly
x-2
constructing eigenvector for poly
x^4+44*x^3+712*x^2+5041*x+13211
constructing eigenvector for poly
x^25+34*x^24+206*x^23-5204*x^22-76129*x^21-15151*x^20+5282979*x^19+24672959*x^18-117190949*x^17-1136783918*x^16-325677066*x^15+20864214319*x^14+49997651556*x^13-152407219882*x^12-739456378938*x^11-49254866328*x^10+4202411938072*x^9+5775595825156*x^8-7273794286768*x^7-21985693639592*x^6-6055632511536*x^5+25527704677712*x^4+22827943323744*x^3-4934614785504*x^2-13113281698624*x-4301274782336
constructing eigenvector for poly
x+4
constructing eigenvector for poly
x^5+32*x^4+380*x^3+2101*x^2+5445*x+5324
constructing eigenvector for poly
x^5+30*x^4+313*x^3+1320*x^2+1778*x-279
constructing eigenvector for poly
x^17-193*x^16+17301*x^15-956200*x^14+36472210*x^13-1018260811*x^12+21533704408*x^11-352099904758*x^10+4503593811716*x^9-45287261552804*x^8+357782130265226*x^7-2206580487771759*x^6+10486925669892250*x^5-37578097164059320*x^4+97992696575942290*x^3-175152219025559604*x^2+191520954472320990*x-96433088715462572
constructing eigenvector for poly
x^53-7*x^52-571*x^51+4538*x^50+140295*x^49-1255515*x^48-19635367*x^47+199552285*x^46+1739920034*x^45-20623606828*x^44-101584669150*x^43+1483008364229*x^42+3837950920150*x^41-77338043534556*x^40-78989454709965*x^39+3003255799739980*x^38-309059312023293*x^37-88284414260820368*x^36+85029004648018992*x^35+1981988136677917300*x^34-3306504172290315287*x^33-34052289080740563923*x^32+78203046948000326265*x^31+445495343159360169501*x^30-1300941631969847687696*x^29-4375651018559399258908*x^28+15901929306715465532580*x^27+31336370665129815227501*x^26-144796296800141904634411*x^25-153616756096154960937836*x^24+981942980587152070421211*x^23+427839096269729583114881*x^22-4915647553780232949718201*x^21+20827162149695813114717*x^20+17889698802654893583030982*x^19-5594526047539788775990914*x^18-46373692462203665906128690*x^17+24102874306898121556844517*x^16+83488674480525920638756135*x^15-53474309009547832178254481*x^14-101128755137394508259463020*x^13+68570443102726798562518748*x^12+78932297796218538502550831*x^11-49352573448334671954147906*x^10-37161737544456777700367463*x^9+17588603699748240158379725*x^8+9322440225967337332298268*x^7-2243602833394346766592386*x^6-851700298106539182547850*x^5+12681417726844128338932*x^4+10256791960022329959771*x^3-272175357979162694000*x^2-17071164105013340016*x+339370675374950272
constructing eigenvector for poly
x^5+30*x^4+313*x^3+1320*x^2+1778*x-279
computing eigenvectors took 4.962264 sec
For conductor 1, eigenvectors are:
0 -12 12 0 0 0 0 8 8 -4 -4 0 -12 -6 4 -4 4 6 -2 4 -8 6 6 2 0 2 -6 -2 8 -8 0 2 -2 0 -3 -3 9 0 -6 -6 -3 0 -3 9 -6 2 0 -4 -2 6 2 1 0 2 3 0 7 -4 2 2 8 -6 1 -1 2 6 0 4 2 0 2 0 -2 2 8 -4 3 -1 -1 -3 -6 4 -2 -7 -2 2 -2 0 3 -3 -4 -2 -2 3 -2 -1 3 -1 -3 4 0 1 1 -4 -1 -4 3 -2 -1 -4 3 1 0 1 -2 -3 0 -3 -2 0 0 -3 -3 0 0 3 -5 -2 1 4 -3 3 4 -3 -1 2 2 -1 2 3 1 2 0 -1 -2 1 3 -4 2 1 6 -3 0 over Number field with defining polynomial x-2
-1 -1 -1 -1 -1 -1 -1 -1 -1 -1 -1 -1 -1 -1 -1 -1 -1 -1 -1 -1 -1 -1 -1 -1 -1 -1 -1 -1 -1 -1 -1 -1 -1 -1 -1 -1 -1 -1 -1 -1 -1 -1 -1 -1 -1 -1 -1 -1 -1 -1 -1 -1 -1 -1 -1 -1 -1 -1 -1 -1 -1 -1 -1 -1 -1 -1 -1 -1 -1 -1 -1 -1 -1 -1 -1 -1 -1 -1 -1 -1 -1 -1 -1 -1 -1 -1 -1 -1 -1 -1 -1 -1 -1 -1 -1 -1 -1 -1 -1 -1 -1 -1 -1 -1 -1 -1 -1 -1 -1 -1 -1 -1 -1 -1 -1 -1 -1 -1 -1 -1 -1 -1 -1 -1 -1 -1 -1 -1 -1 -1 -1 -1 -1 -1 -1 -1 -1 -1 -1 -1 -1 -1 -1 -1 -1 -1 -1 -1 -1 -1 -1 -1 -1 over Number field with defining polynomial x-40
a vector of length 153 over Number field with defining polynomial a number field of degree 25
a vector of length 153 over Number field with defining polynomial a number field of degree 65
a vector of length 153 over Number field with defining polynomial a number field of degree 21
a vector of length 153 over Number field with defining polynomial a number field of degree 40
For conductor 2, eigenvectors are:
0 -1 0 -1 0 2 0 0 -1 1 0 -1 0 1 1 0 1 -1 -1 0 0 -1 0 -1 0 -1 -1 0 1 -1 over Number field with defining polynomial x-2
-2*a^3 - 68*a^2 - 754*a - 2740 0 -4*a^2 - 80*a - 398 0 -2*a^3 - 66*a^2 - 706*a - 2466 0 0 -2*a^2 - 32*a - 124 -2*a^3 - 68*a^2 - 754*a - 2740 -2*a^3 - 70*a^2 - 786*a - 2864 -6*a-58 0 6*a+58 0 -2*a^3 - 66*a^2 - 706*a - 2466 2*a^2 + 32*a + 124 0 4*a^2 + 86*a + 456 -2*a^3 - 70*a^2 - 786*a - 2864 -a^3 - 32*a^2 - 334*a - 1142 -a^3 - 33*a^2 - 353*a - 1233 -3*a-29 a^2 + 16*a + 62 a^3 + 34*a^2 + 377*a + 1370 2*a^2 + 43*a + 228 -a^3 - 35*a^2 - 393*a - 1432 a^2 + 19*a + 91 -2*a^2 - 43*a - 228 3*a+29 -a^2 - 16*a - 62 over Number field with defining polynomial x^4+44*x^3+712*x^2+5041*x+13211
a vector of length 30 over Number field with defining polynomial a number field of degree 25
For conductor 353, eigenvectors are:
0 -1 0 0 0 1 -1 0 0 -1 0 over Number field with defining polynomial x+4
a^4 + 24*a^3 + 206*a^2 + 748*a + 968 -a^4 - 23*a^3 - 187*a^2 - 627*a - 726 -4*a^3 - 65*a^2 - 319*a - 484 -a^3 - 10*a^2 - 22*a a^4 + 26*a^3 + 231*a^2 + 814*a + 968 2*a^3 + 31*a^2 + 154*a + 242 a^4 + 23*a^3 + 185*a^2 + 616*a + 726 -5*a^3 - 75*a^2 - 341*a - 484 a^2 2*a^3 + 33*a^2 + 165*a + 242 a^3 + 10*a^2 + 22*a over Number field with defining polynomial x^5+32*x^4+380*x^3+2101*x^2+5445*x+5324
-4*a^3 - 80*a^2 - 466*a - 741 -a^4 - 24*a^3 - 177*a^2 - 450*a - 249 -a^4 - 29*a^3 - 290*a^2 - 1141*a - 1380 -a^4 - 23*a^3 - 173*a^2 - 530*a - 579 -a^4 - 24*a^3 - 177*a^2 - 450*a - 249 -a^4 - 23*a^3 - 164*a^2 - 420*a - 387 4*a^3 + 80*a^2 + 466*a + 741 2*a^3 + 46*a^2 + 255*a + 252 -3*a^3 - 67*a^2 - 436*a - 879 -3*a^3 - 67*a^2 - 436*a - 879 -a^3 - 30*a^2 - 291*a - 819 over Number field with defining polynomial x^5+30*x^4+313*x^3+1320*x^2+1778*x-279
For conductor 706, eigenvectors are:
a vector of length 75 over Number field with defining polynomial a number field of degree 17
a vector of length 75 over Number field with defining polynomial a number field of degree 53
0 0 -6*a^4 - 180*a^3 - 1758*a^2 - 6498*a - 7158 6*a^4 + 180*a^3 + 1758*a^2 + 6498*a + 7158 -6*a^4 - 120*a^3 - 660*a^2 - 36*a + 5232 30*a^3 + 564*a^2 + 2844*a + 2760 0 0 6*a^4 + 180*a^3 + 1758*a^2 + 6498*a + 7158 0 0 -6*a^4 - 120*a^3 - 660*a^2 - 36*a + 5232 6*a^4 + 132*a^3 + 1026*a^2 + 3396*a + 3738 -4*a^4 - 80*a^3 - 440*a^2 - 24*a + 3488 20*a^3 + 376*a^2 + 1896*a + 1840 -4*a^4 - 120*a^3 - 1172*a^2 - 4332*a - 4772 0 0 20*a^3 + 376*a^2 + 1896*a + 1840 0 -4*a^4 - 88*a^3 - 684*a^2 - 2264*a - 2492 4*a^4 + 72*a^3 + 444*a^2 + 1180*a + 1640 0 0 -20*a^3 - 376*a^2 - 1896*a - 1840 -4*a^4 - 120*a^3 - 1172*a^2 - 4332*a - 4772 4*a^4 + 80*a^3 + 440*a^2 + 24*a - 3488 -4*a^4 - 88*a^3 - 684*a^2 - 2264*a - 2492 -4*a^3 - 122*a^2 - 1120*a - 2990 2*a^4 + 60*a^3 + 586*a^2 + 2166*a + 2386 -2*a^4 - 36*a^3 - 222*a^2 - 590*a - 820 0 2*a^4 + 36*a^3 + 222*a^2 + 590*a + 820 4*a^3 - 2*a^2 - 578*a - 2564 -4*a^3 + 2*a^2 + 578*a + 2564 -10*a^3 - 188*a^2 - 948*a - 920 -2*a^4 - 36*a^3 - 222*a^2 - 590*a - 820 -2*a^4 - 56*a^3 - 588*a^2 - 2744*a - 4950 2*a^4 + 60*a^3 + 586*a^2 + 2166*a + 2386 0 -4*a^4 - 104*a^3 - 928*a^2 - 3298*a - 3632 2*a^4 + 40*a^3 + 220*a^2 + 12*a - 1744 2*a^4 + 64*a^3 + 708*a^2 + 3286*a + 5376 -4*a^4 - 114*a^3 - 1116*a^2 - 4246*a - 4552 0 -2*a^4 - 70*a^3 - 774*a^2 - 3114*a - 3306 -10*a^3 - 188*a^2 - 948*a - 920 2*a^4 + 40*a^3 + 220*a^2 + 12*a - 1744 -2*a^4 - 44*a^3 - 342*a^2 - 1132*a - 1246 -10*a^3 - 188*a^2 - 948*a - 920 -2*a^4 - 36*a^3 - 222*a^2 - 590*a - 820 0 0 2*a^4 + 36*a^3 + 222*a^2 + 590*a + 820 -4*a^4 - 96*a^3 - 808*a^2 - 2756*a - 3206 -2*a^4 - 44*a^3 - 342*a^2 - 1132*a - 1246 -2*a^4 - 40*a^3 - 220*a^2 - 12*a + 1744 0 2*a^4 + 44*a^3 + 342*a^2 + 1132*a + 1246 2*a^4 + 36*a^3 + 222*a^2 + 590*a + 820 0 -10*a^3 - 188*a^2 - 948*a - 920 2*a^4 + 44*a^3 + 342*a^2 + 1132*a + 1246 0 -a^4 - 18*a^3 - 111*a^2 - 295*a - 410 -a^4 - 27*a^3 - 265*a^2 - 1040*a - 1083 -a^4 - 20*a^3 - 110*a^2 - 6*a + 872 -2*a^4 - 53*a^3 - 498*a^2 - 1852*a - 2063 -a^4 - 27*a^3 - 265*a^2 - 1040*a - 1083 4*a^3 + 60*a^2 + 271*a + 213 -a^4 - 18*a^3 - 111*a^2 - 295*a - 410 -2*a^3 - 61*a^2 - 560*a - 1495 5*a^3 + 94*a^2 + 474*a + 460 5*a^3 + 94*a^2 + 474*a + 460 -10*a^3 - 183*a^2 - 1077*a - 2065 over Number field with defining polynomial x^5+30*x^4+313*x^3+1320*x^2+1778*x-279
For conductor 1:
traces of hecke eigenvalues of T_{p^1} are:
2 -2 0 8 2 48 24 40 136 -124 -214 96 -112 384 -838 -186 -456 -538 636 -464 -152 -1316 724 1396 
computing eigenvalues for k = 1, took 10.562489 sec
traces of hecke eigenvalues of T_{p^2} are:
0 -40 -80 
computing eigenvalues for k = 2, took 0.249587 sec
traces of hecke eigenvalues of T_{p^1} are:
40 156 400 1464 2380 5220 7240 12720 25260 30784 52060 70644 81400 106080 151740 208920 230764 305320 363024 394420 499360 578760 712980 922180 
computing eigenvalues for k = 1, took 15.599353 sec
traces of hecke eigenvalues of T_{p^2} are:
120 780 2800 
computing eigenvalues for k = 2, took 0.298337 sec
traces of hecke eigenvalues of T_{p^1} are:
-34 54 -138 -2 -40 821 -16 1013 313 -746 9 2166 -820 -94 4653 -315 -42 -3785 -138 1399 -5460 3742 6959 2202 
computing eigenvalues for k = 1, took 10.669352 sec
traces of hecke eigenvalues of T_{p^2} are:
-67 -62 62 
computing eigenvalues for k = 2, took 0.253468 sec
traces of hecke eigenvalues of T_{p^1} are:
-22 8 105 -171 621 143 887 -1434 -136 1617 2986 2802 2913 -1707 -2101 -3119 10824 115 -6504 6384 -218 -8760 2255 4565 
computing eigenvalues for k = 1, took 12.075871 sec
traces of hecke eigenvalues of T_{p^2} are:
-70 -275 -266 
computing eigenvalues for k = 2, took 0.433261 sec
traces of hecke eigenvalues of T_{p^1} are:
245 613 1157 2653 3918 6335 7962 11131 17822 20613 29970 35797 39648 46587 59466 73131 79279 96260 103601 113819 130807 146105 165341 197344 
computing eigenvalues for k = 1, took 15.535051 sec
traces of hecke eigenvalues of T_{p^2} are:
140 402 856 
computing eigenvalues for k = 2, took 0.301449 sec
traces of hecke eigenvalues of T_{p^1} are:
462 1170 2020 5188 6968 12062 14762 21618 34368 38528 54846 68250 73548 88902 112788 139880 149790 176160 201874 213502 246040 274956 318858 378108 
computing eigenvalues for k = 1, took 15.952631 sec
traces of hecke eigenvalues of T_{p^2} are:
248 780 160 
computing eigenvalues for k = 2, took 0.338362 sec
For conductor 2:
traces of hecke eigenvalues of T_{p^1} are:
2 -2 0 8 2 48 24 40 136 -124 -214 96 -112 384 -838 -186 -456 -538 636 -464 -152 -1316 724 1396 
computing eigenvalues for k = 1, took 417.401623 sec
traces of hecke eigenvalues of T_{p^2} are:
0 -40 -80 
computing eigenvalues for k = 2, took 0.751533 sec
traces of hecke eigenvalues of T_{p^1} are:
-44 -50 -45 -91 -81 179 -267 171 -32 -592 -259 242 -588 -176 150 -465 -717 829 382 988 -430 118 -481 361 
computing eigenvalues for k = 1, took 413.141128 sec
traces of hecke eigenvalues of T_{p^2} are:
54 47 36 
computing eigenvalues for k = 2, took 0.620987 sec
traces of hecke eigenvalues of T_{p^1} are:
-34 54 -138 -2 -40 821 -16 1013 313 -746 9 2166 -820 -94 4653 -315 -42 -3785 -138 1399 -5460 3742 6959 2202 
computing eigenvalues for k = 1, took 412.348792 sec
traces of hecke eigenvalues of T_{p^2} are:
-67 -62 62 
computing eigenvalues for k = 2, took 0.623049 sec
For conductor 353:
traces of hecke eigenvalues of T_{p^1} are:
-4 -3 -18 -44 -53 78 90 76 -114 120 -167 -122 -164 -40 244 534 -438 300 360 -990 -2032 -198 688 477 
computing eigenvalues for k = 1, took 726.661324 sec
traces of hecke eigenvalues of T_{p^2} are:
2 0 36 
computing eigenvalues for k = 2, took 0.670729 sec
traces of hecke eigenvalues of T_{p^1} are:
-32 -43 -51 93 -102 -67 -445 453 -108 -908 -384 -946 248 742 -110 159 -1139 121 -260 -396 36 2858 -355 -466 
computing eigenvalues for k = 1, took 715.414491 sec
traces of hecke eigenvalues of T_{p^2} are:
34 -13 -80 
computing eigenvalues for k = 2, took 0.678085 sec
traces of hecke eigenvalues of T_{p^1} are:
-30 -56 -44 -18 -82 -259 238 -313 -289 24 -345 -458 598 452 -373 315 184 -1363 656 -1043 482 -2016 -2303 -3168 
computing eigenvalues for k = 1, took 715.024589 sec
traces of hecke eigenvalues of T_{p^2} are:
13 8 26 
computing eigenvalues for k = 2, took 0.706279 sec
For conductor 706:
traces of hecke eigenvalues of T_{p^1} are:
193 467 933 2025 2918 5035 6148 8961 14186 16429 22906 28225 30806 37509 47388 58633 63179 75772 85235 90279 105743 114795 133647 161232 
computing eigenvalues for k = 1, took 160.742270 sec
traces of hecke eigenvalues of T_{p^2} are:
92 150 664 
computing eigenvalues for k = 2, took 0.720313 sec
traces of hecke eigenvalues of T_{p^1} are:
7 -134 50 -299 -102 -951 985 -5 -1126 2127 663 -1250 3492 2170 -2125 4886 6187 5635 3726 2480 5619 818 -11704 348 
computing eigenvalues for k = 1, took 164.836084 sec
traces of hecke eigenvalues of T_{p^2} are:
-112 -169 -262 
computing eigenvalues for k = 2, took 0.801497 sec
traces of hecke eigenvalues of T_{p^1} are:
-30 -56 -44 -18 -82 -259 238 -313 -289 24 -345 -458 598 452 -373 315 184 -1363 656 -1043 482 -2016 -2303 -3168 
computing eigenvalues for k = 1, took 206.249778 sec
traces of hecke eigenvalues of T_{p^2} are:
13 8 26 
computing eigenvalues for k = 2, took 0.669055 sec
