constructing eigenvector for poly
x-4
constructing eigenvector for poly
x-15
constructing eigenvector for poly
x-7
constructing eigenvector for poly
x-1
constructing eigenvector for poly
x^3-20*x^2+117*x-174
constructing eigenvector for poly
x^4-28*x^3+267*x^2-988*x+1148
constructing eigenvector for poly
x^6+2*x^5-46*x^4-36*x^3+337*x^2+194*x-436
constructing eigenvector for poly
x^21-134*x^20+8421*x^19-329833*x^18+9025751*x^17-183327513*x^16+2866339191*x^15-35306777799*x^14+347806719852*x^13-2765896255645*x^12+17846982071512*x^11-93582182731228*x^10+398082163351080*x^9-1366846427382424*x^8+3755321660063424*x^7-8147092207249360*x^6+13689960054975456*x^5-17322585836885264*x^4+15819645068084672*x^3-9736646405432640*x^2+3562500876028416*x-572707593372672
constructing eigenvector for poly
x^13-65*x^12+1877*x^11-31766*x^10+350039*x^9-2639106*x^8+13925825*x^7-51719666*x^6+134106768*x^5-237457225*x^4+275767250*x^3-195931100*x^2+74860464*x-11376144
constructing eigenvector for poly
x^50+x^49-290*x^48-107*x^47+37888*x^46-6759*x^45-2950921*x^44+1904675*x^43+153007745*x^42-159134173*x^41-5592989338*x^40+7674653898*x^39+149042570028*x^38-246334959273*x^37-2955717825604*x^36+5594798948783*x^35+44167969690818*x^34-92911244019418*x^33-500568290926870*x^32+1149570031957704*x^31+4308780749904599*x^30-10706845906575472*x^29-28068042683023910*x^28+75386024854361653*x^27+137047546103327959*x^26-400960362694419251*x^25-492565276375862672*x^24+1602330983737364878*x^23+1260573229472763966*x^22-4762155431005186015*x^21-2144592431755462678*x^20+10361407918181566945*x^19+1980934141399130119*x^18-16135995426925314575*x^17+163769287725285790*x^16+17428815767815360147*x^15-2916204778393903105*x^14-12508596839771908865*x^13+3631006992062178361*x^12+5644009477433964608*x^11-2189428114778725674*x^10-1502943783466974008*x^9+713459173869523956*x^8+217750641711045648*x^7-127107348955250680*x^6-13602073168304304*x^5+11594227201501280*x^4-104149583317312*x^3-416948367214976*x^2+35420642229760*x-718805766656
constructing eigenvector for poly
x^2+2*x-4
constructing eigenvector for poly
x^11+36*x^10+559*x^9+4898*x^8+26540*x^7+91168*x^6+192620*x^5+215428*x^4+26479*x^3-235610*x^2-261243*x-91356
constructing eigenvector for poly
x^4+10*x^3+32*x^2+32*x-1
constructing eigenvector for poly
x^2-14*x+35
constructing eigenvector for poly
x^4-38*x^2+81
constructing eigenvector for poly
x^35-29*x^34+240*x^33+950*x^32-25865*x^31+93953*x^30+727159*x^29-6385180*x^28+1429947*x^27+149056719*x^26-446392520*x^25-1344021540*x^24+9251831219*x^23-3591794622*x^22-83351134813*x^21+173659730913*x^20+295613490648*x^19-1423880294105*x^18+485662458987*x^17+5049012021719*x^16-7261553171322*x^15-6047983679853*x^14+21618197017070*x^13-8422274658725*x^12-23199645892248*x^11+26577088919463*x^10+552020545805*x^9-16329061155093*x^8+9131575299780*x^7-60504902830*x^6-1476847619912*x^5+439433604524*x^4-11151755104*x^3-11812879080*x^2+1349848080*x-15920608
constructing eigenvector for poly
x^15-88*x^14+3532*x^13-85625*x^12+1399457*x^11-16297781*x^10+139345047*x^9-887892111*x^8+4234963626*x^7-15049717967*x^6+39288169009*x^5-73417900948*x^4+94050068816*x^3-76728041064*x^2+34682647504*x-6174458272
constructing eigenvector for poly
x+1
constructing eigenvector for poly
x^3+10*x^2+29*x+22
constructing eigenvector for poly
x^4-22*x^3+153*x^2-364*x+180
constructing eigenvector for poly
x^16-96*x^15+4223*x^14-112805*x^13+2044179*x^12-26591894*x^11+256286794*x^10-1861966250*x^9+10276405871*x^8-43092540308*x^7+136355416187*x^6-320878381049*x^5+548075110149*x^4-653553092318*x^3+510188010052*x^2-231457982160*x+45667549296
constructing eigenvector for poly
x^42-32*x^41+243*x^40+2868*x^39-53494*x^38+101506*x^37+3196553*x^36-21420819*x^35-54090208*x^34+1022371584*x^33-1872227259*x^32-21232418881*x^31+104728281956*x^30+120287488785*x^29-2005779098252*x^28+3057564193038*x^27+16892359599830*x^26-65039790291564*x^25-19699689958355*x^24+500271302803052*x^23-692971222627324*x^22-1496244792254034*x^21+4952771043212863*x^20-843311153746189*x^19-13368727249035782*x^18+14969374038663846*x^17+13196975776856701*x^16-33197025092324939*x^15+3792435879151594*x^14+31973902953788863*x^13-16695668153727260*x^12-14769087203047230*x^11+12164178337276959*x^10+3202713603857758*x^9-3838334193600730*x^8-333933434070548*x^7+567611911054484*x^6+18929158877128*x^5-36399917027688*x^4-263812756784*x^3+973768368320*x^2-7682792128*x-7935353728
constructing eigenvector for poly
x^17-100*x^16+4609*x^15-129857*x^14+2501151*x^13-34891062*x^12+364364364*x^11-2903459800*x^10+17831887425*x^9-84667478742*x^8+309868656059*x^7-866197887807*x^6+1819522255103*x^5-2798761639600*x^4+3027615820424*x^3-2156520966696*x^2+896644328464*x-162897313376
constructing eigenvector for poly
x^58-2*x^57-379*x^56+1009*x^55+64450*x^54-209839*x^53-6509423*x^52+24781989*x^51+436019529*x^50-1895901653*x^49-20487165613*x^48+100792003610*x^47+696221212536*x^46-3884530068161*x^45-17364751534044*x^44+111525665431795*x^43+318128635800075*x^42-2428924991774981*x^41-4204271155614637*x^40+40622633513072711*x^39+37691934575769374*x^38-525975563830406119*x^37-178382328308520220*x^36+5299290734922670603*x^35-528013398947448559*x^34-41656602247429847179*x^33+17916651649923838217*x^32+255613739188778089705*x^31-173853693618317023260*x^30-1222291982653321821629*x^29+1062383907071203312904*x^28+4535112008506430523233*x^27-4587085003428899081780*x^26-12957678146846410705941*x^25+14493567040027883463576*x^24+28170097366846487543124*x^23-33840926923889825615636*x^22-45763616821328633733738*x^21+58229528359619190836775*x^20+54075997523548700812936*x^19-72975522721359044815186*x^18-44592695265265831143532*x^17+65250106502888761227668*x^16+23931026830408515724865*x^15-40333692138694246386056*x^14-7189444673109204713266*x^13+16450773344290622478104*x^12+592863450018136252804*x^11-4124614121060578976128*x^10+270256383323542256280*x^9+563792097239358063040*x^8-71085327618828313056*x^7-33621561497064989184*x^6+4203134532865661696*x^5+781469360346521344*x^4-44113577214622208*x^3-8316127846291456*x^2-281227215280128*x-2788973236224
constructing eigenvector for poly
x^20-118*x^19+6475*x^18-219397*x^17+5140819*x^16-88404037*x^15+1155608155*x^14-11735351383*x^13+93824027840*x^12-594930801409*x^11+3000057946814*x^10-12014744909120*x^9+38011938093944*x^8-94102885002056*x^7+179654212409040*x^6-258982609049232*x^5+273503643962208*x^4-202396343967504*x^3+97914286272800*x^2-27382370515456*x+3301932032000
constructing eigenvector for poly
x^13+39*x^12+653*x^11+6163*x^10+36116*x^9+135722*x^8+321662*x^7+430886*x^6+151745*x^5-481943*x^4-872205*x^3-660903*x^2-243084*x-35060
computing eigenvectors took 3.643381 sec
For conductor 1, eigenvectors are:
-240 156 24 -108 -108 156 24 24 24 24 24 -42 24 24 24 24 -42 24 -42 24 24 24 -20 -64 -20 -64 24 24 -20 -9 24 -9 -9 -42 -42 2 24 2 24 -20 2 24 -20 -42 2 24 -64 46 24 -20 -42 68 -42 2 2 -20 2 2 24 -20 -20 2 24 -20 2 13 24 -9 -31 35 -9 2 2 -9 -42 35 35 -9 24 -9 -20 24 35 24 -31 -20 35 2 2 2 2 -9 24 -31 13 -42 24 2 13 2 -31 over Number field with defining polynomial x-4
-1 -1 -1 -1 -1 -1 -1 -1 -1 -1 -1 -1 -1 -1 -1 -1 -1 -1 -1 -1 -1 -1 -1 -1 -1 -1 -1 -1 -1 -1 -1 -1 -1 -1 -1 -1 -1 -1 -1 -1 -1 -1 -1 -1 -1 -1 -1 -1 -1 -1 -1 -1 -1 -1 -1 -1 -1 -1 -1 -1 -1 -1 -1 -1 -1 -1 -1 -1 -1 -1 -1 -1 -1 -1 -1 -1 -1 -1 -1 -1 -1 -1 -1 -1 -1 -1 -1 -1 -1 -1 -1 -1 -1 -1 -1 -1 -1 -1 -1 -1 -1 over Number field with defining polynomial x-15
-335 -31 -67 -23 1 -103 -47 -23 -19 -75 -3 -67 43 23 -15 19 -73 -63 -9 27 -67 -63 -3 9 25 5 -11 -15 21 13 22 -19 6 26 -1 27 -15 3 5 -1 11 5 5 -45 19 31 5 -23 1 19 15 -13 -3 13 -15 5 -1 17 3 29 -19 33 35 17 -7 -22 5 -11 1 10 -17 25 17 15 -7 13 7 -8 2 -33 -15 -15 17 -4 31 13 -7 25 2 15 10 -27 5 11 13 -14 -17 12 -16 -14 -7 over Number field with defining polynomial x-7
-220 144 -66 -24 60 186 -108 102 18 -66 -31 -52 -101 53 18 -66 25 11 74 67 88 18 -122 60 88 4 -66 18 74 -3 -66 -24 -59 -3 39 -3 18 -10 -38 -10 -10 32 -31 -59 -45 -52 -17 18 74 -17 -24 -10 32 -38 -59 -38 -73 4 -45 32 81 -52 -10 67 11 25 18 11 -24 4 11 11 4 -10 18 -10 -45 11 -73 -17 18 53 11 32 11 32 -17 18 32 25 25 -17 -10 32 18 -31 -31 -45 -3 11 -10 over Number field with defining polynomial x-1
-110*a^2 + 770*a + 1540 -32*a^2 + 300*a - 112 -132*a^2 + 1760*a - 4312 -22*a^2 + 262*a - 304 -28*a^2 + 280*a - 472 -12*a^2 + 8*a + 728 -18*a^2 + 242*a - 664 -18*a^2 + 350*a - 1276 76*a-560 82*a^2 - 894*a + 1700 -12*a^2 + 196*a - 596 68*a^2 - 864*a + 2152 10*a^2 - 142*a + 268 6*a^2 - 86*a + 424 -2*a^2 - 30*a + 536 -12*a^2 + 152*a - 88 73*a^2 - 937*a + 2362 80*a^2 - 840*a + 1372 -27*a^2 + 451*a - 1430 -22*a^2 + 198*a - 200 -88*a^2 + 1056*a - 2684 60*a^2 - 728*a + 1552 -10*a^2 + 138*a - 504 -22*a^2 + 214*a - 32 22*a^2 - 330*a + 948 6*a^2 - 134*a + 696 2*a^2 - 50*a + 176 -10*a^2 + 210*a - 912 22*a^2 - 246*a + 472 33*a^2 - 461*a + 1294 25*a^2 - 325*a + 694 a^2 - 13*a + 214 -14*a^2 + 170*a - 212 11*a^2 - 159*a + 634 a^2 - 49*a + 418 3*a^2 - 59*a + 238 2*a^2 - 98*a + 448 -24*a^2 + 352*a - 836 22*a^2 - 258*a + 540 17*a^2 - 245*a + 670 -32*a^2 + 364*a - 992 -a^2 + 53*a - 182 16*a^2 - 172*a + 504 -20*a^2 + 236*a - 652 -28*a^2 + 340*a - 812 -4*a^2 + 20*a - 28 11*a^2 - 163*a + 398 -22*a^2 + 238*a - 168 14*a^2 - 146*a + 76 -14*a^2 + 146*a - 76 -7*a^2 + 87*a - 182 -6*a^2 + 30*a + 152 4*a^2 + 12*a - 412 6*a^2 - 110*a + 560 16*a^2 - 232*a + 844 14*a^2 - 158*a + 144 -26*a^2 + 334*a - 756 -34*a^2 + 402*a - 712 -17*a^2 + 233*a - 602 2*a^2 + 46*a - 368 -20*a^2 + 308*a - 1060 4*a^2 - 80*a + 368 -14*a^2 + 130*a - 244 13*a^2 - 157*a + 386 -14*a^2 + 118*a - 176 -7*a^2 + 135*a - 454 10*a^2 - 198*a + 844 -6*a^2 + 18*a + 220 -6*a^2 + 114*a - 324 10*a^2 - 114*a + 368 6*a^2 - 62*a + 288 12*a^2 - 76*a - 84 22*a^2 - 282*a + 676 10*a^2 - 118*a + 132 4*a^2 - 44*a + 164 16*a-220 4*a^2 - 8*a - 40 14*a^2 - 110*a - 128 7*a^2 - 75*a + 114 2*a^2 - 2*a - 96 -6*a^2 + 90*a - 188 11*a^2 - 127*a + 194 -15*a^2 + 179*a - 274 10*a^2 - 142*a + 268 13*a^2 - 137*a + 14 8*a^2 - 108*a + 312 4*a^2 - 36*a - 140 6*a^2 - 78*a + 120 18*a^2 - 242*a + 664 -34*a^2 + 390*a - 644 -21*a^2 + 249*a - 478 -20*a^2 + 212*a - 516 4*a^2 + 36*a - 548 -18*a^2 + 174*a - 20 -7*a^2 + 63*a - 46 -3*a^2 + 35*a - 102 22*a^2 - 326*a + 1184 -8*a^2 + 72*a - 108 -4*a^2 + 68*a - 300 4*a-152 16*a-220 over Number field with defining polynomial x^3-20*x^2+117*x-174
375*a^3 - 7545*a^2 + 44370*a - 79320 75*a^3 - 1509*a^2 + 8874*a - 15864 -45*a^3 + 495*a^2 + 1062*a - 8208 -21*a^3 + 483*a^2 - 3318*a + 7944 -69*a^3 + 1191*a^2 - 5202*a + 5184 75*a^3 - 1509*a^2 + 8874*a - 15864 69*a^3 - 1377*a^2 + 7488*a - 9828 69*a^3 - 1377*a^2 + 7488*a - 9828 69*a^3 - 1377*a^2 + 7488*a - 9828 -15*a^3 + 351*a^2 - 1932*a + 1908 3*a^3 - 159*a^2 + 1836*a - 5340 24*a^3 - 447*a^2 + 2085*a - 942 27*a^3 - 513*a^2 + 2778*a - 3960 27*a^3 - 513*a^2 + 2778*a - 3960 3*a^3 - 159*a^2 + 1836*a - 5340 27*a^3 - 513*a^2 + 2778*a - 3960 24*a^3 - 447*a^2 + 2085*a - 942 -15*a^3 + 351*a^2 - 1932*a + 1908 -42*a^3 + 771*a^2 - 3567*a + 3546 27*a^3 - 513*a^2 + 2778*a - 3960 108*a^3 - 1803*a^2 + 6933*a - 3390 41*a^3 - 801*a^2 + 4348*a - 5916 5*a^3 + 7*a^2 - 880*a + 2460 -35*a^3 + 675*a^2 - 3484*a + 5012 -5*a^3 + 55*a^2 + 118*a - 912 -13*a^3 + 287*a^2 - 1970*a + 3552 35*a^3 - 613*a^2 + 2722*a - 3464 69*a^3 - 1377*a^2 + 7488*a - 9828 11*a^3 - 181*a^2 + 746*a + 8 9*a^3 - 162*a^2 + 741*a - 1302 15*a^3 - 336*a^2 + 2307*a - 4650 9*a^3 - 162*a^2 + 741*a - 1302 21*a^3 - 339*a^2 + 1212*a - 612 3*a^3 - 15*a^2 - 270*a + 1992 -9*a^3 + 162*a^2 - 741*a + 1302 4*a^3 - 85*a^2 + 663*a - 1458 -12*a^3 + 273*a^2 - 1875*a + 4198 -57*a^3 + 1107*a^2 - 5874*a + 8196 19*a^3 - 395*a^2 + 2464*a - 4420 14*a^3 - 257*a^2 + 1189*a - 1182 -95*a^3 + 1747*a^2 - 8772*a + 12252 30*a^3 - 589*a^2 + 3221*a - 5150 11*a^3 - 163*a^2 + 376*a + 44 7*a^3 - 65*a^2 - 298*a + 2240 37*a^3 - 685*a^2 + 3304*a - 3684 24*a^3 - 419*a^2 + 1965*a - 2734 -24*a^3 + 481*a^2 - 2727*a + 4282 -69*a^3 + 1349*a^2 - 7368*a + 11620 16*a^3 - 301*a^2 + 1651*a - 3194 -13*a^3 + 173*a^2 - 196*a - 1372 -14*a^3 + 195*a^2 - 427*a - 366 -43*a^3 + 845*a^2 - 4810*a + 7928 -4*a^3 + 147*a^2 - 1425*a + 3006 7*a^3 - 161*a^2 + 1106*a - 2648 7*a^3 - 161*a^2 + 1106*a - 2648 17*a^3 - 351*a^2 + 2002*a - 2408 15*a^3 - 279*a^2 + 1420*a - 2188 23*a^3 - 397*a^2 + 1734*a - 1728 16*a^3 - 301*a^2 + 1651*a - 3194 11*a^3 - 181*a^2 + 746*a + 8 -5*a^3 + 55*a^2 + 118*a - 912 4*a^3 - 85*a^2 + 663*a - 1458 24*a^3 - 419*a^2 + 1965*a - 2734 -8*a^3 + 140*a^2 - 510*a + 296 15*a^3 - 288*a^2 + 1605*a - 2206 9*a^3 - 219*a^2 + 1628*a - 3764 -17*a^3 + 306*a^2 - 1561*a + 2530 -7*a^3 + 65*a^2 + 298*a - 2240 19*a^3 - 343*a^2 + 1452*a - 1044 9*a^3 - 88*a^2 - 467*a + 2830 a^3 - 53*a^2 + 612*a - 1780 29*a^3 - 567*a^2 + 2990*a - 4144 10*a^3 - 255*a^2 + 1919*a - 3874 a^3 - 53*a^2 + 612*a - 1780 -23*a^3 + 459*a^2 - 2496*a + 3276 -11*a^3 + 189*a^2 - 882*a + 1644 -14*a^3 + 274*a^2 - 1510*a + 2852 -6*a^3 + 91*a^2 - 173*a - 802 -27*a^3 + 535*a^2 - 2974*a + 4716 a^3 - 53*a^2 + 612*a - 1780 -28*a^3 + 614*a^2 - 4092*a + 8184 -9*a^3 + 188*a^2 - 1247*a + 2990 -19*a^3 + 307*a^2 - 1196*a + 1184 -30*a^3 + 629*a^2 - 3787*a + 5942 11*a^3 - 234*a^2 + 1323*a - 1522 11*a^3 - 163*a^2 + 376*a + 44 -14*a^3 + 283*a^2 - 1695*a + 2870 a^3 + 9*a^2 - 150*a - 232 3*a^3 - 111*a^2 + 1134*a - 2896 15*a^3 - 279*a^2 + 1420*a - 2188 19*a^3 - 338*a^2 + 1577*a - 1958 9*a^3 - 171*a^2 + 926*a - 1320 16*a^3 - 301*a^2 + 1651*a - 3194 16*a^3 - 258*a^2 + 824*a + 164 10*a^3 - 193*a^2 + 1157*a - 2326 -16*a^3 + 315*a^2 - 1711*a + 2298 -9*a^3 + 188*a^2 - 1247*a + 2990 -26*a^2 + 506*a - 1688 -22*a^3 + 449*a^2 - 2711*a + 4854 -17*a^2 + 321*a - 1670 -31*a^2 + 381*a - 774 over Number field with defining polynomial x^4-28*x^3+267*x^2-988*x+1148
0 5424*a^5 + 5328*a^4 - 221040*a^3 + 229392*a^2 + 833568*a - 930240 0 816*a^5 + 1680*a^4 - 23664*a^3 + 90672*a^2 + 57216*a - 607104 2952*a^5 - 7560*a^4 - 150360*a^3 + 325608*a^2 + 640080*a - 1006560 -5424*a^5 - 5328*a^4 + 221040*a^3 - 229392*a^2 - 833568*a + 930240 -1656*a^5 - 11208*a^4 + 47016*a^3 + 186888*a^2 - 136272*a - 683424 2376*a^5 + 8664*a^4 - 32184*a^3 - 37464*a^2 + 21264*a + 326880 -5688*a^5 - 11400*a^4 + 295944*a^3 - 163128*a^2 - 1632816*a + 742560 4296*a^5 - 936*a^4 - 176760*a^3 + 250824*a^2 + 692592*a - 669792 1116*a^5 - 6156*a^4 - 75780*a^3 + 105036*a^2 + 578808*a - 466512 2052*a^5 - 2484*a^4 - 75612*a^3 + 152724*a^2 + 244392*a - 520176 -3576*a^5 - 3528*a^4 + 137160*a^3 - 200184*a^2 - 625584*a + 1050336 3660*a^5 - 3996*a^4 - 119988*a^3 + 105372*a^2 + 384984*a + 337296 -1392*a^5 + 6912*a^4 + 31248*a^3 - 198000*a^2 + 63792*a + 286560 -4308*a^5 + 2772*a^4 + 155052*a^3 - 251460*a^2 - 546456*a + 556464 -660*a^5 - 5148*a^4 + 34908*a^3 + 38028*a^2 - 172392*a - 55056 -2148*a^5 + 468*a^4 + 88380*a^3 - 125412*a^2 - 346296*a + 334896 2520*a^5 + 1464*a^4 - 90264*a^3 + 8760*a^2 + 435504*a + 146976 1440*a^5 + 2160*a^4 - 27072*a^3 + 75408*a^2 + 133152*a - 602112 0 -928*a^5 + 5088*a^4 + 27136*a^3 - 127168*a^2 - 48000*a + 383488 -2920*a^5 - 1944*a^4 + 140824*a^3 - 148584*a^2 - 627088*a + 398560 -544*a^5 - 1120*a^4 + 15776*a^3 - 60448*a^2 - 38144*a + 404736 96*a^5 - 640*a^4 - 29408*a^3 - 36160*a^2 + 440576*a - 439232 -4976*a^5 - 688*a^4 + 207696*a^3 - 265616*a^2 - 950240*a + 1136832 2376*a^5 - 1064*a^4 - 121528*a^3 + 195176*a^2 + 440592*a - 648928 1656*a^5 + 4648*a^4 - 103592*a^3 + 4568*a^2 + 582608*a - 128672 -576*a^5 + 4544*a^4 + 39680*a^3 - 114304*a^2 - 155840*a + 455744 456*a^5 + 1872*a^4 - 57072*a^3 + 116568*a^2 + 436992*a - 988704 4686*a^5 + 834*a^4 - 217746*a^3 + 303678*a^2 + 1041036*a - 1214088 -1524*a^5 + 2580*a^4 + 46500*a^3 - 11628*a^2 - 441192*a + 376080 1272*a^5 + 4728*a^4 - 101136*a^3 + 84816*a^2 + 560688*a - 447264 -1566*a^5 - 1218*a^4 + 84450*a^3 - 168846*a^2 - 439164*a + 961128 -24*a^5 + 4392*a^4 - 33960*a^3 + 5976*a^2 + 156480*a + 62016 492*a^5 - 316*a^4 - 26820*a^3 + 748*a^2 + 180856*a + 159792 928*a^5 + 5312*a^4 - 33072*a^3 - 119728*a^2 + 278944*a + 325152 -840*a^5 - 488*a^4 + 30088*a^3 - 2920*a^2 - 145168*a - 48992 -2700*a^5 + 5964*a^4 + 111092*a^3 - 195724*a^2 - 444920*a + 449296 -1980*a^5 + 4092*a^4 + 78788*a^3 - 128284*a^2 - 482232*a + 486032 -492*a^5 + 1260*a^4 + 25060*a^3 - 54268*a^2 - 106680*a + 167760 -1780*a^5 - 5436*a^4 + 66476*a^3 + 62812*a^2 - 403912*a - 112336 -624*a^5 + 5760*a^4 + 57648*a^3 - 78608*a^2 - 322832*a + 91936 912*a^5 - 1456*a^4 - 54688*a^3 + 75216*a^2 + 271760*a - 110816 -500*a^5 + 4548*a^4 + 41148*a^3 - 144772*a^2 - 165336*a + 451088 2376*a^5 - 3976*a^4 - 123288*a^3 + 201640*a^2 + 665296*a - 935712 -240*a^5 - 2672*a^4 + 3888*a^3 + 50096*a^2 - 186752*a + 192448 136*a^5 + 280*a^4 - 3944*a^3 + 15112*a^2 + 9536*a - 101184 4208*a^5 + 1504*a^4 - 162384*a^3 + 119488*a^2 + 725440*a - 478400 -1160*a^5 + 408*a^4 + 59096*a^3 + 4968*a^2 - 376496*a - 114208 2756*a^5 + 5500*a^4 - 95596*a^3 + 11156*a^2 + 439176*a - 171184 1744*a^5 - 3104*a^4 - 70704*a^3 + 131392*a^2 + 240064*a - 417344 -1612*a^5 + 972*a^4 + 56628*a^3 - 29484*a^2 - 338200*a + 110480 2948*a^5 + 1276*a^4 - 133596*a^3 + 81076*a^2 + 674360*a - 191888 -72*a^5 - 3768*a^4 + 49000*a^3 - 33000*a^2 - 341824*a + 319872 88*a^5 + 728*a^4 + 34136*a^3 - 58488*a^2 - 163952*a + 141472 -132*a^5 - 5372*a^4 + 7404*a^3 + 75340*a^2 - 102280*a - 172336 -676*a^5 - 6588*a^4 + 57772*a^3 - 16020*a^2 - 303592*a + 216560 3116*a^5 - 1180*a^4 - 123956*a^3 + 32124*a^2 + 794808*a - 192016 1412*a^5 - 1332*a^4 - 83884*a^3 + 203300*a^2 + 414984*a - 1065360 -1728*a^5 - 6624*a^4 + 81760*a^3 - 14064*a^2 - 425360*a + 128128 2540*a^5 - 124*a^4 - 79108*a^3 + 63180*a^2 + 317880*a - 39280 -1664*a^5 + 4432*a^4 + 86592*a^3 - 160048*a^2 - 501152*a + 786304 -358*a^5 - 1082*a^4 + 10826*a^3 - 5366*a^2 - 76188*a + 87528 -1056*a^5 - 3288*a^4 + 49840*a^3 + 36728*a^2 - 288432*a - 193344 1686*a^5 + 3834*a^4 - 60770*a^3 - 31442*a^2 + 388620*a - 53320 -1376*a^5 + 944*a^4 + 69024*a^3 - 97248*a^2 - 356144*a + 511264 644*a^5 - 76*a^4 - 27924*a^3 + 74844*a^2 + 137216*a - 481664 52*a^5 - 652*a^4 - 8660*a^3 - 28292*a^2 + 88752*a + 181568 1008*a^5 + 288*a^4 - 55144*a^3 + 52760*a^2 + 289344*a - 217984 -704*a^5 + 4184*a^4 + 36952*a^3 - 120392*a^2 - 225672*a + 639456 -56*a^5 - 520*a^4 + 4424*a^3 - 13448*a^2 - 16496*a + 19376 -588*a^5 - 2340*a^4 + 13572*a^3 + 67956*a^2 - 143032*a - 183952 140*a^5 + 1916*a^4 - 7772*a^3 - 1500*a^2 + 101984*a - 167024 1784*a^5 + 472*a^4 - 74392*a^3 + 57144*a^2 + 407680*a - 372336 1744*a^5 - 2272*a^4 - 86992*a^3 + 104960*a^2 + 456016*a - 397168 708*a^5 + 1828*a^4 - 20276*a^3 + 38356*a^2 + 90024*a - 342480 -610*a^5 - 374*a^4 + 17670*a^3 - 818*a^2 - 105268*a + 23608 -1942*a^5 - 538*a^4 + 77834*a^3 - 99942*a^2 - 412380*a + 500904 224*a^5 - 2136*a^4 - 37032*a^3 + 70424*a^2 + 194360*a - 82736 1044*a^5 - 900*a^4 - 34428*a^3 + 56788*a^2 + 212104*a - 361840 -188*a^5 + 724*a^4 + 10148*a^3 - 14788*a^2 - 38568*a + 35280 -984*a^5 - 1928*a^4 + 30880*a^3 - 25568*a^2 - 127808*a + 220448 -46*a^5 - 834*a^4 + 16306*a^3 + 18594*a^2 - 165836*a + 118696 302*a^5 - 1774*a^4 - 12378*a^3 + 262*a^2 + 70748*a + 183576 318*a^5 - 2758*a^4 - 15642*a^3 + 22878*a^2 + 129452*a - 69128 -1270*a^5 + 2494*a^4 + 61890*a^3 - 89750*a^2 - 263772*a + 263592 -940*a^5 + 1292*a^4 + 35748*a^3 - 74460*a^2 - 102168*a + 211152 -904*a^5 - 3360*a^4 + 38984*a^3 + 36064*a^2 - 243296*a - 68160 -2488*a^5 - 440*a^4 + 103688*a^3 - 42536*a^2 - 588576*a + 318384 -648*a^5 + 4048*a^4 + 8*a^3 - 38848*a^2 - 272*a + 108736 588*a^5 + 1804*a^4 - 24380*a^3 + 4644*a^2 + 82544*a + 8656 -1926*a^5 - 4050*a^4 + 103026*a^3 - 9622*a^2 - 619244*a + 234056 1464*a^5 - 1128*a^4 - 48592*a^3 + 85008*a^2 + 247600*a - 501120 1092*a^5 + 1724*a^4 - 62836*a^3 + 24972*a^2 + 337272*a - 98448 -1456*a^4 - 880*a^3 + 3232*a^2 + 112352*a - 143392 -130*a^5 - 4286*a^4 + 10894*a^3 + 30734*a^2 - 25812*a - 117608 1768*a^4 + 2768*a^3 - 18360*a^2 - 15072*a - 8128 1816*a^4 - 14528*a^3 - 2904*a^2 + 66512*a - 208 -976*a^4 + 9360*a^3 - 29096*a^2 - 17704*a + 91344 1888*a^4 + 4344*a^3 - 17152*a^2 - 37704*a + 39984 over Number field with defining polynomial x^6+2*x^5-46*x^4-36*x^3+337*x^2+194*x-436
a vector of length 101 over Number field with defining polynomial a number field of degree 21
a vector of length 101 over Number field with defining polynomial a number field of degree 13
a vector of length 101 over Number field with defining polynomial a number field of degree 50
For conductor 3, eigenvectors are:
2 2 a+2 -a a-2 -a a -2*a+2 -a a-2 a 2 2 over Number field with defining polynomial x^2+2*x-4
a vector of length 13 over Number field with defining polynomial a number field of degree 11
For conductor 13, eigenvectors are:
a^3 + 7*a^2 + 13*a + 3 a+4 a^2 + 5*a + 5 a+3 over Number field with defining polynomial x^4+10*x^3+32*x^2+32*x-1
For conductor 39, eigenvectors are:
22*a-198 4*a-44 -2*a+24 -2*a+24 16 -3*a+31 -a+9 2 22 -4*a+44 a-13 -a+19 -a+11 0 -a+7 a-11 -a+1 2*a-18 a-15 3*a-29 10 a-13 4*a-38 4 -a+17 4*a-42 -2*a+28 a-9 6 -3*a+23 -6 -3*a+31 -2 -2*a+20 -2*a+14 2*a-24 a-15 2*a-22 a-5 -a+13 -2*a+18 3*a-33 -2*a+20 -2*a+16 -2*a+16 6 -a+7 -2 2 -a+5 a-11 -2 -4 -2 -2*a+18 -4 over Number field with defining polynomial x^2-14*x+35
0 -24*a^3 + 180*a^2 - 192*a - 324 12*a^3 - 102*a^2 - 96*a + 54 12*a^3 - 102*a^2 - 96*a + 54 6*a^3 + 42*a^2 - 210*a - 486 12*a^3 - 54*a^2 + 72*a + 486 36*a^2 - 24*a + 324 -12*a^2 - 192*a - 108 0 -16*a^3 + 104*a^2 + 16*a - 360 27*a^3 - 153*a^2 - 117*a + 135 9*a^3 - 24*a^2 - 57*a - 162 -24*a^3 + 168*a^2 - 84*a - 432 -24*a^3 + 144*a^2 + 132*a - 648 12*a^3 - 15*a^2 - 354*a - 513 -24*a^2 + 216*a - 216 6*a^3 - 4*a^2 - 46*a -16*a^3 + 62*a^2 + 44*a + 162 16*a^3 - 46*a^2 - 188*a - 18 8*a^3 - 6*a^2 - 172*a - 306 -4*a^3 - 20*a^2 + 268*a + 396 10*a^3 - 14*a^2 - 294*a + 234 18*a^3 - 94*a^2 - 150*a + 162 4*a^3 + 24*a^2 - 204*a - 360 4*a^3 - 14*a^2 + 88*a + 198 -22*a^3 + 120*a^2 + 54*a - 252 10*a^3 - 34*a^2 - 214*a + 54 18*a^3 - 36*a^2 - 322*a - 216 2*a^3 + 10*a^2 - 134*a - 198 -3*a^3 + 91*a - 18 2*a^3 + 16*a^2 - 38*a - 144 8*a^3 - 27*a^2 - 58*a - 45 2*a^3 + 14*a^2 - 70*a - 162 2*a^3 + 18*a^2 - 106*a - 126 a^3 + 9*a^2 - 103*a - 63 -a^3 + 32*a^2 + 9*a - 18 -a^3 + 2*a^2 + 29*a - 288 8*a^3 - 52*a^2 - 8*a + 180 -3*a^3 + 31*a^2 + 37*a - 189 -6*a^3 + 12*a^2 + 74*a + 72 -5*a^3 + 32*a^2 - 3*a - 342 -6*a^3 + 41*a^2 - 12*a - 117 -20*a^3 + 111*a^2 + 66*a - 171 a^3 - 28*a^2 + 55*a + 54 11*a^3 - 27*a^2 - 249*a - 27 a^3 + 9*a^2 - 3*a - 63 4*a^3 - 20*a^2 - 8*a + 144 8*a^3 - 83*a^2 + 146*a + 351 6*a^3 - 62*a^2 + 26*a + 378 -6*a^3 + 16*a^2 + 138*a + 108 -4*a^3 + 22*a^2 + 40*a - 126 37*a^2 - 158*a - 117 -3*a^3 - 23*a^2 + 73*a + 225 -2*a^3 - 12*a^2 + 102*a + 180 6*a^2 - 4*a + 54 2*a^2 + 32*a + 18 over Number field with defining polynomial x^4-38*x^2+81
a vector of length 56 over Number field with defining polynomial a number field of degree 35
a vector of length 56 over Number field with defining polynomial a number field of degree 15
For conductor 23, eigenvectors are:
0 1 1 0 over Number field with defining polynomial x+1
-a^2 - 6*a - 7 -1 1 -a-3 over Number field with defining polynomial x^3+10*x^2+29*x+22
For conductor 69, eigenvectors are:
-6*a^3 + 132*a^2 - 498*a - 636 0 -6*a^2 + 78*a - 300 -3*a^3 + 36*a^2 - 123*a + 174 6*a^3 - 102*a^2 + 492*a - 528 3*a^3 - 36*a^2 + 123*a - 174 -3*a^3 + 30*a^2 - 45*a - 126 6*a^3 - 102*a^2 + 492*a - 528 3*a^3 - 24*a^2 - 33*a + 426 20*a^2 - 164*a + 120 2*a^3 - 20*a^2 + 30*a + 84 3*a^2 - 39*a + 150 3*a^3 - 48*a^2 + 207*a - 114 3*a^2 - 39*a + 150 3*a^3 - 51*a^2 + 246*a - 264 3*a^3 - 51*a^2 + 246*a - 264 -3*a^2 + 39*a - 150 a^3 - 10*a^2 + 15*a + 42 -3*a^3 + 50*a^2 - 213*a + 102 -2*a^3 + 16*a^2 - 22*a + 48 -4*a^3 + 66*a^2 - 302*a + 252 a^3 - 10*a^2 + 15*a + 42 a^3 - 20*a^2 + 97*a - 18 3*a^3 - 46*a^2 + 205*a - 234 3*a^3 - 46*a^2 + 205*a - 234 -a^3 + 10*a^2 - 15*a - 42 -2*a^3 + 36*a^2 - 190*a + 276 -a^3 + 10*a^2 - 15*a - 42 a^3 - 10*a^2 + 15*a + 42 -4*a^3 + 66*a^2 - 302*a + 252 a^3 - 10*a^2 + 15*a + 42 -3*a^3 + 56*a^2 - 287*a + 294 3*a^3 - 46*a^2 + 205*a - 234 -a^3 + 23*a^2 - 136*a + 168 2*a^3 - 33*a^2 + 151*a - 126 -a^3 + 21*a^2 - 134*a + 288 7*a^2 - 47*a + 18 -a^3 + 22*a^2 - 103*a + 6 a^3 - 10*a^2 + 15*a + 42 -2*a^3 + 26*a^2 - 104*a + 108 a^3 - 19*a^2 + 128*a - 300 2*a^3 - 25*a^2 + 71*a + 54 a^3 - 11*a^2 + 48*a - 120 a^3 - 19*a^2 + 128*a - 300 7*a^2 - 47*a + 18 6*a^2 - 74*a + 192 -2*a^3 + 35*a^2 - 157*a + 114 2*a^3 - 33*a^2 + 151*a - 126 0 a^3 - 16*a^2 + 89*a - 150 0 -a^3 + 31*a^2 - 216*a + 348 a^3 - 18*a^2 + 95*a - 138 a^3 - 10*a^2 + 15*a + 42 a^3 - 23*a^2 + 136*a - 168 a^3 - 10*a^2 + 15*a + 42 5*a^2 - 41*a + 30 7*a^2 - 47*a + 18 8*a^2 - 80*a + 180 -a^2 + 33*a - 162 5*a^2 - 41*a + 30 -a^3 + 10*a^2 - 15*a - 42 over Number field with defining polynomial x^4-22*x^3+153*x^2-364*x+180
a vector of length 62 over Number field with defining polynomial a number field of degree 16
a vector of length 62 over Number field with defining polynomial a number field of degree 42
For conductor 299, eigenvectors are:
a vector of length 95 over Number field with defining polynomial a number field of degree 17
a vector of length 95 over Number field with defining polynomial a number field of degree 58
a vector of length 95 over Number field with defining polynomial a number field of degree 20
For conductor 897, eigenvectors are:
a vector of length 13 over Number field with defining polynomial a number field of degree 13
For conductor 1:
traces of hecke eigenvalues of T_{p^1} are:
4 24 48 166 226 310 1115 1095 1108 1817 1980 1899 2448 3132 4604 5482 5447 4503 4998 6936 7550 8542 
computing eigenvalues for k = 1, took 313.435159 sec
traces of hecke eigenvalues of T_{p^2} are:
-3 -12 -16 
computing eigenvalues for k = 2, took 0.316974 sec
traces of hecke eigenvalues of T_{p^1} are:
15 156 400 1464 5220 7240 25260 30784 52060 70644 81400 106080 151740 208920 230764 305320 363024 394420 499360 578760 712980 922180 
computing eigenvalues for k = 1, took 300.885852 sec
traces of hecke eigenvalues of T_{p^2} are:
30 780 2800 
computing eigenvalues for k = 2, took 0.295686 sec
traces of hecke eigenvalues of T_{p^1} are:
7 36 48 144 180 496 716 960 1428 1652 1904 2208 2260 3752 3076 4432 5232 5204 5120 7824 7204 10052 
computing eigenvalues for k = 1, took 308.309651 sec
traces of hecke eigenvalues of T_{p^2} are:
6 60 -16 
computing eigenvalues for k = 2, took 0.305162 sec
traces of hecke eigenvalues of T_{p^1} are:
1 23 43 106 383 254 788 1188 1275 2058 1691 2151 2430 3246 3726 5034 5121 5500 7624 6664 6820 9576 
computing eigenvalues for k = 1, took 308.482131 sec
traces of hecke eigenvalues of T_{p^2} are:
-12 -18 -56 
computing eigenvalues for k = 2, took 0.296608 sec
traces of hecke eigenvalues of T_{p^1} are:
20 94 198 380 772 1234 2608 3278 4592 5646 5416 6744 7908 8832 11576 13742 14388 15984 18936 20120 25466 31760 
computing eigenvalues for k = 1, took 307.451313 sec
traces of hecke eigenvalues of T_{p^2} are:
15 96 384 
computing eigenvalues for k = 2, took 0.294147 sec
traces of hecke eigenvalues of T_{p^1} are:
28 124 210 598 1402 1616 3456 3568 5266 7040 7372 9284 12416 15396 14646 18844 20360 20660 25534 27338 32242 36224 
computing eigenvalues for k = 1, took 290.895952 sec
traces of hecke eigenvalues of T_{p^2} are:
24 120 80 
computing eigenvalues for k = 2, took 0.292531 sec
traces of hecke eigenvalues of T_{p^1} are:
-2 -22 102 -230 14 -40 -526 604 970 1206 -520 -48 -2628 -2868 1192 -1862 2364 4374 -996 -7070 -332 12886 
computing eigenvalues for k = 1, took 20.347861 sec
traces of hecke eigenvalues of T_{p^2} are:
16 136 348 
computing eigenvalues for k = 2, took 0.418028 sec
traces of hecke eigenvalues of T_{p^1} are:
134 665 1229 2798 6335 8206 18454 20996 30833 36438 39629 47759 60704 76464 80420 97086 109621 116162 132612 145064 168984 202858 
computing eigenvalues for k = 1, took 300.190925 sec
traces of hecke eigenvalues of T_{p^2} are:
87 714 1432 
computing eigenvalues for k = 2, took 0.293484 sec
traces of hecke eigenvalues of T_{p^1} are:
65 336 686 1526 4090 4628 11258 12366 17954 20884 25010 27878 36202 42992 49468 57708 63550 68260 82386 87684 103280 123548 
computing eigenvalues for k = 1, took 291.991236 sec
traces of hecke eigenvalues of T_{p^2} are:
0 -12 288 
computing eigenvalues for k = 2, took 0.295688 sec
traces of hecke eigenvalues of T_{p^1} are:
-1 -20 112 -234 -201 946 -129 990 3062 -674 2613 -718 849 -245 3925 6606 -2673 9345 3059 3023 -4456 2646 
computing eigenvalues for k = 1, took 19.658485 sec
traces of hecke eigenvalues of T_{p^2} are:
-61 -186 -149 
computing eigenvalues for k = 2, took 0.437701 sec
For conductor 3:
traces of hecke eigenvalues of T_{p^1} are:
-2 -34 18 -138 -54 72 -138 -428 -498 -686 1048 600 692 1388 392 -594 508 242 1092 -3602 -3108 2354 
computing eigenvalues for k = 1, took 672.458626 sec
traces of hecke eigenvalues of T_{p^2} are:
6 72 100 
computing eigenvalues for k = 2, took 0.768918 sec
traces of hecke eigenvalues of T_{p^1} are:
-36 -114 -40 -220 -400 274 113 323 204 -969 -310 -837 -204 -1124 -1594 -1750 -705 -1187 -1512 -220 -114 -5644 
computing eigenvalues for k = 1, took 675.288552 sec
traces of hecke eigenvalues of T_{p^2} are:
9 100 -178 
computing eigenvalues for k = 2, took 0.791739 sec
For conductor 13:
traces of hecke eigenvalues of T_{p^1} are:
-10 -20 -90 24 -178 -124 -44 22 -434 78 -784 1168 138 794 -1344 -1612 -1384 -850 624 -204 -68 -322 
computing eigenvalues for k = 1, took 700.712332 sec
traces of hecke eigenvalues of T_{p^2} are:
4 -8 92 
computing eigenvalues for k = 2, took 0.807802 sec
For conductor 39:
traces of hecke eigenvalues of T_{p^1} are:
14 84 112 220 776 808 2144 2024 2712 3644 3168 4188 5560 7220 8192 8640 10652 9904 12208 12556 16980 18480 
computing eigenvalues for k = 1, took 718.300426 sec
traces of hecke eigenvalues of T_{p^2} are:
12 192 96 
computing eigenvalues for k = 2, took 8.550002 sec
traces of hecke eigenvalues of T_{p^1} are:
0 28 28 -220 532 -56 460 80 -52 564 -1232 -648 -1176 752 1744 -2284 3696 1412 -1496 -6428 -216 3204 
computing eigenvalues for k = 1, took 196.909983 sec
traces of hecke eigenvalues of T_{p^2} are:
10 48 192 
computing eigenvalues for k = 2, took 2.286196 sec
traces of hecke eigenvalues of T_{p^1} are:
29 102 -128 114 685 -842 1577 -832 -58 2894 367 2914 7467 1957 429 -1758 -937 423 507 1309 7576 -1496 
computing eigenvalues for k = 1, took 208.483283 sec
traces of hecke eigenvalues of T_{p^2} are:
-36 -156 -223 
computing eigenvalues for k = 2, took 2.560278 sec
traces of hecke eigenvalues of T_{p^1} are:
88 448 818 2072 4498 5668 13074 14752 20608 25650 28490 33046 42986 52304 55872 68040 77266 81156 91678 103194 117948 139002 
computing eigenvalues for k = 1, took 699.688993 sec
traces of hecke eigenvalues of T_{p^2} are:
39 348 544 
computing eigenvalues for k = 2, took 9.659975 sec
For conductor 23:
traces of hecke eigenvalues of T_{p^1} are:
-1 -17 -7 12 15 -128 -30 -208 -203 -204 -207 -11 -100 660 388 -230 -433 166 -146 -216 -1662 -362 
computing eigenvalues for k = 1, took 1215.432881 sec
traces of hecke eigenvalues of T_{p^2} are:
0 18 -90 
computing eigenvalues for k = 2, took 0.757649 sec
traces of hecke eigenvalues of T_{p^1} are:
-10 -16 -74 -52 -30 50 61 -219 100 -449 -522 -631 -128 1178 -670 -492 -11 -747 82 -340 718 -1044 
computing eigenvalues for k = 1, took 650.932891 sec
traces of hecke eigenvalues of T_{p^2} are:
7 -10 168 
computing eigenvalues for k = 2, took 0.786436 sec
For conductor 69:
traces of hecke eigenvalues of T_{p^1} are:
22 118 256 590 1196 1562 3460 4412 5786 6360 8798 9060 11806 15052 15422 18098 21480 20388 27112 29066 31168 36700 
computing eigenvalues for k = 1, took 669.003100 sec
traces of hecke eigenvalues of T_{p^2} are:
6 84 448 
computing eigenvalues for k = 2, took 9.568284 sec
traces of hecke eigenvalues of T_{p^1} are:
96 488 814 2074 4898 5948 14390 14918 22210 27908 28946 34654 46086 55844 60324 71760 81398 86308 99254 108576 127884 148692 
computing eigenvalues for k = 1, took 658.295409 sec
traces of hecke eigenvalues of T_{p^2} are:
48 432 112 
computing eigenvalues for k = 2, took 8.820566 sec
traces of hecke eigenvalues of T_{p^1} are:
32 83 -67 84 1058 -1010 2372 -2215 1843 3003 -290 3708 4477 3699 -3997 82 4325 3778 -7847 1545 3536 98 
computing eigenvalues for k = 1, took 199.698224 sec
traces of hecke eigenvalues of T_{p^2} are:
-16 -56 -551 
computing eigenvalues for k = 2, took 2.419334 sec
For conductor 299:
traces of hecke eigenvalues of T_{p^1} are:
100 492 898 2192 4894 6364 14066 16220 23740 29230 30562 36430 46538 60540 63524 77276 85274 91768 107866 117146 133500 157574 
computing eigenvalues for k = 1, took 680.314290 sec
traces of hecke eigenvalues of T_{p^2} are:
45 300 384 
computing eigenvalues for k = 2, took 9.660272 sec
traces of hecke eigenvalues of T_{p^1} are:
2 -60 196 -478 -215 408 -25 760 2668 -1094 1789 -812 1431 -1793 3893 5742 -7733 6889 6071 -1977 -6488 10444 
computing eigenvalues for k = 1, took 173.249569 sec
traces of hecke eigenvalues of T_{p^2} are:
-46 -304 -635 
computing eigenvalues for k = 2, took 0.851878 sec
traces of hecke eigenvalues of T_{p^1} are:
118 615 1149 2696 6283 7768 18130 20618 28859 35282 38893 45967 58748 70786 79192 90636 102437 107914 130148 139546 159076 190014 
computing eigenvalues for k = 1, took 641.234782 sec
traces of hecke eigenvalues of T_{p^2} are:
54 570 1192 
computing eigenvalues for k = 2, took 8.726077 sec
For conductor 897:
traces of hecke eigenvalues of T_{p^1} are:
-39 -119 -83 -138 -515 326 -230 588 -547 -1258 31 -2049 -2448 66 -70 -888 -675 -1984 410 -1136 -1236 54 
computing eigenvalues for k = 1, took 638.604738 sec
traces of hecke eigenvalues of T_{p^2} are:
12 52 -114 
computing eigenvalues for k = 2, took 0.757543 sec
