constructing eigenvector for poly
x-15
constructing eigenvector for poly
x+2
constructing eigenvector for poly
x-1
constructing eigenvector for poly
x^71+21*x^70-171*x^69-6145*x^68+3563*x^67+840068*x^66+1682684*x^65-71595586*x^64-238110281*x^63+4281577836*x^62+17641905291*x^61-191666265634*x^60-885599773447*x^59+6687489507541*x^58+32893893868242*x^57-186851866634964*x^56-945160940903911*x^55+4258925438937393*x^54+21574708326266857*x^53-80190483743025770*x^52-398048412123352572*x^51+1257363635226368726*x^50+6006136682598804934*x^49-16492785067541675861*x^48-74731240094695778865*x^47+181313503857627652253*x^46+771230846042543721953*x^45-1670257490908241516694*x^44-6628381245656705664145*x^43+12870229081247585374518*x^42+47570804071973292556438*x^41-82704002065671010514853*x^40-285514482016990457017684*x^39+441367168288258442493112*x^38+1433464549641380956576252*x^37-1945683764896280762186496*x^36-6013673944487121442278328*x^35+7036244130388796034142524*x^34+21023605379397460612536941*x^33-20686198590579803672191144*x^32-60964165315967443037093852*x^31+48845080626060045303225643*x^30+145632461215290155689924529*x^29-91080288390222254611958124*x^28-283909817925534403668855754*x^27+130830918353275562539680153*x^26+446238809059150093751779387*x^25-139084792399180436333819338*x^24-557025800048202826566480766*x^23+101264142114599353206687648*x^22+542330899105835820299359707*x^21-40282648099719300116470911*x^20-403312796059881920305788360*x^19-3401666615393939300355064*x^18+223759474553485496078384697*x^17+14440404343494541924292433*x^16-90250216216629853942730519*x^15-8383924775891758724107122*x^14+25728986116686456198811335*x^13+2411841012816052518988361*x^12-5023524327289296034068381*x^11-354590093213782188793342*x^10+645290190520900985086712*x^9+20721675351115263721571*x^8-51352494549474197862717*x^7+542105062629734919538*x^6+2299792426713803986807*x^5-109218140274974519575*x^4-49457500327977959610*x^3+3609568740820315558*x^2+354178667463203017*x-29400928606631842
constructing eigenvector for poly
x^65-378*x^64+69967*x^63-8452802*x^62+749583380*x^61-52026969484*x^60+2943061166812*x^59-139510157250296*x^58+5655056693800324*x^57-199049302189023041*x^56+6157363440024671956*x^55-169013347880292051519*x^54+4149100708247501717254*x^53-91690442365550400858235*x^52+1834026552008669199616326*x^51-33358739216914098510092477*x^50+553926759385542960073461255*x^49-8425720949078349817094244213*x^48+117745403374000975072198841887*x^47-1515517906438777508876151381751*x^46+18005653019954931165689105432976*x^45-197838058348359412460704537530643*x^44+2013604541732471325712331496820816*x^43-19011336512336523536723683814264553*x^42+166704352366324839849369105209952143*x^41-1358996084810525275256357395160459855*x^40+10308465510862649972529106296259609003*x^39-72807153423791078036342212499851012189*x^38+479065217153586849790501339952866439250*x^37-2937869407310996767238188618548059019341*x^36+16796063771561667179164936837564490866898*x^35-89533389387425517453040275307936514558879*x^34+445017626360347280728512656783766742911480*x^33-2062263143221790164082136050288853573676989*x^32+8908278500981774857578117477864911874199778*x^31-35857700679017961106738339041513038628115163*x^30+134435301228271769011449208014744235017993904*x^29-469175772749540758800614501689749715459819909*x^28+1523148403905433729775285927730791007952058344*x^27-4595868054476647426640362920651336034156577499*x^26+12876084291892571005935121341847071310017185117*x^25-33457770255320183742479519203897860585077171652*x^24+80527038417200907511104487376847902176461915665*x^23-179256538511717527260388706583987640947678307728*x^22+368441558090503376356941727621320282785780261364*x^21-697910766732794819248382387489846391305880278228*x^20+1215739786388601459016114390703764839022074011764*x^19-1942868204242069355731122240694636017154824297896*x^18+2840695239597186325327651285272249323879322182128*x^17-3788302044653256704261556080607830355889781498944*x^16+4591779388614995686559834395035109391011432045440*x^15-5038451346821282086574611644424295851834685698176*x^14+4981957266272542751874484115082807645664945237504*x^13-4415578244853566013776515468747282607854546265600*x^12+3486403442850061391226557463332413592467647979520*x^11-2434518818677579508902024409969940079915377219584*x^10+1490498158765272138242266743788693339334477946880*x^9-791733286697558703374207203232692451013613928448*x^8+360195683516037878034605766309936006789127421952*x^7-138074227089330597325954474597311779743900139520*x^6+43656471389682629823239987897774601493882929152*x^5-11060408461427523482289680380904381581846249472*x^4+2153594214313142229619550065471445830281199616*x^3-301828673150966245882503502121425980048801792*x^2+27034498737501540653255871160556882284773376*x-1159188348472420357906343182507610256441344
constructing eigenvector for poly
x+3
constructing eigenvector for poly
x+5
constructing eigenvector for poly
x^11+32*x^10+441*x^9+3448*x^8+16928*x^7+54425*x^6+115573*x^5+158683*x^4+131984*x^3+55751*x^2+4345*x-3063
computing eigenvectors took 3.890971 sec
For conductor 1, eigenvectors are:
-1 -1 -1 -1 -1 -1 -1 -1 -1 -1 -1 -1 -1 -1 -1 -1 -1 -1 -1 -1 -1 -1 -1 -1 -1 -1 -1 -1 -1 -1 -1 -1 -1 -1 -1 -1 -1 -1 -1 -1 -1 -1 -1 -1 -1 -1 -1 -1 -1 -1 -1 -1 -1 -1 -1 -1 -1 -1 -1 -1 -1 -1 -1 -1 -1 -1 -1 -1 -1 -1 -1 -1 -1 -1 -1 -1 -1 -1 -1 -1 -1 -1 -1 -1 -1 -1 -1 -1 -1 -1 -1 -1 -1 -1 -1 -1 -1 -1 -1 -1 -1 -1 -1 -1 -1 -1 -1 -1 -1 -1 -1 -1 -1 -1 -1 -1 -1 -1 -1 -1 -1 -1 -1 -1 -1 -1 -1 -1 -1 -1 -1 -1 -1 -1 -1 -1 -1 -1 -1 over Number field with defining polynomial x-15
0 0 12 12 0 -24 0 0 6 -6 -6 0 -6 6 0 6 8 -6 3 -3 0 0 -9 0 -9 -3 0 12 -3 9 3 -6 3 -6 3 -3 3 -6 3 -3 0 12 3 -6 6 0 -3 -3 -3 6 0 -9 4 -2 -4 2 2 -2 0 6 4 -6 -4 2 -2 2 0 -4 2 6 12 -2 3 0 2 -2 2 0 1 -8 3 -1 2 2 -5 3 -2 -2 -4 5 4 -2 1 -4 -2 2 -3 3 -1 -3 -2 -2 1 1 -5 3 3 -1 -2 0 -1 0 3 -2 -4 -2 3 -1 -1 3 1 0 4 -2 3 -1 0 3 -2 1 0 -2 0 -3 3 1 2 -2 0 over Number field with defining polynomial x+2
0 0 12 0 0 36 -12 0 -6 6 0 -12 6 -6 0 6 8 3 -6 0 6 0 -9 -6 -6 0 -3 -3 -12 -18 12 3 12 -18 -6 0 0 -6 -9 0 15 -3 6 -3 -6 0 0 3 12 6 6 -9 2 2 -6 -2 -6 0 6 -2 10 -8 12 2 -8 6 2 4 2 -8 6 -6 0 4 -8 -2 -6 -2 3 4 2 2 1 6 4 -5 -5 0 7 1 4 1 2 -1 10 0 -6 -1 4 -8 2 -2 4 -3 -1 7 -3 5 -5 -3 7 0 2 -1 1 -1 -2 -3 -1 4 0 -6 -1 0 -4 4 -4 5 -4 1 0 -2 -1 7 0 1 -4 -2 0 over Number field with defining polynomial x-1
a vector of length 139 over Number field with defining polynomial a number field of degree 71
a vector of length 139 over Number field with defining polynomial a number field of degree 65
For conductor 547, eigenvectors are:
0 1 1 -1 0 0 0 0 -1 1 -1 0 0 over Number field with defining polynomial x+3
2 -1 1 1 0 2 -2 0 -1 1 1 0 0 over Number field with defining polynomial x+5
a vector of length 13 over Number field with defining polynomial a number field of degree 11
For conductor 1:
traces of hecke eigenvalues of T_{p^1} are:
15 40 156 400 1464 2380 5220 7240 12720 25260 30784 52060 70644 81400 106080 151740 208920 230764 305320 363024 394420 499360 578760 712980 922180 
computing eigenvalues for k = 1, took 78.701586 sec
traces of hecke eigenvalues of T_{p^2} are:
30 120 780 2800 
computing eigenvalues for k = 2, took 0.313118 sec
traces of hecke eigenvalues of T_{p^1} are:
-2 1 1 33 -50 -15 -74 33 -116 175 -3 24 -204 -187 342 306 235 -372 498 919 435 -105 -1179 937 -273 
computing eigenvalues for k = 1, took 16.977069 sec
traces of hecke eigenvalues of T_{p^2} are:
-3 -9 -42 53 
computing eigenvalues for k = 2, took 0.305266 sec
traces of hecke eigenvalues of T_{p^1} are:
1 2 4 -12 -13 13 -2 -33 216 -51 82 36 48 76 -449 431 156 -1172 -375 512 -1467 1500 -308 -422 301 
computing eigenvalues for k = 1, took 16.993562 sec
traces of hecke eigenvalues of T_{p^2} are:
0 -8 -12 -64 
computing eigenvalues for k = 2, took 0.307140 sec
traces of hecke eigenvalues of T_{p^1} are:
-21 14 -176 237 -129 383 -366 1460 574 8 2862 1930 -1953 7260 1896 -1778 674 2657 11728 -5373 6237 6716 -853 -13902 3795 
computing eigenvalues for k = 1, took 18.127913 sec
traces of hecke eigenvalues of T_{p^2} are:
-60 -80 -115 -231 
computing eigenvalues for k = 2, took 0.482433 sec
traces of hecke eigenvalues of T_{p^1} are:
378 745 1799 3566 8389 11497 19032 24515 35044 55341 64194 89685 110582 122007 144142 180083 228475 242727 293745 329626 349014 409594 448843 514876 611512 
computing eigenvalues for k = 1, took 80.324785 sec
traces of hecke eigenvalues of T_{p^2} are:
159 380 654 2528 
computing eigenvalues for k = 2, took 0.469195 sec
For conductor 547:
traces of hecke eigenvalues of T_{p^1} are:
-3 -5 -13 9 -24 -3 162 -163 30 -53 -239 -108 -22 203 12 -266 233 326 -238 287 257 55 41 -1245 945 
computing eigenvalues for k = 1, took 864.074628 sec
traces of hecke eigenvalues of T_{p^2} are:
2 5 28 -25 
computing eigenvalues for k = 2, took 0.643821 sec
traces of hecke eigenvalues of T_{p^1} are:
-5 -5 3 -39 -8 5 -22 -43 110 219 -199 -60 -166 -461 -276 -202 785 -610 394 271 1001 -385 -1079 971 -255 
computing eigenvalues for k = 1, took 869.944179 sec
traces of hecke eigenvalues of T_{p^2} are:
2 -3 -20 79 
computing eigenvalues for k = 2, took 0.728291 sec
traces of hecke eigenvalues of T_{p^1} are:
-32 -83 -49 -176 4 -181 -56 -196 -424 292 -535 -486 1455 -2727 113 287 1299 -83 -3133 -2492 -1861 923 -106 2941 489 
computing eigenvalues for k = 1, took 865.734309 sec
traces of hecke eigenvalues of T_{p^2} are:
15 69 27 60 
computing eigenvalues for k = 2, took 0.726308 sec
