constructing eigenvector for poly
x-40
constructing eigenvector for poly
x-15
constructing eigenvector for poly
x+5
constructing eigenvector for poly
x^3-33*x^2+306*x-652
constructing eigenvector for poly
x^5-52*x^4+1005*x^3-8974*x^2+37440*x-59008
constructing eigenvector for poly
x^2-22*x+121
constructing eigenvector for poly
x^2-60*x+747
constructing eigenvector for poly
x+5
constructing eigenvector for poly
x+7
constructing eigenvector for poly
x^4-36*x^3+457*x^2-2394*x+4276
computing eigenvectors took 0.406672 sec
For conductor 1, eigenvectors are:
-1 -1 -1 -1 -1 -1 -1 -1 -1 -1 -1 -1 -1 over Number field with defining polynomial x-40
-12 8 3 3 3 -2 3 3 -7 -2 -2 3 -2 over Number field with defining polynomial x-15
0 0 0 0 -6 4 0 0 0 -2 2 1 -1 over Number field with defining polynomial x+5
-4*a^2 + 80*a - 760 -12*a^2 + 228*a - 936 3*a^2 - 18*a - 318 4*a^2 - 29*a - 182 -6*a^2 + 171*a - 1128 -6*a^2 + 132*a - 576 a^2 - 20*a + 190 -9*a+54 -4*a^2 + 95*a - 532 -48*a+606 3*a^2 - 57*a + 234 -9*a+54 3*a^2 - 57*a + 234 over Number field with defining polynomial x^3-33*x^2+306*x-652
-6*a^4 + 216*a^3 - 3522*a^2 + 25776*a - 66816 -6*a^4 + 236*a^3 - 3358*a^2 + 19568*a - 39680 24*a^4 - 978*a^3 + 14022*a^2 - 83880*a + 178560 -30*a^4 + 996*a^3 - 11022*a^2 + 50064*a - 79680 6*a^4 - 222*a^3 + 2832*a^2 - 15636*a + 32160 -22*a^3 + 674*a^2 - 6192*a + 17920 8*a^4 - 252*a^3 + 2352*a^2 - 6828*a + 96 -18*a^4 + 666*a^3 - 8496*a^2 + 45916*a - 90272 8*a^3 - 148*a^2 + 1268*a - 4192 -68*a^3 + 1944*a^2 - 16484*a + 43680 -16*a^3 + 372*a^2 - 3180*a + 9120 6*a^4 - 210*a^3 + 2572*a^2 - 13412*a + 25504 42*a^3 - 1158*a^2 + 9336*a - 23296 over Number field with defining polynomial x^5-52*x^4+1005*x^3-8974*x^2+37440*x-59008
0 12*a-204 3*a-27 6*a-126 -9*a+153 -4*a+84 0 -4*a+84 2*a-42 0 -3*a+51 -12 2*a-30 over Number field with defining polynomial x^2-60*x+747
For conductor 2, eigenvectors are:
1 over Number field with defining polynomial x+5
For conductor 79, eigenvectors are:
For conductor 158, eigenvectors are:
0 6 0 -2 -1 over Number field with defining polynomial x+7
3*a^2 - 75*a + 408 -a^3 + 29*a^2 - 266*a + 766 -3*a^2 + 57*a - 246 -a^3 + 30*a^2 - 287*a + 882 -a^2 + 21*a - 116 over Number field with defining polynomial x^4-36*x^3+457*x^2-2394*x+4276
For conductor 1:
traces of hecke eigenvalues of T_{p^1} are:
40 156 400 1464 2380 5220 7240 12720 25260 30784 52060 70644 81400 106080 151740 208920 230764 305320 363024 394420 578760 712980 922180 
computing eigenvalues for k = 1, took 7.842724 sec
traces of hecke eigenvalues of T_{p^2} are:
120 780 2800 
computing eigenvalues for k = 2, took 0.178645 sec
traces of hecke eigenvalues of T_{p^1} are:
15 21 65 124 135 390 230 550 1050 664 1060 1454 2220 1905 3360 3905 4274 5340 6009 5780 5870 6755 10635 
computing eigenvalues for k = 1, took 7.891265 sec
traces of hecke eigenvalues of T_{p^2} are:
20 -30 120 
computing eigenvalues for k = 2, took 0.181616 sec
traces of hecke eigenvalues of T_{p^1} are:
-5 3 15 26 -15 -60 32 50 24 142 -500 240 -320 -105 630 25 194 420 111 460 -90 -1261 1895 
computing eigenvalues for k = 1, took 14.319100 sec
traces of hecke eigenvalues of T_{p^2} are:
4 -10 -24 
computing eigenvalues for k = 2, took 0.189444 sec
traces of hecke eigenvalues of T_{p^1} are:
33 96 129 391 500 798 1269 1587 2412 2851 3740 5206 5406 7397 8940 10905 10422 12237 16249 14749 22782 24364 24928 
computing eigenvalues for k = 1, took 8.017416 sec
traces of hecke eigenvalues of T_{p^2} are:
12 108 -168 
computing eigenvalues for k = 2, took 0.181548 sec
traces of hecke eigenvalues of T_{p^1} are:
52 109 260 665 895 1318 1671 2825 3984 4677 7840 7578 9092 11570 13208 17804 20038 23061 24546 24877 34800 38735 48135 
computing eigenvalues for k = 1, took 7.967797 sec
traces of hecke eigenvalues of T_{p^2} are:
8 -126 80 
computing eigenvalues for k = 2, took 0.178684 sec
traces of hecke eigenvalues of T_{p^1} are:
22 60 120 174 332 584 828 804 1884 2328 2338 3450 4164 4036 5888 6606 6226 9518 9132 11500 15314 14646 18866 
computing eigenvalues for k = 1, took 12.333507 sec
traces of hecke eigenvalues of T_{p^2} are:
8 48 160 
computing eigenvalues for k = 2, took 0.214052 sec
For conductor 2:
traces of hecke eigenvalues of T_{p^1} are:
-5 3 15 26 -15 -60 32 50 24 142 -500 240 -320 -105 630 25 194 420 111 460 -90 -1261 1895 
computing eigenvalues for k = 1, took 296.116510 sec
traces of hecke eigenvalues of T_{p^2} are:
4 -10 -24 
computing eigenvalues for k = 2, took 0.538075 sec
For conductor 79:
For conductor 158:
traces of hecke eigenvalues of T_{p^1} are:
-7 -1 -7 22 13 44 -136 -18 136 -86 276 136 24 129 62 -365 -334 316 73 -292 354 -693 -417 
computing eigenvalues for k = 1, took 129.046842 sec
traces of hecke eigenvalues of T_{p^2} are:
4 -18 -24 
computing eigenvalues for k = 2, took 0.556481 sec
traces of hecke eigenvalues of T_{p^1} are:
36 103 166 469 629 1058 1301 2157 3280 4097 5554 7094 7376 8852 12840 14148 14490 18457 20386 19625 27296 34363 36935 
computing eigenvalues for k = 1, took 129.622449 sec
traces of hecke eigenvalues of T_{p^2} are:
-16 -6 -272 
computing eigenvalues for k = 2, took 0.574761 sec
