constructing eigenvector for poly
x-10
constructing eigenvector for poly
x-40
constructing eigenvector for poly
x+4
constructing eigenvector for poly
x^4-44*x^3+692*x^2-4576*x+10816
constructing eigenvector for poly
x^4-70*x^3+1761*x^2-18760*x+71824
constructing eigenvector for poly
x^4-186*x^3+12761*x^2-382416*x+4227136
constructing eigenvector for poly
x^4-476*x^3+84660*x^2-6667808*x+196224064
constructing eigenvector for poly
x^4-856*x^3+271376*x^2-37746176*x+1944457216
constructing eigenvector for poly
x^4-1056*x^3+417632*x^2-73311744*x+4819691776
constructing eigenvector for poly
x^4-1418*x^3+752585*x^2-177181936*x+15613002304
constructing eigenvector for poly
x-4
constructing eigenvector for poly
x^2+8*x-2
constructing eigenvector for poly
x^4-44*x^3+686*x^2-4372*x+9000
computing eigenvectors took 17.063108 sec
For conductor 1, eigenvectors are:
-3 -3 -3 -3 2 2 2 over Number field with defining polynomial x-10
-1 -1 -1 -1 -1 -1 -1 over Number field with defining polynomial x-40
0 0 -3 2 2 0 -1 over Number field with defining polynomial x+4
-2*a+722 a-374 13 0 0 26 -13 over Number field with defining polynomial x^2-709*x+124952
For conductor 2, eigenvectors are:
For conductor 31, eigenvectors are:
For conductor 62, eigenvectors are:
3 0 0 -1 0 0 -1 over Number field with defining polynomial x-4
0 -3*a-30 3*a+21 -6 2*a+14 -2*a-8 3 over Number field with defining polynomial x^2+8*x-2
3*a^2 - 48*a + 132 a^2 - 18*a + 56 -a^3 + 31*a^2 - 290*a + 728 a^2 - 16*a + 52 a^3 - 29*a^2 + 254*a - 604 a^2 - 18*a + 68 a^2 - 16*a + 40 over Number field with defining polynomial x^4-44*x^3+686*x^2-4372*x+9000
For conductor 1:
traces of hecke eigenvalues of T_{p^1} are:
10 31 45 114 100 300 405 610 1050 1260 1769 1880 2120 2630 4255 3264 4120 5499 6080 6980 6590 7210 7875 
computing eigenvalues for k = 1, took 11.533955 sec
traces of hecke eigenvalues of T_{p^2} are:
0 30 -40 
computing eigenvalues for k = 2, took 0.166083 sec
traces of hecke eigenvalues of T_{p^1} are:
40 156 400 1464 2380 5220 7240 12720 25260 52060 70644 81400 106080 151740 208920 230764 305320 363024 394420 499360 578760 712980 922180 
computing eigenvalues for k = 1, took 11.534660 sec
traces of hecke eigenvalues of T_{p^2} are:
120 780 2800 
computing eigenvalues for k = 2, took 0.168308 sec
traces of hecke eigenvalues of T_{p^1} are:
-4 -12 16 36 8 -60 -40 -24 72 -440 324 364 96 -264 48 -304 -1208 192 380 -784 -492 684 708 
computing eigenvalues for k = 1, took 18.083987 sec
traces of hecke eigenvalues of T_{p^2} are:
0 -4 -48 
computing eigenvalues for k = 2, took 0.157718 sec
traces of hecke eigenvalues of T_{p^1} are:
22 35 93 238 428 528 709 1114 1426 2844 2861 4004 5024 5670 6471 7936 9536 9907 8964 11508 15402 16438 20375 
computing eigenvalues for k = 1, took 11.510801 sec
traces of hecke eigenvalues of T_{p^2} are:
8 -102 -56 
computing eigenvalues for k = 2, took 0.166738 sec
For conductor 2:
For conductor 31:
For conductor 62:
traces of hecke eigenvalues of T_{p^1} are:
4 27 21 86 202 314 477 580 664 1124 2089 1330 2108 2778 3239 3546 4616 5811 4588 6990 6322 9576 8891 
computing eigenvalues for k = 1, took 120.207709 sec
traces of hecke eigenvalues of T_{p^2} are:
-24 6 -232 
computing eigenvalues for k = 2, took 0.448147 sec
traces of hecke eigenvalues of T_{p^1} are:
-8 -4 -12 -36 8 -64 188 -124 80 120 132 28 -716 480 228 1136 -56 984 192 -780 -264 488 -1892 
computing eigenvalues for k = 1, took 155.229769 sec
traces of hecke eigenvalues of T_{p^2} are:
-16 12 -32 
computing eigenvalues for k = 2, took 0.473230 sec
traces of hecke eigenvalues of T_{p^1} are:
44 106 212 430 600 1138 1404 1994 3312 6222 7106 7376 9056 11738 13784 15324 18264 19912 23044 24270 26714 31522 37558 
computing eigenvalues for k = 1, took 120.643538 sec
traces of hecke eigenvalues of T_{p^2} are:
16 12 96 
computing eigenvalues for k = 2, took 0.455187 sec
