constructing eigenvector for poly
x^2
constructing eigenvector for poly
x^2
constructing eigenvector for poly
x^2
constructing eigenvector for poly
x^2+86*x+1004
constructing eigenvector for poly
x-10
constructing eigenvector for poly
x-4
constructing eigenvector for poly
x+4
constructing eigenvector for poly
x-2
constructing eigenvector for poly
x-15
constructing eigenvector for poly
x-7
constructing eigenvector for poly
x^2-11
constructing eigenvector for poly
x^4+6*x^3-11*x^2-72*x-64
constructing eigenvector for poly
x^5-33*x^4+409*x^3-2339*x^2+5956*x-4940
constructing eigenvector for poly
x^5-x^4-23*x^3-5*x^2+16*x-4
constructing eigenvector for poly
x^3+x^2-12*x-16
constructing eigenvector for poly
x^4+20*x^3+120*x^2+192*x+16
constructing eigenvector for poly
x^7+4*x^6-26*x^5-33*x^4+179*x^3+22*x^2-366*x+205
constructing eigenvector for poly
x^9-49*x^8+1012*x^7-11469*x^6+77820*x^5-323730*x^4+812255*x^3-1161132*x^2+838812*x-228120
constructing eigenvector for poly
x-9
constructing eigenvector for poly
x-9
constructing eigenvector for poly
x-6
constructing eigenvector for poly
x-6
constructing eigenvector for poly
x-1
constructing eigenvector for poly
x-1
constructing eigenvector for poly
x-1
constructing eigenvector for poly
x-3
constructing eigenvector for poly
x-3
constructing eigenvector for poly
x^2-6*x+9
constructing eigenvector for poly
x^2-14*x+49
constructing eigenvector for poly
x^2-134*x+4489
constructing eigenvector for poly
x^2-156*x+6084
constructing eigenvector for poly
x^2-386*x+37249
constructing eigenvector for poly
x^2-426*x+45369
constructing eigenvector for poly
x+3
constructing eigenvector for poly
x+1
constructing eigenvector for poly
x+4
constructing eigenvector for poly
x^2+9*x+15
constructing eigenvector for poly
x+3
constructing eigenvector for poly
x+5
constructing eigenvector for poly
x^2+5*x+3
constructing eigenvector for poly
x-3
constructing eigenvector for poly
x+2
constructing eigenvector for poly
x^3+10*x^2+20*x-8
constructing eigenvector for poly
x^3-15*x^2+64*x-68
constructing eigenvector for poly
x^8+x^7-34*x^6-27*x^5+158*x^4+109*x^3-160*x^2-129*x-15
constructing eigenvector for poly
x^9-47*x^8+928*x^7-9997*x^6+63872*x^5-246532*x^4+561383*x^3-704844*x^2+427908*x-96680
constructing eigenvector for poly
x^16+20*x^15+96*x^14-372*x^13-3446*x^12+644*x^11+40156*x^10+21172*x^9-200435*x^8-152776*x^7+457076*x^6+394768*x^5-440952*x^4-384768*x^3+149984*x^2+93760*x-30000
constructing eigenvector for poly
x^12-72*x^11+2308*x^10-43440*x^9+533058*x^8-4477536*x^7+26295884*x^6-108316080*x^5+309051869*x^4-592398264*x^3+719528032*x^2-493166784*x+142437040
computing eigenvectors took 98.156793 sec
For conductor 1, eigenvectors are:
-24*a-1656 12*a+672 -12*a-1140 12*a+1140 -24*a-1500 18*a+1086 -6*a-336 12*a+594 -4*a-172 -4*a-328 -52 3*a+402 9*a+582 6*a+414 -6*a-336 3*a+246 -6*a-492 -12*a-984 0 3*a+246 -4*a-198 2*a+216 -6*a-258 -156 -6*a-414 2*a+86 -4*a-198 2*a+138 10*a+664 182 6*a+414 2*a+164 -5*a-358 -3*a-220 4*a+328 -a-108 52 6*a+414 -3*a-220 -5*a-306 -5*a-384 -a-108 6*a+492 a+30 8*a+474 -8*a-604 a-22 a+212 a-22 3*a+194 -6*a-362 4*a+224 -4*a-302 8*a+578 2*a+138 -26 26 -4*a-276 over Number field with defining polynomial x^2+86*x+1004
-12 48 18 18 -42 -27 48 3 18 -32 18 18 3 3 3 3 -12 3 -27 -27 -7 -32 3 28 3 13 3 -27 -12 13 -37 28 -32 -12 28 43 8 8 -17 -7 8 3 -7 -2 -7 8 -12 -7 8 -2 -17 -22 23 -12 13 -7 23 -12 over Number field with defining polynomial x-10
12 -12 0 0 -12 0 6 -12 -12 8 6 0 6 6 6 6 -6 6 0 0 4 2 -6 -10 -6 -4 -6 -6 0 -4 -2 -4 2 0 -1 8 4 4 -4 4 4 0 4 -4 4 -2 0 -2 -2 2 2 -2 4 0 -4 1 -2 0 over Number field with defining polynomial x-4
-12 -36 0 0 12 0 18 -12 20 -8 10 12 6 6 6 6 -18 6 0 0 4 -2 -10 10 14 -4 -10 -2 -8 -4 2 -4 2 -4 -1 -4 -8 -4 -4 4 -8 0 0 0 4 -2 4 -2 2 6 6 6 -4 -4 4 1 2 -4 over Number field with defining polynomial x+4
84 -72 162 162 6 45 -72 -33 58 32 -46 6 -33 -33 -33 -33 -72 -33 45 45 -7 32 19 32 19 -59 19 -7 32 -59 19 -20 -20 -20 -20 19 32 -20 19 -7 32 -33 45 6 -7 32 32 -7 -20 6 -33 6 19 -20 -7 -7 19 -20 over Number field with defining polynomial x-2
-1 -1 -1 -1 -1 -1 -1 -1 -1 -1 -1 -1 -1 -1 -1 -1 -1 -1 -1 -1 -1 -1 -1 -1 -1 -1 -1 -1 -1 -1 -1 -1 -1 -1 -1 -1 -1 -1 -1 -1 -1 -1 -1 -1 -1 -1 -1 -1 -1 -1 -1 -1 -1 -1 -1 -1 -1 -1 over Number field with defining polynomial x-15
6 12 18 18 -6 0 12 3 -3 -2 6 9 3 3 3 3 -3 3 0 0 2 -2 6 -2 -9 4 6 -3 3 4 -4 10 -5 0 -5 1 -7 -10 1 2 -7 3 5 4 2 8 3 2 5 4 -2 -1 -4 0 -8 2 -4 0 over Number field with defining polynomial x-7
24 12*a+48 0 0 -12*a-36 12*a+42 -6*a-24 -36*a-120 -12*a-36 8*a+24 8*a+20 6*a+21 -9*a-27 -3*a-6 -6*a-24 3*a+15 3 -9*a-27 0 -3*a-18 12*a+40 10*a+34 4*a+12 6*a+16 -4*a-16 6*a+18 12*a+40 -14*a-46 0 6*a+18 -2*a-6 -4*a-12 -1 -4*a-14 -2 -9*a-28 -2*a-9 2*a+5 a+8 -3*a-10 -2 6*a+16 -a-3 a+3 3*a+11 -a-5 a+1 -10*a-34 7*a+23 -3*a-9 5*a+19 5*a+16 7*a+25 -2*a-7 2*a+9 -4*a-12 1 -2*a-7 over Number field with defining polynomial x^2-11
120*a^3 + 1056*a^2 + 1560*a + 576 48*a^3 + 888*a + 2304 96*a^3 + 108*a^2 - 684*a - 1440 -96*a^3 - 108*a^2 + 684*a + 1440 -48*a^3 - 324*a^2 - 684*a - 1248 -120*a^3 - 786*a^2 - 534*a + 1392 -24*a^3 - 444*a - 1152 -12*a^3 + 150*a^2 + 882*a + 912 96*a^3 + 324*a^2 - 820*a - 2144 200*a^2 + 1472*a + 1984 -20*a^3 + 24*a^2 + 1212*a + 1888 -72*a^3 - 12*a^2 + 1668*a + 2832 21*a^3 - 51*a^2 + 420*a + 1392 33*a^3 + 111*a^2 - 1254*a - 2832 -21*a^3 - 261*a^2 + 372*a + 1920 9*a^3 + 153*a^2 + 72*a - 720 -51*a^3 - 363*a^2 - 120*a + 1248 -33*a^3 - 57*a^2 + 24*a - 192 0 42*a^3 + 210*a^2 + 48*a - 528 4*a^3 - 50*a^2 - 294*a - 304 -14*a^3 - 2*a^2 + 540*a + 1088 80*a^3 + 198*a^2 - 638*a - 1552 8*a^3 + 244*a^2 - 4*a - 992 -14*a^3 - 156*a^2 - 162*a + 272 -8*a^3 + 154*a^2 + 554*a + 432 -38*a^3 + 44*a^2 + 866*a + 1104 28*a^3 + 294*a^2 + 734*a + 464 10*a^3 - 102*a^2 - 948*a - 1600 16*a^3 - 82*a^2 - 850*a - 1232 8*a^3 - 46*a^2 - 622*a - 784 -100*a^2 - 736*a - 992 13*a^3 - 15*a^2 - 548*a - 1008 -30*a^3 - 88*a^2 + 98*a + 416 -26*a^3 - 106*a^2 - 16*a + 192 -86*a^2 - 146*a + 96 9*a^3 + 121*a^2 - 108*a - 800 25*a^3 + 175*a^2 + 154*a - 208 -15*a^3 - 37*a^2 - 254*a - 672 -29*a^3 - 157*a^2 - 40*a + 432 -17*a^3 - 35*a^2 + 106*a + 320 36*a^3 + 126*a^2 - 410*a - 1056 13*a^3 + 53*a^2 + 8*a - 96 4*a^3 + 36*a^2 - 148*a - 400 4*a^3 - 86*a^2 - 670*a - 1136 -20*a^3 - 140*a^2 + 116*a + 736 21*a^3 + 21*a^2 - 24*a + 208 -18*a^3 - 192*a^2 - 14*a + 672 25*a^3 + 89*a^2 + 8*a - 112 6*a^3 + 70*a^2 - 132*a - 560 36*a^3 + 194*a^2 + 146*a - 144 -51*a^3 - 299*a^2 + 240*a + 1408 4*a^3 - 50*a^2 - 294*a - 304 12*a^3 + 122*a^2 + 146*a - 112 -36*a^2 + 222*a + 592 154*a^2 + 702*a + 816 -8*a^3 - 36*a^2 + 74*a + 208 -18*a^2 - 188*a - 416 over Number field with defining polynomial x^4+6*x^3-11*x^2-72*x-64
-3384*a^4 + 97464*a^3 - 1009440*a^2 + 4460736*a - 7157064 -846*a^4 + 26646*a^3 - 303606*a^2 + 1469166*a - 2503644 -216*a^4 + 13284*a^3 - 243996*a^2 + 1736484*a - 4183284 1032*a^4 - 26016*a^3 + 206760*a^2 - 489636*a - 211644 -1314*a^4 + 39534*a^3 - 434430*a^2 + 2043582*a - 3400944 -1197*a^4 + 38955*a^3 - 459765*a^2 + 2321193*a - 4190124 897*a^4 - 25713*a^3 + 264963*a^2 - 1182927*a + 2008326 660*a^4 - 14256*a^3 + 102552*a^2 - 254958*a + 77406 -144*a^4 + 6408*a^3 - 84768*a^2 + 437964*a - 778764 588*a^4 - 15288*a^3 + 130320*a^2 - 420720*a + 454896 1356*a^4 - 44700*a^3 + 528804*a^2 - 2650200*a + 4685916 -621*a^4 + 20208*a^3 - 244239*a^2 + 1306602*a - 2622264 1302*a^4 - 41676*a^3 + 484161*a^2 - 2421993*a + 4397136 -1014*a^4 + 30270*a^3 - 321321*a^2 + 1442265*a - 2326704 -960*a^4 + 28590*a^3 - 296751*a^2 + 1266543*a - 1856844 -498*a^4 + 12366*a^3 - 97917*a^2 + 232503*a + 120756 -1017*a^4 + 28602*a^3 - 287316*a^2 + 1212453*a - 1786554 372*a^4 - 12564*a^3 + 154503*a^2 - 813537*a + 1522236 -1671*a^4 + 47169*a^3 - 471987*a^2 + 1963377*a - 2823324 -2370*a^4 + 68169*a^3 - 702228*a^2 + 3054813*a - 4709424 1206*a^4 - 31128*a^3 + 287730*a^2 - 1113450*a + 1500126 1017*a^4 - 25641*a^3 + 219009*a^2 - 706377*a + 608226 372*a^4 - 12702*a^3 + 156606*a^2 - 818910*a + 1504926 -255*a^4 + 6297*a^3 - 48153*a^2 + 95211*a + 130026 285*a^4 - 10161*a^3 + 129951*a^2 - 708885*a + 1398516 126*a^4 - 2436*a^3 + 5034*a^2 + 96570*a - 354354 -147*a^4 + 5481*a^3 - 59943*a^2 + 228279*a - 202464 390*a^4 - 6918*a^3 + 18456*a^2 + 196998*a - 801294 -411*a^4 + 12507*a^3 - 134295*a^2 + 612363*a - 1027734 444*a^4 - 12624*a^3 + 126132*a^2 - 521094*a + 742386 1839*a^4 - 53937*a^3 + 560457*a^2 - 2447901*a + 3815616 570*a^4 - 15984*a^3 + 146610*a^2 - 467604*a + 216696 729*a^4 - 19596*a^3 + 184983*a^2 - 718578*a + 963456 -231*a^4 + 5199*a^3 - 32523*a^2 + 16365*a + 223266 678*a^4 - 19068*a^3 + 191544*a^2 - 808302*a + 1191036 495*a^4 - 13152*a^3 + 119571*a^2 - 431370*a + 514806 465*a^4 - 14787*a^3 + 168690*a^2 - 814998*a + 1394616 -180*a^4 + 4533*a^3 - 36981*a^2 + 100716*a - 21624 858*a^4 - 29283*a^3 + 361890*a^2 - 1911669*a + 3611916 54*a^4 - 1911*a^3 + 28431*a^2 - 186492*a + 427026 -411*a^4 + 12645*a^3 - 136398*a^2 + 617736*a - 1010424 -762*a^4 + 22350*a^3 - 239508*a^2 + 1117218*a - 1924794 285*a^4 - 10023*a^3 + 127848*a^2 - 703512*a + 1415826 126*a^4 - 4653*a^3 + 63093*a^2 - 383934*a + 902076 -570*a^4 + 17877*a^3 - 199050*a^2 + 931941*a - 1541484 126*a^4 - 4791*a^3 + 65196*a^2 - 389307*a + 884766 627*a^4 - 18954*a^3 + 204414*a^2 - 914145*a + 1366686 -858*a^4 + 24060*a^3 - 235179*a^2 + 925113*a - 1168944 264*a^4 - 7257*a^3 + 78213*a^2 - 394854*a + 782436 -858*a^4 + 26277*a^3 - 293238*a^2 + 1405617*a - 2425374 -393*a^4 + 11583*a^3 - 126306*a^2 + 596016*a - 1005234 -234*a^4 + 6213*a^3 - 61551*a^2 + 276438*a - 491484 -390*a^4 + 10431*a^3 - 95175*a^2 + 330570*a - 307794 -2913*a^3 + 66894*a^2 - 500655*a + 1212066 -93*a^3 + 1758*a^2 - 5397*a - 25524 -231*a^3 + 3861*a^2 - 10770*a - 42834 -318*a^4 + 9957*a^3 - 117237*a^2 + 606894*a - 1139574 2124*a^3 - 56301*a^2 + 475107*a - 1281954 over Number field with defining polynomial x^5-33*x^4+409*x^3-2339*x^2+5956*x-4940
48*a^3 - 264*a^2 - 360*a + 192 6*a^4 - 54*a^3 + 78*a^2 + 150*a - 84 48*a^3 - 240*a^2 - 72*a + 72 -48*a^3 + 240*a^2 + 72*a - 72 6*a^4 - 30*a^3 - 54*a^2 - 30*a + 12 9*a^4 - 27*a^3 - 51*a^2 + 123*a - 54 -3*a^4 + 27*a^3 - 39*a^2 - 75*a + 42 6*a^4 + 6*a^3 - 150*a^2 - 78*a + 72 -20*a^3 + 120*a^2 + 108*a - 80 4*a^4 - 12*a^3 - 20*a^2 - 28*a + 24 -4*a^4 + 4*a^3 + 64*a^2 + 88*a - 56 -6*a^4 + 18*a^3 + 69*a^2 + 9*a - 18 -9*a^4 + 12*a^3 + 207*a^2 + 6*a - 48 12*a^4 - 39*a^3 - 129*a^2 + 36*a + 24 18*a^3 - 54*a^2 - 96*a + 60 6*a^4 - 15*a^3 - 78*a^2 - 63*a + 30 -12*a^4 + 54*a^3 + 45*a^2 - 45*a + 6 -3*a^4 + 12*a^3 - 3*a^2 + 102*a - 36 -15*a^4 + 51*a^3 + 165*a^2 + 33*a - 42 9*a^4 - 42*a^3 - 60*a^2 + 3*a + 18 -2*a^4 - 2*a^3 + 50*a^2 + 26*a - 24 9*a^4 - 29*a^3 - 137*a^2 + 47*a + 14 4*a^4 + 4*a^3 - 104*a^2 - 100*a + 68 -3*a^4 + 15*a^3 - 3*a^2 - 11*a + 2 5*a^4 - 35*a^3 + 31*a^2 + 49*a - 18 10*a^4 - 24*a^3 - 130*a^2 - 92*a + 60 -11*a^4 + 29*a^3 + 175*a^2 + 33*a - 50 -4*a^4 + 6*a^3 + 40*a^2 - 2*a - 8 -7*a^4 + 9*a^3 + 143*a^2 + 61*a - 62 -2*a^4 + 8*a^3 - 6*a^2 + 20*a - 4 -3*a^4 + 11*a^3 + 19*a^2 + 19*a - 14 2*a^4 - 6*a^3 - 10*a^2 - 14*a + 12 -4*a^4 + 16*a^3 + 57*a^2 - 43*a + 6 4*a^4 - 24*a^3 + 12*a^2 - 12*a + 4 12*a^3 - 62*a^2 - 42*a + 28 -11*a^3 + 39*a^2 + 32*a - 20 -a^4 + 9*a^3 - 6*a^2 - 22*a + 4 -a^4 + 7*a^3 + 14*a - 4 4*a^4 - 9*a^3 - 65*a^2 - 18*a + 24 a^4 - 30*a^2 - 5*a + 2 3*a^4 - 9*a^3 - 41*a^2 + 1*a + 6 -2*a^4 - 6*a^3 + 72*a^2 + 56*a - 40 a^4 + 6*a^3 - 55*a^2 - 40*a + 32 -4*a^4 + 5*a^3 + 80*a^2 + 45*a - 30 -3*a^4 + 12*a^3 + 5*a^2 - 50*a + 20 a^4 - 6*a^3 + 1*a^2 + 16*a - 12 -2*a^4 + 15*a^3 - 20*a^2 - 27*a + 10 2*a^4 - 2*a^3 - 54*a^2 + 26*a - 4 6*a^4 - 15*a^3 - 88*a^2 - 21*a + 30 -2*a^4 + 13*a^3 + 2*a^2 - 47*a + 18 3*a^3 - 8*a^2 + 39*a - 18 3*a^4 - 4*a^3 - 60*a^2 - 61*a + 42 -11*a^3 + 52*a^2 + 21*a - 14 -4*a^3 + 9*a^2 + 41*a - 22 -2*a^3 + 9*a^2 - 9*a + 2 -4*a^3 + 22*a^2 + 30*a - 16 -a^4 + 11*a^3 - 22*a^2 - 16*a + 12 -6*a^3 + 31*a^2 + 21*a - 14 over Number field with defining polynomial x^5-x^4-23*x^3-5*x^2+16*x-4
-24*a^2 + 24*a + 336 -24*a^2 + 24*a + 240 84*a^2 - 36*a - 936 -84*a^2 + 36*a + 936 -108*a^2 + 60*a + 1272 -48*a^2 + 12*a + 540 12*a^2 - 12*a - 120 24*a^2 - 12*a - 276 4*a^2 - 4*a - 56 -44*a^2 + 4*a + 480 24*a^2 - 280 39*a^2 - 21*a - 432 -9*a^2 + 3*a + 120 12*a^2 - 108 -48*a^2 + 24*a + 552 -9*a^2 + 3*a + 72 18*a^2 - 6*a - 192 -18*a^2 + 6*a + 192 66*a^2 - 30*a - 792 -9*a^2 + 3*a + 120 -8*a^2 + 4*a + 92 32*a^2 - 8*a - 360 10*a^2 - 2*a - 132 -22*a^2 + 10*a + 264 32*a^2 - 12*a - 364 34*a^2 - 10*a - 372 -2*a^2 + 2*a + 44 -26*a^2 + 2*a + 276 8*a^2 - 88 -16*a^2 + 4*a + 164 40*a^2 - 12*a - 452 -10*a^2 - 2*a + 112 5*a^2 + 1*a - 48 5*a^2 - 3*a - 68 -12*a^2 + 4*a + 128 a^2 + 1*a - 12 14*a^2 - 2*a - 152 -10*a^2 + 2*a + 116 -15*a^2 + 1*a + 164 13*a^2 - 7*a - 160 -a^2 - 1*a - 4 3*a^2 - 5*a - 44 4*a^2 - 4*a - 40 -21*a^2 + 15*a + 240 -4*a^2 + 52 20*a^2 - 12*a - 224 -43*a^2 + 17*a + 496 a^2 + 1*a + 4 9*a^2 - 3*a - 104 21*a^2 - 7*a - 264 -16*a^2 + 4*a + 180 -4*a^2 + 4*a + 40 2*a^2 - 2*a - 12 -4*a^2 + 52 18*a^2 - 10*a - 204 4*a+4 -18*a^2 + 10*a + 204 8 over Number field with defining polynomial x^3+x^2-12*x-16
-72*a^2 - 1344*a - 6528 42*a^3 + 816*a^2 + 4344*a + 3552 156*a^2 + 1536*a + 1056 -156*a^2 - 1536*a - 1056 42*a^3 + 780*a^2 + 3672*a + 288 15*a^3 + 246*a^2 + 924*a - 576 -21*a^3 - 408*a^2 - 2172*a - 1776 -36*a^3 - 594*a^2 - 2664*a - 2304 20*a^3 + 236*a^2 + 432*a - 384 -24*a^3 - 448*a^2 - 2288*a - 1888 24*a^3 + 460*a^2 + 2512*a + 2976 -3*a^3 - 102*a^2 - 672*a + 192 -42*a^3 - 678*a^2 - 3144*a - 4128 -9*a^3 + 54*a^2 + 1524*a + 2352 69*a^3 + 1068*a^2 + 4320*a + 3168 -51*a^3 - 852*a^2 - 3468*a + 456 -6*a^3 - 174*a^2 - 1128*a - 168 -3*a^3 - 216*a^2 - 2112*a - 3600 9*a^3 + 204*a^2 + 1488*a + 3264 -27*a^3 - 504*a^2 - 2532*a - 1416 12*a^3 + 198*a^2 + 888*a + 768 -11*a^3 - 256*a^2 - 1780*a - 3248 -24*a^3 - 434*a^2 - 2256*a - 2800 5*a^3 + 88*a^2 + 420*a + 352 -a^3 + 46*a^2 + 668*a + 1392 28*a^3 + 478*a^2 + 2352*a + 2928 -13*a^3 - 86*a^2 + 324*a + 64 14*a^3 + 278*a^2 + 1560*a + 1728 13*a^3 + 112*a^2 - 68*a + 112 2*a^3 + 118*a^2 + 1152*a + 2224 5*a^3 + 94*a^2 + 532*a + 896 -12*a^3 - 224*a^2 - 1144*a - 944 -4*a^3 - 52*a^2 - 44*a + 856 15*a^3 + 262*a^2 + 1108*a - 216 20*a^2 + 144*a - 368 8*a^3 + 166*a^2 + 988*a + 1256 3*a^3 - 14*a^2 - 548*a - 1512 16*a^3 + 254*a^2 + 892*a - 816 21*a^3 + 350*a^2 + 1576*a + 1352 -24*a^3 - 392*a^2 - 1816*a - 2264 -15*a^3 - 188*a^2 - 300*a + 1472 -a^3 - 32*a^2 - 416*a - 1936 25*a^3 + 446*a^2 + 2184*a + 1832 -20*a^3 - 364*a^2 - 1876*a - 2024 -16*a^2 - 184*a - 360 12*a^3 + 202*a^2 + 848*a + 40 -7*a^3 - 60*a^2 + 208*a + 1464 -11*a^3 - 194*a^2 - 880*a - 280 -3*a^3 - 134*a^2 - 1040*a - 528 16*a^3 + 286*a^2 + 1260*a - 96 5*a^3 + 104*a^2 + 604*a + 712 -10*a^3 - 156*a^2 - 696*a - 1072 -5*a^3 - 92*a^2 - 380*a + 376 12*a^2 + 196*a + 616 -16*a^2 - 184*a - 360 6*a^2 + 112*a + 544 -7*a^3 - 120*a^2 - 540*a - 232 -10*a^2 - 72*a + 184 over Number field with defining polynomial x^4+20*x^3+120*x^2+192*x+16
576*a^6 + 1632*a^5 - 11136*a^4 - 1056*a^3 + 36384*a^2 - 27072*a + 3168 -96*a^6 + 96*a^5 + 2352*a^4 - 3408*a^3 - 7392*a^2 + 13680*a - 6672 -96*a^6 - 960*a^5 + 3984*a^4 + 1872*a^3 - 16032*a^2 + 11952*a - 1392 96*a^6 + 960*a^5 - 3984*a^4 - 1872*a^3 + 16032*a^2 - 11952*a + 1392 144*a^6 - 576*a^5 - 5136*a^4 + 15312*a^3 + 13632*a^2 - 56400*a + 29856 -96*a^6 - 624*a^5 + 888*a^4 + 3336*a^3 - 2256*a^2 - 1512*a + 936 48*a^6 - 48*a^5 - 1176*a^4 + 1704*a^3 + 3696*a^2 - 6840*a + 3336 360*a^6 + 1440*a^5 - 7728*a^4 - 2736*a^3 + 26832*a^2 - 15744*a - 696 -256*a^6 - 400*a^5 + 8304*a^4 - 11200*a^3 - 25296*a^2 + 55408*a - 25440 -96*a^6 - 96*a^5 + 4096*a^4 - 6208*a^3 - 13184*a^2 + 27712*a - 12128 -48*a^6 + 192*a^5 + 1136*a^4 - 4944*a^3 - 1120*a^2 + 16688*a - 10336 24*a^6 - 204*a^5 - 420*a^4 + 3096*a^3 - 60*a^2 - 9540*a + 5664 24*a^6 - 516*a^5 - 1764*a^4 + 8640*a^3 + 4116*a^2 - 28236*a + 16200 -168*a^6 - 264*a^5 + 4272*a^4 - 4008*a^3 - 13128*a^2 + 21144*a - 7872 24*a^6 - 24*a^5 - 156*a^4 + 732*a^3 - 720*a^2 - 1836*a + 1956 36*a^6 + 240*a^5 - 60*a^4 - 3396*a^3 + 912*a^2 + 11028*a - 7104 -240*a^6 - 552*a^5 + 5304*a^4 - 3192*a^3 - 16104*a^2 + 23808*a - 9072 -72*a^6 - 36*a^5 + 276*a^4 + 744*a^3 - 228*a^2 - 1764*a + 1056 -12*a^6 - 84*a^5 + 840*a^4 - 732*a^3 - 2700*a^2 + 4008*a - 1320 -120*a^6 + 132*a^5 + 2784*a^4 - 4500*a^3 - 8676*a^2 + 17616*a - 7404 -120*a^6 - 480*a^5 + 2576*a^4 + 912*a^3 - 8944*a^2 + 5248*a + 232 72*a^6 + 224*a^5 - 1136*a^4 - 400*a^3 + 3424*a^2 - 2800*a + 920 -64*a^6 - 320*a^5 - 80*a^4 + 4128*a^3 + 112*a^2 - 11856*a + 7520 48*a^6 + 128*a^5 - 424*a^4 - 1000*a^3 + 1440*a^2 + 1672*a - 1608 88*a^6 - 48*a^5 - 3280*a^4 + 6224*a^3 + 9584*a^2 - 25168*a + 11832 -96*a^6 - 208*a^5 + 1592*a^4 + 632*a^3 - 5520*a^2 + 1064*a + 1880 240*a^5 - 336*a^4 - 2000*a^3 + 2048*a^2 + 4944*a - 3888 -112*a^6 - 496*a^5 + 1760*a^4 + 1856*a^3 - 5584*a^2 + 1728*a + 896 232*a^6 + 528*a^5 - 5344*a^4 + 4592*a^3 + 15536*a^2 - 30496*a + 14232 128*a^6 + 576*a^5 - 600*a^4 - 6888*a^3 + 2928*a^2 + 18936*a - 13384 24*a^6 + 144*a^5 - 1192*a^4 + 552*a^3 + 4320*a^2 - 4456*a + 1088 -24*a^6 - 232*a^5 + 360*a^4 + 2560*a^3 - 2472*a^2 - 6088*a + 4904 36*a^6 + 240*a^5 - 460*a^4 - 1284*a^3 + 1456*a^2 + 788*a - 1064 12*a^6 + 28*a^5 + 424*a^4 - 2500*a^3 - 444*a^2 + 10536*a - 6848 -8*a^6 - 192*a^5 - 504*a^4 + 4120*a^3 + 168*a^2 - 14136*a + 9208 16*a^6 + 268*a^5 + 244*a^4 - 3152*a^3 - 380*a^2 + 8524*a - 5000 -72*a^6 - 184*a^5 + 2048*a^4 - 2440*a^3 - 5968*a^2 + 14616*a - 7464 12*a^6 + 176*a^5 + 320*a^4 - 2192*a^3 - 864*a^2 + 5672*a - 3012 -4*a^6 + 40*a^5 + 276*a^4 - 244*a^3 - 1408*a^2 + 36*a + 872 -60*a^6 + 48*a^5 + 2040*a^4 - 3680*a^3 - 6280*a^2 + 15048*a - 7188 48*a^6 - 256*a^5 - 2284*a^4 + 7180*a^3 + 5952*a^2 - 26572*a + 14508 44*a^6 + 68*a^5 - 1460*a^4 + 1720*a^3 + 4708*a^2 - 8684*a + 3660 -12*a^6 - 120*a^5 - 468*a^4 + 1564*a^3 + 2168*a^2 - 4332*a + 1272 -48*a^6 - 240*a^5 + 1312*a^4 + 552*a^3 - 5176*a^2 + 2288*a + 736 -24*a^6 - 8*a^5 + 208*a^4 - 168*a^3 - 272*a^2 + 1032*a - 840 48*a^6 + 280*a^5 - 824*a^4 - 984*a^3 + 2704*a^2 - 1632*a + 360 -16*a^6 + 176*a^5 + 524*a^4 - 2708*a^3 - 936*a^2 + 8404*a - 4860 16*a^6 + 72*a^5 - 528*a^4 + 128*a^3 + 1952*a^2 - 2136*a + 672 48*a^6 - 88*a^5 - 1452*a^4 + 2548*a^3 + 4896*a^2 - 9572*a + 3540 -8*a^6 - 56*a^5 - 376*a^4 + 1792*a^3 + 792*a^2 - 6632*a + 4000 128*a^6 + 384*a^5 - 3848*a^4 + 3312*a^3 + 12232*a^2 - 21512*a + 8928 104*a^5 + 1016*a^4 - 3256*a^3 - 2992*a^2 + 11952*a - 6264 -64*a^5 - 104*a^4 + 416*a^3 + 448*a^2 - 136*a - 280 -236*a^5 + 328*a^4 + 1628*a^3 - 2076*a^2 - 2328*a + 2212 140*a^5 + 4*a^4 - 1196*a^3 + 216*a^2 + 2536*a - 1444 -28*a^6 - 184*a^5 + 668*a^4 + 924*a^3 - 2764*a^2 - 276*a + 1292 16*a^5 + 24*a^4 - 676*a^3 + 512*a^2 + 2428*a - 1912 -28*a^5 + 92*a^4 - 456*a^3 + 152*a^2 + 2356*a - 1692 over Number field with defining polynomial x^7+4*x^6-26*x^5-33*x^4+179*x^3+22*x^2-366*x+205
-180*a^8 + 7800*a^7 - 139896*a^6 + 1350108*a^5 - 7652124*a^4 + 26154852*a^3 - 53139360*a^2 + 59327040*a - 27621600 -48*a^8 + 2544*a^7 - 51864*a^6 + 530952*a^5 - 2943336*a^4 + 8792808*a^3 - 13109472*a^2 + 8058096*a - 1246560 -48*a^8 + 156*a^7 + 34344*a^6 - 717312*a^5 + 6357588*a^4 - 29219436*a^3 + 70551516*a^2 - 81898488*a + 35876880 -162*a^8 + 5544*a^7 - 72084*a^6 + 420822*a^5 - 772218*a^4 - 2818314*a^3 + 15278964*a^2 - 23693472*a + 12622320 60*a^8 - 2520*a^7 + 42840*a^6 - 372804*a^5 + 1698972*a^4 - 3380076*a^3 - 780072*a^2 + 11932560*a - 10401600 -60*a^8 + 2970*a^7 - 60060*a^6 + 646512*a^5 - 4041018*a^4 + 14975934*a^3 - 31986042*a^2 + 35654604*a - 15685440 24*a^8 - 522*a^7 + 1692*a^6 + 36264*a^5 - 340002*a^4 + 905826*a^3 + 343146*a^2 - 4326468*a + 3691680 -234*a^8 + 9258*a^7 - 150216*a^6 + 1292418*a^5 - 6369696*a^4 + 18146292*a^3 - 28782054*a^2 + 23142792*a - 7141920 -12*a^8 + 588*a^7 - 12336*a^6 + 142236*a^5 - 963552*a^4 + 3823704*a^3 - 8450580*a^2 + 9361872*a - 4077120 60*a^8 - 2520*a^7 + 43128*a^6 - 385404*a^5 + 1907940*a^4 - 5051460*a^3 + 5915472*a^2 - 419616*a - 2684640 -60*a^8 + 2400*a^7 - 38232*a^6 + 307716*a^5 - 1303476*a^4 + 2699628*a^3 - 2023872*a^2 - 275544*a + 699840 144*a^8 - 6120*a^7 + 108534*a^6 - 1041816*a^5 + 5862564*a^4 - 19513524*a^3 + 36670038*a^2 - 34437060*a + 12270600 -204*a^8 + 8724*a^7 - 155742*a^6 + 1507008*a^5 - 8576952*a^4 + 29075244*a^3 - 56458422*a^2 + 56405664*a - 22172040 102*a^8 - 4314*a^7 + 76464*a^6 - 738678*a^5 + 4227750*a^4 - 14536392*a^3 + 28866144*a^2 - 29605356*a + 11938560 -42*a^8 + 2046*a^7 - 40884*a^6 + 434070*a^5 - 2649300*a^4 + 9382200*a^3 - 18446934*a^2 + 17882964*a - 6258840 30*a^8 - 1422*a^7 + 27642*a^6 - 284274*a^5 + 1656804*a^4 - 5386440*a^3 + 8724564*a^2 - 4823064*a - 352560 60*a^8 - 2568*a^7 + 45588*a^6 - 433554*a^5 + 2377242*a^4 - 7501338*a^3 + 12701550*a^2 - 9614820*a + 2250000 -132*a^8 + 5112*a^7 - 80766*a^6 + 670644*a^5 - 3134292*a^4 + 8135820*a^3 - 10631610*a^2 + 5283144*a - 293040 -60*a^8 + 2652*a^7 - 49578*a^6 + 512904*a^5 - 3217002*a^4 + 12510024*a^3 - 29204580*a^2 + 36627840*a - 18177600 -60*a^8 + 2508*a^7 - 43128*a^6 + 394884*a^5 - 2080446*a^4 + 6339240*a^3 - 10549266*a^2 + 8211348*a - 2204880 -192*a^8 + 7284*a^7 - 111948*a^6 + 895944*a^5 - 3989748*a^4 + 9744156*a^3 - 11864712*a^2 + 5452896*a - 10560 -42*a^8 + 2106*a^7 - 43728*a^6 + 488250*a^5 - 3180768*a^4 + 12243504*a^3 - 26804382*a^2 + 30030300*a - 13029000 42*a^8 - 1764*a^7 + 31236*a^6 - 303618*a^5 + 1759734*a^4 - 6152094*a^3 + 12466728*a^2 - 13228704*a + 5707440 -72*a^8 + 3456*a^7 - 68100*a^6 + 713880*a^5 - 4315524*a^4 + 15252792*a^3 - 30436584*a^2 + 31002072*a - 12258720 30*a^8 - 1158*a^7 + 17664*a^6 - 130026*a^5 + 402852*a^4 + 327912*a^3 - 5587386*a^2 + 12957552*a - 8812320 -162*a^8 + 6690*a^7 - 115128*a^6 + 1074066*a^5 - 5915004*a^4 + 19581528*a^3 - 37795626*a^2 + 38613276*a - 16023960 102*a^8 - 3966*a^7 + 62604*a^6 - 514998*a^5 + 2355120*a^4 - 5902320*a^3 + 7451574*a^2 - 3880476*a + 326760 72*a^8 - 2616*a^7 + 38952*a^6 - 311340*a^5 + 1477440*a^4 - 4341780*a^3 + 7846776*a^2 - 7941504*a + 3332640 114*a^8 - 4650*a^7 + 79416*a^6 - 740274*a^5 + 4103868*a^4 - 13742196*a^3 + 26741802*a^2 - 27023520*a + 10564800 -204*a^8 + 8466*a^7 - 146580*a^6 + 1375836*a^5 - 7602150*a^4 + 25043226*a^3 - 47241366*a^2 + 45695772*a - 17399520 60*a^8 - 2520*a^7 + 43776*a^6 - 407124*a^5 + 2192928*a^4 - 6914484*a^3 + 12295236*a^2 - 11174832*a + 3984720 -60*a^8 + 2460*a^7 - 41796*a^6 + 383868*a^5 - 2092020*a^4 + 7009680*a^3 - 14408724*a^2 + 16904592*a - 8305920 30*a^8 - 1290*a^7 + 23718*a^6 - 243762*a^5 + 1528332*a^4 - 5941356*a^3 + 13768440*a^2 - 16927272*a + 8151720 72*a^8 - 3660*a^7 + 76230*a^6 - 844656*a^5 + 5399982*a^4 - 20157012*a^3 + 42179976*a^2 - 44295972*a + 17862120 132*a^8 - 5484*a^7 + 94296*a^6 - 869028*a^5 + 4643376*a^4 - 14508720*a^3 + 25340916*a^2 - 21969648*a + 7110480 102*a^8 - 3966*a^7 + 62754*a^6 - 519006*a^5 + 2390640*a^4 - 5995620*a^3 + 7219344*a^2 - 2590848*a - 757320 -42*a^8 + 1878*a^7 - 35184*a^6 + 358446*a^5 - 2153634*a^4 + 7726920*a^3 - 15945480*a^2 + 17069616*a - 7212960 30*a^8 - 1446*a^7 + 28608*a^6 - 299274*a^5 + 1771926*a^4 - 5859132*a^3 + 9822096*a^2 - 6342408*a + 463080 288*a^7 - 10794*a^6 + 163668*a^5 - 1287900*a^4 + 5597652*a^3 - 13163346*a^2 + 15113232*a - 6495120 42*a^8 - 1326*a^7 + 15384*a^6 - 73158*a^5 + 30282*a^4 + 1010184*a^3 - 3675528*a^2 + 4799040*a - 2038800 -114*a^8 + 4626*a^7 - 77556*a^6 + 694830*a^5 - 3588024*a^4 + 10706088*a^3 - 17431746*a^2 + 13435416*a - 3531360 30*a^8 - 1074*a^7 + 14820*a^6 - 95718*a^5 + 252708*a^4 + 124980*a^3 - 1892718*a^2 + 3025692*a - 1451520 -30*a^8 + 1278*a^7 - 22254*a^6 + 202602*a^5 - 1023564*a^4 + 2806764*a^3 - 3757872*a^2 + 1870836*a - 126960 -30*a^8 + 942*a^7 - 10206*a^6 + 30642*a^5 + 221658*a^4 - 2008476*a^3 + 5758638*a^2 - 6415848*a + 2351280 -72*a^8 + 2730*a^7 - 42900*a^6 + 366168*a^5 - 1871340*a^4 + 5916606*a^3 - 11325528*a^2 + 11782416*a - 4838160 -30*a^8 + 984*a^7 - 12024*a^6 + 61044*a^5 - 20832*a^4 - 1118448*a^3 + 4839066*a^2 - 8208120*a + 4850400 72*a^8 - 2964*a^7 + 50052*a^6 - 446316*a^5 + 2249124*a^4 - 6323124*a^3 + 8986392*a^2 - 4717476*a - 203040 -498*a^6 + 16140*a^5 - 203814*a^4 + 1273632*a^3 - 4133628*a^2 + 6568488*a - 3889080 174*a^8 - 7002*a^7 + 115920*a^6 - 1020630*a^5 + 5158584*a^4 - 15068532*a^3 + 24347322*a^2 - 19546236*a + 5920560 216*a^7 - 8178*a^6 + 124500*a^5 - 972894*a^4 + 4121496*a^3 - 9155388*a^2 + 9443808*a - 3503280 -204*a^7 + 7740*a^6 - 118638*a^5 + 942096*a^4 - 4123374*a^3 + 9735624*a^2 - 11207604*a + 4953840 132*a^7 - 4308*a^6 + 53322*a^5 - 303126*a^4 + 691866*a^3 + 219114*a^2 - 2920920*a + 2475600 204*a^7 - 6924*a^6 + 92490*a^5 - 618132*a^4 + 2168022*a^3 - 3788844*a^2 + 2748504*a - 516240 -192*a^7 + 7704*a^6 - 126312*a^5 + 1093878*a^4 - 5388372*a^3 + 15008478*a^2 - 21589944*a + 11955840 -42*a^8 + 1590*a^7 - 24240*a^6 + 189198*a^5 - 784560*a^4 + 1539876*a^3 - 535998*a^2 - 2230344*a + 2062440 30*a^7 - 1632*a^6 + 32496*a^5 - 313098*a^4 + 1565634*a^3 - 3946290*a^2 + 4403340*a - 1722600 -144*a^7 + 5394*a^6 - 82170*a^5 + 660096*a^4 - 3031794*a^3 + 7990170*a^2 - 11105112*a + 5937120 204*a^7 - 7494*a^6 + 110454*a^5 - 839688*a^4 + 3523470*a^3 - 8048478*a^2 + 9070932*a - 3835920 over Number field with defining polynomial x^9-49*x^8+1012*x^7-11469*x^6+77820*x^5-323730*x^4+812255*x^3-1161132*x^2+838812*x-228120
-224 112 588 588 -28 70 140 -266 -28 -112 -336 84 273 161 91 -49 21 273 98 28 -238 -14 42 0 28 210 56 70 98 210 -70 -336 -7 42 -14 70 105 -35 21 35 35 0 -35 -14 -28 -98 21 -84 63 -154 56 35 -168 -28 42 -42 -42 -28 over Number field with defining polynomial x-9
0 168 -84 -84 84 42 168 126 28 56 -56 84 -21 -21 -21 -21 21 -21 42 42 98 -42 70 56 -28 -42 -28 -98 -42 -42 70 -84 -35 14 14 70 7 -35 21 -49 7 28 -7 -14 0 -42 7 0 -35 -14 28 35 -28 14 0 0 -28 14 over Number field with defining polynomial x-9
-36 12 30 30 6 -15 -6 9 -10 16 -10 6 3 3 3 3 6 3 -15 -15 7 -6 5 10 7 3 -5 -1 6 3 11 -12 -4 -2 -8 -7 -4 8 3 7 -4 5 -5 -10 -3 -6 2 9 -4 8 -7 -2 13 -2 -3 3 1 -2 over Number field with defining polynomial x-6
-28 20 -30 -30 -14 -13 10 -13 -14 16 -6 6 -3 13 5 -11 -6 -3 -5 -13 1 2 3 6 5 -3 1 5 10 -3 1 12 -8 6 -16 -1 12 -4 -3 1 4 -9 -7 2 7 2 6 3 0 4 7 -2 -9 -2 3 -3 3 -2 over Number field with defining polynomial x-6
-12 -36 -12 -24 -12 6 -30 -6 12 -6 0 12 3 -9 -9 3 9 15 -18 0 0 0 18 12 6 6 6 0 6 6 -6 0 0 0 -6 12 -9 9 -6 -3 3 -12 3 -3 0 0 -3 -3 -3 6 3 9 -3 6 -6 -3 -3 3 over Number field with defining polynomial x-1
144 72 0 0 -144 0 -36 -36 0 96 0 -54 18 18 18 18 36 18 0 0 12 24 0 60 72 -12 0 -36 36 -12 -24 -12 6 18 42 -12 -24 -42 -12 12 -24 0 30 -30 12 -6 -18 -6 -24 -12 -12 -42 -42 18 -3 3 21 18 over Number field with defining polynomial x-1
72 36 0 0 -72 0 -18 -18 0 -12 0 18 9 9 9 9 -27 9 0 0 6 -18 0 0 6 -6 0 12 -12 -6 18 -6 3 -6 6 -6 3 9 9 -9 3 0 -15 0 6 12 -9 12 3 -6 -6 9 -6 -6 -9 -6 3 9 over Number field with defining polynomial x-1
76 -248 12 -114 -28 31 -199 16 26 86 96 12 -33 -19 37 -103 -99 -33 17 -53 -28 -68 51 42 -89 102 2 31 41 -24 92 42 2 27 -14 52 -39 -53 12 77 17 72 7 22 56 -74 -78 42 -18 -118 26 11 6 -43 -3 21 27 -43 over Number field with defining polynomial x-3
-4 8 -12 -18 4 -1 1 8 10 -2 0 12 3 1 5 1 -3 3 1 -1 -8 8 3 -6 -1 6 -2 -1 1 0 4 -6 -2 3 2 -4 -3 -1 0 1 1 0 -1 2 4 2 6 -6 -6 -2 -2 -5 6 1 -3 -3 3 1 over Number field with defining polynomial x-3
2 -7 -7 -4 5 5 -13 2 -8 0 -2 5 2 5 2 2 -1 2 2 2 3 -1 1 3 -3 -1 -3 1 -1 2 1 -1 1 0 0 1 1 -2 -1 0 -2 1 0 1 -4 2 1 -1 1 1 -2 -3 0 0 2 -1 0 0 over Number field with defining polynomial x-213
For conductor 5, eigenvectors are:
0 -1 0 1 -1 over Number field with defining polynomial x+3
2 -3 1 -3 0 over Number field with defining polynomial x+1
1 0 -1 0 0 over Number field with defining polynomial x+4
2*a+6 a+2 a+3 1 -a-1 over Number field with defining polynomial x^2+9*x+15
For conductor 19, eigenvectors are:
1 0 1 1 over Number field with defining polynomial x+3
1 -1 -1 0 over Number field with defining polynomial x+5
a+4 a+3 1 -a-5 over Number field with defining polynomial x^2+5*x+3
For conductor 95, eigenvectors are:
30 6 -6 -42 9 -15 -6 -18 -12 3 9 -9 3 15 9 9 -3 2 6 -15 12 -1 12 4 -1 -3 -8 2 2 1 -16 3 9 0 9 -5 -8 5 2 6 4 -2 8 2 -10 8 -1 -2 5 -7 -1 -1 -5 over Number field with defining polynomial x-3
0 18 -18 -6 -3 0 -3 -4 9 -6 -3 3 -6 0 -3 -3 6 1 -2 5 6 7 1 -3 -3 6 1 1 1 3 2 4 2 0 2 -5 -4 5 1 3 2 -1 -6 1 5 -1 2 -1 0 -1 -3 -3 0 over Number field with defining polynomial x+2
6*a^2 + 96*a + 264 -24*a-72 24*a+72 6*a^2 + 72*a + 192 -15*a^2 - 144*a - 312 -3*a^2 - 48*a - 132 -18*a^2 - 192*a - 444 8*a^2 + 72*a + 144 -6*a^2 - 30*a - 36 -12*a-36 -15*a^2 - 144*a - 312 -6*a^2 - 42*a - 72 -12*a-36 3*a^2 + 48*a + 132 6*a^2 + 42*a + 72 6*a^2 + 42*a + 72 12*a+36 6*a^2 + 64*a + 148 -a^2 - 8*a - 20 8*a^2 + 60*a + 108 3*a^2 + 20*a + 28 5*a^2 + 40*a + 80 4*a+12 a^2 + 20*a + 56 4*a+12 -a^2 - 24*a - 68 4*a^2 + 32*a + 60 -3*a^2 - 24*a - 40 2*a^2 + 18*a + 36 -2*a^2 - 24*a - 64 -2*a^2 - 14*a - 24 6*a^2 + 60*a + 136 3*a^2 + 26*a + 56 -a^2 + 10*a + 44 -a^2 - 20*a - 56 -a^2 - 16*a - 44 2*a^2 + 6*a -3*a^2 - 30*a - 68 2*a^2 + 18*a + 36 a^2 + 12*a + 32 -5*a^2 - 52*a - 116 3*a^2 + 18*a + 32 3*a^2 + 30*a + 68 2*a^2 + 18*a + 36 -a^2 - 2*a + 8 -4*a^2 - 32*a - 60 -6*a^2 - 68*a - 160 -6*a^2 - 64*a - 148 -14*a-52 a^2 + 12*a + 32 4*a+12 4*a+12 -a^2 - 16*a - 44 over Number field with defining polynomial x^3+10*x^2+20*x-8
6*a^2 - 72*a + 192 6*a-60 6*a-60 6*a-36 3*a-18 3*a^2 - 36*a + 96 3*a^2 - 33*a + 78 2*a^2 - 24*a + 56 0 -3*a+18 3*a-18 -3*a+18 -3*a+18 -3*a^2 + 36*a - 96 3*a-18 3*a-18 3*a-18 a^2 - 7*a + 2 -2*a+16 2*a^2 - 27*a + 86 4*a-28 -3*a+26 a^2 - 13*a + 38 a^2 - 13*a + 42 a-10 a^2 - 14*a + 52 a^2 - 13*a + 38 a^2 - 15*a + 46 2*a-12 -a^2 + 12*a - 32 -a^2 + 13*a - 38 -a^2 + 10*a - 16 a^2 - 10*a + 16 a^2 - 13*a + 42 -a+2 -a^2 + 10*a - 16 -a^2 + 13*a - 38 -a+2 2*a-12 -a^2 + 11*a - 22 4 2*a-16 a^2 - 13*a + 42 2*a-12 2*a-16 -a^2 + 13*a - 38 a^2 - 12*a + 36 a^2 - 11*a + 26 -a^2 + 12*a - 32 a-6 a-10 -a+10 -a^2 + 12*a - 32 over Number field with defining polynomial x^3-15*x^2+64*x-68
396*a^7 + 3168*a^6 - 25632*a^5 - 54396*a^4 + 135828*a^3 + 107208*a^2 - 81216*a - 17532 -36*a^7 + 3744*a^6 - 16848*a^5 - 25164*a^4 + 55620*a^3 + 72648*a^2 + 35712*a + 6516 36*a^7 - 3744*a^6 + 16848*a^5 + 25164*a^4 - 55620*a^3 - 72648*a^2 - 35712*a - 6516 -648*a^7 + 2808*a^6 + 14472*a^5 + 10224*a^4 - 39168*a^3 - 4824*a^2 + 18936*a - 7272 -54*a^7 - 2232*a^6 - 7092*a^5 + 1494*a^4 + 5706*a^3 + 7200*a^2 - 7056*a - 3726 -198*a^7 - 1584*a^6 + 12816*a^5 + 27198*a^4 - 67914*a^3 - 53604*a^2 + 40608*a + 8766 -126*a^7 - 3600*a^6 + 7704*a^5 + 69822*a^4 + 22626*a^3 - 177372*a^2 - 155304*a - 17694 -144*a^7 + 2016*a^6 + 1560*a^5 + 1632*a^4 + 216*a^3 - 33432*a^2 - 35616*a - 5544 -909*a^7 - 360*a^6 + 23634*a^5 + 31527*a^4 - 48609*a^3 - 87156*a^2 - 34290*a - 3609 -783*a^7 - 54*a^6 + 22572*a^5 + 7659*a^4 - 84087*a^3 - 24066*a^2 + 58932*a + 11439 -18*a^7 + 3240*a^6 - 9450*a^5 - 18666*a^4 + 48024*a^3 + 19890*a^2 - 38088*a - 6912 -1737*a^7 + 1710*a^6 + 33210*a^5 + 21267*a^4 - 81819*a^3 - 87732*a^2 - 16974*a - 945 846*a^7 - 2754*a^6 - 14058*a^5 + 17316*a^4 + 59004*a^3 - 16830*a^2 - 55710*a - 15426 -144*a^7 + 1332*a^6 - 6588*a^5 - 4320*a^4 + 16920*a^3 - 3312*a^2 - 21312*a - 4392 -333*a^7 - 36*a^6 + 5616*a^5 + 20115*a^4 + 2745*a^3 - 43290*a^2 - 53622*a - 5967 -639*a^7 + 2484*a^6 + 9504*a^5 - 13563*a^4 - 26271*a^3 - 2970*a^2 + 16110*a + 6345 828*a^7 - 2070*a^6 - 9576*a^5 + 10260*a^4 + 33210*a^3 + 576*a^2 - 17316*a - 2664 42*a^7 + 1200*a^6 - 2568*a^5 - 23274*a^4 - 7542*a^3 + 59124*a^2 + 51768*a + 5898 -582*a^7 - 1680*a^6 + 17268*a^5 + 41262*a^4 - 47322*a^3 - 120552*a^2 - 45504*a - 5418 72*a^7 - 1008*a^6 - 780*a^5 - 816*a^4 - 108*a^3 + 16716*a^2 + 17808*a + 2772 -78*a^7 - 1740*a^6 + 4200*a^5 + 24162*a^4 + 906*a^3 - 43212*a^2 - 30804*a - 4338 -18*a^7 + 48*a^6 + 4512*a^5 - 10014*a^4 - 39450*a^3 + 29148*a^2 + 59352*a + 7734 390*a^7 - 1164*a^6 - 9036*a^5 + 11046*a^4 + 42402*a^3 + 12456*a^2 - 17580*a - 810 12*a^7 + 3408*a^6 - 4356*a^5 - 45732*a^4 - 14976*a^3 + 101532*a^2 + 85728*a + 9024 -180*a^7 + 984*a^6 + 13812*a^5 + 18588*a^4 - 42864*a^3 - 77916*a^2 - 31632*a - 3552 -18*a^7 - 1080*a^6 + 7740*a^5 + 26970*a^4 - 3630*a^3 - 73632*a^2 - 55368*a - 5742 -90*a^7 + 1176*a^6 - 2268*a^5 - 2742*a^4 + 15486*a^3 - 25272*a^2 - 57456*a - 10794 -36*a^7 - 540*a^6 + 1632*a^5 + 888*a^4 - 6636*a^3 + 15912*a^2 + 20964*a + 1560 -192*a^7 - 960*a^6 + 2910*a^5 + 11088*a^4 - 3180*a^3 - 22518*a^2 - 5760*a - 312 255*a^7 - 192*a^6 - 4122*a^5 - 261*a^4 + 19125*a^3 + 8724*a^2 - 10962*a - 2955 -237*a^7 - 126*a^6 + 4206*a^5 - 1731*a^4 - 15759*a^3 + 2112*a^2 + 11700*a + 1731 -126*a^7 - 252*a^6 + 762*a^5 + 22242*a^4 + 13236*a^3 - 68586*a^2 - 67776*a - 8748 279*a^7 - 684*a^6 - 5832*a^5 - 1527*a^4 + 8847*a^3 + 8262*a^2 + 2424*a - 2133 438*a^7 - 762*a^6 - 9960*a^5 + 4404*a^4 + 30102*a^3 + 6132*a^2 - 15270*a - 3924 363*a^7 + 54*a^6 - 7140*a^5 - 14265*a^4 + 7389*a^3 + 37026*a^2 + 27906*a + 2043 801*a^7 + 114*a^6 - 20616*a^5 - 17523*a^4 + 60345*a^3 + 58854*a^2 - 4578*a - 1389 18*a^7 - 1854*a^6 + 4206*a^5 + 17970*a^4 - 1224*a^3 - 32358*a^2 - 24072*a - 5502 -630*a^7 + 492*a^6 + 13680*a^5 + 10038*a^4 - 35172*a^3 - 35700*a^2 - 7056*a - 1464 -276*a^7 + 1350*a^6 + 2886*a^5 - 14094*a^4 - 7092*a^3 + 32802*a^2 + 22350*a - 1626 54*a^7 + 1260*a^6 + 18*a^5 - 21426*a^4 - 13128*a^3 + 51870*a^2 + 49968*a + 5976 -72*a^7 - 1776*a^6 + 6108*a^5 + 29904*a^4 - 8412*a^3 - 74112*a^2 - 47976*a - 4980 -309*a^7 + 168*a^6 + 5592*a^5 + 11385*a^4 + 2613*a^3 - 42102*a^2 - 48132*a - 4827 -642*a^7 - 192*a^6 + 16488*a^5 + 23454*a^4 - 39090*a^3 - 60984*a^2 - 13116*a - 402 -297*a^7 - 1128*a^6 + 12294*a^5 + 17721*a^4 - 48021*a^3 - 51756*a^2 + 3948*a + 615 684*a^7 - 270*a^6 - 15228*a^5 - 12918*a^4 + 45174*a^3 + 30624*a^2 - 13170*a - 1320 -1536*a^6 + 11862*a^5 + 16548*a^4 - 43134*a^3 - 36126*a^2 + 12888*a + 3378 2784*a^6 - 5328*a^5 - 29088*a^4 + 8520*a^3 + 57396*a^2 + 30168*a + 2208 564*a^6 - 1614*a^5 - 18492*a^4 - 17910*a^3 + 51390*a^2 + 57360*a + 6738 1536*a^6 - 4122*a^5 - 19962*a^4 + 4590*a^3 + 43194*a^2 + 24810*a + 4278 -162*a^6 - 108*a^5 + 2802*a^4 - 6762*a^3 - 3918*a^2 + 13038*a + 3612 426*a^6 - 1344*a^5 - 2256*a^4 + 3108*a^3 + 11220*a^2 + 14376*a + 2820 234*a^6 - 3402*a^5 - 7722*a^4 + 16794*a^3 + 13146*a^2 - 6120*a - 960 -180*a^7 + 960*a^6 + 582*a^5 - 3948*a^4 + 3660*a^3 + 10500*a^2 + 3486*a - 1776 over Number field with defining polynomial x^8+x^7-34*x^6-27*x^5+158*x^4+109*x^3-160*x^2-129*x-15
a^8 - 44*a^7 + 840*a^6 - 9089*a^5 + 60377*a^4 - 245757*a^3 + 570016*a^2 - 631148*a + 217112 -4*a^8 + 174*a^7 - 3096*a^6 + 29012*a^5 - 153646*a^4 + 460126*a^3 - 745898*a^2 + 606556*a - 228048 -5*a^8 + 220*a^7 - 3988*a^6 + 38497*a^5 - 213793*a^4 + 690633*a^3 - 1254616*a^2 + 1157976*a - 402720 -a^8 + 40*a^7 - 648*a^6 + 5501*a^5 - 27129*a^4 + 86765*a^3 - 206112*a^2 + 317652*a - 149320 3*a^8 - 146*a^7 + 2984*a^6 - 33109*a^5 + 215023*a^4 - 819753*a^3 + 1735904*a^2 - 1775882*a + 618780 5*a^8 - 224*a^7 + 4206*a^6 - 42943*a^5 + 258439*a^4 - 926753*a^3 + 1891672*a^2 - 1917162*a + 656500 4*a^8 - 176*a^7 + 3190*a^6 - 30652*a^5 + 167140*a^4 - 512386*a^3 + 816342*a^2 - 559726*a + 122960 2*a^8 - 84*a^7 + 1460*a^6 - 13594*a^5 + 73534*a^4 - 235678*a^3 + 439672*a^2 - 437896*a + 160480 3*a^8 - 141*a^7 + 2761*a^6 - 29172*a^5 + 179927*a^4 - 653917*a^3 + 1339753*a^2 - 1362550*a + 475360 3*a^8 - 129*a^7 + 2289*a^6 - 21594*a^5 + 116343*a^4 - 358231*a^3 + 599889*a^2 - 494398*a + 180788 -2*a^8 + 89*a^7 - 1661*a^6 + 16851*a^5 - 100521*a^4 + 354840*a^3 - 702296*a^2 + 669928*a - 201300 -4*a^8 + 185*a^7 - 3556*a^6 + 36734*a^5 - 220123*a^4 + 769917*a^3 - 1499303*a^2 + 1435106*a - 478384 -a^8 + 44*a^7 - 795*a^6 + 7562*a^5 - 40196*a^4 + 116000*a^3 - 159550*a^2 + 72556*a - 3024 2*a^8 - 96*a^7 + 1934*a^6 - 21175*a^5 + 136210*a^4 - 518413*a^3 + 1111492*a^2 - 1176594*a + 436340 -4*a^8 + 180*a^7 - 3371*a^6 + 33959*a^5 - 198551*a^4 + 677659*a^3 - 1286254*a^2 + 1194910*a - 394456 -9*a^7 + 382*a^6 - 6516*a^5 + 56846*a^4 - 266427*a^3 + 643228*a^2 - 699480*a + 250952 2*a^8 - 99*a^7 + 2061*a^6 - 23323*a^5 + 154565*a^4 - 600916*a^3 + 1296616*a^2 - 1361518*a + 512644 2*a^8 - 90*a^7 + 1678*a^6 - 16752*a^5 + 96618*a^4 - 324042*a^3 + 604262*a^2 - 556572*a + 182928 -5*a^8 + 219*a^7 - 3968*a^6 + 38375*a^5 - 213270*a^4 + 683544*a^3 - 1203349*a^2 + 1029926*a - 319824 -a^8 + 42*a^7 - 730*a^6 + 6797*a^5 - 36767*a^4 + 117839*a^3 - 219836*a^2 + 218948*a - 80240 -a^8 + 48*a^7 - 952*a^6 + 10113*a^5 - 62275*a^4 + 224289*a^3 - 450666*a^2 + 439800*a - 140832 -2*a^8 + 84*a^7 - 1426*a^6 + 12452*a^5 - 58466*a^4 + 137570*a^3 - 117238*a^2 - 39974*a + 48000 -a^8 + 47*a^7 - 902*a^6 + 9113*a^5 - 51898*a^4 + 164602*a^3 - 265579*a^2 + 170794*a - 20936 5*a^8 - 223*a^7 + 4106*a^6 - 40221*a^5 + 224976*a^4 - 716038*a^3 + 1215257*a^2 - 941494*a + 241680 -2*a^8 + 90*a^7 - 1662*a^6 + 16226*a^5 - 89792*a^4 + 280040*a^3 - 459768*a^2 + 340020*a - 86640 -2*a^8 + 90*a^7 - 1696*a^6 + 17368*a^5 - 104860*a^4 + 378148*a^3 - 782202*a^2 + 817890*a - 295120 -a^8 + 42*a^7 - 712*a^6 + 6233*a^5 - 29837*a^4 + 75681*a^3 - 87932*a^2 + 21702*a + 18060 a^8 - 42*a^7 + 726*a^6 - 6639*a^5 + 34343*a^4 - 99753*a^3 + 153596*a^2 - 116772*a + 42096 -a^8 + 51*a^7 - 1073*a^6 + 12072*a^5 - 78363*a^4 + 293933*a^3 - 600723*a^2 + 581276*a - 195164 3*a^8 - 136*a^7 + 2560*a^6 - 25859*a^5 + 151216*a^4 - 514833*a^3 + 972397*a^2 - 895844*a + 286592 -a^8 + 51*a^7 - 1077*a^6 + 12228*a^5 - 80907*a^4 + 315049*a^3 - 688599*a^2 + 735284*a - 257044 4*a^8 - 175*a^7 + 3173*a^6 - 30807*a^5 + 172767*a^4 - 563106*a^3 + 1019108*a^2 - 907756*a + 289280 -2*a^8 + 92*a^7 - 1769*a^6 + 18405*a^5 - 112012*a^4 + 401941*a^3 - 811415*a^2 + 809560*a - 284084 -2*a^8 + 94*a^7 - 1845*a^6 + 19603*a^5 - 122091*a^4 + 450265*a^3 - 940838*a^2 + 980782*a - 356640 a^8 - 43*a^7 + 761*a^6 - 7100*a^5 + 36958*a^4 - 103139*a^3 + 128770*a^2 - 30060*a - 12032 -a^8 + 48*a^7 - 962*a^6 + 10413*a^5 - 65669*a^4 + 242223*a^3 - 496126*a^2 + 496766*a - 176736 2*a^8 - 90*a^7 + 1684*a^6 - 16944*a^5 + 99020*a^4 - 338868*a^3 + 651154*a^2 - 627266*a + 218316 a^8 - 44*a^7 + 791*a^6 - 7454*a^5 + 39204*a^4 - 112892*a^3 + 160982*a^2 - 86284*a + 2508 a^8 - 41*a^7 + 682*a^6 - 5877*a^5 + 27711*a^4 - 68958*a^3 + 77356*a^2 - 17310*a - 8864 -3*a^8 + 133*a^7 - 2443*a^6 + 24010*a^5 - 136000*a^4 + 445267*a^3 - 799272*a^2 + 688808*a - 209040 a^8 - 46*a^7 + 882*a^6 - 9100*a^5 + 54337*a^4 - 187408*a^3 + 349552*a^2 - 299850*a + 85480 -4*a^6 + 108*a^5 - 992*a^4 + 3108*a^3 + 1432*a^2 - 13728*a - 516 a^8 - 46*a^7 + 886*a^6 - 9215*a^5 + 55590*a^4 - 193899*a^3 + 366703*a^2 - 325544*a + 104180 4*a^7 - 176*a^6 + 3096*a^5 - 27766*a^4 + 133710*a^3 - 332910*a^2 + 375710*a - 130852 a^7 - 34*a^6 + 462*a^5 - 3238*a^4 + 12861*a^3 - 30780*a^2 + 42496*a - 15056 5*a^7 - 187*a^6 + 2820*a^5 - 21909*a^4 + 92877*a^3 - 209622*a^2 + 228864*a - 99060 4*a^7 - 152*a^6 + 2303*a^5 - 17570*a^4 + 69569*a^3 - 129716*a^2 + 80902*a - 5240 -3*a^7 + 135*a^6 - 2458*a^5 + 23197*a^4 - 120289*a^3 + 332482*a^2 - 428932*a + 171560 5*a^7 - 201*a^6 + 3313*a^5 - 28711*a^4 + 139084*a^3 - 367356*a^2 + 466706*a - 188768 a^7 - 42*a^6 + 736*a^5 - 6841*a^4 + 35463*a^3 - 98643*a^2 + 128726*a - 57500 -a^7 + 34*a^6 - 470*a^5 + 3425*a^4 - 14269*a^3 + 33835*a^2 - 40278*a + 18840 a^7 - 32*a^6 + 393*a^5 - 2276*a^4 + 5934*a^3 - 4094*a^2 - 4722*a - 2152 -a^8 + 43*a^7 - 754*a^6 + 6924*a^5 - 35627*a^4 + 102579*a^3 - 159122*a^2 + 125778*a - 43732 over Number field with defining polynomial x^9-47*x^8+928*x^7-9997*x^6+63872*x^5-246532*x^4+561383*x^3-704844*x^2+427908*x-96680
a vector of length 53 over Number field with defining polynomial a number field of degree 16
a vector of length 53 over Number field with defining polynomial a number field of degree 12
For conductor 1:
traces of hecke eigenvalues of T_{p^1} are:
0 0 0 -86 0 0 0 212 166 0 -178 0 0 0 -106 -696 0 214 0 -466 0 -1680 0 
computing eigenvalues for k = 1, took 8.552291 sec
traces of hecke eigenvalues of T_{p^2} are:
-12 -22 -144 
computing eigenvalues for k = 2, took 0.209982 sec
traces of hecke eigenvalues of T_{p^1} are:
10 10 50 164 220 280 630 820 884 1140 1744 1450 2770 2860 4040 3264 4430 5524 6280 6920 6690 7860 9120 
computing eigenvalues for k = 1, took 8.451311 sec
traces of hecke eigenvalues of T_{p^2} are:
15 0 0 
computing eigenvalues for k = 2, took 0.217587 sec
traces of hecke eigenvalues of T_{p^1} are:
4 -8 -13 65 -14 -77 78 124 -232 -192 -224 -485 373 634 146 -579 -394 838 367 1232 714 918 390 
computing eigenvalues for k = 1, took 8.568832 sec
traces of hecke eigenvalues of T_{p^2} are:
3 12 54 
computing eigenvalues for k = 2, took 0.214696 sec
traces of hecke eigenvalues of T_{p^1} are:
-4 -4 -1 65 -90 -25 -78 124 -232 340 -224 399 -655 638 146 -579 -142 838 -1389 1232 1278 918 1162 
computing eigenvalues for k = 1, took 8.615773 sec
traces of hecke eigenvalues of T_{p^2} are:
3 4 42 
computing eigenvalues for k = 2, took 0.209572 sec
traces of hecke eigenvalues of T_{p^1} are:
2 14 62 164 144 332 474 820 884 1672 1744 2334 1742 2864 4040 3264 4682 5524 4524 6920 7254 7860 9892 
computing eigenvalues for k = 1, took 8.671667 sec
traces of hecke eigenvalues of T_{p^2} are:
-9 16 96 
computing eigenvalues for k = 2, took 0.219275 sec
traces of hecke eigenvalues of T_{p^1} are:
15 40 400 1464 2380 5220 12720 25260 30784 52060 70644 81400 106080 151740 208920 230764 305320 363024 394420 499360 578760 712980 922180 
computing eigenvalues for k = 1, took 8.631474 sec
traces of hecke eigenvalues of T_{p^2} are:
30 120 2800 
computing eigenvalues for k = 2, took 0.216605 sec
traces of hecke eigenvalues of T_{p^1} are:
7 19 62 89 154 397 714 1030 1034 1092 1519 1984 2452 2944 3260 3264 4697 5524 4639 6830 7749 7065 10752 
computing eigenvalues for k = 1, took 8.657722 sec
traces of hecke eigenvalues of T_{p^2} are:
6 36 96 
computing eigenvalues for k = 2, took 0.206894 sec
traces of hecke eigenvalues of T_{p^1} are:
0 0 0 30 0 0 0 318 -4 0 32 0 0 0 92 1192 0 -1034 0 924 0 -1494 0 
computing eigenvalues for k = 1, took 8.629212 sec
traces of hecke eigenvalues of T_{p^2} are:
-4 14 -52 
computing eigenvalues for k = 2, took 0.213352 sec
traces of hecke eigenvalues of T_{p^1} are:
-6 -6 10 6 26 -126 -46 -54 782 92 -430 864 -320 -246 -124 -104 1530 -910 -986 298 1204 1516 -644 
computing eigenvalues for k = 1, took 8.620286 sec
traces of hecke eigenvalues of T_{p^2} are:
0 -30 80 
computing eigenvalues for k = 2, took 0.206974 sec
traces of hecke eigenvalues of T_{p^1} are:
33 64 208 748 848 1336 2536 3876 4832 7024 8668 8704 10704 14144 16392 19912 22128 24960 25224 32080 35152 38268 45288 
computing eigenvalues for k = 1, took 8.740325 sec
traces of hecke eigenvalues of T_{p^2} are:
24 56 -336 
computing eigenvalues for k = 2, took 0.207913 sec
traces of hecke eigenvalues of T_{p^1} are:
1 -13 3 -42 65 -375 -85 -35 890 38 8 686 512 -1199 205 1266 -257 862 859 -806 -1466 -2086 130 
computing eigenvalues for k = 1, took 8.692247 sec
traces of hecke eigenvalues of T_{p^2} are:
-12 -10 -36 
computing eigenvalues for k = 2, took 0.204853 sec
traces of hecke eigenvalues of T_{p^1} are:
-1 13 35 -84 115 61 -5 -127 -22 10 -16 188 140 103 -931 764 893 124 1067 -1068 150 -1586 -350 
computing eigenvalues for k = 1, took 8.602220 sec
traces of hecke eigenvalues of T_{p^2} are:
4 18 -96 
computing eigenvalues for k = 2, took 0.206776 sec
traces of hecke eigenvalues of T_{p^1} are:
-20 14 52 172 -126 172 -496 -84 -308 842 744 1940 -2620 -522 2000 -852 -702 228 -1468 1136 1128 -244 4454 
computing eigenvalues for k = 1, took 8.625269 sec
traces of hecke eigenvalues of T_{p^2} are:
20 36 216 
computing eigenvalues for k = 2, took 0.208226 sec
traces of hecke eigenvalues of T_{p^1} are:
-4 10 39 -45 177 64 -105 -733 232 696 163 524 948 -173 -323 -654 1748 -900 2304 1468 -413 -1309 1016 
computing eigenvalues for k = 1, took 8.724236 sec
traces of hecke eigenvalues of T_{p^2} are:
-2 -9 -112 
computing eigenvalues for k = 2, took 0.212737 sec
traces of hecke eigenvalues of T_{p^1} are:
49 102 476 1192 1552 2566 4542 7516 9388 11741 15664 16718 18959 24126 31662 34562 41152 46330 48000 56432 60136 72996 85358 
computing eigenvalues for k = 1, took 8.541513 sec
traces of hecke eigenvalues of T_{p^2} are:
12 48 208 
computing eigenvalues for k = 2, took 0.214757 sec
traces of hecke eigenvalues of T_{p^1} are:
9 17 45 78 171 399 369 621 1048 1656 1962 2088 2424 2427 3735 3424 5517 4866 5049 6286 6738 7842 8748 
computing eigenvalues for k = 1, took 8.715974 sec
traces of hecke eigenvalues of T_{p^2} are:
12 28 -40 
computing eigenvalues for k = 2, took 0.207274 sec
traces of hecke eigenvalues of T_{p^1} are:
9 7 55 108 151 339 579 981 898 1336 1212 1858 2064 2787 3585 3754 4927 5496 5329 5086 7338 6432 8968 
computing eigenvalues for k = 1, took 13.551988 sec
traces of hecke eigenvalues of T_{p^2} are:
12 -12 40 
computing eigenvalues for k = 2, took 0.198588 sec
traces of hecke eigenvalues of T_{p^1} are:
6 16 34 120 190 240 522 864 928 1390 1776 2074 2850 3258 2976 3076 3928 4128 5416 5992 6678 8928 7942 
computing eigenvalues for k = 1, took 8.523408 sec
traces of hecke eigenvalues of T_{p^2} are:
3 24 -128 
computing eigenvalues for k = 2, took 0.208846 sec
traces of hecke eigenvalues of T_{p^1} are:
6 8 78 120 174 372 582 864 928 1422 1776 1710 1662 2466 2976 3076 5184 4128 5388 5992 7266 8928 11070 
computing eigenvalues for k = 1, took 8.622369 sec
traces of hecke eigenvalues of T_{p^2} are:
3 -8 224 
computing eigenvalues for k = 2, took 0.202873 sec
traces of hecke eigenvalues of T_{p^1} are:
1 8 88 120 224 192 392 1084 848 1312 1716 2200 2072 3136 3816 2956 4504 4768 5568 5632 5976 9588 8720 
computing eigenvalues for k = 1, took 8.738534 sec
traces of hecke eigenvalues of T_{p^2} are:
-12 -8 304 
computing eigenvalues for k = 2, took 0.220864 sec
traces of hecke eigenvalues of T_{p^1} are:
1 1 -1 -10 -80 40 162 334 -82 -240 -449 49 55 718 -634 -579 -127 838 -1274 1142 1773 123 2022 
computing eigenvalues for k = 1, took 8.695361 sec
traces of hecke eigenvalues of T_{p^2} are:
3 -6 42 
computing eigenvalues for k = 2, took 0.208065 sec
traces of hecke eigenvalues of T_{p^1} are:
1 1 -41 60 -45 25 167 -181 -82 -280 296 -146 160 483 -39 -94 53 -532 -9 42 -2 -512 -868 
computing eigenvalues for k = 1, took 8.615947 sec
traces of hecke eigenvalues of T_{p^2} are:
-2 -16 72 
computing eigenvalues for k = 2, took 0.202039 sec
traces of hecke eigenvalues of T_{p^1} are:
3 17 57 108 213 273 525 981 898 1476 1212 1926 2448 2937 3585 3754 4185 5496 5475 5086 6606 6432 10044 
computing eigenvalues for k = 1, took 8.619022 sec
traces of hecke eigenvalues of T_{p^2} are:
-6 28 56 
computing eigenvalues for k = 2, took 0.216279 sec
traces of hecke eigenvalues of T_{p^1} are:
3 5 45 96 117 393 681 1101 1102 1548 1392 1818 2592 2361 4173 3694 4437 4908 4995 7582 6702 7980 8100 
computing eigenvalues for k = 1, took 8.571136 sec
traces of hecke eigenvalues of T_{p^2} are:
-6 -20 -40 
computing eigenvalues for k = 2, took 0.223400 sec
traces of hecke eigenvalues of T_{p^1} are:
3 7 67 78 193 213 735 621 1048 1156 1962 1696 2088 3297 3735 3424 3595 4866 5755 6286 7206 7842 10264 
computing eigenvalues for k = 1, took 8.638244 sec
traces of hecke eigenvalues of T_{p^2} are:
-6 -12 136 
computing eigenvalues for k = 2, took 0.207360 sec
For conductor 5:
traces of hecke eigenvalues of T_{p^1} are:
-3 -9 -29 -4 67 -37 -1 -79 42 -216 -180 -414 256 583 465 -550 567 656 -71 150 -934 -488 -344 
computing eigenvalues for k = 1, took 588.151475 sec
traces of hecke eigenvalues of T_{p^2} are:
0 4 40 
computing eigenvalues for k = 2, took 0.465187 sec
traces of hecke eigenvalues of T_{p^1} are:
-1 -13 -13 -10 -24 -142 -162 334 -82 388 -449 -135 -337 554 -634 -579 -409 838 252 1142 219 123 -470 
computing eigenvalues for k = 1, took 343.196440 sec
traces of hecke eigenvalues of T_{p^2} are:
3 22 54 
computing eigenvalues for k = 2, took 0.497989 sec
traces of hecke eigenvalues of T_{p^1} are:
-4 -4 -1 65 -90 -25 -78 124 -232 340 -224 399 -655 638 146 -579 -142 838 -1389 1232 1278 918 1162 
computing eigenvalues for k = 1, took 340.562644 sec
traces of hecke eigenvalues of T_{p^2} are:
3 4 42 
computing eigenvalues for k = 2, took 0.458923 sec
traces of hecke eigenvalues of T_{p^1} are:
-9 -12 -40 -20 -76 136 166 52 -234 -246 138 -18 -394 -292 -918 466 -132 -32 1316 -852 -1508 1772 -688 
computing eigenvalues for k = 1, took 339.115410 sec
traces of hecke eigenvalues of T_{p^2} are:
6 2 38 
computing eigenvalues for k = 2, took 0.468337 sec
For conductor 19:
traces of hecke eigenvalues of T_{p^1} are:
-3 -7 -1 -10 -13 65 -125 67 12 -356 82 76 16 427 201 116 -227 -678 263 -130 -1122 406 -580 
computing eigenvalues for k = 1, took 580.028100 sec
traces of hecke eigenvalues of T_{p^2} are:
2 4 -24 
computing eigenvalues for k = 2, took 0.444323 sec
traces of hecke eigenvalues of T_{p^1} are:
-5 -5 -35 0 40 30 -20 -40 -356 -90 313 -105 -45 -150 444 -201 -795 -78 590 -628 655 -1175 710 
computing eigenvalues for k = 1, took 579.209517 sec
traces of hecke eigenvalues of T_{p^2} are:
3 4 54 
computing eigenvalues for k = 2, took 0.447534 sec
traces of hecke eigenvalues of T_{p^1} are:
-5 -18 -24 -28 -60 -64 68 0 -68 28 -64 -422 880 -440 -546 -268 -476 1368 -1682 -512 1072 134 400 
computing eigenvalues for k = 1, took 581.486112 sec
traces of hecke eigenvalues of T_{p^2} are:
2 14 -54 
computing eigenvalues for k = 2, took 0.445537 sec
For conductor 95:
traces of hecke eigenvalues of T_{p^1} are:
3 -3 3 24 1 39 63 -33 -90 -60 -108 146 192 -123 87 -382 205 -744 469 -10 210 -180 -280 
computing eigenvalues for k = 1, took 149.684415 sec
traces of hecke eigenvalues of T_{p^2} are:
2 -4 -40 
computing eigenvalues for k = 2, took 0.492464 sec
traces of hecke eigenvalues of T_{p^1} are:
-2 2 18 -86 16 -76 98 -8 -130 20 -198 166 522 172 382 -32 -890 366 -756 -90 150 -780 520 
computing eigenvalues for k = 1, took 143.064142 sec
traces of hecke eigenvalues of T_{p^2} are:
-3 -14 -40 
computing eigenvalues for k = 2, took 0.535005 sec
traces of hecke eigenvalues of T_{p^1} are:
-10 12 18 8 -10 112 -326 -440 -200 1538 -16 1154 -1542 854 320 -1676 512 952 -2488 1800 -1810 -272 3098 
computing eigenvalues for k = 1, took 149.431346 sec
traces of hecke eigenvalues of T_{p^2} are:
5 28 144 
computing eigenvalues for k = 2, took 0.492928 sec
traces of hecke eigenvalues of T_{p^1} are:
15 25 163 392 421 799 1527 2647 3066 3968 5072 5466 7292 7169 10635 10434 13905 15212 13749 18862 20462 23968 26788 
computing eigenvalues for k = 1, took 149.663290 sec
traces of hecke eigenvalues of T_{p^2} are:
0 -20 104 
computing eigenvalues for k = 2, took 0.491861 sec
traces of hecke eigenvalues of T_{p^1} are:
-1 9 48 -85 175 -26 469 -419 106 -124 -826 1851 261 -613 671 -73 1483 -2678 1384 -176 -1078 -662 498 
computing eigenvalues for k = 1, took 150.104321 sec
traces of hecke eigenvalues of T_{p^2} are:
-3 -13 -62 
computing eigenvalues for k = 2, took 0.490769 sec
traces of hecke eigenvalues of T_{p^1} are:
47 102 504 1192 1544 2670 4950 7764 8752 11829 15208 17110 19489 24550 33530 33882 38640 44186 48932 57084 62664 72444 83334 
computing eigenvalues for k = 1, took 152.065759 sec
traces of hecke eigenvalues of T_{p^2} are:
6 48 432 
computing eigenvalues for k = 2, took 0.501907 sec
traces of hecke eigenvalues of T_{p^1} are:
-20 -10 8 32 -42 -88 -260 12 1648 22 904 -68 472 -3610 788 2188 -498 -584 -176 -804 1216 -3040 -3154 
computing eigenvalues for k = 1, took 155.092679 sec
traces of hecke eigenvalues of T_{p^2} are:
-24 -48 -208 
computing eigenvalues for k = 2, took 0.502613 sec
traces of hecke eigenvalues of T_{p^1} are:
72 144 672 1460 2184 3672 6624 9404 11312 16872 19952 22704 27072 34344 39740 45356 54672 59728 64824 74864 83664 90512 114072 
computing eigenvalues for k = 1, took 151.244593 sec
traces of hecke eigenvalues of T_{p^2} are:
36 96 576 
computing eigenvalues for k = 2, took 0.490680 sec
