constructing eigenvector for poly
x-40
constructing eigenvector for poly
x+2
constructing eigenvector for poly
x+10
constructing eigenvector for poly
x^2+4*x-17
constructing eigenvector for poly
x^6+24*x^5+123*x^4-592*x^3-4152*x^2+168*x+6544
constructing eigenvector for poly
x^16-186*x^15+15946*x^14-835644*x^13+29931075*x^12-776144292*x^11+15055148155*x^10-222558664458*x^9+2530684065868*x^8-22176890981838*x^7+149054837269203*x^6-759124701783390*x^5+2867322375835672*x^4-7752064985507376*x^3+14123442481040128*x^2-15463970861410752*x+7649951007932352
constructing eigenvector for poly
x^6-9*x^5-12*x^4+288*x^3-708*x^2+342*x+206
constructing eigenvector for poly
x^39+27*x^38-316*x^37-13158*x^36+19548*x^35+2779998*x^34+5042070*x^33-339276836*x^32-1160953728*x^31+26739193184*x^30+117478961864*x^29-1435698945620*x^28-7326982128677*x^27+53818078623729*x^26+309539161290170*x^25-1414339293319540*x^24-9210215194824043*x^23+25606883976449497*x^22+196028237801893786*x^21-301831728488085954*x^20-2988695828027054554*x^19+1912945054520570176*x^18+32336793604949283218*x^17+1003048953112297564*x^16-243541219343994168714*x^15-132134861936278948650*x^14+1238912758134028510868*x^13+1170574615040256357224*x^12-4074439483725140357313*x^11-5239757665006312989103*x^10+8101460232527748538478*x^9+13247779308946437358604*x^8-8585512655480757495276*x^7-18588818309381339694474*x^6+3248919592957619922870*x^5+13000384877084849261508*x^4+866953508030491096260*x^3-3338566059297850600320*x^2-332990801266900771008*x+117791221167090504576
constructing eigenvector for poly
x^11-2*x^10-79*x^9+160*x^8+1760*x^7-2592*x^6-15391*x^5+17662*x^4+54937*x^3-56812*x^2-64192*x+63056
constructing eigenvector for poly
x-8
constructing eigenvector for poly
x-8
constructing eigenvector for poly
x^4-48*x^3+760*x^2-4416*x+8464
constructing eigenvector for poly
x^4-92*x^3+3148*x^2-47472*x+266256
constructing eigenvector for poly
x^4-222*x^3+18423*x^2-677322*x+9308601
constructing eigenvector for poly
x^4-532*x^3+104028*x^2-8850352*x+276756496
constructing eigenvector for poly
x^4-654*x^3+156331*x^2-16154454*x+610139401
constructing eigenvector for poly
x^4-1174*x^3+514507*x^2-99753606*x+7219730961
constructing eigenvector for poly
x^4-1262*x^3+596715*x^2-125287574*x+9855922729
constructing eigenvector for poly
x^20-224*x^19+23594*x^18-1553268*x^17+71653293*x^16-2461099536*x^15+65279970346*x^14-1368684976648*x^13+23026963768380*x^12-313784737353948*x^11+3480429117555606*x^10-31459960123381820*x^9+231198337774193525*x^8-1372957668060966288*x^7+6519257742262710386*x^6-24351462463254272824*x^5+69814994791207030457*x^4-147912594679349216132*x^3+217613431529836305916*x^2-197990745882814912048*x+83671046916971429776
constructing eigenvector for poly
x^20-540*x^19+137340*x^18-21872384*x^17+2445945738*x^16-204132105248*x^15+13190157007392*x^14-675594726783440*x^13+27852802597180571*x^12-933183060583008492*x^11+25541538733746484828*x^10-571952676481462213856*x^9+10457475832703871647146*x^8-155221737762526699521072*x^7+1851576884613025467462704*x^6-17471160339721985195067392*x^5+127305955734558261104592785*x^4-690156058318406144248662892*x^3+2617867706381828521103437708*x^2-6192932037206983275089717744*x+6869447499957977124751075216
constructing eigenvector for poly
x^20-1054*x^19+523905*x^18-163258406*x^17+35761957348*x^16-5852081948590*x^15+742103858769623*x^14-74657293897166026*x^13+6049922065252070279*x^12-398692223212018699892*x^11+21477235601356857866600*x^10-947111689704720410439140*x^9+34120076664154291257268959*x^8-998382102763492835990352530*x^7+23488596507477603279277717199*x^6-437333819698658294022530629126*x^5+6291006354270120034427848178516*x^4-67360662294103316792561386797486*x^3+504905139132584583442464224669161*x^2-2361506709578430641371333652525094*x+5181910447743920665193854758392169
constructing eigenvector for poly
x^20-2584*x^19+3155874*x^18-2422201776*x^17+1310299927867*x^16-531033181695568*x^15+167297989914938434*x^14-41954400924852580888*x^13+8505817590374554293009*x^12-1407893589872059008660320*x^11+191297660259413094024914264*x^10-21374657765362340096156651520*x^9+1960564975671193241666349899888*x^8-146822086349735303288850459634176*x^7+8889395173558751344058138776823552*x^6-428445281425544864969941133480484864*x^5+16053375023900847093499251517534678784*x^4-450673541861477209294545966952598241280*x^3+8917957577115582536310556836887947483136*x^2-110910592111299262333972856047914015162368*x+652015641470055873240039119301486675398656
constructing eigenvector for poly
x^20-3490*x^19+5766037*x^18-5996080046*x^17+4401311390970*x^16-2423933769256506*x^15+1039172484102528421*x^14-355105497914882555138*x^13+98228508884632971599098*x^12-22210779822663636822166838*x^11+4127414549566801680413051341*x^10-631413979888615925683490371018*x^9+79375125087997082481139601144593*x^8-8154422473850650711075676820101088*x^7+677878282061653268935056271880462120*x^6-44895217246374119936235685957295435680*x^5+2313195445381700341458347707554583369072*x^4-89358153466751140214144794792330191516672*x^3+2434545289104788890130348034398265378066304*x^2-41709018536166878643508944912870667860324864*x+337920416379117438049463888899724325908799744
constructing eigenvector for poly
x^20-5318*x^19+13408047*x^18-21310432862*x^17+23946669534903*x^16-20223381603185300*x^15+13318440129875392386*x^14-7004058543631092654748*x^13+2987322309932157196585869*x^12-1043560862491514354617964114*x^11+300213818215214564839905501009*x^10-71250256105233627319588920115282*x^9+13926086361836501447823580628611085*x^8-2229433559680214156993524699264099420*x^7+289484284412713899761285148815063639234*x^6-30018641215646704646170704495701685144212*x^5+2427707702383780492300363363714315335604471*x^4-147575941051569767009352845477907864956572766*x^3+6343491562357318334149596825719942758377242479*x^2-171920533595144371224010669085982090678587485062*x+2209441067097811646230039161757661991730353184641
constructing eigenvector for poly
x^20-7258*x^19+24953189*x^18-54031955494*x^17+82640040664570*x^16-94898392433337714*x^15+84893589931003650733*x^14-60579987038584379893834*x^13+35022407392211269509343530*x^12-16564512955477236278211783934*x^11+6444474367912435839643049827733*x^10-2065976236908605033579828917847154*x^9+544783653684874931666747750140535201*x^8-117519046453086027808968546630768339168*x^7+20535699281609057644079689180594896201536*x^6-2862124545652952229078398313369934802445888*x^5+310699161153222174809327131180744673788190944*x^4-25318059999145076332500859687518849942453668864*x^3+1456907691626093612856471695441853071404549756672*x^2-52787529230407653326233033474324596604565912406528*x+905714598358465328499592696041420457825745203773696
constructing eigenvector for poly
x^6+6*x^5-45*x^4-220*x^3+855*x^2+2166*x-6859
constructing eigenvector for poly
x^6+45*x^5+750*x^4+5625*x^3+18750*x^2+28125*x+15625
constructing eigenvector for poly
x^6-78*x^5+1995*x^4-15860*x^3-21945*x^2-9438*x-1331
constructing eigenvector for poly
x^6+27*x^5+210*x^4+135*x^3-2310*x^2+3267*x-1331
constructing eigenvector for poly
x^6-87*x^5+2310*x^4-12035*x^3-164010*x^2-438567*x-357911
constructing eigenvector for poly
x^6+225*x^5+10560*x^4-525375*x^3-22228800*x^2+996980625*x-9327307625
constructing eigenvector for poly
x^6+219*x^5+14280*x^4+139795*x^3-8125320*x^2+70903659*x-184220009
constructing eigenvector for poly
x^6-39*x^4+507*x^2-2197
constructing eigenvector for poly
x^6-9*x^5+24*x^4-9*x^3-24*x^2-9*x-1
constructing eigenvector for poly
x^6+72*x^5+1809*x^4+17712*x^3+48843*x^2+52488*x+19683
constructing eigenvector for poly
x^6-195*x^5+13650*x^4-401375*x^3+4436250*x^2-20596875*x+34328125
constructing eigenvector for poly
x^6+159*x^5+10290*x^4+346355*x^3+6390090*x^2+61316919*x+239483061
constructing eigenvector for poly
x^6-267*x^5+26184*x^4-1135907*x^3+21130488*x^2-173883483*x+525557943
constructing eigenvector for poly
x^6-375*x^5+57414*x^4-4587875*x^3+201695382*x^2-4627938375*x+43354526697
constructing eigenvector for poly
x^4-52*x^3+1014*x^2-8788*x+28561
constructing eigenvector for poly
x^4-150*x^3+8387*x^2-207150*x+1907161
constructing eigenvector for poly
x^4-184*x^3+12494*x^2-370760*x+4060225
constructing eigenvector for poly
x^4-454*x^3+77243*x^2-5837078*x+165302449
constructing eigenvector for poly
x^4-690*x^3+178083*x^2-20375010*x+871961841
constructing eigenvector for poly
x^4-1190*x^3+519675*x^2-98561750*x+6859980625
constructing eigenvector for poly
x^4-1622*x^3+984107*x^2-264699046*x+26631955249
constructing eigenvector for poly
x^2+2*x+1
constructing eigenvector for poly
x^2+13*x+13
constructing eigenvector for poly
x^2+2*x+1
constructing eigenvector for poly
x^2+7*x+7
constructing eigenvector for poly
x+10
constructing eigenvector for poly
x+13
constructing eigenvector for poly
x^11-2*x^10-79*x^9+160*x^8+1760*x^7-2592*x^6-15391*x^5+17662*x^4+54937*x^3-56812*x^2-64192*x+63056
constructing eigenvector for poly
x^14+93*x^13+3880*x^12+96176*x^11+1579887*x^10+18148437*x^9+149773653*x^8+897056279*x^7+3884651312*x^6+11931523762*x^5+24912653367*x^4+32274229541*x^3+19993334092*x^2-2081845072*x-7015940512
constructing eigenvector for poly
x^2-13
constructing eigenvector for poly
x^2+14*x+49
constructing eigenvector for poly
x^2+39*x+377
constructing eigenvector for poly
x^6+6*x^5-45*x^4-220*x^3+855*x^2+2166*x-6859
constructing eigenvector for poly
x^6+45*x^5+750*x^4+5625*x^3+18750*x^2+28125*x+15625
constructing eigenvector for poly
x^6-78*x^5+1995*x^4-15860*x^3-21945*x^2-9438*x-1331
constructing eigenvector for poly
x^6+27*x^5+210*x^4+135*x^3-2310*x^2+3267*x-1331
constructing eigenvector for poly
x^6-87*x^5+2310*x^4-12035*x^3-164010*x^2-438567*x-357911
constructing eigenvector for poly
x^6+225*x^5+10560*x^4-525375*x^3-22228800*x^2+996980625*x-9327307625
constructing eigenvector for poly
x^6+219*x^5+14280*x^4+139795*x^3-8125320*x^2+70903659*x-184220009
constructing eigenvector for poly
x+12
constructing eigenvector for poly
x+11
constructing eigenvector for poly
x+8
constructing eigenvector for poly
x^3+13*x^2+31*x-13
constructing eigenvector for poly
x^4+6*x^3-2*x^2-30*x+13
constructing eigenvector for poly
x^4+24*x^3+186*x^2+568*x+593
constructing eigenvector for poly
x^19-2*x^18-310*x^17+740*x^16+32885*x^15-86632*x^14-1625646*x^13+4461796*x^12+42113552*x^11-115911866*x^10-597900228*x^9+1617478874*x^8+4539488723*x^7-12123099706*x^6-15953887996*x^5+45275995302*x^4+11800403287*x^3-64712269474*x^2+37136072628*x-5928574792
constructing eigenvector for poly
x^2+8*x+16
constructing eigenvector for poly
x^2+28*x+164
constructing eigenvector for poly
x^2+14*x+49
constructing eigenvector for poly
x^2+19*x+59
constructing eigenvector for poly
x+1
constructing eigenvector for poly
x+12
constructing eigenvector for poly
x^2+4*x-8
constructing eigenvector for poly
x^10-2*x^9-89*x^8+354*x^7+1017*x^6-4876*x^5-1996*x^4+16434*x^3-8892*x^2-246*x+536
constructing eigenvector for poly
x^4+6*x^3-2*x^2-30*x+13
constructing eigenvector for poly
x^17-202*x^16+18922*x^15-1090974*x^14+43333575*x^13-1257485646*x^12+27585834941*x^11-466933083818*x^10+6169103626688*x^9-63931960192624*x^8+519268927352365*x^7-3284110691694928*x^6+15962154678101940*x^5-58325297400873504*x^4+154604253676101360*x^3-279929153624297984*x^2+308892318406982912*x-156304501499714432
constructing eigenvector for poly
x^19-2*x^18-310*x^17+740*x^16+32885*x^15-86632*x^14-1625646*x^13+4461796*x^12+42113552*x^11-115911866*x^10-597900228*x^9+1617478874*x^8+4539488723*x^7-12123099706*x^6-15953887996*x^5+45275995302*x^4+11800403287*x^3-64712269474*x^2+37136072628*x-5928574792
constructing eigenvector for poly
x^8+4*x^7-157*x^6+286*x^5+3959*x^4-9744*x^3-32519*x^2+62646*x+99508
constructing eigenvector for poly
x^13-146*x^12+9601*x^11-375842*x^10+9751826*x^9-176707346*x^8+2295052583*x^7-21575657796*x^6+146410804445*x^5-706303502902*x^4+2347801201888*x^3-5079093635224*x^2+6396029886528*x-3536974727200
constructing eigenvector for poly
x^34-53*x^33+886*x^32+786*x^31-186926*x^30+1569232*x^29+10354409*x^28-208134963*x^27+284574014*x^26+11680990258*x^25-60138526248*x^24-298734142078*x^23+3122046824022*x^22+455803512100*x^21-82662277266882*x^20+183749890827426*x^19+1146501333689717*x^18-5177476872317561*x^17-5593363459202714*x^16+66615831314493990*x^15-53717304560155170*x^14-422298604284012504*x^13+882757453360580853*x^12+1030667591190426513*x^11-4531780437743056716*x^10+926651234044719908*x^9+10424307919636441604*x^8-9117916868486226418*x^7-9846241188505027774*x^6+15559785473520798012*x^5+739179289450431788*x^4-9364661871261701576*x^3+3020567887048461136*x^2+1271080081705405184*x-575705299989780480
constructing eigenvector for poly
x^8-72*x^7+2198*x^6-37008*x^5+374217*x^4-2316456*x^3+8535344*x^2-17055360*x+14137600
constructing eigenvector for poly
x^8-214*x^7+19791*x^6-1033282*x^5+33318401*x^4-679636856*x^3+8566804360*x^2-61026515136*x+188158147984
constructing eigenvector for poly
x^8-398*x^7+67781*x^6-6454342*x^5+376161604*x^4-13753444554*x^3+308434444461*x^2-3883684636386*x+21048028122969
constructing eigenvector for poly
x^8-822*x^7+291467*x^6-58199898*x^5+7155313381*x^4-554523655356*x^3+26453838634236*x^2-710370978499440*x+8223555209792400
constructing eigenvector for poly
x^8-1296*x^7+729562*x^6-232959400*x^5+46144821347*x^4-5805783948488*x^3+453096849868866*x^2-20054792174518904*x+385481877715553161
constructing eigenvector for poly
x^8-2364*x^7+2441570*x^6-1438946280*x^5+529283076691*x^4-124421783284776*x^3+18254402557802154*x^2-1528206603265789524*x+55892708968005878409
constructing eigenvector for poly
x^8-2716*x^7+3212826*x^6-2162004448*x^5+905221903891*x^4-241479212478624*x^3+40079824479987210*x^2-3784151155429177164*x+155602353932159504049
constructing eigenvector for poly
x^12+72*x^11+2286*x^10+42312*x^9+508767*x^8+4191696*x^7+24302532*x^6+100084368*x^5+291128079*x^4+584464744*x^3+770168238*x^2+599209896*x+208527857
constructing eigenvector for poly
x^12-30*x^11+63*x^10+3950*x^9-7254*x^8-237870*x^7-258073*x^6+4471170*x^5+9380586*x^4-33251810*x^3-87956097*x^2+86285010*x+263374721
constructing eigenvector for poly
x^12+216*x^11+18840*x^10+828420*x^9+17835189*x^8+98813712*x^7-2774795840*x^6-39902516424*x^5+75395344851*x^4+2919010827224*x^3+4975169365032*x^2-64605951968700*x-209764581864713
constructing eigenvector for poly
x^12-114*x^11+759*x^10+258646*x^9-3758364*x^8-226559394*x^7+2382171099*x^6+76956227370*x^5-542705777100*x^4-9860582630750*x^3+20990028849375*x^2+524358516731250*x+1396477798609375
constructing eigenvector for poly
x^12-162*x^11+10593*x^10-349890*x^9+5753076*x^8-30395610*x^7-303363915*x^6+3200837250*x^5+6646112436*x^4-64136393990*x^3-8527522503*x^2+421020878034*x-483551781049
constructing eigenvector for poly
x^12-210*x^11-22671*x^10+8074070*x^9-219960126*x^8-88430689890*x^7+8133331205729*x^6+39208115374170*x^5-41432338180007934*x^4+2615728182422154610*x^3-76871162102560436751*x^2+1127931971512878607530*x-6663978950603557341871
constructing eigenvector for poly
x^12+210*x^11+8529*x^10-476270*x^9-11359236*x^8+914029290*x^7-20956751531*x^6+253355024430*x^5-1801658373204*x^4+7631604365590*x^3-18525592196391*x^2+23550359963070*x-12105211889681
computing eigenvectors took 376.934362 sec
For conductor 1, eigenvectors are:
-1 -1 -1 -1 -1 -1 -1 -1 -1 -1 -1 -1 -1 -1 -1 -1 -1 -1 -1 -1 -1 -1 -1 -1 -1 -1 -1 -1 -1 -1 -1 -1 -1 -1 -1 -1 -1 -1 -1 -1 -1 -1 -1 -1 -1 -1 -1 -1 -1 -1 -1 -1 -1 -1 -1 -1 -1 -1 -1 -1 -1 -1 -1 -1 -1 -1 -1 -1 -1 -1 -1 -1 -1 -1 -1 -1 -1 -1 -1 -1 -1 -1 -1 -1 -1 -1 -1 -1 -1 -1 -1 -1 -1 -1 -1 -1 -1 -1 -1 -1 -1 -1 -1 -1 -1 -1 -1 -1 -1 -1 -1 -1 -1 -1 -1 -1 -1 -1 -1 -1 -1 -1 -1 -1 -1 -1 -1 -1 -1 over Number field with defining polynomial x-40
30 6 0 -9 9 -9 -9 -6 24 -18 -14 2 -18 0 8 0 0 2 0 -2 -14 14 0 0 0 -2 -20 0 2 12 4 0 -10 -8 8 3 -9 -3 0 7 9 -6 1 -1 2 0 6 7 -10 16 -3 -8 8 3 -2 3 3 -14 -6 -5 3 -4 9 11 4 0 3 -6 -1 4 9 6 -4 3 2 -6 -8 -10 -15 -3 5 0 -3 6 2 -7 13 10 6 3 -3 0 -4 2 -1 -1 1 1 -2 7 4 2 3 -1 5 -3 1 -2 -2 -2 -6 6 1 -2 0 -4 4 1 2 8 -10 -3 -1 0 2 -3 -1 0 -8 over Number field with defining polynomial x+2
0 0 0 0 0 0 0 6 -6 0 4 -4 -4 0 0 0 0 0 0 0 0 -4 0 0 0 0 4 0 0 4 0 0 0 -2 -2 0 -2 0 0 0 2 0 0 0 0 0 -2 0 0 2 2 2 -2 0 2 0 0 0 -2 0 2 0 -2 2 0 0 2 2 0 0 0 2 0 2 -2 2 2 -2 -2 -2 0 -2 -2 -2 0 0 0 0 0 0 2 0 1 -1 0 0 0 0 -1 1 -1 0 0 0 1 0 0 -1 1 0 0 0 0 1 0 1 -1 0 -1 1 -1 0 0 0 1 0 0 0 -1 over Number field with defining polynomial x+10
12 -12 0 -3*a-15 0 3*a+15 0 -3*a-3 3*a+3 0 -8 -2*a-2 2*a-2 0 -2*a-14 0 0 2*a-6 0 4 2*a+14 8 0 0 0 -4*a-4 2*a+2 0 4*a+4 -2*a+2 -2*a+6 0 -4 -a-1 -4 0 0 0 0 a-3 0 -a+7 -2 2 2 0 0 -2 -a+3 -2*a-6 a+5 -a-1 2*a+6 0 4 a+5 -a-5 -2 0 -2 0 8 -2*a+2 a+1 -8 0 6 2*a-2 2 -8 a-7 0 8 6 a+1 0 -2*a-6 2*a+6 -6 -6 2 -a-5 0 -2*a+2 2 2 -2 -2 0 0 2*a-2 0 -4 -4 -4 -4 4 -2 -2 a-3 4 2 0 2 a+1 0 4 -a-1 4 -2 0 0 4 4 0 -4 4 4 -4 2 -a+3 0 -4 0 2 0 -4 0 -2 over Number field with defining polynomial x^2+4*x-17
-12*a^5 - 168*a^4 + 420*a^3 + 3768*a^2 - 52656*a - 120000 -36*a^5 - 684*a^4 - 3240*a^3 + 504*a^2 + 42192*a + 138240 180*a^4 + 1260*a^3 - 15120*a^2 - 77040*a - 31680 6*a^5 + 30*a^4 - 696*a^3 + 1356*a^2 + 57864*a + 128688 -12*a^5 - 402*a^4 - 3486*a^3 + 1068*a^2 + 68880*a - 2352 12*a^5 + 402*a^4 + 4026*a^3 + 11892*a^2 - 10560*a - 53808 -12*a^5 - 456*a^4 - 3972*a^3 + 4308*a^2 + 100416*a + 66336 -24*a^5 - 318*a^4 + 642*a^3 + 16716*a^2 + 38616*a + 31584 6*a^5 - 6*a^4 - 840*a^3 + 5676*a^2 + 64848*a + 75840 -18*a^5 - 252*a^4 + 90*a^3 + 7272*a^2 - 10944*a - 26640 -32*a^5 - 760*a^4 - 4088*a^3 + 12928*a^2 + 99392*a + 83104 -28*a^5 - 392*a^4 - 100*a^3 + 9872*a^2 + 2416*a - 59680 16*a^5 + 296*a^4 + 808*a^3 - 9344*a^2 - 51760*a - 49664 8*a^5 - 212*a^4 - 5356*a^3 - 19792*a^2 + 27760*a + 77408 -8*a^5 - 220*a^4 - 1412*a^3 + 4672*a^2 + 40928*a + 15616 8*a^5 + 364*a^4 + 3428*a^3 + 728*a^2 - 53744*a - 92224 -60*a^4 - 420*a^3 + 5040*a^2 + 25680*a + 10560 -16*a^5 - 236*a^4 - 28*a^3 + 5384*a^2 - 8480*a + 23264 -8*a^5 - 292*a^4 - 2780*a^3 - 5048*a^2 + 11696*a + 640 -8*a^5 - 232*a^4 - 2360*a^3 - 5768*a^2 + 52976*a + 149920 12*a^5 + 228*a^4 + 1080*a^3 - 168*a^2 - 14064*a - 46080 32*a^5 + 676*a^4 + 3212*a^3 - 13648*a^2 - 107936*a - 70336 4*a^5 + 20*a^4 - 1184*a^3 - 13136*a^2 - 32704*a - 20768 4*a^5 + 236*a^4 + 2200*a^3 - 3416*a^2 - 33568*a + 12640 20*a^5 + 412*a^4 + 2168*a^3 - 520*a^2 - 23168*a + 70496 8*a^5 + 64*a^4 - 832*a^3 - 5392*a^2 + 5536*a + 46976 16*a^5 + 284*a^4 + 580*a^3 - 10064*a^2 - 35392*a + 31360 -4*a^5 - 20*a^4 + 1184*a^3 + 13136*a^2 + 32704*a + 20768 -8*a^5 - 148*a^4 - 44*a^3 + 4672*a^2 - 14080*a - 34208 -4*a^5 - 152*a^4 - 1684*a^3 - 4504*a^2 + 3232*a + 12032 4*a^5 + 128*a^4 + 508*a^3 - 5576*a^2 - 24496*a - 51584 -16*a^5 - 140*a^4 + 356*a^3 - 2896*a^2 - 20624*a - 17248 16*a^5 + 284*a^4 + 1300*a^3 - 2504*a^2 - 41872*a - 108320 14*a^5 + 352*a^4 + 2474*a^3 + 1184*a^2 - 22832*a - 8272 6*a^5 + 66*a^4 - 192*a^3 - 1344*a^2 + 14160*a + 31776 4*a^5 + 116*a^4 + 1000*a^3 + 724*a^2 - 12448*a + 23680 14*a^5 + 196*a^4 + 50*a^3 - 4936*a^2 - 1208*a + 29840 4*a^5 + 170*a^4 + 1486*a^3 - 2516*a^2 - 43984*a - 45008 -36*a^4 - 324*a^3 + 2160*a^2 + 21024*a + 45792 -4*a^5 - 32*a^4 + 416*a^3 + 2696*a^2 - 2768*a - 23488 8*a^5 + 34*a^4 - 1042*a^3 - 3952*a^2 + 12976*a + 9056 18*a^5 + 420*a^4 + 2202*a^3 - 7992*a^2 - 60528*a - 11856 -54*a^4 - 486*a^3 + 4860*a^2 + 34776*a - 22032 -24*a^4 - 636*a^3 - 6300*a^2 - 16944*a + 10128 12*a^5 + 318*a^4 + 2610*a^3 + 5772*a^2 - 3984*a - 6480 0 -12*a^5 - 282*a^4 - 1566*a^3 + 5028*a^2 + 48840*a + 24048 6*a^5 + 156*a^4 + 1518*a^3 + 6756*a^2 + 10200*a - 27264 -4*a^5 - 50*a^4 + 254*a^3 + 3776*a^2 + 7744*a - 592 6*a^5 + 114*a^4 + 180*a^3 - 4944*a^2 - 9192*a + 3600 36*a^4 + 144*a^3 - 6480*a^2 - 40464*a - 27072 6*a^5 - 42*a^4 - 1884*a^3 - 6204*a^2 + 14592*a + 15072 -2*a^5 - 154*a^4 - 1604*a^3 + 3328*a^2 + 55088*a + 47392 2*a^5 + 76*a^4 + 1202*a^3 + 7112*a^2 + 544*a - 32656 -26*a^5 - 454*a^4 - 800*a^3 + 14104*a^2 + 41072*a + 23680 6*a^5 - 6*a^4 - 1740*a^3 - 10524*a^2 + 7608*a + 67920 12*a^5 + 366*a^4 + 2982*a^3 + 12*a^2 - 60816*a - 114576 -24*a^5 - 432*a^4 - 804*a^3 + 15276*a^2 + 43992*a - 14448 26*a^5 + 622*a^4 + 3992*a^3 - 2404*a^2 - 69344*a - 49936 2*a^5 + 28*a^4 - 70*a^3 - 628*a^2 + 8776*a + 20000 2*a^5 + 88*a^4 + 530*a^3 - 5128*a^2 - 34184*a + 1520 8*a^5 + 76*a^4 - 964*a^3 - 9532*a^2 - 12992*a - 7408 16*a^5 + 272*a^4 + 532*a^3 - 8624*a^2 - 33064*a + 13744 -6*a^5 - 78*a^4 + 144*a^3 + 4944*a^2 + 21648*a + 30528 -8*a^5 - 112*a^4 + 280*a^3 + 6292*a^2 + 1616*a - 90800 -12*a^5 - 324*a^4 - 2184*a^3 + 1968*a^2 + 28368*a - 41568 -18*a^4 - 342*a^3 + 540*a^2 + 27792*a + 30816 10*a^5 + 260*a^4 + 1210*a^3 - 8360*a^2 - 45280*a - 6800 -72*a^4 - 648*a^3 + 5940*a^2 + 45288*a + 864 8*a^5 + 34*a^4 - 1402*a^3 - 7732*a^2 + 16216*a + 78896 -2*a^5 - 10*a^4 - 128*a^3 - 4232*a^2 - 16048*a + 26944 24*a^5 + 534*a^4 + 2742*a^3 - 8076*a^2 - 67560*a - 34896 -8*a^5 - 154*a^4 - 158*a^3 + 8092*a^2 + 30824*a - 4496 -42*a^4 - 618*a^3 - 3060*a^2 - 20472*a - 65616 -24*a^5 - 354*a^4 - 402*a^3 + 4836*a^2 - 11640*a - 29184 -10*a^5 - 194*a^4 - 316*a^3 + 10700*a^2 + 47056*a + 9008 22*a^5 + 458*a^4 + 2440*a^3 - 4928*a^2 - 58384*a - 69920 -14*a^5 - 334*a^4 - 2312*a^3 - 104*a^2 + 45800*a + 65296 -60*a^4 - 780*a^3 - 1980*a^2 - 9960*a - 42720 -36*a^4 - 504*a^3 + 1620*a^2 + 38304*a + 53712 6*a^5 + 186*a^4 + 1728*a^3 + 4236*a^2 - 2640*a - 32544 18*a^4 - 18*a^3 - 5400*a^2 - 29952*a - 4176 -4*a^5 - 74*a^4 - 562*a^3 - 4144*a^2 - 20000*a - 19264 -30*a^5 - 564*a^4 - 2046*a^3 + 9960*a^2 + 48576*a + 29328 8*a^5 + 190*a^4 + 1022*a^3 - 1612*a^2 - 5408*a + 40784 2*a^5 + 58*a^4 + 140*a^3 - 3148*a^2 - 4064*a + 14720 -6*a^4 - 474*a^3 - 7380*a^2 - 27456*a - 12768 -28*a^5 - 560*a^4 - 2392*a^3 + 7892*a^2 + 42568*a + 32816 10*a^5 + 200*a^4 + 970*a^3 + 1000*a^2 - 160*a - 14960 6*a^5 + 144*a^4 + 930*a^3 - 2064*a^2 - 37152*a - 36240 4*a^5 + 116*a^4 + 460*a^3 - 4136*a^2 - 22168*a - 69200 4*a^5 + 176*a^4 + 2500*a^3 + 11344*a^2 - 3568*a - 30080 8*a^5 + 118*a^4 - 166*a^3 - 7012*a^2 - 15200*a + 7088 -4*a^5 - 158*a^4 - 1438*a^3 - 1084*a^2 + 8176*a - 17296 8*a^5 + 142*a^4 + 470*a^3 - 712*a^2 + 1744*a - 3040 -4*a^5 - 110*a^4 - 706*a^3 + 2336*a^2 + 20464*a + 7808 4*a^5 + 122*a^4 + 934*a^3 + 544*a^2 - 3352*a - 8912 8*a^5 + 136*a^4 - 4*a^3 - 8092*a^2 - 25712*a - 15808 30*a^4 + 570*a^3 + 2340*a^2 - 10680*a - 31920 12*a^5 + 222*a^4 + 966*a^3 - 528*a^2 - 5880*a - 5568 16*a^5 + 404*a^4 + 2500*a^3 - 4484*a^2 - 52192*a - 32960 -22*a^5 - 482*a^4 - 2536*a^3 + 2948*a^2 + 20920*a + 2288 -2*a^5 + 20*a^4 + 802*a^3 + 4048*a^2 + 3512*a + 5104 8*a^5 + 106*a^4 - 214*a^3 - 5572*a^2 - 12872*a - 10528 -6*a^5 - 180*a^4 - 1254*a^3 + 2064*a^2 + 24696*a + 2112 -8*a^5 - 142*a^4 - 290*a^3 + 5032*a^2 + 17696*a - 15680 -8*a^5 - 130*a^4 - 242*a^3 + 3592*a^2 + 15368*a + 1936 -6*a^5 - 162*a^4 - 1092*a^3 + 984*a^2 + 14184*a - 20784 4*a^5 + 128*a^4 + 1228*a^3 + 1444*a^2 - 28816*a - 57344 14*a^5 + 268*a^4 + 878*a^3 - 6556*a^2 - 27056*a + 10256 -8*a^5 - 214*a^4 - 1838*a^3 - 4148*a^2 + 11144*a + 20464 -6*a^5 - 126*a^4 - 588*a^3 + 1524*a^2 + 9360*a + 5424 -42*a^4 - 978*a^3 - 6840*a^2 - 17232*a + 4224 -12*a^5 - 330*a^4 - 2658*a^3 - 2172*a^2 + 39792*a + 68784 18*a^4 + 342*a^3 + 1620*a^2 + 5688*a + 49104 84*a^4 + 1596*a^3 + 7740*a^2 + 4224*a - 18528 -8*a^5 - 202*a^4 - 1070*a^3 + 5212*a^2 + 41216*a + 21520 4*a^5 + 50*a^4 + 286*a^3 + 2704*a^2 + 5216*a + 2752 -4*a^5 - 44*a^4 + 8*a^3 + 356*a^2 + 2800*a + 28736 12*a^4 + 408*a^3 + 3420*a^2 - 168*a - 9024 -8*a^5 - 208*a^4 - 1364*a^3 + 3232*a^2 + 38600*a + 33232 6*a^5 + 54*a^4 - 240*a^3 + 96*a^2 + 16488*a + 14160 -4*a^5 - 62*a^4 - 514*a^3 - 5584*a^2 - 22328*a - 1648 60*a^4 + 780*a^3 - 180*a^2 - 23520*a - 37200 48*a^4 + 552*a^3 - 900*a^2 - 7152*a + 43824 -4*a^5 - 38*a^4 + 302*a^3 + 2336*a^2 + 5416*a + 17024 30*a^4 + 750*a^3 + 3960*a^2 + 120*a - 3120 42*a^4 + 438*a^3 + 360*a^2 + 4272*a - 6384 66*a^4 + 714*a^3 - 1980*a^2 - 17664*a + 20928 over Number field with defining polynomial x^6+24*x^5+123*x^4-592*x^3-4152*x^2+168*x+6544
a vector of length 129 over Number field with defining polynomial a number field of degree 16
-18*a^5 - 576*a^4 + 10566*a^3 - 51336*a^2 + 75960*a - 4464 -306*a^5 + 2196*a^4 + 4662*a^3 - 53964*a^2 + 75348*a + 9000 0 -63*a^5 + 792*a^4 + 1179*a^3 - 27666*a^2 + 33876*a + 27846 1215*a^4 - 9477*a^3 + 13608*a^2 + 10206*a - 24300 -99*a^5 + 504*a^4 + 1899*a^3 - 6840*a^2 - 12006*a + 30150 -1215*a^4 + 9477*a^3 - 13608*a^2 - 10206*a + 24300 -36*a^5 + 684*a^4 - 3870*a^3 + 1926*a^2 + 34038*a - 47322 198*a^5 - 1980*a^4 + 792*a^3 + 32580*a^2 - 55908*a - 10674 162*a^5 - 810*a^4 - 7614*a^3 + 52650*a^2 - 75654*a - 2268 60*a^5 - 834*a^4 + 2490*a^3 + 3540*a^2 - 7572*a - 5460 -84*a^5 + 2046*a^4 - 14214*a^3 + 33024*a^2 - 21504*a + 13044 174*a^5 - 2460*a^4 + 11838*a^3 - 20712*a^2 + 3216*a + 6648 0 -54*a^5 + 198*a^4 + 2484*a^3 - 13896*a^2 + 11988*a + 12240 0 0 -96*a^5 + 726*a^4 + 1542*a^3 - 18300*a^2 + 22044*a + 4776 0 102*a^5 - 732*a^4 - 1554*a^3 + 17988*a^2 - 25116*a - 3000 -126*a^5 + 900*a^4 + 522*a^3 - 13464*a^2 + 27468*a + 1872 -60*a^5 + 834*a^4 - 2490*a^3 - 3540*a^2 + 7572*a + 5460 0 0 0 54*a^5 - 900*a^4 + 5346*a^3 - 11484*a^2 - 216*a + 10764 84*a^5 + 60*a^4 - 4092*a^3 + 996*a^2 + 23772*a - 3972 0 -54*a^5 + 900*a^4 - 5346*a^3 + 11484*a^2 + 216*a - 10764 6*a^5 - 258*a^4 - 2208*a^3 + 29928*a^2 - 56280*a + 11640 96*a^5 - 1428*a^4 + 4560*a^3 + 6960*a^2 - 22800*a - 7800 0 6*a^5 + 192*a^4 - 3522*a^3 + 17112*a^2 - 25320*a + 1488 -114*a^5 + 1230*a^4 - 3210*a^3 - 1992*a^2 + 11424*a - 210 -90*a^5 + 684*a^4 - 234*a^3 - 3978*a^2 - 486*a + 5886 405*a^4 - 3159*a^3 + 4536*a^2 + 3402*a - 8100 -60*a^5 + 861*a^4 - 3129*a^3 - 174*a^2 + 3594*a + 12192 -405*a^4 + 3159*a^3 - 4536*a^2 - 3402*a + 8100 0 87*a^5 - 366*a^4 - 3711*a^3 + 21468*a^2 - 26184*a - 7818 60*a^5 - 861*a^4 + 3129*a^3 + 174*a^2 - 3594*a - 12192 114*a^5 - 1194*a^4 + 2364*a^3 + 5952*a^2 - 11388*a + 1074 -15*a^5 + 60*a^4 - 753*a^3 + 7656*a^2 - 15594*a + 3138 60*a^5 - 267*a^4 - 1875*a^3 + 9228*a^2 - 1992*a - 16170 87*a^5 - 699*a^4 + 366*a^3 + 6258*a^2 - 10092*a + 1812 0 66*a^5 - 588*a^4 + 1182*a^3 + 186*a^2 + 858*a - 2028 -87*a^5 + 348*a^4 + 5007*a^3 - 31260*a^2 + 40440*a + 8232 21*a^5 - 201*a^4 - 420*a^3 + 5370*a^2 - 168*a - 21612 -24*a^5 + 780*a^4 - 6180*a^3 + 17088*a^2 - 15342*a - 4260 -81*a^5 + 522*a^4 + 1035*a^3 - 8316*a^2 + 828*a + 8442 -66*a^5 + 660*a^4 - 264*a^3 - 10860*a^2 + 18636*a + 3558 -57*a^5 + 867*a^4 - 3918*a^3 + 3972*a^2 + 3894*a - 2652 90*a^5 - 549*a^4 - 1503*a^3 + 13680*a^2 - 19728*a - 7056 90*a^5 - 1386*a^4 + 6336*a^3 - 7362*a^2 - 270*a - 8910 21*a^5 - 264*a^4 - 393*a^3 + 9222*a^2 - 11292*a - 9282 33*a^5 - 168*a^4 - 633*a^3 + 2280*a^2 + 4002*a - 10050 -42*a^5 + 654*a^4 - 4506*a^3 + 16674*a^2 - 25422*a + 3732 174*a^5 - 1128*a^4 - 3894*a^3 + 35286*a^2 - 49578*a - 3540 3*a^5 + 96*a^4 - 1761*a^3 + 8556*a^2 - 12660*a + 744 60*a^5 - 159*a^4 - 2973*a^3 + 11514*a^2 - 2838*a - 9168 -90*a^5 + 774*a^4 - 900*a^3 - 4464*a^2 + 6660*a + 288 6*a^5 - 393*a^4 + 1275*a^3 + 8652*a^2 - 22908*a - 402 6*a^5 - 663*a^4 + 7341*a^3 - 24846*a^2 + 14928*a + 29640 90*a^5 - 774*a^4 + 900*a^3 + 4464*a^2 - 6660*a - 288 0 -120*a^5 + 1533*a^4 - 5853*a^3 + 5862*a^2 + 546*a - 2616 3*a^5 + 33*a^4 - 1428*a^3 + 7512*a^2 - 3678*a - 8112 195*a^5 - 1698*a^4 + 2067*a^3 + 9174*a^2 - 9228*a - 17844 90*a^5 - 774*a^4 + 900*a^3 + 4464*a^2 - 6660*a - 288 -6*a^5 + 357*a^4 - 5361*a^3 + 25314*a^2 - 27276*a - 11820 -174*a^5 + 1128*a^4 + 3894*a^3 - 35286*a^2 + 49578*a + 3540 -90*a^5 + 774*a^4 - 900*a^3 - 4464*a^2 + 6660*a + 288 -75*a^5 + 516*a^4 + 3345*a^3 - 27960*a^2 + 28482*a + 21774 12*a^5 - 228*a^4 + 1290*a^3 - 642*a^2 - 11346*a + 15774 -66*a^5 + 588*a^4 - 1182*a^3 - 186*a^2 - 858*a + 2028 57*a^5 - 867*a^4 + 3918*a^3 - 3972*a^2 - 3894*a + 2652 24*a^5 + 30*a^4 - 138*a^3 - 8016*a^2 + 22146*a - 11940 -105*a^5 + 582*a^4 + 525*a^3 - 2370*a^2 + 1848*a - 9552 -60*a^5 + 105*a^4 + 4539*a^3 - 22692*a^2 + 24276*a + 17322 42*a^5 - 303*a^4 - 867*a^3 + 8328*a^2 - 4926*a - 13776 -27*a^5 + 315*a^4 + 1962*a^3 - 22950*a^2 + 37836*a + 2304 -60*a^5 + 159*a^4 + 2973*a^3 - 11514*a^2 + 2838*a + 9168 -3*a^5 - 33*a^4 + 1428*a^3 - 7512*a^2 + 3678*a + 8112 -183*a^5 + 1461*a^4 - 822*a^3 - 13182*a^2 + 27816*a - 15900 -48*a^5 + 273*a^4 + 2877*a^3 - 19392*a^2 + 12318*a + 30864 120*a^5 - 831*a^4 - 1995*a^3 + 21102*a^2 - 28338*a + 3948 228*a^5 - 1830*a^4 - 294*a^3 + 24018*a^2 - 27474*a - 15708 -54*a^5 + 270*a^4 + 2538*a^3 - 17550*a^2 + 25218*a + 756 -90*a^5 + 1359*a^4 - 4815*a^3 - 4608*a^2 + 26532*a - 9144 -6*a^5 - 309*a^4 + 4827*a^3 - 19992*a^2 + 22152*a - 2622 0 30*a^5 - 84*a^4 - 2256*a^3 + 13272*a^2 - 17700*a - 2496 -30*a^5 + 264*a^4 - 822*a^3 + 1380*a^2 + 3444*a - 10392 -45*a^5 + 297*a^4 + 1089*a^3 - 9558*a^2 + 10458*a + 6588 -45*a^5 + 297*a^4 + 1089*a^3 - 9558*a^2 + 10458*a + 6588 45*a^5 - 297*a^4 - 1089*a^3 + 9558*a^2 - 10458*a - 6588 3*a^5 + 15*a^4 - 1005*a^3 + 5532*a^2 - 3696*a - 8544 45*a^5 - 288*a^4 - 1296*a^3 + 10152*a^2 - 6444*a - 12456 -18*a^4 + 423*a^3 - 1980*a^2 - 18*a - 432 -30*a^5 + 84*a^4 + 2256*a^3 - 13272*a^2 + 17700*a + 2496 -93*a^5 + 588*a^4 + 2400*a^3 - 20346*a^2 + 26448*a + 5988 -351*a^4 + 3051*a^3 - 5670*a^2 - 378*a - 1512 42*a^5 - 222*a^4 - 1623*a^3 + 11352*a^2 - 13890*a - 4488 3*a^5 - 57*a^4 - 771*a^3 + 8790*a^2 - 18834*a + 9654 351*a^4 - 3051*a^3 + 5670*a^2 + 378*a + 1512 45*a^5 - 297*a^4 - 1089*a^3 + 9558*a^2 - 10458*a - 6588 -3*a^5 - 78*a^4 + 1338*a^3 - 6576*a^2 + 12678*a - 312 30*a^5 - 264*a^4 + 822*a^3 - 1380*a^2 - 3444*a + 10392 48*a^5 - 381*a^4 + 228*a^3 + 3462*a^2 - 8862*a + 7044 54*a^5 - 270*a^4 - 2538*a^3 + 17550*a^2 - 25218*a - 756 -54*a^5 + 270*a^4 + 2538*a^3 - 17550*a^2 + 25218*a + 756 45*a^5 - 297*a^4 - 1089*a^3 + 9558*a^2 - 10458*a - 6588 30*a^5 - 264*a^4 + 822*a^3 - 1380*a^2 - 3444*a + 10392 0 30*a^5 - 84*a^4 - 2256*a^3 + 13272*a^2 - 17700*a - 2496 -30*a^5 + 84*a^4 + 2256*a^3 - 13272*a^2 + 17700*a + 2496 45*a^5 - 297*a^4 - 1089*a^3 + 9558*a^2 - 10458*a - 6588 -30*a^5 + 264*a^4 - 822*a^3 + 1380*a^2 + 3444*a - 10392 -45*a^5 + 558*a^4 - 1296*a^3 - 3402*a^2 + 3690*a + 13698 153*a^4 - 990*a^3 - 234*a^2 + 6174*a - 8910 351*a^4 - 3051*a^3 + 5670*a^2 + 378*a + 1512 -45*a^5 + 297*a^4 + 1089*a^3 - 9558*a^2 + 10458*a + 6588 0 81*a^4 - 1332*a^3 + 6732*a^2 - 11142*a - 576 -405*a^4 + 3159*a^3 - 4536*a^2 - 3402*a + 8100 -45*a^5 + 297*a^4 + 1089*a^3 - 9558*a^2 + 10458*a + 6588 0 -351*a^4 + 3924*a^3 - 13482*a^2 + 13896*a - 666 over Number field with defining polynomial x^6-9*x^5-12*x^4+288*x^3-708*x^2+342*x+206
a vector of length 129 over Number field with defining polynomial a number field of degree 39
a vector of length 129 over Number field with defining polynomial a number field of degree 11
210 210 42 -294 42 42 210 -294 -126 42 -14 -238 42 -294 -14 -70 -14 98 322 42 -70 -182 154 42 -238 266 42 322 -462 98 -294 -126 42 -14 42 42 -238 -126 -126 -14 -70 98 42 -126 -70 -238 -126 98 42 -126 98 98 266 42 98 -70 266 -238 -70 322 42 -182 98 -14 -14 98 -126 98 98 -70 98 -294 98 -14 -70 98 -182 -70 42 -70 -14 154 210 -182 154 210 -182 -14 -126 154 -238 210 42 98 -70 -126 98 -14 98 -70 -14 -238 -70 98 -14 98 42 -70 42 -70 -14 210 -14 98 98 -182 -126 -126 42 154 -70 98 154 -14 -14 -14 42 98 -70 over Number field with defining polynomial x-8
-42 -210 0 -105 63 -21 -63 126 0 126 14 -42 -42 0 -28 0 0 14 0 70 -14 -14 0 0 0 -42 -84 0 42 0 28 0 14 -28 28 21 -7 -21 0 63 7 70 -63 21 -28 0 -70 91 0 28 -91 0 14 21 14 35 7 -14 14 7 -35 0 35 -35 0 0 -7 28 -21 0 35 -14 0 35 -42 70 -14 14 -35 91 -49 -14 35 -28 -28 35 -21 -14 -42 21 7 0 -28 -14 21 21 -21 7 14 -21 28 14 21 -49 7 -21 -21 14 14 28 42 -42 -21 14 0 -28 28 -21 -14 28 0 -21 21 0 -56 -21 21 0 14 over Number field with defining polynomial x-8
219*a-61818 -129*a+40902 -830*a+259210 530*a-159808 565*a-175310 -481*a+144893 -380*a+108460 65*a-20620 -364*a+108425 60*a-15852 -223*a+65222 -762*a+227217 75*a-17439 180*a-55350 157*a-41321 180*a-55350 -830*a+259210 706*a-212861 180*a-55350 113*a-31174 -351*a+109593 223*a-69002 -290*a+93160 0 0 -533*a+158014 -602*a+179023 -290*a+93160 533*a-161794 119*a-31393 682*a-206099 180*a-55350 -3*a+3066 -228*a+67011 -200*a+58753 250*a-80720 246*a-72492 -65*a+13870 180*a-55350 -669*a+199437 -86*a+27277 334*a-101453 482*a-142486 -209*a+65827 87*a-23799 -290*a+93160 108*a-36126 -133*a+41300 542*a-163171 223*a-62252 145*a-44699 38*a-11845 523*a-158198 182*a-50311 -132*a+38037 -260*a+77566 77*a-24001 -516*a+156606 343*a-106619 181*a-51062 86*a-24298 -135*a+37341 -212*a+62134 465*a-141087 -285*a+81939 0 -596*a+180703 300*a-91086 -453*a+137688 550*a-166946 -233*a+68809 -178*a+49904 700*a-211544 -356*a+108412 -105*a+31170 57*a-20589 -233*a+68818 -53*a+20182 -31*a+10226 97*a-27395 92*a-25597 -136*a+39533 74*a-20917 -10*a+1706 -111*a+34323 -126*a+39717 126*a-35955 -414*a+125532 50*a-12256 -12*a+8241 -120*a+34656 180*a-55350 363*a-110004 -5*a-92 -344*a+103141 116*a-34249 254*a-75466 -218*a+67195 -298*a+91292 2*a-1684 -218*a+63424 230*a-66814 -6*a+3180 -259*a+79136 -148*a+42914 166*a-48395 -206*a+61924 317*a-96274 150*a-46488 -223*a+68993 200*a-63604 -35*a+6889 24*a-6771 5*a-3688 -210*a+59640 218*a-67204 -73*a+20624 24*a-6771 140*a-42892 7*a+298 -61*a+17234 6*a-3180 -114*a+34446 625*a-189245 -179*a+55039 4860 -114*a+34446 -1890 1881 over Number field with defining polynomial x^2-631*x+99277
a vector of length 129 over Number field with defining polynomial a number field of degree 10
4680 4680 0 -60*a-1020 -4680 -60*a-1020 4680 180*a+3060 -60*a-1020 -4680 -80*a-1360 120*a+2040 120*a+480 0 -40*a-2240 0 0 -40*a-680 0 -1560 -40*a-2240 -80*a-1360 0 0 0 80*a+1360 -40*a-680 0 80*a+1360 -40*a-2240 -40*a-680 0 -1560 -20*a-340 40*a+680 -1560 40*a+680 1560 0 -20*a-340 -40*a-680 -20*a-340 40*a+1460 40*a+1460 -780 0 -40*a-2240 2340 -20*a-340 -40*a+880 60*a+4140 20*a+340 0 40*a+2240 -40*a-680 20*a+340 20*a+340 -780 -40*a+880 -780 -40*a-680 0 40*a+680 60*a+1020 0 0 -40*a+100 0 40*a-1660 0 -20*a-3460 40*a-880 0 -40*a-3020 -60*a-1020 40*a+2240 0 40*a+2240 -40*a+100 -40*a+100 -780 -20*a-340 40*a+680 0 -780 -780 40*a+1460 2340 1560 -40*a+880 -40*a-680 0 0 0 0 0 0 780 780 20*a+340 0 -780 0 -780 20*a+340 0 0 -20*a-1900 0 780 1560 -1560 -1560 0 0 0 0 1560 0 780 -20*a+1220 0 1560 0 -780 -1560 -1560 0 -780 over Number field with defining polynomial x^2+73*x-569
24*a-1236 -24*a+2028 0 42*a-1998 396 42*a-2262 132 -6*a+474 -30*a+1050 132 -16*a+560 -12*a+596 28*a-1288 -352 -36*a+2008 -352 0 20*a-876 -352 8*a-324 -20*a+1448 16*a-560 0 0 0 16*a-912 4*a-140 0 -16*a+912 28*a-936 -12*a+420 -352 -8*a+764 14*a-534 -12*a+772 308 12*a-860 220 -352 6*a-606 4*a-52 -2*a-326 -4*a+294 4*a-250 -12*a+750 0 -20*a+1008 28*a-1530 6*a-166 -20*a+1008 -2*a+290 26*a-1262 176 12*a-640 -20*a+1052 2*a-246 2*a-158 -20*a+766 -4*a+536 -4*a+206 20*a-964 -176 -28*a+1420 -10*a+42 176 0 4*a-514 -16*a+736 4*a-162 176 30*a-1446 -12*a+552 -176 4*a-250 18*a-1070 4*a+80 -176 -12*a+552 -4*a+30 -4*a+206 4*a-162 -10*a+218 -4*a+52 16*a-736 20*a-1250 -28*a+1486 -4*a+294 12*a-618 308 -44*a+2200 -4*a+404 -352 -4*a+52 4*a-228 308 -132 -132 12*a-750 -110 2*a-202 4*a-52 4*a-162 0 -12*a+574 10*a-658 16*a-912 308 6*a-474 -4*a+228 -4*a+162 308 -16*a+780 88 -4*a+228 0 -4*a+52 4*a-52 88 4*a-228 -22 -2*a+70 0 88 0 -66 308 88 0 22 over Number field with defining polynomial x^2-125*x+3513
33*a-13210 69*a-25918 110*a-39908 -27*a+8971 40*a-15737 9*a-4388 37*a-14678 -9*a+2617 27*a-10742 81*a-30805 -11*a+4373 -14*a+5145 -30*a+11255 44*a-17380 4*a-1615 44*a-17380 110*a-39908 10*a-3761 44*a-17380 65*a-24940 -6*a+2783 11*a-3827 -110*a+39908 0 0 a+137 32*a-11961 -110*a+39908 -a+409 28*a-10087 -8*a+2593 44*a-17380 77*a-29176 -31*a+11881 -a+339 39*a-15384 17*a-6204 38*a-15031 44*a-17380 -37*a+14650 -28*a+10549 -43*a+16551 4*a-1643 9*a-3625 22*a-8214 -110*a+39908 -55*a+20241 -7*a+2457 -20*a+8215 7*a-2674 -33*a+12804 -9*a+2400 60*a-22209 -10*a+3761 13*a-5037 9*a-4171 -3*a+282 -25*a+9028 -35*a+12964 -19*a+6693 -29*a+10902 13*a-5079 -10*a+3516 -22*a+8704 -13*a+4533 0 -6*a+2104 49*a-18109 21*a-8078 -68*a+25033 -38*a+14786 -31*a+11335 -42*a+15421 -18*a+6557 3*a-2053 -11*a+4058 50*a-18245 -27*a+10196 3*a-1290 3*a-1073 32*a-11961 4*a-691 18*a-6557 61*a-22345 22*a-8214 -8*a+3027 28*a-10332 27*a-10196 61*a-23311 -10*a+3761 22*a-8214 44*a-17380 56*a-20580 -10*a+4020 -10*a+3775 10*a-3285 -12*a+4915 -a+122 18*a-6802 -18*a+7509 -a+626 10*a-3761 -5*a+1996 24*a-8920 -47*a+17963 -6*a+2349 -32*a+11975 -20*a+7998 65*a-23974 -11*a+3869 -23*a+8511 -43*a+15788 -22*a+8445 10*a-3474 -273 a-80 54*a-19874 -22*a+8445 45*a-16480 -a+339 -25*a+9980 5*a-1996 245 -55*a+20227 5*a-1996 -a+584 245 273 -231 over Number field with defining polynomial x^2-811*x+163193
-60*a-750 60*a+750 0 -15*a-120 0 15*a+120 0 -15*a-210 15*a+210 0 -20*a-220 10*a+140 10*a+50 0 -10*a-170 0 0 -10*a-80 0 -20*a-250 10*a+170 20*a+220 0 0 0 0 -10*a-140 0 0 -10*a-50 10*a+80 0 20*a+250 -5*a-100 30 0 -20*a-220 0 0 -15*a-210 20*a+220 -5*a-40 -45 45 -10*a-125 0 -20*a-220 10*a+125 15*a+210 -10*a-110 -15*a-150 -5*a-70 10*a+110 0 -30 5*a+40 -5*a-40 10*a+125 -20*a-220 10*a+125 20*a+220 0 10*a+110 5*a+100 0 0 15 -10*a-110 45 0 5*a+40 20*a+220 0 15 5*a+70 20*a+220 -10*a-110 10*a+110 -15 -15 -10*a-125 15*a+150 -20*a-220 10*a+110 -10*a-125 -10*a-125 -45 10*a+125 0 0 -10*a-110 0 10*a+110 -10*a-110 0 0 0 10*a+125 15 5*a+70 -10*a-110 -10*a-125 0 -10*a-125 -15*a-180 0 0 15*a+180 10*a+110 10*a+125 0 0 0 10*a+110 0 10*a+110 -10*a-110 0 -10*a-110 -15 -5*a-70 0 0 0 -15 0 0 0 15 over Number field with defining polynomial x^2+13*x+13
60*a+30 -60*a-30 0 -15*a-120 0 15*a+120 0 -15*a+30 15*a-30 0 -20*a-60 10*a-20 -10*a-30 0 -30*a-90 0 0 -10*a-80 0 20*a+10 30*a+90 20*a+60 0 0 0 0 -10*a+20 0 0 10*a+30 10*a+80 0 -20*a-10 5*a-10 -50 0 -10*a+20 0 0 -5*a-40 10*a-20 25*a+50 -10*a-5 10*a+5 10*a+5 0 -10*a+20 -10*a-5 5*a+40 -10*a-30 15*a+20 -5*a+10 10*a+30 0 50 5*a+40 -5*a-40 -10*a-5 -10*a+20 -10*a-5 10*a-20 -30*a-90 10*a+30 -5*a+10 30*a+90 0 10*a+55 -10*a-30 10*a+5 30*a+90 -25*a-50 10*a-20 -30*a-90 10*a+55 5*a-10 10*a-20 -10*a-30 10*a+30 -10*a-55 -10*a-55 10*a+5 -15*a-20 -10*a+20 10*a+30 10*a+5 10*a+5 -10*a-5 -10*a-5 0 0 -10*a-30 0 20*a+35 10*a+55 15*a+45 15*a+45 -15*a-45 -10*a-5 -25 -15*a-20 -20*a-35 10*a+5 0 10*a+5 5*a-10 0 -15*a-45 -5*a+10 -10*a-55 -10*a-5 0 0 -15*a-45 -10*a-55 0 20*a+35 -20*a-35 -15*a-45 10*a+55 25 15*a+20 0 15*a+45 0 25 0 15*a+45 0 -25 over Number field with defining polynomial x^2+7*x+7
For conductor 2, eigenvectors are:
1 1 0 0 0 0 -1 1 1 0 2 0 1 -2 0 1 -1 0 2 -2 0 -1 0 1 1 0 -1 1 -1 0 0 0 -1 2 0 0 -1 over Number field with defining polynomial x+10
2 0 -1 1 -1 -3 5 -5 2 -3 -4 -9 1 4 -1 7 0 -3 2 -2 -1 0 4 2 2 -1 0 1 -1 0 1 4 -7 -4 1 0 -1 over Number field with defining polynomial x+13
a vector of length 37 over Number field with defining polynomial a number field of degree 11
a vector of length 37 over Number field with defining polynomial a number field of degree 14
a-1 a-1 0 0 0 -6 -a+1 a-1 a-1 0 -a+1 0 a-1 a-1 0 -2*a+8 -a+1 6 -a+1 a-1 6 -a+1 0 a-1 a-1 -6 -a+1 a-1 2*a-8 3*a-3 -6 0 -a+7 -a+1 6 0 -a+7 over Number field with defining polynomial x^2-13
-a-22 -a-16 3 -3 3 0 -2*a-38 2*a+38 -a-22 0 -2*a-38 0 2*a+38 2*a+38 3 2*a+38 a+16 0 -2*a-38 2*a+38 3 a+16 6 -a-22 -a-22 3 a+16 2*a+38 -2*a-38 0 -3 6 -2*a-38 4*a+76 -3 0 -2*a-38 over Number field with defining polynomial x^2+39*x+377
0 78 -78 78 0 78 2*a+112 2*a+34 -2*a-34 -2*a-190 0 -2*a-34 2*a+34 0 0 0 -2*a-112 78 0 0 0 -2*a-34 -2*a-34 -78 -2*a-112 0 0 -2*a-112 0 78 78 -2*a-34 0 78 78 0 0 over Number field with defining polynomial x^2+73*x-569
For conductor 103, eigenvectors are:
-1 -1 2 0 0 0 1 -1 1 0 0 0 1 0 2 3 -1 0 -2 2 0 1 0 -1 1 2 -1 -1 1 0 -2 0 3 0 0 0 -1 over Number field with defining polynomial x+12
0 0 1 -1 -1 -1 -3 -3 -2 -1 0 3 -1 0 1 1 2 -1 0 4 3 0 0 2 0 -1 2 -1 -1 0 1 0 -1 -4 3 0 -1 over Number field with defining polynomial x+11
3 3 -2 -4 -4 2 -3 -3 1 2 0 -6 -1 0 -2 1 -1 2 -6 -2 0 -3 0 -1 -3 2 -1 -1 -1 0 -2 0 -1 -4 0 0 -1 over Number field with defining polynomial x+8
0 0 2*a+2 -2*a-2 2*a-6 -2*a-2 a^2 + 6*a - 3 2*a+2 -a^2 - 8*a + 1 -2*a-2 0 -2*a-2 -2*a-2 0 -2*a+6 2*a+2 -a^2 - 8*a + 1 -2*a-2 0 0 -2*a-2 0 0 a^2 + 8*a - 1 0 -2*a-2 -a^2 - 8*a + 1 -a^2 - 6*a + 3 -2*a-2 0 -2*a+6 0 -a^2 - 6*a + 3 0 2*a-6 0 -a^2 - 6*a + 3 over Number field with defining polynomial x^3+13*x^2+31*x-13
3*a^3 + 9*a^2 - 9*a - 27 3*a^3 + 15*a^2 + 3*a - 45 2*a^3 + 6*a^2 - 8*a - 24 4*a^3 + 18*a^2 - 10*a - 84 4*a^3 + 18*a^2 - 10*a - 84 4*a^2 + 12*a - 4 -6*a^2 - 12*a + 18 6*a^2 + 12*a - 18 a^3 + 7*a^2 + 5*a - 25 -4*a^3 - 22*a^2 - 8*a + 70 2*a^3 - 2*a^2 - 14*a + 38 0 -2*a^3 - 6*a^2 + 14*a + 42 2*a^3 - 2*a^2 - 14*a + 38 2*a^3 + 6*a^2 - 8*a - 24 -4*a^2 + 40 -a^3 - 13*a^2 - 17*a + 43 4*a^3 + 18*a^2 - 4*a - 66 -2*a^3 + 2*a^2 + 26*a - 2 2*a^3 + 6*a^2 - 2*a - 6 6*a+18 -3*a^3 - 9*a^2 + 9*a + 27 0 -a^3 - 13*a^2 - 17*a + 43 -3*a^3 - 15*a^2 - 3*a + 45 -2*a^3 - 12*a^2 - 4*a + 42 -a^3 - 7*a^2 - 5*a + 25 2*a^3 - 4*a^2 - 26*a + 16 2*a^3 + 8*a^2 - 2*a - 20 -2*a^3 + 2*a^2 + 14*a - 38 2*a^3 + 12*a^2 + 4*a - 42 0 10*a^2 + 12*a - 58 -14*a^2 - 12*a + 98 6*a+18 6*a^2 + 12*a - 18 -2*a^3 - 12*a^2 + 2*a + 60 over Number field with defining polynomial x^4+6*x^3-2*x^2-30*x+13
2*a^3 + 31*a^2 + 140*a + 177 2*a^3 + 45*a^2 + 252*a + 415 3*a^3 + 43*a^2 + 175*a + 227 0 0 14*a^2 + 140*a + 294 -2*a^3 - 31*a^2 - 140*a - 177 2*a^3 + 31*a^2 + 140*a + 177 -2*a^3 - 45*a^2 - 252*a - 415 0 -7*a^2 - 14*a + 35 0 5*a^3 + 74*a^2 + 315*a + 404 -7*a^2 - 14*a + 35 3*a^3 + 43*a^2 + 175*a + 227 a^3 + 19*a^2 + 77*a + 71 2*a^3 + 31*a^2 + 140*a + 177 -14*a^2 - 140*a - 294 4*a^3 + 69*a^2 + 378*a + 627 -4*a^3 - 41*a^2 - 98*a - 39 -14*a^2 - 140*a - 294 -2*a^3 - 31*a^2 - 140*a - 177 0 2*a^3 + 31*a^2 + 140*a + 177 -2*a^3 - 45*a^2 - 252*a - 415 3*a^3 + 57*a^2 + 315*a + 521 2*a^3 + 45*a^2 + 252*a + 415 2*a^3 + 45*a^2 + 252*a + 415 -2*a^3 - 24*a^2 - 98*a - 156 7*a^2 + 14*a - 35 -3*a^3 - 57*a^2 - 315*a - 521 0 a^3 + 12*a^2 + 63*a + 106 7*a^2 + 14*a - 35 -14*a^2 - 140*a - 294 14*a^2 + 112*a + 238 -5*a^3 - 88*a^2 - 455*a - 698 over Number field with defining polynomial x^4+24*x^3+186*x^2+568*x+593
a vector of length 37 over Number field with defining polynomial a number field of degree 19
-3*a-62 3*a+62 -2*a-36 2*a+36 0 -3*a-58 a+18 -4 a+18 -3*a-58 0 -3*a-58 4 0 0 -4 a+18 -3*a-58 0 0 2*a+36 -3*a-62 0 -a-18 3*a+62 2*a+36 a+18 -a-18 4 0 0 0 -a-18 0 0 0 -a-18 over Number field with defining polynomial x^2+28*x+164
-5 5 a+12 -a-12 0 5 a+12 5 a+12 5 0 5 -5 0 0 5 a+12 5 0 0 -a-12 -5 0 -a-12 5 -a-12 a+12 -a-12 -5 0 0 0 -a-12 0 0 0 -a-12 over Number field with defining polynomial x^2+19*x+59
For conductor 206, eigenvectors are:
12 24 0 0 0 0 24 -12 12 18 -8 8 16 -24 16 16 0 -4 16 -8 4 -16 16 16 -16 -4 -16 -16 12 -12 -12 24 -4 12 2 8 -4 0 0 -4 -8 -2 4 -8 0 0 0 8 -10 6 -2 4 -6 -6 6 0 0 -2 4 -2 12 0 10 -6 0 0 16 10 -6 8 0 0 -8 6 -4 -4 2 2 0 18 -6 4 8 2 14 -4 -14 -8 -6 -2 2 0 -4 -4 1 1 1 1 -1 7 2 -3 -4 5 -7 0 -1 3 6 7 0 0 -11 -4 8 -6 4 9 2 3 3 -4 -9 0 -5 4 -11 4 -1 over Number field with defining polynomial x+1
0 0 0 0 0 0 -12 6 -6 0 4 -4 4 0 0 8 0 0 8 0 0 -4 0 0 0 0 -4 0 0 4 0 0 0 -2 2 -4 -2 0 0 0 2 0 0 0 0 0 -2 0 0 2 -2 -2 2 0 -2 0 0 0 2 0 -2 0 2 2 0 0 2 2 4 0 -4 2 0 -2 2 -2 2 2 -2 -2 0 -2 2 2 0 0 0 0 0 -4 2 0 -1 1 -2 0 0 0 1 -1 -1 0 2 0 1 -2 2 1 1 0 0 0 0 -1 0 -1 -1 2 -1 -1 1 0 -2 0 1 2 0 0 -1 over Number field with defining polynomial x+12
6*a+12 -6*a-12 0 3*a+6 -3*a+6 3*a+6 -3*a+6 6*a-12 -6*a+12 0 10*a-20 2*a-4 -2*a+12 0 -8 4*a-8 0 6*a+4 4*a-8 2*a+4 -6*a+4 2*a-4 -8*a+16 4*a-8 -4*a+8 -2*a+12 -4*a+8 8*a-16 -2*a-4 -8 4*a+8 0 -2*a-4 0 4*a -a+2 a-2 -a+2 0 -3*a+10 -3*a+6 6*a-4 a-6 -a+2 -4 0 4*a-8 a+2 -2*a 2*a+4 -a-2 -2*a+4 4*a-4 -3*a+6 -2*a-4 -a-2 a+2 2*a+4 4*a+8 -a-2 5*a-10 -2*a+4 -a-6 -a+10 -2*a+4 0 -a+2 -4 -3*a+2 2*a+4 5*a-10 -4*a+8 -2*a-4 a-6 2*a-4 -4*a-8 4 -8 3*a-2 a+6 -3*a-2 -4 a-2 4*a-12 4*a-4 -5*a+2 a+6 2*a+4 0 a-2 -3*a-2 0 2*a-4 2*a-4 3*a-6 -a+2 -a+2 -a+2 0 -3*a+2 8 0 -3*a+6 a+2 -a+2 a-2 -3*a+6 2*a-4 -4*a 2*a 0 0 -a+2 2*a-4 2*a+4 4*a -2*a+4 -a+2 8 0 -2*a -a+2 a-2 2*a-4 -4 a-2 -a+2 -2*a+4 -4 over Number field with defining polynomial x^2+4*x-8
a vector of length 129 over Number field with defining polynomial a number field of degree 10
-36*a^2 - 72*a + 324 36*a^2 + 72*a - 324 0 -6*a^3 - 12*a^2 + 78*a + 12 -12*a^3 - 72*a^2 + 12*a + 432 -6*a^3 - 12*a^2 + 78*a + 12 -12*a^2 - 72*a + 84 -6*a^3 - 24*a^2 + 6*a + 96 6*a^3 + 24*a^2 - 6*a - 96 0 4*a^3 + 12*a^2 - 28*a - 36 -4*a^2 - 24*a + 28 8*a^2 - 80 0 8*a^2 - 80 -8*a^2 - 48*a + 56 0 -4*a^2 - 24*a + 28 -8*a^2 - 48*a + 56 -12*a^2 - 24*a + 108 8*a^2 - 80 -4*a^3 - 12*a^2 + 28*a + 36 -8*a^2 - 48*a + 56 -8*a^3 - 24*a^2 + 56*a + 72 8*a^3 + 24*a^2 - 56*a - 72 -4*a^3 - 12*a^2 + 28*a + 36 -4*a^2 - 24*a + 28 8*a^2 + 48*a - 56 4*a^3 + 20*a^2 + 20*a - 92 -16*a^2 - 48*a + 136 -8*a^3 - 28*a^2 + 32*a + 100 0 12*a^2 + 24*a - 108 -2*a^3 - 4*a^2 + 26*a + 4 -4*a^3 - 12*a^2 + 28*a + 36 -4*a^2 - 24*a + 28 -6*a^3 - 26*a^2 + 30*a + 50 -4*a^3 - 24*a^2 + 4*a + 144 0 -2*a^3 - 8*a^2 + 2*a + 32 -6*a^3 - 30*a^2 + 6*a + 78 2*a^3 + 8*a^2 - 2*a - 32 -2*a^3 - 8*a^2 + 26*a + 44 2*a^3 - 26*a + 36 8*a^3 + 50*a^2 + 4*a - 146 0 2*a^3 + 14*a^2 - 2*a - 14 -6*a^2 - 12*a + 54 -2*a^3 - 8*a^2 + 2*a + 32 0 -2*a^3 - 16*a^2 + 2*a + 112 2*a^3 + 8*a^2 - 2*a - 32 0 0 0 2*a^3 + 4*a^2 - 26*a - 4 -2*a^3 - 4*a^2 + 26*a + 4 6*a^2 + 12*a - 54 6*a^3 + 42*a^2 + 18*a - 186 6*a^2 + 12*a - 54 -2*a^3 - 14*a^2 + 2*a + 14 4*a^3 + 24*a^2 + 8*a - 60 4*a^2 + 24*a - 28 2*a^3 + 4*a^2 - 26*a - 4 4*a^3 + 24*a^2 + 8*a - 60 0 -2*a^3 - 8*a^2 + 26*a + 44 4*a^3 + 12*a^2 - 28*a - 36 -2*a^3 - 12*a^2 + 2*a + 72 -4*a^3 - 32*a^2 - 8*a + 140 -2*a^3 - 20*a^2 - 22*a + 140 -2*a^3 - 14*a^2 + 2*a + 14 4*a^3 + 32*a^2 + 8*a - 140 2*a^3 + 12*a^2 - 2*a - 72 -2*a^3 - 8*a^2 + 2*a + 32 -6*a^3 - 42*a^2 - 18*a + 186 -4*a^2 - 24*a + 28 -4*a^2 - 24*a + 28 2*a^3 + 12*a^2 - 2*a - 72 2*a^3 + 12*a^2 - 2*a - 72 -8*a^3 - 50*a^2 - 4*a + 146 -2*a^3 - 12*a^2 - 22*a + 60 -2*a^3 - 18*a^2 - 22*a + 42 4*a^3 + 16*a^2 - 4*a - 64 -6*a^2 - 12*a + 54 -6*a^2 - 12*a + 54 2*a^3 - 26*a + 36 6*a^2 + 12*a - 54 0 4*a^2 + 24*a - 28 4*a^3 + 16*a^2 - 4*a - 64 0 a^3 + 1*a^2 - 19*a + 5 -a^3 - 3*a^2 + 7*a + 9 2*a^3 + 10*a^2 - 8*a - 16 -4*a^3 - 18*a^2 + 10*a + 48 -4*a^3 - 18*a^2 + 10*a + 48 4*a^3 + 22*a^2 - 4*a - 46 -2*a^3 - 10*a^2 + 14*a + 58 -2*a^3 - 6*a^2 + 14*a + 18 a^3 + 9*a^2 + 5*a - 63 0 4*a^3 + 20*a^2 - 16*a - 32 -6*a^2 - 12*a + 54 2*a^2 + 12*a - 14 4*a^3 + 24*a^2 + 8*a - 60 -2*a^3 - 10*a^2 + 8*a + 16 2*a^3 + 12*a^2 - 2*a - 72 -a^3 - 7*a^2 + 7*a + 49 -4*a^3 - 28*a^2 - 8*a + 100 0 0 -4*a^2 - 6*a - 2 a^3 + 1*a^2 - 19*a + 5 -4*a^3 - 32*a^2 - 8*a + 140 a^3 + 7*a^2 - 7*a - 49 a^3 + 3*a^2 - 7*a - 9 2*a^3 + 12*a^2 + 4*a - 30 a^3 + 9*a^2 + 5*a - 63 0 8*a^2 + 24*a - 68 2*a^3 + 6*a^2 - 14*a - 18 -2*a^3 - 12*a^2 - 4*a + 30 -4*a^3 - 24*a^2 - 8*a + 60 -2*a^3 - 6*a^2 + 14*a + 18 -2*a^2 - 12*a + 14 -4*a^2 - 6*a - 2 -2*a^2 - 12*a + 14 4*a^2 - 40 over Number field with defining polynomial x^4+6*x^3-2*x^2-30*x+13
a vector of length 129 over Number field with defining polynomial a number field of degree 17
a vector of length 129 over Number field with defining polynomial a number field of degree 19
-24*a^7 + 264*a^6 + 2544*a^5 - 29376*a^4 - 6600*a^3 + 527160*a^2 - 390288*a - 2260224 72*a^7 + 744*a^6 - 8400*a^5 - 28992*a^4 + 203448*a^3 + 510456*a^2 - 1595760*a - 3156192 144*a^7 - 576*a^6 - 18000*a^5 + 126432*a^4 + 40752*a^3 - 1571328*a^2 + 720144*a + 5679072 -12*a^7 - 72*a^6 + 1056*a^5 + 5808*a^4 - 39780*a^3 - 69240*a^2 + 203904*a + 808128 48*a^7 + 504*a^6 - 5736*a^5 - 15936*a^4 + 125376*a^3 + 259320*a^2 - 837672*a - 1770576 84*a^7 + 624*a^6 - 9288*a^5 - 14256*a^4 + 193644*a^3 + 180864*a^2 - 1110504*a - 1664688 -24*a^7 - 96*a^6 + 9000*a^5 - 61152*a^4 - 5736*a^3 + 814752*a^2 - 776040*a - 2334240 12*a^7 - 168*a^6 - 1536*a^5 + 21120*a^4 - 23292*a^3 - 236280*a^2 + 177984*a + 1225968 -108*a^7 - 528*a^6 + 11880*a^5 - 1056*a^4 - 210132*a^3 - 13824*a^2 + 1136424*a + 1246848 24*a^7 + 504*a^6 - 2928*a^5 - 29184*a^4 + 98424*a^3 + 518808*a^2 - 993024*a - 2708208 96*a^6 + 416*a^5 - 15808*a^4 + 71872*a^3 - 10208*a^2 - 477920*a + 714944 40*a^7 - 192*a^6 - 3696*a^5 + 29792*a^4 - 18920*a^3 - 319584*a^2 + 490704*a + 677216 24*a^7 - 224*a^6 - 144*a^5 + 5440*a^4 + 1832*a^3 - 78720*a^2 - 47632*a + 629184 64*a^7 + 720*a^6 - 7184*a^5 - 31168*a^4 + 189024*a^3 + 467024*a^2 - 1342416*a - 2970528 -88*a^7 - 496*a^6 + 12064*a^5 - 19328*a^4 - 166152*a^3 + 277808*a^2 + 631008*a - 238880 -48*a^7 - 336*a^6 + 960*a^5 + 46848*a^4 - 126256*a^3 - 666000*a^2 + 1213920*a + 3135520 -48*a^7 + 192*a^6 + 6000*a^5 - 42144*a^4 - 13584*a^3 + 523776*a^2 - 240048*a - 1893024 -24*a^7 - 256*a^6 + 3024*a^5 + 8544*a^4 - 75688*a^3 - 114720*a^2 + 562704*a + 623840 48*a^7 + 432*a^6 - 9504*a^5 + 23424*a^4 + 120560*a^3 - 423696*a^2 - 146880*a + 805408 -24*a^7 - 248*a^6 + 2800*a^5 + 9664*a^4 - 67816*a^3 - 170152*a^2 + 531920*a + 1052064 8*a^7 - 112*a^6 - 2688*a^5 + 30368*a^4 - 12008*a^3 - 512208*a^2 + 503168*a + 2321088 352*a^5 - 10592*a^4 + 63872*a^3 - 23104*a^2 - 449248*a + 384160 96*a^7 + 800*a^6 - 12032*a^5 - 15424*a^4 + 289568*a^3 - 21280*a^2 - 1695872*a - 38848 240*a^6 - 496*a^5 - 16672*a^4 + 56800*a^3 + 167920*a^2 - 549680*a - 345856 -240*a^6 + 496*a^5 + 16672*a^4 - 56800*a^3 - 167920*a^2 + 549680*a + 345856 -16*a^7 + 1568*a^5 - 3200*a^4 - 37616*a^3 + 110464*a^2 + 186144*a - 627136 40*a^7 + 528*a^6 - 5184*a^5 - 20224*a^4 + 151480*a^3 + 184176*a^2 - 1158336*a - 360352 96*a^7 + 736*a^6 - 12544*a^5 + 2176*a^4 + 199072*a^3 + 928*a^2 - 1077760*a - 771584 16*a^7 - 32*a^6 - 1824*a^5 + 12000*a^4 - 7632*a^3 - 99360*a^2 + 122912*a + 260768 72*a^7 + 512*a^6 - 6064*a^5 - 26016*a^4 + 158008*a^3 + 378400*a^2 - 1147248*a - 2010144 -24*a^7 - 16*a^6 + 2528*a^5 - 8128*a^4 - 18888*a^3 + 53200*a^2 + 13024*a + 277984 32*a^7 + 48*a^6 - 3280*a^5 + 7744*a^4 + 57792*a^3 - 224720*a^2 - 18384*a + 640416 8*a^7 - 88*a^6 - 848*a^5 + 9792*a^4 + 2200*a^3 - 175720*a^2 + 130096*a + 753408 -64*a^7 - 596*a^6 + 6488*a^5 + 28976*a^4 - 177312*a^3 - 456044*a^2 + 1369976*a + 2702720 -32*a^7 - 272*a^6 + 3856*a^5 + 6048*a^4 - 85184*a^3 - 65488*a^2 + 585680*a + 319168 -8*a^7 - 32*a^6 + 3000*a^5 - 20384*a^4 - 1912*a^3 + 271584*a^2 - 258680*a - 778080 24*a^7 - 408*a^6 - 1592*a^5 + 38064*a^4 - 79608*a^3 - 406408*a^2 + 992568*a + 831120 16*a^7 + 168*a^6 - 1912*a^5 - 5312*a^4 + 41792*a^3 + 86440*a^2 - 279224*a - 590192 48*a^7 + 384*a^6 - 5232*a^5 - 11712*a^4 + 123408*a^3 + 121152*a^2 - 680400*a - 1165056 -16*a^7 - 180*a^6 + 840*a^5 + 18416*a^4 - 58720*a^3 - 285948*a^2 + 610616*a + 1373008 -24*a^7 + 144*a^6 + 2160*a^5 - 19232*a^4 + 12296*a^3 + 219936*a^2 - 325792*a - 501200 -48*a^7 - 396*a^6 + 6584*a^5 + 848*a^4 - 111920*a^3 - 51572*a^2 + 654136*a + 880448 -8*a^7 + 24*a^6 + 1760*a^5 - 13568*a^4 + 1624*a^3 + 177304*a^2 - 172400*a - 547696 16*a^7 + 40*a^6 - 2936*a^5 + 14416*a^4 + 18528*a^3 - 199192*a^2 + 54664*a + 674336 4*a^7 - 20*a^6 - 496*a^5 + 2736*a^4 + 11612*a^3 - 69308*a^2 - 52048*a + 392640 -96*a^7 - 768*a^6 + 12288*a^5 + 6624*a^4 - 244320*a^3 + 10176*a^2 + 1386816*a + 405216 8*a^7 - 32*a^6 - 1408*a^5 + 12784*a^4 - 7432*a^3 - 182144*a^2 + 185952*a + 844176 12*a^7 - 36*a^6 - 1176*a^5 + 4672*a^4 + 27652*a^3 - 134940*a^2 - 59896*a + 588800 24*a^7 + 260*a^6 - 1768*a^5 - 21488*a^4 + 96552*a^3 + 232252*a^2 - 818344*a - 803360 8*a^7 - 56*a^6 + 1272*a^5 - 12464*a^4 + 6920*a^3 + 216744*a^2 - 275400*a - 845952 32*a^7 + 140*a^6 - 4584*a^5 + 9840*a^4 + 63344*a^3 - 124092*a^2 - 296600*a + 150608 -36*a^7 - 176*a^6 + 3960*a^5 - 352*a^4 - 70044*a^3 - 4608*a^2 + 378808*a + 415616 -8*a^7 + 48*a^6 + 992*a^5 - 9504*a^4 + 17128*a^3 + 50128*a^2 - 145888*a + 43904 48*a^7 + 192*a^6 - 7376*a^5 + 24848*a^4 + 77072*a^3 - 395008*a^2 - 63920*a + 1279984 32*a^7 + 32*a^6 - 3360*a^5 + 10624*a^4 + 28384*a^3 - 102432*a^2 - 36000*a + 26688 4*a^7 + 24*a^6 - 352*a^5 - 1936*a^4 + 13260*a^3 + 23080*a^2 - 67968*a - 269376 28*a^7 + 208*a^6 - 3096*a^5 - 4752*a^4 + 64548*a^3 + 60288*a^2 - 370168*a - 554896 -28*a^7 + 52*a^6 + 3096*a^5 - 14752*a^4 - 38308*a^3 + 266364*a^2 + 5768*a - 980784 72*a^7 + 504*a^6 - 8552*a^5 - 8112*a^4 + 185768*a^3 + 61400*a^2 - 1143240*a - 788192 4*a^7 - 44*a^6 - 424*a^5 + 4896*a^4 + 1100*a^3 - 87860*a^2 + 65048*a + 376704 24*a^7 + 552*a^6 - 3576*a^5 - 28624*a^4 + 147592*a^3 + 265272*a^2 - 1206152*a - 552304 8*a^6 - 88*a^5 - 800*a^4 + 11104*a^3 - 23816*a^2 - 79432*a + 252000 -8*a^7 - 136*a^6 + 1080*a^5 + 5840*a^4 - 37896*a^3 - 34728*a^2 + 297816*a - 131744 24*a^7 + 156*a^6 - 3880*a^5 + 10928*a^4 + 22040*a^3 - 62156*a^2 + 58984*a - 526352 8*a^6 - 88*a^5 - 800*a^4 + 11104*a^3 - 23816*a^2 - 79432*a + 252000 0 8*a^7 - 144*a^6 + 248*a^5 + 4976*a^4 - 18504*a^3 - 12368*a^2 + 59048*a + 72144 8*a^7 - 960*a^5 + 6896*a^4 - 13128*a^3 - 43680*a^2 + 131552*a + 121488 -16*a^7 - 416*a^6 + 2896*a^5 + 16448*a^4 - 81936*a^3 - 207136*a^2 + 499760*a + 1379168 56*a^7 - 136*a^6 - 7088*a^5 + 43792*a^4 + 22632*a^3 - 521848*a^2 + 201744*a + 1767664 -24*a^7 - 228*a^6 + 1800*a^5 + 12336*a^4 - 36408*a^3 - 249420*a^2 + 300984*a + 1440624 8*a^7 + 256*a^6 - 1504*a^5 - 15888*a^4 + 83320*a^3 + 149344*a^2 - 792512*a - 174704 40*a^7 - 248*a^6 - 4912*a^5 + 40496*a^4 + 4536*a^3 - 525704*a^2 + 278352*a + 2018384 56*a^7 + 440*a^6 - 7936*a^5 + 4640*a^4 + 122264*a^3 - 48200*a^2 - 621520*a - 379408 4*a^7 - 56*a^6 - 512*a^5 + 7040*a^4 - 7764*a^3 - 78760*a^2 + 59328*a + 408656 8*a^7 + 184*a^6 - 1256*a^5 - 8368*a^4 + 45736*a^3 + 72536*a^2 - 339592*a - 190880 -8*a^7 + 16*a^6 + 736*a^5 - 704*a^4 - 28120*a^3 + 61232*a^2 + 163168*a - 322464 -8*a^7 + 8*a^6 + 3000*a^5 - 22672*a^4 - 4072*a^3 + 328104*a^2 - 258120*a - 1124512 32*a^7 + 432*a^6 - 2768*a^5 - 28384*a^4 + 115168*a^3 + 351920*a^2 - 907792*a - 1586656 32*a^7 + 248*a^6 - 4408*a^5 + 2096*a^4 + 61808*a^3 + 17464*a^2 - 268312*a - 759328 12*a^7 + 4*a^6 - 1424*a^5 + 7344*a^4 - 956*a^3 - 62116*a^2 + 106176*a - 656 -8*a^7 + 28*a^6 - 200*a^5 + 1648*a^4 + 12168*a^3 - 73756*a^2 - 56552*a + 409568 -24*a^7 - 336*a^6 + 3152*a^5 + 14112*a^4 - 101304*a^3 - 115904*a^2 + 773568*a + 190512 8*a^7 + 32*a^6 - 704*a^5 - 1904*a^4 + 32120*a^3 - 54784*a^2 - 177504*a + 487856 12*a^7 + 36*a^6 - 1392*a^5 - 1808*a^4 + 59188*a^3 - 79284*a^2 - 411184*a + 636608 36*a^7 + 108*a^6 - 4176*a^5 + 12016*a^4 + 21484*a^3 - 57708*a^2 + 63488*a - 543280 -8*a^7 + 32*a^6 + 2232*a^5 - 18608*a^4 + 11432*a^3 + 200928*a^2 - 231608*a - 532912 -52*a^7 - 100*a^6 + 5992*a^5 - 15104*a^4 - 81772*a^3 + 224852*a^2 + 282648*a - 470032 -8*a^7 - 168*a^6 + 976*a^5 + 9728*a^4 - 32808*a^3 - 172936*a^2 + 331008*a + 902736 -48*a^7 - 144*a^6 + 3104*a^5 + 10288*a^4 - 79920*a^3 - 149840*a^2 + 597440*a + 690480 -8*a^7 + 104*a^6 + 584*a^5 - 10832*a^4 + 18904*a^3 + 133192*a^2 - 251864*a - 477600 -48*a^7 - 384*a^6 + 5232*a^5 + 11712*a^4 - 123408*a^3 - 121152*a^2 + 680400*a + 1165056 -56*a^7 - 480*a^6 + 6760*a^5 + 14064*a^4 - 187976*a^3 - 4000*a^2 + 1115864*a + 30416 8*a^7 + 80*a^6 - 744*a^5 - 6352*a^4 + 43192*a^3 + 14640*a^2 - 267928*a - 10992 40*a^7 + 304*a^6 - 4352*a^5 - 7280*a^4 + 83448*a^3 + 138128*a^2 - 461120*a - 1330288 8*a^7 + 64*a^6 - 1040*a^5 - 1072*a^4 + 23384*a^3 + 9728*a^2 - 166384*a - 49584 32*a^7 + 256*a^6 - 3656*a^5 - 6928*a^4 + 85088*a^3 + 70304*a^2 - 506584*a - 632112 12*a^7 + 52*a^6 - 1376*a^5 + 2336*a^4 + 11220*a^3 + 2204*a^2 - 21344*a - 271312 -32*a^7 - 208*a^6 + 4848*a^5 - 9104*a^4 - 60320*a^3 + 112752*a^2 + 224560*a - 84144 -8*a^7 - 100*a^6 - 48*a^5 + 14064*a^4 - 32696*a^3 - 202236*a^2 + 357920*a + 911136 8*a^7 - 48*a^6 - 1128*a^5 + 11424*a^4 - 20360*a^3 - 81744*a^2 + 194536*a + 132320 -12*a^7 - 76*a^6 + 1448*a^5 - 176*a^4 - 21732*a^3 - 20756*a^2 + 138440*a + 255376 -24*a^7 - 72*a^6 + 2584*a^5 - 4720*a^4 - 33992*a^3 + 70568*a^2 + 106792*a - 139408 4*a^7 + 4*a^6 - 376*a^5 - 112*a^4 + 13276*a^3 - 23540*a^2 - 62472*a + 106048 16*a^7 + 116*a^6 - 784*a^5 - 11568*a^4 + 42192*a^3 + 153004*a^2 - 380896*a - 606464 24*a^7 + 96*a^6 - 2656*a^5 + 2560*a^4 + 44504*a^3 - 52016*a^2 - 223888*a + 155344 32*a^7 + 272*a^6 - 3496*a^5 - 10288*a^4 + 101664*a^3 + 43600*a^2 - 559480*a - 417296 -8*a^7 + 20*a^6 + 1872*a^5 - 14128*a^4 - 2312*a^3 + 205020*a^2 - 157008*a - 761808 -56*a^7 - 320*a^6 + 7400*a^5 - 12512*a^4 - 79176*a^3 + 81280*a^2 + 344344*a + 253472 4*a^7 + 28*a^6 - 448*a^5 - 2272*a^4 + 23788*a^3 - 4988*a^2 - 179568*a + 121984 -8*a^7 - 112*a^6 + 1456*a^5 + 1552*a^4 - 37944*a^3 + 16400*a^2 + 303280*a - 334736 40*a^7 + 344*a^6 - 4904*a^5 - 8240*a^4 + 115752*a^3 + 66968*a^2 - 741416*a - 489536 -24*a^7 - 272*a^6 + 2784*a^5 + 9552*a^4 - 60200*a^3 - 163152*a^2 + 392064*a + 1130800 -8*a^7 - 48*a^6 + 1000*a^5 - 2448*a^4 + 2056*a^3 - 25744*a^2 - 41128*a + 377360 8*a^7 + 56*a^6 - 1088*a^5 + 1648*a^4 + 9048*a^3 + 1928*a^2 - 38304*a - 125360 8*a^7 - 16*a^6 - 872*a^5 + 2624*a^4 + 24888*a^3 - 92848*a^2 - 114520*a + 498688 40*a^7 + 352*a^6 - 5016*a^5 - 10160*a^4 + 146840*a^3 - 36384*a^2 - 889064*a + 357936 -24*a^7 - 96*a^6 + 2608*a^5 - 1200*a^4 - 46632*a^3 + 15296*a^2 + 235440*a + 249072 -40*a^7 - 384*a^6 + 5400*a^5 + 1536*a^4 - 74648*a^3 - 93312*a^2 + 424360*a + 884480 -8*a^7 - 8*a^6 - 64*a^5 + 5968*a^4 - 16616*a^3 - 72392*a^2 + 204016*a + 103744 36*a^6 + 1040*a^5 - 11632*a^4 + 7184*a^3 + 155788*a^2 - 179984*a - 457136 120*a^6 - 248*a^5 - 8336*a^4 + 28400*a^3 + 83960*a^2 - 274840*a - 172928 -96*a^6 + 8*a^5 + 7056*a^4 - 15072*a^3 - 75872*a^2 + 104760*a + 333456 -8*a^6 + 88*a^5 + 800*a^4 - 11104*a^3 + 23816*a^2 + 79432*a - 252000 -24*a^7 - 144*a^6 + 3672*a^5 - 8256*a^4 - 40168*a^3 + 90864*a^2 + 106824*a + 42496 -24*a^6 + 2136*a^5 - 17568*a^4 + 1424*a^3 + 272424*a^2 - 266760*a - 985232 -80*a^6 + 168*a^5 + 3696*a^4 + 1504*a^3 - 102576*a^2 + 51864*a + 548272 -16*a^6 - 128*a^5 + 4400*a^4 - 22624*a^3 + 5552*a^2 + 154528*a - 183184 56*a^6 - 1240*a^5 + 6816*a^4 + 3536*a^3 - 94280*a^2 + 86280*a + 230384 over Number field with defining polynomial x^8+4*x^7-157*x^6+286*x^5+3959*x^4-9744*x^3-32519*x^2+62646*x+99508
a vector of length 129 over Number field with defining polynomial a number field of degree 13
a vector of length 129 over Number field with defining polynomial a number field of degree 34
11*a^3 - 10652*a^2 + 3395436*a - 355610367 -7*a^3 + 7048*a^2 - 2356848*a + 261770967 0 -12*a^3 + 13002*a^2 - 4663230*a + 554168574 -3*a^3 + 3444*a^2 - 1275924*a + 153734895 -12*a^3 + 12408*a^2 - 4291344*a + 496253196 -9*a^3 + 9180*a^2 - 3123756*a + 354589965 6*a^3 - 5952*a^2 + 1956168*a - 212926734 -6*a^3 + 6672*a^2 - 2443512*a + 295398126 -5*a^3 + 5576*a^2 - 2042832*a + 246553893 -4*a^3 + 4700*a^2 - 1794796*a + 224191008 5*a^3 - 4789*a^2 + 1514099*a - 157752378 2*a^3 - 1990*a^2 + 648770*a - 69208032 2*a^3 - 2516*a^2 + 1015692*a - 133089462 2*a^3 - 2866*a^2 + 1221590*a - 162799212 -6*a^3 + 6120*a^2 - 2082504*a + 236393310 0 a^3 - 1277*a^2 + 516667*a - 67383582 -6*a^3 + 6120*a^2 - 2082504*a + 236393310 7*a^3 - 7268*a^2 + 2493700*a - 282906051 8*a^3 - 8722*a^2 + 3134966*a - 372165138 -8*a^3 + 8524*a^2 - 3026684*a + 358094388 -6*a^3 + 6558*a^2 - 2368914*a + 283188900 2*a^3 - 2350*a^2 + 902354*a - 113747280 -2*a^3 + 2350*a^2 - 902354*a + 113747280 10*a^3 - 10274*a^2 + 3507238*a - 397881132 7*a^3 - 7451*a^2 + 2650909*a - 315034242 6*a^3 - 6558*a^2 + 2368914*a - 283188900 2*a^3 - 2734*a^2 + 1146938*a - 152589072 4*a^3 - 4394*a^2 + 1602862*a - 194212662 7*a^3 - 8015*a^2 + 2989273*a - 365090838 -2*a^3 + 2516*a^2 - 1015692*a + 133089462 a^3 - 1368*a^2 + 576272*a - 77112273 -5*a^3 + 5390*a^2 - 1903002*a + 220599795 -a^3 + 581*a^2 - 47539*a - 11689242 -3*a^3 + 3060*a^2 - 1041252*a + 118196655 -136*a^2 + 86536*a - 13726704 -a^3 + 1148*a^2 - 425308*a + 51244965 0 -9*a^3 + 9584*a^2 - 3399032*a + 401472345 6*a^3 - 6256*a^2 + 2169040*a - 250120014 5*a^3 - 5006*a^2 + 1668330*a - 185061555 2*a^3 - 2092*a^2 + 724172*a - 83021526 -8*a^3 + 7798*a^2 - 2538482*a + 276017814 -4*a^3 + 4091*a^2 - 1384645*a + 155125095 0 2*a^3 - 2735*a^2 + 1158897*a - 156487257 2*a^3 - 1809*a^2 + 532783*a - 50668683 -7*a^3 + 7522*a^2 - 2684022*a + 318151017 -6*a^3 + 6690*a^2 - 2453478*a + 296702592 7*a^3 - 6864*a^2 + 2232536*a - 240755895 -2*a^3 + 2182*a^2 - 776018*a + 90280704 6*a^3 - 6174*a^2 + 2124330*a - 244347108 6*a^3 - 6252*a^2 + 2167068*a - 249907002 a^3 - 893*a^2 + 281995*a - 31845342 4*a^3 - 4376*a^2 + 1592896*a - 192908196 -4*a^3 + 4094*a^2 - 1391962*a + 157232394 -117*a^2 + 81915*a - 14316525 -6*a^3 + 6119*a^2 - 2060633*a + 229191573 4*a^3 - 3267*a^2 + 819821*a - 58387791 -4*a^3 + 4564*a^2 - 1718172*a + 213767856 110*a^2 - 82538*a + 15299766 -5*a^3 + 5227*a^2 - 1800509*a + 204547968 -5*a^3 + 5172*a^2 - 1781668*a + 204403737 110*a^2 - 82538*a + 15299766 0 6*a^3 - 6324*a^2 + 2208948*a - 255861714 -4*a^3 + 4262*a^2 - 1508386*a + 177395418 -4*a^3 + 3974*a^2 - 1306594*a + 142114434 -2*a^3 + 1802*a^2 - 533406*a + 51651924 3*a^3 - 2860*a^2 + 916780*a - 98941263 -2*a^3 + 2297*a^2 - 872487*a + 109691667 2*a^3 - 1802*a^2 + 533406*a - 51651924 4*a^3 - 4412*a^2 + 1593004*a - 188910024 2*a^3 - 2026*a^2 + 690542*a - 79160916 6*a^3 - 5681*a^2 + 1774223*a - 182395983 492*a^2 - 328236*a + 54749388 -306*a^2 + 201846*a - 33281898 6*a^3 - 6354*a^2 + 2242470*a - 263720496 6*a^3 - 6354*a^2 + 2242470*a - 263720496 -4*a^3 + 4091*a^2 - 1384645*a + 155125095 -a^3 + 510*a^2 - 14426*a - 14806017 2*a^3 - 1556*a^2 + 364332*a - 22625454 2*a^3 - 2404*a^2 + 944180*a - 121701078 2*a^3 - 2399*a^2 + 933777*a - 118772937 2*a^3 - 2399*a^2 + 933777*a - 118772937 -4*a^3 + 4004*a^2 - 1340116*a + 149973216 -2*a^3 + 1809*a^2 - 532783*a + 50668683 -3*a^3 + 3060*a^2 - 1027140*a + 113464431 -132*a^2 + 84564*a - 13513692 -5*a^3 + 5539*a^2 - 2034965*a + 248082552 0 -3*a^3 + 3169*a^2 - 1101919*a + 126294684 -3*a^3 + 3389*a^2 - 1266995*a + 156894216 -2*a^3 + 2214*a^2 - 815818*a + 100020576 -2*a^3 + 1994*a^2 - 650742*a + 69421044 -2*a^3 + 1994*a^2 - 650742*a + 69421044 -117*a^2 + 81915*a - 14316525 234*a^2 - 159966*a + 27327186 -a^3 + 948*a^2 - 300836*a + 31989573 5*a^3 - 5081*a^2 + 1717863*a - 193246374 -4*a^3 + 4091*a^2 - 1384645*a + 155125095 2*a^3 - 2214*a^2 + 815818*a - 100020576 2*a^3 - 2399*a^2 + 933777*a - 118772937 a^3 - 744*a^2 + 150032*a - 4362585 -4*a^3 + 3906*a^2 - 1266686*a + 136372734 2*a^3 - 2214*a^2 + 815818*a - 100020576 5*a^3 - 5610*a^2 + 2068078*a - 251199327 a^3 - 1477*a^2 + 651051*a - 89942526 -117*a^2 + 81915*a - 14316525 219*a^2 - 143205*a + 23397795 219*a^2 - 143205*a + 23397795 -302*a^2 + 199874*a - 33068886 -3*a^3 + 3169*a^2 - 1101919*a + 126294684 -2*a^3 + 1802*a^2 - 533406*a + 51651924 -a^3 + 1477*a^2 - 651051*a + 89942526 3*a^3 - 3389*a^2 + 1266995*a - 156894216 4*a^3 - 3906*a^2 + 1266686*a - 136372734 5*a^3 - 5081*a^2 + 1717863*a - 193246374 -2*a^3 + 2116*a^2 - 742388*a + 86420094 -3*a^3 + 3094*a^2 - 1052386*a + 118109865 -a^3 + 1019*a^2 - 333949*a + 35106348 -4*a^3 + 3906*a^2 - 1266686*a + 136372734 -110*a^2 + 82538*a - 15299766 204*a^2 - 126444*a + 19468404 -132*a^2 + 84564*a - 13513692 -302*a^2 + 199874*a - 33068886 -54*a^2 + 41826*a - 7953798 234*a^2 - 159966*a + 27327186 over Number field with defining polynomial x^4-1358*x^3+684331*x^2-151680726*x+12474067257
-24*a^3 - 1440*a^2 + 28944*a - 111264 -24*a^3 - 1440*a^2 + 28944*a - 111264 0 228*a^2 - 8928*a + 68208 0 -228*a^2 + 8928*a - 68208 0 -228*a^2 + 8928*a - 68208 -228*a^2 + 8928*a - 68208 24*a^3 + 1440*a^2 - 28944*a + 111264 -232*a^2 + 56*a + 27672 384*a^2 - 6008*a + 17800 -232*a^2 + 2048*a + 1720 0 -232*a^2 + 2048*a + 1720 0 0 -384*a^2 + 6008*a - 17800 0 -24*a^3 - 1440*a^2 + 28944*a - 111264 232*a^2 - 2048*a - 1720 -232*a^2 + 56*a + 27672 0 0 0 -232*a^2 + 56*a + 27672 -384*a^2 + 6008*a - 17800 0 -232*a^2 + 56*a + 27672 -232*a^2 + 2048*a + 1720 384*a^2 - 6008*a + 17800 0 -24*a^3 - 1440*a^2 + 28944*a - 111264 -4*a^3 - 240*a^2 + 5820*a - 31520 -384*a^2 + 6008*a - 17800 0 0 0 0 4*a^3 + 240*a^2 - 5820*a + 31520 0 4*a^3 + 240*a^2 - 5820*a + 31520 192*a^2 - 4000*a + 21876 192*a^2 - 4000*a + 21876 -4*a^3 - 240*a^2 + 4824*a - 18544 0 0 -4*a^3 - 240*a^2 + 4824*a - 18544 -4*a^3 - 240*a^2 + 5820*a - 31520 232*a^2 - 2048*a - 1720 4*a^3 + 240*a^2 - 5820*a + 31520 228*a^2 - 8928*a + 68208 232*a^2 - 56*a - 27672 -232*a^2 + 2048*a + 1720 -384*a^2 + 6008*a - 17800 228*a^2 - 8928*a + 68208 228*a^2 - 8928*a + 68208 -4*a^3 - 240*a^2 + 4824*a - 18544 0 4*a^3 + 240*a^2 - 4824*a + 18544 0 0 -384*a^2 + 6008*a - 17800 -4*a^3 - 240*a^2 + 5820*a - 31520 0 0 -192*a^2 + 4000*a - 21876 -232*a^2 + 56*a + 27672 192*a^2 - 4000*a + 21876 0 -4*a^3 - 240*a^2 + 5820*a - 31520 0 0 -192*a^2 + 4000*a - 21876 228*a^2 - 8928*a + 68208 0 -232*a^2 + 56*a + 27672 232*a^2 - 2048*a - 1720 192*a^2 - 4000*a + 21876 192*a^2 - 4000*a + 21876 -4*a^3 - 240*a^2 + 4824*a - 18544 4*a^3 + 240*a^2 - 5820*a + 31520 0 232*a^2 - 56*a - 27672 4*a^3 + 240*a^2 - 4824*a + 18544 4*a^3 + 240*a^2 - 4824*a + 18544 -192*a^2 + 4000*a - 21876 4*a^3 + 240*a^2 - 4824*a + 18544 24*a^3 + 1440*a^2 - 28944*a + 111264 -232*a^2 + 2048*a + 1720 384*a^2 - 6008*a + 17800 0 0 0 0 0 0 -4*a^3 - 240*a^2 + 4824*a - 18544 -192*a^2 + 4000*a - 21876 4*a^3 + 240*a^2 - 5820*a + 31520 0 -4*a^3 - 240*a^2 + 4824*a - 18544 0 4*a^3 + 240*a^2 - 4824*a + 18544 4*a^3 + 240*a^2 - 5820*a + 31520 0 0 4*a^3 + 240*a^2 - 5820*a + 31520 0 -4*a^3 - 240*a^2 + 4824*a - 18544 0 0 0 0 0 0 0 0 0 192*a^2 - 4000*a + 21876 -4*a^3 - 240*a^2 + 5820*a - 31520 -384*a^2 + 6008*a - 17800 0 0 192*a^2 - 4000*a + 21876 -232*a^2 + 2048*a + 1720 0 232*a^2 - 56*a - 27672 -192*a^2 + 4000*a - 21876 over Number field with defining polynomial x^4+70*x^3-2057*x^2+14890*x-22961
For conductor 1:
traces of hecke eigenvalues of T_{p^1} are:
40 156 400 1464 2380 5220 7240 12720 25260 30784 52060 70644 81400 106080 151740 208920 230764 305320 363024 394420 499360 578760 712980 922180 
computing eigenvalues for k = 1, took 21.061981 sec
traces of hecke eigenvalues of T_{p^2} are:
120 780 2800 
computing eigenvalues for k = 2, took 0.229517 sec
traces of hecke eigenvalues of T_{p^1} are:
-2 8 5 48 -36 -140 -26 -45 36 244 -152 226 -32 -418 -144 780 348 252 978 537 -13 784 649 -212 
computing eigenvalues for k = 1, took 21.086079 sec
traces of hecke eigenvalues of T_{p^2} are:
-8 -3 0 
computing eigenvalues for k = 2, took 0.228445 sec
traces of hecke eigenvalues of T_{p^1} are:
-10 -14 -3 34 -116 -40 2 97 108 68 -36 -72 32 0 -54 -324 60 -680 50 1210 -405 24 -569 -165 
computing eigenvalues for k = 1, took 36.520286 sec
traces of hecke eigenvalues of T_{p^2} are:
7 12 14 
computing eigenvalues for k = 2, took 0.231081 sec
traces of hecke eigenvalues of T_{p^1} are:
-4 -11 10 3 -69 -7 17 -6 264 272 -442 434 -484 37 165 171 381 -114 1941 -873 1045 -1195 284 626 
computing eigenvalues for k = 1, took 21.085165 sec
traces of hecke eigenvalues of T_{p^2} are:
2 0 36 
computing eigenvalues for k = 2, took 0.229481 sec
traces of hecke eigenvalues of T_{p^1} are:
-24 3 130 -275 119 657 131 -60 1536 -1456 -972 -614 54 3215 -445 -3831 3361 324 2451 413 -5595 669 3038 -3644 
computing eigenvalues for k = 1, took 21.112813 sec
traces of hecke eigenvalues of T_{p^2} are:
48 138 240 
computing eigenvalues for k = 2, took 0.227254 sec
traces of hecke eigenvalues of T_{p^1} are:
186 499 859 2025 2880 4812 5844 8575 13985 15444 22414 27353 29580 35481 46629 55478 59332 70848 78807 84627 99098 107472 125280 150309 
computing eigenvalues for k = 1, took 21.081717 sec
traces of hecke eigenvalues of T_{p^2} are:
104 498 472 
computing eigenvalues for k = 2, took 0.223007 sec
traces of hecke eigenvalues of T_{p^1} are:
9 5 28 -3 -172 -89 -207 324 57 -165 -441 205 474 2024 1659 780 -91 -805 1668 623 1600 2194 79 -1041 
computing eigenvalues for k = 1, took 20.956121 sec
traces of hecke eigenvalues of T_{p^2} are:
-29 21 35 
computing eigenvalues for k = 2, took 0.230852 sec
traces of hecke eigenvalues of T_{p^1} are:
-27 207 -141 -65 124 495 -645 133 905 -211 1475 4325 -2478 294 2593 3618 2039 -7513 1040 2301 -2207 -2980 2724 2324 
computing eigenvalues for k = 1, took 21.256283 sec
traces of hecke eigenvalues of T_{p^2} are:
-90 -119 -377 
computing eigenvalues for k = 2, took 0.254626 sec
traces of hecke eigenvalues of T_{p^1} are:
2 -58 51 -66 94 -164 224 53 -286 1326 294 -1222 1758 -4 -1188 78 -388 1468 -550 -1720 3221 318 -121 917 
computing eigenvalues for k = 1, took 21.071539 sec
traces of hecke eigenvalues of T_{p^2} are:
-13 -60 -236 
computing eigenvalues for k = 2, took 0.235680 sec
traces of hecke eigenvalues of T_{p^1} are:
8 28 80 88 204 356 424 496 1068 832 1244 1524 1944 2784 2620 2872 4332 4744 5840 5556 5664 7208 8724 9028 
computing eigenvalues for k = 1, took 21.093750 sec
traces of hecke eigenvalues of T_{p^2} are:
-8 12 240 
computing eigenvalues for k = 2, took 0.232050 sec
traces of hecke eigenvalues of T_{p^1} are:
8 -8 -13 -16 -4 60 32 159 204 4 -52 138 -748 658 -588 -368 -744 408 -430 -311 1115 24 525 -40 
computing eigenvalues for k = 1, took 21.125844 sec
traces of hecke eigenvalues of T_{p^2} are:
12 -29 -24 
computing eigenvalues for k = 2, took 0.234865 sec
traces of hecke eigenvalues of T_{p^1} are:
24 46 111 266 327 587 631 1381 1729 1636 2620 3417 3508 4196 5848 7347 7785 8692 9676 12068 11775 15675 14480 17899 
computing eigenvalues for k = 1, took 21.006098 sec
traces of hecke eigenvalues of T_{p^2} are:
16 -36 88 
computing eigenvalues for k = 2, took 0.227004 sec
traces of hecke eigenvalues of T_{p^1} are:
112 270 527 1292 1745 2659 3629 5057 8305 10108 13918 16659 18812 22148 27570 34897 37191 44506 51288 52378 63829 67707 79174 94769 
computing eigenvalues for k = 1, took 21.082685 sec
traces of hecke eigenvalues of T_{p^2} are:
48 60 216 
computing eigenvalues for k = 2, took 0.235268 sec
traces of hecke eigenvalues of T_{p^1} are:
-2 -15 26 -9 29 -75 -73 78 -84 -10 -116 54 98 759 105 -579 -497 164 165 -407 -145 1497 696 -808 
computing eigenvalues for k = 1, took 21.098275 sec
traces of hecke eigenvalues of T_{p^2} are:
-10 -30 28 
computing eigenvalues for k = 2, took 0.225964 sec
traces of hecke eigenvalues of T_{p^1} are:
0 3 -24 65 -53 89 125 86 16 120 -308 32 -262 493 -53 769 -417 -826 1239 411 809 -1367 -1346 -458 
computing eigenvalues for k = 1, took 20.992918 sec
traces of hecke eigenvalues of T_{p^2} are:
-2 18 -56 
computing eigenvalues for k = 2, took 0.229115 sec
traces of hecke eigenvalues of T_{p^1} are:
26 75 92 227 345 595 811 1004 1590 1808 2386 3084 3720 4675 5483 6947 7059 9230 10853 10351 12587 14573 17834 18798 
computing eigenvalues for k = 1, took 21.209594 sec
traces of hecke eigenvalues of T_{p^2} are:
24 138 -64 
computing eigenvalues for k = 2, took 0.225733 sec
traces of hecke eigenvalues of T_{p^1} are:
-2 -13 -4 -15 -111 77 31 82 132 90 434 -264 424 859 -597 931 -207 136 -725 -631 -841 1557 -194 -2272 
computing eigenvalues for k = 1, took 20.905191 sec
traces of hecke eigenvalues of T_{p^2} are:
-14 4 8 
computing eigenvalues for k = 2, took 0.226378 sec
traces of hecke eigenvalues of T_{p^1} are:
-2 -7 -18 -7 17 -89 25 356 -198 52 -372 528 496 321 327 483 -477 -202 -1001 -667 -417 135 14 -30 
computing eigenvalues for k = 1, took 20.957325 sec
traces of hecke eigenvalues of T_{p^2} are:
-4 -18 -104 
computing eigenvalues for k = 2, took 0.228770 sec
For conductor 2:
traces of hecke eigenvalues of T_{p^1} are:
-10 -14 -3 34 -116 -40 2 97 108 68 -36 -72 32 0 -54 -324 60 -680 50 1210 -405 24 -569 -165 
computing eigenvalues for k = 1, took 599.534456 sec
traces of hecke eigenvalues of T_{p^2} are:
7 12 14 
computing eigenvalues for k = 2, took 0.561575 sec
traces of hecke eigenvalues of T_{p^1} are:
-13 -25 17 1 2 -81 -79 -15 -141 19 -223 -15 512 -154 279 -142 -669 -489 508 76 227 -510 -168 -433 
computing eigenvalues for k = 1, took 603.664140 sec
traces of hecke eigenvalues of T_{p^2} are:
21 46 -33 
computing eigenvalues for k = 2, took 0.565232 sec
traces of hecke eigenvalues of T_{p^1} are:
2 -58 51 -66 94 -164 224 53 -286 1326 294 -1222 1758 -4 -1188 78 -388 1468 -550 -1720 3221 318 -121 917 
computing eigenvalues for k = 1, took 600.879981 sec
traces of hecke eigenvalues of T_{p^2} are:
-13 -60 -236 
computing eigenvalues for k = 2, took 0.566892 sec
traces of hecke eigenvalues of T_{p^1} are:
-93 -128 -142 -404 -43 58 -586 60 -773 -395 1103 -1473 -698 -327 -440 -4163 -748 -957 -773 1055 -219 -1791 -2523 4576 
computing eigenvalues for k = 1, took 605.785051 sec
traces of hecke eigenvalues of T_{p^2} are:
66 20 -1 
computing eigenvalues for k = 2, took 0.575957 sec
traces of hecke eigenvalues of T_{p^1} are:
0 3 -24 65 -53 89 125 86 16 120 -308 32 -262 493 -53 769 -417 -826 1239 411 809 -1367 -1346 -458 
computing eigenvalues for k = 1, took 612.581817 sec
traces of hecke eigenvalues of T_{p^2} are:
-2 18 -56 
computing eigenvalues for k = 2, took 0.571836 sec
traces of hecke eigenvalues of T_{p^1} are:
-14 -39 2 -61 -15 17 79 130 -240 102 -280 -342 -278 47 -555 -811 -477 1180 81 -1195 227 525 364 536 
computing eigenvalues for k = 1, took 621.147384 sec
traces of hecke eigenvalues of T_{p^2} are:
10 46 -28 
computing eigenvalues for k = 2, took 0.571852 sec
traces of hecke eigenvalues of T_{p^1} are:
-2 -15 26 -9 29 -75 -73 78 -84 -10 -116 54 98 759 105 -579 -497 164 165 -407 -145 1497 696 -808 
computing eigenvalues for k = 1, took 613.910652 sec
traces of hecke eigenvalues of T_{p^2} are:
-10 -30 28 
computing eigenvalues for k = 2, took 0.592912 sec
For conductor 103:
traces of hecke eigenvalues of T_{p^1} are:
-12 -6 -25 36 -4 0 -134 -99 30 24 -120 96 -278 -162 444 102 396 68 420 -1170 -731 246 -687 149 
computing eigenvalues for k = 1, took 605.019840 sec
traces of hecke eigenvalues of T_{p^2} are:
17 -10 -12 
computing eigenvalues for k = 2, took 0.569176 sec
traces of hecke eigenvalues of T_{p^1} are:
-11 -1 -29 -33 14 53 -1 85 -191 -121 55 -375 356 -292 -823 582 -323 57 48 1588 -933 534 -834 153 
computing eigenvalues for k = 1, took 596.290459 sec
traces of hecke eigenvalues of T_{p^2} are:
15 -6 55 
computing eigenvalues for k = 2, took 0.561426 sec
traces of hecke eigenvalues of T_{p^1} are:
-8 -22 -5 -24 68 -76 -10 -41 214 -244 220 -312 -58 2 356 -402 244 -288 -750 -206 843 -342 -489 351 
computing eigenvalues for k = 1, took 602.519436 sec
traces of hecke eigenvalues of T_{p^2} are:
3 42 -20 
computing eigenvalues for k = 2, took 0.554338 sec
traces of hecke eigenvalues of T_{p^1} are:
-13 -52 -23 -4 7 -102 76 -145 -419 273 187 -5 62 -527 94 1013 -908 321 -2317 -567 -1080 113 -958 -287 
computing eigenvalues for k = 1, took 598.289154 sec
traces of hecke eigenvalues of T_{p^2} are:
9 72 19 
computing eigenvalues for k = 2, took 0.568566 sec
traces of hecke eigenvalues of T_{p^1} are:
-6 -40 -28 -90 102 58 130 -58 -64 232 342 128 80 -664 940 -1000 -108 -476 -1320 976 -368 -408 -1460 -210 
computing eigenvalues for k = 1, took 600.068926 sec
traces of hecke eigenvalues of T_{p^2} are:
-22 24 0 
computing eigenvalues for k = 2, took 0.563372 sec
traces of hecke eigenvalues of T_{p^1} are:
-24 10 -72 38 54 70 -70 8 204 -260 -376 692 -116 190 -202 734 22 -448 -178 294 -714 710 1580 -2320 
computing eigenvalues for k = 1, took 601.879249 sec
traces of hecke eigenvalues of T_{p^2} are:
4 -40 32 
computing eigenvalues for k = 2, took 0.559046 sec
traces of hecke eigenvalues of T_{p^1} are:
2 -12 -49 -208 252 2 220 -371 -90 -128 1520 -182 874 -1274 410 -1060 1778 832 -1712 4806 -4617 -1020 -709 10623 
computing eigenvalues for k = 1, took 601.036050 sec
traces of hecke eigenvalues of T_{p^2} are:
-45 -106 -102 
computing eigenvalues for k = 2, took 0.552571 sec
traces of hecke eigenvalues of T_{p^1} are:
-8 -28 -26 -16 -64 -104 108 74 -132 -152 0 -636 1252 24 -88 -1108 -448 792 -776 1016 30 -1388 -1578 -190 
computing eigenvalues for k = 1, took 603.144802 sec
traces of hecke eigenvalues of T_{p^2} are:
-6 0 -12 
computing eigenvalues for k = 2, took 0.563947 sec
traces of hecke eigenvalues of T_{p^1} are:
-14 -19 34 -121 5 -53 183 -112 222 -320 -324 -396 -68 915 -961 -451 2015 510 1669 -787 -759 721 -174 14 
computing eigenvalues for k = 1, took 595.747545 sec
traces of hecke eigenvalues of T_{p^2} are:
24 54 48 
computing eigenvalues for k = 2, took 0.558730 sec
For conductor 206:
traces of hecke eigenvalues of T_{p^1} are:
-1 5 -9 -75 46 15 -51 159 -63 -243 227 49 176 914 429 202 569 -181 540 100 29 -1206 -2152 903 
computing eigenvalues for k = 1, took 134.695745 sec
traces of hecke eigenvalues of T_{p^2} are:
-11 6 23 
computing eigenvalues for k = 2, took 0.584809 sec
traces of hecke eigenvalues of T_{p^1} are:
-12 -6 -25 36 -4 0 -134 -99 30 24 -120 96 -278 -162 444 102 396 68 420 -1170 -731 246 -687 149 
computing eigenvalues for k = 1, took 182.888313 sec
traces of hecke eigenvalues of T_{p^2} are:
17 -10 -12 
computing eigenvalues for k = 2, took 0.565493 sec
traces of hecke eigenvalues of T_{p^1} are:
-4 16 -22 48 -8 -128 -116 2 104 376 32 -12 400 364 1360 -216 -136 -1512 420 626 -366 96 1986 1080 
computing eigenvalues for k = 1, took 133.677467 sec
traces of hecke eigenvalues of T_{p^2} are:
0 6 8 
computing eigenvalues for k = 2, took 0.593503 sec
traces of hecke eigenvalues of T_{p^1} are:
2 -2 -82 -58 -110 188 -82 -262 512 -190 522 1626 -152 -526 700 860 774 -518 -84 -931 -584 2686 2490 -911 
computing eigenvalues for k = 1, took 133.259471 sec
traces of hecke eigenvalues of T_{p^2} are:
-27 -51 -260 
computing eigenvalues for k = 2, took 0.587232 sec
traces of hecke eigenvalues of T_{p^1} are:
-6 -40 -28 -90 102 58 130 -58 -64 232 342 128 80 -664 940 -1000 -108 -476 -1320 976 -368 -408 -1460 -210 
computing eigenvalues for k = 1, took 133.293765 sec
traces of hecke eigenvalues of T_{p^2} are:
-22 24 0 
computing eigenvalues for k = 2, took 0.580167 sec
traces of hecke eigenvalues of T_{p^1} are:
202 483 947 2257 2956 5168 6404 9551 14221 16316 23276 28801 32096 38165 46487 58822 62976 75864 85061 89031 104546 116808 133100 158681 
computing eigenvalues for k = 1, took 133.150577 sec
traces of hecke eigenvalues of T_{p^2} are:
128 246 776 
computing eigenvalues for k = 2, took 0.588842 sec
traces of hecke eigenvalues of T_{p^1} are:
2 -12 -49 -208 252 2 220 -371 -90 -128 1520 -182 874 -1274 410 -1060 1778 832 -1712 4806 -4617 -1020 -709 10623 
computing eigenvalues for k = 1, took 134.915143 sec
traces of hecke eigenvalues of T_{p^2} are:
-45 -106 -102 
computing eigenvalues for k = 2, took 0.591989 sec
traces of hecke eigenvalues of T_{p^1} are:
-4 63 -35 95 -50 60 -162 -395 115 -840 -288 1217 -180 319 881 1912 1242 74 2025 -1101 -1162 2098 5932 -1079 
computing eigenvalues for k = 1, took 132.826535 sec
traces of hecke eigenvalues of T_{p^2} are:
-4 -30 -80 
computing eigenvalues for k = 2, took 0.592573 sec
traces of hecke eigenvalues of T_{p^1} are:
146 366 702 1628 2308 3986 4928 6638 10670 12592 17528 22000 23280 28272 35880 45040 48112 57890 65630 69658 80922 87860 103184 123368 
computing eigenvalues for k = 1, took 135.990585 sec
traces of hecke eigenvalues of T_{p^2} are:
64 168 416 
computing eigenvalues for k = 2, took 0.596695 sec
traces of hecke eigenvalues of T_{p^1} are:
53 -10 39 586 -628 107 487 925 -436 181 -2199 574 1688 2069 -986 6220 -3945 5201 3759 -4514 -886 8464 5233 -11346 
computing eigenvalues for k = 1, took 134.650543 sec
traces of hecke eigenvalues of T_{p^2} are:
-33 -167 -245 
computing eigenvalues for k = 2, took 0.601507 sec
traces of hecke eigenvalues of T_{p^1} are:
36 107 199 411 648 1182 1358 1981 3443 3732 5598 7057 7198 8815 11431 14950 15504 17880 20771 22515 24618 28512 32498 37785 
computing eigenvalues for k = 1, took 131.831048 sec
traces of hecke eigenvalues of T_{p^2} are:
-16 18 -8 
computing eigenvalues for k = 2, took 0.580525 sec
traces of hecke eigenvalues of T_{p^1} are:
-24 10 -72 38 54 70 -70 8 204 -260 -376 692 -116 190 -202 734 22 -448 -178 294 -714 710 1580 -2320 
computing eigenvalues for k = 1, took 132.195496 sec
traces of hecke eigenvalues of T_{p^2} are:
4 -40 32 
computing eigenvalues for k = 2, took 0.585920 sec
