constructing eigenvector for poly
x
constructing eigenvector for poly
x-15
constructing eigenvector for poly
x^3-19*x^2+96*x-76
constructing eigenvector for poly
x^35-206*x^34+20424*x^33-1298024*x^32+59421246*x^31-2087437370*x^30+58541153127*x^29-1346229507943*x^28+25876317338564*x^27-421666085201841*x^26+5888209150012124*x^25-71044209471584224*x^24+745363278551159304*x^23-6833139319176889728*x^22+54939029983307582794*x^21-388422980312824334346*x^20+2419152173873304094541*x^19-13285596748389363559940*x^18+64351799391174658087692*x^17-274783804233276431512116*x^16+1033110342453246500267802*x^15-3413293502603203443564686*x^14+9882426693167722013071047*x^13-24981116919351647045868743*x^12+54872563133357849256084406*x^11-104107774938760967108404517*x^10+169320499486445989442745784*x^9-233822724214026632592306892*x^8+270849405955002344239142232*x^7-259046809448471947029830928*x^6+200317734672233636319402528*x^5-121664871760260072204656512*x^4+55639305768181076906191232*x^3-17921392780709104403036672*x^2+3601296017885512462199296*x-336717469472971901369344
constructing eigenvector for poly
x^6-2*x^5-71*x^4+144*x^3+688*x^2-512*x-1472
constructing eigenvector for poly
x^4-20*x^3+135*x^2-338*x+194
constructing eigenvector for poly
x^54+3*x^53-298*x^52-600*x^51+40688*x^50+45950*x^49-3363144*x^48-1193868*x^47+187649951*x^46-59319201*x^45-7473033190*x^44+6719269805*x^43+219300740938*x^42-310169496782*x^41-4831154394445*x^40+9111221943820*x^39+80670656997142*x^38-189037266141405*x^37-1023205108608325*x^36+2892588672279014*x^35+9797670010404533*x^34-33347583797058246*x^33-69509822722877655*x^32+292690516050916496*x^31+348923977229979873*x^30-1962774128252577966*x^29-1079232036844520809*x^28+10039545965179042485*x^27+661862466468451317*x^26-38908065030715858848*x^25+12376076114156555217*x^24+112814940320105380965*x^23-72870080265192891060*x^22-239507573403102879208*x^21+230198871305109256848*x^20+358119143152780816715*x^19-476979956449814140713*x^18-346807746918402817573*x^17+674869023664353787835*x^16+163101590785672683932*x^15-649351840866073209372*x^14+53340736392224504016*x^13+411211004476222453452*x^12-136100817837531998408*x^11-158805014651116291240*x^10+92160027639334497168*x^9+29891864338828395328*x^8-31490375141628268896*x^7+645688050290932160*x^6+5234240466913065920*x^5-1219646790626307776*x^4-252210811937582080*x^3+138024658166665984*x^2-18283247636709376*x+657541081798656
constructing eigenvector for poly
x^2+6*x+1
constructing eigenvector for poly
x^15+45*x^14+893*x^13+10291*x^12+76143*x^11+375903*x^10+1234122*x^9+2524192*x^8+2358600*x^7-2190974*x^6-9607896*x^5-11667777*x^4-4750087*x^3+2208610*x^2+2359186*x+390636
constructing eigenvector for poly
x+1
constructing eigenvector for poly
x^3+11*x^2+16*x-16
constructing eigenvector for poly
x^13+39*x^12+671*x^11+6713*x^10+43277*x^9+187897*x^8+555830*x^7+1100218*x^6+1362818*x^5+837908*x^4-117414*x^3-528691*x^2-274143*x-32168
constructing eigenvector for poly
x+1
constructing eigenvector for poly
x+7
constructing eigenvector for poly
x-2
constructing eigenvector for poly
x^37-218*x^36+22912*x^35-1546372*x^34+75317058*x^33-2820556940*x^32+84497469963*x^31-2080173165583*x^30+42901074689194*x^29-751904977800773*x^28+11321700956117028*x^27-147695329587207588*x^26+1680234985175165976*x^25-16754450720507653916*x^24+147009445875427937122*x^23-1138382167674515320554*x^22+7795913752264498664785*x^21-47278957220297719622144*x^20+254086929343973589956196*x^19-1210110535779908343460264*x^18+5104363433143371244560118*x^17-19046159878323402237879392*x^16+62750661002817422523374475*x^15-182083761725990520722627967*x^14+463803803083641753977289884*x^13-1032768575846933471649554681*x^12+2000037243964420970599728640*x^11-3347174948620854933786411128*x^10+4803056052904186219639608344*x^9-5852292490052426732462479840*x^8+5981161614815815047951732992*x^7-5047554679003005984254071104*x^6+3445364591745896069000129280*x^5-1849063484961376503798622720*x^4+748877432981542060325181440*x^3-214523131903395144535458816*x^2+38625787706661245156333568*x-3277806014198605824454656
constructing eigenvector for poly
x^52+3*x^51-277*x^50-647*x^49+35103*x^48+59839*x^47-2693503*x^46-3023335*x^45+139652784*x^44+83635856*x^43-5174189330*x^42-715976433*x^41+141422755642*x^40-36602202227*x^39-2905784587695*x^38+1729227288481*x^37+45379262544219*x^36-39666443608364*x^35-541858292191678*x^34+595695424553456*x^33+4959970117490059*x^32-6313961647217630*x^31-34823182043366810*x^30+48563836758650236*x^29+187446254226801347*x^28-273709651897587686*x^27-773296213913157806*x^26+1130747614625927395*x^25+2444931308171395217*x^24-3402884688078388001*x^23-5916908951809544520*x^22+7367687032866134418*x^21+10885354553931034736*x^20-11243139166768464892*x^19-14944917718274956020*x^18+11713654396192411447*x^17+14791978713699891719*x^16-7953280718374814352*x^15-10024426515494073320*x^14+3299489852635533936*x^13+4350651638642193408*x^12-765134491577538380*x^11-1107223384675771420*x^10+89773075063777912*x^9+144720005772148840*x^8-6094671370873616*x^7-7942535276440272*x^6+244217464772784*x^5+142049307212816*x^4-3033423158208*x^3-981083779648*x^2+10971057664*x+2204683264
computing eigenvectors took 1.899646 sec
For conductor 1, eigenvectors are:
0 -12 -18 16 0 -6 0 12 12 2 18 16 -8 -12 9 21 6 0 6 24 21 6 0 -10 8 -3 -16 -10 -25 3 0 -17 -4 -17 -14 -3 5 -14 5 -5 5 4 8 -2 -8 0 9 3 -9 -5 5 -4 -1 -10 -5 6 1 13 -6 -3 -4 11 -11 0 -10 11 -1 2 4 3 -4 -1 2 -3 -3 -1 -13 0 -2 15 -2 -2 -1 4 -6 21 0 -5 0 8 0 -3 0 -4 1 0 0 2 0 8 6 2 -9 -1 over Number field with defining polynomial x
-1 -1 -1 -1 -1 -1 -1 -1 -1 -1 -1 -1 -1 -1 -1 -1 -1 -1 -1 -1 -1 -1 -1 -1 -1 -1 -1 -1 -1 -1 -1 -1 -1 -1 -1 -1 -1 -1 -1 -1 -1 -1 -1 -1 -1 -1 -1 -1 -1 -1 -1 -1 -1 -1 -1 -1 -1 -1 -1 -1 -1 -1 -1 -1 -1 -1 -1 -1 -1 -1 -1 -1 -1 -1 -1 -1 -1 -1 -1 -1 -1 -1 -1 -1 -1 -1 -1 -1 -1 -1 -1 -1 -1 -1 -1 -1 -1 -1 -1 -1 -1 -1 -1 -1 over Number field with defining polynomial x-15
-546*a^2 + 7560*a - 19656 -12*a^2 - 1044*a + 12744 222*a^2 - 2892*a + 5736 94*a^2 - 1328*a + 3304 78*a^2 - 999*a + 1650 -87*a^2 + 912*a + 192 -162*a^2 + 2868*a - 12360 -66*a^2 + 894*a - 2436 -48*a^2 + 960*a - 4576 -158*a^2 + 1878*a - 1948 -62*a^2 + 972*a - 2824 94*a^2 - 1328*a + 3304 -130*a^2 + 2566*a - 12652 -18*a^2 + 975*a - 8274 78*a^2 - 465*a - 3750 174*a^2 - 2439*a + 6174 -210*a^2 + 3855*a - 17322 126*a^2 - 2520*a + 12012 -39*a^2 - 75*a + 5154 57*a^2 - 1515*a + 9678 174*a^2 - 2439*a + 6174 9*a^2 - 528*a + 4716 -39*a^2 + 459*a - 246 -128*a^2 + 1715*a - 3846 -16*a^2 - 54*a + 2332 158*a^2 - 2110*a + 4520 -112*a^2 + 1564*a - 3992 135*a^2 - 2131*a + 7342 -48*a^2 + 782*a - 2776 55*a^2 - 842*a + 2672 14*a^2 - 217*a + 434 14*a^2 + 139*a - 3166 112*a^2 - 2330*a + 11964 -112*a^2 + 1742*a - 5792 -16*a^2 + 124*a + 532 62*a^2 - 670*a - 4 110*a^2 - 1479*a + 3158 -96*a^2 + 1413*a - 4138 -215*a^2 + 3010*a - 7640 -254*a^2 + 3318*a - 6472 -30*a^2 - 42*a + 4084 -30*a^2 - 220*a + 5884 -48*a^2 + 604*a - 976 -55*a^2 + 966*a - 3700 105*a^2 - 1790*a + 7440 -112*a^2 + 1920*a - 7592 128*a^2 - 1947*a + 6418 87*a^2 - 1144*a + 2380 110*a^2 - 1123*a - 442 142*a^2 - 1781*a + 2866 103*a^2 - 1473*a + 4034 126*a^2 - 1630*a + 3012 -121*a^2 + 2065*a - 8322 30*a^2 - 190*a - 1512 110*a^2 - 1301*a + 1358 -16*a^2 + 302*a - 1268 -64*a^2 + 933*a - 2630 14*a^2 + 317*a - 4966 -39*a^2 + 103*a + 3354 -135*a^2 + 2077*a - 6570 -57*a^2 + 927*a - 3506 -16*a^2 - 54*a + 2332 80*a^2 - 1316*a + 5056 -25*a^2 + 625*a - 3798 48*a^2 - 1014*a + 5348 151*a^2 - 2460*a + 8996 16*a^2 - 534*a + 3840 32*a^2 - 863*a + 5494 14*a^2 + 139*a - 3166 158*a^2 - 2288*a + 6320 -98*a^2 + 1730*a - 7544 -32*a^2 + 97*a + 2478 -112*a^2 + 1386*a - 2192 -176*a^2 + 2702*a - 8808 80*a^2 - 1672*a + 8656 -121*a^2 + 2065*a - 8322 -383*a+3986 -25*a^2 + 625*a - 3798 23*a^2 - 184*a - 636 -112*a^2 + 1742*a - 5792 71*a^2 - 1171*a + 4326 103*a^2 - 1651*a + 5834 62*a^2 - 670*a - 4 7*a^2 - 33*a - 490 25*a^2 - 857*a + 6370 -80*a^2 + 1084*a - 2484 -64*a^2 + 1111*a - 4430 -16*a^2 + 124*a + 532 -89*a^2 + 1585*a - 6814 -80*a^2 + 1084*a - 2484 48*a^2 - 836*a + 3548 23*a^2 - 184*a - 636 -25*a^2 + 447*a - 1998 39*a^2 - 513*a + 1018 39*a^2 - 513*a + 1018 -25*a^2 + 447*a - 1998 48*a^2 - 836*a + 3548 -9*a^2 + 118*a - 344 23*a^2 - 184*a - 636 7*a^2 - 33*a - 490 -32*a^2 + 453*a - 1122 -205*a+2186 -16*a^2 - 54*a + 2332 151*a-1414 over Number field with defining polynomial x^3-19*x^2+96*x-76
a vector of length 104 over Number field with defining polynomial a number field of degree 35
0 120*a^5 - 1440*a^4 + 3240*a^3 - 4800*a^2 - 10560*a + 30720 240*a^5 - 1800*a^4 - 5760*a^3 + 43320*a^2 + 1920*a - 108480 40*a^5 + 640*a^4 - 2600*a^3 - 7360*a^2 + 6720*a + 17920 -900*a^4 + 240*a^3 + 21300*a^2 - 8640*a - 55200 -30*a^5 - 1020*a^4 + 810*a^3 + 17520*a^2 - 6480*a - 28800 900*a^4 - 240*a^3 - 21300*a^2 + 8640*a + 55200 30*a^5 + 480*a^4 - 1950*a^3 - 5520*a^2 + 5040*a + 13440 20*a^5 - 40*a^4 - 2060*a^3 + 4320*a^2 + 2400*a - 1280 -80*a^5 + 480*a^4 + 880*a^3 - 10560*a^2 - 640*a + 24320 60*a^5 + 520*a^4 - 1020*a^3 - 12040*a^2 + 4960*a + 34880 40*a^5 + 640*a^4 - 2600*a^3 - 7360*a^2 + 6720*a + 17920 -60*a^5 + 480*a^4 - 3500*a^3 + 12520*a^2 + 480*a - 31040 -30*a^5 - 480*a^4 + 1950*a^3 + 5520*a^2 - 5040*a - 13440 -120*a^5 + 900*a^4 + 2880*a^3 - 21660*a^2 - 960*a + 54240 -90*a^5 + 480*a^4 + 1170*a^3 - 5880*a^2 - 4560*a + 12480 45*a^5 - 810*a^4 + 2745*a^3 + 1260*a^2 - 4680*a - 4320 0 -60*a^5 + 480*a^4 - 1080*a^3 - 1860*a^2 + 8640*a - 4320 -15*a^5 - 120*a^4 + 3015*a^3 - 8640*a^2 - 2040*a + 26880 -90*a^5 + 480*a^4 + 1170*a^3 - 5880*a^2 - 4560*a + 12480 -390*a^4 + 3270*a^3 - 3000*a^2 - 9840*a + 6720 -105*a^5 + 1290*a^4 - 3825*a^3 - 3120*a^2 + 13320*a -130*a^5 + 720*a^4 + 2590*a^3 - 15340*a^2 - 560*a + 29280 10*a^5 - 100*a^4 + 1530*a^3 - 3840*a^2 - 4880*a + 8960 -110*a^5 + 720*a^4 + 3050*a^3 - 17900*a^2 - 6160*a + 40800 -70*a^5 + 240*a^4 + 2790*a^3 - 9680*a^2 - 4400*a + 26240 -260*a^4 + 1760*a^3 - 4220*a^2 - 2240*a + 14560 40*a^5 + 20*a^4 - 2720*a^3 + 6100*a^2 + 9280*a - 20640 50*a^5 - 320*a^4 - 1990*a^3 + 9380*a^2 + 1520*a - 18720 0 -50*a^5 + 400*a^4 + 2270*a^3 - 13980*a^2 - 3120*a + 32480 110*a^5 - 600*a^4 - 3090*a^3 + 17020*a^2 + 4240*a - 37600 40*a^5 - 140*a^4 - 1740*a^3 + 7840*a^2 + 2400*a - 15360 160*a^4 - 780*a^3 + 620*a^2 + 2080*a + 2720 40*a^5 + 300*a^4 - 1120*a^3 - 6980*a^2 + 6080*a + 18720 60*a^5 - 280*a^4 - 2180*a^3 + 10640*a^2 + 800*a - 27520 30*a^5 - 40*a^4 - 430*a^3 + 1080*a^2 - 400*a - 960 -30*a^5 + 180*a^4 + 1130*a^3 - 8800*a^2 + 1200*a + 16640 30*a^5 - 180*a^4 - 1130*a^3 + 8800*a^2 - 1200*a - 16640 10*a^5 - 320*a^4 + 2970*a^3 - 4340*a^2 - 7440*a + 12960 -40*a^5 + 400*a^4 - 20*a^3 - 3620*a^2 - 160*a + 800 -10*a^5 - 110*a^4 + 160*a^3 + 3640*a^2 - 1600*a - 13120 45*a^5 + 170*a^4 - 1175*a^3 - 2800*a^2 + 4280*a + 5120 20*a^5 - 20*a^4 - 1360*a^3 + 5720*a^2 + 1280*a - 16320 95*a^5 - 880*a^4 - 375*a^3 + 10760*a^2 - 1800*a - 22080 30*a^5 - 40*a^4 - 430*a^3 + 1080*a^2 - 400*a - 960 40*a^5 - 470*a^4 + 1530*a^3 - 500*a^2 - 720*a + 3360 15*a^5 + 110*a^4 - 1305*a^3 + 1540*a^2 + 3080*a - 2720 25*a^5 - 30*a^4 - 1875*a^3 + 6800*a^2 + 1880*a - 16640 15*a^5 - 50*a^4 - 1405*a^3 + 4720*a^2 + 5800*a - 12800 20*a^5 - 60*a^4 + 920*a^3 - 4800*a^2 - 1280*a + 10240 40*a^5 - 430*a^4 + 130*a^3 + 6220*a^2 - 2960*a - 15840 70*a^5 - 160*a^4 - 1430*a^3 + 2080*a^2 + 4720*a - 3840 -60*a^5 - 320*a^4 + 2340*a^3 + 3560*a^2 - 6560*a - 9280 -80*a^5 - 80*a^4 + 2260*a^3 - 1660*a^2 - 5280*a + 3040 -35*a^5 + 200*a^4 + 1675*a^3 - 9440*a^2 - 3800*a + 26880 70*a^5 - 460*a^4 - 1350*a^3 + 9180*a^2 + 1840*a - 22240 5*a^5 - 90*a^4 - 795*a^3 + 5680*a^2 + 2200*a - 14080 -5*a^5 + 10*a^4 + 515*a^3 - 1080*a^2 - 600*a + 320 -15*a^5 + 70*a^4 - 275*a^3 + 1260*a^2 + 280*a - 8160 15*a^5 - 110*a^4 + 135*a^3 + 1040*a^2 + 520*a + 1280 -25*a^5 - 90*a^4 + 2795*a^3 - 9720*a^2 - 4760*a + 20800 -15*a^5 + 140*a^4 + 175*a^3 - 1420*a^2 - 1720*a + 3680 -370*a^4 + 2150*a^3 - 1860*a^2 - 6640*a + 7200 60*a^5 - 750*a^4 + 390*a^3 + 10020*a^2 - 3120*a - 24480 -25*a^5 + 200*a^4 - 1495*a^3 + 4720*a^2 + 3960*a - 12160 -35*a^5 + 300*a^4 - 185*a^3 - 2040*a^2 + 1160*a + 2240 -20*a^5 + 60*a^4 - 920*a^3 + 4800*a^2 + 1280*a - 10240 35*a^5 - 210*a^4 - 1045*a^3 + 5340*a^2 + 2920*a - 11360 20*a^5 - 60*a^4 + 920*a^3 - 4800*a^2 - 1280*a + 10240 25*a^5 + 10*a^4 + 225*a^3 - 2300*a^2 - 1800*a + 6240 60*a^5 - 200*a^4 - 820*a^3 + 3040*a^2 + 1120*a - 5120 30*a^5 - 470*a^4 + 320*a^3 + 4960*a^2 - 2240*a - 7040 60*a^5 - 670*a^4 + 670*a^3 + 5420*a^2 - 4720*a - 10720 40*a^5 - 430*a^4 + 130*a^3 + 6220*a^2 - 2960*a - 15840 -15*a^5 + 320*a^4 - 1405*a^3 + 1380*a^2 + 1640*a - 7200 -15*a^5 + 140*a^4 + 175*a^3 - 1420*a^2 - 1720*a + 3680 -40*a^5 + 210*a^4 + 1310*a^3 - 6720*a^2 + 400*a + 19840 5*a^5 + 40*a^4 - 1885*a^3 + 6680*a^2 + 5480*a - 16320 75*a^5 - 2475*a^3 + 4080*a^2 + 3480*a - 9600 -105*a^5 + 810*a^4 + 2215*a^3 - 18440*a^2 + 840*a + 41920 -50*a^5 + 140*a^4 + 1610*a^3 - 5380*a^2 - 2000*a + 13600 -5*a^5 - 395*a^3 + 3840*a^2 - 2920*a - 10240 35*a^5 - 40*a^4 - 1995*a^3 + 4040*a^2 + 5400*a - 6720 -15*a^5 + 240*a^4 + 735*a^3 - 6840*a^2 - 120*a + 12480 -20*a^5 + 70*a^4 - 670*a^3 + 5100*a^2 - 2640*a - 18400 -35*a^5 + 340*a^4 - 925*a^3 - 540*a^2 + 5160*a + 1760 -5*a^5 - 85*a^4 + 640*a^3 - 1130*a^2 - 1280*a + 5520 -130*a^4 + 110*a^3 + 2400*a^2 - 1840*a - 5760 -15*a^5 + 100*a^4 + 265*a^3 - 2130*a^2 - 1160*a + 5520 20*a^5 - 110*a^4 + 200*a^3 - 190*a^2 + 320*a + 2160 -25*a^5 + 435*a^4 - 590*a^3 - 4780*a^2 + 2800*a + 11040 -25*a^5 - 20*a^4 + 825*a^3 + 420*a^2 - 3400*a - 800 20*a^5 - 255*a^4 - 1055*a^3 + 8810*a^2 + 760*a - 22800 -25*a^5 + 435*a^4 - 590*a^3 - 4780*a^2 + 2800*a + 11040 -15*a^5 + 100*a^4 + 265*a^3 - 2130*a^2 - 1160*a + 5520 -20*a^5 + 365*a^4 - 875*a^3 - 2150*a^2 + 2200*a + 4080 -15*a^4 + 825*a^3 - 3210*a^2 - 840*a + 5520 -20*a^4 - 280*a^3 + 40*a^2 + 2560*a + 1600 -15*a^4 - 155*a^3 + 190*a^2 + 600*a - 2480 -195*a^4 + 445*a^3 + 790*a^2 - 1320*a + 400 -5*a^5 - 15*a^4 + 760*a^3 - 1980*a^2 - 640*a + 4640 255*a^4 - 675*a^3 - 2340*a^2 + 2520*a + 6240 over Number field with defining polynomial x^6-2*x^5-71*x^4+144*x^3+688*x^2-512*x-1472
396*a^3 - 5724*a^2 + 27072*a - 43848 -264*a^3 + 4104*a^2 - 18336*a + 21456 84*a^3 - 1428*a^2 + 7572*a - 12372 -142*a^3 + 2494*a^2 - 13192*a + 21076 240*a^3 - 4236*a^2 + 24162*a - 45042 84*a^3 - 942*a^2 + 1290*a + 5772 -81*a^3 + 1515*a^2 - 10062*a + 22098 75*a^3 - 1779*a^2 + 12810*a - 28716 -32*a^3 + 300*a^2 - 692*a - 288 -32*a^3 + 416*a^2 - 1064*a - 1096 136*a^3 - 1872*a^2 + 7588*a - 8748 84*a^3 - 884*a^2 + 1104*a + 5368 -127*a^3 + 2691*a^2 - 18316*a + 40254 84*a^3 - 1428*a^2 + 7572*a - 12372 84*a^3 - 1428*a^2 + 7572*a - 12372 240*a^3 - 4236*a^2 + 24162*a - 45042 84*a^3 - 1428*a^2 + 7572*a - 12372 -72*a^3 + 1710*a^2 - 12438*a + 28764 -3*a^3 - 210*a^2 + 2805*a - 8148 162*a^3 - 2997*a^2 + 17577*a - 32940 -81*a^3 + 1359*a^2 - 7200*a + 12420 84*a^3 - 1428*a^2 + 7572*a - 12372 -90*a^3 + 1338*a^2 - 5382*a + 4542 -20*a^3 + 878*a^2 - 8816*a + 24326 78*a^3 - 1442*a^2 + 8784*a - 17624 32*a^3 - 330*a^2 - 52*a + 4566 20*a^3 - 468*a^2 + 3512*a - 8760 81*a^3 - 1325*a^2 + 7038*a - 12176 84*a^3 - 1318*a^2 + 6432*a - 9550 -32*a^3 + 688*a^2 - 4298*a + 7774 84*a^3 - 1428*a^2 + 7572*a - 12372 -136*a^3 + 2340*a^2 - 13078*a + 23910 -139*a^3 + 2495*a^2 - 14566*a + 27332 -75*a^3 + 1645*a^2 - 11646*a + 26542 81*a^3 - 1545*a^2 + 9318*a - 17820 -87*a^3 + 1125*a^2 - 3708*a + 1524 17*a^3 - 637*a^2 + 6212*a - 17434 -23*a^3 + 761*a^2 - 7070*a + 18878 81*a^3 - 1111*a^2 + 3990*a - 2902 78*a^3 - 1280*a^2 + 6690*a - 11576 -90*a^3 + 1338*a^2 - 5382*a + 4542 84*a^3 - 1318*a^2 + 6432*a - 9550 179*a^2 - 2175*a + 6170 55*a^3 - 802*a^2 + 3703*a - 5320 -55*a^3 + 1108*a^2 - 7099*a + 14434 26*a^3 - 506*a^2 + 3254*a - 6734 55*a^3 - 1022*a^2 + 5983*a - 10964 -84*a^3 + 1514*a^2 - 8688*a + 15842 -49*a^3 + 1122*a^2 - 8311*a + 19686 101*a^3 - 1810*a^2 + 10631*a - 21058 69*a^2 - 1035*a + 3348 29*a^3 - 227*a^2 - 586*a + 4762 23*a^3 - 623*a^2 + 5000*a - 12182 -29*a^3 + 533*a^2 - 2810*a + 4352 -87*a^3 + 1397*a^2 - 6942*a + 10394 52*a^3 - 867*a^2 + 4495*a - 7542 -107*a^3 + 1882*a^2 - 10535*a + 19276 -93*a^2 + 1059*a - 2700 -93*a^2 + 1059*a - 2700 -61*a^3 + 654*a^2 - 1327*a - 2106 -58*a^3 + 1101*a^2 - 6493*a + 11808 -110*a^3 + 1927*a^2 - 10883*a + 19876 -41*a^2 + 105*a + 526 49*a^3 - 1036*a^2 + 7195*a - 16216 23*a^3 - 513*a^2 + 3860*a - 9360 -78*a^3 + 1638*a^2 - 11040*a + 23916 52*a^3 - 1029*a^2 + 6589*a - 13590 -26*a^3 + 430*a^2 - 2276*a + 4156 26*a^3 - 616*a^2 + 4394*a - 9556 58*a^3 - 853*a^2 + 3283*a - 2290 23*a^3 - 733*a^2 + 6140*a - 15004 -139*a^3 + 2333*a^2 - 12472*a + 21284 136*a^3 - 2202*a^2 + 11008*a - 17214 -55*a^3 + 836*a^2 - 3865*a + 5564 -93*a^2 + 1059*a - 2700 -52*a^3 + 1115*a^2 - 7705*a + 17060 23*a^3 - 623*a^2 + 5000*a - 12182 -52*a^3 + 1277*a^2 - 9799*a + 23108 52*a^3 - 867*a^2 + 4495*a - 7542 -52*a^3 + 1005*a^2 - 6565*a + 14238 52*a^3 - 1087*a^2 + 6775*a - 13186 104*a^3 - 1965*a^2 + 12119*a - 24480 -110*a^3 + 1875*a^2 - 9929*a + 16650 179*a^2 - 2175*a + 6170 58*a^3 - 905*a^2 + 4237*a - 5516 -52*a^3 + 1005*a^2 - 6565*a + 14238 26*a^3 - 616*a^2 + 4394*a - 9556 -3*a^3 + 62*a^2 - 429*a + 722 55*a^3 - 912*a^2 + 4843*a - 8142 26*a^3 - 506*a^2 + 3254*a - 6734 3*a^3 + 76*a^2 - 1641*a + 5974 104*a^3 - 1965*a^2 + 12119*a - 24480 -29*a^3 + 423*a^2 - 1670*a + 1530 3*a^3 + 134*a^2 - 1827*a + 5570 23*a^3 - 623*a^2 + 5000*a - 12182 81*a^3 - 1435*a^2 + 8178*a - 14998 -32*a^3 + 306*a^2 + 76*a - 3918 -84*a^3 + 1404*a^2 - 7548*a + 13020 -58*a^3 + 991*a^2 - 5353*a + 8986 -58*a^3 + 939*a^2 - 4399*a + 5760 127*a^2 - 1221*a + 2944 69*a^2 - 1035*a + 3348 17*a^2 - 81*a + 122 -55*a^3 + 946*a^2 - 5005*a + 8386 over Number field with defining polynomial x^4-20*x^3+135*x^2-338*x+194
a vector of length 104 over Number field with defining polynomial a number field of degree 54
For conductor 17, eigenvectors are:
4 a+5 -a-3 a+3 0 -2 0 2 2 -a-3 2 2 a+3 a+1 -2 -2 2 over Number field with defining polynomial x^2+6*x+1
a vector of length 17 over Number field with defining polynomial a number field of degree 15
For conductor 43, eigenvectors are:
2 1 0 0 0 1 0 -1 -1 0 -1 1 0 1 -1 -1 1 over Number field with defining polynomial x+1
-2*a^2 - 18*a - 16 a^2 + 13*a + 12 2*a^2 + 10*a + 8 -a^2 - 15*a - 36 a^2 + 15*a + 36 2*a^2 + 20*a + 40 -2*a^2 - 10*a - 8 -a^2 - 5*a - 4 2*a^2 + 20*a + 40 a^2 + 15*a + 36 a^2 + 13*a + 12 -a^2 - 5*a - 4 -8*a-8 a^2 + 5*a + 4 -a^2 - 5*a - 4 -10*a-32 -2*a-24 over Number field with defining polynomial x^3+11*x^2+16*x-16
a vector of length 17 over Number field with defining polynomial a number field of degree 13
For conductor 731, eigenvectors are:
0 48 0 0 0 -16 0 36 12 0 0 12 30 24 -6 0 -24 -8 -8 -24 8 0 -8 4 -28 -16 0 -12 -8 8 8 -20 -8 0 -2 -4 -10 -4 20 0 -8 10 -8 -4 8 6 0 -8 0 -12 -12 0 6 -2 10 2 4 8 4 4 -16 -2 -2 6 -18 2 14 -2 14 -12 -8 2 34 -10 -14 -2 1 0 6 -12 -1 6 -7 -1 6 9 -1 -6 -1 -9 3 -1 over Number field with defining polynomial x+1
0 0 0 0 0 0 0 0 0 0 0 0 -6 0 6 0 0 0 0 0 0 0 0 -4 -4 0 0 4 0 0 0 -4 0 0 2 0 2 0 0 0 0 -2 0 0 0 2 0 0 0 0 0 0 -2 -2 2 2 0 0 0 0 0 2 -2 2 2 -2 -2 2 -2 0 0 2 2 -2 -2 -2 -1 0 0 0 -1 0 1 1 0 -1 1 0 1 -1 1 -1 over Number field with defining polynomial x+7
0 -6 0 0 0 8 0 0 3 0 0 3 3 6 3 0 0 1 -2 -3 5 0 -5 1 -4 -1 3 0 1 -1 -1 -2 1 0 1 -1 2 -1 2 -3 1 1 1 -1 -1 3 0 4 0 3 3 3 0 -2 -2 -1 1 -1 1 1 2 1 1 0 0 -1 -1 -2 -1 0 1 -1 -2 2 1 1 1 3 0 0 -1 0 -1 -1 0 3 2 0 -1 0 0 -1 over Number field with defining polynomial x-2
a vector of length 92 over Number field with defining polynomial a number field of degree 37
a vector of length 92 over Number field with defining polynomial a number field of degree 52
For conductor 1:
traces of hecke eigenvalues of T_{p^1} are:
0 -5 25 24 -16 1 -84 200 -12 18 233 -492 285 -535 13 67 919 277 793 -594 687 -1258 22 
computing eigenvalues for k = 1, took 13.412894 sec
traces of hecke eigenvalues of T_{p^2} are:
-1 4 42 -12 
computing eigenvalues for k = 2, took 0.290507 sec
traces of hecke eigenvalues of T_{p^1} are:
15 40 156 400 1464 2380 7240 12720 25260 30784 52060 70644 106080 151740 208920 230764 305320 363024 394420 499360 578760 712980 922180 
computing eigenvalues for k = 1, took 125.869439 sec
traces of hecke eigenvalues of T_{p^2} are:
30 120 780 2800 
computing eigenvalues for k = 2, took 5.918442 sec
traces of hecke eigenvalues of T_{p^1} are:
19 40 82 190 368 576 1220 1798 2154 3206 4574 4872 7408 8888 11256 11262 14676 14934 17044 18366 18520 23860 28248 
computing eigenvalues for k = 1, took 127.973466 sec
traces of hecke eigenvalues of T_{p^2} are:
12 40 24 320 
computing eigenvalues for k = 2, took 5.889159 sec
traces of hecke eigenvalues of T_{p^1} are:
206 422 1056 1934 4590 6066 12958 19254 29858 34244 48248 60732 77962 97996 122190 129592 154866 177150 187908 217018 243360 278672 330966 
computing eigenvalues for k = 1, took 127.848211 sec
traces of hecke eigenvalues of T_{p^2} are:
93 288 876 1472 
computing eigenvalues for k = 2, took 5.717994 sec
traces of hecke eigenvalues of T_{p^1} are:
2 8 44 -40 -122 138 -68 422 -912 -98 712 -834 2972 4102 564 1296 2418 -3360 -3580 -240 -310 -3544 -1122 
computing eigenvalues for k = 1, took 13.590061 sec
traces of hecke eigenvalues of T_{p^2} are:
18 48 112 200 
computing eigenvalues for k = 2, took 0.282591 sec
traces of hecke eigenvalues of T_{p^1} are:
20 37 93 204 466 726 1619 2105 3381 4099 5175 6397 9043 10228 14976 15500 18334 20916 22236 26375 26908 31302 36259 
computing eigenvalues for k = 1, took 125.592330 sec
traces of hecke eigenvalues of T_{p^2} are:
0 -12 -66 32 
computing eigenvalues for k = 2, took 5.824060 sec
traces of hecke eigenvalues of T_{p^1} are:
-3 40 -2 -123 643 -431 667 810 1127 692 -2959 4747 2318 1702 9479 -3237 -2519 10638 -4077 -2903 10034 4979 -4417 
computing eigenvalues for k = 1, took 14.212754 sec
traces of hecke eigenvalues of T_{p^2} are:
-29 -126 -241 -537 
computing eigenvalues for k = 2, took 0.378494 sec
For conductor 17:
traces of hecke eigenvalues of T_{p^1} are:
-6 -16 32 -84 -70 -90 156 -74 60 -530 -116 -766 1140 1802 268 708 -834 -2268 -1028 -652 3006 -2616 -958 
computing eigenvalues for k = 1, took 409.557181 sec
traces of hecke eigenvalues of T_{p^2} are:
6 16 72 208 
computing eigenvalues for k = 2, took 0.611299 sec
traces of hecke eigenvalues of T_{p^1} are:
-45 -82 -130 -117 -423 142 -306 -353 -1420 -303 583 -434 -1674 -969 -2576 -388 -592 407 2656 -964 -4915 -4377 4380 
computing eigenvalues for k = 1, took 411.728623 sec
traces of hecke eigenvalues of T_{p^2} are:
18 38 -43 -95 
computing eigenvalues for k = 2, took 0.587575 sec
For conductor 43:
traces of hecke eigenvalues of T_{p^1} are:
-1 -8 4 -30 15 -21 -108 143 6 -355 -358 67 124 223 -680 -126 -123 760 -226 -198 -447 730 297 
computing eigenvalues for k = 1, took 405.325756 sec
traces of hecke eigenvalues of T_{p^2} are:
1 2 -30 38 
computing eigenvalues for k = 2, took 0.608577 sec
traces of hecke eigenvalues of T_{p^1} are:
-11 -14 -68 22 71 -165 -34 73 -978 137 356 321 1204 -493 -1488 282 405 24 1276 -2490 1339 -1238 1767 
computing eigenvalues for k = 1, took 401.295678 sec
traces of hecke eigenvalues of T_{p^2} are:
7 16 104 144 
computing eigenvalues for k = 2, took 0.600586 sec
traces of hecke eigenvalues of T_{p^1} are:
-39 -60 -124 -73 -347 90 2 -361 -630 -161 697 -840 -2344 -899 -1508 -1398 -1006 -4081 3176 32 -2869 -759 2336 
computing eigenvalues for k = 1, took 398.928653 sec
traces of hecke eigenvalues of T_{p^2} are:
16 12 29 -97 
computing eigenvalues for k = 2, took 0.607871 sec
For conductor 731:
traces of hecke eigenvalues of T_{p^1} are:
-1 0 12 28 -35 -41 -4 -113 -150 -7 272 327 296 -89 216 74 701 156 -292 -1138 433 -184 77 
computing eigenvalues for k = 1, took 147.612291 sec
traces of hecke eigenvalues of T_{p^2} are:
-1 -6 18 62 
computing eigenvalues for k = 2, took 0.891866 sec
traces of hecke eigenvalues of T_{p^1} are:
-7 -14 -14 -28 9 -123 78 -83 -144 -203 -58 -137 476 53 -456 232 -685 -566 508 -1116 2001 -1130 297 
computing eigenvalues for k = 1, took 204.887805 sec
traces of hecke eigenvalues of T_{p^2} are:
9 24 0 48 
computing eigenvalues for k = 2, took 0.834722 sec
traces of hecke eigenvalues of T_{p^1} are:
2 3 -9 -8 -38 7 -46 -20 -96 86 -55 216 -91 -269 -183 -883 647 273 -1315 -112 1171 -910 128 
computing eigenvalues for k = 1, took 147.104301 sec
traces of hecke eigenvalues of T_{p^2} are:
-1 -12 -18 -16 
computing eigenvalues for k = 2, took 0.882890 sec
traces of hecke eigenvalues of T_{p^1} are:
218 428 1046 1998 4832 6518 13726 20086 31104 36320 50342 62808 82802 105132 129614 135386 169042 189114 196996 230506 258196 293124 350306 
computing eigenvalues for k = 1, took 241.244750 sec
traces of hecke eigenvalues of T_{p^2} are:
99 232 504 1184 
computing eigenvalues for k = 2, took 5.596483 sec
traces of hecke eigenvalues of T_{p^1} are:
-3 27 63 -177 579 -427 702 1317 614 195 -1516 3404 4249 690 10671 2297 -3827 9134 317 676 7384 1469 -9170 
computing eigenvalues for k = 1, took 147.502535 sec
traces of hecke eigenvalues of T_{p^2} are:
-45 -82 -257 -355 
computing eigenvalues for k = 2, took 0.926769 sec
