constructing eigenvector for poly
x^8+18*x^7+x^6-920*x^5-1549*x^4+14776*x^3+27976*x^2-73824*x-132752
constructing eigenvector for poly
x-40
constructing eigenvector for poly
x+2
constructing eigenvector for poly
x-8
constructing eigenvector for poly
x+6
constructing eigenvector for poly
x^2-x-3
constructing eigenvector for poly
x^2+8*x-2
constructing eigenvector for poly
x^7-75*x^6+2289*x^5-36510*x^4+324648*x^3-1585896*x^2+3893756*x-3720144
constructing eigenvector for poly
x^4-52*x^3+960*x^2-7384*x+20164
constructing eigenvector for poly
x^4-92*x^3+2880*x^2-35144*x+145924
constructing eigenvector for poly
x^4-180*x^3+11424*x^2-299160*x+2762244
constructing eigenvector for poly
x^4-548*x^3+111750*x^2-10048676*x+336245569
constructing eigenvector for poly
x^4-508*x^3+95910*x^2-7974076*x+246395809
constructing eigenvector for poly
x^4-1252*x^3+586638*x^2-121921012*x+9483059161
constructing eigenvector for poly
x^4-976*x^3+357192*x^2-58095424*x+3543106576
constructing eigenvector for poly
x^8-74*x^7+2327*x^6-40398*x^5+420593*x^4-2665344*x^3+9928088*x^2-19629728*x+15713296
constructing eigenvector for poly
x^8-186*x^7+14919*x^6-673662*x^5+18723665*x^4-327972192*x^3+3536232216*x^2-21465532704*x+56193650704
constructing eigenvector for poly
x^8-408*x^7+71320*x^6-6967872*x^5+415605840*x^4-15476319360*x^3+350886443008*x^2-4423075931136*x+23715497460736
constructing eigenvector for poly
x^8-932*x^7+372646*x^6-83605148*x^5+11530537137*x^4-1002605834104*x^3+53751900605296*x^2-1626539904823936*x+21292585697323264
constructing eigenvector for poly
x^8-1452*x^7+921350*x^6-333690948*x^5+75444938065*x^4-10903535790360*x^3+983652342754608*x^2-50643076003438464*x+1139210269624740096
constructing eigenvector for poly
x^8-2034*x^7+1767081*x^6-858054234*x^5+255289314260*x^4-47759505046938*x^3+5497157457656409*x^2-356510132755534290*x+9988236732676649329
constructing eigenvector for poly
x^8-3238*x^7+4569211*x^6-3669935254*x^5+1834992574425*x^4-584875831240856*x^3+116050888413773704*x^2-13106283398946414848*x+645042749377331843344
constructing eigenvector for poly
x+2
constructing eigenvector for poly
x+2
constructing eigenvector for poly
x^3+9*x^2-21*x-38
constructing eigenvector for poly
x+10
constructing eigenvector for poly
x+10
constructing eigenvector for poly
x^5-49*x^4+887*x^3-7208*x^2+24950*x-26764
constructing eigenvector for poly
x-2
constructing eigenvector for poly
x+10
constructing eigenvector for poly
x^2+9*x+17
constructing eigenvector for poly
x^3+9*x^2-21*x-38
constructing eigenvector for poly
x^3+3*x^2-25*x+22
constructing eigenvector for poly
x^6-75*x^5+2265*x^4-35010*x^3+289362*x^2-1195932*x+1885928
constructing eigenvector for poly
x^2-16*x+64
constructing eigenvector for poly
x^2-32*x+256
constructing eigenvector for poly
x^2-84*x+1764
constructing eigenvector for poly
x^2-242*x+14641
constructing eigenvector for poly
x^2-346*x+29929
constructing eigenvector for poly
x^2-630*x+99225
constructing eigenvector for poly
x^2-668*x+111556
constructing eigenvector for poly
x+2
constructing eigenvector for poly
x+2
computing eigenvectors took 101.561028 sec
For conductor 1, eigenvectors are:
-12*a^7 - 264*a^6 + 36*a^5 + 9528*a^4 + 5508*a^3 - 85032*a^2 - 33360*a + 93984 12*a^7 + 264*a^6 - 36*a^5 - 9528*a^4 - 5508*a^3 + 85032*a^2 + 33360*a - 93984 30*a^7 + 300*a^6 - 1854*a^5 - 12624*a^4 + 37074*a^3 + 145452*a^2 - 190440*a - 488880 0 3*a^7 + 24*a^6 - 372*a^5 - 1137*a^4 + 12702*a^3 + 23004*a^2 - 109656*a - 171936 6*a^7 + 72*a^6 - 219*a^5 - 2145*a^4 + 6681*a^3 + 24318*a^2 - 55764*a - 100392 4*a^7 + 26*a^6 - 566*a^5 - 2298*a^4 + 14940*a^3 + 43688*a^2 - 104144*a - 220160 -4*a^7 - 82*a^6 + 166*a^5 + 3034*a^4 - 4724*a^3 - 35208*a^2 + 36016*a + 124544 0 -6*a^7 - 82*a^6 + 88*a^5 + 2538*a^4 + 810*a^3 - 16580*a^2 - 11944*a + 5104 -12*a^7 - 88*a^6 + 1024*a^5 + 5060*a^4 - 21656*a^3 - 71136*a^2 + 126048*a + 274240 -4*a^7 + 2*a^6 + 206*a^5 + 186*a^4 - 1936*a^3 - 2848*a^2 + 5280*a + 14816 -12*a^7 - 106*a^6 + 938*a^5 + 5518*a^4 - 21600*a^3 - 81744*a^2 + 145440*a + 359520 -10*a^7 - 100*a^6 + 618*a^5 + 4208*a^4 - 12358*a^3 - 48484*a^2 + 63480*a + 162960 34*a^6 - 20*a^5 - 1604*a^4 + 270*a^3 + 18996*a^2 + 1160*a - 57616 6*a^7 + 116*a^6 - 108*a^5 - 4142*a^4 - 540*a^3 + 35576*a^2 + 13104*a - 62720 12*a^7 + 112*a^6 - 328*a^5 - 4428*a^4 + 2232*a^3 + 52032*a^2 - 9824*a - 131648 6*a^7 + 90*a^6 - 209*a^5 - 3627*a^4 + 1913*a^3 + 36638*a^2 - 3988*a - 70984 8*a^7 + 94*a^6 - 552*a^5 - 4276*a^4 + 13162*a^3 + 58476*a^2 - 90728*a - 242032 -4*a^7 - 66*a^6 + 178*a^5 + 2450*a^4 - 3964*a^3 - 25456*a^2 + 30000*a + 88672 -4*a^7 - 38*a^6 + 378*a^5 + 2082*a^4 - 9072*a^3 - 29696*a^2 + 64064*a + 136480 4*a^7 + 44*a^6 - 204*a^5 - 1924*a^4 + 4216*a^3 + 24920*a^2 - 35008*a - 100832 -6*a^7 - 107*a^6 + 219*a^5 + 4429*a^4 - 2048*a^3 - 46136*a^2 + 3408*a + 99792 8*a^6 - 121*a^5 - 1089*a^4 + 2723*a^3 + 20058*a^2 - 15932*a - 65880 -14*a^6 + 180*a^5 + 1056*a^4 - 6502*a^3 - 20420*a^2 + 49432*a + 102672 4*a^7 + 72*a^6 - 4*a^5 - 2292*a^4 - 892*a^3 + 20680*a^2 - 944*a - 53024 8*a^6 + 175*a^5 + 43*a^4 - 6241*a^3 - 7230*a^2 + 54516*a + 81160 -3*a^7 - 40*a^6 + 22*a^5 + 1051*a^4 - 220*a^3 - 8544*a^2 + 624*a + 9616 -12*a^6 - 348*a^5 - 316*a^4 + 9712*a^3 + 9552*a^2 - 58112*a - 71296 9*a^6 + 111*a^5 + 287*a^4 - 2588*a^3 - 10560*a^2 + 16512*a + 37072 16*a^6 - 216*a^5 - 1200*a^4 + 7164*a^3 + 21176*a^2 - 50256*a - 103200 -12*a^6 - 416*a^5 - 832*a^4 + 12272*a^3 + 25416*a^2 - 84320*a - 151008 -22*a^6 + 42*a^5 + 1042*a^4 - 2308*a^3 - 16400*a^2 + 21200*a + 67552 6*a^6 + 242*a^5 + 674*a^4 - 7416*a^3 - 20640*a^2 + 55264*a + 115360 -17*a^6 + 10*a^5 + 802*a^4 - 135*a^3 - 9498*a^2 - 580*a + 28808 over Number field with defining polynomial x^8+18*x^7+x^6-920*x^5-1549*x^4+14776*x^3+27976*x^2-73824*x-132752
-1 -1 -1 -1 -1 -1 -1 -1 -1 -1 -1 -1 -1 -1 -1 -1 -1 -1 -1 -1 -1 -1 -1 -1 -1 -1 -1 -1 -1 -1 -1 -1 -1 -1 -1 over Number field with defining polynomial x-40
0 0 0 0 -3 3 -2 2 0 0 0 2 -2 0 -4 0 0 0 0 1 -1 1 0 2 0 -1 -1 1 0 2 1 -1 -1 1 -1 over Number field with defining polynomial x+2
27 15 -9 -21 3 15 7 15 7 3 -1 -13 -5 3 3 7 -5 3 -5 -1 3 -1 -1 -1 3 3 3 -9 3 -1 3 -1 -5 -1 -5 over Number field with defining polynomial x-8
0 0 0 0 -3 3 2 -2 0 0 0 -2 2 0 0 0 0 0 0 1 -1 -1 0 0 0 1 -1 1 0 0 1 -1 1 -1 0 over Number field with defining polynomial x+6
0 0 0 0 3*a+6 -3*a-6 -2*a+2 2*a-2 0 6*a-6 0 2*a-2 -2*a+2 0 6 -6*a-12 0 3*a+6 0 2*a+4 -2*a-4 -2*a+2 -3*a+3 -3*a 0 2*a-2 a+2 -a-2 0 3*a+3 2*a+4 -2*a-4 2*a-2 -2*a+2 -3 over Number field with defining polynomial x^2-x-3
-6*a-24 6*a+24 -18 0 -3*a-12 9 a-8 -12 0 6 2*a-4 -a-4 -2*a-8 6 6 0 -2*a-8 -a-7 a+10 a+4 -a-7 a+4 a+4 -a-1 6 -a-7 2*a+11 -a-10 6 a+4 -a-7 a+4 a+10 -a-1 -3 over Number field with defining polynomial x^2+8*x-2
-12*a^5 + 588*a^4 - 10884*a^3 + 94224*a^2 - 378768*a + 569280 -4*a^6 + 272*a^5 - 7408*a^4 + 102092*a^3 - 736312*a^2 + 2561888*a - 3267072 -12*a^5 + 696*a^4 - 15456*a^3 + 161508*a^2 - 768504*a + 1230240 2*a^6 - 130*a^5 + 3410*a^4 - 45604*a^3 + 321044*a^2 - 1091560*a + 1348896 -3*a^5 + 231*a^4 - 6015*a^3 + 68190*a^2 - 332346*a + 530520 -9*a^5 + 519*a^4 - 11187*a^3 + 110508*a^2 - 484578*a + 721464 -a^6 + 71*a^5 - 2007*a^4 + 28616*a^3 - 213894*a^2 + 778064*a - 1045664 -a^6 + 61*a^5 - 1461*a^4 + 17338*a^3 - 105750*a^2 + 310624*a - 350816 2*a^6 - 119*a^5 + 2803*a^4 - 33293*a^3 + 210214*a^2 - 671270*a + 816392 -a^5 + 73*a^4 - 2137*a^3 + 29398*a^2 - 177358*a + 319720 2*a^6 - 146*a^5 + 4234*a^4 - 61844*a^3 + 472540*a^2 - 1747640*a + 2360096 -a^6 + 71*a^5 - 1991*a^4 + 27872*a^3 - 201374*a^2 + 692264*a - 872512 -a^6 + 61*a^5 - 1445*a^4 + 16594*a^3 - 93230*a^2 + 224824*a - 177664 4*a^5 - 232*a^4 + 5152*a^3 - 53836*a^2 + 256168*a - 410080 -2*a^6 + 125*a^5 - 3069*a^4 + 37415*a^3 - 235110*a^2 + 710810*a - 809464 7*a^5 - 339*a^4 + 6259*a^3 - 54294*a^2 + 216898*a - 312792 -2*a^6 + 134*a^5 - 3582*a^4 + 48440*a^3 - 344532*a^2 + 1197008*a - 1553728 2*a^6 - 129*a^5 + 3319*a^4 - 43149*a^3 + 294676*a^2 - 983118*a + 1226792 a^6 - 61*a^5 + 1453*a^4 - 16966*a^3 + 99490*a^2 - 267724*a + 264240 7*a^5 - 319*a^4 + 5467*a^3 - 43390*a^2 + 156238*a - 196168 11*a^5 - 577*a^4 + 11573*a^3 - 109216*a^2 + 471446*a - 700072 -3*a^5 + 183*a^4 - 4275*a^3 + 47034*a^2 - 236022*a + 397608 7*a^5 - 383*a^4 + 7795*a^3 - 72014*a^2 + 292078*a - 413864 -11*a^5 + 589*a^4 - 11993*a^3 + 113860*a^2 - 489206*a + 730120 a^6 - 71*a^5 + 1999*a^4 - 28244*a^3 + 207634*a^2 - 735164*a + 959088 a^5 - 75*a^4 + 1831*a^3 - 18792*a^2 + 79186*a - 106296 -a^5 + 19*a^4 + 281*a^3 - 8624*a^2 + 60038*a - 113192 5*a^5 - 269*a^4 + 5453*a^3 - 50942*a^2 + 212270*a - 304136 6*a^5 - 326*a^4 + 6702*a^3 - 64004*a^2 + 275316*a - 403184 -2*a^6 + 133*a^5 - 3525*a^4 + 47347*a^3 - 336522*a^2 + 1180246*a - 1543048 -3*a^5 + 113*a^4 - 1269*a^3 + 1544*a^2 + 40890*a - 120088 -7*a^5 + 371*a^4 - 7375*a^3 + 67370*a^2 - 274318*a + 383816 -5*a^5 + 281*a^4 - 6029*a^3 + 60638*a^2 - 276314*a + 422552 -a^5 + 23*a^4 + 77*a^3 - 5188*a^2 + 38894*a - 81352 -3*a^5 + 133*a^4 - 2061*a^3 + 12448*a^2 - 19770*a - 3464 over Number field with defining polynomial x^7-75*x^6+2289*x^5-36510*x^4+324648*x^3-1585896*x^2+3893756*x-3720144
-4*a+968 -4*a+968 -8 -4*a+968 -a+244 -a+244 a-242 a-242 -2 -2 0 a-242 a-242 -8 -2 -2 0 -2 a-242 2 2 2 -2 -2 a-242 2 -a+244 -a+244 0 -2 2 2 2 2 -2 over Number field with defining polynomial x^2-488*x+59524
36*a^3 - 45240*a^2 + 18759024*a - 2560822944 36*a^3 - 45240*a^2 + 18759024*a - 2560822944 -756*a^2 + 586530*a - 109260468 36*a^3 - 45240*a^2 + 18759024*a - 2560822944 15*a^3 - 19572*a^2 + 8434368*a - 1198468008 -30*a^3 + 37623*a^2 - 15596997*a + 2133629502 -8*a^3 + 10882*a^2 - 4793700*a + 681401920 22*a^3 - 29008*a^2 + 12524630*a - 1765176220 35*a^3 - 43023*a^2 + 17448943*a - 2329500474 -25*a^3 + 32367*a^2 - 13760547*a + 1914751186 170*a^2 - 156828*a + 35400656 -8*a^3 + 10002*a^2 - 4144990*a + 568812020 22*a^3 - 28128*a^2 + 11875920*a - 1652586320 -756*a^2 + 586530*a - 109260468 -15*a^3 + 19067*a^2 - 8048977*a + 1127876846 5*a^3 - 6643*a^2 + 2909073*a - 419237054 170*a^2 - 156828*a + 35400656 -25*a^3 + 31522*a^2 - 13098547*a + 1788688326 22*a^3 - 28568*a^2 + 12200275*a - 1708881270 15*a^3 - 18561*a^2 + 7563062*a - 1011299584 -15*a^3 + 18729*a^2 - 7704038*a + 1041058336 -15*a^3 + 19134*a^2 - 8041683*a + 1110826246 -10*a^3 + 12017*a^2 - 4763737*a + 621694206 15*a^3 - 19028*a^2 + 7985223*a - 1106994454 -8*a^3 + 10442*a^2 - 4469345*a + 625106970 15*a^3 - 18966*a^2 + 7900707*a - 1081067494 -507*a^2 + 423913*a - 87768838 -15*a^3 + 18558*a^2 - 7586542*a + 1022930332 170*a^2 - 156828*a + 35400656 477*a^2 - 349587*a + 59999666 -371*a^2 + 293127*a - 56167874 539*a^2 - 434103*a + 85926626 -776*a^2 + 630772*a - 125935784 944*a^2 - 771748*a + 155694536 442*a^2 - 362877*a + 73472626 over Number field with defining polynomial x^4-1619*x^3+974025*x^2-258021152*x+25397691812
For conductor 2, eigenvectors are:
1 over Number field with defining polynomial x+2
For conductor 43, eigenvectors are:
2 -1 1 -1 1 0 over Number field with defining polynomial x+2
-a^2 - 2*a - 4 -a^2 + 2*a + 6 -a+8 -a^2 - 3*a + 4 4*a+10 5*a+2 over Number field with defining polynomial x^3+9*x^2-21*x-38
0 -1 1 1 -1 1 over Number field with defining polynomial x+10
0 -1 -1 1 1 0 over Number field with defining polynomial x+10
For conductor 86, eigenvectors are:
3*a^4 - 126*a^3 + 1854*a^2 - 11274*a + 23760 9*a^3 - 276*a^2 + 2625*a - 7566 6*a^3 - 231*a^2 + 2742*a - 9522 -a^4 + 45*a^3 - 747*a^2 + 5462*a - 14472 -3*a^4 + 101*a^3 - 1016*a^2 + 2669*a + 2034 -3*a^4 + 117*a^3 - 1558*a^2 + 8323*a - 15298 3*a^3 - 110*a^2 + 1220*a - 4508 -3*a^4 + 119*a^3 - 1625*a^2 + 9074*a - 18024 a^4 - 42*a^3 + 618*a^2 - 3758*a + 7920 a^4 - 37*a^3 + 476*a^2 - 2635*a + 5806 a^4 - 33*a^3 + 342*a^2 - 1133*a + 354 -15*a^3 + 518*a^2 - 5372*a + 16388 -a^4 + 34*a^3 - 337*a^2 + 768*a + 1194 a^4 - 36*a^3 + 444*a^2 - 2171*a + 3324 3*a^4 - 120*a^3 + 1660*a^2 - 9361*a + 18268 8*a^3 - 271*a^2 + 2827*a - 8666 -a^4 + 40*a^3 - 541*a^2 + 2844*a - 4746 a^4 - 37*a^3 + 439*a^2 - 1806*a + 1776 2*a^3 - 77*a^2 + 914*a - 3174 3*a^3 - 92*a^2 + 875*a - 2522 -9*a^3 + 314*a^2 - 3296*a + 10448 2*a^3 - 67*a^2 + 751*a - 2726 a^4 - 36*a^3 + 404*a^2 - 1519*a + 1532 -a^4 + 48*a^3 - 812*a^2 + 5671*a - 13412 -3*a^3 + 102*a^2 - 1038*a + 2970 over Number field with defining polynomial x^5-49*x^4+887*x^3-7208*x^2+24950*x-26764
0 0 0 0 0 -2 2 0 0 0 -2 -2 0 1 -1 0 2 0 0 0 2 2 1 -1 0 over Number field with defining polynomial x-2
0 3 3 2 0 0 4 -2 0 4 0 4 0 -1 -1 0 2 2 1 1 0 -2 -1 -1 -1 over Number field with defining polynomial x+10
0 -3*a-21 -3*a-21 6 0 4*a+22 4*a+16 -6 0 -2*a-8 -2*a-2 4*a+16 -a-1 2*a+8 2*a+8 2*a+11 a+7 6 -a-7 -a-7 0 3 2*a+8 2*a+8 -a-4 over Number field with defining polynomial x^2+9*x+17
6*a^2 - 24*a - 192 -21*a-210 6*a^2 + 81*a + 102 -2*a^2 - 48*a + 8 0 4*a^2 + 26*a - 44 14*a-28 4*a^2 - 2*a + 12 2*a^2 - 8*a - 64 2*a^2 + 6*a + 76 6*a^2 + 60*a - 24 14*a-28 3*a^2 + 30*a - 12 -3*a^2 - 23*a + 82 3*a^2 + 16*a + 16 2*a^2 + 13*a - 22 3*a^2 + 16*a + 16 -3*a^2 - 23*a - 2 2*a^2 + 27*a + 34 -7*a-70 0 2*a^2 + 27*a - 50 4*a^2 + 33*a - 58 -2*a^2 - 6*a + 8 7*a-14 over Number field with defining polynomial x^3+9*x^2-21*x-38
0 6*a+6 6*a+6 -8*a+20 0 -2*a^2 - 10*a + 34 -2*a^2 - 2*a + 14 8*a-20 0 -4*a+24 -2*a^2 - 6*a + 10 2*a^2 + 2*a - 14 2*a^2 + 12*a - 32 a^2 + 1*a - 7 -a^2 - 1*a + 7 2*a^2 + 10*a - 20 -2*a-2 8*a-20 -6*a-6 -6*a-6 -2*a^2 - 2*a + 14 -4*a+10 a^2 + 1*a - 7 -a^2 - 1*a + 7 -2*a+12 over Number field with defining polynomial x^3+3*x^2-25*x+22
6*a^4 - 318*a^3 + 6222*a^2 - 53628*a + 174528 -9*a^4 + 435*a^3 - 7479*a^2 + 53232*a - 129096 a^5 - 59*a^4 + 1321*a^3 - 13718*a^2 + 63454*a - 96296 a^5 - 65*a^4 + 1653*a^3 - 20494*a^2 + 123500*a - 288960 -2*a^5 + 121*a^4 - 2803*a^3 + 30597*a^2 - 153096*a + 264908 5*a^4 - 271*a^3 + 5359*a^2 - 45508*a + 138668 2*a^4 - 86*a^3 + 1182*a^2 - 4832*a - 4024 -a^5 + 65*a^4 - 1653*a^3 + 20494*a^2 - 123500*a + 288960 -6*a^4 + 318*a^3 - 6222*a^2 + 53628*a - 174528 -2*a^5 + 129*a^4 - 3207*a^3 + 37993*a^2 - 211156*a + 431204 -3*a^4 + 133*a^3 - 2037*a^2 + 12552*a - 27628 -2*a^4 + 86*a^3 - 1182*a^2 + 4832*a + 4024 a^5 - 61*a^4 + 1451*a^3 - 16796*a^2 + 94470*a - 205812 a^4 - 69*a^3 + 1661*a^2 - 16478*a + 55520 -a^4 + 69*a^3 - 1661*a^2 + 16478*a - 55520 -a^5 + 64*a^4 - 1554*a^3 + 17499*a^2 - 87656*a + 142244 a^5 - 65*a^4 + 1623*a^3 - 19160*a^2 + 104134*a - 197764 -a^5 + 65*a^4 - 1653*a^3 + 20494*a^2 - 123500*a + 288960 -a^5 + 59*a^4 - 1321*a^3 + 13718*a^2 - 63454*a + 96296 9*a^4 - 435*a^3 + 7479*a^2 - 53232*a + 129096 2*a^4 - 86*a^3 + 1182*a^2 - 4832*a - 4024 -a^5 + 60*a^4 - 1382*a^3 + 15135*a^2 - 77992*a + 150292 a^4 - 69*a^3 + 1661*a^2 - 16478*a + 55520 -a^4 + 69*a^3 - 1661*a^2 + 16478*a - 55520 4*a^4 - 202*a^3 + 3698*a^2 - 29030*a + 83148 over Number field with defining polynomial x^6-75*x^5+2265*x^4-35010*x^3+289362*x^2-1195932*x+1885928
0 -3 -3 -2 -4 -2 2 2 0 0 2 2 -2 -2 -2 2 0 -2 -1 -1 0 0 -2 -2 0 over Number field with defining polynomial x-334
54 -18 9 0 0 -12 6 0 18 6 6 6 3 3 -15 -6 -3 0 3 -6 0 0 3 21 3 over Number field with defining polynomial x+2
-18 0 -9 12 0 -12 6 12 -6 6 6 6 3 -3 3 -6 -3 0 -3 0 0 0 9 3 3 over Number field with defining polynomial x+2
For conductor 1:
traces of hecke eigenvalues of T_{p^1} are:
-18 19 -73 165 -8 80 -231 -160 102 -164 512 994 -861 -59 1697 -1036 309 847 -396 155 2336 3132 -864 
computing eigenvalues for k = 1, took 11.879355 sec
traces of hecke eigenvalues of T_{p^2} are:
-6 -93 -129 
computing eigenvalues for k = 2, took 0.235252 sec
traces of hecke eigenvalues of T_{p^1} are:
40 156 400 1464 2380 5220 7240 12720 25260 30784 52060 70644 106080 151740 208920 230764 305320 363024 394420 499360 578760 712980 922180 
computing eigenvalues for k = 1, took 11.866733 sec
traces of hecke eigenvalues of T_{p^2} are:
120 780 2800 
computing eigenvalues for k = 2, took 0.234888 sec
traces of hecke eigenvalues of T_{p^1} are:
-2 -12 8 1 35 -51 72 71 -122 5 -76 21 30 267 446 422 435 -556 -2 246 231 -796 -21 
computing eigenvalues for k = 1, took 30.958773 sec
traces of hecke eigenvalues of T_{p^2} are:
-6 24 -42 
computing eigenvalues for k = 2, took 0.218389 sec
traces of hecke eigenvalues of T_{p^1} are:
8 28 80 88 204 356 424 496 1068 832 1244 1524 2784 2620 2872 4332 4744 5840 5556 5664 7208 8724 9028 
computing eigenvalues for k = 1, took 11.876096 sec
traces of hecke eigenvalues of T_{p^2} are:
-8 12 240 
computing eigenvalues for k = 2, took 0.240654 sec
traces of hecke eigenvalues of T_{p^1} are:
-6 -14 0 67 -55 -9 66 3 216 -197 -82 -281 -84 129 248 -112 -179 226 -700 -1056 327 2494 -647 
computing eigenvalues for k = 1, took 30.887674 sec
traces of hecke eigenvalues of T_{p^2} are:
0 16 -80 
computing eigenvalues for k = 2, took 0.226402 sec
traces of hecke eigenvalues of T_{p^1} are:
1 -14 -25 89 -56 21 -42 173 109 255 -347 139 -108 135 -227 -920 277 447 -540 1068 -534 -114 -1889 
computing eigenvalues for k = 1, took 30.935345 sec
traces of hecke eigenvalues of T_{p^2} are:
-6 -11 55 
computing eigenvalues for k = 2, took 0.216038 sec
traces of hecke eigenvalues of T_{p^1} are:
-8 16 20 -110 70 270 12 -66 396 -506 -324 -478 1620 682 -1572 1588 510 604 -1444 -996 1966 360 -1150 
computing eigenvalues for k = 1, took 11.875327 sec
traces of hecke eigenvalues of T_{p^2} are:
16 40 0 
computing eigenvalues for k = 2, took 0.233367 sec
traces of hecke eigenvalues of T_{p^1} are:
75 207 360 927 1209 2222 2437 3558 5649 6456 9665 12026 14167 19847 24320 26068 29865 33486 37180 42567 47429 57496 68830 
computing eigenvalues for k = 1, took 11.858771 sec
traces of hecke eigenvalues of T_{p^2} are:
20 150 80 
computing eigenvalues for k = 2, took 0.234479 sec
traces of hecke eigenvalues of T_{p^1} are:
26 46 90 274 254 626 488 1318 1634 1790 3048 3234 4672 5910 7148 6570 9702 10152 9330 13308 14326 16746 18686 
computing eigenvalues for k = 1, took 11.844441 sec
traces of hecke eigenvalues of T_{p^2} are:
24 -36 -80 
computing eigenvalues for k = 2, took 0.236046 sec
traces of hecke eigenvalues of T_{p^1} are:
37 93 204 466 726 1017 1619 2105 3381 4099 5175 6397 9043 10228 14976 15500 18334 20916 22236 26375 26908 31302 36259 
computing eigenvalues for k = 1, took 11.871860 sec
traces of hecke eigenvalues of T_{p^2} are:
-12 -66 32 
computing eigenvalues for k = 2, took 0.239201 sec
For conductor 2:
traces of hecke eigenvalues of T_{p^1} are:
-2 -12 8 1 35 -51 72 71 -122 5 -76 21 30 267 446 422 435 -556 -2 246 231 -796 -21 
computing eigenvalues for k = 1, took 553.798586 sec
traces of hecke eigenvalues of T_{p^2} are:
-6 24 -42 
computing eigenvalues for k = 2, took 0.553561 sec
For conductor 43:
traces of hecke eigenvalues of T_{p^1} are:
-2 2 -16 21 93 -81 6 -199 96 -215 62 -25 76 157 -432 184 515 230 388 456 -327 -226 -1047 
computing eigenvalues for k = 1, took 332.701621 sec
traces of hecke eigenvalues of T_{p^2} are:
0 -48 0 
computing eigenvalues for k = 2, took 0.531432 sec
traces of hecke eigenvalues of T_{p^1} are:
-9 -15 30 -57 -51 174 -51 90 81 -42 837 -126 -213 231 -1416 252 273 -414 -450 -855 543 -1440 2442 
computing eigenvalues for k = 1, took 332.833526 sec
traces of hecke eigenvalues of T_{p^2} are:
-6 30 -96 
computing eigenvalues for k = 2, took 0.532763 sec
traces of hecke eigenvalues of T_{p^1} are:
-10 -8 12 -17 59 21 -152 -55 -6 75 100 77 250 -93 522 -1542 221 -356 -22 370 -639 -368 -53 
computing eigenvalues for k = 1, took 332.449628 sec
traces of hecke eigenvalues of T_{p^2} are:
10 -24 -34 
computing eigenvalues for k = 2, took 0.539882 sec
traces of hecke eigenvalues of T_{p^1} are:
-10 -22 24 -11 -43 -1 6 -79 24 -191 -162 7 716 -507 -1376 672 -13 870 300 -1288 1481 358 201 
computing eigenvalues for k = 1, took 332.481300 sec
traces of hecke eigenvalues of T_{p^2} are:
16 32 48 
computing eigenvalues for k = 2, took 0.535191 sec
For conductor 86:
traces of hecke eigenvalues of T_{p^1} are:
49 149 272 627 827 1320 1655 2442 4271 4572 6899 8616 10623 14937 17320 20452 23761 25066 26832 31743 35285 39048 49076 
computing eigenvalues for k = 1, took 133.232160 sec
traces of hecke eigenvalues of T_{p^2} are:
-4 114 176 
computing eigenvalues for k = 2, took 0.556064 sec
traces of hecke eigenvalues of T_{p^1} are:
2 -10 4 -3 5 63 -98 233 -188 -63 -2 -9 132 181 -128 -780 -341 270 88 552 225 98 217 
computing eigenvalues for k = 1, took 212.413673 sec
traces of hecke eigenvalues of T_{p^2} are:
-8 24 -8 
computing eigenvalues for k = 2, took 0.554430 sec
traces of hecke eigenvalues of T_{p^1} are:
-10 -8 12 -17 59 21 -152 -55 -6 75 100 77 250 -93 522 -1542 221 -356 -22 370 -639 -368 -53 
computing eigenvalues for k = 1, took 175.619574 sec
traces of hecke eigenvalues of T_{p^2} are:
10 -24 -34 
computing eigenvalues for k = 2, took 0.556453 sec
traces of hecke eigenvalues of T_{p^1} are:
-9 -4 -43 23 70 9 22 19 251 45 -5 283 -18 -505 -161 254 -2057 1389 104 1092 1594 50 1587 
computing eigenvalues for k = 1, took 176.121438 sec
traces of hecke eigenvalues of T_{p^2} are:
-10 17 51 
computing eigenvalues for k = 2, took 0.560688 sec
traces of hecke eigenvalues of T_{p^1} are:
-9 -15 30 -57 -51 174 -51 90 81 -42 837 -126 -213 231 -1416 252 273 -414 -450 -855 543 -1440 2442 
computing eigenvalues for k = 1, took 134.955955 sec
traces of hecke eigenvalues of T_{p^2} are:
-6 30 -96 
computing eigenvalues for k = 2, took 0.551530 sec
traces of hecke eigenvalues of T_{p^1} are:
-3 -2 13 68 -181 -76 260 260 235 -70 -3 78 198 572 1027 614 -586 1139 -252 288 -449 -1196 -1320 
computing eigenvalues for k = 1, took 175.397874 sec
traces of hecke eigenvalues of T_{p^2} are:
-2 -31 11 
computing eigenvalues for k = 2, took 0.569465 sec
traces of hecke eigenvalues of T_{p^1} are:
75 175 320 764 1000 1695 2233 3223 4991 5721 8273 9535 13715 16654 20744 21208 27832 31444 30716 37783 42410 46682 54853 
computing eigenvalues for k = 1, took 134.277346 sec
traces of hecke eigenvalues of T_{p^2} are:
60 114 160 
computing eigenvalues for k = 2, took 0.554233 sec
traces of hecke eigenvalues of T_{p^1} are:
8 16 42 121 173 315 334 533 1086 837 1330 1727 1864 3441 2952 3810 3935 4966 5210 5656 5733 6388 10333 
computing eigenvalues for k = 1, took 174.841049 sec
traces of hecke eigenvalues of T_{p^2} are:
-8 -60 -64 
computing eigenvalues for k = 2, took 0.555809 sec
traces of hecke eigenvalues of T_{p^1} are:
-2 10 -16 -35 -43 39 30 41 200 81 -234 335 164 -139 184 128 11 -226 -180 224 -215 1126 -895 
computing eigenvalues for k = 1, took 134.598277 sec
traces of hecke eigenvalues of T_{p^2} are:
-8 -16 40 
computing eigenvalues for k = 2, took 0.564315 sec
traces of hecke eigenvalues of T_{p^1} are:
-2 2 -16 21 93 -81 6 -199 96 -215 62 -25 76 157 -432 184 515 230 388 456 -327 -226 -1047 
computing eigenvalues for k = 1, took 134.120409 sec
traces of hecke eigenvalues of T_{p^2} are:
0 -48 0 
computing eigenvalues for k = 2, took 0.548383 sec
