constructing eigenvector for poly
x-156
constructing eigenvector for poly
x-28
constructing eigenvector for poly
x+12
constructing eigenvector for poly
x^2-12*x+16
constructing eigenvector for poly
x^2-12*x-264
constructing eigenvector for poly
x^3-5*x^2-173*x+377
constructing eigenvector for poly
x^4-34*x^3+320*x^2-933*x+731
constructing eigenvector for poly
x^5-144*x^4+7946*x^3-208412*x^2+2576349*x-11984796
constructing eigenvector for poly
x^4-129*x^3+6039*x^2-121819*x+894156
constructing eigenvector for poly
x^10+4*x^9-457*x^8-1175*x^7+63116*x^6-8329*x^5-2813002*x^4+9783575*x^3-4144785*x^2-11548123*x+2024503
constructing eigenvector for poly
x^5+26*x^4-182*x^3-6970*x^2-10211*x+237628
constructing eigenvector for poly
x^2-42*x+441
constructing eigenvector for poly
x^2-44*x+484
constructing eigenvector for poly
x^2-330*x+27225
constructing eigenvector for poly
x^2-494*x+61009
constructing eigenvector for poly
x^2-570*x+81225
constructing eigenvector for poly
x^2-566*x+80089
constructing eigenvector for poly
x^2-72*x+1296
constructing eigenvector for poly
x^2-80*x+1600
constructing eigenvector for poly
x^2-288*x+20736
constructing eigenvector for poly
x^2-440*x+48400
constructing eigenvector for poly
x^2-360*x+32400
constructing eigenvector for poly
x^2-800*x+160000
constructing eigenvector for poly
x^2-62*x+961
constructing eigenvector for poly
x^2-90*x+2025
constructing eigenvector for poly
x^2-228*x+12996
constructing eigenvector for poly
x^2-200*x+10000
constructing eigenvector for poly
x^2-600*x+90000
constructing eigenvector for poly
x^2-810*x+164025
constructing eigenvector for poly
x^2-66*x+1089
constructing eigenvector for poly
x^2-98*x+2401
constructing eigenvector for poly
x^2-264*x+17424
constructing eigenvector for poly
x^2-368*x+33856
constructing eigenvector for poly
x^2-852*x+181476
constructing eigenvector for poly
x^2-530*x+70225
constructing eigenvector for poly
x^4-136*x^3+6414*x^2-121720*x+801025
constructing eigenvector for poly
x^4-216*x^3+16046*x^2-473256*x+4800481
constructing eigenvector for poly
x^4-596*x^3+128508*x^2-11831792*x+394101904
constructing eigenvector for poly
x^4-388*x^3+56396*x^2-3639440*x+87984400
constructing eigenvector for poly
x^4-960*x^3+345368*x^2-55184640*x+3304410256
constructing eigenvector for poly
x^4-1280*x^3+612950*x^2-130144000*x+10337805625
constructing eigenvector for poly
x^4-98*x^3+3417*x^2-49784*x+258064
constructing eigenvector for poly
x^4-282*x^3+29801*x^2-1398720*x+24601600
constructing eigenvector for poly
x^4-256*x^3+24576*x^2-1048576*x+16777216
constructing eigenvector for poly
x^4-688*x^3+172256*x^2-18548480*x+726841600
constructing eigenvector for poly
x^4-1164*x^3+498164*x^2-92794080*x+6355278400
constructing eigenvector for poly
x^4-1754*x^3+1147769*x^2-332067280*x+35842062400
constructing eigenvector for poly
x^4-70*x^3+1761*x^2-18760*x+71824
constructing eigenvector for poly
x^4-186*x^3+12761*x^2-382416*x+4227136
constructing eigenvector for poly
x^4-476*x^3+84660*x^2-6667808*x+196224064
constructing eigenvector for poly
x^4-856*x^3+271376*x^2-37746176*x+1944457216
constructing eigenvector for poly
x^4-1056*x^3+417632*x^2-73311744*x+4819691776
constructing eigenvector for poly
x^4-1418*x^3+752585*x^2-177181936*x+15613002304
constructing eigenvector for poly
x^6-66*x^5+1815*x^4-26620*x^3+219615*x^2-966306*x+1771561
constructing eigenvector for poly
x^6+180*x^5+12765*x^4+451800*x^3+8361075*x^2+77224500*x+281011375
constructing eigenvector for poly
x^6-204*x^5+17340*x^4-786080*x^3+20045040*x^2-272612544*x+1544804416
constructing eigenvector for poly
x^6-150*x^5+6840*x^4-59000*x^3-1504800*x^2-7260000*x-10648000
constructing eigenvector for poly
x^6+450*x^5+80040*x^4+7137000*x^3+334567200*x^2+7862580000*x+73034632000
constructing eigenvector for poly
x^6-120*x^5+585*x^4+273200*x^3-821925*x^2-236883000*x-2773505125
constructing eigenvector for poly
x-3
constructing eigenvector for poly
x^2-6*x+9
constructing eigenvector for poly
x^2-20*x-145
constructing eigenvector for poly
x^3-9*x^2+27*x-27
constructing eigenvector for poly
x^3-51*x^2+867*x-4913
constructing eigenvector for poly
x^3+30*x^2+300*x+1000
constructing eigenvector for poly
x^3
constructing eigenvector for poly
x^3-252*x^2+21168*x-592704
constructing eigenvector for poly
x^3+357*x^2+42483*x+1685159
constructing eigenvector for poly
x+17
constructing eigenvector for poly
x+12
constructing eigenvector for poly
x+8
constructing eigenvector for poly
x+9
constructing eigenvector for poly
x^2-12*x-264
constructing eigenvector for poly
x^5+26*x^4-182*x^3-6970*x^2-10211*x+237628
constructing eigenvector for poly
x^2-22*x+121
constructing eigenvector for poly
x^2+60*x+655
constructing eigenvector for poly
x-3
constructing eigenvector for poly
x^3-9*x^2+27*x-27
constructing eigenvector for poly
x^3-51*x^2+867*x-4913
constructing eigenvector for poly
x^3+30*x^2+300*x+1000
constructing eigenvector for poly
x^3
constructing eigenvector for poly
x^3-252*x^2+21168*x-592704
constructing eigenvector for poly
x^3+357*x^2+42483*x+1685159
constructing eigenvector for poly
x+12
constructing eigenvector for poly
x^2+28*x+191
constructing eigenvector for poly
x^2+26*x+161
constructing eigenvector for poly
x^2-12*x+16
constructing eigenvector for poly
x^2-10*x+5
constructing eigenvector for poly
x^2-6*x+9
constructing eigenvector for poly
x^2-20*x-145
constructing eigenvector for poly
x^2+26*x+169
constructing eigenvector for poly
x^2+12*x-209
constructing eigenvector for poly
x^26+43*x^25-1288*x^24-72191*x^23+424848*x^22+46201267*x^21+56576988*x^20-15181777880*x^19-67809765518*x^18+2843336716034*x^17+18293751777604*x^16-315167787325670*x^15-2555098130625984*x^14+20453182435870538*x^13+210564832603583180*x^12-690970310306186248*x^11-10523149075148922683*x^10+4384589039350858947*x^9+307176634502329881172*x^8+491744518328130726365*x^7-4487358135577617816872*x^6-15697603619497615243245*x^5+13204388281904705633096*x^4+143209905331971516154728*x^3+262429271176080061715616*x^2+198392308331231901571200*x+54957041957884177267200
constructing eigenvector for poly
x-44
constructing eigenvector for poly
x+8
constructing eigenvector for poly
x+12
constructing eigenvector for poly
x-12
constructing eigenvector for poly
x^2-10*x+5
constructing eigenvector for poly
x^2+36*x+24
constructing eigenvector for poly
x^3-91*x^2+2715*x-26601
constructing eigenvector for poly
x^5-134*x^4+6932*x^3-173270*x^2+2097203*x-9861276
constructing eigenvector for poly
x^2-6*x-15
constructing eigenvector for poly
x^2+4*x-9
constructing eigenvector for poly
x^5+28*x^4+120*x^3-519*x^2+549*x-180
constructing eigenvector for poly
x^2-18*x+81
constructing eigenvector for poly
x^2-74*x+1369
constructing eigenvector for poly
x^2-240*x+14400
constructing eigenvector for poly
x^2-296*x+21904
constructing eigenvector for poly
x^2-468*x+54756
constructing eigenvector for poly
x^2-746*x+139129
constructing eigenvector for poly
x^2+26*x+169
constructing eigenvector for poly
x^2+12*x-209
constructing eigenvector for poly
x^2-38*x+361
constructing eigenvector for poly
x^2+76*x+1199
constructing eigenvector for poly
x^6+78*x^5+2511*x^4+42692*x^3+404271*x^2+2021838*x+4173281
constructing eigenvector for poly
x^6+6*x^5-1335*x^4-5380*x^3+599415*x^2+1209606*x-90518849
constructing eigenvector for poly
x^6-48*x^5-3744*x^4+140288*x^3+5630976*x^2-108576768*x-3402072064
constructing eigenvector for poly
x^6+48*x^5+906*x^4+8512*x^3+41676*x^2+101568*x+97336
constructing eigenvector for poly
x^6-132*x^5+6534*x^4-149072*x^3+1581228*x^2-7730448*x+14172488
constructing eigenvector for poly
x^6+78*x^5-13071*x^4-767572*x^3+65786343*x^2+1975824942*x-127491370937
constructing eigenvector for poly
x+7
constructing eigenvector for poly
x+15
constructing eigenvector for poly
x+4
constructing eigenvector for poly
x+1
constructing eigenvector for poly
x+24
constructing eigenvector for poly
x+9
constructing eigenvector for poly
x^2+4*x-196
constructing eigenvector for poly
x^2+24*x+19
constructing eigenvector for poly
x^3+32*x^2+219*x+424
constructing eigenvector for poly
x^2+4*x-9
constructing eigenvector for poly
x
constructing eigenvector for poly
x+8
constructing eigenvector for poly
x+5
constructing eigenvector for poly
x-11
constructing eigenvector for poly
x+9
constructing eigenvector for poly
x+7
constructing eigenvector for poly
x+15
constructing eigenvector for poly
x+4
constructing eigenvector for poly
x^2+4*x-196
constructing eigenvector for poly
x^3-87*x^2+2411*x-20781
constructing eigenvector for poly
x^4+22*x^3-531*x-1071
constructing eigenvector for poly
x^4-106*x^3+3937*x^2-60028*x+315768
constructing eigenvector for poly
x^5-144*x^4+7842*x^3-199516*x^2+2334261*x-9697692
constructing eigenvector for poly
x^2+4*x-9
constructing eigenvector for poly
x^5-133*x^4+6911*x^3-175127*x^2+2158428*x-10305864
constructing eigenvector for poly
x^13-61*x^12+1242*x^11-4487*x^10-171528*x^9+2096919*x^8-562076*x^7-110044670*x^6+490393969*x^5+652645577*x^4-7715701110*x^3+12964027229*x^2-4760159282*x-105535611
constructing eigenvector for poly
x^2-46*x+529
constructing eigenvector for poly
x^2-106*x+2809
constructing eigenvector for poly
x^2-228*x+12996
constructing eigenvector for poly
x^2-260*x+16900
constructing eigenvector for poly
x^2-492*x+60516
constructing eigenvector for poly
x^2-522*x+68121
constructing eigenvector for poly
x-3
constructing eigenvector for poly
x-3
constructing eigenvector for poly
x-27
constructing eigenvector for poly
x^2-54*x+729
constructing eigenvector for poly
x^2-42*x+441
constructing eigenvector for poly
x^2-172*x+7396
constructing eigenvector for poly
x^2-404*x+40804
constructing eigenvector for poly
x^2-628*x+98596
constructing eigenvector for poly
x^2-954*x+227529
constructing eigenvector for poly
x^3+3*x^2+3*x+1
constructing eigenvector for poly
x^3+9*x^2+27*x+27
constructing eigenvector for poly
x^3-222*x^2+16428*x-405224
constructing eigenvector for poly
x^3+306*x^2+31212*x+1061208
constructing eigenvector for poly
x^3+126*x^2+5292*x+74088
constructing eigenvector for poly
x^3-135*x^2+6075*x-91125
constructing eigenvector for poly
x+1
constructing eigenvector for poly
x+28
constructing eigenvector for poly
x^2+4*x-196
constructing eigenvector for poly
x^3+16*x^2-73*x-452
constructing eigenvector for poly
x^5-8*x^4-292*x^3+1639*x^2+14755*x+5408
constructing eigenvector for poly
x^3+5*x^2-153*x-1021
constructing eigenvector for poly
x^4-14*x^3-146*x^2+914*x+3809
constructing eigenvector for poly
x^5-134*x^4+6920*x^3-171070*x^2+2001759*x-8689188
constructing eigenvector for poly
x^14+30*x^13-270*x^12-12399*x^11+12245*x^10+1789782*x^9+2030818*x^8-101855728*x^7-234194823*x^6+2026295088*x^5+6424337076*x^4-9355103057*x^3-51117692055*x^2-59961079284*x-22471536448
constructing eigenvector for poly
x^2-38*x+361
constructing eigenvector for poly
x^2-130*x+4225
constructing eigenvector for poly
x^2-204*x+10404
constructing eigenvector for poly
x^2-332*x+27556
constructing eigenvector for poly
x^2-492*x+60516
constructing eigenvector for poly
x^2-738*x+136161
constructing eigenvector for poly
x^4-104*x^3+4022*x^2-68536*x+434281
constructing eigenvector for poly
x^4-150*x^3+8429*x^2-210300*x+1965604
constructing eigenvector for poly
x^4-450*x^3+72869*x^2-5004900*x+123698884
constructing eigenvector for poly
x^4-622*x^3+142013*x^2-14085812*x+512841316
constructing eigenvector for poly
x^4-1274*x^3+594365*x^2-120135652*x+8892112804
constructing eigenvector for poly
x^4-1144*x^3+486662*x^2-91221416*x+6358308121
constructing eigenvector for poly
x^6+30*x^5+279*x^4+580*x^3-1953*x^2+1470*x-343
constructing eigenvector for poly
x^6-18*x^5+129*x^4-468*x^3+903*x^2-882*x+343
constructing eigenvector for poly
x^6+72*x^5+2136*x^4+33408*x^3+290496*x^2+1331712*x+2515456
constructing eigenvector for poly
x^6-204*x^5+17190*x^4-765680*x^3+19012140*x^2-249540144*x+1352899016
constructing eigenvector for poly
x^6-96*x^5+3546*x^4-63104*x^3+560268*x^2-2396544*x+3944312
constructing eigenvector for poly
x^6-186*x^5+11241*x^4-202244*x^3-1090377*x^2-1750074*x-912673
constructing eigenvector for poly
x
constructing eigenvector for poly
x+8
constructing eigenvector for poly
x+5
constructing eigenvector for poly
x-3
constructing eigenvector for poly
x^2+10*x-7
constructing eigenvector for poly
x^2+4*x-196
constructing eigenvector for poly
x^4-14*x^3-146*x^2+914*x+3809
computing eigenvectors took 202.401723 sec
For conductor 1, eigenvectors are:
-1 -1 -1 -1 -1 -1 -1 -1 -1 -1 -1 -1 -1 -1 -1 -1 -1 -1 -1 -1 -1 -1 -1 -1 -1 -1 -1 -1 -1 -1 -1 -1 -1 -1 -1 -1 -1 -1 -1 -1 -1 -1 -1 -1 -1 -1 -1 -1 -1 -1 -1 -1 -1 -1 -1 -1 -1 -1 -1 -1 -1 -1 -1 -1 -1 -1 -1 -1 -1 -1 over Number field with defining polynomial x-156
-5 -1 -5 -1 -1 7 6 6 0 3 -3 -3 1 1 3 -3 -3 -3 -1 -1 5 3 1 3 1 2 1 1 1 -1 1 -2 1 3 1 4 -1 -3 -3 -7 -4 3 -1 -1 0 2 1 -1 0 -2 4 0 -3 2 0 1 2 3 -1 -2 3 1 -1 0 -4 0 -1 1 -1 0 over Number field with defining polynomial x-28
0 0 0 0 0 -4 3 0 0 -3 0 -2 0 0 -2 0 -2 2 0 2 0 2 0 2 1 0 0 1 1 -1 -1 1 -1 -1 -2 1 1 0 1 0 0 -1 0 0 2 1 1 0 0 -1 -3 -2 -1 1 0 1 -1 0 -2 0 0 1 1 3 -1 -1 0 0 0 -1 over Number field with defining polynomial x+12
0 8*a-224 0 8*a-224 8*a-224 -40*a+192 30*a-144 42*a+216 0 132*a-216 108*a-240 16*a+16 32*a+32 -8*a+224 -16*a-16 4*a-112 -156*a+192 16*a+16 28*a+144 -132*a+448 0 -16*a-16 32*a+32 -16*a-16 52*a-296 -62*a+344 18*a-40 -60*a+56 -60*a+56 30*a-144 -232 6*a+64 6*a+64 76*a-40 18*a-40 32*a-200 28*a-88 16*a+16 10*a-48 4*a-112 18*a-40 -64*a+168 -32*a-32 90*a-200 0 -12*a+104 6*a+64 -18*a+40 -76*a+272 12*a-104 32*a-200 0 10*a-48 -88*a+376 0 -232 -74*a-16 -4*a+112 -18*a+40 -7*a-36 -10*a+48 5*a-140 60*a-56 0 -32*a+200 0 -6*a-64 65*a-196 232 -19*a+68 over Number field with defining polynomial x^2-12*x+16
40 0 -40 4*a-24 80 -4*a-16 3*a+12 3*a+12 0 -3*a-72 -3*a+48 4*a-24 4*a+16 2*a-12 0 2*a+8 2*a-72 -4*a+24 -2*a-8 -2*a+72 0 0 -4*a-16 4*a-104 -2*a+32 -a-4 3*a-48 4*a-84 20 2*a-52 a-56 -40 -a+16 2*a-32 40 -40 a+24 a-36 -a+16 a-16 -2*a+32 -4*a+84 0 60 -2*a+32 60 3*a-88 2*a-12 2*a-72 -2*a+12 -4*a+104 2*a-32 -a+56 2*a+8 -2*a+12 -a+56 -a-4 -20 a+4 20 -a+36 a-16 2*a-32 -4*a+44 -2*a+32 a-36 a-36 -20 0 -a+16 over Number field with defining polynomial x^2-12*x-264
-48*a-112 0 48*a+112 0 -4*a^2 - 8*a + 92 4*a^2 + 8*a - 92 -3*a^2 - 6*a + 69 3*a^2 + 6*a - 69 0 -3*a^2 - 6*a + 69 3*a^2 + 6*a - 69 24*a+56 0 0 24*a+56 0 0 -24*a-56 0 0 0 -24*a-56 0 0 0 -a^2 - 2*a + 23 16*a-96 16*a-96 -16*a+96 -a^2 - 2*a + 23 0 a^2 + 2*a - 23 16*a-96 0 -16*a+96 -16*a+96 a^2 + 2*a - 23 0 16*a-96 -a^2 - 2*a + 23 -a^2 - 2*a + 23 -a^2 - 2*a + 23 0 a^2 + 2*a - 23 24*a+56 -2*a^2 - 4*a + 46 -16*a+96 16*a-96 -a^2 - 2*a + 23 2*a^2 + 4*a - 46 16*a-96 -24*a-56 -16*a+96 a^2 + 2*a - 23 0 0 a^2 + 2*a - 23 a^2 + 2*a - 23 -16*a+96 a^2 + 2*a - 23 0 a^2 + 2*a - 23 0 0 0 0 0 -a^2 - 2*a + 23 0 -a^2 - 2*a + 23 over Number field with defining polynomial x^3-5*x^2-173*x+377
-384*a^2 + 3264*a - 12096 -48*a^3 + 528*a^2 + 1104*a - 11040 384*a^2 - 3264*a + 12096 144*a^3 - 1584*a^2 - 3312*a + 33120 -48*a^3 + 1440*a^2 - 9552*a + 13728 -48*a^3 + 912*a^2 - 7104*a + 18048 36*a^3 - 684*a^2 + 5328*a - 13536 72*a^3 - 2880*a^2 + 24804*a - 37332 0 -396*a^2 + 1836*a + 3240 -108*a^3 + 3960*a^2 - 31968*a + 47628 48*a^3 - 624*a^2 - 288*a + 8016 -96*a^3 + 2064*a^2 - 14208*a + 22704 48*a^3 - 528*a^2 - 1104*a + 11040 -48*a^3 + 432*a^2 + 1920*a - 14064 72*a^3 - 2376*a^2 + 20088*a - 33912 -120*a^3 + 3192*a^2 - 21432*a + 31944 -48*a^3 + 624*a^2 + 288*a - 8016 -72*a^3 + 2376*a^2 - 20088*a + 33912 120*a^3 - 3192*a^2 + 21432*a - 31944 0 48*a^3 - 432*a^2 - 1920*a + 14064 96*a^3 - 2064*a^2 + 14208*a - 22704 144*a^3 - 3528*a^2 + 24984*a - 47664 24*a^3 - 408*a^2 + 672*a + 984 -24*a^3 + 960*a^2 - 8268*a + 12444 -336*a^2 + 3144*a - 2280 -72*a^3 + 2220*a^2 - 16944*a + 21588 24*a^3 - 1188*a^2 + 9840*a - 10236 -24*a^3 + 276*a^2 - 60*a + 96 96*a^3 - 2352*a^2 + 16656*a - 31776 12*a^3 - 720*a^2 + 5664*a - 8544 456*a^2 - 4236*a + 3984 -24*a^3 + 408*a^2 - 672*a - 984 48*a^2 - 696*a - 6792 -24*a^3 + 996*a^2 - 7920*a + 12492 132*a^2 - 612*a - 1080 48*a^3 - 1176*a^2 + 8328*a - 15888 24*a^2 - 132*a + 2832 36*a^3 - 1320*a^2 + 10656*a - 15876 12*a^3 + 96*a^2 - 2940*a + 8952 300*a^2 - 3492*a + 2232 0 348*a^2 - 2664*a - 504 -96*a^2 + 816*a - 3024 -48*a^3 + 1308*a^2 - 8940*a + 14808 -24*a^2 + 132*a - 2832 -624*a^2 + 5592*a - 11352 -12*a^3 - 216*a^2 + 2940*a - 2256 -48*a^3 + 1044*a^2 - 7716*a + 16968 72*a^3 - 2028*a^2 + 15024*a - 23844 96*a^2 - 816*a + 3024 -456*a^2 + 4236*a - 3984 -12*a^3 + 408*a^2 - 1560*a + 696 -48*a^3 + 528*a^2 + 1104*a - 11040 -96*a^3 + 2352*a^2 - 16656*a + 31776 -12*a^3 + 228*a^2 - 1776*a + 4512 24*a^3 - 492*a^2 + 2112*a - 672 336*a^2 - 3144*a + 2280 60*a^2 - 3348 -216*a^2 + 2052*a - 576 12*a^3 - 288*a^2 + 1776*a - 1164 -24*a^3 + 516*a^2 - 3552*a + 5676 0 24*a^3 - 516*a^2 + 3552*a - 5676 288*a^2 - 2448*a + 9072 216*a^2 - 2052*a + 576 -12*a^3 + 72*a^2 + 276*a + 588 0 156*a^2 - 2052*a + 3924 over Number field with defining polynomial x^4-34*x^3+320*x^2-933*x+731
2*a^4 - 308*a^3 + 15764*a^2 - 320164*a + 2098434 -38*a^3 + 3318*a^2 - 91122*a + 754626 2*a^4 - 308*a^3 + 15764*a^2 - 320164*a + 2098434 -38*a^3 + 3318*a^2 - 91122*a + 754626 7*a^4 - 847*a^3 + 37063*a^2 - 680661*a + 4232694 -9*a^4 + 1093*a^3 - 47817*a^2 + 875927*a - 5437386 -6*a^4 + 687*a^3 - 28332*a^2 + 491391*a - 2941884 -3*a^4 + 330*a^3 - 13167*a^2 + 225192*a - 1398528 0 -4*a^4 + 498*a^3 - 22208*a^2 + 411716*a - 2553690 -2*a^4 + 216*a^3 - 8122*a^2 + 120682*a - 533022 -3*a^4 + 395*a^3 - 18483*a^2 + 357321*a - 2297982 -2*a^4 + 230*a^3 - 9612*a^2 + 170570*a - 1055250 38*a^3 - 3318*a^2 + 91122*a - 754626 3*a^4 - 395*a^3 + 18483*a^2 - 357321*a + 2297982 -4*a^4 + 546*a^3 - 26198*a^2 + 514730*a - 3329922 -2*a^4 + 244*a^3 - 10768*a^2 + 199912*a - 1266042 -3*a^4 + 395*a^3 - 18483*a^2 + 357321*a - 2297982 a^4 - 107*a^3 + 4381*a^2 - 83841*a + 655038 3*a^4 - 409*a^3 + 19811*a^2 - 398659*a + 2718918 -2*a^4 + 308*a^3 - 15764*a^2 + 320164*a - 2098434 3*a^4 - 395*a^3 + 18483*a^2 - 357321*a + 2297982 -2*a^4 + 230*a^3 - 9612*a^2 + 170570*a - 1055250 -a^4 + 123*a^3 - 5377*a^2 + 97633*a - 602346 -2*a^4 + 258*a^3 - 12096*a^2 + 241250*a - 1686978 2*a^4 - 247*a^3 + 10776*a^2 - 191135*a + 1077180 -a^4 + 115*a^3 - 4733*a^2 + 79833*a - 426558 -2*a^4 + 230*a^3 - 9612*a^2 + 170570*a - 1055250 -2*a^4 + 230*a^3 - 9612*a^2 + 170570*a - 1055250 a^4 - 145*a^3 + 7219*a^2 - 143513*a + 896094 2*a^4 - 251*a^3 + 11432*a^2 - 220581*a + 1476510 a^4 - 109*a^3 + 4237*a^2 - 65937*a + 290712 2*a^4 - 251*a^3 + 11432*a^2 - 220581*a + 1476510 3*a^4 - 395*a^3 + 18483*a^2 - 357321*a + 2297982 -a^4 + 115*a^3 - 4733*a^2 + 79833*a - 426558 21*a^3 - 1820*a^2 + 50011*a - 421260 a^4 - 79*a^3 + 1735*a^2 - 4611*a - 77982 a^4 - 123*a^3 + 5377*a^2 - 97633*a + 602346 -2*a^4 + 256*a^3 - 11760*a^2 + 227704*a - 1537734 3*a^4 - 361*a^3 + 15821*a^2 - 295645*a + 1942686 -2*a^4 + 215*a^3 - 8288*a^2 + 134455*a - 769836 2*a^4 - 246*a^3 + 10942*a^2 - 204908*a + 1313994 2*a^4 - 230*a^3 + 9612*a^2 - 170570*a + 1055250 a^4 - 152*a^3 + 7883*a^2 - 164182*a + 1106562 0 -4*a^4 + 485*a^3 - 21220*a^2 + 389147*a - 2417520 2*a^4 - 251*a^3 + 11432*a^2 - 220581*a + 1476510 a^4 - 115*a^3 + 4733*a^2 - 79833*a + 426558 -a^4 + 114*a^3 - 4565*a^2 + 73060*a - 351936 4*a^4 - 485*a^3 + 21220*a^2 - 389147*a + 2417520 21*a^3 - 1820*a^2 + 50011*a - 421260 0 -2*a^4 + 256*a^3 - 11760*a^2 + 227704*a - 1537734 2*a^4 - 210*a^3 + 7960*a^2 - 127332*a + 708612 0 2*a^4 - 251*a^3 + 11432*a^2 - 220581*a + 1476510 -a^4 + 110*a^3 - 4389*a^2 + 75064*a - 466176 2*a^4 - 253*a^3 + 11606*a^2 - 225577*a + 1524462 a^4 - 115*a^3 + 4733*a^2 - 79833*a + 426558 -3*a^4 + 361*a^3 - 15675*a^2 + 284741*a - 1740552 2*a^4 - 256*a^3 + 11760*a^2 - 227704*a + 1537734 a^3 - 168*a^2 + 6773*a - 74622 2*a^4 - 230*a^3 + 9612*a^2 - 170570*a + 1055250 0 -21*a^3 + 1820*a^2 - 50011*a + 421260 0 -2*a^4 + 251*a^3 - 11432*a^2 + 220581*a - 1476510 -6*a^3 + 496*a^2 - 13896*a + 135846 -2*a^4 + 251*a^3 - 11432*a^2 + 220581*a - 1476510 37*a^3 - 3150*a^2 + 84349*a - 680004 over Number field with defining polynomial x^5-144*x^4+7946*x^3-208412*x^2+2576349*x-11984796
21*a^3 - 2009*a^2 + 60847*a - 581795 9*a^3 - 937*a^2 + 30707*a - 318139 21*a^3 - 2009*a^2 + 60847*a - 581795 9*a^3 - 937*a^2 + 30707*a - 318139 9*a^3 - 937*a^2 + 30707*a - 318139 -7*a^3 + 727*a^2 - 24029*a + 255941 4*a^3 - 311*a^2 + 6436*a - 27945 4*a^3 - 365*a^2 + 10900*a - 107523 0 -10*a^3 + 980*a^2 - 29608*a + 280170 -7*a^3 + 770*a^2 - 26209*a + 274710 -a^3 + 105*a^2 - 3339*a + 31099 -3*a^3 + 245*a^2 - 5605*a + 34739 -9*a^3 + 937*a^2 - 30707*a + 318139 a^3 - 105*a^2 + 3339*a - 31099 15*a^3 - 1473*a^2 + 45777*a - 449967 -17*a^3 + 1683*a^2 - 52455*a + 512165 -a^3 + 105*a^2 - 3339*a + 31099 3*a^3 - 291*a^2 + 9465*a - 97089 -29*a^3 + 2865*a^2 - 88767*a + 865043 -21*a^3 + 2009*a^2 - 60847*a + 581795 a^3 - 105*a^2 + 3339*a - 31099 -3*a^3 + 245*a^2 - 5605*a + 34739 a^3 - 105*a^2 + 3339*a - 31099 13*a^3 - 1287*a^2 + 39651*a - 383977 7*a^3 - 723*a^2 + 23727*a - 247327 7*a^3 - 649*a^2 + 19013*a - 180155 -3*a^3 + 245*a^2 - 5605*a + 34739 -3*a^3 + 245*a^2 - 5605*a + 34739 -16*a^3 + 1629*a^2 - 51900*a + 517063 2*a^3 - 198*a^2 + 6402*a - 64094 -7*a^3 + 700*a^2 - 21797*a + 216152 2*a^3 - 198*a^2 + 6402*a - 64094 a^3 - 105*a^2 + 3339*a - 31099 7*a^3 - 649*a^2 + 19013*a - 180155 12*a^2 - 276*a - 1896 -7*a^3 + 622*a^2 - 16781*a + 140366 -a^3 + 105*a^2 - 3339*a + 31099 7*a^3 - 684*a^2 + 21219*a - 209434 -4*a^3 + 412*a^2 - 13382*a + 134906 -3*a^3 + 284*a^2 - 8113*a + 72632 3*a^3 - 237*a^2 + 5631*a - 45249 3*a^3 - 245*a^2 + 5605*a - 34739 -7*a^3 + 645*a^2 - 18711*a + 171541 0 -4*a^3 + 416*a^2 - 13684*a + 143520 2*a^3 - 198*a^2 + 6402*a - 64094 -7*a^3 + 649*a^2 - 19013*a + 180155 16*a^3 - 1582*a^2 + 49418*a - 489680 4*a^3 - 416*a^2 + 13684*a - 143520 12*a^2 - 276*a - 1896 0 7*a^3 - 684*a^2 + 21219*a - 209434 12*a^3 - 1166*a^2 + 35734*a - 346160 0 2*a^3 - 198*a^2 + 6402*a - 64094 7*a^3 - 669*a^2 + 19263*a - 167749 12*a^3 - 1221*a^2 + 38820*a - 390771 -7*a^3 + 649*a^2 - 19013*a + 180155 4*a^3 - 412*a^2 + 13382*a - 134906 -7*a^3 + 684*a^2 - 21219*a + 209434 -9*a^3 + 933*a^2 - 30405*a + 309525 3*a^3 - 245*a^2 + 5605*a - 34739 0 -12*a^2 + 276*a + 1896 0 -2*a^3 + 198*a^2 - 6402*a + 64094 -51*a^2 + 2784*a - 35997 -2*a^3 + 198*a^2 - 6402*a + 64094 4*a^2 - 302*a + 8614 over Number field with defining polynomial x^4-129*x^3+6039*x^2-121819*x+894156
a vector of length 70 over Number field with defining polynomial a number field of degree 10
-48*a^4 + 11112*a^3 + 316392*a^2 + 1545360*a - 6575424 -960*a^4 - 27288*a^3 - 137160*a^2 + 2068224*a + 17771040 48*a^4 - 11112*a^3 - 316392*a^2 - 1545360*a + 6575424 336*a^4 + 8856*a^3 + 96024*a^2 + 689808*a + 1684704 -516*a^4 - 16332*a^3 - 56916*a^2 + 1665252*a + 7585680 -576*a^4 - 10584*a^3 + 40680*a^2 + 1229832*a + 1689384 432*a^4 + 7938*a^3 - 30510*a^2 - 922374*a - 1267038 -1224*a^4 - 25956*a^3 + 103572*a^2 + 4778712*a + 22988520 0 -45*a^4 + 4311*a^3 + 73197*a^2 - 326565*a - 4422222 837*a^4 + 13707*a^3 - 146259*a^2 - 3529773*a - 17299260 -480*a^4 - 5412*a^3 + 103440*a^2 + 1051776*a - 719820 -114*a^4 - 4626*a^3 - 82986*a^2 - 882210*a - 4211832 -312*a^4 - 9216*a^3 - 20568*a^2 + 1379016*a + 9727872 144*a^4 + 13020*a^3 + 144576*a^2 - 1706256*a - 20175564 414*a^4 + 4350*a^3 - 70062*a^2 - 629262*a - 962616 -174*a^4 - 1914*a^3 + 76242*a^2 + 1506210*a + 7622076 480*a^4 + 5412*a^3 - 103440*a^2 - 1051776*a + 719820 -414*a^4 - 4350*a^3 + 70062*a^2 + 629262*a + 962616 174*a^4 + 1914*a^3 - 76242*a^2 - 1506210*a - 7622076 0 -144*a^4 - 13020*a^3 - 144576*a^2 + 1706256*a + 20175564 114*a^4 + 4626*a^3 + 82986*a^2 + 882210*a + 4211832 -174*a^4 + 9354*a^3 + 186630*a^2 - 1299966*a - 19713468 -120*a^4 - 1218*a^3 - 3090*a^2 - 438474*a - 3329730 408*a^4 + 8652*a^3 - 34524*a^2 - 1592904*a - 7662840 768*a^4 + 11952*a^3 - 96696*a^2 - 1675776*a - 2690424 -39*a^4 - 615*a^3 + 24117*a^2 + 641619*a + 3560778 39*a^4 + 5799*a^3 + 21003*a^2 - 1588491*a - 11911806 -366*a^4 - 5526*a^3 + 86874*a^2 + 1929696*a + 9577458 177*a^4 + 309*a^3 - 85785*a^2 - 536631*a + 2655990 120*a^4 - 5316*a^3 - 131772*a^2 - 44490*a + 5052774 -360*a^4 - 11976*a^3 - 55416*a^2 + 1016370*a + 6898506 120*a^4 + 1218*a^3 + 3090*a^2 + 438474*a + 3329730 -384*a^4 - 7224*a^3 + 21264*a^2 + 846972*a + 3910764 -246*a^4 - 2340*a^3 + 69222*a^2 + 500034*a - 1274658 15*a^4 - 1437*a^3 - 24399*a^2 + 108855*a + 1474074 -360*a^4 - 2052*a^3 + 89256*a^2 + 73788*a - 7537968 -303*a^4 + 6441*a^3 + 194169*a^2 - 400437*a - 12171870 -279*a^4 - 4569*a^3 + 48753*a^2 + 1176591*a + 5766420 327*a^4 + 9297*a^3 - 34647*a^2 - 2682081*a - 17118900 -114*a^4 - 960*a^3 - 7050*a^2 - 417162*a - 3697758 0 -81*a^4 + 1545*a^3 + 79545*a^2 + 796875*a + 2488668 144*a^4 + 1752*a^3 + 34188*a^2 + 1099920*a + 7159980 375*a^4 + 615*a^3 - 113655*a^2 + 35067*a + 9012042 360*a^4 + 1056*a^3 - 107556*a^2 - 105330*a + 5926758 72*a^4 + 1770*a^3 - 27264*a^2 - 857418*a - 4002336 -135*a^4 - 8103*a^3 - 24837*a^2 + 1784463*a + 12083892 345*a^4 + 3489*a^3 - 64857*a^2 - 182643*a + 6063894 246*a^4 - 2844*a^3 - 114342*a^2 + 446838*a + 9625686 -144*a^4 - 1752*a^3 - 34188*a^2 - 1099920*a - 7159980 303*a^4 + 4479*a^3 - 31197*a^2 - 510603*a - 653394 -120*a^4 - 1842*a^3 - 16632*a^2 - 433932*a - 2046954 312*a^4 + 9216*a^3 + 20568*a^2 - 1379016*a - 9727872 -177*a^4 - 309*a^3 + 85785*a^2 + 536631*a - 2655990 -144*a^4 - 2646*a^3 + 10170*a^2 + 307458*a + 422346 369*a^4 + 10905*a^3 + 48519*a^2 - 933369*a - 6339180 312*a^4 + 2958*a^3 - 48168*a^2 + 28614*a + 5222676 -96*a^4 - 597*a^3 + 29742*a^2 + 448809*a + 2517504 5460*a^3 + 81486*a^2 - 455520*a - 6412632 240*a^4 + 3243*a^3 - 39912*a^2 - 756267*a - 2939850 2592*a^3 + 22560*a^2 - 473436*a - 4175514 -384*a^4 - 8481*a^3 + 27522*a^2 + 1537161*a + 7537710 -2592*a^3 - 22560*a^2 + 473436*a + 4175514 3753*a^3 + 47910*a^2 - 708357*a - 8758050 -5460*a^3 - 81486*a^2 + 455520*a + 6412632 -144*a^4 - 6225*a^3 - 64032*a^2 + 68247*a + 1925256 0 3579*a^3 + 74202*a^2 + 239211*a - 1502910 over Number field with defining polynomial x^5+26*x^4-182*x^3-6970*x^2-10211*x+237628
268 492 112 492 -80 -44 18 18 912 27 -63 438 -324 492 510 16 76 474 136 76 190 402 -246 -14 106 -6 56 -41 -119 33 -126 96 -249 46 8 -155 -9 -38 -249 21 69 93 -285 30 -17 -47 -225 -34 21 -29 -65 -59 -189 132 420 -102 -6 -18 98 69 -219 51 -80 23 -110 65 -237 108 -114 0 over Number field with defining polynomial x-283
4 3 4 3 1 1 0 0 -6 0 0 0 0 3 0 -2 -2 0 -2 -2 4 0 0 1 -2 0 -1 1 1 0 0 0 0 -2 -1 1 0 1 0 0 0 0 0 0 -2 1 0 -1 0 1 1 -2 0 0 3 0 0 0 -1 0 0 0 1 -1 1 -1 0 0 0 0 over Number field with defining polynomial x-400
-8 4 -8 4 4 8 8 2 -8 -1 -1 2 2 4 6 -2 -2 2 -4 -4 -8 -2 2 -2 -4 2 4 0 0 -3 -1 1 1 -2 0 1 3 2 0 3 0 1 2 0 0 1 -3 0 0 3 -3 4 0 -3 0 -5 0 0 4 -1 0 0 0 4 -1 0 -1 -1 -3 0 over Number field with defining polynomial x-405
-56 -36 64 108 -56 -20 -18 -18 12 27 9 -60 18 36 48 4 16 48 -8 -20 4 -60 -6 58 -14 6 8 -32 -8 -15 -45 -15 -39 10 20 1 -9 10 42 -3 -6 -3 6 42 -26 -17 45 8 42 1 37 34 -54 21 -36 39 6 -54 20 -15 -6 12 -20 14 19 -46 3 9 -3 0 over Number field with defining polynomial x-265
18*a-5110 -12*a+2120 -56*a+17080 100*a-31600 -116*a+38590 -80*a+27930 12*a-1470 -21*a+5385 -114*a+39900 27*a-7995 -18*a+4080 -12*a+2690 100*a-32120 44*a-14740 66*a-22490 18*a-7140 48*a-15190 69*a-22545 39*a-12525 9*a-4475 -19*a+5985 -9*a+2635 14*a-7210 -42*a+13900 24*a-8500 7*a-1795 -43*a+13775 -22*a+5030 64*a-19880 -8*a+1700 31*a-9925 -7*a+3765 31*a-8755 33*a-11165 -37*a+12415 28*a-9220 -9*a+2665 -70*a+23580 -59*a+20395 6*a-1360 -28*a+7900 22*a-6350 57*a-19665 43*a-12985 58*a-19160 -34*a+11670 -31*a+10715 7*a-1725 6*a-1890 -16*a+6340 6*a-2150 18*a-8010 -17*a+4625 7*a-2325 -6*a+2010 -31*a+9545 -4*a+490 -35*a+10945 -87*a+27915 11*a-2815 -38*a+12510 -7*a+2515 21*a-7425 -18*a+5400 17*a-5685 22*a-5750 980 -4*a+1210 -190 -530 over Number field with defining polynomial x^2-640*x+101675
7*a-5339 35*a-16019 -25*a+9101 -29*a+12861 39*a-17059 15*a-959 36*a-11604 9*a-5349 -9*a+1881 45*a-21594 30*a-12849 -3*a+151 5*a-3459 3*a-1579 13*a-7069 -a+1161 9*a-4669 -19*a+7371 31*a-13279 21*a-7449 -9*a+1881 -35*a+14591 -27*a+10981 15*a-6229 26*a-10364 37*a-15349 11*a-5019 -22*a+9596 10*a-4844 29*a-10294 -11*a+5036 -5*a+1096 -11*a+3676 4*a-1754 -43*a+18031 a-124 25*a-9934 21*a-7619 -26*a+9786 30*a-12849 -11*a+5121 -15*a+6926 -11*a+3761 -11*a+5121 -21*a+9251 13*a-6644 11*a-4934 -21*a+9421 -27*a+12341 a+1406 17*a-7344 -5*a+2031 -20*a+8396 7*a-1684 -29*a+12861 11*a-3574 28*a-13264 37*a-16539 -11*a+3591 20*a-8209 -23*a+9091 -6*a+2206 -6*a+2376 -714 9*a-3734 -16*a+6506 -629 -12*a+6231 731 816 over Number field with defining polynomial x^2-877*x+189320
-a+413 -5*a+1753 -a+413 -5*a+1753 -5*a+1753 -a+413 3*a-927 -156 3*a-1239 3*a-1005 -6*a+2088 5*a-1701 -a+361 -5*a+1753 -3*a+1083 -3*a+1083 3*a-979 -7*a+2423 a-309 -5*a+1753 -a+413 a-361 -a+361 a-361 -2*a+722 52 a-517 2*a-722 2*a-722 -4*a+1418 -a+335 -2*a+696 -a+387 52 -a+413 -234 -a+335 -a+361 -5*a+1753 2*a-696 3*a-1031 -130 -a+361 3*a-1031 -3*a+1031 -2*a+696 a-335 a-413 -a+413 26 4*a-1366 a-309 a-309 2*a-644 3*a-1031 a-387 -a+309 -a+413 -a+309 -a+335 -2*a+722 2*a-618 2*a-722 4*a-1340 2*a-800 0 26 -a+335 -26 0 over Number field with defining polynomial x^2-709*x+124952
-8*a+616 -4*a+4 8*a-616 16*a-624 -304 -12*a+316 9*a-237 9*a-237 0 -18*a-210 12*a-240 -12*a+772 -10*a+162 6*a-310 -8*a+464 -16*a+624 12*a+140 -4*a+156 16*a-472 -12*a+12 0 -8*a+464 -6*a+766 6*a+146 2*a-230 a-229 2*a-78 -4*a-148 4*a+376 2*a+74 a-229 4*a-80 a+151 -2*a+382 -a+229 -5*a+5 10*a-238 76 -2*a+78 -228 -5*a+537 152 -8*a+464 -5*a-375 6*a-310 -5*a+385 -a+1 3*a+73 3*a-307 -11*a+695 5*a-81 10*a-618 10*a-694 -8*a+236 10*a-618 -a+77 a-229 a+75 -2*a+78 -a-37 4*a-308 -3*a-35 114 0 -38 -a-151 76 228 -76 0 over Number field with defining polynomial x^2-40*x-1405
0 48 0 -24 -24 -32 24 -36 0 -6 18 32 -36 12 8 12 -4 -32 -12 4 0 -8 36 4 -4 12 -12 2 -10 -8 -14 32 -20 4 2 8 2 -12 2 -6 -30 16 0 6 -20 14 8 18 6 10 0 20 10 -16 -12 14 -8 -6 -28 12 6 -4 -4 0 4 10 -6 0 0 -8 over Number field with defining polynomial x-3
0 112 0 112 112 8*a-24 -6*a+18 -6*a+18 0 84 -84 -4*a-44 -4*a+68 -112 4*a+44 56 56 -4*a-44 -4*a+12 -4*a+12 0 4*a+44 -4*a+68 4*a+44 4*a-12 -2*a+6 4*a-12 2*a-62 2*a-62 2*a+22 -2*a-22 6*a-46 28 -56 4*a-12 -28 4*a+72 -4*a-44 -2*a+6 4*a-96 4*a-12 -2*a+34 4*a-68 4*a-68 0 2*a-34 28 -4*a+12 0 -2*a+34 -28 0 -2*a+6 2*a-34 0 -2*a-22 -2*a+6 -56 -4*a+12 -2*a+34 2*a-6 -4*a+68 -2*a+62 0 28 0 -28 -2*a-22 2*a+22 0 over Number field with defining polynomial x^2-20*x-145
0 -16 0 8 8 0 0 12 0 -6 -6 0 -4 -4 8 -4 -4 0 4 4 0 -8 4 -12 4 -4 -4 2 -2 0 2 0 -4 -4 2 0 2 -4 2 2 2 0 0 -2 -4 6 8 2 -2 2 0 4 -6 0 4 -2 0 2 -4 0 -2 0 0 0 0 2 2 0 0 0 over Number field with defining polynomial x+119
For conductor 2, eigenvectors are:
0 -1 -1 0 1 -1 -1 0 -1 0 0 0 0 0 1 0 1 over Number field with defining polynomial x+17
0 2 -2 -4 -2 -2 3 -2 -1 0 2 0 -2 2 1 2 1 over Number field with defining polynomial x+12
0 2 2 0 -2 2 -1 0 -1 0 0 0 0 0 1 0 1 over Number field with defining polynomial x+8
0 -1 1 0 -1 -1 0 -1 0 1 0 1 0 -1 0 0 0 over Number field with defining polynomial x+9
-6*a-84 7*a+88 -6*a-64 5*a+60 -20 -a-44 -4*a-36 -6*a-44 5*a+60 -2*a-28 0 2*a+8 -a-24 -20 0 -a-24 a+24 over Number field with defining polynomial x^2-12*x-264
-36*a^4 - 960*a^3 - 3972*a^2 + 64632*a + 617376 -12*a^4 - 450*a^3 - 2310*a^2 + 43386*a + 57450 -6*a^4 + 504*a^3 + 13440*a^2 + 21888*a - 654978 -48*a^4 - 768*a^3 + 9768*a^2 + 106980*a - 582660 48*a^3 + 4926*a^2 + 57816*a - 394290 18*a^4 - 6*a^3 - 6204*a^2 - 7458*a + 203238 -3*a^4 - 234*a^3 - 3780*a^2 - 1680*a + 100251 12*a^4 + 153*a^3 - 5562*a^2 - 51441*a + 289962 3*a^4 + 156*a^3 - 2460*a^2 - 47712*a + 188343 -18*a^4 - 621*a^3 - 1998*a^2 + 48081*a - 89460 18*a^4 + 213*a^3 - 2262*a^2 - 11313*a + 228606 36*a^4 + 537*a^3 - 10446*a^2 - 104931*a + 581292 -267*a^3 - 8868*a^2 - 53961*a + 368922 219*a^3 + 1632*a^2 - 41337*a - 58818 87*a^3 - 3765*a^2 - 36249*a + 489597 -36*a^4 - 348*a^3 + 10764*a^2 + 72018*a - 745806 -165*a^3 - 2475*a^2 - 13143*a - 201003 over Number field with defining polynomial x^5+26*x^4-182*x^3-6970*x^2-10211*x+237628
2*a+74 0 a+37 -28 a+37 0 -14 0 a+51 a+51 0 -14 -a-37 a+37 0 -a-37 a+37 over Number field with defining polynomial x^2+60*x+655
12 4 2 -8 2 -4 0 -4 -2 -6 -8 0 2 -2 -4 -2 2 over Number field with defining polynomial x-3
0 2 2 0 2 -2 0 0 0 0 2 0 2 0 0 0 0 over Number field with defining polynomial x+119
For conductor 3, eigenvectors are:
2 -2 -1 0 3 2 2 2 0 0 -1 0 -1 over Number field with defining polynomial x+12
0 4*a+52 -2*a-30 4 -2*a-30 4 2*a+26 -4 -2*a-26 4 -2*a-30 8 -2*a-30 over Number field with defining polynomial x^2+28*x+191
2*a+26 -2*a-26 2*a+30 0 -4 -2*a-22 2*a+26 -2*a-22 0 0 -8 0 -2*a-18 over Number field with defining polynomial x^2+26*x+161
-2*a-8 2*a-8 a-4 4*a-8 a-4 -2*a+8 2*a 2*a-8 8 4*a-8 a-4 -8 a-4 over Number field with defining polynomial x^2-12*x+16
4*a-44 2*a-22 -2*a+18 3*a-21 4 -a+7 a-11 -a+7 3*a-33 -3*a+21 -4 0 2*a-18 over Number field with defining polynomial x^2-10*x+5
56 4*a-12 2*a-6 28 2*a-6 4*a+16 2*a-34 -4*a-16 -2*a-22 28 2*a-6 -56 2*a-6 over Number field with defining polynomial x^2-20*x-145
0 2*a-30 2*a-16 a-1 -14 a-1 -a+15 a-1 a-15 -a+1 14 0 -2*a+16 over Number field with defining polynomial x^2+12*x-209
For conductor 6, eigenvectors are:
a vector of length 63 over Number field with defining polynomial a number field of degree 26
-5 1 2 0 0 0 -3 3 1 -3 -1 -3 5 -3 -5 -3 -3 -1 -1 -2 1 0 -2 0 -5 1 2 1 -1 0 1 -3 1 -3 -2 -1 -1 -3 -4 1 3 2 -2 -3 3 0 -3 -2 -1 -5 0 -1 2 1 -1 -2 1 1 -1 1 -1 -3 -2 over Number field with defining polynomial x-44
0 0 -8 0 -6 0 6 0 4 -8 4 -4 0 -4 -4 0 0 -4 -8 -4 2 -6 -2 -2 0 2 0 -4 2 2 -2 6 0 0 -2 -2 0 2 4 2 0 2 4 -6 2 4 4 2 4 2 0 0 -1 2 1 0 0 0 -2 -2 -3 0 -1 over Number field with defining polynomial x+8
0 0 8 0 -6 0 6 0 4 0 -4 4 0 4 -4 0 0 -4 0 -4 -2 2 2 2 0 -2 0 0 2 -2 -2 -2 0 0 -2 -2 0 2 0 2 0 2 -4 2 2 0 0 2 4 2 0 0 -1 0 1 0 -2 0 0 0 1 -2 -1 over Number field with defining polynomial x+12
-3 3 2 0 0 0 3 -3 -1 3 1 -1 3 -1 1 3 3 1 -3 2 -1 0 -2 0 5 -1 2 -1 1 -4 -1 -1 -5 -1 -2 1 -3 -1 0 -1 1 -2 2 -1 -3 0 -5 2 1 1 0 -3 2 -1 -3 -2 -1 -1 -3 -5 1 -1 -2 over Number field with defining polynomial x-12
144 -144 -48 0 0 0 9*a-27 -9*a+27 24 18*a-54 -24 -6*a-6 6*a-42 24 6*a+6 6*a-42 -144 -24 -18*a+54 6*a-18 24 0 15*a-33 3*a+3 -6*a+30 -3*a+9 12*a+24 -6*a+78 -24 -12*a+60 -6*a+6 -3*a+9 15*a-105 -3*a+9 15*a-33 6*a-6 -18*a+54 3*a+27 0 -3*a+9 -12*a+48 -6*a+66 9*a+9 -3*a+9 12*a-24 0 -3*a+21 -12*a+48 -24 3*a-9 0 9*a-63 -3*a+21 3*a+15 -12 3*a-9 -3*a-3 6*a-18 -9*a+63 6*a-42 -3*a+45 -3*a+9 -36 over Number field with defining polynomial x^2-10*x+5
-8*a+96 8*a-96 24*a+512 -12*a+504 -12*a+504 0 120 -120 8*a+224 -16*a-288 -8*a-224 -8*a-304 -8*a-144 8*a+224 8*a+304 -8*a-144 8*a-96 -8*a-224 16*a+288 8*a-256 8*a+224 4*a-168 12*a+256 -4*a-192 4*a+32 -40 -160 -8*a-184 -8*a-224 8*a-16 8*a-16 -40 40 -40 -8*a-224 20*a+160 16*a+288 4*a+32 0 -4*a+128 -8*a-104 -80 8*a+224 -4*a+128 16*a+48 0 -16*a-248 -160 12*a+256 40 -4*a+168 12*a+96 8*a+224 -40 -12*a-96 12*a+16 4*a+32 8*a+224 4*a-48 -8*a-104 -4*a-32 -40 160 over Number field with defining polynomial x^2+36*x+24
6*a^2 - 384*a + 6066 -6*a^2 + 384*a - 6066 24*a-744 0 0 0 9*a^2 - 540*a + 8091 -9*a^2 + 540*a - 8091 -12*a+372 3*a^2 - 228*a + 4077 12*a-372 -6*a^2 + 372*a - 5766 6*a^2 - 348*a + 5022 -12*a+372 6*a^2 - 372*a + 5766 6*a^2 - 348*a + 5022 -6*a^2 + 384*a - 6066 12*a-372 -3*a^2 + 228*a - 4077 6*a^2 - 360*a + 5394 -12*a+372 0 -6*a+150 -6*a^2 + 366*a - 5544 3*a^2 - 150*a + 1803 -3*a^2 + 180*a - 2697 -3*a^2 + 198*a - 3219 -6*a^2 + 426*a - 7296 12*a-372 6*a^2 - 396*a + 6438 3*a^2 - 186*a + 2847 -3*a^2 + 180*a - 2697 3*a^2 - 162*a + 2211 -3*a^2 + 180*a - 2697 -6*a+150 -3*a^2 + 186*a - 2847 -3*a^2 + 228*a - 4077 -6*a^2 + 354*a - 5172 0 -3*a^2 + 180*a - 2697 -42*a+1158 6*a^2 - 372*a + 5694 -6*a^2 + 390*a - 6288 -3*a^2 + 180*a - 2697 -3*a^2 + 174*a - 2547 0 -3*a^2 + 222*a - 3927 3*a^2 - 186*a + 2919 12*a-372 3*a^2 - 180*a + 2697 0 -18*a+522 -3*a^2 + 198*a - 3219 -3*a^2 + 234*a - 4227 -18*a+522 -6*a+150 -12*a+372 3*a^2 - 186*a + 2847 6*a^2 - 384*a + 6066 30*a-858 -3*a^2 + 186*a - 2847 -3*a^2 + 180*a - 2697 -6*a+150 over Number field with defining polynomial x^3-91*x^2+2715*x-26601
-2*a^4 + 114*a^3 - 570*a^2 - 45106*a + 531020 2*a^4 - 202*a^3 + 6018*a^2 - 48534*a - 69236 -12*a^4 + 1384*a^3 - 57968*a^2 + 1047304*a - 6833556 -17*a^4 + 1907*a^3 - 76345*a^2 + 1293105*a - 7857778 5*a^4 - 587*a^3 + 24537*a^2 - 430305*a + 2702006 -2*a^4 + 244*a^3 - 10816*a^2 + 209628*a - 1493102 19*a^4 - 2161*a^3 + 87929*a^2 - 1516567*a + 9405964 25*a^4 - 2827*a^3 + 113835*a^2 - 1930253*a + 11713604 -8*a^4 + 936*a^3 - 39800*a^2 + 733280*a - 4909880 9*a^4 - 1071*a^3 + 45519*a^2 - 820593*a + 5298336 -20*a^4 + 2192*a^3 - 85448*a^2 + 1411576*a - 8387868 2*a^4 - 142*a^3 + 1574*a^2 + 49414*a - 753328 14*a^4 - 1602*a^3 + 65706*a^2 - 1146966*a + 7217520 -8*a^4 + 808*a^3 - 27480*a^2 + 364272*a - 1554312 8*a^4 - 892*a^3 + 35176*a^2 - 576444*a + 3342264 -20*a^4 + 2352*a^3 - 99308*a^2 + 1772824*a - 11313112 -2*a^4 + 158*a^3 - 3294*a^2 + 1714*a + 300128 4*a^4 - 448*a^3 + 18168*a^2 - 314024*a + 1923676 3*a^4 - 357*a^3 + 15173*a^2 - 273531*a + 1766112 16*a^4 - 1720*a^3 + 66092*a^2 - 1078400*a + 6343468 -14*a^4 + 1622*a^3 - 67242*a^2 + 1174634*a - 7327688 -17*a^4 + 1907*a^3 - 76345*a^2 + 1293105*a - 7857778 5*a^4 - 557*a^3 + 22315*a^2 - 381331*a + 2359960 11*a^4 - 1163*a^3 + 43777*a^2 - 697069*a + 3983508 -14*a^4 + 1620*a^3 - 67334*a^2 + 1186364*a - 7499204 16*a^4 - 1710*a^3 + 65324*a^2 - 1064566*a + 6288384 8*a^4 - 868*a^3 + 33906*a^2 - 564764*a + 3398334 -6*a^4 + 682*a^3 - 27266*a^2 + 454810*a - 2693332 -8*a^4 + 872*a^3 - 33640*a^2 + 548776*a - 3232096 -6*a^4 + 650*a^3 - 24186*a^2 + 362558*a - 1854440 3*a^4 - 303*a^3 + 10731*a^2 - 157869*a + 811774 -3*a^4 + 333*a^3 - 12953*a^2 + 206843*a - 1153820 -8*a^4 + 850*a^3 - 31328*a^2 + 470358*a - 2448288 -3*a^4 + 333*a^3 - 12953*a^2 + 206843*a - 1153820 30*a^3 - 2222*a^2 + 48974*a - 342046 -8*a^4 + 890*a^3 - 35268*a^2 + 588174*a - 3513780 3*a^4 - 357*a^3 + 15173*a^2 - 273531*a + 1766112 8*a^3 - 860*a^2 + 25564*a - 226600 -2*a^4 + 136*a^3 - 1932*a^2 - 21696*a + 415574 2*a^4 - 146*a^3 + 2700*a^2 + 7862*a - 360490 -10*a^4 + 1082*a^3 - 41550*a^2 + 670410*a - 3881028 6*a^4 - 606*a^3 + 21462*a^2 - 315738*a + 1623548 -6*a^4 + 700*a^3 - 29844*a^2 + 549216*a - 3643378 14*a^4 - 1574*a^3 + 63392*a^2 - 1086262*a + 6703958 -13*a^4 + 1417*a^3 - 55361*a^2 + 920531*a - 5531694 14*a^4 - 1564*a^3 + 62624*a^2 - 1072428*a + 6648874 8*a^4 - 914*a^3 + 37488*a^2 - 654862*a + 4126072 2*a^4 - 138*a^3 + 1840*a^2 + 33426*a - 587090 6*a^4 - 692*a^3 + 28984*a^2 - 523652*a + 3416778 16*a^4 - 1730*a^3 + 66860*a^2 - 1092234*a + 6398552 -5*a^4 + 587*a^3 - 24537*a^2 + 430305*a - 2702006 -6*a^4 + 722*a^3 - 31206*a^2 + 572626*a - 3758824 8*a^4 - 868*a^3 + 33906*a^2 - 564764*a + 3398334 -2*a^4 + 200*a^3 - 7142*a^2 + 107800*a - 593848 -6*a^4 + 722*a^3 - 31206*a^2 + 572626*a - 3758824 5*a^4 - 557*a^3 + 22315*a^2 - 381331*a + 2359960 6*a^4 - 628*a^3 + 22824*a^2 - 339148*a + 1738994 3*a^4 - 303*a^3 + 10731*a^2 - 157869*a + 811774 -22*a^3 + 1362*a^2 - 23410*a + 115446 32*a^3 - 3080*a^2 + 92252*a - 838892 -8*a^4 + 890*a^3 - 35268*a^2 + 588174*a - 3513780 -10*a^3 + 768*a^2 - 13834*a + 55084 30*a^3 - 2222*a^2 + 48974*a - 342046 over Number field with defining polynomial x^5-134*x^4+6932*x^3-173270*x^2+2097203*x-9861276
-24*a-120 24*a+120 -12*a-60 -6*a+60 -6*a+60 0 -6*a-60 6*a+60 8*a-40 -24*a -8*a+40 -20*a-60 4*a+140 8*a-40 20*a+60 4*a+140 24*a+120 -8*a+40 24*a -80 8*a-40 2*a-20 -9*a+35 25*a+5 -50 -6*a-50 22*a+20 -21*a+15 -8*a+40 -2*a+70 -21*a-5 2*a+20 9*a-15 2*a+20 28*a-10 -12*a+10 24*a -6*a+80 0 40 -3*a-15 26*a+50 16*a+30 40 -5*a+35 0 -15*a-15 -22*a -6*a-30 6*a+50 -2*a+20 -6*a-20 -6*a+20 -9*a+15 6*a+20 -13*a+15 -14*a+10 -17*a+15 12*a+60 -3*a-15 50 -6*a-50 -10 over Number field with defining polynomial x^2-6*x-15
12*a-12 -12*a+12 -4*a-12 -6*a+18 -6*a+18 0 -9*a+27 9*a-27 -2*a-6 -6*a-6 2*a+6 -4*a+24 8*a-12 -2*a-6 4*a-24 8*a-12 -12*a+12 2*a+6 6*a+6 -2*a+6 -2*a-6 2*a-6 -2*a+12 -6 -a-3 -3*a+9 -a+9 -5*a-3 2*a+6 -6*a+6 5*a-9 3*a-9 2*a 3*a-9 6 -3*a+3 6*a+6 6 0 a-3 -a-3 -6*a+6 -2*a a-3 3*a-3 0 -4*a-6 a+3 -2*a-6 3*a-9 -2*a+6 -2*a -a-3 -2*a 2*a 4*a-6 0 -a+9 -6*a+6 -a-3 a+3 -3*a+9 -6 over Number field with defining polynomial x^2+4*x-9
0 0 -16*a^4 - 416*a^3 - 2016*a^2 + 4704*a - 2304 12*a^4 - 60*a^3 - 1488*a^2 + 3132*a - 1584 12*a^4 + 300*a^3 + 1428*a^2 - 4104*a + 2304 0 -12*a^4 - 468*a^3 - 2724*a^2 + 6876*a - 3600 12*a^4 + 108*a^3 - 192*a^2 + 360*a - 288 48*a^3 + 464*a^2 - 672*a + 192 0 -48*a^3 - 464*a^2 + 672*a - 192 80*a^3 + 648*a^2 - 1608*a + 864 -32*a^3 - 184*a^2 + 936*a - 672 48*a^3 + 464*a^2 - 672*a + 192 -80*a^3 - 648*a^2 + 1608*a - 864 -32*a^3 - 184*a^2 + 936*a - 672 0 -48*a^3 - 464*a^2 + 672*a - 192 0 8*a^4 + 88*a^3 + 88*a^2 - 888*a + 672 -24*a^3 - 232*a^2 + 336*a - 96 -4*a^4 - 100*a^3 - 476*a^2 + 1368*a - 768 8*a^4 + 200*a^3 + 968*a^2 - 2388*a + 1200 8*a^4 + 88*a^3 + 104*a^2 - 540*a + 336 4*a^4 + 52*a^3 + 28*a^2 - 348*a + 240 -56*a^3 - 416*a^2 + 1272*a - 768 -8*a^4 - 196*a^3 - 1012*a^2 + 2292*a - 1104 -20*a^3 - 120*a^2 + 276*a - 144 24*a^3 + 232*a^2 - 336*a + 96 -8*a^4 - 184*a^3 - 776*a^2 + 2016*a - 1056 -8*a^4 - 200*a^3 - 968*a^2 + 2388*a - 1200 4*a^4 + 156*a^3 + 908*a^2 - 2292*a + 1200 20*a^3 + 120*a^2 - 276*a + 144 4*a^4 + 36*a^3 - 64*a^2 + 120*a - 96 -8*a^4 - 144*a^3 - 436*a^2 + 1560*a - 960 4*a^4 + 164*a^3 + 964*a^2 - 1908*a + 816 0 -4*a^4 - 104*a^3 - 604*a^2 + 1080*a - 384 0 -4*a^4 - 44*a^3 - 44*a^2 + 444*a - 336 20*a^3 + 120*a^2 - 276*a + 144 8*a^4 + 184*a^3 + 776*a^2 - 2016*a + 1056 -8*a^4 - 112*a^3 - 180*a^2 + 912*a - 576 -4*a^4 - 44*a^3 - 44*a^2 + 444*a - 336 8*a^4 + 88*a^3 + 104*a^2 - 540*a + 336 0 20*a^3 + 120*a^2 - 276*a + 144 8*a^4 + 204*a^3 + 996*a^2 - 2196*a + 1008 -8*a^4 - 208*a^3 - 1008*a^2 + 2352*a - 1152 56*a^3 + 416*a^2 - 1272*a + 768 4*a^4 - 20*a^3 - 496*a^2 + 1044*a - 528 4*a^4 + 72*a^3 + 148*a^2 - 624*a + 384 16*a^3 + 128*a^2 - 324*a + 192 -20*a^3 - 120*a^2 + 276*a - 144 -4*a^4 - 108*a^3 - 496*a^2 + 1128*a - 528 -56*a^3 - 432*a^2 + 924*a - 432 -8*a^4 - 184*a^3 - 776*a^2 + 2016*a - 1056 56*a^3 + 432*a^2 - 924*a + 432 0 20*a^3 + 120*a^2 - 276*a + 144 -4*a^4 - 88*a^3 - 376*a^2 + 852*a - 384 -56*a^3 - 416*a^2 + 1272*a - 768 -4*a^3 + 8*a^2 - 48*a + 48 over Number field with defining polynomial x^5+28*x^4+120*x^3-519*x^2+549*x-180
0 0 4 5 -5 0 1 7 -2 0 2 0 -4 -2 -2 -2 0 2 0 4 0 1 -1 -3 -6 -2 -4 1 -2 -2 1 -1 -1 3 4 4 0 0 0 -2 -1 2 2 -2 -3 0 -1 2 2 2 1 -2 0 1 2 -1 -2 1 0 -1 0 -2 0 over Number field with defining polynomial x-373
-56 56 -56 0 0 0 3*a+39 -3*a-39 28 -2*a-26 -28 -2*a-54 2*a-2 28 2*a+54 2*a-2 56 -28 2*a+26 2*a+26 28 0 a+27 a-29 -2*a-12 -a-13 14 2*a+40 -28 -28 -2*a+16 -a-13 -3*a-53 -a-13 a+27 2*a-16 2*a+26 a-1 0 -a-13 4*a+66 -2*a-26 -a-27 -a-13 14 0 3*a+53 14 -28 a+13 0 3*a-3 -a-27 -a-13 14 -a+15 a-1 28 -a-27 0 -a+1 -a-13 -14 over Number field with defining polynomial x^2+12*x-209
8*a+304 8*a+192 56 0 0 0 3*a+135 -3*a-135 28 -2*a-90 -28 2*a+62 -2*a-6 -84 2*a+6 2*a+62 56 -28 2*a-22 2*a+90 28 0 -3*a-65 a+3 -2*a-76 -a-45 4*a+138 2*a+104 -28 0 -2*a-48 3*a+135 a+31 3*a+135 -3*a-65 2*a+48 -2*a-34 -3*a-93 4*a+180 -a-45 14 2*a+62 -a-59 3*a+135 14 0 -a-87 14 -28 -3*a-79 0 -a-31 a+59 -a-45 2*a+48 a+17 a+31 2*a+34 -a-31 28 -a-31 -a-17 14 over Number field with defining polynomial x^2+76*x+1199
0 0 0 6*a+384 -6*a-384 0 -6*a-384 -6*a-384 0 0 0 4*a+460 4*a+460 0 4*a+460 -4*a-460 0 0 0 0 4*a+460 -6*a-384 0 0 102 0 -102 0 4*a+460 0 0 -6*a-384 0 6*a+384 102 102 0 102 0 0 0 0 -102 0 0 0 0 -102 0 0 -6*a-384 -102 102 0 102 0 0 0 0 0 -102 0 -102 over Number field with defining polynomial x^2+26*x-5033
For conductor 31, eigenvectors are:
4 -2 8 -4 3 -6 1 0 -3 0 1 -6 3 4 -1 over Number field with defining polynomial x+7
4 2 0 4 -1 0 1 2 3 -2 -1 0 3 0 -5 over Number field with defining polynomial x+15
2 -1 1 1 0 0 -1 0 0 0 -1 0 0 -1 1 over Number field with defining polynomial x+4
2 0 -2 0 -1 0 -1 -1 0 1 0 0 0 2 0 over Number field with defining polynomial x+1
-4 -2 0 2 1 0 -1 -2 0 2 -2 0 3 0 -1 over Number field with defining polynomial x+24
-2 -4 -6 4 5 0 1 5 0 -5 -4 0 0 6 4 over Number field with defining polynomial x+9
2*a-16 -20 -2*a-4 -2*a+16 2*a-26 a-18 10 0 -a-2 0 a-18 a-18 2*a-26 -a-2 -10 over Number field with defining polynomial x^2+4*x-196
0 -2*a-34 0 20 -10 -a-17 10 -a-17 a+7 -a-17 a+27 a+17 10 0 10 over Number field with defining polynomial x^2+24*x+19
0 2*a-2 0 10*a+42 5*a+21 a^2 + 23*a + 80 -5*a-21 -a^2 - 25*a - 78 -6*a-20 -a^2 - 25*a - 78 4*a+22 -a^2 - 23*a - 80 -5*a-21 0 -5*a-21 over Number field with defining polynomial x^3+32*x^2+219*x+424
8*a 36 4*a-36 6*a+18 8*a+18 3*a-27 14*a -7*a-9 3*a+27 7*a+9 -3*a+9 3*a-27 -6*a 2*a-18 18 over Number field with defining polynomial x^2+4*x-9
For conductor 62, eigenvectors are:
-8 -8 8 6 -6 0 0 12 0 -4 12 0 0 -2 -2 0 -4 -2 0 -2 2 8 0 0 0 2 4 -2 4 0 2 0 -4 -2 0 4 -4 0 -2 0 -4 0 -2 4 -2 -1 2 -3 -2 0 -2 -2 2 -1 0 -1 over Number field with defining polynomial x
-8 -8 -8 -6 -6 0 12 12 0 -20 20 0 8 14 -2 -20 16 -6 12 -6 6 -20 4 -4 8 -2 -4 -10 8 0 -6 0 0 -14 8 0 -32 0 10 4 4 12 2 4 6 3 -10 13 14 4 2 -2 6 -1 -12 -1 over Number field with defining polynomial x+8
-4 -4 -4 -3 -3 0 -3 -3 0 2 -2 0 4 1 2 -1 -1 0 0 0 -3 2 -1 1 4 5 1 -2 -2 0 0 0 0 -1 4 0 -1 0 -1 2 2 0 -5 2 -6 0 1 2 1 -4 1 2 -3 -2 0 -2 over Number field with defining polynomial x+5
-4 0 4 3 3 0 6 -6 -6 -4 -4 -6 6 1 2 -2 -4 0 -5 0 -5 0 1 2 -2 -2 -2 -5 -2 6 5 -2 1 -1 -5 3 -1 2 -4 2 -2 -1 -1 1 2 0 -2 1 0 0 -3 2 1 2 -3 -1 over Number field with defining polynomial x-11
4 0 -8 -6 -6 0 6 -6 0 6 6 0 0 -2 2 -1 1 -5 -2 -5 3 0 -1 2 -2 3 -2 -1 -1 0 1 4 4 -3 -1 0 1 -4 -3 1 2 2 2 -1 2 0 3 -2 0 0 0 2 3 1 0 -3 over Number field with defining polynomial x+9
-4 24 16 12 -6 0 6 12 12 14 2 12 12 -2 -4 7 -1 3 -2 9 -11 -6 1 2 4 -17 4 -5 7 -12 -1 4 -2 -13 -5 -6 -7 -4 -7 17 -2 14 -4 -5 14 0 1 -2 -3 -9 3 5 -5 2 6 -4 over Number field with defining polynomial x+7
4 0 0 0 6 0 0 -6 0 -2 2 0 0 2 -4 -1 -1 -3 0 -1 -1 2 -1 0 0 -1 -2 -1 1 0 -1 0 0 1 3 0 -1 0 1 -1 2 0 0 -1 2 -2 -1 -2 -1 -3 -1 -1 -1 0 0 0 over Number field with defining polynomial x+15
8 0 4 3 3 0 -3 3 0 2 2 0 0 1 -1 -2 2 0 1 0 1 0 -2 -1 1 1 1 -2 -2 0 2 -2 -2 -1 -2 0 2 2 -1 2 4 -1 -1 -2 -1 0 1 1 0 0 0 -1 1 2 0 -1 over Number field with defining polynomial x+4
-24*a-128 -24*a-128 -8*a-496 -6*a-372 12*a-276 0 6*a-648 -24*a+552 20*a-120 -32*a+56 -20*a+120 20*a-120 -12*a-64 4*a-92 -8*a-156 16*a-28 20*a+220 2*a+124 4*a-92 -14*a-188 8*a-184 6*a+32 -26*a+88 2*a-216 -2*a-124 -2*a-124 -8*a+184 -4*a+92 -22*a+336 -20*a+120 20*a+220 -2*a-124 -2*a+216 -10*a+60 -20*a+120 6*a+32 -22*a+336 2*a+124 0 -14*a+152 -12*a-64 -10*a-280 2*a+124 12*a+64 10*a+280 8*a-14 9*a-122 12*a-106 -24*a+212 -9*a-218 18*a+96 a+62 -a-62 4*a+78 -3*a-186 -170 over Number field with defining polynomial x^2+4*x-196
-20*a^2 + 1104*a - 13948 -102*a^2 + 4884*a - 50526 -118*a^2 + 7020*a - 103574 78*a^2 - 5436*a + 94566 18*a^2 - 1620*a + 33498 0 66*a^2 - 3834*a + 54780 -6*a^2 + 18*a + 6288 -51*a^2 + 2880*a - 39513 68*a^2 - 3840*a + 52684 28*a^2 - 1296*a + 11972 -51*a^2 + 2880*a - 39513 -66*a^2 + 4272*a - 69030 6*a^2 - 540*a + 11166 -16*a^2 + 1176*a - 21344 2*a^2 + 390*a - 14744 -30*a^2 + 1866*a - 28932 32*a^2 - 1872*a + 26836 44*a^2 - 2118*a + 22270 54*a^2 - 2796*a + 34050 73*a^2 - 4200*a + 59375 -20*a^2 + 1272*a - 20356 2*a^2 - 48*a - 494 22*a^2 - 1278*a + 18260 -22*a^2 + 840*a - 4010 a^2 + 90*a - 3367 -2*a^2 + 6*a + 2096 8*a^2 - 942*a + 21718 12*a^2 - 684*a + 9684 51*a^2 - 2880*a + 39513 -30*a^2 + 1866*a - 28932 -22*a^2 + 840*a - 4010 26*a^2 - 1374*a + 17272 -13*a^2 + 1260*a - 26807 -20*a^2 + 1314*a - 21958 18*a^2 - 306*a - 9252 -30*a^2 + 1428*a - 14682 22*a^2 - 840*a + 4010 59*a^2 - 3030*a + 35935 54*a^2 - 2712*a + 30846 -10*a^2 + 552*a - 6974 -44*a^2 + 2994*a - 50770 -26*a^2 + 1812*a - 31522 -22*a^2 + 714*a + 796 44*a^2 - 2640*a + 39724 14*a^2 - 1128*a + 21838 43*a^2 - 2730*a + 43091 10*a^2 - 594*a + 8576 -14*a^2 + 690*a - 7588 -30*a^2 + 1908*a - 30534 -14*a^2 + 1128*a - 21838 14*a^2 - 732*a + 9190 -29*a^2 + 1560*a - 19651 -4*a^2 + 576*a - 14864 438*a-14250 -42*a+1602 over Number field with defining polynomial x^3-87*x^2+2411*x-20781
28*a^2 + 668*a + 1536 4*a^3 + 64*a^2 - 552*a - 2160 -8*a^3 - 152*a^2 + 440*a + 2412 -6*a^3 - 114*a^2 + 330*a + 1809 -9*a^3 - 189*a^2 + 132*a + 1845 0 3*a^3 + 66*a^2 + 84*a - 189 9*a^2 + 114*a + 153 0 -6*a^3 - 130*a^2 - 96*a + 852 -2*a^3 - 30*a^2 + 168*a + 804 0 -6*a^3 - 132*a^2 - 168*a + 378 -3*a^3 - 63*a^2 + 44*a + 615 -2*a^3 - 26*a^2 + 352*a + 1182 -4*a^3 - 77*a^2 + 274*a + 1344 -5*a^2 - 130*a - 240 a^3 + 18*a^2 - 46*a - 351 -4*a^3 - 88*a^2 - 112*a + 252 3*a^3 + 47*a^2 - 415*a - 1527 -5*a^2 - 75*a - 195 2*a^3 + 50*a^2 + 132*a - 24 -4*a^3 - 77*a^2 + 274*a + 1344 a^3 + 22*a^2 + 28*a - 63 2*a^3 + 44*a^2 + 56*a - 126 -5*a^2 - 75*a - 195 3*a^2 + 38*a + 51 -a^3 - 2*a^2 + 472*a + 1308 a^3 + 12*a^2 - 122*a - 453 0 -a^3 - 27*a^2 - 103*a - 132 -4*a^3 - 88*a^2 - 112*a + 252 a^3 + 10*a^2 - 304*a - 1017 5*a^2 + 75*a + 195 -a^3 - 20*a^2 + 64*a + 252 -5*a^3 - 98*a^2 + 192*a + 1269 -5*a^2 - 130*a - 240 4*a^3 + 88*a^2 + 112*a - 252 5*a^2 + 75*a + 195 3*a^3 + 55*a^2 - 157*a - 861 14*a^2 + 334*a + 768 4*a^3 + 88*a^2 + 112*a - 252 2*a^3 + 38*a^2 - 110*a - 603 -a^3 - 23*a^2 - 29*a + 156 -2*a^3 - 26*a^2 + 352*a + 1182 9*a^2 + 204*a + 528 -5*a^2 - 75*a - 195 3*a^2 + 38*a + 51 -2*a^3 - 41*a^2 + 72*a + 552 0 -2*a^3 - 41*a^2 + 72*a + 552 -2*a^3 - 26*a^2 + 352*a + 1182 -5*a^2 - 75*a - 195 -2*a^2 - 37*a - 144 0 -4*a^2 - 129*a - 333 over Number field with defining polynomial x^4+22*x^3-531*x-1071
10*a^3 - 888*a^2 + 24278*a - 191496 10*a^3 - 888*a^2 + 24278*a - 191496 10*a^3 - 716*a^2 + 14626*a - 57480 -6*a^3 + 480*a^2 - 10248*a + 28386 -36*a^3 + 2856*a^2 - 69150*a + 467334 0 -6*a^3 + 609*a^2 - 17487*a + 128898 36*a^3 - 2985*a^2 + 76389*a - 567846 -16*a^3 + 1362*a^2 - 35438*a + 260160 -18*a^3 + 1604*a^2 - 42950*a + 318180 -38*a^3 + 3188*a^2 - 82218*a + 610812 -16*a^3 + 1362*a^2 - 35438*a + 260160 6*a^3 - 822*a^2 + 27180*a - 219240 -12*a^3 + 952*a^2 - 23050*a + 155778 -14*a^3 + 1190*a^2 - 29832*a + 195348 15*a^3 - 1106*a^2 + 25355*a - 170916 -5*a^3 + 392*a^2 - 9087*a + 54708 -38*a^3 + 3101*a^2 - 78213*a + 573168 -4*a^3 + 193*a^2 - 1965*a - 4410 -13*a^3 + 1159*a^2 - 31632*a + 251796 14*a^3 - 1203*a^2 + 31201*a - 221334 -10*a^3 + 792*a^2 - 19634*a + 146316 19*a^3 - 1547*a^2 + 37966*a - 253452 -2*a^3 + 203*a^2 - 5829*a + 42966 2*a^3 + 10*a^2 - 3864*a + 47376 -17*a^3 + 1526*a^2 - 41607*a + 322674 12*a^3 - 995*a^2 + 25463*a - 189282 -20*a^3 + 1550*a^2 - 37494*a + 266664 -28*a^3 + 2301*a^2 - 57119*a + 389952 16*a^3 - 1362*a^2 + 35438*a - 260160 -5*a^3 + 392*a^2 - 9087*a + 54708 2*a^3 + 10*a^2 - 3864*a + 47376 -2*a^3 - 53*a^2 + 6277*a - 80880 -12*a^3 + 1213*a^2 - 35065*a + 268710 -10*a^3 + 836*a^2 - 21226*a + 150456 -2*a^3 + 33*a^2 + 1451*a - 13872 -a^3 - 49*a^2 + 3524*a - 27828 -2*a^3 - 10*a^2 + 3864*a - 47376 19*a^3 - 1516*a^2 + 37743*a - 275298 -13*a^3 + 1247*a^2 - 34816*a + 260076 5*a^3 - 444*a^2 + 12139*a - 95748 4*a^3 - 619*a^2 + 21351*a - 176274 2*a^3 - 160*a^2 + 3416*a - 9462 -5*a^3 + 218*a^2 - 1077*a - 20580 -4*a^3 + 318*a^2 - 8474*a + 77652 -5*a^3 + 357*a^2 - 8134*a + 58104 13*a^3 - 1208*a^2 + 33133*a - 245022 -5*a^3 + 400*a^2 - 10547*a + 91608 9*a^3 - 798*a^2 + 20745*a - 140640 -5*a^3 + 436*a^2 - 10679*a + 58848 5*a^3 - 357*a^2 + 8134*a - 58104 -9*a^3 + 754*a^2 - 19153*a + 136500 -18*a^3 + 1521*a^2 - 39675*a + 298986 87*a^2 - 4005*a + 37644 -213*a^2 + 9693*a - 90342 -44*a^2 + 1592*a - 4140 over Number field with defining polynomial x^4-106*x^3+3937*x^2-60028*x+315768
-48*a^4 + 4904*a^3 - 168184*a^2 + 2225928*a - 7571944 -242*a^4 + 27062*a^3 - 1050606*a^2 + 16329626*a - 80522432 318*a^4 - 34514*a^3 + 1299762*a^2 - 19768126*a + 97757328 -291*a^4 + 33219*a^3 - 1314741*a^2 + 20803269*a - 104994960 39*a^4 - 4695*a^3 + 192825*a^2 - 3157161*a + 16601328 84*a^4 - 10200*a^3 + 452328*a^2 - 8370552*a + 51906228 65*a^4 - 6367*a^3 + 210755*a^2 - 2786121*a + 12038868 139*a^4 - 17117*a^3 + 721657*a^2 - 11790555*a + 57904164 -103*a^4 + 11359*a^3 - 430333*a^2 + 6506809*a - 30819420 26*a^4 - 3018*a^3 + 119086*a^2 - 1730974*a + 6096592 -26*a^4 + 3018*a^3 - 119086*a^2 + 1730974*a - 6096592 -211*a^4 + 21947*a^3 - 786897*a^2 + 11243997*a - 50412796 -38*a^4 + 3726*a^3 - 124578*a^2 + 1719250*a - 8617448 139*a^4 - 15771*a^3 + 620501*a^2 - 9688541*a + 47245112 -46*a^4 + 5782*a^3 - 249394*a^2 + 4162786*a - 20847096 79*a^4 - 10061*a^3 + 442209*a^2 - 7577511*a + 40122820 23*a^4 - 2817*a^3 + 121505*a^2 - 2098243*a + 11404524 -26*a^4 + 4426*a^3 - 227938*a^2 + 4137314*a - 20718048 -74*a^3 + 3192*a^2 + 16850*a - 980976 50*a^4 - 7002*a^3 + 327422*a^2 - 5858930*a + 32428828 -54*a^4 + 5350*a^3 - 183014*a^2 + 2555494*a - 12282168 26*a^4 - 3018*a^3 + 119086*a^2 - 1730974*a + 6096592 -5*a^4 + 657*a^3 - 32463*a^2 + 675091*a - 4916576 113*a^4 - 14099*a^3 + 602571*a^2 - 10059581*a + 51807572 -38*a^4 + 3726*a^3 - 124578*a^2 + 1719250*a - 8617448 78*a^4 - 9272*a^3 + 383654*a^2 - 6379124*a + 34652000 39*a^4 - 3349*a^3 + 91669*a^2 - 1055147*a + 5942276 -28*a^4 + 2214*a^3 - 51500*a^2 + 333294*a + 262308 28*a^4 - 3560*a^3 + 152656*a^2 - 2435308*a + 10396744 -157*a^4 + 16653*a^3 - 608615*a^2 + 8875403*a - 40616108 50*a^4 - 5532*a^3 + 210874*a^2 - 3148264*a + 13844968 130*a^4 - 14006*a^3 + 519474*a^2 - 7691106*a + 35717764 140*a^4 - 15394*a^3 + 587592*a^2 - 9024438*a + 44569940 -102*a^4 + 13082*a^3 - 574830*a^2 + 9828954*a - 52050872 26*a^4 - 3080*a^3 + 126782*a^2 - 2035300*a + 10058996 -140*a^4 + 15394*a^3 - 587592*a^2 + 9024438*a - 44569940 51*a^4 - 6587*a^3 + 288241*a^2 - 4804177*a + 23801720 130*a^4 - 14006*a^3 + 519474*a^2 - 7691106*a + 35717764 78*a^4 - 9160*a^3 + 374190*a^2 - 6005324*a + 29681040 -52*a^4 + 6136*a^3 - 252140*a^2 + 4156924*a - 22107524 24*a^4 - 2452*a^3 + 84092*a^2 - 1112964*a + 3785972 -74*a^3 + 3192*a^2 + 16850*a - 980976 -113*a^4 + 12753*a^3 - 501415*a^2 + 7957567*a - 41148520 -52*a^4 + 4666*a^3 - 135592*a^2 + 1446258*a - 3523664 54*a^4 - 5406*a^3 + 187746*a^2 - 2742394*a + 14767648 78*a^4 - 9154*a^3 + 371226*a^2 - 5887898*a + 28204116 -24*a^4 + 3866*a^3 - 195908*a^2 + 3636730*a - 19884352 -24*a^4 + 2514*a^3 - 91788*a^2 + 1417290*a - 7748376 -23*a^4 + 2965*a^3 - 127889*a^2 + 2064543*a - 9442572 50*a^4 - 5594*a^3 + 218570*a^2 - 3452590*a + 17807372 -51*a^4 + 6439*a^3 - 281857*a^2 + 4837877*a - 25763672 -4*a^4 - 188*a^3 + 30824*a^2 - 710196*a + 3039724 56*a^3 - 4732*a^2 + 186900*a - 2485480 -1408*a^3 + 108852*a^2 - 2406340*a + 14621456 74*a^3 - 3192*a^2 - 16850*a + 980976 62*a^3 - 7696*a^2 + 304326*a - 3962404 over Number field with defining polynomial x^5-144*x^4+7842*x^3-199516*x^2+2334261*x-9697692
4*a-20 72 -16*a-64 -12*a-48 18*a+126 0 -24*a-150 -6*a-24 12*a+48 -10*a-58 10*a+58 12*a+48 36 6*a+42 8*a+32 5*a+29 -9*a-45 -7*a-37 -4*a-34 9*a+27 a+31 10*a+58 11*a+53 -8*a-50 -4*a-16 -5*a+7 -2*a-8 -7*a-19 -3*a-21 -12*a-48 -9*a-45 -4*a-16 8*a+50 -7*a-1 -11*a-71 -18 -3*a-21 4*a+16 -a+23 9*a+63 2*a-10 -8*a-14 4*a+16 -a-13 -4*a-16 2*a+26 4*a+16 -2*a-8 4*a+16 6*a+24 -2*a-8 2*a+8 -2*a-8 -4*a-16 -6*a-24 -18 over Number field with defining polynomial x^2+4*x-9
-2*a^4 + 222*a^3 - 8742*a^2 + 144994*a - 852312 -2*a^4 + 222*a^3 - 8742*a^2 + 144994*a - 852312 -2*a^4 + 194*a^3 - 6894*a^2 + 105494*a - 579192 2*a^4 - 204*a^3 + 7564*a^2 - 119784*a + 675198 -2*a^3 + 138*a^2 - 3634*a + 34914 -6*a^4 + 598*a^3 - 21882*a^2 + 346322*a - 1987800 -2*a^4 + 193*a^3 - 6802*a^2 + 102905*a - 557106 -2*a^4 + 193*a^3 - 6802*a^2 + 102905*a - 557106 -14*a^3 + 924*a^2 - 19750*a + 136560 -2*a^4 + 190*a^3 - 6594*a^2 + 98490*a - 529380 2*a^4 - 190*a^3 + 6594*a^2 - 98490*a + 529380 -14*a^3 + 924*a^2 - 19750*a + 136560 2*a^4 - 208*a^3 + 7818*a^2 - 125244*a + 715752 -2*a^4 + 198*a^3 - 7148*a^2 + 110954*a - 619746 2*a^4 - 200*a^3 + 7286*a^2 - 114588*a + 654660 3*a^4 - 289*a^3 + 10225*a^2 - 156871*a + 875892 -a^4 + 101*a^3 - 3655*a^2 + 56207*a - 308148 2*a^4 - 191*a^3 + 6652*a^2 - 99403*a + 532200 -a^3 + 12*a^2 + 1087*a - 19182 -a^4 + 92*a^3 - 3089*a^2 + 44830*a - 236964 9*a^3 - 612*a^2 + 13377*a - 93186 -2*a^4 + 190*a^3 - 6594*a^2 + 98490*a - 529380 -3*a^4 + 294*a^3 - 10571*a^2 + 164920*a - 938532 3*a^3 - 208*a^2 + 4415*a - 27726 2*a^4 - 208*a^3 + 7818*a^2 - 125244*a + 715752 a^4 - 113*a^3 + 4521*a^2 - 75999*a + 451062 3*a^3 - 208*a^2 + 4415*a - 27726 -2*a^4 + 196*a^3 - 6998*a^2 + 107452*a - 594840 2*a^4 - 201*a^3 + 7344*a^2 - 115501*a + 657480 -14*a^3 + 924*a^2 - 19750*a + 136560 -a^4 + 85*a^3 - 2627*a^2 + 34955*a - 168684 14*a^3 - 924*a^2 + 19750*a - 136560 -7*a^3 + 462*a^2 - 9875*a + 68280 -2*a^4 + 199*a^3 - 7206*a^2 + 111867*a - 622566 -2*a^4 + 196*a^3 - 6998*a^2 + 107452*a - 594840 7*a^3 - 462*a^2 + 9875*a - 68280 a^4 - 96*a^3 + 3309*a^2 - 48158*a + 245508 14*a^3 - 924*a^2 + 19750*a - 136560 a^4 - 95*a^3 + 3297*a^2 - 49245*a + 264690 -3*a^4 + 300*a^3 - 10907*a^2 + 170074*a - 952716 a^4 - 111*a^3 + 4371*a^2 - 72497*a + 426156 -a^3 + 12*a^2 + 1087*a - 19182 -8*a^3 + 554*a^2 - 12464*a + 90366 -3*a^4 + 307*a^3 - 11369*a^2 + 179949*a - 1020996 -18*a^3 + 1224*a^2 - 26754*a + 186372 a^4 - 110*a^3 + 4313*a^2 - 71584*a + 423336 -a^4 + 95*a^3 - 3297*a^2 + 49245*a - 264690 -a^4 + 105*a^3 - 3967*a^2 + 63535*a - 360696 a^4 - 99*a^3 + 3631*a^2 - 58381*a + 346512 -a^4 + 91*a^3 - 3031*a^2 + 43917*a - 234144 -a^4 + 94*a^3 - 3285*a^2 + 50332*a - 283872 -a^4 + 109*a^3 - 4255*a^2 + 70671*a - 420516 9*a^3 - 612*a^2 + 13377*a - 93186 a^3 - 58*a^2 + 913*a - 2820 a^3 - 12*a^2 - 1087*a + 19182 -6*a^3 + 404*a^2 - 8962*a + 65460 over Number field with defining polynomial x^5-133*x^4+6911*x^3-175127*x^2+2158428*x-10305864
a vector of length 56 over Number field with defining polynomial a number field of degree 13
4 20 28 -27 3 0 9 3 0 10 -2 0 -8 -13 -2 -1 -5 2 8 -8 -1 -6 -1 -11 16 -1 -13 0 0 0 -4 -4 10 1 -2 14 -5 4 1 6 2 -8 -5 10 -2 8 -1 -6 -3 0 -3 -2 -1 0 0 0 over Number field with defining polynomial x-261
0 0 -8 -6 6 0 -12 0 -12 -4 4 -12 -12 2 0 6 2 -2 10 2 -8 4 0 -4 4 -2 0 0 -2 12 -4 4 -2 -4 -4 -6 -4 -4 -10 2 0 2 2 0 0 2 -2 0 -2 0 4 0 4 -2 6 0 over Number field with defining polynomial x-3
48 48 24 18 -18 0 0 36 -36 60 36 -36 108 -6 -24 54 42 -6 -90 30 -12 -12 -36 0 -36 6 12 48 -6 36 -84 -36 42 -24 36 30 -48 36 -42 -18 24 -18 -6 -24 -24 6 6 0 -42 0 48 -24 24 -30 -54 24 over Number field with defining polynomial x-3
-4 16 -4 -3 -3 0 6 6 -10 0 0 -10 -6 7 -6 0 -2 2 1 2 3 0 -3 -2 -6 4 -2 -5 4 -10 -3 -10 -5 3 -1 5 -1 -10 -10 -8 2 1 1 -3 -2 4 0 -1 2 2 1 4 -7 2 -1 -3 over Number field with defining polynomial x-27
4 4 -4 1 -1 0 5 -1 0 2 6 0 0 -1 -2 3 -1 2 0 0 -1 2 3 1 0 -1 -1 0 0 0 4 0 2 1 -2 -2 -1 0 1 -2 2 0 -1 2 -2 0 -1 2 1 0 1 -2 -1 0 0 0 over Number field with defining polynomial x-477
0 0 0 0 0 0 -6 0 0 4 0 0 -4 2 0 0 -2 0 -2 0 0 -2 0 0 2 0 2 0 0 0 2 0 2 0 0 2 -2 0 0 -2 0 2 2 0 0 -1 0 1 -1 0 -1 0 0 0 0 0 over Number field with defining polynomial x-45
For conductor 93, eigenvectors are:
3 3 0 -3 -3 0 2 2 0 0 1 -3 -3 0 0 0 1 -2 1 -1 3 1 0 0 0 0 0 0 3 0 0 -1 0 -1 0 0 -4 1 0 0 -2 0 0 1 0 -1 -2 0 -2 0 over Number field with defining polynomial x+1
-3 -3 0 3 3 0 -2 -2 0 0 -1 0 0 0 3 0 -1 2 -4 1 3 -1 0 0 0 0 0 0 3 0 0 4 0 1 0 0 1 -1 0 0 -1 0 0 2 0 -2 -1 0 -1 0 over Number field with defining polynomial x+28
0 -6*a-12 0 6*a+12 0 -80 -4*a-8 0 -80 4*a+8 -2*a-4 -2*a+36 -2*a+36 0 -2*a+36 0 40 2*a+4 2*a+4 2*a+4 0 0 -2*a-4 -2*a-4 0 2*a+4 -40 2*a+4 0 0 2*a+4 -2*a-4 -40 -40 2*a+4 0 -2*a-4 0 0 -a-2 -20 a+2 0 -20 0 20 -20 -a-2 -20 -a-2 over Number field with defining polynomial x^2+4*x-196
9*a^2 + 81*a - 774 9*a^2 + 81*a - 1674 -18*a^2 - 252*a + 918 -90*a-1080 -90*a-1080 6*a^2 + 114*a + 204 -6*a^2 - 114*a + 96 -6*a^2 - 114*a + 96 -6*a^2 - 114*a - 204 -6*a^2 - 54*a + 816 -3*a^2 - 87*a + 138 3*a^2 + 57*a - 48 -3*a^2 - 57*a + 48 3*a^2 + 87*a + 312 -3*a^2 - 27*a + 408 3*a^2 + 57*a - 198 -30*a-60 -6*a^2 - 114*a + 96 150 6*a^2 + 84*a - 456 3*a^2 + 57*a + 252 -6*a^2 - 84*a + 456 -30*a-510 3*a^2 + 27*a - 408 -6*a^2 - 114*a - 204 -6*a^2 - 114*a + 96 -6*a^2 - 84*a + 606 3*a^2 - 3*a - 1218 -30*a-60 6*a^2 + 84*a - 606 3*a^2 + 57*a + 402 150 6*a^2 + 84*a - 606 -3*a^2 - 57*a - 252 3*a^2 + 57*a + 102 6*a^2 + 84*a - 906 3*a^2 + 27*a - 408 -3*a^2 - 87*a - 762 0 -3*a^2 - 57*a + 198 3*a^2 + 57*a + 252 0 3*a^2 + 57*a - 48 6*a^2 + 84*a - 306 150 6*a^2 + 84*a - 306 -30*a-60 -3*a^2 - 27*a + 408 -3*a^2 - 27*a + 408 30*a+510 over Number field with defining polynomial x^3+16*x^2-73*x-452
-6*a^4 + 78*a^3 - 684*a^2 + 4368*a + 29328 12*a^4 - 84*a^3 - 1110*a^2 + 906*a - 10608 0 -12*a^4 - 42*a^3 + 2874*a^2 - 780*a - 36192 6*a^4 + 48*a^3 - 1080*a^2 - 4494*a + 17472 8*a^3 + 16*a^2 + 1064*a - 19968 4*a^4 + 44*a^3 + 156*a^2 - 8948*a - 9568 -12*a^4 - 36*a^3 + 2236*a^2 + 1916*a - 15392 8*a^3 + 16*a^2 + 1064*a - 19968 36*a^3 + 476*a^2 - 6512*a - 832 4*a^4 - 28*a^3 - 370*a^2 + 302*a - 3536 -46*a^3 - 116*a^2 + 9122*a + 6240 -58*a^3 - 140*a^2 + 7526*a + 36192 4*a^4 + 2*a^3 - 758*a^2 + 540*a + 1872 -64*a^3 + 532*a^2 + 4736*a - 14976 2*a^4 + 40*a^3 - 688*a^2 + 2784*a + 9360 28*a^3 + 186*a^2 - 6768*a - 8528 4*a^4 - 4*a^3 - 1196*a^2 + 3516*a + 12480 -70*a^3 + 284*a^2 + 9682*a - 14144 -4*a^4 - 14*a^3 + 958*a^2 - 260*a - 12064 12*a^3 - 318*a^2 + 2592*a + 3120 -2*a^4 - 16*a^3 + 360*a^2 + 1498*a - 5824 -2*a^4 - 40*a^3 + 30*a^2 + 11764*a + 16016 -8*a^4 + 98*a^3 + 882*a^2 - 10352*a - 19552 0 8*a^4 + 82*a^3 - 1476*a^2 - 8440*a - 4784 -8*a^3 - 16*a^2 - 1064*a + 19968 18*a^3 + 238*a^2 - 3256*a - 416 12*a^3 - 318*a^2 + 2592*a + 3120 2*a^4 + 4*a^3 + 266*a^2 - 4992*a 18*a^3 + 238*a^2 - 3256*a - 416 82*a^3 - 260*a^2 - 8086*a - 15808 -8*a^3 - 16*a^2 - 1064*a + 19968 -28*a^3 - 186*a^2 + 6768*a + 8528 2*a^4 - 44*a^3 - 588*a^2 + 8540*a + 9568 0 16*a^3 + 268*a^2 - 3616*a - 25792 -2*a^4 + 26*a^3 - 228*a^2 + 1456*a + 9776 4*a^4 - 58*a^3 - 560*a^2 + 6804*a + 9984 -18*a^3 + 148*a^2 + 3386*a + 8008 -20*a^3 + 66*a^2 + 2088*a + 2704 6*a^4 - 48*a^3 - 820*a^2 + 5446*a + 10712 -6*a^3 - 12*a^2 - 798*a + 14976 -56*a^3 + 324*a^2 + 3924*a + 5200 -6*a^3 - 12*a^2 - 798*a + 14976 56*a^3 - 324*a^2 - 3924*a - 5200 -20*a^3 + 66*a^2 + 2088*a + 2704 -6*a^4 - 12*a^3 + 1018*a^2 + 818*a - 2600 40*a^3 - 132*a^2 - 4176*a - 5408 42*a^3 - 50*a^2 - 2878*a - 104 over Number field with defining polynomial x^5-8*x^4-292*x^3+1639*x^2+14755*x+5408
-3*a^2 - 39*a + 120 -3*a^2 + 15*a + 390 0 3*a^2 - 15*a - 390 3*a^2 + 39*a - 120 18*a^2 + 252*a + 810 -2*a^2 - 152*a - 1126 -2*a^2 + 136*a + 1466 18*a^2 + 252*a + 810 -36*a-180 -a^2 + 5*a + 130 6*a^2 + 96*a + 426 6*a^2 + 96*a + 426 -81*a-693 6*a^2 + 96*a + 426 81*a+693 8*a^2 + 104*a + 256 2*a^2 + 8*a - 170 2*a^2 + 8*a - 170 a^2 - 5*a - 130 0 -a^2 - 13*a + 40 -63*a-603 -63*a-603 0 63*a+603 9*a^2 + 126*a + 405 -18*a-90 0 81*a+693 -18*a-90 -2*a^2 - 8*a + 170 9*a^2 + 126*a + 405 -8*a^2 - 104*a - 256 63*a+603 0 -2*a^2 - 8*a + 170 -a^2 - 13*a + 40 -81*a-693 9*a+45 -4*a^2 - 52*a - 128 -9*a-45 0 -4*a^2 - 52*a - 128 0 4*a^2 + 52*a + 128 -4*a^2 - 52*a - 128 9*a+45 -4*a^2 - 52*a - 128 9*a+45 over Number field with defining polynomial x^3+5*x^2-153*x-1021
0 0 0 -9*a^3 - 63*a^2 - 567*a - 369 9*a^3 + 63*a^2 + 567*a + 369 6*a^3 + 42*a^2 - 318*a - 186 84*a^2 - 324*a - 3264 -84*a^2 + 324*a + 3264 6*a^3 + 42*a^2 - 318*a - 186 6*a^3 + 42*a^2 + 378*a + 246 0 12*a^3 - 6*a^2 - 1242*a - 3744 6*a^3 + 18*a^2 - 876*a - 2796 -3*a^3 + 21*a^2 - 351*a - 1755 -3*a^3 - 21*a^2 + 507*a + 309 -9*a^3 - 39*a^2 + 1035*a + 2889 -9*a^3 - 39*a^2 + 1035*a + 2889 0 3*a^3 - 3*a^2 - 369*a - 2487 -3*a^3 - 21*a^2 - 189*a - 123 -24*a^2 - 558*a - 2610 -3*a^3 - 21*a^2 - 189*a - 123 -12*a^3 + 6*a^2 + 1242*a + 3744 3*a^3 - 3*a^2 - 369*a - 2487 0 -24*a^2 - 558*a - 2610 -6*a^3 - 42*a^2 + 318*a + 186 3*a^3 + 21*a^2 + 189*a + 123 3*a^3 + 63*a^2 - 669*a - 1941 6*a^3 + 18*a^2 - 1224*a - 3012 3*a^3 + 21*a^2 + 189*a + 123 3*a^3 - 21*a^2 + 3*a + 1539 -6*a^3 - 42*a^2 + 318*a + 186 6*a^3 - 48*a^2 - 924*a - 3558 -9*a^3 + 111*a^2 + 1107*a + 603 0 -15*a^3 + 27*a^2 + 1239*a + 2205 0 -126*a^2 + 486*a + 4896 -3*a^3 + 12*a^2 + 9*a + 366 3*a^3 - 12*a^2 - 183*a - 474 -3*a^3 + 12*a^2 + 9*a + 366 -3*a^3 + 12*a^2 + 183*a + 474 174*a+108 -3*a^3 + 12*a^2 + 183*a + 474 -174*a-108 3*a^3 - 12*a^2 - 183*a - 474 75*a^2 + 36*a - 1143 -6*a^3 + 24*a^2 + 366*a + 948 -75*a^2 - 36*a + 1143 over Number field with defining polynomial x^4-14*x^3-146*x^2+914*x+3809
-2*a^3 + 75*a^2 + 662*a - 33183 -a^4 + 103*a^3 - 3762*a^2 + 56013*a - 265761 a^4 - 108*a^3 + 4210*a^2 - 69332*a + 397197 -a^4 + 97*a^3 - 3433*a^2 + 51289*a - 257568 -a^4 + 105*a^3 - 3941*a^2 + 62061*a - 340320 -a^4 + 101*a^3 - 3653*a^2 + 54687*a - 270054 -a^4 + 101*a^3 - 3687*a^2 + 56675*a - 298944 -a^4 + 101*a^3 - 3687*a^2 + 56675*a - 298944 a^4 - 101*a^3 + 3653*a^2 - 54687*a + 270054 -10*a^3 + 824*a^2 - 21170*a + 162948 -2*a^3 + 75*a^2 + 662*a - 33183 a^4 - 101*a^3 + 3653*a^2 - 54687*a + 270054 -a^4 + 101*a^3 - 3653*a^2 + 54687*a - 270054 -2*a^4 + 206*a^3 - 7594*a^2 + 116748*a - 610374 5*a^3 - 412*a^2 + 10585*a - 81474 -a^4 + 94*a^3 - 3166*a^2 + 44764*a - 221763 -5*a^3 + 412*a^2 - 10585*a + 81474 -a^4 + 101*a^3 - 3687*a^2 + 56675*a - 298944 -2*a^3 + 145*a^2 - 4060*a + 45669 4*a^3 - 254*a^2 + 5386*a - 41376 0 4*a^3 - 254*a^2 + 5386*a - 41376 -2*a^3 + 109*a^2 - 1326*a - 4293 a^4 - 105*a^3 + 3907*a^2 - 60073*a + 311430 a^4 - 101*a^3 + 3653*a^2 - 54687*a + 270054 9*a^3 - 632*a^2 + 13983*a - 93960 11*a^3 - 741*a^2 + 15309*a - 89667 16*a^3 - 1153*a^2 + 25894*a - 171141 -5*a^3 + 412*a^2 - 10585*a + 81474 -a^4 + 99*a^3 - 3578*a^2 + 55349*a - 303237 -6*a^3 + 329*a^2 - 4724*a + 8193 -2*a^3 + 145*a^2 - 4060*a + 45669 -11*a^3 + 741*a^2 - 15309*a + 89667 0 7*a^3 - 521*a^2 + 11911*a - 77181 a^4 - 108*a^3 + 4210*a^2 - 69332*a + 397197 -5*a^3 + 412*a^2 - 10585*a + 81474 -a^4 + 103*a^3 - 3762*a^2 + 56013*a - 265761 -a^4 + 110*a^3 - 4319*a^2 + 70658*a - 392904 a^4 - 94*a^3 + 3166*a^2 - 44764*a + 221763 0 a^4 - 110*a^3 + 4319*a^2 - 70658*a + 392904 a^4 - 101*a^3 + 3653*a^2 - 54687*a + 270054 11*a^3 - 741*a^2 + 15309*a - 89667 -2*a^3 + 145*a^2 - 4060*a + 45669 11*a^3 - 741*a^2 + 15309*a - 89667 -5*a^3 + 412*a^2 - 10585*a + 81474 -a^4 + 105*a^3 - 3907*a^2 + 60073*a - 311430 5*a^3 - 412*a^2 + 10585*a - 81474 2*a^3 - 109*a^2 + 1326*a + 4293 over Number field with defining polynomial x^5-134*x^4+6920*x^3-171070*x^2+2001759*x-8689188
a vector of length 50 over Number field with defining polynomial a number field of degree 14
-72 -72 0 -27 27 -6 12 84 30 -30 24 36 -12 51 -27 -21 33 -48 -39 39 -6 -57 36 33 -18 48 -12 -15 -27 -12 -15 -3 -12 6 33 0 -33 24 0 -15 6 36 -24 12 21 -12 -3 3 -3 0 over Number field with defining polynomial x-369
0 0 0 0 0 a-297 0 0 -a+297 0 0 -22 22 -22 0 -22 a-319 0 22 0 -a+319 0 22 22 a-297 22 0 0 a-319 22 0 22 0 a-319 22 0 0 0 22 -22 a-319 22 22 0 -22 0 -a+319 22 0 22 over Number field with defining polynomial x^2-572*x+79739
15*a-534 -15*a+534 0 -3*a+162 9*a-348 276 6*a-186 -2*a+62 92 -8*a+248 -7*a+240 -230 -4*a+170 -2*a+85 4*a+106 -4*a+193 2*a-154 -2*a+62 2*a-246 -3*a+116 -2*a+108 -a+54 -4*a+147 -4*a+193 92 69 -184 -4*a+124 -2*a-30 6*a-255 -4*a+124 -2*a-122 -184 -2*a+200 -2*a+85 0 4*a-170 3*a-116 2*a-85 -23 46 2*a-85 -2*a+200 2*a-154 184 -2*a+154 92 -23 -138 23 over Number field with defining polynomial x^2-62*x-97
For conductor 186, eigenvectors are:
4 -1 4 -7 -4 2 0 -2 -4 -5 -4 -1 over Number field with defining polynomial x
0 1 0 -1 0 -2 0 -2 0 1 0 1 over Number field with defining polynomial x+8
0 -1 0 1 0 -1 0 -1 0 -1 0 -1 over Number field with defining polynomial x+5
-4 -2 -1 -2 1 1 3 -1 1 2 -2 -2 over Number field with defining polynomial x-3
-2*a+6 -a+3 -4*a-4 -a+3 -a-5 -2*a-2 a-3 2*a+2 -2*a-2 -2*a+6 -8 2*a-6 over Number field with defining polynomial x^2+10*x-7
2*a-36 a-18 -2*a+16 a-18 -2*a-4 2*a-16 2*a-36 -2*a+16 2*a-16 -a+18 20 a-18 over Number field with defining polynomial x^2+4*x-196
4*a^3 - 24*a^2 - 544*a - 108 -2*a^3 + 19*a^2 + 186*a - 987 -a^3 + 2*a^2 + 219*a + 1166 -a^3 + 10*a^2 + 229*a + 462 a^3 - 2*a^2 - 219*a - 1166 8*a^2 + 10*a - 704 7*a^2 + 90*a + 533 -8*a^2 - 10*a + 704 -23*a^2 - 110*a + 875 a^3 - 2*a^2 - 43*a + 408 a^3 + 5*a^2 - 129*a - 633 -7*a^2 + 86*a + 1041 over Number field with defining polynomial x^4-14*x^3-146*x^2+914*x+3809
For conductor 1:
traces of hecke eigenvalues of T_{p^1} are:
156 400 1464 2380 5220 7240 12720 25260 52060 70644 81400 106080 151740 208920 230764 305320 363024 394420 499360 578760 712980 922180 
computing eigenvalues for k = 1, took 32.757281 sec
traces of hecke eigenvalues of T_{p^2} are:
780 2800 
computing eigenvalues for k = 2, took 0.247830 sec
traces of hecke eigenvalues of T_{p^1} are:
28 80 88 204 356 424 496 1068 1244 1524 1944 2784 2620 2872 4332 4744 5840 5556 5664 7208 8724 9028 
computing eigenvalues for k = 1, took 33.277985 sec
traces of hecke eigenvalues of T_{p^2} are:
12 240 
computing eigenvalues for k = 2, took 0.261047 sec
traces of hecke eigenvalues of T_{p^1} are:
-12 16 36 8 -60 -40 -24 72 -440 324 364 96 -264 48 -304 -1208 192 380 -784 -492 684 708 
computing eigenvalues for k = 1, took 30.284449 sec
traces of hecke eigenvalues of T_{p^2} are:
-4 -48 
computing eigenvalues for k = 2, took 0.255225 sec
traces of hecke eigenvalues of T_{p^1} are:
12 -38 -38 10 42 -12 246 -186 -46 284 -78 46 742 892 98 -404 60 410 -150 334 -1122 20 
computing eigenvalues for k = 1, took 30.342132 sec
traces of hecke eigenvalues of T_{p^2} are:
-36 72 
computing eigenvalues for k = 2, took 0.253217 sec
traces of hecke eigenvalues of T_{p^1} are:
12 -4 -42 50 -252 -112 336 -114 878 576 -190 372 714 -2028 -1198 2840 1584 -1024 -724 -486 2688 2696 
computing eigenvalues for k = 1, took 32.791474 sec
traces of hecke eigenvalues of T_{p^2} are:
48 32 
computing eigenvalues for k = 2, took 0.252834 sec
traces of hecke eigenvalues of T_{p^1} are:
5 -39 -34 14 70 -83 44 376 -52 547 18 228 270 519 222 -1520 -289 -340 -298 -134 432 -2119 
computing eigenvalues for k = 1, took 32.637715 sec
traces of hecke eigenvalues of T_{p^2} are:
10 -64 
computing eigenvalues for k = 2, took 0.257719 sec
traces of hecke eigenvalues of T_{p^1} are:
34 -24 -37 -84 178 -143 -191 406 -274 428 53 931 937 1898 1089 -1510 278 -185 703 -163 -406 -832 
computing eigenvalues for k = 1, took 32.903849 sec
traces of hecke eigenvalues of T_{p^2} are:
-14 43 
computing eigenvalues for k = 2, took 0.253130 sec
traces of hecke eigenvalues of T_{p^1} are:
144 301 645 839 1511 1882 2914 4312 6674 8593 9570 11939 13774 17281 17213 21561 26110 25370 29931 33653 38020 44428 
computing eigenvalues for k = 1, took 32.776066 sec
traces of hecke eigenvalues of T_{p^2} are:
84 408 
computing eigenvalues for k = 2, took 0.264533 sec
traces of hecke eigenvalues of T_{p^1} are:
129 179 474 712 1148 1379 2050 3386 5716 6895 6752 8120 11250 13673 15364 18008 19589 22132 25760 27694 32950 38045 
computing eigenvalues for k = 1, took 32.965204 sec
traces of hecke eigenvalues of T_{p^2} are:
150 -168 
computing eigenvalues for k = 2, took 0.252055 sec
traces of hecke eigenvalues of T_{p^1} are:
-4 14 207 -208 -174 -101 785 302 -706 -66 -143 1015 1481 2604 -1607 -622 880 -3357 2791 2589 -2786 -2370 
computing eigenvalues for k = 1, took 30.603446 sec
traces of hecke eigenvalues of T_{p^2} are:
34 -113 
computing eigenvalues for k = 2, took 0.256527 sec
traces of hecke eigenvalues of T_{p^1} are:
-26 0 -66 40 154 348 -292 -348 890 54 -132 128 912 -718 1118 160 -766 -1598 -878 396 -2538 -1080 
computing eigenvalues for k = 1, took 32.754544 sec
traces of hecke eigenvalues of T_{p^2} are:
8 -4 
computing eigenvalues for k = 2, took 0.250417 sec
traces of hecke eigenvalues of T_{p^1} are:
21 22 165 247 285 283 468 918 1552 1344 2074 1755 2460 3642 3991 3721 5007 5944 7429 6375 6372 8023 
computing eigenvalues for k = 1, took 32.660210 sec
traces of hecke eigenvalues of T_{p^2} are:
-30 -224 
computing eigenvalues for k = 2, took 0.255456 sec
traces of hecke eigenvalues of T_{p^1} are:
36 40 144 220 180 400 720 900 1660 1764 1840 2160 3060 2880 3244 5440 5904 5620 5800 6480 8820 10660 
computing eigenvalues for k = 1, took 32.868762 sec
traces of hecke eigenvalues of T_{p^2} are:
60 -80 
computing eigenvalues for k = 2, took 0.258004 sec
traces of hecke eigenvalues of T_{p^1} are:
31 45 114 100 300 405 610 1050 1260 1769 1880 2120 2630 4255 3264 4120 5499 6080 6980 6590 7210 7875 
computing eigenvalues for k = 1, took 32.971476 sec
traces of hecke eigenvalues of T_{p^2} are:
30 -40 
computing eigenvalues for k = 2, took 0.257050 sec
traces of hecke eigenvalues of T_{p^1} are:
33 49 132 184 426 265 414 702 1030 1563 1444 2520 3426 3405 4198 4288 4533 5494 5890 7314 8532 10507 
computing eigenvalues for k = 1, took 32.897084 sec
traces of hecke eigenvalues of T_{p^2} are:
42 -8 
computing eigenvalues for k = 2, took 0.255354 sec
traces of hecke eigenvalues of T_{p^1} are:
68 108 298 194 480 640 1186 1606 2646 3704 3338 4076 5916 6534 7900 9008 9766 9678 12792 14376 14008 17414 
computing eigenvalues for k = 1, took 33.168530 sec
traces of hecke eigenvalues of T_{p^2} are:
96 64 
computing eigenvalues for k = 2, took 0.252591 sec
traces of hecke eigenvalues of T_{p^1} are:
49 141 128 344 582 877 962 1814 2646 3283 3512 3832 5334 6717 6874 9368 10829 11382 11610 11898 16808 20639 
computing eigenvalues for k = 1, took 32.573154 sec
traces of hecke eigenvalues of T_{p^2} are:
-18 328 
computing eigenvalues for k = 2, took 0.251879 sec
traces of hecke eigenvalues of T_{p^1} are:
35 93 238 428 528 709 1114 1426 2844 2861 4004 5024 5670 6471 7936 9536 9907 8964 11508 15402 16438 20375 
computing eigenvalues for k = 1, took 32.925811 sec
traces of hecke eigenvalues of T_{p^2} are:
-102 -56 
computing eigenvalues for k = 2, took 0.265625 sec
traces of hecke eigenvalues of T_{p^1} are:
22 -60 68 50 -150 40 290 350 360 658 -190 -380 -240 -1320 -1442 2840 1868 1020 -1830 -1980 2510 950 
computing eigenvalues for k = 1, took 32.858348 sec
traces of hecke eigenvalues of T_{p^2} are:
60 160 
computing eigenvalues for k = 2, took 0.250649 sec
traces of hecke eigenvalues of T_{p^1} are:
3 -11 -18 44 -24 5 -6 162 -80 -267 184 -120 -594 -765 308 88 -777 524 80 54 1902 -1173 
computing eigenvalues for k = 1, took 30.464934 sec
traces of hecke eigenvalues of T_{p^2} are:
-58 -48 
computing eigenvalues for k = 2, took 0.254465 sec
traces of hecke eigenvalues of T_{p^1} are:
6 20 -44 18 202 88 -158 686 -472 178 18 868 -1120 -1336 734 1448 1740 892 -2102 -524 2318 -2314 
computing eigenvalues for k = 1, took 30.083279 sec
traces of hecke eigenvalues of T_{p^2} are:
44 0 
computing eigenvalues for k = 2, took 0.250706 sec
traces of hecke eigenvalues of T_{p^1} are:
3 17 -10 0 84 -119 -34 150 168 -275 -188 -496 278 383 408 592 -901 300 180 966 -630 787 
computing eigenvalues for k = 1, took 30.022366 sec
traces of hecke eigenvalues of T_{p^2} are:
-26 16 
computing eigenvalues for k = 2, took 0.251736 sec
For conductor 2:
traces of hecke eigenvalues of T_{p^1} are:
-17 -3 -30 28 -84 69 74 -38 -204 -143 24 -152 -418 503 48 288 -357 -664 492 -106 -1206 -221 
computing eigenvalues for k = 1, took 341.888705 sec
traces of hecke eigenvalues of T_{p^2} are:
22 -80 
computing eigenvalues for k = 2, took 0.541871 sec
traces of hecke eigenvalues of T_{p^1} are:
-12 16 36 8 -60 -40 -24 72 -440 324 364 96 -264 48 -304 -1208 192 380 -784 -492 684 708 
computing eigenvalues for k = 1, took 343.772585 sec
traces of hecke eigenvalues of T_{p^2} are:
-4 -48 
computing eigenvalues for k = 2, took 0.527411 sec
traces of hecke eigenvalues of T_{p^1} are:
-8 -6 -18 -38 -42 12 38 -242 234 -224 -330 214 182 212 -822 -228 -228 62 210 50 90 -680 
computing eigenvalues for k = 1, took 340.383029 sec
traces of hecke eigenvalues of T_{p^2} are:
-32 -32 
computing eigenvalues for k = 2, took 0.537116 sec
traces of hecke eigenvalues of T_{p^1} are:
-9 -23 -54 64 -24 1 30 30 -116 -327 292 -96 198 -837 -1148 616 -273 1240 112 6 1878 475 
computing eigenvalues for k = 1, took 341.156249 sec
traces of hecke eigenvalues of T_{p^2} are:
6 64 
computing eigenvalues for k = 2, took 0.530453 sec
traces of hecke eigenvalues of T_{p^1} are:
12 -4 -42 50 -252 -112 336 -114 878 576 -190 372 714 -2028 -1198 2840 1584 -1024 -724 -486 2688 2696 
computing eigenvalues for k = 1, took 214.510903 sec
traces of hecke eigenvalues of T_{p^2} are:
48 32 
computing eigenvalues for k = 2, took 0.497372 sec
traces of hecke eigenvalues of T_{p^1} are:
-26 0 -66 40 154 348 -292 -348 890 54 -132 128 912 -718 1118 160 -766 -1598 -878 396 -2538 -1080 
computing eigenvalues for k = 1, took 212.203101 sec
traces of hecke eigenvalues of T_{p^2} are:
8 -4 
computing eigenvalues for k = 2, took 0.503149 sec
traces of hecke eigenvalues of T_{p^1} are:
22 -60 68 50 -150 40 290 350 360 658 -190 -380 -240 -1320 -1442 2840 1868 1020 -1830 -1980 2510 950 
computing eigenvalues for k = 1, took 213.425059 sec
traces of hecke eigenvalues of T_{p^2} are:
60 160 
computing eigenvalues for k = 2, took 0.502540 sec
traces of hecke eigenvalues of T_{p^1} are:
3 -11 -18 44 -24 5 -6 162 -80 -267 184 -120 -594 -765 308 88 -777 524 80 54 1902 -1173 
computing eigenvalues for k = 1, took 212.578564 sec
traces of hecke eigenvalues of T_{p^2} are:
-58 -48 
computing eigenvalues for k = 2, took 0.508183 sec
traces of hecke eigenvalues of T_{p^1} are:
3 17 -10 0 84 -119 -34 150 168 -275 -188 -496 278 383 408 592 -901 300 180 966 -630 787 
computing eigenvalues for k = 1, took 338.426478 sec
traces of hecke eigenvalues of T_{p^2} are:
-26 16 
computing eigenvalues for k = 2, took 0.546281 sec
For conductor 3:
traces of hecke eigenvalues of T_{p^1} are:
-12 16 36 8 -60 -40 -24 72 -440 324 364 96 -264 48 -304 -1208 192 380 -784 -492 684 708 
computing eigenvalues for k = 1, took 342.538327 sec
traces of hecke eigenvalues of T_{p^2} are:
-4 -48 
computing eigenvalues for k = 2, took 0.525355 sec
traces of hecke eigenvalues of T_{p^1} are:
-28 -48 -18 -50 112 -172 6 -6 74 104 -498 236 -108 2 -52 96 -950 -30 -520 -336 808 2390 
computing eigenvalues for k = 1, took 335.875088 sec
traces of hecke eigenvalues of T_{p^2} are:
24 32 
computing eigenvalues for k = 2, took 0.549390 sec
traces of hecke eigenvalues of T_{p^1} are:
-26 -2 16 -16 44 -26 48 28 68 -418 -28 32 -284 602 -788 892 394 -580 1864 -676 64 -774 
computing eigenvalues for k = 1, took 336.574903 sec
traces of hecke eigenvalues of T_{p^2} are:
36 16 
computing eigenvalues for k = 2, took 0.515330 sec
traces of hecke eigenvalues of T_{p^1} are:
12 -38 -38 10 42 -12 246 -186 -46 284 -78 46 742 892 98 -404 60 410 -150 334 -1122 20 
computing eigenvalues for k = 1, took 334.684259 sec
traces of hecke eigenvalues of T_{p^2} are:
-36 72 
computing eigenvalues for k = 2, took 0.512006 sec
traces of hecke eigenvalues of T_{p^1} are:
10 -8 16 -130 26 124 174 10 -4 -106 -82 476 -416 440 -290 -176 172 176 -1070 1580 406 1542 
computing eigenvalues for k = 1, took 332.316303 sec
traces of hecke eigenvalues of T_{p^2} are:
-12 -8 
computing eigenvalues for k = 2, took 0.512980 sec
traces of hecke eigenvalues of T_{p^1} are:
6 20 -44 18 202 88 -158 686 -472 178 18 868 -1120 -1336 734 1448 1740 892 -2102 -524 2318 -2314 
computing eigenvalues for k = 1, took 332.507563 sec
traces of hecke eigenvalues of T_{p^2} are:
44 0 
computing eigenvalues for k = 2, took 0.515466 sec
traces of hecke eigenvalues of T_{p^1} are:
-26 -12 116 -46 138 -200 98 -178 -600 754 818 676 192 -1368 478 1736 -436 636 234 -3372 -370 -3466 
computing eigenvalues for k = 1, took 330.751938 sec
traces of hecke eigenvalues of T_{p^2} are:
12 64 
computing eigenvalues for k = 2, took 0.532261 sec
For conductor 6:
traces of hecke eigenvalues of T_{p^1} are:
-43 68 -38 403 -185 78 -911 228 994 90 -519 -1996 -69 -4184 4678 859 -4553 3489 352 -944 3710 5871 
computing eigenvalues for k = 1, took 157.125439 sec
traces of hecke eigenvalues of T_{p^2} are:
-136 -109 
computing eigenvalues for k = 2, took 0.552759 sec
traces of hecke eigenvalues of T_{p^1} are:
44 32 104 108 388 472 560 732 1436 2004 1896 2496 2732 4136 3564 4120 5968 4404 6288 5464 7764 10372 
computing eigenvalues for k = 1, took 158.284279 sec
traces of hecke eigenvalues of T_{p^2} are:
108 -144 
computing eigenvalues for k = 2, took 0.542746 sec
traces of hecke eigenvalues of T_{p^1} are:
-8 -6 -18 -38 -42 12 38 -242 234 -224 -330 214 182 212 -822 -228 -228 62 210 50 90 -680 
computing eigenvalues for k = 1, took 164.959273 sec
traces of hecke eigenvalues of T_{p^2} are:
-32 -32 
computing eigenvalues for k = 2, took 0.519610 sec
traces of hecke eigenvalues of T_{p^1} are:
-12 16 36 8 -60 -40 -24 72 -440 324 364 96 -264 48 -304 -1208 192 380 -784 -492 684 708 
computing eigenvalues for k = 1, took 161.145060 sec
traces of hecke eigenvalues of T_{p^2} are:
-4 -48 
computing eigenvalues for k = 2, took 0.519908 sec
traces of hecke eigenvalues of T_{p^1} are:
12 64 168 172 324 280 624 636 1180 1812 2344 2688 3276 2856 4204 4888 4752 5428 6832 5784 7380 8452 
computing eigenvalues for k = 1, took 155.317672 sec
traces of hecke eigenvalues of T_{p^2} are:
-84 112 
computing eigenvalues for k = 2, took 0.543515 sec
traces of hecke eigenvalues of T_{p^1} are:
10 -8 16 -130 26 124 174 10 -4 -106 -82 476 -416 440 -290 -176 172 176 -1070 1580 406 1542 
computing eigenvalues for k = 1, took 155.412016 sec
traces of hecke eigenvalues of T_{p^2} are:
-12 -8 
computing eigenvalues for k = 2, took 0.539483 sec
traces of hecke eigenvalues of T_{p^1} are:
-36 44 6 -46 36 -352 144 -642 -82 672 818 1428 1146 -2076 722 1736 -720 -1408 1340 -1878 -192 -1720 
computing eigenvalues for k = 1, took 154.997381 sec
traces of hecke eigenvalues of T_{p^2} are:
48 128 
computing eigenvalues for k = 2, took 0.544564 sec
traces of hecke eigenvalues of T_{p^1} are:
91 138 321 457 803 1115 1518 2372 3858 5208 5308 6389 8720 11376 11239 13165 15575 15222 17013 21193 24432 27717 
computing eigenvalues for k = 1, took 156.406038 sec
traces of hecke eigenvalues of T_{p^2} are:
78 -96 
computing eigenvalues for k = 2, took 0.546024 sec
traces of hecke eigenvalues of T_{p^1} are:
134 261 623 951 1443 1710 2530 4342 6514 8085 9358 10419 13096 16563 17721 22797 24282 26218 31331 35171 38650 48064 
computing eigenvalues for k = 1, took 156.760700 sec
traces of hecke eigenvalues of T_{p^2} are:
24 88 
computing eigenvalues for k = 2, took 0.544062 sec
traces of hecke eigenvalues of T_{p^1} are:
6 14 24 8 -132 38 -288 -108 44 -234 596 -288 -204 1722 332 1076 570 596 -784 732 -576 -574 
computing eigenvalues for k = 1, took 155.269495 sec
traces of hecke eigenvalues of T_{p^2} are:
-12 -112 
computing eigenvalues for k = 2, took 0.548679 sec
traces of hecke eigenvalues of T_{p^1} are:
-4 20 -42 -78 -92 232 90 70 26 -216 -318 -428 -572 198 -264 48 22 -454 620 680 1404 -1666 
computing eigenvalues for k = 1, took 155.584206 sec
traces of hecke eigenvalues of T_{p^2} are:
-48 104 
computing eigenvalues for k = 2, took 0.543817 sec
traces of hecke eigenvalues of T_{p^1} are:
-28 -4 -57 0 -164 157 63 -146 194 84 1047 -89 -827 -186 69 -78 154 83 1319 473 78 -664 
computing eigenvalues for k = 1, took 162.425115 sec
traces of hecke eigenvalues of T_{p^2} are:
-30 -121 
computing eigenvalues for k = 2, took 0.520772 sec
traces of hecke eigenvalues of T_{p^1} are:
9 37 120 148 234 373 522 786 1786 1731 1624 1776 3138 3849 3070 4672 4329 6442 6706 7026 6564 11131 
computing eigenvalues for k = 1, took 164.645355 sec
traces of hecke eigenvalues of T_{p^2} are:
-102 -104 
computing eigenvalues for k = 2, took 0.571678 sec
traces of hecke eigenvalues of T_{p^1} are:
-26 -12 116 -46 138 -200 98 -178 -600 754 818 676 192 -1368 478 1736 -436 636 234 -3372 -370 -3466 
computing eigenvalues for k = 1, took 156.782463 sec
traces of hecke eigenvalues of T_{p^2} are:
12 64 
computing eigenvalues for k = 2, took 0.544876 sec
traces of hecke eigenvalues of T_{p^1} are:
38 -76 -12 -174 266 184 -30 14 -88 1138 -78 292 -896 1192 -802 200 1996 -1412 -854 -4012 398 374 
computing eigenvalues for k = 1, took 157.570175 sec
traces of hecke eigenvalues of T_{p^2} are:
76 192 
computing eigenvalues for k = 2, took 0.545084 sec
traces of hecke eigenvalues of T_{p^1} are:
-26 -2 16 -16 44 -26 48 28 68 -418 -28 32 -284 602 -788 892 394 -580 1864 -676 64 -774 
computing eigenvalues for k = 1, took 185.776000 sec
traces of hecke eigenvalues of T_{p^2} are:
36 16 
computing eigenvalues for k = 2, took 0.560139 sec
For conductor 31:
traces of hecke eigenvalues of T_{p^1} are:
-7 -19 48 46 -96 21 -68 -80 150 -393 274 152 -186 921 -100 -76 -1343 618 -468 1438 -846 -245 
computing eigenvalues for k = 1, took 326.241367 sec
traces of hecke eigenvalues of T_{p^2} are:
-30 -12 
computing eigenvalues for k = 2, took 0.509900 sec
traces of hecke eigenvalues of T_{p^1} are:
-15 21 -56 22 64 -3 116 56 14 -49 202 -152 -666 121 -36 164 321 -446 252 110 738 11 
computing eigenvalues for k = 1, took 325.892808 sec
traces of hecke eigenvalues of T_{p^2} are:
18 -28 
computing eigenvalues for k = 2, took 0.510047 sec
traces of hecke eigenvalues of T_{p^1} are:
-4 -16 12 64 -228 96 352 88 624 -204 292 -472 -120 -1368 -904 80 1360 948 -1152 172 276 1348 
computing eigenvalues for k = 1, took 325.396542 sec
traces of hecke eigenvalues of T_{p^2} are:
12 48 
computing eigenvalues for k = 2, took 0.509567 sec
traces of hecke eigenvalues of T_{p^1} are:
-1 -3 74 -102 -42 45 -20 0 64 37 -190 340 -254 -93 -170 -48 135 -32 -518 442 332 -813 
computing eigenvalues for k = 1, took 326.070427 sec
traces of hecke eigenvalues of T_{p^2} are:
-34 -104 
computing eigenvalues for k = 2, took 0.507594 sec
traces of hecke eigenvalues of T_{p^1} are:
-24 6 -14 -14 -2 0 32 -286 -82 224 -98 190 -570 328 162 476 -48 148 -450 554 -732 164 
computing eigenvalues for k = 1, took 326.301528 sec
traces of hecke eigenvalues of T_{p^2} are:
48 8 
computing eigenvalues for k = 2, took 0.502286 sec
traces of hecke eigenvalues of T_{p^1} are:
-9 9 -38 -26 82 81 32 -52 -256 -139 -98 28 90 487 -54 200 -285 -872 -282 -598 216 203 
computing eigenvalues for k = 1, took 326.197705 sec
traces of hecke eigenvalues of T_{p^2} are:
-18 8 
computing eigenvalues for k = 2, took 0.505673 sec
traces of hecke eigenvalues of T_{p^1} are:
-4 -12 -36 8 -64 188 -124 80 120 132 28 -716 480 228 1136 -56 984 192 -780 -264 488 -1892 
computing eigenvalues for k = 1, took 327.982042 sec
traces of hecke eigenvalues of T_{p^2} are:
12 -32 
computing eigenvalues for k = 2, took 0.516314 sec
traces of hecke eigenvalues of T_{p^1} are:
-24 20 -154 18 32 -64 -66 454 -250 -396 -154 1244 -484 -1690 2076 -1232 2734 454 -680 -1520 1072 790 
computing eigenvalues for k = 1, took 333.211338 sec
traces of hecke eigenvalues of T_{p^2} are:
56 0 
computing eigenvalues for k = 2, took 0.519352 sec
traces of hecke eigenvalues of T_{p^1} are:
-32 -42 -96 8 26 -28 -22 -380 164 140 -264 -1070 114 -590 -1582 -180 -1878 1066 1186 50 -1256 1122 
computing eigenvalues for k = 1, took 330.776644 sec
traces of hecke eigenvalues of T_{p^2} are:
8 -48 
computing eigenvalues for k = 2, took 0.522041 sec
traces of hecke eigenvalues of T_{p^1} are:
-4 30 -6 16 -62 6 -36 -28 -102 -24 72 488 -224 -212 -614 128 432 398 2422 -144 -862 878 
computing eigenvalues for k = 1, took 324.110885 sec
traces of hecke eigenvalues of T_{p^2} are:
-16 0 
computing eigenvalues for k = 2, took 0.506252 sec
For conductor 62:
traces of hecke eigenvalues of T_{p^1} are:
0 -12 20 52 32 -72 46 -56 -124 -116 -128 284 648 68 0 188 -492 370 84 2380 -1482 -1408 
computing eigenvalues for k = 1, took 164.899867 sec
traces of hecke eigenvalues of T_{p^2} are:
0 -28 
computing eigenvalues for k = 2, took 0.513026 sec
traces of hecke eigenvalues of T_{p^1} are:
-8 -16 16 -72 60 72 90 100 -240 -596 180 296 140 -204 -220 -4 -180 118 -376 416 1010 352 
computing eigenvalues for k = 1, took 160.877881 sec
traces of hecke eigenvalues of T_{p^2} are:
-24 12 
computing eigenvalues for k = 2, took 0.517119 sec
traces of hecke eigenvalues of T_{p^1} are:
-5 11 46 -12 -12 -33 102 -62 -12 265 -120 -184 134 405 128 776 -411 -848 20 434 482 139 
computing eigenvalues for k = 1, took 161.215174 sec
traces of hecke eigenvalues of T_{p^2} are:
6 -24 
computing eigenvalues for k = 2, took 0.520287 sec
traces of hecke eigenvalues of T_{p^1} are:
11 5 78 -14 -126 -75 76 88 180 -327 34 92 834 -129 194 80 1147 -804 270 -326 1344 475 
computing eigenvalues for k = 1, took 160.968634 sec
traces of hecke eigenvalues of T_{p^2} are:
30 0 
computing eigenvalues for k = 2, took 0.513868 sec
traces of hecke eigenvalues of T_{p^1} are:
-9 9 -38 -26 82 81 32 -52 -256 -139 -98 28 90 487 -54 200 -285 -872 -282 -598 216 203 
computing eigenvalues for k = 1, took 161.016525 sec
traces of hecke eigenvalues of T_{p^2} are:
-18 8 
computing eigenvalues for k = 2, took 0.522838 sec
traces of hecke eigenvalues of T_{p^1} are:
-7 -19 48 46 -96 21 -68 -80 150 -393 274 152 -186 921 -100 -76 -1343 618 -468 1438 -846 -245 
computing eigenvalues for k = 1, took 161.877645 sec
traces of hecke eigenvalues of T_{p^2} are:
-30 -12 
computing eigenvalues for k = 2, took 0.511092 sec
traces of hecke eigenvalues of T_{p^1} are:
-15 21 -56 22 64 -3 116 56 14 -49 202 -152 -666 121 -36 164 321 -446 252 110 738 11 
computing eigenvalues for k = 1, took 161.223378 sec
traces of hecke eigenvalues of T_{p^2} are:
18 -28 
computing eigenvalues for k = 2, took 0.514005 sec
traces of hecke eigenvalues of T_{p^1} are:
-4 -16 12 64 -228 96 352 88 624 -204 292 -472 -120 -1368 -904 80 1360 948 -1152 172 276 1348 
computing eigenvalues for k = 1, took 160.976444 sec
traces of hecke eigenvalues of T_{p^2} are:
12 48 
computing eigenvalues for k = 2, took 0.513646 sec
traces of hecke eigenvalues of T_{p^1} are:
-4 -12 -36 8 -64 188 -124 80 120 132 28 -716 480 228 1136 -56 984 192 -780 -264 488 -1892 
computing eigenvalues for k = 1, took 161.944317 sec
traces of hecke eigenvalues of T_{p^2} are:
12 -32 
computing eigenvalues for k = 2, took 0.512765 sec
traces of hecke eigenvalues of T_{p^1} are:
87 166 415 555 865 1203 1670 2384 3662 4508 5640 6145 7632 9988 10945 13149 14103 15358 19599 20615 23316 27901 
computing eigenvalues for k = 1, took 161.115372 sec
traces of hecke eigenvalues of T_{p^2} are:
54 128 
computing eigenvalues for k = 2, took 0.515304 sec
traces of hecke eigenvalues of T_{p^1} are:
-22 -22 39 -206 102 -51 493 214 -102 276 355 653 -339 900 -1261 812 1876 -795 549 -209 -1302 -824 
computing eigenvalues for k = 1, took 161.058981 sec
traces of hecke eigenvalues of T_{p^2} are:
-30 123 
computing eigenvalues for k = 2, took 0.518212 sec
traces of hecke eigenvalues of T_{p^1} are:
106 212 430 600 1138 1404 1994 3312 6222 7106 7376 9056 11738 13784 15324 18264 19912 23044 24270 26714 31522 37558 
computing eigenvalues for k = 1, took 161.025502 sec
traces of hecke eigenvalues of T_{p^2} are:
12 96 
computing eigenvalues for k = 2, took 0.509878 sec
traces of hecke eigenvalues of T_{p^1} are:
144 245 667 975 1585 1866 2816 4412 7340 8523 9120 10611 14388 16945 18731 21533 24368 25888 29837 34377 39474 47456 
computing eigenvalues for k = 1, took 160.432426 sec
traces of hecke eigenvalues of T_{p^2} are:
84 -40 
computing eigenvalues for k = 2, took 0.511404 sec
traces of hecke eigenvalues of T_{p^1} are:
-4 30 -6 16 -62 6 -36 -28 -102 -24 72 488 -224 -212 -614 128 432 398 2422 -144 -862 878 
computing eigenvalues for k = 1, took 161.003016 sec
traces of hecke eigenvalues of T_{p^2} are:
-16 0 
computing eigenvalues for k = 2, took 0.511106 sec
traces of hecke eigenvalues of T_{p^1} are:
133 283 692 808 1434 1839 2516 3854 6202 8267 9564 11536 13312 18441 17920 22272 27201 27324 30782 35300 42280 46721 
computing eigenvalues for k = 1, took 160.844742 sec
traces of hecke eigenvalues of T_{p^2} are:
18 264 
computing eigenvalues for k = 2, took 0.515930 sec
traces of hecke eigenvalues of T_{p^1} are:
61 -88 -92 171 327 -248 517 672 -890 2324 -1347 438 1277 338 488 -1799 -2083 -3643 1716 1122 2118 -909 
computing eigenvalues for k = 1, took 161.733610 sec
traces of hecke eigenvalues of T_{p^2} are:
-100 -385 
computing eigenvalues for k = 2, took 0.518861 sec
traces of hecke eigenvalues of T_{p^1} are:
23 53 114 130 246 261 532 1048 1464 1437 2122 2420 3042 3891 4070 4880 5047 5016 5562 7786 8604 7891 
computing eigenvalues for k = 1, took 161.254754 sec
traces of hecke eigenvalues of T_{p^2} are:
-18 24 
computing eigenvalues for k = 2, took 0.513289 sec
traces of hecke eigenvalues of T_{p^1} are:
3 -9 22 -80 88 -21 -22 -178 -340 545 4 256 -402 361 -36 128 201 208 840 1298 246 -13 
computing eigenvalues for k = 1, took 162.800017 sec
traces of hecke eigenvalues of T_{p^2} are:
6 -88 
computing eigenvalues for k = 2, took 0.604450 sec
traces of hecke eigenvalues of T_{p^1} are:
3 -21 14 4 116 -57 70 34 68 -119 -8 392 -762 413 144 104 213 -272 -396 -974 -318 1979 
computing eigenvalues for k = 1, took 160.884508 sec
traces of hecke eigenvalues of T_{p^2} are:
-42 8 
computing eigenvalues for k = 2, took 0.513481 sec
traces of hecke eigenvalues of T_{p^1} are:
27 9 -34 -42 -10 -23 -40 -20 100 9 310 -284 -70 -269 -1010 56 815 548 274 826 2020 -173 
computing eigenvalues for k = 1, took 159.703100 sec
traces of hecke eigenvalues of T_{p^2} are:
46 -48 
computing eigenvalues for k = 2, took 0.512555 sec
traces of hecke eigenvalues of T_{p^1} are:
27 21 86 202 314 477 580 664 1124 2089 1330 2108 2778 3239 3546 4616 5811 4588 6990 6322 9576 8891 
computing eigenvalues for k = 1, took 159.518856 sec
traces of hecke eigenvalues of T_{p^2} are:
6 -232 
computing eigenvalues for k = 2, took 0.516617 sec
traces of hecke eigenvalues of T_{p^1} are:
-1 -3 74 -102 -42 45 -20 0 64 37 -190 340 -254 -93 -170 -48 135 -32 -518 442 332 -813 
computing eigenvalues for k = 1, took 179.233250 sec
traces of hecke eigenvalues of T_{p^2} are:
-34 -104 
computing eigenvalues for k = 2, took 0.523068 sec
For conductor 93:
traces of hecke eigenvalues of T_{p^1} are:
-1 -1 -78 40 12 -21 82 -218 360 165 196 -16 342 381 344 512 -1019 -588 -1980 442 -414 43 
computing eigenvalues for k = 1, took 181.584020 sec
traces of hecke eigenvalues of T_{p^2} are:
-18 -48 
computing eigenvalues for k = 2, took 0.546335 sec
traces of hecke eigenvalues of T_{p^1} are:
-28 8 36 16 -84 -24 256 -176 144 -156 796 56 96 -1392 56 -472 208 756 -120 -524 -1164 -860 
computing eigenvalues for k = 1, took 181.825888 sec
traces of hecke eigenvalues of T_{p^2} are:
60 48 
computing eigenvalues for k = 2, took 0.552396 sec
traces of hecke eigenvalues of T_{p^1} are:
-4 -12 -36 8 -64 188 -124 80 120 132 28 -716 480 228 1136 -56 984 192 -780 -264 488 -1892 
computing eigenvalues for k = 1, took 176.213693 sec
traces of hecke eigenvalues of T_{p^2} are:
12 -32 
computing eigenvalues for k = 2, took 0.528013 sec
traces of hecke eigenvalues of T_{p^1} are:
-16 100 -154 118 116 208 -306 362 -486 -1004 758 2148 -1256 -470 1528 1368 1474 -414 -1336 2368 540 -1046 
computing eigenvalues for k = 1, took 181.867135 sec
traces of hecke eigenvalues of T_{p^2} are:
76 240 
computing eigenvalues for k = 2, took 0.546957 sec
traces of hecke eigenvalues of T_{p^1} are:
8 4 -79 48 -154 -11 -341 36 784 16 343 167 -29 36 1641 252 440 2017 1403 -2107 -482 216 
computing eigenvalues for k = 1, took 181.703455 sec
traces of hecke eigenvalues of T_{p^2} are:
-10 31 
computing eigenvalues for k = 2, took 0.551769 sec
traces of hecke eigenvalues of T_{p^1} are:
-5 -39 -28 -56 -34 85 -310 538 202 -23 -472 -320 -50 -675 794 164 -39 1114 1190 -1878 -2156 1789 
computing eigenvalues for k = 1, took 186.282860 sec
traces of hecke eigenvalues of T_{p^2} are:
-58 16 
computing eigenvalues for k = 2, took 0.556150 sec
traces of hecke eigenvalues of T_{p^1} are:
14 -60 26 -28 166 -328 200 536 334 -18 -316 -640 640 -282 -618 -864 -82 330 286 584 1170 500 
computing eigenvalues for k = 1, took 178.875443 sec
traces of hecke eigenvalues of T_{p^2} are:
-12 -60 
computing eigenvalues for k = 2, took 0.529507 sec
traces of hecke eigenvalues of T_{p^1} are:
134 285 645 863 1325 1694 2512 4322 7100 8283 9276 11027 13342 16387 18591 21977 24008 26248 31797 33351 39184 46012 
computing eigenvalues for k = 1, took 181.414615 sec
traces of hecke eigenvalues of T_{p^2} are:
24 280 
computing eigenvalues for k = 2, took 0.555251 sec
traces of hecke eigenvalues of T_{p^1} are:
-30 80 59 -28 -564 485 59 -232 498 -686 1139 -757 99 1426 -485 2296 882 -1001 4021 -3383 -5600 500 
computing eigenvalues for k = 1, took 181.930963 sec
traces of hecke eigenvalues of T_{p^2} are:
-94 -141 
computing eigenvalues for k = 2, took 0.552042 sec
traces of hecke eigenvalues of T_{p^1} are:
19 65 102 166 246 369 536 740 1140 1449 1870 2068 2706 3531 4094 4880 5759 6132 6858 7490 8724 9619 
computing eigenvalues for k = 1, took 180.901578 sec
traces of hecke eigenvalues of T_{p^2} are:
-42 120 
computing eigenvalues for k = 2, took 0.553263 sec
traces of hecke eigenvalues of T_{p^1} are:
52 75 225 311 637 572 952 1846 3072 3621 3496 5291 5862 6741 6983 8857 10194 10596 12489 11883 15172 18130 
computing eigenvalues for k = 1, took 209.420220 sec
traces of hecke eigenvalues of T_{p^2} are:
0 -200 
computing eigenvalues for k = 2, took 0.512440 sec
traces of hecke eigenvalues of T_{p^1} are:
-10 6 -24 68 32 62 -148 -160 -60 198 -272 376 660 546 464 -1172 -894 60 852 60 812 -422 
computing eigenvalues for k = 1, took 181.422823 sec
traces of hecke eigenvalues of T_{p^2} are:
-12 -80 
computing eigenvalues for k = 2, took 0.550987 sec
For conductor 186:
traces of hecke eigenvalues of T_{p^1} are:
0 -12 20 52 32 -72 46 -56 -124 -116 -128 284 648 68 0 188 -492 370 84 2380 -1482 -1408 
computing eigenvalues for k = 1, took 322.932297 sec
traces of hecke eigenvalues of T_{p^2} are:
0 -28 
computing eigenvalues for k = 2, took 0.507486 sec
traces of hecke eigenvalues of T_{p^1} are:
-8 -16 16 -72 60 72 90 100 -240 -596 180 296 140 -204 -220 -4 -180 118 -376 416 1010 352 
computing eigenvalues for k = 1, took 545.589901 sec
traces of hecke eigenvalues of T_{p^2} are:
-24 12 
computing eigenvalues for k = 2, took 0.501577 sec
traces of hecke eigenvalues of T_{p^1} are:
-5 11 46 -12 -12 -33 102 -62 -12 265 -120 -184 134 405 128 776 -411 -848 20 434 482 139 
computing eigenvalues for k = 1, took 546.433054 sec
traces of hecke eigenvalues of T_{p^2} are:
6 -24 
computing eigenvalues for k = 2, took 0.493047 sec
traces of hecke eigenvalues of T_{p^1} are:
3 -21 14 4 116 -57 70 34 68 -119 -8 392 -762 413 144 104 213 -272 -396 -974 -318 1979 
computing eigenvalues for k = 1, took 319.708939 sec
traces of hecke eigenvalues of T_{p^2} are:
-42 8 
computing eigenvalues for k = 2, took 0.502303 sec
traces of hecke eigenvalues of T_{p^1} are:
-10 6 -24 68 32 62 -148 -160 -60 198 -272 376 660 546 464 -1172 -894 60 852 60 812 -422 
computing eigenvalues for k = 1, took 319.602885 sec
traces of hecke eigenvalues of T_{p^2} are:
-12 -80 
computing eigenvalues for k = 2, took 0.490409 sec
traces of hecke eigenvalues of T_{p^1} are:
-4 -12 -36 8 -64 188 -124 80 120 132 28 -716 480 228 1136 -56 984 192 -780 -264 488 -1892 
computing eigenvalues for k = 1, took 315.305983 sec
traces of hecke eigenvalues of T_{p^2} are:
12 -32 
computing eigenvalues for k = 2, took 0.500671 sec
traces of hecke eigenvalues of T_{p^1} are:
14 -60 26 -28 166 -328 200 536 334 -18 -316 -640 640 -282 -618 -864 -82 330 286 584 1170 500 
computing eigenvalues for k = 1, took 313.474489 sec
traces of hecke eigenvalues of T_{p^2} are:
-12 -60 
computing eigenvalues for k = 2, took 0.467341 sec
