constructing eigenvector for poly
x-15
constructing eigenvector for poly
x-7
constructing eigenvector for poly
x^2-8*x+11
constructing eigenvector for poly
x^2-13*x+38
constructing eigenvector for poly
x^5-5*x^4-26*x^3+114*x^2+121*x-461
constructing eigenvector for poly
x^10-53*x^9+1214*x^8-15758*x^7+127711*x^6-671083*x^5+2297110*x^4-5003390*x^3+6534324*x^2-4512420*x+1205736
constructing eigenvector for poly
x^39-221*x^37+164*x^36+20930*x^35-28556*x^34-1116375*x^33+2099825*x^32+37208471*x^31-86166097*x^30-815781770*x^29+2202200759*x^28+12092725661*x^27-37099192510*x^26-122769955545*x^25+425341332275*x^24+854844462959*x^23-3376722331246*x^22-4045761073820*x^21+18702565900999*x^20+12792662464617*x^19-72351328097546*x^18-26636152959569*x^17+195067219296966*x^16+37767399817956*x^15-364970751057957*x^14-44410248116746*x^13+468598960394780*x^12+57552430222126*x^11-402072537353642*x^10-69085650688879*x^9+218516141501626*x^8+53708733937969*x^7-67993184737252*x^6-22165380657419*x^5+9963486924542*x^4+4090100830766*x^3-418944885242*x^2-264598048184*x-16650999712
constructing eigenvector for poly
x^8-54*x^7+1229*x^6-15307*x^5+113284*x^4-505607*x^3+1314894*x^2-1801336*x+990944
constructing eigenvector for poly
x^17-108*x^16+5383*x^15-164241*x^14+3430821*x^13-51987970*x^12+590743018*x^11-5131751148*x^10+34430116611*x^9-179009842806*x^8+719373737655*x^7-2215360442435*x^6+5147511779207*x^5-8803067861668*x^4+10656642544152*x^3-8564611861400*x^2+4058366673168*x-848832236832
constructing eigenvector for poly
x+1
constructing eigenvector for poly
x^3+5*x^2+2*x-11
constructing eigenvector for poly
x+1
constructing eigenvector for poly
x+4
constructing eigenvector for poly
x^3+15*x^2+62*x+73
constructing eigenvector for poly
x^7+25*x^6+241*x^5+1125*x^4+2619*x^3+2811*x^2+1075*x+103
constructing eigenvector for poly
x-9
constructing eigenvector for poly
x^5-15*x^4+54*x^3+70*x^2-407*x-151
constructing eigenvector for poly
x^41+9*x^40-223*x^39-1921*x^38+22765*x^37+181848*x^36-1409468*x^35-10082029*x^34+58965024*x^33+364464427*x^32-1754664483*x^31-9060834438*x^30+38071023890*x^29+159460848772*x^28-608339362556*x^27-2018774718837*x^26+7167557245320*x^25+18551598575328*x^24-61988072402224*x^23-124464317327692*x^22+390013514948190*x^21+613090818082539*x^20-1761383667242052*x^19-2233895778072102*x^18+5599155430670199*x^17+6066109216320676*x^16-12155405695347455*x^15-12247708366910977*x^14+17110946230202897*x^13+17842074233042755*x^12-14047344209673312*x^11-17385594765820516*x^10+4879570637108396*x^9+9871612686018348*x^8+775799859808097*x^7-2555754433562280*x^6-811407989809754*x^5+168560140109810*x^4+119831377633580*x^3+17867156108904*x^2+327447130912*x-68246321504
constructing eigenvector for poly
x^15-79*x^14+2824*x^13-60460*x^12+864834*x^11-8730510*x^10+64050550*x^9-346464318*x^8+1387286681*x^7-4091650447*x^6+8764900818*x^5-13296466614*x^4+13702907028*x^3-8948969924*x^2+3256880800*x-485820432
constructing eigenvector for poly
x+5
constructing eigenvector for poly
x^5+19*x^4+131*x^3+414*x^2+598*x+313
constructing eigenvector for poly
x^8-50*x^7+1043*x^6-11755*x^5+77358*x^4-299031*x^3+645066*x^2-680512*x+256896
constructing eigenvector for poly
x^56+19*x^55-253*x^54-6434*x^53+24050*x^52+998017*x^51-637661*x^50-94190558*x^49-78002577*x^48+6058854112*x^47+9898091425*x^46-281981931306*x^45-592957856973*x^44+9836576744612*x^43+23381681825349*x^42-262892295395625*x^41-664817327086028*x^40+5456313840480221*x^39+14187395025226221*x^38-88630959262252314*x^37-231928743303491097*x^36+1130792001518192778*x^35+2934233033429047902*x^34-11335807561345067953*x^33-28834585559368260864*x^32+89110228987825715072*x^31+219833832423466772246*x^30-547350057313104576594*x^29-1293640971724488653805*x^28+2615941934540175479953*x^27+5826718197973436546521*x^26-9687644149519174130325*x^25-19865321735344236279767*x^24+27687468647411491079634*x^23+50579886660899231166910*x^22-60725355033939504473476*x^21-94653557857453587673281*x^20+101088795135423056196679*x^19+127723015770465863887605*x^18-125110295661682648712793*x^17-121517261760136064129923*x^16+111392555605111729781578*x^15+79700654967443785627963*x^14-68271270351921679038340*x^13-35593122678984814996094*x^12+27364611485561912549209*x^11+10938024174631116887836*x^10-6762442025679650977066*x^9-2371896719087475536874*x^8+947622303227301278772*x^7+349699924969498897968*x^6-59343872777106281072*x^5-29836350142476492864*x^4-313243501076236160*x^3+980378915109421440*x^2+132056214627205120*x+5254600784947200
constructing eigenvector for poly
x^15-88*x^14+3529*x^13-85404*x^12+1392222*x^11-16159188*x^10+137624794*x^9-873436652*x^8+4151737189*x^7-14726709376*x^6+38493424353*x^5-72410547392*x^4+94197857004*x^3-79165947524*x^2+37795055340*x-7487285160
constructing eigenvector for poly
x^12-68*x^11+2055*x^10-36392*x^9+419239*x^8-3297436*x^7+18077453*x^6-69247776*x^5+182862472*x^4-322438936*x^3+357628764*x^2-222193968*x+58060752
constructing eigenvector for poly
x^16-102*x^15+4781*x^14-136499*x^13+2652429*x^12-37126460*x^11+386353556*x^10-3041158314*x^9+18242067799*x^8-83345027480*x^7+287714146831*x^6-738119066559*x^5+1368810647079*x^4-1755101323402*x^3+1445638172244*x^2-668713637664*x+126902871888
constructing eigenvector for poly
x^38-22*x^37+39*x^36+2615*x^35-19551*x^34-84483*x^33+1415395*x^32-1601714*x^31-44192880*x^30+176422822*x^29+581454259*x^28-4938759956*x^27+1359648794*x^26+66938649374*x^25-144648128867*x^24-419549901662*x^23+1933584093964*x^22+74943880811*x^21-12026886196721*x^20+15706349370652*x^19+33508766513689*x^18-97764680859849*x^17+1487507709529*x^16+256355515727998*x^15-247230810471542*x^14-251808961640036*x^13+583377701329647*x^12-127384446765276*x^11-514589219057882*x^10+446848115513224*x^9+79342239595885*x^8-291552962641406*x^7+122245063250009*x^6+35682420464905*x^5-47255128264928*x^4+14922087514157*x^3-1146043491194*x^2-261001816698*x+35968158402
constructing eigenvector for poly
x^7+16*x^6+92*x^5+211*x^4+66*x^3-395*x^2-389*x+4
constructing eigenvector for poly
x^2+2*x+1
constructing eigenvector for poly
x^2+34*x+97
computing eigenvectors took 13.442207 sec
For conductor 1, eigenvectors are:
-1 -1 -1 -1 -1 -1 -1 -1 -1 -1 -1 -1 -1 -1 -1 -1 -1 -1 -1 -1 -1 -1 -1 -1 -1 -1 -1 -1 -1 -1 -1 -1 -1 -1 -1 -1 -1 -1 -1 -1 -1 -1 -1 -1 -1 -1 -1 -1 -1 -1 -1 -1 -1 -1 -1 -1 -1 -1 -1 -1 -1 -1 -1 -1 -1 -1 -1 -1 -1 -1 -1 -1 -1 -1 -1 -1 -1 -1 -1 -1 -1 -1 -1 -1 -1 over Number field with defining polynomial x-15
29 -7 21 13 1 5 5 -5 -13 13 1 29 9 17 25 -9 -9 1 15 5 -11 9 9 9 -13 5 11 9 -7 -3 -15 -7 5 -7 1 1 -1 5 3 -11 -7 17 11 3 9 1 5 9 9 3 9 21 5 5 -7 -19 -1 9 -9 -15 -11 -5 -3 -3 -7 5 5 3 7 -7 5 5 -3 -11 5 -7 1 -5 -1 3 -5 1 3 -1 -13 over Number field with defining polynomial x-7
384*a-960 156*a-324 156*a-324 -88*a+88 -72*a+312 -72*a+312 -438*a+930 -72*a+312 -96*a-24 -186*a+630 384*a-960 80*a-112 -240*a+512 4*a+100 80*a-112 -312*a+780 156*a-324 -27*a-15 156*a-324 30*a-174 -15*a+153 99*a-165 42*a-6 -27*a-15 156*a-324 -4*a-12 -42*a+94 -4*a-12 42*a-6 194*a-430 -80*a+200 80*a-112 -126*a+194 4*a+100 -164*a+300 -210*a+294 156*a-324 -88*a+88 118*a-218 76*a-168 -286*a+506 -80*a+200 -210*a+294 -42*a+94 42*a-6 -42*a+94 -42*a+94 118*a-218 118*a-218 -80*a+200 -42*a+94 -46*a+38 122*a-162 -8*a-68 -23*a+41 99*a-165 61*a-59 95*a-221 -27*a-15 34*a-118 -27*a-15 -42*a+94 -23*a+41 80*a-112 -23*a+41 141*a-215 118*a-218 -46*a+38 -69*a+35 -31*a-71 122*a-162 11*a-121 76*a-168 23*a+47 23*a+47 -31*a-71 -46*a+38 -42*a+94 -8*a-68 44 19*a-9 38*a-62 -19*a+97 -122*a+250 44 over Number field with defining polynomial x^2-8*x+11
-48*a+288 -24*a+132 12*a-108 -24*a+96 24*a-108 -24 -12*a+78 -24 30 -12*a+96 18*a-114 24 24*a-120 0 24 -12*a+87 -18*a+111 3*a-18 6*a-30 3*a 12*a-48 24*a-168 3*a-27 -3*a+3 6*a-30 18 -12*a+48 18 -12*a+54 -6*a+24 -6 -12*a+66 -12*a+42 0 -12 -6 6*a-30 12 -12*a+78 -6*a+54 12*a-72 18*a-126 -6 6 12 18*a-114 6 6*a-42 6*a-42 -6 6 -6*a+36 3*a-12 3*a-12 -3*a-6 -3*a+12 -3*a -18 3*a-18 6*a-48 3*a-18 6 12 6*a-54 3*a-27 -3*a+15 3*a-3 15 -6*a+39 30 3*a-12 -3*a+15 -3*a+15 6 6 6*a-48 -6*a+36 -6*a+27 3*a-12 3*a-30 15 -6*a+42 3 -9 9 over Number field with defining polynomial x^2-13*x+38
0 -336*a^4 + 2160*a^3 + 7248*a^2 - 43056*a + 3264 720*a^4 - 3216*a^3 - 12528*a^2 + 39888*a + 2784 -224*a^4 + 704*a^3 + 4288*a^2 - 9280*a - 3680 -120*a^4 - 288*a^3 + 7152*a^2 + 5664*a - 60792 -204*a^4 + 960*a^3 + 2328*a^2 - 5376*a - 14604 -84*a^4 - 408*a^3 + 4176*a^2 + 5304*a - 48924 204*a^4 - 960*a^3 - 2328*a^2 + 5376*a + 14604 -192*a^4 + 1080*a^3 + 3048*a^2 - 12984*a + 1368 48*a^4 - 816*a^3 + 3936*a^2 + 12624*a - 58032 -120*a^4 - 288*a^3 + 7152*a^2 + 5664*a - 60792 0 80*a^4 + 192*a^3 - 4768*a^2 - 3776*a + 40528 224*a^4 - 1440*a^3 - 2560*a^2 + 22624*a - 20384 384*a^4 - 2336*a^3 - 6240*a^2 + 42144*a - 20640 18*a^4 + 612*a^3 - 4056*a^2 - 8964*a + 53478 108*a^4 - 396*a^3 - 2844*a^2 + 11628*a + 1872 -186*a^4 + 1296*a^3 - 228*a^2 - 11616*a + 23022 -84*a^4 + 816*a^3 + 312*a^2 - 13488*a + 16668 306*a^4 - 1968*a^3 - 2532*a^2 + 26256*a - 23214 -24*a^4 - 144*a^3 + 1032*a^2 - 864*a - 2688 -234*a^4 + 1128*a^3 + 3972*a^2 - 21240*a + 19830 60*a^4 - 108*a^3 - 2412*a^2 + 8076*a - 12528 48*a^4 - 132*a^3 - 660*a^2 - 396*a + 756 -52*a^4 + 872*a^3 - 2976*a^2 - 9896*a + 36116 -92*a^4 + 760*a^3 + 768*a^2 - 16504*a + 24796 148*a^4 - 32*a^3 - 4344*a^2 - 1792*a + 28804 -60*a^4 + 400*a^3 + 1256*a^2 - 6864*a + 5780 32*a^4 - 256*a^3 + 336*a^2 + 7008*a - 28112 120*a^4 - 1008*a^3 + 64*a^2 + 12912*a - 11576 64*a^4 - 360*a^3 - 1016*a^2 + 4328*a - 456 36*a^4 - 312*a^3 - 624*a^2 + 4280*a - 6196 28*a^4 - 232*a^3 + 608*a^2 + 1864*a - 4828 12*a^4 - 496*a^3 + 936*a^2 + 11600*a - 26132 -16*a^4 - 96*a^3 - 448*a^2 + 2464*a + 7312 -48*a^4 + 160*a^3 + 1488*a^2 - 10624*a + 17216 96*a^4 - 920*a^3 + 696*a^2 + 10328*a - 11992 -24*a^4 + 104*a^3 + 408*a^2 + 2872*a - 18464 80*a^4 - 1000*a^3 + 24*a^2 + 18248*a - 22728 60*a^4 - 216*a^3 - 1120*a^2 + 2008*a - 4316 -40*a^4 + 352*a^3 + 672*a^2 - 3968*a + 11432 124*a^4 - 208*a^3 - 3000*a^2 - 336*a + 7260 -96*a^4 + 264*a^3 + 1320*a^2 + 792*a - 1512 152*a^4 - 424*a^3 - 4888*a^2 + 13064*a + 2592 -220*a^4 + 1848*a^3 + 800*a^2 - 28792*a + 46844 88*a^4 - 800*a^3 - 1008*a^2 + 19040*a - 30120 -160*a^4 + 608*a^3 + 3696*a^2 - 12032*a + 7888 -128*a^4 + 1728*a^3 - 2896*a^2 - 25824*a + 62704 -160*a^4 + 344*a^3 + 4408*a^2 - 7992*a - 13240 14*a^4 - 256*a^3 + 772*a^2 + 224*a - 3954 -172*a^4 + 1072*a^3 + 2504*a^2 - 19792*a + 19716 76*a^4 - 488*a^3 - 944*a^2 + 9256*a - 14556 -32*a^4 + 88*a^3 + 1576*a^2 - 2776*a - 9608 46*a^4 - 336*a^3 - 348*a^2 + 4208*a - 7922 -66*a^4 + 104*a^3 + 1972*a^2 + 72*a - 8226 144*a^4 - 496*a^3 - 3640*a^2 + 3072*a + 24216 -164*a^4 + 1128*a^3 + 1480*a^2 - 15256*a + 16140 -72*a^4 + 632*a^3 - 104*a^2 - 11384*a + 19888 12*a^4 - 136*a^3 + 184*a^2 + 2200*a - 5076 8*a^4 + 48*a^3 + 224*a^2 - 1232*a - 3656 72*a^4 + 64*a^3 - 2904*a^2 + 2192*a + 8000 -62*a^4 + 384*a^3 + 460*a^2 - 7008*a + 6866 104*a^4 - 720*a^3 - 336*a^2 + 11120*a - 19384 68*a^4 - 672*a^3 - 136*a^2 + 13920*a - 25212 -12*a^4 - 224*a^3 + 1704*a^2 + 4160*a - 25084 -68*a^4 + 488*a^3 - 9064*a + 23748 -24*a^4 + 456*a^3 - 1368*a^2 - 6216*a + 20720 6*a^4 - 340*a^3 + 968*a^2 + 6708*a - 18350 -42*a^4 + 252*a^3 + 832*a^2 - 1996*a - 6342 -20*a^4 + 272*a^3 - 272*a^2 - 5824*a + 10196 62*a^4 - 384*a^3 - 460*a^2 + 7008*a - 6866 -44*a^4 + 92*a^3 + 612*a^2 + 84*a - 5992 -188*a^4 + 1116*a^3 + 3292*a^2 - 21180*a + 14912 -76*a^4 + 112*a^3 + 3056*a^2 - 8352*a + 2444 132*a^4 - 664*a^3 - 2584*a^2 + 13096*a - 9084 82*a^4 - 520*a^3 - 1220*a^2 + 9400*a - 2750 98*a^4 - 612*a^3 - 336*a^2 + 4612*a - 7858 -48*a^4 + 284*a^3 - 28*a^2 + 900*a - 9044 62*a^4 - 432*a^3 - 492*a^2 + 5392*a - 3122 112*a^4 - 896*a^3 - 960*a^2 + 17376*a - 25232 -82*a^4 + 612*a^3 + 152*a^2 - 8788*a + 12586 -92*a^3 - 68*a^2 + 2428*a - 732 -144*a^3 + 1144*a^2 + 704*a - 5288 268*a^3 - 820*a^2 - 6972*a + 20324 8*a^3 - 112*a^2 + 2728*a - 9024 over Number field with defining polynomial x^5-5*x^4-26*x^3+114*x^2+121*x-461
a vector of length 85 over Number field with defining polynomial a number field of degree 10
a vector of length 85 over Number field with defining polynomial a number field of degree 39
8*a^7 - 344*a^6 + 6208*a^5 - 62008*a^4 + 377976*a^3 - 1417200*a^2 + 2945472*a - 2428672 8*a^6 - 392*a^5 + 7728*a^4 - 77656*a^3 + 413640*a^2 - 1084576*a + 1057664 -8*a^7 + 392*a^6 - 7856*a^5 + 82648*a^4 - 486792*a^3 + 1581344*a^2 - 2585152*a + 1629440 -8*a^7 + 360*a^6 - 6672*a^5 + 65816*a^4 - 372136*a^3 + 1201920*a^2 - 2040768*a + 1390080 4*a^7 - 184*a^6 + 3500*a^5 - 35588*a^4 + 208320*a^3 - 699396*a^2 + 1236240*a - 862400 4*a^7 - 152*a^6 + 2124*a^5 - 11780*a^4 - 2272*a^3 + 293340*a^2 - 1079536*a + 1134144 -8*a^6 + 328*a^5 - 5328*a^4 + 43480*a^3 - 185512*a^2 + 383712*a - 286336 4*a^7 - 152*a^6 + 2124*a^5 - 11780*a^4 - 2272*a^3 + 293340*a^2 - 1079536*a + 1134144 -4*a^7 + 200*a^6 - 4188*a^5 + 47396*a^4 - 310832*a^3 + 1167060*a^2 - 2273264*a + 1698240 8*a^6 - 328*a^5 + 5328*a^4 - 43480*a^3 + 185512*a^2 - 383712*a + 286336 8*a^7 - 376*a^6 + 7296*a^5 - 75352*a^4 + 444376*a^3 - 1484976*a^2 + 2584096*a - 1798656 -8*a^7 + 360*a^6 - 6608*a^5 + 63640*a^4 - 343848*a^3 + 1028224*a^2 - 1544576*a + 869376 8*a^6 - 264*a^5 + 3056*a^4 - 12888*a^3 - 6136*a^2 + 157664*a - 234624 -8*a^6 + 296*a^5 - 4208*a^4 + 28696*a^3 - 95368*a^2 + 137024*a - 50048 8*a^7 - 376*a^6 + 7264*a^5 - 74232*a^4 + 429528*a^3 - 1393424*a^2 + 2328640*a - 1551360 0 -48*a^5 + 1776*a^4 - 25008*a^3 + 165456*a^2 - 505632*a + 558528 4*a^7 - 192*a^6 + 3812*a^5 - 40340*a^4 + 243928*a^3 - 835244*a^2 + 1483904*a - 1042496 -48*a^5 + 1728*a^4 - 23520*a^3 + 148800*a^2 - 427632*a + 435840 -4*a^7 + 192*a^6 - 3812*a^5 + 40340*a^4 - 243880*a^3 + 834092*a^2 - 1475120*a + 1021760 -8*a^6 + 248*a^5 - 2448*a^4 + 4072*a^3 + 66648*a^2 - 352736*a + 470080 -8*a^7 + 376*a^6 - 7328*a^5 + 76504*a^4 - 459832*a^3 + 1578736*a^2 - 2825952*a + 1976960 -4*a^7 + 184*a^6 - 3436*a^5 + 33284*a^4 - 176880*a^3 + 499972*a^2 - 668192*a + 324544 -4*a^7 + 200*a^6 - 4108*a^5 + 44612*a^4 - 274352*a^3 + 947252*a^2 - 1688448*a + 1191424 4*a^7 - 184*a^6 + 3468*a^5 - 34404*a^4 + 191680*a^3 - 590244*a^2 + 911920*a - 534464 8*a^6 - 360*a^5 + 6512*a^4 - 60056*a^3 + 293768*a^2 - 707200*a + 631168 -4*a^7 + 184*a^6 - 3500*a^5 + 35588*a^4 - 208128*a^3 + 695684*a^2 - 1216080*a + 839616 8*a^6 - 360*a^5 + 6512*a^4 - 60056*a^3 + 293768*a^2 - 707200*a + 631168 4*a^7 - 200*a^6 + 4124*a^5 - 45156*a^4 + 281456*a^3 - 991508*a^2 + 1819760*a - 1342912 -8*a^6 + 328*a^5 - 5376*a^4 + 44936*a^3 - 201656*a^2 + 460656*a - 417152 -16*a^6 + 656*a^5 - 10752*a^4 + 89456*a^3 - 394160*a^2 + 858048*a - 700928 -8*a^7 + 360*a^6 - 6624*a^5 + 64072*a^4 - 348312*a^3 + 1051920*a^2 - 1618176*a + 980672 -16*a^6 + 656*a^5 - 10704*a^4 + 88400*a^3 - 387040*a^2 + 845472*a - 711360 -16*a^4 + 544*a^3 - 6576*a^2 + 32736*a - 53824 -8*a^6 + 328*a^5 - 5296*a^4 + 42584*a^3 - 176328*a^2 + 342368*a - 215424 4*a^7 - 200*a^6 + 4156*a^5 - 46276*a^4 + 296176*a^3 - 1080244*a^2 + 2055888*a - 1550528 4*a^7 - 184*a^6 + 3468*a^5 - 34404*a^4 + 191680*a^3 - 590244*a^2 + 911920*a - 534464 -8*a^6 + 328*a^5 - 5344*a^4 + 43912*a^3 - 189656*a^2 + 399984*a - 306560 -4*a^7 + 200*a^6 - 4188*a^5 + 47396*a^4 - 310768*a^3 + 1165780*a^2 - 2265648*a + 1686208 -8*a^7 + 360*a^6 - 6608*a^5 + 63480*a^4 - 340040*a^3 + 998304*a^2 - 1461344*a + 822144 -8*a^7 + 360*a^6 - 6672*a^5 + 65800*a^4 - 371768*a^3 + 1199056*a^2 - 2031280*a + 1373888 -8*a^6 + 264*a^5 - 3088*a^4 + 13848*a^3 - 4136*a^2 - 112096*a + 166144 -4*a^7 + 200*a^6 - 4092*a^5 + 44036*a^4 - 266480*a^3 + 897012*a^2 - 1542032*a + 1039296 -4*a^7 + 200*a^6 - 4124*a^5 + 45124*a^4 - 280368*a^3 + 977972*a^2 - 1747376*a + 1204672 -24*a^6 + 1000*a^5 - 16640*a^4 + 140376*a^3 - 625832*a^2 + 1372352*a - 1116992 -24*a^6 + 952*a^5 - 14944*a^4 + 117944*a^3 - 490696*a^2 + 1019920*a - 834368 -24*a^6 + 1016*a^5 - 17232*a^4 + 148776*a^3 - 682136*a^2 + 1545568*a - 1298560 8*a^6 - 296*a^5 + 4208*a^4 - 28632*a^3 + 93960*a^2 - 128256*a + 39040 8*a^6 - 296*a^5 + 4208*a^4 - 28632*a^3 + 93960*a^2 - 128256*a + 39040 16*a^5 - 560*a^4 + 7488*a^3 - 47056*a^2 + 135408*a - 136512 8*a^7 - 376*a^6 + 7264*a^5 - 74232*a^4 + 429400*a^3 - 1390288*a^2 + 2303808*a - 1488576 8*a^7 - 376*a^6 + 7264*a^5 - 74232*a^4 + 429400*a^3 - 1390480*a^2 + 2307264*a - 1503872 -8*a^6 + 344*a^5 - 5920*a^4 + 51672*a^3 - 237784*a^2 + 535440*a - 448192 8*a^6 - 328*a^5 + 5376*a^4 - 44792*a^3 + 198392*a^2 - 436928*a + 362240 4*a^7 - 192*a^6 + 3812*a^5 - 40372*a^4 + 244696*a^3 - 841356*a^2 + 1500928*a - 1049280 4*a^7 - 192*a^6 + 3796*a^5 - 39780*a^4 + 236568*a^3 - 790876*a^2 + 1365840*a - 938688 16*a^5 - 576*a^4 + 8000*a^3 - 53056*a^2 + 165744*a - 191808 8*a^6 - 344*a^5 + 5904*a^4 - 51352*a^3 + 236008*a^2 - 534096*a + 452416 -16*a^4 + 576*a^3 - 7408*a^2 + 40064*a - 75968 64*a^4 - 1792*a^3 + 18304*a^2 - 81216*a + 133504 4*a^7 - 192*a^6 + 3812*a^5 - 40340*a^4 + 243928*a^3 - 835244*a^2 + 1483904*a - 1042496 -16*a^5 + 560*a^4 - 7296*a^3 + 42960*a^2 - 108336*a + 83136 -8*a^6 + 328*a^5 - 5360*a^4 + 44360*a^3 - 194184*a^2 + 419184*a - 333696 -8*a^6 + 360*a^5 - 6512*a^4 + 59864*a^3 - 289544*a^2 + 678208*a - 571648 8*a^6 - 328*a^5 + 5312*a^4 - 43032*a^3 + 181240*a^2 - 368480*a + 273152 -16*a^6 + 656*a^5 - 10752*a^4 + 89440*a^3 - 393648*a^2 + 853072*a - 686208 -16*a^4 + 496*a^3 - 5424*a^2 + 23952*a - 33088 16*a^5 - 560*a^4 + 7376*a^3 - 44624*a^2 + 118944*a - 102912 -16*a^5 + 544*a^4 - 7088*a^3 + 43808*a^2 - 126976*a + 137088 -8*a^6 + 344*a^5 - 5952*a^4 + 52632*a^3 - 247992*a^2 + 579472*a - 507520 -4*a^7 + 176*a^6 - 3124*a^5 + 28516*a^4 - 140888*a^3 + 361516*a^2 - 418928*a + 165056 -4*a^7 + 184*a^6 - 3484*a^5 + 35012*a^4 - 200368*a^3 + 647940*a^2 - 1087600*a + 729408 -4*a^7 + 200*a^6 - 4140*a^5 + 45716*a^4 - 288688*a^3 + 1032740*a^2 - 1912992*a + 1383936 8*a^6 - 328*a^5 + 5376*a^4 - 44824*a^3 + 199224*a^2 - 444256*a + 384384 8*a^6 - 328*a^5 + 5376*a^4 - 44824*a^3 + 199224*a^2 - 444256*a + 384384 8*a^6 - 328*a^5 + 5344*a^4 - 43992*a^3 + 191640*a^2 - 416032*a + 348608 -8*a^6 + 344*a^5 - 5920*a^4 + 51752*a^3 - 239384*a^2 + 544512*a - 458816 32*a^4 - 896*a^3 + 8992*a^2 - 37888*a + 55616 8*a^6 - 328*a^5 + 5376*a^4 - 44792*a^3 + 198392*a^2 - 436928*a + 362240 8*a^6 - 328*a^5 + 5344*a^4 - 44024*a^3 + 192472*a^2 - 423360*a + 370752 16*a^5 - 576*a^4 + 7824*a^3 - 49152*a^2 + 138144*a - 130048 8*a^6 - 344*a^5 + 5936*a^4 - 52216*a^3 + 244040*a^2 - 562672*a + 478912 8*a^6 - 312*a^5 + 4784*a^4 - 36440*a^3 + 142984*a^2 - 267504*a + 176960 8*a^6 - 312*a^5 + 4752*a^4 - 35704*a^3 + 137512*a^2 - 254288*a + 176192 8*a^6 - 328*a^5 + 5344*a^4 - 43832*a^3 + 187992*a^2 - 389376*a + 286784 over Number field with defining polynomial x^8-54*x^7+1229*x^6-15307*x^5+113284*x^4-505607*x^3+1314894*x^2-1801336*x+990944
a vector of length 85 over Number field with defining polynomial a number field of degree 17
For conductor 3, eigenvectors are:
-1 1 0 -1 over Number field with defining polynomial x+1
a^2 + 5*a + 5 a^2 + 3*a - 2 a+4 -2*a-7 over Number field with defining polynomial x^3+5*x^2+2*x-11
For conductor 5, eigenvectors are:
2 0 1 3 0 1 -1 -2 -2 0 -1 -1 over Number field with defining polynomial x+1
2 0 -2 0 0 1 -1 1 1 0 -1 -1 over Number field with defining polynomial x+4
-4*a^2 - 36*a - 52 -4*a^2 - 36*a - 62 10*a+40 -10 2*a^2 + 28*a + 66 2*a^2 + 18*a + 36 -2*a^2 - 18*a - 36 2*a^2 + 28*a + 56 -a^2 - 9*a - 13 a^2 + 9*a + 28 -5*a-10 -5 over Number field with defining polynomial x^3+15*x^2+62*x+73
a^6 + 18*a^5 + 115*a^4 + 316*a^3 + 375*a^2 + 178*a + 21 -a^6 - 20*a^5 - 147*a^4 - 480*a^3 - 655*a^2 - 268*a - 29 a^5 + 14*a^4 + 62*a^3 + 88*a^2 + 9*a + 2 3*a^4 + 40*a^3 + 158*a^2 + 176*a + 23 4*a^4 + 48*a^3 + 176*a^2 + 224*a + 28 -a^6 - 21*a^5 - 163*a^4 - 570*a^3 - 871*a^2 - 457*a - 45 -2*a^5 - 29*a^4 - 144*a^3 - 302*a^2 - 246*a - 29 -a^5 - 17*a^4 - 94*a^3 - 190*a^2 - 129*a - 17 a^5 + 17*a^4 + 98*a^3 + 218*a^2 + 157*a + 21 -a^5 - 15*a^4 - 74*a^3 - 134*a^2 - 85*a - 11 a^4 + 16*a^3 + 74*a^2 + 104*a + 13 -a^5 - 16*a^4 - 82*a^3 - 136*a^2 - 37*a over Number field with defining polynomial x^7+25*x^6+241*x^5+1125*x^4+2619*x^3+2811*x^2+1075*x+103
For conductor 15, eigenvectors are:
58 -4 -18 6 12 -10 17 3 -6 -12 -8 -3 -1 -2 1 6 4 14 -8 -10 -9 -4 -11 0 2 -4 -2 -3 3 -9 5 -12 -4 -5 -2 0 4 10 6 -1 -1 -2 2 1 -3 3 4 12 -10 4 -4 -8 -2 -4 -1 -1 3 1 4 -3 5 -1 over Number field with defining polynomial x-9
0 4*a^4 - 72*a^3 + 432*a^2 - 1016*a + 780 4*a^4 - 72*a^3 + 368*a^2 - 248*a - 1460 8*a^3 - 72*a^2 + 120*a + 200 6*a^4 - 104*a^3 + 556*a^2 - 824*a - 466 -4*a^4 + 68*a^3 - 356*a^2 + 444*a + 616 -6*a^4 + 104*a^3 - 556*a^2 + 824*a + 466 -2*a^4 + 40*a^3 - 228*a^2 + 280*a + 550 -4*a^4 + 52*a^3 - 196*a^2 + 44*a + 680 -4*a^4 + 56*a^3 - 240*a^2 + 200*a + 500 32*a^2 - 256*a + 480 4*a^4 - 72*a^3 + 408*a^2 - 712*a - 108 -5*a^4 + 84*a^3 - 418*a^2 + 396*a + 1031 a^4 - 14*a^3 + 40*a^2 + 110*a - 393 -6*a^4 + 100*a^3 - 496*a^2 + 508*a + 1046 -a^4 + 20*a^3 - 114*a^2 + 156*a + 163 2*a^3 + 2*a^2 - 178*a + 526 a^4 - 14*a^3 + 56*a^2 - 18*a - 217 -5*a^4 + 80*a^3 - 366*a^2 + 208*a + 1171 a^4 - 18*a^3 + 100*a^2 - 158*a - 85 4*a^4 - 72*a^3 + 384*a^2 - 472*a - 676 -8*a^4 + 136*a^3 - 728*a^2 + 1176*a + 256 -2*a^4 + 36*a^3 - 184*a^2 + 156*a + 506 6*a^4 - 96*a^3 + 468*a^2 - 512*a - 826 4*a^3 - 76*a^2 + 412*a - 660 16*a^2 - 128*a + 240 4*a^3 - 60*a^2 + 284*a - 420 -2*a^4 + 32*a^3 - 156*a^2 + 160*a + 350 -2*a^4 + 28*a^3 - 112*a^2 + 4*a + 530 -2*a^4 + 36*a^3 - 200*a^2 + 316*a + 170 2*a^4 - 36*a^3 + 216*a^2 - 444*a + 70 -4*a^3 + 28*a^2 + 36*a - 380 2*a^4 - 20*a^3 + 40*a^2 + 52*a - 10 3*a^4 - 52*a^3 + 278*a^2 - 380*a - 393 8*a^2 - 64*a + 120 0 3*a^4 - 52*a^3 + 286*a^2 - 476*a - 113 -a^4 + 10*a^3 - 12*a^2 - 106*a + 237 2*a^4 - 34*a^3 + 178*a^2 - 238*a - 260 2*a^3 - 30*a^2 + 142*a - 210 2*a^3 - 30*a^2 + 142*a - 210 8*a^2 - 64*a + 120 2*a^4 - 34*a^3 + 194*a^2 - 366*a - 20 -3*a^4 + 56*a^3 - 330*a^2 + 600*a + 93 2*a^4 - 36*a^3 + 216*a^2 - 492*a + 342 -6*a^3 + 42*a^2 + 6*a - 298 2*a^4 - 30*a^3 + 118*a^2 + 46*a - 680 -a^4 + 16*a^3 - 70*a^2 + 343 a^4 - 18*a^3 + 100*a^2 - 158*a - 85 -a^4 + 16*a^3 - 86*a^2 + 176*a - 105 -2*a^4 + 34*a^3 - 186*a^2 + 302*a + 140 -2*a^3 + 22*a^2 - 46*a - 70 3*a^4 - 54*a^3 + 300*a^2 - 458*a - 303 -2*a^4 + 32*a^3 - 148*a^2 + 80*a + 518 3*a^4 - 48*a^3 + 242*a^2 - 336*a - 245 -3*a^4 + 56*a^3 - 322*a^2 + 536*a + 213 4*a^3 - 36*a^2 + 60*a + 100 6*a^3 - 58*a^2 + 122*a + 58 -a^4 + 16*a^3 - 86*a^2 + 176*a - 105 2*a^3 - 22*a^2 + 78*a - 90 -a^4 + 14*a^3 - 56*a^2 + 34*a + 105 2*a^3 - 30*a^2 + 142*a - 210 over Number field with defining polynomial x^5-15*x^4+54*x^3+70*x^2-407*x-151
a vector of length 62 over Number field with defining polynomial a number field of degree 41
a vector of length 62 over Number field with defining polynomial a number field of degree 15
For conductor 59, eigenvectors are:
1 1 0 -1 -1 0 over Number field with defining polynomial x+5
-2*a^4 - 26*a^3 - 118*a^2 - 220*a - 142 -2*a^3 - 18*a^2 - 48*a - 32 -3*a^3 - 25*a^2 - 65*a - 51 -2*a^3 - 17*a^2 - 46*a - 39 -a^4 - 12*a^3 - 51*a^2 - 88*a - 48 -a^3 - 4*a^2 + 3*a + 14 over Number field with defining polynomial x^5+19*x^4+131*x^3+414*x^2+598*x+313
For conductor 177, eigenvectors are:
4*a^7 - 148*a^6 + 2304*a^5 - 19844*a^4 + 102532*a^3 - 311136*a^2 + 477184*a - 224256 2*a^7 - 76*a^6 + 1102*a^5 - 7370*a^4 + 19752*a^3 + 7502*a^2 - 107200*a + 76160 -4*a^6 + 128*a^5 - 1536*a^4 + 8488*a^3 - 21052*a^2 + 18648*a - 3776 -a^7 + 32*a^6 - 335*a^5 + 589*a^4 + 12444*a^3 - 86577*a^2 + 193584*a - 105920 3*a^7 - 104*a^6 + 1381*a^5 - 8499*a^4 + 20908*a^3 + 9359*a^2 - 105312*a + 67776 2*a^7 - 80*a^6 + 1312*a^5 - 11378*a^4 + 55834*a^3 - 152018*a^2 + 202608*a - 87168 3*a^7 - 104*a^6 + 1381*a^5 - 8499*a^4 + 20908*a^3 + 9359*a^2 - 105312*a + 67776 -3*a^7 + 126*a^6 - 2181*a^5 + 20019*a^4 - 103908*a^3 + 298115*a^2 - 416992*a + 189184 -2*a^7 + 86*a^6 - 1494*a^5 + 13466*a^4 - 67144*a^3 + 181296*a^2 - 235648*a + 103424 -4*a^7 + 164*a^6 - 2732*a^5 + 23704*a^4 - 113784*a^3 + 294364*a^2 - 363392*a + 151104 4*a^6 - 142*a^5 + 1956*a^4 - 13126*a^3 + 43876*a^2 - 65120*a + 28352 -4*a^7 + 168*a^6 - 2860*a^5 + 25292*a^4 - 123448*a^3 + 324124*a^2 - 405576*a + 170944 a^7 - 47*a^6 + 916*a^5 - 9505*a^4 + 55857*a^3 - 180934*a^2 + 282052*a - 135264 4*a^6 - 158*a^5 + 2463*a^4 - 19082*a^3 + 75255*a^2 - 133934*a + 66320 3*a^7 - 122*a^6 + 2022*a^5 - 17541*a^4 + 84809*a^3 - 223191*a^2 + 283000*a - 119136 2*a^6 - 71*a^5 + 978*a^4 - 6563*a^3 + 21938*a^2 - 32560*a + 14176 -a^7 + 41*a^6 - 689*a^5 + 6088*a^4 - 30056*a^3 + 80941*a^2 - 106024*a + 48256 3*a^5 - 91*a^4 + 1035*a^3 - 5333*a^2 + 11218*a - 4592 2*a^6 - 50*a^5 + 368*a^4 - 6*a^3 - 9838*a^2 + 32188*a - 19936 a^7 - 51*a^6 + 1050*a^5 - 11242*a^4 + 66837*a^3 - 215867*a^2 + 333528*a - 161568 a^7 - 39*a^6 + 583*a^5 - 4069*a^4 + 11998*a^3 - 1512*a^2 - 48938*a + 37136 -a^7 + 40*a^6 - 655*a^5 + 5641*a^4 - 27196*a^3 + 71763*a^2 - 92336*a + 40448 2*a^7 - 78*a^6 + 1206*a^5 - 9326*a^4 + 37072*a^3 - 68012*a^2 + 38736*a - 2368 -a^7 + 38*a^6 - 569*a^5 + 4229*a^4 - 15982*a^3 + 27189*a^2 - 12472*a - 1280 -2*a^7 + 78*a^6 - 1206*a^5 + 9326*a^4 - 37072*a^3 + 68012*a^2 - 38736*a + 2368 3*a^7 - 128*a^6 + 2223*a^5 - 20195*a^4 + 102358*a^3 - 283301*a^2 + 379312*a - 167296 -a^7 + 48*a^6 - 946*a^5 + 9852*a^4 - 57829*a^3 + 186636*a^2 - 289456*a + 137376 -a^7 + 37*a^6 - 562*a^5 + 4561*a^4 - 21395*a^3 + 57420*a^2 - 77784*a + 34240 -a^7 + 49*a^6 - 978*a^5 + 10236*a^4 - 59951*a^3 + 191899*a^2 - 294118*a + 138320 a^7 - 46*a^6 + 868*a^5 - 8639*a^4 + 48363*a^3 - 148789*a^2 + 221118*a - 103632 -a^7 + 38*a^6 - 580*a^5 + 4551*a^4 - 19467*a^3 + 44213*a^2 - 47742*a + 18640 2*a^7 - 82*a^6 + 1352*a^5 - 11458*a^4 + 52842*a^3 - 128712*a^2 + 146992*a - 59008 3*a^7 - 124*a^6 + 2095*a^5 - 18607*a^4 + 92694*a^3 - 253541*a^2 + 337128*a - 147456 -3*a^7 + 120*a^6 - 1949*a^5 + 16475*a^4 - 76924*a^3 + 192841*a^2 - 228872*a + 90816 a^7 - 38*a^6 + 580*a^5 - 4526*a^4 + 18883*a^3 - 39716*a^2 + 35200*a - 11360 a^7 - 34*a^6 + 423*a^5 - 2097*a^4 + 212*a^3 + 33511*a^2 - 95784*a + 57920 4*a^6 - 125*a^5 + 1471*a^4 - 8041*a^3 + 20073*a^2 - 19198*a + 7216 6*a^6 - 196*a^5 + 2500*a^4 - 15776*a^3 + 50862*a^2 - 76068*a + 36704 -a^7 + 38*a^6 - 551*a^5 + 3685*a^4 - 9876*a^3 - 3751*a^2 + 53600*a - 38080 -a^7 + 48*a^6 - 943*a^5 + 9729*a^4 - 56092*a^3 + 176339*a^2 - 265712*a + 125440 a^7 - 39*a^6 + 612*a^5 - 4910*a^4 + 21005*a^3 - 44979*a^2 + 39862*a - 12304 2*a^6 - 61*a^5 + 703*a^4 - 3797*a^3 + 9547*a^2 - 9874*a + 5328 -2*a^6 + 64*a^5 - 768*a^4 + 4244*a^3 - 10526*a^2 + 9324*a - 1888 -2*a^7 + 82*a^6 - 1366*a^5 + 11878*a^4 - 57480*a^3 + 151536*a^2 - 193464*a + 83584 -2*a^7 + 82*a^6 - 1366*a^5 + 11878*a^4 - 57480*a^3 + 151536*a^2 - 193464*a + 83584 a^6 - 25*a^5 + 200*a^4 - 391*a^3 - 1795*a^2 + 6806*a - 3312 -a^7 + 42*a^6 - 715*a^5 + 6323*a^4 - 30862*a^3 + 81031*a^2 - 101394*a + 42736 -a^7 + 44*a^6 - 795*a^5 + 7573*a^4 - 40478*a^3 + 118439*a^2 - 166990*a + 75312 -a^7 + 43*a^6 - 763*a^5 + 7189*a^4 - 38356*a^3 + 113176*a^2 - 162328*a + 74368 -a^7 + 40*a^6 - 656*a^5 + 5715*a^4 - 28505*a^3 + 80363*a^2 - 113072*a + 51616 -a^7 + 44*a^6 - 784*a^5 + 7277*a^4 - 37581*a^3 + 105769*a^2 - 143488*a + 63424 -a^7 + 44*a^6 - 788*a^5 + 7389*a^4 - 38747*a^3 + 111381*a^2 - 155522*a + 71056 -a^6 + 32*a^5 - 384*a^4 + 2122*a^3 - 5263*a^2 + 4662*a - 944 a^7 - 42*a^6 + 724*a^5 - 6595*a^4 + 33915*a^3 - 96501*a^2 + 134430*a - 61136 a^7 - 41*a^6 + 676*a^5 - 5729*a^4 + 26421*a^3 - 64356*a^2 + 73496*a - 29504 3*a^7 - 122*a^6 + 2022*a^5 - 17541*a^4 + 84809*a^3 - 223191*a^2 + 283000*a - 119136 2*a^7 - 81*a^6 + 1327*a^5 - 11258*a^4 + 52451*a^3 - 130507*a^2 + 153798*a - 62320 2*a^7 - 81*a^6 + 1345*a^5 - 11803*a^4 + 58561*a^3 - 161304*a^2 + 219096*a - 99872 -a^7 + 47*a^6 - 907*a^5 + 9233*a^4 - 52804*a^3 + 165464*a^2 - 249016*a + 116864 a^7 - 42*a^6 + 733*a^5 - 6842*a^4 + 36384*a^3 - 107474*a^2 + 154924*a - 72256 a^7 - 37*a^6 + 541*a^5 - 3932*a^4 + 14442*a^3 - 23041*a^2 + 7302*a + 1872 a^7 - 40*a^6 + 653*a^5 - 5592*a^4 + 26768*a^3 - 70066*a^2 + 89328*a - 39680 3*a^6 - 94*a^5 + 1141*a^4 - 6804*a^3 + 20582*a^2 - 28496*a + 12032 -2*a^6 + 64*a^5 - 794*a^4 + 4832*a^3 - 14880*a^2 + 21092*a - 9920 -4*a^6 + 130*a^5 - 1637*a^4 + 10092*a^3 - 31457*a^2 + 45192*a - 20608 6*a^6 - 217*a^5 + 3097*a^4 - 22027*a^3 + 80277*a^2 - 134024*a + 65472 8*a^6 - 292*a^5 + 4200*a^4 - 30062*a^3 + 110188*a^2 - 185410*a + 92624 -a^7 + 39*a^6 - 619*a^5 + 5145*a^4 - 23908*a^3 + 60888*a^2 - 75640*a + 31872 a^7 - 39*a^6 + 619*a^5 - 5145*a^4 + 23908*a^3 - 60888*a^2 + 75640*a - 31872 -5*a^6 + 192*a^5 - 2910*a^4 + 21942*a^3 - 84433*a^2 + 147622*a - 74128 a^7 - 43*a^6 + 758*a^5 - 7042*a^4 + 36775*a^3 - 105679*a^2 + 148118*a - 68944 -3*a^6 + 105*a^5 - 1450*a^4 + 10007*a^3 - 35613*a^2 + 58790*a - 29264 -a^7 + 43*a^6 - 763*a^5 + 7189*a^4 - 38356*a^3 + 113176*a^2 - 162328*a + 74368 -9*a^6 + 336*a^5 - 4954*a^4 + 36390*a^3 - 136721*a^2 + 234310*a - 116624 -a^6 + 34*a^5 - 447*a^4 + 2860*a^3 - 9178*a^2 + 13688*a - 7808 a^6 - 32*a^5 + 384*a^4 - 2122*a^3 + 5263*a^2 - 4662*a + 944 3*a^6 - 112*a^5 + 1660*a^4 - 12326*a^3 + 47025*a^2 - 82026*a + 41552 -3*a^6 + 112*a^5 - 1660*a^4 + 12326*a^3 - 47025*a^2 + 82026*a - 41552 a^6 - 48*a^5 + 866*a^4 - 7494*a^3 + 32145*a^2 - 60934*a + 31632 over Number field with defining polynomial x^8-50*x^7+1043*x^6-11755*x^5+77358*x^4-299031*x^3+645066*x^2-680512*x+256896
a vector of length 79 over Number field with defining polynomial a number field of degree 56
a vector of length 79 over Number field with defining polynomial a number field of degree 15
For conductor 295, eigenvectors are:
a vector of length 66 over Number field with defining polynomial a number field of degree 12
a vector of length 66 over Number field with defining polynomial a number field of degree 16
a vector of length 66 over Number field with defining polynomial a number field of degree 38
For conductor 885, eigenvectors are:
-a^5 - 14*a^4 - 71*a^3 - 147*a^2 - 87*a + 36 -a^6 - 14*a^5 - 67*a^4 - 113*a^3 + 25*a^2 + 212*a + 114 -a^6 - 15*a^5 - 84*a^4 - 212*a^3 - 213*a^2 + 2*a + 87 2*a^5 + 23*a^4 + 82*a^3 + 79*a^2 - 49*a - 67 a^5 + 13*a^4 + 53*a^3 + 54*a^2 - 100*a - 165 2*a^4 + 20*a^3 + 63*a^2 + 64*a + 3 -a^4 - 12*a^3 - 57*a^2 - 120*a - 90 a^5 + 11*a^4 + 40*a^3 + 49*a^2 - 12*a - 45 a^5 + 13*a^4 + 63*a^3 + 141*a^2 + 143*a + 51 over Number field with defining polynomial x^7+16*x^6+92*x^5+211*x^4+66*x^3-395*x^2-389*x+4
-2*a-2 -a-9 a+9 0 a+9 -a-1 -a-1 -a-9 8 over Number field with defining polynomial x^2+34*x+97
For conductor 1:
traces of hecke eigenvalues of T_{p^1} are:
15 400 1464 2380 5220 7240 12720 25260 30784 52060 70644 81400 106080 151740 230764 305320 363024 394420 499360 578760 712980 922180 
computing eigenvalues for k = 1, took 67.788596 sec
traces of hecke eigenvalues of T_{p^2} are:
30 2800 
computing eigenvalues for k = 2, took 0.214635 sec
traces of hecke eigenvalues of T_{p^1} are:
7 32 184 204 292 360 384 1100 704 1372 1844 1704 2512 2524 4524 4472 4784 5364 6080 8184 8340 10372 
computing eigenvalues for k = 1, took 66.728632 sec
traces of hecke eigenvalues of T_{p^2} are:
6 -144 
computing eigenvalues for k = 2, took 0.214233 sec
traces of hecke eigenvalues of T_{p^1} are:
8 90 216 332 528 758 1268 1854 1860 2520 3026 3492 4560 6050 7296 10032 10880 11036 12526 13952 15168 18532 
computing eigenvalues for k = 1, took 67.110009 sec
traces of hecke eigenvalues of T_{p^2} are:
-6 -80 
computing eigenvalues for k = 2, took 0.209841 sec
traces of hecke eigenvalues of T_{p^1} are:
13 104 277 269 781 653 1008 1433 2040 2521 3896 3749 4538 5083 6960 7786 10513 10852 12416 15907 16708 19368 
computing eigenvalues for k = 1, took 67.733537 sec
traces of hecke eigenvalues of T_{p^2} are:
9 32 
computing eigenvalues for k = 2, took 0.220922 sec
traces of hecke eigenvalues of T_{p^1} are:
5 -106 238 214 -87 14 -1024 1556 -1440 496 200 -1112 340 -2220 5052 -420 -1427 -774 -410 6558 2540 2196 
computing eigenvalues for k = 1, took 15.630706 sec
traces of hecke eigenvalues of T_{p^2} are:
15 192 
computing eigenvalues for k = 2, took 0.175400 sec
traces of hecke eigenvalues of T_{p^1} are:
53 516 1194 1697 2884 3481 5423 8155 9445 13597 16453 18168 22587 27664 36535 45915 49652 51713 61629 67955 80060 95263 
computing eigenvalues for k = 1, took 67.635625 sec
traces of hecke eigenvalues of T_{p^2} are:
9 128 
computing eigenvalues for k = 2, took 0.213338 sec
traces of hecke eigenvalues of T_{p^1} are:
0 -167 226 -286 703 -499 855 1162 -41 -895 3132 -1363 1549 5037 486 -3462 6866 -1235 -6512 -2560 9717 -5495 
computing eigenvalues for k = 1, took 15.981888 sec
traces of hecke eigenvalues of T_{p^2} are:
-31 -282 
computing eigenvalues for k = 2, took 0.182646 sec
traces of hecke eigenvalues of T_{p^1} are:
54 501 1123 1489 2587 3104 4642 7416 8060 11375 14201 15021 18468 22994 29002 35438 40879 42036 49687 56535 65068 75380 
computing eigenvalues for k = 1, took 68.410516 sec
traces of hecke eigenvalues of T_{p^2} are:
42 808 
computing eigenvalues for k = 2, took 0.212507 sec
traces of hecke eigenvalues of T_{p^1} are:
108 1019 2302 3285 5719 6472 9463 14974 17012 24669 30630 32799 38471 50115 64035 77342 86344 93977 107366 120857 137774 161695 
computing eigenvalues for k = 1, took 68.669992 sec
traces of hecke eigenvalues of T_{p^2} are:
69 1352 
computing eigenvalues for k = 2, took 0.213718 sec
For conductor 3:
traces of hecke eigenvalues of T_{p^1} are:
-1 -11 5 -19 -1 18 144 88 -554 37 -501 37 -84 -90 380 -72 27 -344 261 1203 1186 -1334 
computing eigenvalues for k = 1, took 875.725916 sec
traces of hecke eigenvalues of T_{p^2} are:
-2 0 
computing eigenvalues for k = 2, took 0.497297 sec
traces of hecke eigenvalues of T_{p^1} are:
-5 -36 39 -11 -79 -352 295 -188 -183 -213 -292 -576 407 876 -2440 -225 641 -653 -1495 -1117 -1535 1217 
computing eigenvalues for k = 1, took 872.995807 sec
traces of hecke eigenvalues of T_{p^2} are:
3 -10 
computing eigenvalues for k = 2, took 0.495514 sec
For conductor 5:
traces of hecke eigenvalues of T_{p^1} are:
-1 15 30 -40 -84 -45 -152 -79 -30 -2 -127 -210 42 207 498 702 -988 502 221 -82 1470 -1510 
computing eigenvalues for k = 1, took 287.845829 sec
traces of hecke eigenvalues of T_{p^2} are:
2 -36 
computing eigenvalues for k = 2, took 0.509271 sec
traces of hecke eigenvalues of T_{p^1} are:
-4 -15 12 -4 -72 -21 -140 209 -6 484 -163 -192 -144 -369 -1104 192 -646 -632 239 -4 162 -1492 
computing eigenvalues for k = 1, took 284.417323 sec
traces of hecke eigenvalues of T_{p^2} are:
-1 0 
computing eigenvalues for k = 2, took 0.532458 sec
traces of hecke eigenvalues of T_{p^1} are:
-15 -16 -103 -27 -95 56 -11 -224 273 -405 -382 -646 -515 -532 -1098 1015 -613 1461 -1141 305 -947 -1683 
computing eigenvalues for k = 1, took 284.695957 sec
traces of hecke eigenvalues of T_{p^2} are:
15 -34 
computing eigenvalues for k = 2, took 0.517165 sec
traces of hecke eigenvalues of T_{p^1} are:
-25 -55 -166 -200 -280 -79 -148 -389 334 -1254 351 766 -246 -843 -750 -1746 2896 -2886 1451 -3758 230 702 
computing eigenvalues for k = 1, took 284.641616 sec
traces of hecke eigenvalues of T_{p^2} are:
12 -116 
computing eigenvalues for k = 2, took 0.517445 sec
For conductor 15:
traces of hecke eigenvalues of T_{p^1} are:
9 76 108 256 360 256 432 792 1192 1336 2052 1984 2232 3312 3460 4360 4824 4972 5800 7128 9036 9220 
computing eigenvalues for k = 1, took 299.160169 sec
traces of hecke eigenvalues of T_{p^2} are:
12 208 
computing eigenvalues for k = 2, took 8.127791 sec
traces of hecke eigenvalues of T_{p^1} are:
15 114 -142 474 253 -506 -784 16 1000 316 1240 288 -1060 1720 -268 -980 -1227 -2734 -1810 1278 6020 -3564 
computing eigenvalues for k = 1, took 157.750603 sec
traces of hecke eigenvalues of T_{p^2} are:
15 280 
computing eigenvalues for k = 2, took 0.439218 sec
traces of hecke eigenvalues of T_{p^1} are:
-9 106 -367 581 90 267 17 -1034 75 3182 -1659 2148 1637 1911 6902 6242 -4887 10959 -3613 -2161 117 9207 
computing eigenvalues for k = 1, took 157.590737 sec
traces of hecke eigenvalues of T_{p^2} are:
-34 -378 
computing eigenvalues for k = 2, took 0.442303 sec
traces of hecke eigenvalues of T_{p^1} are:
79 816 1958 2735 4354 5945 8149 12997 15425 21087 25945 28066 32841 41400 58645 68921 77922 81841 96145 101249 118418 142607 
computing eigenvalues for k = 1, took 294.787811 sec
traces of hecke eigenvalues of T_{p^2} are:
12 528 
computing eigenvalues for k = 2, took 7.896999 sec
For conductor 59:
traces of hecke eigenvalues of T_{p^1} are:
-5 -1 -49 -61 -15 90 -42 -234 134 159 53 -267 -110 618 164 -960 -465 -194 -1989 1749 -428 -500 
computing eigenvalues for k = 1, took 475.407616 sec
traces of hecke eigenvalues of T_{p^2} are:
4 -92 
computing eigenvalues for k = 2, took 0.519409 sec
traces of hecke eigenvalues of T_{p^1} are:
-19 -48 -199 -1 -33 -196 49 -760 -15 -165 -1136 970 -57 -948 -688 -1267 231 -751 1055 -731 37 -143 
computing eigenvalues for k = 1, took 484.439911 sec
traces of hecke eigenvalues of T_{p^2} are:
11 60 
computing eigenvalues for k = 2, took 0.529753 sec
For conductor 177:
traces of hecke eigenvalues of T_{p^1} are:
50 501 1029 1545 2527 3328 4618 6846 8474 11643 13737 15663 18908 22084 29796 38382 39209 45196 53879 57833 65748 78004 
computing eigenvalues for k = 1, took 315.335392 sec
traces of hecke eigenvalues of T_{p^2} are:
30 808 
computing eigenvalues for k = 2, took 8.852636 sec
traces of hecke eigenvalues of T_{p^1} are:
-19 27 92 536 -216 539 -1203 196 1799 3715 -408 555 -4777 4009 9054 -1476 3579 -849 8854 -5218 8409 -495 
computing eigenvalues for k = 1, took 162.516806 sec
traces of hecke eigenvalues of T_{p^2} are:
-36 -608 
computing eigenvalues for k = 2, took 0.481664 sec
traces of hecke eigenvalues of T_{p^1} are:
88 830 1862 2735 4574 5337 8267 12531 14071 21127 25141 27474 33619 43204 56241 66135 74900 82525 91373 104385 114956 143111 
computing eigenvalues for k = 1, took 310.488352 sec
traces of hecke eigenvalues of T_{p^2} are:
39 640 
computing eigenvalues for k = 2, took 8.551261 sec
For conductor 295:
traces of hecke eigenvalues of T_{p^1} are:
68 642 1538 2061 3760 4353 6489 10113 11983 16361 20697 21816 26721 34960 43727 50633 61486 63033 72713 83623 96074 109699 
computing eigenvalues for k = 1, took 305.839060 sec
traces of hecke eigenvalues of T_{p^2} are:
24 336 
computing eigenvalues for k = 2, took 7.791829 sec
traces of hecke eigenvalues of T_{p^1} are:
102 865 2170 2881 5195 6044 9171 14838 16152 21753 28694 29569 36827 45601 62789 74438 82896 87295 101314 112179 131298 151965 
computing eigenvalues for k = 1, took 306.672776 sec
traces of hecke eigenvalues of T_{p^2} are:
66 520 
computing eigenvalues for k = 2, took 8.504588 sec
traces of hecke eigenvalues of T_{p^1} are:
22 -207 14 34 806 -991 1073 894 -1311 -211 1284 -921 4661 6715 -924 -3444 3755 1803 -3634 5530 4241 637 
computing eigenvalues for k = 1, took 161.703876 sec
traces of hecke eigenvalues of T_{p^2} are:
-15 -352 
computing eigenvalues for k = 2, took 0.464843 sec
For conductor 885:
traces of hecke eigenvalues of T_{p^1} are:
-16 -134 41 -345 7 -54 351 40 35 -1363 -36 -656 381 -406 688 -2033 371 -3759 -479 503 -1725 -1711 
computing eigenvalues for k = 1, took 482.912988 sec
traces of hecke eigenvalues of T_{p^2} are:
0 88 
computing eigenvalues for k = 2, took 0.483213 sec
traces of hecke eigenvalues of T_{p^1} are:
-2 -34 92 8 12 -190 -76 -90 -118 164 70 -562 142 -768 -348 -228 256 792 8 -698 690 -878 
computing eigenvalues for k = 1, took 477.300364 sec
traces of hecke eigenvalues of T_{p^2} are:
-4 56 
computing eigenvalues for k = 2, took 0.484669 sec
