constructing eigenvector for poly
x-15
constructing eigenvector for poly
x-2
constructing eigenvector for poly
x^2-2*x-2
constructing eigenvector for poly
x^2+10*x+20
constructing eigenvector for poly
x^10+30*x^9+344*x^8+1816*x^7+3744*x^6-1984*x^5-14656*x^4-4096*x^3+12288*x^2+5120*x-1024
constructing eigenvector for poly
x^10+27*x^9+285*x^8+1515*x^7+4249*x^6+5516*x^5-142*x^4-9669*x^3-11818*x^2-5826*x-1013
constructing eigenvector for poly
x^20-109*x^19+5534*x^18-173822*x^17+3783797*x^16-60601598*x^15+739958976*x^14-7042883176*x^13+52983070631*x^12-317577623445*x^11+1521926996202*x^10-5828607230202*x^9+17762859613763*x^8-42719347863240*x^7+80019329206536*x^6-114495868354264*x^5+121636628265488*x^4-91930928794752*x^3+46153031085888*x^2-13582639062144*x+1734875435520
constructing eigenvector for poly
x^97-64*x^96+1485*x^95-8151*x^94-271579*x^93+5252356*x^92-10226668*x^91-659678614*x^90+6641524968*x^89+21673190851*x^88-759416812545*x^87+2746780812398*x^86+40696941829233*x^85-386663242558611*x^84-607253260816598*x^83+23541906475439709*x^82-66761761815649313*x^81-801614802898125557*x^80+5677004789702848257*x^79+10862300675720003196*x^78-234295170640371947671*x^77+377390745267056827901*x^76+5898203100133533343528*x^75-27162949642165289289645*x^74-78651274383488628434889*x^73+854910071250810789998855*x^72-365903076544570130907359*x^71-16910247830087378511019326*x^70+45790396917377933273665078*x^69+205437109481330628126268557*x^68-1209489486872898605900050125*x^67-779915595206833903132925224*x^66+19408121069482327547498041965*x^65-26017971239618516416127986536*x^64-203458658713782440348135248408*x^63+674353262384072116995836859612*x^62+1156036675399018598143119925849*x^61-9061450333568658507960097472235*x^60+2937000638527145643396088737862*x^59+79803150222907260903739682329039*x^58-144261415478935536575360696126267*x^57-443691281263125920905709383667013*x^56+1718314762240028258388172497848849*x^55+863816887063956230520293480460247*x^54-12616535397943469405933934530509327*x^53+10425262878385337712170720602660920*x^52+61206017136073813672484707900547271*x^51-128759938384106527745327872679417993*x^50-167290984311088430760091918604313954*x^49+797982223726961917265623284234896291*x^48-95915253808580219273256164384253391*x^47-3224015794139244830972096130528887201*x^46+3541493989943117351182405061868915103*x^45+8308944038007447116784288369742935856*x^44-19536583404686957653557264611106035999*x^43-8846429167765113295277345310700034208*x^42+64533730021090719316317022065139593994*x^41-28847086581459204861823841324320368015*x^40-139759073451538763621091333812100724400*x^39+173540971174530704413240493517397837700*x^38+175586608390826644927984264846694369636*x^37-471247584342723918397116050352191562407*x^36-5911442037649809147541776503283745814*x^35+809412047439302965661807927583733845400*x^34-498171712092665909619103229043203828604*x^33-873316888468224895264624362267621283708*x^32+1170048089476021431632719969428558880242*x^31+414522971383765519425904896232595039669*x^30-1529995211040183232736981915669804488196*x^29+364888538656565364686969117542422634291*x^28+1241582866382700909940876490703004427061*x^27-898267269202071706242186779315356667125*x^26-539412703311459570839328153217354766851*x^25+856647043531037566927386559149769849288*x^24-25273843174852754020893481237307122227*x^23-466823786339007707232452697732794311101*x^22+193251320601754993335117862721151134987*x^21+134490141088062381733888682209762273342*x^20-123242150578562707891893852479355876566*x^19-4269038243652393097901508051665410721*x^18+38351877100891533353154405692239941993*x^17-10782205251234665834862231787605761809*x^16-5409884129103694794828495292439120088*x^15+3581256602316927395920691013949588536*x^14-76889212308899878183252692388443568*x^13-465456124222979012346759188645871029*x^12+118326465320181932534137208112322429*x^11+16429963637260388775195784457195071*x^10-12071673044538317320267041278026488*x^9+1356105512731737937856893635493848*x^8+295341128173478035218508191600384*x^7-90841926652231813857389515792464*x^6+5857359105915397600996996410112*x^5+708101213468440654062406663680*x^4-130346096926016664619830951168*x^3+7144870564834783246382172928*x^2-136729394312598178715991040*x+321637928854936823936000
constructing eigenvector for poly
x^45-275*x^44+36719*x^43-3171934*x^42+199288951*x^41-9706914385*x^40+381519332520*x^39-12435913394123*x^38+342891333278677*x^37-8117294199113258*x^36+166892299449641516*x^35-3007283774157814033*x^34+47839307817433233860*x^33-675809754669832109778*x^32+8518708992216713285660*x^31-96189597086240111349350*x^30+976030763229849939480167*x^29-8922489891166296912961447*x^28+73632346679221625677066867*x^27-549387094407755430176285864*x^26+3710202231939037128369779763*x^25-22695403448920863356263498765*x^24+125791543562046955074907435524*x^23-631737679853485734912963646927*x^22+2873703581891768908269043627435*x^21-11832162663538460374353501050284*x^20+44049979970522147260406849646458*x^19-148070056744201022690345469562873*x^18+448576106300935904970299359882490*x^17-1221999306031199828211743416453376*x^16+2985245538838955838135960931667280*x^15-6518282063154656464792055777152032*x^14+12671373319516572195400202920269520*x^13-21828246188259788568990535628396992*x^12+33135413561615620569635539493601760*x^11-44028432548560990780823880658367440*x^10+50794654903797754286337329586649568*x^9-50376660895679009185266000260764800*x^8+42421627562781352474897039883643008*x^7-29856305709752918090977908976846592*x^6+17201804696795632059594964503374336*x^5-7886618094515163471863446525378560*x^4+2761559001026930497709802975455232*x^3-692161335074688447673275230060544*x^2+110343574590140261012021953044480*x-8388172827712052706332827729920
constructing eigenvector for poly
x^10+27*x^9+285*x^8+1515*x^7+4249*x^6+5516*x^5-142*x^4-9669*x^3-11818*x^2-5826*x-1013
constructing eigenvector for poly
x^39+101*x^38+4806*x^37+143115*x^36+2986551*x^35+46316054*x^34+551781401*x^33+5139171566*x^32+37598982733*x^31+213805360209*x^30+908490636447*x^29+2534546225690*x^28+1734447613578*x^27-24906953131062*x^26-150896590607110*x^25-460970642170033*x^24-655020314846479*x^23+953687123923255*x^22+7832922024740970*x^21+20694036982762373*x^20+24857728294565061*x^19-17398178475775761*x^18-134774503257346993*x^17-267232901764594104*x^16-233878316744724101*x^15+114135198837587696*x^14+634515137206154292*x^13+895660738544283776*x^12+607142401774840928*x^11+763297481379692*x^10-404275513376814379*x^9-381133623042101839*x^8-146210570437475566*x^7+15684137699290018*x^6+43198677651826056*x^5+19344659926885574*x^4+3334867320096636*x^3-179840443398320*x^2-146677467783040*x-15172105343008
constructing eigenvector for poly
x^4+22*x^3+168*x^2+512*x+496
constructing eigenvector for poly
x^26+59*x^25+1579*x^24+25294*x^23+268976*x^22+1982845*x^21+10186801*x^20+34877137*x^19+64780330*x^18-31331078*x^17-578358330*x^16-1670037061*x^15-2085690760*x^14+450625659*x^13+5309489670*x^12+6404373716*x^11+22447991*x^10-6436035338*x^9-4528700966*x^8+1110425183*x^7+2265758714*x^6+389946290*x^5-325322899*x^4-96524816*x^3+4100008*x^2+699552*x+8246
constructing eigenvector for poly
x^3+9*x^2+27*x+27
constructing eigenvector for poly
x^3+5*x^2-6*x+1
constructing eigenvector for poly
x^46-263*x^45+33571*x^44-2771234*x^43+166314919*x^42-7734810217*x^41+290151944896*x^40-9022893055013*x^39+237247447980411*x^38-5353654930419268*x^37+104878479929288932*x^36-1799918199127053219*x^35+27258986091794695632*x^34-366450641798196400142*x^33+4393930303604838369184*x^32-47176013246803752764042*x^31+454988163848882081360419*x^30-3951858215385183717634631*x^29+30974535184134165032967927*x^28-219425059380110534736285488*x^27+1406495137287983774415487043*x^26-8163671476902629535117533333*x^25+42923551613951243004154692980*x^24-204449507988543340274195197681*x^23+881917043322417678973216983889*x^22-3443068349599470777079621618382*x^21+12153918987522823800970183082074*x^20-38740238761625864024140965111163*x^19+111312248904054486974833384133886*x^18-287701396399269913081746877885012*x^17+667190579641619022805036294280580*x^16-1384017312279968847952444546943840*x^15+2558857304766549163885108877924504*x^14-4198639041959942099324081589073664*x^13+6083294153099077555031538157467344*x^12-7736491320687989639182900428722064*x^11+8575060092784724047924572982824128*x^10-8213163232057233163399594661727552*x^9+6727525863722106011325765502239104*x^8-4652617083336924642861120401500160*x^7+2672927836520270652900893771938816*x^6-1248931815859403939212431502027776*x^5+461184148006890369369732008253440*x^4-129129156549096499038555104563200*x^3+25688360516618459124575994273792*x^2-3226038577343717542157440516096*x+191755930347371346738207096832
constructing eigenvector for poly
x^101-50*x^100+650*x^99+8827*x^98-301669*x^97+1122245*x^96+45562357*x^95-511996457*x^94-2567292007*x^93+72728606312*x^92-132836448486*x^91-5696348643894*x^90+35693044635983*x^89+249935548129563*x^88-3204658541301451*x^87-2755797800585364*x^86+175740638012658380*x^85-427072286652983819*x^84-6366206490862154289*x^83+35176176553192047093*x^82+139744058797084442970*x^81-1556386404447480372124*x^80-591742206060128835038*x^79+46823346378276465258865*x^78-88617076499558608201847*x^77-989907214527166180233004*x^76+4107897099726935498927906*x^75+13536090119091036154011170*x^74-109245483522589169896111522*x^73-58857655600183041083775319*x^72+2042240840126116046897189129*x^71-2457136907121806202125871657*x^70-27706915132435905384048056086*x^69+78882683168434107314750874911*x^68+257824896929150711405669905340*x^67-1377112478022033371998198308037*x^66-1146142306959132837713630746455*x^65+16914107793215225454679513946362*x^64-10031745370878352020723648245557*x^63-153115717889670447512320629785619*x^62+277801233334972984953813511239302*x^61+992182682224661850792392889273726*x^60-3361751970249880922406839410145755*x^59-3826375028765100068812969119151663*x^58+27833408831603109645208472521408020*x^57-2965301851765305513688416673350747*x^56-169977605200791852773792164013368839*x^55+178700377260472187646215979255509064*x^54+761649153537381597483576596007500215*x^53-1585556611344512806374838874929648145*x^52-2274204892102630814933946350640784218*x^51+8948986262861298289129085023036213476*x^50+2332377428928315890709420534553338231*x^49-36643322955150066376195389505081542202*x^48+18817700884439631968984990955999279096*x^47+110804365243281673340193228021303655702*x^46-136587326989986799732377413467255928830*x^45-235169145330009704763984936979793473457*x^44+527923833414348938577197455857014845672*x^43+270553644393014448061331192131892175503*x^42-1419651928578512346485444305608362805232*x^41+232923126194972909772100921019057194822*x^40+2781400059923340390684267713700282603282*x^39-1963749899573993743867201756650429939000*x^38-3867168085088902339543318757986402165278*x^37+5179712231215892989438608257349508164106*x^36+3278323669074315720181795297694844321052*x^35-8779937440333904158272685298746716177571*x^34-164091345391712179161430024806485313604*x^33+10460841345491535582706260189587437663946*x^32-4323795552988325914189061806434828896571*x^31-8653159458319864679608385763668140160741*x^30+7433392073570548730050015792718530124238*x^29+4373430078263459661393139899711430037795*x^28-7326818286586696206388367171290534082047*x^27-414467019869215314033732191294995349398*x^26+4800315006747704272156713109974794399600*x^25-1364266177324877843175414831666220381552*x^24-2072564753513316534326038548554477663584*x^23+1284678923819167283978183773333618498905*x^22+503336963644120848771313251078268378835*x^21-635520579288489587714678579598378640202*x^20-346931316106441062083978387040572089*x^19+195367418272179236793281430655736268586*x^18-48389226316860900400623883454030051797*x^17-35942386267908212386773405156365249593*x^16+18457584521314048749316303684771701362*x^15+2800896645038343633507584092907556944*x^14-3593248317691216201629025024149287026*x^13+293187586681932312934852231144983580*x^12+383929442456949973915222080283045560*x^11-95615673046423508085222891793261056*x^10-17926900101727956594809058651742720*x^9+9435040926503475012457912929396928*x^8-258455152560193487371210544316160*x^7-387632066590312293486208775146240*x^6+50743831469593534236233477274624*x^5+4259111441092445920036186278912*x^4-1019728339923561272295250343936*x^3+6932897371934496999206260736*x^2+3672706643069049876598988800*x+74519793421234630092800000
computing eigenvectors took 13.216312 sec
For conductor 1, eigenvectors are:
-1 -1 -1 -1 -1 -1 -1 -1 -1 -1 -1 -1 -1 -1 -1 -1 -1 -1 -1 -1 -1 -1 -1 -1 -1 -1 -1 -1 -1 -1 -1 -1 -1 -1 -1 -1 -1 -1 -1 -1 -1 -1 -1 -1 -1 -1 -1 -1 -1 -1 -1 -1 -1 -1 -1 -1 -1 -1 -1 -1 -1 -1 -1 -1 -1 -1 -1 -1 -1 -1 -1 -1 -1 -1 -1 -1 -1 -1 -1 -1 -1 -1 -1 -1 -1 -1 -1 -1 -1 -1 -1 -1 -1 -1 -1 -1 -1 -1 -1 -1 -1 -1 -1 -1 -1 -1 -1 -1 -1 -1 -1 -1 -1 -1 -1 -1 -1 -1 -1 -1 -1 -1 -1 -1 -1 -1 -1 -1 -1 -1 -1 -1 -1 -1 -1 -1 -1 -1 -1 -1 -1 -1 -1 -1 -1 -1 -1 -1 -1 -1 -1 -1 -1 -1 -1 -1 -1 -1 -1 -1 -1 -1 -1 -1 -1 -1 -1 -1 -1 -1 -1 -1 -1 -1 -1 -1 -1 -1 -1 -1 -1 -1 -1 -1 -1 -1 -1 -1 over Number field with defining polynomial x-15
-102 54 -180 54 -297 -102 132 54 15 -63 132 -76 -24 54 54 -24 -141 132 -63 -24 93 -102 28 -89 -37 93 80 -50 -11 -50 -76 -76 -24 80 2 -102 28 -11 -180 2 28 132 2 2 -102 -76 28 -24 -11 119 2 -24 54 80 -76 54 106 -89 2 67 -102 -50 -63 28 54 -89 15 -37 -24 -24 -50 28 54 -24 2 -11 54 106 -76 28 54 -89 80 54 80 2 28 -11 -24 -24 -50 41 -24 2 28 -37 67 80 2 -76 132 54 41 2 -50 41 15 -37 2 28 -89 67 2 -37 28 -24 -76 28 41 -24 -115 80 80 15 2 -11 28 -11 -11 -63 -63 -89 80 67 119 54 -37 -11 -24 106 -50 -11 -24 15 -11 2 41 -63 54 -11 -24 -11 54 -37 -24 -11 -11 15 41 -24 2 15 -63 15 -24 -63 28 -24 -24 2 28 28 -11 -11 15 -24 28 -63 -11 2 15 2 -50 28 28 54 -50 -11 over Number field with defining polynomial x-2
360*a-1104 -1704*a+4416 -96*a+576 -636*a+1176 0 -144*a+336 288*a-936 -36*a+216 1020*a-2952 -384*a+1512 0 -96*a+400 120*a-324 -300*a+876 -12*a-60 -540*a+1260 -90*a+408 -870*a+2580 420*a-1200 966*a-2628 -342*a+864 -510*a+1476 156*a-584 476*a-1272 652*a-1800 -720*a+1944 -372*a+824 580*a-1632 -240*a+472 80*a-216 -232*a+600 296*a-808 -36*a-312 -592*a+1704 420*a-1112 -232*a+336 -688*a+1840 200*a-496 -12*a+72 124*a-392 -500*a+1328 0 -200*a+584 208*a-368 120*a-368 -224*a+552 384*a-1072 -164*a+280 -56*a+72 464*a-1464 -44*a+264 -496*a+1392 -272*a+840 472*a-1336 -60*a+96 256*a-744 808*a-2032 -296*a+808 -292*a+696 520*a-1536 16*a-96 -768*a+2144 -24*a+232 160*a-256 712*a-1896 -820*a+2280 628*a-1656 -400*a+1344 912*a-2656 376*a-760 52*a-136 384*a-896 128*a-504 48*a-68 -194*a+416 220*a-572 450*a-1160 42*a-32 -14*a+40 254*a-424 162*a-532 360*a-1060 -18*a+20 -272*a+620 -250*a+708 378*a-1124 -18*a+64 -166*a+424 -112*a+276 234*a-656 -50*a+124 258*a-756 370*a-900 190*a-480 6*a+8 -182*a+432 540*a-1392 -606*a+1568 -334*a+904 -360*a+1060 -228*a+620 348*a-812 58*a-172 -72*a+124 530*a-1332 -82*a+360 -58*a+216 -464*a+1332 236*a-756 428*a-1116 -390*a+1108 58*a-172 240*a-604 -824*a+2260 126*a-272 -472*a+1204 226*a-608 324*a-888 232*a-424 -180*a+684 454*a-1272 -126*a+536 -526*a+1352 -100*a+28 -170*a+668 -432*a+1096 -118*a+400 280*a-668 -106*a+416 176*a-484 764*a-2076 98*a-280 136*a-332 -128*a+284 248*a-652 -644*a+1796 478*a-1416 -88*a+308 -326*a+944 250*a-752 -184*a+444 250*a-488 592*a-1748 -452*a+1084 -108*a+120 -56*a+292 250*a-708 90*a-188 290*a-772 -672*a+1656 -336*a+960 -412*a+1152 96*a-224 -578*a+1488 172*a-592 -393*a+1148 -129*a+400 107*a-268 -466*a+1234 -302*a+910 -215*a+586 466*a-1212 19*a-136 104*a-184 195*a-554 -8*a-84 283*a-906 -26*a+24 22 76*a-280 141*a-450 -277*a+760 423*a-1174 -51*a+152 70*a-156 156*a-386 85*a-246 -59*a+112 -140*a+378 -78*a+160 124*a-304 -113*a+238 141*a-340 -5*a+162 -166*a+358 -112*a+144 -72*a+322 -22 over Number field with defining polynomial x^2-2*x-2
18*a+108 18*a+132 -30*a-204 0 0 -21*a-132 9*a+60 18*a+144 3*a+18 -9*a-66 0 8*a+64 -18*a-132 -6*a-48 3*a+18 0 -15*a-108 9*a+54 6 15*a+96 -3*a-6 12*a+90 20*a+140 -11*a-82 2*a+16 -21*a-146 5*a+30 -11*a-72 6*a+44 -3*a-22 4*a+30 -3*a-22 5*a+34 8*a+60 -10*a-80 5*a+38 -9*a-62 a+14 4*a+26 -7*a-58 a-6 0 4*a+34 5*a+36 -2*a-16 -7*a-50 24*a+170 -6*a-46 3*a+26 0 a+6 11*a+80 11*a+80 -9*a-62 -8*a-64 -8*a-60 7*a+54 3*a+22 2 -3*a-22 5*a+34 -11*a-72 -12*a-88 -3*a-22 4*a+32 5*a+38 -15*a-110 -6*a-44 6*a+50 2*a+16 a+6 -4*a-28 3*a+22 4*a+28 -2 7*a+50 8*a+58 -2*a-16 4*a+28 -a-8 -3*a-24 -10*a-72 9*a+64 4*a+28 -16*a-114 a+6 6*a+44 -a-8 -a-8 -10*a-72 0 4*a+28 8*a+56 -10*a-72 8*a+56 2*a+16 2 9*a+64 5*a+36 10*a+72 -19*a-136 -3*a-22 0 3*a+22 9*a+64 -8*a-58 4*a+32 2*a+18 -9*a-58 -a-6 -4*a-28 -4*a-34 -7*a-48 -6*a-42 2*a+10 17*a+126 a -6*a-40 2*a+14 5*a+34 0 0 3*a+24 -a-8 -3*a-22 -4*a-32 0 8*a+60 8*a+58 -5*a-36 -6*a-44 -3*a-18 6*a+46 -a-2 -5*a-30 a+4 5*a+40 3*a+22 2*a+14 -3*a-16 -6*a-46 0 0 -9*a-64 -4*a-30 8*a+58 a+8 -2*a-12 -7*a-62 -2*a-14 5*a+28 6*a+44 3*a+14 -5*a-38 a+8 -a-8 -2*a-16 -2*a-12 -2*a-16 0 0 -2*a-14 -6*a-44 -3*a-22 3*a+22 -2*a-16 3*a+22 4*a+26 3*a+20 -a-8 10*a+72 -3*a-22 -2 -5*a-34 -2*a-14 a+8 a+8 2 5*a+44 3*a+18 -2*a-16 -a-6 a+8 0 5*a+36 -5*a-36 -a-6 2 over Number field with defining polynomial x^2+10*x+20
a vector of length 188 over Number field with defining polynomial a number field of degree 10
a vector of length 188 over Number field with defining polynomial a number field of degree 10
a vector of length 188 over Number field with defining polynomial a number field of degree 20
a vector of length 188 over Number field with defining polynomial a number field of degree 97
a vector of length 188 over Number field with defining polynomial a number field of degree 45
For conductor 5, eigenvectors are:
a vector of length 49 over Number field with defining polynomial a number field of degree 10
a vector of length 49 over Number field with defining polynomial a number field of degree 39
For conductor 199, eigenvectors are:
a^3 + 16*a^2 + 76*a + 88 2*a^3 + 28*a^2 + 116*a + 128 2*a^2 + 16*a + 16 -a^3 - 16*a^2 - 76*a - 96 -a^3 - 12*a^2 - 40*a - 32 -2*a^2 - 20*a - 40 2*a^3 + 32*a^2 + 152*a + 184 2*a^3 + 28*a^2 + 116*a + 128 0 -a^3 - 14*a^2 - 60*a - 72 a^3 + 16*a^2 + 76*a + 88 -a^3 - 14*a^2 - 56*a - 56 a^3 + 14*a^2 + 56*a + 56 a^3 + 14*a^2 + 60*a + 72 a^3 + 12*a^2 + 40*a + 40 -a^3 - 16*a^2 - 76*a - 96 2*a^2 + 16*a + 16 0 a^3 + 16*a^2 + 76*a + 96 -2*a^2 - 16*a - 24 -a^3 - 14*a^2 - 60*a - 72 a^3 + 14*a^2 + 60*a + 72 a^3 + 14*a^2 + 60*a + 72 0 -a^3 - 16*a^2 - 76*a - 88 0 -4*a^2 - 36*a - 56 -2*a^2 - 16*a - 16 -a^3 - 12*a^2 - 40*a - 40 -8 -2*a^2 - 16*a - 16 -a^3 - 16*a^2 - 76*a - 96 4*a^2 + 36*a + 56 over Number field with defining polynomial x^4+22*x^3+168*x^2+512*x+496
a vector of length 33 over Number field with defining polynomial a number field of degree 26
-8*a^2 - 4 -2*a^2 + 2*a + 2 -4*a^2 + 16*a -2*a^2 - 16*a + 8 2*a^2 - 8*a 4*a^2 - 12*a + 6 4*a^2 - 4*a - 4 -2*a^2 + 2*a + 2 10*a^2 - 20*a + 8 -4*a^2 - 2 4*a^2 + 2*a - 6 -4*a^2 + 18*a - 8 6*a^2 + 4*a - 2 -8*a^2 - 2*a + 4 8*a-10 -2*a^2 - 16*a + 8 -6*a^2 - 6*a + 10 0 -6*a+2 4*a^2 + 6*a -4*a^2 - 2 -8*a^2 - 2*a + 4 2*a^2 - 22*a + 12 0 -4*a^2 - 2*a + 6 0 14*a-12 6*a^2 + 6*a - 10 8*a^2 + 22*a - 18 4*a^2 + 8*a - 8 -2*a+8 -2*a^2 - 16*a + 8 -14*a+12 over Number field with defining polynomial x^3+5*x^2-6*x+1
For conductor 995, eigenvectors are:
a vector of length 147 over Number field with defining polynomial a number field of degree 46
a vector of length 147 over Number field with defining polynomial a number field of degree 101
For conductor 1:
traces of hecke eigenvalues of T_{p^1} are:
15 40 400 1464 2380 5220 7240 12720 25260 30784 52060 70644 81400 106080 151740 208920 230764 305320 363024 394420 499360 578760 712980 922180 
computing eigenvalues for k = 1, took 15.211193 sec
traces of hecke eigenvalues of T_{p^2} are:
30 120 2800 
computing eigenvalues for k = 2, took 0.208532 sec
traces of hecke eigenvalues of T_{p^1} are:
2 14 62 164 144 332 480 474 820 884 1672 1744 2334 1742 2864 4040 3264 4682 5524 4524 6920 7254 7860 9892 
computing eigenvalues for k = 1, took 15.106225 sec
traces of hecke eigenvalues of T_{p^2} are:
-9 16 96 
computing eigenvalues for k = 2, took 0.213090 sec
traces of hecke eigenvalues of T_{p^1} are:
2 -8 -18 -28 -148 18 98 44 -36 76 80 -666 228 194 -450 1804 784 836 704 -700 -334 -1348 126 -1100 
computing eigenvalues for k = 1, took 15.298063 sec
traces of hecke eigenvalues of T_{p^2} are:
-12 2 70 
computing eigenvalues for k = 2, took 0.216723 sec
traces of hecke eigenvalues of T_{p^1} are:
-10 16 12 -2 -50 86 238 -156 132 -340 310 290 24 -840 -738 1000 -426 520 398 -1026 252 2058 1302 1548 
computing eigenvalues for k = 1, took 15.453091 sec
traces of hecke eigenvalues of T_{p^2} are:
10 24 96 
computing eigenvalues for k = 2, took 0.209189 sec
traces of hecke eigenvalues of T_{p^1} are:
-30 8 39 507 -380 481 848 -688 399 -1390 2623 1696 4377 -5798 1557 5590 -5363 1193 5540 -10532 7343 81 -165 4054 
computing eigenvalues for k = 1, took 15.357318 sec
traces of hecke eigenvalues of T_{p^2} are:
10 72 462 
computing eigenvalues for k = 2, took 0.214327 sec
traces of hecke eigenvalues of T_{p^1} are:
-27 -8 41 33 170 -45 312 -160 -547 732 -1131 -434 751 218 -131 892 665 479 1970 -648 3307 1361 -1423 -2070 
computing eigenvalues for k = 1, took 15.342818 sec
traces of hecke eigenvalues of T_{p^2} are:
1 -22 -120 
computing eigenvalues for k = 2, took 0.213430 sec
traces of hecke eigenvalues of T_{p^1} are:
109 232 1085 2482 3537 5770 7468 10719 16163 19383 27360 32400 37941 43947 56071 70148 75953 91960 101252 107592 125743 139120 157531 191480 
computing eigenvalues for k = 1, took 15.333568 sec
traces of hecke eigenvalues of T_{p^2} are:
27 128 680 
computing eigenvalues for k = 2, took 0.220527 sec
traces of hecke eigenvalues of T_{p^1} are:
64 46 -145 991 -559 -220 101 1756 2874 1342 -3824 4511 -2259 7948 7360 9629 2657 1552 15019 749 4900 10427 11967 -14512 
computing eigenvalues for k = 1, took 20.045555 sec
traces of hecke eigenvalues of T_{p^2} are:
-62 -177 -872 
computing eigenvalues for k = 2, took 0.777051 sec
traces of hecke eigenvalues of T_{p^1} are:
275 538 2468 5858 7862 13920 16688 24992 38718 43900 62302 76336 84426 102150 129154 157502 165798 203334 227664 240758 279170 310834 356428 424198 
computing eigenvalues for k = 1, took 15.884274 sec
traces of hecke eigenvalues of T_{p^2} are:
150 352 1744 
computing eigenvalues for k = 2, took 0.266122 sec
For conductor 5:
traces of hecke eigenvalues of T_{p^1} are:
-27 -8 41 33 170 -45 312 -160 -547 732 -1131 -434 751 218 -131 892 665 479 1970 -648 3307 1361 -1423 -2070 
computing eigenvalues for k = 1, took 403.418984 sec
traces of hecke eigenvalues of T_{p^2} are:
1 -22 -120 
computing eigenvalues for k = 2, took 0.533522 sec
traces of hecke eigenvalues of T_{p^1} are:
-101 -211 -366 -708 -577 -956 165 -1699 854 445 -415 575 -3207 -6777 -4590 -5128 2151 -7143 -4393 -533 -199 -11396 -1884 682 
computing eigenvalues for k = 1, took 406.006162 sec
traces of hecke eigenvalues of T_{p^2} are:
37 117 194 
computing eigenvalues for k = 2, took 0.528085 sec
For conductor 199:
traces of hecke eigenvalues of T_{p^1} are:
-22 2 3 51 -152 -117 400 -404 -751 -494 1471 -814 1897 -1586 -151 2118 -1767 1643 370 -3658 1531 1709 -1401 574 
computing eigenvalues for k = 1, took 705.055919 sec
traces of hecke eigenvalues of T_{p^2} are:
24 28 174 
computing eigenvalues for k = 2, took 0.536753 sec
traces of hecke eigenvalues of T_{p^1} are:
-59 -117 -46 -778 -37 71 -713 -311 -1184 -384 826 -1714 -799 354 -1606 -6782 -2049 -1505 -6923 5591 -3319 -6804 -2584 6003 
computing eigenvalues for k = 1, took 696.014622 sec
traces of hecke eigenvalues of T_{p^2} are:
25 53 -322 
computing eigenvalues for k = 2, took 0.500119 sec
traces of hecke eigenvalues of T_{p^1} are:
-9 -5 -93 -89 120 -45 -20 -83 130 -524 -286 -331 -48 -138 1026 -355 -82 1443 -2182 -430 405 -711 -1003 97 
computing eigenvalues for k = 1, took 698.681579 sec
traces of hecke eigenvalues of T_{p^2} are:
3 -10 228 
computing eigenvalues for k = 2, took 0.556145 sec
For conductor 995:
traces of hecke eigenvalues of T_{p^1} are:
263 528 2474 5990 7798 13460 16960 24886 39494 45072 62982 78436 85600 102544 129506 162126 171062 206436 234812 243870 292258 317712 364432 429230 
computing eigenvalues for k = 1, took 146.106625 sec
traces of hecke eigenvalues of T_{p^2} are:
99 272 1392 
computing eigenvalues for k = 2, took 0.526229 sec
traces of hecke eigenvalues of T_{p^1} are:
50 71 99 648 -442 458 -469 3138 1009 -1622 1269 2179 3268 7944 5287 9760 -8120 8301 9201 137 -3800 19384 1777 326 
computing eigenvalues for k = 1, took 145.030559 sec
traces of hecke eigenvalues of T_{p^2} are:
-44 -125 -266 
computing eigenvalues for k = 2, took 1.006533 sec
