constructing eigenvector for poly
x-16
constructing eigenvector for poly
x-40
constructing eigenvector for poly
x-13
constructing eigenvector for poly
x+5
constructing eigenvector for poly
x-10
constructing eigenvector for poly
x^5-62*x^4+1439*x^3-15392*x^2+74734*x-130528
constructing eigenvector for poly
x-12
constructing eigenvector for poly
x-20
constructing eigenvector for poly
x+3
constructing eigenvector for poly
x-5
constructing eigenvector for poly
x-16
constructing eigenvector for poly
x^2-19*x+56
constructing eigenvector for poly
x^2-19*x+76
constructing eigenvector for poly
x^2+10*x+17
constructing eigenvector for poly
x^4-62*x^3+1374*x^2-12668*x+39544
computing eigenvectors took 0.075293 sec
For conductor 1, eigenvectors are:
10 7 -14 16 -14 -8 1 1 -8 4 over Number field with defining polynomial x-16
1 1 1 1 1 1 1 1 1 1 over Number field with defining polynomial x-40
-4 2 -4 -4 2 0 2 -1 -1 1 over Number field with defining polynomial x-13
-12 0 0 6 0 4 3 3 -3 -2 over Number field with defining polynomial x+5
2 -10 5 -1 5 -4 2 2 -7 2 over Number field with defining polynomial x-10
-4*a^3 + 188*a^2 - 2600*a + 9088 -6*a^3 + 210*a^2 - 2148*a + 5952 -3*a^3 + 94*a^2 - 859*a + 2608 a^4 - 50*a^3 + 859*a^2 - 5778*a + 12320 a^4 - 53*a^3 + 975*a^2 - 7067*a + 15664 20*a^2 - 548*a + 3392 10*a^2 - 250*a + 928 -a^4 + 51*a^3 - 900*a^2 + 6350*a - 15072 3*a^3 - 115*a^2 + 1348*a - 4672 a^3 - 42*a^2 + 513*a - 1424 over Number field with defining polynomial x^5-62*x^4+1439*x^3-15392*x^2+74734*x-130528
For conductor 2, eigenvectors are:
For conductor 7, eigenvectors are:
For conductor 14, eigenvectors are:
3 1 -2 -1 over Number field with defining polynomial x-12
5 -1 2 1 over Number field with defining polynomial x-20
0 -2 1 -1 over Number field with defining polynomial x+3
0 -6 -3 1 over Number field with defining polynomial x-5
For conductor 11, eigenvectors are:
For conductor 22, eigenvectors are:
3 -3 -1 over Number field with defining polynomial x-16
-2*a+14 -14 -a+14 over Number field with defining polynomial x^2-19*x+56
For conductor 77, eigenvectors are:
-10*a+10 31*a-205 -a-57 -a+1 4*a-4 13*a-100 29 5*a-34 over Number field with defining polynomial x^2-19*x+76
36*a+252 0 -18*a-126 -18*a-162 24 9*a+63 -18 -3*a-27 over Number field with defining polynomial x^2+10*x+17
8*a^2 - 296*a + 2720 5*a^2 - 158*a + 1196 a^3 - 50*a^2 + 812*a - 4240 -a^3 + 55*a^2 - 994*a + 5916 4*a^2 - 160*a + 1600 -4*a^2 + 136*a - 1120 a^3 - 50*a^2 + 812*a - 4240 -a^2 + 22*a - 76 over Number field with defining polynomial x^4-62*x^3+1374*x^2-12668*x+39544
For conductor 154, eigenvectors are:
For conductor 1:
traces of hecke eigenvalues of T_{p^1} are:
16 42 220 258 310 564 996 922 1048 1506 2236 2646 3300 2988 4612 4360 5760 5386 7672 7062 9156 9436 
computing eigenvalues for k = 1, took 8.480324 sec
traces of hecke eigenvalues of T_{p^2} are:
24 96 
computing eigenvalues for k = 2, took 0.052508 sec
traces of hecke eigenvalues of T_{p^1} are:
40 156 2380 5220 7240 12720 25260 30784 52060 70644 81400 106080 151740 208920 230764 305320 363024 394420 499360 578760 712980 922180 
computing eigenvalues for k = 1, took 8.481448 sec
traces of hecke eigenvalues of T_{p^2} are:
120 780 
computing eigenvalues for k = 2, took 0.051067 sec
traces of hecke eigenvalues of T_{p^1} are:
13 27 166 348 496 741 750 829 997 2190 2002 2400 2952 3087 3802 4459 4647 6250 5578 7410 7737 10267 
computing eigenvalues for k = 1, took 8.490311 sec
traces of hecke eigenvalues of T_{p^2} are:
12 6 
computing eigenvalues for k = 2, took 0.051846 sec
traces of hecke eigenvalues of T_{p^1} are:
-5 -7 108 -148 2 -143 -54 453 257 -202 -634 364 -144 433 1112 -953 363 -858 -14 -120 945 -2009 
computing eigenvalues for k = 1, took 8.572830 sec
traces of hecke eigenvalues of T_{p^2} are:
10 12 
computing eigenvalues for k = 2, took 0.051381 sec
traces of hecke eigenvalues of T_{p^1} are:
10 18 238 192 382 432 816 1228 1552 1848 1516 2244 3036 3678 4162 4072 5688 4252 7096 7350 7620 8176 
computing eigenvalues for k = 1, took 8.561292 sec
traces of hecke eigenvalues of T_{p^2} are:
0 -48 
computing eigenvalues for k = 2, took 0.051303 sec
traces of hecke eigenvalues of T_{p^1} are:
62 126 860 1752 2060 2814 4364 4926 8074 8496 10132 10988 13600 17970 19048 24722 25282 26672 32176 36504 36394 48222 
computing eigenvalues for k = 1, took 8.545831 sec
traces of hecke eigenvalues of T_{p^2} are:
48 -24 
computing eigenvalues for k = 2, took 0.052102 sec
For conductor 2:
For conductor 7:
For conductor 14:
traces of hecke eigenvalues of T_{p^1} are:
12 32 208 260 332 424 724 864 1380 1732 1944 1712 3180 3492 4248 5072 4720 6156 6320 7596 6420 10524 
computing eigenvalues for k = 1, took 131.652759 sec
traces of hecke eigenvalues of T_{p^2} are:
8 36 
computing eigenvalues for k = 2, took 0.169386 sec
traces of hecke eigenvalues of T_{p^1} are:
20 16 200 380 460 440 1060 1064 1060 1884 1480 2280 3180 3340 3584 3840 5504 5940 6560 5900 8820 10860 
computing eigenvalues for k = 1, took 133.979943 sec
traces of hecke eigenvalues of T_{p^2} are:
40 -60 
computing eigenvalues for k = 2, took 0.163545 sec
traces of hecke eigenvalues of T_{p^1} are:
-3 -1 -2 -64 32 -119 -26 -135 213 106 282 272 -192 -201 1182 -337 163 -114 -166 -570 -519 -2277 
computing eigenvalues for k = 1, took 168.406158 sec
traces of hecke eigenvalues of T_{p^2} are:
-16 -54 
computing eigenvalues for k = 2, took 0.182433 sec
traces of hecke eigenvalues of T_{p^1} are:
5 -9 70 40 80 -135 190 289 -235 -166 -670 400 0 95 534 -1185 179 830 -550 -1570 2145 675 
computing eigenvalues for k = 1, took 167.904861 sec
traces of hecke eigenvalues of T_{p^2} are:
0 10 
computing eigenvalues for k = 2, took 0.175745 sec
For conductor 11:
For conductor 22:
traces of hecke eigenvalues of T_{p^1} are:
16 44 132 436 272 456 1012 1032 1788 1604 2112 2776 3100 2688 3972 4544 5000 5396 6624 7792 8212 8100 
computing eigenvalues for k = 1, took 133.017348 sec
traces of hecke eigenvalues of T_{p^2} are:
24 108 
computing eigenvalues for k = 2, took 0.162141 sec
traces of hecke eigenvalues of T_{p^1} are:
19 53 410 524 714 989 1368 1847 2793 3004 3976 5240 4916 7045 7876 8811 10087 11592 12274 11620 17255 19721 
computing eigenvalues for k = 1, took 131.901524 sec
traces of hecke eigenvalues of T_{p^2} are:
-4 6 
computing eigenvalues for k = 2, took 0.163378 sec
For conductor 77:
traces of hecke eigenvalues of T_{p^1} are:
19 43 278 546 624 1121 1864 1913 2677 2826 4388 4514 5876 6737 7944 10139 9055 10710 13482 12458 15659 19237 
computing eigenvalues for k = 1, took 157.834452 sec
traces of hecke eigenvalues of T_{p^2} are:
-4 -54 
computing eigenvalues for k = 2, took 0.160236 sec
traces of hecke eigenvalues of T_{p^1} are:
-10 -26 -52 -56 56 198 -140 -50 -126 -156 228 176 -736 338 -324 530 1250 -388 -788 596 1338 -34 
computing eigenvalues for k = 1, took 157.591637 sec
traces of hecke eigenvalues of T_{p^2} are:
-8 -20 
computing eigenvalues for k = 2, took 0.156927 sec
traces of hecke eigenvalues of T_{p^1} are:
62 130 786 1228 1778 2216 3084 3912 5708 6940 7976 9032 12072 13922 14966 19564 22236 23064 23956 28338 28968 37372 
computing eigenvalues for k = 1, took 158.396564 sec
traces of hecke eigenvalues of T_{p^2} are:
88 156 
computing eigenvalues for k = 2, took 0.156864 sec
For conductor 154:
