constructing eigenvector for poly
x-15
constructing eigenvector for poly
x+2
constructing eigenvector for poly
x^58-43*x^57+599*x^56+414*x^55-95635*x^54+792307*x^53+3058063*x^52-79708174*x^51+248457738*x^50+3074499593*x^49-25270010438*x^48-20530611645*x^47+961902729863*x^46-2689296939466*x^45-17444331199255*x^44+116572194194779*x^43+45551572540940*x^42-2326537258377868*x^41+4963982087315019*x^40+23533066424805394*x^39-118363284038096099*x^38-38611343871141428*x^37+1349990935112718366*x^36-2120591655399234110*x^35-7924985050180294503*x^34+29384515773879001095*x^33+8701147668939437546*x^32-192832736485525727897*x^31+219435840576054524218*x^30+649852570483383304917*x^29-1740124153841251332615*x^28-481769852457229596570*x^27+6377415792267473295747*x^26-4950242843404501298307*x^25-12009312589735183625104*x^24+21616655179721166512894*x^23+6733349193971052658175*x^22-42229570359065242828911*x^21+17920640337279232024417*x^20+43702180941937743169636*x^19-43573770659618305476034*x^18-20239673228408872885495*x^17+44031937272904845001007*x^16-3209115831732935476397*x^15-24275994494464004899377*x^14+8918488283556085693150*x^13+7280736017693802532555*x^12-4613343594623646364352*x^11-958987951238993552918*x^10+1126528890505857473764*x^9-23236358946153903292*x^8-129854684324826949232*x^7+16858895702350768376*x^6+5465914058325312112*x^5-913595917228820112*x^4-61581450519499328*x^3+10020651176192704*x^2-72978194298624*x-382082971392
constructing eigenvector for poly
x^10+14*x^9+51*x^8-44*x^7-479*x^6-272*x^5+1171*x^4+856*x^3-440*x^2-290*x+31
constructing eigenvector for poly
x^24-137*x^23+8873*x^22-361353*x^21+10382658*x^20-223860688*x^19+3760946589*x^18-50465253791*x^17+549984287458*x^16-4924413803344*x^15+36502557941153*x^14-225050388972379*x^13+1156555702678346*x^12-4954006821827244*x^11+17647608582665811*x^10-52049357477432153*x^9+126216419960843705*x^8-249144180653163403*x^7+394825460914040230*x^6-492779708245060228*x^5+471441741274373368*x^4-332160091825849792*x^3+161674916139515904*x^2-48347774251158016*x+6665357558691840
constructing eigenvector for poly
x^30-182*x^29+15836*x^28-876973*x^27+34715657*x^26-1045972396*x^25+24938572009*x^24-482973240177*x^23+7738702367329*x^22-103969375231854*x^21+1182767220287807*x^20-11475759792742337*x^19+95456556693709407*x^18-683145272030201160*x^17+4215390403620917279*x^16-22447802484323155599*x^15+103135769228813417958*x^14-408258844935720509608*x^13+1388774179273595562045*x^12-4044100784782753874554*x^11+10027744620905470379480*x^10-21024652739156043361664*x^9+36934587044457683835712*x^8-53723602521619187347352*x^7+63704482127209775192568*x^6-60313004002842364631488*x^5+44298741475197225658080*x^4-24206061027494191101312*x^3+9211150559236866565376*x^2-2165435607367816280576*x+235347880442263703040
constructing eigenvector for poly
x+2
constructing eigenvector for poly
x^5+15*x^4+83*x^3+210*x^2+239*x+97
constructing eigenvector for poly
x^10+14*x^9+51*x^8-44*x^7-479*x^6-272*x^5+1171*x^4+856*x^3-440*x^2-290*x+31
constructing eigenvector for poly
x+6
constructing eigenvector for poly
x^17+57*x^16+1475*x^15+22968*x^14+240413*x^13+1788969*x^12+9753832*x^11+39542030*x^10+119547863*x^9+267266797*x^8+431720052*x^7+479993153*x^6+328798119*x^5+92706538*x^4-33465216*x^3-27222471*x^2-873795*x+1542587
constructing eigenvector for poly
x+6
constructing eigenvector for poly
x^84+18*x^83-368*x^82-7901*x^81+61655*x^80+1647604*x^79-6141297*x^78-217238877*x^77+392830237*x^76+20333159760*x^75-15488226023*x^74-1437814795148*x^73+225068293808*x^72+79815864753427*x^71+15572347224319*x^70-3568176360025813*x^69-1391007003776630*x^68+130770472336702266*x^67+63241442530601852*x^66-3979658876474647506*x^65-2036252813840955350*x^64+101516387788495336364*x^63+50512356511750749984*x^62-2185752548586964486500*x^61-1000401335763196205991*x^60+39927741708777487616877*x^59+16113128357703651022290*x^58-621138982073299059519074*x^57-213275864214273423373154*x^56+8250760124138462855215473*x^55+2333718081282144161445157*x^54-93743532538002286756591112*x^53-21179980268382580567320779*x^52+911869499916620549393318629*x^51+159730830822351159441941915*x^50-7595370098494163157598692446*x^49-1002991769452902502711296320*x^48+54145331592137234471350492335*x^47+5268299332551610412234351817*x^46-329934376586553066370950162989*x^45-23427897050653885263570903581*x^44+1715068983740991465317232428770*x^43+90569443782550857605450806662*x^42-7584167256029286801226491710537*x^41-318256320385828251661883959857*x^40+28425788233185651663184447806407*x^39+1064626629024630058412209306089*x^38-89884486599172686672421554983857*x^37-3419544617717785046789547837953*x^36+238425231329341534831998154219631*x^35+10099731808774763941883435867895*x^34-526900417989378424742692164466365*x^33-25798125351664313818188645769379*x^32+962170177734796814057260293612820*x^31+54308055796874593074118150365136*x^30-1437837618707013674665925334882020*x^29-91385887125618929166464508195287*x^28+1738363560053326938341806060978542*x^27+120604690197629873816350877210241*x^26-1677615233725268266518763131725481*x^25-123267821476910858944724416235251*x^24+1271786882090517919238723807964622*x^23+96794988683390800136245844077879*x^22-742942098807312857758178423481492*x^21-58194323852234678112048084993709*x^20+326711999557159877010963082849787*x^19+26792408561869625864583446581380*x^18-105108945765376396089507461385306*x^17-9415522228295785764976079583756*x^16+23888709135127996800138278459852*x^15+2468191990753016099727657897120*x^14-3670709086003268027674595892808*x^13-455193321790318666257126293808*x^12+358267327513085974300701753808*x^11+53965487831027604657956620320*x^10-19948182999324494594895944320*x^9-3644387545708633917044484352*x^8+499705720489051524801935616*x^7+114659694952391519813172736*x^6-1829273330068209047621632*x^5-938619612996745939922944*x^4+3013984909881305952256*x^3+2494806016057895755776*x^2-1354462549060567040*x-2048422480635985920
constructing eigenvector for poly
x^30-166*x^29+13148*x^28-661411*x^27+23731445*x^26-646577354*x^25+13905999627*x^24-242297739955*x^23+3483266897745*x^22-41863817622334*x^21+424707267265139*x^20-3662555455321537*x^19+26982487328489101*x^18-170381158970824038*x^17+923902698469583221*x^16-4304957248830189969*x^15+17226842712215822002*x^14-59099566807320905020*x^13+173311188066076598645*x^12-432599297071166901912*x^11+913843487260110857234*x^10-1621567615285081349904*x^9+2393817568358532046620*x^8-2903716817764646424768*x^7+2847894445288492660456*x^6-2210599062045914931360*x^5+1318756989107930523808*x^4-579514867845776019968*x^3+175512968031102662144*x^2-32488765565177506304*x+2750236806499507712
computing eigenvectors took 2.982040 sec
For conductor 1, eigenvectors are:
-1 -1 -1 -1 -1 -1 -1 -1 -1 -1 -1 -1 -1 -1 -1 -1 -1 -1 -1 -1 -1 -1 -1 -1 -1 -1 -1 -1 -1 -1 -1 -1 -1 -1 -1 -1 -1 -1 -1 -1 -1 -1 -1 -1 -1 -1 -1 -1 -1 -1 -1 -1 -1 -1 -1 -1 -1 -1 -1 -1 -1 -1 -1 -1 -1 -1 -1 -1 -1 -1 -1 -1 -1 -1 -1 -1 -1 -1 -1 -1 -1 -1 -1 -1 -1 -1 -1 -1 -1 -1 -1 -1 -1 -1 -1 -1 -1 -1 -1 -1 -1 -1 -1 -1 -1 -1 -1 -1 -1 -1 -1 -1 -1 -1 -1 -1 -1 -1 -1 -1 -1 -1 -1 -1 over Number field with defining polynomial x-15
0 -48 0 0 0 -16 16 -8 0 12 12 12 -6 -24 6 -12 18 -24 12 -60 -12 0 -24 -12 0 24 -24 0 -16 16 -16 0 -32 24 -8 -4 -20 24 -4 16 -24 24 32 -8 -16 8 0 8 -4 -8 -12 4 22 12 -4 0 10 0 -14 6 -12 8 8 -4 16 8 16 -8 18 -2 -10 -6 4 0 0 -4 0 0 8 -4 -10 8 -14 12 14 -22 16 12 -8 -2 12 14 2 16 -8 4 6 0 4 22 0 0 8 -4 -8 4 -2 -2 3 -6 4 -9 0 -9 -3 -3 -12 1 -7 1 2 -10 6 -1 over Number field with defining polynomial x+2
a vector of length 124 over Number field with defining polynomial a number field of degree 58
a vector of length 124 over Number field with defining polynomial a number field of degree 10
a vector of length 124 over Number field with defining polynomial a number field of degree 24
a vector of length 124 over Number field with defining polynomial a number field of degree 30
For conductor 3, eigenvectors are:
1 -2 0 -1 0 1 -1 -1 0 -1 3 1 2 -2 -2 1 over Number field with defining polynomial x+2
-a^4 - 12*a^3 - 49*a^2 - 79*a - 40 -a^3 - 8*a^2 - 19*a - 12 -a^3 - 6*a^2 - 10*a - 4 a^3 + 8*a^2 + 19*a + 12 0 -a^2 - 4*a - 2 a^2 + 4*a + 2 a^4 + 11*a^3 + 41*a^2 + 60*a + 29 0 -a^2 - 5*a - 5 0 -a^3 - 10*a^2 - 28*a - 19 a^4 + 12*a^3 + 49*a^2 + 79*a + 40 -a^2 - 4*a - 2 a^3 + 7*a^2 + 15*a + 9 a^3 + 7*a^2 + 15*a + 9 over Number field with defining polynomial x^5+15*x^4+83*x^3+210*x^2+239*x+97
a vector of length 16 over Number field with defining polynomial a number field of degree 10
For conductor 251, eigenvectors are:
0 -2 -1 0 0 1 0 1 1 1 0 -1 1 1 0 0 0 -1 over Number field with defining polynomial x+6
a vector of length 18 over Number field with defining polynomial a number field of degree 17
For conductor 753, eigenvectors are:
0 0 0 0 0 0 0 0 6 0 -6 0 6 0 0 0 0 0 0 0 0 0 0 0 0 0 0 0 0 -4 -4 0 0 0 0 0 0 0 0 0 0 4 0 0 0 2 0 0 0 -2 0 2 2 0 0 0 0 0 0 0 0 2 -2 2 -2 0 0 0 0 0 0 0 2 0 -2 0 2 2 0 0 0 -2 0 2 2 0 0 0 0 0 -2 0 0 0 0 0 0 -2 2 -1 0 0 -1 0 1 1 1 0 -1 1 -1 0 0 0 -1 over Number field with defining polynomial x+6
a vector of length 115 over Number field with defining polynomial a number field of degree 84
a vector of length 115 over Number field with defining polynomial a number field of degree 30
For conductor 1:
traces of hecke eigenvalues of T_{p^1} are:
15 156 400 1464 2380 5220 7240 12720 25260 30784 52060 70644 81400 106080 151740 208920 230764 305320 363024 394420 499360 578760 712980 922180 
computing eigenvalues for k = 1, took 17.453371 sec
traces of hecke eigenvalues of T_{p^2} are:
30 780 2800 
computing eigenvalues for k = 2, took 0.362896 sec
traces of hecke eigenvalues of T_{p^1} are:
-2 9 -20 39 18 -8 196 34 90 -214 -260 229 -49 145 229 31 -864 -195 -376 -884 1136 -720 820 -772 
computing eigenvalues for k = 1, took 15.173840 sec
traces of hecke eigenvalues of T_{p^2} are:
-4 17 -33 
computing eigenvalues for k = 2, took 0.244172 sec
traces of hecke eigenvalues of T_{p^1} are:
43 124 -217 279 -250 1456 -1456 977 2914 -1369 1328 4562 -1179 4452 10606 2209 -2187 -3283 3660 3373 -6284 -3178 5180 666 
computing eigenvalues for k = 1, took 18.213248 sec
traces of hecke eigenvalues of T_{p^2} are:
-30 -50 -367 
computing eigenvalues for k = 2, took 0.405788 sec
traces of hecke eigenvalues of T_{p^1} are:
-14 -4 -36 222 -202 68 68 504 -64 162 -1288 534 -426 600 -554 3152 200 -634 3968 1398 -1564 4038 -722 -152 
computing eigenvalues for k = 1, took 17.744373 sec
traces of hecke eigenvalues of T_{p^2} are:
6 -62 -52 
computing eigenvalues for k = 2, took 0.371389 sec
traces of hecke eigenvalues of T_{p^1} are:
137 689 1298 3097 4059 7134 8769 12932 20011 23032 32469 40822 44503 53794 67789 84327 86719 107357 123888 129108 149396 169888 193002 227566 
computing eigenvalues for k = 1, took 17.955502 sec
traces of hecke eigenvalues of T_{p^2} are:
51 390 784 
computing eigenvalues for k = 2, took 0.360907 sec
traces of hecke eigenvalues of T_{p^1} are:
182 894 1567 3947 5276 9077 11225 16071 26809 29117 41697 51451 55657 66380 86761 105777 111903 134300 151976 158543 185435 207708 240055 281052 
computing eigenvalues for k = 1, took 17.833589 sec
traces of hecke eigenvalues of T_{p^2} are:
96 684 536 
computing eigenvalues for k = 2, took 0.359415 sec
For conductor 3:
traces of hecke eigenvalues of T_{p^1} are:
-2 9 -20 39 18 -8 196 34 90 -214 -260 229 -49 145 229 31 -864 -195 -376 -884 1136 -720 820 -772 
computing eigenvalues for k = 1, took 649.241915 sec
traces of hecke eigenvalues of T_{p^2} are:
-4 17 -33 
computing eigenvalues for k = 2, took 0.621753 sec
traces of hecke eigenvalues of T_{p^1} are:
-15 -37 -118 36 -164 -76 -118 14 148 92 -468 2 -862 461 -399 -346 -901 -394 -379 -1849 1339 1010 -562 -2577 
computing eigenvalues for k = 1, took 644.967278 sec
traces of hecke eigenvalues of T_{p^2} are:
9 36 183 
computing eigenvalues for k = 2, took 0.600548 sec
traces of hecke eigenvalues of T_{p^1} are:
-14 -4 -36 222 -202 68 68 504 -64 162 -1288 534 -426 600 -554 3152 200 -634 3968 1398 -1564 4038 -722 -152 
computing eigenvalues for k = 1, took 639.565141 sec
traces of hecke eigenvalues of T_{p^2} are:
6 -62 -52 
computing eigenvalues for k = 2, took 0.595385 sec
For conductor 251:
traces of hecke eigenvalues of T_{p^1} are:
-6 -11 6 -63 2 42 -88 -52 18 24 30 -133 425 135 49 -189 -144 -1037 224 -78 -492 -748 276 2146 
computing eigenvalues for k = 1, took 363.254474 sec
traces of hecke eigenvalues of T_{p^2} are:
6 -15 35 
computing eigenvalues for k = 2, took 0.587859 sec
traces of hecke eigenvalues of T_{p^1} are:
-57 -194 -94 -212 -140 -623 415 -828 -219 610 -373 -875 -1087 -1914 -2081 -984 -1411 -50 -1816 -1431 2685 -1367 -1512 -4351 
computing eigenvalues for k = 1, took 363.564819 sec
traces of hecke eigenvalues of T_{p^2} are:
23 168 -137 
computing eigenvalues for k = 2, took 0.597077 sec
For conductor 753:
traces of hecke eigenvalues of T_{p^1} are:
-6 -11 6 -63 2 42 -88 -52 18 24 30 -133 425 135 49 -189 -144 -1037 224 -78 -492 -748 276 2146 
computing eigenvalues for k = 1, took 188.937996 sec
traces of hecke eigenvalues of T_{p^2} are:
6 -15 35 
computing eigenvalues for k = 2, took 0.540077 sec
traces of hecke eigenvalues of T_{p^1} are:
-18 -91 213 -647 596 41 905 -911 233 1831 5379 -1211 3204 -1435 638 -3883 6099 8973 -5369 13089 4944 -2611 -6690 10246 
computing eigenvalues for k = 1, took 154.956438 sec
traces of hecke eigenvalues of T_{p^2} are:
-65 -302 -119 
computing eigenvalues for k = 2, took 0.957051 sec
traces of hecke eigenvalues of T_{p^1} are:
166 848 1567 3777 5272 8785 11187 15757 24695 29169 41449 50079 55091 64844 83419 104219 111947 136420 150428 161607 188151 206324 238663 283408 
computing eigenvalues for k = 1, took 153.353404 sec
traces of hecke eigenvalues of T_{p^2} are:
48 408 536 
computing eigenvalues for k = 2, took 0.735484 sec
