constructing eigenvector for poly
x+2
constructing eigenvector for poly
x-15
constructing eigenvector for poly
x^30-176*x^29+14792*x^28-790277*x^27+30142033*x^26-873840676*x^25+20018221368*x^24-371928439058*x^23+5708055164875*x^22-73327716024478*x^21+796192704836405*x^20-7359038198387980*x^19+58193962573834441*x^18-395069211365422410*x^17+2307176632377732645*x^16-11599261530720196888*x^15+50181248306971814868*x^14-186523470890915022322*x^13+594032295256145887127*x^12-1614425781234483145211*x^11+3723708519136392716934*x^10-7237007984102632334538*x^9+11741696527382571857599*x^8-15713712551915358771066*x^7+17076851973357035592432*x^6-14759614859252457806104*x^5+9859035051719587670624*x^4-4882455568801748662976*x^3+1679046510052841899712*x^2-356072311435656000256*x+34895307414668866560
constructing eigenvector for poly
x^10+22*x^9+176*x^8+621*x^7+797*x^6-470*x^5-1655*x^4-394*x^3+654*x^2+295*x+25
constructing eigenvector for poly
x^64+23*x^63-163*x^62-7181*x^61-3212*x^60+1038755*x^59+3250003*x^58-92739303*x^57-427383479*x^56+5745661020*x^55+32199379519*x^54-263450168169*x^53-1669518382578*x^52+9314684856239*x^51+64083128150124*x^50-261317011146582*x^49-1893081483010055*x^48+5939055703366728*x^47+44059981588682926*x^46-110991491133501576*x^45-820092377349066367*x^44+1722368809194844174*x^43+12326270669403127848*x^42-22304437747507710034*x^41-150530698676072762810*x^40+241211752458510656571*x^39+1499110126240991959680*x^38-2172642620493736721398*x^37-12196698458192856735107*x^36+16217647630181361258734*x^35+81094886515029913796648*x^34-99681843132066508959844*x^33-440209411594574133760957*x^32+500886872472942065367606*x^31+1946438425993766596310915*x^30-2041575164437018468383576*x^29-6983928541014650412482275*x^28+6692881735134693580282740*x^27+20222453876673877207261167*x^26-17483997232472281161268035*x^25-46891689480458522810916663*x^24+36024824956576408841495801*x^23+86174062479350822598352521*x^22-57908192320422469748889619*x^21-123815581966757470372298987*x^20+71836123517197807865875345*x^19+136713478545346010318798428*x^18-68144226848473963488949378*x^17-113590250635372236238325693*x^16+49141309419901862752530931*x^15+69275339464561312103424106*x^14-26833912564374756111026873*x^13-30120319123434970216526818*x^12+10981313482759483745826421*x^11+8995393041372551223167750*x^10-3272632935837306108682032*x^9-1746228779397072379567784*x^8+672402017027126196940064*x^7+199780697583233813097824*x^6-87493875277318899613696*x^5-10607605525522183566848*x^4+6302574454435949880576*x^3-2905361905796483072*x^2-187406464735687233536*x+15356228208565688320
constructing eigenvector for poly
x^24-127*x^23+7599*x^22-284862*x^21+7504594*x^20-147735604*x^19+2255940438*x^18-27379630079*x^17+268473551639*x^16-2150515391899*x^15+14172696973211*x^14-77162504900956*x^13+347582295850276*x^12-1294308508106238*x^11+3971661016555008*x^10-9986654625117655*x^9+20404635733850514*x^8-33479270197188180*x^7+43405189535519392*x^6-43491143311413936*x^5+32651078324060064*x^4-17557052107436736*x^3+6302337375657088*x^2-1333088183985152*x+123959203722752
constructing eigenvector for poly
x+2
constructing eigenvector for poly
x+5
constructing eigenvector for poly
x^6+24*x^5+227*x^4+1083*x^3+2737*x^2+3443*x+1657
constructing eigenvector for poly
x^10+22*x^9+176*x^8+621*x^7+797*x^6-470*x^5-1655*x^4-394*x^3+654*x^2+295*x+25
constructing eigenvector for poly
x+6
constructing eigenvector for poly
x^2+6*x+7
constructing eigenvector for poly
x^4+8*x^3+20*x^2+17*x+3
constructing eigenvector for poly
x+6
constructing eigenvector for poly
x^23-132*x^22+8208*x^21-319691*x^20+8747755*x^19-178784244*x^18+2832539414*x^17-35638622771*x^16+361884833357*x^15-2997648455920*x^14+20393100570424*x^13-114350860072693*x^12+528971661419141*x^11-2015329704224960*x^10+6297252002513354*x^9-16024925410469821*x^8+32868716797252098*x^7-53551478687161384*x^6+67905710545920792*x^5-65106750350032320*x^4+45227974630467840*x^3-21277436289181248*x^2+6001252286891520*x-757849756787712
constructing eigenvector for poly
x^48-10*x^47-188*x^46+2273*x^45+13389*x^44-223651*x^43-351845*x^42+12527366*x^41-8331240*x^40-441358852*x^39+957874420*x^38+10166386390*x^37-35419954071*x^36-152581797101*x^35+775585083226*x^34+1383924512615*x^33-11299840388774*x^32-4760514131663*x^31+114411871451607*x^30-52156070577075*x^29-819029774382370*x^28+913054480174033*x^27+4146383635828144*x^26-7093946267305893*x^25-14554795516592100*x^24+35002582808031143*x^23+33325118236332356*x^22-118453915942923717*x^21-39881255751270607*x^20+281087904903543030*x^19-14285440057586232*x^18-468206170388615416*x^17+145337885235198756*x^16+542500828398825956*x^15-264031568668220862*x^14-432935623611472115*x^13+258230298035631542*x^12+239031868943490059*x^11-151746400742569296*x^10-94316959145133496*x^9+54821484014026301*x^8+27339752147868366*x^7-11728029215633321*x^6-5647080592014544*x^5+1257966104370281*x^4+725287156685826*x^3-22650095244489*x^2-41263187719764*x-4457536672788
computing eigenvectors took 2.463267 sec
For conductor 1, eigenvectors are:
0 0 24 0 -24 0 0 -48 0 0 -12 -48 36 12 -36 -12 -24 12 32 16 0 0 8 -24 24 12 0 0 -24 24 24 -24 -6 12 -6 -6 12 -42 36 0 -4 -28 -4 -8 8 0 12 -4 20 16 -8 0 -8 12 12 -16 8 -8 28 20 -16 -16 8 0 -12 12 0 16 16 -16 -8 -12 -4 -8 8 -12 40 -4 4 0 14 -12 6 -6 14 4 2 16 0 -2 -2 8 4 -18 4 -4 -10 10 -8 2 -4 -6 -4 -8 -8 10 0 6 4 -4 12 0 -16 -6 14 2 -6 -2 2 18 -14 6 -4 -3 6 -4 -11 1 -5 -3 over Number field with defining polynomial x+2
-1 -1 -1 -1 -1 -1 -1 -1 -1 -1 -1 -1 -1 -1 -1 -1 -1 -1 -1 -1 -1 -1 -1 -1 -1 -1 -1 -1 -1 -1 -1 -1 -1 -1 -1 -1 -1 -1 -1 -1 -1 -1 -1 -1 -1 -1 -1 -1 -1 -1 -1 -1 -1 -1 -1 -1 -1 -1 -1 -1 -1 -1 -1 -1 -1 -1 -1 -1 -1 -1 -1 -1 -1 -1 -1 -1 -1 -1 -1 -1 -1 -1 -1 -1 -1 -1 -1 -1 -1 -1 -1 -1 -1 -1 -1 -1 -1 -1 -1 -1 -1 -1 -1 -1 -1 -1 -1 -1 -1 -1 -1 -1 -1 -1 -1 -1 -1 -1 -1 -1 -1 -1 -1 -1 -1 -1 -1 -1 -1 -1 over Number field with defining polynomial x-15
a vector of length 130 over Number field with defining polynomial a number field of degree 30
a vector of length 130 over Number field with defining polynomial a number field of degree 10
a vector of length 130 over Number field with defining polynomial a number field of degree 64
a vector of length 130 over Number field with defining polynomial a number field of degree 24
For conductor 3, eigenvectors are:
0 2 0 0 0 2 0 -2 0 0 0 -1 0 0 -1 1 1 -1 over Number field with defining polynomial x+2
2 -1 -1 -2 1 -1 1 0 -1 -1 1 -1 0 0 1 0 1 -1 over Number field with defining polynomial x+5
a^5 + 23*a^4 + 204*a^3 + 873*a^2 + 1802*a + 1433 -a^5 - 20*a^4 - 148*a^3 - 511*a^2 - 827*a - 502 a^5 + 22*a^4 + 184*a^3 + 739*a^2 + 1435*a + 1082 -2*a^4 - 36*a^3 - 228*a^2 - 608*a - 580 -a^4 - 20*a^3 - 134*a^2 - 367*a - 351 a^5 + 22*a^4 + 184*a^3 + 739*a^2 + 1435*a + 1082 -a^5 - 20*a^4 - 150*a^3 - 529*a^2 - 879*a - 552 0 -a^5 - 20*a^4 - 152*a^3 - 553*a^2 - 969*a - 658 a^4 + 20*a^3 + 134*a^2 + 367*a + 351 -a^5 - 22*a^4 - 184*a^3 - 739*a^2 - 1435*a - 1082 a^4 + 17*a^3 + 103*a^2 + 263*a + 239 2*a^3 + 21*a^2 + 71*a + 78 a^5 + 22*a^4 + 184*a^3 + 737*a^2 + 1420*a + 1056 -a^3 - 12*a^2 - 45*a - 53 -a^4 - 19*a^3 - 126*a^2 - 349*a - 343 -a^4 - 18*a^3 - 114*a^2 - 304*a - 290 -a^4 - 17*a^3 - 103*a^2 - 263*a - 239 over Number field with defining polynomial x^6+24*x^5+227*x^4+1083*x^3+2737*x^2+3443*x+1657
a vector of length 18 over Number field with defining polynomial a number field of degree 10
For conductor 223, eigenvectors are:
-1 -2 0 -1 1 1 -1 over Number field with defining polynomial x+6
a+5 -a-4 -a-4 0 -a-4 0 -1 over Number field with defining polynomial x^2+6*x+7
-2*a^2 - 9*a - 9 -a^3 - 6*a^2 - 10*a - 6 3*a^3 + 20*a^2 + 38*a + 21 -a^2 - 7*a - 6 -2*a^3 - 16*a^2 - 37*a - 24 -a^2 - 8*a - 12 -2*a^2 - 9*a - 9 over Number field with defining polynomial x^4+8*x^3+20*x^2+17*x+3
For conductor 669, eigenvectors are:
0 0 0 0 0 0 0 0 0 0 -6 0 6 6 0 6 0 0 -4 0 0 0 0 -4 0 0 4 4 0 -4 4 4 -2 0 -2 2 -2 0 0 0 -2 2 0 2 0 2 -2 0 -2 0 0 -2 0 0 0 -2 2 -2 2 -2 2 2 -2 2 0 -1 0 0 -1 -1 1 -1 over Number field with defining polynomial x+6
a vector of length 72 over Number field with defining polynomial a number field of degree 23
a vector of length 72 over Number field with defining polynomial a number field of degree 48
For conductor 1:
traces of hecke eigenvalues of T_{p^1} are:
-2 -8 -6 -30 36 -10 133 60 -149 17 -193 -333 42 -216 132 -247 440 419 1035 739 836 -1179 115 777 
computing eigenvalues for k = 1, took 13.857413 sec
traces of hecke eigenvalues of T_{p^2} are:
-2 5 -11 
computing eigenvalues for k = 2, took 0.233494 sec
traces of hecke eigenvalues of T_{p^1} are:
15 156 400 1464 2380 5220 7240 12720 25260 30784 52060 70644 81400 106080 151740 208920 230764 305320 363024 394420 499360 578760 712980 922180 
computing eigenvalues for k = 1, took 27.393750 sec
traces of hecke eigenvalues of T_{p^2} are:
30 780 2800 
computing eigenvalues for k = 2, took 0.244939 sec
traces of hecke eigenvalues of T_{p^1} are:
176 870 1685 3737 5439 9071 10988 16256 25664 29269 42713 50255 56754 66910 85414 103045 112147 136590 150946 162916 185395 202407 235793 284518 
computing eigenvalues for k = 1, took 27.214383 sec
traces of hecke eigenvalues of T_{p^2} are:
78 540 1480 
computing eigenvalues for k = 2, took 0.242144 sec
traces of hecke eigenvalues of T_{p^1} are:
-22 -47 72 40 175 41 55 -66 -767 706 -218 -758 1004 922 -114 177 -351 670 634 -88 -510 3435 435 -122 
computing eigenvalues for k = 1, took 9.618149 sec
traces of hecke eigenvalues of T_{p^2} are:
2 -74 -192 
computing eigenvalues for k = 2, took 0.230949 sec
traces of hecke eigenvalues of T_{p^1} are:
-23 0 196 -100 379 -368 784 -1406 1503 2171 5451 977 2815 -2834 4146 -1436 8934 5547 -2416 2474 4249 -12279 -2982 1044 
computing eigenvalues for k = 1, took 10.337509 sec
traces of hecke eigenvalues of T_{p^2} are:
-42 -253 -279 
computing eigenvalues for k = 2, took 0.335207 sec
traces of hecke eigenvalues of T_{p^1} are:
127 670 1283 3064 4276 6807 8911 12832 20131 23559 32601 40035 44381 52349 66531 83764 91418 109708 121640 127103 154800 165791 190405 227724 
computing eigenvalues for k = 1, took 27.428953 sec
traces of hecke eigenvalues of T_{p^2} are:
21 276 664 
computing eigenvalues for k = 2, took 0.254728 sec
For conductor 3:
traces of hecke eigenvalues of T_{p^1} are:
-2 -8 -6 -30 36 -10 133 60 -149 17 -193 -333 42 -216 132 -247 440 419 1035 739 836 -1179 115 777 
computing eigenvalues for k = 1, took 423.986817 sec
traces of hecke eigenvalues of T_{p^2} are:
-2 5 -11 
computing eigenvalues for k = 2, took 0.585196 sec
traces of hecke eigenvalues of T_{p^1} are:
-5 -22 -12 -3 40 -61 -4 -51 -33 30 -41 309 -118 -114 -271 -845 78 -107 612 213 -432 -238 -27 -520 
computing eigenvalues for k = 1, took 424.660057 sec
traces of hecke eigenvalues of T_{p^2} are:
4 40 16 
computing eigenvalues for k = 2, took 0.649038 sec
traces of hecke eigenvalues of T_{p^1} are:
-24 -81 -23 -194 -83 -75 -159 -42 -130 -46 -43 -1068 -209 -310 -494 -330 -2151 852 -2877 -28 720 2202 816 798 
computing eigenvalues for k = 1, took 423.723367 sec
traces of hecke eigenvalues of T_{p^2} are:
14 39 -45 
computing eigenvalues for k = 2, took 0.653680 sec
traces of hecke eigenvalues of T_{p^1} are:
-22 -47 72 40 175 41 55 -66 -767 706 -218 -758 1004 922 -114 177 -351 670 634 -88 -510 3435 435 -122 
computing eigenvalues for k = 1, took 424.646962 sec
traces of hecke eigenvalues of T_{p^2} are:
2 -74 -192 
computing eigenvalues for k = 2, took 0.684534 sec
For conductor 223:
traces of hecke eigenvalues of T_{p^1} are:
-6 6 -28 8 -42 -16 -107 38 51 43 -157 -55 74 -900 132 43 -756 761 323 861 -226 1183 347 -359 
computing eigenvalues for k = 1, took 736.826787 sec
traces of hecke eigenvalues of T_{p^2} are:
6 -33 21 
computing eigenvalues for k = 2, took 0.596936 sec
traces of hecke eigenvalues of T_{p^1} are:
-6 -8 -44 10 -56 98 -88 302 -278 -116 -54 -434 32 -28 -742 526 232 386 -960 -834 656 156 -1186 -168 
computing eigenvalues for k = 1, took 733.503246 sec
traces of hecke eigenvalues of T_{p^2} are:
0 16 72 
computing eigenvalues for k = 2, took 0.599586 sec
traces of hecke eigenvalues of T_{p^1} are:
-8 -41 -27 36 -145 85 -133 -184 148 -436 -565 -380 -139 780 624 -356 -621 -64 963 -954 -586 320 -38 2 
computing eigenvalues for k = 1, took 735.795418 sec
traces of hecke eigenvalues of T_{p^2} are:
8 21 -41 
computing eigenvalues for k = 2, took 0.635982 sec
For conductor 669:
traces of hecke eigenvalues of T_{p^1} are:
-6 6 -28 8 -42 -16 -107 38 51 43 -157 -55 74 -900 132 43 -756 761 323 861 -226 1183 347 -359 
computing eigenvalues for k = 1, took 214.448478 sec
traces of hecke eigenvalues of T_{p^2} are:
6 -33 21 
computing eigenvalues for k = 2, took 0.685358 sec
traces of hecke eigenvalues of T_{p^1} are:
132 670 1181 2835 3961 6805 8100 12472 19798 21969 31243 38437 42098 51130 64776 80115 84357 101450 115782 121542 143389 157811 182767 213654 
computing eigenvalues for k = 1, took 142.079723 sec
traces of hecke eigenvalues of T_{p^2} are:
51 432 248 
computing eigenvalues for k = 2, took 0.613108 sec
traces of hecke eigenvalues of T_{p^1} are:
10 144 -259 367 -319 558 -1149 1207 3283 -1040 809 3095 -2228 3175 4180 725 -180 -3610 5088 -2516 -4665 2522 9754 -8004 
computing eigenvalues for k = 1, took 140.840874 sec
traces of hecke eigenvalues of T_{p^2} are:
-35 -47 -371 
computing eigenvalues for k = 2, took 0.645236 sec
