constructing eigenvector for poly
x-5
constructing eigenvector for poly
x-15
constructing eigenvector for poly
x^2+4*x+2
constructing eigenvector for poly
x^44-266*x^43+34320*x^42-2861727*x^41+173362666*x^40-8132460006*x^39+307470850358*x^38-9628683557174*x^37+254728875280149*x^36-5777898668265331*x^35+113660253358573052*x^34-1956624464577708534*x^33+29688895780614418716*x^32-399384359447191542496*x^31+4785668849186743375820*x^30-51274885621384811974384*x^29+492731997454405328369579*x^28-4257167953890166044604716*x^27+33132742870636502450223560*x^26-232612415713001446959378351*x^25+1474582504327104428095408410*x^24-8445226193473842956215585218*x^23+43705663265661480892467454382*x^22-204345259949147893277049518898*x^21+862675362032790837021355591151*x^20-3285327940228938038675761446735*x^19+11271504611405407658041544198780*x^18-34777684342623089521942842869540*x^17+96290644909145395725629753488560*x^16-238597364359008350471929813582976*x^15+527393782965878265660107118493440*x^14-1035859090729518467004416515910208*x^13+1799450874209423793104290122802816*x^12-2749362057667862640041975036945152*x^11+3669995658967529313136860412829184*x^10-4245339934305090789834293719227392*x^9+4213517832609340715854944652007424*x^8-3543778488932625810669147432689664*x^7+2485993605922147062259915517018112*x^6-1424675130324789611734922622320640*x^5+648291318955333062883333205065728*x^4-224797710634920153640990526668800*x^3+55664662950028282422536887468032*x^2-8745457763715568567129800179712*x+653499067456788487540612005888
constructing eigenvector for poly
x^15-84*x^14+3212*x^13-74026*x^12+1147515*x^11-12643279*x^10+102007543*x^9-611780663*x^8+2740008610*x^7-9126029277*x^6+22308604265*x^5-39071906275*x^4+47115899246*x^3-36595469996*x^2+16178105608*x-3015015568
constructing eigenvector for poly
x^7+7*x^6-19*x^5-165*x^4+83*x^3+1061*x^2+127*x-1607
constructing eigenvector for poly
x^107-40*x^106+89*x^105+17654*x^104-216774*x^103-2900380*x^102+68456677*x^101+99730333*x^100-11234937344*x^99+42919627429*x^98+1134842522706*x^97-9267640027641*x^96-70231190291677*x^95+1034337391384347*x^94+1831434127835135*x^93-77301313608516577*x^92+117795401606938448*x^91+4121748854491810442*x^90-17441517429104889152*x^89-155887138398067931540*x^88+1171177294280911986401*x^87+3722890389131617091229*x^86-53700866011908169935984*x^85-16492038699334242569499*x^84+1827021211780437214404800*x^83-3177032602251965113223717*x^82-46797970717882671951952736*x^81+173986453396062901794343913*x^80+868608863548782187395280231*x^79-5645246055125845763598579351*x^78-9666635221958459937221735130*x^77+133191762974060618939342496970*x^76-24126442842496283346640395774*x^75-2396591902414351395167128061221*x^74+4010019199928547623252438893545*x^73+32755063247639102512736517739127*x^72-106998371621518086616182583437695*x^71-318500030096860741834708912052734*x^70+1854798245396144827036231757246907*x^69+1590235948555123956063724024300222*x^68-23904896910514009904780690832142932*x^67+11724822668236382609058762528306588*x^66+235458996074765630795921377549953167*x^65-389043914815804583292226356615314295*x^64-1731691648548819400890202118951425931*x^63+5283688370686872027924908076062891790*x^62+8446681661912141924412429626098363609*x^61-49311912362689030504453908810854890557*x^60-10635715288046789103341436356914196882*x^59+344016473538367392816422616939358031489*x^58-264232858277988730974520355390989679520*x^57-1802749912266120618677402652174443971340*x^56+3125365316735447514066064659924549005258*x^55+6679472538114333100927825740976438358592*x^54-21152028219171133422400288090157250750311*x^53-12985743965183176183509253726362568089338*x^52+101925683667476486391205882753714626247247*x^51-28617795026837081066849856608439770914924*x^50-363013391186172603198726273203674519542151*x^49+373599747956996877630958825217127865058849*x^48+925235307121982128314658761723516617898928*x^47-1804553554630459808925855063728008292092748*x^46-1419138978961276164863112392181177414724977*x^45+5771138997398972360769045169095768408384148*x^44-179611717537888520836302739000475339194211*x^43-13258735594642762016133823585722575437342855*x^42+8373001365422058206691525868230233408838669*x^41+21626317755224550168554031786423486055716729*x^40-27671405377259232997221203854019161840697532*x^39-22138477127566705445667706404575653105601139*x^38+55535157771174777221082653596679911940048830*x^37+4593779803795952004477973235974169001784597*x^36-77540725224193744052172333293847291071753310*x^35+30287831321446703519814304961176168313274540*x^34+75814576859087981432470584193793881442897112*x^33-64521224170997440426890084513610988783033229*x^32-47368005666974202062447413321472291965758354*x^31+76189777053311910177599130197161617454670132*x^30+10195832358381414746539274863338541834685683*x^29-60659527636852208182212286848353958922063785*x^28+13748355255588072174880743839091987733526024*x^27+33313719586330236268239537780788420710385374*x^26-18123565804326916452068838124472176126823267*x^25-11806277864466531972171088596267139895091815*x^24+11771441103296715032144262412634847326895401*x^23+1843905733540744299013175789637447345739890*x^22-4948617612101476323516349223752598596246602*x^21+558184182513247878712134101517408861974068*x^20+1392683765415406823955536022743500073117485*x^19-454616316604421732912900052163324740156980*x^18-247114297614741538193436687184128269453694*x^17+146623603927927759554874403833513764799023*x^16+20150032991434737168133423875107689255291*x^15-28113959661529123474837339299396805264022*x^14+1740972727571734013824755193959568945188*x^13+3273388883035737441794842655435338347349*x^12-682461400602469402614083973153726928262*x^11-201305448545381829204360061565096023713*x^10+79962498749192586742803854681457029912*x^9+2049558199900564331416330584618883381*x^8-4297957715887486491044640230708201835*x^7+449621932681357449353017014442287770*x^6+73928468012147614684109737403315359*x^5-18144337336996407979305366143303355*x^4+995338826646798858698581522176406*x^3+37818529936286736786210850567076*x^2-5179397368663278080904093489912*x+123990880403275316123444001264
constructing eigenvector for poly
x^2+4*x+2
constructing eigenvector for poly
x^32+78*x^31+2822*x^30+62781*x^29+959077*x^28+10625314*x^27+87661550*x^26+541586764*x^25+2454171059*x^24+7515897121*x^23+10359249982*x^22-32771896506*x^21-252779005440*x^20-796392321239*x^19-1342956267917*x^18-354999568615*x^17+4313208119756*x^16+11601450167714*x^15+13607696952076*x^14+1529028073909*x^13-19268120025536*x^12-27543882650886*x^11-11562912512871*x^10+11367967605135*x^9+17047369119441*x^8+6497570392639*x^7-2388358428746*x^6-2774685898794*x^5-546888036555*x^4+192473626395*x^3+76058570320*x^2-482312274*x-1841459931
constructing eigenvector for poly
x^4+10*x^3+24*x^2-10*x-41
constructing eigenvector for poly
x^33+97*x^32+4428*x^31+126443*x^30+2531700*x^29+37750465*x^28+434398908*x^27+3941997436*x^26+28555468923*x^25+165820371340*x^24+768457035725*x^23+2792972560524*x^22+7614643700718*x^21+13655256492271*x^20+6424080697952*x^19-50572921493134*x^18-187836703613485*x^17-326835985631774*x^16-189204470668066*x^15+503844583588677*x^14+1461050179500029*x^13+1605383557237920*x^12+146264253255039*x^11-1930350290176354*x^10-2474684947926566*x^9-896284560082914*x^8+922629873246425*x^7+1221473177439614*x^6+436232924987047*x^5-126945019232448*x^4-148049267520987*x^3-32955913705014*x^2+3844824225345*x+1708186268403
constructing eigenvector for poly
x^94-14*x^93-446*x^92+7338*x^91+85732*x^90-1782329*x^89-8719572*x^88+266848594*x^87+370772975*x^86-27604902406*x^85+23754797006*x^84+2093549228520*x^83-5367549520435*x^82-120303643592915*x^81+489767186052294*x^80+5321810696462076*x^79-30066848410224119*x^78-181090821687208588*x^77+1386530672551089085*x^76+4609482153339663059*x^75-50273803179387558529*x^74-78808481132379869381*x^73+1467580680353421537447*x^72+426588438629998726479*x^71-34941629654330562172000*x^70+25521100206737655062727*x^69+682640496661925591704049*x^68-1113703784638836888250632*x^67-10942665450186079120067654*x^66+27611874595582780546105196*x^65+142821928537410401873957169*x^64-505756824493977384968310804*x^63-1485960355141516495278549471*x^62+7338201194788538782582697064*x^61+11667371623338627116016712224*x^60-86742910033871967366194329951*x^59-57182259745142830391417628072*x^58+846038709895472099397236208704*x^57-42978789609789884429538400773*x^56-6841491399823305920635530511903*x^55+4404346160836870267673810210609*x^54+45834311429591757187773669174161*x^53-54531208769106884279913417536650*x^52-252766792134468739457233156351584*x^51+443698340217751271842790274299384*x^50+1130609008276521653908443857946434*x^49-2755223711247507501630368019717452*x^48-3972914710889554126849468008742042*x^47+13680551245656698651035328209003422*x^46+10112113813764462849088552192436451*x^45-55343119015431167786303018056401441*x^44-13237854697085366789424539507382051*x^43+183745396051466871839349656443899907*x^42-27304831614956665348830478324502127*x^41-501215671801707254354179294607279523*x^40+237861808466494418382758909294766513*x^39+1119284820492995658206079916927241530*x^38-866166283925107123146065110271826564*x^37-2029308050757145972896164628124642129*x^36+2191488951848928958169698568828344881*x^35+2942412376864452249731850858833751413*x^34-4234227397152574353015232815716247322*x^33-3318769480994003893333376012898313876*x^32+6448996070345139076307554172744464263*x^31+2743896682015954291668248288695093036*x^30-7835156790555534540173746023498955178*x^29-1384311888537198609033189402245524635*x^28+7617996404752566141994617355961171259*x^27-35713567874312690667086847493298852*x^26-5919328365595356720351228487418349214*x^25+832472981523478377602062167511383146*x^24+3660165874056951442769424626911986329*x^23-891068068642016004569711311127975771*x^22-1789681561356546161173509129928394000*x^21+572626378578619596383942401465914220*x^20+686288861832954461179265639782185799*x^19-256324165565873239672144105206882276*x^18-204187851180567342769199634145197375*x^17+82696697397929762145983121328270230*x^16+46439947322453355862127943785717261*x^15-19237412323465687331945103927297963*x^14-7894815038838382835159813887626109*x^13+3170256309116631619716384297937375*x^12+967565601025617818691247900465540*x^11-358223100113491264570809546161964*x^10-80601995619643754807962160163915*x^9+26425683988620161822331964423785*x^8+4162349046358508836256950339730*x^7-1181757861011607790265690997321*x^6-116708196084204511005449084136*x^5+28030534886755594833232540974*x^4+1485346224044687183204843790*x^3-274128686910861161609157534*x^2-5053665999737359062442188*x+304454419533949322769813
constructing eigenvector for poly
x^40-230*x^39+25576*x^38-1831807*x^37+94979434*x^36-3799257798*x^35+122006268954*x^34-3231891583222*x^33+72010301345813*x^32-1369381643833031*x^31+22475047886077776*x^30-321154475188007050*x^29+4023079959283597960*x^28-44423351545650660188*x^27+434265813436438118288*x^26-3771123306995346767852*x^25+29167196545551214608919*x^24-201312409947938575876620*x^23+1241593022171474899979156*x^22-6847983023159414659030467*x^21+33786131177044309255328686*x^20-149076189235611325469478630*x^19+587840808363412107255228022*x^18-2069009006528825848306978630*x^17+6488698671356801245074414995*x^16-18090124703449140809893659727*x^15+44703347004182431798582117460*x^14-97560333257242401782174460172*x^13+187200760111342872834166295840*x^12-314115558669070633717408786672*x^11+457882806136216577223710391744*x^10-575174681008334086311071893760*x^9+616457449477910964223402352256*x^8-556740434634091935644407970816*x^7+416998651983222390449332487680*x^6-253666026849130124940256930816*x^5+121790934580491389827988873216*x^4-44281999409197283978905829376*x^3+11423292450799015530227032064*x^2-1857147356376360598493069312*x+142605555697621364157448192
computing eigenvectors took 9.661149 sec
For conductor 1, eigenvectors are:
-24 136 -104 16 -84 -44 -24 16 16 -14 16 46 -14 36 16 -24 -24 -4 -24 16 -29 -14 -19 -4 -29 -14 11 1 1 -19 -19 1 -19 -4 41 -4 26 -4 -24 6 -4 -4 -4 -14 -34 -24 -14 -4 16 6 6 16 -4 26 36 6 -4 -24 -24 36 6 -14 -4 6 -14 6 -34 -44 6 6 -4 -4 -14 -4 -14 11 -9 -14 6 6 -4 6 -4 -9 11 11 -9 6 -9 21 -14 -9 -19 6 -14 -24 6 6 6 6 11 6 1 -9 -14 11 -14 6 1 -19 16 -4 1 1 -4 -4 16 6 16 21 -4 -9 -4 6 6 6 -14 -14 -4 1 -14 -4 6 26 -4 1 1 11 -9 -14 -19 -9 6 11 6 -9 -24 21 1 21 -4 6 21 -14 -4 16 -4 1 -4 11 6 -4 1 21 11 -14 -4 -9 16 6 16 -24 -14 21 21 -9 -4 over Number field with defining polynomial x-5
-1 -1 -1 -1 -1 -1 -1 -1 -1 -1 -1 -1 -1 -1 -1 -1 -1 -1 -1 -1 -1 -1 -1 -1 -1 -1 -1 -1 -1 -1 -1 -1 -1 -1 -1 -1 -1 -1 -1 -1 -1 -1 -1 -1 -1 -1 -1 -1 -1 -1 -1 -1 -1 -1 -1 -1 -1 -1 -1 -1 -1 -1 -1 -1 -1 -1 -1 -1 -1 -1 -1 -1 -1 -1 -1 -1 -1 -1 -1 -1 -1 -1 -1 -1 -1 -1 -1 -1 -1 -1 -1 -1 -1 -1 -1 -1 -1 -1 -1 -1 -1 -1 -1 -1 -1 -1 -1 -1 -1 -1 -1 -1 -1 -1 -1 -1 -1 -1 -1 -1 -1 -1 -1 -1 -1 -1 -1 -1 -1 -1 -1 -1 -1 -1 -1 -1 -1 -1 -1 -1 -1 -1 -1 -1 -1 -1 -1 -1 -1 -1 -1 -1 -1 -1 -1 -1 -1 -1 -1 -1 -1 -1 -1 -1 -1 -1 -1 -1 -1 -1 -1 -1 -1 -1 -1 -1 -1 over Number field with defining polynomial x-15
48*a-48 0 -384*a-288 144*a+192 192*a+144 24*a+144 60*a+108 0 120*a+48 -588*a-420 24*a-24 -24*a-144 96*a+72 -32*a-80 0 48*a+64 -96*a-72 -32*a-80 -16*a-40 -176*a-48 -24*a-60 108*a+60 48*a+36 48*a+36 96*a+72 -96*a-72 180*a+72 -168*a-168 -156*a-96 60*a+108 36*a+48 -72*a-12 -24*a-60 0 -24*a+24 -192*a-144 0 -8*a+8 28 -16*a+16 72*a+40 -80*a-32 -20*a+48 -24*a+24 -56*a -56 96*a+72 52*a+4 -116*a-80 -8*a+8 60*a-4 48*a+8 56*a+56 -96*a-16 -48*a-64 60*a+80 8*a-8 -24*a-32 -72*a-40 -24*a+24 8*a-8 20*a-20 192*a+116 -80*a-60 48*a+8 144*a+108 -96*a-16 -128*a-96 -48*a-92 104*a+8 -56*a-56 -32*a+32 24*a+32 8*a+20 -24*a-32 -36*a-20 76*a+64 -4*a+4 84*a+70 -36*a-20 4*a-4 32*a+24 96*a+16 28*a 32*a-4 -32*a+4 52*a+60 72*a+68 -12*a-16 -28*a-28 16*a+12 -64*a-48 -40*a-16 84*a+56 16*a+40 -8*a+8 -56*a-56 12*a+16 32*a+24 28*a+28 -96*a-44 20*a-20 20*a+36 20*a+36 -48*a-64 76*a+64 -16*a-12 -88*a-52 -16*a+16 -68*a+12 72*a+12 -104*a-64 40*a+16 176*a+104 20*a-20 104*a+36 -72*a-68 60*a+52 24*a+60 0 -44*a-12 16*a+12 44*a+12 -26*a-30 -44*a-12 -38*a-32 52*a+4 -24*a-4 -104*a-92 -32*a-24 24*a+32 -92*a-76 36*a+20 12*a-12 108*a+60 32*a-4 8*a+76 -68*a-44 36*a+20 12*a+16 -60*a-52 -4*a-24 -20*a-36 48*a+36 12*a+44 -16*a-12 16*a-16 -60*a-52 20*a+22 -30*a-26 8*a+6 -54*a-16 -16*a+2 16*a+12 -32*a-10 16*a+26 10*a-10 -44*a-40 28*a -26*a-30 12*a-12 -16*a-12 28*a+14 -36*a-20 40*a+44 -38*a-18 -4*a+4 -8*a+8 40*a+44 20*a+22 -66*a-32 28*a+14 28*a+14 88*a+66 -12*a-16 -28 -30*a-26 over Number field with defining polynomial x^2+4*x+2
a vector of length 177 over Number field with defining polynomial a number field of degree 44
a vector of length 177 over Number field with defining polynomial a number field of degree 15
576*a^4 + 2304*a^3 - 5760*a^2 - 16128*a + 576 0 1152*a^4 + 2304*a^3 - 18432*a^2 - 20736*a + 35712 -1152*a^4 - 4608*a^3 + 16128*a^2 + 41472*a - 14976 -576*a^4 - 1152*a^3 + 9216*a^2 + 10368*a - 17856 432*a^5 + 1872*a^4 - 7200*a^3 - 23904*a^2 + 13680*a + 51984 -144*a^6 - 432*a^5 + 4032*a^4 + 5472*a^3 - 27216*a^2 - 21168*a + 39456 -576*a^3 - 1728*a^2 + 5184*a + 15552 -576*a^3 - 1728*a^2 + 5184*a + 15552 144*a^6 + 432*a^5 - 4320*a^4 - 6048*a^3 + 32976*a^2 + 21744*a - 72576 -288*a^5 - 2016*a^4 + 1728*a^3 + 23616*a^2 + 12384*a - 35424 72*a^6 + 576*a^5 - 216*a^4 - 8064*a^3 - 7848*a^2 + 14400*a + 10296 72*a^6 + 288*a^5 - 1656*a^4 - 4032*a^3 + 7704*a^2 + 6048*a - 17640 -384*a^3 + 3456*a^2 + 3456*a - 12672 -384*a^4 - 1536*a^3 + 3840*a^2 + 10752*a - 384 192*a^4 + 1536*a^3 - 384*a^2 - 13824*a - 18240 -768*a^3 - 2304*a^2 + 6912*a + 20736 -48*a^6 - 288*a^5 + 624*a^4 + 3648*a^3 + 1968*a^2 - 9504*a - 14832 -768*a^3 - 2304*a^2 + 6912*a + 20736 -48*a^6 - 192*a^5 + 912*a^4 + 2688*a^3 + 624*a^2 - 8640*a - 19920 -1152*a^2 + 5760 144*a^5 + 432*a^4 - 2016*a^3 - 4896*a^2 + 4176*a + 11376 -36*a^6 + 1260*a^4 - 1152*a^3 - 6444*a^2 + 2304*a - 540 2304*a+6912 144*a^6 + 432*a^5 - 4032*a^4 - 6048*a^3 + 27792*a^2 + 21744*a - 53856 -36*a^6 - 144*a^5 + 828*a^4 + 2016*a^3 - 6156*a^2 - 5328*a + 18036 -36*a^6 - 288*a^5 + 108*a^4 + 3456*a^3 + 6804*a^2 - 4320*a - 19548 72*a^6 + 144*a^5 - 2376*a^4 - 2016*a^3 + 17784*a^2 + 11088*a - 29304 36*a^6 + 144*a^5 - 828*a^4 - 2592*a^3 + 3276*a^2 + 10512*a + 3276 -36*a^6 + 1260*a^4 - 1152*a^3 - 6444*a^2 + 2304*a - 540 36*a^6 + 144*a^5 - 828*a^4 - 2592*a^3 + 7884*a^2 + 10512*a - 19764 -144*a^6 - 432*a^5 + 4320*a^4 + 7200*a^3 - 32976*a^2 - 34416*a + 51840 36*a^6 - 1260*a^4 + 1152*a^3 + 8748*a^2 - 6912*a - 15588 288*a^4 + 1152*a^3 - 4032*a^2 - 10368*a + 3744 -36*a^6 - 288*a^5 + 396*a^4 + 5184*a^3 - 108*a^2 - 17568*a - 1404 -144*a^6 - 576*a^5 + 3312*a^4 + 8064*a^3 - 18864*a^2 - 25920*a + 24912 -768*a^2 + 3840 96*a^4 + 384*a^3 - 960*a^2 - 2688*a + 96 -96*a^5 - 96*a^4 + 1728*a^3 - 1344*a^2 - 6240*a + 6048 -96*a^5 - 672*a^4 + 1728*a^3 + 9024*a^2 - 6240*a - 31392 96*a^5 + 288*a^4 - 1344*a^3 - 3264*a^2 - 288*a - 1632 -96*a^5 - 96*a^4 + 1728*a^3 - 1344*a^2 - 4704*a + 10656 -24*a^6 - 96*a^5 + 456*a^4 + 960*a^3 - 840*a^2 - 864*a + 408 -72*a^6 - 192*a^5 + 2136*a^4 + 2688*a^3 - 14424*a^2 - 12480*a + 19272 48*a^6 + 96*a^5 - 1200*a^4 + 192*a^3 + 6480*a^2 - 1824*a - 6864 -72*a^6 - 384*a^5 + 1560*a^4 + 6912*a^3 - 10200*a^2 - 22656*a + 24840 -48*a^6 - 192*a^5 + 1104*a^4 + 3456*a^3 - 6672*a^2 - 14016*a + 7152 24*a^6 + 96*a^5 - 648*a^4 - 1344*a^3 + 3912*a^2 + 5856*a - 1752 -24*a^6 - 240*a^5 - 264*a^4 + 3744*a^3 + 6552*a^2 - 6576*a - 9336 -96*a^4 - 768*a^3 - 192*a^2 + 4608*a + 5664 288*a^4 + 1152*a^3 - 4416*a^2 - 8064*a + 7968 -288*a^4 - 768*a^3 + 5184*a^2 + 6912*a - 14112 -192*a^5 - 1152*a^4 + 2688*a^3 + 17664*a^2 - 4032*a - 45696 96*a^5 + 96*a^4 - 2880*a^3 - 576*a^2 + 18144*a + 12768 24*a^6 + 240*a^5 + 168*a^4 - 3936*a^3 - 6168*a^2 + 12912*a + 21336 -144*a^5 - 720*a^4 + 2592*a^3 + 7968*a^2 - 9360*a - 21840 24*a^6 + 96*a^5 - 552*a^4 - 1920*a^3 + 3912*a^2 + 8736*a - 4152 72*a^6 + 192*a^5 - 2136*a^4 - 1920*a^3 + 15192*a^2 + 5568*a - 29256 -48*a^5 - 336*a^4 + 1056*a^3 + 6240*a^2 - 1776*a - 17424 576*a^3 + 192*a^2 - 5184*a - 7872 48*a^5 + 240*a^4 - 1248*a^3 - 4320*a^2 + 5040*a + 15600 -24*a^6 - 96*a^5 + 552*a^4 + 1152*a^3 - 2376*a^2 - 1824*a + 5688 144*a^5 + 1008*a^4 - 1632*a^3 - 14112*a^2 - 2352*a + 29232 -96*a^4 - 384*a^3 + 2496*a^2 + 4224*a - 3168 -768*a^2 - 3072*a - 5376 768*a^3 + 768*a^2 - 5376*a - 11520 -2304*a^2 - 1536*a + 13056 -384*a^3 + 1920*a^2 + 384*a - 8064 48*a^5 + 240*a^4 - 864*a^3 - 1632*a^2 + 4656*a + 6768 72*a^6 + 192*a^5 - 1944*a^4 - 1920*a^3 + 14040*a^2 + 2496*a - 34440 -768*a^3 - 1536*a^2 + 6912*a + 13824 -48*a^6 - 96*a^5 + 1584*a^4 + 576*a^3 - 13392*a^2 - 480*a + 30288 24*a^6 - 96*a^5 - 1512*a^4 + 1536*a^3 + 14280*a^2 - 1440*a - 25080 768*a^2 + 768*a - 4608 -96*a^4 - 192*a^3 + 1920*a^2 + 960*a - 8736 -12*a^6 + 48*a^5 + 756*a^4 - 1248*a^3 - 8580*a^2 + 3888*a + 22044 36*a^6 + 192*a^5 - 588*a^4 - 2688*a^3 + 2412*a^2 + 9024*a - 708 48*a^5 + 336*a^4 - 288*a^3 - 3936*a^2 - 2064*a + 5904 -48*a^5 - 240*a^4 + 672*a^3 + 4128*a^2 - 1392*a - 12336 96*a^4 + 192*a^3 - 960*a - 2400 -12*a^6 - 96*a^5 + 132*a^4 + 1728*a^3 - 1188*a^2 - 5856*a + 5292 12*a^6 + 48*a^5 - 372*a^4 - 1056*a^3 + 3396*a^2 + 5232*a - 7260 48*a^6 + 192*a^5 - 1008*a^4 - 2496*a^3 + 4368*a^2 + 6144*a - 7248 -48*a^6 - 192*a^5 + 1008*a^4 + 2304*a^3 - 4944*a^2 - 6720*a + 3984 48*a^5 + 240*a^4 - 480*a^3 - 3936*a^2 + 432*a + 14448 12*a^6 + 48*a^5 - 372*a^4 - 1056*a^3 + 2244*a^2 + 5232*a - 1500 -12*a^6 - 96*a^5 - 60*a^4 + 960*a^3 + 3804*a^2 - 480*a - 11796 -96*a^4 - 384*a^3 + 2880*a^2 + 3456*a - 8928 -24*a^6 + 96*a^5 + 1512*a^4 - 1344*a^3 - 14856*a^2 - 1056*a + 29496 12*a^6 + 48*a^5 - 276*a^4 - 672*a^3 + 900*a^2 + 1776*a - 252 -36*a^6 - 72*a^5 + 1332*a^4 + 1296*a^3 - 11388*a^2 - 7368*a + 22380 36*a^6 + 96*a^5 - 1164*a^4 - 960*a^3 + 8940*a^2 + 5088*a - 13572 48*a^6 + 240*a^5 - 960*a^4 - 3744*a^3 + 5040*a^2 + 11952*a - 7968 24*a^6 + 96*a^5 - 744*a^4 - 1728*a^3 + 6408*a^2 + 7776*a - 11832 -240*a^4 - 768*a^3 + 3360*a^2 + 4992*a - 7344 96*a^4 + 384*a^3 - 1344*a^2 - 3456*a + 1248 -48*a^5 - 240*a^4 + 672*a^3 + 1824*a^2 - 2160*a - 3120 36*a^6 + 144*a^5 - 828*a^4 - 2208*a^3 + 5196*a^2 + 9360*a - 5556 -12*a^6 - 48*a^5 + 372*a^4 + 1056*a^3 - 3780*a^2 - 4464*a + 9948 96*a^4 + 192*a^3 - 2304*a^2 - 1728*a + 6816 -12*a^6 + 48*a^5 + 660*a^4 - 1056*a^3 - 6660*a^2 + 2928*a + 14844 96*a^4 + 192*a^3 - 2304*a^2 - 1728*a + 6816 96*a^5 + 384*a^4 - 1728*a^3 - 3840*a^2 + 4704*a + 4992 -192*a^3 + 192*a^2 + 1728*a - 192 384*a^2 + 768*a - 1152 36*a^6 + 96*a^5 - 1068*a^4 - 960*a^3 + 7980*a^2 + 1248*a - 18084 120*a^5 + 600*a^4 - 1968*a^3 - 6960*a^2 + 6072*a + 17496 36*a^6 + 72*a^5 - 1188*a^4 - 1200*a^3 + 9084*a^2 + 4968*a - 17916 -48*a^5 - 144*a^4 + 864*a^3 + 1056*a^2 - 1584*a + 4464 48*a^6 + 144*a^5 - 1248*a^4 - 1632*a^3 + 7152*a^2 + 3792*a - 12864 36*a^6 + 96*a^5 - 1068*a^4 - 1344*a^3 + 7980*a^2 + 5472*a - 14244 -120*a^5 - 744*a^4 + 1296*a^3 + 9456*a^2 + 1512*a - 17544 12*a^6 + 48*a^5 - 276*a^4 - 864*a^3 + 708*a^2 + 4272*a + 3780 -72*a^6 - 288*a^5 + 1752*a^4 + 4224*a^3 - 11160*a^2 - 14688*a + 18696 96*a^5 + 576*a^4 - 1152*a^3 - 7488*a^2 - 1248*a + 9216 -96*a^5 - 480*a^4 + 1344*a^3 + 6336*a^2 - 1248*a - 15072 48*a^6 + 264*a^5 - 840*a^4 - 3888*a^3 + 4128*a^2 + 10536*a - 10248 48*a^6 + 96*a^5 - 1584*a^4 - 1536*a^3 + 11280*a^2 + 9120*a - 14352 -48*a^5 - 240*a^4 + 480*a^3 + 1632*a^2 + 2640*a + 7824 384*a^2 - 1920 48*a^5 + 336*a^4 - 288*a^3 - 3936*a^2 - 1296*a + 8208 -768*a^2 + 768*a + 4608 -96*a^4 + 384*a^3 + 1344*a^2 - 384*a - 1248 -384*a^3 + 768*a^2 + 1152*a - 4608 576*a^3 - 576*a^2 - 5952*a - 3264 48*a^5 + 240*a^4 - 288*a^3 - 3360*a^2 - 1296*a + 7728 -48*a^5 + 48*a^4 + 1824*a^3 - 2208*a^2 - 9456*a + 6768 576*a^3 + 4032*a^2 - 5952*a - 26304 -72*a^6 - 288*a^5 + 1656*a^4 + 3840*a^3 - 10968*a^2 - 11232*a + 23208 -12*a^6 - 48*a^5 + 372*a^4 + 1056*a^3 - 2628*a^2 - 4464*a + 4188 12*a^6 + 96*a^5 - 36*a^4 - 1536*a^3 - 1116*a^2 + 4896*a + 3828 48*a^5 + 240*a^4 - 864*a^3 - 3936*a^2 + 3120*a + 13680 -192*a^3 - 960*a^2 + 2496*a + 7872 48*a^5 + 48*a^4 - 1440*a^3 + 3168*a^2 + 5232*a - 16272 -36*a^6 - 96*a^5 + 1068*a^4 + 1344*a^3 - 8748*a^2 - 3936*a + 22692 -48*a^6 - 96*a^5 + 1584*a^4 + 1344*a^3 - 13008*a^2 - 5088*a + 29136 72*a^6 + 288*a^5 - 1560*a^4 - 3648*a^3 + 7896*a^2 + 10272*a - 11784 24*a^6 + 96*a^5 - 552*a^4 - 1344*a^3 + 3336*a^2 + 4320*a - 4344 -96*a^4 - 192*a^3 + 768*a^2 + 960*a - 2976 48*a^5 + 336*a^4 - 288*a^3 - 3936*a^2 - 2064*a + 5904 -48*a^6 - 144*a^5 + 1440*a^4 + 2208*a^3 - 10800*a^2 - 10512*a + 16320 12*a^6 + 96*a^5 - 324*a^4 - 2112*a^3 + 3492*a^2 + 9312*a - 8940 -48*a^5 - 240*a^4 + 864*a^3 + 3168*a^2 - 2352*a - 7536 -12*a^6 - 48*a^5 + 276*a^4 + 864*a^3 - 1092*a^2 - 3504*a - 1092 96*a^4 + 384*a^3 - 960*a^2 - 1920*a + 2400 -12*a^6 - 48*a^5 + 276*a^4 + 672*a^3 - 1284*a^2 - 1008*a + 2940 -24*a^5 - 264*a^4 - 48*a^3 + 3504*a^2 + 2760*a - 5928 -48*a^5 - 240*a^4 + 864*a^3 + 2400*a^2 - 2352*a - 5232 12*a^6 + 48*a^5 - 132*a^4 - 384*a^3 - 252*a^2 + 336*a + 1908 72*a^5 + 456*a^4 - 624*a^3 - 6576*a^2 - 2520*a + 13800 96*a^4 + 576*a^3 - 1344*a^2 - 5568*a + 96 48*a^5 + 96*a^4 - 1248*a^3 - 192*a^2 + 5808*a - 1440 96*a^4 + 384*a^3 - 1728*a^2 - 1920*a + 4704 12*a^6 - 24*a^5 - 780*a^4 - 240*a^3 + 7956*a^2 + 4872*a - 14868 -48*a^6 - 240*a^5 + 1008*a^4 + 3648*a^3 - 5616*a^2 - 12240*a + 7344 -72*a^5 - 264*a^4 + 1392*a^3 + 2928*a^2 - 5544*a - 7656 48*a^5 + 96*a^4 - 1248*a^3 - 576*a^2 + 5808*a + 2016 24*a^5 + 24*a^4 - 528*a^3 + 1200*a^2 + 504*a - 8904 48*a^5 + 96*a^4 - 1248*a^3 - 576*a^2 + 5808*a + 2016 -72*a^5 - 360*a^4 + 1200*a^3 + 4464*a^2 - 2280*a - 7560 192*a^3 + 576*a^2 - 1728*a - 5184 -24*a^5 - 120*a^4 + 336*a^3 + 1296*a^2 - 1464*a - 3096 12*a^6 + 24*a^5 - 300*a^4 + 48*a^3 + 1620*a^2 - 3144*a - 5940 -36*a^6 - 96*a^5 + 1068*a^4 + 1536*a^3 - 7020*a^2 - 6432*a + 9444 -12*a^6 - 48*a^5 + 276*a^4 + 864*a^3 - 1092*a^2 - 3504*a - 1092 12*a^6 + 24*a^5 - 396*a^4 - 144*a^3 + 3156*a^2 - 648*a - 8148 48*a^5 + 240*a^4 - 1152*a^3 - 2688*a^2 + 5328*a + 7440 -48*a^5 - 192*a^4 + 864*a^3 + 1536*a^2 + 720*a + 4800 48*a^5 + 240*a^4 - 1056*a^3 - 4128*a^2 + 1776*a + 9264 -192*a^3 - 384*a^2 + 576*a + 3072 240*a^4 + 672*a^3 - 3264*a^2 - 4896*a + 7248 96*a^3 - 672*a^2 + 1056*a + 5664 -288*a^3 - 1056*a^2 + 2976*a + 7584 -48*a^5 - 96*a^4 + 960*a^3 - 96*a^2 - 2064*a + 5952 -48*a^5 - 336*a^4 + 480*a^3 + 4512*a^2 - 432*a - 11856 -12*a^6 + 24*a^5 + 492*a^4 - 1104*a^3 - 3924*a^2 + 4536*a + 7668 -96*a^4 - 192*a^3 + 2496*a^2 - 192*a - 11232 over Number field with defining polynomial x^7+7*x^6-19*x^5-165*x^4+83*x^3+1061*x^2+127*x-1607
a vector of length 177 over Number field with defining polynomial a number field of degree 107
For conductor 7, eigenvectors are:
1 -a-1 -a-2 0 0 -1 a+1 1 a+2 -1 0 1 1 a+1 0 0 -a-1 0 0 1 0 0 a+1 0 0 0 -1 -a-2 -1 -1 -1 0 0 -a-1 over Number field with defining polynomial x^2+4*x+2
a vector of length 34 over Number field with defining polynomial a number field of degree 32
For conductor 137, eigenvectors are:
-a^3 - 9*a^2 - 23*a - 23 2*a^2 + 12*a + 18 a^3 + 7*a^2 + 3*a - 11 a^3 + 7*a^2 + 7*a - 7 a^3 + 9*a^2 + 19*a + 3 -a^3 - 7*a^2 - 7*a - 1 -a^3 - 9*a^2 - 19*a - 3 0 -2*a^2 - 16*a - 22 a^3 + 7*a^2 + 7*a + 1 -8 -2*a^2 - 12*a - 10 0 a^3 + 5*a^2 - 5*a - 17 2*a^2 + 16*a + 22 a^3 + 7*a^2 + 7*a - 7 -2*a^2 - 12*a - 10 a^3 + 7*a^2 + 7*a + 1 2*a^2 + 12*a + 10 a^3 + 7*a^2 + 7*a - 7 0 a^3 + 7*a^2 + 7*a - 7 a^3 + 7*a^2 + 7*a - 7 0 0 -a^3 - 7*a^2 - 7*a + 7 4*a+12 2*a^2 + 12*a + 10 0 8 2*a^2 + 16*a + 22 4*a+12 4*a+12 2*a^2 + 16*a + 22 0 -a^3 - 5*a^2 + 5*a + 9 -8 over Number field with defining polynomial x^4+10*x^3+24*x^2-10*x-41
a vector of length 37 over Number field with defining polynomial a number field of degree 33
For conductor 959, eigenvectors are:
a vector of length 134 over Number field with defining polynomial a number field of degree 94
a vector of length 134 over Number field with defining polynomial a number field of degree 40
For conductor 1:
traces of hecke eigenvalues of T_{p^1} are:
5 10 46 124 210 360 270 600 760 1004 1160 1904 2020 2580 2700 4350 3294 4800 4344 4700 6760 5670 8740 9800 
computing eigenvalues for k = 1, took 14.392711 sec
traces of hecke eigenvalues of T_{p^2} are:
0 0 120 
computing eigenvalues for k = 2, took 0.072448 sec
traces of hecke eigenvalues of T_{p^1} are:
15 40 156 1464 2380 5220 7240 12720 25260 30784 52060 70644 81400 106080 151740 208920 230764 305320 363024 394420 499360 578760 712980 922180 
computing eigenvalues for k = 1, took 14.581766 sec
traces of hecke eigenvalues of T_{p^2} are:
30 120 780 
computing eigenvalues for k = 2, took 0.072557 sec
traces of hecke eigenvalues of T_{p^1} are:
-4 -10 12 16 -8 96 -14 48 -24 -160 304 722 -670 16 728 -434 -60 694 -740 1096 -388 690 -514 -982 
computing eigenvalues for k = 1, took 14.374332 sec
traces of hecke eigenvalues of T_{p^2} are:
0 8 12 
computing eigenvalues for k = 2, took 0.074092 sec
traces of hecke eigenvalues of T_{p^1} are:
266 514 1282 5776 7892 13336 16512 24376 38000 42630 61100 74434 83142 98516 124928 153134 162884 200708 224522 234700 276778 307502 346770 410252 
computing eigenvalues for k = 1, took 14.826749 sec
traces of hecke eigenvalues of T_{p^2} are:
138 296 828 
computing eigenvalues for k = 2, took 0.119729 sec
traces of hecke eigenvalues of T_{p^1} are:
84 162 430 1908 2466 4444 5414 7900 13046 14006 20930 26470 27894 32356 43472 53146 56350 66716 76186 79770 91944 102328 119836 138750 
computing eigenvalues for k = 1, took 14.626207 sec
traces of hecke eigenvalues of T_{p^2} are:
27 48 240 
computing eigenvalues for k = 2, took 0.075123 sec
traces of hecke eigenvalues of T_{p^1} are:
-7 -5 102 -89 352 276 -580 267 -1031 487 -1796 1233 1197 2973 -1558 5316 -3355 3316 -4240 -4987 4265 -7371 4398 2155 
computing eigenvalues for k = 1, took 14.455023 sec
traces of hecke eigenvalues of T_{p^2} are:
21 50 136 
computing eigenvalues for k = 2, took 0.075093 sec
traces of hecke eigenvalues of T_{p^1} are:
40 6 -12 1096 -1121 -128 -184 3680 3065 64 -988 1743 3017 5217 5459 6831 -912 -2911 27843 -10391 7772 10482 4046 -19222 
computing eigenvalues for k = 1, took 20.147144 sec
traces of hecke eigenvalues of T_{p^2} are:
-56 -176 -468 
computing eigenvalues for k = 2, took 0.798088 sec
For conductor 7:
traces of hecke eigenvalues of T_{p^1} are:
-4 -10 12 16 -8 96 -14 48 -24 -160 304 722 -670 16 728 -434 -60 694 -740 1096 -388 690 -514 -982 
computing eigenvalues for k = 1, took 401.069315 sec
traces of hecke eigenvalues of T_{p^2} are:
0 8 12 
computing eigenvalues for k = 2, took 0.156001 sec
traces of hecke eigenvalues of T_{p^1} are:
-78 -156 -275 -591 -41 -503 -598 -662 -103 -1327 1357 -3561 5 -3274 -1042 -5249 -1820 3526 -8324 -849 -2374 -1443 -8620 8107 
computing eigenvalues for k = 1, took 402.867810 sec
traces of hecke eigenvalues of T_{p^2} are:
23 112 180 
computing eigenvalues for k = 2, took 0.159160 sec
For conductor 137:
traces of hecke eigenvalues of T_{p^1} are:
-10 -23 54 -21 8 148 -630 169 -121 -479 -1132 441 -47 779 -754 3358 -1525 574 -2504 -4779 1997 -5457 4166 497 
computing eigenvalues for k = 1, took 397.492964 sec
traces of hecke eigenvalues of T_{p^2} are:
15 42 64 
computing eigenvalues for k = 2, took 0.148515 sec
traces of hecke eigenvalues of T_{p^1} are:
-97 -138 -275 -821 -33 -261 -46 -1318 -2277 -577 793 -2039 1495 -2722 -1684 -5801 -214 -1470 -7628 2863 -8094 -1245 -2774 -45 
computing eigenvalues for k = 1, took 395.225126 sec
traces of hecke eigenvalues of T_{p^2} are:
45 54 14 
computing eigenvalues for k = 2, took 0.153829 sec
For conductor 959:
traces of hecke eigenvalues of T_{p^1} are:
14 54 178 678 -159 668 254 1748 2063 1112 -2754 5487 -1651 8997 1589 13369 -254 1825 9111 -1905 5984 19932 11458 -5848 
computing eigenvalues for k = 1, took 146.206075 sec
traces of hecke eigenvalues of T_{p^2} are:
-47 -86 -190 
computing eigenvalues for k = 2, took 0.658309 sec
traces of hecke eigenvalues of T_{p^1} are:
230 464 1178 5160 7192 11976 14796 21750 34190 38738 54440 67756 74074 90916 113494 141042 148580 178648 202508 212120 247452 277652 317612 374218 
computing eigenvalues for k = 1, took 143.594386 sec
traces of hecke eigenvalues of T_{p^2} are:
90 256 828 
computing eigenvalues for k = 2, took 0.318058 sec
