constructing eigenvector for poly
x-7
constructing eigenvector for poly
x-15
constructing eigenvector for poly
x^4-21*x^3+148*x^2-404*x+360
computing eigenvectors took 0.015264 sec
For conductor 1, eigenvectors are:
-2 1 -1 -1 0 1 over Number field with defining polynomial x-7
1 1 1 1 1 1 over Number field with defining polynomial x-15
-6*a^3 + 114*a^2 - 648*a + 1032 -6*a^3 + 114*a^2 - 666*a + 1176 -6*a^2 + 66*a - 156 3*a^2 - 42*a + 132 3*a^3 - 57*a^2 + 336*a - 588 -12 over Number field with defining polynomial x^4-21*x^3+148*x^2-404*x+360
For conductor 71, eigenvectors are:
For conductor 1:
traces of hecke eigenvalues of T_{p^1} are:
7 13 14 55 156 189 378 227 339 1102 1141 1202 1290 1963 2529 2588 3666 3648 3796 4945 6432 6848 8847 8082 
computing eigenvalues for k = 1, took 8.033410 sec
traces of hecke eigenvalues of T_{p^2} are:
6 12 -72 40 
computing eigenvalues for k = 2, took 0.169354 sec
traces of hecke eigenvalues of T_{p^1} are:
15 40 156 400 1464 2380 5220 7240 12720 25260 30784 52060 70644 81400 106080 151740 208920 230764 305320 394420 499360 578760 712980 922180 
computing eigenvalues for k = 1, took 8.178906 sec
traces of hecke eigenvalues of T_{p^2} are:
30 120 780 2800 
computing eigenvalues for k = 2, took 0.183283 sec
traces of hecke eigenvalues of T_{p^1} are:
21 42 111 189 464 627 1074 1508 2529 3397 3647 5527 7002 7410 8581 12026 13602 13622 18652 20114 25891 29135 31686 37646 
computing eigenvalues for k = 1, took 8.140453 sec
traces of hecke eigenvalues of T_{p^2} are:
3 8 42 -88 
computing eigenvalues for k = 2, took 0.169633 sec
For conductor 71:
