constructing eigenvector for poly
x-15
constructing eigenvector for poly
x-6
constructing eigenvector for poly
x^3-4*x-2
constructing eigenvector for poly
x^4-18*x^2+8*x+48
constructing eigenvector for poly
x^5+2*x^4-40*x^3-80*x^2+336*x+544
constructing eigenvector for poly
x^10-60*x^9+1563*x^8-23189*x^7+215995*x^6-1312462*x^5+5230993*x^4-13371453*x^3+20680072*x^2-17076604*x+5481400
constructing eigenvector for poly
x^22-124*x^21+7200*x^20-260160*x^19+6557369*x^18-122489838*x^17+1758593579*x^16-19862094172*x^15+179157803417*x^14-1302934340564*x^13+7680320580034*x^12-36761325371580*x^11+142685778066475*x^10-447120148701458*x^9+1122400567247483*x^8-2230941667727288*x^7+3453582878358666*x^6-4069080977783232*x^5+3532911460693840*x^4-2157042879151328*x^3+861666003588512*x^2-198538221671424*x+19704225451392
constructing eigenvector for poly
x^22-22*x^21+145*x^20+221*x^19-6957*x^18+25593*x^17+38236*x^16-469125*x^15+830086*x^14+1521035*x^13-6764373*x^12+4223041*x^11+11526650*x^10-16939618*x^9-1025528*x^8+11705086*x^7-2740684*x^6-2779240*x^5+720692*x^4+171321*x^3-39756*x^2-932*x+24
constructing eigenvector for poly
x^54+30*x^53+51*x^52-6730*x^51-52404*x^50+613460*x^49+7756209*x^48-26362234*x^47-601890434*x^46+196578238*x^45+29836815970*x^44+39360723444*x^43-1025196798720*x^42-2454340578990*x^41+25487581266525*x^40+81683095747342*x^39-469785090851514*x^38-1831388425439380*x^37+6505093505050913*x^36+29710158299667346*x^35-68010261169444431*x^34-360007005597401472*x^33+535566720380739489*x^32+3310541961442838458*x^31-3141506077299085854*x^30-23279379163419338946*x^29+13391036949040324132*x^28+125488792343442139512*x^27-39295509149450481946*x^26-517994901144851026782*x^25+68041597423789829575*x^24+1631043385341982209490*x^23-17046390765440903367*x^22-3893311302660167818694*x^21-243125226917948664554*x^20+6983533820433658749020*x^19+675382126173203806373*x^18-9299319824902011015336*x^17-930215326499195595278*x^16+9035752152104143131792*x^15+719596316377697611912*x^14-6247502634176567383904*x^13-271065611394169222552*x^12+2960029503273796982336*x^11+2747791353538513808*x^10-906720598652254580096*x^9+31651948058928990016*x^8+164115199802860940032*x^7-7633580856476531072*x^6-15411744416316953088*x^5+220783884401843200*x^4+621181467591690240*x^3+35687527862532096*x^2-3590448068198400*x-211475277127680
constructing eigenvector for poly
x^2-10*x+25
constructing eigenvector for poly
x^2-64*x+1024
constructing eigenvector for poly
x^2-104*x+2704
constructing eigenvector for poly
x^2-152*x+5776
constructing eigenvector for poly
x^2-332*x+27556
constructing eigenvector for poly
x^2-552*x+76176
constructing eigenvector for poly
x^2-660*x+108900
constructing eigenvector for poly
x^12-72*x^11+2322*x^10-44232*x^9+552527*x^8-4750472*x^7+28704660*x^6-122265960*x^5+362709751*x^4-728132336*x^3+937096234*x^2-694306608*x+224370441
constructing eigenvector for poly
x^12-306*x^11+42029*x^10-3431744*x^9+185827442*x^8-7040858620*x^7+191666785538*x^6-3781667599512*x^5+53730934370685*x^4-536654032966498*x^3+3579520879479505*x^2-14326864921447320*x+26039041465933584
constructing eigenvector for poly
x^12-508*x^11+116488*x^10-15943432*x^9+1450785420*x^8-92487228392*x^7+4236980173200*x^6-140602895290128*x^5+3356072715631792*x^4-56222875937449312*x^3+627843101657615440*x^2-4198627948972118592*x+12723177331716641344
constructing eigenvector for poly
x^12-1604*x^11+1174684*x^10-519363952*x^9+154394408752*x^8-32510317355936*x^7+4971837939514176*x^6-556397137695500928*x^5+45220063617122949376*x^4-2602864056990345070080*x^3+100715489826500714502400*x^2-2352128091365664824832000*x+25072243892525220341760000
constructing eigenvector for poly
x^12-1956*x^11+1737868*x^10-927399568*x^9+331063668304*x^8-83292239453856*x^7+15145014910046400*x^6-2005550768050591616*x^5+191988193563129463296*x^4-12958938737207876273152*x^3+585542016255379355578624*x^2-15904907989234528146184192*x+196442824541076728811851776
constructing eigenvector for poly
x^12-3546*x^11+5723293*x^10-5558919968*x^9+3618164876002*x^8-1662248831615452*x^7+552610188335415130*x^6-133920074263962468048*x^5+23474629852200318561117*x^4-2901906599737781338733898*x^3+240078775571979767109306585*x^2-11931744933843566948025892560*x+269325709844863013656481761344
constructing eigenvector for poly
x^12-4134*x^11+7797153*x^10-8871898156*x^9+6782457593810*x^8-3670043548122024*x^7+1441287803356969810*x^6-413904636583223671552*x^5+86265704404086225704053*x^4-12725520194526320098017402*x^3+1261193924699551427778926181*x^2-75400649528905629027034526412*x+2056499344253116991836228292676
constructing eigenvector for poly
x-2
constructing eigenvector for poly
x^2-4*x+4
constructing eigenvector for poly
x^2-82*x+1681
constructing eigenvector for poly
x^2-128*x+4096
constructing eigenvector for poly
x^2-200*x+10000
constructing eigenvector for poly
x^2-356*x+31684
constructing eigenvector for poly
x^2-690*x+119025
constructing eigenvector for poly
x^2-642*x+103041
constructing eigenvector for poly
x^3+12*x^2+48*x+64
constructing eigenvector for poly
x^3-48*x^2+768*x-4096
constructing eigenvector for poly
x^3+51*x^2+867*x+4913
constructing eigenvector for poly
x^3+6*x^2+12*x+8
constructing eigenvector for poly
x^3+138*x^2+6348*x+97336
constructing eigenvector for poly
x^3-198*x^2+13068*x-287496
constructing eigenvector for poly
x^3-126*x^2+5292*x-74088
constructing eigenvector for poly
x+4
constructing eigenvector for poly
x^3-4*x-2
constructing eigenvector for poly
x^4+15*x^3+72*x^2+122*x+38
constructing eigenvector for poly
x^8+20*x^7+157*x^6+618*x^5+1289*x^4+1373*x^3+615*x^2-52
constructing eigenvector for poly
x^7+26*x^6+271*x^5+1466*x^4+4431*x^3+7403*x^2+6153*x+1810
constructing eigenvector for poly
x+6
constructing eigenvector for poly
x+2
constructing eigenvector for poly
x+5
constructing eigenvector for poly
x^2+3*x-2
constructing eigenvector for poly
x^2+4*x+2
constructing eigenvector for poly
x^6+8*x^5+5*x^4-44*x^3-48*x^2+50*x+60
constructing eigenvector for poly
x-7
constructing eigenvector for poly
x-10
constructing eigenvector for poly
x+6
constructing eigenvector for poly
x^8-20*x^7+157*x^6-618*x^5+1289*x^4-1373*x^3+615*x^2-52
constructing eigenvector for poly
x^10-60*x^9+1563*x^8-23179*x^7+215575*x^6-1305530*x^5+5174233*x^4-13134387*x^3+20231764*x^2-16882004*x+5700520
constructing eigenvector for poly
x^14-18*x^13+97*x^12+32*x^11-1819*x^10+3798*x^9+8538*x^8-33726*x^7+2290*x^6+95414*x^5-87073*x^4-59676*x^3+125454*x^2-64528*x+10952
constructing eigenvector for poly
x^2+3*x-2
constructing eigenvector for poly
x^6+8*x^5+5*x^4-44*x^3-48*x^2+50*x+60
constructing eigenvector for poly
x^6-36*x^5+513*x^4-3696*x^3+14215*x^2-27680*x+21267
constructing eigenvector for poly
x^12-62*x^11+1693*x^10-26815*x^9+273089*x^8-1873746*x^7+8826427*x^6-28561679*x^5+62544270*x^4-89711098*x^3+79435304*x^2-38715880*x+7796400
constructing eigenvector for poly
x^10-52*x^9+1165*x^8-14723*x^7+115427*x^6-581754*x^5+1890663*x^4-3871763*x^3+4737632*x^2-3118844*x+840520
constructing eigenvector for poly
x^21+12*x^20-75*x^19-1119*x^18+2352*x^17+42318*x^16-42547*x^15-821620*x^14+472509*x^13+8660139*x^12-2518353*x^11-49182916*x^10+574842*x^9+138589401*x^8+33140943*x^7-151003637*x^6-38832716*x^5+53246214*x^4+4001300*x^3-4698216*x^2+10240*x+14688
constructing eigenvector for poly
x^35+21*x^34+5*x^33-2741*x^32-14271*x^31+129597*x^30+1153215*x^29-2299021*x^28-43103362*x^27-19121752*x^26+920599792*x^25+1636942336*x^24-11988741204*x^23-33641488648*x^22+94965431631*x^21+378918272081*x^20-412370474651*x^19-2628476617387*x^18+436824309111*x^17+11469962462841*x^16+4835295710929*x^15-30674489994895*x^14-26796887719494*x^13+45984922520480*x^12+62811280227854*x^11-28151818470344*x^10-73359504710452*x^9-10443115463352*x^8+37636180560656*x^7+19619584288928*x^6-3806886204480*x^5-5240662684544*x^4-1121510457856*x^3+45820382208*x^2+22902926336*x-1112037376
computing eigenvectors took 462.906422 sec
For conductor 1, eigenvectors are:
-1 -1 -1 -1 -1 -1 -1 -1 -1 -1 -1 -1 -1 -1 -1 -1 -1 -1 -1 -1 -1 -1 -1 -1 -1 -1 -1 -1 -1 -1 -1 -1 -1 -1 -1 -1 -1 -1 -1 -1 -1 -1 -1 -1 -1 -1 -1 -1 -1 -1 -1 -1 -1 -1 -1 -1 -1 -1 -1 -1 -1 -1 -1 -1 -1 -1 -1 -1 -1 -1 -1 -1 -1 -1 -1 -1 -1 -1 -1 -1 -1 -1 -1 -1 -1 -1 -1 -1 -1 -1 -1 -1 -1 -1 -1 -1 -1 -1 -1 -1 -1 -1 -1 -1 -1 -1 -1 -1 -1 -1 -1 -1 -1 -1 -1 -1 -1 -1 -1 -1 -1 -1 -1 -1 -1 -1 -1 -1 -1 -1 -1 -1 -1 -1 -1 -1 -1 -1 -1 -1 -1 -1 over Number field with defining polynomial x-15
88 52 88 -20 25 -56 16 16 16 88 7 34 25 -29 34 -20 -83 34 7 34 -20 -2 -47 -2 7 7 -47 25 34 25 25 -38 -2 -38 -2 -2 -2 -2 16 16 -11 -38 -11 34 16 -2 16 -2 -11 -2 -20 16 -2 -2 -2 -2 -38 -2 34 -2 -2 16 16 -2 7 16 -2 -29 -2 16 16 16 25 25 25 -20 7 7 -2 -2 -29 7 -2 16 16 7 -2 -11 34 -38 34 16 7 -29 -2 -11 -2 -2 -2 -11 16 -47 -20 -20 7 -20 -20 7 -2 7 -2 -20 25 25 -29 16 -11 -11 16 -20 -29 -2 -20 -20 7 -29 -20 -2 7 7 16 7 -2 -2 16 -2 16 -2 -20 7 -2 -2 over Number field with defining polynomial x-6
0 -144 0 144*a+144 72*a 48*a^2 + 96*a -48*a 48 -48*a-48 0 -36*a-36 0 0 36 -72*a 36*a^2 - 72*a - 144 -36*a-36 0 0 36 36*a^2 - 36 -36*a^2 - 36*a -36*a-36 -36*a-36 36*a^2 + 36*a - 36 -36*a 36*a^2 - 72 -36*a^2 + 72 24 24*a -24 -24*a^2 + 48 24*a+24 -24*a^2 + 48 24*a 24*a 24*a+24 24*a+24 24*a^2 - 24 -24*a -24*a-48 -24*a^2 + 48 -24*a -24*a-24 24*a^2 - 48 24*a-24 24*a^2 + 24*a -24*a^2 - 24*a + 24 0 0 -48*a-48 -24*a 48*a+24 -24*a^2 - 24*a + 48 -24*a^2 - 24*a -24*a^2 - 24*a 0 -24*a-12 -12*a^2 + 24*a + 12 12*a -12*a^2 + 24 12*a^2 + 36*a 12*a+12 12*a^2 + 12*a - 12 -12*a-24 -24*a^2 + 24 12*a^2 12*a+12 36*a+48 -12*a^2 - 36*a - 24 -12 -12*a^2 - 24*a 12*a+24 12*a^2 + 12 12*a -12*a^2 - 12*a - 12 12*a^2 - 12 -24*a^2 - 12*a + 24 12*a+24 12*a^2 - 12 -12*a^2 - 12*a + 24 -12*a^2 + 24*a + 24 -12*a-12 -24 -12*a 12 12*a 12*a+24 12*a^2 - 24 -12*a-12 12*a^2 + 12*a + 12 12*a^2 + 24*a + 24 -12*a^2 - 12 12*a^2 - 12*a - 36 -12*a -24*a^2 + 24*a + 72 -12*a^2 - 24*a - 24 -12 12*a^2 + 12*a - 12 36 -12*a^2 - 12*a - 24 -12*a^2 + 12*a + 24 -12*a^2 + 12*a + 36 24*a^2 + 24*a + 12 0 -12*a^2 - 24*a + 12 -12 -12*a 12*a-12 12*a^2 + 24*a + 12 -12*a^2 - 12*a + 12 12*a^2 + 12*a - 36 24*a+24 0 -12 -24*a^2 + 24*a + 60 -24*a-36 -12*a^2 - 24*a - 36 12*a^2 + 12*a + 12 24*a+12 12*a+12 12*a^2 - 12 24*a^2 + 24*a 12*a^2 - 24 12*a^2 - 24 12*a^2 - 12 6*a^2 + 12*a - 6 -6*a^2 + 6 6*a 12*a^2 - 36*a - 48 -6*a^2 + 6 6*a 6*a+12 12*a+18 12*a^2 - 36*a - 48 -6 -6*a-12 6 -12*a 12*a+18 0 -6*a^2 - 12*a + 6 over Number field with defining polynomial x^3-4*x-2
-48*a^2 - 480*a + 1152 72*a^3 + 48*a^2 - 960*a + 1152 0 48*a^3 + 96*a^2 - 192*a - 576 -24*a^3 - 120*a^2 + 192*a + 576 -48*a^3 - 80*a^2 + 352*a + 192 16*a^3 + 80*a^2 - 128*a - 384 -24*a^3 - 16*a^2 + 320*a - 384 -16*a^3 - 16*a^2 + 224*a - 192 16*a^2 + 160*a - 384 -42*a^3 + 48*a^2 + 600*a - 1152 12*a^2 + 120*a - 288 12*a^2 + 120*a - 288 -18*a^3 - 12*a^2 + 240*a - 288 12*a^3 - 24*a^2 - 120*a + 288 72*a^2 + 48*a - 432 -12*a^3 - 24*a^2 + 48*a + 144 0 0 -18*a^3 - 12*a^2 + 240*a - 288 6*a^3 + 96*a^2 + 72*a - 720 24*a^3 - 12*a^2 - 288*a + 432 -12*a^3 - 24*a^2 + 48*a + 144 -12*a^3 - 24*a^2 + 48*a + 144 36*a^3 + 120*a^2 - 336*a - 288 12*a^3 + 60*a^2 - 96*a - 288 -30*a^3 - 132*a^2 + 264*a + 288 18*a^3 - 96*a -8*a^3 + 32*a^2 + 64*a - 192 48*a^2 - 64*a - 192 8*a^3 - 40*a^2 - 144*a + 384 -12*a^3 - 16*a^2 + 176*a - 96 -8*a^3 + 96*a^2 + 160*a - 768 36*a^3 + 8*a^2 - 384*a + 288 -8*a^3 - 40*a^2 + 64*a + 192 -8*a^3 - 40*a^2 + 64*a + 192 28*a^3 - 32*a^2 - 400*a + 768 -12*a^3 + 64*a^2 + 336*a - 960 -32*a^3 - 112*a^2 + 192*a + 576 24*a^3 - 48*a^2 - 336*a + 672 4*a^3 + 16*a^2 + 112*a - 288 16*a^3 + 40*a^2 - 160*a 4*a^3 + 32*a - 192 8*a^3 - 104*a^2 - 240*a + 960 -12*a^3 + 64*a 36*a^3 + 96*a^2 - 224*a - 480 -16*a^3 + 8*a^2 + 192*a - 288 -24*a^3 - 80*a^2 + 224*a + 192 0 0 8*a^3 - 16*a - 96 -56*a^2 - 16*a + 384 -20*a^3 + 8*a^2 + 240*a - 384 20*a^3 + 24*a^2 - 288*a + 192 20*a^3 + 40*a^2 - 208*a + 96 -28*a^3 + 8*a^2 + 256*a - 288 4*a^3 + 56*a^2 + 56*a - 480 26*a^3 + 56*a^2 - 216*a - 48 -6*a^3 - 24*a^2 + 16*a + 144 -4*a^3 - 16*a^2 + 72*a 2*a^3 - 56*a^2 - 88*a + 480 -12*a^3 + 12*a^2 + 136*a - 240 4*a^3 + 4*a^2 - 56*a + 48 8*a^3 - 16*a^2 - 168*a + 384 12*a^3 - 16*a^2 - 128*a + 288 2*a^3 + 16*a^2 - 96 6*a^3 + 4*a^2 - 80*a + 96 4*a^3 + 4*a^2 - 56*a + 48 -8*a^3 - 20*a^2 + 80*a -8*a^3 + 24*a^2 + 72*a - 192 20*a^3 + 36*a^2 - 208*a + 48 8*a^2 - 8*a -2*a^3 + 24*a - 48 -2*a^3 - 36*a^2 - 104*a + 480 -2*a^3 + 8*a^2 + 64*a - 96 -36*a^2 - 88*a + 384 14*a^3 + 40*a^2 - 96*a - 192 6*a^3 + 32*a^2 - 72*a - 96 -2*a^3 - 8*a^2 - 56*a + 144 12*a^3 + 16*a^2 - 80*a -16*a^3 - 24*a^2 + 144*a 6*a^3 + 52*a^2 - 48*a - 192 -18*a^3 - 40*a^2 + 144*a + 96 -12*a^3 + 4*a^2 + 192*a - 288 4*a^3 + 16*a^2 - 72*a 68*a^2 + 48*a - 480 -2*a^3 - 16*a + 96 20*a^2 - 24*a - 48 -8*a^3 - 20*a^2 + 80*a 8*a^3 - 104*a + 96 -18*a^3 - 56*a^2 + 120*a + 240 2*a^3 + 12*a^2 - 144 -24*a^3 - 12*a^2 + 272*a - 288 16*a^3 + 40*a^2 - 120*a - 144 4*a^3 + 20*a^2 - 32*a - 96 10*a^3 + 20*a^2 - 104*a + 48 -26*a^3 - 24*a^2 + 272*a - 144 6*a^3 + 4*a^2 - 80*a + 96 10*a^3 + 24*a^2 - 24*a - 192 -6*a^3 - 12*a^2 + 48*a + 48 8*a^3 + 4*a^2 - 64*a 2*a^3 - 24*a^2 - 40*a + 192 14*a^3 + 52*a^2 - 104*a - 144 -12*a^2 - 24*a + 192 -16*a^3 - 60*a^2 + 96*a + 240 -16*a^3 + 28*a^2 + 256*a - 528 6*a^3 - 120*a + 192 4*a^3 + 24*a^2 + 8*a - 192 -40*a^2 - 40*a + 288 -4*a^3 + 12*a^2 + 80*a - 192 -12*a^3 - 40*a^2 + 112*a + 96 20*a^3 + 8*a^2 - 176*a + 96 16*a^3 - 28*a^2 - 168*a + 336 4*a^3 + 56*a^2 + 56*a - 480 6*a^3 + 4*a^2 - 80*a + 96 -2*a^3 - 56*a^2 - 40*a + 384 -4*a^3 - 40*a^2 - 72*a + 480 -18*a^3 + 8*a^2 + 216*a - 336 12*a^3 + 36*a^2 - 104*a - 48 -8*a^3 + 28*a^2 + 112*a - 288 -10*a^3 - 32*a^2 + 32*a + 192 8*a^2 + 32*a - 144 8*a^3 + 20*a^2 - 80*a -8*a^3 - 12*a^2 + 160*a - 192 26*a^3 - 32*a^2 - 376*a + 720 -2*a^3 - 24*a^2 - 32*a + 240 2*a^3 - 16*a^2 - 52*a + 144 -8*a^3 - 36*a^2 + 12*a + 240 -2*a^3 - 8*a^2 + 36*a -4*a^2 + 4*a -4*a^3 + 20*a^2 + 68*a - 240 -2*a^3 - 8*a^2 + 36*a -8*a^3 - 16*a^2 + 76*a -4*a^2 + 48*a - 96 -4*a^2 + 4*a 6*a^3 + 44*a^2 - 336 8*a^3 + 16*a^2 - 76*a -2*a^3 + 8*a^2 + 16*a - 48 -28*a^2 - 8*a + 192 -8*a^2 + 8*a -4*a^2 - 40*a + 96 -2*a^3 + 16*a^2 + 52*a - 144 over Number field with defining polynomial x^4-18*x^2+8*x+48
0 288*a^3 + 576*a^2 - 8064*a - 16128 0 -144*a^4 - 288*a^3 + 4032*a^2 + 10368*a - 4608 72*a^4 + 288*a^3 - 1728*a^2 - 8640*a - 9216 384*a^2 - 7680 -48*a^4 - 384*a^3 + 1152*a^2 + 10752*a + 8448 3072 96*a^3 - 192*a^2 - 1920*a + 768 0 36*a^4 + 144*a^3 - 864*a^2 - 4608*a - 2880 2304 36*a^4 - 864*a^2 - 1152*a - 1728 -72*a^4 + 2304*a^2 + 576*a - 9216 36*a^4 - 144*a^3 - 1152*a^2 + 3456*a + 7488 144*a^3 - 4032*a - 2304 36*a^4 + 72*a^3 - 1008*a^2 - 2592*a + 1152 576*a-1152 -72*a^3 - 144*a^2 + 1440*a + 2880 72*a^4 + 216*a^3 - 1872*a^2 - 6624*a - 5184 36*a^4 - 72*a^3 - 1008*a^2 + 864*a + 4608 36*a^4 + 288*a^3 - 864*a^2 - 8064*a - 8640 -108*a^4 - 144*a^3 + 3168*a^2 + 5760*a - 9792 -144*a^3 + 3456*a + 5760 -216*a^3 - 144*a^2 + 5472*a + 9792 -36*a^4 + 864*a^2 + 576*a + 2880 -144*a^3 - 288*a^2 + 4032*a + 10368 144*a^3 + 288*a^2 - 4032*a - 10368 -144*a^3 - 96*a^2 + 3648*a + 6528 -36*a^4 - 48*a^3 + 960*a^2 + 2112*a - 192 36*a^4 + 144*a^3 - 768*a^2 - 4800*a - 5952 -48*a^3 - 96*a^2 + 1344*a + 2688 96*a^3 + 192*a^2 - 2688*a - 7680 -48*a^3 - 96*a^2 + 1344*a + 2688 -48*a^4 - 192*a^3 + 1152*a^2 + 5760*a + 6144 -48*a^4 - 192*a^3 + 1152*a^2 + 5760*a + 6144 24*a^4 + 144*a^3 - 672*a^2 - 4032*a - 1536 24*a^4 + 144*a^3 - 672*a^2 - 4032*a - 1536 -24*a^4 - 96*a^3 + 576*a^2 + 2688*a + 1152 48*a^3 - 96*a^2 - 960*a + 1920 -36*a^4 - 144*a^3 + 768*a^2 + 4608*a + 5568 24*a^4 + 288*a^3 - 288*a^2 - 8064*a - 12288 12*a^4 - 240*a^3 - 480*a^2 + 6144*a + 8256 -96*a^3 - 192*a^2 + 2688*a + 5376 144*a^3 - 96*a^2 - 3648*a - 2688 -24*a^4 + 48*a^3 + 480*a^2 - 576*a + 2304 -24*a^4 - 192*a^3 + 576*a^2 + 5376*a + 5760 24*a^4 + 96*a^3 - 768*a^2 - 2304*a + 1920 -48*a^3 + 1536*a + 1152 -48*a^3 + 960*a -24*a^4 + 144*a^3 + 1248*a^2 - 4032*a - 16128 48*a^3 - 96*a^2 - 960*a + 1920 -24*a^4 + 48*a^3 + 672*a^2 - 960*a - 2304 -144*a^3 - 96*a^2 + 4032*a + 5760 24*a^4 + 96*a^3 - 576*a^2 - 2688*a - 2688 24*a^4 + 96*a^3 - 576*a^2 - 2688*a - 2688 -24*a^4 - 120*a^3 + 624*a^2 + 3552*a + 1728 -48*a^4 - 144*a^3 + 1152*a^2 + 4416*a + 3840 24*a^4 - 72*a^3 - 720*a^2 + 1440*a + 4032 -12*a^4 - 192*a^3 + 96*a^2 + 5184*a + 9408 -12*a^4 - 168*a^3 + 144*a^2 + 4320*a + 7680 48*a^3 + 96*a^2 - 1152*a - 3840 -96*a^3 - 96*a^2 + 2496*a + 3840 12*a^4 + 144*a^3 - 96*a^2 - 3840*a - 7872 36*a^4 - 960*a^2 - 768*a + 192 12*a^4 - 288*a^2 - 384*a + 192 36*a^4 + 72*a^3 - 1008*a^2 - 2208*a - 384 36*a^4 + 192*a^3 - 960*a^2 - 5568*a - 2496 -12*a^4 + 144*a^3 + 480*a^2 - 3648*a - 7104 -144*a^3 + 3648*a + 3840 -24*a^4 + 768*a^2 + 192*a - 3072 -48*a^4 + 1152*a^2 + 960*a + 1152 12*a^4 + 96*a^3 - 192*a^2 - 2880*a - 5184 144*a^3 + 96*a^2 - 3840*a - 4608 -12*a^4 - 144*a^3 + 288*a^2 + 3840*a + 3264 24*a^4 - 672*a^2 - 384*a 48*a^3 - 1536*a - 1920 -12*a^4 - 144*a^3 + 384*a^2 + 3840*a + 576 -48*a^4 + 1248*a^2 + 768*a - 384 48*a^3 - 1152*a + 384 36*a^4 + 168*a^3 - 912*a^2 - 4896*a - 3072 -12*a^4 - 144*a^3 + 192*a^2 + 4224*a + 5184 -24*a^4 - 168*a^3 + 720*a^2 + 4512*a + 1344 48*a^3 + 96*a^2 - 1344*a - 2688 -12*a^4 - 24*a^3 + 240*a^2 + 864*a + 1536 -24*a^4 - 48*a^3 + 576*a^2 + 1536*a + 2304 -96*a^3 + 2304*a + 2304 96*a^2 - 192*a - 2304 48*a^4 + 144*a^3 - 1248*a^2 - 4416*a - 2688 48*a^4 + 48*a^3 - 1344*a^2 - 2112*a + 2304 -12*a^4 + 48*a^3 + 480*a^2 - 960*a - 4032 24*a^4 + 96*a^3 - 480*a^2 - 3072*a - 4608 -12*a^4 - 96*a^3 + 96*a^2 + 2880*a + 6336 -48*a^3 + 1536*a + 1920 60*a^4 + 288*a^3 - 1440*a^2 - 8448*a - 8256 -24*a^4 - 48*a^3 + 576*a^2 + 1728*a + 1920 -12*a^4 - 24*a^3 + 336*a^2 + 672*a 72*a^3 + 144*a^2 - 2016*a - 4800 -12*a^4 - 24*a^3 + 336*a^2 + 864*a - 1152 -12*a^4 - 96*a^3 + 192*a^2 + 2880*a + 3648 -12*a^4 + 144*a^3 + 384*a^2 - 3648*a - 4416 -24*a^4 - 48*a^3 + 768*a^2 + 1536*a - 2304 12*a^4 + 24*a^3 - 336*a^2 - 864*a + 1152 12*a^4 + 48*a^3 - 288*a^2 - 1344*a - 2880 -48*a^4 - 96*a^3 + 1248*a^2 + 3264*a + 768 36*a^4 + 96*a^3 - 864*a^2 - 3264*a - 3648 12*a^4 + 72*a^3 - 240*a^2 - 2400*a - 3456 -24*a^4 - 96*a^3 + 576*a^2 + 3264*a + 2304 -48*a^4 - 48*a^3 + 1344*a^2 + 2112*a - 1536 24*a^4 + 72*a^3 - 720*a^2 - 2208*a + 192 -36*a^4 - 48*a^3 + 960*a^2 + 1728*a - 960 48*a^3 + 96*a^2 - 960*a - 3456 12*a^4 - 120*a^3 - 432*a^2 + 3168*a + 5376 12*a^4 + 96*a^3 - 384*a^2 - 2496*a - 576 -144*a^3 - 288*a^2 + 4032*a + 9600 12*a^4 + 24*a^3 - 336*a^2 - 1056*a + 768 -24*a^3 - 48*a^2 + 672*a + 2880 24*a^4 + 48*a^3 - 672*a^2 - 1344*a - 768 12*a^4 - 480*a^2 + 192*a + 3648 60*a^4 + 144*a^3 - 1632*a^2 - 4608*a - 960 -96*a^2 + 384*a + 1920 24*a^4 - 48*a^3 - 576*a^2 + 576*a + 384 -24*a^4 - 96*a^3 + 576*a^2 + 2688*a + 2688 96*a^3 - 96*a^2 - 2304*a + 1152 12*a^4 + 96*a^3 - 192*a^2 - 2880*a - 4416 12*a^4 - 48*a^3 - 480*a^2 + 1152*a + 5952 -120*a^3 - 144*a^2 + 2976*a + 5184 12*a^4 + 72*a^3 - 240*a^2 - 2016*a - 2304 -12*a^4 - 96*a^3 + 192*a^2 + 2688*a + 4032 -12*a^4 + 24*a^3 + 432*a^2 - 480*a - 3072 -24*a^3 - 48*a^2 + 672*a + 1728 12*a^4 + 72*a^3 - 144*a^2 - 2208*a - 4992 -12*a^4 - 24*a^3 + 240*a^2 + 864*a + 2304 -24*a^3 + 48*a^2 + 480*a + 192 -12*a^4 - 48*a^3 + 288*a^2 + 1536*a + 960 -384 24*a^4 + 72*a^3 - 528*a^2 - 2208*a - 2880 -96*a^2 + 192*a + 1920 96*a^3 + 192*a^2 - 2688*a - 6912 48*a^3 + 96*a^2 - 1344*a - 2304 -48*a^3 - 192*a^2 + 1344*a + 4608 -12*a^4 + 24*a^3 + 432*a^2 - 480*a - 2688 over Number field with defining polynomial x^5+2*x^4-40*x^3-80*x^2+336*x+544
a vector of length 142 over Number field with defining polynomial a number field of degree 10
a vector of length 142 over Number field with defining polynomial a number field of degree 22
a vector of length 142 over Number field with defining polynomial a number field of degree 22
a vector of length 142 over Number field with defining polynomial a number field of degree 54
-12 0 24 12 -12 -12 8 -20 12 -20 -9 12 12 -9 6 3 -9 -15 -15 -9 -9 0 6 6 0 6 9 9 14 10 8 6 16 -2 -4 -4 6 6 12 -12 0 0 -2 6 -6 -6 0 0 0 0 -6 12 8 -6 -4 4 0 -4 1 1 3 -2 6 0 3 -4 -1 6 -1 -2 4 -1 -8 -5 -7 -2 4 0 -2 -6 5 -5 -3 3 0 8 -1 -3 -2 4 10 -11 1 0 2 -4 -5 -4 0 -5 2 6 0 -2 -6 -8 1 7 -2 3 -4 -3 2 0 -4 2 -2 3 -1 2 3 2 6 -8 -2 4 -2 0 3 0 -4 1 6 -1 0 4 2 -2 3 1 -7 0 over Number field with defining polynomial x-330
-16744*a^4 + 22646444*a^3 - 11325757612*a^2 + 2480432722356*a - 200751814189188 92*a^5 - 160172*a^4 + 110639752*a^3 - 37907070316*a^2 + 6443060114856*a - 434734633765332 92*a^5 - 172316*a^4 + 128740936*a^3 - 47733925012*a^2 + 8752303964448*a - 633588585518772 -5152*a^4 + 6914996*a^3 - 3383311684*a^2 + 712479542292*a - 54300660328404 276*a^5 - 477618*a^4 + 327173942*a^3 - 110848987922*a^2 + 18568501140558*a - 1229957171079156 -46*a^5 + 79948*a^4 - 55037988*a^3 + 18764374280*a^2 - 3169292384610*a + 212232741031260 138*a^5 - 240580*a^4 + 166018968*a^3 - 56653737908*a^2 + 9555050083634*a - 636921336269100 92*a^5 - 161276*a^4 + 112325376*a^3 - 38838039292*a^2 + 6664598674480*a - 453993033984972 -1472*a^4 + 1841196*a^3 - 851711988*a^2 + 172536479196*a - 12902532091956 -17572*a^4 + 23809508*a^3 - 11931767868*a^2 + 2619228587584*a - 212547736404168 -46*a^5 + 78246*a^4 - 52695852*a^3 + 17568193960*a^2 - 2900533509294*a + 189794793509010 -2392*a^4 + 3109646*a^3 - 1484611912*a^2 + 307522244970*a - 23252064151068 -2392*a^4 + 3109646*a^3 - 1484611912*a^2 + 307522244970*a - 23252064151068 92*a^5 - 164036*a^4 + 116429266*a^3 - 41062010722*a^2 + 7186524996972*a - 498891921868422 1518*a^4 - 2113562*a^3 + 1113884756*a^2 - 263189325312*a + 23467870725948 3726*a^4 - 5105678*a^3 + 2611874756*a^2 - 591187482570*a + 49960705544010 -966*a^4 + 1333816*a^3 - 624968650*a^2 + 113908404360*a - 6171436722618 92*a^5 - 161000*a^4 + 111903970*a^3 - 38605297048*a^2 + 6609214034574*a - 449178433930062 92*a^5 - 161000*a^4 + 111903970*a^3 - 38605297048*a^2 + 6609214034574*a - 449178433930062 92*a^5 - 164036*a^4 + 116429266*a^3 - 41062010722*a^2 + 7186524996972*a - 498891921868422 2484*a^4 - 3432290*a^3 + 1762219796*a^2 - 398348141568*a + 33458664452706 3588*a^4 - 4878530*a^3 + 2497466546*a^2 - 570537955518*a + 49013650467324 -5290*a^4 + 7042508*a^3 - 3470223394*a^2 + 749510539986*a - 59864852616264 -5290*a^4 + 7042508*a^3 - 3470223394*a^2 + 749510539986*a - 59864852616264 -46*a^5 + 81834*a^4 - 57648120*a^3 + 20083236232*a^2 - 3457095610722*a + 235088454598488 276*a^5 - 477342*a^4 + 326605658*a^3 - 110469586730*a^2 + 18464757245292*a - 1219870397021112 2346*a^4 - 3339140*a^3 + 1772036564*a^2 - 415377798072*a + 36273854615238 -46*a^5 + 79212*a^4 - 54224892*a^3 + 18436083826*a^2 - 3111576653166*a + 208463072565042 -5336*a^4 + 7426240*a^3 - 3832085476*a^2 + 868809021164*a - 73058492872596 46*a^5 - 82248*a^4 + 57944544*a^3 - 20127001000*a^2 + 3450118673974*a - 233694715442136 46*a^5 - 81972*a^4 + 57542688*a^3 - 19907906128*a^2 + 3397158886670*a - 228913237929324 -46*a^5 + 85422*a^4 - 62216932*a^3 + 22235911296*a^2 - 3901576442188*a + 269019027209976 46*a^5 - 84732*a^4 + 61562812*a^3 - 22063174488*a^2 + 3901675776106*a - 272491798982172 5014*a^4 - 6780538*a^3 + 3402558406*a^2 - 750565054474*a + 61414901169360 138*a^5 - 240764*a^4 + 166397824*a^3 - 56906672036*a^2 + 9624212680478*a - 643645852307796 138*a^5 - 240764*a^4 + 166397824*a^3 - 56906672036*a^2 + 9624212680478*a - 643645852307796 -46*a^5 + 80316*a^4 - 55673662*a^3 + 19129545878*a^2 - 3254436156186*a + 219106226970648 3266*a^4 - 4666562*a^3 + 2449894266*a^2 - 560238294422*a + 47140208459688 46*a^5 - 73646*a^4 + 46328992*a^3 - 14327218880*a^2 + 2181947348552*a - 131219745626892 -46*a^5 + 75348*a^4 - 48453870*a^3 + 15272680984*a^2 - 2356070227816*a + 142004702691636 -46*a^5 + 75210*a^4 - 48812854*a^3 + 15727858758*a^2 - 2517816076416*a + 160358675161464 -46*a^5 + 75946*a^4 - 49894314*a^3 + 16299907490*a^2 - 2647158401328*a + 170927401090464 46*a^5 - 81374*a^4 + 56537634*a^3 - 19310558546*a^2 + 3246038629360*a - 215036679036732 -2576*a^4 + 3406116*a^3 - 1676817116*a^2 + 364292131728*a - 29479931819748 -46*a^5 + 79672*a^4 - 54654302*a^3 + 18550952634*a^2 - 3113740726938*a + 206660707599960 46*a^5 - 76222*a^4 + 50009360*a^3 - 16256847856*a^2 + 2622151346348*a - 168140035725240 2162*a^4 - 2914514*a^3 + 1500594290*a^2 - 349620715226*a + 30959899714164 -46*a^5 + 77924*a^4 - 52372150*a^3 + 17452851030*a^2 - 2883394755234*a + 188910452910996 276*a^5 - 477434*a^4 + 326795086*a^3 - 110596053794*a^2 + 18499338543714*a - 1223232655040460 276*a^5 - 477434*a^4 + 326795086*a^3 - 110596053794*a^2 + 18499338543714*a - 1223232655040460 46*a^5 - 79396*a^4 + 53948892*a^3 - 18045145512*a^2 + 2972040898638*a - 192853754402616 -5060*a^4 + 7024384*a^3 - 3612990604*a^2 + 815849233860*a - 68277015359784 -46*a^5 + 75716*a^4 - 49058034*a^3 + 15631601228*a^2 - 2448266462528*a + 150694376982276 46*a^5 - 78660*a^4 + 52867432*a^3 - 17473096780*a^2 + 2842698573726*a - 182285028473616 -46*a^5 + 77924*a^4 - 52483056*a^3 + 17565320524*a^2 - 2921156132050*a + 193110325724580 -46*a^5 + 78660*a^4 - 53431254*a^3 + 18013087100*a^2 - 3012635650836*a + 199905576556860 -46*a^5 + 79764*a^4 - 54856288*a^3 + 18695838006*a^2 - 3156401924394*a + 211115440224180 -1794*a^4 + 2474340*a^3 - 1271896412*a^2 + 288725469670*a - 24417639195756 1932*a^4 - 2690586*a^3 + 1415810448*a^2 - 333318708296*a + 29548209478206 46*a^5 - 85928*a^4 + 63111356*a^3 - 22796271290*a^2 + 4051396949074*a - 283571593755270 -46*a^5 + 79120*a^4 - 54022906*a^3 + 18291198454*a^2 - 3068915455710*a + 204008339940822 1564*a^4 - 2208506*a^3 + 1170728198*a^2 - 275922103646*a + 24363214140000 -6210*a^4 + 8310958*a^3 - 4103123318*a^2 + 884496305760*a - 70214384675376 -46*a^5 + 79994*a^4 - 55163982*a^3 + 18840249256*a^2 - 3184088441562*a + 212883467285304 -3956*a^4 + 5473724*a^3 - 2818293592*a^2 + 639790376102*a - 54033222856494 6486*a^4 - 8580978*a^3 + 4179051516*a^2 - 886228217858*a + 68975198366484 2392*a^4 - 3255420*a^3 + 1654171040*a^2 - 371846742180*a + 31188881038230 -6210*a^4 + 8310958*a^3 - 4103123318*a^2 + 884496305760*a - 70214384675376 828*a^4 - 1211134*a^3 + 671398198*a^2 - 166589384560*a + 15532269200646 3128*a^4 - 4304772*a^3 + 2194154092*a^2 - 490684315456*a + 40632009820260 1150*a^4 - 1702368*a^3 + 933222930*a^2 - 224571927550*a + 20021253465300 -46*a^5 + 86250*a^4 - 63328384*a^3 + 22769349836*a^2 - 4009060911128*a + 276585362550318 -1242*a^4 + 1435476*a^3 - 608189552*a^2 + 111743734198*a - 7480570975728 3542*a^4 - 4830460*a^3 + 2454382394*a^2 - 550484266972*a + 45971083042494 -46*a^5 + 77050*a^4 - 51239768*a^3 + 16911019100*a^2 - 2770183618690*a + 180217106123370 2208*a^4 - 3048880*a^3 + 1579672476*a^2 - 363778448716*a + 31374952366020 -46*a^5 + 79902*a^4 - 54650070*a^3 + 18396372762*a^2 - 3047300603754*a + 198674942573304 2576*a^4 - 3215676*a^3 + 1465849662*a^2 - 287407906666*a + 20289033186180 -828*a^4 + 800906*a^3 - 251497226*a^2 + 24399474376*a + 399788281416 -414*a^4 + 425178*a^3 - 166967488*a^2 + 31617319748*a - 2562113585136 -46*a^5 + 82064*a^4 - 57561226*a^3 + 19837053110*a^2 - 3357280812632*a + 223117719857202 1978*a^4 - 2721636*a^3 + 1412538192*a^2 - 327642156128*a + 28609812757362 -46*a^5 + 78798*a^4 - 53513226*a^3 + 18001901832*a^2 - 2998567741086*a + 197785580255478 184*a^4 - 339480*a^3 + 194765058*a^2 - 43330926820*a + 3169949609886 -46*a^5 + 81788*a^4 - 57127262*a^3 + 19585892558*a^2 - 3293816273692*a + 217210645197420 -8878*a^4 + 12059268*a^3 - 6071195690*a^2 + 1342039186688*a - 109934039338860 -46*a^5 + 77464*a^4 - 51874338*a^3 + 17267711426*a^2 - 2857527878512*a + 188097465380514 -46*a^5 + 76590*a^4 - 50479986*a^3 + 16460611618*a^2 - 2655502810114*a + 169567913574546 -1196*a^4 + 1341636*a^3 - 537521592*a^2 + 89070636832*a - 4884574683084 -7498*a^4 + 10049206*a^3 - 4993561510*a^2 + 1089780741970*a - 88144758812436 1426*a^4 - 1742848*a^3 + 770888930*a^2 - 144569909382*a + 9524923438644 -46*a^5 + 79074*a^4 - 53804498*a^3 + 18103467210*a^2 - 3010341401526*a + 197820649108314 -46*a^5 + 75946*a^4 - 49551384*a^3 + 15955026170*a^2 - 2532586690308*a + 158347358977122 -46*a^5 + 81696*a^4 - 57231912*a^3 + 19756759052*a^2 - 3358553658760*a + 224810189343384 138*a^5 - 240672*a^4 + 166208396*a^3 - 56780204972*a^2 + 9589631382056*a - 640283594288448 1242*a^4 - 1724264*a^3 + 913208192*a^2 - 218309437042*a + 19778867818008 1656*a^4 - 2277598*a^3 + 1168488412*a^2 - 264938875696*a + 22391058640974 92*a^5 - 163760*a^4 + 116007860*a^3 - 40829268478*a^2 + 7131140357066*a - 494077321813512 -46*a^5 + 83812*a^4 - 60015372*a^3 + 21109574616*a^2 - 3646120914946*a + 247361107753608 -1564*a^4 + 1994330*a^3 - 949049598*a^2 + 199944649122*a - 15739024768146 1058*a^4 - 1473840*a^3 + 779461122*a^2 - 185140923924*a + 16592750361756 2760*a^4 - 3839712*a^3 + 1995428250*a^2 - 459017951520*a + 39427978627728 2806*a^4 - 3870762*a^3 + 1992155994*a^2 - 453341399352*a + 38489581906884 1012*a^4 - 1456774*a^3 + 782267168*a^2 - 185532306046*a + 16376432962488 -46*a^5 + 78384*a^4 - 52991724*a^3 + 17747812966*a^2 - 2941461089248*a + 192810665234868 -46*a^4 - 76452*a^3 + 91762134*a^2 - 28204137504*a + 2656004295168 46*a^5 - 76268*a^4 + 50020860*a^3 - 16239928228*a^2 + 2614049941578*a - 167168516462298 -8740*a^4 + 11858340*a^3 - 5961648254*a^2 + 1315559293036*a - 107543300582454 46*a^5 - 84686*a^4 + 61302222*a^3 - 21828184546*a^2 + 3825618398008*a - 264173051985252 2392*a^4 - 3357632*a^3 + 1750346000*a^2 - 401621346870*a + 34242983289522 4002*a^4 - 5477956*a^3 + 2775270574*a^2 - 616362052944*a + 50632734311712 -46*a^5 + 76682*a^4 - 50325104*a^3 + 16234223216*a^2 - 2570495674546*a + 159526451019966 2024*a^4 - 2875552*a^3 + 1514339412*a^2 - 350249665038*a + 30021977956752 -46*a^5 + 79764*a^4 - 54856288*a^3 + 18695838006*a^2 - 3156401924394*a + 211115440224180 92*a^5 - 163760*a^4 + 116007860*a^3 - 40829268478*a^2 + 7131140357066*a - 494077321813512 1196*a^4 - 1693214*a^3 + 916480448*a^2 - 223985989210*a + 20717264538852 1012*a^4 - 1456774*a^3 + 782267168*a^2 - 185532306046*a + 16376432962488 2714*a^4 - 3790538*a^3 + 1975244278*a^2 - 454929504824*a + 39050054086926 828*a^4 - 1268082*a^3 + 700350506*a^2 - 166247046626*a + 14390504207310 46*a^5 - 86066*a^4 + 63312284*a^3 - 22905818726*a^2 + 4077876842726*a - 285962332511676 46*a^5 - 74842*a^4 + 48273826*a^3 - 15462899862*a^2 + 2466786732518*a - 157279434822030 -46*a^5 + 83122*a^4 - 58978946*a^3 + 20533787418*a^2 - 3505816867820*a + 234699270983652 2070*a^4 - 2969714*a^3 + 1589023034*a^2 - 375522935174*a + 33035428408440 -1610*a^4 + 1976206*a^3 - 894213918*a^2 + 176414896654*a - 12764933940228 -46*a^5 + 76636*a^4 - 50440932*a^3 + 16384154420*a^2 - 2624531482074*a + 165737021743944 5612*a^4 - 7510006*a^3 + 3703185656*a^2 - 796350007878*a + 62992566131760 -46*a^5 + 78154*a^4 - 52505044*a^3 + 17424677088*a^2 - 2854910565084*a + 184644867023640 -46*a^5 + 75716*a^4 - 49211582*a^3 + 15778549240*a^2 - 2494395421504*a + 155453734769028 3910*a^4 - 5214238*a^3 + 2560403470*a^2 - 547767756154*a + 43049832975546 2116*a^4 - 2922564*a^3 + 1522085628*a^2 - 354122049780*a + 31000551513768 -46*a^5 + 76820*a^4 - 50653360*a^3 + 16476782228*a^2 - 2642909970956*a + 167156241237408 6716*a^4 - 8971334*a^3 + 4415066016*a^2 - 947289409932*a + 74728195142238 2668*a^4 - 3405104*a^3 + 1592316726*a^2 - 321989205088*a + 23651291205528 2530*a^4 - 3475898*a^3 + 1777365848*a^2 - 400751488434*a + 33612742336734 2116*a^4 - 2922564*a^3 + 1522085628*a^2 - 354122049780*a + 31000551513768 2622*a^4 - 3645776*a^3 + 1890185540*a^2 - 432907934254*a + 36941877813984 4048*a^4 - 5415166*a^3 + 2669950906*a^2 - 574247649806*a + 45440571731952 2668*a^4 - 3676826*a^3 + 1886913284*a^2 - 427231382086*a + 36003481093140 -7636*a^4 + 10416562*a^3 - 5263415266*a^2 + 1167044743584*a - 95840794114074 3634*a^4 - 5019888*a^3 + 2580849458*a^2 - 585065565394*a + 49333341061842 -46*a^4 - 176180*a^3 + 202863128*a^2 - 68927261074*a + 7551070969902 -1380*a^4 + 1852006*a^3 - 929606732*a^2 + 206860936112*a - 17212300384440 over Number field with defining polynomial x^6-2067*x^5+1762332*x^4-793208834*x^3+198759097915*x^2-26289407829819*x+1434049979691474
0 336 0 -336 84 448 0 -224 224 0 -252 -168 84 420 168 -168 84 0 84 0 -168 168 -420 0 -84 -84 84 -84 -56 -84 -28 -56 0 -56 -56 -56 -56 -56 0 0 84 560 28 168 112 56 -112 56 140 -112 224 0 -168 -56 -168 -168 112 0 0 56 0 112 280 -56 -84 -168 0 -140 0 112 0 56 -196 84 -84 -56 -84 84 -112 -168 84 28 0 56 0 196 -168 28 -56 -112 0 0 140 -196 56 -84 112 -280 168 28 112 -84 112 -112 -84 56 56 -28 56 28 -112 56 28 28 140 -112 -140 -28 112 -56 -28 56 168 -56 28 -28 0 56 28 28 -56 -28 -56 56 -56 -112 56 0 -56 28 112 0 over Number field with defining polynomial x-2
336 1512 -5208 -2352 336 -336 -224 392 -1008 -112 -756 -1344 -1344 -1008 1344 -336 -2016 672 672 -1008 -504 1512 -672 -672 -252 -168 1008 -756 1120 1568 -224 252 560 140 112 112 -756 -1092 -420 -672 0 -1008 -448 336 -756 -420 1596 -1092 0 0 336 -672 1456 -672 -224 -448 -588 616 -280 -280 -924 -952 -1008 -756 672 700 1372 -1008 -392 -196 -700 -476 56 308 280 -196 -700 84 -1288 672 700 -784 -924 -336 84 952 -1064 1512 -784 560 476 392 896 -252 -56 -224 308 -728 -84 392 868 840 336 308 -504 -280 308 56 224 168 532 672 28 -588 -728 280 308 252 280 616 -84 -644 252 560 392 -700 -112 504 420 168 616 -364 -84 700 168 308 -476 -196 168 140 -224 0 over Number field with defining polynomial x-321
0 -24 0 -12 12 4 -8 8 20 0 -24 12 12 6 18 15 3 0 0 6 -27 3 15 15 6 -6 -6 6 4 4 -12 -6 8 -6 4 4 8 8 0 14 -2 4 -4 -16 -12 18 -2 -12 0 0 -6 -12 -8 0 2 2 -4 -1 -1 -2 -2 -11 7 -2 -6 0 -8 7 -10 2 7 -10 1 -2 2 8 0 -6 1 0 0 -8 -12 -4 -6 2 2 1 -2 -8 1 9 -4 -1 -2 -7 9 -2 6 5 2 4 -3 4 9 5 -6 -6 -4 -6 -2 -2 3 -4 -2 0 4 3 1 6 4 9 -2 -2 3 -9 4 2 3 1 2 3 5 0 1 -1 -5 5 -6 0 0 0 over Number field with defining polynomial x-42
For conductor 3, eigenvectors are:
1 -1 1 -1 1 1 1 0 1 0 1 0 0 0 0 1 over Number field with defining polynomial x+4
-a a -a^2 -2*a^2 - 2*a -a -a^2 -a^2 3*a+2 2*a^2 + 2*a -3*a-2 -a^2 3*a+2 0 -3*a-2 0 -a over Number field with defining polynomial x^3-4*x-2
-8*a^3 - 70*a^2 - 162*a - 48 -16*a^3 - 170*a^2 - 438*a - 128 -14*a^3 - 170*a^2 - 472*a - 160 -4*a^3 - 32*a^2 - 76*a - 48 -8*a^3 - 102*a^2 - 306*a - 160 10*a^3 + 102*a^2 + 272*a + 128 2*a^3 + 38*a^2 + 120*a + 32 8*a^3 + 74*a^2 + 178*a + 60 -4*a^3 - 32*a^2 - 76*a - 48 -8*a^3 - 74*a^2 - 178*a - 60 2*a^3 + 30*a^2 + 80*a -16*a^3 - 158*a^2 - 382*a - 84 -8*a^3 - 72*a^2 - 192*a - 128 -10*a^2 - 26*a + 36 32*a^2 + 144*a + 112 2*a^2 + 30*a + 80 over Number field with defining polynomial x^4+15*x^3+72*x^2+122*x+38
a^6 + 14*a^5 + 69*a^4 + 140*a^3 + 98*a^2 - 1*a - 14 -a^7 - 18*a^6 - 123*a^5 - 401*a^4 - 636*a^3 - 428*a^2 - 41*a + 42 a^7 + 19*a^6 + 136*a^5 + 462*a^4 + 763*a^3 + 543*a^2 + 63*a - 58 a^7 + 19*a^6 + 139*a^5 + 492*a^4 + 863*a^3 + 668*a^2 + 111*a - 62 -a^7 - 18*a^6 - 122*a^5 - 387*a^4 - 577*a^3 - 346*a^2 - 11*a + 38 a^5 + 11*a^4 + 40*a^3 + 56*a^2 + 29*a - 2 -a^7 - 18*a^6 - 125*a^5 - 421*a^4 - 704*a^3 - 517*a^2 - 73*a + 54 -3*a^5 - 33*a^4 - 118*a^3 - 145*a^2 - 28*a + 28 a^7 + 19*a^6 + 139*a^5 + 492*a^4 + 863*a^3 + 668*a^2 + 111*a - 62 -a^6 - 17*a^5 - 104*a^4 - 277*a^3 - 296*a^2 - 66*a + 36 -a^6 - 12*a^5 - 52*a^4 - 99*a^3 - 82*a^2 - 19*a + 6 -a^6 - 13*a^5 - 61*a^4 - 127*a^3 - 115*a^2 - 22*a + 16 -a^6 - 16*a^5 - 92*a^4 - 227*a^3 - 213*a^2 - 32*a + 28 a^5 + 10*a^4 + 32*a^3 + 36*a^2 + 16*a + 8 a^6 + 14*a^5 + 75*a^4 + 186*a^3 + 197*a^2 + 52*a - 20 -a^6 - 15*a^5 - 83*a^4 - 199*a^3 - 180*a^2 - 29*a + 18 over Number field with defining polynomial x^8+20*x^7+157*x^6+618*x^5+1289*x^4+1373*x^3+615*x^2-52
For conductor 89, eigenvectors are:
30*a^6 + 558*a^5 + 3972*a^4 + 13470*a^3 + 21390*a^2 + 11190*a - 3234 18*a^6 + 502*a^5 + 5098*a^4 + 24760*a^3 + 61892*a^2 + 76256*a + 36176 8*a^6 + 228*a^5 + 2442*a^4 + 12854*a^3 + 35280*a^2 + 48072*a + 25442 -30*a^6 - 682*a^5 - 6142*a^4 - 28162*a^3 - 69902*a^2 - 89726*a - 46814 -30*a^6 - 607*a^5 - 4930*a^4 - 20605*a^3 - 46808*a^2 - 54830*a - 25853 21*a^6 + 356*a^5 + 2381*a^4 + 8225*a^3 + 15862*a^2 + 16702*a + 7765 23*a^6 + 507*a^5 + 4452*a^4 + 19982*a^3 + 48477*a^2 + 60393*a + 30209 15*a^6 + 279*a^5 + 1905*a^4 + 5514*a^3 + 4155*a^2 - 9342*a - 14001 9*a^6 + 232*a^5 + 2350*a^4 + 12043*a^3 + 33305*a^2 + 47564*a + 27587 -28*a^6 - 588*a^5 - 4947*a^4 - 21235*a^3 - 48990*a^2 - 57516*a - 26743 -17*a^6 - 342*a^5 - 2799*a^4 - 11945*a^3 - 27918*a^2 - 33699*a - 16313 30*a^6 + 682*a^5 + 6061*a^4 + 26941*a^3 + 63362*a^2 + 74789*a + 34430 -15*a^6 - 279*a^5 - 1905*a^4 - 5514*a^3 - 4155*a^2 + 9342*a + 14001 -43*a^5 - 787*a^4 - 5710*a^3 - 20495*a^2 - 36278*a - 25280 -4*a^6 - 33*a^5 + 138*a^4 + 2162*a^3 + 7875*a^2 + 11496*a + 5663 19*a^5 + 379*a^4 + 2857*a^3 + 10301*a^2 + 17927*a + 12128 -81*a^5 - 1440*a^4 - 9810*a^3 - 32055*a^2 - 50469*a - 30768 62*a^5 + 1085*a^4 + 7346*a^3 + 24256*a^2 + 39268*a + 25024 -75*a^5 - 1032*a^4 - 5037*a^3 - 10434*a^2 - 7533*a + 666 19*a^5 + 199*a^4 + 337*a^3 - 2359*a^2 - 9436*a - 9499 over Number field with defining polynomial x^7+26*x^6+271*x^5+1466*x^4+4431*x^3+7403*x^2+6153*x+1810
-2 0 -2 2 1 -1 1 1 1 -1 -1 0 -1 0 -3 -2 -2 0 0 -1 over Number field with defining polynomial x+6
0 2 0 2 1 1 0 0 -1 0 0 1 0 -1 0 1 0 -1 0 -1 over Number field with defining polynomial x+2
2 2 0 0 -1 0 -2 0 1 1 -1 -1 0 -1 0 -1 -1 -1 0 0 over Number field with defining polynomial x+5
a+2 0 a+2 4 a -a a a 2 -a -2 0 2*a+2 -a+2 a -2*a a+2 -a+2 a-2 -2 over Number field with defining polynomial x^2+3*x-2
0 -2 2*a+4 2 -1 -1 -a-2 0 1 -a-2 a+2 1 0 -1 -a-2 1 0 -1 0 1 over Number field with defining polynomial x^2+4*x+2
2*a^4 + 10*a^3 - 12*a^2 - 20*a + 12 -2*a^5 - 14*a^4 + 4*a^3 + 64*a^2 - 68 -2*a^4 - 10*a^3 + 16*a + 4 -2*a^5 - 12*a^4 + 10*a^3 + 48*a^2 - 12*a - 48 2*a^5 + 12*a^4 - 16*a^3 - 66*a^2 + 18*a + 74 -6*a^3 - 6*a^2 + 10*a + 10 -2*a^5 - 14*a^4 + 54*a^2 + 6*a - 52 2*a^4 + 18*a^3 + 40*a^2 - 28*a - 72 -2*a^4 - 16*a^3 - 6*a^2 + 26*a + 14 4*a^3 + 10*a^2 - 6*a - 16 -2*a^5 - 12*a^4 + 10*a^3 + 54*a^2 - 10*a - 56 2*a^5 + 14*a^4 - 64*a^2 - 6*a + 70 2*a^4 + 14*a^3 + 16*a^2 - 20*a - 28 -4*a^2 + 2*a + 10 -4*a^3 - 10*a^2 + 6*a + 16 4*a^3 + 20*a^2 - 6*a - 34 -2*a^4 - 10*a^3 + 16*a + 4 2*a^4 + 14*a^3 + 8*a^2 - 26*a - 22 4*a^3 + 4*a^2 - 8*a - 8 -2*a^3 - 2*a^2 + 2*a + 2 over Number field with defining polynomial x^6+8*x^5+5*x^4-44*x^3-48*x^2+50*x+60
For conductor 267, eigenvectors are:
0 -12 12 12 16 4 0 3 3 3 6 -3 -3 -6 -6 -6 6 3 -6 0 0 6 -6 3 -3 4 6 6 8 8 -6 -6 -4 2 -2 6 -2 0 0 6 2 -2 -6 0 0 1 0 -4 3 -3 -3 6 6 -1 3 3 3 0 0 -2 8 3 -1 6 -7 -1 -2 -4 0 3 -7 7 1 4 -2 4 -1 -8 7 2 14 0 3 0 5 6 6 3 3 0 2 -2 1 -4 -4 0 -6 -2 -6 0 0 0 -3 4 -7 3 0 0 8 1 7 0 4 -3 0 0 4 1 3 0 0 -6 0 0 3 -1 -4 over Number field with defining polynomial x-7
-36 -6 6 24 -4 20 -36 -3 6 6 3 12 12 -30 -3 -3 3 15 -3 -18 18 12 -3 -12 -15 8 -9 -9 -14 -14 -15 -15 -23 4 -4 15 11 3 15 -6 4 -22 -12 -18 -18 11 9 -17 18 3 -6 9 12 7 9 6 -3 -3 6 14 7 6 25 3 28 4 5 25 0 -6 -14 5 -7 -1 -4 -10 13 -7 14 -2 -11 0 -6 0 1 3 6 -3 6 12 13 5 8 19 -8 9 -12 14 -3 0 0 -9 3 -1 -5 -3 -9 9 -2 -7 -4 18 -19 18 -9 -9 -10 5 3 9 -12 12 -3 -9 -3 -20 -8 over Number field with defining polynomial x-10
0 0 0 0 0 0 0 6 6 -6 0 0 0 0 0 0 0 -6 0 -6 -6 0 0 0 0 0 0 0 0 0 0 0 0 4 -4 4 4 0 4 0 -4 0 0 0 0 0 0 2 -2 2 0 -2 0 0 0 0 2 2 -2 -2 0 2 0 -2 0 -2 0 0 2 0 0 0 0 0 0 2 0 2 0 0 0 -2 2 0 -2 -2 0 0 2 2 2 -2 -2 2 -2 2 0 0 0 2 0 0 0 0 0 0 -2 0 0 0 2 1 1 1 1 1 -1 -1 0 1 0 -1 0 0 0 0 -1 over Number field with defining polynomial x+6
-5358096*a^7 + 99795024*a^6 - 709332048*a^5 + 2419171056*a^4 - 4047359328*a^3 + 2925274320*a^2 - 340317648*a - 332837856 -4440096*a^7 + 78403824*a^6 - 523417536*a^5 + 1668695040*a^4 - 2607985296*a^3 + 1773595584*a^2 - 227944080*a - 155529504 0 -3724560*a^7 + 60057504*a^6 - 340387344*a^5 + 771280560*a^4 - 380728080*a^3 - 824570208*a^2 + 993138912*a - 285712128 -3193296*a^7 + 64767648*a^6 - 508379760*a^5 + 1962300192*a^4 - 3955275744*a^3 + 4147838688*a^2 - 2077041696*a + 371309952 -3816288*a^7 + 67440960*a^6 - 450398304*a^5 + 1437884496*a^4 - 2282060448*a^3 + 1701686304*a^2 - 436581936*a - 32479200 1786032*a^7 - 33265008*a^6 + 236444016*a^5 - 806390352*a^4 + 1349119776*a^3 - 975091440*a^2 + 113439216*a + 110945952 -2425104*a^7 + 46879128*a^6 - 347628672*a^5 + 1255515948*a^4 - 2351616228*a^3 + 2319348168*a^2 - 1130168016*a + 210899520 2074824*a^7 - 39907620*a^6 + 295399152*a^5 - 1068555492*a^4 + 1997986716*a^3 - 1921954104*a^2 + 892017864*a - 156560976 2074824*a^7 - 39907620*a^6 + 295399152*a^5 - 1068555492*a^4 + 1997986716*a^3 - 1921954104*a^2 + 892017864*a - 156560976 2394360*a^7 - 42358572*a^6 + 283034304*a^5 - 905305464*a^4 + 1467101700*a^3 - 1222332768*a^2 + 483914844*a - 67928328 -13572*a^7 + 854964*a^6 - 14461704*a^5 + 105796296*a^4 - 370852956*a^3 + 615841524*a^2 - 445894236*a + 109582200 -917568*a^7 + 18499392*a^6 - 142962516*a^5 + 535880268*a^4 - 1032375816*a^3 + 1018668564*a^2 - 450753552*a + 56380896 -931140*a^7 + 15014376*a^6 - 85096836*a^5 + 192820140*a^4 - 95182020*a^3 - 206142552*a^2 + 248284728*a - 71428032 -2220048*a^7 + 39201912*a^6 - 261708768*a^5 + 834347520*a^4 - 1303992648*a^3 + 886797792*a^2 - 113972040*a - 77764752 -2220048*a^7 + 39201912*a^6 - 261708768*a^5 + 834347520*a^4 - 1303992648*a^3 + 886797792*a^2 - 113972040*a - 77764752 2394360*a^7 - 42358572*a^6 + 283034304*a^5 - 905305464*a^4 + 1467101700*a^3 - 1222332768*a^2 + 483914844*a - 67928328 598932*a^7 - 11604276*a^6 + 81792360*a^5 - 247862268*a^4 + 266970420*a^3 + 91974276*a^2 - 324292320*a + 143050752 -89964*a^7 + 3680496*a^6 - 46756872*a^5 + 270064692*a^4 - 795033360*a^3 + 1214376264*a^2 - 916516080*a + 268813584 -3826656*a^7 + 73080360*a^6 - 544468464*a^5 + 2027553660*a^4 - 4011328944*a^3 + 4141871460*a^2 - 2009111652*a + 329527224 3826656*a^7 - 73080360*a^6 + 544468464*a^5 - 2027553660*a^4 + 4011328944*a^3 - 4141871460*a^2 + 2009111652*a - 329527224 -1709136*a^7 + 29425428*a^6 - 190621764*a^5 + 591396228*a^4 - 940387500*a^3 + 820176264*a^2 - 451623672*a + 140016240 2606904*a^7 - 52237440*a^6 + 408239784*a^5 - 1588220676*a^4 + 3274724376*a^3 - 3556571976*a^2 + 1872502164*a - 367345368 -508968*a^7 + 7923780*a^6 - 35035488*a^5 - 22202424*a^4 + 528062940*a^3 - 1306350540*a^2 + 1240808400*a - 411864336 -2672280*a^7 + 49997232*a^6 - 365330592*a^5 + 1341801792*a^4 - 2647750644*a^3 + 2776396968*a^2 - 1409097276*a + 258999624 -1266192*a^7 + 21111144*a^6 - 128001744*a^5 + 342440808*a^4 - 362806848*a^3 + 506376*a^2 + 253463760*a - 125623680 1153848*a^7 - 22370112*a^6 + 166992624*a^5 - 608886528*a^4 + 1143737016*a^3 - 1096796592*a^2 + 509616816*a - 92142336 -168912*a^7 + 2319216*a^6 - 8111088*a^5 - 15010056*a^4 + 145650312*a^3 - 298010376*a^2 + 228401664*a - 55925376 -91872*a^7 + 2652192*a^6 - 27460944*a^5 + 132771096*a^4 - 314419392*a^3 + 328102992*a^2 - 83441736*a - 33420816 262080*a^7 - 1547712*a^6 - 19499760*a^5 + 207100440*a^4 - 727699968*a^3 + 1192101840*a^2 - 946602072*a + 294557328 616824*a^7 - 10361568*a^6 + 60356184*a^5 - 133582872*a^4 + 33294384*a^3 + 206331144*a^2 - 183148248*a + 29059056 496080*a^7 - 10825632*a^6 + 92135856*a^5 - 385661976*a^4 + 830785248*a^3 - 880239648*a^2 + 385313280*a - 33770880 -701592*a^7 + 11225520*a^6 - 60019824*a^5 + 97005456*a^4 + 165940248*a^3 - 697024632*a^2 + 730819032*a - 246650352 -484632*a^7 + 9873528*a^6 - 80676888*a^5 + 334655184*a^4 - 715548216*a^3 + 686622168*a^2 - 176123136*a - 55019328 -1407888*a^7 + 27697056*a^6 - 211472064*a^5 + 797717616*a^4 - 1567888632*a^3 + 1556665848*a^2 - 672261120*a + 73987680 -148824*a^7 + 5379168*a^6 - 62694024*a^5 + 328621152*a^4 - 845597520*a^3 + 1047744696*a^2 - 565532736*a + 94637088 -2205648*a^7 + 41852088*a^6 - 308456832*a^5 + 1129767720*a^4 - 2182235448*a^3 + 2180960520*a^2 - 1010124720*a + 152217312 -59976*a^7 + 2453664*a^6 - 31171248*a^5 + 180043128*a^4 - 530022240*a^3 + 809584176*a^2 - 611010720*a + 179209056 649224*a^7 - 9644376*a^6 + 48370416*a^5 - 85089000*a^4 - 30506256*a^3 + 246972840*a^2 - 236876520*a + 66502800 2255208*a^7 - 44237856*a^6 + 340203816*a^5 - 1310365248*a^4 + 2660550504*a^3 - 2730961632*a^2 + 1227440400*a - 148287360 1407888*a^7 - 27697056*a^6 + 211472064*a^5 - 797717616*a^4 + 1567888632*a^3 - 1556665848*a^2 + 672261120*a - 73987680 -749064*a^7 + 13637280*a^6 - 96877392*a^5 + 348646704*a^4 - 681899520*a^3 + 706160280*a^2 - 335253504*a + 47133216 -49992*a^7 + 2937864*a^6 - 34350120*a^5 + 150310248*a^4 - 254148792*a^3 + 66988200*a^2 + 202211760*a - 131539200 1908984*a^7 - 32590608*a^6 + 206547408*a^5 - 602285016*a^4 + 792864192*a^3 - 343189464*a^2 - 111115392*a + 88608000 -607152*a^7 + 10776528*a^6 - 69962064*a^5 + 202306056*a^4 - 261289776*a^3 + 166942320*a^2 - 80623848*a + 32996496 -354324*a^7 + 5940408*a^6 - 36434700*a^5 + 95287008*a^4 - 53613360*a^3 - 225793920*a^2 + 403929684*a - 186680520 -156468*a^7 + 2044272*a^6 - 10475796*a^5 + 42041844*a^4 - 160189908*a^3 + 356934996*a^2 - 359624400*a + 129612288 831024*a^7 - 16800108*a^6 + 130651980*a^5 - 495537396*a^4 + 972036312*a^3 - 982021992*a^2 + 456712116*a - 67307448 -728856*a^7 + 15790476*a^6 - 131046396*a^5 + 530548392*a^4 - 1127840832*a^3 + 1293480984*a^2 - 764140416*a + 183474720 -165732*a^7 + 2815764*a^6 - 16643292*a^5 + 38385468*a^4 - 20841312*a^3 - 21852144*a^2 + 22174656*a - 3093168 -453384*a^7 + 11020572*a^6 - 105002640*a^5 + 500294448*a^4 - 1265090652*a^3 + 1671157836*a^2 - 1075846716*a + 265121064 -1847952*a^7 + 37671288*a^6 - 300347112*a^5 + 1194393732*a^4 - 2512053144*a^3 + 2746326408*a^2 - 1411954500*a + 251270136 74244*a^7 - 2298060*a^6 + 27084108*a^5 - 156484692*a^4 + 473310024*a^3 - 738410124*a^2 + 549558672*a - 153407280 -495240*a^7 + 12171240*a^6 - 116352132*a^5 + 549403260*a^4 - 1350264096*a^3 + 1678485792*a^2 - 969113820*a + 198365544 -490968*a^7 + 10102692*a^6 - 84471948*a^5 + 371648016*a^4 - 915232608*a^3 + 1233395412*a^2 - 842166696*a + 227781216 -311688*a^7 + 4434660*a^6 - 21532320*a^5 + 45017640*a^4 - 60008868*a^3 + 114998364*a^2 - 150121836*a + 65509704 -135600*a^7 + 3065712*a^6 - 26190312*a^5 + 104975856*a^4 - 199666308*a^3 + 156127824*a^2 - 23794428*a - 14640600 -286920*a^7 + 5548944*a^6 - 41473236*a^5 + 153797460*a^4 - 302809104*a^3 + 317120016*a^2 - 164450964*a + 32359704 163584*a^7 - 2806548*a^6 + 17903256*a^5 - 50717208*a^4 + 52202196*a^3 + 24425868*a^2 - 74786700*a + 34282248 389712*a^7 - 6073308*a^6 + 31701828*a^5 - 53273064*a^4 - 52737156*a^3 + 243491268*a^2 - 230796084*a + 67400424 -740508*a^7 + 13842408*a^6 - 106370280*a^5 + 443028228*a^4 - 1063126212*a^3 + 1403826996*a^2 - 931619184*a + 242126976 -593928*a^7 + 12504168*a^6 - 101034036*a^5 + 395504640*a^4 - 787845636*a^3 + 779690076*a^2 - 340851948*a + 43113720 -1135860*a^7 + 21386676*a^6 - 153486828*a^5 + 525290460*a^4 - 866920272*a^3 + 582790188*a^2 - 8117952*a - 97890000 1179612*a^7 - 21030876*a^6 + 143856936*a^5 - 484959708*a^4 + 865393164*a^3 - 829213104*a^2 + 406692012*a - 81707496 -1340220*a^7 + 22055256*a^6 - 134974860*a^5 + 388343340*a^4 - 540367212*a^3 + 315654492*a^2 - 3050592*a - 45171984 -311592*a^7 + 2807028*a^6 + 7278276*a^5 - 144507708*a^4 + 509768016*a^3 - 664977372*a^2 + 291053928*a - 3918720 1180656*a^7 - 21847140*a^6 + 157612248*a^5 - 574424532*a^4 + 1151583660*a^3 - 1300522356*a^2 + 774289224*a - 187958160 927504*a^7 - 15751044*a^6 + 98528928*a^5 - 282558360*a^4 + 385944828*a^3 - 278929704*a^2 + 143839656*a - 49780848 525768*a^7 - 8553624*a^6 + 49418412*a^5 - 117261792*a^4 + 73159068*a^3 + 109173276*a^2 - 162075840*a + 55359408 139824*a^7 - 2195292*a^6 + 7528020*a^5 + 29992092*a^4 - 212675832*a^3 + 355029432*a^2 - 192646596*a + 17532216 -764724*a^7 + 13838496*a^6 - 98042496*a^5 + 356377776*a^4 - 741118548*a^3 + 929594412*a^2 - 657748056*a + 196291680 -690192*a^7 + 10697964*a^6 - 54399468*a^5 + 74020812*a^4 + 201854436*a^3 - 712042188*a^2 + 747211596*a - 266981208 -382968*a^7 + 6137064*a^6 - 36168732*a^5 + 95908500*a^4 - 91635264*a^3 - 69307884*a^2 + 164115144*a - 68088384 -890172*a^7 + 15127140*a^6 - 95085288*a^5 + 271586808*a^4 - 326783340*a^3 + 40725420*a^2 + 211010220*a - 114670920 979056*a^7 - 17908128*a^6 + 123438384*a^5 - 403426368*a^4 + 658405404*a^3 - 553923936*a^2 + 238791672*a - 44199792 94968*a^7 - 1633872*a^6 + 9851892*a^5 - 19048296*a^4 - 39096696*a^3 + 214345956*a^2 - 278804892*a + 113572056 1672992*a^7 - 31024080*a^6 + 220146612*a^5 - 756375132*a^4 + 1315602888*a^3 - 1111056456*a^2 + 361516572*a - 1555320 -718368*a^7 + 12811980*a^6 - 85992480*a^5 + 271756464*a^4 - 413612964*a^3 + 279815784*a^2 - 50169744*a - 14960400 -1256508*a^7 + 23213352*a^6 - 164345652*a^5 + 568489788*a^4 - 1021233420*a^3 + 954124368*a^2 - 428838192*a + 69366336 103488*a^7 - 2430360*a^6 + 20726208*a^5 - 82896420*a^4 + 177539700*a^3 - 237690900*a^2 + 189358104*a - 63815856 -1039176*a^7 + 16308000*a^6 - 89119224*a^5 + 189535356*a^4 - 49455432*a^3 - 334680840*a^2 + 405876420*a - 138688056 224436*a^7 - 2672148*a^6 + 6584808*a^5 + 26099532*a^4 - 147348552*a^3 + 243448956*a^2 - 163695612*a + 37625640 1711584*a^7 - 32170956*a^6 + 231536868*a^5 - 805692972*a^4 + 1410562944*a^3 - 1180685784*a^2 + 375210732*a - 711672 -798120*a^7 + 14119524*a^6 - 94344768*a^5 + 301768488*a^4 - 489033900*a^3 + 407444256*a^2 - 161304948*a + 22642776 -83724*a^7 + 2681388*a^6 - 31068276*a^5 + 168273780*a^4 - 447065964*a^3 + 554198664*a^2 - 296246388*a + 49655736 177492*a^7 - 5589864*a^6 + 57585612*a^5 - 265224600*a^4 + 612536676*a^3 - 756404400*a^2 + 484227240*a - 126736896 1282572*a^7 - 23432352*a^6 + 160419024*a^5 - 508816332*a^4 + 738006192*a^3 - 375507768*a^2 - 94622736*a + 102960000 -522204*a^7 + 9142044*a^6 - 59360352*a^5 + 175233672*a^4 - 221517660*a^3 + 52835832*a^2 + 106123884*a - 61577256 -152904*a^7 + 2632692*a^6 - 20417736*a^5 + 100013724*a^4 - 308548500*a^3 + 518944104*a^2 - 415576356*a + 123394440 512460*a^7 - 9719580*a^6 + 72730596*a^5 - 279286044*a^4 + 597687156*a^3 - 720911544*a^2 + 461997492*a - 122187000 -132780*a^7 + 861288*a^6 + 5483328*a^5 - 51205104*a^4 + 106711428*a^3 - 17011416*a^2 - 125127024*a + 79046448 -856308*a^7 + 16601232*a^6 - 124210800*a^5 + 452436024*a^4 - 823489452*a^3 + 664957608*a^2 - 116859024*a - 66757392 -437460*a^7 + 8213544*a^6 - 57060036*a^5 + 175583712*a^4 - 203999628*a^3 - 54469476*a^2 + 265832412*a - 133119480 625104*a^7 - 9841848*a^6 + 55698348*a^5 - 138704352*a^4 + 143732208*a^3 - 39703692*a^2 - 997476*a - 9039576 1551096*a^7 - 28275828*a^6 + 196202220*a^5 - 653290044*a^4 + 1076671824*a^3 - 807379728*a^2 + 176909748*a + 37225032 751836*a^7 - 14236968*a^6 + 102210096*a^5 - 347875992*a^4 + 575518920*a^3 - 426969828*a^2 + 91284036*a + 19656312 -118008*a^7 + 1783068*a^6 - 9253020*a^5 + 19188708*a^4 - 12443832*a^3 + 1579512*a^2 - 11208456*a + 9154704 -582720*a^7 + 10237368*a^6 - 67476744*a^5 + 211510428*a^4 - 338186952*a^3 + 302463204*a^2 - 169229448*a + 49153728 332496*a^7 - 6572424*a^6 + 50123472*a^5 - 185325960*a^4 + 342567468*a^3 - 291114636*a^2 + 78455808*a + 11077248 -652104*a^7 + 10847844*a^6 - 69441228*a^5 + 225894024*a^4 - 412173972*a^3 + 425741688*a^2 - 243517644*a + 62705448 -798120*a^7 + 14119524*a^6 - 94344768*a^5 + 301768488*a^4 - 489033900*a^3 + 407444256*a^2 - 161304948*a + 22642776 -307272*a^7 + 7529484*a^6 - 73225560*a^5 + 359908920*a^4 - 944401992*a^3 + 1294945524*a^2 - 864724380*a + 218752248 -913536*a^7 + 16779588*a^6 - 120351792*a^5 + 436072704*a^4 - 857452140*a^3 + 914317128*a^2 - 505913784*a + 116896416 365988*a^7 - 6469476*a^6 + 40767900*a^5 - 107968668*a^4 + 110469108*a^3 - 56837160*a^2 + 71627916*a - 49698168 624240*a^7 - 9358080*a^6 + 48480540*a^5 - 104944128*a^4 + 112541172*a^3 - 177608400*a^2 + 277201356*a - 143716872 786252*a^7 - 13065336*a^6 + 82332264*a^5 - 254977860*a^4 + 409751064*a^3 - 303042372*a^2 + 50983008*a + 25906608 -503112*a^7 + 9090144*a^6 - 61696812*a^5 + 195943584*a^4 - 289273896*a^3 + 154537260*a^2 + 25444596*a - 32878872 -409500*a^7 + 8399964*a^6 - 65162688*a^5 + 239876976*a^4 - 440775360*a^3 + 401891904*a^2 - 151965912*a + 9847344 1666308*a^7 - 31396596*a^6 + 233657280*a^5 - 888024936*a^4 + 1836453756*a^3 - 2006744856*a^2 + 1033530528*a - 181457952 -130308*a^7 + 3933120*a^6 - 44242188*a^5 + 239368176*a^4 - 661934856*a^3 + 912416088*a^2 - 580052820*a + 131661192 1084368*a^7 - 19538352*a^6 + 137621136*a^5 - 493436820*a^4 + 970938144*a^3 - 1029300972*a^2 + 518498952*a - 88281648 578682*a^7 - 10894896*a^6 + 81235506*a^5 - 312691038*a^4 + 672211500*a^3 - 802181244*a^2 + 482579106*a - 111128940 -37704*a^7 + 220782*a^6 + 2894226*a^5 - 31971816*a^4 + 125679072*a^3 - 252670554*a^2 + 258803130*a - 100337796 -30360*a^7 + 491886*a^6 - 3527844*a^5 + 16694568*a^4 - 57068544*a^3 + 122848842*a^2 - 137494302*a + 56887116 -723330*a^6 + 12054564*a^5 - 74809404*a^4 + 218007792*a^3 - 306775440*a^2 + 190822086*a - 39565188 115986*a^7 - 2909232*a^6 + 27438876*a^5 - 124173012*a^4 + 282105720*a^3 - 301573998*a^2 + 120151386*a - 2382276 -291420*a^7 + 7698582*a^6 - 76957452*a^5 + 374277798*a^4 - 945814266*a^3 + 1223340948*a^2 - 742748670*a + 161546580 85956*a^7 - 2345112*a^6 + 23073174*a^5 - 104458998*a^4 + 223641714*a^3 - 195755364*a^2 + 23965518*a + 30420156 -102960*a^7 + 2591352*a^6 - 24342666*a^5 + 109120224*a^4 - 248461974*a^3 + 285531732*a^2 - 157252560*a + 32753760 723330*a^6 - 12054564*a^5 + 74809404*a^4 - 218007792*a^3 + 306775440*a^2 - 190822086*a + 39565188 -349542*a^6 + 4213668*a^5 - 11590746*a^4 - 26850924*a^3 + 165260028*a^2 - 238065588*a + 105696552 733356*a^6 - 9634242*a^5 + 41186364*a^4 - 62884668*a^3 + 14142462*a^2 + 34374618*a - 18283044 191388*a^6 - 283422*a^5 - 19366968*a^4 + 115298460*a^3 - 221102460*a^2 + 167607576*a - 42807024 -1131534*a^6 + 19322400*a^5 - 126852174*a^4 + 415577532*a^3 - 724955610*a^2 + 633394092*a - 214557408 -715854*a^6 + 11831460*a^5 - 72131430*a^4 + 202316022*a^3 - 260676300*a^2 + 128750028*a - 10212696 -603246*a^7 + 13658478*a^6 - 118649016*a^5 + 500032020*a^4 - 1071664608*a^3 + 1122106092*a^2 - 496819524*a + 54142296 -1047918*a^6 + 17007756*a^5 - 100840746*a^4 + 268499316*a^3 - 315552468*a^2 + 142745502*a - 11288004 over Number field with defining polynomial x^8-20*x^7+157*x^6-618*x^5+1289*x^4-1373*x^3+615*x^2-52
a vector of length 127 over Number field with defining polynomial a number field of degree 10
a vector of length 127 over Number field with defining polynomial a number field of degree 14
0 0 0 -48 16*a+16 16*a+32 0 6*a-18 6*a+30 -6*a-54 12*a+48 24 -12*a+36 -12 -12*a-48 12*a+48 -12*a-48 6*a+30 12 -6*a-42 -6*a-42 -12*a 12*a+24 24*a+24 -24*a-24 0 -8*a+8 -8*a+8 8*a+16 8*a+16 8*a+16 8*a+16 -8*a -4*a-4 -4*a-4 -4*a-12 4*a+28 8 -12*a-28 8*a+8 -4*a-4 16 -16 8*a+24 8*a+24 4*a+4 4*a+12 2*a+2 2*a+6 10*a-10 -12 6*a+14 8 -12*a-16 -4*a-16 12 6*a+2 2*a-6 -2*a-6 10*a+6 -4*a-12 -2*a-22 8 6*a+14 -4*a-16 6*a-2 4*a-4 8*a+8 -6*a+2 -4*a-8 0 0 8*a+16 -4*a+12 0 2*a+2 -8*a-12 -2*a-18 -16 4 -4*a-8 2*a+10 -2*a-18 0 6*a+6 2*a-14 16 -12*a 2*a-10 2*a-14 -2*a+6 2*a+10 -6*a-10 2*a+2 -2*a-2 2*a+2 0 8 -8*a-4 14*a+2 0 8*a 4*a+12 4*a+20 0 8 2*a-6 8*a+24 -8*a-8 -4*a-4 -2*a-10 -3*a-3 -3*a-11 -3*a+9 -7*a+1 a+9 -a-9 -5*a-5 8 -3*a-23 4*a -a-5 -4*a-4 0 -4 -4*a-4 -a-1 over Number field with defining polynomial x^2+3*x-2
0 144*a^4 + 576*a^3 + 432*a^2 - 936*a - 1080 0 -36*a^5 - 324*a^4 - 792*a^3 - 144*a^2 + 1368*a + 1080 24*a^5 + 264*a^4 + 648*a^3 + 24*a^2 - 1104*a - 720 -12*a^4 + 84*a^3 + 240*a^2 - 144*a - 360 0 18*a^5 + 144*a^4 + 270*a^3 - 54*a^2 - 468*a - 270 -18*a^5 - 162*a^4 - 396*a^3 - 72*a^2 + 684*a + 540 0 -18*a^5 - 99*a^4 - 81*a^3 + 162*a^2 + 180*a 18*a^5 + 90*a^4 + 108*a^3 - 144*a^2 - 216*a 18*a^5 + 126*a^4 + 306*a^3 + 126*a^2 - 540*a - 540 -9*a^5 - 81*a^4 - 198*a^3 - 36*a^2 + 342*a + 270 18*a^5 + 63*a^4 - 63*a^3 - 270*a^2 + 54*a + 270 -18*a^5 - 135*a^4 - 225*a^3 + 54*a^2 + 414*a + 270 18*a^5 + 99*a^4 + 81*a^3 - 162*a^2 - 180*a -9*a^5 - 72*a^4 - 99*a^3 + 126*a^2 + 198*a -9*a^4 - 99*a^3 - 162*a^2 + 144*a + 270 9*a^5 + 81*a^4 + 198*a^3 + 36*a^2 - 342*a - 270 9*a^5 + 81*a^4 + 198*a^3 + 36*a^2 - 342*a - 270 -9*a^4 + 9*a^3 + 18*a^2 - 18*a -9*a^4 + 63*a^3 + 180*a^2 - 108*a - 270 -36*a^4 - 90*a^3 + 54*a^2 + 144*a 36*a^4 + 90*a^3 - 54*a^2 - 144*a -6*a^5 - 96*a^4 - 294*a^3 - 72*a^2 + 492*a + 360 -24*a^4 - 60*a^3 + 36*a^2 + 96*a -24*a^4 - 60*a^3 + 36*a^2 + 96*a -6*a^4 + 42*a^3 + 120*a^2 - 72*a - 180 -6*a^4 + 42*a^3 + 120*a^2 - 72*a - 180 -30*a^4 - 54*a^3 + 48*a^2 + 84*a -30*a^4 - 54*a^3 + 48*a^2 + 84*a 6*a^5 + 42*a^4 + 12*a^3 - 168*a^2 - 24*a + 180 6*a^5 + 12*a^4 - 78*a^3 - 132*a^2 + 108*a + 180 12*a^5 + 108*a^4 + 216*a^3 - 60*a^2 - 384*a - 180 12*a^5 + 90*a^4 + 186*a^3 - 24*a^2 - 324*a - 180 -6*a^5 - 54*a^4 - 132*a^3 - 24*a^2 + 228*a + 180 -6*a^4 - 66*a^3 - 108*a^2 + 96*a + 180 12*a^5 + 120*a^4 + 240*a^3 - 72*a^2 - 408*a - 180 -24*a^4 - 168*a^3 - 192*a^2 + 264*a + 360 6*a^5 + 12*a^4 - 78*a^3 - 132*a^2 + 108*a + 180 12*a^5 + 84*a^4 + 168*a^3 - 24*a^2 - 300*a - 180 -6*a^5 - 60*a^4 - 150*a^3 - 24*a^2 + 252*a + 180 6*a^5 + 36*a^4 - 18*a^3 - 168*a^2 + 12*a + 180 6*a^5 + 36*a^4 - 18*a^3 - 168*a^2 + 12*a + 180 3*a^5 + 36*a^4 + 63*a^3 - 60*a^2 - 114*a 3*a^5 + 6*a^4 + 39*a^3 + 102*a^2 - 66*a - 180 -3*a^5 - 6*a^4 + 39*a^3 + 66*a^2 - 54*a - 90 -6*a^5 - 45*a^4 - 93*a^3 + 12*a^2 + 162*a + 90 -3*a^4 - 33*a^3 - 54*a^2 + 48*a + 90 -9*a^5 - 81*a^4 - 198*a^3 - 36*a^2 + 342*a + 270 -6*a^5 - 60*a^4 - 120*a^3 + 36*a^2 + 204*a + 90 -6*a^5 + 6*a^4 + 96*a^3 + 102*a^2 - 138*a - 180 3*a^5 + 3*a^4 - 18*a^3 - 6*a^2 + 18*a 3*a^5 - 3*a^4 + 18*a^3 + 120*a^2 - 30*a - 180 9*a^5 + 81*a^4 + 198*a^3 + 36*a^2 - 342*a - 270 6*a^5 + 15*a^4 - 27*a^3 - 84*a^2 + 24*a + 90 48*a^4 + 162*a^3 + 36*a^2 - 258*a - 180 -21*a^4 - 105*a^3 - 78*a^2 + 168*a + 180 33*a^4 + 99*a^3 - 162*a - 90 -9*a^5 - 96*a^4 - 237*a^3 - 18*a^2 + 402*a + 270 -6*a^5 - 3*a^4 + 153*a^3 + 228*a^2 - 228*a - 360 -3*a^5 - 48*a^4 - 171*a^3 - 90*a^2 + 282*a + 270 6*a^5 + 18*a^4 - 90*a^3 - 192*a^2 + 132*a + 270 -6*a^5 - 45*a^4 - 57*a^3 + 72*a^2 + 108*a 9*a^5 + 84*a^4 + 153*a^3 - 78*a^2 - 270*a - 90 3*a^5 + 36*a^4 + 87*a^3 - 6*a^2 - 150*a - 90 6*a^5 + 48*a^4 + 72*a^3 - 72*a^2 - 126*a 6*a^5 + 36*a^4 + 36*a^3 - 66*a^2 - 84*a 15*a^4 + 27*a^3 - 24*a^2 - 42*a 24*a^4 + 96*a^3 + 72*a^2 - 156*a - 180 3*a^5 + 48*a^4 + 147*a^3 + 36*a^2 - 246*a - 180 9*a^5 + 84*a^4 + 153*a^3 - 78*a^2 - 270*a - 90 -3*a^5 + 12*a^4 + 117*a^3 + 150*a^2 - 174*a - 270 6*a^5 + 78*a^4 + 246*a^3 + 102*a^2 - 408*a - 360 -6*a^5 - 54*a^4 - 108*a^3 + 30*a^2 + 192*a + 90 -3*a^5 - 15*a^4 - 36*a^3 - 30*a^2 + 66*a + 90 -3*a^5 - 42*a^4 - 147*a^3 - 102*a^2 + 240*a + 270 6*a^5 + 12*a^4 - 24*a^3 - 78*a^2 + 18*a + 90 9*a^4 + 15*a^3 - 18*a^2 - 30*a 3*a^4 - 21*a^3 - 60*a^2 + 36*a + 90 -18*a^4 - 30*a^3 + 36*a^2 + 60*a 3*a^5 + 42*a^4 + 147*a^3 + 102*a^2 - 240*a - 270 36*a^4 + 144*a^3 + 108*a^2 - 234*a - 270 12*a^4 + 54*a^3 + 36*a^2 - 84*a - 90 -3*a^5 - 54*a^4 - 141*a^3 - 24*a^2 + 234*a + 180 -3*a^5 - 6*a^4 - 15*a^3 - 48*a^2 + 30*a + 90 21*a^4 + 63*a^3 + 18*a^2 - 108*a - 90 3*a^5 + 9*a^4 - 66*a^3 - 186*a^2 + 90*a + 270 3*a^5 + 30*a^4 + 153*a^3 + 180*a^2 - 246*a - 360 -3*a^5 - 12*a^4 - 39*a^3 - 36*a^2 + 72*a + 90 -3*a^5 - 24*a^4 - 33*a^3 + 42*a^2 + 66*a 6*a^5 + 57*a^4 + 87*a^3 - 90*a^2 - 156*a -3*a^5 - 6*a^4 + 39*a^3 + 66*a^2 - 54*a - 90 6*a^5 + 54*a^4 + 108*a^3 - 30*a^2 - 192*a - 90 3*a^5 + 24*a^4 + 69*a^3 + 66*a^2 - 126*a - 180 9*a^5 + 48*a^4 + 27*a^3 - 72*a^2 - 60*a 6*a^4 + 24*a^3 + 48*a^2 - 36*a - 90 -9*a^5 - 45*a^4 - 30*a^3 + 66*a^2 + 66*a 6*a^5 + 39*a^4 + 57*a^3 - 6*a^2 - 102*a - 90 -36*a^4 - 144*a^3 - 108*a^2 + 234*a + 270 -3*a^5 - 12*a^4 + 33*a^3 + 132*a^2 - 42*a - 180 6*a^5 + 54*a^4 + 42*a^3 - 138*a^2 - 78*a + 90 9*a^5 + 84*a^4 + 171*a^3 - 24*a^2 - 300*a - 180 -3*a^5 - 48*a^4 - 147*a^3 - 36*a^2 + 246*a + 180 -6*a^5 - 30*a^4 - 48*a^3 - 6*a^2 + 96*a + 90 -6*a^5 - 24*a^4 + 12*a^3 + 90*a^2 - 6*a - 90 6*a^5 + 36*a^4 - 18*a^3 - 168*a^2 + 12*a + 180 -6*a^5 - 54*a^4 - 78*a^3 + 90*a^2 + 144*a -9*a^5 - 36*a^4 + 9*a^3 + 114*a^2 + 12*a - 90 -3*a^5 - 42*a^4 - 75*a^3 + 66*a^2 + 126*a 3*a^5 + 15*a^4 + 27*a^3 + 3*a^2 - 51*a - 45 -3*a^5 - 27*a^4 - 57*a^3 + 15*a^2 + 99*a + 45 -9*a^4 - 45*a^3 - 39*a^2 + 75*a + 90 9*a^5 + 69*a^4 + 150*a^3 - 264*a - 180 6*a^5 + 33*a^4 + 18*a^3 - 81*a^2 - 45*a + 45 3*a^5 + 30*a^4 + 51*a^3 - 45*a^2 - 87*a 3*a^5 + 18*a^4 + 21*a^3 - 27*a^2 - 39*a -15*a^4 - 45*a^3 - 6*a^2 + 69*a + 45 -6*a^5 - 30*a^4 - 54*a^3 - 6*a^2 + 102*a + 90 18*a^3 + 30*a^2 - 27*a - 45 -3*a^4 + 15*a^3 + 57*a^2 - 27*a - 90 3*a^4 + 15*a^3 + 24*a^2 - 21*a - 45 0 12*a^4 + 12*a^3 - 48*a^2 - 21*a + 45 -6*a^5 - 66*a^4 - 162*a^3 - 6*a^2 + 276*a + 180 9*a^4 + 66*a^3 + 69*a^2 - 105*a - 135 over Number field with defining polynomial x^6+8*x^5+5*x^4-44*x^3-48*x^2+50*x+60
3768*a^5 - 86292*a^4 + 755772*a^3 - 3626952*a^2 + 10443444*a - 13835676 -900*a^5 + 53202*a^4 - 890856*a^3 + 6208104*a^2 - 19290480*a + 22155834 49044*a^5 - 1419462*a^4 + 15482832*a^3 - 79329264*a^2 + 190916760*a - 172257822 -6744*a^5 + 215520*a^4 - 2591436*a^3 + 14496888*a^2 - 37765380*a + 36731040 -3389*a^5 + 81405*a^4 - 662208*a^3 + 1977628*a^2 - 418683*a - 4941585 -2859*a^5 + 79155*a^4 - 802922*a^3 + 3610734*a^2 - 7012855*a + 4326947 -3630*a^5 + 161774*a^4 - 2408790*a^3 + 15556438*a^2 - 45277228*a + 48701836 3453*a^5 - 77418*a^4 + 600048*a^3 - 1912692*a^2 + 1815753*a + 1211868 3390*a^5 - 124086*a^4 + 1676040*a^3 - 10434174*a^2 + 30395670*a - 33612096 3390*a^5 - 124086*a^4 + 1676040*a^3 - 10434174*a^2 + 30395670*a - 33612096 8178*a^5 - 236898*a^4 + 2592444*a^3 - 13397556*a^2 + 32785332*a - 30439440 -3489*a^5 + 124824*a^4 - 1646874*a^3 + 10071180*a^2 - 29062887*a + 32124738 5514*a^5 - 142302*a^4 + 1341324*a^3 - 5723688*a^2 + 10794852*a - 6662616 5949*a^5 - 194094*a^4 + 2427534*a^3 - 14460204*a^2 + 41047905*a - 44609754 -450*a^5 + 26601*a^4 - 445428*a^3 + 3104052*a^2 - 9645240*a + 11077917 -450*a^5 + 26601*a^4 - 445428*a^3 + 3104052*a^2 - 9645240*a + 11077917 8178*a^5 - 236898*a^4 + 2592444*a^3 - 13397556*a^2 + 32785332*a - 30439440 1221*a^5 - 5922*a^4 - 262692*a^3 + 2971062*a^2 - 11164695*a + 14203230 -10887*a^5 + 291930*a^4 - 2951208*a^3 + 14188548*a^2 - 32548305*a + 28478706 -636*a^5 + 32202*a^4 - 500262*a^3 + 3254568*a^2 - 9416292*a + 10020288 636*a^5 - 32202*a^4 + 500262*a^3 - 3254568*a^2 + 9416292*a - 10020288 -5523*a^5 + 159327*a^4 - 1720968*a^3 + 8612634*a^2 - 19863069*a + 16676127 5949*a^5 - 177669*a^4 + 2005626*a^3 - 10697598*a^2 + 27245355*a - 26783283 9666*a^5 - 286008*a^4 + 3213900*a^3 - 17159610*a^2 + 43713000*a - 42681936 7176*a^5 - 229383*a^4 + 2785236*a^3 - 16047978*a^2 + 44207622*a - 46945413 4228*a^5 - 126828*a^4 + 1459418*a^3 - 8114610*a^2 + 21911066*a - 23074986 -8348*a^5 + 226120*a^4 - 2290282*a^3 + 10863814*a^2 - 23993616*a + 19412356 1141*a^5 - 56461*a^4 + 922352*a^3 - 6579194*a^2 + 21279791*a - 25601957 2679*a^5 - 84579*a^4 + 953606*a^3 - 4599258*a^2 + 9035059*a - 4696979 -3399*a^5 + 123033*a^4 - 1606774*a^3 + 9489258*a^2 - 25711427*a + 25857085 11031*a^5 - 321801*a^4 + 3570598*a^3 - 18837276*a^2 + 47450861*a - 45852441 6243*a^5 - 181343*a^4 + 2023628*a^3 - 10901002*a^2 + 28561137*a - 29304359 3310*a^5 - 82772*a^4 + 758030*a^3 - 3144606*a^2 + 5588910*a - 2769276 -5881*a^5 + 165088*a^4 - 1813654*a^3 + 9957632*a^2 - 27423097*a + 30193624 4216*a^5 - 115944*a^4 + 1205870*a^3 - 5990790*a^2 + 14235746*a - 12910602 297*a^5 - 20859*a^4 + 389318*a^3 - 2982876*a^2 + 10163311*a - 12804099 -1764*a^5 + 81830*a^4 - 1218186*a^3 + 7705182*a^2 - 21576644*a + 21872930 9559*a^5 - 235285*a^4 + 2119728*a^3 - 8807198*a^2 + 16750513*a - 11302469 5175*a^5 - 168441*a^4 + 2051734*a^3 - 11616240*a^2 + 30856049*a - 31062801 -1109*a^5 + 16117*a^4 - 10396*a^3 - 641192*a^2 + 2800213*a - 3278649 -4216*a^5 + 115944*a^4 - 1205870*a^3 + 5990790*a^2 - 14235746*a + 12910602 8613*a^5 - 280962*a^4 + 3443082*a^3 - 19753164*a^2 + 53465665*a - 55081250 6977*a^5 - 180361*a^4 + 1782808*a^3 - 8703664*a^2 + 21469919*a - 21675375 6185*a^5 - 172447*a^4 + 1834684*a^3 - 9409252*a^2 + 23326403*a - 22374741 4219*a^5 - 115654*a^4 + 1167650*a^3 - 5355116*a^2 + 10864959*a - 7235106 1238*a^5 - 42356*a^4 + 518388*a^3 - 2788666*a^2 + 6626326*a - 5494834 -1937*a^5 + 53482*a^4 - 582024*a^3 + 3241574*a^2 - 9325897*a + 10967766 653*a^5 - 20657*a^4 + 275830*a^3 - 1929928*a^2 + 6735413*a - 9087055 4485*a^5 - 141138*a^4 + 1678094*a^3 - 9382926*a^2 + 24840277*a - 25100136 4847*a^5 - 132928*a^4 + 1386204*a^3 - 6972044*a^2 + 17153605*a - 16704228 -846*a^5 + 30558*a^4 - 419490*a^3 + 2751258*a^2 - 8716998*a + 10728234 3840*a^5 - 123126*a^4 + 1517746*a^3 - 8969766*a^2 + 25504436*a - 28048614 3562*a^5 - 95536*a^4 + 976954*a^3 - 4851584*a^2 + 11842284*a - 11456576 6991*a^5 - 210829*a^4 + 2398526*a^3 - 12820100*a^2 + 32305379*a - 30807583 1626*a^5 - 50811*a^4 + 578900*a^3 - 2971656*a^2 + 6899560*a - 5761119 -834*a^5 + 19674*a^4 - 165942*a^3 + 627438*a^2 - 1041678*a + 563850 -1846*a^5 + 43886*a^4 - 390138*a^3 + 1707088*a^2 - 3867692*a + 3775110 1358*a^5 - 39234*a^4 + 432044*a^3 - 2226786*a^2 + 5275798*a - 4482428 2384*a^5 - 60030*a^4 + 561962*a^3 - 2470866*a^2 + 5148484*a - 4095866 5482*a^5 - 168161*a^4 + 1966742*a^3 - 10923244*a^2 + 28824480*a - 28979683 -510*a^5 + 15805*a^4 - 170050*a^3 + 712536*a^2 - 808520*a - 794589 1447*a^5 - 37516*a^4 + 336676*a^3 - 1157798*a^2 + 732051*a + 2158600 2547*a^5 - 70481*a^4 + 779210*a^3 - 4424742*a^2 + 12813247*a - 14886525 4300*a^5 - 112480*a^4 + 1091464*a^3 - 4911374*a^2 + 10057404*a - 7123250 1679*a^5 - 43086*a^4 + 424312*a^3 - 2080798*a^2 + 5189993*a - 5309268 -2677*a^5 + 85047*a^4 - 1056332*a^3 + 6436766*a^2 - 19135537*a + 22126449 1439*a^5 - 37346*a^4 + 331130*a^3 - 1059868*a^2 + 30511*a + 3703206 3840*a^5 - 124737*a^4 + 1540596*a^3 - 9033514*a^2 + 25318926*a - 27338107 -878*a^5 + 39880*a^4 - 576840*a^3 + 3468650*a^2 - 8966668*a + 7993956 1920*a^5 - 44649*a^4 + 406114*a^3 - 1983708*a^2 + 5401226*a - 6386559 10136*a^5 - 288485*a^4 + 3091666*a^3 - 15536200*a^2 + 36561830*a - 32083843 -3377*a^5 + 103945*a^4 - 1231726*a^3 + 7024784*a^2 - 19329093*a + 20600915 -826*a^5 + 41026*a^4 - 670006*a^3 + 4782998*a^2 - 15447740*a + 18494508 6191*a^5 - 162521*a^4 + 1591588*a^3 - 7291006*a^2 + 15563389*a - 12199289 5753*a^5 - 168473*a^4 + 1880138*a^3 - 10031434*a^2 + 25679053*a - 25312749 391*a^5 + 2149*a^4 - 179578*a^3 + 1724918*a^2 - 6152349*a + 7560053 -3765*a^5 + 105558*a^4 - 1139466*a^3 + 6024998*a^2 - 15680553*a + 16082588 5327*a^5 - 150815*a^4 + 1618532*a^3 - 8303230*a^2 + 20506681*a - 19609479 2423*a^5 - 60725*a^4 + 539440*a^3 - 1991140*a^2 + 2386645*a + 841573 5762*a^5 - 148625*a^4 + 1417300*a^3 - 6287934*a^2 + 12894826*a - 9537745 2370*a^5 - 60060*a^4 + 549536*a^3 - 2196864*a^2 + 3556132*a - 1296230 2123*a^5 - 49162*a^4 + 419226*a^3 - 1796306*a^2 + 4319245*a - 4935162 4105*a^5 - 117518*a^4 + 1293286*a^3 - 6935164*a^2 + 18280669*a - 19044282 5448*a^5 - 157611*a^4 + 1716324*a^3 - 8755692*a^2 + 20891016*a - 18563157 3265*a^5 - 76294*a^4 + 603170*a^3 - 1759244*a^2 + 503939*a + 3717824 5116*a^5 - 128653*a^4 + 1200358*a^3 - 5224874*a^2 + 10463874*a - 7394645 4479*a^5 - 125775*a^4 + 1333688*a^3 - 6725232*a^2 + 16224913*a - 15042969 6011*a^5 - 167530*a^4 + 1762320*a^3 - 8760038*a^2 + 20541097*a - 18074172 3196*a^5 - 74168*a^4 + 603456*a^3 - 2049814*a^2 + 2248532*a + 887550 -226*a^5 + 21758*a^4 - 408580*a^3 + 2937508*a^2 - 9082630*a + 10148994 4905*a^5 - 138765*a^4 + 1503298*a^3 - 7819722*a^2 + 19494269*a - 18585665 1772*a^5 - 60803*a^4 + 761700*a^3 - 4336546*a^2 + 11422804*a - 11305543 -1883*a^5 + 52865*a^4 - 532594*a^3 + 2290278*a^2 - 3696787*a + 642457 395*a^5 - 283*a^4 - 137960*a^3 + 1561234*a^2 - 6363903*a + 8966269 1439*a^5 - 18791*a^4 - 41708*a^3 + 1356224*a^2 - 5780839*a + 7439267 -1975*a^5 + 68246*a^4 - 866148*a^3 + 5020876*a^2 - 13413227*a + 13315680 1525*a^5 - 41645*a^4 + 420720*a^3 - 1916824*a^2 + 3767987*a - 2237763 1025*a^5 - 30572*a^4 + 323072*a^3 - 1455484*a^2 + 2533459*a - 757908 2551*a^5 - 62441*a^4 + 550638*a^3 - 2160904*a^2 + 3640673*a - 1851201 -600*a^5 + 2454*a^4 + 154740*a^3 - 1840884*a^2 + 7509600*a - 10493718 5448*a^5 - 157611*a^4 + 1716324*a^3 - 8755692*a^2 + 20891016*a - 18563157 -2744*a^5 + 85792*a^4 - 999474*a^3 + 5402078*a^2 - 13718692*a + 13253436 3398*a^5 - 97503*a^4 + 1042054*a^3 - 5159586*a^2 + 11882324*a - 10186319 -8048*a^5 + 236921*a^4 - 2624950*a^3 + 13615030*a^2 - 33143762*a + 30335065 -2341*a^5 + 93889*a^4 - 1347404*a^3 + 8779910*a^2 - 26632903*a + 30644513 4441*a^5 - 134337*a^4 + 1546976*a^3 - 8490528*a^2 + 22378009*a - 22827205 -1192*a^5 + 32175*a^4 - 347558*a^3 + 1949580*a^2 - 5704060*a + 6842227 -5225*a^5 + 151671*a^4 - 1666924*a^3 + 8669082*a^2 - 21334991*a + 19854731 1044*a^5 - 17312*a^4 + 53354*a^3 + 339246*a^2 - 2186930*a + 3267342 -7119*a^5 + 207444*a^4 - 2332042*a^3 + 12746298*a^2 - 34049423*a + 35688458 5005*a^5 - 135788*a^4 + 1370804*a^3 - 6403336*a^2 + 13696989*a - 10439254 1012*a^5 - 23734*a^4 + 213114*a^3 - 998768*a^2 + 2585334*a - 2956054 -575*a^5 + 8246*a^4 + 14598*a^3 - 691304*a^2 + 3485857*a - 5335302 1328*a^5 - 45284*a^4 + 560236*a^3 - 3106136*a^2 + 7756528*a - 6959880 654*a^5 - 29436*a^4 + 455514*a^3 - 3134616*a^2 + 9885990*a - 11678646 2100*a^5 - 45201*a^4 + 318412*a^3 - 748764*a^2 - 388290*a + 2577395 -2550*a^5 + 76492*a^4 - 851550*a^3 + 4329572*a^2 - 9927370*a + 7980378 4124*a^5 - 104838*a^4 + 980074*a^3 - 4217456*a^2 + 8145230*a - 5222086 1328*a^5 - 38920*a^4 + 418546*a^3 - 2004242*a^2 + 4075434*a - 2430474 -654*a^5 + 29436*a^4 - 455514*a^3 + 3134616*a^2 - 9885990*a + 11678646 2815*a^5 - 83526*a^4 + 968076*a^3 - 5518872*a^2 + 15478449*a - 17066086 3472*a^4 - 49098*a^3 + 89458*a^2 + 866978*a - 2633770 9836*a^4 - 190788*a^3 + 1191352*a^2 - 2814116*a + 1895636 -478*a^4 + 11082*a^3 - 80882*a^2 + 240680*a - 255206 -17725*a^4 + 412934*a^3 - 3377108*a^2 + 11722358*a - 14745763 -52*a^5 - 5700*a^4 + 108270*a^3 - 478858*a^2 + 12672*a + 2178576 4275*a^4 - 107758*a^3 + 957264*a^2 - 3625924*a + 4984707 over Number field with defining polynomial x^6-36*x^5+513*x^4-3696*x^3+14215*x^2-27680*x+21267
a vector of length 127 over Number field with defining polynomial a number field of degree 12
a vector of length 127 over Number field with defining polynomial a number field of degree 10
a vector of length 127 over Number field with defining polynomial a number field of degree 21
a vector of length 127 over Number field with defining polynomial a number field of degree 35
For conductor 1:
traces of hecke eigenvalues of T_{p^1} are:
15 156 400 1464 2380 5220 7240 12720 25260 30784 52060 70644 81400 106080 151740 208920 230764 305320 363024 394420 499360 578760 922180 
computing eigenvalues for k = 1, took 15.131236 sec
traces of hecke eigenvalues of T_{p^2} are:
30 780 2800 
computing eigenvalues for k = 2, took 0.246799 sec
traces of hecke eigenvalues of T_{p^1} are:
6 30 76 132 112 306 436 552 870 1300 1516 1722 1372 2256 2862 3540 3964 3676 5112 6592 7204 6972 8176 
computing eigenvalues for k = 1, took 15.072464 sec
traces of hecke eigenvalues of T_{p^2} are:
3 24 208 
computing eigenvalues for k = 2, took 0.250569 sec
traces of hecke eigenvalues of T_{p^1} are:
0 -9 -14 124 -40 45 -63 119 144 -87 -98 14 -175 358 387 654 -592 302 -1086 275 1298 1604 -669 
computing eigenvalues for k = 1, took 14.241019 sec
traces of hecke eigenvalues of T_{p^2} are:
-1 -30 20 
computing eigenvalues for k = 2, took 0.328552 sec
traces of hecke eigenvalues of T_{p^1} are:
0 30 -44 30 -50 90 -164 -18 120 -572 -152 846 -494 570 -228 180 -254 334 -156 1114 646 -1188 -26 
computing eigenvalues for k = 1, took 15.117884 sec
traces of hecke eigenvalues of T_{p^2} are:
-6 -48 -68 
computing eigenvalues for k = 2, took 0.250331 sec
traces of hecke eigenvalues of T_{p^1} are:
-2 -5 156 66 -350 -221 527 23 58 2129 32 -82 -2557 -188 -583 0 1154 -4132 -142 4125 8686 -1660 -5389 
computing eigenvalues for k = 1, took 14.201988 sec
traces of hecke eigenvalues of T_{p^2} are:
15 120 400 
computing eigenvalues for k = 2, took 0.336760 sec
traces of hecke eigenvalues of T_{p^1} are:
60 279 532 1369 1687 2948 3671 5501 8794 9384 13215 16929 18365 22574 27721 35930 36553 44152 51986 52105 63101 69708 90745 
computing eigenvalues for k = 1, took 15.033497 sec
traces of hecke eigenvalues of T_{p^2} are:
30 114 256 
computing eigenvalues for k = 2, took 0.249490 sec
traces of hecke eigenvalues of T_{p^1} are:
124 640 1212 2728 4008 6596 8256 11664 18558 21436 30780 36728 41688 47980 61824 75958 82824 101854 108484 118416 138612 151718 209468 
computing eigenvalues for k = 1, took 15.279188 sec
traces of hecke eigenvalues of T_{p^2} are:
42 408 896 
computing eigenvalues for k = 2, took 0.246882 sec
traces of hecke eigenvalues of T_{p^1} are:
22 92 -177 177 -335 678 -531 444 1070 -334 370 2849 -148 664 2822 1726 -206 -4330 414 437 -3665 768 615 
computing eigenvalues for k = 1, took 15.090100 sec
traces of hecke eigenvalues of T_{p^2} are:
-12 -42 -1 
computing eigenvalues for k = 2, took 0.250342 sec
traces of hecke eigenvalues of T_{p^1} are:
-30 -58 56 -264 900 -182 1054 -1010 -756 530 1104 1304 2110 172 2718 2460 5324 480 3236 4818 -200 -384 8966 
computing eigenvalues for k = 1, took 15.532946 sec
traces of hecke eigenvalues of T_{p^2} are:
-44 -312 -608 
computing eigenvalues for k = 2, took 0.314403 sec
traces of hecke eigenvalues of T_{p^1} are:
5 32 52 76 166 276 330 460 1074 1316 1386 1992 1978 2256 3396 3334 3110 3980 4760 5064 5984 7602 8000 
computing eigenvalues for k = 1, took 15.014362 sec
traces of hecke eigenvalues of T_{p^2} are:
0 36 16 
computing eigenvalues for k = 2, took 0.251656 sec
traces of hecke eigenvalues of T_{p^1} are:
36 153 254 802 978 1773 2067 3367 4860 5485 8876 9900 10619 13816 16099 21638 22542 26176 30466 33213 35274 40422 58231 
computing eigenvalues for k = 1, took 15.023282 sec
traces of hecke eigenvalues of T_{p^2} are:
18 -18 -368 
computing eigenvalues for k = 2, took 0.236278 sec
traces of hecke eigenvalues of T_{p^1} are:
2 -10 34 -44 -44 102 18 46 -174 494 480 -246 -434 564 -318 -590 -184 -76 284 1920 -64 -498 -3076 
computing eigenvalues for k = 1, took 14.263828 sec
traces of hecke eigenvalues of T_{p^2} are:
3 24 88 
computing eigenvalues for k = 2, took 0.333490 sec
traces of hecke eigenvalues of T_{p^1} are:
2 41 64 100 178 345 321 469 936 713 1056 1644 1963 1998 3459 2968 3362 4526 5342 4905 5606 6552 11339 
computing eigenvalues for k = 1, took 15.089145 sec
traces of hecke eigenvalues of T_{p^2} are:
-9 90 112 
computing eigenvalues for k = 2, took 0.245993 sec
traces of hecke eigenvalues of T_{p^1} are:
-4 16 -17 -2 -46 66 42 49 -64 218 -6 91 -16 -307 -10 -260 196 368 1221 -282 -558 220 -312 
computing eigenvalues for k = 1, took 14.034014 sec
traces of hecke eigenvalues of T_{p^2} are:
2 27 -14 
computing eigenvalues for k = 2, took 0.354683 sec
For conductor 3:
traces of hecke eigenvalues of T_{p^1} are:
-4 16 -17 -2 -46 66 42 49 -64 218 -6 91 -16 -307 -10 -260 196 368 1221 -282 -558 220 -312 
computing eigenvalues for k = 1, took 555.076842 sec
traces of hecke eigenvalues of T_{p^2} are:
2 27 -14 
computing eigenvalues for k = 2, took 0.570273 sec
traces of hecke eigenvalues of T_{p^1} are:
0 -9 -14 124 -40 45 -63 119 144 -87 -98 14 -175 358 387 654 -592 302 -1086 275 1298 1604 -669 
computing eigenvalues for k = 1, took 551.398449 sec
traces of hecke eigenvalues of T_{p^2} are:
-1 -30 20 
computing eigenvalues for k = 2, took 0.549626 sec
traces of hecke eigenvalues of T_{p^1} are:
-15 -25 -10 -120 -58 -11 -133 3 -10 57 -328 -430 71 -466 -309 -472 -186 26 -390 347 458 -194 87 
computing eigenvalues for k = 1, took 554.002955 sec
traces of hecke eigenvalues of T_{p^2} are:
9 10 -4 
computing eigenvalues for k = 2, took 0.572387 sec
traces of hecke eigenvalues of T_{p^1} are:
-20 -86 -101 -13 -63 -236 -57 -114 -558 -322 312 -947 704 294 -302 -346 -1874 498 -1092 -705 -2125 214 305 
computing eigenvalues for k = 1, took 549.133881 sec
traces of hecke eigenvalues of T_{p^2} are:
9 72 3 
computing eigenvalues for k = 2, took 0.568696 sec
For conductor 89:
traces of hecke eigenvalues of T_{p^1} are:
-26 -94 -82 -179 89 -218 -115 -21 -388 -366 -342 -1544 284 657 -468 464 -1138 -1480 351 -451 -81 1332 -2785 
computing eigenvalues for k = 1, took 315.143490 sec
traces of hecke eigenvalues of T_{p^2} are:
17 49 -51 
computing eigenvalues for k = 2, took 0.557431 sec
traces of hecke eigenvalues of T_{p^1} are:
-6 -12 -1 -6 -22 -50 28 -167 250 -162 -24 277 -110 -13 124 -168 -14 -1120 -593 -224 670 -1238 1460 
computing eigenvalues for k = 1, took 313.631097 sec
traces of hecke eigenvalues of T_{p^2} are:
6 15 -54 
computing eigenvalues for k = 2, took 0.530731 sec
traces of hecke eigenvalues of T_{p^1} are:
-2 -5 -8 -22 -44 51 -39 161 0 29 36 0 -821 -564 -159 236 548 -76 -710 1701 410 996 -457 
computing eigenvalues for k = 1, took 317.881957 sec
traces of hecke eigenvalues of T_{p^2} are:
3 24 -32 
computing eigenvalues for k = 2, took 0.625773 sec
traces of hecke eigenvalues of T_{p^1} are:
-5 -16 -2 -4 -100 60 -48 86 -80 -70 492 104 236 -392 76 -964 -56 -364 -336 -36 -1404 620 492 
computing eigenvalues for k = 1, took 328.786688 sec
traces of hecke eigenvalues of T_{p^2} are:
2 24 -8 
computing eigenvalues for k = 2, took 0.545366 sec
traces of hecke eigenvalues of T_{p^1} are:
-3 5 -1 -48 46 19 219 -12 -364 293 -96 -145 155 523 331 -12 -514 -512 129 -743 904 830 1487 
computing eigenvalues for k = 1, took 328.633593 sec
traces of hecke eigenvalues of T_{p^2} are:
-4 9 -54 
computing eigenvalues for k = 2, took 0.699491 sec
traces of hecke eigenvalues of T_{p^1} are:
-4 -6 -48 24 -72 10 -34 122 -184 -214 -204 -176 114 36 18 -728 -380 364 1228 -1354 632 -900 -158 
computing eigenvalues for k = 1, took 319.189385 sec
traces of hecke eigenvalues of T_{p^2} are:
2 -32 100 
computing eigenvalues for k = 2, took 0.595244 sec
traces of hecke eigenvalues of T_{p^1} are:
-8 -46 50 16 22 -156 16 146 332 -136 434 -418 218 -744 -844 526 170 2268 120 874 -720 584 200 
computing eigenvalues for k = 1, took 320.220727 sec
traces of hecke eigenvalues of T_{p^2} are:
-2 -64 -44 
computing eigenvalues for k = 2, took 0.552627 sec
For conductor 267:
traces of hecke eigenvalues of T_{p^1} are:
7 28 52 188 166 336 330 644 666 1316 1386 1452 1978 2256 2328 3746 3110 3980 5464 5064 5984 6342 8000 
computing eigenvalues for k = 1, took 129.384971 sec
traces of hecke eigenvalues of T_{p^2} are:
6 12 16 
computing eigenvalues for k = 2, took 0.694293 sec
traces of hecke eigenvalues of T_{p^1} are:
10 19 64 164 178 267 321 635 804 713 1056 1800 1963 2514 2265 4112 3362 4526 4882 4905 5606 7392 11339 
computing eigenvalues for k = 1, took 123.697927 sec
traces of hecke eigenvalues of T_{p^2} are:
15 -42 112 
computing eigenvalues for k = 2, took 0.697404 sec
traces of hecke eigenvalues of T_{p^1} are:
-6 -12 -1 -6 -22 -50 28 -167 250 -162 -24 277 -110 -13 124 -168 -14 -1120 -593 -224 670 -1238 1460 
computing eigenvalues for k = 1, took 164.326093 sec
traces of hecke eigenvalues of T_{p^2} are:
6 15 -54 
computing eigenvalues for k = 2, took 0.545626 sec
traces of hecke eigenvalues of T_{p^1} are:
20 86 -101 13 -63 236 -57 114 558 -322 312 947 704 -294 302 346 -1874 498 1092 -705 -2125 -214 305 
computing eigenvalues for k = 1, took 124.285956 sec
traces of hecke eigenvalues of T_{p^2} are:
9 72 3 
computing eigenvalues for k = 2, took 0.697073 sec
traces of hecke eigenvalues of T_{p^1} are:
60 321 532 1271 1687 3172 3671 5539 8606 9384 13215 17511 18365 22546 29519 34870 36553 44152 50254 52105 63101 69732 90745 
computing eigenvalues for k = 1, took 122.613726 sec
traces of hecke eigenvalues of T_{p^2} are:
30 366 256 
computing eigenvalues for k = 2, took 0.681416 sec
traces of hecke eigenvalues of T_{p^1} are:
18 92 -184 242 -122 290 -408 556 272 130 -348 964 -1260 606 1440 1354 1508 -3088 232 306 1302 2864 3686 
computing eigenvalues for k = 1, took 122.544925 sec
traces of hecke eigenvalues of T_{p^2} are:
-11 0 -24 
computing eigenvalues for k = 2, took 0.690036 sec
traces of hecke eigenvalues of T_{p^1} are:
-3 5 -1 -48 46 19 219 -12 -364 293 -96 -145 155 523 331 -12 -514 -512 129 -743 904 830 1487 
computing eigenvalues for k = 1, took 132.703858 sec
traces of hecke eigenvalues of T_{p^2} are:
-4 9 -54 
computing eigenvalues for k = 2, took 0.786007 sec
traces of hecke eigenvalues of T_{p^1} are:
-8 -46 50 16 22 -156 16 146 332 -136 434 -418 218 -744 -844 526 170 2268 120 874 -720 584 200 
computing eigenvalues for k = 1, took 132.435808 sec
traces of hecke eigenvalues of T_{p^2} are:
-2 -64 -44 
computing eigenvalues for k = 2, took 0.675463 sec
traces of hecke eigenvalues of T_{p^1} are:
36 207 254 782 978 1899 2067 3257 5580 5485 8876 10764 10619 13256 18245 20842 22542 26176 30878 33213 35274 43242 58231 
computing eigenvalues for k = 1, took 122.528381 sec
traces of hecke eigenvalues of T_{p^2} are:
18 306 -368 
computing eigenvalues for k = 2, took 0.694512 sec
traces of hecke eigenvalues of T_{p^1} are:
62 311 700 1485 2389 3500 4737 6417 9900 11704 17001 19901 22535 25918 33057 41492 46419 54942 59734 65327 74959 83630 112147 
computing eigenvalues for k = 1, took 124.813786 sec
traces of hecke eigenvalues of T_{p^2} are:
6 -6 800 
computing eigenvalues for k = 2, took 0.675658 sec
traces of hecke eigenvalues of T_{p^1} are:
52 259 518 1177 1635 2756 3749 5057 8024 9858 13511 16351 18523 21794 27973 33826 36741 45084 49866 52113 62789 68056 96681 
computing eigenvalues for k = 1, took 121.667481 sec
traces of hecke eigenvalues of T_{p^2} are:
6 -6 144 
computing eigenvalues for k = 2, took 0.676075 sec
traces of hecke eigenvalues of T_{p^1} are:
-12 -32 1 -160 248 -94 348 -641 -428 296 542 589 438 381 638 946 4172 -516 1343 2958 -370 -1304 1494 
computing eigenvalues for k = 1, took 124.417135 sec
traces of hecke eigenvalues of T_{p^2} are:
-19 -135 2 
computing eigenvalues for k = 2, took 0.678535 sec
traces of hecke eigenvalues of T_{p^1} are:
-21 -5 86 -60 12 399 415 -619 870 125 1358 2296 3 1010 1523 1608 3386 1552 2166 2737 -1572 -4056 6593 
computing eigenvalues for k = 1, took 123.452033 sec
traces of hecke eigenvalues of T_{p^2} are:
-29 -226 -300 
computing eigenvalues for k = 2, took 0.688478 sec
