constructing eigenvector for poly
x^9-105*x^8+4749*x^7-120996*x^6+1906204*x^5-19175896*x^4+122651952*x^3-479045872*x^2+1032847120*x-933098176
constructing eigenvector for poly
x-8
constructing eigenvector for poly
x-40
constructing eigenvector for poly
x^2+9*x+16
constructing eigenvector for poly
x^6-8*x^5-6*x^4+117*x^3-89*x^2-153*x+136
constructing eigenvector for poly
x^6+17*x^5+45*x^4-197*x^3-420*x^2+992*x-356
constructing eigenvector for poly
x^3+6*x^2-36*x-68
constructing eigenvector for poly
x^3+2*x^2-17*x+17
constructing eigenvector for poly
x^12-118*x^11+6263*x^10-197470*x^9+4112365*x^8-59454004*x^7+609930908*x^6-4454289160*x^5+22844741776*x^4-79581271168*x^3+176736868368*x^2-221581920896*x+117533780224
constructing eigenvector for poly
x^12-328*x^11+48532*x^10-4283256*x^9+251128430*x^8-10304887504*x^7+303486729388*x^6-6464240141912*x^5+98848196807689*x^4-1058513223216408*x^3+7536679464339160*x^2-32045572129570272*x+61557764256490384
constructing eigenvector for poly
x^12-618*x^11+172715*x^10-28877266*x^9+3218519031*x^8-252036226968*x^7+14225187660626*x^6-583314453184668*x^5+17253928875751675*x^4-359155661918027790*x^3+4995731692194531447*x^2-41704536762500865530*x+158060407985748633121
constructing eigenvector for poly
x^12-1224*x^11+681588*x^10-228321240*x^9+51243033538*x^8-8117378326548*x^7+930625234075972*x^6-77801719308823344*x^5+4707365539858325665*x^4-201025433501587957908*x^3+5751412979208211392764*x^2-98983085684046769111536*x+774954585009938494028176
constructing eigenvector for poly
x^12-2076*x^11+1957784*x^10-1108719480*x^9+419817710454*x^8-111941746852272*x^7+21546862429997364*x^6-3015776943049688472*x^5+304541223677627249249*x^4-21633642787714332459540*x^3+1025930575683219715337548*x^2-29156397435665265624562320*x+375460243751533790515241104
constructing eigenvector for poly
x^12-3572*x^11+5803396*x^10-5670469512*x^9+3711021743264*x^8-1713703851399680*x^7+572591120894607056*x^6-139483248594672213824*x^5+24588016431037621081024*x^4-3059188901576222218955520*x^3+255031571862491759626412288*x^2-12792780017976206469316743168*x+292050700061042826800252993536
constructing eigenvector for poly
x^12-4574*x^11+9571099*x^10-12115776498*x^9+10334076065669*x^8-6257139465417788*x^7+2757858112345450708*x^6-891575056896422675848*x^5+209832218686005380019184*x^4-35062502357680001349612480*x^3+3948694353810918956010295888*x^2-269111914814890252820281933248*x+8393878791517588547717196222016
constructing eigenvector for poly
x^6-68*x^5+1820*x^4-24056*x^3+160544*x^2-491360*x+547600
constructing eigenvector for poly
x^6-178*x^5+13095*x^4-509764*x^3+11078311*x^2-127482186*x+607080321
constructing eigenvector for poly
x^6-274*x^5+30715*x^4-1801992*x^3+58335159*x^2-987874470*x+6838463025
constructing eigenvector for poly
x^6-762*x^5+238719*x^4-39320296*x^3+3588334779*x^2-171898697742*x+3375851347801
constructing eigenvector for poly
x^6-1050*x^5+458271*x^4-106421580*x^3+13869416079*x^2-961853104890*x+27733020426225
constructing eigenvector for poly
x^6-1776*x^5+1299552*x^4-501335224*x^3+107515680576*x^2-12151800900480*x+565491253603600
constructing eigenvector for poly
x^6-1736*x^5+1242000*x^4-468918248*x^3+98592781984*x^2-10952476592640*x+502528165779600
constructing eigenvector for poly
x^3+9*x^2+27*x+27
constructing eigenvector for poly
x^3-9*x^2+27*x-27
constructing eigenvector for poly
x^3+27*x^2+243*x+729
constructing eigenvector for poly
x^3+12*x^2+48*x+64
constructing eigenvector for poly
x^3+9*x^2+27*x+27
constructing eigenvector for poly
x^3-111*x^2+4107*x-50653
constructing eigenvector for poly
x^3+225*x^2+16875*x+421875
constructing eigenvector for poly
x+13
constructing eigenvector for poly
x^2+14*x+47
constructing eigenvector for poly
x^6+17*x^5+45*x^4-197*x^3-420*x^2+992*x-356
constructing eigenvector for poly
x^3+9*x^2+27*x+27
constructing eigenvector for poly
x^3-9*x^2+27*x-27
constructing eigenvector for poly
x^3+27*x^2+243*x+729
constructing eigenvector for poly
x^3+12*x^2+48*x+64
constructing eigenvector for poly
x^3+9*x^2+27*x+27
constructing eigenvector for poly
x^3-111*x^2+4107*x-50653
constructing eigenvector for poly
x^3+225*x^2+16875*x+421875
constructing eigenvector for poly
x-1
constructing eigenvector for poly
x+7
constructing eigenvector for poly
x+5
constructing eigenvector for poly
x+10
constructing eigenvector for poly
x^4+3*x^3-47*x^2+27*x+58
constructing eigenvector for poly
x^3+27*x^2+213*x+461
constructing eigenvector for poly
x+5
constructing eigenvector for poly
x+2
constructing eigenvector for poly
x-14
constructing eigenvector for poly
x-6
constructing eigenvector for poly
x-1
constructing eigenvector for poly
x^3+4*x^2+x-3
constructing eigenvector for poly
x^4+3*x^3-47*x^2+27*x+58
constructing eigenvector for poly
x^11-127*x^10+7139*x^9-233942*x^8+4952520*x^7-70895652*x^6+697667432*x^5-4698960512*x^4+21117652672*x^3-59939919424*x^2+96001113984*x-65167405056
constructing eigenvector for poly
x^18+7*x^17-252*x^16-1614*x^15+23411*x^14+128476*x^13-1013792*x^12-4068718*x^11+21978852*x^10+42426563*x^9-232927406*x^8-15477576*x^7+833738496*x^6-929925888*x^5+254253504*x^4+84530304*x^3-43568128*x^2+2204928*x+373248
constructing eigenvector for poly
x^5-55*x^4+1131*x^3-10730*x^2+46284*x-72520
constructing eigenvector for poly
x^4-40*x^3+576*x^2-3520*x+7744
constructing eigenvector for poly
x^4-76*x^3+1950*x^2-19228*x+64009
constructing eigenvector for poly
x^4-144*x^3+7626*x^2-175824*x+1490841
constructing eigenvector for poly
x^4-504*x^3+94770*x^2-7879032*x+244390689
constructing eigenvector for poly
x^4-596*x^3+130302*x^2-12366404*x+430521001
constructing eigenvector for poly
x^4-1272*x^3+594048*x^2-120555072*x+8982490176
constructing eigenvector for poly
x^4-1736*x^3+1130136*x^2-326986016*x+35477982736
computing eigenvectors took 158.443306 sec
For conductor 1, eigenvectors are:
-4*a^8 + 380*a^7 - 15400*a^6 + 346796*a^5 - 4730816*a^4 + 39880112*a^3 - 202078480*a^2 + 560867232*a - 651199552 4*a^8 - 380*a^7 + 15400*a^6 - 346796*a^5 + 4730816*a^4 - 39880112*a^3 + 202078480*a^2 - 560867232*a + 651199552 -6*a^7 + 492*a^6 - 16782*a^5 + 308046*a^4 - 3280992*a^3 + 20260920*a^2 - 67222872*a + 92814288 -6*a^7 + 480*a^6 - 16122*a^5 + 296082*a^4 - 3228024*a^3 + 20953800*a^2 - 74779368*a + 112368912 -6*a^6 + 312*a^5 - 5178*a^4 + 14532*a^3 + 406536*a^2 - 3760392*a + 9346080 -12*a^6 + 912*a^5 - 27660*a^4 + 426216*a^3 - 3497376*a^2 + 14386800*a - 23048352 12*a^6 - 912*a^5 + 27660*a^4 - 426216*a^3 + 3497376*a^2 - 14386800*a + 23048352 -2*a^7 + 160*a^6 - 5362*a^5 + 98158*a^4 - 1068040*a^3 + 6944536*a^2 - 24938360*a + 37743792 -a^8 + 91*a^7 - 3531*a^6 + 76334*a^5 - 1007006*a^4 + 8320076*a^3 - 42135568*a^2 + 119585992*a - 145074224 3*a^8 - 273*a^7 + 10521*a^6 - 223682*a^5 + 2862890*a^4 - 22553852*a^3 + 106769120*a^2 - 277947608*a + 305241392 6*a^7 - 494*a^6 + 16848*a^5 - 307512*a^4 + 3233136*a^3 - 19519008*a^2 + 62492544*a - 81639328 6*a^7 - 494*a^6 + 16848*a^5 - 307512*a^4 + 3233136*a^3 - 19519008*a^2 + 62492544*a - 81639328 -4*a^7 + 314*a^6 - 10144*a^5 + 173956*a^4 - 1702960*a^3 + 9504448*a^2 - 28136688*a + 34322048 -4*a^7 + 314*a^6 - 10144*a^5 + 173956*a^4 - 1702960*a^3 + 9504448*a^2 - 28136688*a + 34322048 -2*a^7 + 172*a^6 - 6022*a^5 + 110122*a^4 - 1121008*a^3 + 6251656*a^2 - 17381864*a + 18189168 2*a^7 - 190*a^6 + 7458*a^5 - 156348*a^4 + 1883448*a^3 - 12979608*a^2 + 47160640*a - 69477536 a^8 - 91*a^7 + 3495*a^6 - 73634*a^5 + 925694*a^4 - 7070180*a^3 + 31883488*a^2 - 77493832*a + 78082640 2*a^7 - 190*a^6 + 7458*a^5 - 156348*a^4 + 1883448*a^3 - 12979608*a^2 + 47160640*a - 69477536 a^8 - 91*a^7 + 3495*a^6 - 73714*a^5 + 930190*a^4 - 7163596*a^3 + 32750064*a^2 - 80867784*a + 82084528 -2*a^7 + 190*a^6 - 7458*a^5 + 156348*a^4 - 1883448*a^3 + 12979608*a^2 - 47160640*a + 69477536 -2*a^7 + 184*a^6 - 7020*a^5 + 143352*a^4 - 1684716*a^3 + 11350944*a^2 - 40501360*a + 59030096 -12*a^6 + 912*a^5 - 27660*a^4 + 426216*a^3 - 3497376*a^2 + 14386800*a - 23048352 2*a^7 - 184*a^6 + 7020*a^5 - 143352*a^4 + 1684716*a^3 - 11350944*a^2 + 40501360*a - 59030096 6*a^7 - 494*a^6 + 16848*a^5 - 307512*a^4 + 3233136*a^3 - 19519008*a^2 + 62492544*a - 81639328 -2*a^7 + 166*a^6 - 5692*a^5 + 104140*a^4 - 1094524*a^3 + 6598096*a^2 - 21160112*a + 27966480 -2*a^7 + 166*a^6 - 5692*a^5 + 104140*a^4 - 1094524*a^3 + 6598096*a^2 - 21160112*a + 27966480 2*a^7 - 166*a^6 + 5692*a^5 - 104140*a^4 + 1094524*a^3 - 6598096*a^2 + 21160112*a - 27966480 4*a^7 - 314*a^6 + 10144*a^5 - 173956*a^4 + 1702960*a^3 - 9504448*a^2 + 28136688*a - 34322048 a^8 - 89*a^7 + 3329*a^6 - 67964*a^5 + 822998*a^4 - 6010412*a^3 + 25658584*a^2 - 58038552*a + 52548336 -2*a^7 + 184*a^6 - 7020*a^5 + 143352*a^4 - 1684716*a^3 + 11350944*a^2 - 40501360*a + 59030096 -6*a^7 + 494*a^6 - 16848*a^5 + 307512*a^4 - 3233136*a^3 + 19519008*a^2 - 62492544*a + 81639328 4*a^7 - 326*a^6 + 11072*a^5 - 203102*a^4 + 2174516*a^3 - 13602728*a^2 + 46080616*a - 65279040 -a^8 + 89*a^7 - 3329*a^6 + 68004*a^5 - 825246*a^4 + 6057120*a^3 - 26091872*a^2 + 59725528*a - 54549280 a^8 - 93*a^7 + 3697*a^6 - 82044*a^5 + 1111950*a^4 - 9426552*a^3 + 48793760*a^2 - 140728248*a + 172609472 6*a^7 - 494*a^6 + 16848*a^5 - 307512*a^4 + 3233136*a^3 - 19519008*a^2 + 62492544*a - 81639328 -8*a^7 + 660*a^6 - 22558*a^5 + 412456*a^4 - 4339612*a^3 + 26177200*a^2 - 83634800*a + 109174576 2*a^7 - 166*a^6 + 5692*a^5 - 104140*a^4 + 1094524*a^3 - 6598096*a^2 + 21160112*a - 27966480 -a^8 + 93*a^7 - 3697*a^6 + 82004*a^5 - 1109702*a^4 + 9379844*a^3 - 48360472*a^2 + 139041272*a - 170608528 2*a^7 - 184*a^6 + 7020*a^5 - 143352*a^4 + 1684716*a^3 - 11350944*a^2 + 40501360*a - 59030096 -8*a^7 + 660*a^6 - 22558*a^5 + 412456*a^4 - 4339612*a^3 + 26177200*a^2 - 83634800*a + 109174576 12*a^6 - 912*a^5 + 27660*a^4 - 426216*a^3 + 3497376*a^2 - 14386800*a + 23048352 -2*a^7 + 166*a^6 - 5692*a^5 + 104140*a^4 - 1094524*a^3 + 6598096*a^2 - 21160112*a + 27966480 -6*a^7 + 494*a^6 - 16848*a^5 + 307512*a^4 - 3233136*a^3 + 19519008*a^2 - 62492544*a + 81639328 -2*a^7 + 166*a^6 - 5692*a^5 + 104140*a^4 - 1094524*a^3 + 6598096*a^2 - 21160112*a + 27966480 -a^8 + 91*a^7 - 3495*a^6 + 73674*a^5 - 927942*a^4 + 7116888*a^3 - 32316776*a^2 + 79180808*a - 80083584 2*a^7 - 166*a^6 + 5732*a^5 - 106388*a^4 + 1141232*a^3 - 7031384*a^2 + 22847088*a - 29967424 8*a^7 - 660*a^6 + 22558*a^5 - 412456*a^4 + 4339612*a^3 - 26177200*a^2 + 83634800*a - 109174576 2*a^7 - 166*a^6 + 5692*a^5 - 104140*a^4 + 1094524*a^3 - 6598096*a^2 + 21160112*a - 27966480 -2*a^7 + 166*a^6 - 5732*a^5 + 106388*a^4 - 1141232*a^3 + 7031384*a^2 - 22847088*a + 29967424 2*a^7 - 166*a^6 + 5692*a^5 - 104140*a^4 + 1094524*a^3 - 6598096*a^2 + 21160112*a - 27966480 2*a^7 - 166*a^6 + 5732*a^5 - 106388*a^4 + 1141232*a^3 - 7031384*a^2 + 22847088*a - 29967424 -2*a^7 + 166*a^6 - 5732*a^5 + 106388*a^4 - 1141232*a^3 + 7031384*a^2 - 22847088*a + 29967424 over Number field with defining polynomial x^9-105*x^8+4749*x^7-120996*x^6+1906204*x^5-19175896*x^4+122651952*x^3-479045872*x^2+1032847120*x-933098176
-15 15 3 15 9 3 -3 3 3 -5 -1 -1 -5 -5 -9 -1 -1 -1 -1 1 -1 3 1 -1 -3 -3 3 5 -1 -1 1 -3 1 -3 -1 1 3 3 1 1 -3 -3 1 -3 1 3 -1 3 -3 3 3 -3 over Number field with defining polynomial x-8
-1 -1 -1 -1 -1 -1 -1 -1 -1 -1 -1 -1 -1 -1 -1 -1 -1 -1 -1 -1 -1 -1 -1 -1 -1 -1 -1 -1 -1 -1 -1 -1 -1 -1 -1 -1 -1 -1 -1 -1 -1 -1 -1 -1 -1 -1 -1 -1 -1 -1 -1 -1 over Number field with defining polynomial x-40
0 0 0 0 0 0 0 0 0 0 0 0 8 -8 0 4*a+16 0 -4*a-16 0 0 -4 0 -4 2*a+8 -4 4 -4 0 0 4 0 0 0 0 -2*a-8 2*a+8 4 0 4 -2*a-8 0 a+4 0 -a-4 0 a+4 0 a+4 a+4 -a-4 -a-4 -a-4 over Number field with defining polynomial x^2+9*x+16
0 0 -48*a^5 + 240*a^4 + 876*a^3 - 4920*a^2 - 2868*a + 8568 0 -54*a^5 + 264*a^4 + 486*a^3 - 2106*a^2 - 1920*a + 3810 -36*a^5 + 48*a^4 + 1056*a^3 + 12*a^2 - 2844*a + 2412 36*a^5 - 48*a^4 - 1056*a^3 - 12*a^2 + 2844*a - 2412 52*a^5 - 256*a^4 - 616*a^3 + 3044*a^2 + 2236*a - 5396 8*a^4 - 232*a^3 - 116*a^2 + 2728*a - 2700 0 28*a^5 - 192*a^4 - 456*a^3 + 2804*a^2 - 628*a - 2620 28*a^5 - 192*a^4 - 456*a^3 + 2804*a^2 - 628*a - 2620 0 0 4*a^5 - 16*a^4 + 260*a^3 - 1876*a^2 - 632*a + 3172 -12*a^5 + 60*a^4 + 392*a^3 - 1016*a^2 - 1660*a + 2468 12*a^5 - 20*a^4 - 600*a^3 + 120*a^2 + 2084*a - 940 -12*a^5 + 60*a^4 + 392*a^3 - 1016*a^2 - 1660*a + 2468 -12*a^5 + 28*a^4 + 368*a^3 - 236*a^2 + 644*a - 1760 12*a^5 - 60*a^4 - 392*a^3 + 1016*a^2 + 1660*a - 2468 18*a^5 - 136*a^4 - 68*a^3 + 1286*a^2 - 626*a - 750 44*a^4 + 40*a^3 - 1020*a^2 - 712*a + 1664 -18*a^5 + 136*a^4 + 68*a^3 - 1286*a^2 + 626*a + 750 22*a^4 + 2*a^3 - 16*a^2 + 258*a - 2 -10*a^5 - 12*a^4 + 284*a^3 + 274*a^2 - 194*a - 738 -10*a^5 - 12*a^4 + 284*a^3 + 274*a^2 - 194*a - 738 10*a^5 + 12*a^4 - 284*a^3 - 274*a^2 + 194*a + 738 0 36*a^5 - 214*a^4 - 528*a^3 + 2478*a^2 - 652*a - 988 18*a^5 - 136*a^4 - 68*a^3 + 1286*a^2 - 626*a - 750 -28*a^5 + 192*a^4 + 456*a^3 - 2804*a^2 + 628*a + 2620 -2*a^5 + 8*a^4 - 130*a^3 + 938*a^2 + 316*a - 1586 -24*a^5 + 190*a^4 + 44*a^3 - 2300*a^2 + 1372*a + 1398 -36*a^5 + 210*a^4 + 644*a^3 - 2420*a^2 - 712*a + 2338 22*a^4 + 2*a^3 - 16*a^2 + 258*a - 2 14*a^5 - 74*a^4 - 226*a^3 + 1386*a^2 - 56*a - 1312 10*a^5 + 12*a^4 - 284*a^3 - 274*a^2 + 194*a + 738 24*a^5 - 186*a^4 - 160*a^3 + 2242*a^2 - 8*a - 2748 -18*a^5 + 136*a^4 + 68*a^3 - 1286*a^2 + 626*a + 750 14*a^5 - 74*a^4 - 226*a^3 + 1386*a^2 - 56*a - 1312 -44*a^4 - 40*a^3 + 1020*a^2 + 712*a - 1664 20*a^4 - 82*a^3 + 146*a^2 - 90*a - 92 -22*a^4 - 2*a^3 + 16*a^2 - 258*a + 2 20*a^4 - 82*a^3 + 146*a^2 - 90*a - 92 -4*a^4 + 116*a^3 + 58*a^2 - 1364*a + 1350 -10*a^4 + 52*a^3 + 224*a^2 - 106*a - 382 -14*a^5 + 74*a^4 + 226*a^3 - 1386*a^2 + 56*a + 1312 -20*a^4 + 82*a^3 - 146*a^2 + 90*a + 92 10*a^4 - 52*a^3 - 224*a^2 + 106*a + 382 -20*a^4 + 82*a^3 - 146*a^2 + 90*a + 92 -10*a^4 + 52*a^3 + 224*a^2 - 106*a - 382 10*a^4 - 52*a^3 - 224*a^2 + 106*a + 382 over Number field with defining polynomial x^6-8*x^5-6*x^4+117*x^3-89*x^2-153*x+136
0 0 -12*a^5 - 228*a^4 - 924*a^3 + 348*a^2 + 4056*a - 2160 0 6*a^5 + 114*a^4 + 462*a^3 - 174*a^2 - 2028*a + 1080 0 0 0 -12*a^5 - 188*a^4 - 468*a^3 + 1092*a^2 + 1968*a - 1168 0 -4*a^5 - 84*a^4 - 428*a^3 + 284*a^2 + 3536*a - 1792 4*a^5 + 84*a^4 + 428*a^3 - 284*a^2 - 3536*a + 1792 -4*a^5 - 60*a^4 - 36*a^3 + 764*a^2 + 208*a - 256 4*a^5 + 60*a^4 + 36*a^3 - 764*a^2 - 208*a + 256 4*a^5 + 76*a^4 + 308*a^3 - 116*a^2 - 1352*a + 720 -8*a^5 - 144*a^4 - 488*a^3 + 1056*a^2 + 4344*a - 2208 8*a^5 + 120*a^4 + 184*a^3 - 1296*a^2 - 1528*a + 1152 8*a^5 + 144*a^4 + 528*a^3 - 480*a^2 - 2768*a + 1392 4*a^5 + 68*a^4 + 236*a^3 + 220*a^2 + 760*a - 304 20*a^3 + 288*a^2 + 788*a - 408 2*a^5 + 42*a^4 + 250*a^3 + 190*a^2 - 1096*a + 376 -20*a^3 - 288*a^2 - 788*a + 408 2*a^5 + 42*a^4 + 250*a^3 + 190*a^2 - 1096*a + 376 2*a^5 + 46*a^4 + 250*a^3 - 58*a^2 - 1816*a + 784 -2*a^5 - 30*a^4 - 34*a^3 + 338*a^2 + 220*a - 16 2*a^5 + 30*a^4 + 34*a^3 - 338*a^2 - 220*a + 16 -6*a^5 - 114*a^4 - 502*a^3 + 46*a^2 + 2180*a - 992 0 -4*a^5 - 60*a^4 - 92*a^3 + 648*a^2 + 764*a - 576 -2*a^5 - 42*a^4 - 250*a^3 - 190*a^2 + 1096*a - 376 0 -2*a^5 - 38*a^4 - 154*a^3 + 58*a^2 + 676*a - 360 2*a^5 + 34*a^4 + 142*a^3 + 102*a^2 - 220*a + 8 -2*a^5 - 34*a^4 - 118*a^3 - 110*a^2 - 380*a + 152 -2*a^5 - 26*a^4 + 30*a^3 + 302*a^2 - 688*a + 328 4*a^5 + 60*a^4 + 124*a^3 - 364*a^2 - 276*a + 248 6*a^5 + 114*a^4 + 502*a^3 - 46*a^2 - 2180*a + 992 4*a^5 + 60*a^4 + 116*a^3 - 656*a^2 - 1364*a + 736 -2*a^5 - 42*a^4 - 250*a^3 - 190*a^2 + 1096*a - 376 -4*a^5 - 80*a^4 - 404*a^3 + 120*a^2 + 2780*a - 1360 -20*a^3 - 288*a^2 - 788*a + 408 -2*a^5 - 32*a^4 - 88*a^3 - 8*a^2 - 284*a + 300 10*a^4 + 140*a^3 + 122*a^2 - 1252*a + 556 2*a^5 + 26*a^4 + 12*a^3 - 178*a^2 + 484*a - 252 -12*a^3 + 4*a^2 + 300*a - 80 126*a^2 + 504*a - 312 -10*a^4 - 140*a^3 - 122*a^2 + 1252*a - 556 4*a^5 + 76*a^4 + 326*a^3 - 300*a^2 - 2384*a + 1136 -6*a^4 - 104*a^3 - 164*a^2 + 700*a - 356 -4*a^5 - 82*a^4 - 402*a^3 + 114*a^2 + 2584*a - 1088 6*a^4 + 76*a^3 + 60*a^2 - 704*a + 264 12*a^4 + 180*a^3 + 350*a^2 - 900*a + 308 over Number field with defining polynomial x^6+17*x^5+45*x^4-197*x^3-420*x^2+992*x-356
0 0 36*a+36 0 3*a^2 + 24*a + 48 -18*a-72 18*a+72 -2*a^2 - 28*a - 44 2*a^2 + 4*a - 16 0 -2*a^2 - 16*a - 32 -2*a^2 - 16*a - 32 0 0 -2*a^2 + 8*a - 8 -12*a-12 -12*a-12 -12*a-12 2*a^2 + 16*a - 4 12*a+12 2*a^2 + 4*a + 2 -6*a+12 -2*a^2 - 4*a - 2 6*a+24 -a^2 - 2*a + 26 -a^2 - 2*a + 26 a^2 + 2*a - 26 0 6*a+24 2*a^2 + 4*a + 2 2*a^2 + 16*a + 32 a^2 - 4*a + 4 -a^2 - 20*a - 28 -a^2 - 8*a - 16 6*a+24 -a^2 - 2*a + 8 a^2 + 2*a - 26 2*a^2 + 22*a + 20 -2*a^2 - 4*a - 2 -a^2 - 2*a + 8 6*a-12 a^2 + 8*a - 2 -6*a-24 a^2 + 8*a - 2 -a^2 - 2*a + 8 6*a+6 a^2 + 2*a - 8 -a^2 - 8*a + 2 -6*a-6 -a^2 - 8*a + 2 6*a+6 -6*a-6 over Number field with defining polynomial x^3+6*x^2-36*x-68
0 0 126*a^2 + 198*a - 504 0 -63*a^2 - 99*a + 252 0 0 0 -12*a^2 + 42*a + 6 0 180*a-384 -180*a+384 16*a^2 - 56*a - 8 -16*a^2 + 56*a + 8 -42*a^2 - 66*a + 168 -6*a^2 + 122*a - 110 54*a^2 + 114*a - 366 66*a^2 + 274*a - 598 -18*a^2 - 240*a + 348 30*a^2 + 198*a - 354 4*a^2 - 14*a - 2 -30*a^2 - 198*a + 354 4*a^2 - 14*a - 2 36*a^2 + 31*a - 148 34*a^2 + 94*a - 164 -34*a^2 - 94*a + 164 -26*a^2 - 122*a + 160 0 -27*a^2 - 57*a + 183 -4*a^2 + 14*a + 2 0 21*a^2 + 33*a - 84 -21*a^2 - 78*a + 180 9*a^2 + 120*a - 174 -36*a^2 + 59*a - 44 -48*a^2 - 191*a + 380 26*a^2 + 122*a - 160 15*a^2 + 99*a - 177 -4*a^2 + 14*a + 2 48*a^2 + 101*a - 188 -30*a^2 - 198*a + 354 12*a^2 + 59*a - 119 45*a-96 -24*a^2 - 17*a + 125 6*a^2 - 21*a - 3 24*a^2 + 17*a - 125 -45*a+96 101*a-113 12*a^2 + 59*a - 119 -12*a^2 - 59*a + 119 -12*a^2 - 59*a + 119 -101*a+113 over Number field with defining polynomial x^3+2*x^2-17*x+17
12*a^5 - 18660*a^4 + 11146872*a^3 - 3134674308*a^2 + 397624249272*a - 16102592680800 12*a^5 - 18660*a^4 + 11146872*a^3 - 3134674308*a^2 + 397624249272*a - 16102592680800 -18*a^5 + 33174*a^4 - 24345510*a^3 + 8896481712*a^2 - 1619342188236*a + 117486586202640 -6*a^5 + 9678*a^4 - 6119238*a^3 + 1885083228*a^2 - 280334322756*a + 15839256352848 -30*a^5 + 56424*a^4 - 42288072*a^3 + 15792473958*a^2 - 2939638166820*a + 218249393057064 24*a^5 - 43878*a^4 + 32060706*a^3 - 11703465858*a^2 + 2134441956336*a - 155591153545800 24*a^5 - 43878*a^4 + 32060706*a^3 - 11703465858*a^2 + 2134441956336*a - 155591153545800 -26*a^5 + 48674*a^4 - 36307218*a^3 + 13493809876*a^2 - 2499539507292*a + 184661790772256 8*a^5 - 15900*a^4 + 12518524*a^3 - 4887405408*a^2 + 947220135452*a - 72969724394720 -8*a^5 + 14452*a^4 - 10435552*a^3 + 3765708440*a^2 - 679205423428*a + 48994098523072 20*a^5 - 36348*a^4 + 26384040*a^3 - 9562091488*a^2 + 1730387374576*a - 125091671440928 20*a^5 - 36556*a^4 + 26698716*a^3 - 9739933400*a^2 + 1774904773552*a - 129257558192736 -16*a^5 + 29784*a^4 - 22171220*a^3 + 8247777972*a^2 - 1532971765576*a + 113867235998368 -16*a^5 + 29388*a^4 - 21565128*a^3 + 7903068220*a^2 - 1446506043840*a + 105787445306064 -22*a^5 + 40842*a^4 - 30231794*a^3 + 11156677048*a^2 - 2053203552132*a + 150779347488992 -4*a^5 + 7944*a^4 - 6237340*a^3 + 2425129232*a^2 - 467638166960*a + 35820076805216 -684*a^4 + 1005236*a^3 - 553164940*a^2 + 135098253308*a - 12356904298608 12*a^5 - 22384*a^4 + 16651740*a^3 - 6176276456*a^2 + 1142354768432*a - 84300020056256 -556*a^4 + 802744*a^3 - 434381532*a^2 + 104414800924*a - 9407634911536 4*a^5 - 7220*a^4 + 5207200*a^3 - 1875573612*a^2 + 337358300736*a - 24239971625520 742*a^4 - 1129678*a^3 + 640198620*a^2 - 160230179980*a + 14956569120280 868*a^4 - 1273208*a^3 + 699126032*a^2 - 170344559192*a + 15541010431888 18*a^5 - 34180*a^4 + 25862406*a^3 - 9750664570*a^2 + 1832333937312*a - 137336864727112 -4*a^5 + 8138*a^4 - 6528042*a^3 + 2587967648*a^2 - 508062225556*a + 39573431869648 -166*a^4 + 268962*a^3 - 161234116*a^2 + 42490008912*a - 4161013212544 -262*a^4 + 403890*a^3 - 231574396*a^2 + 58602124620*a - 5528025004312 -440*a^4 + 667270*a^3 - 377877974*a^2 + 94752483120*a - 8879758291608 -16*a^5 + 29586*a^4 - 21868174*a^3 + 8075423096*a^2 - 1489738904708*a + 109827340652216 4*a^5 - 8232*a^4 + 6670722*a^3 - 2668166874*a^2 + 527887196152*a - 41394611097152 18*a^5 - 34556*a^4 + 26428832*a^3 - 10069323024*a^2 + 1911717156680*a - 144728493360560 20*a^5 - 36452*a^4 + 26541378*a^3 - 9651012444*a^2 + 1752646074064*a - 127174614816832 -18*a^5 + 33092*a^4 - 24250940*a^3 + 8858012966*a^2 - 1613104892604*a + 117191745204184 -4*a^5 + 6944*a^4 - 4806316*a^3 + 1658390050*a^2 - 285325583288*a + 19587300361744 4*a^5 - 8296*a^4 + 6771968*a^3 - 2727558578*a^2 + 543228922344*a - 42869245790688 -4*a^5 + 7930*a^4 - 6213366*a^3 + 2410125736*a^2 - 463544826580*a + 35407545117840 8*a^5 - 15282*a^4 + 11655490*a^3 - 4435747500*a^2 + 842237527748*a - 63825176687936 12*a^4 + 5582*a^3 - 14930538*a^2 + 6339650412*a - 809279925248 -4*a^5 + 6880*a^4 - 4705070*a^3 + 1598998346*a^2 - 269983857096*a + 18112665668208 366*a^4 - 563252*a^3 + 321540166*a^2 - 80846960612*a + 7564940486832 -8*a^5 + 15510*a^4 - 11953250*a^3 + 4581066916*a^2 - 873639711388*a + 66359345699488 868*a^4 - 1273208*a^3 + 699126032*a^2 - 170344559192*a + 15541010431888 -2*a^4 - 17942*a^3 + 20958358*a^2 - 7734790776*a + 939035662800 -4*a^5 + 8034*a^4 - 6370704*a^3 + 2499046692*a^2 - 485803526068*a + 37490488493744 94*a^4 - 152870*a^3 + 91298638*a^2 - 23846906484*a + 2306047454568 -672*a^4 + 972738*a^3 - 527310860*a^2 + 126881941564*a - 11435041270448 -40*a^4 + 48930*a^3 - 21664534*a^2 + 4044228192*a - 259213198048 114*a^4 - 148880*a^3 + 72659708*a^2 - 15701091820*a + 1267084505776 -180*a^4 + 245438*a^3 - 125345220*a^2 + 28415567724*a - 2412697624496 198*a^4 - 303374*a^3 + 172723476*a^2 - 43371000684*a + 4057154642672 272*a^4 - 416250*a^3 + 237602216*a^2 - 59997264984*a + 5657780741864 -204*a^4 + 297426*a^3 - 162703790*a^2 + 39574925908*a - 3610859823464 -442*a^4 + 649730*a^3 - 357091800*a^2 + 86990154784*a - 7927227664184 over Number field with defining polynomial x^6-2287*x^5+2170365*x^4-1094263494*x^3+309215305444*x^2-46443141003156*x+2897219147996504
48*a-27072 48*a-27072 2*a^2 - 1150*a + 162048 2*a^2 - 1150*a + 162048 2*a^2 - 1150*a + 162048 4*a^2 - 2288*a + 317328 4*a^2 - 2288*a + 317328 2*a^2 - 1150*a + 162048 54*a-15492 54*a-15492 192*a-48432 192*a-48432 192*a-48432 192*a-48432 2*a^2 - 1150*a + 162048 2*a^2 - 1252*a + 189648 54*a-15492 2*a^2 - 1252*a + 189648 54*a-15492 2*a^2 - 1252*a + 189648 -12*a+6768 2*a^2 - 1252*a + 189648 -12*a+6768 -2*a^2 + 1192*a - 170772 -84*a+17448 -84*a+17448 -84*a+17448 192*a-48432 54*a-15492 -12*a+6768 192*a-48432 2*a^2 - 1150*a + 162048 54*a-15492 54*a-15492 -2*a^2 + 1192*a - 170772 -2*a^2 + 1192*a - 170772 -84*a+17448 54*a-15492 -12*a+6768 -2*a^2 + 1192*a - 170772 2*a^2 - 1252*a + 189648 -48*a+12108 -2*a^2 + 1192*a - 170772 -48*a+12108 54*a-15492 -48*a+12108 -2*a^2 + 1192*a - 170772 -48*a+12108 -48*a+12108 -48*a+12108 -48*a+12108 -48*a+12108 over Number field with defining polynomial x^3-868*x^2+244288*x-22417140
0 0 0 0 0 -12 -12 0 0 0 8 0 0 0 0 0 0 0 0 0 0 4 0 -4 4 0 0 0 0 0 4 0 0 0 0 0 4 0 0 0 4 0 -2 -2 0 0 0 0 0 -2 0 0 over Number field with defining polynomial x+75
For conductor 2, eigenvectors are:
4 -1 2 -1 0 -1 2 -1 -1 1 -1 -1 over Number field with defining polynomial x+13
0 a+6 0 -a-6 0 -1 0 -a-6 1 -a-6 1 -1 over Number field with defining polynomial x^2+14*x+47
-2*a^4 + 20*a^3 + 34*a^2 - 364*a + 324 -a^5 - 16*a^4 - 45*a^3 + 61*a^2 + 136*a - 88 5*a^4 + 26*a^3 - 27*a^2 - 160*a + 100 -4*a^4 - 30*a^3 - 23*a^2 + 150*a - 4 26*a^3 + 62*a^2 - 226*a - 4 a^5 + 12*a^4 + 12*a^3 - 92*a^2 + 20*a - 32 -5*a^4 - 58*a^3 - 51*a^2 + 398*a - 328 -a^5 - 13*a^4 - 11*a^3 + 134*a^2 - 4*a - 180 a^5 + 15*a^4 + 32*a^3 - 147*a^2 - 278*a + 396 a^4 - 4*a^3 - 50*a^2 - 10*a + 96 -3*a^3 - 8*a^2 + 6*a - 116 3*a^4 + 17*a^3 - 63*a^2 - 292*a + 312 over Number field with defining polynomial x^6+17*x^5+45*x^4-197*x^3-420*x^2+992*x-356
0 0 2 2 0 0 0 0 0 -2 0 0 over Number field with defining polynomial x+75
For conductor 61, eigenvectors are:
1 1 -2 0 2 1 -1 0 0 1 -1 over Number field with defining polynomial x-1
-1 -1 2 0 0 1 -3 2 0 3 1 over Number field with defining polynomial x+7
-1 0 -1 2 -1 0 1 1 -1 1 -1 over Number field with defining polynomial x+5
-1 -1 -1 0 0 1 0 -1 0 0 1 over Number field with defining polynomial x+10
a^3 - 11*a^2 + 8*a + 26 -4*a^3 + 22*a^2 - 14*a - 22 -a^3 + 3*a^2 - 2*a - 6 2*a^3 - 12*a^2 - 14*a + 24 2*a^3 - 9*a^2 - 5*a + 18 -4*a^3 + 22*a^2 - 14*a - 22 -a^3 + 5*a^2 - 2*a + 16 7*a^2 - 15*a + 8 a^3 + 1*a^2 - 22*a + 20 -5*a^2 + 15*a + 14 -a^2 - 9*a + 28 over Number field with defining polynomial x^4+3*x^3-47*x^2+27*x+58
-2*a^2 - 44*a - 233 a^2 + 28*a + 169 a^2 + 16*a + 64 0 2*a^2 + 35*a + 152 -a^2 - 28*a - 169 a^2 + 16*a + 64 -a^2 - 25*a - 145 6*a+57 a^2 + 25*a + 145 3*a+24 over Number field with defining polynomial x^3+27*x^2+213*x+461
For conductor 122, eigenvectors are:
0 0 0 0 0 0 0 8 0 0 0 0 0 0 4 0 4 0 4 0 4 2 0 0 0 0 0 4 0 0 -4 0 2 2 0 4 -4 2 4 1 -2 -1 2 1 -2 -1 -1 1 1 -1 over Number field with defining polynomial x+5
0 -18 0 9 0 0 0 2 0 6 6 -6 6 -6 4 0 -8 6 1 -6 1 11 -3 -3 3 6 0 1 6 3 -1 3 -7 8 -3 -2 -1 -10 -2 -2 1 -4 -1 -5 -2 2 -1 -2 1 -1 over Number field with defining polynomial x+2
0 6 -12 3 0 0 -4 -2 -4 -2 -2 2 -2 2 0 0 0 -2 1 0 1 -1 -1 -1 1 -2 2 1 -2 1 1 1 -3 2 -1 0 -1 0 0 4 -1 -2 -1 -1 2 2 -3 -2 -3 -3 over Number field with defining polynomial x-14
0 6 0 -3 0 0 0 2 0 6 6 -6 6 2 -4 -8 8 -2 1 6 1 -5 1 1 -1 6 4 1 6 -1 3 -1 1 -4 1 2 -1 2 2 -2 1 -4 -1 -5 2 2 -1 -2 1 -1 over Number field with defining polynomial x-6
0 -12 0 6 0 0 0 -4 0 8 8 12 -12 -4 8 -4 4 -16 -2 -2 -2 0 -2 -2 2 -12 2 -2 8 2 4 -8 -2 -2 -2 6 2 -4 6 -1 3 -2 2 0 1 1 2 4 3 -3 over Number field with defining polynomial x-1
0 -12*a+12 0 6*a-6 0 0 0 4*a^2 + 8*a - 8 0 0 0 0 0 -4*a+4 4*a^2 + 12*a - 8 -4*a^2 - 4*a + 8 4*a^2 + 12*a - 8 8*a^2 + 20*a - 16 -4*a^2 - 8*a + 8 0 -4*a^2 - 8*a + 8 -4*a+2 4*a-4 4*a-4 -4*a+4 0 2*a^2 + 2*a - 4 -4*a^2 - 8*a + 8 0 2*a-2 -2*a 4*a^2 + 10*a - 8 -4*a+2 -2 4*a-4 -2*a^2 - 6*a + 4 4*a^2 + 8*a - 8 -2 4*a^2 + 12*a - 8 2*a^2 + 4*a - 4 2 -2*a^2 - 4*a + 4 -2*a^2 - 4*a + 4 2*a^2 + 4*a - 4 4*a-2 -2*a^2 - 4*a + 4 -2*a^2 - 4*a + 4 2*a^2 + 4*a - 4 2*a^2 + 4*a - 4 -2*a^2 - 4*a + 4 over Number field with defining polynomial x^3+4*x^2+x-3
0 108*a^3 - 180*a^2 - 324*a - 252 0 -54*a^3 + 90*a^2 + 162*a + 126 0 0 0 12*a^3 - 372*a^2 + 588*a + 900 0 36*a^3 + 180*a^2 - 252*a - 36 36*a^3 + 180*a^2 - 252*a - 36 12*a^3 - 12*a^2 + 420*a + 228 -12*a^3 + 12*a^2 - 420*a - 228 36*a^3 - 60*a^2 - 108*a - 84 24*a^3 + 192*a^2 - 624*a - 1008 24*a^3 + 192*a^2 - 672*a - 264 -48*a^3 - 96*a^2 + 456*a + 576 12*a^3 - 12*a^2 + 420*a + 228 -6*a^3 + 42*a^2 + 126*a - 102 -36*a^3 - 144*a^2 + 540*a + 792 -6*a^3 + 42*a^2 + 126*a - 102 -6*a^3 - 78*a^2 + 174*a + 246 18*a^3 - 30*a^2 - 54*a - 42 18*a^3 - 30*a^2 - 54*a - 42 -18*a^3 + 30*a^2 + 54*a + 42 -12*a^3 + 12*a^2 - 420*a - 228 -12*a^3 - 96*a^2 + 336*a + 132 -6*a^3 + 42*a^2 + 126*a - 102 36*a^3 + 180*a^2 - 252*a - 36 -18*a^3 + 30*a^2 + 54*a + 42 -18*a^3 + 90*a^2 + 42*a - 318 6*a^3 - 6*a^2 + 210*a + 114 -6*a^3 + 246*a^2 - 330*a - 438 12*a^3 - 108*a^2 + 120*a + 204 18*a^3 - 30*a^2 - 54*a - 42 -180*a^2 + 84*a + 336 6*a^3 - 42*a^2 - 126*a + 102 12*a^3 + 216*a^2 - 384*a - 480 -12*a^3 + 48*a^2 - 84*a - 216 72*a^2 - 222*a + 12 -12*a^3 - 54*a^2 + 132*a + 138 -6*a^3 - 48*a^2 + 156*a + 252 6*a^3 - 42*a^2 - 126*a + 102 -6*a^3 + 24*a^2 - 54*a + 78 6*a^3 - 84*a^2 + 78*a + 96 6*a^3 - 132*a^2 - 72*a + 84 -180*a^2 + 96*a + 150 -108*a^2 - 114*a - 24 12*a-186 -6*a^3 + 60*a^2 + 282*a + 90 over Number field with defining polynomial x^4+3*x^3-47*x^2+27*x+58
a vector of length 50 over Number field with defining polynomial a number field of degree 11
a vector of length 50 over Number field with defining polynomial a number field of degree 18
0 -9*a^3 + 333*a^2 - 3522*a + 8904 6*a^4 - 267*a^3 + 4263*a^2 - 29286*a + 73920 -3*a^4 + 138*a^3 - 2298*a^2 + 16404*a - 41412 0 0 2*a^4 - 89*a^3 + 1421*a^2 - 9762*a + 24640 -a^4 + 66*a^3 - 1493*a^2 + 13438*a - 38640 -a^4 + 22*a^3 - 101*a^2 - 214*a + 336 a^4 - 48*a^3 + 816*a^2 - 5644*a + 13104 a^4 - 48*a^3 + 816*a^2 - 5644*a + 13104 -a^4 + 39*a^3 - 524*a^2 + 2732*a - 4088 a^4 - 39*a^3 + 524*a^2 - 2732*a + 4088 -3*a^3 + 111*a^2 - 1174*a + 2968 2*a^4 - 82*a^3 + 1106*a^2 - 5516*a + 7840 -3*a^4 + 132*a^3 - 1951*a^2 + 11186*a - 20776 -20*a^3 + 680*a^2 - 7140*a + 21560 -a^4 + 28*a^3 - 229*a^2 + 474*a + 952 a^4 - 48*a^3 + 829*a^2 - 5984*a + 15008 -a^4 + 31*a^3 - 213*a^2 - 812*a + 6860 a^4 - 48*a^3 + 829*a^2 - 5984*a + 15008 a^4 - 56*a^3 + 1106*a^2 - 9038*a + 24584 a^4 - 46*a^3 + 766*a^2 - 5468*a + 13804 a^4 - 46*a^3 + 766*a^2 - 5468*a + 13804 -a^4 + 46*a^3 - 766*a^2 + 5468*a - 13804 a^4 - 39*a^3 + 524*a^2 - 2732*a + 4088 2*a^4 - 77*a^3 + 1026*a^2 - 5486*a + 10220 a^4 - 48*a^3 + 829*a^2 - 5984*a + 15008 a^4 - 48*a^3 + 816*a^2 - 5644*a + 13104 -a^4 + 46*a^3 - 766*a^2 + 5468*a - 13804 2*a^4 - 99*a^3 + 1722*a^2 - 12312*a + 29708 3*a^3 - 64*a^2 + 344*a + 308 -a^4 + 42*a^3 - 648*a^2 + 4246*a - 8960 -13*a^3 + 451*a^2 - 4744*a + 13748 a^4 - 46*a^3 + 766*a^2 - 5468*a + 13804 19*a^3 - 632*a^2 + 6482*a - 19796 -a^4 + 48*a^3 - 829*a^2 + 5984*a - 15008 -2*a^4 + 85*a^3 - 1303*a^2 + 8540*a - 19796 a^4 - 51*a^3 + 893*a^2 - 6328*a + 14700 2*a^4 - 89*a^3 + 1395*a^2 - 9082*a + 20832 a^4 - 36*a^3 + 426*a^2 - 1898*a + 3024 2*a^4 - 89*a^3 + 1369*a^2 - 8402*a + 17024 -a^4 + 48*a^3 - 829*a^2 + 5984*a - 15008 2*a^4 - 87*a^3 + 1353*a^2 - 8716*a + 19096 7*a^3 - 229*a^2 + 2396*a - 7812 -11*a^3 + 321*a^2 - 2938*a + 8848 -9*a^3 + 279*a^2 - 2572*a + 7112 -7*a^3 + 263*a^2 - 2886*a + 9184 -2*a^4 + 91*a^3 - 1411*a^2 + 8768*a - 18760 9*a^3 - 305*a^2 + 3252*a - 10920 over Number field with defining polynomial x^5-55*x^4+1131*x^3-10730*x^2+46284*x-72520
0 1 1 1 0 0 -1 0 0 0 0 0 0 -1 0 0 0 0 0 0 0 0 0 0 0 0 0 0 0 -1 0 0 0 0 0 0 0 0 0 0 0 0 0 0 0 0 0 0 0 0 over Number field with defining polynomial x-434
For conductor 1:
traces of hecke eigenvalues of T_{p^1} are:
105 253 474 1217 1543 2658 3347 5124 7327 9055 12137 14564 16096 19940 24731 31525 40233 46061 46678 58083 61865 69692 82037 
computing eigenvalues for k = 1, took 19.832620 sec
traces of hecke eigenvalues of T_{p^2} are:
60 114 192 
computing eigenvalues for k = 2, took 0.217983 sec
traces of hecke eigenvalues of T_{p^1} are:
8 28 80 88 204 356 424 496 1068 832 1244 1524 1944 2784 2620 2872 4744 5840 5556 5664 7208 8724 9028 
computing eigenvalues for k = 1, took 19.809387 sec
traces of hecke eigenvalues of T_{p^2} are:
-8 12 240 
computing eigenvalues for k = 2, took 0.219885 sec
traces of hecke eigenvalues of T_{p^1} are:
40 156 400 1464 2380 5220 7240 12720 25260 30784 52060 70644 81400 106080 151740 208920 305320 363024 394420 499360 578760 712980 922180 
computing eigenvalues for k = 1, took 19.753650 sec
traces of hecke eigenvalues of T_{p^2} are:
120 780 2800 
computing eigenvalues for k = 2, took 0.212807 sec
traces of hecke eigenvalues of T_{p^1} are:
-9 -6 -34 -17 44 89 9 41 78 -50 244 156 -439 51 276 -106 129 218 -98 -1219 1 -385 -247 
computing eigenvalues for k = 1, took 50.950774 sec
traces of hecke eigenvalues of T_{p^2} are:
-5 -19 30 
computing eigenvalues for k = 2, took 0.217075 sec
traces of hecke eigenvalues of T_{p^1} are:
8 -5 -14 106 -108 -148 85 420 -243 398 -112 340 396 888 1505 765 -578 111 -1502 -774 511 -1025 -1051 
computing eigenvalues for k = 1, took 20.132819 sec
traces of hecke eigenvalues of T_{p^2} are:
-24 -16 -84 
computing eigenvalues for k = 2, took 0.234175 sec
traces of hecke eigenvalues of T_{p^1} are:
-17 -10 -42 -27 206 81 101 -159 -236 286 444 -536 -1025 -767 50 300 595 1690 -1504 1399 -49 1105 -3283 
computing eigenvalues for k = 1, took 20.219302 sec
traces of hecke eigenvalues of T_{p^2} are:
3 -53 -90 
computing eigenvalues for k = 2, took 0.234327 sec
traces of hecke eigenvalues of T_{p^1} are:
-6 -11 51 11 -51 116 132 -53 710 -542 -708 -471 -446 1396 -832 -293 1167 3178 389 -941 44 1786 -464 
computing eigenvalues for k = 1, took 19.977926 sec
traces of hecke eigenvalues of T_{p^2} are:
16 74 72 
computing eigenvalues for k = 2, took 0.233948 sec
traces of hecke eigenvalues of T_{p^1} are:
-2 18 -33 -53 -21 2 -131 77 231 38 476 711 18 906 417 494 -1355 -745 -199 27 -1523 -601 687 
computing eigenvalues for k = 1, took 20.024492 sec
traces of hecke eigenvalues of T_{p^2} are:
-14 8 40 
computing eigenvalues for k = 2, took 0.235452 sec
traces of hecke eigenvalues of T_{p^1} are:
59 164 309 612 1038 1786 2287 3235 4757 5717 8337 9491 11542 13464 16843 19388 27780 29755 34353 38362 40541 47818 61861 
computing eigenvalues for k = 1, took 19.725283 sec
traces of hecke eigenvalues of T_{p^2} are:
-4 48 72 
computing eigenvalues for k = 2, took 0.217650 sec
traces of hecke eigenvalues of T_{p^1} are:
34 89 137 381 525 888 868 1517 2554 2926 4136 5937 5306 6456 9120 11345 12257 16502 15433 17869 19572 25482 26608 
computing eigenvalues for k = 1, took 19.761580 sec
traces of hecke eigenvalues of T_{p^2} are:
16 66 -104 
computing eigenvalues for k = 2, took 0.212058 sec
traces of hecke eigenvalues of T_{p^1} are:
-3 3 -9 -4 -3 37 -75 10 212 -6 -88 -3 547 -147 -108 -45 -632 -650 859 -978 931 -571 453 
computing eigenvalues for k = 1, took 35.383858 sec
traces of hecke eigenvalues of T_{p^2} are:
-9 -9 -42 
computing eigenvalues for k = 2, took 0.235198 sec
For conductor 2:
traces of hecke eigenvalues of T_{p^1} are:
-13 -9 -19 20 -3 -43 3 -250 12 -194 132 -459 345 323 -192 -91 -440 422 -49 502 317 -931 -47 
computing eigenvalues for k = 1, took 333.646601 sec
traces of hecke eigenvalues of T_{p^2} are:
19 -33 6 
computing eigenvalues for k = 2, took 0.585685 sec
traces of hecke eigenvalues of T_{p^1} are:
-14 -34 -10 32 -26 -182 138 -12 20 -24 -316 -90 -238 -466 576 -366 500 -284 -1294 148 -238 134 -1358 
computing eigenvalues for k = 1, took 574.632857 sec
traces of hecke eigenvalues of T_{p^2} are:
14 34 -28 
computing eigenvalues for k = 2, took 0.556097 sec
traces of hecke eigenvalues of T_{p^1} are:
-17 -10 -42 -27 206 81 101 -159 -236 286 444 -536 -1025 -767 50 300 595 1690 -1504 1399 -49 1105 -3283 
computing eigenvalues for k = 1, took 334.994723 sec
traces of hecke eigenvalues of T_{p^2} are:
3 -53 -90 
computing eigenvalues for k = 2, took 0.577808 sec
traces of hecke eigenvalues of T_{p^1} are:
-3 3 -9 -4 -3 37 -75 10 212 -6 -88 -3 547 -147 -108 -45 -632 -650 859 -978 931 -571 453 
computing eigenvalues for k = 1, took 567.583791 sec
traces of hecke eigenvalues of T_{p^2} are:
-9 -9 -42 
computing eigenvalues for k = 2, took 0.557777 sec
For conductor 61:
traces of hecke eigenvalues of T_{p^1} are:
1 -9 -9 28 -33 -47 49 -78 -156 182 58 89 141 -365 -822 99 592 1096 213 -88 -65 1157 -177 
computing eigenvalues for k = 1, took 569.546460 sec
traces of hecke eigenvalues of T_{p^2} are:
-15 -21 -10 
computing eigenvalues for k = 2, took 0.565302 sec
traces of hecke eigenvalues of T_{p^1} are:
-7 -5 -41 -24 23 37 181 -170 -324 110 170 85 89 23 -314 -257 -248 100 -199 -932 475 709 291 
computing eigenvalues for k = 1, took 571.643953 sec
traces of hecke eigenvalues of T_{p^2} are:
1 3 78 
computing eigenvalues for k = 2, took 0.583995 sec
traces of hecke eigenvalues of T_{p^1} are:
-5 -17 9 0 23 -3 47 50 -108 74 -178 141 135 309 -614 645 -480 -280 869 1464 -231 2301 -521 
computing eigenvalues for k = 1, took 572.243162 sec
traces of hecke eigenvalues of T_{p^2} are:
-3 27 14 
computing eigenvalues for k = 2, took 0.585150 sec
traces of hecke eigenvalues of T_{p^1} are:
-10 -17 31 -99 35 118 -32 -263 24 -160 134 7 -292 716 76 -137 -281 160 -649 -419 568 358 -1836 
computing eigenvalues for k = 1, took 580.419420 sec
traces of hecke eigenvalues of T_{p^2} are:
16 30 72 
computing eigenvalues for k = 2, took 0.566812 sec
traces of hecke eigenvalues of T_{p^1} are:
-3 -18 44 -77 -28 -51 411 233 -348 -84 -458 222 379 -29 340 608 271 -926 1000 269 -101 -2467 1443 
computing eigenvalues for k = 1, took 575.696711 sec
traces of hecke eigenvalues of T_{p^2} are:
5 -57 18 
computing eigenvalues for k = 2, took 0.564829 sec
traces of hecke eigenvalues of T_{p^1} are:
-27 -41 -27 -24 -107 -85 -83 -38 76 92 -436 107 -151 -739 -68 177 158 262 865 1038 -3347 -2361 2843 
computing eigenvalues for k = 1, took 569.211576 sec
traces of hecke eigenvalues of T_{p^2} are:
13 53 -58 
computing eigenvalues for k = 2, took 0.564548 sec
For conductor 122:
traces of hecke eigenvalues of T_{p^1} are:
-5 -17 9 0 23 -3 47 50 -108 74 -178 141 135 309 -614 645 -480 -280 869 1464 -231 2301 -521 
computing eigenvalues for k = 1, took 212.416643 sec
traces of hecke eigenvalues of T_{p^2} are:
-3 27 14 
computing eigenvalues for k = 2, took 0.558113 sec
traces of hecke eigenvalues of T_{p^1} are:
-2 7 15 21 -85 -18 -88 89 48 32 14 39 204 444 76 15 255 656 71 -963 -72 102 916 
computing eigenvalues for k = 1, took 154.669204 sec
traces of hecke eigenvalues of T_{p^2} are:
0 -18 8 
computing eigenvalues for k = 2, took 0.569581 sec
traces of hecke eigenvalues of T_{p^1} are:
14 35 49 71 135 322 492 519 772 936 1474 1775 1748 2340 2868 3205 5349 5232 4583 7083 6504 9126 7780 
computing eigenvalues for k = 1, took 156.726627 sec
traces of hecke eigenvalues of T_{p^2} are:
16 54 -8 
computing eigenvalues for k = 2, took 0.594951 sec
traces of hecke eigenvalues of T_{p^1} are:
6 -9 -29 33 -13 78 24 -3 -16 -8 238 -201 36 60 508 379 -213 -24 -1137 97 1080 582 -492 
computing eigenvalues for k = 1, took 157.552941 sec
traces of hecke eigenvalues of T_{p^2} are:
0 14 40 
computing eigenvalues for k = 2, took 0.592220 sec
traces of hecke eigenvalues of T_{p^1} are:
1 -9 -9 28 -33 -47 49 -78 -156 182 58 89 141 -365 -822 99 592 1096 213 -88 -65 1157 -177 
computing eigenvalues for k = 1, took 157.035310 sec
traces of hecke eigenvalues of T_{p^2} are:
-15 -21 -10 
computing eigenvalues for k = 2, took 0.568806 sec
traces of hecke eigenvalues of T_{p^1} are:
-4 -22 -11 51 -75 114 1 289 -79 380 -400 111 216 204 -81 -104 -1065 631 -1751 -2039 2277 -21 -601 
computing eigenvalues for k = 1, took 154.092670 sec
traces of hecke eigenvalues of T_{p^2} are:
-6 -4 -76 
computing eigenvalues for k = 2, took 0.569617 sec
traces of hecke eigenvalues of T_{p^1} are:
-3 -18 44 -77 -28 -51 411 233 -348 -84 -458 222 379 -29 340 608 271 -926 1000 269 -101 -2467 1443 
computing eigenvalues for k = 1, took 154.416022 sec
traces of hecke eigenvalues of T_{p^2} are:
5 -57 18 
computing eigenvalues for k = 2, took 0.576091 sec
traces of hecke eigenvalues of T_{p^1} are:
127 332 563 1412 1954 3286 4071 5709 9783 10201 14779 18763 19784 23648 30705 38468 48908 52251 57665 66074 75121 87382 105845 
computing eigenvalues for k = 1, took 137.702231 sec
traces of hecke eigenvalues of T_{p^2} are:
68 276 104 
computing eigenvalues for k = 2, took 0.675767 sec
traces of hecke eigenvalues of T_{p^1} are:
-7 55 -107 16 22 490 -484 115 540 -613 -289 1305 -914 792 1390 -1215 -1326 180 823 -5026 4162 7267 1690 
computing eigenvalues for k = 1, took 139.145539 sec
traces of hecke eigenvalues of T_{p^2} are:
-36 -134 -136 
computing eigenvalues for k = 2, took 0.675150 sec
traces of hecke eigenvalues of T_{p^1} are:
55 129 286 707 903 1368 1633 2484 4003 4669 6605 7912 9564 10816 13393 18211 23199 25507 27986 31905 36817 37544 50793 
computing eigenvalues for k = 1, took 153.445375 sec
traces of hecke eigenvalues of T_{p^2} are:
20 -6 288 
computing eigenvalues for k = 2, took 0.573800 sec
traces of hecke eigenvalues of T_{p^1} are:
10 19 36 126 149 318 434 476 780 980 1202 1803 1836 2364 2992 3366 4134 5000 4997 6672 8112 7830 9316 
computing eigenvalues for k = 1, took 153.516159 sec
traces of hecke eigenvalues of T_{p^2} are:
0 -42 -112 
computing eigenvalues for k = 2, took 0.572006 sec
