constructing eigenvector for poly
x-15
constructing eigenvector for poly
x^40+18*x^39-28*x^38-2105*x^37-4805*x^36+109557*x^35+406828*x^34-3368283*x^33-15280190*x^32+68510948*x^31+348745342*x^30-978973097*x^29-5348808648*x^28+10189148623*x^27+57789885380*x^26-79035377684*x^25-450907959226*x^24+463385526985*x^23+2573036678585*x^22-2067301339839*x^21-10782763376959*x^20+7011726960285*x^19+33081373245157*x^18-17912596985217*x^17-73520576435781*x^16+33822608481529*x^15+116105203504603*x^14-45825551410907*x^13-126425178619799*x^12+42745640744379*x^11+90776605970757*x^10-26054835160615*x^9-40257546273754*x^8+9815879993375*x^7+9980721505090*x^6-2160528002108*x^5-1185964849956*x^4+243715258995*x^3+46322121478*x^2-10410914955*x+234945153
constructing eigenvector for poly
x^51-293*x^50+41798*x^49-3868757*x^48+261233096*x^47-13718457177*x^46+583273565272*x^45-20639254144777*x^44+620075065148016*x^43-16057191945849062*x^42+362626338146633137*x^41-7208734202752811864*x^40+127098045361768581882*x^39-1999751014811077681488*x^38+28221586151395204837444*x^37-358750612131370455285190*x^36+4122309529926275550629226*x^35-42943815792662391477017773*x^34+406566038124559967221185541*x^33-3505120837532989432048536193*x^32+27562774611816182322683618678*x^31-197947923801194443156236765521*x^30+1299613639648777224896046744744*x^29-7805805773011717747260011156797*x^28+42909327854515253418061089133016*x^27-215922254730655076258983028716700*x^26+994558663319902148588697023239635*x^25-4192008883232164198452603897918902*x^24+16159947587506854884412287042953334*x^23-56930436152410921590646989291529414*x^22+183099232650363389887734793227159084*x^21-536908788488248198531738560727756772*x^20+1433166596149172002501304063208889069*x^19-3475761666660954444375603478658768956*x^18+7641630565836851647626703420690021969*x^17-15190177346581541502965904139204943692*x^16+27217457547667233258207148892890425138*x^15-43801246880933354603490012643965641520*x^14+63047265060049096836369475371389933808*x^13-80772406186239525364068030490896114400*x^12+91574538708389153440942627055185586048*x^11-91249290782776653222202527215819391616*x^10+79260776279681977117841511226746712704*x^9-59417416032259044148443162061926322176*x^8+37966640115477379103098237564205815296*x^7-20355025341672223128471038563283999744*x^6+8968990850379497267199243332780197888*x^5-3157558494867868644505069061913747456*x^4+852568827997223078986975770836099072*x^3-165505091842435206437657973154906112*x^2+20531033004607216542855810086043648*x-1220573532503238147754263292870656
constructing eigenvector for poly
x^12+48*x^11+1025*x^10+12879*x^9+106008*x^8+601586*x^7+2409432*x^6+6844355*x^5+13631291*x^4+18446713*x^3+15934104*x^2+7740071*x+1536133
computing eigenvectors took 1.328978 sec
For conductor 1, eigenvectors are:
-1 -1 -1 -1 -1 -1 -1 -1 -1 -1 -1 -1 -1 -1 -1 -1 -1 -1 -1 -1 -1 -1 -1 -1 -1 -1 -1 -1 -1 -1 -1 -1 -1 -1 -1 -1 -1 -1 -1 -1 -1 -1 -1 -1 -1 -1 -1 -1 -1 -1 -1 -1 -1 -1 -1 -1 -1 -1 -1 -1 -1 -1 -1 -1 -1 -1 -1 -1 -1 -1 -1 -1 -1 -1 -1 -1 -1 -1 -1 -1 -1 -1 -1 -1 -1 -1 -1 -1 -1 -1 -1 -1 over Number field with defining polynomial x-15
a vector of length 92 over Number field with defining polynomial a number field of degree 40
a vector of length 92 over Number field with defining polynomial a number field of degree 51
For conductor 467, eigenvectors are:
a vector of length 12 over Number field with defining polynomial a number field of degree 12
For conductor 1:
traces of hecke eigenvalues of T_{p^1} are:
15 40 156 400 1464 2380 5220 7240 12720 25260 30784 52060 70644 81400 106080 151740 208920 230764 305320 363024 394420 499360 578760 712980 922180 
computing eigenvalues for k = 1, took 56.135800 sec
traces of hecke eigenvalues of T_{p^2} are:
30 120 780 2800 
computing eigenvalues for k = 2, took 0.294925 sec
traces of hecke eigenvalues of T_{p^1} are:
-18 16 13 -118 352 -251 526 332 1566 510 -282 -1406 1343 1023 4783 1874 5150 -3397 -1202 2342 -4399 -6709 8088 -2240 -5196 
computing eigenvalues for k = 1, took 14.322183 sec
traces of hecke eigenvalues of T_{p^2} are:
-19 -72 -176 -168 
computing eigenvalues for k = 2, took 0.261696 sec
traces of hecke eigenvalues of T_{p^1} are:
293 591 1499 2754 6641 8657 15192 19199 27722 43391 49794 68749 87028 94005 113732 143177 179489 189727 228195 259326 270482 318220 353103 406610 479114 
computing eigenvalues for k = 1, took 56.443852 sec
traces of hecke eigenvalues of T_{p^2} are:
114 324 1038 1632 
computing eigenvalues for k = 2, took 0.359609 sec
For conductor 467:
traces of hecke eigenvalues of T_{p^1} are:
-48 -82 -111 -102 -186 -49 -338 186 -762 -624 118 -524 3 -411 -1639 -310 -1514 2413 -3088 1808 2413 377 -4462 332 1548 
computing eigenvalues for k = 1, took 772.330465 sec
traces of hecke eigenvalues of T_{p^2} are:
27 44 28 32 
computing eigenvalues for k = 2, took 0.613424 sec
