constructing eigenvector for poly
x-15
constructing eigenvector for poly
x^48-265*x^47+34105*x^46-2840415*x^45+172109507*x^44-8087591390*x^43+306792012691*x^42-9655854376903*x^41+257203181719044*x^40-5885551200065135*x^39+117043770079735992*x^38-2041441453149383543*x^37+31459389176283202152*x^36-430910756352768948277*x^35+5272004317793079919030*x^34-57844653771966670387199*x^33+571063513253521872285695*x^32-5086405798233713658831042*x^31+40962787134481032265574449*x^30-298792679010096440563848493*x^29+1976641506569103237973207715*x^28-11870827668708655234699513744*x^27+64759170054083473875049043063*x^26-321014056131289893307200933685*x^25+1445951556702652255797579641022*x^24-5916529665358086380636224581679*x^23+21979287332232893576024792682214*x^22-74065214772709158107301199236845*x^21+226129346749315972495953804814266*x^20-624581946307004338952067726998333*x^19+1557793103147640146092200679964192*x^18-3500681235224381914870665498461541*x^17+7069214580462128606610132089288606*x^16-12788350094167741579015613112404839*x^15+20648904887815880914030944204733016*x^14-29631885560739740791014355306341616*x^13+37602483798605807461830857655467672*x^12-41945939462578862839267072567066192*x^11+40842613848225518918977885099802816*x^10-34419569370685986640830747067923392*x^9+24847595039924277163402451900854144*x^8-15170493726862675113624614351965440*x^7+7707565770221703945494743423209472*x^6-3190424281918997095136981702334464*x^5+1045413544917072728738892470624256*x^4-260137900828112293450589465415680*x^3+46050758705560065895772117753856*x^2-5151015874838301352316002484224*x+272833433149184788209460150272
constructing eigenvector for poly
x^44+47*x^43+838*x^42+5554*x^41-24238*x^40-597374*x^39-2387315*x^38+14904401*x^37+153302365*x^36+102912498*x^35-3637165340*x^34-12225974357*x^33+38191990298*x^32+275467060412*x^31-1761410034*x^30-3245202294335*x^29-4892557452293*x^28+21885105294756*x^27+64237160870479*x^26-72977642714094*x^25-441442344871004*x^24-42095965011957*x^23+1859721736447846*x^22+1549964238562931*x^21-4904590190002969*x^20-7252947425708933*x^19+7656535028799790*x^18+18403145301612235*x^17-5305977673899510*x^16-28954172882361360*x^15-2998132235787953*x^14+29077864694455927*x^13+9629193369742594*x^12-18527999492230375*x^11-8618576024451496*x^10+7276607354945214*x^9+3864987507804790*x^8-1652173877812481*x^7-887664498736640*x^6+188072915668596*x^5+93980300011162*x^4-8386676284657*x^3-3438708818191*x^2+176800649208*x+25836823892
constructing eigenvector for poly
x^5+22*x^4+187*x^3+770*x^2+1540*x+1199
computing eigenvectors took 1.264644 sec
For conductor 1, eigenvectors are:
-1 -1 -1 -1 -1 -1 -1 -1 -1 -1 -1 -1 -1 -1 -1 -1 -1 -1 -1 -1 -1 -1 -1 -1 -1 -1 -1 -1 -1 -1 -1 -1 -1 -1 -1 -1 -1 -1 -1 -1 -1 -1 -1 -1 -1 -1 -1 -1 -1 -1 -1 -1 -1 -1 -1 -1 -1 -1 -1 -1 -1 -1 -1 -1 -1 -1 -1 -1 -1 -1 -1 -1 -1 -1 -1 -1 -1 -1 -1 -1 -1 -1 -1 -1 -1 -1 -1 -1 -1 -1 -1 -1 -1 over Number field with defining polynomial x-15
a vector of length 93 over Number field with defining polynomial a number field of degree 48
a vector of length 93 over Number field with defining polynomial a number field of degree 44
For conductor 397, eigenvectors are:
a^4 + 18*a^3 + 117*a^2 + 327*a + 333 a^3 + 12*a^2 + 46*a + 57 a^3 + 13*a^2 + 55*a + 76 2*a+7 2*a^2 + 15*a + 28 over Number field with defining polynomial x^5+22*x^4+187*x^3+770*x^2+1540*x+1199
For conductor 1:
traces of hecke eigenvalues of T_{p^1} are:
15 40 156 400 1464 2380 5220 7240 12720 25260 30784 52060 70644 81400 106080 151740 208920 230764 305320 363024 394420 499360 578760 712980 922180 
computing eigenvalues for k = 1, took 73.412837 sec
traces of hecke eigenvalues of T_{p^2} are:
30 120 780 2800 
computing eigenvalues for k = 2, took 1.636015 sec
traces of hecke eigenvalues of T_{p^1} are:
265 541 1385 2577 5997 8569 14328 17853 25620 40846 47420 66596 81314 89249 106378 134437 165902 179927 213485 240869 257297 301014 324953 380246 452097 
computing eigenvalues for k = 1, took 73.442302 sec
traces of hecke eigenvalues of T_{p^2} are:
75 244 822 1416 
computing eigenvalues for k = 2, took 1.679734 sec
traces of hecke eigenvalues of T_{p^1} are:
-47 -16 -22 25 -213 700 183 154 278 -211 1843 3654 -369 1577 -2062 1132 -6373 -244 -1073 -3345 5356 -1176 -1418 447 7264 
computing eigenvalues for k = 1, took 22.524212 sec
traces of hecke eigenvalues of T_{p^2} are:
-20 -66 -199 -317 
computing eigenvalues for k = 2, took 0.314610 sec
For conductor 397:
traces of hecke eigenvalues of T_{p^1} are:
-22 -34 -32 -78 121 -252 -64 -192 174 -265 -57 -940 13 -93 285 -112 -17 -961 187 655 -3060 1041 -558 -627 -1467 
computing eigenvalues for k = 1, took 846.865285 sec
traces of hecke eigenvalues of T_{p^2} are:
17 20 -31 7 
computing eigenvalues for k = 2, took 1.045566 sec
