constructing eigenvector for poly
x-19
constructing eigenvector for poly
x+10
constructing eigenvector for poly
x-20
constructing eigenvector for poly
x-40
constructing eigenvector for poly
x-14
constructing eigenvector for poly
x-1
constructing eigenvector for poly
x^2-24*x+76
constructing eigenvector for poly
x^2-28*x+190
constructing eigenvector for poly
x^2-26*x+150
constructing eigenvector for poly
x^2-19*x+52
constructing eigenvector for poly
x^2+3*x-2
constructing eigenvector for poly
x^3-13*x-13
constructing eigenvector for poly
x^4-5*x^3-39*x^2+267*x-386
constructing eigenvector for poly
x^5-59*x^4+1335*x^3-14517*x^2+76016*x-153640
constructing eigenvector for poly
x^5+13*x^4-20*x^3-162*x^2+328*x-104
constructing eigenvector for poly
x^2-14*x+22
constructing eigenvector for poly
x^2-10*x-2
constructing eigenvector for poly
x^2-12*x+26
constructing eigenvector for poly
x^4-2*x^3-72*x^2+36*x+712
constructing eigenvector for poly
x^6+14*x^5+23*x^4-536*x^3-3524*x^2-8395*x-7130
constructing eigenvector for poly
x^5+2*x^4-73*x^3-273*x^2-82*x+380
constructing eigenvector for poly
x-16
constructing eigenvector for poly
x^2-32*x+256
constructing eigenvector for poly
x^2-102*x+2147
constructing eigenvector for poly
x-10
constructing eigenvector for poly
x-10
constructing eigenvector for poly
x-10
constructing eigenvector for poly
x-5
constructing eigenvector for poly
x-5
constructing eigenvector for poly
x-5
constructing eigenvector for poly
x-5
constructing eigenvector for poly
x^2-10*x+25
constructing eigenvector for poly
x^2-86*x+1849
constructing eigenvector for poly
x^2-212*x+11236
constructing eigenvector for poly
x^2-766*x+146689
constructing eigenvector for poly
x^2-508*x+64516
constructing eigenvector for poly
x+10
constructing eigenvector for poly
x-5
constructing eigenvector for poly
x^2+3*x-2
constructing eigenvector for poly
x^2-10*x-2
constructing eigenvector for poly
x^6+14*x^5+23*x^4-536*x^3-3524*x^2-8395*x-7130
constructing eigenvector for poly
x^5+13*x^4-20*x^3-162*x^2+328*x-104
constructing eigenvector for poly
x-5
constructing eigenvector for poly
x+10
constructing eigenvector for poly
x+10
constructing eigenvector for poly
x+4
constructing eigenvector for poly
x+4
constructing eigenvector for poly
x+4
constructing eigenvector for poly
x+4
constructing eigenvector for poly
x^11-4*x^10-118*x^9+394*x^8+4789*x^7-12832*x^6-77243*x^5+135106*x^4+404428*x^3+24798*x^2-206180*x-14600
constructing eigenvector for poly
x+10
constructing eigenvector for poly
x-4
constructing eigenvector for poly
x-19
constructing eigenvector for poly
x-14
constructing eigenvector for poly
x^2-17*x+46
constructing eigenvector for poly
x^2+10*x-2
constructing eigenvector for poly
x^5+x^4-47*x^3-101*x^2+100*x+208
constructing eigenvector for poly
x^3-34*x^2+350*x-1082
constructing eigenvector for poly
x-2
constructing eigenvector for poly
x-2
constructing eigenvector for poly
x+4
constructing eigenvector for poly
x+2
constructing eigenvector for poly
x^2+8*x-4
constructing eigenvector for poly
x^2+14*x+32
constructing eigenvector for poly
x+11
constructing eigenvector for poly
x+7
constructing eigenvector for poly
x-9
constructing eigenvector for poly
x+2
constructing eigenvector for poly
x-14
constructing eigenvector for poly
x+4
constructing eigenvector for poly
x^2-21*x+74
constructing eigenvector for poly
x^2-22*x+102
constructing eigenvector for poly
x^2-11
constructing eigenvector for poly
x^3-13*x+13
constructing eigenvector for poly
x^3-13*x-13
constructing eigenvector for poly
x^4-2*x^3-22*x^2+40*x-8
constructing eigenvector for poly
x^2+16*x+46
constructing eigenvector for poly
x-8
constructing eigenvector for poly
x-8
constructing eigenvector for poly
x-2
constructing eigenvector for poly
x-2
constructing eigenvector for poly
x-2
constructing eigenvector for poly
x+2
constructing eigenvector for poly
x-4
constructing eigenvector for poly
x+6
constructing eigenvector for poly
x-16
constructing eigenvector for poly
x^2-4*x-14
constructing eigenvector for poly
x^2-5*x-8
constructing eigenvector for poly
x^2-16*x+34
constructing eigenvector for poly
x^3+4*x^2-26*x-4
constructing eigenvector for poly
x^3-38*x^2+446*x-1558
constructing eigenvector for poly
x^4-48*x^3+751*x^2-4248*x+6640
constructing eigenvector for poly
x^5-61*x^4+1431*x^3-15939*x^2+82496*x-151832
constructing eigenvector for poly
x^2-20*x+94
constructing eigenvector for poly
x^3-4*x^2-57*x+58
constructing eigenvector for poly
x^10+16*x^9-72*x^8-1586*x^7+457*x^6+34984*x^5+27751*x^4-149658*x^3-43846*x^2+5054*x-76
constructing eigenvector for poly
x^8-80*x^7+2671*x^6-48444*x^5+520198*x^4-3370260*x^3+12758924*x^2-25387212*x+19602620
constructing eigenvector for poly
x^6+12*x^5+13*x^4-114*x^3-68*x^2+105*x-24
constructing eigenvector for poly
x-1
constructing eigenvector for poly
x-1
constructing eigenvector for poly
x+8
constructing eigenvector for poly
x+7
constructing eigenvector for poly
x+14
constructing eigenvector for poly
x-1
constructing eigenvector for poly
x+6
constructing eigenvector for poly
x+16
constructing eigenvector for poly
x^2-4*x-14
constructing eigenvector for poly
x^3-4*x^2-57*x+58
constructing eigenvector for poly
x^3+4*x^2-26*x-4
constructing eigenvector for poly
x^6+12*x^5+13*x^4-114*x^3-68*x^2+105*x-24
computing eigenvectors took 175.265592 sec
For conductor 1, eigenvectors are:
-24 -12 12 0 0 0 -16 36 -16 -6 12 8 -8 -20 0 12 -4 -8 -8 -8 -3 0 -4 -12 2 14 0 6 -8 -11 10 -2 2 6 -15 -3 19 14 -9 -4 11 1 1 -4 12 23 0 -17 -12 -4 7 -8 -2 1 -3 10 5 -8 2 -4 -3 -3 0 1 0 -3 over Number field with defining polynomial x-19
48 -24 48 24 -104 -32 24 0 24 -48 -20 0 -28 8 56 20 4 52 36 32 36 -8 16 -12 -16 16 8 0 -56 -4 -24 -16 12 -28 -8 -8 -18 -8 -4 -18 0 6 38 26 0 18 -22 -6 14 -4 6 -2 -6 -10 4 -18 12 -4 -16 -24 5 10 9 17 1 -12 over Number field with defining polynomial x+10
-36 24 -6 4 -16 14 4 -16 4 -6 4 14 4 -16 -16 4 4 4 4 4 -6 -6 -6 4 -6 -16 -1 -6 4 9 -1 4 19 4 -21 4 -6 -6 -6 -11 9 4 -1 -6 4 -11 -1 -1 -1 -6 4 9 4 -1 -1 9 4 4 14 -6 -1 -1 -1 9 4 -6 over Number field with defining polynomial x-20
-1 -1 -1 -1 -1 -1 -1 -1 -1 -1 -1 -1 -1 -1 -1 -1 -1 -1 -1 -1 -1 -1 -1 -1 -1 -1 -1 -1 -1 -1 -1 -1 -1 -1 -1 -1 -1 -1 -1 -1 -1 -1 -1 -1 -1 -1 -1 -1 -1 -1 -1 -1 -1 -1 -1 -1 -1 -1 -1 -1 -1 -1 -1 -1 -1 -1 over Number field with defining polynomial x-40
72 -84 -6 20 20 20 -32 72 -32 33 -6 46 -6 20 20 -6 -58 -6 -6 -6 -6 20 7 -19 -6 -32 20 7 -6 -32 20 -19 -6 7 20 -6 -32 -32 7 7 7 7 7 7 -6 -19 20 -19 -19 7 -6 -6 -19 7 -6 20 20 -6 -6 7 -6 -6 20 7 20 -6 over Number field with defining polynomial x-14
24 -24 -12 -12 0 12 16 0 16 -12 0 -2 -4 -4 0 0 4 -4 8 -4 -6 0 4 6 -2 4 -6 6 2 -4 8 -4 4 -6 0 12 2 -2 0 -2 -2 -4 -4 4 0 -2 -6 -4 0 4 2 -4 -4 2 6 5 -8 2 -2 4 0 0 0 2 3 -3 over Number field with defining polynomial x-1
360*a+1296 216*a-3168 366*a-5916 -144*a+4304 176*a-3312 24*a+1840 28*a+3608 768*a-6880 116*a-1336 -141*a-1494 116*a-240 -218*a+3380 96*a-312 360*a-896 44*a-280 224*a-728 244*a-2848 72*a+2232 1096 -58*a-428 -90*a-324 -12*a-920 -195*a-154 87*a-1550 106*a-276 -78*a-500 42*a-2260 -43*a+1270 102*a-2044 98*a+572 2*a+1980 -73*a+66 -124*a-8 157*a-2394 346*a-1604 66*a-420 24*a-352 -28*a-320 -83*a+30 -221*a+1506 -39*a+846 -67*a-570 -179*a+1438 129*a-1618 228*a-1152 43*a+922 152*a+328 103*a+42 169*a-2570 -137*a+1370 92*a-984 192*a-624 -187*a+2286 -3*a+318 -196*a+1048 22*a-140 44*a-280 112*a+184 -216*a+976 -63*a+1198 -204*a+1896 72*a-1056 -100*a+736 111*a-806 -1096 -112*a+912 over Number field with defining polynomial x^2-24*x+76
756*a-8652 450*a-5322 468*a-5442 440*a-5198 518*a-6062 272*a-3132 -606*a+6878 -874*a+10012 142*a-1778 -282*a+3213 -93*a+1007 -14*a+122 -65*a+677 333*a-3768 517*a-5998 -83*a+883 600*a-7053 -140*a+1607 165*a-1917 52*a-662 -78*a+993 69*a-718 -208*a+2347 -398*a+4617 408*a-4698 86*a-1032 282*a-3342 -137*a+1587 -15*a+272 -176*a+2062 -172*a+1978 -84*a+1033 250*a-2928 149*a-1753 156*a-1728 -64*a+742 -5*a+62 34*a-413 -169*a+1958 32*a-328 -87*a+1053 -81*a+927 -27*a+352 53*a-683 -115*a+1297 -72*a+867 -50*a+577 -268*a+2962 -136*a+1652 309*a-3608 51*a-598 91*a-1008 222*a-2598 76*a-908 -21*a+312 66*a-698 48*a-578 143*a-1627 20*a-248 84*a-1033 26*a-288 -58*a+702 -143*a+1627 35*a-348 -43 -148*a+1732 over Number field with defining polynomial x^2-28*x+190
-72*a+576 12*a-168 18*a-144 -20*a+208 12*a-168 -4*a+56 16*a-152 88*a-800 16*a-152 15*a-156 -26*a+220 -26*a+220 -14*a+124 -16*a+116 24*a-228 -18*a+180 22*a-272 26*a-256 2*a-28 -2*a+64 3*a+12 14*a-106 17*a-148 -a-4 12*a-132 6*a-48 -8*a+76 17*a-130 14*a-142 2*a-28 6*a-48 5*a-52 -6*a+84 3*a-6 -40*a+344 -10*a+104 -5*a+34 -3*a+24 -9*a+72 5*a-16 -4*a+20 -18*a+162 4*a-74 -14*a+142 -22*a+200 5*a-34 18*a-144 -4*a+38 18 12*a-78 -3*a+42 18*a-144 -4*a+38 -6*a+30 -17*a+148 -14*a+124 -14*a+124 6*a-48 11*a-82 8*a-58 7*a-80 2*a-10 5*a-52 8*a-76 -18 -10*a+86 over Number field with defining polynomial x^2-26*x+150
-168*a+2784 288*a-4032 -264*a+3840 124*a-2192 -120*a+2016 -184*a+2720 68*a-1072 -106*a+1976 -42*a+696 84*a-1248 -42*a+792 -148*a+2000 128*a-1696 -60*a+1104 -30*a+552 44*a-688 248*a-3904 -12*a+432 96 104*a-1408 42*a-696 38*a-616 66*a-936 -44*a+736 -40*a+512 -100*a+1616 -48*a+864 -40*a+560 28*a-464 -66*a+1176 72*a-1056 28*a-512 -34*a+824 80*a-1456 10*a-56 34*a-440 32*a-448 -72*a+1056 -20*a+256 12*a-192 54*a-888 36*a-672 14*a-184 116*a-1792 -74*a+1144 90*a-1416 56*a-832 8*a-304 -8*a+112 -38*a+568 -128*a+1888 -68*a+1072 -16*a+176 -56*a+976 28*a-368 64*a-992 24*a-192 -32*a+448 -14*a+424 76*a-1184 -2*a-8 -12*a+144 -60*a+912 38*a-664 -96 -22*a+392 over Number field with defining polynomial x^2-19*x+52
-1284*a-4692 378*a+1362 378*a+1362 -250*a-1010 -154*a-402 -164*a-580 378*a+1362 0 -394*a-1234 -21*a+39 35*a-65 314*a+1186 213*a+833 -346*a-1274 -88*a-328 -175*a-707 -63*a-227 209*a+693 101*a+353 102*a+302 171*a+567 134*a+390 7*a-13 -291*a-983 118*a+346 240*a+832 -170*a-618 -113*a-429 120*a+416 -46*a-234 -26*a-50 107*a+391 -80*a-220 -153*a-453 280*a+1028 50*a+202 -66*a-246 167*a+599 -170*a-618 28*a+120 -101*a-353 -61*a-157 6*a+38 123*a+435 35*a+193 -221*a-769 191*a+665 2*a-16 -60*a-208 -130*a-422 70*a+214 -178*a-640 2*a-16 34*a+158 120*a+416 -24*a-152 -40*a-110 107*a+391 48*a+132 -19*a-63 -15*a-9 -16*a-44 28*a+120 53*a+221 -86 -64*a-262 over Number field with defining polynomial x^2+3*x-2
864*a^2 + 720*a - 3024 -864*a^2 - 720*a + 3024 360*a^2 + 1368*a + 1332 -264*a^2 + 336*a + 1488 -24*a^2 + 936*a + 48 -96*a^2 - 168*a + 3264 -288*a^2 - 2064*a - 1848 0 -288*a^2 - 2064*a - 1848 -18*a^2 - 666*a - 2106 180*a^2 + 228*a - 48 108*a^2 - 144*a - 2124 492*a^2 + 132*a - 2004 -60*a^2 + 72*a - 672 12*a^2 - 468*a - 24 -180*a^2 - 228*a + 48 144*a^2 + 120*a - 504 -168*a^2 + 1284*a + 4044 -264*a^2 + 336*a + 1488 -420*a^2 - 228*a + 588 315*a^2 + 621*a - 1116 -36*a^2 - 408*a - 6 6*a^2 + 222*a + 702 -204*a^2 + 564*a + 1710 12*a^2 + 288*a + 240 150*a^2 - 270*a - 1680 -216*a^2 - 180*a + 756 102*a^2 + 1236*a + 1062 -54*a^2 - 384*a + 348 186*a^2 - 696*a - 2520 -66*a^2 - 450*a - 924 72*a^2 + 516*a + 462 102*a^2 + 24*a + 84 -30*a^2 - 342*a - 468 -42*a^2 - 96*a + 588 114*a^2 + 156*a - 840 -156*a^2 + 9*a + 687 -9*a^2 + 240*a + 534 138*a^2 - 102*a - 1206 -234*a^2 - 6*a + 885 -27*a^2 + 75*a + 822 60*a^2 + 117*a + 738 111*a^2 - 294*a - 1032 -42*a^2 + 282*a + 720 0 90*a^2 - 114*a - 381 -30*a^2 - 342*a - 468 72*a^2 + 516*a + 462 90*a^2 + 153*a + 267 144*a^2 + 120*a - 504 -96*a^2 - 675*a - 519 -54*a^2 - 84*a - 102 -96*a^2 - 336*a - 678 18*a^2 + 432*a + 360 -96*a^2 - 297*a - 387 36*a^2 + 486*a + 588 30*a^2 - 114*a - 246 72*a^2 + 216*a + 912 126*a^2 + 333*a - 84 150*a^2 - 114*a - 516 -24*a^2 + 108*a + 591 -42*a^2 - 252*a - 576 -69*a^2 + 51*a + 603 111*a-516 -228*a-357 -15*a^2 - 132*a + 57 over Number field with defining polynomial x^3-13*x-13
696*a^3 - 1296*a^2 - 28872*a + 90624 -96*a^2 - 1176*a + 5136 366*a^3 - 1068*a^2 - 15738*a + 55092 -56*a^3 + 96*a^2 + 3648*a - 12136 28*a^3 + 80*a^2 - 2300*a + 5984 124*a^3 - 168*a^2 - 6604*a + 20424 8*a^3 + 248*a^2 - 424*a - 2432 0 8*a^3 + 248*a^2 - 424*a - 2432 78*a^3 - 78*a^2 - 3690*a + 10968 64*a^3 - 164*a^2 - 2352*a + 7792 -92*a^3 + 144*a^2 + 3884*a - 11696 -312*a^3 + 784*a^2 + 13448*a - 45016 -80*a^3 + 16*a^2 + 3796*a - 10360 -212*a^2 - 12*a + 3104 -64*a^3 + 164*a^2 + 2352*a - 7792 16*a^2 + 196*a - 856 232*a^3 - 556*a^2 - 11564*a + 39184 -132*a^3 + 340*a^2 + 5500*a - 18696 316*a^3 - 748*a^2 - 13656*a + 45560 -129*a^3 + 447*a^2 + 4761*a - 17712 -214*a^3 + 410*a^2 + 9320*a - 29364 -26*a^3 + 26*a^2 + 1230*a - 3656 -80*a^3 + 138*a^2 + 3998*a - 12768 -70*a^3 + 202*a^2 + 3310*a - 11622 32*a^3 - 150*a^2 - 1468*a + 6060 -160*a^3 + 404*a^2 + 7520*a - 25620 -12*a^3 + 52*a^2 + 660*a - 2560 28*a^3 - 198*a^2 + 96*a + 868 118*a^3 - 306*a^2 - 4736*a + 15864 -6*a^3 - 118*a^2 + 610*a - 340 12*a^3 + 18*a^2 + 408*a - 2356 -60*a^3 + 62*a^2 + 2708*a - 7800 62*a^3 - 144*a^2 - 3496*a + 11948 -18*a^3 + 100*a^2 + 508*a - 2372 -50*a^3 + 138*a^2 + 2648*a - 9204 60*a^3 - 134*a^2 - 3049*a + 10178 38*a^3 - 74*a^2 - 1360*a + 4094 -13*a^3 + 5*a^2 + 517*a - 1400 -12*a^3 + 109*a^2 + 712*a - 3550 55*a^3 - 171*a^2 - 2631*a + 9504 48*a^3 - 169*a^2 - 2057*a + 7568 40*a^3 - 12*a^2 - 1466*a + 3486 -62*a^3 + 136*a^2 + 3398*a - 11520 0 -114*a^3 + 283*a^2 + 5143*a - 17302 64*a^3 - 142*a^2 - 2834*a + 9260 -2*a^3 - 62*a^2 + 106*a + 608 54*a^3 - 17*a^2 - 3002*a + 8734 162*a^3 - 410*a^2 - 6956*a + 23360 -86*a^3 + 224*a^2 + 4041*a - 13876 -78*a^3 + 196*a^2 + 3362*a - 11254 -6*a^3 + 56*a^2 - 54*a - 240 -18*a^3 + 66*a^2 + 362*a - 1290 74*a^3 - 271*a^2 - 3677*a + 13816 54*a^3 - 36*a^2 - 2378*a + 6520 60*a^3 - 118*a^2 - 2372*a + 7414 -46*a^3 + 114*a^2 + 2186*a - 7358 -50*a^3 + 129*a^2 + 2162*a - 7400 60*a^3 - 138*a^2 - 3098*a + 10392 -78*a^3 + 177*a^2 + 3505*a - 11560 58*a^3 - 158*a^2 - 2748*a + 9490 21*a^2 + 122*a - 755 -36*a^2 + 70*a + 235 34*a^2 - 335*a + 826 -16*a^3 + 9*a^2 + 707*a - 1927 over Number field with defining polynomial x^4-5*x^3-39*x^2+267*x-386
-312*a^3 + 8496*a^2 - 74616*a + 207648 12*a^4 - 180*a^3 - 3324*a^2 + 65412*a - 255552 -108*a^4 + 5400*a^3 - 97500*a^2 + 745776*a - 2016432 32*a^4 - 1368*a^3 + 20112*a^2 - 122120*a + 260592 -68*a^4 + 3424*a^3 - 61140*a^2 + 460056*a - 1225712 32*a^4 - 1416*a^3 + 22032*a^2 - 144136*a + 335168 -64*a^4 + 3272*a^3 - 58576*a^2 + 439624*a - 1167072 128*a^4 - 6408*a^3 + 115248*a^2 - 876344*a + 2354832 -128*a^4 + 5704*a^3 - 91600*a^2 + 630136*a - 1564528 156*a^4 - 7980*a^3 + 143988*a^2 - 1090452*a + 2913648 140*a^4 - 7028*a^3 + 126108*a^2 - 955380*a + 2558832 32*a^4 - 1328*a^3 + 19344*a^2 - 118032*a + 255952 12*a^4 - 144*a^3 - 3644*a^2 + 62712*a - 234728 12*a^4 - 752*a^3 + 14820*a^2 - 116712*a + 315832 12*a^4 - 644*a^3 + 12828*a^2 - 107108*a + 309232 60*a^4 - 2960*a^3 + 52140*a^2 - 388216*a + 1023888 12*a^4 - 180*a^3 - 3524*a^2 + 69068*a - 272048 12*a^4 - 144*a^3 - 3644*a^2 + 62712*a - 234728 108*a^4 - 5348*a^3 + 94596*a^2 - 707628*a + 1877248 -44*a^4 + 1884*a^3 - 30100*a^2 + 209716*a - 528752 228*a^3 - 6720*a^2 + 64236*a - 197232 -8*a^4 + 460*a^3 - 8560*a^2 + 64908*a - 173008 160*a^4 - 8228*a^3 + 149176*a^2 - 1134340*a + 3040352 32*a^4 - 1268*a^3 + 18128*a^2 - 111348*a + 249832 20*a^4 - 1336*a^3 + 28820*a^2 - 247248*a + 720592 -8*a^4 + 376*a^3 - 6584*a^2 + 49800*a - 134912 -20*a^4 + 1120*a^3 - 20788*a^2 + 157928*a - 419952 -64*a^4 + 3300*a^3 - 60992*a^2 + 474484*a - 1297768 -8*a^4 + 428*a^3 - 7864*a^2 + 60204*a - 163368 24*a^4 - 844*a^3 + 9960*a^2 - 45220*a + 62992 -40*a^4 + 2112*a^3 - 39208*a^2 + 304064*a - 827632 -4*a^4 + 224*a^3 - 4020*a^2 + 29368*a - 76272 -44*a^4 + 2056*a^3 - 34420*a^2 + 245384*a - 626768 -64*a^4 + 3292*a^3 - 60920*a^2 + 475100*a - 1302768 -4*a^4 - 108*a^3 + 5732*a^2 - 63396*a + 206672 88*a^4 - 4300*a^3 + 75064*a^2 - 554980*a + 1458432 -8*a^4 + 328*a^3 - 4800*a^2 + 29816*a - 66488 20*a^4 - 856*a^3 + 13204*a^2 - 87192*a + 207752 8*a^4 - 416*a^3 + 7552*a^2 - 57544*a + 156048 4*a^4 - 100*a^3 + 740*a^2 - 828*a - 5608 -40*a^4 + 1972*a^3 - 34904*a^2 + 261868*a - 697312 88*a^4 - 4280*a^3 + 74680*a^2 - 552936*a + 1456112 -44*a^4 + 2172*a^3 - 38508*a^2 + 289428*a - 772088 -32*a^4 + 1744*a^3 - 33440*a^2 + 266504*a - 740008 64*a^4 - 3388*a^3 + 63544*a^2 - 498556*a + 1370832 -8*a^4 + 340*a^3 - 5112*a^2 + 32476*a - 73808 40*a^3 - 1104*a^2 + 9776*a - 27288 -88*a^4 + 4088*a^3 - 67880*a^2 + 479760*a - 1216248 4*a^4 - 132*a^3 + 1436*a^2 - 5532*a + 4032 28*a^4 - 1244*a^3 + 20844*a^2 - 152508*a + 402272 -72*a^4 + 3732*a^3 - 69232*a^2 + 539996*a - 1479608 28*a^4 - 1304*a^3 + 21588*a^2 - 151472*a + 379592 112*a^4 - 5576*a^3 + 99400*a^2 - 749472*a + 2001632 -52*a^4 + 2744*a^3 - 51052*a^2 + 397136*a - 1084248 -16*a^4 + 880*a^3 - 16488*a^2 + 127760*a - 347528 -20*a^4 + 912*a^3 - 14724*a^2 + 100872*a - 248528 -20*a^4 + 1040*a^3 - 18716*a^2 + 140408*a - 371528 32*a^4 - 1708*a^3 + 32032*a^2 - 250804*a + 689248 -52*a^4 + 2216*a^3 - 34596*a^2 + 233608*a - 571768 -4*a^3 - 504*a^2 + 9580*a - 39968 -104*a^3 + 3440*a^2 - 35696*a + 115352 -104*a^3 + 3440*a^2 - 35696*a + 115352 16*a^3 - 888*a^2 + 11624*a - 42288 -100*a^3 + 3200*a^2 - 32420*a + 103032 48*a^3 - 1176*a^2 + 9160*a - 22288 -32*a^4 + 1612*a^3 - 29208*a^2 + 223692*a - 604688 over Number field with defining polynomial x^5-59*x^4+1335*x^3-14517*x^2+76016*x-153640
-420*a^4 - 3948*a^3 + 840*a^2 + 26712*a - 19152 -126*a^4 - 1050*a^3 + 7308*a^2 - 1932*a - 9240 378*a^4 + 1470*a^3 - 9828*a^2 + 13188*a - 4200 70*a^4 - 1582*a^3 - 476*a^2 + 6524*a - 1288 182*a^4 + 770*a^3 - 5180*a^2 + 6076*a - 840 -84*a^4 + 308*a^3 + 1512*a^2 - 3976*a - 336 -70*a^4 + 126*a^3 + 8428*a^2 - 21532*a + 11592 0 14*a^4 - 854*a^3 - 7196*a^2 + 20076*a - 7336 -21*a^4 - 315*a^3 + 2646*a^2 - 4914*a + 3276 35*a^4 + 777*a^3 - 1750*a^2 + 3038*a - 3892 42*a^4 + 966*a^3 - 588*a^2 - 3500*a + 2408 -91*a^4 - 833*a^3 + 3710*a^2 - 1358*a - 4060 -70*a^4 - 434*a^3 + 756*a^2 + 868*a - 616 448*a^3 + 1232*a^2 - 7168*a + 5152 161*a^4 + 763*a^3 - 434*a^2 - 3654*a + 2436 21*a^4 + 175*a^3 - 1218*a^2 + 322*a + 1540 -7*a^4 - 189*a^3 - 602*a^2 - 406*a + 3668 49*a^4 + 763*a^3 - 1218*a^2 - 2534*a + 1988 14*a^4 + 378*a^3 + 1764*a^2 - 6132*a + 2632 -21*a^4 - 567*a^3 - 2646*a^2 + 9198*a - 3948 -14*a^4 - 70*a^3 - 560*a^2 + 588*a + 2016 7*a^4 + 105*a^3 - 882*a^2 + 1638*a - 1092 21*a^4 + 175*a^3 - 1498*a^2 + 3794*a - 3444 -112*a^4 - 448*a^3 + 4116*a^2 - 5152*a + 168 -84*a^4 - 504*a^3 + 1372*a^2 - 1288*a + 1736 14*a^4 + 154*a^3 + 1148*a^2 - 2548*a + 56 -133*a^4 - 819*a^3 + 4718*a^2 - 5194*a + 252 -28*a^4 - 364*a^3 + 1792*a^2 - 3472*a + 2464 56*a^4 + 392*a^3 - 2772*a^2 + 2632*a + 1512 -70*a^4 - 350*a^3 + 2520*a^2 - 3836*a + 1792 63*a^4 + 385*a^3 - 2786*a^2 + 3318*a - 532 -112*a^3 - 308*a^2 + 1792*a - 1288 -77*a^4 + 721*a^3 - 518*a^2 - 2394*a + 2548 70*a^4 + 546*a^3 - 448*a^2 - 2660*a + 1904 84*a^4 + 728*a^3 - 1932*a^2 + 448*a + 504 -14*a^4 - 406*a^3 - 308*a^2 + 3220*a - 1512 -21*a^4 + 119*a^3 + 1260*a^2 - 3346*a + 1120 14*a^4 + 70*a^3 - 336*a^2 - 1316*a + 2632 -154*a^3 - 14*a^2 + 1400*a - 2156 -21*a^4 - 35*a^3 + 70*a^2 + 798*a - 1372 -21*a^4 - 511*a^3 + 1750*a^2 - 1162*a - 84 -28*a^4 + 84*a^3 + 1288*a^2 - 952*a - 2688 -49*a^4 + 119*a^3 - 700*a^2 + 1050*a + 504 -49*a^4 - 385*a^3 + 546*a^2 + 154*a + 364 77*a^4 + 539*a^3 - 1638*a^2 + 770*a - 476 35*a^4 + 77*a^3 - 2884*a^2 + 6538*a - 2912 7*a^4 + 91*a^3 - 154*a^2 + 182*a - 532 -14*a^4 - 98*a^3 + 2072*a^2 - 5068*a + 3472 14*a^4 + 266*a^3 + 868*a^2 - 2968*a + 1176 42*a^4 - 196*a^3 - 462*a^2 + 1596*a - 700 -14*a^4 + 210*a^3 + 518*a^2 - 1792*a + 420 -42*a^4 - 238*a^3 - 42*a^2 + 812*a + 308 21*a^4 - 77*a^3 + 210*a^2 - 378*a + 252 14*a^4 + 28*a^3 - 1498*a^2 + 4508*a - 3556 28*a^4 + 406*a^3 - 630*a^2 - 2352*a + 3724 -21*a^4 - 203*a^3 + 476*a^2 - 1358*a + 1848 -21*a^4 - 259*a^3 - 546*a^2 + 4382*a - 3948 112*a^3 + 308*a^2 - 1792*a + 1288 49*a^4 - 161*a^3 - 182*a^2 + 1302*a - 1708 42*a^4 + 329*a^3 - 1127*a^2 - 420*a + 2534 112*a^3 + 168*a^2 - 56*a - 1204 -21*a^3 - 1029*a^2 + 2548*a - 770 -315*a^3 + 833*a^2 - 280*a - 434 -77*a^3 - 7*a^2 + 700*a - 1078 -14*a^4 - 14*a^3 + 630*a^2 - 1316*a + 504 over Number field with defining polynomial x^5+13*x^4-20*x^3-162*x^2+328*x-104
36*a-252 126*a-1530 -180*a+2070 216*a-2646 -102*a+1146 72*a-828 -78*a+870 162*a-1620 -78*a+870 -198*a+2277 -9*a+171 114*a-1446 51*a-735 -3*a+156 -27*a+162 171*a-1953 132*a-1545 -72*a+855 -93*a+1083 84*a-966 18*a-207 15*a-294 -186*a+2139 60*a-879 12*a-354 54*a-648 -18*a+234 -81*a+999 15*a-132 -36*a+414 -60*a+690 48*a-579 -6*a+96 -39*a+543 -24*a+384 -96*a+1158 -15*a+186 30*a-345 33*a-366 6*a+12 -33*a+393 -81*a+999 -15*a+240 9*a-63 81*a-891 -42*a+483 -42*a+537 -66*a+786 24*a-276 -15*a+240 -117*a+1386 15*a-132 -66*a+786 -78*a+924 15*a-132 -6*a-66 -6*a-66 -3*a+21 36*a-360 132*a-1653 36*a-360 54*a-810 81*a-1053 -15*a+240 81 -6*a+96 over Number field with defining polynomial x^2-14*x+22
0 24*a-48 -12*a+96 -8*a+64 8*a-16 -48 48 0 -96 -6*a+48 4*a-56 4*a-8 -4*a-16 24 8*a-16 4*a-56 -4*a+8 -4*a-16 -4*a+56 -4*a-16 -6*a+12 -12 2*a-16 -2*a+16 -4*a+20 4*a-8 -4*a+8 6*a-36 -4*a+20 4*a-8 -4*a+8 6*a-24 8*a-4 -2*a+4 -12 -4*a+20 12 -24 2*a-16 4*a-8 12 2*a-16 12 2*a+2 -2*a+28 -2*a+16 2*a-4 6 24 -4*a+14 0 0 6 -6 -4*a+20 2*a-4 -12 0 -4*a+20 2*a+2 a-14 a-14 -2*a+16 a-20 6 -a-4 over Number field with defining polynomial x^2-10*x-2
40*a-1040 68*a-208 134*a-364 -188*a+728 148*a-1248 -140*a 112*a-312 -440*a+2080 112*a-312 97*a-182 106*a-936 -134*a+624 -34*a+624 80*a-260 -64*a+884 114*a-104 34*a-364 182*a-1092 -42*a-208 34*a-364 -51*a+546 90*a-910 -49*a+754 73*a-338 -12*a+572 74*a-884 80*a-780 131*a-676 70*a-650 -10*a+260 10*a -73*a+598 42*a-52 37*a-52 -20*a+260 -114*a+364 -163*a+988 23*a+182 21*a-26 -5*a+130 -84*a+624 70*a-650 44*a-494 -54*a+234 110*a-520 103*a-728 82*a-572 -28*a+78 -28*a+78 -52*a+442 -37*a+312 -10*a+260 -4*a-286 -30*a-130 49*a+26 62*a-312 -110*a+780 -38*a+208 13*a-208 20*a-130 -27*a+182 -30*a-130 47*a-182 -12*a+52 130 -54*a+234 over Number field with defining polynomial x^2-12*x+26
24*a^3 + 144*a^2 - 1440*a - 6528 96*a^2 - 552*a - 2544 -24*a^3 + 96*a^2 + 1140*a - 2712 8*a^3 - 48*a^2 - 408*a + 1648 8*a^3 - 8*a^2 - 88*a - 1712 -4*a^3 - 48*a^2 + 208*a + 1344 -8*a^3 + 16*a^2 + 352*a - 160 0 -8*a^3 + 16*a^2 + 352*a - 160 -6*a^3 + 24*a^2 + 90*a + 1092 8*a^3 - 52*a^2 - 420*a + 2264 -4*a^3 + 36*a^2 + 220*a - 952 -28*a^2 + 196*a + 232 -4*a^3 - 28*a^2 + 128*a + 304 44*a^2 - 288*a - 656 -8*a^3 + 52*a^2 + 420*a - 2264 -16*a^2 + 92*a + 424 -4*a^3 + 40*a^2 + 212*a + 152 12*a^3 - 76*a^2 - 244*a + 408 8*a^3 - 44*a^2 - 276*a + 712 3*a^3 + 12*a^2 - 198*a + 108 -2*a^3 - 14*a^2 + 184*a - 168 2*a^3 - 8*a^2 - 30*a - 364 2*a^3 - 146*a + 444 4*a^3 - 40*a^2 - 112*a + 1248 4*a^3 - 12*a^2 - 188*a + 696 -2*a^3 + 4*a^2 + 28*a + 120 -6*a^3 + 14*a^2 + 270*a - 428 -4*a^3 + 42*a^2 + 168*a - 856 2*a^3 - 18*a^2 - 100*a - 384 6*a^3 - 2*a^2 - 244*a - 560 -24*a^2 + 78*a + 796 -14*a^2 + 148*a + 816 4*a^3 - 6*a^2 - 230*a - 68 2*a^2 + 56*a + 392 -4*a^3 + 36*a^2 - 20*a - 312 -3*a^3 - 4*a^2 + 262*a + 220 a^3 + 2*a^2 - 122*a - 356 -2*a^3 - 8*a^2 + 122*a + 788 8*a^2 - 46*a - 212 -a^3 - 6*a^2 + 432 3*a^3 - 20*a^2 - 64*a + 256 -a^3 + 128*a + 48 -4*a^3 + 14*a^2 + 184*a - 144 0 8*a^2 - 46*a - 212 2*a^3 - 26*a^2 - 64*a + 688 2*a^3 - 4*a^2 - 88*a + 40 3*a^3 - 16*a^2 - 172*a - 40 -16*a^2 + 92*a + 424 5*a^3 - 20*a^2 - 210*a + 700 8*a^2 + 64*a + 328 -6*a^3 + 34*a^2 + 240*a - 768 -6*a^2 - 128*a + 384 a^3 - 8*a^2 - 82*a + 164 6*a^2 + 8*a - 64 10*a^2 - 40*a - 520 -2*a^3 + 30*a^2 + 16*a - 1144 -a^3 + 12*a^2 - 26*a - 460 6*a^2 - 52*a + 96 3*a^3 - 9*a^2 - 166*a + 172 -a^3 + 5*a^2 + 48*a - 52 -6*a^2 + 22*a - 16 -3*a^2 - 4*a + 32 8*a^2 - 16*a - 292 -2*a^3 + 15*a^2 + 136*a - 524 over Number field with defining polynomial x^4-2*x^3-72*x^2+36*x+712
288*a^5 + 1440*a^4 - 31824*a^3 - 319824*a^2 - 1023840*a - 1097280 216*a^5 + 2448*a^4 + 2664*a^3 - 59544*a^2 - 251280*a - 290880 216*a^5 + 2448*a^4 + 2664*a^3 - 59544*a^2 - 251280*a - 290880 -192*a^5 - 2016*a^4 + 864*a^3 + 75600*a^2 + 291840*a + 334560 -168*a^5 - 2352*a^4 - 7344*a^3 + 23664*a^2 + 152160*a + 194400 -384*a^4 - 6072*a^3 - 35016*a^2 - 87360*a - 79200 -24*a^5 - 1248*a^4 - 17184*a^3 - 101232*a^2 - 272400*a - 275040 0 48*a^5 + 1224*a^4 + 12072*a^3 + 58200*a^2 + 138000*a + 128640 -72*a^5 - 828*a^4 - 1620*a^3 + 14364*a^2 + 71280*a + 90720 48*a^5 + 480*a^4 + 1632*a^3 + 3228*a^2 + 6900*a + 8040 72*a^5 + 1080*a^4 + 5256*a^3 + 6360*a^2 - 16920*a - 36240 84*a^5 + 1044*a^4 + 3132*a^3 - 7524*a^2 - 50580*a - 63240 84*a^5 + 1260*a^4 + 5244*a^3 - 2928*a^2 - 58680*a - 89520 -36*a^5 - 1020*a^4 - 10548*a^3 - 50376*a^2 - 111960*a - 93360 -96*a^5 - 792*a^4 + 4224*a^3 + 62880*a^2 + 218160*a + 243360 -36*a^5 - 408*a^4 - 444*a^3 + 9924*a^2 + 41880*a + 48480 84*a^5 + 1488*a^4 + 8124*a^3 + 10224*a^2 - 32880*a - 71520 -12*a^5 + 48*a^4 + 2400*a^3 + 17160*a^2 + 49320*a + 51600 12*a^5 - 240*a^4 - 5436*a^3 - 34668*a^2 - 93000*a - 91200 -72*a^5 - 1098*a^4 - 5076*a^3 - 3672*a^2 + 24480*a + 40680 -12*a^5 - 360*a^4 - 4428*a^3 - 25428*a^2 - 66600*a - 64080 24*a^5 + 276*a^4 + 540*a^3 - 4788*a^2 - 23760*a - 30240 -72*a^5 - 1164*a^4 - 5184*a^3 + 2148*a^2 + 58440*a + 92880 12*a^5 + 384*a^4 + 3648*a^3 + 14646*a^2 + 25320*a + 14400 -36*a^5 - 108*a^4 + 5208*a^3 + 48168*a^2 + 152520*a + 164640 30*a^5 + 324*a^4 - 972*a^3 - 22080*a^2 - 84180*a - 99240 -96*a^5 - 1068*a^4 - 420*a^3 + 33396*a^2 + 135660*a + 158040 -24*a^5 - 84*a^4 + 4140*a^3 + 39708*a^2 + 126360*a + 134160 -24*a^5 + 6*a^4 + 3630*a^3 + 26772*a^2 + 72330*a + 67500 102*a^5 + 1440*a^4 + 5568*a^3 - 3684*a^2 - 57300*a - 80040 108*a^5 + 996*a^4 - 4632*a^3 - 76728*a^2 - 272040*a - 304800 -72*a^5 - 834*a^4 - 810*a^3 + 22026*a^2 + 92700*a + 107760 -12*a^5 - 96*a^4 - 60*a^3 + 780*a^2 + 240*a - 3360 -66*a^5 - 750*a^4 + 30*a^3 + 28116*a^2 + 114660*a + 136200 -54*a^5 - 384*a^4 + 1848*a^3 + 23352*a^2 + 70170*a + 68220 24*a^5 + 216*a^4 - 1134*a^3 - 17898*a^2 - 63480*a - 71640 -36*a^5 - 510*a^4 - 2202*a^3 - 978*a^2 + 13590*a + 22740 30*a^5 + 342*a^4 + 492*a^3 - 7356*a^2 - 32820*a - 39360 54*a^5 + 1002*a^4 + 6732*a^3 + 19638*a^2 + 21870*a + 2580 -54*a^5 - 498*a^4 + 2316*a^3 + 38364*a^2 + 136020*a + 152400 18*a^5 + 264*a^4 + 108*a^3 - 11394*a^2 - 50640*a - 63360 -24*a^5 - 204*a^4 + 816*a^3 + 13572*a^2 + 48090*a + 54900 21*a^5 + 231*a^4 + 357*a^3 - 4083*a^2 - 17775*a - 20430 12*a^5 + 78*a^4 - 1464*a^3 - 16527*a^2 - 56265*a - 62850 30*a^5 + 348*a^4 + 732*a^3 - 5208*a^2 - 26370*a - 33420 -51*a^5 - 750*a^4 - 3189*a^3 + 450*a^2 + 29460*a + 46680 -3*a^5 + 3*a^4 + 639*a^3 + 5379*a^2 + 16800*a + 18300 24*a^5 + 372*a^4 + 2898*a^3 + 14208*a^2 + 38250*a + 40740 -15*a^5 - 201*a^4 - 189*a^3 + 6894*a^2 + 31260*a + 39240 18*a^5 + 174*a^4 - 204*a^3 - 7164*a^2 - 26070*a - 28860 33*a^5 + 339*a^4 - 681*a^3 - 18408*a^2 - 68910*a - 78660 -204*a^4 - 2040*a^3 - 5379*a^2 + 1500*a + 14340 36*a^5 + 375*a^4 - 462*a^3 - 17298*a^2 - 65655*a - 75330 -6*a^5 - 144*a^4 - 1548*a^3 - 8364*a^2 - 21720*a - 21480 24*a^5 + 300*a^4 + 600*a^3 - 5328*a^2 - 24870*a - 28740 -27*a^5 - 264*a^4 + 945*a^3 + 18081*a^2 + 65445*a + 73890 -27*a^5 - 258*a^4 + 426*a^3 + 11820*a^2 + 42330*a + 46260 18*a^5 + 222*a^4 + 144*a^3 - 7140*a^2 - 29880*a - 35040 33*a^5 + 318*a^4 - 1023*a^3 - 20379*a^2 - 73950*a - 83760 39*a^4 + 675*a^3 + 4146*a^2 + 10830*a + 10380 150*a^4 + 1923*a^3 + 8583*a^2 + 15255*a + 8310 -54*a^4 - 477*a^3 - 894*a^2 + 1335*a + 3390 -207*a^4 - 3003*a^3 - 15969*a^2 - 37125*a - 32070 96*a^4 + 1395*a^3 + 7434*a^2 + 17280*a + 14880 -21*a^5 - 429*a^4 - 3522*a^3 - 14295*a^2 - 28380*a - 21960 over Number field with defining polynomial x^6+14*x^5+23*x^4-536*x^3-3524*x^2-8395*x-7130
-48*a^4 + 384*a^3 + 7680*a^2 + 21408*a + 13776 -12*a^4 - 144*a^3 + 396*a^2 + 11172*a + 23472 -18*a^4 - 216*a^3 + 54*a^2 + 270*a - 2304 4*a^4 - 16*a^3 + 580*a^2 + 5004*a + 8288 52*a^4 + 168*a^3 - 1868*a^2 - 3972*a + 2272 24*a^4 + 128*a^3 - 1448*a^2 - 7472*a - 8584 -16*a^4 - 192*a^3 + 168*a^2 + 3904*a + 6288 0 -16*a^4 - 192*a^3 + 168*a^2 + 3904*a + 6288 33*a^4 + 54*a^3 - 1473*a^2 - 5637*a - 5316 14*a^4 - 60*a^3 - 898*a^2 - 1806*a - 400 -10*a^4 - 88*a^3 - 206*a^2 - 550*a - 1000 -22*a^4 + 60*a^3 + 2710*a^2 + 8606*a + 6304 -20*a^4 - 208*a^3 - 56*a^2 + 3264*a + 6056 -4*a^4 + 116*a^3 + 1280*a^2 + 1224*a - 3048 -14*a^4 + 60*a^3 + 898*a^2 + 1806*a + 400 2*a^4 + 24*a^3 - 66*a^2 - 1862*a - 3912 6*a^4 + 36*a^3 + 206*a^2 + 2894*a + 6344 -22*a^4 - 104*a^3 + 1382*a^2 + 5610*a + 4672 -10*a^4 - 52*a^3 - 430*a^2 - 3534*a - 6576 -12*a^4 - 93*a^3 - 309*a^2 - 2583*a - 5508 20*a^4 + 44*a^3 - 1182*a^2 - 3512*a - 1436 -11*a^4 - 18*a^3 + 491*a^2 + 1879*a + 1772 -3*a^4 - 84*a^3 - 855*a^2 - 2379*a - 1764 -4*a^4 - 16*a^3 - 224*a^2 - 640*a - 232 -12*a^4 - 110*a^3 - 74*a^2 + 2002*a + 4152 -2*a^4 + 56*a^3 + 574*a^2 - 78*a - 2764 11*a^4 + 36*a^3 - 603*a^2 - 3371*a - 4560 -18*a^4 - 4*a^3 + 1028*a^2 + 2216*a - 252 16*a^4 + 96*a^3 - 678*a^2 - 5278*a - 8088 20*a^4 + 46*a^3 - 1206*a^2 - 5570*a - 6448 5*a^4 - 20*a^3 - 583*a^2 + 33*a + 3148 -12*a^4 - 48*a^3 + 546*a^2 + 1554*a + 264 -15*a^4 - 66*a^3 + 533*a^2 + 2855*a + 3344 14*a^4 + 72*a^3 - 612*a^2 - 3416*a - 4176 -8*a^4 + 594*a^2 + 3326*a + 4944 3*a^4 + 45*a^3 - 110*a^2 - 2165*a - 4136 14*a^3 + 455*a^2 + 1613*a + 1464 -a^4 + 68*a^3 + 631*a^2 + 1739*a + 1532 -3*a^4 + 4*a^3 + 308*a^2 + 449*a - 596 -3*a^4 + 27*a^3 + 752*a^2 + 2690*a + 2600 2*a^4 - 7*a^3 - 376*a^2 - 1638*a - 1968 5*a^4 + 28*a^3 - 418*a^2 - 2028*a - 2204 14*a^4 + 54*a^3 - 500*a^2 - 1924*a - 1388 0 3*a^4 - 4*a^3 - 308*a^2 - 449*a + 596 -18*a^4 - 22*a^3 + 1140*a^2 + 3708*a + 2536 4*a^4 + 48*a^3 - 42*a^2 - 976*a - 1572 2*a^4 + 15*a^3 + 35*a^2 + 258*a + 608 -2*a^4 - 24*a^3 + 66*a^2 + 1862*a + 3912 5*a^4 + 51*a^3 + 26*a^2 + 213*a + 992 10*a^4 + 24*a^3 - 570*a^2 - 2440*a - 2604 4*a^4 + 48*a^3 - 42*a^2 - 976*a - 1572 -14*a^4 - 36*a^3 + 388*a^2 + 432*a - 1400 15*a^4 + 75*a^3 - 544*a^2 - 2227*a - 1612 -12*a^4 - 46*a^3 + 612*a^2 + 2244*a + 1504 10*a^4 - 42*a^3 - 1322*a^2 - 3372*a - 1196 4*a^4 - 32*a^3 - 640*a^2 - 1784*a - 1148 11*a^4 + 67*a^3 - 203*a^2 - 847*a - 252 4*a^4 - 34*a^3 - 706*a^2 - 2474*a - 2388 -a^4 - 12*a^3 - 12*a^2 - 443*a - 1170 24*a^3 + 432*a^2 + 1212*a + 690 41*a^3 + 332*a^2 + 749*a + 408 -9*a^3 + 56*a^2 + 746*a + 1394 -40*a^3 - 299*a^2 - 404*a + 212 -13*a^4 - 108*a^3 + 369*a^2 + 3172*a + 4446 over Number field with defining polynomial x^5+2*x^4-73*x^3-273*x^2-82*x+380
-24 -36 66 36 36 60 0 0 0 -9 6 -6 42 -36 12 -6 -54 6 6 -6 -33 -30 3 -3 24 30 36 15 6 12 -24 -15 -24 21 -30 18 9 -21 3 -3 -18 -6 6 6 0 -3 6 0 6 -24 -9 6 -6 -24 27 6 12 0 -15 12 15 -12 -9 12 -6 6 over Number field with defining polynomial x-16
168*a-20376 204*a-8124 72*a-8508 72*a-10080 -264*a+5520 -204*a+1836 24*a-6504 984*a-40296 24*a-6504 -150*a+7638 -276*a+11916 72*a-8508 -72*a-924 144*a-6012 -324*a+9204 -216*a+8232 180*a-1620 -72*a-924 36*a+2820 -6*a-1518 -114*a+1812 -306*a+10614 -114*a+4170 -90*a-3120 72*a-6936 -132*a+4332 120*a-4224 282*a-9612 -18*a+948 -216*a+3516 90*a-3954 156*a-7692 312*a-12240 -6*a-1518 132*a-9048 -84*a+3900 -162*a+6174 120*a-3438 108*a-1758 -216*a+7446 -144*a+3654 96*a-5580 -120*a+5010 -84*a+2328 -246*a+10074 108*a-4902 90*a-2382 -6*a+1626 72*a-2220 -114*a+4170 66*a-1380 -42*a+5094 252*a-10128 -102*a+5634 324*a-9990 108*a-2544 72*a+924 66*a+978 -60*a-1032 -18*a+1734 54*a-2058 54*a-2058 -18*a+2520 -144*a+5226 -786 -30*a+1842 over Number field with defining polynomial x^2-102*x+2147
5040 10080 5040 2520 -2520 5040 -1680 0 -1680 1260 0 -4200 -840 -3360 -2520 0 -1680 -840 1680 -840 630 1260 -420 -1260 1470 -420 -1260 0 420 1680 1680 420 3360 1260 1260 1260 -840 210 630 210 -1050 -1470 -210 -420 0 840 -1260 420 -630 -420 -1470 -210 420 1050 -630 -840 210 -1470 -1680 -420 0 0 945 735 630 315 over Number field with defining polynomial x-10
5040 -1260 -4410 -1260 -1260 5040 840 -7560 840 315 -4410 3990 -210 2940 -1260 -4410 -2310 -210 -210 -210 -1260 -1260 -735 315 -2310 3990 1890 -2835 -210 -210 -210 -1785 840 -2835 1890 1890 2940 3990 315 -735 -735 1365 -1785 -735 -4410 2415 1890 1365 315 -735 -3360 2940 -1785 -1785 -1260 -210 840 -210 840 -735 -1260 -1260 1890 1365 1890 -1260 over Number field with defining polynomial x-10
-8820 -11970 630 -630 6930 -8820 -1470 -3780 9870 -4095 7245 -2730 -105 1470 8820 5355 -10605 -105 7455 2730 2205 -630 -7455 -2205 3570 -4620 -5670 945 4620 -4830 2730 4305 420 945 -3780 5670 1470 1995 630 -2730 105 3045 1470 1995 -2205 -1155 945 -1680 2520 -2730 -1680 1470 1470 1470 -630 -4830 420 -1995 420 1995 -630 -630 945 -1680 945 -630 over Number field with defining polynomial x-10
44640 14880 7440 -2480 -9920 -17360 9920 0 9920 -7440 0 6200 -7440 -17360 -9920 0 -2480 -7440 14880 -7440 -3720 4960 2480 1240 3720 2480 1240 6200 3720 2480 -9920 -2480 -7440 -1240 4960 -7440 -1240 -1240 2480 -1240 6200 2480 -4960 2480 0 1240 1240 -2480 -2480 2480 -3720 7440 -2480 6200 3720 -4340 4960 -3720 3720 2480 0 0 -2480 -1240 -620 -1860 over Number field with defining polynomial x-5
44640 -29760 -48360 69440 -17360 -17360 -4960 19840 -4960 63240 -4960 19840 32240 19840 -17360 -4960 -79360 32240 32240 32240 -20460 26040 7440 13640 -29760 -17360 -17360 -11160 32240 7440 -35960 -4960 13640 32240 -11160 -42160 16740 26040 16740 -14260 -20460 -23560 19840 7440 -4960 13640 -17360 1240 -8060 7440 4340 -11160 -4960 19840 1240 7440 -4960 32240 -8060 7440 1240 1240 -17360 -1860 4340 -20460 over Number field with defining polynomial x-5
-59520 -81840 -22320 -17360 17360 -34720 -4960 37200 -4960 -14880 -31000 -49600 -2480 2480 -26040 12400 -35960 -2480 -19840 -2480 -7440 -8680 -1240 -3720 13640 17360 8680 -37200 -11160 20460 -1240 -4960 620 -2480 -2480 -11780 -17980 13020 -13640 -5580 18600 11160 2480 20460 -9300 -3720 -13020 1240 -8060 -1240 -4340 14880 16740 15500 1240 16120 -17980 1860 -8060 20460 -3100 -3100 4340 6820 -4340 5580 over Number field with defining polynomial x-5
29760 -59520 29760 19840 0 4960 39680 0 -24800 -7440 12400 -14880 -4960 2480 -4960 19840 9920 -2480 -9920 -24800 -7440 -2480 2480 9920 3720 4960 -12400 -14880 -7440 -11160 7440 -7440 6200 9920 -3720 -7440 1240 1240 7440 11160 -7440 3720 2480 1240 -8060 -4960 4340 -1860 -1240 -6200 -2480 1860 -620 6200 2480 -2480 6820 4960 8680 -8680 -620 3720 -2480 1240 -1860 -3100 over Number field with defining polynomial x-5
-3720 -3720 -3720 -1860 -8680 -8680 -3720 3720 0 -7440 2480 -1860 3100 3100 1240 -6200 620 620 -3720 -6200 -5580 2480 -1240 1860 -620 -4960 -6200 1860 620 1240 -7440 -6200 0 3100 2480 2480 1860 620 -6200 1860 -5580 1860 1240 -620 0 0 -620 1860 -620 1240 1860 620 1860 -620 620 1860 1860 -6200 1240 1860 1240 620 1860 1240 620 0 over Number field with defining polynomial x-254
For conductor 2, eigenvectors are:
0 0 -2 0 -2 0 0 0 2 2 0 -1 1 0 0 1 0 over Number field with defining polynomial x+10
-2 -1 -1 1 0 -1 -1 -2 -1 0 -2 1 0 0 0 1 -1 over Number field with defining polynomial x-5
4*a-2 -3*a+2 5*a-4 a -8*a+4 -a+4 -7*a+4 -2 -7*a+2 0 -4*a+4 -2*a+1 2*a-2 a-1 -a-1 1 5*a-2 over Number field with defining polynomial x^2+3*x-2
6 2*a-16 2*a-16 2*a-10 -2*a+22 0 2*a-22 -2*a+22 0 0 6 -a+14 -a+14 2*a-16 a-8 6 -a+8 over Number field with defining polynomial x^2-10*x-2
-a^4 - 4*a^3 + 74*a^2 + 479*a + 750 a^5 + 8*a^4 - 47*a^3 - 634*a^2 - 2078*a - 2200 2*a^4 + 37*a^3 + 241*a^2 + 670*a + 680 -4*a^4 - 73*a^3 - 484*a^2 - 1389*a - 1460 a^5 + 9*a^4 - 25*a^3 - 460*a^2 - 1517*a - 1570 -a^5 - 9*a^4 + 51*a^3 + 800*a^2 + 2875*a + 3280 -a^5 - 11*a^4 + 358*a^2 + 1386*a + 1590 -a^5 - 12*a^4 - 7*a^3 + 383*a^2 + 1595*a + 1870 -a^5 - 10*a^4 + 10*a^3 + 393*a^2 + 1408*a + 1520 3*a^5 + 33*a^4 + 9*a^3 - 1029*a^2 - 4101*a - 4740 a^5 + 13*a^4 + 11*a^3 - 457*a^2 - 2074*a - 2620 2*a^4 + 28*a^3 + 117*a^2 + 150*a - 10 -a^4 - 13*a^3 - 50*a^2 - 41*a + 60 4*a^3 + 46*a^2 + 159*a + 165 4*a^4 + 58*a^3 + 297*a^2 + 642*a + 495 -a^5 - 9*a^4 + 34*a^3 + 584*a^2 + 2037*a + 2260 a^4 - 120*a^2 - 638*a - 915 over Number field with defining polynomial x^6+14*x^5+23*x^4-536*x^3-3524*x^2-8395*x-7130
-9*a^4 - 63*a^3 + 150*a^2 + 504*a - 948 3*a^4 + 42*a^3 + 60*a^2 - 288*a + 216 3*a^4 + 12*a^3 - 126*a^2 + 168*a + 36 -3*a^4 - 48*a^3 - 60*a^2 + 270*a + 48 3*a^4 + 87*a^3 + 54*a^2 - 864*a + 792 -3*a^4 - 24*a^3 - 72*a^2 + 24*a + 420 15*a^3 + 6*a^2 - 348*a + 468 6*a^4 + 12*a^3 - 18*a^2 - 78*a + 72 -6*a^4 - 27*a^3 + 12*a^2 + 426*a - 540 0 3*a^4 - 21*a^3 - 96*a^2 + 312*a - 240 -6*a^4 - 51*a^3 + 36*a^2 + 438*a - 498 9*a^3 - 93*a^2 - 252*a + 696 45*a^3 + 81*a^2 - 456*a + 198 12*a^2 - 234*a + 414 6*a^4 + 66*a^3 + 45*a^2 - 432*a + 174 54*a^3 + 75*a^2 - 588*a + 516 over Number field with defining polynomial x^5+13*x^4-20*x^3-162*x^2+328*x-104
For conductor 5, eigenvectors are:
-1 2 0 -2 2 -3 -1 over Number field with defining polynomial x-5
2 1 0 -1 1 1 2 over Number field with defining polynomial x+10
-2 1 1 0 -1 0 1 over Number field with defining polynomial x+10
2 -1 3 -2 -1 0 -1 over Number field with defining polynomial x+4
-2 1 -2 -3 -1 3 -2 over Number field with defining polynomial x+4
2 2 0 1 -1 0 -1 over Number field with defining polynomial x+4
-2 1 3 2 4 3 -2 over Number field with defining polynomial x+4
For conductor 10, eigenvectors are:
a vector of length 29 over Number field with defining polynomial a number field of degree 11
0 0 6 -4 0 0 0 0 -4 -4 0 0 0 0 -2 -2 0 -2 0 2 0 0 0 1 1 0 -1 0 -1 over Number field with defining polynomial x+10
6 3 3 2 5 -1 -2 3 0 1 1 1 -1 -1 1 2 -2 -2 -3 -2 3 1 -1 -1 2 -1 -2 0 0 over Number field with defining polynomial x-4
-6 6 -3 -2 4 -2 -4 -6 0 -4 -4 5 -8 1 -1 1 2 2 -6 -1 -3 -4 1 -2 -2 4 -1 3 -3 over Number field with defining polynomial x-19
0 3 0 0 3 -1 3 -1 0 -1 -1 -3 2 0 0 1 0 0 2 -1 0 -1 0 -1 0 1 -1 1 -1 over Number field with defining polynomial x-14
-18 -18*a+234 9*a-117 3*a-42 -15*a+192 -9*a+123 6*a-84 -3*a+39 -3*a+57 6*a-84 -3*a+24 -6 -3 3*a-33 6*a-75 3*a-33 -3*a+42 -15 -3*a+39 -6*a+90 -9 3*a-27 6*a-90 3*a-42 3*a-42 6*a-81 -3*a+33 9 -3*a+48 over Number field with defining polynomial x^2-17*x+46
-18 -9 -9 a+8 3 2*a+13 6 -a-5 a+14 -3 -a+1 a+11 3 3 -3 -6 a+2 -a-8 a+5 -a-8 a+5 -3 -a-11 a+8 3 3 -3 0 -a-5 over Number field with defining polynomial x^2+10*x-2
-42*a^4 - 156*a^3 + 1350*a^2 + 4368*a + 1824 30*a^4 - 6*a^3 - 390*a^2 - 588*a - 720 -15*a^4 + 3*a^3 + 195*a^2 + 294*a + 360 6*a^4 - 74*a^3 - 176*a^2 + 668*a + 1664 -10*a^4 + 2*a^3 + 130*a^2 + 196*a + 240 -8*a^4 + 54*a^3 + 682*a^2 + 1548*a + 1072 -24*a^4 - 50*a^3 + 580*a^2 + 1652*a + 848 8*a^4 + 4*a^3 - 480*a^2 - 1912*a - 1904 -8*a^4 - 34*a^3 + 60*a^2 + 844*a + 992 -24*a^4 - 50*a^3 + 580*a^2 + 1652*a + 848 2*a^4 - 16*a^3 - 152*a^2 + 268*a + 1104 -4*a^4 + 12*a^3 + 131*a^2 + 240*a + 80 6*a^4 + 20*a^3 - 40*a^2 - 146*a + 16 9*a^4 + 53*a^3 - 385*a^2 - 1358*a - 488 4*a^4 - 41*a^3 - 232*a^2 - 58*a + 336 9*a^4 + 53*a^3 - 385*a^2 - 1358*a - 488 -4*a^4 - 3*a^3 - 79*a^2 - 294*a - 376 -2*a^4 + 44*a^3 + 222*a^2 + 334*a + 176 2*a^4 + 17*a^3 - 119*a^2 - 440*a - 360 -6*a^4 - 67*a^3 + 116*a^2 + 1570*a + 2320 2*a^4 + 32*a^3 + 91*a^2 + 94*a + 96 -2*a^4 + 49*a^3 + 473*a^2 + 1058*a + 456 2*a^4 + 3*a^3 - 10*a^2 + 276*a + 512 6*a^4 - 11*a^3 - 251*a^2 - 718*a - 556 2*a^3 + 110*a^2 + 754*a + 988 17*a^3 + 176*a^2 + 271*a - 68 -2*a^3 + 34*a^2 + 263*a + 524 -4*a^4 - 18*a^3 + 239*a^2 + 918*a + 836 31*a^3 + 67*a^2 - 445*a - 940 over Number field with defining polynomial x^5+x^4-47*x^3-101*x^2+100*x+208
34*a^2 - 930*a + 5642 -29*a^2 + 753*a - 4681 -12*a^2 + 324*a - 2031 -12*a^2 + 357*a - 2442 -22*a^2 + 537*a - 3029 12*a^2 - 345*a + 2385 2*a^2 - 78*a + 622 10*a^2 - 270*a + 1523 12*a^2 - 357*a + 2442 -19*a^2 + 519*a - 3329 10*a^2 - 270*a + 1523 -2*a^2 + 45*a - 211 2*a^2 - 66*a + 565 -7*a^2 + 183*a - 1241 -33*a+411 7*a^2 - 195*a + 1298 -7*a^2 + 216*a - 1652 0 -5*a^2 + 150*a - 1087 5*a^2 - 162*a + 1144 17*a^2 - 465*a + 2821 -7*a^2 + 162*a - 887 -33*a+411 -7*a^2 + 162*a - 887 -12*a^2 + 357*a - 2442 -12*a+57 -7*a^2 + 195*a - 1298 21*a-354 -7*a^2 + 195*a - 1298 over Number field with defining polynomial x^3-34*x^2+350*x-1082
-60 -30 -30 20 10 -10 20 -10 -20 -10 -10 -20 -20 10 0 -20 10 0 -10 0 20 20 0 -5 -5 -10 -5 -10 -5 over Number field with defining polynomial x-2
120 60 60 80 -20 -40 -40 -100 40 20 80 -50 -20 -20 -90 40 10 30 -10 30 -10 20 -60 25 -20 35 -35 -55 10 over Number field with defining polynomial x-2
For conductor 13, eigenvectors are:
1 1 0 -1 0 1 over Number field with defining polynomial x+4
1 0 1 1 1 0 over Number field with defining polynomial x+2
4 -4 -a-2 a+2 -4 a+2 over Number field with defining polynomial x^2+8*x-4
3*a+10 3*a+26 -4*a-8 a+14 -16 -5*a-22 over Number field with defining polynomial x^2+14*x+32
For conductor 26, eigenvectors are:
-12 -14 6 -4 4 6 -2 2 0 -6 -2 2 0 2 6 -12 4 -2 0 -2 2 3 6 -2 0 -6 4 5 -1 over Number field with defining polynomial x+11
-12 6 6 -4 4 2 2 6 8 -2 2 2 -4 2 -6 4 0 2 4 -2 2 -1 -2 -2 0 -2 0 1 -1 over Number field with defining polynomial x+7
0 -2 0 -3 -3 2 2 -2 0 -3 -2 1 0 -3 0 3 1 2 -2 3 2 4 2 -1 1 -1 -4 1 -1 over Number field with defining polynomial x-9
-12 16 6 -4 4 12 -8 -4 -12 -12 -8 2 6 2 -6 -6 10 -8 -6 -2 2 -6 -12 -2 0 3 -5 -4 -1 over Number field with defining polynomial x+2
-3 -6 -3 4 -5 5 3 4 3 -3 1 3 3 1 0 2 0 -1 -2 3 -1 -2 -1 1 2 -3 2 -4 0 over Number field with defining polynomial x-14
0 0 -6 -4 0 0 0 4 -4 0 0 0 0 2 2 0 -2 0 2 0 4 -2 0 1 1 0 -1 0 -1 over Number field with defining polynomial x+4
16*a-110 10*a-134 -8*a+55 2*a-50 18*a-160 3*a-17 -3*a-99 13*a-93 16*a-110 -8*a+142 5*a-38 -5*a+67 -8*a+55 -6*a+5 8*a-55 -2*a+50 11*a-43 3*a-17 -11*a+72 -87 3*a-17 6*a-34 -5*a+38 8*a-26 8*a-84 5*a-67 2*a-21 -29 -3*a-12 over Number field with defining polynomial x^2-21*x+74
5*a-42 -2*a+16 -a+12 -6 5*a-42 -a+2 a-4 -2 -a+6 -a -a+10 a-8 -a+6 -a+6 -2*a+18 0 4 -a+8 4 3*a-18 -a+8 -2*a+16 a-10 a-4 -2*a+10 -a+8 2 -2 -2*a+14 over Number field with defining polynomial x^2-22*x+102
-6*a 8*a 3*a 2*a+22 2*a 2*a-22 -4*a -2*a -6*a 4*a-22 8*a-11 -2*a+22 3*a a -3*a -a+11 -2*a a-11 -3*a 4*a-11 3*a+11 4*a a a+11 0 -2*a a 11 -2*a+11 over Number field with defining polynomial x^2-11
-6*a^2 - 18*a + 18 -4*a^2 - 8*a + 36 3*a^2 + 3*a - 30 -4*a^2 - 12*a + 22 2*a^2 + 6*a - 6 -4*a^2 - 4*a + 50 -2*a^2 - 4*a + 18 2*a^2 - 32 4*a+14 2*a^2 + 2*a - 20 2*a^2 + 7*a - 5 5*a^2 + 10*a - 40 4*a+14 2*a^2 + 2*a - 25 3*a^2 + 7*a - 16 2*a^2 + 5*a - 12 -a^2 - 4*a + 2 -2*a^2 - 6*a + 11 -4*a^2 - 7*a + 37 2*a^2 + 3*a - 19 -2*a^2 - 7*a + 5 -2*a-12 a+6 -2*a^2 - 2*a + 25 0 3*a^2 + 7*a - 21 -a-6 2*a+7 -a^2 - 2*a + 9 over Number field with defining polynomial x^3-13*x+13
18*a^2 - 330*a - 318 -4*a^2 - 360*a - 396 -27*a^2 - 93*a - 30 72*a^2 + 116*a + 22 -6*a^2 + 110*a + 106 44*a^2 + 192*a + 214 2*a^2 + 180*a + 198 38*a^2 - 88*a - 100 -24*a^2 + 48*a + 86 -58*a^2 + 234*a + 384 30*a^2 - 27*a - 93 -41*a^2 + 12*a + 54 6*a^2 - 110*a - 106 28*a^2 + 116*a + 141 15*a^2 - 79*a - 96 58*a^2 - 41*a - 92 43*a^2 + 38*a + 4 -36*a^2 - 188*a - 151 10*a^2 + 121*a + 109 -30*a^2 + 27*a + 93 8*a^2 + 71*a + 51 4*a^2 + 230*a + 256 64*a^2 - 19*a - 140 -30*a^2 + 92*a + 163 -32*a^2 - 22*a - 6 25*a^2 + 107*a + 83 -65*a-70 -66*a-29 -23*a^2 + 8*a + 45 over Number field with defining polynomial x^3-13*x-13
-21*a^3 - 24*a^2 + 408*a - 192 -2*a^3 + 44*a^2 + 176*a - 272 -9*a^3 + 18*a^2 + 60*a - 168 12*a^3 + 10*a^2 - 228*a + 176 7*a^3 + 8*a^2 - 136*a + 64 -15*a^3 - 4*a^2 + 248*a - 232 -3*a^3 - 42*a^2 + 112*a - 184 -10*a^3 + 46*a^2 + 64*a + 8 13*a^3 - 4*a^2 - 176*a + 176 -a^3 - 30*a^2 - 16*a + 80 -10*a^3 - 22*a^2 + 146*a + 24 -4*a^3 - 10*a^2 + 186*a - 76 13*a^3 - 4*a^2 - 176*a + 176 9*a^3 + 6*a^2 + 20*a - 44 4*a^3 + 14*a^2 - 116*a + 8 a^3 - 2*a^2 - 78*a - 8 a^3 - 34*a^2 + 42*a + 144 10*a^3 - 12*a^2 + 2*a + 24 3*a^3 + 18*a^2 - 66*a + 120 a^3 + 6*a^2 - 64*a + 132 2*a^3 - 42*a^2 - 78*a + 100 2*a^3 + 34*a^2 - 20*a - 52 -5*a^3 + 8*a^2 + 204*a - 144 -a^3 + 9*a^2 + 62*a - 82 0 -9*a^2 + 44*a - 14 -15*a^2 + 2*a - 50 -13*a^2 - 26*a + 54 -10*a^3 + 128*a - 16 over Number field with defining polynomial x^4-2*x^3-22*x^2+40*x-8
3*a+15 6 3*a+15 a+2 -a-5 a+5 -3 a+2 a+5 3 -3 a+5 a+5 -a-5 0 -a-2 -a-2 -3 a+8 3 a+5 0 3 0 3 a+5 3 0 -a-5 over Number field with defining polynomial x^2+16*x+46
9 -2 3 -2 7 1 1 -2 -1 -1 1 1 3 1 2 2 0 1 2 -1 1 2 -1 -1 0 -1 0 -2 2 over Number field with defining polynomial x-8
-24 -48 12 -8 8 24 -56 -8 16 -24 -16 -16 -8 4 -12 8 -20 24 -12 16 24 -12 16 6 -10 16 10 -8 18 over Number field with defining polynomial x-8
-24 -24 12 -4 8 -8 12 20 -24 0 -4 -6 12 -10 -12 4 6 10 2 -6 -8 2 4 5 7 6 4 1 0 over Number field with defining polynomial x-2
6 -12 6 4 -2 2 -6 -8 -6 -6 4 0 -6 4 0 2 0 2 4 0 -4 -2 -4 1 5 0 -1 2 -3 over Number field with defining polynomial x-2
12 -8 24 -8 -4 -16 4 0 12 0 2 -12 4 10 -4 -2 2 -10 -6 -2 4 -6 8 5 4 -3 -7 -3 0 over Number field with defining polynomial x-2
For conductor 65, eigenvectors are:
-24 8 0 -8 0 -4 -12 -16 -24 -4 4 28 4 0 0 -16 0 -4 -8 8 12 0 8 4 4 -8 0 2 -8 4 -14 4 2 18 -2 0 -6 10 -2 2 12 6 -10 2 6 4 0 -4 4 4 -7 2 3 -3 5 -6 over Number field with defining polynomial x+2
-12 16 0 -16 -9 -2 -6 -8 12 -2 2 2 -10 6 -9 -2 3 1 11 4 -6 6 1 -10 5 -4 -6 7 -1 5 -1 2 -2 0 -4 0 9 -4 -4 -2 0 -3 -2 4 -6 -1 -6 -2 -1 2 -2 1 3 3 -2 -3 over Number field with defining polynomial x-4
-6 -2 0 -2 3 -5 5 0 0 -1 1 -1 5 -2 3 -2 -1 1 3 -2 2 -2 3 0 3 0 2 0 3 0 0 1 3 0 -1 1 1 1 0 0 -2 0 -2 2 -2 2 -2 -1 0 -1 1 0 0 -1 0 0 over Number field with defining polynomial x+6
-6 48 -54 -48 3 -25 -17 -8 20 29 -11 -31 -5 18 3 -6 5 25 -17 2 28 -12 3 26 9 14 -8 10 7 -20 6 1 -3 4 -1 -27 -1 17 42 -10 18 -14 8 4 -20 -8 22 -11 -22 7 16 -8 15 6 3 -20 over Number field with defining polynomial x-16
72 -8*a+16 0 0 6*a-30 -12 -4*a+20 -4*a+8 0 12 -12 -4*a+20 8*a-52 -4*a+20 6*a-30 2*a-16 -2*a+10 -2*a-2 6 2*a-16 12 -4*a+20 2*a-34 -2*a+4 6 -2*a+4 -6*a+24 2*a-4 0 -2*a-2 -2*a+4 -12 -2*a+10 0 a-8 6 2*a-10 -2*a+10 a-2 2*a-4 a-2 0 0 -a+14 a-2 -2*a+16 -2*a+4 12 -2*a+4 a-8 -a+5 -a+5 0 -3 -a+2 -3 over Number field with defining polynomial x^2-4*x-14
144*a-1440 96*a-816 0 -96*a+816 -108*a+648 -120*a+768 -144*a+576 -48*a+264 72*a-216 -120*a+768 -24*a+240 -24*a+312 48*a-408 -144 54*a-648 -12*a+84 36*a-216 -48*a+192 -204*a+1140 -48*a+372 -72*a+576 -252 -12*a-24 48*a-84 -60*a+312 -24*a+132 -108*a+684 -30*a+264 66*a-462 -6*a-12 48*a-138 -42*a+420 24*a-168 54*a-270 48*a-192 0 -54*a+414 -42*a+258 -24*a+204 -48*a+282 -90*a+450 72*a-414 -12*a+48 96*a-600 0 48*a-84 -18*a-54 -30*a+246 30*a-120 48*a-264 -3*a+75 15*a-123 36*a-180 18*a-72 -57*a+327 54 over Number field with defining polynomial x^2-5*x-8
12*a-240 8*a-8 24*a-176 -8*a+8 -9*a+66 -10*a+48 -6*a-32 12*a-12 -8*a+84 2*a-40 6*a-196 -18*a+132 -14*a+128 6*a-44 -9*a+66 -2*a+2 -15*a+110 11*a-106 -3*a+60 12*a-126 6*a+32 6*a-44 -7*a+102 10*a-48 -a-56 -8*a+8 -6*a+44 -a+20 7*a-102 a+18 -9*a+66 -2*a+40 8*a-46 -4*a-34 4*a-42 -6*a+44 3*a-60 2*a-40 -2*a+2 2*a-2 -2*a+2 9*a-28 -14*a+128 -10*a+86 38 -5*a+62 -6*a+44 2*a-40 -a-56 2*a-78 3*a-22 -4*a+42 -7*a+26 4*a-4 -2*a+2 -38 over Number field with defining polynomial x^2-16*x+34
-312*a^2 - 1776*a - 912 -384*a^2 - 2592*a - 1424 0 -504*a^2 - 3872*a - 1424 -294*a^2 - 1512*a - 144 -280*a^2 - 1080*a - 40 -220*a^2 - 2040*a + 360 0 -540*a^2 - 4160*a - 400 168*a^2 + 944*a - 312 52*a^2 + 296*a + 152 -112*a^2 - 936*a - 152 -80*a^2 - 1160*a - 360 256*a^2 + 1648*a + 96 186*a^2 + 1578*a + 36 216*a^2 + 1528*a + 456 98*a^2 + 504*a + 48 22*a^2 - 24*a + 152 -34*a^2 - 92*a - 24 96*a^2 + 1048*a + 256 -66*a^2 - 668*a + 384 -154*a^2 - 1372*a - 24 -94*a^2 - 732*a - 24 -140*a^2 - 940*a + 80 -154*a^2 - 572*a - 224 0 114*a^2 + 392*a - 56 -10*a^2 + 200*a + 360 -84*a^2 - 472*a + 156 130*a^2 + 1140*a + 280 70*a^2 + 470*a - 40 -38*a^2 - 294*a - 268 -4*a^2 + 228*a - 24 -110*a^2 - 1050*a - 140 83*a^2 + 774*a + 268 112*a^2 + 506*a - 68 12*a^2 + 116*a - 128 -28*a^2 - 34*a - 88 -15*a^2 - 160*a 90*a^2 + 530*a - 220 111*a^2 + 808*a + 356 -60*a^2 - 240*a - 100 -84*a^2 - 472*a + 156 29*a^2 + 592*a + 104 -49*a^2 - 252*a - 24 74*a^2 + 672*a + 204 -4*a^2 + 228*a - 24 -82*a^2 - 616*a - 152 70*a^2 + 500*a + 280 -57*a^2 - 626*a - 192 112*a^2 + 921*a - 8 -15*a^2 + 55*a + 110 75*a^2 + 600*a + 50 -27*a^2 - 291*a - 32 200*a-50 215*a+110 over Number field with defining polynomial x^3+4*x^2-26*x-4
-204*a^2 + 5856*a - 38976 40*a^2 - 1272*a + 9944 192*a^2 - 5688*a + 40128 -40*a^2 + 1272*a - 9944 171*a^2 - 5502*a + 43530 -74*a^2 + 2248*a - 16440 -94*a^2 + 3032*a - 24048 -32*a^2 + 1016*a - 7844 72*a^2 - 2288*a + 17788 22*a^2 - 596*a + 3624 -138*a^2 + 4160*a - 29908 2*a^2 + 40*a - 1348 -22*a^2 + 356*a + 816 58*a^2 - 1800*a + 13628 -153*a^2 + 4974*a - 39846 -30*a^2 + 834*a - 5238 -a^2 - 140*a + 2894 -39*a^2 + 1172*a - 8398 -71*a^2 + 2114*a - 14924 106*a^2 - 3458*a + 27822 -16*a^2 + 314*a - 384 16*a^2 - 582*a + 5240 43*a^2 - 1254*a + 8546 -6*a^2 + 190*a - 1436 -47*a^2 + 1530*a - 12232 64*a^2 - 2138*a + 17700 124*a^2 - 4060*a + 32824 17*a^2 - 622*a + 5676 47*a^2 - 1456*a + 10914 -133*a^2 + 4070*a - 30018 83*a^2 - 2526*a + 18490 -80*a^2 + 2438*a - 17876 -10*a^2 + 318*a - 2486 -30*a^2 + 968*a - 7666 -22*a^2 + 550*a - 2722 -48*a^2 + 1422*a - 10032 85*a^2 - 2708*a + 21096 -12*a^2 + 352*a - 2456 -10*a^2 + 318*a - 2486 70*a^2 - 2240*a + 17610 10*a^2 - 198*a + 266 -a^2 - 94*a + 1992 -58*a^2 + 1828*a - 14044 36*a^2 - 1264*a + 11114 56*a^2 - 1780*a + 13866 -73*a^2 + 2402*a - 19542 6*a^2 - 310*a + 3656 -120*a^2 + 3710*a - 27820 53*a^2 - 1706*a + 13460 -80*a^2 + 2378*a - 16766 -47*a^2 + 1442*a - 10706 36*a^2 - 1144*a + 8894 -11*a^2 + 372*a - 3130 -86*a^2 + 2748*a - 21532 60*a-1110 74*a-1318 over Number field with defining polynomial x^3-38*x^2+446*x-1558
-2*a^3 + 64*a^2 - 406*a - 520 4*a^3 - 152*a^2 + 1556*a - 3280 -4*a^3 + 128*a^2 - 716*a - 3920 -4*a^3 + 152*a^2 - 1556*a + 3280 a^3 - 38*a^2 + 533*a - 3940 6*a^3 - 252*a^2 + 3126*a - 10680 2*a^3 - 112*a^2 + 1846*a - 7880 -2*a^3 + 52*a^2 - 178*a + 440 -2*a^3 + 88*a^2 - 1198*a + 5240 4*a^3 - 188*a^2 + 2768*a - 12640 2*a^3 - 100*a^2 + 1570*a - 7400 -2*a^3 + 88*a^2 - 1294*a + 6920 2*a^3 - 76*a^2 + 778*a - 1640 a^3 - 20*a^2 - 73*a + 740 -3*a^3 + 135*a^2 - 1746*a + 5280 -3*a^3 + 120*a^2 - 1353*a + 3540 5*a^3 - 214*a^2 + 2737*a - 9860 2*a^3 - 64*a^2 + 430*a + 400 -2*a^3 + 76*a^2 - 850*a + 3200 2*a^3 - 70*a^2 + 520*a + 1000 -24*a+720 -3*a^3 + 126*a^2 - 1443*a + 2940 4*a^3 - 170*a^2 + 2162*a - 7960 4*a^3 - 158*a^2 + 1766*a - 5080 a^3 - 38*a^2 + 389*a - 820 2*a^3 - 58*a^2 + 220*a + 1600 12*a^2 - 252*a - 240 -4*a^3 + 173*a^2 - 2183*a + 6940 a^3 - 50*a^2 + 713*a - 2140 2*a^3 - 85*a^2 + 1081*a - 3980 -9*a^2 + 279*a - 1620 -4*a^3 + 161*a^2 - 1859*a + 5620 -4*a^3 + 176*a^2 - 2348*a + 9040 -3*a^3 + 132*a^2 - 1701*a + 5580 -12*a^2 + 396*a - 2880 a^3 - 32*a^2 + 179*a + 980 a^3 - 44*a^2 + 647*a - 3460 a^3 - 56*a^2 + 971*a - 4780 -a^3 + 38*a^2 - 389*a + 820 -a^3 + 29*a^2 - 182*a + 760 a^3 - 44*a^2 + 575*a - 1900 a^3 - 59*a^2 + 1088*a - 6040 -a^3 + 38*a^2 - 389*a + 820 2*a^3 - 88*a^2 + 1174*a - 4520 a^3 - 32*a^2 + 179*a + 980 a^3 - 38*a^2 + 461*a - 2380 -4*a^3 + 164*a^2 - 1952*a + 6160 3*a^3 - 120*a^2 + 1377*a - 4260 -3*a^3 + 111*a^2 - 1146*a + 3480 -a^3 + 44*a^2 - 599*a + 2620 -a^3 + 50*a^2 - 785*a + 3700 -a^3 + 44*a^2 - 599*a + 2620 -12*a^2 + 324*a - 1320 -3*a^2 + 93*a - 540 -3*a^2 + 93*a - 540 15*a^2 - 441*a + 2580 over Number field with defining polynomial x^4-48*x^3+751*x^2-4248*x+6640
126*a^4 - 5730*a^3 + 92514*a^2 - 617310*a + 1383264 76*a^4 - 3764*a^3 + 66356*a^2 - 481676*a + 1145792 -4*a^4 + 80*a^3 - 276*a^2 + 3904*a - 66488 92*a^4 - 4496*a^3 + 77708*a^2 - 540288*a + 1138920 -66*a^4 + 3186*a^3 - 55014*a^2 + 394110*a - 940392 -44*a^4 + 2030*a^3 - 33180*a^2 + 221898*a - 481328 -70*a^4 + 3538*a^3 - 63662*a^2 + 467486*a - 1089660 18*a^4 - 990*a^3 + 18826*a^2 - 140914*a + 309940 12*a^4 - 546*a^3 + 8732*a^2 - 57702*a + 131872 92*a^4 - 4460*a^3 + 76772*a^2 - 539732*a + 1212544 -16*a^4 + 1194*a^3 - 27104*a^2 + 221518*a - 460424 -54*a^4 + 2750*a^3 - 49630*a^2 + 361346*a - 806956 38*a^4 - 1882*a^3 + 33178*a^2 - 240838*a + 572896 -74*a^4 + 3534*a^3 - 60222*a^2 + 423138*a - 973768 -72*a^4 + 3666*a^3 - 66336*a^2 + 490254*a - 1158168 16*a^4 - 1010*a^3 + 21744*a^2 - 184670*a + 485440 -48*a^4 + 2298*a^3 - 39464*a^2 + 283110*a - 688792 36*a^4 - 1780*a^3 + 30936*a^2 - 213276*a + 425492 -40*a^4 + 1840*a^3 - 29404*a^2 + 181536*a - 290412 -28*a^4 + 1440*a^3 - 26568*a^2 + 203456*a - 518076 52*a^4 - 2438*a^3 + 40244*a^2 - 265642*a + 522888 -68*a^4 + 3492*a^3 - 63732*a^2 + 475740*a - 1141480 84*a^4 - 4112*a^3 + 71564*a^2 - 510704*a + 1179168 -58*a^4 + 2624*a^3 - 41798*a^2 + 269864*a - 554024 32*a^4 - 1562*a^3 + 26296*a^2 - 167382*a + 248296 -30*a^4 + 1714*a^3 - 33602*a^2 + 257478*a - 574392 8*a^4 - 494*a^3 + 10520*a^2 - 90322*a + 252224 34*a^4 - 1678*a^3 + 29354*a^2 - 209802*a + 481772 -22*a^4 + 978*a^3 - 15238*a^2 + 95782*a - 190956 42*a^4 - 2056*a^3 + 35782*a^2 - 255352*a + 589584 2*a^4 - 8*a^3 - 1654*a^2 + 25752*a - 93708 -80*a^4 + 3938*a^3 - 68960*a^2 + 496190*a - 1162480 26*a^4 - 1200*a^3 + 19238*a^2 - 121144*a + 217912 14*a^4 - 804*a^3 + 16238*a^2 - 134340*a + 367868 4*a^4 - 94*a^3 - 768*a^2 + 29894*a - 165708 2*a^4 - 158*a^3 + 3310*a^2 - 20962*a + 2256 12*a^4 - 554*a^3 + 8988*a^2 - 58582*a + 117144 12*a^4 - 606*a^3 + 11096*a^2 - 84986*a + 217748 -32*a^4 + 1574*a^3 - 27156*a^2 + 183722*a - 341724 -6*a^4 + 246*a^3 - 3042*a^2 + 7226*a + 51032 -20*a^4 + 942*a^3 - 15628*a^2 + 103530*a - 202872 -40*a^4 + 1900*a^3 - 31660*a^2 + 208724*a - 394108 22*a^4 - 1018*a^3 + 16486*a^2 - 105846*a + 198132 -14*a^4 + 700*a^3 - 12130*a^2 + 81628*a - 148840 -2*a^4 + 298*a^3 - 8754*a^2 + 86702*a - 243172 10*a^4 - 478*a^3 + 8130*a^2 - 56266*a + 121884 34*a^4 - 1786*a^3 + 33114*a^2 - 247934*a + 577916 20*a^4 - 1094*a^3 + 20948*a^2 - 161234*a + 386992 36*a^4 - 1714*a^3 + 29072*a^2 - 202150*a + 452036 -6*a^4 + 242*a^3 - 3498*a^2 + 21902*a - 54032 -10*a^4 + 518*a^3 - 9378*a^2 + 66330*a - 129060 -6*a^4 + 230*a^3 - 2638*a^2 + 5562*a + 39396 -40*a^3 + 1248*a^2 - 10064*a + 7176 56*a^3 - 1652*a^2 + 11728*a + 4460 68*a^3 - 2512*a^2 + 28068*a - 88968 -74*a^3 + 2888*a^2 - 36190*a + 144592 over Number field with defining polynomial x^5-61*x^4+1431*x^3-15939*x^2+82496*x-151832
-18*a+210 22*a-218 -18*a+36 -22*a+218 -12*a+111 15*a-175 9*a-105 -15*a+146 -19*a+154 -3*a+35 -12*a+169 -10*a+107 -13*a+113 8*a-74 -12*a+111 17*a-150 -20*a+185 -8*a+103 -7*a+101 -15*a+146 8*a-74 8*a-74 2*a-33 2*a-4 13*a-171 12*a-140 -8*a+74 -7*a+72 -2*a+33 7*a-72 2*a-4 3*a-35 5*a-39 3*a-6 11*a-109 9*a-105 4*a-37 -29 20*a-214 14*a-144 -11*a+80 -5*a+68 a-2 -2*a+4 0 -a+2 -8*a+74 -3*a+35 -4*a+8 -29 -10*a+78 6*a-70 -a+31 -3*a+6 29 0 over Number field with defining polynomial x^2-20*x+94
432*a^2 + 2472*a - 1080 -368*a^2 - 808*a + 8360 0 -256*a^2 - 816*a + 4360 -12*a^2 + 396*a + 3228 156*a^2 + 428*a - 3588 -196*a^2 - 952*a + 1284 88*a^2 + 828*a + 1640 96*a^2 + 520*a + 304 -156*a^2 - 384*a + 2772 -72*a^2 - 412*a + 180 -120*a^2 - 760*a + 1660 36*a^2 + 656*a + 3380 172*a^2 + 844*a - 1768 -144*a^2 - 780*a - 456 -40*a^2 + 376*a + 4636 4*a^2 - 132*a - 1076 -116*a^2 - 892*a + 584 52*a^2 + 128*a - 924 20*a^2 + 328*a - 72 14*a^2 + 32*a - 1112 14*a^2 - 34*a + 112 108*a^2 + 124*a - 2924 -210*a^2 - 984*a + 2396 56*a^2 - 48*a - 1184 44*a^2 + 414*a + 820 86*a^2 + 422*a - 884 -62*a^2 - 248*a + 144 46*a^2 + 370*a - 126 24*a^2 + 152*a - 332 26*a^2 + 86*a - 870 10*a^2 + 142*a + 372 6*a^2 + 252*a + 1856 52*a^2 + 128*a - 924 -22*a^2 - 240*a + 202 -78*a^2 - 203*a + 1590 -110*a^2 - 574*a + 1216 53*a^2 + 364*a - 274 14*a^2 - 1*a - 500 -6*a^2 - 296*a - 1040 -22*a^2 + 232*a + 3264 2*a^2 - 88*a - 130 -14*a^2 + 1*a + 500 -85*a^2 - 230*a + 2350 2*a^2 - 88*a - 130 46*a^2 + 348*a + 282 -42*a^2 - 491*a - 1154 -10*a^2 - 142*a - 372 -48*a^2 - 282*a + 256 39*a^2 + 387*a - 182 5*a^2 - 187*a - 937 -62*a^2 - 248*a + 144 20*a^2 + 15*a - 175 -27*a^2 - 42*a + 935 258*a+1123 -11*a+204 over Number field with defining polynomial x^3-4*x^2-57*x+58
a vector of length 56 over Number field with defining polynomial a number field of degree 10
-36*a^7 + 2136*a^6 - 49404*a^5 + 549660*a^4 - 2708124*a^3 + 574296*a^2 + 43091976*a - 112095144 -86*a^7 + 5570*a^6 - 147196*a^5 + 2046968*a^4 - 16007908*a^3 + 69014792*a^2 - 145653704*a + 103148064 -106*a^7 + 6380*a^6 - 154152*a^5 + 1935612*a^4 - 13647504*a^3 + 54235776*a^2 - 113960912*a + 101258128 -56*a^7 + 3758*a^6 - 103652*a^5 + 1525176*a^4 - 12951428*a^3 + 63506488*a^2 - 166273984*a + 178656176 -78*a^7 + 5640*a^6 - 164388*a^5 + 2485488*a^4 - 20870178*a^3 + 95844120*a^2 - 215819064*a + 168575316 -38*a^7 + 2804*a^6 - 84824*a^5 + 1360086*a^4 - 12461558*a^3 + 65135056*a^2 - 179434444*a + 200284940 40*a^7 - 2424*a^6 + 58648*a^5 - 723114*a^4 + 4735446*a^3 - 14912480*a^2 + 12302156*a + 23175012 76*a^7 - 4746*a^6 + 120152*a^5 - 1597426*a^4 + 12026704*a^3 - 51030040*a^2 + 111653428*a - 94436936 20*a^7 - 1468*a^6 + 43940*a^5 - 693954*a^4 + 6244660*a^3 - 32018176*a^2 + 86591908*a - 95287528 10*a^7 - 688*a^6 + 18290*a^5 - 234426*a^4 + 1422378*a^3 - 2504932*a^2 - 10640668*a + 37590124 36*a^7 - 2130*a^6 + 51496*a^5 - 671904*a^4 + 5259650*a^3 - 25588904*a^2 + 73707672*a - 97593724 58*a^7 - 3792*a^6 + 101324*a^5 - 1432336*a^4 + 11536834*a^3 - 52658608*a^2 + 124813888*a - 116065700 60*a^7 - 4314*a^6 + 126090*a^5 - 1934142*a^4 + 16753770*a^3 - 81474084*a^2 + 203748612*a - 197671308 32*a^7 - 1916*a^6 + 45440*a^5 - 538416*a^4 + 3203468*a^3 - 7236688*a^2 - 9283520*a + 48969976 -24*a^7 + 1452*a^6 - 35880*a^5 + 470376*a^4 - 3518310*a^3 + 14850552*a^2 - 32041416*a + 25967676 2*a^7 - 116*a^6 + 2890*a^5 - 39802*a^4 + 305576*a^3 - 1140836*a^2 + 1087308*a + 2492128 -52*a^7 + 3498*a^6 - 94134*a^5 + 1296408*a^4 - 9659002*a^3 + 37106316*a^2 - 58551392*a + 5202524 -62*a^7 + 3922*a^6 - 101490*a^5 + 1396580*a^4 - 11068822*a^3 + 50657124*a^2 - 124231280*a + 126201556 -58*a^7 + 3874*a^6 - 106636*a^5 + 1570666*a^4 - 13389402*a^3 + 66116168*a^2 - 175131292*a + 191816348 22*a^7 - 1346*a^6 + 32526*a^5 - 395390*a^4 + 2522596*a^3 - 7626012*a^2 + 5486436*a + 12898848 -66*a^7 + 4288*a^6 - 114120*a^5 + 1614508*a^4 - 13125444*a^3 + 61322424*a^2 - 152269520*a + 154552136 26*a^7 - 1890*a^6 + 55996*a^5 - 872872*a^4 + 7700532*a^3 - 38230064*a^2 + 97942392*a - 97988544 4*a^7 - 234*a^6 + 5416*a^5 - 60608*a^4 + 283186*a^3 + 286720*a^2 - 7052928*a + 16950484 32*a^7 - 2118*a^6 + 57732*a^5 - 840212*a^4 + 7041480*a^3 - 33885408*a^2 + 86325512*a - 89253288 32*a^7 - 2292*a^6 + 67556*a^5 - 1061990*a^4 + 9630346*a^3 - 50513224*a^2 + 142471964*a - 167566964 -58*a^7 + 3596*a^6 - 89892*a^5 + 1173396*a^4 - 8644392*a^3 + 35969376*a^2 - 78304496*a + 68815600 38*a^7 - 2716*a^6 + 79248*a^5 - 1221912*a^4 + 10758252*a^3 - 54156720*a^2 + 144594904*a - 158301752 22*a^7 - 1562*a^6 + 46274*a^5 - 740098*a^4 + 6879672*a^3 - 37097020*a^2 + 107440732*a - 129117016 -226*a^6 + 13284*a^5 - 309524*a^4 + 3666938*a^3 - 23387304*a^2 + 76486624*a - 100657212 -96*a^6 + 5606*a^5 - 132730*a^4 + 1643652*a^3 - 11217100*a^2 + 39797420*a - 57011208 -28*a^7 + 1818*a^6 - 48510*a^5 + 688304*a^4 - 5574932*a^3 + 25515852*a^2 - 60079656*a + 54318256 -188*a^6 + 10318*a^5 - 223738*a^4 + 2468898*a^3 - 14671436*a^2 + 44608052*a - 54294004 -16*a^7 + 1300*a^6 - 41964*a^5 + 697646*a^4 - 6453126*a^3 + 33185592*a^2 - 87560700*a + 90594092 -26*a^7 + 1842*a^6 - 53436*a^5 + 821638*a^4 - 7230352*a^3 + 36414288*a^2 - 97189500*a + 106099832 -96*a^6 + 5224*a^5 - 109722*a^4 + 1130786*a^3 - 5981624*a^2 + 15180804*a - 13983748 -6*a^7 + 568*a^6 - 19680*a^5 + 335214*a^4 - 3086362*a^3 + 15425256*a^2 - 38342748*a + 35154628 26*a^7 - 1596*a^6 + 39254*a^5 - 495036*a^4 + 3357042*a^3 - 11294980*a^2 + 12150832*a + 12085980 26*a^7 - 1528*a^6 + 35796*a^5 - 426724*a^4 + 2680490*a^3 - 7747200*a^2 + 2845896*a + 21503292 2*a^7 - 104*a^6 + 2074*a^5 - 25296*a^4 + 302364*a^3 - 2979500*a^2 + 15667264*a - 31018216 -4*a^7 + 116*a^6 + 2028*a^5 - 122332*a^4 + 1952108*a^3 - 14696064*a^2 + 53942592*a - 77768040 -24*a^7 + 1524*a^6 - 39756*a^5 + 551714*a^4 - 4368004*a^3 + 19456776*a^2 - 43946524*a + 36433640 -28*a^7 + 1866*a^6 - 51368*a^5 + 759562*a^4 - 6535000*a^3 + 32784832*a^2 - 88888660*a + 100406648 118*a^6 - 7260*a^5 + 179478*a^4 - 2290432*a^3 + 15977280*a^2 - 57958668*a + 85611064 12*a^7 - 756*a^6 + 18552*a^5 - 220796*a^4 + 1237468*a^3 - 1765152*a^2 - 10553264*a + 33409144 22*a^7 - 1536*a^6 + 43846*a^5 - 659668*a^4 + 5607584*a^3 - 26641580*a^2 + 64281208*a - 58384672 4*a^7 - 318*a^6 + 10128*a^5 - 167326*a^4 + 1548720*a^3 - 8033136*a^2 + 21627340*a - 23346024 22*a^7 - 1456*a^6 + 39850*a^5 - 586000*a^4 + 5005080*a^3 - 24833372*a^2 + 66257224*a - 73336496 4*a^7 - 566*a^6 + 23842*a^5 - 467678*a^4 + 4903638*a^3 - 28233980*a^2 + 83763444*a - 99359284 -32*a^7 + 2106*a^6 - 56896*a^5 + 814832*a^4 - 6625640*a^3 + 30171776*a^2 - 69550352*a + 59422744 22*a^6 - 2036*a^5 + 69756*a^4 - 1159646*a^3 + 9995656*a^2 - 42777864*a + 71627316 36*a^6 - 2210*a^5 + 56116*a^4 - 757632*a^3 + 5687692*a^2 - 22269368*a + 35291952 -128*a^6 + 6980*a^5 - 147756*a^4 + 1545156*a^3 - 8325640*a^2 + 21421992*a - 19458904 -108*a^6 + 6024*a^5 - 130046*a^4 + 1376506*a^3 - 7410024*a^2 + 18527956*a - 15046148 -38*a^6 + 2966*a^5 - 85786*a^4 + 1198040*a^3 - 8715868*a^2 + 31878572*a - 46363208 -214*a^6 + 12448*a^5 - 284144*a^4 + 3251098*a^3 - 19673672*a^2 + 59711464*a - 70826668 -24*a^6 + 1374*a^5 - 30736*a^4 + 341792*a^3 - 1974060*a^2 + 5494208*a - 5461408 over Number field with defining polynomial x^8-80*x^7+2671*x^6-48444*x^5+520198*x^4-3370260*x^3+12758924*x^2-25387212*x+19602620
264*a^4 + 3552*a^3 + 11136*a^2 + 120*a - 2112 24*a^5 + 256*a^4 + 568*a^3 + 352*a^2 + 1832*a - 992 0 16*a^5 + 272*a^4 + 1328*a^3 + 1608*a^2 + 4608*a - 2192 -60*a^5 - 744*a^4 - 2076*a^3 - 564*a^2 + 1920*a - 636 32*a^5 + 500*a^4 + 1460*a^3 - 324*a^2 - 448*a + 40 16*a^5 + 164*a^4 + 16*a^3 - 1252*a^2 + 328*a + 8 16*a^5 + 256*a^4 + 964*a^3 - 760*a^2 - 1616*a + 840 -32*a^5 - 408*a^4 - 812*a^3 + 1296*a^2 + 40*a - 504 -64*a^5 - 664*a^4 - 768*a^3 + 2984*a^2 - 512*a - 136 -44*a^4 - 592*a^3 - 1856*a^2 - 20*a + 352 -20*a^5 - 204*a^4 + 8*a^3 + 3244*a^2 + 3024*a - 1792 12*a^5 + 128*a^4 + 284*a^3 + 176*a^2 + 916*a - 496 -16*a^5 - 284*a^4 - 1408*a^3 - 1880*a^2 + 3092*a - 1064 -12*a^5 - 114*a^4 + 276*a^3 + 2766*a^2 + 2364*a - 1590 -36*a^5 - 500*a^4 - 1196*a^3 + 3160*a^2 + 4220*a - 2228 20*a^5 + 248*a^4 + 692*a^3 + 188*a^2 - 640*a + 212 -12*a^5 - 172*a^4 - 768*a^3 - 456*a^2 + 1428*a - 380 -4*a^5 - 36*a^4 + 268*a^3 + 1428*a^2 + 588*a - 504 -28*a^5 - 320*a^4 - 156*a^3 + 2668*a^2 + 1816*a - 1220 4*a^5 + 66*a^4 + 342*a^3 + 436*a^2 - 220*a - 88 -34*a^5 - 344*a^4 - 58*a^3 + 3424*a^2 + 1778*a - 1376 -20*a^5 - 204*a^4 - 100*a^3 + 1668*a^2 + 660*a - 564 -12*a^5 - 100*a^4 + 444*a^3 + 3298*a^2 + 444*a - 864 -28*a^5 - 420*a^4 - 1028*a^3 + 2328*a^2 + 2244*a - 1116 8*a^5 + 128*a^4 + 482*a^3 - 380*a^2 - 808*a + 420 20*a^5 + 270*a^4 + 748*a^3 - 212*a^2 - 240*a + 164 -6*a^5 - 86*a^4 - 330*a^3 + 560*a^2 + 1896*a - 804 4*a^5 + 82*a^4 + 260*a^3 - 394*a^2 - 378*a + 306 -10*a^5 - 102*a^4 - 50*a^3 + 834*a^2 + 330*a - 282 -22*a^5 - 316*a^4 - 940*a^3 + 1144*a^2 + 2330*a - 1026 -2*a^5 - 26*a^4 - 234*a^3 - 1010*a^2 - 1246*a + 778 18*a^5 + 248*a^4 + 476*a^3 - 1298*a^2 - 728*a + 474 -8*a^5 - 102*a^4 - 128*a^3 + 204*a^2 - 374*a + 198 16*a^5 + 215*a^4 + 708*a^3 - 679*a^2 - 1156*a + 536 -24*a^5 - 291*a^4 - 557*a^3 + 827*a^2 - 16*a - 44 36*a^5 + 478*a^4 + 1248*a^3 - 1184*a^2 - 2256*a + 1048 -23*a^5 - 343*a^4 - 1012*a^3 + 1041*a^2 + 2646*a - 1184 -a^5 + 2*a^4 + 95*a^3 + 157*a^2 + 347*a - 150 4*a^5 + 64*a^4 + 166*a^3 - 70*a^2 - 20*a - 114 16*a^5 + 206*a^4 + 453*a^3 - 810*a^2 - 1018*a + 568 -12*a^5 - 192*a^4 - 648*a^3 + 450*a^2 + 828*a - 306 -24*a^4 - 157*a^3 - 226*a^2 - 584*a + 346 -3*a^5 - 44*a^4 - 334*a^3 - 1155*a^2 - 725*a + 506 -6*a^5 - 100*a^4 - 574*a^3 - 513*a^2 + 1021*a - 188 20*a^5 + 296*a^4 + 952*a^3 - 148*a^2 - 654*a + 134 13*a^5 + 176*a^4 + 309*a^3 - 1680*a^2 - 2050*a + 1072 -7*a^5 - 136*a^4 - 867*a^3 - 1906*a^2 + 529*a + 122 -12*a^5 - 166*a^4 - 444*a^3 + 514*a^2 + 414*a - 336 14*a^5 + 191*a^4 + 346*a^3 - 448*a^2 - 693*a + 320 -9*a^5 - 114*a^4 - 178*a^3 + 860*a^2 + 469*a - 338 2*a^4 + 56*a^3 - 158*a^2 - 5*a + 90 36*a^4 + 273*a^3 + 279*a^2 + 684*a - 357 a^4 - 32*a^3 - 411*a^2 + 95*a + 77 -23*a^4 - 171*a^3 - 247*a^2 - 891*a + 342 11*a^4 + 121*a^3 + 70*a^2 - 586*a + 219 over Number field with defining polynomial x^6+12*x^5+13*x^4-114*x^3-68*x^2+105*x-24
-336 112 0 -112 252 -56 -336 280 -336 -56 56 224 56 336 126 -56 -84 -224 56 -140 168 84 28 140 140 140 0 -14 140 14 14 -70 -56 0 -112 0 168 -112 -28 -14 0 42 196 -56 0 -28 0 112 182 56 28 -56 0 42 -14 -42 over Number field with defining polynomial x-1
-192 160 0 272 -72 -104 48 -56 0 -32 32 -88 -64 48 -72 -8 24 -80 -16 -8 36 48 40 -28 -16 -28 -48 28 68 56 -28 32 -44 0 -4 18 -24 -10 14 28 48 0 34 22 48 8 6 -32 -28 -4 46 -56 0 -60 -14 42 over Number field with defining polynomial x-1
For conductor 130, eigenvectors are:
6 4 0 0 0 0 -4 -2 0 2 0 2 -2 0 -2 2 3 -1 0 -1 over Number field with defining polynomial x+8
2 -2 0 0 -2 0 0 0 0 -2 1 0 -2 0 0 0 0 0 -1 1 over Number field with defining polynomial x+7
0 2 0 0 0 0 -2 2 0 -2 0 -2 2 0 -1 1 0 1 0 1 over Number field with defining polynomial x+14
-10 -28 10 5 15 15 -2 17 15 8 -20 -17 -28 10 -11 6 0 -4 5 1 over Number field with defining polynomial x-1
8 0 6 -4 2 2 -4 6 2 2 2 8 0 -8 -1 -2 -7 -1 3 2 over Number field with defining polynomial x+6
-2 -4 0 0 -4 0 0 6 0 2 -4 6 2 0 0 0 3 3 -2 -1 over Number field with defining polynomial x+16
6*a-36 4*a-20 -a+14 6*a-42 -6 5*a-28 5*a-28 0 5*a-28 -a+8 -2*a+10 0 4*a-20 -a+14 -3*a+21 -3*a+21 0 -2*a+7 -3*a+18 3 over Number field with defining polynomial x^2-4*x-14
-2*a^2 + 4*a + 100 0 -2*a-30 -5*a-34 -a^2 + 2*a + 50 -5*a-34 0 3*a+4 -a^2 + 2*a + 50 0 -2*a-30 -3*a-4 0 -a^2 - 1*a + 46 -a^2 + 1*a + 35 0 -a-15 -a^2 - 2*a + 31 -4*a-19 -3*a-4 over Number field with defining polynomial x^3-4*x^2-57*x+58
2*a^2 - 4*a - 8 0 -a^2 + 2*a + 4 2*a-12 -2*a^2 - 6*a + 48 a^2 + 4*a - 20 a^2 - 8*a + 12 -8*a+28 -a^2 + 4*a - 8 3*a^2 + 4*a - 52 -6*a+16 -2*a^2 - 4*a + 36 0 -a^2 - 6*a + 32 3*a-8 a^2 + 1*a - 22 -a^2 - 4*a + 30 a^2 + 3*a - 24 -4*a+14 -a+6 over Number field with defining polynomial x^3+4*x^2-26*x-4
4*a^5 + 32*a^4 + 2*a^3 - 258*a^2 - 154*a + 114 -6*a^5 - 40*a^4 + 50*a^3 + 408*a^2 - 126*a - 36 4*a^5 + 35*a^4 + 36*a^3 - 259*a^2 - 132*a + 96 2*a^5 + 23*a^4 + 43*a^3 - 63*a^2 - 196*a + 96 a^5 - 5*a^4 - 24*a^3 + 107*a^2 + 182*a - 96 -3*a^5 - 38*a^4 - 77*a^3 + 275*a^2 + 389*a - 216 -12*a^4 - 19*a^3 + 100*a^2 - 22*a - 12 -2*a^5 - 10*a^4 + 19*a^3 + 126*a^2 - 42*a - 6 -3*a^5 - 20*a^4 - 2*a^3 + 47*a^2 - 61*a + 24 12*a^4 + 48*a^3 - 79*a^2 - 31*a + 30 -2*a^5 - 10*a^4 - 2*a^3 + 32*a^2 + 218*a - 96 -a^5 - 16*a^4 - 27*a^3 + 164*a^2 + 140*a - 90 3*a^5 + 20*a^4 - 25*a^3 - 204*a^2 + 63*a + 18 15*a^4 + 24*a^3 - 122*a^2 + 97*a - 24 -a^5 - 12*a^4 - 6*a^3 + 148*a^2 - 43*a - 6 -18*a^4 - 52*a^3 + 186*a^2 + 139*a - 90 -2*a^4 + 1*a^3 - 13*a^2 - 64*a + 33 a^4 + 6*a^3 - 35*a^2 + 11*a - 3 3*a^4 - 1*a^3 - 85*a^2 - 183*a + 96 -a^4 + 23*a^3 + 56*a^2 - 64*a + 21 over Number field with defining polynomial x^6+12*x^5+13*x^4-114*x^3-68*x^2+105*x-24
For conductor 1:
traces of hecke eigenvalues of T_{p^1} are:
19 62 89 397 345 714 1030 1034 1092 1519 1984 2452 2944 3260 3264 4697 5524 4639 6830 7749 7065 10752 
computing eigenvalues for k = 1, took 6.859055 sec
traces of hecke eigenvalues of T_{p^2} are:
36 96 
computing eigenvalues for k = 2, took 0.215307 sec
traces of hecke eigenvalues of T_{p^1} are:
-10 4 -2 -10 38 -138 14 198 -168 -408 14 132 -288 -174 -90 744 -6 1408 -1088 88 466 -1404 
computing eigenvalues for k = 1, took 6.882837 sec
traces of hecke eigenvalues of T_{p^2} are:
10 -68 
computing eigenvalues for k = 2, took 0.214769 sec
traces of hecke eigenvalues of T_{p^1} are:
20 60 144 240 280 420 780 1144 1440 1284 1860 2460 2640 3960 4684 5580 5544 5040 6160 6900 8820 8400 
computing eigenvalues for k = 1, took 6.887211 sec
traces of hecke eigenvalues of T_{p^2} are:
40 80 
computing eigenvalues for k = 2, took 0.216822 sec
traces of hecke eigenvalues of T_{p^1} are:
40 400 1464 5220 7240 12720 25260 30784 52060 70644 81400 106080 151740 208920 230764 305320 363024 394420 499360 578760 712980 922180 
computing eigenvalues for k = 1, took 6.906314 sec
traces of hecke eigenvalues of T_{p^2} are:
120 2800 
computing eigenvalues for k = 2, took 0.218507 sec
traces of hecke eigenvalues of T_{p^1} are:
14 62 164 332 480 474 820 884 1672 1744 2334 1742 2864 4040 3264 4682 5524 4524 6920 7254 7860 9892 
computing eigenvalues for k = 1, took 6.867922 sec
traces of hecke eigenvalues of T_{p^2} are:
16 96 
computing eigenvalues for k = 2, took 0.219408 sec
traces of hecke eigenvalues of T_{p^1} are:
1 -13 98 -77 138 78 124 -232 -525 22 -485 655 -2 146 -30 812 199 1024 1232 714 -684 -1356 
computing eigenvalues for k = 1, took 6.865072 sec
traces of hecke eigenvalues of T_{p^2} are:
6 54 
computing eigenvalues for k = 2, took 0.215322 sec
traces of hecke eigenvalues of T_{p^1} are:
24 54 178 640 926 1044 1860 1906 2452 3372 3828 4150 6120 7098 8448 7790 10858 10864 12460 13230 15168 18980 
computing eigenvalues for k = 1, took 6.858135 sec
traces of hecke eigenvalues of T_{p^2} are:
16 -368 
computing eigenvalues for k = 2, took 0.214739 sec
traces of hecke eigenvalues of T_{p^1} are:
28 132 160 560 760 1116 1756 1520 2900 3264 4148 4204 4976 6600 7580 9228 9744 10060 13096 14444 16288 19736 
computing eigenvalues for k = 1, took 6.819864 sec
traces of hecke eigenvalues of T_{p^2} are:
32 256 
computing eigenvalues for k = 2, took 0.216624 sec
traces of hecke eigenvalues of T_{p^1} are:
26 112 214 524 666 982 1480 1582 3132 2908 3722 5264 5972 6750 8184 9572 9490 11260 11716 11640 15272 20936 
computing eigenvalues for k = 1, took 6.805187 sec
traces of hecke eigenvalues of T_{p^2} are:
24 96 
computing eigenvalues for k = 2, took 0.214523 sec
traces of hecke eigenvalues of T_{p^1} are:
19 121 344 593 676 908 1696 1898 2603 3214 3497 4077 5842 6712 6506 9044 10093 10348 11632 11986 15300 19940 
computing eigenvalues for k = 1, took 6.850708 sec
traces of hecke eigenvalues of T_{p^2} are:
-4 168 
computing eigenvalues for k = 2, took 0.218144 sec
traces of hecke eigenvalues of T_{p^1} are:
-3 -4 10 49 -129 97 -147 -85 343 -390 -501 -325 615 400 -506 632 -1153 687 833 496 -784 1792 
computing eigenvalues for k = 1, took 6.877527 sec
traces of hecke eigenvalues of T_{p^2} are:
-13 -116 
computing eigenvalues for k = 2, took 0.213260 sec
traces of hecke eigenvalues of T_{p^1} are:
0 -13 -27 169 -229 -273 111 375 143 530 546 -78 78 674 -773 -1261 1383 -689 -1145 377 961 -1183 
computing eigenvalues for k = 1, took 6.911622 sec
traces of hecke eigenvalues of T_{p^2} are:
-16 -30 
computing eigenvalues for k = 2, took 0.213399 sec
traces of hecke eigenvalues of T_{p^1} are:
5 -7 -60 105 -202 330 -84 -922 451 378 -141 473 1224 1052 568 -516 -371 -552 -446 390 -418 936 
computing eigenvalues for k = 1, took 6.929977 sec
traces of hecke eigenvalues of T_{p^2} are:
-5 26 
computing eigenvalues for k = 2, took 0.215972 sec
traces of hecke eigenvalues of T_{p^1} are:
59 254 583 1603 1677 2646 3926 4760 7314 8221 9282 11154 14496 15734 18470 21919 23804 27813 29842 33143 41347 45496 
computing eigenvalues for k = 1, took 6.882287 sec
traces of hecke eigenvalues of T_{p^2} are:
36 32 
computing eigenvalues for k = 2, took 0.226105 sec
traces of hecke eigenvalues of T_{p^1} are:
-13 -2 -46 -73 -101 407 -49 -99 249 748 101 -637 -1357 626 234 384 -369 -307 -1075 1296 3204 328 
computing eigenvalues for k = 1, took 6.844628 sec
traces of hecke eigenvalues of T_{p^2} are:
3 12 
computing eigenvalues for k = 2, took 0.217435 sec
traces of hecke eigenvalues of T_{p^1} are:
14 76 254 508 746 1138 1856 1878 2908 3324 3062 4052 5172 7422 7296 9104 10458 10468 11772 15076 18200 18760 
computing eigenvalues for k = 1, took 6.844439 sec
traces of hecke eigenvalues of T_{p^2} are:
-24 -192 
computing eigenvalues for k = 2, took 0.215639 sec
traces of hecke eigenvalues of T_{p^1} are:
10 40 -2 52 162 -18 -448 94 236 44 1314 -464 4 646 -792 -284 1250 -2340 1516 -432 -1368 1160 
computing eigenvalues for k = 1, took 8.746182 sec
traces of hecke eigenvalues of T_{p^2} are:
20 120 
computing eigenvalues for k = 2, took 0.182777 sec
traces of hecke eigenvalues of T_{p^1} are:
12 108 240 584 728 1268 1876 2072 2900 3704 3764 4740 6392 6360 7428 8500 10584 11484 11048 14244 16288 16376 
computing eigenvalues for k = 1, took 6.842162 sec
traces of hecke eigenvalues of T_{p^2} are:
-32 64 
computing eigenvalues for k = 2, took 0.222908 sec
traces of hecke eigenvalues of T_{p^1} are:
2 -28 54 90 2 306 -90 362 100 672 -810 -28 1692 -394 1078 -1056 -2318 -348 -1880 -576 -94 780 
computing eigenvalues for k = 1, took 6.811578 sec
traces of hecke eigenvalues of T_{p^2} are:
-14 68 
computing eigenvalues for k = 2, took 0.218315 sec
traces of hecke eigenvalues of T_{p^1} are:
-14 3 -34 -67 465 -63 135 344 306 -470 -217 209 32 -1396 1462 -1131 87 1755 -1782 -810 -264 564 
computing eigenvalues for k = 1, took 6.839512 sec
traces of hecke eigenvalues of T_{p^2} are:
-22 -130 
computing eigenvalues for k = 2, took 0.215456 sec
traces of hecke eigenvalues of T_{p^1} are:
-2 -51 29 75 -45 -163 607 -441 185 1230 -308 350 -128 364 389 -2391 1307 -77 -1369 -2701 773 -4283 
computing eigenvalues for k = 1, took 6.797473 sec
traces of hecke eigenvalues of T_{p^2} are:
-20 -62 
computing eigenvalues for k = 2, took 0.217976 sec
traces of hecke eigenvalues of T_{p^1} are:
16 64 100 392 324 484 668 936 1340 2212 1432 2280 3156 3060 3444 3880 5232 5612 6504 7632 7724 10708 
computing eigenvalues for k = 1, took 6.820693 sec
traces of hecke eigenvalues of T_{p^2} are:
24 112 
computing eigenvalues for k = 2, took 0.214408 sec
traces of hecke eigenvalues of T_{p^1} are:
32 102 286 506 812 1244 1774 1910 2080 3108 3340 4182 5106 7854 6878 8798 10948 10104 13268 13094 17060 18568 
computing eigenvalues for k = 1, took 6.910450 sec
traces of hecke eigenvalues of T_{p^2} are:
48 16 
computing eigenvalues for k = 2, took 0.213628 sec
traces of hecke eigenvalues of T_{p^1} are:
10 -1 23 40 3 162 334 -82 -573 -203 49 337 82 -634 -30 1079 199 -617 1142 1773 -1479 276 
computing eigenvalues for k = 1, took 6.927617 sec
traces of hecke eigenvalues of T_{p^2} are:
15 42 
computing eigenvalues for k = 2, took 0.211178 sec
traces of hecke eigenvalues of T_{p^1} are:
10 50 164 280 480 630 820 884 1140 1744 1450 2770 2860 4040 3264 4430 5524 6280 6920 6690 7860 9120 
computing eigenvalues for k = 1, took 6.817716 sec
traces of hecke eigenvalues of T_{p^2} are:
0 0 
computing eigenvalues for k = 2, took 0.215024 sec
traces of hecke eigenvalues of T_{p^1} are:
10 68 146 208 354 666 928 1298 1320 1348 2206 1636 2500 3806 4416 3944 4426 5200 5804 6924 6780 9156 
computing eigenvalues for k = 1, took 6.860199 sec
traces of hecke eigenvalues of T_{p^2} are:
0 144 
computing eigenvalues for k = 2, took 0.216452 sec
traces of hecke eigenvalues of T_{p^1} are:
5 -1 98 -25 138 -78 124 -232 7 22 399 -373 2 146 -30 1064 199 -732 1232 1278 -684 -584 
computing eigenvalues for k = 1, took 6.809650 sec
traces of hecke eigenvalues of T_{p^2} are:
10 42 
computing eigenvalues for k = 2, took 0.218139 sec
traces of hecke eigenvalues of T_{p^1} are:
5 90 159 285 415 630 750 1174 1260 2079 2040 2340 2160 2700 3544 4095 4404 5535 6970 7875 8745 8400 
computing eigenvalues for k = 1, took 6.816608 sec
traces of hecke eigenvalues of T_{p^2} are:
-20 320 
computing eigenvalues for k = 2, took 0.216296 sec
traces of hecke eigenvalues of T_{p^1} are:
5 34 138 320 408 427 1079 978 1722 1722 1949 2172 3287 4296 3565 4494 4124 5108 6837 6748 7996 9926 
computing eigenvalues for k = 1, took 6.811304 sec
traces of hecke eigenvalues of T_{p^2} are:
-20 -128 
computing eigenvalues for k = 2, took 0.216695 sec
traces of hecke eigenvalues of T_{p^1} are:
5 2 -12 15 17 -107 67 -37 -15 60 255 171 -129 -888 82 396 -795 37 361 -936 1068 1472 
computing eigenvalues for k = 1, took 6.810387 sec
traces of hecke eigenvalues of T_{p^2} are:
-1 -4 
computing eigenvalues for k = 2, took 0.217043 sec
traces of hecke eigenvalues of T_{p^1} are:
5 43 106 383 254 456 788 1188 1275 2058 1691 2151 2430 3246 3726 5034 5121 5500 7624 6664 6820 9576 
computing eigenvalues for k = 1, took 6.800900 sec
traces of hecke eigenvalues of T_{p^2} are:
-20 -56 
computing eigenvalues for k = 2, took 0.214766 sec
For conductor 2:
traces of hecke eigenvalues of T_{p^1} are:
-10 -13 35 -94 -99 -42 -132 52 395 113 -127 -457 32 -524 162 357 -1391 -39 -740 495 -1015 -34 
computing eigenvalues for k = 1, took 364.197663 sec
traces of hecke eigenvalues of T_{p^2} are:
9 -68 
computing eigenvalues for k = 2, took 0.452485 sec
traces of hecke eigenvalues of T_{p^1} are:
5 2 -12 15 17 -107 67 -37 -15 60 255 171 -129 -888 82 396 -795 37 361 -936 1068 1472 
computing eigenvalues for k = 1, took 364.521706 sec
traces of hecke eigenvalues of T_{p^2} are:
-1 -4 
computing eigenvalues for k = 2, took 0.454135 sec
traces of hecke eigenvalues of T_{p^1} are:
-3 -4 10 49 -129 97 -147 -85 343 -390 -501 -325 615 400 -506 632 -1153 687 833 496 -784 1792 
computing eigenvalues for k = 1, took 364.563352 sec
traces of hecke eigenvalues of T_{p^2} are:
-13 -116 
computing eigenvalues for k = 2, took 0.462504 sec
traces of hecke eigenvalues of T_{p^1} are:
10 40 -2 52 162 -18 -448 94 236 44 1314 -464 4 646 -792 -284 1250 -2340 1516 -432 -1368 1160 
computing eigenvalues for k = 1, took 366.074143 sec
traces of hecke eigenvalues of T_{p^2} are:
20 120 
computing eigenvalues for k = 2, took 0.457653 sec
traces of hecke eigenvalues of T_{p^1} are:
-14 3 -34 -67 465 -63 135 344 306 -470 -217 209 32 -1396 1462 -1131 87 1755 -1782 -810 -264 564 
computing eigenvalues for k = 1, took 363.484418 sec
traces of hecke eigenvalues of T_{p^2} are:
-22 -130 
computing eigenvalues for k = 2, took 0.458482 sec
traces of hecke eigenvalues of T_{p^1} are:
-13 -2 -46 -73 -101 407 -49 -99 249 748 101 -637 -1357 626 234 384 -369 -307 -1075 1296 3204 328 
computing eigenvalues for k = 1, took 365.531357 sec
traces of hecke eigenvalues of T_{p^2} are:
3 12 
computing eigenvalues for k = 2, took 0.457002 sec
For conductor 5:
traces of hecke eigenvalues of T_{p^1} are:
5 -1 98 -25 138 -78 124 -232 7 22 399 -373 2 146 -30 1064 199 -732 1232 1278 -684 -584 
computing eigenvalues for k = 1, took 360.513723 sec
traces of hecke eigenvalues of T_{p^2} are:
10 42 
computing eigenvalues for k = 2, took 0.486032 sec
traces of hecke eigenvalues of T_{p^1} are:
-10 4 -2 -10 38 -138 14 198 -168 -408 14 132 -288 -174 -90 744 -6 1408 -1088 88 466 -1404 
computing eigenvalues for k = 1, took 362.240985 sec
traces of hecke eigenvalues of T_{p^2} are:
10 -68 
computing eigenvalues for k = 2, took 0.478375 sec
traces of hecke eigenvalues of T_{p^1} are:
-10 -2 -4 -72 -16 246 -32 -92 -90 -342 -154 266 150 -364 -284 -106 156 -410 504 -586 180 -524 
computing eigenvalues for k = 1, took 357.102706 sec
traces of hecke eigenvalues of T_{p^2} are:
10 -76 
computing eigenvalues for k = 2, took 0.478600 sec
traces of hecke eigenvalues of T_{p^1} are:
-4 -22 -34 -76 138 60 -224 -46 340 -224 528 -1078 320 854 -396 -142 -14 -1608 284 282 -684 580 
computing eigenvalues for k = 1, took 360.625929 sec
traces of hecke eigenvalues of T_{p^2} are:
4 24 
computing eigenvalues for k = 2, took 0.479585 sec
traces of hecke eigenvalues of T_{p^1} are:
-4 16 -52 30 20 -48 -134 -308 -264 162 -184 164 -84 296 -830 -64 96 112 -72 176 78 1690 
computing eigenvalues for k = 1, took 367.132578 sec
traces of hecke eigenvalues of T_{p^2} are:
4 -52 
computing eigenvalues for k = 2, took 0.482909 sec
traces of hecke eigenvalues of T_{p^1} are:
-4 -13 23 -142 3 -162 334 -82 55 -203 -135 -55 -82 -634 -30 797 199 909 1142 219 -1479 -2216 
computing eigenvalues for k = 1, took 358.908335 sec
traces of hecke eigenvalues of T_{p^2} are:
1 54 
computing eigenvalues for k = 2, took 0.476456 sec
traces of hecke eigenvalues of T_{p^1} are:
-4 -19 -7 -10 -15 42 -254 182 -89 -83 591 -421 -454 206 210 311 -299 -663 -682 81 753 1660 
computing eigenvalues for k = 1, took 359.519584 sec
traces of hecke eigenvalues of T_{p^2} are:
-11 18 
computing eigenvalues for k = 2, took 0.482272 sec
For conductor 10:
traces of hecke eigenvalues of T_{p^1} are:
4 -72 102 -88 72 290 592 316 -1184 1324 -14 140 -1442 2464 -930 1464 1226 -534 -234 1532 4404 -2502 
computing eigenvalues for k = 1, took 135.926791 sec
traces of hecke eigenvalues of T_{p^2} are:
-38 -184 
computing eigenvalues for k = 2, took 0.415789 sec
traces of hecke eigenvalues of T_{p^1} are:
-10 -2 -4 -72 -16 246 -32 -92 -90 -342 -154 266 150 -364 -284 -106 156 -410 504 -586 180 -524 
computing eigenvalues for k = 1, took 190.604491 sec
traces of hecke eigenvalues of T_{p^2} are:
10 -76 
computing eigenvalues for k = 2, took 0.452838 sec
traces of hecke eigenvalues of T_{p^1} are:
4 52 144 372 280 684 780 1144 1372 1284 1924 2052 3084 3960 4684 3532 5544 5764 6160 7044 8820 10612 
computing eigenvalues for k = 1, took 135.407797 sec
traces of hecke eigenvalues of T_{p^2} are:
-24 16 
computing eigenvalues for k = 2, took 0.415469 sec
traces of hecke eigenvalues of T_{p^1} are:
19 22 159 327 415 474 750 1174 1552 2079 1744 2172 3564 2700 3544 5017 4404 5269 6970 6069 8745 10612 
computing eigenvalues for k = 1, took 135.693619 sec
traces of hecke eigenvalues of T_{p^2} are:
36 -224 
computing eigenvalues for k = 2, took 0.416648 sec
traces of hecke eigenvalues of T_{p^1} are:
14 82 104 242 320 494 960 864 1642 1964 2254 2482 2754 3520 4324 4122 3984 6034 5600 6494 7520 10962 
computing eigenvalues for k = 1, took 150.877142 sec
traces of hecke eigenvalues of T_{p^2} are:
16 256 
computing eigenvalues for k = 2, took 0.477434 sec
traces of hecke eigenvalues of T_{p^1} are:
17 107 213 549 788 1095 1542 2159 2180 3654 3761 4281 5910 7143 7382 8417 10614 9278 11777 13629 14382 18914 
computing eigenvalues for k = 1, took 136.380404 sec
traces of hecke eigenvalues of T_{p^2} are:
-12 56 
computing eigenvalues for k = 2, took 0.414922 sec
traces of hecke eigenvalues of T_{p^1} are:
-10 20 -42 132 -238 402 -528 614 -364 -876 494 156 444 486 2048 -2584 1290 140 -4 -852 552 2600 
computing eigenvalues for k = 1, took 135.351349 sec
traces of hecke eigenvalues of T_{p^2} are:
0 80 
computing eigenvalues for k = 2, took 0.414400 sec
traces of hecke eigenvalues of T_{p^1} are:
-1 2 -57 225 11 66 -204 44 -208 -123 350 1056 504 162 -496 -277 -942 -31 -40 2523 -2283 -922 
computing eigenvalues for k = 1, took 135.447843 sec
traces of hecke eigenvalues of T_{p^2} are:
0 14 
computing eigenvalues for k = 2, took 0.412603 sec
traces of hecke eigenvalues of T_{p^1} are:
34 138 380 824 946 1660 2524 2832 4358 4426 5088 6778 7770 10790 10212 14446 15294 16250 17780 20942 23272 30492 
computing eigenvalues for k = 1, took 134.843043 sec
traces of hecke eigenvalues of T_{p^2} are:
16 -96 
computing eigenvalues for k = 2, took 0.412687 sec
traces of hecke eigenvalues of T_{p^1} are:
2 6 32 60 -52 -170 -108 -232 488 432 442 -138 320 972 -640 394 -440 -148 -32 1278 740 -972 
computing eigenvalues for k = 1, took 135.206533 sec
traces of hecke eigenvalues of T_{p^2} are:
8 48 
computing eigenvalues for k = 2, took 0.410897 sec
traces of hecke eigenvalues of T_{p^1} are:
2 -12 -10 -72 -10 118 84 -70 104 -12 166 276 -4 -942 -292 64 466 224 -140 300 32 156 
computing eigenvalues for k = 1, took 135.838655 sec
traces of hecke eigenvalues of T_{p^2} are:
-4 -48 
computing eigenvalues for k = 2, took 0.414009 sec
For conductor 13:
traces of hecke eigenvalues of T_{p^1} are:
-4 -22 54 60 -14 -216 8 -418 192 -224 872 -326 108 854 -396 -142 838 -1316 -348 -1046 28 192 
computing eigenvalues for k = 1, took 614.687428 sec
traces of hecke eigenvalues of T_{p^2} are:
4 24 
computing eigenvalues for k = 2, took 0.459822 sec
traces of hecke eigenvalues of T_{p^1} are:
-2 16 -22 2 -130 18 -46 58 396 120 18 52 260 -450 454 -716 -42 -796 -280 -400 1478 348 
computing eigenvalues for k = 1, took 614.408246 sec
traces of hecke eigenvalues of T_{p^2} are:
-6 -20 
computing eigenvalues for k = 2, took 0.458327 sec
traces of hecke eigenvalues of T_{p^1} are:
-8 -32 -20 -90 62 64 -258 -50 -54 -186 -252 122 -430 58 -200 34 -782 128 950 -646 190 582 
computing eigenvalues for k = 1, took 608.203191 sec
traces of hecke eigenvalues of T_{p^2} are:
-4 6 
computing eigenvalues for k = 2, took 0.456297 sec
traces of hecke eigenvalues of T_{p^1} are:
-14 10 -80 -42 8 34 -126 160 -336 -288 162 -202 -580 -308 -158 -194 628 404 524 266 -1622 -2400 
computing eigenvalues for k = 1, took 612.537546 sec
traces of hecke eigenvalues of T_{p^2} are:
14 12 
computing eigenvalues for k = 2, took 0.463081 sec
For conductor 26:
traces of hecke eigenvalues of T_{p^1} are:
-11 1 10 -77 214 -14 8 16 -155 22 -657 1125 634 -90 -1006 -260 57 148 284 -282 384 972 
computing eigenvalues for k = 1, took 148.313645 sec
traces of hecke eigenvalues of T_{p^2} are:
14 42 
computing eigenvalues for k = 2, took 0.480784 sec
traces of hecke eigenvalues of T_{p^1} are:
-7 13 10 -25 214 -170 8 16 377 22 227 97 638 -90 -1006 -8 57 -1608 284 282 384 1744 
computing eigenvalues for k = 1, took 150.628475 sec
traces of hecke eigenvalues of T_{p^2} are:
2 54 
computing eigenvalues for k = 2, took 0.555807 sec
traces of hecke eigenvalues of T_{p^1} are:
9 68 138 292 228 427 1039 1288 1280 1612 1505 1900 2427 3566 3345 4738 4014 4846 7077 6666 7486 8896 
computing eigenvalues for k = 1, took 171.081884 sec
traces of hecke eigenvalues of T_{p^2} are:
-4 144 
computing eigenvalues for k = 2, took 0.512324 sec
traces of hecke eigenvalues of T_{p^1} are:
-2 13 -65 40 79 70 218 166 -203 -203 -123 807 718 -870 -1006 7 57 -1493 194 777 -411 2604 
computing eigenvalues for k = 1, took 148.416282 sec
traces of hecke eigenvalues of T_{p^2} are:
-13 54 
computing eigenvalues for k = 2, took 0.478744 sec
traces of hecke eigenvalues of T_{p^1} are:
14 48 138 192 418 402 984 958 1260 1692 1770 1920 3432 3606 3280 3828 5694 6396 5332 7056 8916 9216 
computing eigenvalues for k = 1, took 147.429371 sec
traces of hecke eigenvalues of T_{p^2} are:
16 -16 
computing eigenvalues for k = 2, took 0.475856 sec
traces of hecke eigenvalues of T_{p^1} are:
-4 -22 54 60 -14 -216 8 -418 192 -224 872 -326 108 854 -396 -142 838 -1316 -348 -1046 28 192 
computing eigenvalues for k = 1, took 188.206455 sec
traces of hecke eigenvalues of T_{p^2} are:
4 24 
computing eigenvalues for k = 2, took 0.447986 sec
traces of hecke eigenvalues of T_{p^1} are:
21 71 280 600 883 1030 1341 1627 3054 3399 3154 5409 5251 6955 7483 8534 10624 10209 13028 14094 16363 18638 
computing eigenvalues for k = 1, took 147.425346 sec
traces of hecke eigenvalues of T_{p^2} are:
4 -232 
computing eigenvalues for k = 2, took 0.475171 sec
traces of hecke eigenvalues of T_{p^1} are:
22 112 214 700 666 1226 1480 1582 2492 2908 3846 3760 5476 6750 8184 8652 9490 10348 11716 16248 15272 17088 
computing eigenvalues for k = 1, took 151.763096 sec
traces of hecke eigenvalues of T_{p^2} are:
8 96 
computing eigenvalues for k = 2, took 0.476140 sec
traces of hecke eigenvalues of T_{p^1} are:
0 4 20 150 -100 122 -360 -254 -222 432 72 430 688 350 106 -320 -634 296 1250 712 56 -1140 
computing eigenvalues for k = 1, took 148.180606 sec
traces of hecke eigenvalues of T_{p^2} are:
-4 -156 
computing eigenvalues for k = 2, took 0.482786 sec
traces of hecke eigenvalues of T_{p^1} are:
0 13 -27 -169 -229 273 111 375 -143 530 -546 78 -78 674 -773 1261 1383 689 -1145 -377 961 1183 
computing eigenvalues for k = 1, took 151.367089 sec
traces of hecke eigenvalues of T_{p^2} are:
-16 -30 
computing eigenvalues for k = 2, took 0.474699 sec
traces of hecke eigenvalues of T_{p^1} are:
0 -29 23 -19 1 -7 23 121 -765 562 -382 990 40 238 -767 1087 1205 -1087 267 193 973 -1305 
computing eigenvalues for k = 1, took 152.100282 sec
traces of hecke eigenvalues of T_{p^2} are:
-4 50 
computing eigenvalues for k = 2, took 0.475418 sec
traces of hecke eigenvalues of T_{p^1} are:
2 -24 106 88 -18 -306 -188 138 -284 148 754 688 -252 -30 156 -100 1614 100 372 864 1196 -3584 
computing eigenvalues for k = 1, took 149.531898 sec
traces of hecke eigenvalues of T_{p^2} are:
-20 -96 
computing eigenvalues for k = 2, took 0.480775 sec
traces of hecke eigenvalues of T_{p^1} are:
-16 20 68 64 -124 264 -180 676 -68 -1368 -280 -596 -192 1548 828 -2316 1148 724 -320 -852 2688 1824 
computing eigenvalues for k = 1, took 148.164906 sec
traces of hecke eigenvalues of T_{p^2} are:
16 80 
computing eigenvalues for k = 2, took 0.472946 sec
traces of hecke eigenvalues of T_{p^1} are:
8 48 100 220 324 620 668 936 1472 2212 2352 2232 2568 3060 3444 5232 5232 5192 6504 6312 7724 8304 
computing eigenvalues for k = 1, took 147.772357 sec
traces of hecke eigenvalues of T_{p^2} are:
-8 -16 
computing eigenvalues for k = 2, took 0.475029 sec
traces of hecke eigenvalues of T_{p^1} are:
8 -22 10 60 214 60 8 -294 192 432 12 -1078 108 1090 -396 -678 1122 -148 284 282 -1396 1744 
computing eigenvalues for k = 1, took 147.687463 sec
traces of hecke eigenvalues of T_{p^2} are:
12 24 
computing eigenvalues for k = 2, took 0.474301 sec
traces of hecke eigenvalues of T_{p^1} are:
2 -9 -27 -72 -11 66 66 -14 261 -219 279 309 726 366 -302 -75 51 459 286 75 -1059 -1980 
computing eigenvalues for k = 1, took 147.372142 sec
traces of hecke eigenvalues of T_{p^2} are:
-5 14 
computing eigenvalues for k = 2, took 0.472614 sec
traces of hecke eigenvalues of T_{p^1} are:
2 -6 0 36 4 90 -36 -284 72 -84 186 138 -24 468 688 -42 -468 -1020 -176 234 -204 0 
computing eigenvalues for k = 1, took 147.077789 sec
traces of hecke eigenvalues of T_{p^2} are:
4 -16 
computing eigenvalues for k = 2, took 0.474437 sec
traces of hecke eigenvalues of T_{p^1} are:
2 -4 -42 -72 14 26 116 -34 116 116 -26 324 -744 666 -532 -1080 766 84 476 460 1056 -1280 
computing eigenvalues for k = 1, took 149.921998 sec
traces of hecke eigenvalues of T_{p^2} are:
-20 -96 
computing eigenvalues for k = 2, took 0.469735 sec
For conductor 65:
traces of hecke eigenvalues of T_{p^1} are:
-2 16 -22 2 -130 18 -46 58 396 120 18 52 260 -450 454 -716 -42 -796 -280 -400 1478 348 
computing eigenvalues for k = 1, took 147.554877 sec
traces of hecke eigenvalues of T_{p^2} are:
-6 -20 
computing eigenvalues for k = 2, took 0.489669 sec
traces of hecke eigenvalues of T_{p^1} are:
4 -8 8 20 -40 72 -100 -20 -216 252 -108 256 560 -96 -92 112 -588 464 -640 -64 -1060 528 
computing eigenvalues for k = 1, took 145.524701 sec
traces of hecke eigenvalues of T_{p^2} are:
0 -32 
computing eigenvalues for k = 2, took 0.490369 sec
traces of hecke eigenvalues of T_{p^1} are:
-6 -4 -58 52 6 58 256 -98 -140 -76 302 124 120 -86 -608 264 -106 -268 -284 -404 684 -1200 
computing eigenvalues for k = 1, took 144.622425 sec
traces of hecke eigenvalues of T_{p^2} are:
0 -48 
computing eigenvalues for k = 2, took 0.487583 sec
traces of hecke eigenvalues of T_{p^1} are:
16 28 134 350 286 534 988 892 1532 2196 1692 2704 2108 3094 3144 3688 5648 5344 6552 6864 9048 8732 
computing eigenvalues for k = 1, took 143.525403 sec
traces of hecke eigenvalues of T_{p^2} are:
24 -176 
computing eigenvalues for k = 2, took 0.481345 sec
traces of hecke eigenvalues of T_{p^1} are:
4 40 108 -16 276 -156 -100 156 532 -448 540 -1216 -632 1708 -2012 -16 1108 -1756 1200 -432 768 384 
computing eigenvalues for k = 1, took 143.125583 sec
traces of hecke eigenvalues of T_{p^2} are:
16 120 
computing eigenvalues for k = 2, took 0.491705 sec
traces of hecke eigenvalues of T_{p^1} are:
5 -19 10 163 -212 54 -98 -298 159 534 -423 101 -20 600 -88 1196 771 298 -488 -674 -308 750 
computing eigenvalues for k = 1, took 144.167557 sec
traces of hecke eigenvalues of T_{p^2} are:
3 8 
computing eigenvalues for k = 2, took 0.487896 sec
traces of hecke eigenvalues of T_{p^1} are:
16 92 308 520 628 768 1732 1804 3084 3584 3992 3348 5368 6668 7652 9052 10484 11940 12272 14484 15872 18560 
computing eigenvalues for k = 1, took 144.573761 sec
traces of hecke eigenvalues of T_{p^2} are:
-16 -64 
computing eigenvalues for k = 2, took 0.489402 sec
traces of hecke eigenvalues of T_{p^1} are:
-4 20 -112 176 -80 -324 -144 240 280 -430 680 -488 1028 -608 492 -516 -956 796 708 1328 -1204 -282 
computing eigenvalues for k = 1, took 147.854902 sec
traces of hecke eigenvalues of T_{p^2} are:
-10 -152 
computing eigenvalues for k = 2, took 0.507061 sec
traces of hecke eigenvalues of T_{p^1} are:
38 198 380 1012 946 1652 2524 2832 4078 4426 6264 6758 9402 10790 10212 12890 15294 16162 17780 20890 23272 26544 
computing eigenvalues for k = 1, took 144.549353 sec
traces of hecke eigenvalues of T_{p^2} are:
32 384 
computing eigenvalues for k = 2, took 0.489722 sec
traces of hecke eigenvalues of T_{p^1} are:
48 168 479 1197 1571 2217 3319 4006 5608 7435 6959 9278 10487 13930 16521 17645 21128 20287 25225 25155 30807 36774 
computing eigenvalues for k = 1, took 144.938204 sec
traces of hecke eigenvalues of T_{p^2} are:
32 -256 
computing eigenvalues for k = 2, took 0.489384 sec
traces of hecke eigenvalues of T_{p^1} are:
61 306 583 1457 1677 2874 3926 4760 6746 8221 9638 11406 14124 15734 18470 23641 23804 26207 29842 36577 41347 49564 
computing eigenvalues for k = 1, took 143.304917 sec
traces of hecke eigenvalues of T_{p^2} are:
44 448 
computing eigenvalues for k = 2, took 0.481778 sec
traces of hecke eigenvalues of T_{p^1} are:
20 92 160 664 760 1092 1756 1520 2724 3264 3420 4820 6472 6600 7580 8996 9744 11548 13096 13444 16288 18288 
computing eigenvalues for k = 1, took 142.250806 sec
traces of hecke eigenvalues of T_{p^2} are:
0 -64 
computing eigenvalues for k = 2, took 0.483861 sec
traces of hecke eigenvalues of T_{p^1} are:
4 20 -94 34 -32 200 138 -320 238 58 -632 586 -42 -86 148 -68 328 470 554 -192 -136 882 
computing eigenvalues for k = 1, took 143.082277 sec
traces of hecke eigenvalues of T_{p^2} are:
4 12 
computing eigenvalues for k = 2, took 0.487614 sec
traces of hecke eigenvalues of T_{p^1} are:
-16 -74 116 -62 18 -254 838 206 60 750 -198 -58 1574 2610 -540 -2390 2544 -922 174 -1438 -202 -1644 
computing eigenvalues for k = 1, took 145.185091 sec
traces of hecke eigenvalues of T_{p^2} are:
-18 -132 
computing eigenvalues for k = 2, took 0.488720 sec
traces of hecke eigenvalues of T_{p^1} are:
80 436 1070 2276 3198 4008 6836 8070 11018 13852 14428 17000 22212 28662 30392 34930 39506 42816 50752 53590 63380 78648 
computing eigenvalues for k = 1, took 145.478410 sec
traces of hecke eigenvalues of T_{p^2} are:
0 288 
computing eigenvalues for k = 2, took 0.494061 sec
traces of hecke eigenvalues of T_{p^1} are:
-12 -41 50 71 199 17 101 328 -72 -660 -299 -849 -400 -822 2588 -455 -1555 1357 -936 564 1036 1314 
computing eigenvalues for k = 1, took 145.755481 sec
traces of hecke eigenvalues of T_{p^2} are:
-26 -46 
computing eigenvalues for k = 2, took 0.492427 sec
traces of hecke eigenvalues of T_{p^1} are:
1 4 -49 83 -61 -84 146 -218 210 417 360 472 -172 -132 -38 145 -324 -109 -532 53 179 -144 
computing eigenvalues for k = 1, took 144.295825 sec
traces of hecke eigenvalues of T_{p^2} are:
-12 -8 
computing eigenvalues for k = 2, took 0.487026 sec
traces of hecke eigenvalues of T_{p^1} are:
1 -32 -16 -25 41 9 53 217 -63 -174 -153 -611 113 -786 694 -212 153 509 17 -376 -772 312 
computing eigenvalues for k = 1, took 143.886367 sec
traces of hecke eigenvalues of T_{p^2} are:
-21 64 
computing eigenvalues for k = 2, took 0.484076 sec
For conductor 130:
traces of hecke eigenvalues of T_{p^1} are:
-8 -11 -5 -74 -1 90 -26 -374 -183 -99 81 -457 166 -1002 538 -947 897 5 374 319 1021 540 
computing eigenvalues for k = 1, took 222.025671 sec
traces of hecke eigenvalues of T_{p^2} are:
9 -26 
computing eigenvalues for k = 2, took 0.426013 sec
traces of hecke eigenvalues of T_{p^1} are:
-7 13 10 -25 214 -170 8 16 377 22 227 97 638 -90 -1006 -8 57 -1608 284 282 384 1744 
computing eigenvalues for k = 1, took 223.561963 sec
traces of hecke eigenvalues of T_{p^2} are:
2 54 
computing eigenvalues for k = 2, took 0.418839 sec
traces of hecke eigenvalues of T_{p^1} are:
-14 -32 34 100 -214 -6 -32 -158 -108 -684 462 -16 328 774 1024 -1292 858 -76 -1108 -1256 988 912 
computing eigenvalues for k = 1, took 219.420716 sec
traces of hecke eigenvalues of T_{p^2} are:
24 64 
computing eigenvalues for k = 2, took 0.442104 sec
traces of hecke eigenvalues of T_{p^1} are:
1 -32 -16 -25 41 9 53 217 -63 -174 -153 -611 113 -786 694 -212 153 509 17 -376 -772 312 
computing eigenvalues for k = 1, took 222.987481 sec
traces of hecke eigenvalues of T_{p^2} are:
-21 64 
computing eigenvalues for k = 2, took 0.422437 sec
traces of hecke eigenvalues of T_{p^1} are:
-6 -4 -58 52 6 58 256 -98 -140 -76 302 124 120 -86 -608 264 -106 -268 -284 -404 684 -1200 
computing eigenvalues for k = 1, took 223.871331 sec
traces of hecke eigenvalues of T_{p^2} are:
0 -48 
computing eigenvalues for k = 2, took 0.422587 sec
traces of hecke eigenvalues of T_{p^1} are:
-16 1 -65 -142 79 -254 218 166 425 -203 -307 415 554 -870 -1006 -275 57 33 194 -777 -411 112 
computing eigenvalues for k = 1, took 223.855909 sec
traces of hecke eigenvalues of T_{p^2} are:
29 42 
computing eigenvalues for k = 2, took 0.416610 sec
traces of hecke eigenvalues of T_{p^1} are:
4 40 108 -16 276 -156 -100 156 532 -448 540 -1216 -632 1708 -2012 -16 1108 -1756 1200 -432 768 384 
computing eigenvalues for k = 1, took 222.446955 sec
traces of hecke eigenvalues of T_{p^2} are:
16 120 
computing eigenvalues for k = 2, took 0.413816 sec
traces of hecke eigenvalues of T_{p^1} are:
4 20 -94 34 -32 200 138 -320 238 58 -632 586 -42 -86 148 -68 328 470 554 -192 -136 882 
computing eigenvalues for k = 1, took 227.750344 sec
traces of hecke eigenvalues of T_{p^2} are:
4 12 
computing eigenvalues for k = 2, took 0.418752 sec
traces of hecke eigenvalues of T_{p^1} are:
-4 20 -112 176 -80 -324 -144 240 280 -430 680 -488 1028 -608 492 -516 -956 796 708 1328 -1204 -282 
computing eigenvalues for k = 1, took 222.305236 sec
traces of hecke eigenvalues of T_{p^2} are:
-10 -152 
computing eigenvalues for k = 2, took 0.424645 sec
traces of hecke eigenvalues of T_{p^1} are:
-12 -41 50 71 199 17 101 328 -72 -660 -299 -849 -400 -822 2588 -455 -1555 1357 -936 564 1036 1314 
computing eigenvalues for k = 1, took 222.147619 sec
traces of hecke eigenvalues of T_{p^2} are:
-26 -46 
computing eigenvalues for k = 2, took 0.421693 sec
