constructing eigenvector for poly
x-15
constructing eigenvector for poly
x+6
constructing eigenvector for poly
x-9
constructing eigenvector for poly
x^2-14*x+46
constructing eigenvector for poly
x^2-6*x+6
constructing eigenvector for poly
x^7-30*x^6+357*x^5-2157*x^4+7034*x^3-12145*x^2+9964*x-2832
constructing eigenvector for poly
x^39-234*x^38+26457*x^37-1925413*x^36+101369997*x^35-4114297594*x^34+133954756164*x^33-3594618543177*x^32+81064170344201*x^31-1558800987760413*x^30+25844333360330280*x^29-372661494984077767*x^28+4705438644637200798*x^27-52307417631872819652*x^26+514101078219853848388*x^25-4482202074441746084758*x^24+34752147430394276097751*x^23-240053418860800613190168*x^22+1479074299758068833956693*x^21-8133931941733810656742735*x^20+39928068621597171926763237*x^19-174877689966728309737256950*x^18+682734335513598091409271808*x^17-2372344483227994204352072489*x^16+7321666780682429911763257399*x^15-20015812419074771153712049897*x^14+48304410304346258223214381794*x^13-102475070814784042529771475597*x^12+190116471942737701819763427864*x^11-306506482648577901382015427076*x^10+426086564350252112095447442624*x^9-505832037787966228866375313456*x^8+506644452597719382817792241088*x^7-421543204518660028565010022720*x^6+285445733695521356128572190464*x^5-152944885515696161163697412352*x^4+62249866846644366963862300672*x^3-18041309917464585828672098304*x^2+3309086878839854051228909568*x-288025825730228678713233408
constructing eigenvector for poly
x^58-7*x^57-277*x^56+2209*x^55+33127*x^54-309155*x^53-2205618*x^52+25485923*x^51+85458857*x^50-1384902650*x^49-1580801760*x^48+52547860548*x^47-17778109543*x^46-1437070445193*x^45+2095487629412*x^44+28768705895897*x^43-70065101734702*x^42-422047432230704*x^41+1461182368015826*x^40+4449539990655054*x^39-21548154210272747*x^38-31434388367476470*x^37+235072269913209568*x^36+108289161735185001*x^35-1933946748776768787*x^34+476117018354682301*x^33+12072118160843173817*x^32-9724629546635623473*x^31-56934989800148872614*x^30+74631489241355019132*x^29+199476241959043155263*x^28-370569095778277496930*x^27-498413817674739665086*x^26+1308360245102790148850*x^25+794036210906291113435*x^24-3371429654230171935993*x^23-436851999806175860421*x^22+6345935935806366480749*x^21-1364309149893064225704*x^20-8585653882974922264896*x^19+4242769858631899555582*x^18+8048930581940911652018*x^17-6138263077197622634553*x^16-4838140401739302508347*x^15+5384193130269011773843*x^14+1496814877860584815894*x^13-2921214709160885660204*x^12+41120703870265996741*x^11+923443638561546424175*x^10-185988910987061697082*x^9-146534426277311206354*x^8+48859081333236284464*x^7+8522841306718661730*x^6-3853581550660414060*x^5-237401363153290384*x^4+109628318436265292*x^3+5736746307577938*x^2-598618456815236*x-32835073471368
constructing eigenvector for poly
x^4-8*x^3-8*x^2+96*x-12
constructing eigenvector for poly
x+6
constructing eigenvector for poly
x^22+53*x^21+1265*x^20+17959*x^19+168248*x^18+1085268*x^17+4824967*x^16+13883974*x^15+18374494*x^14-37090611*x^13-262823623*x^12-691818774*x^11-1033006227*x^10-757619358*x^9+185392273*x^8+952626390*x^7+773418192*x^6+57863943*x^5-291410355*x^4-163067693*x^3-3262093*x^2+20242588*x+4440036
constructing eigenvector for poly
x^4+8*x^3+8*x^2-32*x-44
constructing eigenvector for poly
x^21+67*x^20+2059*x^19+38489*x^18+489190*x^17+4474108*x^16+30372533*x^15+155404434*x^14+601097834*x^13+1739310163*x^12+3647631665*x^11+5106993992*x^10+3509371663*x^9-2104420182*x^8-7410838945*x^7-6376761218*x^6-332019944*x^5+3081442113*x^4+1625121769*x^3-150801283*x^2-211765003*x+1528676
constructing eigenvector for poly
x^65-22*x^64-109*x^63+5913*x^62-17827*x^61-658041*x^60+4563978*x^59+37521784*x^58-436878750*x^57-919126894*x^56+24434874617*x^55-19387847238*x^54-889322878645*x^53+2503343066536*x^52+21557417426894*x^51-105092988890722*x^50-328233306283179*x^49+2732087831089919*x^48+2076128849267158*x^47-49136103304795300*x^46+34125668248224719*x^45+629985198594312647*x^44-1173934770535527963*x^43-5696567616779356467*x^42+17901657196468282500*x^41+33723631430478315881*x^40-179304581582643309253*x^39-88800079780999410617*x^38+1279112002434329136366*x^37-487584792573205950211*x^36-6640616285185957846287*x^35+7131198868170236033371*x^34+24902532365456950874723*x^33-44313459715083376392452*x^32-64497631813940828730347*x^31+180243556910337365383338*x^30+97892037126997330653759*x^29-523176570325186522097741*x^28-2034882450400178992942*x^27+1113585588488753321782363*x^26-414511984759025219867488*x^25-1748087687597404149615540*x^24+1179342858252270843814261*x^23+2009849165230572657597824*x^22-1927823467596942991917687*x^21-1661242630254374016713714*x^20+2131330235104404852926361*x^19+952853370572984171620413*x^18-1662624995991498694070486*x^17-353423714503567601292232*x^16+924233915322292924046853*x^15+70003184597926691979066*x^14-364333284439513855835198*x^13-356662353737113398718*x^12+100285398967712408869826*x^11-3122935590817280527712*x^10-18753477318606009309426*x^9+660721531362899799858*x^8+2276603294250333412286*x^7-57493451247552243948*x^6-166328866499386350392*x^5+2456905392845086256*x^4+6401314939164043936*x^3-106730078377955968*x^2-98436681483661440*x+3569760076504064
constructing eigenvector for poly
x^41-232*x^40+26021*x^39-1879651*x^38+98290787*x^37-3965088130*x^36+128409968804*x^35-3430325079107*x^34+77080314616645*x^33-1478300700902073*x^32+24471457038234854*x^31-352728123688161507*x^30+4457738372861934170*x^29-49668339741919173250*x^28+490051781257263158892*x^27-4296427488816311049962*x^26+33561826564630085322127*x^25-234064696259461656912534*x^24+1459493801007286633488317*x^23-8143980033463933208769773*x^22+40683285030050693640497043*x^21-181933014377033114125926914*x^20+727936076529595268984405808*x^19-2603326972303023073970322627*x^18+8309526419844884182833577107*x^17-23625039518949106041948603217*x^16+59677862702381713518560150432*x^15-133513743465362740335452186389*x^14+263531521697109734340695372424*x^13-456770895583695888569171761810*x^12+691294856878613706238501711832*x^11-907291470391480233485180163656*x^10+1024038647597655355145742335680*x^9-983782349069168021573440039136*x^8+794154429559145805171471953664*x^7-529911719688515446761324351872*x^6+286049034344002698350374957056*x^5-121299821258463659053530012160*x^4+38732628765545535519563702272*x^3-8714867580588681070493114368*x^2+1225520304582942305110794240*x-80592212836229840330137600
computing eigenvectors took 3.935128 sec
For conductor 1, eigenvectors are:
-1 -1 -1 -1 -1 -1 -1 -1 -1 -1 -1 -1 -1 -1 -1 -1 -1 -1 -1 -1 -1 -1 -1 -1 -1 -1 -1 -1 -1 -1 -1 -1 -1 -1 -1 -1 -1 -1 -1 -1 -1 -1 -1 -1 -1 -1 -1 -1 -1 -1 -1 -1 -1 -1 -1 -1 -1 -1 -1 -1 -1 -1 -1 -1 -1 -1 -1 -1 -1 -1 -1 -1 -1 -1 -1 -1 -1 -1 -1 -1 -1 -1 -1 -1 -1 -1 -1 -1 -1 -1 -1 -1 -1 -1 -1 -1 -1 -1 -1 -1 -1 -1 -1 -1 -1 -1 -1 -1 -1 -1 -1 -1 -1 -1 -1 over Number field with defining polynomial x-15
0 96 -48 72 0 -24 0 36 0 16 -64 40 0 0 -16 24 -36 -24 -18 -42 -72 -6 6 30 48 4 24 4 -60 20 -28 8 0 -32 12 0 0 -22 10 12 2 2 -4 -12 -4 10 -2 14 14 2 2 22 -24 -2 -6 6 -10 -2 2 0 -18 16 -2 8 54 2 24 -8 -12 32 -8 0 2 -6 6 -4 40 28 -8 -2 8 -46 -10 28 -6 -30 8 -16 -2 -8 -2 28 -17 3 -11 2 2 6 1 -10 -10 -2 0 0 -21 -25 8 -7 6 23 5 0 15 17 -12 over Number field with defining polynomial x+6
-60 0 0 12 0 -12 -24 -6 -24 -8 -4 4 0 12 -4 0 3 -3 -6 6 3 -3 0 -3 -3 -2 -12 10 6 8 2 2 -6 10 0 12 0 2 4 -6 -7 -4 -1 -9 -1 1 1 5 -1 2 -1 1 0 -5 -3 -6 -4 -14 -4 3 0 4 4 -1 3 -4 0 4 6 2 4 -6 -4 0 0 -4 4 1 4 -2 -1 -1 -1 1 -3 0 2 -4 -5 -2 4 -2 1 -3 1 2 8 3 -2 5 2 1 -3 0 3 2 8 -1 -3 -1 2 -3 0 2 -3 over Number field with defining polynomial x-9
4680*a-37080 -660*a+4224 504*a-2988 2124*a-18504 1120*a-9544 -774*a+6300 -78*a+618 1428*a-12822 504*a-2988 -736*a+5608 -272*a+1820 580*a-4372 -888*a+8376 -888*a+8376 -1162*a+8704 966*a-7905 1023*a-8943 -831*a+7338 -831*a+7338 1023*a-8943 327*a-3261 1371*a-11784 -426*a+3459 618*a-5064 213*a-1185 1854*a-15918 -40*a-74 -310*a+2512 580*a-4372 154*a-1276 386*a-3170 -192*a+2694 656*a-5756 154*a-1276 -40*a-74 732*a-7140 -580*a+5098 213*a-1185 540*a-4809 -504*a+3714 -21*a-420 -348*a+3204 -78*a+618 -2*a-766 -78*a+618 675*a-6102 -580*a+5098 -97*a+964 173*a-1622 327*a-3261 19*a+17 135*a-930 -599*a+5444 38*a-329 -1044*a+8886 -329*a+2858 116*a-584 386*a-3170 -78*a+618 656*a-5756 424*a-3862 173*a-1622 502*a-4117 -329*a+2858 -426*a+3459 -329*a+2858 -812*a+6992 -272*a+1820 154*a-1276 348*a-2478 -580*a+5098 618*a-5064 -367*a+3550 1023*a-8943 -232*a+2257 -59*a+272 -97*a+964 76*a-1021 -793*a+6646 19*a+17 -407*a+3113 270*a-2223 386*a-3170 405*a-3516 270*a-2223 19*a+17 -367*a+3550 38*a-329 386*a-3170 -270*a+2949 154*a-1276 -213*a+1911 405*a-3516 57*a-675 -329*a+2858 -310*a+2512 76*a-1021 270*a-2223 443*a-4208 289*a-2569 -348*a+3204 521*a-4463 -59*a+272 -213*a+1911 -194*a+1565 -542*a+4406 -329*a+2858 -97*a+964 -78*a+618 57*a-675 -329*a+2858 135*a-930 363 363 -329*a+2858 over Number field with defining polynomial x^2-14*x+46
0 12*a-48 36 12*a-24 8*a-8 -6*a -6*a+18 -12*a+18 0 8*a-24 -4 -4*a-4 -24 0 -2*a+8 6*a-15 3*a-3 -3*a+12 3*a-18 3*a-3 3*a-9 -9*a+30 -6*a+21 6*a-30 3*a-3 4*a-18 -4*a+10 6*a-8 -4*a+12 -6*a+12 -6*a+6 6 4*a-8 2*a-4 6 0 -4*a+6 3*a+3 2*a-3 6*a-10 3*a-4 -2*a+12 -2*a+2 2*a-2 -4*a+10 -5*a+16 6 -a -5*a+14 3*a-5 5*a-13 a-6 -a+8 -4*a+11 2 -a-2 2*a-8 2*a-2 -2*a+6 -2*a+4 -2*a+6 -3*a+8 4*a-7 a-4 1 -a+2 2*a-12 4*a-8 2*a-4 2 4*a-14 0 3*a-12 a-11 3 -3*a+10 -a+8 2*a-7 a-2 a-3 -a-1 -3 -2 -3*a+10 -3 a-3 a-4 -2*a+3 0 2*a-5 -2*a+4 -a+1 a-6 a-3 -a -2*a -1 -3 -a+6 a-1 0 -a+1 a-2 a-1 -1 0 -3*a+6 -a 2 a-3 -a+10 -a+4 2*a-1 -1 -a over Number field with defining polynomial x^2-6*x+6
-720*a^6 + 35280*a^5 - 517200*a^4 + 3341520*a^3 - 10315680*a^2 + 14243040*a - 6171840 864*a^6 - 17808*a^5 + 130608*a^4 - 381744*a^3 + 219312*a^2 + 675456*a - 560640 -1440*a^6 + 37056*a^5 - 363912*a^4 + 1715688*a^3 - 3981720*a^2 + 4120728*a - 1370496 -528*a^6 + 13344*a^5 - 133392*a^4 + 651528*a^3 - 1545648*a^2 + 1486728*a - 215136 -672*a^6 + 18768*a^5 - 199072*a^4 + 1016544*a^3 - 2581376*a^2 + 2972304*a - 1100544 -1008*a^6 + 22752*a^5 - 199656*a^4 + 859224*a^3 - 1877112*a^2 + 1917480*a - 683664 576*a^6 - 17604*a^5 + 201024*a^4 - 1096560*a^3 + 2967600*a^2 - 3653532*a + 1442592 -552*a^6 + 10896*a^5 - 84396*a^4 + 327144*a^3 - 659076*a^2 + 600480*a - 105984 1728*a^6 - 43656*a^5 + 437448*a^4 - 2195880*a^3 + 5707704*a^2 - 7021296*a + 2882016 384*a^6 - 8136*a^5 + 68048*a^4 - 287312*a^3 + 648432*a^2 - 741704*a + 316960 -392*a^6 + 8840*a^5 - 80024*a^4 + 366856*a^3 - 886592*a^2 + 1093712*a - 601216 -368*a^6 + 10864*a^5 - 122232*a^4 + 661824*a^3 - 1769352*a^2 + 2094304*a - 715424 -672*a^6 + 18768*a^5 - 199072*a^4 + 1016544*a^3 - 2581376*a^2 + 2972304*a - 1100544 -72*a^6 + 2568*a^5 - 35848*a^4 + 228392*a^3 - 665616*a^2 + 806544*a - 288864 1144*a^6 - 26816*a^5 + 242432*a^4 - 1065168*a^3 + 2340488*a^2 - 2299888*a + 628352 -192*a^6 + 5022*a^5 - 48312*a^4 + 205716*a^3 - 341328*a^2 + 18222*a + 270312 144*a^6 - 5184*a^5 + 60846*a^4 - 321618*a^3 + 833394*a^2 - 1063014*a + 623304 -78*a^6 + 2178*a^5 - 27366*a^4 + 179706*a^3 - 610116*a^2 + 989148*a - 591072 366*a^6 - 10212*a^5 + 106974*a^4 - 539868*a^3 + 1371000*a^2 - 1593540*a + 558432 -642*a^6 + 17118*a^5 - 175494*a^4 + 866256*a^3 - 2103660*a^2 + 2293590*a - 848112 48*a^6 + 108*a^5 - 12912*a^4 + 114336*a^3 - 386688*a^2 + 494292*a - 95328 -996*a^6 + 23976*a^5 - 224154*a^4 + 1021416*a^3 - 2320398*a^2 + 2360604*a - 738240 -426*a^6 + 6774*a^5 - 28968*a^4 - 18696*a^3 + 321282*a^2 - 507006*a + 177504 -420*a^6 + 10260*a^5 - 100524*a^4 + 497058*a^3 - 1270140*a^2 + 1499286*a - 535776 -546*a^6 + 12306*a^5 - 104886*a^4 + 417468*a^3 - 774876*a^2 + 605166*a - 212136 -760*a^6 + 19192*a^5 - 188320*a^4 + 903268*a^3 - 2174000*a^2 + 2373100*a - 814016 144*a^6 - 4220*a^5 + 43992*a^4 - 206360*a^3 + 436600*a^2 - 353532*a + 66096 -224*a^6 + 4392*a^5 - 31336*a^4 + 101272*a^3 - 156536*a^2 + 112896*a - 26624 84*a^6 - 868*a^5 - 4300*a^4 + 81832*a^3 - 332992*a^2 + 485012*a - 172128 -76*a^6 + 564*a^5 + 9756*a^4 - 124000*a^3 + 467800*a^2 - 618396*a + 131552 -1156*a^5 + 25384*a^4 - 195936*a^3 + 646344*a^2 - 866108*a + 297008 -292*a^6 + 7300*a^5 - 68948*a^4 + 323136*a^3 - 820256*a^2 + 1060564*a - 490048 -4*a^6 - 1776*a^5 + 36944*a^4 - 264708*a^3 + 796012*a^2 - 956644*a + 312672 4*a^6 - 996*a^5 + 17436*a^4 - 110296*a^3 + 283480*a^2 - 227196*a - 63488 -380*a^6 + 7724*a^5 - 58196*a^4 + 209860*a^3 - 412880*a^2 + 461360*a - 203520 156*a^6 - 5708*a^5 + 71472*a^4 - 405156*a^3 + 1099964*a^2 - 1390424*a + 725376 -464*a^6 + 11216*a^5 - 104036*a^4 + 461280*a^3 - 997796*a^2 + 997928*a - 442560 -702*a^5 + 13532*a^4 - 94012*a^3 + 287436*a^2 - 387710*a + 195344 156*a^6 - 3022*a^5 + 21270*a^4 - 69346*a^3 + 124374*a^2 - 156384*a + 114760 -232*a^6 + 5740*a^5 - 54760*a^4 + 251340*a^3 - 559096*a^2 + 516096*a - 105264 -98*a^6 + 2826*a^5 - 28916*a^4 + 136658*a^3 - 319118*a^2 + 370480*a - 196360 -20*a^6 + 1852*a^5 - 32508*a^4 + 224174*a^3 - 682820*a^2 + 863450*a - 310288 224*a^6 - 5584*a^5 + 55006*a^4 - 274588*a^3 + 729502*a^2 - 945488*a + 419840 376*a^6 - 9350*a^5 + 90600*a^4 - 431048*a^3 + 1040688*a^2 - 1182218*a + 481608 224*a^6 - 5584*a^5 + 55006*a^4 - 274588*a^3 + 729502*a^2 - 945488*a + 419840 -268*a^6 + 7140*a^5 - 70160*a^4 + 313260*a^3 - 616604*a^2 + 411032*a - 23408 458*a^6 - 11530*a^5 + 114692*a^4 - 564654*a^3 + 1406374*a^2 - 1601756*a + 581824 -256*a^6 + 7008*a^5 - 73994*a^4 + 384122*a^3 - 1018870*a^2 + 1255494*a - 496096 -492*a^6 + 12874*a^5 - 129706*a^4 + 631368*a^3 - 1514310*a^2 + 1592306*a - 477832 108*a^6 - 3910*a^5 + 51834*a^4 - 321858*a^3 + 967698*a^2 - 1270896*a + 478592 -40*a^6 + 316*a^5 + 4522*a^4 - 60978*a^3 + 246630*a^2 - 394506*a + 192152 272*a^6 - 6444*a^5 + 59566*a^4 - 267806*a^3 + 596034*a^2 - 601510*a + 212656 118*a^6 - 1906*a^5 + 9874*a^4 - 16634*a^3 + 10640*a^2 - 60740*a + 101208 402*a^6 - 8844*a^5 + 74748*a^4 - 303176*a^3 + 598498*a^2 - 501820*a + 109792 64*a^6 + 782*a^5 - 29924*a^4 + 243500*a^3 - 809468*a^2 + 1126142*a - 477912 212*a^6 - 4174*a^5 + 31152*a^4 - 108712*a^3 + 175484*a^2 - 112274*a + 31944 220*a^6 - 5992*a^5 + 63172*a^4 - 328652*a^3 + 877264*a^2 - 1093196*a + 438032 -368*a^6 + 9756*a^5 - 100578*a^4 + 507548*a^3 - 1289250*a^2 + 1499020*a - 554672 -190*a^6 + 5200*a^5 - 55944*a^4 + 296734*a^3 - 796454*a^2 + 987446*a - 410584 266*a^6 - 7426*a^5 + 80458*a^4 - 421320*a^3 + 1082656*a^2 - 1229266*a + 442632 118*a^6 - 2590*a^5 + 23532*a^4 - 110124*a^3 + 262950*a^2 - 264950*a + 30456 -108*a^6 + 2878*a^5 - 29214*a^4 + 144264*a^3 - 358498*a^2 + 394598*a - 112928 78*a^6 - 2058*a^5 + 19910*a^4 - 85400*a^3 + 140008*a^2 + 30654*a - 214328 -218*a^6 + 7142*a^5 - 86890*a^4 + 504550*a^3 - 1457508*a^2 + 1928444*a - 840736 -44*a^6 - 348*a^5 + 16270*a^4 - 131786*a^3 + 418854*a^2 - 514002*a + 141168 -244*a^6 + 7728*a^5 - 94692*a^4 + 561146*a^3 - 1652796*a^2 + 2218034*a - 962152 -6*a^6 - 524*a^5 + 10426*a^4 - 74264*a^3 + 255816*a^2 - 433648*a + 294648 -228*a^6 + 6272*a^5 - 67152*a^4 + 347410*a^3 - 887632*a^2 + 1054130*a - 490784 650*a^6 - 16120*a^5 + 154314*a^4 - 716298*a^3 + 1647956*a^2 - 1671846*a + 479424 378*a^6 - 9296*a^5 + 88402*a^4 - 413406*a^3 + 990316*a^2 - 1108738*a + 404600 -186*a^6 + 5210*a^5 - 57890*a^4 + 315190*a^3 - 847484*a^2 + 990056*a - 300512 -352*a^6 + 7236*a^5 - 51572*a^4 + 141572*a^3 - 66540*a^2 - 231208*a + 144096 -244*a^6 + 6894*a^5 - 75032*a^4 + 400472*a^3 - 1088652*a^2 + 1377522*a - 562336 -356*a^6 + 10962*a^5 - 126664*a^4 + 692882*a^3 - 1841040*a^2 + 2159160*a - 779136 446*a^6 - 12702*a^5 + 136846*a^4 - 707860*a^3 + 1811520*a^2 - 2058346*a + 666480 -244*a^6 + 7578*a^5 - 88690*a^4 + 493962*a^3 - 1340962*a^2 + 1581732*a - 491584 -104*a^6 + 4280*a^5 - 58090*a^4 + 354724*a^3 - 1034170*a^2 + 1339112*a - 558488 188*a^6 - 4396*a^5 + 43000*a^4 - 227376*a^3 + 673900*a^2 - 993380*a + 499168 -684*a^6 + 16364*a^5 - 151038*a^4 + 677056*a^3 - 1515354*a^2 + 1530104*a - 487808 294*a^6 - 9814*a^5 + 119892*a^4 - 682740*a^3 + 1863054*a^2 - 2185670*a + 701320 -730*a^6 + 16266*a^5 - 139882*a^4 + 586032*a^3 - 1236832*a^2 + 1185234*a - 336712 -534*a^6 + 13326*a^5 - 129354*a^4 + 613272*a^3 - 1455820*a^2 + 1568454*a - 542368 -40*a^6 + 1380*a^5 - 16944*a^4 + 91262*a^3 - 210916*a^2 + 171818*a - 35248 312*a^6 - 7532*a^5 + 69332*a^4 - 296684*a^3 + 566476*a^2 - 364232*a + 15880 410*a^6 - 11726*a^5 + 128234*a^4 - 675356*a^3 + 1757824*a^2 - 2049066*a + 743280 154*a^6 - 4626*a^5 + 50322*a^4 - 247538*a^3 + 550156*a^2 - 493788*a + 177576 -36*a^6 + 724*a^5 - 3644*a^4 - 6914*a^3 + 98868*a^2 - 246798*a + 173960 -428*a^6 + 8822*a^5 - 67926*a^4 + 242964*a^3 - 412378*a^2 + 306186*a - 97048 104*a^6 - 3388*a^5 + 37808*a^4 - 194226*a^3 + 490620*a^2 - 562598*a + 193696 -278*a^6 + 5758*a^5 - 44466*a^4 + 154002*a^3 - 221784*a^2 + 98560*a - 48368 -186*a^6 + 4526*a^5 - 44232*a^4 + 221700*a^3 - 595174*a^2 + 785846*a - 371264 -80*a^6 + 1930*a^5 - 18978*a^4 + 92844*a^3 - 225354*a^2 + 250406*a - 110144 344*a^6 - 8686*a^5 + 84304*a^4 - 391686*a^3 + 874532*a^2 - 795408*a + 129688 174*a^6 - 3544*a^5 + 25144*a^4 - 64310*a^3 - 20386*a^2 + 285770*a - 223200 38*a^6 - 1420*a^5 + 18708*a^4 - 111116*a^3 + 304438*a^2 - 338256*a + 80632 196*a^6 - 3642*a^5 + 24060*a^4 - 66772*a^3 + 68448*a^2 - 4490*a - 10312 -34*a^6 + 946*a^5 - 10256*a^4 + 54770*a^3 - 154834*a^2 + 245968*a - 203728 418*a^6 - 10910*a^5 + 111902*a^4 - 567228*a^3 + 1462300*a^2 - 1753650*a + 706896 112*a^6 - 2642*a^5 + 22232*a^4 - 81942*a^3 + 124732*a^2 - 36700*a - 42656 -142*a^6 + 4998*a^5 - 63266*a^4 + 371828*a^3 - 1051172*a^2 + 1289658*a - 443776 4*a^6 + 930*a^5 - 17150*a^4 + 108014*a^3 - 281638*a^2 + 282616*a - 77800 650*a^6 - 15038*a^5 + 134436*a^4 - 587200*a^3 + 1298914*a^2 - 1322538*a + 421912 -306*a^6 + 6962*a^5 - 58284*a^4 + 222166*a^3 - 379390*a^2 + 214540*a + 18024 414*a^6 - 11318*a^5 + 120068*a^4 - 621292*a^3 + 1610062*a^2 - 1901358*a + 725088 -226*a^6 + 5990*a^5 - 61730*a^4 + 308338*a^3 - 755324*a^2 + 794456*a - 202992 36*a^6 - 1898*a^5 + 28902*a^4 - 189544*a^3 + 582602*a^2 - 802810*a + 389144 -34*a^6 + 566*a^5 - 2448*a^4 - 3980*a^3 + 50402*a^2 - 116146*a + 94424 110*a^6 - 3804*a^5 + 46084*a^4 - 253860*a^3 + 655206*a^2 - 705464*a + 195104 -534*a^5 + 9118*a^4 - 49970*a^3 + 84106*a^2 + 31576*a - 105336 522*a^5 - 8984*a^4 + 53950*a^3 - 133876*a^2 + 134908*a - 59608 362*a^5 - 7934*a^4 + 58228*a^3 - 170110*a^2 + 178614*a - 32056 150*a^5 - 4540*a^4 + 43520*a^3 - 168204*a^2 + 235786*a - 34584 -266*a^6 + 6778*a^5 - 68934*a^4 + 349806*a^3 - 902728*a^2 + 1061848*a - 378600 -702*a^5 + 13532*a^4 - 94012*a^3 + 287436*a^2 - 387710*a + 195344 380*a^5 - 6346*a^4 + 35086*a^3 - 61606*a^2 - 38402*a + 137832 over Number field with defining polynomial x^7-30*x^6+357*x^5-2157*x^4+7034*x^3-12145*x^2+9964*x-2832
a vector of length 115 over Number field with defining polynomial a number field of degree 39
a vector of length 115 over Number field with defining polynomial a number field of degree 58
0 -120*a^3 + 1200*a^2 - 1776*a - 1728 0 -48*a^3 + 1080*a^2 - 3408*a - 720 40*a^3 - 400*a^2 + 592*a + 576 24*a^3 - 60*a^2 + 360*a + 648 72*a^3 - 204*a^2 - 72*a - 216 -72*a^3 + 204*a^2 + 72*a + 216 0 -8*a^3 - 320*a^2 + 1680*a - 96 8*a^3 - 216*a^2 + 704*a - 1008 -20*a^3 + 40*a^2 + 152*a - 384 0 0 20*a^3 - 200*a^2 + 296*a + 288 30*a^3 - 300*a^2 + 444*a + 432 48*a^3 - 372*a^2 + 816*a + 72 -6*a^3 + 588*a + 72 -18*a^3 + 312*a^2 - 1044*a + 504 48*a^3 - 372*a^2 + 816*a + 72 30*a^3 - 342*a^2 + 1224*a - 180 6*a^3 - 42*a^2 + 192*a - 684 24*a^3 - 30*a^2 - 996*a + 180 36*a^3 - 342*a^2 + 636*a - 252 -30*a^3 + 300*a^2 - 444*a - 432 -14*a^3 + 128*a^2 - 276*a + 312 -4*a^3 + 152*a^2 - 440*a - 576 -24*a^3 + 40*a^2 + 544*a - 336 -40*a^3 + 116*a^2 + 168*a + 360 4*a^3 + 36*a^2 - 528*a + 1080 -4*a^3 - 36*a^2 + 528*a - 1080 0 20*a^3 - 40*a^2 - 152*a + 384 60*a^3 - 316*a^2 + 128*a - 72 4*a^3 - 188*a^2 + 576*a - 552 0 12*a^3 + 8*a^2 - 792*a + 576 0 8*a^3 - 86*a^2 + 84*a + 372 4*a^3 - 36*a^2 - 88*a + 288 -10*a^3 + 38*a^2 + 8*a + 372 -14*a^3 + 128*a^2 - 276*a + 312 8*a^3 - 100*a^2 + 344*a + 168 -12*a^3 + 48*a^2 - 248*a + 240 -8*a^3 + 100*a^2 - 344*a - 168 4*a^3 - 104*a^2 + 544*a - 144 -18*a^3 + 200*a^2 - 492*a - 312 16*a^3 - 110*a^2 + 12*a + 228 -10*a^3 + 100*a^2 - 148*a - 144 10*a^3 - 38*a^2 - 8*a - 372 -4*a^3 - 66*a^2 + 356*a + 204 -4*a^3 + 10*a^2 - 60*a - 108 -12*a^3 + 128*a^2 - 472*a + 288 -20*a^3 + 110*a^2 + 380*a - 180 -30*a^3 + 220*a^2 - 220*a - 480 10*a^3 - 100*a^2 + 148*a + 144 a^3 - 98*a - 12 30*a^3 + 16*a^2 - 644*a + 264 18*a^3 - 138*a^2 + 336*a - 204 -10*a^3 + 20*a^2 + 76*a - 192 -48*a^3 + 376*a^2 - 624*a + 288 8*a^3 - 104*a^2 + 152*a - 192 6*a^3 + 164*a^2 - 844*a + 384 2*a^3 - 196*a - 24 -26*a^3 + 304*a^2 - 644*a - 120 20*a^3 - 138*a^2 + 140*a - 228 -4*a^3 + 14*a^2 + 132*a + 252 -8*a^3 + 38*a^2 - 188*a + 348 -6*a^3 + 86*a^2 - 280*a - 396 -18*a^3 - 50*a^2 + 632*a - 300 -14*a^3 + 96*a^2 + 52*a - 456 0 8*a^3 - 24*a^2 - 72*a - 144 -26*a^3 + 238*a^2 - 680*a + 36 -6*a^3 - 70*a^2 + 360*a - 132 6*a^3 - 90*a^2 + 88*a + 36 6*a^3 - 72*a^2 + 20*a + 600 -16*a^3 + 204*a^2 - 496*a + 24 -10*a^3 + 20*a^2 + 76*a - 192 6*a^3 + 4*a^2 - 396*a + 288 10*a^3 - 20*a^2 - 76*a + 192 0 -6*a^3 + 10*a^2 + 136*a - 84 8*a^3 - 114*a^2 + 604*a - 36 0 -30*a^3 + 346*a^2 - 1032*a + 540 16*a^3 - 124*a^2 + 272*a + 24 -34*a^3 + 12*a^2 + 516*a + 192 8*a^3 - 24*a^2 - 72*a - 144 -94*a^2 + 484*a - 252 14*a^3 - 110*a^2 + 208*a + 252 18*a^3 - 124*a^2 + 76*a -5*a^3 - 28*a^2 + 246*a + 60 13*a^3 - 199*a^2 + 564*a - 66 -3*a^3 + 52*a^2 - 174*a + 84 20*a^3 - 120*a^2 + 72*a + 336 -7*a^3 + 81*a^2 + 44*a - 306 0 -a^3 + 78*a^2 - 222*a - 120 -2*a^3 + 76*a^2 - 220*a - 288 10*a^3 + 2*a^2 - 120*a - 348 10*a^3 - 15*a^2 - 302*a + 114 -9*a^3 + 93*a^2 - 116*a - 258 13*a^3 - 159*a^2 + 452*a - 42 -6*a^3 + 26*a^2 - 28*a + 300 4*a^3 - 12*a^2 - 36*a - 72 21*a^3 - 80*a^2 - 138*a + 348 -8*a^3 + 55*a^2 - 6*a - 114 -7*a^3 + 17*a^2 + 104*a + 30 13*a^3 - 199*a^2 + 564*a - 66 10*a^3 - 100*a^2 + 148*a + 144 47*a^2 - 242*a + 126 -18*a^3 + 37*a^2 + 278*a - 150 40*a^2 - 112*a + 24 31*a^2 - 78*a - 258 over Number field with defining polynomial x^4-8*x^3-8*x^2+96*x-12
For conductor 11, eigenvectors are:
-1 1 -1 2 0 2 1 0 2 -2 0 0 -1 -1 -2 -1 0 -1 1 0 -1 -1 0 over Number field with defining polynomial x+6
a vector of length 23 over Number field with defining polynomial a number field of degree 22
For conductor 73, eigenvectors are:
-4*a^2 - 16*a - 16 -a^3 - 4*a^2 + 10*a + 20 a^3 + 4*a^2 - 14*a - 28 -a^3 - 9*a^2 - 20*a - 14 -a^3 - 8*a^2 - 18*a - 12 0 a^3 + 5*a^2 - 12*a - 26 0 -a^3 - 6*a^2 - 6*a 0 -2*a^2 - 12*a - 12 -a^2 + 2*a + 6 -a^3 - 7*a^2 - 4*a + 6 -a^3 - 11*a^2 - 32*a - 26 2*a^2 + 16*a + 20 -2*a^2 - 16*a - 20 -a^3 - 6*a^2 - 2*a + 8 -a^2 - 14*a - 18 -a^3 - 7*a^2 - 4*a + 6 -a^3 - 9*a^2 - 20*a - 14 0 -2*a^3 - 13*a^2 - 6*a + 14 3*a^2 + 14*a + 14 -2*a^2 - 12*a - 12 -a^2 - 14*a - 18 over Number field with defining polynomial x^4+8*x^3+8*x^2-32*x-44
a vector of length 25 over Number field with defining polynomial a number field of degree 21
For conductor 803, eigenvectors are:
a vector of length 106 over Number field with defining polynomial a number field of degree 65
a vector of length 106 over Number field with defining polynomial a number field of degree 41
For conductor 1:
traces of hecke eigenvalues of T_{p^1} are:
15 40 156 400 2380 5220 7240 12720 25260 30784 52060 70644 81400 106080 151740 208920 230764 305320 363024 499360 578760 712980 922180 
computing eigenvalues for k = 1, took 204.489047 sec
traces of hecke eigenvalues of T_{p^2} are:
30 120 780 2800 
computing eigenvalues for k = 2, took 0.317421 sec
traces of hecke eigenvalues of T_{p^1} are:
-6 -2 0 7 16 51 16 153 -18 -185 220 60 -458 9 138 84 -218 70 279 808 -492 -240 1042 
computing eigenvalues for k = 1, took 11.463144 sec
traces of hecke eigenvalues of T_{p^2} are:
6 -9 0 -110 
computing eigenvalues for k = 2, took 0.383223 sec
traces of hecke eigenvalues of T_{p^1} are:
9 4 36 22 148 396 364 612 972 778 1120 1872 1570 1722 2388 4326 3208 4540 5304 5332 8214 8004 10120 
computing eigenvalues for k = 1, took 205.346222 sec
traces of hecke eigenvalues of T_{p^2} are:
12 -24 60 -224 
computing eigenvalues for k = 2, took 0.324060 sec
traces of hecke eigenvalues of T_{p^1} are:
14 22 62 132 444 488 832 1006 1884 1950 2866 3980 3724 4240 5232 7714 8404 9866 9546 12956 14412 14178 21206 
computing eigenvalues for k = 1, took 205.406519 sec
traces of hecke eigenvalues of T_{p^2} are:
12 8 60 256 
computing eigenvalues for k = 2, took 0.330908 sec
traces of hecke eigenvalues of T_{p^1} are:
6 -2 22 48 -76 -56 376 86 260 -158 -390 1028 -232 292 568 -74 -868 1826 -678 -316 -1856 -2910 254 
computing eigenvalues for k = 1, took 11.090273 sec
traces of hecke eigenvalues of T_{p^2} are:
8 16 52 136 
computing eigenvalues for k = 2, took 0.372082 sec
traces of hecke eigenvalues of T_{p^1} are:
30 78 178 370 1228 1864 2742 3444 5756 6998 10016 11716 13424 15064 19570 23426 26162 30330 33322 45278 47178 56948 65998 
computing eigenvalues for k = 1, took 193.989228 sec
traces of hecke eigenvalues of T_{p^2} are:
-15 32 -24 160 
computing eigenvalues for k = 2, took 0.309879 sec
traces of hecke eigenvalues of T_{p^1} are:
234 455 1157 2170 6759 12020 14701 21116 33379 38212 52791 66928 72896 87892 109783 137073 145419 174063 198302 244578 270723 312554 363998 
computing eigenvalues for k = 1, took 195.790229 sec
traces of hecke eigenvalues of T_{p^2} are:
117 260 858 1760 
computing eigenvalues for k = 2, took 0.357028 sec
traces of hecke eigenvalues of T_{p^1} are:
7 50 39 -14 -322 919 284 920 549 -27 -2015 2480 2275 4677 4331 5432 -797 -852 7173 -2319 13613 -501 -11528 
computing eigenvalues for k = 1, took 11.569746 sec
traces of hecke eigenvalues of T_{p^2} are:
-39 -105 -367 -285 
computing eigenvalues for k = 2, took 0.476613 sec
traces of hecke eigenvalues of T_{p^1} are:
8 2 -6 12 134 -384 -388 402 404 304 700 88 396 1148 -1196 1268 582 2044 -930 790 2098 -1548 3418 
computing eigenvalues for k = 1, took 11.218520 sec
traces of hecke eigenvalues of T_{p^2} are:
14 30 94 152 
computing eigenvalues for k = 2, took 0.377521 sec
For conductor 11:
traces of hecke eigenvalues of T_{p^1} are:
-6 -2 0 7 16 51 16 153 -18 -185 220 60 -458 9 138 84 -218 70 279 808 -492 -240 1042 
computing eigenvalues for k = 1, took 794.736390 sec
traces of hecke eigenvalues of T_{p^2} are:
6 -9 0 -110 
computing eigenvalues for k = 2, took 0.664995 sec
traces of hecke eigenvalues of T_{p^1} are:
-53 -132 -221 -144 -348 -391 210 -446 -505 -369 -1287 510 -1321 -2981 -2605 -4178 603 -2228 49 3845 -3831 -5293 4694 
computing eigenvalues for k = 1, took 788.063499 sec
traces of hecke eigenvalues of T_{p^2} are:
3 50 26 -183 
computing eigenvalues for k = 2, took 0.662958 sec
For conductor 73:
traces of hecke eigenvalues of T_{p^1} are:
-8 -22 -26 -44 186 -248 220 -886 636 56 -188 1072 -292 -1108 -348 -148 2534 3652 -4338 -2370 438 -1548 2642 
computing eigenvalues for k = 1, took 428.555830 sec
traces of hecke eigenvalues of T_{p^2} are:
6 38 90 72 
computing eigenvalues for k = 2, took 0.607424 sec
traces of hecke eigenvalues of T_{p^1} are:
-67 -103 -154 -193 -289 -492 -92 -478 -651 512 15 -726 -227 -3382 -1765 -3580 -1874 -2828 1163 452 -8358 2411 2279 
computing eigenvalues for k = 1, took 428.402501 sec
traces of hecke eigenvalues of T_{p^2} are:
31 14 -19 139 
computing eigenvalues for k = 2, took 0.628517 sec
For conductor 803:
traces of hecke eigenvalues of T_{p^1} are:
22 59 30 -73 -615 666 400 1866 171 -1726 -2085 3216 2655 5530 3667 10662 -4234 2862 6391 -2208 18464 1075 3549 
computing eigenvalues for k = 1, took 156.214954 sec
traces of hecke eigenvalues of T_{p^2} are:
-52 -123 -248 -599 
computing eigenvalues for k = 2, took 1.938995 sec
traces of hecke eigenvalues of T_{p^1} are:
232 477 1199 2184 6995 12168 15381 22322 35031 40360 55741 69648 75976 91562 114903 145133 153951 183521 207456 255150 283101 327860 390148 
computing eigenvalues for k = 1, took 431.446501 sec
traces of hecke eigenvalues of T_{p^2} are:
81 268 798 1072 
computing eigenvalues for k = 2, took 6.866563 sec
