constructing eigenvector for poly
x-15
constructing eigenvector for poly
x^92-533*x^91+139978*x^90-24147186*x^89+3077716139*x^88-309101917853*x^87+25476527694852*x^86-1772158425380376*x^85+106185623017486326*x^84-5566596231825192364*x^83+258457023183371697468*x^82-10733547793190390519590*x^81+401951573918385970489975*x^80-13665299727375079481744104*x^79+424197414290972094451277582*x^78-12082329216039265745407518059*x^77+317108823351872089346316605213*x^76-7697420981337058458478730333028*x^75+173367969858500561186993413367834*x^74-3633468105724296498105579611406361*x^73+71040259636598843967967362788730158*x^72-1298673640546332658603402079754932687*x^71+22242596946920026429585001553716903795*x^70-357559316170239865352778101948887718786*x^69+5403753911801365851354352393943703840407*x^68-76889213240337407869353646625565069580421*x^67+1031413407136873147676952370591272636493223*x^66-13059209638041906486407438968492292160191203*x^65+156238040914595898754701630712759929033160028*x^64-1767933651186614900959503151653428742298550044*x^63+18938106403928110886919043904650375059958789147*x^62-192195323595591959751162869906840676713160275139*x^61+1849243919887012811189901755616643108341077934314*x^60-16879826047815947377881533820204275927625314492579*x^59+146255258875802634490686325378543655350561393864207*x^58-1203494848398685176399779105350345074989551114309178*x^57+9409346821153243202466356223848034547818479093438099*x^56-69923923926803284115663919841509278840568825254227019*x^55+494069844648950813348745033171786803428490259855422610*x^54-3320244048717707222377497388159481462778369933893184028*x^53+21226200924158791302107089422339889557672142501629971652*x^52-129114815244613750509501721583320587193725994411758523750*x^51+747381714208950235543833078018734427397787704706707358210*x^50-4117305769581263326862121386094249430686659273121852508564*x^49+21587919170300685535992225247194605724836858172667170099015*x^48-107730725532344629247384866908953221105615274009642363783040*x^47+511664457235700091857064363809714452528557251844238779465044*x^46-2312678222862968096890770387343035805149888955481277724847465*x^45+9946690893144314241193494304878876983045377309871486277160405*x^44-40701111858779794284747075474525102705550684242255529659384806*x^43+158420146182314516390795146312778900742214123307919759193144272*x^42-586387150824631665307848687929794995491586085907325036978040733*x^41+2063490982127466077194989902345251492996888738521024867841602104*x^40-6901115206476184978246096749112457595521886825850562972977363889*x^39+21926468930872262347847485615244781212601453741529758194939371511*x^38-66155188382005571531563407088828616605356468090081892723163437850*x^37+189450624874409337336354296591945365756347559418979725880929287999*x^36-514675207808057838271202640954756573453291974369702552319336045865*x^35+1325621460518983731711693878252618447546362274296905672984231508811*x^34-3234992964281994261204198400466651279265951489250956661390073255299*x^33+7474567139798898491994997948502376805739254041572102334122905497334*x^32-16338797193444642263898420876700353489068829062800091555841097548108*x^31+33760345409092450162389449395324729843590685163508435309776308322579*x^30-65878620638288986687947221842927970194937834204810770758632225088921*x^29+121281583531601343426529799711440036719453864784623849890079346749267*x^28-210416899444659026642243008415593946966542607659479108240137039649598*x^27+343622431892809998074493479941478592659259312554817877686323223625741*x^26-527509319735136295058247145405075160975713436816813272856824682029054*x^25+760163636802230979560012578316447257300959216726342950348449604154188*x^24-1026680273030856876596664526176803801565667691279598331097033247369928*x^23+1297397110279598865356702768493016822551328509522938377849277970206320*x^22-1531109599605795502441805877922981774285039478543024461873061455494656*x^21+1683990352323358108481037991719726778969564907377943355021420130482240*x^20-1722202574512161828157218158620899240838300995671106509635642001476608*x^19+1633597331351403695667054520741522871612557766976437808959696945027840*x^18-1433190029944258773973004143860075723969465141730731533319378577037824*x^17+1159308766097467940443778826658370490159511117326187055983011707686912*x^16-861591183216945472494936628057311174259255992559355268988658416150528*x^15+585976682024963844160584265421703482554768529113038081958450596802560*x^14-363049770644905722284871834891513501397560804049963865808720817053696*x^13+203843000734017260316711141836229515838771240488557356692374679552000*x^12-103096637699003264503506265452956674677222998945702745400073052291072*x^11+46637210756654899223688978438350996489568619187800901994406406324224*x^10-18710985439838035246021432721538569777666996700692762379188693499904*x^9+6590323324607519525467892239422589631528448310362001691983744073728*x^8-2012317043496031871728775590203782053047409015327841097834526932992*x^7+524262635544842343103256702279583369656155185861053294372938842112*x^6-114136871438618305349309422476842277826823362471640850027136417792*x^5+20183837357774809322355346877605546106420456458087881929920610304*x^4-2782647726886301467634256976696989737874659455597587641426509824*x^3+280323696440824429088934812485225598311493582705408443351564288*x^2-18337900725486109929784032528188459484302619803743131243905024*x+584086848879091533453194136270143167249765811868143026438144
constructing eigenvector for poly
x^145-16*x^144-731*x^143+13424*x^142+242454*x^141-5353870*x^140-46834252*x^139+1351056649*x^138+5359914248*x^137-242151349138*x^136-230318703333*x^135+32783957711347*x^134-40685022293804*x^133-3478485767616040*x^132+10570806332163582*x^131+295830657669639899*x^130-1390597476864647966*x^129-20410871808960004687*x^128+131592860984642466312*x^127+1144475754273142337344*x^126-9808021339311257813751*x^125-51457079758540548352355*x^124+599206140952882431482149*x^123+1768338737832087937524488*x^122-30666216569634265046149292*x^121-38725296186170032908652469*x^120+1331778653751854500148012444*x^119-117666422010186092464617479*x^118-49443126797232366153933310669*x^117+62386998089866275970977283954*x^116+1573984630537324756404097639222*x^115-3738915666128960895889817143664*x^114-42897704558300917805977183066572*x^113+152194117306625572878670434621116*x^112+992847627836493574739687967973747*x^111-4914099686872182347916983102935346*x^110-19119079995374517745155537130523129*x^109+132413507063076310557149304789007299*x^108+290918203416055490884114085209470190*x^107-3045470427899351867305480107969872160*x^106-2939395264899343903733892127119835264*x^105+60448303085310254628631652396773974672*x^104-1332716844109245088797341781835204603*x^103-1040215259003856887126320353693638333256*x^102+923877115082918891627245650123967632286*x^101+15515335059407732307252207982965314515106*x^100-26768803956046442556515908443666303647696*x^99-199462190289194005566761934282761190718871*x^98+525011204418441100244808099166639271797081*x^97+2179397505953011299754110975801700414485984*x^96-8206956359221502955111775624676791072952526*x^95-19603675911280570937260511953268294665664423*x^94+107570073456836324532721840699819043952478336*x^93+133305067032796494188156668605052296400048071*x^92-1207367261812239551909040112444883288948016037*x^91-464680471139724392164023010948955320905133302*x^90+11708477006869402953127758615953151069616808999*x^89-3761381719424730474436065689251472431804354139*x^88-98289822837460560021395124091875869353858791998*x^87+95163048996249355515129569991471897288582867298*x^86+711355285123920277992114157276802283921474476456*x^85-1161691041912416032708399538082655312109311626924*x^84-4385295963780472348915917962312786585158488534437*x^83+10611206534318601563060657871794820977036599325701*x^82+22404604090765737439430097667308726913989407402532*x^81-79356911926610834160461027384310149817287612815736*x^80-88496316712304925609063963398858496792623592246525*x^79+501862729612386837594324969879337435948489125887424*x^78+206687663409343291736194064988431125624323743726264*x^77-2719096262561638700268679301616925281765132982919233*x^76+406135260370440200977053688976533108799060391881896*x^75+12664845661722388997285904906904219705438381992200962*x^74-8238068759793764394664632453065872192275203271907363*x^73-50518462188790860880087361052400091990888287146508285*x^72+58399930015339433193728647305790621282568616214355728*x^71+170384574563196559272472258442252189910850340456427025*x^70-297807268167316756106599630435471204742619812501033455*x^69-471656924855967990743859579844100783532295383293873759*x^68+1223005444017034323989186497376706961660839880629299136*x^67+991990638489388790177579169815664701672808159998805788*x^66-4198791609894892162478488328710009906850581317543894781*x^65-1150885641858080404618498523979439114817844152650043812*x^64+12220539465643697805847605862244104511520087843957042060*x^63-1860968194913860242140962569731905589058748783899752346*x^62-30230222305194678164313148024763298272332078462367582425*x^61+16176652614678727146183040758561869670040452815988741641*x^60+63153094400085312559776656185620068408527678843143240589*x^59-58678399137020323804121025185855754899594546792640173321*x^58-109377894343356358303457167436170429205772150193523510930*x^57+154320665505082115283202304197835806555807123601438323264*x^56+150249914283958912964791694139560815889421198795025357149*x^55-324697582633837706273722056010719900085845234937919029900*x^54-143483054863847090873722951192904970971924979886639146118*x^53+564184557876018305323664817316586206074896583995403051520*x^52+34642625498234715852427170862771535171635901869299920732*x^51-816981074507734261633790707321149964226734761781319145023*x^50+206365230725465771972652548287116031345847344036477011789*x^49+982046945444725529494102862214485167145818734885218496915*x^48-542344201774864958532002612668619125373191007255404608743*x^47-962491226744355997954928462395855874982296223598389472784*x^46+860906846597366567489410903498927834821702671485939506831*x^45+735440428578665008280716965177258492288007837711148888257*x^44-1028140703132144269506407309173988866977833290652426188613*x^43-383608440373282402442976195099211383127066660995811141257*x^42+974575446495015291732456428531153163280365782131247465499*x^41+50021650984347000519061547962961835908312759607602431444*x^40-742217653375492171858997529274278922387997645090556543680*x^39+153063490973930080756699906817239417267884447649474404443*x^38+449713255479436163464539561297692784593149601395078242069*x^37-204348829841045866342159636990195244515265140183734421137*x^36-209080001878008865651678003545840796578562744614148902776*x^35+159103105288134782408892613401109279343382951098312288548*x^34+67247666558843265246545832154100855500128799829162560642*x^33-89305887519697435568034927944051018643121566164657043126*x^32-8799145754204529439758119424956299473575766135698958566*x^31+37620136937853556531671514567211897570134932719006652172*x^30-4987732262064882651442837574017764658954816010111803844*x^29-11741792322521021195658311200005655917730653396797343679*x^28+4054460105592500432801598739085466980495529423461501503*x^27+2533722050690933923652548833330819020325224955090673489*x^26-1588553553781162845052828780933017799611555693594683575*x^25-288424890666744122737406967337743665894034192084922945*x^24+404513023846210153835057180425500768318493542453203449*x^23-21714823782331067422410623528946902201187519343824838*x^22-68083264351885786852130640766978418591650535774178701*x^21+16227446395279909896883923419150023910258183585322492*x^20+6767354636277599451937332241643243067360288879235877*x^19-3266193178961253276857775791116316151709238565950246*x^18-189354156500105117196746702025805728244174893054654*x^17+350244158167439273507634058094367522395962019073210*x^16-40493358136938323843303537705840253266629376480716*x^15-19023429888280843764237913819961684557845886174121*x^14+5212761649742788621499103624430315227351659792256*x^13+264050079475170997472209067602897661711228153265*x^12-247923235318222363596731530227674337510111745817*x^11+17573952064613193595202513634422868433545964976*x^10+5107082738590769187753987258036832550763877286*x^9-784888600859469838327204208607110030743640220*x^8-35325074890154457474835192979176456872233644*x^7+12292157536957415176280485674250572781995632*x^6-177212826747676237233084338644030380918832*x^5-84276973299351558007608395808738373859392*x^4+3109352991555052506258035576781562580224*x^3+210990339057496960875862731152659160576*x^2-9239382143776774389850524442564834304*x+41381776664861696235268569441132544
constructing eigenvector for poly
x^45+153*x^44+11257*x^43+530475*x^42+17991383*x^41+467842055*x^40+9702738172*x^39+164823290369*x^38+2337152288585*x^37+28048455252318*x^36+287831313576699*x^35+2544823614893470*x^34+19489931449326993*x^33+129754378882623664*x^32+752217198021109116*x^31+3796668638527378623*x^30+16643432044698904510*x^29+63016050992275288771*x^28+203921184802257895258*x^27+552954534646473328663*x^26+1205885598415287236182*x^25+1897316019809901206862*x^24+1208698432721191691787*x^23-4300212671517958528174*x^22-19307639301512417520254*x^21-44555476574949195447353*x^20-67278215562426196593911*x^19-55901360978305252855903*x^18+24937561168818935464952*x^17+174457829750144698822772*x^16+321761615006225916003510*x^15+351520258209090943742490*x^14+199304830714317073570135*x^13-65723125894263372077116*x^12-276292102120086175166046*x^11-308863940704765613745655*x^10-186225503257873661690937*x^9-32655371886616934262157*x^8+52717863625247529692462*x^7+60725083236689132419876*x^6+35474301837082547021840*x^5+13345584656438982499433*x^4+3311559929588106486686*x^3+517141965340952987451*x^2+45071244142716859171*x+1639219521970762369
constructing eigenvector for poly
x+1
constructing eigenvector for poly
x+1
computing eigenvectors took 35.743001 sec
For conductor 1, eigenvectors are:
-1 -1 -1 -1 -1 -1 -1 -1 -1 -1 -1 -1 -1 -1 -1 -1 -1 -1 -1 -1 -1 -1 -1 -1 -1 -1 -1 -1 -1 -1 -1 -1 -1 -1 -1 -1 -1 -1 -1 -1 -1 -1 -1 -1 -1 -1 -1 -1 -1 -1 -1 -1 -1 -1 -1 -1 -1 -1 -1 -1 -1 -1 -1 -1 -1 -1 -1 -1 -1 -1 -1 -1 -1 -1 -1 -1 -1 -1 -1 -1 -1 -1 -1 -1 -1 -1 -1 -1 -1 -1 -1 -1 -1 -1 -1 -1 -1 -1 -1 -1 -1 -1 -1 -1 -1 -1 -1 -1 -1 -1 -1 -1 -1 -1 -1 -1 -1 -1 -1 -1 -1 -1 -1 -1 -1 -1 -1 -1 -1 -1 -1 -1 -1 -1 -1 -1 -1 -1 -1 -1 -1 -1 -1 -1 -1 -1 -1 -1 -1 -1 -1 -1 -1 -1 -1 -1 -1 -1 -1 -1 -1 -1 -1 -1 -1 -1 -1 -1 -1 -1 -1 -1 -1 -1 -1 -1 -1 -1 -1 -1 -1 -1 -1 -1 -1 -1 -1 -1 -1 -1 -1 -1 -1 -1 -1 -1 -1 -1 -1 -1 -1 -1 -1 -1 -1 -1 -1 -1 -1 -1 -1 -1 -1 -1 -1 -1 -1 -1 -1 -1 -1 -1 -1 -1 -1 -1 -1 -1 -1 -1 -1 -1 -1 -1 -1 -1 -1 -1 over Number field with defining polynomial x-15
a vector of length 238 over Number field with defining polynomial a number field of degree 92
a vector of length 238 over Number field with defining polynomial a number field of degree 145
For conductor 797, eigenvectors are:
a vector of length 47 over Number field with defining polynomial a number field of degree 45
0 1 1 0 0 1 -1 0 0 0 0 0 -1 0 0 -1 1 1 0 0 0 1 1 0 0 0 0 0 0 -1 0 0 1 0 -1 0 1 0 1 0 0 -1 0 0 0 -1 -1 over Number field with defining polynomial x+1
0 1 1 0 2 -1 1 0 0 0 0 -2 -1 0 2 1 -1 1 0 0 0 1 -1 -2 2 0 0 0 0 1 0 0 -1 0 1 0 1 0 1 -2 -2 -1 0 0 0 -1 1 over Number field with defining polynomial x+1
For conductor 1:
traces of hecke eigenvalues of T_{p^1} are:
15 40 156 400 1464 2380 5220 7240 12720 25260 30784 52060 70644 81400 106080 151740 208920 230764 305320 363024 394420 499360 578760 712980 922180 
computing eigenvalues for k = 1, took 205.693284 sec
traces of hecke eigenvalues of T_{p^2} are:
30 120 780 2800 
computing eigenvalues for k = 2, took 0.420263 sec
traces of hecke eigenvalues of T_{p^1} are:
533 1054 2721 4947 11995 16354 27911 34016 49955 79365 90075 127729 157961 167733 206243 261851 323328 345616 410747 468580 491729 574847 635664 733687 870034 
computing eigenvalues for k = 1, took 213.508674 sec
traces of hecke eigenvalues of T_{p^2} are:
219 536 1974 2776 
computing eigenvalues for k = 2, took 1.033832 sec
traces of hecke eigenvalues of T_{p^1} are:
16 14 398 -357 229 377 2566 -1571 1918 3638 -2555 3523 7312 -1403 9543 20404 6799 5507 -5189 9647 468 -14854 12509 18703 -2570 
computing eigenvalues for k = 1, took 43.980612 sec
traces of hecke eigenvalues of T_{p^2} are:
-70 -217 -418 -714 
computing eigenvalues for k = 2, took 3.340576 sec
For conductor 797:
traces of hecke eigenvalues of T_{p^1} are:
-153 -202 -499 -214 -454 -607 -1325 599 -1490 -2124 1290 -1489 -3353 -408 -4160 -8137 -4911 -64 -3106 1714 -2653 2360 -5172 -2986 -2125 
computing eigenvalues for k = 1, took 1018.063044 sec
traces of hecke eigenvalues of T_{p^2} are:
70 89 278 -250 
computing eigenvalues for k = 2, took 0.830037 sec
traces of hecke eigenvalues of T_{p^1} are:
-1 -5 -6 -20 68 -85 20 -83 -49 130 -109 102 121 -112 -147 424 63 143 20 -228 -1472 1189 576 -1447 228 
computing eigenvalues for k = 1, took 1021.346861 sec
traces of hecke eigenvalues of T_{p^2} are:
2 -4 8 0 
computing eigenvalues for k = 2, took 0.719465 sec
traces of hecke eigenvalues of T_{p^1} are:
-1 -9 2 -36 80 -41 28 -71 47 -194 43 -470 137 36 -179 -348 -205 -605 -192 1216 -32 165 -320 617 88 
computing eigenvalues for k = 1, took 992.179088 sec
traces of hecke eigenvalues of T_{p^2} are:
-2 12 -24 64 
computing eigenvalues for k = 2, took 0.729747 sec
