constructing eigenvector for poly
x-6
constructing eigenvector for poly
x-40
constructing eigenvector for poly
x^38-447*x^37+96644*x^36-13463781*x^35+1358448097*x^34-105783275021*x^33+6615764051684*x^32-341431646969494*x^31+14826992812138381*x^30-549727369741773953*x^29+17596602822144450869*x^28-490538734537818818302*x^27+11991014812646066880447*x^26-258422220872972103328850*x^25+4931167046811117850064945*x^24-83590880941570115087117507*x^23+1261977553471571000187814167*x^22-16998753709399003414473499283*x^21+204536151836811778842728193895*x^20-2199739124072364548160523082898*x^19+21146471479842205719553846891194*x^18-181613520677401097875305801335697*x^17+1391989795367784170566940705303264*x^16-9505603330965003417674135907099349*x^15+57700604514572367369144938384740330*x^14-310406545556561059639248990679953431*x^13+1474247338232217200810591533970553512*x^12-6152066894199367151174851560678784093*x^11+22423316042709146476873097661596576587*x^10-70858702817653254263914695436425646658*x^9+192343224321568455220653762239443010103*x^8-443249521399605764887411666661279796937*x^7+854108712583885931778882807855937079740*x^6-1348698717639347921006149307678264806978*x^5+1697343748661041508850189096983295311964*x^4-1634745829241463913955135213468907389344*x^3+1129735074233905684713028110577093407232*x^2-497953802824621934899945380998978894208*x+104973317883514809530066465872762735360
constructing eigenvector for poly
x^32-16*x^31-334*x^30+6507*x^29+36766*x^28-1081562*x^27-665808*x^26+96263267*x^25-186888384*x^24-5055245636*x^23+18413528213*x^22+161700958874*x^21-833617405821*x^20-3094384441958*x^19+22033671471030*x^18+31692341066738*x^17-361677882419765*x^16-78621318697022*x^15+3740908748509385*x^14-1854729792806036*x^13-24086888730835208*x^12+22345592080010451*x^11+92796119480351733*x^10-110893162611893268*x^9-196593236034285083*x^8+271802781908983551*x^7+191855931812130785*x^6-312258021418147006*x^5-57437055611645822*x^4+145904401143192604*x^3-7422895004682456*x^2-19971607411540880*x+2012922444162944
constructing eigenvector for poly
x^19-212*x^18+20970*x^17-1285608*x^16+54729389*x^15-1717717811*x^14+41187408342*x^13-771466947894*x^12+11444827952221*x^11-135533851793715*x^10+1285251514881319*x^9-9749009220500061*x^8+58838955060898203*x^7-279726934103918129*x^6+1030823606226076406*x^5-2872998966336265026*x^4+5829891708620970264*x^3-8091536797783463248*x^2+6838321514609454464*x-2642250538742000480
constructing eigenvector for poly
x^26+22*x^25-104*x^24-5566*x^23-21814*x^22+419914*x^21+3335486*x^20-9281684*x^19-157345403*x^18-153037138*x^17+3087070716*x^16+8262668318*x^15-26027874380*x^14-106741053446*x^13+104971810712*x^12+673462986776*x^11-204879987541*x^10-2413843969250*x^9+216805116138*x^8+5081324405006*x^7-390287090752*x^6-6007666085342*x^5+893392609044*x^4+3427776805028*x^3-791453999960*x^2-619491830704*x+164404579360
constructing eigenvector for poly
x-6
constructing eigenvector for poly
x^2+20*x+98
constructing eigenvector for poly
x^26+22*x^25-104*x^24-5566*x^23-21814*x^22+419914*x^21+3335486*x^20-9281684*x^19-157345403*x^18-153037138*x^17+3087070716*x^16+8262668318*x^15-26027874380*x^14-106741053446*x^13+104971810712*x^12+673462986776*x^11-204879987541*x^10-2413843969250*x^9+216805116138*x^8+5081324405006*x^7-390287090752*x^6-6007666085342*x^5+893392609044*x^4+3427776805028*x^3-791453999960*x^2-619491830704*x+164404579360
constructing eigenvector for poly
x+10
constructing eigenvector for poly
x+6
constructing eigenvector for poly
x^14+92*x^13+3790*x^12+92488*x^11+1489765*x^10+16693466*x^9+133468924*x^8+767191350*x^7+3144568781*x^6+8939391514*x^5+16555373628*x^4+17003226552*x^3+3661190756*x^2-9780670336*x-7037968218
constructing eigenvector for poly
x+10
constructing eigenvector for poly
x^44+52*x^43+768*x^42-4715*x^41-224679*x^40-1076810*x^39+22513544*x^38+234004890*x^37-908800399*x^36-20164843082*x^35-9561415767*x^34+999099821638*x^33+2795533640517*x^32-31150739701502*x^31-145906525949731*x^30+614963805739849*x^29+4316265185540622*x^28-6978131087763696*x^27-83332872016622202*x^26+21063196197628360*x^25+1095329360661212734*x^24+634691547092851101*x^23-9906821527241912142*x^22-11181037043639859150*x^21+61428606443457529518*x^20+92383263030418654556*x^19-258437427264178683751*x^18-453783556459864402846*x^17+728948846724549029355*x^16+1382894828822907506128*x^15-1369319094273976983062*x^14-2605361463066904933082*x^13+1721064056473094438577*x^12+2962285904183149943795*x^11-1439396432132624588391*x^10-1941592690640603220590*x^9+749035731813096994668*x^8+680545502051684798094*x^7-202006534951985654142*x^6-114699287662917422374*x^5+18645925422269939058*x^4+8161529651987151896*x^3+127394967812804120*x^2-51258739013349312*x+1259761946458880
constructing eigenvector for poly
x^17-184*x^16+15674*x^15-820330*x^14+29518847*x^13-774333001*x^12+15317964364*x^11-233166846330*x^10+2761680052731*x^9-25564864837279*x^8+184699087497373*x^7-1033885848398297*x^6+4421020367105245*x^5-14108024102725289*x^4+32358998690677582*x^3-50096660336230054*x^2+46521190920935280*x-19377929546863920
computing eigenvectors took 2.806802 sec
For conductor 1, eigenvectors are:
0 0 -12 -4 4 4 -4 3 3 3 -6 0 -3 0 0 2 4 0 0 0 -8 -3 3 0 2 2 1 0 1 3 -2 1 -2 5 0 1 1 1 -1 0 -4 1 -2 -3 -1 -2 3 -1 1 -4 -4 7 3 -2 3 0 3 -1 -3 -2 1 1 0 -1 1 -2 -1 0 1 0 -2 2 -1 1 0 0 -1 0 1 1 -1 -3 -2 -1 2 2 1 0 0 1 -1 -1 0 1 1 -2 0 -1 3 0 1 -3 0 -1 2 1 0 0 -1 0 -1 0 2 0 1 -1 0 over Number field with defining polynomial x-6
-1 -1 -1 -1 -1 -1 -1 -1 -1 -1 -1 -1 -1 -1 -1 -1 -1 -1 -1 -1 -1 -1 -1 -1 -1 -1 -1 -1 -1 -1 -1 -1 -1 -1 -1 -1 -1 -1 -1 -1 -1 -1 -1 -1 -1 -1 -1 -1 -1 -1 -1 -1 -1 -1 -1 -1 -1 -1 -1 -1 -1 -1 -1 -1 -1 -1 -1 -1 -1 -1 -1 -1 -1 -1 -1 -1 -1 -1 -1 -1 -1 -1 -1 -1 -1 -1 -1 -1 -1 -1 -1 -1 -1 -1 -1 -1 -1 -1 -1 -1 -1 -1 -1 -1 -1 -1 -1 -1 -1 -1 -1 -1 -1 -1 -1 -1 -1 over Number field with defining polynomial x-40
a vector of length 117 over Number field with defining polynomial a number field of degree 38
a vector of length 117 over Number field with defining polynomial a number field of degree 32
a vector of length 117 over Number field with defining polynomial a number field of degree 19
a vector of length 117 over Number field with defining polynomial a number field of degree 26
For conductor 2, eigenvectors are:
-1 1 -1 1 -1 1 0 0 0 0 0 1 1 1 0 0 -1 -1 0 0 -1 0 -2 0 0 1 0 0 -1 over Number field with defining polynomial x-6
2 -2 -2 0 0 2 2*a+18 2*a+18 -2 2*a+18 0 -2 0 0 -a-9 -1 0 a+9 1 -a-10 0 -a-10 0 1 0 0 1 a+10 -a-10 over Number field with defining polynomial x^2+20*x+98
a vector of length 29 over Number field with defining polynomial a number field of degree 26
For conductor 331, eigenvectors are:
0 1 0 -1 0 0 0 1 0 0 0 1 0 -1 1 0 over Number field with defining polynomial x+10
0 1 0 1 2 0 0 -1 0 2 -2 1 0 -1 -1 0 over Number field with defining polynomial x+6
a vector of length 16 over Number field with defining polynomial a number field of degree 14
For conductor 662, eigenvectors are:
0 0 0 0 0 0 0 0 -4 0 0 0 0 0 0 0 4 -4 0 0 0 0 -2 2 0 0 0 0 0 2 0 0 0 0 2 0 0 0 0 0 0 2 0 0 2 0 0 -1 0 1 0 0 0 1 0 0 0 1 0 -1 -1 0 over Number field with defining polynomial x+10
a vector of length 62 over Number field with defining polynomial a number field of degree 44
a vector of length 62 over Number field with defining polynomial a number field of degree 17
For conductor 1:
traces of hecke eigenvalues of T_{p^1} are:
6 -13 4 -6 100 -61 5 72 34 19 38 -130 179 -2 463 -968 -620 -381 -555 96 175 -8 460 1732 
computing eigenvalues for k = 1, took 13.128591 sec
traces of hecke eigenvalues of T_{p^2} are:
4 6 -28 
computing eigenvalues for k = 2, took 0.497308 sec
traces of hecke eigenvalues of T_{p^1} are:
40 156 400 1464 2380 5220 7240 12720 25260 30784 52060 70644 81400 106080 151740 208920 230764 305320 363024 394420 499360 578760 712980 922180 
computing eigenvalues for k = 1, took 103.502919 sec
traces of hecke eigenvalues of T_{p^2} are:
120 780 2800 
computing eigenvalues for k = 2, took 4.272914 sec
traces of hecke eigenvalues of T_{p^1} are:
447 1025 2082 4811 6733 11120 14031 20628 31767 37106 52565 63512 70879 84032 107207 131737 141235 172243 191132 203944 239232 259542 297147 360544 
computing eigenvalues for k = 1, took 105.342329 sec
traces of hecke eigenvalues of T_{p^2} are:
268 222 1456 
computing eigenvalues for k = 2, took 4.372546 sec
traces of hecke eigenvalues of T_{p^1} are:
16 21 -39 453 -383 464 -427 1519 848 -1295 -990 -14 1892 4115 4512 4728 -4703 764 1960 -6585 -2024 8554 -1834 -8842 
computing eigenvalues for k = 1, took 13.405338 sec
traces of hecke eigenvalues of T_{p^2} are:
-30 -84 -353 
computing eigenvalues for k = 2, took 0.493215 sec
traces of hecke eigenvalues of T_{p^1} are:
212 554 1027 2573 3219 5776 7167 10486 16398 18715 26046 32833 35475 43232 53198 67897 70093 84766 97625 101007 119022 133213 151058 174214 
computing eigenvalues for k = 1, took 106.292083 sec
traces of hecke eigenvalues of T_{p^2} are:
88 360 616 
computing eigenvalues for k = 2, took 4.347523 sec
traces of hecke eigenvalues of T_{p^1} are:
-22 -94 62 120 -4 -232 1136 -290 302 1920 268 -386 480 -854 -3816 732 2120 3454 1542 1642 4760 -1646 -3752 -1946 
computing eigenvalues for k = 1, took 13.204154 sec
traces of hecke eigenvalues of T_{p^2} are:
-54 2 -48 
computing eigenvalues for k = 2, took 0.516410 sec
For conductor 2:
traces of hecke eigenvalues of T_{p^1} are:
6 -13 4 -6 100 -61 5 72 34 19 38 -130 179 -2 463 -968 -620 -381 -555 96 175 -8 460 1732 
computing eigenvalues for k = 1, took 424.507348 sec
traces of hecke eigenvalues of T_{p^2} are:
4 6 -28 
computing eigenvalues for k = 2, took 0.614013 sec
traces of hecke eigenvalues of T_{p^1} are:
-20 -30 -20 -40 -24 -70 158 56 -200 -70 -176 -212 -130 -276 -662 976 620 42 -390 -476 586 -16 -1328 -188 
computing eigenvalues for k = 1, took 426.634424 sec
traces of hecke eigenvalues of T_{p^2} are:
24 40 -24 
computing eigenvalues for k = 2, took 0.648355 sec
traces of hecke eigenvalues of T_{p^1} are:
-22 -94 62 120 -4 -232 1136 -290 302 1920 268 -386 480 -854 -3816 732 2120 3454 1542 1642 4760 -1646 -3752 -1946 
computing eigenvalues for k = 1, took 422.844049 sec
traces of hecke eigenvalues of T_{p^2} are:
-54 2 -48 
computing eigenvalues for k = 2, took 0.617767 sec
For conductor 331:
traces of hecke eigenvalues of T_{p^1} are:
-10 1 -10 -20 12 -19 -107 8 104 -201 54 234 181 -30 143 -232 -414 -437 -255 444 -371 -296 -508 702 
computing eigenvalues for k = 1, took 731.505978 sec
traces of hecke eigenvalues of T_{p^2} are:
12 -2 24 
computing eigenvalues for k = 2, took 0.608005 sec
traces of hecke eigenvalues of T_{p^1} are:
-6 -21 24 -46 20 15 -113 208 -394 -107 -18 -234 -163 -86 435 144 608 705 -821 -120 -347 216 1524 -1232 
computing eigenvalues for k = 1, took 730.776760 sec
traces of hecke eigenvalues of T_{p^2} are:
4 22 12 
computing eigenvalues for k = 2, took 0.630665 sec
traces of hecke eigenvalues of T_{p^1} are:
-92 -107 -149 -220 -83 -299 101 -908 92 5 -209 -137 -1395 -1765 -2216 -1226 951 -1395 -1190 -431 1428 -2012 1970 2202 
computing eigenvalues for k = 1, took 730.482053 sec
traces of hecke eigenvalues of T_{p^2} are:
77 39 -163 
computing eigenvalues for k = 2, took 0.641993 sec
For conductor 662:
traces of hecke eigenvalues of T_{p^1} are:
-10 1 -10 -20 12 -19 -107 8 104 -201 54 234 181 -30 143 -232 -414 -437 -255 444 -371 -296 -508 702 
computing eigenvalues for k = 1, took 257.596831 sec
traces of hecke eigenvalues of T_{p^2} are:
12 -2 24 
computing eigenvalues for k = 2, took 0.597018 sec
traces of hecke eigenvalues of T_{p^1} are:
-52 16 -192 -267 2 413 -950 1027 2124 -986 705 3453 -2105 1922 4648 962 606 -2679 1358 1662 -3676 230 4030 2742 
computing eigenvalues for k = 1, took 157.030402 sec
traces of hecke eigenvalues of T_{p^2} are:
-85 -69 -172 
computing eigenvalues for k = 2, took 0.735406 sec
traces of hecke eigenvalues of T_{p^1} are:
184 489 865 2105 2893 4937 6020 9134 14562 16078 23334 28201 31272 36722 47445 57949 63377 74847 85536 89013 104019 115776 135095 158948 
computing eigenvalues for k = 1, took 155.944356 sec
traces of hecke eigenvalues of T_{p^2} are:
56 282 120 
computing eigenvalues for k = 2, took 0.657796 sec
