constructing eigenvector for poly
x-40
constructing eigenvector for poly
x-3
constructing eigenvector for poly
x^2-5*x+3
constructing eigenvector for poly
x^50-572*x^49+159503*x^48-28896436*x^47+3824313941*x^46-394180544880*x^45+32942640732256*x^44-2294711271294720*x^43+135924778090673728*x^42-6950849019942077030*x^41+310496569795423151151*x^40-12229910219015215980384*x^39+427986729697467197386842*x^38-13389926916426573983372128*x^37+376445387243902165683779930*x^36-9551313574133009987210532760*x^35+219491193088142525130582880295*x^34-4582095871716773587843432900816*x^33+87113948235558468244187471427119*x^32-1511415159382231228358077444254760*x^31+23970882922733332710171307857416514*x^30-347995196831237819341527621077010200*x^29+4629167318098976333466633934940208640*x^28-56467845643160160430292102098441973596*x^27+631947264442909758358920063843878308871*x^26-6489983324876468387915676971384676085268*x^25+61162247134167258136400534677241853133337*x^24-528795046636128632239583181409787233783266*x^23+4192125616794491829184755889329390251030444*x^22-30450315856536853851306496317202371982553998*x^21+202446865323506094847291475840252285860400488*x^20-1230322611941617999686249701653167606697213488*x^19+6823511965309259861882752100604736281706264608*x^18-34468451154467637460192781296265821852024130258*x^17+158211455967463740850757906082858135105695382805*x^16-658028068486788686987626429774465935959911706498*x^15+2471780169623371341885830741562166520801343167295*x^14-8353040103889734075430951984416413976841852287594*x^13+25278406785510911347373078491078577874360346532578*x^12-68131684817385411479589266864674880293036300959192*x^11+162479032211610458575363553927575368384672370872441*x^10-340135062764143325522938838613726647191725859340204*x^9+618997240698014121076404446487481813001137279950669*x^8-967470522005676492839667139976471130164111029550830*x^7+1278687207732724516722255741083241023469138500140959*x^6-1400234869620268369051929860802484809749961509288650*x^5+1235328694189369271357597214082111596944737800630016*x^4-843009540907019215644935434619234525942547561557864*x^3+417211980706595362807025213957014774610281347785216*x^2-133113039232922512635889535559215859857700041382080*x+20534610658597865830900343310453264323957037339712
constructing eigenvector for poly
x^47+77*x^46+2220*x^45+21178*x^44-313018*x^43-9765167*x^42-60559360*x^41+866754635*x^40+15590911859*x^39+34147318321*x^38-1149531031556*x^37-10157370060095*x^36+14378064079233*x^35+653011746688697*x^34+2628462942148818*x^33-15238222016474131*x^32-164127805991809245*x^31-187523794535367076*x^30+3863369216875763009*x^29+18515731235877354039*x^28-19269676692253951444*x^27-402963047714508784494*x^26-888178352083650517650*x^25+3152901692917358520735*x^24+18989485679581744570159*x^23+13243416406611771744643*x^22-142379945613169496479625*x^21-408462862718120682967031*x^20+145146796796075962269979*x^19+2642235268117023715213393*x^18+3910696035809919014780953*x^17-4743201662884100297124318*x^16-21272993048056020966794924*x^15-16409709413457840918674388*x^14+31032969275046876119113391*x^13+73074031921355171208546054*x^12+34790474173298033790155138*x^11-58622526813352098415817991*x^10-96437940068686698572661047*x^9-47395419405285887597533553*x^8+9404104607258458211695962*x^7+20696721217957499677176041*x^6+8530869891615769914598299*x^5+997540464415958322672931*x^4-183504816760848399717836*x^3-56162089552046974303056*x^2-4522471884371994697732*x-108308920774540225524
constructing eigenvector for poly
x^30-352*x^29+59350*x^28-6381902*x^27+491607597*x^26-28889728805*x^25+1346760894651*x^24-51129719903044*x^23+1610503423967247*x^22-42661522494449438*x^21+959956744510480406*x^20-18485762942749896280*x^19+306305340878775163582*x^18-4383911419607964182001*x^17+54327909500980576590269*x^16-583680580447759413849002*x^15+5437076652533859189012993*x^14-43869423826137318178049734*x^13+305943924434002970509636308*x^12-1838032555494830373962561558*x^11+9467741665317996649903541548*x^10-41549438748486498200735942865*x^9+154056322070383077012558011085*x^8-477341776198095386039784491330*x^7+1218208586765187484718967225484*x^6-2511123900761381882245370256302*x^5+4068463152065108102082953719040*x^4-4977515182689026127661749697266*x^3+4313838440788416513981724527421*x^2-2355389217346162836644464344660*x+607943783659056593418239181300
constructing eigenvector for poly
x^90-91*x^89+2567*x^88+15361*x^87-2299754*x^86+34626331*x^85+526135224*x^84-20609944654*x^83+76879703410*x^82+4927871887921*x^81-66380742347857*x^80-457958356325128*x^79+16099408278379385*x^78-43854110661900297*x^77-2083536858885617628*x^76+19167151998570252670*x^75+135498110273688612548*x^74-2834899017573104513321*x^73+1456330472507099297901*x^72+247118859702850809348427*x^71-1257849939489974365514607*x^70-13059427057434931887145890*x^69+139842760056777587251850248*x^68+284666451979257240760506501*x^67-9164204970077059905997976366*x^66+16358056525425949052945135714*x^65+399746023162735954424713266191*x^64-1983272718488705174594345781869*x^63-11094779216093516802458071970831*x^62+108495715931112496697742068193508*x^61+116997953877098932014512702741270*x^60-3947375353195344416075367462977407*x^59+5710546141479258286099248277659284*x^58+101798660571671774307617637591638388*x^57-372096748591501783605997620533959348*x^56-1798285670725798892843655208745362690*x^55+12159525418682375095093398301093098096*x^54+16720982819555941716262683705143168179*x^53-274751266883585582290546634360403378056*x^52+141053207240124576055465252182605747170*x^51+4580802077201765920948160321554680963003*x^50-9140945662083282819475631153015773863495*x^49-56301976366397580825667421927179973633865*x^48+204383506134382713228588245909362072089622*x^47+474611289941221942656811263499552716188490*x^46-3057328530560436348740456091161126481540348*x^45-1838574887113889930035189172991048983695811*x^44+34002555311857694980315518220019298490330589*x^43-17209230389742330893442711321181751379982036*x^42-289181313582378664245566273446032044242198250*x^41+410226499339291839303924743045607473974220283*x^40+1872298907371222594581657077451144481519054640*x^39-4465554775949142972593850472517497450907756910*x^38-8855427616893177285836713722570641623809359102*x^37+33596213872486687315184452518020221442782435488*x^36+26341873246921379579158218537297665691299693520*x^35-189952295603862672569549658410537474214708133038*x^34-8333430863523705823282819253721428310092898501*x^33+827967609452685727868890644235396372889749422007*x^32-414872660809915008442306053876777173934471791239*x^31-2790505630749529087854850744128236869115086902711*x^30+2707843256036178679183608515115276161415811671348*x^29+7174458918839449152381571541247362769120450613577*x^28-10447114048133253091388324150668095773062967403139*x^27-13553885121322854677080000625453016201979934242054*x^26+28500872775710306507588051792675865853929840195446*x^25+16996679023838246842838651997228344751032020402486*x^24-57381864314221431379402468076067754894119572038198*x^23-8629480317051080356407001871275343316719796462849*x^22+85634439156970386624269853924813343337780652538346*x^21-15073783382563850882957258930759368050195006508783*x^20-93007461040304170551783657511898900339366906038429*x^19+42019017003115284753922808221855445978831295684405*x^18+70180943611053996776128325183553599733098786632095*x^17-51931951608551297798941105701478178287816568447861*x^16-32852028594966617782636196901111063047286020067882*x^15+39006579877405580499701193731652617640298423424188*x^14+5909929750933810292617267466676874710681369856657*x^13-18087492536998023810819911200593370192650005167100*x^12+2614328315640233303089580866371545956700871498787*x^11+4706936070290938066995864118905178815473548213414*x^10-1822098375788103844431680896327915556954059389237*x^9-480979245011345631777805444607012062499155189493*x^8+394361523706060233017405285104384462977624859134*x^7-29534031773227707532144347270718901818472193116*x^6-28346539014874820401407175232206758506778804652*x^5+6639231463304478542950229000627273569473856691*x^4+272585816882986796772038871693576650326614219*x^3-228751106098666401017026482078359665384048920*x^2+20671422649040520162709682997321451894441500*x-186004612497313726617012452931214239202125
constructing eigenvector for poly
x^47+77*x^46+2220*x^45+21178*x^44-313018*x^43-9765167*x^42-60559360*x^41+866754635*x^40+15590911859*x^39+34147318321*x^38-1149531031556*x^37-10157370060095*x^36+14378064079233*x^35+653011746688697*x^34+2628462942148818*x^33-15238222016474131*x^32-164127805991809245*x^31-187523794535367076*x^30+3863369216875763009*x^29+18515731235877354039*x^28-19269676692253951444*x^27-402963047714508784494*x^26-888178352083650517650*x^25+3152901692917358520735*x^24+18989485679581744570159*x^23+13243416406611771744643*x^22-142379945613169496479625*x^21-408462862718120682967031*x^20+145146796796075962269979*x^19+2642235268117023715213393*x^18+3910696035809919014780953*x^17-4743201662884100297124318*x^16-21272993048056020966794924*x^15-16409709413457840918674388*x^14+31032969275046876119113391*x^13+73074031921355171208546054*x^12+34790474173298033790155138*x^11-58622526813352098415817991*x^10-96437940068686698572661047*x^9-47395419405285887597533553*x^8+9404104607258458211695962*x^7+20696721217957499677176041*x^6+8530869891615769914598299*x^5+997540464415958322672931*x^4-183504816760848399717836*x^3-56162089552046974303056*x^2-4522471884371994697732*x-108308920774540225524
constructing eigenvector for poly
x-3
constructing eigenvector for poly
x+9
constructing eigenvector for poly
x^2-5*x+3
constructing eigenvector for poly
x^10+94*x^9+3924*x^8+95828*x^7+1516411*x^6+16248389*x^5+119386357*x^4+593884464*x^3+1913757239*x^2+3606385064*x+3016920611
constructing eigenvector for poly
x^17+80*x^16+2867*x^15+60703*x^14+841069*x^13+7943648*x^12+51145790*x^11+211624982*x^10+422916015*x^9-724909514*x^8-7829970623*x^7-24011565038*x^6-31848132517*x^5+8340586934*x^4+89433777886*x^3+117879441847*x^2+58773019232*x+6967211854
constructing eigenvector for poly
x^10+56*x^9+1302*x^8+16314*x^7+119469*x^6+515971*x^5+1244737*x^4+1413043*x^3+390932*x^2-32738*x-10799
constructing eigenvector for poly
x^23-263*x^22+32747*x^21-2567706*x^20+142263712*x^19-5923835547*x^18+192500607368*x^17-5003829671060*x^16+105800055363565*x^15-1840506939500149*x^14+26541607771147108*x^13-318715069703783396*x^12+3192932756337364187*x^11-26673791738362054097*x^10+185291125711663682212*x^9-1064508058492090984990*x^8+5015344976579681526268*x^7-19141073369776604859101*x^6+58142700928288025447839*x^5-137024974034591501732040*x^4+241082588975006398730687*x^3-297487527013202761551367*x^2+229280061724093708285395*x-82918402343260256304800
constructing eigenvector for poly
x^10+56*x^9+1302*x^8+16314*x^7+119469*x^6+515971*x^5+1244737*x^4+1413043*x^3+390932*x^2-32738*x-10799
constructing eigenvector for poly
x^96-54*x^95+188*x^94+41911*x^93-717873*x^92-11435067*x^91+387637387*x^90+289158755*x^89-106480178359*x^88+663653143152*x^87+17373691108626*x^86-217531660575169*x^85-1596212064384722*x^84+38596972422182398*x^83+25796906787897890*x^82-4548581268921095087*x^81+15750814483363183274*x^80+372413595538852321050*x^79-2720582785096056846792*x^78-20342488864998378515642*x^77+266094532227889500684507*x^76+544657632579393653098669*x^75-18220936655779363858512884*x^74+20384409171448775477715555*x^73+918539578326258789167795814*x^72-3403731936208318888181835508*x^71-33816078845868671525836947182*x^70+226827744696074340282685030171*x^69+827242575458931610878392197574*x^68-10257654796049086670856235105238*x^67-6903578608564021408232885141154*x^66+345933674353832700118687766408703*x^65-470325945612073195657448487305800*x^64-8878862251123527666365482897648006*x^63+28546778159426865777885107920308083*x^62+169305992449415130095313002196055687*x^61-944530827613051718637866621248915174*x^60-2130895969282314325411304285807260557*x^59+22450132998455297961183840280612928843*x^58+6691300907759821729389085901912417470*x^57-408463118157740023293647947267954876378*x^56+457175452032761300449256635726268515375*x^55+5756002070969169153022900896710238404920*x^54-14099970201033530284154107752951798525660*x^53-61294589897346581670553454448257109523506*x^52+253983224154046910389582076755882883381880*x^51+444937249722179447583605369826618071006248*x^50-3349896759928454712972261149258318327357426*x^49-1137000524175779657048146895463830010163681*x^48+34234379468591843456694883191781931580538361*x^47-23012624381839341444159094941019479085683345*x^46-274615900016005454195004648238595317960179818*x^45+434185097592804513519573034669568765840231126*x^44+1704648337107871782294822437641416766048551075*x^43-4491459321553772599428831270225235349780321943*x^42-7717656442118581335949740165372167355667496280*x^41+33682814199596885355421902605786879403097420146*x^40+20043166449075519760181023268599074732370702359*x^39-195804083607187929434575768145806674781047987670*x^38+29777443140237028446872446577487853228194154188*x^37+900756479557050740460040443375507302638106783797*x^36-679371467797331293431333567802626659101455871863*x^35-3278110899890332424822823650382260688887367564111*x^34+4398410085892121072537493489465999480253344113798*x^33+9246724554613278860129510022511064603504477753056*x^32-19096595766620010603985430693291500592031835609267*x^31-19007089988870423163665147418641971121266734599356*x^30+62679248411474664789203395893868836620032749731995*x^29+22552559888484575140740803707583663522306755694001*x^28-161401782833713588435695128007807393514447515985825*x^27+12819246162368156594470870750948692566623590988317*x^26+329730315175863803202814991976506679101720206920889*x^25-141401915555227893941349038679712243120359090900919*x^24-532992258695477738354413607511632505724007267316251*x^23+399196922558388786533957202640735821477215312519438*x^22+671113575273603209611179269710313866854321481600799*x^21-736493000856115917745683446097353360894728522730676*x^20-634268590576497282244225733725667924637943545579239*x^19+1000014974497173462533736432968710879667653950311282*x^18+409040385900465173291250232413498897739099828389837*x^17-1031250657761778706123939700160516367197609472095160*x^16-117775241702254113651819825196716499887968287723818*x^15+810008197650082516711928512264306568280449140234525*x^14-81335216107073384564709369392986447321659709948742*x^13-477811040746950059419065634829488217214883002504295*x^12+130254920937117457397126943702307772851390589913720*x^11+205050941633037582431637751355995884450683431525390*x^10-87887793395053389468735178480575860509359716782838*x^9-60209688376484430599163722396206196844313809529451*x^8+36220748358732941665681313269543605035586292703447*x^7+10536636694105593739544319498423069344870862123121*x^6-9339470326400936834578949863102923136350597511438*x^5-615211677981531514058954451878312252593803284362*x^4+1385265708802515731471533067688586349684712001755*x^3-110332527647510122317620831814759406871786178295*x^2-90113636439861205074003528885798028448897586998*x+16291116166885078869573476136931050664593943222
computing eigenvectors took 23.479834 sec
For conductor 1, eigenvectors are:
-1 -1 -1 -1 -1 -1 -1 -1 -1 -1 -1 -1 -1 -1 -1 -1 -1 -1 -1 -1 -1 -1 -1 -1 -1 -1 -1 -1 -1 -1 -1 -1 -1 -1 -1 -1 -1 -1 -1 -1 -1 -1 -1 -1 -1 -1 -1 -1 -1 -1 -1 -1 -1 -1 -1 -1 -1 -1 -1 -1 -1 -1 -1 -1 -1 -1 -1 -1 -1 -1 -1 -1 -1 -1 -1 -1 -1 -1 -1 -1 -1 -1 -1 -1 -1 -1 -1 -1 -1 -1 -1 -1 -1 -1 -1 -1 -1 -1 -1 -1 -1 -1 -1 -1 -1 -1 -1 -1 -1 -1 -1 -1 -1 -1 -1 -1 -1 -1 -1 -1 -1 -1 -1 -1 -1 -1 -1 -1 -1 -1 -1 -1 -1 -1 -1 -1 -1 -1 -1 -1 -1 -1 -1 -1 -1 -1 -1 -1 -1 -1 -1 -1 -1 -1 -1 -1 -1 -1 -1 -1 -1 -1 -1 -1 -1 -1 -1 -1 -1 -1 -1 -1 -1 -1 -1 -1 -1 -1 -1 -1 -1 -1 -1 -1 -1 -1 -1 -1 -1 -1 -1 -1 -1 -1 -1 -1 -1 -1 -1 -1 -1 -1 -1 -1 -1 -1 -1 -1 -1 -1 -1 -1 -1 -1 -1 -1 -1 -1 -1 -1 -1 over Number field with defining polynomial x-40
0 -48 0 0 0 48 0 -48 0 -16 0 -32 24 0 -12 0 16 8 0 -24 -16 -8 0 0 -8 -8 0 16 -16 -16 0 8 0 8 8 8 8 -8 -8 8 -8 16 -8 16 -8 -6 0 -12 12 -6 6 -6 -6 -6 -6 0 -6 6 0 4 8 0 0 12 4 -8 8 8 8 12 0 0 4 0 8 0 -8 8 -8 4 -12 0 -4 4 4 0 0 4 12 0 -12 0 4 4 8 2 0 6 -6 -6 -4 4 4 4 0 4 6 4 8 -2 -4 0 0 2 -6 -4 -2 0 2 0 2 8 0 -6 -12 -2 -4 0 0 0 -2 2 6 6 0 6 -10 4 0 0 0 2 -6 0 0 -6 0 -2 0 -2 0 2 -8 -8 2 2 6 0 8 2 0 0 -2 4 -4 -2 2 4 -4 4 2 0 0 -2 0 12 4 -6 4 8 -6 8 -4 0 2 0 -2 -8 -2 -2 4 -4 4 -2 -3 2 2 -4 0 10 1 0 -2 -3 -4 -4 2 -1 0 -3 1 -2 1 -4 2 -1 1 -3 -4 1 -1 over Number field with defining polynomial x-3
0 144*a-240 0 0 0 288*a-480 0 144*a-240 16*a+96 64*a+16 0 -48*a+80 -60*a+192 0 36*a-60 0 24*a-40 40*a-128 8*a+48 -16*a-96 -16*a+88 -48*a+80 0 0 -40*a+128 -56*a+32 0 8*a-136 -40*a-56 -16*a+88 0 -24*a+40 8*a+48 -24*a+40 -24*a+40 -32*a-8 -32*a-8 24*a-40 24*a-40 -24*a+40 32*a+8 8*a-136 32*a+8 16*a-88 24*a-40 -36*a+60 6*a+36 36*a-60 -36*a+60 18*a-30 -30*a-42 -36*a+60 -36*a+60 -36*a+60 18*a-30 6*a+36 18*a-30 -18*a+30 48*a-126 -12*a+20 -24*a+40 0 -4*a-24 0 16*a-88 -40*a+128 16*a+4 16*a+4 -32*a-8 -36*a+60 -4*a-24 -8*a-48 64*a-76 0 48*a-80 -24*a+132 24*a-40 -24*a+40 -12*a+20 24*a-40 -28*a+108 0 16*a+4 28*a-16 -8*a+44 0 4*a+24 24*a-40 8*a+48 4*a+24 -4*a-24 0 20*a-64 32*a+8 20*a+28 -22*a+52 0 -2*a-12 -16*a+42 24*a+6 -26*a+28 8*a+2 -14*a+8 4*a-22 -18*a+30 -34*a+26 18*a-30 10*a+14 -26*a+28 10*a+14 14*a-8 -4*a-24 -22*a+6 -28*a+16 16*a-42 -4*a+22 6*a-10 0 12*a-20 -2*a-12 12*a-20 28*a-62 -12*a+66 -14*a+54 16*a-42 6*a-10 -4*a+22 -4*a-24 0 -4*a-24 -36*a+14 2*a+58 -16*a+42 2*a+12 2*a+12 4*a+24 -20*a+64 24*a-40 0 30*a-96 16*a-42 32*a-38 -4*a-24 -36*a+60 6*a+36 20*a-18 0 4*a-22 0 6*a-10 -4*a-24 -4*a+22 -10*a+32 22*a-52 -2*a+34 -2*a+34 -20*a+18 -6*a-36 14*a-8 8*a-44 38*a-48 -4*a-24 4*a-22 22*a-52 -12*a-26 -12*a+20 -2*a+34 4*a-22 -8*a-2 20*a-64 -4*a+22 -2*a-12 0 32*a+8 8*a-90 -14*a+54 2*a-34 -4*a-24 4*a-22 -6*a+10 34*a-72 -22*a+52 12*a-20 -20*a+18 -36*a+106 -16*a+42 -32*a+38 6*a-10 -12*a+20 -12*a+20 -10*a+32 10*a-32 -16*a-4 6*a-10 10*a-9 15*a-2 -5*a+16 9*a-38 8*a-21 7*a-4 -3*a+5 26*a-51 -20*a+41 10*a-9 12*a-20 -14*a+31 -9*a-8 -23 2*a+12 8*a-21 -3*a+5 5*a-16 23 -14*a+31 -5*a+16 -4*a+22 14*a-31 -9*a+15 -a-29 23 -5*a+16 over Number field with defining polynomial x^2-5*x+3
a vector of length 221 over Number field with defining polynomial a number field of degree 50
a vector of length 221 over Number field with defining polynomial a number field of degree 47
a vector of length 221 over Number field with defining polynomial a number field of degree 30
a vector of length 221 over Number field with defining polynomial a number field of degree 90
For conductor 2, eigenvectors are:
a vector of length 61 over Number field with defining polynomial a number field of degree 47
0 0 2 0 0 0 2 -2 0 2 -2 0 0 0 -2 0 0 0 2 -2 -2 0 0 0 2 0 0 0 -2 0 -2 0 -2 -2 1 0 0 0 -2 0 -1 0 0 1 0 0 0 1 0 -1 -1 0 -1 0 0 -1 -1 -1 2 -1 -1 over Number field with defining polynomial x-3
-2 -2 4 -4 -2 -2 0 -2 -2 0 0 0 0 -2 -2 0 -2 -2 -2 2 0 0 0 4 0 4 0 2 2 2 -2 -2 0 2 1 0 2 0 0 2 -1 0 0 -1 -2 0 2 -1 0 -1 1 0 -3 0 -2 -1 1 1 -2 1 -1 over Number field with defining polynomial x+9
0 0 -2*a+8 0 -4*a+18 0 4*a-16 2*a-8 0 4*a-16 -4*a+16 0 0 0 2*a-8 0 0 -4*a+18 -2*a+8 2*a-8 -2*a+10 0 0 -4*a+18 2 4*a-18 0 0 2*a-8 -4*a+18 6*a-26 -4*a+18 -4*a+16 2*a-8 a-5 -2*a+9 -2*a+9 -2*a+9 -3*a+13 2*a-9 a-4 5*a-21 -5*a+21 a-5 0 -5*a+21 2*a-9 -3*a+13 0 3*a-13 a-4 -2*a+9 3*a-13 a-3 -2*a+9 -2*a+8 -a+5 a-4 a-4 -a+5 -1 over Number field with defining polynomial x^2-5*x+3
a vector of length 61 over Number field with defining polynomial a number field of degree 10
For conductor 461, eigenvectors are:
a vector of length 27 over Number field with defining polynomial a number field of degree 17
a vector of length 27 over Number field with defining polynomial a number field of degree 10
For conductor 922, eigenvectors are:
a vector of length 129 over Number field with defining polynomial a number field of degree 23
a vector of length 129 over Number field with defining polynomial a number field of degree 10
a vector of length 129 over Number field with defining polynomial a number field of degree 96
For conductor 1:
traces of hecke eigenvalues of T_{p^1} are:
40 156 400 1464 2380 5220 7240 12720 25260 30784 52060 70644 81400 106080 151740 208920 230764 305320 363024 394420 499360 578760 712980 922180 
computing eigenvalues for k = 1, took 98.017205 sec
traces of hecke eigenvalues of T_{p^2} are:
120 780 2800 
computing eigenvalues for k = 2, took 0.387962 sec
traces of hecke eigenvalues of T_{p^1} are:
3 -5 12 8 -53 -5 155 57 254 182 -168 28 -222 -82 -605 573 -155 -553 444 -360 1209 416 -367 -187 
computing eigenvalues for k = 1, took 16.869123 sec
traces of hecke eigenvalues of T_{p^2} are:
0 3 4 
computing eigenvalues for k = 2, took 0.428684 sec
traces of hecke eigenvalues of T_{p^1} are:
5 -12 18 125 -70 -59 -86 82 29 180 -203 -360 182 616 190 1238 -288 874 -304 -1112 -796 1068 908 -575 
computing eigenvalues for k = 1, took 16.810659 sec
traces of hecke eigenvalues of T_{p^2} are:
-2 42 -18 
computing eigenvalues for k = 2, took 0.409858 sec
traces of hecke eigenvalues of T_{p^1} are:
572 1474 2705 6320 8905 15253 18021 27422 43081 48003 69029 85129 92403 111689 141820 173645 186188 221235 252287 266745 308653 345504 398679 471361 
computing eigenvalues for k = 1, took 100.037369 sec
traces of hecke eigenvalues of T_{p^2} are:
288 1044 1640 
computing eigenvalues for k = 2, took 0.460161 sec
traces of hecke eigenvalues of T_{p^1} are:
-77 199 -267 -21 46 989 -382 1101 2656 -648 744 4050 -1279 497 4008 625 -368 -8147 -1124 -2391 -7767 -2857 11882 -2601 
computing eigenvalues for k = 1, took 17.014959 sec
traces of hecke eigenvalues of T_{p^2} are:
-88 -196 -467 
computing eigenvalues for k = 2, took 0.489879 sec
traces of hecke eigenvalues of T_{p^1} are:
352 876 1654 3851 5478 8888 11244 16006 25681 30091 42535 51513 55625 66899 84214 105195 113841 135028 152819 162827 189795 205535 239569 284975 
computing eigenvalues for k = 1, took 96.253846 sec
traces of hecke eigenvalues of T_{p^2} are:
208 576 1232 
computing eigenvalues for k = 2, took 0.403000 sec
traces of hecke eigenvalues of T_{p^1} are:
91 78 268 -559 1399 -13 626 -860 -710 912 5685 189 3384 -1624 3267 -4012 12533 9202 -4120 15469 3812 -7943 -3817 19465 
computing eigenvalues for k = 1, took 21.577378 sec
traces of hecke eigenvalues of T_{p^2} are:
-128 -273 -46 
computing eigenvalues for k = 2, took 1.017207 sec
For conductor 2:
traces of hecke eigenvalues of T_{p^1} are:
-77 199 -267 -21 46 989 -382 1101 2656 -648 744 4050 -1279 497 4008 625 -368 -8147 -1124 -2391 -7767 -2857 11882 -2601 
computing eigenvalues for k = 1, took 528.114385 sec
traces of hecke eigenvalues of T_{p^2} are:
-88 -196 -467 
computing eigenvalues for k = 2, took 0.747017 sec
traces of hecke eigenvalues of T_{p^1} are:
3 -5 12 8 -53 -5 155 57 254 182 -168 28 -222 -82 -605 573 -155 -553 444 -360 1209 416 -367 -187 
computing eigenvalues for k = 1, took 526.059795 sec
traces of hecke eigenvalues of T_{p^2} are:
0 3 4 
computing eigenvalues for k = 2, took 1.187906 sec
traces of hecke eigenvalues of T_{p^1} are:
-9 -1 -28 -56 -9 63 107 -127 82 -42 -268 408 22 -170 -281 -463 -335 -1613 -148 -36 -99 952 589 453 
computing eigenvalues for k = 1, took 516.343592 sec
traces of hecke eigenvalues of T_{p^2} are:
12 -5 20 
computing eigenvalues for k = 2, took 0.690326 sec
traces of hecke eigenvalues of T_{p^1} are:
5 -12 18 125 -70 -59 -86 82 29 180 -203 -360 182 616 190 1238 -288 874 -304 -1112 -796 1068 908 -575 
computing eigenvalues for k = 1, took 510.153123 sec
traces of hecke eigenvalues of T_{p^2} are:
-2 42 -18 
computing eigenvalues for k = 2, took 1.150942 sec
traces of hecke eigenvalues of T_{p^1} are:
-94 -99 -213 48 -308 -147 -294 -127 493 -631 308 -10 -1146 -1929 1179 -1366 235 -552 1089 -2681 -1520 -1533 1860 -5866 
computing eigenvalues for k = 1, took 506.569525 sec
traces of hecke eigenvalues of T_{p^2} are:
94 28 230 
computing eigenvalues for k = 2, took 0.675429 sec
For conductor 461:
traces of hecke eigenvalues of T_{p^1} are:
-80 -128 -267 97 -725 -199 17 330 74 -21 -2293 566 -1692 -123 -1508 2741 -3580 -2661 4297 -3309 423 173 1771 -7074 
computing eigenvalues for k = 1, took 822.955256 sec
traces of hecke eigenvalues of T_{p^2} are:
20 35 272 
computing eigenvalues for k = 2, took 0.700068 sec
traces of hecke eigenvalues of T_{p^1} are:
-56 -134 9 -183 -86 -62 -248 84 -1275 -590 82 -1741 1288 -147 -886 -672 -772 78 194 -314 -626 1468 -3159 1765 
computing eigenvalues for k = 1, took 830.723756 sec
traces of hecke eigenvalues of T_{p^2} are:
38 83 -171 
computing eigenvalues for k = 2, took 0.890939 sec
For conductor 922:
traces of hecke eigenvalues of T_{p^1} are:
263 641 1221 2922 4010 6633 8610 12022 19281 22196 30973 38668 42423 50880 63115 80169 85614 103148 115074 122320 143756 156320 180168 215154 
computing eigenvalues for k = 1, took 184.712235 sec
traces of hecke eigenvalues of T_{p^2} are:
132 258 568 
computing eigenvalues for k = 2, took 0.838843 sec
traces of hecke eigenvalues of T_{p^1} are:
-56 -134 9 -183 -86 -62 -248 84 -1275 -590 82 -1741 1288 -147 -886 -672 -772 78 194 -314 -626 1468 -3159 1765 
computing eigenvalues for k = 1, took 235.937999 sec
traces of hecke eigenvalues of T_{p^2} are:
38 83 -171 
computing eigenvalues for k = 2, took 0.712161 sec
traces of hecke eigenvalues of T_{p^1} are:
54 -226 212 -262 -169 -906 642 -534 -4087 2764 846 -2953 5612 2898 -3269 3212 1587 10318 4674 7947 9570 11557 -101 11118 
computing eigenvalues for k = 1, took 178.331708 sec
traces of hecke eigenvalues of T_{p^2} are:
-154 -481 -296 
computing eigenvalues for k = 2, took 1.414955 sec
