constructing eigenvector for poly
x-15
constructing eigenvector for poly
x-3
constructing eigenvector for poly
x-1
constructing eigenvector for poly
x^3+4*x^2-11*x-6
constructing eigenvector for poly
x^3-23*x^2+162*x-326
constructing eigenvector for poly
x^3-20*x^2+117*x-174
constructing eigenvector for poly
x^14-89*x^13+3598*x^12-87415*x^11+1422898*x^10-16374587*x^9+136978198*x^8-843124081*x^7+3820010449*x^6-12606141492*x^5+29603313416*x^4-47472258512*x^3+48378397456*x^2-27311073088*x+6104599296
constructing eigenvector for poly
x^27+18*x^26-5*x^25-1701*x^24-5496*x^23+63804*x^22+302925*x^21-1235829*x^20-7451832*x^19+12969755*x^18+101436324*x^17-63174826*x^16-800331658*x^15-39997740*x^14+3553293664*x^13+1922995107*x^12-7842734693*x^11-7697605055*x^10+5778220793*x^9+9448767281*x^8+849624602*x^7-3196466318*x^6-1208800117*x^5+149437136*x^4+126614180*x^3+11970128*x^2-603248*x+2528
constructing eigenvector for poly
x^9-41*x^8+702*x^7-6530*x^6+35957*x^5-119749*x^4+236428*x^3-259696*x^2+139408*x-27344
constructing eigenvector for poly
x+2
constructing eigenvector for poly
x^7+26*x^6+269*x^5+1410*x^4+3928*x^3+5491*x^2+3082*x+257
constructing eigenvector for poly
x^2+6*x+7
constructing eigenvector for poly
x^2-2*x-4
constructing eigenvector for poly
x^2-14*x+35
constructing eigenvector for poly
x^2+2*x-13
constructing eigenvector for poly
x^7-35*x^6+483*x^5-3373*x^4+12780*x^3-26040*x^2+26224*x-10096
constructing eigenvector for poly
x^3+x^2-20*x-7
constructing eigenvector for poly
x^6-8*x^5+6*x^4+49*x^3-30*x^2-77*x-21
constructing eigenvector for poly
x^2-14*x+49
constructing eigenvector for poly
x^2-59*x+819
constructing eigenvector for poly
x-1
constructing eigenvector for poly
x-1
constructing eigenvector for poly
x^2+6*x+9
constructing eigenvector for poly
x^2+14*x+32
constructing eigenvector for poly
x^12-2*x^11-60*x^10+179*x^9+929*x^8-4083*x^7+9*x^6+19711*x^5-31666*x^4+18209*x^3-3769*x^2+106*x+4
constructing eigenvector for poly
x-5
constructing eigenvector for poly
x^2-12*x+18
constructing eigenvector for poly
x^4+2*x^3-9*x^2-23*x-9
constructing eigenvector for poly
x^11-65*x^10+1849*x^9-30239*x^8+314099*x^7-2160735*x^6+9959931*x^5-30440969*x^4+59638504*x^3-69925720*x^2+42498848*x-9123248
constructing eigenvector for poly
x-11
constructing eigenvector for poly
x-10
constructing eigenvector for poly
x^10-51*x^9+1121*x^8-13915*x^7+107405*x^6-535065*x^5+1728515*x^4-3539765*x^3+4334934*x^2-2794884*x+679256
constructing eigenvector for poly
x^13-74*x^12+2442*x^11-47443*x^10+603393*x^9-5284716*x^8+32647348*x^7-143308207*x^6+444421024*x^5-955564568*x^4+1375304288*x^3-1246386544*x^2+633982336*x-136282880
constructing eigenvector for poly
x^27+19*x^26+13*x^25-1660*x^24-6767*x^23+55796*x^22+339845*x^21-859994*x^20-7924471*x^19+4378461*x^18+103137495*x^17+44170990*x^16-795064914*x^15-812060038*x^14+3665427664*x^13+5357595837*x^12-9752252642*x^11-18640624166*x^10+13240830434*x^9+35694426428*x^8-5153168201*x^7-35783131160*x^6-5477739595*x^5+16507878623*x^4+4394181970*x^3-2888426368*x^2-548802624*x+185995760
constructing eigenvector for poly
x+5
constructing eigenvector for poly
x^7+24*x^6+225*x^5+1072*x^4+2776*x^3+3803*x^2+2396*x+443
computing eigenvectors took 8.510057 sec
For conductor 1, eigenvectors are:
-1 -1 -1 -1 -1 -1 -1 -1 -1 -1 -1 -1 -1 -1 -1 -1 -1 -1 -1 -1 -1 -1 -1 -1 -1 -1 -1 -1 -1 -1 -1 -1 -1 -1 -1 -1 -1 -1 -1 -1 -1 -1 -1 -1 -1 -1 -1 -1 -1 -1 -1 -1 -1 -1 -1 -1 -1 -1 -1 -1 -1 -1 over Number field with defining polynomial x-15
20 -4 -4 -16 -16 8 -4 8 4 -4 2 2 -4 -4 2 2 14 4 -4 12 5 2 2 -1 0 0 0 -2 6 -2 -2 2 -2 -4 4 2 -4 0 2 -2 0 -2 -8 4 -2 -3 1 2 0 0 -2 -2 -4 4 1 5 -2 2 -3 -3 4 -1 over Number field with defining polynomial x-3
160 -64 6 -162 -78 90 48 -36 104 -64 48 -50 48 13 -22 -8 -8 20 -36 -8 6 20 -15 6 20 -1 -22 69 41 -8 -8 -43 -15 -22 -1 -8 41 -8 6 -8 20 6 20 -1 20 -1 -29 13 6 -15 20 6 -1 20 -29 -29 13 -15 6 20 -22 -8 over Number field with defining polynomial x-1
0 72*a^2 - 96*a - 720 -72*a^2 - 72*a + 156 84*a^2 + 456*a - 864 -84*a^2 - 456*a + 864 -96*a^2 - 324*a + 408 -36*a^2 + 48*a + 360 108*a^2 + 192*a + 48 8*a^2 + 144*a - 848 0 54*a^2 - 72*a - 540 42*a^2 + 228*a - 432 42*a^2 - 114*a - 132 72*a^2 + 414*a - 456 -102*a^2 - 258*a + 180 -12*a^2 - 210*a - 156 -18*a^2 - 144*a - 384 52*a^2 + 288*a + 36 52*a^2 + 120*a - 528 28*a^2 - 76*a - 88 -18*a^2 - 147*a + 330 3*a^2 - 33*a + 114 3*a^2 + 309*a - 186 -63*a^2 + 348 -14*a^2 + 96*a - 244 -40*a^2 - 192*a + 220 32*a^2 + 52*a - 324 8*a^2 + 26*a + 204 4*a^2 + 70*a + 52 -4*a^2 + 42*a + 324 6*a^2 + 48*a + 128 -52*a^2 - 118*a + 52 16*a^2 + 54*a - 68 -62*a^2 - 126*a + 724 -36*a^2 - 8*a + 172 2*a^2 + 34*a + 264 -20*a^2 + 102*a + 292 -18*a^2 - 260*a + 192 -18*a^2 - 32*a - 8 4*a^2 + 70*a + 52 -2*a^2 + 22*a - 76 32*a^2 + 50*a + 152 6*a^2 + 50*a - 348 -12*a^2 - 40*a - 68 -a^2 + 11*a - 38 -17*a^2 - 100*a + 80 -a^2 + 68*a - 88 2*a^2 - 22*a + 76 -50*a^2 - 140*a + 128 6*a^2 - 122*a + 40 10*a^2 + 6*a - 196 6*a^2 - 64*a - 248 20*a^2 + 68*a - 204 26*a^2 + 116*a - 76 2*a^2 - 79*a + 126 18*a^2 + 89*a - 42 43*a^2 + 45*a - 6 16*a^2 - 2*a - 256 -2*a^2 + 21*a + 162 -5*a^2 - 116*a - 40 56*a+188 57*a-50 over Number field with defining polynomial x^3+4*x^2-11*x-6
60*a^2 - 660*a + 1140 -36*a^2 + 432*a - 1032 6*a^2 - 60*a + 66 12*a^2 - 132*a + 228 12*a^2 - 132*a + 228 12*a-96 -36*a^2 + 432*a - 1032 12*a-96 12*a^2 - 160*a + 472 42*a^2 - 528*a + 1386 -18*a^2 + 222*a - 564 -18*a^2 + 222*a - 564 6*a^2 - 60*a + 66 6*a^2 - 60*a + 66 -18*a^2 + 222*a - 564 -18*a^2 + 222*a - 564 -24*a^2 + 294*a - 726 -4*a+32 12*a^2 - 166*a + 530 8*a^2 - 112*a + 364 -9*a^2 + 117*a - 330 21*a^2 - 258*a + 645 3*a^2 - 24*a - 15 -6*a^2 + 81*a - 249 16*a^2 - 192*a + 452 2*a^2 - 28*a + 86 2*a^2 - 28*a + 86 10*a^2 - 122*a + 296 6*a^2 - 74*a + 188 -2*a^2 + 34*a - 144 -20*a^2 + 240*a - 560 8*a^2 - 98*a + 242 -6*a^2 + 76*a - 194 -10*a+90 -12*a^2 + 152*a - 408 -18*a^2 + 222*a - 564 -10*a+90 4*a^2 - 36*a + 12 4*a^2 - 56*a + 192 -12*a^2 + 141*a - 315 -10*a^2 + 128*a - 354 -3*a^2 + 38*a - 107 -10*a^2 + 122*a - 296 a^2 - 8*a - 5 14*a^2 - 179*a + 491 -a^2 + 12*a - 27 6*a^2 - 67*a + 127 8*a^2 - 98*a + 242 6*a^2 - 85*a + 281 -6*a^2 + 71*a - 159 -5*a^2 + 59*a - 132 4*a^2 - 44*a + 76 -6*a^2 + 68*a - 130 -6*a^2 + 74*a - 188 12*a^2 - 145*a + 347 a^2 - 18*a + 85 8*a^2 - 101*a + 271 -5*a^2 + 62*a - 161 -5*a^2 + 69*a - 222 -7*a^2 + 90*a - 247 -4*a+32 3*a-29 over Number field with defining polynomial x^3-23*x^2+162*x-326
180*a^2 - 2100*a + 5640 60*a^2 - 708*a + 1896 -24*a^2 + 420*a - 1824 48*a^2 - 588*a + 1704 24*a^2 - 252*a + 552 36*a^2 - 240*a - 240 48*a^2 - 516*a + 1128 -24*a^2 + 252*a - 552 12*a^2 - 36*a - 408 60*a^2 - 492*a + 312 18*a^2 - 132*a - 24 18*a^2 - 120*a - 120 18*a^2 - 186*a + 372 78*a-588 18*a^2 - 210*a + 564 -24*a^2 + 270*a - 660 6*a^2 - 60*a + 96 -12*a^2 + 108*a - 144 -24*a^2 + 252*a - 552 24*a^2 - 264*a + 624 6*a^2 + 3*a - 354 21*a^2 - 207*a + 366 -15*a^2 + 279*a - 1254 -9*a^2 + 60*a + 60 6*a^2 - 132*a + 648 -24*a^2 + 300*a - 912 48*a-360 12*a^2 - 102*a + 84 6*a-36 -24*a^2 + 234*a - 396 6*a^2 - 60*a + 96 24*a^2 - 294*a + 852 36*a^2 - 330*a + 444 18*a^2 - 246*a + 828 12*a^2 - 108*a + 144 6*a^2 - 6*a - 300 6*a-36 6*a^2 - 24*a - 168 -18*a^2 + 108*a + 192 -24*a^2 + 270*a - 660 6*a^2 - 114*a + 516 -78*a+588 6*a^2 - 78*a + 252 12*a^2 - 180*a + 672 21*a^2 - 207*a + 366 -15*a^2 + 216*a - 780 -27*a^2 + 288*a - 636 -30*a^2 + 282*a - 420 -18*a^2 + 216*a - 600 6*a^2 - 90*a + 348 6*a^2 - 78*a + 252 -18*a^2 + 180*a - 336 12*a^2 - 144*a + 408 6*a^2 - 96*a + 384 6*a^2 - 81*a + 270 6*a^2 - 45*a + 6 -15*a^2 + 171*a - 438 -12*a^2 + 150*a - 444 6*a^2 - 33*a - 90 -3*a^2 + 24*a - 12 12*a-96 -33*a+246 over Number field with defining polynomial x^3-20*x^2+117*x-174
a vector of length 62 over Number field with defining polynomial a number field of degree 14
a vector of length 62 over Number field with defining polynomial a number field of degree 27
-71496360*a^8 + 2538201140*a^7 - 36640546080*a^6 + 277559226640*a^5 - 1187057941120*a^4 + 2867377692780*a^3 - 3698959797880*a^2 + 2251793351600*a - 502046538720 17953436*a^8 - 670846560*a^7 + 10134474624*a^6 - 79895366504*a^5 + 353855390580*a^4 - 880512381464*a^3 + 1157954794864*a^2 - 695270539808*a + 144429729792 1277044*a^8 - 36165884*a^7 + 422577416*a^6 - 2479183224*a^5 + 6104242620*a^4 + 4057445588*a^3 - 41740039560*a^2 + 46416068080*a - 15451823968 -11817784*a^8 + 421668548*a^7 - 6100629616*a^6 + 46190827240*a^5 - 196980330320*a^4 + 473635054132*a^3 - 608272783512*a^2 + 371224277872*a - 84775725856 -16780760*a^8 + 593611908*a^7 - 8555588816*a^6 + 64832863416*a^5 - 277842846128*a^4 + 673316022980*a^3 - 871311135640*a^2 + 529493062768*a - 116042889632 7907836*a^8 - 244790872*a^7 + 3047106456*a^6 - 19498588152*a^5 + 68096734348*a^4 - 127509662112*a^3 + 119380872272*a^2 - 53701763552*a + 10433819072 12001804*a^8 - 436378596*a^7 + 6351491160*a^6 - 47641872328*a^5 + 197665106868*a^4 - 451706595220*a^3 + 530776322168*a^2 - 272837890960*a + 43316580768 -1812886*a^8 + 46943616*a^7 - 435484048*a^6 + 1788192404*a^5 - 4302212514*a^4 + 14581449212*a^3 - 39696786200*a^2 + 30632621584*a - 5656336000 -3614896*a^8 + 116747704*a^7 - 1478379952*a^6 + 9241314464*a^5 - 29057850768*a^4 + 38836554856*a^3 - 1445112240*a^2 - 31104189856*a + 16863828672 -3566782*a^8 + 85889294*a^7 - 610927376*a^6 - 405945780*a^5 + 24104978474*a^4 - 113210685970*a^3 + 217927363444*a^2 - 179384874184*a + 55523622576 -6654388*a^8 + 238237500*a^7 - 3493174144*a^6 + 27056643748*a^5 - 119022785892*a^4 + 296818764424*a^3 - 393313847968*a^2 + 237019033824*a - 49604100224 -4947392*a^8 + 169279212*a^7 - 2316125120*a^6 + 16163001332*a^5 - 60640402440*a^4 + 117658780760*a^3 - 102971956448*a^2 + 30443384160*a + 2049268736 2055388*a^8 - 71968708*a^7 + 1050491628*a^6 - 8129467180*a^5 + 35009093976*a^4 - 81293111232*a^3 + 93603335728*a^2 - 48133951296*a + 6737597376 -996526*a^8 + 35213764*a^7 - 504914520*a^6 + 3834778024*a^5 - 17041963002*a^4 + 45812587068*a^3 - 71253545704*a^2 + 54305162928*a - 14406863040 -1232594*a^8 + 35790960*a^7 - 409587632*a^6 + 2349571868*a^5 - 6972698982*a^4 + 8344164500*a^3 + 9110018392*a^2 - 36974631792*a + 19598116160 8290436*a^8 - 287668174*a^7 + 4083263580*a^6 - 30420861184*a^5 + 127036901668*a^4 - 294711801874*a^3 + 355976744596*a^2 - 198238573848*a + 39033560816 -6236922*a^8 + 197700644*a^7 - 2534782360*a^6 + 16887615552*a^5 - 62427600206*a^4 + 126894995652*a^3 - 134310802264*a^2 + 70660841088*a - 15351016864 4647124*a^8 - 160240604*a^7 + 2337428720*a^6 - 18549348168*a^5 + 85204883524*a^4 - 222662084204*a^3 + 304581942200*a^2 - 181568571408*a + 34265589920 -2090224*a^8 + 72962568*a^7 - 958509608*a^6 + 5948938784*a^5 - 17461223240*a^4 + 18335951304*a^3 + 9496459952*a^2 - 21281735776*a + 7350627136 5682028*a^8 - 220904412*a^7 + 3528690904*a^6 - 29836849728*a^5 + 143391064884*a^4 - 390578221620*a^3 + 565676301896*a^2 - 374592498576*a + 86743575136 -1265652*a^8 + 28856352*a^7 - 183264882*a^6 - 471756296*a^5 + 10753632130*a^4 - 50173662708*a^3 + 102182202904*a^2 - 89339067632*a + 26341635200 2627124*a^8 - 100991876*a^7 + 1557420578*a^6 - 12446741514*a^5 + 55413543502*a^4 - 136882434362*a^3 + 175155351148*a^2 - 98482253048*a + 15904804784 1904306*a^8 - 76691634*a^7 + 1262623574*a^6 - 10985588550*a^5 + 54380481760*a^4 - 153194118496*a^3 + 231382258064*a^2 - 161718785488*a + 39135288928 5442948*a^8 - 208920196*a^7 + 3284883908*a^6 - 27179978046*a^5 + 126498212280*a^4 - 328051082498*a^3 + 440699691540*a^2 - 260319229944*a + 50003340592 -3303788*a^8 + 127117936*a^7 - 1990565180*a^6 + 16336313152*a^5 - 75365765696*a^4 + 194483947928*a^3 - 262511218288*a^2 + 158550994784*a - 31032314880 -558888*a^8 + 25921468*a^7 - 414801040*a^6 + 3148317288*a^5 - 12761714400*a^4 + 29485408636*a^3 - 40105443928*a^2 + 29989478800*a - 8895535072 -1120408*a^8 + 51275892*a^7 - 939054784*a^6 + 8887054288*a^5 - 46853417712*a^4 + 137933889452*a^3 - 214332992728*a^2 + 153234626192*a - 39750004320 -3133274*a^8 + 108454900*a^7 - 1533235828*a^6 + 11453776292*a^5 - 48862667978*a^4 + 119581561776*a^3 - 157796018656*a^2 + 94589701024*a - 17899512224 1200674*a^8 - 57253856*a^7 + 1018875828*a^6 - 8982351724*a^5 + 42723731866*a^4 - 110152245852*a^3 + 146287043352*a^2 - 90629822800*a + 20713070464 4396536*a^8 - 172722794*a^7 + 2720443516*a^6 - 22113917312*a^5 + 99385412760*a^4 - 245336246070*a^3 + 312150691388*a^2 - 181017503752*a + 37238817296 -9569744*a^8 + 325565502*a^7 - 4548673288*a^6 + 33705721380*a^5 - 142575534604*a^4 + 344441127246*a^3 - 448545248036*a^2 + 274945301816*a - 60088662672 5043242*a^8 - 183602328*a^7 + 2740812812*a^6 - 21579373964*a^5 + 95879990634*a^4 - 238675839828*a^3 + 311792504408*a^2 - 185804628560*a + 36467114560 7727970*a^8 - 230806616*a^7 + 2735305868*a^6 - 16361817324*a^5 + 51990755954*a^4 - 84506359668*a^3 + 60971033976*a^2 - 13675895152*a - 666630656 2514308*a^8 - 95286536*a^7 + 1526569132*a^6 - 13250172116*a^5 + 66414189832*a^4 - 190192190580*a^3 + 289077294920*a^2 - 196895952912*a + 45913608224 -5573816*a^8 + 196847616*a^7 - 2836840720*a^6 + 21534291024*a^5 - 92930634360*a^4 + 229973810064*a^3 - 314071491296*a^2 + 215086980160*a - 55565718208 -5477230*a^8 + 201300636*a^7 - 3015522072*a^6 + 23709423628*a^5 - 104780599242*a^4 + 257989967080*a^3 - 327726562784*a^2 + 178882367392*a - 29861663904 -2244602*a^8 + 80854224*a^7 - 1205886040*a^6 + 9607715504*a^5 - 44019250598*a^4 + 116073491384*a^3 - 166121478032*a^2 + 112118810976*a - 26884221152 522400*a^8 - 5328344*a^7 - 133400652*a^6 + 2787486208*a^5 - 20395203980*a^4 + 71306362864*a^3 - 118273758608*a^2 + 77486797024*a - 14658755136 -9160140*a^8 + 322110938*a^7 - 4634083176*a^6 + 35292967228*a^5 - 153620400008*a^4 + 383219929962*a^3 - 514799605548*a^2 + 317432319272*a - 66744956144 1727080*a^8 - 30079272*a^7 + 15123636*a^6 + 2895335920*a^5 - 24640262676*a^4 + 86871424624*a^3 - 140847368496*a^2 + 93097603168*a - 19898077504 4118980*a^8 - 157667530*a^7 + 2446722628*a^6 - 19899799004*a^5 + 91407221796*a^4 - 237333476930*a^3 + 328273296660*a^2 - 210203939912*a + 48108600080 2998572*a^8 - 101574388*a^7 + 1411636196*a^6 - 10405193280*a^5 + 43876092992*a^4 - 106517746772*a^3 + 143062695832*a^2 - 97080681904*a + 24581401824 -479494*a^8 + 940944*a^7 + 205786884*a^6 - 3126295640*a^5 + 19655741994*a^4 - 62090824776*a^3 + 101912073048*a^2 - 84215190736*a + 25888396576 2207440*a^8 - 67365704*a^7 + 824025000*a^6 - 5247596264*a^5 + 19155116472*a^4 - 42053402032*a^3 + 54887232272*a^2 - 36505522720*a + 10199951808 4549006*a^8 - 159766594*a^7 + 2249039490*a^6 - 16312385014*a^5 + 65211953264*a^4 - 142189035016*a^3 + 155903503744*a^2 - 70959672128*a + 6594184448 -1009128*a^8 + 28242546*a^7 - 288913924*a^6 + 1144526462*a^5 + 605713400*a^4 - 18381539764*a^3 + 50548346576*a^2 - 46401318592*a + 12184916128 2668590*a^8 - 109435108*a^7 + 1798623636*a^6 - 15381355590*a^5 + 73997248886*a^4 - 200505267298*a^3 + 286010033828*a^2 - 180847711784*a + 37590676848 -2423344*a^8 + 92710172*a^7 - 1456776768*a^6 + 12102439880*a^5 - 56866289592*a^4 + 149931598140*a^3 - 207089273896*a^2 + 128613310960*a - 27498062240 -2444376*a^8 + 97356312*a^7 - 1570336524*a^6 + 13205669408*a^5 - 62057858996*a^4 + 162086686624*a^3 - 220482936112*a^2 + 135370761376*a - 28460145728 -1198312*a^8 + 37627650*a^7 - 479570124*a^6 + 3217467324*a^5 - 12449899024*a^4 + 28786350762*a^3 - 38884551484*a^2 + 26606062760*a - 6623861488 4375504*a^8 - 164758212*a^7 + 2555890264*a^6 - 21048504872*a^5 + 98801142904*a^4 - 263850129124*a^3 + 377739339424*a^2 - 252304589680*a + 59435996416 1622300*a^8 - 54577472*a^7 + 716945480*a^6 - 4666264348*a^5 + 15751873276*a^4 - 26106820572*a^3 + 17511427288*a^2 - 3217033968*a - 310677344 -3589346*a^8 + 128622496*a^7 - 1906223992*a^6 + 15112630588*a^5 - 69152177134*a^4 + 183117120340*a^3 - 264623492568*a^2 + 180424403888*a - 44043103744 4960008*a^7 - 103444548*a^6 + 717910616*a^5 - 1504464196*a^4 - 3004314536*a^3 + 14874689856*a^2 - 13794393408*a + 2480061120 -656230*a^8 + 25349040*a^7 - 402579258*a^6 + 3360592196*a^5 - 15768416020*a^4 + 41456903200*a^3 - 57787797656*a^2 + 37592740224*a - 7854830368 -2682062*a^7 + 61994838*a^6 - 549653768*a^5 + 2426448338*a^4 - 6153176894*a^3 + 10833577100*a^2 - 13180390408*a + 5351991600 -3020072*a^7 + 97077958*a^6 - 1302405106*a^5 + 9208329806*a^4 - 35323134086*a^3 + 67892950980*a^2 - 53132006808*a + 13451108848 1641566*a^7 - 52451052*a^6 + 755727704*a^5 - 6111763744*a^4 + 27664657002*a^3 - 64107620396*a^2 + 64250142936*a - 20679201488 -1887264*a^7 + 43779934*a^6 - 427153832*a^5 + 2357177534*a^4 - 7870183268*a^3 + 14308980744*a^2 - 11043356080*a + 3824192896 -7424436*a^7 + 251830396*a^6 - 3358386666*a^5 + 22352176740*a^4 - 77283586158*a^3 + 129086179276*a^2 - 82106310936*a + 14598900528 5681004*a^7 - 206032568*a^6 + 2842040352*a^5 - 19147160672*a^4 + 66776514580*a^3 - 116800101656*a^2 + 90140647056*a - 24236884640 8610990*a^7 - 258284282*a^6 + 3022437956*a^5 - 17467694230*a^4 + 51788172018*a^3 - 73368729012*a^2 + 38985922792*a - 4189885680 over Number field with defining polynomial x^9-41*x^8+702*x^7-6530*x^6+35957*x^5-119749*x^4+236428*x^3-259696*x^2+139408*x-27344
For conductor 3, eigenvectors are:
-1 1 1 0 -1 -1 -1 0 over Number field with defining polynomial x+2
-2*a^6 - 50*a^5 - 492*a^4 - 2416*a^3 - 6168*a^2 - 7598*a - 3386 -2*a^5 - 40*a^4 - 302*a^3 - 1062*a^2 - 1692*a - 910 -a^6 - 25*a^5 - 248*a^4 - 1238*a^3 - 3234*a^2 - 4081*a - 1821 4*a^4 + 58*a^3 + 278*a^2 + 490*a + 202 -2*a^4 - 36*a^3 - 226*a^2 - 564*a - 436 2*a^4 + 38*a^3 + 256*a^2 + 718*a + 706 -2*a^5 - 42*a^4 - 334*a^3 - 1242*a^2 - 2128*a - 1308 -2*a^4 - 34*a^3 - 212*a^2 - 584*a - 604 over Number field with defining polynomial x^7+26*x^6+269*x^5+1410*x^4+3928*x^3+5491*x^2+3082*x+257
For conductor 13, eigenvectors are:
a+3 -1 over Number field with defining polynomial x^2+6*x+7
For conductor 39, eigenvectors are:
0 -18*a-24 0 18*a+24 3*a+6 -12*a-18 3*a+6 -9*a-6 6*a+12 7*a+8 -a-2 3*a+4 5*a+6 -2*a-2 a+2 7*a+10 3*a+2 -5*a-4 2*a+4 3*a+4 -4*a-4 -8*a-8 -3*a-2 -6*a-8 -3*a-2 -2 over Number field with defining polynomial x^2-2*x-4
80 -4*a+40 8*a-40 10 6*a-20 2*a-5 3*a-15 a-15 a-10 10 6*a-20 -2*a+20 2*a-10 2*a-10 -3*a+15 a-10 a-10 0 2*a-10 5 5 a-15 -2*a+20 2*a-5 -a+10 -5 over Number field with defining polynomial x^2-14*x+35
0 12*a-24 0 -30 6*a-12 -6*a+27 3*a+9 -3*a+21 9*a-18 10 -2*a+4 -2*a+4 -6*a+22 10*a-10 a+3 -3*a+6 a-2 -4*a+8 -2*a-6 5 -15 a-7 2*a-4 2*a-9 -5*a+10 -5 over Number field with defining polynomial x^2+2*x-13
-10*a^6 + 130*a^5 + 630*a^4 - 15970*a^3 + 82460*a^2 - 163560*a + 108080 -2*a^6 + 54*a^5 - 554*a^4 + 2846*a^3 - 7684*a^2 + 10008*a - 4816 -17*a^6 + 481*a^5 - 5285*a^4 + 29011*a^3 - 83626*a^2 + 118812*a - 64136 5*a^5 - 108*a^4 + 819*a^3 - 2698*a^2 + 3724*a - 1784 5*a^6 - 128*a^5 + 1223*a^4 - 5562*a^3 + 12540*a^2 - 13048*a + 4672 -2*a^6 + 66*a^5 - 815*a^4 + 4740*a^3 - 13608*a^2 + 18272*a - 9424 -a^6 + 12*a^5 + 70*a^4 - 1515*a^3 + 7610*a^2 - 15324*a + 10264 a^6 - 33*a^5 + 420*a^4 - 2572*a^3 + 7880*a^2 - 11328*a + 6112 2*a^5 - 38*a^4 + 167*a^3 + 190*a^2 - 2164*a + 2696 5*a^5 - 108*a^4 + 819*a^3 - 2698*a^2 + 3724*a - 1784 6*a^6 - 159*a^5 + 1588*a^4 - 7619*a^3 + 18298*a^2 - 20556*a + 8504 -3*a^6 + 83*a^5 - 863*a^4 + 4331*a^3 - 10858*a^2 + 12380*a - 4840 3*a^5 - 52*a^4 + 247*a^3 - 114*a^2 - 1412*a + 2024 -a^6 + 34*a^5 - 417*a^4 + 2304*a^3 - 5872*a^2 + 6096*a - 1808 19*a^5 - 435*a^4 + 3572*a^3 - 13368*a^2 + 22832*a - 14096 -a^6 + 27*a^5 - 271*a^4 + 1318*a^3 - 3364*a^2 + 4536*a - 2720 -4*a^5 + 94*a^4 - 739*a^3 + 2394*a^2 - 2972*a + 1112 -3*a^5 + 72*a^4 - 603*a^3 + 2250*a^2 - 3820*a + 2616 6*a^5 - 124*a^4 + 850*a^3 - 2364*a^2 + 2408*a - 592 -2*a^5 + 39*a^4 - 224*a^3 + 272*a^2 + 848*a - 1168 -a^6 + 29*a^5 - 326*a^4 + 1833*a^3 - 5486*a^2 + 8356*a - 5000 -2*a^5 + 55*a^4 - 515*a^3 + 2122*a^2 - 3820*a + 2280 -a^5 + 16*a^4 - 31*a^3 - 334*a^2 + 1316*a - 1192 4*a^5 - 85*a^4 + 626*a^3 - 2092*a^2 + 3256*a - 1760 4*a^5 - 94*a^4 + 739*a^3 - 2394*a^2 + 2972*a - 1112 -a^5 + 33*a^4 - 379*a^3 + 1978*a^2 - 4668*a + 3784 over Number field with defining polynomial x^7-35*x^6+483*x^5-3373*x^4+12780*x^3-26040*x^2+26224*x-10096
0 -84*a+324 0 12*a^2 + 36*a - 18 -6*a^2 + 36*a + 150 9*a^2 - 21*a - 3 -6*a^2 + 36*a + 150 -9*a^2 + 42*a - 78 12*a^2 - 39*a - 78 8*a^2 + 2*a - 160 2*a^2 - 12*a - 50 14*a-54 6*a^2 - 56 -6*a^2 + 14*a + 2 -2*a^2 + 12*a + 50 -3*a^2 - 25*a + 8 -5*a^2 + 23*a + 152 -4*a^2 - 15*a + 134 -6*a^2 - 14*a + 110 12*a^2 + 7*a - 139 21*a-81 15*a^2 - 140 -2*a^2 - 13*a + 30 -3*a^2 + 7*a + 1 25*a+20 7*a-27 over Number field with defining polynomial x^3+x^2-20*x-7
0 -36*a^5 + 228*a^4 - 60*a^3 - 1248*a^2 + 876*a + 1320 0 12*a^5 - 228*a^4 + 450*a^3 + 1302*a^2 - 1752*a - 2004 -18*a^5 + 96*a^4 - 114*a^3 - 168*a^2 + 210*a + 174 24*a^5 - 219*a^4 + 297*a^3 + 1047*a^2 - 1200*a - 1419 -9*a^5 + 39*a^4 + 141*a^3 - 150*a^2 - 336*a - 165 15*a^5 - 162*a^4 + 282*a^3 + 735*a^2 - 981*a - 1089 30*a^5 - 201*a^4 + 153*a^3 + 786*a^2 - 618*a - 900 22*a^5 - 88*a^4 - 148*a^3 + 488*a^2 + 140*a - 314 6*a^5 - 32*a^4 + 38*a^3 + 56*a^2 - 70*a - 58 6*a^5 - 38*a^4 + 10*a^3 + 208*a^2 - 146*a - 220 -30*a^5 + 188*a^4 - 72*a^3 - 1186*a^2 + 910*a + 1430 -8*a^5 + 76*a^4 - 158*a^3 - 368*a^2 + 566*a + 652 -3*a^5 + 13*a^4 + 47*a^3 - 50*a^2 - 112*a - 55 -4*a^5 + 32*a^4 - 34*a^3 - 89*a^2 + 79*a + 66 14*a^5 - 58*a^4 - 52*a^3 + 123*a^2 + 163*a + 60 6*a^5 - 34*a^4 - 45*a^3 + 303*a^2 - 89*a - 301 -2*a^5 + 32*a^4 - 16*a^3 - 204*a^2 + 126*a + 264 -8*a^5 + 58*a^4 - 2*a^3 - 206*a^2 + 11*a + 157 12*a^4 - 24*a^3 - 206*a^2 + 261*a + 327 -5*a^5 + 54*a^4 - 94*a^3 - 245*a^2 + 327*a + 363 -4*a^4 + 55*a^3 - 95*a^2 - 57*a + 81 -9*a^4 + 31*a^3 + 171*a^2 - 242*a - 341 41*a^4 - 137*a^3 - 228*a^2 + 448*a + 426 -6*a^4 + 52*a^3 + 54*a^2 - 185*a - 165 over Number field with defining polynomial x^6-8*x^5+6*x^4+49*x^3-30*x^2-77*x-21
-115*a+3445 -15*a+662 -23*a+689 a-62 -7*a+166 17*a-585 16*a-523 -13*a+471 2*a-57 a-62 -13*a+404 -5*a+310 5*a-176 11*a-414 -10*a+285 8*a-295 2*a-57 9*a-357 -4*a+181 9*a-290 15*a-528 -7*a+233 5*a-243 5*a-109 -2*a+57 -67 over Number field with defining polynomial x^2-59*x+819
0 180 0 270 -450 -45 0 0 -45 -90 150 -30 -60 180 0 75 15 0 -60 15 -45 0 -30 15 105 -15 over Number field with defining polynomial x-1
0 144 0 0 72 18 -54 54 18 0 -24 -24 -12 0 -18 24 12 -18 6 30 0 -18 -6 -6 30 15 over Number field with defining polynomial x-1
For conductor 17, eigenvectors are:
a+4 2 over Number field with defining polynomial x^2+14*x+32
For conductor 51, eigenvectors are:
a vector of length 30 over Number field with defining polynomial a number field of degree 12
24 12 0 6 6 -3 -6 -6 3 -6 6 14 -6 -8 -6 -8 -4 -2 -5 -1 2 0 -2 1 5 -2 -2 -3 5 -1 over Number field with defining polynomial x-5
40*a-300 -4*a+72 -2*a+78 -2*a+36 -42 a-18 a+3 a+3 -21 2*a-36 -8*a+32 4*a-16 -2*a+1 2*a-22 a+3 -6*a+52 a-11 4*a-23 -3*a+33 7 -4*a+23 -4*a+37 -3*a+12 -7 3*a-33 4*a-23 a-25 a-18 -5*a+41 7 over Number field with defining polynomial x^2-12*x+18
0 -24*a^3 - 240*a^2 - 492*a - 120 0 -78*a^3 - 264*a^2 + 36*a + 516 -6*a^3 - 108*a^2 - 438*a - 510 -30*a^3 - 18*a^2 + 360*a + 543 -30*a^3 - 114*a^2 + 12*a + 276 -12*a^3 - 72*a^2 - 213*a - 273 36*a^3 + 105*a^2 - 45*a - 219 -12*a^3 - 74*a^2 - 142*a - 78 2*a^3 + 36*a^2 + 146*a + 170 4*a^3 + 40*a^2 + 82*a + 20 -26*a^3 - 88*a^2 + 12*a + 172 16*a^3 - 28*a^2 - 322*a - 382 -6*a^3 - 12*a^2 + 4*a - 12 10*a^3 + 38*a^2 - 4*a - 92 8*a^3 + 34*a^2 + 60*a + 58 10*a^3 + 38*a^2 - 4*a - 92 16*a^3 + 59*a^2 + 56*a + 18 -8*a^3 - 25*a^2 + 4*a + 40 -10*a^3 - 38*a^2 + 4*a + 92 7*a^3 + 30*a^2 - 25*a - 134 16*a^3 + 36*a^2 - 90*a - 204 16*a^3 + 20*a^2 - 195*a - 364 6*a^3 + 14*a^2 + 19*a + 48 8*a^3 - 14*a^2 - 161*a - 191 -21*a^3 - 62*a^2 + 51*a + 188 46*a^2 + 198*a + 213 -39*a^2 - 157*a - 151 16*a^2 + 105*a + 160 over Number field with defining polynomial x^4+2*x^3-9*x^2-23*x-9
a vector of length 30 over Number field with defining polynomial a number field of degree 11
For conductor 221, eigenvectors are:
60 -12 -12 12 12 12 -12 36 -6 6 0 0 -6 0 0 8 3 18 -6 -3 -12 -6 14 -10 -2 2 10 8 0 6 -8 -4 -14 2 0 -14 -3 -15 -10 -4 -2 14 4 4 7 3 -10 -2 3 -1 4 -5 over Number field with defining polynomial x-11
140 62 31 -25 31 -67 -4 70 12 -18 19 -20 21 -4 -15 8 -7 7 -13 -11 10 37 -23 8 -16 -29 31 -2 -6 -32 -5 -11 10 3 -4 -21 19 13 9 -1 -10 -3 -14 -8 -20 -12 -6 17 -1 -4 16 -12 over Number field with defining polynomial x-10
a vector of length 52 over Number field with defining polynomial a number field of degree 10
a vector of length 52 over Number field with defining polynomial a number field of degree 13
a vector of length 52 over Number field with defining polynomial a number field of degree 27
For conductor 663, eigenvectors are:
-2 0 0 -1 1 1 -2 0 over Number field with defining polynomial x+5
-4*a^4 - 44*a^3 - 168*a^2 - 256*a - 124 -a^6 - 21*a^5 - 164*a^4 - 616*a^3 - 1168*a^2 - 1043*a - 335 4*a^3 + 34*a^2 + 94*a + 84 2*a^4 + 20*a^3 + 74*a^2 + 122*a + 78 2*a^3 + 20*a^2 + 58*a + 44 2*a^4 + 26*a^3 + 122*a^2 + 244*a + 174 2*a^4 + 26*a^3 + 118*a^2 + 218*a + 132 -a^5 - 18*a^4 - 120*a^3 - 372*a^2 - 534*a - 281 over Number field with defining polynomial x^7+24*x^6+225*x^5+1072*x^4+2776*x^3+3803*x^2+2396*x+443
For conductor 1:
traces of hecke eigenvalues of T_{p^1} are:
15 156 400 1464 7240 12720 25260 30784 52060 70644 81400 106080 151740 208920 230764 305320 363024 394420 499360 578760 712980 922180 
computing eigenvalues for k = 1, took 151.144566 sec
traces of hecke eigenvalues of T_{p^2} are:
30 780 2800 
computing eigenvalues for k = 2, took 0.224205 sec
traces of hecke eigenvalues of T_{p^1} are:
3 36 28 108 496 492 900 820 1348 1380 1744 2544 3180 3792 3892 4072 4404 5764 5836 7728 7236 9124 
computing eigenvalues for k = 1, took 146.130873 sec
traces of hecke eigenvalues of T_{p^2} are:
-6 60 -176 
computing eigenvalues for k = 2, took 0.227291 sec
traces of hecke eigenvalues of T_{p^1} are:
1 23 43 106 254 456 788 1188 1275 2058 1691 2151 2430 3246 3726 5034 5121 5500 7624 6664 6820 9576 
computing eigenvalues for k = 1, took 148.482643 sec
traces of hecke eigenvalues of T_{p^2} are:
-12 -18 -56 
computing eigenvalues for k = 2, took 0.222957 sec
traces of hecke eigenvalues of T_{p^1} are:
-4 -26 114 -16 -134 228 520 674 152 -258 256 -24 276 -3912 -1600 878 -1800 -1536 2820 -1792 4106 3824 
computing eigenvalues for k = 1, took 12.868676 sec
traces of hecke eigenvalues of T_{p^2} are:
7 64 264 
computing eigenvalues for k = 2, took 0.354681 sec
traces of hecke eigenvalues of T_{p^1} are:
23 98 160 430 998 1766 2700 2828 4328 5886 5530 7268 9196 10404 11328 12264 14376 15412 18684 19364 25424 28920 
computing eigenvalues for k = 1, took 147.743175 sec
traces of hecke eigenvalues of T_{p^2} are:
24 120 80 
computing eigenvalues for k = 2, took 0.248793 sec
traces of hecke eigenvalues of T_{p^1} are:
20 94 198 380 1234 1608 2608 3278 4592 5646 5416 6744 7908 8832 11576 13742 14388 15984 18936 20120 25466 31760 
computing eigenvalues for k = 1, took 141.454823 sec
traces of hecke eigenvalues of T_{p^2} are:
15 96 384 
computing eigenvalues for k = 2, took 0.221545 sec
traces of hecke eigenvalues of T_{p^1} are:
89 438 878 2012 5684 7758 12592 14674 20110 24346 27114 32076 39858 49978 54566 64936 72980 76550 86588 94642 112390 134388 
computing eigenvalues for k = 1, took 144.133782 sec
traces of hecke eigenvalues of T_{p^2} are:
57 444 1424 
computing eigenvalues for k = 2, took 0.222157 sec
traces of hecke eigenvalues of T_{p^1} are:
-18 -39 86 -92 553 24 -1110 818 1027 -493 1988 897 -888 1769 1824 2145 817 964 -735 3340 -3745 -368 
computing eigenvalues for k = 1, took 12.653902 sec
traces of hecke eigenvalues of T_{p^2} are:
-24 -266 -64 
computing eigenvalues for k = 2, took 0.368687 sec
traces of hecke eigenvalues of T_{p^1} are:
41 245 455 1049 3351 4977 7410 8751 12170 14512 17146 18777 24785 30990 33551 40359 45836 47808 57506 63062 68087 82199 
computing eigenvalues for k = 1, took 143.669989 sec
traces of hecke eigenvalues of T_{p^2} are:
-12 66 40 
computing eigenvalues for k = 2, took 0.227432 sec
For conductor 3:
traces of hecke eigenvalues of T_{p^1} are:
-2 -22 30 -36 -2 -4 192 -90 -360 -630 696 300 876 -132 -536 306 -740 -1120 1652 -1220 -130 304 
computing eigenvalues for k = 1, took 341.216623 sec
traces of hecke eigenvalues of T_{p^2} are:
3 48 56 
computing eigenvalues for k = 2, took 0.708712 sec
traces of hecke eigenvalues of T_{p^1} are:
-26 -78 -67 -76 -15 -105 -190 -110 259 -386 113 -1451 -1013 -881 785 -2661 269 -2960 -819 -1628 3482 -331 
computing eigenvalues for k = 1, took 337.423445 sec
traces of hecke eigenvalues of T_{p^2} are:
13 -1 -132 
computing eigenvalues for k = 2, took 0.711573 sec
For conductor 13:
traces of hecke eigenvalues of T_{p^1} are:
-6 -20 -58 90 -142 -102 228 160 -226 90 -140 -746 -96 -500 -656 -980 438 176 112 632 1112 -460 
computing eigenvalues for k = 1, took 573.005160 sec
traces of hecke eigenvalues of T_{p^2} are:
2 -2 56 
computing eigenvalues for k = 2, took 0.659576 sec
For conductor 39:
traces of hecke eigenvalues of T_{p^1} are:
2 6 -33 21 39 184 190 -82 -474 -8 146 2 735 70 509 760 -96 -1196 -330 1368 -309 -1467 
computing eigenvalues for k = 1, took 181.146341 sec
traces of hecke eigenvalues of T_{p^2} are:
0 -80 24 
computing eigenvalues for k = 2, took 2.331679 sec
traces of hecke eigenvalues of T_{p^1} are:
14 84 112 220 808 1112 2144 2024 2712 3644 3168 4188 5560 7220 8192 8640 10652 9904 12208 12556 16980 18480 
computing eigenvalues for k = 1, took 405.131125 sec
traces of hecke eigenvalues of T_{p^2} are:
12 192 96 
computing eigenvalues for k = 2, took 4.369540 sec
traces of hecke eigenvalues of T_{p^1} are:
-2 4 56 -44 -104 192 752 288 -248 -292 -272 -324 472 -1276 -592 64 -140 -1776 1464 -2052 2740 -144 
computing eigenvalues for k = 1, took 180.364102 sec
traces of hecke eigenvalues of T_{p^2} are:
4 0 96 
computing eigenvalues for k = 2, took 2.356936 sec
traces of hecke eigenvalues of T_{p^1} are:
35 206 380 932 2498 3834 5674 7122 9754 12630 13864 16116 20058 24332 25798 31134 36048 36614 44228 48206 55594 64080 
computing eigenvalues for k = 1, took 402.131507 sec
traces of hecke eigenvalues of T_{p^2} are:
0 144 240 
computing eigenvalues for k = 2, took 4.288546 sec
traces of hecke eigenvalues of T_{p^1} are:
-1 13 -32 59 51 -28 36 -289 91 33 606 621 66 2279 -365 355 -293 -984 -350 934 -1369 -596 
computing eigenvalues for k = 1, took 179.050953 sec
traces of hecke eigenvalues of T_{p^2} are:
-2 4 6 
computing eigenvalues for k = 2, took 2.399245 sec
traces of hecke eigenvalues of T_{p^1} are:
8 1 42 -13 -171 104 -166 289 -677 515 -72 1669 734 743 -353 -2443 2441 -376 748 1172 -597 -4 
computing eigenvalues for k = 1, took 178.899169 sec
traces of hecke eigenvalues of T_{p^2} are:
2 -44 -174 
computing eigenvalues for k = 2, took 2.464311 sec
traces of hecke eigenvalues of T_{p^1} are:
14 59 117 305 951 1123 1920 1703 2934 3060 3466 4353 5373 6558 7135 8435 9150 11208 11806 13760 17013 16693 
computing eigenvalues for k = 1, took 447.494509 sec
traces of hecke eigenvalues of T_{p^2} are:
12 42 136 
computing eigenvalues for k = 2, took 4.923961 sec
traces of hecke eigenvalues of T_{p^1} are:
1 6 -2 -14 -64 76 36 230 -242 26 88 496 0 316 -616 104 102 1438 -664 64 948 258 
computing eigenvalues for k = 1, took 188.559873 sec
traces of hecke eigenvalues of T_{p^2} are:
-8 -24 16 
computing eigenvalues for k = 2, took 2.767592 sec
traces of hecke eigenvalues of T_{p^1} are:
1 -12 -11 19 47 157 168 2 187 107 -482 187 -54 -188 -424 62 -273 724 -154 -98 90 1218 
computing eigenvalues for k = 1, took 184.591779 sec
traces of hecke eigenvalues of T_{p^2} are:
-5 3 -68 
computing eigenvalues for k = 2, took 2.694541 sec
For conductor 17:
traces of hecke eigenvalues of T_{p^1} are:
-6 -14 -55 15 1 97 -180 -642 -443 289 74 -73 232 -832 252 -344 -263 -800 336 -454 678 1604 
computing eigenvalues for k = 1, took 586.583079 sec
traces of hecke eigenvalues of T_{p^2} are:
1 -39 106 
computing eigenvalues for k = 2, took 0.682861 sec
For conductor 51:
traces of hecke eigenvalues of T_{p^1} are:
2 17 -1 116 110 668 620 -147 -135 1229 1670 1177 -139 -345 -1898 -2131 2957 -348 -1688 2078 -1528 -367 
computing eigenvalues for k = 1, took 186.004514 sec
traces of hecke eigenvalues of T_{p^2} are:
-2 -40 -96 
computing eigenvalues for k = 2, took 2.507344 sec
traces of hecke eigenvalues of T_{p^1} are:
5 46 90 84 400 610 870 774 1590 1584 2040 1740 2700 3360 3934 3600 4574 4940 6710 8240 7240 10000 
computing eigenvalues for k = 1, took 426.709757 sec
traces of hecke eigenvalues of T_{p^2} are:
0 120 320 
computing eigenvalues for k = 2, took 4.541585 sec
traces of hecke eigenvalues of T_{p^1} are:
12 66 104 330 734 906 2184 2516 2900 4014 3602 4932 5424 7524 7964 8144 8376 11672 13148 14940 15732 20036 
computing eigenvalues for k = 1, took 405.177712 sec
traces of hecke eigenvalues of T_{p^2} are:
6 84 32 
computing eigenvalues for k = 2, took 4.148921 sec
traces of hecke eigenvalues of T_{p^1} are:
-2 11 -4 83 -329 122 130 107 -283 283 -382 1313 716 1029 -79 2285 389 192 -518 -776 113 -2714 
computing eigenvalues for k = 1, took 175.674782 sec
traces of hecke eigenvalues of T_{p^2} are:
-12 16 -94 
computing eigenvalues for k = 2, took 2.296254 sec
traces of hecke eigenvalues of T_{p^1} are:
65 321 547 1505 4075 6151 9362 10651 14796 18410 20162 24737 31197 40206 40333 48971 58158 56754 68090 77438 88747 101539 
computing eigenvalues for k = 1, took 397.190713 sec
traces of hecke eigenvalues of T_{p^2} are:
30 210 -24 
computing eigenvalues for k = 2, took 4.557515 sec
For conductor 221:
traces of hecke eigenvalues of T_{p^1} are:
11 36 36 202 476 454 822 680 1668 2082 1432 2088 3528 4320 3390 4532 4792 4654 6410 8252 8792 8982 
computing eigenvalues for k = 1, took 394.953023 sec
traces of hecke eigenvalues of T_{p^2} are:
18 60 -112 
computing eigenvalues for k = 2, took 4.617830 sec
traces of hecke eigenvalues of T_{p^1} are:
10 20 46 150 306 420 1080 762 1360 1608 1928 2702 2108 3490 3556 5138 4742 6228 6592 7134 7824 8716 
computing eigenvalues for k = 1, took 417.879116 sec
traces of hecke eigenvalues of T_{p^2} are:
15 -36 -32 
computing eigenvalues for k = 2, took 4.446509 sec
traces of hecke eigenvalues of T_{p^1} are:
51 309 543 1247 3791 5263 8010 10099 13582 16168 18290 21687 28551 34456 38675 45703 49850 53116 61546 67344 78555 95037 
computing eigenvalues for k = 1, took 397.123666 sec
traces of hecke eigenvalues of T_{p^2} are:
3 294 344 
computing eigenvalues for k = 2, took 4.667424 sec
traces of hecke eigenvalues of T_{p^1} are:
74 388 764 1660 5316 7192 11418 13484 18192 22622 25982 29256 37022 46542 50512 58856 64626 70142 86142 92154 105018 125600 
computing eigenvalues for k = 1, took 406.559731 sec
traces of hecke eigenvalues of T_{p^2} are:
27 300 912 
computing eigenvalues for k = 2, took 4.456938 sec
traces of hecke eigenvalues of T_{p^1} are:
-19 -55 139 -71 394 171 -1232 1408 1198 -1686 1340 2108 -392 -1927 3518 793 2258 -2382 3999 3080 -3843 3774 
computing eigenvalues for k = 1, took 154.509214 sec
traces of hecke eigenvalues of T_{p^2} are:
-22 -217 -428 
computing eigenvalues for k = 2, took 2.693941 sec
For conductor 663:
traces of hecke eigenvalues of T_{p^1} are:
-5 -8 -10 -80 68 -32 -42 150 268 -210 -352 -168 48 -152 -10 -436 -54 -82 -460 -720 412 214 
computing eigenvalues for k = 1, took 323.202236 sec
traces of hecke eigenvalues of T_{p^2} are:
4 -4 16 
computing eigenvalues for k = 2, took 0.705951 sec
traces of hecke eigenvalues of T_{p^1} are:
-24 -65 -79 -13 2 -474 -226 -56 -721 -215 -168 -1439 -627 253 265 -453 -245 236 -1259 1304 1070 181 
computing eigenvalues for k = 1, took 320.017313 sec
traces of hecke eigenvalues of T_{p^2} are:
8 -4 -112 
computing eigenvalues for k = 2, took 0.697443 sec
