constructing eigenvector for poly
x-19
constructing eigenvector for poly
x-40
constructing eigenvector for poly
x^4+9*x^3-40*x^2-271*x-195
constructing eigenvector for poly
x^10+16*x^9-41*x^8-1193*x^7-237*x^6+28672*x^5+16912*x^4-233513*x^3+12314*x^2+448258*x-270965
constructing eigenvector for poly
x^4+4*x^3-15*x^2-31*x+68
constructing eigenvector for poly
x^10-110*x^9+5262*x^8-143671*x^7+2470367*x^6-27838158*x^5+207275981*x^4-1001787160*x^3+2989338408*x^2-4933576640*x+3382243600
constructing eigenvector for poly
x^19-204*x^18+19453*x^17-1151913*x^16+47457976*x^15-1444418508*x^14+33654889693*x^13-613820083876*x^12+8885253450304*x^11-102879875555487*x^10+955770788988569*x^9-7115890665194043*x^8+42227535121055659*x^7-197695947526385862*x^6+718335173332158415*x^5-1975739062218953247*x^4+3957575715666556896*x^3-5419189577451452784*x^2+4510237177843945392*x-1709723477706634064
constructing eigenvector for poly
x+15
constructing eigenvector for poly
x^10+16*x^9-41*x^8-1193*x^7-237*x^6+28672*x^5+16912*x^4-233513*x^3+12314*x^2+448258*x-270965
constructing eigenvector for poly
x^2+14*x+41
constructing eigenvector for poly
x+1
constructing eigenvector for poly
x^2+5*x-23
constructing eigenvector for poly
x^6+10*x^5+18*x^4-71*x^3-273*x^2-289*x-88
constructing eigenvector for poly
x^8-84*x^7+2982*x^6-58271*x^5+683357*x^4-4908992*x^3+21041089*x^2-49155470*x+47958404
computing eigenvectors took 0.504980 sec
For conductor 1, eigenvectors are:
-32 16 -8 16 16 -8 0 10 -8 -2 0 4 4 -12 4 -4 4 0 -4 4 13 -6 0 2 2 -10 6 0 4 -2 0 -4 3 5 0 -3 -1 3 -2 4 0 -1 -2 0 0 5 -2 -3 -3 over Number field with defining polynomial x-19
-1 -1 -1 -1 -1 -1 -1 -1 -1 -1 -1 -1 -1 -1 -1 -1 -1 -1 -1 -1 -1 -1 -1 -1 -1 -1 -1 -1 -1 -1 -1 -1 -1 -1 -1 -1 -1 -1 -1 -1 -1 -1 -1 -1 -1 -1 -1 -1 -1 over Number field with defining polynomial x-40
0 -240*a^2 - 1800*a + 5400 -120*a^3 - 1320*a^2 + 1080*a + 18600 80*a^2 + 600*a - 1800 120*a^2 + 1840*a + 5400 120*a^2 + 1840*a + 5400 0 30*a^3 + 330*a^2 - 330*a - 3150 0 60*a-1500 0 -20*a^2 - 620*a - 3600 40*a^2 + 260*a + 100 20*a^3 + 220*a^2 - 180*a - 3100 -40*a^2 - 260*a - 100 -20*a^3 - 200*a^2 - 100*a - 2400 -20*a^3 - 20*a^2 + 2660*a + 5700 160*a^2 + 2140*a + 4500 -80*a^2 - 600*a + 1800 20*a^3 + 120*a^2 - 1360*a - 5900 15*a^3 + 165*a^2 - 135*a - 2325 30*a^3 + 290*a^2 - 590*a - 3250 -20*a^3 - 160*a^2 + 630*a + 1750 10*a^3 + 30*a^2 - 1160*a - 3800 -10*a^3 - 60*a^2 + 680*a + 2950 -30*a^2 - 460*a - 1350 -10*a^3 - 140*a^2 - 370*a + 200 20*a^3 + 150*a^2 - 980*a - 2550 10*a^3 + 80*a^2 - 550*a - 2900 -20*a+500 -10*a^3 - 70*a^2 + 370*a + 1150 10*a^3 + 10*a^2 - 1310*a - 3350 -30*a^2 - 460*a - 1350 -5*a^3 - 55*a^2 + 55*a + 525 -10*a+250 10*a^3 + 120*a^2 + 210*a + 500 20*a^2 + 150*a - 450 10*a^3 + 90*a^2 - 250*a - 850 0 -10*a^3 - 80*a^2 + 550*a + 2900 -20*a^2 - 150*a + 450 -20*a^3 - 185*a^2 + 560*a + 3325 20*a^2 + 140*a - 200 15*a^2 + 230*a + 675 20*a^3 + 150*a^2 - 930*a - 3800 -35*a^2 - 370*a - 475 -25*a^3 - 240*a^2 + 625*a + 3600 10*a^2 + 80*a - 350 15*a^2 + 235*a + 550 over Number field with defining polynomial x^4+9*x^3-40*x^2-271*x-195
a vector of length 49 over Number field with defining polynomial a number field of degree 10
0 216*a-216 -72*a^2 - 288*a + 1008 -72*a+72 -24*a^3 - 24*a^2 + 336*a - 288 -24*a^3 - 24*a^2 + 336*a - 288 0 -36*a^2 - 36*a + 234 0 18*a^3 - 18*a^2 - 342*a + 666 0 12*a^3 + 60*a^2 - 120*a - 168 12*a^2 - 24*a + 12 12*a^2 + 48*a - 168 -12*a^2 + 24*a - 12 -12*a^3 - 24*a^2 + 228*a - 300 12*a^3 + 24*a^2 - 192*a + 156 36*a-144 12*a^3 + 60*a^2 - 156*a - 132 -12*a^3 - 12*a^2 + 168*a - 144 9*a^3 + 9*a^2 - 126*a + 189 12*a^3 + 6*a^2 - 192*a + 228 -6*a^3 - 18*a^2 + 54*a + 78 6*a^2 + 6*a - 12 6*a^3 + 6*a^2 - 84*a + 72 6*a^3 + 6*a^2 - 84*a + 72 -54 -54*a+108 -6*a^3 + 72*a - 66 -6*a^3 + 6*a^2 + 114*a - 222 6*a^3 + 6*a^2 - 30*a + 18 -6*a^3 - 18*a^2 + 90*a - 66 6*a^3 + 6*a^2 - 84*a + 72 6*a^2 + 6*a - 39 -6*a^3 - 12*a^2 + 114*a - 96 -6*a^2 - 24*a + 84 6*a^3 - 126*a + 228 -6*a^3 - 3*a^2 + 132*a - 231 0 6*a^3 - 72*a + 66 18*a-18 3*a^3 + 3*a^2 - 69*a + 90 -6*a^3 - 12*a^2 + 96*a - 78 -6*a^3 - 3*a^2 + 96*a - 141 -6*a^2 - 24*a + 84 -3*a^2 - 39*a + 69 -3*a^3 + 3*a^2 + 66*a - 120 3*a^2 + 12*a - 15 3*a^2 - 15*a + 12 over Number field with defining polynomial x^4+4*x^3-15*x^2-31*x+68
a vector of length 49 over Number field with defining polynomial a number field of degree 10
a vector of length 49 over Number field with defining polynomial a number field of degree 19
For conductor 2, eigenvectors are:
0 2 2 0 0 0 0 2 2 1 -1 over Number field with defining polynomial x+15
a vector of length 11 over Number field with defining polynomial a number field of degree 10
For conductor 181, eigenvectors are:
a+5 2 over Number field with defining polynomial x^2+14*x+41
For conductor 362, eigenvectors are:
-12 0 0 12 4 0 0 -8 4 -2 0 4 2 -2 0 -3 1 over Number field with defining polynomial x+1
18 0 0 9 -6 2*a+2 0 -6 -6 3 0 a+4 -a-4 a+4 -a-1 0 3 over Number field with defining polynomial x^2+5*x-23
6*a^5 + 66*a^4 + 510*a^3 + 1836*a^2 + 2604*a + 1242 0 -48*a^5 - 378*a^4 - 684*a^3 + 732*a^2 + 2664*a + 1578 -9*a^5 - 108*a^4 - 435*a^3 - 729*a^2 - 594*a - 273 6*a^5 + 70*a^4 + 380*a^3 + 1186*a^2 + 1870*a + 1056 -8*a^5 - 34*a^4 - 14*a^3 + 8*a^2 - 206*a - 218 16*a^5 + 126*a^4 + 228*a^3 - 244*a^2 - 888*a - 526 -8*a^5 - 142*a^4 - 728*a^3 - 1444*a^2 - 1064*a - 166 8*a^5 + 78*a^4 + 412*a^3 + 988*a^2 + 740*a - 26 a^5 + 11*a^4 + 85*a^3 + 306*a^2 + 434*a + 207 -52*a^4 - 279*a^3 - 409*a^2 + 13*a + 259 a^5 - 42*a^4 - 317*a^3 - 770*a^2 - 732*a - 204 30*a^4 + 223*a^3 + 553*a^2 + 529*a + 189 7*a^5 + 77*a^4 + 286*a^3 + 412*a^2 + 201*a - 15 -29*a^4 - 268*a^3 - 903*a^2 - 1266*a - 626 8*a^4 + 55*a^3 + 59*a^2 - 181*a - 263 16*a^4 + 79*a^3 + 114*a^2 + 81*a + 48 over Number field with defining polynomial x^6+10*x^5+18*x^4-71*x^3-273*x^2-289*x-88
6*a^6 - 393*a^5 + 10236*a^4 - 134949*a^3 + 942498*a^2 - 3277008*a + 4420350 -6*a^6 + 375*a^5 - 9252*a^4 + 114711*a^3 - 748341*a^2 + 2411979*a - 2958006 -a^7 + 74*a^6 - 2251*a^5 + 36334*a^4 - 334450*a^3 + 1747306*a^2 - 4784574*a + 5302730 a^7 - 77*a^6 + 2461*a^5 - 42208*a^4 + 417799*a^3 - 2373196*a^2 + 7112916*a - 8632232 a^6 - 69*a^5 + 1883*a^4 - 25693*a^3 + 181488*a^2 - 613616*a + 762510 a^7 - 75*a^6 + 2323*a^5 - 38423*a^4 + 365520*a^3 - 1995049*a^2 + 5777179*a - 6840420 -3*a^6 + 203*a^5 - 5492*a^4 + 75590*a^3 - 553538*a^2 + 2023406*a - 2864138 a^6 - 64*a^5 + 1632*a^4 - 21236*a^3 + 148894*a^2 - 534171*a + 764692 2*a^6 - 133*a^5 + 3534*a^4 - 47822*a^3 + 345553*a^2 - 1256292*a + 1793994 -4*a^6 + 262*a^5 - 6833*a^4 + 90429*a^3 - 636703*a^2 + 2246207*a - 3093902 a^7 - 77*a^6 + 2454*a^5 - 41826*a^4 + 410040*a^3 - 2300844*a^2 + 6807980*a - 8166868 -a^7 + 76*a^6 - 2392*a^5 + 40306*a^4 - 391213*a^3 + 2176537*a^2 - 6390795*a + 7602930 -a^6 + 69*a^5 - 1902*a^4 + 26586*a^3 - 196659*a^2 + 722121*a - 1029302 7*a^5 - 382*a^4 + 7759*a^3 - 72352*a^2 + 304936*a - 465364 2*a^6 - 131*a^5 + 3403*a^4 - 44520*a^3 + 305795*a^2 - 1030801*a + 1326448 -a^6 + 62*a^5 - 1520*a^4 + 18827*a^3 - 124307*a^2 + 417185*a - 563938 a^6 - 71*a^5 + 2014*a^4 - 28995*a^3 + 221246*a^2 - 839107*a + 1230056 over Number field with defining polynomial x^8-84*x^7+2982*x^6-58271*x^5+683357*x^4-4908992*x^3+21041089*x^2-49155470*x+47958404
For conductor 1:
traces of hecke eigenvalues of T_{p^1} are:
19 12 76 99 202 204 346 555 654 859 1030 1986 2155 2163 2400 3261 3937 4504 5589 4459 7312 8094 8754 8284 
computing eigenvalues for k = 1, took 17.069449 sec
traces of hecke eigenvalues of T_{p^2} are:
36 -84 208 
computing eigenvalues for k = 2, took 0.229199 sec
traces of hecke eigenvalues of T_{p^1} are:
40 156 400 1464 2380 5220 7240 12720 25260 30784 52060 70644 81400 106080 151740 208920 230764 305320 363024 394420 499360 578760 712980 922180 
computing eigenvalues for k = 1, took 16.942187 sec
traces of hecke eigenvalues of T_{p^2} are:
120 780 2800 
computing eigenvalues for k = 2, took 0.227385 sec
traces of hecke eigenvalues of T_{p^1} are:
-9 14 -25 10 26 138 -136 553 31 -439 102 -22 -542 160 -255 1112 1092 -1877 -1007 579 -200 1185 -1235 2044 
computing eigenvalues for k = 1, took 10.009928 sec
traces of hecke eigenvalues of T_{p^2} are:
0 32 -50 
computing eigenvalues for k = 2, took 0.319744 sec
traces of hecke eigenvalues of T_{p^1} are:
-16 -14 -38 59 249 9 123 -456 -253 193 278 99 243 -447 523 -1260 2685 -897 1988 -175 -594 -225 1253 1051 
computing eigenvalues for k = 1, took 9.947820 sec
traces of hecke eigenvalues of T_{p^2} are:
-24 -91 -84 
computing eigenvalues for k = 2, took 0.317524 sec
traces of hecke eigenvalues of T_{p^1} are:
-4 38 -20 -81 -47 205 36 -51 552 -116 -160 847 -246 -202 861 -771 -1953 498 196 893 -1111 -846 1760 -1130 
computing eigenvalues for k = 1, took 9.915548 sec
traces of hecke eigenvalues of T_{p^2} are:
-10 -28 30 
computing eigenvalues for k = 2, took 0.329075 sec
traces of hecke eigenvalues of T_{p^1} are:
110 307 520 1259 1764 3057 3700 5707 8857 9668 13228 17666 18086 21729 27825 34361 36283 42441 50528 51056 60594 66515 77703 91875 
computing eigenvalues for k = 1, took 17.023306 sec
traces of hecke eigenvalues of T_{p^2} are:
40 282 160 
computing eigenvalues for k = 2, took 0.234050 sec
traces of hecke eigenvalues of T_{p^1} are:
204 554 991 2264 3362 5784 6932 9840 15756 18514 26874 30976 35112 42406 54697 66288 72242 86057 94352 104276 117930 130824 152210 181482 
computing eigenvalues for k = 1, took 17.328525 sec
traces of hecke eigenvalues of T_{p^2} are:
56 360 328 
computing eigenvalues for k = 2, took 0.236631 sec
For conductor 2:
traces of hecke eigenvalues of T_{p^1} are:
-15 -12 -16 -5 22 -78 -56 -107 64 -167 426 -360 213 -149 -270 35 -143 -1038 287 237 -338 1032 -328 -1450 
computing eigenvalues for k = 1, took 395.397778 sec
traces of hecke eigenvalues of T_{p^2} are:
26 2 -52 
computing eigenvalues for k = 2, took 0.667259 sec
traces of hecke eigenvalues of T_{p^1} are:
-16 -14 -38 59 249 9 123 -456 -253 193 278 99 243 -447 523 -1260 2685 -897 1988 -175 -594 -225 1253 1051 
computing eigenvalues for k = 1, took 396.400222 sec
traces of hecke eigenvalues of T_{p^2} are:
-24 -91 -84 
computing eigenvalues for k = 2, took 0.626443 sec
For conductor 181:
traces of hecke eigenvalues of T_{p^1} are:
-14 -32 -12 -30 -16 -88 88 18 -328 250 -468 312 -50 98 -392 330 -150 -268 -186 -286 660 -84 284 -1600 
computing eigenvalues for k = 1, took 671.693934 sec
traces of hecke eigenvalues of T_{p^2} are:
4 32 12 
computing eigenvalues for k = 2, took 0.677771 sec
For conductor 362:
traces of hecke eigenvalues of T_{p^1} are:
-1 -8 -12 -13 -22 -16 62 189 -234 -91 -214 210 167 393 -312 337 -673 -556 -61 687 180 -826 414 1076 
computing eigenvalues for k = 1, took 149.472693 sec
traces of hecke eigenvalues of T_{p^2} are:
-16 -8 -48 
computing eigenvalues for k = 2, took 0.669470 sec
traces of hecke eigenvalues of T_{p^1} are:
-5 -18 -5 76 56 -16 -34 -3 67 -187 -116 490 240 100 -351 88 -36 895 515 -1069 -2050 945 1219 294 
computing eigenvalues for k = 1, took 148.485615 sec
traces of hecke eigenvalues of T_{p^2} are:
6 34 -38 
computing eigenvalues for k = 2, took 0.647205 sec
traces of hecke eigenvalues of T_{p^1} are:
-10 -6 -28 3 -229 263 110 369 6 230 -498 -441 188 1128 741 121 -1769 -1326 300 -381 2639 4272 890 -844 
computing eigenvalues for k = 1, took 148.873126 sec
traces of hecke eigenvalues of T_{p^2} are:
-6 -56 2 
computing eigenvalues for k = 2, took 0.642563 sec
traces of hecke eigenvalues of T_{p^1} are:
84 216 385 1009 1339 2249 2861 4108 6466 7581 10133 13104 14466 17946 22605 28405 30597 36343 38913 43423 50566 56908 64283 75753 
computing eigenvalues for k = 1, took 150.320296 sec
traces of hecke eigenvalues of T_{p^2} are:
16 48 -120 
computing eigenvalues for k = 2, took 0.647872 sec
