constructing eigenvector for poly
x-15
constructing eigenvector for poly
x^4-20*x^3+135*x^2-338*x+194
computing eigenvectors took 0.014692 sec
For conductor 1, eigenvectors are:
-1 -1 -1 -1 -1 over Number field with defining polynomial x-15
20*a^3 - 320*a^2 + 1580*a - 2400 -48*a+272 -8*a^2 + 112*a - 328 -2*a^3 + 48*a^2 - 354*a + 812 -6*a^2 + 76*a - 238 over Number field with defining polynomial x^4-20*x^3+135*x^2-338*x+194
For conductor 43, eigenvectors are:
For conductor 1:
traces of hecke eigenvalues of T_{p^1} are:
15 40 156 400 1464 2380 5220 7240 12720 25260 30784 52060 70644 106080 151740 208920 230764 305320 363024 394420 499360 578760 712980 922180 
computing eigenvalues for k = 1, took 5.384535 sec
traces of hecke eigenvalues of T_{p^2} are:
30 120 780 2800 
computing eigenvalues for k = 2, took 0.114604 sec
traces of hecke eigenvalues of T_{p^1} are:
20 37 93 204 466 726 1017 1619 2105 3381 4099 5175 6397 9043 10228 14976 15500 18334 20916 22236 26375 26908 31302 36259 
computing eigenvalues for k = 1, took 5.644098 sec
traces of hecke eigenvalues of T_{p^2} are:
0 -12 -66 32 
computing eigenvalues for k = 2, took 0.115099 sec
For conductor 43:
