constructing eigenvector for poly
x-15
constructing eigenvector for poly
x^79-6*x^78-409*x^77+2768*x^76+76078*x^75-584320*x^74-8477277*x^73+75151349*x^72+624699728*x^71-6609412205*x^70-31375409053*x^69+422627738756*x^68+1031926230007*x^67-20380938444840*x^66-16569444642131*x^65+758271170640014*x^64-329631651794390*x^63-22057575516144800*x^62+32606268266636145*x^61+504473774334626455*x^60-1236143950371049181*x^59-9043260157637228293*x^58+31589506102470460495*x^57+124955694316706710550*x^56-605296671731578789229*x^55-1268457056031299569527*x^54+9043482773702655057981*x^53+8023502040336020344841*x^52-107150660637646158439418*x^51-706087336261450483124*x^50+1012711344890677900572021*x^49-715673909800558447417193*x^48-7616667230960958350224981*x^47+10345161233624314944812463*x^46+45041898280178183255752265*x^45-92522843218844789417012671*x^44-203415213170326874846869088*x^43+605690967690219849724271842*x^42+650996176301840035309758258*x^41-3044446091014768484812435480*x^40-1098389480072882063718740986*x^39+11932613651967092425741316154*x^38-1872128617594807765628331372*x^37-36492116590812091598490874264*x^36+21141728413906964200743983673*x^35+86161626255930437276276125127*x^34-84002264991740482126994577654*x^33-153238310486801893273494424445*x^32+217866469583713681294228361196*x^31+194681706641114684768418268989*x^30-406074293953437735467335839750*x^29-152705275705083810888337449614*x^28+556966377563715499989813748471*x^27+24189673420883836617185055849*x^26-561898250177551070403127355650*x^25+106450565628582052575813868135*x^24+411959502391844053848251709323*x^23-149149684877628141830241596717*x^22-215640126434140902152278140991*x^21+106684495255479070339566209450*x^20+79163215721010738684336284387*x^19-47155108936307663987356444364*x^18-20137857859914152369725338674*x^17+13227831938177245410465317353*x^16+3554604459392539545422161310*x^15-2291917980290889776473379171*x^14-439908552459338708142609110*x^13+226885690808019995888525761*x^12+36414326832291465757644161*x^11-11038407276221781578532427*x^10-1590123897328976936914201*x^9+245696651358156442220851*x^8+31271523734191005549475*x^7-2318817915835475697866*x^6-247710456553416391369*x^5+7228512081836874700*x^4+529974752350424871*x^3-3809184281681972*x^2+4420551390252*x+4821000480
constructing eigenvector for poly
x^62-366*x^61+65555*x^60-7658806*x^59+656360855*x^58-43996450981*x^57+2401860413543*x^56-109798131779255*x^55+4288798902296001*x^54-145353298696777869*x^53+4325802244557795081*x^52-114137418599407183125*x^51+2690966204149220357531*x^50-57058612271643901314776*x^49+1094016417756377327263001*x^48-19054985215143892313052065*x^47+302671871571890523056087973*x^46-4399126617313097567545565745*x^45+58673169675249794273485571189*x^44-719888823945968730677581284871*x^43+8142709818675551910400121083911*x^42-85063872882141819449205402361050*x^41+822005624068934518375264018863097*x^40-7357613797166997112609407482844673*x^39+61068802857525937899853959616191327*x^38-470464121074948871688747528477621367*x^37+3366559112711586141780268538084171831*x^36-22390067942916403700677991147405705187*x^35+138459859721501862584985493339663588429*x^34-796375505256836777408308853399660615640*x^33+4260910345584656615634533051462005587983*x^32-21207170323502185676188049250934827847175*x^31+98176029194544095126003540365314533527858*x^30-422628369619834673554744035083399632598429*x^29+1691107705497693650015313578577329399934488*x^28-6286545854186570335100924811680599205899115*x^27+21696401303913263909211702849353773280029722*x^26-69460811230449160936321331190543880633315473*x^25+206082826152873400105780357198633223061744088*x^24-565970516917437155320396569256951323870213312*x^23+1436869712175116500609364023896607481142522344*x^22-3367040079758814828551792364766956176320897024*x^21+7269889256203218866263822845660815500262792896*x^20-14434181702335611131365831099802407810597538112*x^19+26294176562750622607517475528896283410852852864*x^18-43834296518751494080322931801003232047049743616*x^17+66678453167305756786631575822416711078598157312*x^16-92241198950989649185960265722203691648175104000*x^15+115603961976595579527820689545494685805236226048*x^14-130682787781021718031806184535268464961528262656*x^13+132570904586656835808848013953461849314299904000*x^12-119970907995994780803813017779305650202983907328*x^11+96172161044616986404635057343762272581333319680*x^10-67720681534469432228161737359673415846464651264*x^9+41463513521413118060854977910559216689124737024*x^8-21797639363353028117148493408230656377956859904*x^7+9683087979258273377114345697338860292465491968*x^6-3559647751791151716745706506492417836812599296*x^5+1052488223989983902151620445188031077272256512*x^4-240192126951188693896545146599266186417930240*x^3+39648468209397141797942551751687387339554816*x^2-4206034131266980083757028744887320145035264*x+214955168580919207623771508924594614435840
constructing eigenvector for poly
x+1
constructing eigenvector for poly
x+4
constructing eigenvector for poly
x^16+57*x^15+1480*x^14+23212*x^13+245785*x^12+1859706*x^11+10376108*x^10+43409064*x^9+137040637*x^8+325707731*x^7+576316508*x^6+742692287*x^5+671360020*x^4+399116255*x^3+138038199*x^2+20352097*x-240159
computing eigenvectors took 3.255432 sec
For conductor 1, eigenvectors are:
-1 -1 -1 -1 -1 -1 -1 -1 -1 -1 -1 -1 -1 -1 -1 -1 -1 -1 -1 -1 -1 -1 -1 -1 -1 -1 -1 -1 -1 -1 -1 -1 -1 -1 -1 -1 -1 -1 -1 -1 -1 -1 -1 -1 -1 -1 -1 -1 -1 -1 -1 -1 -1 -1 -1 -1 -1 -1 -1 -1 -1 -1 -1 -1 -1 -1 -1 -1 -1 -1 -1 -1 -1 -1 -1 -1 -1 -1 -1 -1 -1 -1 -1 -1 -1 -1 -1 -1 -1 -1 -1 -1 -1 -1 -1 -1 -1 -1 -1 -1 -1 -1 -1 -1 -1 -1 -1 -1 -1 -1 -1 -1 -1 -1 -1 -1 -1 -1 -1 -1 -1 -1 -1 -1 -1 -1 -1 -1 -1 -1 -1 -1 -1 -1 -1 -1 -1 -1 -1 -1 -1 -1 over Number field with defining polynomial x-15
a vector of length 142 over Number field with defining polynomial a number field of degree 79
a vector of length 142 over Number field with defining polynomial a number field of degree 62
For conductor 599, eigenvectors are:
1 0 0 1 1 -1 0 0 0 0 1 1 -1 1 -1 0 0 -1 over Number field with defining polynomial x+1
-1 1 1 0 -1 0 -1 0 -1 1 1 1 0 0 1 -1 -1 -1 over Number field with defining polynomial x+4
a vector of length 18 over Number field with defining polynomial a number field of degree 16
For conductor 1:
traces of hecke eigenvalues of T_{p^1} are:
15 40 156 400 1464 2380 5220 7240 12720 25260 30784 52060 70644 81400 106080 151740 208920 230764 305320 363024 394420 499360 578760 712980 922180 
computing eigenvalues for k = 1, took 14.643635 sec
traces of hecke eigenvalues of T_{p^2} are:
30 120 780 2800 
computing eigenvalues for k = 2, took 0.261814 sec
traces of hecke eigenvalues of T_{p^1} are:
6 -11 -3 -131 920 -824 197 -327 2891 3140 1536 -914 2999 -277 7311 4296 7619 -4673 374 14735 -12978 4410 6897 1540 -21965 
computing eigenvalues for k = 1, took 16.281051 sec
traces of hecke eigenvalues of T_{p^2} are:
-50 -104 -266 -381 
computing eigenvalues for k = 2, took 0.519636 sec
traces of hecke eigenvalues of T_{p^1} are:
366 727 1815 3380 8088 10923 18443 22799 33926 53392 60544 85783 104827 115418 138715 176029 217688 227856 281155 314643 328244 387692 429691 490124 581142 
computing eigenvalues for k = 1, took 15.732073 sec
traces of hecke eigenvalues of T_{p^2} are:
168 428 1218 2240 
computing eigenvalues for k = 2, took 0.396093 sec
For conductor 599:
traces of hecke eigenvalues of T_{p^1} are:
-1 -11 5 -25 27 -59 159 -156 -21 -236 -111 99 41 17 18 65 -99 302 660 -581 -1080 -273 951 -164 -356 
computing eigenvalues for k = 1, took 632.382413 sec
traces of hecke eigenvalues of T_{p^2} are:
0 12 -15 21 
computing eigenvalues for k = 2, took 0.564996 sec
traces of hecke eigenvalues of T_{p^1} are:
-4 -5 -9 -8 -57 18 16 111 55 -195 -203 172 -21 -354 -119 474 -434 36 327 318 469 -589 -993 -390 296 
computing eigenvalues for k = 1, took 633.688469 sec
traces of hecke eigenvalues of T_{p^2} are:
0 -3 2 21 
computing eigenvalues for k = 2, took 0.567370 sec
traces of hecke eigenvalues of T_{p^1} are:
-57 -81 -163 -74 -305 193 -239 -335 -947 -220 -408 425 -2037 -270 -1646 -1204 -2075 -485 2420 -4881 3035 2 885 543 2259 
computing eigenvalues for k = 1, took 627.516463 sec
traces of hecke eigenvalues of T_{p^2} are:
35 59 87 -117 
computing eigenvalues for k = 2, took 0.566709 sec
