constructing eigenvector for poly
x-15
constructing eigenvector for poly
x^10-49*x^9+1033*x^8-12272*x^7+90427*x^6-428933*x^5+1316823*x^4-2563458*x^3+3001740*x^2-1888880*x+477632
constructing eigenvector for poly
x^2+9*x+19
computing eigenvectors took 0.047660 sec
For conductor 1, eigenvectors are:
-1 -1 -1 -1 -1 -1 -1 -1 -1 -1 -1 -1 -1 over Number field with defining polynomial x-15
a vector of length 13 over Number field with defining polynomial a number field of degree 10
0 -24*a-120 0 -24 24 0 12*a+60 6*a+24 6*a+30 -6*a-24 4 -4 -2*a-10 over Number field with defining polynomial x^2+9*x+19
For conductor 103, eigenvectors are:
For conductor 1:
traces of hecke eigenvalues of T_{p^1} are:
15 40 156 400 1464 2380 5220 7240 12720 25260 30784 52060 70644 81400 106080 151740 208920 230764 305320 363024 394420 499360 578760 712980 922180 
computing eigenvalues for k = 1, took 10.984779 sec
traces of hecke eigenvalues of T_{p^2} are:
30 120 780 2800 
computing eigenvalues for k = 2, took 0.327201 sec
traces of hecke eigenvalues of T_{p^1} are:
49 112 270 527 1292 1745 2659 3629 5057 8305 10108 13918 16659 18812 22148 27570 34897 37191 44506 51288 52378 63829 67707 79174 94769 
computing eigenvalues for k = 1, took 11.171387 sec
traces of hecke eigenvalues of T_{p^2} are:
-3 48 60 216 
computing eigenvalues for k = 2, took 0.328959 sec
traces of hecke eigenvalues of T_{p^1} are:
-9 -2 -15 26 -9 29 -75 -73 78 -84 -10 -116 54 98 759 105 -579 -497 164 165 -407 -145 1497 696 -808 
computing eigenvalues for k = 1, took 17.949134 sec
traces of hecke eigenvalues of T_{p^2} are:
5 -10 -30 28 
computing eigenvalues for k = 2, took 0.321289 sec
For conductor 103:
