constructing eigenvector for poly
x+3
constructing eigenvector for poly
x-40
constructing eigenvector for poly
x^2+5*x-5
constructing eigenvector for poly
x^4+10*x^3-7*x^2-16*x+4
constructing eigenvector for poly
x^4-40*x^3+537*x^2-2717*x+4265
constructing eigenvector for poly
x^2-26*x+169
constructing eigenvector for poly
x^2-28*x+196
constructing eigenvector for poly
x^2-110*x+3025
constructing eigenvector for poly
x^2-312*x+24336
constructing eigenvector for poly
x^2-378*x+35721
constructing eigenvector for poly
x^2-756*x+142884
constructing eigenvector for poly
x^2-454*x+51529
constructing eigenvector for poly
x^8-84*x^7+2990*x^6-58878*x^5+701259*x^4-5169294*x^3+23003663*x^2-56421654*x+58354321
constructing eigenvector for poly
x^8-222*x^7+21245*x^6-1144058*x^5+37903654*x^4-791047964*x^3+10157451721*x^2-73398988872*x+228663763344
constructing eigenvector for poly
x^8-378*x^7+62237*x^6-5830452*x^5+339953316*x^4-12634204464*x^3+292303998176*x^2-3849518471040*x+22096392462400
constructing eigenvector for poly
x^8-928*x^7+375224*x^6-86341328*x^5+12366809776*x^4-1129053682368*x^3+64164718692288*x^2-2075349146151168*x+29249717545638144
constructing eigenvector for poly
x^8-1254*x^7+686097*x^6-213917408*x^5+41571494904*x^4-5156227583856*x^3+398614745572432*x^2-17560593398142144*x+337523064089891904
constructing eigenvector for poly
x^8-2148*x^7+2015492*x^6-1078969872*x^5+360430875616*x^4-76931454228864*x^3+10245665825211456*x^2-778390957992476160*x+25827255783217382400
constructing eigenvector for poly
x^8-3016*x^7+3959034*x^6-2954722734*x^5+1371495881587*x^4-405495904762950*x^3+74585881539857619*x^2-7804587714589239590*x+355749421754673016225
constructing eigenvector for poly
x^2+5*x-5
constructing eigenvector for poly
x^2+15*x+45
constructing eigenvector for poly
x^2
constructing eigenvector for poly
x^2-4*x-176
constructing eigenvector for poly
x^5-58*x^4+1249*x^3-12367*x^2+55585*x-87556
constructing eigenvector for poly
x+5
constructing eigenvector for poly
x^4-46*x^3+729*x^2-4365*x+6033
constructing eigenvector for poly
x^4+8*x^3-48*x^2-256*x-29
constructing eigenvector for poly
x^2+15*x+45
constructing eigenvector for poly
x^4-34*x^3+403*x^2-1869*x+2391
computing eigenvectors took 63.606126 sec
For conductor 1, eigenvectors are:
-6 0 0 -3 4 -2 -4 2 2 0 0 1 0 2 0 0 1 -1 0 2 -2 0 over Number field with defining polynomial x+3
-1 -1 -1 -1 -1 -1 -1 -1 -1 -1 -1 -1 -1 -1 -1 -1 -1 -1 -1 -1 -1 -1 over Number field with defining polynomial x-40
12*a+84 0 -12*a-84 12*a+66 -4*a-4 -4*a-40 -8*a-32 -12*a-60 -4*a-28 0 8*a+56 6 4*a+22 6*a+30 6 4*a+16 -4*a-22 -6 2*a+2 4*a+16 -3*a-15 3 over Number field with defining polynomial x^2+5*x-5
-6*a^3 - 30*a^2 + 24*a + 36 0 3*a^2 - 3*a + 24 3*a^3 + 27*a^2 - 6*a - 12 -6*a^2 - 6*a + 12 -2*a^3 - 12*a^2 + 10*a - 4 2*a^3 + 4*a^2 - 14*a 12*a^2 + 12*a - 24 2*a^3 + 10*a^2 - 8*a - 12 0 -2*a^2 + 2*a - 16 7*a^2 - 13*a + 2 a^3 + 14*a^2 - 13*a - 18 -3*a^2 + 15*a -a^3 - 15*a^2 + 14*a + 10 a^3 - 1*a^2 - 10*a + 6 -a^3 - 9*a^2 + 2*a + 4 -7*a^2 + 13*a - 2 -18*a+6 -a^3 - 2*a^2 + 7*a 3*a^2 + 3*a - 6 a^2 - 1*a + 8 over Number field with defining polynomial x^4+10*x^3-7*x^2-16*x+4
18*a-306 -6*a^3 + 168*a^2 - 1338*a + 2484 6*a^2 - 96*a + 114 12*a^2 - 210*a + 534 -2*a^3 + 76*a^2 - 808*a + 1814 6*a^2 - 114*a + 384 2*a^3 - 64*a^2 + 598*a - 1316 -8*a^2 + 146*a - 386 -2*a^2 + 38*a - 176 -2*a^3 + 52*a^2 - 376*a + 614 -4*a^2 + 64*a - 76 -6*a^2 + 102*a - 216 6*a^2 - 96*a + 114 2*a^3 - 64*a^2 + 598*a - 1316 6*a-66 4*a^2 - 76*a + 244 2*a^3 - 54*a^2 + 420*a - 856 -2*a^3 + 56*a^2 - 452*a + 894 -8*a^2 + 146*a - 386 4*a^2 - 76*a + 244 4*a^2 - 76*a + 244 -4*a^2 + 64*a - 76 over Number field with defining polynomial x^4-40*x^3+537*x^2-2717*x+4265
-1 1 2 1 -1 0 1 -1 0 -1 2 1 0 -1 0 -1 1 1 -1 1 -1 0 over Number field with defining polynomial x-227
12*a^3 - 12888*a^2 + 4578825*a - 537420399 15*a^3 - 15093*a^2 + 5062659*a - 567314085 -15*a^3 + 17307*a^2 - 6568530*a + 819653745 6*a^3 - 7191*a^2 + 2814297*a - 360190677 -3*a^3 + 2661*a^2 - 752328*a + 66363756 3*a^3 - 4704*a^2 + 2187114*a - 316382313 -3*a^3 + 2793*a^2 - 841101*a + 81266469 156*a^2 - 124347*a + 24685113 21*a^3 - 22746*a^2 + 8173518*a - 973818147 -21*a^3 + 22851*a^2 - 8221068*a + 976602810 -12*a^3 + 14358*a^2 - 5599728*a + 712667760 6*a^3 - 7551*a^2 + 3044025*a - 395397231 -3*a^3 + 3078*a^2 - 1048572*a + 118518645 -3*a^3 + 2925*a^2 - 936582*a + 98237988 6*a^3 - 6753*a^2 + 2501544*a - 304726650 420*a^2 - 308601*a + 56559345 405*a^2 - 278457*a + 47263689 -483*a^2 + 319779*a - 51691329 162*a^2 - 110712*a + 18698595 294*a^2 - 199485*a + 33601308 426*a^2 - 294966*a + 50572827 129*a^2 - 79770*a + 11532660 over Number field with defining polynomial x^4-1508*x^3+842485*x^2-206893987*x+18861320785
For conductor 2, eigenvectors are:
a+1 3 over Number field with defining polynomial x^2+5*x-5
For conductor 71, eigenvectors are:
a+9 -3 over Number field with defining polynomial x^2+15*x+45
For conductor 142, eigenvectors are:
6*a+132 0 -18*a+198 -6*a+264 2*a-88 2*a-88 12*a-132 4*a+88 -2*a-44 0 12*a-132 13*a-176 5*a+44 -8*a+154 -7*a-22 a+22 -8*a-44 -a+44 -7*a+110 6*a-66 -a+44 -66 over Number field with defining polynomial x^2-4*x-176
a^4 - 48*a^3 + 781*a^2 - 4857*a + 8974 a^4 - 51*a^3 + 985*a^2 - 8472*a + 27022 a^4 - 45*a^3 + 709*a^2 - 4545*a + 9766 a^4 - 51*a^3 + 880*a^2 - 5907*a + 12574 a^4 - 46*a^3 + 704*a^2 - 3932*a + 5406 a^4 - 47*a^3 + 750*a^2 - 4606*a + 8474 -a^4 + 49*a^3 - 839*a^2 + 5846*a - 13866 -a^4 + 50*a^3 - 897*a^2 + 6835*a - 18758 -a^4 + 53*a^3 - 984*a^2 + 7570*a - 20534 a^4 - 44*a^3 + 648*a^2 - 3448*a + 4130 6*a^3 - 156*a^2 + 1038*a - 1122 2*a^3 - 71*a^2 + 808*a - 2962 -a^4 + 52*a^3 - 926*a^2 + 6581*a - 15642 -a^4 + 51*a^3 - 880*a^2 + 5907*a - 12574 -2*a^3 + 59*a^2 - 493*a + 1138 a^4 - 49*a^3 + 839*a^2 - 5846*a + 13866 -a^4 + 50*a^3 - 837*a^2 + 5341*a - 10250 a^3 - 28*a^2 + 242*a - 638 6*a^3 - 204*a^2 + 2217*a - 7806 -a^3 + 73*a^2 - 1313*a + 6578 a^3 - 28*a^2 + 242*a - 638 3*a^3 - 117*a^2 + 1482*a - 6030 over Number field with defining polynomial x^5-58*x^4+1249*x^3-12367*x^2+55585*x-87556
-6 0 0 3 0 -2 0 2 2 0 0 1 -2 0 -2 2 1 -1 0 0 0 0 over Number field with defining polynomial x+5
6*a^3 - 186*a^2 + 1488*a - 918 -48*a^2 + 1380*a - 9816 6*a^3 - 222*a^2 + 2556*a - 8874 -3*a^3 + 135*a^2 - 2040*a + 10311 4*a^2 - 124*a + 936 -6*a^3 + 218*a^2 - 2480*a + 8538 40*a^2 - 1172*a + 8488 -2*a^3 + 54*a^2 - 304*a - 822 6*a^3 - 210*a^2 + 2200*a - 6178 -12*a^2 + 404*a - 3296 24*a^2 - 744*a + 5616 -a^3 + 13*a^2 + 292*a - 3823 4*a^3 - 144*a^2 + 1608*a - 5308 -2*a^3 + 70*a^2 - 748*a + 2294 2*a^3 - 70*a^2 + 732*a - 2050 4*a^3 - 120*a^2 + 896*a - 48 -a^3 + 49*a^2 - 776*a + 4001 -5*a^3 + 197*a^2 - 2524*a + 10489 -2*a^3 + 66*a^2 - 608*a + 1114 -4*a^2 + 104*a - 664 -8*a^2 + 264*a - 2116 4*a^2 - 140*a + 1180 over Number field with defining polynomial x^4-46*x^3+729*x^2-4365*x+6033
6*a^3 + 36*a^2 - 198*a - 492 0 162*a+324 -3*a^3 - 18*a^2 + 99*a + 246 324 2*a^3 + 12*a^2 - 66*a - 488 -18*a^2 + 36*a + 306 4*a^3 + 24*a^2 - 132*a - 328 -2*a^3 - 12*a^2 + 66*a + 164 0 -108*a-216 -a^3 - 6*a^2 + 87*a + 352 -a^3 + 3*a^2 + 69*a + 37 -9*a^2 - 36*a + 45 -a^3 - 15*a^2 - 3*a + 289 a^3 + 6*a^2 - 33*a - 82 2*a^3 + 21*a^2 - 30*a - 209 -2*a^3 - 3*a^2 + 156*a + 389 -9*a^2 - 36*a + 207 -9*a^2 + 18*a + 153 -162 -162 over Number field with defining polynomial x^4+8*x^3-48*x^2-256*x-29
12*a+180 0 0 24*a+270 -20*a-180 4*a 0 -4*a-60 -4*a-60 0 0 8*a+90 4*a+30 -10*a-90 4*a+30 -4*a-60 8*a+90 -8*a-90 10*a+90 0 -5*a-45 15 over Number field with defining polynomial x^2+15*x+45
-3*a^3 + 69*a^2 - 423*a + 342 -15*a^2 + 219*a - 711 0 3*a^3 - 72*a^2 + 510*a - 900 2*a^3 - 49*a^2 + 354*a - 630 2*a^3 - 49*a^2 + 369*a - 786 -5*a^2 + 73*a - 237 a^3 - 23*a^2 + 141*a - 114 -2*a^3 + 45*a^2 - 253*a + 42 2*a^3 - 45*a^2 + 298*a - 510 0 a^3 - 24*a^2 + 170*a - 300 2*a^3 - 47*a^2 + 311*a - 414 2*a^3 - 47*a^2 + 326*a - 570 2*a^3 - 47*a^2 + 311*a - 414 a^3 - 23*a^2 + 141*a - 114 a^3 - 24*a^2 + 170*a - 300 -a^3 + 24*a^2 - 170*a + 300 -2*a^3 + 47*a^2 - 326*a + 570 5*a^2 - 73*a + 237 -a^2 + 14*a - 30 a^2 - 29*a + 186 over Number field with defining polynomial x^4-34*x^3+403*x^2-1869*x+2391
For conductor 1:
traces of hecke eigenvalues of T_{p^1} are:
-3 2 -5 44 29 -50 95 67 98 -131 -366 -330 -77 -255 700 450 44 -308 -615 -860 1008 -361 330 
computing eigenvalues for k = 1, took 16.070204 sec
traces of hecke eigenvalues of T_{p^2} are:
8 -4 -80 
computing eigenvalues for k = 2, took 0.220422 sec
traces of hecke eigenvalues of T_{p^1} are:
40 156 400 1464 2380 5220 7240 12720 25260 30784 52060 70644 81400 106080 151740 208920 230764 305320 394420 499360 578760 712980 922180 
computing eigenvalues for k = 1, took 16.222373 sec
traces of hecke eigenvalues of T_{p^2} are:
120 780 2800 
computing eigenvalues for k = 2, took 0.232094 sec
traces of hecke eigenvalues of T_{p^1} are:
-5 -14 37 -28 -7 -42 77 30 -51 150 16 -156 457 448 81 618 -1391 239 972 -414 534 -558 -296 
computing eigenvalues for k = 1, took 15.935369 sec
traces of hecke eigenvalues of T_{p^2} are:
-10 -6 45 
computing eigenvalues for k = 2, took 0.222448 sec
traces of hecke eigenvalues of T_{p^1} are:
-10 -24 -8 172 -190 20 -214 398 92 418 -440 458 -522 1088 -732 -84 360 964 -1854 1728 -756 878 -844 
computing eigenvalues for k = 1, took 15.809332 sec
traces of hecke eigenvalues of T_{p^2} are:
-8 -50 56 
computing eigenvalues for k = 2, took 0.224763 sec
traces of hecke eigenvalues of T_{p^1} are:
40 109 243 524 699 1060 1472 1825 2927 3851 5705 6570 7794 8841 11086 14544 15952 19064 21062 25333 26447 29282 36766 
computing eigenvalues for k = 1, took 16.032041 sec
traces of hecke eigenvalues of T_{p^2} are:
0 30 344 
computing eigenvalues for k = 2, took 0.223297 sec
traces of hecke eigenvalues of T_{p^1} are:
13 14 55 156 189 378 227 339 1102 1141 1202 1290 1963 2529 2588 3666 3648 3796 4945 6432 6848 8847 8082 
computing eigenvalues for k = 1, took 15.995185 sec
traces of hecke eigenvalues of T_{p^2} are:
12 -72 40 
computing eigenvalues for k = 2, took 0.223178 sec
traces of hecke eigenvalues of T_{p^1} are:
42 111 189 464 627 1074 1508 2529 3397 3647 5527 7002 7410 8581 12026 13602 13622 18652 20114 25891 29135 31686 37646 
computing eigenvalues for k = 1, took 16.140857 sec
traces of hecke eigenvalues of T_{p^2} are:
8 42 -88 
computing eigenvalues for k = 2, took 0.222789 sec
For conductor 2:
traces of hecke eigenvalues of T_{p^1} are:
-5 -14 37 -28 -7 -42 77 30 -51 150 16 -156 457 448 81 618 -1391 239 972 -414 534 -558 -296 
computing eigenvalues for k = 1, took 519.879996 sec
traces of hecke eigenvalues of T_{p^2} are:
-10 -6 45 
computing eigenvalues for k = 2, took 0.534009 sec
For conductor 71:
traces of hecke eigenvalues of T_{p^1} are:
-15 -8 9 -22 69 -12 -75 20 99 -258 384 -154 71 -460 519 -184 181 1575 -336 838 -288 800 534 
computing eigenvalues for k = 1, took 522.894659 sec
traces of hecke eigenvalues of T_{p^2} are:
14 2 -85 
computing eigenvalues for k = 2, took 0.546613 sec
For conductor 142:
traces of hecke eigenvalues of T_{p^1} are:
0 4 -18 8 -12 -12 -36 -64 528 -384 -96 950 176 -406 -252 -28 -548 -192 264 124 -2580 -508 -780 
computing eigenvalues for k = 1, took 122.505997 sec
traces of hecke eigenvalues of T_{p^2} are:
-16 26 -148 
computing eigenvalues for k = 2, took 0.573253 sec
traces of hecke eigenvalues of T_{p^1} are:
58 135 247 706 949 1596 1724 2253 3613 4469 6551 8420 8740 10093 14284 17954 18892 22096 27594 32577 36623 39470 49902 
computing eigenvalues for k = 1, took 121.717719 sec
traces of hecke eigenvalues of T_{p^2} are:
32 30 -24 
computing eigenvalues for k = 2, took 0.582726 sec
traces of hecke eigenvalues of T_{p^1} are:
-5 -4 -23 14 -43 84 85 -35 192 -189 92 -72 -287 -105 252 -182 -112 -90 57 534 1616 -285 92 
computing eigenvalues for k = 1, took 120.652040 sec
traces of hecke eigenvalues of T_{p^2} are:
-8 -24 40 
computing eigenvalues for k = 2, took 0.571713 sec
traces of hecke eigenvalues of T_{p^1} are:
46 121 215 420 635 1162 1324 2289 3683 3975 5797 6934 7260 9639 11508 13246 13798 17476 21122 23337 26889 35390 38414 
computing eigenvalues for k = 1, took 121.196791 sec
traces of hecke eigenvalues of T_{p^2} are:
24 102 120 
computing eigenvalues for k = 2, took 0.562249 sec
traces of hecke eigenvalues of T_{p^1} are:
-8 2 -40 26 52 170 4 -52 30 168 106 -146 -1116 48 720 672 60 -1102 228 1658 580 1924 550 
computing eigenvalues for k = 1, took 121.141820 sec
traces of hecke eigenvalues of T_{p^2} are:
-4 0 -24 
computing eigenvalues for k = 2, took 0.571863 sec
traces of hecke eigenvalues of T_{p^1} are:
-15 -8 9 -22 69 -12 -75 20 99 -258 384 -154 71 -460 519 -184 181 1575 -336 838 -288 800 534 
computing eigenvalues for k = 1, took 120.314920 sec
traces of hecke eigenvalues of T_{p^2} are:
14 2 -85 
computing eigenvalues for k = 2, took 0.577957 sec
traces of hecke eigenvalues of T_{p^1} are:
34 99 177 436 605 966 1458 2311 3833 3603 5487 6996 7788 8989 10848 13678 14996 18910 22238 23875 26811 31338 39034 
computing eigenvalues for k = 1, took 119.612423 sec
traces of hecke eigenvalues of T_{p^2} are:
-24 -30 -184 
computing eigenvalues for k = 2, took 0.564298 sec
