constructing eigenvector for poly
x
constructing eigenvector for poly
x-116
constructing eigenvector for poly
x-20
constructing eigenvector for poly
x-141
constructing eigenvector for poly
x+60
constructing eigenvector for poly
x-1464
constructing eigenvector for poly
x-88
constructing eigenvector for poly
x+44
constructing eigenvector for poly
x^2-282*x+18288
constructing eigenvector for poly
x^3-29*x^2-351*x+4860
constructing eigenvector for poly
x^4-77*x^3-159*x^2+54360*x+50024
constructing eigenvector for poly
x^2-82*x+256
constructing eigenvector for poly
x^4+95*x^3+2490*x^2+20026*x+37264
constructing eigenvector for poly
x-152
constructing eigenvector for poly
x-152
constructing eigenvector for poly
x^2-144*x+5184
constructing eigenvector for poly
x^2-296*x+21904
constructing eigenvector for poly
x^2-696*x+121104
constructing eigenvector for poly
x^2-608*x+92416
constructing eigenvector for poly
x^2-384*x+36864
constructing eigenvector for poly
x^2-440*x+48400
constructing eigenvector for poly
x^2-696*x+121104
constructing eigenvector for poly
x^2-656*x+107584
constructing eigenvector for poly
x^2-368*x+33856
constructing eigenvector for poly
x^2-408*x+41616
constructing eigenvector for poly
x^2-584*x+85264
constructing eigenvector for poly
x^2-720*x+129600
constructing eigenvector for poly
x^4-516*x^3+96996*x^2-7851456*x+231526656
constructing eigenvector for poly
x^4-760*x^3+212496*x^2-25876480*x+1159266304
constructing eigenvector for poly
x^4-1212*x^3+550740*x^2-111203424*x+8418429504
constructing eigenvector for poly
x^4-1648*x^3+1002048*x^2-266211328*x+26093879296
constructing eigenvector for poly
x^6-644*x^5+172310*x^4-24519700*x^3+1957307185*x^2-83110478064*x+1466676012096
constructing eigenvector for poly
x^6-1180*x^5+571894*x^4-145829524*x^3+20657666369*x^2-1543178688408*x+47548361563024
constructing eigenvector for poly
x^6-1732*x^5+1224630*x^4-451559020*x^3+91394348545*x^2-9610092212232*x+409887072766224
constructing eigenvector for poly
x^6-2616*x^5+2843864*x^4-1644555040*x^3+533591330320*x^2-92107824160000*x+6608961572070400
constructing eigenvector for poly
x-52
constructing eigenvector for poly
x^3-156*x^2+8112*x-140608
constructing eigenvector for poly
x^3+90*x^2+2700*x+27000
constructing eigenvector for poly
x^3-264*x^2+23232*x-681472
constructing eigenvector for poly
x^3-54*x^2+972*x-5832
constructing eigenvector for poly
x-52
constructing eigenvector for poly
x+60
constructing eigenvector for poly
x^4+95*x^3+2490*x^2+20026*x+37264
constructing eigenvector for poly
x-2
constructing eigenvector for poly
x-36
constructing eigenvector for poly
x-8
constructing eigenvector for poly
x^6-59*x^5+537*x^4+11826*x^3-70272*x^2-1221824*x-3446272
constructing eigenvector for poly
x-120
constructing eigenvector for poly
x+20
constructing eigenvector for poly
x-136
constructing eigenvector for poly
x-96
constructing eigenvector for poly
x^2-238*x+13760
constructing eigenvector for poly
x^2+35*x+75
constructing eigenvector for poly
x^3-58*x^2+873*x-3616
constructing eigenvector for poly
x^4+95*x^3+3036*x^2+35184*x+76736
constructing eigenvector for poly
x-168
constructing eigenvector for poly
x-168
constructing eigenvector for poly
x^2-120*x+3600
constructing eigenvector for poly
x^2-296*x+21904
constructing eigenvector for poly
x^2-624*x+97344
constructing eigenvector for poly
x^2-944*x+222784
constructing eigenvector for poly
x-36
constructing eigenvector for poly
x-36
constructing eigenvector for poly
x+48
constructing eigenvector for poly
x-18
constructing eigenvector for poly
x^2+6*x-1416
constructing eigenvector for poly
x^2+22*x-4
constructing eigenvector for poly
x-147
constructing eigenvector for poly
x+48
constructing eigenvector for poly
x-96
constructing eigenvector for poly
x-160
constructing eigenvector for poly
x-18
constructing eigenvector for poly
x^2-15*x+27
constructing eigenvector for poly
x^2+6*x-1416
constructing eigenvector for poly
x^3-406*x^2+52057*x-2055904
constructing eigenvector for poly
x^7-5*x^6-1639*x^5+2446*x^4+661492*x^3+2585520*x^2-33036032*x+11321344
constructing eigenvector for poly
x^2-230*x+11488
constructing eigenvector for poly
x^2-198*x+9801
constructing eigenvector for poly
x^2-278*x+19321
constructing eigenvector for poly
x^2-834*x+173889
constructing eigenvector for poly
x^2-620*x+96100
constructing eigenvector for poly
x-148
constructing eigenvector for poly
x-148
constructing eigenvector for poly
x^2-168*x+7056
constructing eigenvector for poly
x^2-368*x+33856
constructing eigenvector for poly
x^2-384*x+36864
constructing eigenvector for poly
x^2-1040*x+270400
constructing eigenvector for poly
x-204
constructing eigenvector for poly
x+72
constructing eigenvector for poly
x+36
constructing eigenvector for poly
x^2-236*x+13808
constructing eigenvector for poly
x^2+25*x-188
constructing eigenvector for poly
x^3-52*x^2-730*x-1248
constructing eigenvector for poly
x^3+49*x^2-1547*x-15360
constructing eigenvector for poly
x^2+44*x-1936
constructing eigenvector for poly
x^7-29*x^6-1712*x^5+43215*x^4+663637*x^3-15290932*x^2-38952792*x+1014748736
constructing eigenvector for poly
x^2-288*x+20736
constructing eigenvector for poly
x^2-368*x+33856
constructing eigenvector for poly
x^2-576*x+82944
constructing eigenvector for poly
x^2-872*x+190096
constructing eigenvector for poly
x^2-216*x+11664
constructing eigenvector for poly
x^2-512*x+65536
constructing eigenvector for poly
x^2-720*x+129600
constructing eigenvector for poly
x^2-512*x+65536
constructing eigenvector for poly
x+24
constructing eigenvector for poly
x^3+72*x^2+1728*x+13824
constructing eigenvector for poly
x^3-66*x^2+1452*x-10648
constructing eigenvector for poly
x^3-468*x^2+73008*x-3796416
constructing eigenvector for poly
x^3+258*x^2+22188*x+636056
constructing eigenvector for poly
x+36
constructing eigenvector for poly
x+4
constructing eigenvector for poly
x-56
constructing eigenvector for poly
x^3-52*x^2-730*x-1248
constructing eigenvector for poly
x+24
constructing eigenvector for poly
x+24
constructing eigenvector for poly
x+78
constructing eigenvector for poly
x+16
constructing eigenvector for poly
x^2+44*x+352
constructing eigenvector for poly
x-154
constructing eigenvector for poly
x-184
constructing eigenvector for poly
x+16
constructing eigenvector for poly
x-187
constructing eigenvector for poly
x-200
constructing eigenvector for poly
x-28
constructing eigenvector for poly
x-8
constructing eigenvector for poly
x-156
constructing eigenvector for poly
x-92
constructing eigenvector for poly
x-136
constructing eigenvector for poly
x^2+44*x+352
constructing eigenvector for poly
x^2-15*x+47
constructing eigenvector for poly
x^3-374*x^2+44785*x-1714056
constructing eigenvector for poly
x^3-10*x^2-2432*x-32768
constructing eigenvector for poly
x^4-35*x^3+139*x^2+2112*x+3376
constructing eigenvector for poly
x^2-262*x+17161
constructing eigenvector for poly
x^2-378*x+35721
constructing eigenvector for poly
x^2-510*x+65025
constructing eigenvector for poly
x^2-820*x+168100
constructing eigenvector for poly
x-88
constructing eigenvector for poly
x-88
constructing eigenvector for poly
x^2-248*x+15376
constructing eigenvector for poly
x^2-280*x+19600
constructing eigenvector for poly
x^2-608*x+92416
constructing eigenvector for poly
x^2-512*x+65536
constructing eigenvector for poly
x^12-45*x^11-6996*x^10+288627*x^9+11571657*x^8-540284648*x^7-2458298504*x^6+292615070784*x^5-3395208053504*x^4+10132407810048*x^3+29130176446464*x^2-177005704380416*x+204805244977152
constructing eigenvector for poly
x-12
constructing eigenvector for poly
x-106
constructing eigenvector for poly
x-24
constructing eigenvector for poly
x^2-290*x+20688
constructing eigenvector for poly
x^2-280*x+18064
constructing eigenvector for poly
x^3-7*x^2-1804*x-21664
constructing eigenvector for poly
x^2-16*x+46
constructing eigenvector for poly
x^4+61*x^3+525*x^2-13272*x-100832
constructing eigenvector for poly
x^2-176*x+7744
constructing eigenvector for poly
x^2-472*x+55696
constructing eigenvector for poly
x^2-808*x+163216
constructing eigenvector for poly
x^2-640*x+102400
constructing eigenvector for poly
x^2-388*x+37636
constructing eigenvector for poly
x^2-240*x+14400
constructing eigenvector for poly
x^2-780*x+152100
constructing eigenvector for poly
x^2-960*x+230400
constructing eigenvector for poly
x^4-496*x^3+85856*x^2-6039296*x+148254976
constructing eigenvector for poly
x^4-576*x^3+124352*x^2-11925504*x+428655616
constructing eigenvector for poly
x^4-976*x^3+357152*x^2-58075904*x+3540726016
constructing eigenvector for poly
x^4-1328*x^3+657248*x^2-143657728*x+11702046976
constructing eigenvector for poly
x^3-144*x^2+6912*x-110592
constructing eigenvector for poly
x^3+42*x^2+588*x+2744
constructing eigenvector for poly
x^3+108*x^2+3888*x+46656
constructing eigenvector for poly
x^3+270*x^2+24300*x+729000
constructing eigenvector for poly
x-12
constructing eigenvector for poly
x-48
constructing eigenvector for poly
x^2-16*x+46
constructing eigenvector for poly
x+28
constructing eigenvector for poly
x+8
constructing eigenvector for poly
x^2-285*x+20288
constructing eigenvector for poly
x^2+64*x-434
constructing eigenvector for poly
x^2-292*x+20560
constructing eigenvector for poly
x^3-5*x^2-1075*x-1960
constructing eigenvector for poly
x^3+39*x^2-268*x-128
constructing eigenvector for poly
x^7-125*x^6+3925*x^5+33004*x^4-2288792*x^3+10704000*x^2+223785216*x-1579696128
constructing eigenvector for poly
x^2-400*x+40000
constructing eigenvector for poly
x^2-432*x+46656
constructing eigenvector for poly
x^2-760*x+144400
constructing eigenvector for poly
x^2-504*x+63504
constructing eigenvector for poly
x^2-320*x+25600
constructing eigenvector for poly
x^2-192*x+9216
constructing eigenvector for poly
x^2-480*x+57600
constructing eigenvector for poly
x^2-664*x+110224
constructing eigenvector for poly
x^4-344*x^3+44336*x^2-2537344*x+54405376
constructing eigenvector for poly
x^4-744*x^3+193136*x^2-20367744*x+749445376
constructing eigenvector for poly
x^4-1136*x^3+464576*x^2-80628736*x+5037592576
constructing eigenvector for poly
x^4-1304*x^3+630896*x^2-134176384*x+10587586816
constructing eigenvector for poly
x^4-500*x^3+89654*x^2-6788500*x+184334929
constructing eigenvector for poly
x^4-828*x^3+257030*x^2-35452476*x+1833295489
constructing eigenvector for poly
x^4-1124*x^3+466022*x^2-84400036*x+5638357921
constructing eigenvector for poly
x^4-1592*x^3+942680*x^2-246014944*x+23880139024
constructing eigenvector for poly
x^3+96*x^2+3072*x+32768
constructing eigenvector for poly
x^3+30*x^2+300*x+1000
constructing eigenvector for poly
x^3-60*x^2+1200*x-8000
constructing eigenvector for poly
x^3+30*x^2+300*x+1000
constructing eigenvector for poly
x+60
constructing eigenvector for poly
x+24
constructing eigenvector for poly
x^2+64*x-434
constructing eigenvector for poly
x^3+39*x^2-268*x-128
constructing eigenvector for poly
x^3+96*x^2+3072*x+32768
constructing eigenvector for poly
x^3+30*x^2+300*x+1000
constructing eigenvector for poly
x^3-60*x^2+1200*x-8000
constructing eigenvector for poly
x^3+30*x^2+300*x+1000
constructing eigenvector for poly
x-62
constructing eigenvector for poly
x-2
constructing eigenvector for poly
x^3+18*x^2-484*x-8288
constructing eigenvector for poly
x+8
constructing eigenvector for poly
x-164
constructing eigenvector for poly
x-62
constructing eigenvector for poly
x+68
constructing eigenvector for poly
x-2
constructing eigenvector for poly
x^2-74*x-679
constructing eigenvector for poly
x^2+27*x+167
constructing eigenvector for poly
x^3-390*x^2+47544*x-1737664
constructing eigenvector for poly
x^10+136*x^9+4488*x^8-52071*x^7-3740514*x^6-7526332*x^5+866373984*x^4+3607782592*x^3-59606952448*x^2-251124258816*x+464443490304
constructing eigenvector for poly
x^2-256*x+16384
constructing eigenvector for poly
x^2-280*x+19600
constructing eigenvector for poly
x^2-440*x+48400
constructing eigenvector for poly
x^2-568*x+80656
computing eigenvectors took 170.783272 sec
For conductor 1, eigenvectors are:
-4 4 0 0 0 -2 2 2 -2 0 0 0 0 2 0 -2 0 0 2 0 0 0 -2 0 0 0 0 -1 0 0 1 0 0 0 0 0 -1 0 0 1 0 0 1 0 -1 over Number field with defining polynomial x
56 48 198 84 60 24 104 36 -44 -132 52 66 0 -24 16 -2 -52 -54 2 18 -50 60 56 -16 -36 6 -30 25 -3 6 -13 3 0 -72 48 -3 25 0 -48 -13 3 36 13 -6 -25 over Number field with defining polynomial x-116
8 -12 0 -6 12 -6 -4 0 -2 0 -2 3 0 0 4 -5 2 -6 5 -3 1 0 2 -4 6 0 3 1 0 0 -1 0 0 3 3 0 1 0 -3 -1 0 -6 1 0 -1 over Number field with defining polynomial x-20
-6 2 7 1 -5 -4 -4 4 4 7 -2 -1 0 4 4 2 2 -1 -2 -8 0 5 4 -4 1 4 0 0 -2 4 -2 2 0 -3 -3 -2 0 0 3 -2 2 -1 2 -4 0 over Number field with defining polynomial x-141
8 -8 0 24 -12 0 -4 16 4 0 12 -12 0 -2 0 -2 6 -8 -10 2 -10 0 -6 0 4 -5 4 1 -8 5 15 0 6 4 4 8 -3 -6 -2 -13 0 -1 1 0 -1 over Number field with defining polynomial x+60
-1 -1 -1 -1 -1 -1 -1 -1 -1 -1 -1 -1 -1 -1 -1 -1 -1 -1 -1 -1 -1 -1 -1 -1 -1 -1 -1 -1 -1 -1 -1 -1 -1 -1 -1 -1 -1 -1 -1 -1 -1 -1 -1 -1 -1 over Number field with defining polynomial x-1464
-6 10 -6 0 2 2 2 -2 -2 2 2 0 0 2 2 4 -2 2 -4 0 -4 -4 2 -2 2 0 0 3 1 0 -1 -1 0 2 0 1 3 0 0 -1 -1 -2 1 0 -3 over Number field with defining polynomial x-88
0 -8 0 6 0 0 0 -4 -4 0 -4 0 0 0 -4 -2 4 4 2 2 -2 -2 0 4 0 2 2 1 1 2 -1 -1 0 -2 0 1 1 0 0 -1 -1 0 1 -2 -1 over Number field with defining polynomial x+44
6*a-1068 -2*a+372 -a+204 a-168 -12 3*a-564 5*a-900 3*a-540 a-204 4*a-684 2*a-348 0 0 -a+156 -12 -2*a+360 -2*a+348 a-180 2*a-360 a-168 -a+192 -a+192 a-180 12 2*a-348 a-192 -3*a+552 6 -6 a-192 a-186 6 0 -12 -a+168 -6 6 0 a-168 a-186 6 -2*a+348 -a+186 -a+192 -6 over Number field with defining polynomial x^2-282*x+18288
48*a-1656 4*a^2 - 108*a - 1260 0 6*a^2 - 168*a - 1458 -20*a+540 -2*a^2 + 46*a + 306 -24*a+828 -4*a^2 + 140*a - 144 2*a^2 - 38*a - 882 0 -6*a^2 + 90*a + 4374 -3*a^2 + 84*a + 729 0 -4*a+288 0 a^2 + 9*a - 1557 -2*a^2 + 30*a + 1458 -2*a^2 + 56*a + 486 3*a^2 - 69*a - 1359 a^2 - 11*a - 567 a^2 - 51*a + 513 0 2*a^2 - 58*a - 342 0 30*a-810 20*a-540 -a^2 + 31*a + 27 -2*a^2 + 60*a + 423 -6*a+432 -20*a+540 2*a^2 - 40*a - 963 2*a^2 - 56*a - 486 -2*a^2 + 30*a + 1458 a^2 - 28*a - 243 -5*a+135 6*a-432 2*a^2 - 72*a - 9 2*a^2 - 30*a - 1458 -15*a+405 -2*a^2 + 52*a + 549 -2*a^2 + 56*a + 486 10*a-270 6*a-207 0 -6*a+207 over Number field with defining polynomial x^3-29*x^2-351*x+4860
52*a^3 - 3692*a^2 + 45500*a + 1210144 12*a^3 - 2444*a^2 + 59716*a + 765824 0 -18*a^3 - 90*a^2 - 15636*a + 593064 -1012*a^2 + 16048*a + 270224 6*a^3 + 270*a^2 - 3386*a - 508064 -26*a^3 + 1846*a^2 - 22750*a - 605072 -58*a^3 + 2942*a^2 - 24918*a - 81328 -26*a^3 + 1366*a^2 - 5554*a + 15680 0 32*a^3 - 3068*a^2 + 52608*a + 987984 -33*a^3 + 2295*a^2 - 33516*a + 284004 0 46*a^3 - 2134*a^2 - 19054*a + 1130216 -8*a^3 + 152*a^2 + 16384*a - 968064 -10*a^3 + 312*a^2 + 3554*a - 111080 -32*a^3 + 3068*a^2 - 52608*a - 987984 10*a^3 - 1590*a^2 + 11920*a + 206040 10*a^3 - 312*a^2 - 3554*a + 111080 -14*a^3 + 798*a^2 + 29820*a - 1343584 -46*a^3 + 1894*a^2 + 27652*a - 819840 28*a^3 - 1500*a^2 + 27556*a - 387024 14*a^3 - 558*a^2 - 38418*a + 1033208 8*a^3 - 152*a^2 - 16384*a + 968064 -506*a^2 + 8024*a + 135112 -168*a^2 + 17348*a - 151492 26*a^3 - 1606*a^2 + 14152*a + 294696 879*a^2 - 16335*a - 357856 -8*a^3 - 400*a^2 + 24830*a + 114556 -168*a^2 + 17348*a - 151492 16*a^3 - 247*a^2 - 15977*a - 22748 8*a^3 + 400*a^2 - 24830*a - 114556 0 -5*a^3 + 795*a^2 - 5960*a - 103020 -253*a^2 + 4012*a + 67556 -8*a^3 - 400*a^2 + 24830*a + 114556 879*a^2 - 16335*a - 357856 0 253*a^2 - 4012*a - 67556 16*a^3 - 247*a^2 - 15977*a - 22748 8*a^3 + 400*a^2 - 24830*a - 114556 506*a^2 - 8024*a - 135112 -16*a^3 + 247*a^2 + 15977*a + 22748 168*a^2 - 17348*a + 151492 -879*a^2 + 16335*a + 357856 over Number field with defining polynomial x^4-77*x^3-159*x^2+54360*x+50024
-12*a+832 4*a-464 0 -12*a+552 4*a-464 -8*a+88 6*a-416 8*a-88 -6*a+416 0 -4*a+184 -9*a+204 0 -6*a+276 -6*a+416 4*a-324 4*a-184 -2*a+232 -4*a+324 -2*a-188 140 10*a-320 8*a-228 6*a-416 2*a-232 a-116 0 140 3*a+72 a-116 3*a-68 -3*a-72 0 a-116 a-116 3*a+72 140 0 -a+116 3*a-68 -3*a-72 -2*a+232 -3*a+68 -a+116 -140 over Number field with defining polynomial x^2-82*x+256
152*a^2 + 5416*a + 25824 -12*a^3 - 1004*a^2 - 20592*a - 97448 0 84*a^2 + 5328*a + 69948 48*a^2 - 40*a + 664 -2*a^3 - 154*a^2 - 1368*a + 18204 -76*a^2 - 2708*a - 12912 2*a^3 + 210*a^2 + 4920*a + 28428 -8*a^3 - 716*a^2 - 17012*a - 100136 0 2*a^3 + 134*a^2 + 2212*a + 15516 -42*a^2 - 2664*a - 34974 0 5*a^3 + 435*a^2 + 9190*a + 40966 0 5*a^3 + 435*a^2 + 9190*a + 40966 -2*a^3 - 146*a^2 - 2688*a - 10148 -28*a^2 - 1776*a - 23316 -a^3 - 143*a^2 - 3814*a - 20670 a^3 + 115*a^2 + 2038*a - 2646 3*a^3 + 253*a^2 + 6046*a + 35854 0 -a^3 - 67*a^2 - 1106*a - 7758 0 -48*a^2 - 932*a + 10404 -4*a^3 - 316*a^2 - 5842*a - 15094 -2*a^3 - 184*a^2 - 4042*a - 16604 3*a^3 + 225*a^2 + 4270*a + 12538 a^3 + 93*a^2 + 2470*a + 14048 4*a^3 + 316*a^2 + 5842*a + 15094 -14*a^2 - 888*a - 11658 3*a^3 + 275*a^2 + 5614*a + 19160 -2*a^3 - 146*a^2 - 2688*a - 10148 14*a^2 + 888*a + 11658 486*a-5534 -a^3 - 93*a^2 - 2470*a - 14048 -3*a^3 - 263*a^2 - 5624*a - 18994 2*a^3 + 146*a^2 + 2688*a + 10148 24*a^2 + 466*a - 5202 52*a^2 + 2242*a + 18114 -3*a^3 - 275*a^2 - 5614*a - 19160 -12*a^2 - 476*a + 5368 19*a^2 + 677*a + 3228 0 -19*a^2 - 677*a - 3228 over Number field with defining polynomial x^4+95*x^3+2490*x^2+20026*x+37264
-20 12 36 24 12 12 -20 -12 20 12 -4 24 0 12 -4 8 4 -12 -8 0 8 0 -20 4 12 0 0 2 6 0 10 -6 0 -12 0 6 2 0 0 10 -6 -12 -10 0 -2 over Number field with defining polynomial x-152
20 52 -60 48 68 -60 -60 60 60 -60 36 -48 0 -28 -28 8 -36 84 -8 -32 88 -24 -28 28 4 16 0 22 -30 16 14 30 0 -12 32 -30 22 0 -32 14 30 -4 -14 -16 -22 over Number field with defining polynomial x-152
70 38 51 -9 20 -14 50 -6 -6 68 6 -9 -24 18 0 2 30 11 -14 -10 14 -9 -14 0 -20 0 6 4 -8 -16 -4 -4 -12 11 16 0 -4 12 -8 -12 -4 12 -8 -8 0 over Number field with defining polynomial x-304
42 -22 55 -29 -16 -62 34 -70 26 0 -38 -53 -80 -30 0 46 -14 -17 14 -34 -26 -45 -30 0 24 -40 -18 -4 20 8 -4 16 60 -9 -4 28 4 4 -12 36 32 8 16 -16 0 over Number field with defining polynomial x-328
35 31 9 33 -29 -7 -13 -13 1 -9 41 33 81 -3 -63 30 37 25 28 4 0 33 7 -63 -27 -21 -8 -3 -1 -9 3 -4 16 25 -26 7 3 26 -36 9 10 -23 6 -15 0 over Number field with defining polynomial x-360
192 -4*a+1600 -6*a+2256 144 -288 -432 2*a-560 -48 -2*a+848 4*a-2080 -2*a+896 3*a-1200 0 a-208 0 3*a-1248 -2*a+896 -48 a-544 -a+496 a-400 2*a-752 -a+304 0 -2*a+992 a-352 -48 -a+400 -192 -a+352 a-592 0 2*a-896 -a+400 a-352 192 a-304 -2*a+896 -a+544 -a+496 0 -96 -48 0 48 over Number field with defining polynomial x^2-824*x+161536
-13*a^2 + 11616*a - 2589628 -13*a^2 + 10624*a - 2169276 24*a^2 - 21006*a + 4584036 -12*a^2 + 9906*a - 2038236 -4*a^2 + 2962*a - 543916 -3*a^2 + 2996*a - 727996 -15*a^2 + 13548*a - 3040508 a^2 - 564*a + 67012 -11*a^2 + 9988*a - 2245500 4*a^2 - 3662*a + 835924 7*a^2 - 5560*a + 1102724 -3*a^2 + 2736*a - 619116 6*a^2 - 5502*a + 1249716 a^2 - 996*a + 240932 3*a^2 - 2808*a + 653892 3*a^2 - 2496*a + 517892 -3*a^2 + 2780*a - 638364 6*a^2 - 5178*a + 1115268 3*a^2 - 2992*a + 728068 3*a^2 - 2776*a + 638436 -a^2 + 784*a - 156572 -6*a^2 + 5126*a - 1092156 a^2 - 996*a + 240932 3*a^2 - 2808*a + 653892 146*a-64172 3*a^2 - 2632*a + 574228 -7*a^2 + 6492*a - 1486748 -5*a^2 + 3816*a - 720604 -5*a^2 + 4668*a - 1075340 -3*a^2 + 2644*a - 582028 a^2 - 716*a + 120388 -3*a^2 + 2888*a - 677836 2*a^2 - 2066*a + 512596 3*a^2 - 2788*a + 642228 5*a^2 - 4272*a + 911460 2*a^2 - 1962*a + 471716 5*a^2 - 4028*a + 810308 a^2 - 712*a + 121796 a^2 - 960*a + 221540 -a^2 + 1000*a - 240860 -182*a+74212 -102*a+40916 142*a-60236 6*a-3900 -106*a+44852 over Number field with defining polynomial x^3-1308*x^2+566500*x-81295520
0 8 0 12 -8 -20 0 0 -20 0 4 18 0 -12 8 2 -4 -4 -2 2 2 -16 8 -8 -4 4 10 -2 0 4 6 0 0 2 -2 0 -2 0 2 6 0 4 -6 -4 2 over Number field with defining polynomial x-52
-4 -8 0 6 4 -4 2 2 4 0 2 -3 0 0 0 3 -2 -2 1 1 -3 0 -2 0 -6 0 1 0 2 0 0 -4 -2 1 1 -2 0 2 3 0 4 -2 0 0 0 over Number field with defining polynomial x-18
For conductor 2, eigenvectors are:
2 -1 0 0 -1 1 over Number field with defining polynomial x-52
6 4 7 0 -3 -4 over Number field with defining polynomial x+60
-8*a^2 + 28*a + 2360 6*a^2 + 302*a + 4728 12*a^2 + 540*a + 2044 -a^3 - 80*a^2 - 1481*a - 6258 2*a^2 + 284*a + 2202 9*a^2 + 421*a + 3386 over Number field with defining polynomial x^4+95*x^3+2490*x^2+20026*x+37264
For conductor 3, eigenvectors are:
-1 2 -1 over Number field with defining polynomial x-2
1 0 -1 over Number field with defining polynomial x-36
1 1 1 over Number field with defining polynomial x-8
For conductor 6, eigenvectors are:
0 108*a^5 - 10692*a^4 + 143256*a^3 + 1472460*a^2 - 14742816*a - 95729664 -831*a^5 + 43377*a^4 - 460017*a^3 - 4415436*a^2 + 46226496*a + 270855744 366*a^5 - 10698*a^4 - 8370*a^3 + 1135548*a^2 + 5894880*a + 15640320 1110*a^5 - 64274*a^4 + 764374*a^3 + 6588380*a^2 - 81032672*a - 460741120 626*a^5 - 36046*a^4 + 402182*a^3 + 3925264*a^2 - 40646208*a - 244390272 518*a^5 - 25354*a^4 + 258926*a^3 + 2452804*a^2 - 25903392*a - 148660608 -1110*a^5 + 64274*a^4 - 764374*a^3 - 6588380*a^2 + 81032672*a + 460741120 -460*a^5 + 28380*a^4 - 282604*a^3 - 3237492*a^2 + 22000480*a + 144279168 -60*a^5 - 3510*a^4 + 206606*a^3 - 347742*a^2 - 29611984*a - 116068800 308*a^5 - 14536*a^4 + 88274*a^3 + 1702848*a^2 - 2776224*a - 35687744 161*a^5 - 8361*a^4 + 114491*a^3 + 710412*a^2 - 14413632*a - 76067712 60*a^5 - 2814*a^4 + 29990*a^3 + 353346*a^2 - 4411248*a - 28433856 308*a^5 - 15134*a^4 + 185624*a^3 + 1265946*a^2 - 21665232*a - 111235456 -248*a^5 + 17906*a^4 - 376054*a^3 - 954278*a^2 + 51256304*a + 233247104 -411*a^5 + 37833*a^4 - 683459*a^3 - 3245230*a^2 + 81312496*a + 402322176 -313*a^5 + 18023*a^4 - 201091*a^3 - 1962632*a^2 + 20323104*a + 122195136 -460*a^5 + 31120*a^4 - 508820*a^3 - 2523770*a^2 + 61597936*a + 301865536 -87*a^5 - 3029*a^4 + 154839*a^3 - 51344*a^2 - 18650688*a - 70173568 308*a^5 - 19384*a^4 + 292518*a^3 + 1780600*a^2 - 36757632*a - 192076096 533*a^5 - 28751*a^4 + 207477*a^3 + 3612538*a^2 - 11301072*a - 108103424 -2740*a^4 + 226216*a^3 - 713722*a^2 - 39597456*a - 157586368 -308*a^5 + 18786*a^4 - 195168*a^3 - 2217502*a^2 + 17868624*a + 116528384 12574*a^4 - 416402*a^3 - 192522*a^2 + 55493360*a + 227352960 -2424*a^4 + 102122*a^3 + 38876*a^2 - 16990704*a - 78194176 3162*a^4 - 118298*a^3 - 2802*a^2 + 17011616*a + 72251328 -1826*a^4 + 4772*a^3 + 475778*a^2 + 1898304*a - 2646464 over Number field with defining polynomial x^6-59*x^5+537*x^4+11826*x^3-70272*x^2-1221824*x-3446272
-7 -3 -4 -4 2 3 -1 -2 2 3 0 1 -1 1 1 4 2 3 3 2 0 -1 -1 -1 1 -1 0 over Number field with defining polynomial x-120
0 -6 3 0 0 2 0 0 14 9 6 1 9 -7 1 0 -1 -7 -1 0 0 -7 -1 -1 3 9 -4 over Number field with defining polynomial x+20
-15 -3 -3 0 -2 5 -7 2 -4 0 -1 -1 8 -1 -1 0 5 -4 -3 -3 4 0 3 1 -1 -4 -1 over Number field with defining polynomial x-136
-6 0 3 0 4 0 2 4 2 -1 0 1 -1 1 1 0 -1 -1 -1 -2 0 -1 -1 -1 1 -1 0 over Number field with defining polynomial x-96
15*a-2060 5*a-740 5*a-670 -5*a+680 -40 -5*a+640 5*a-680 40 60 5*a-610 50 -20 5*a-730 -20 -20 5*a-680 -5*a+710 -10 -60 10 5*a-600 70 -80 20 -20 -5*a+670 50 over Number field with defining polynomial x^2-238*x+13760
0 6*a+60 -3*a-30 0 0 -2*a-20 0 0 2*a+90 0 -2*a-55 2*a+20 0 35 2*a+20 0 a+10 -a-45 -2*a-20 2*a+55 0 -a-45 35 -2*a-20 -2*a-55 0 35 over Number field with defining polynomial x^2+35*x+75
0 12*a^2 - 336*a + 2244 -42*a+642 6*a^2 - 282*a + 2556 -28*a+428 8*a^2 - 196*a + 1068 -4*a^2 + 140*a - 1176 28*a-428 104*a-1384 4*a^2 - 168*a + 1604 -2*a^2 + 80*a - 638 -2*a^2 + 30*a - 388 -4*a^2 + 140*a - 1176 -2*a^2 + 100*a - 738 -4*a^2 + 114*a - 470 2*a^2 - 104*a + 902 -4*a^2 + 98*a - 534 2*a^2 + 10*a - 532 -4*a^2 + 116*a - 912 -2*a^2 + 52*a - 210 66*a-906 -2*a^2 + 94*a - 852 2*a^2 - 32*a + 110 -2*a^2 + 28*a + 54 -14*a+214 14*a-214 -34*a+314 over Number field with defining polynomial x^3-58*x^2+873*x-3616
0 -312*a-10272 3*a^3 + 201*a^2 + 3312*a + 432 24*a^2 + 1488*a + 20160 4*a^3 + 268*a^2 + 4832*a + 14272 -2*a^3 - 134*a^2 - 2416*a - 7136 -2*a^3 - 134*a^2 - 2104*a + 3136 -4*a^3 - 268*a^2 - 4832*a - 14272 2*a^3 + 142*a^2 + 2912*a + 13856 96*a+2144 12*a^2 + 300*a - 1488 -4*a^2 - 212*a - 4208 16*a^2 + 704*a + 7008 -a^3 - 63*a^2 - 1212*a - 7488 -4*a^2 - 4*a + 2640 -8*a^2 - 496*a - 6720 a^3 + 67*a^2 + 1208*a + 3568 a^3 + 83*a^2 + 2008*a + 12720 -4*a^2 - 108*a - 784 -2*a^3 - 130*a^2 - 2316*a - 7632 -16*a^2 - 608*a - 4864 a^3 + 59*a^2 + 904*a + 1136 a^3 + 55*a^2 + 804*a + 1632 -4*a^2 - 108*a - 784 -a^3 - 71*a^2 - 1308*a - 3072 -8*a^2 - 400*a - 4576 4*a^2 + 204*a + 2928 over Number field with defining polynomial x^4+95*x^3+3036*x^2+35184*x+76736
-3 3 0 0 2 -1 1 2 -2 1 1 0 1 0 0 0 0 1 0 1 0 1 2 0 0 1 1 over Number field with defining polynomial x-168
-9 3 3 0 -6 -1 3 -6 0 0 1 1 0 1 1 0 -1 0 -1 -1 0 0 1 -1 1 0 1 over Number field with defining polynomial x-168
-1 -1 -1 0 0 -1 -1 0 0 0 0 0 0 0 0 0 -1 0 0 0 0 0 0 0 0 0 0 over Number field with defining polynomial x-472
0 6 -3 0 0 -2 0 0 2 -1 2 -1 -1 -1 -1 0 1 -1 1 0 0 -1 1 1 1 -1 0 over Number field with defining polynomial x-36
0 12 -6 0 0 -4 0 0 0 3 -5 -2 3 7 -2 0 2 0 2 -7 0 0 -5 2 1 3 1 over Number field with defining polynomial x-36
For conductor 5, eigenvectors are:
1 1 -1 0 0 0 over Number field with defining polynomial x+48
-1 1 0 -1 1 -1 over Number field with defining polynomial x-18
a-12 a+48 2*a+36 30 30 30 over Number field with defining polynomial x^2+6*x-1416
-a-6 a+6 0 10 -a-6 -10 over Number field with defining polynomial x^2+22*x-4
For conductor 10, eigenvectors are:
-45 51 41 9 -3 0 -17 15 0 15 -30 1 14 -1 5 1 13 1 6 -5 -3 -22 1 -5 12 -10 -4 over Number field with defining polynomial x-147
0 0 4 0 0 0 0 0 0 0 1 0 -1 0 -2 0 2 0 1 2 0 -1 0 -1 -1 1 -1 over Number field with defining polynomial x+48
-18 0 -4 24 9 0 0 6 0 6 5 -3 -8 3 2 -3 -5 -3 -1 -2 9 -2 -3 -2 -2 -4 -5 over Number field with defining polynomial x-96
-21 3 -6 -14 9 0 -1 7 0 -6 -1 -3 -3 3 -2 -3 0 -3 -5 2 -4 1 -3 2 3 4 -1 over Number field with defining polynomial x-160
0 6 -4 0 -3 0 -2 0 0 -6 0 1 -1 -1 2 1 1 1 0 -2 3 -1 1 -2 0 2 -1 over Number field with defining polynomial x-18
0 -6*a -4*a+12 0 3*a 0 2*a 0 0 -6*a+18 -2*a+3 2*a -3 -2*a -4*a+12 -a a-3 2*a -2*a+3 4*a-12 3*a-9 -3 2*a -2*a+6 2*a-3 -4*a+12 -3 over Number field with defining polynomial x^2-15*x+27
0 6*a+288 4*a+112 0 -3*a-144 0 -2*a-96 0 0 2*a+96 2*a+76 a+48 -3*a-124 -a-48 -20 a+48 a+8 a+48 -4*a-152 20 -a-48 3*a+104 a+48 20 a+38 -a-38 -10 over Number field with defining polynomial x^2+6*x-1416
4*a^2 - 776*a + 17812 4*a^2 - 1160*a + 81364 -40*a+10840 216*a-31528 -4*a^2 + 1160*a - 81364 -4*a^2 + 1116*a - 59312 4*a^2 - 1288*a + 102548 4*a^2 - 904*a + 38996 8*a^2 - 2344*a + 162480 -88*a+10344 180*a-31900 2*a^2 - 538*a + 41116 204*a-31652 6*a^2 - 1502*a + 79492 -6*a^2 + 1578*a - 89960 -4*a^2 + 1032*a - 60180 64*a-10592 6*a^2 - 1654*a + 100428 -76*a+10468 -6*a^2 + 1578*a - 89960 -64*a+10592 -52*a+10716 -2*a^2 + 690*a - 62052 88*a-10344 52*a-10716 0 -76*a+10468 over Number field with defining polynomial x^3-406*x^2+52057*x-2055904
0 12*a^6 - 276*a^5 - 13560*a^4 + 238632*a^3 + 3385152*a^2 - 25047936*a - 2053632 -56*a^5 + 2000*a^4 + 36688*a^3 - 752256*a^2 - 10412800*a + 8169472 0 12*a^6 - 48*a^5 - 13002*a^4 + 55704*a^3 + 2350392*a^2 - 10449504*a + 5648640 0 -152*a^5 - 372*a^4 + 121952*a^3 + 689840*a^2 - 9732288*a - 5134848 -12*a^6 + 124*a^5 + 13188*a^4 - 116680*a^3 - 2695312*a^2 + 15315648*a - 3081216 4*a^6 - 116*a^5 - 556*a^4 + 15288*a^3 + 218576*a^2 + 4782400*a - 5428736 28*a^5 - 1000*a^4 - 18344*a^3 + 376128*a^2 + 5206400*a - 4084736 2*a^6 - 60*a^5 - 1760*a^4 + 48944*a^3 + 376128*a^2 - 6777856*a + 1700096 2*a^6 + 10*a^5 - 3462*a^4 + 22336*a^3 + 887976*a^2 - 2008608*a + 4699136 2*a^6 - 12*a^5 - 1372*a^4 - 12940*a^3 + 83552*a^2 + 1128640*a - 4858624 2*a^6 - 126*a^5 - 3198*a^4 + 108520*a^3 + 1357480*a^2 - 6458720*a + 8992512 -136*a^5 + 264*a^4 + 86184*a^3 + 469504*a^2 - 4450112*a + 4293376 76*a^5 + 186*a^4 - 60976*a^3 - 344920*a^2 + 4866144*a + 2567424 14*a^5 - 500*a^4 - 9172*a^3 + 188064*a^2 + 2603200*a - 2042368 -28*a^5 - 144*a^4 + 13796*a^3 - 89216*a^2 - 3449728*a + 6758912 -2*a^6 - 16*a^5 - 428*a^4 + 63640*a^3 + 711968*a^2 - 6808704*a + 1720064 -136*a^5 + 264*a^4 + 86184*a^3 + 469504*a^2 - 4450112*a + 4293376 -14*a^5 + 500*a^4 + 9172*a^3 - 188064*a^2 - 2603200*a + 2042368 -2*a^6 + 32*a^5 - 40*a^4 + 1756*a^3 + 419392*a^2 + 1097792*a - 4838656 -108*a^5 + 408*a^4 + 72388*a^3 + 558720*a^2 - 1000384*a - 2465536 -28*a^5 + 1000*a^4 + 18344*a^3 - 376128*a^2 - 5206400*a + 4084736 -38*a^5 - 1094*a^4 + 56292*a^3 + 544048*a^2 - 6793280*a + 1710080 0 -10*a^5 + 706*a^4 + 5592*a^3 - 251472*a^2 - 1113216*a + 4848640 over Number field with defining polynomial x^7-5*x^6-1639*x^5+2446*x^4+661492*x^3+2585520*x^2-33036032*x+11321344
18*a-324 6*a+84 12*a-984 -32*a+2768 9*a-198 48*a-4152 -8*a+296 4*a-112 -4*a+328 10*a-892 -2*a-124 -8*a+512 -a-170 4*a-472 -4*a+400 -5*a+14 -11*a+938 4*a-328 72 -4*a+400 11*a-938 a+26 8*a-656 -10*a+892 -a-26 0 72 over Number field with defining polynomial x^2-230*x+11488
-2 -2 2 2 -2 0 -2 -2 0 -2 0 0 0 0 0 -2 -2 0 0 0 -2 0 0 -2 0 0 0 over Number field with defining polynomial x-310
6 0 12 -20 0 -24 -2 4 -4 4 1 7 5 1 2 -2 -8 -5 -3 2 8 1 -1 -4 -1 0 -3 over Number field with defining polynomial x-148
-12 0 12 4 0 -6 4 -8 -10 -8 -11 -5 -1 7 -4 4 -2 1 -3 -4 2 7 11 8 -7 0 -3 over Number field with defining polynomial x-148
3 3 2 2 3 0 3 3 0 -2 0 0 0 0 0 3 -2 0 0 0 -2 0 0 -2 0 0 0 over Number field with defining polynomial x-520
For conductor 15, eigenvectors are:
-3 -3 -4 -3 0 -2 1 -2 2 2 1 0 0 -2 1 1 1 1 -2 1 -2 -1 -1 -2 2 1 1 1 0 -1 over Number field with defining polynomial x-204
0 0 -4 0 0 2 0 2 -2 -2 0 18 0 -2 -9 7 -7 -11 -2 0 0 7 -7 2 0 9 11 -1 -8 -1 over Number field with defining polynomial x+72
0 0 -4 0 0 2 0 2 -2 -2 0 0 0 -2 0 -2 2 -2 -2 0 0 -2 2 2 0 0 2 -1 1 -1 over Number field with defining polynomial x+36
13*a-1616 3*a-356 -2*a+264 4*a-508 -a+152 -20 -5*a+640 -2*a+284 20 20 5*a-620 0 0 -20 a-142 10 10 10 -a+132 -4*a+488 -a+132 -10 -a+142 -a+132 a-132 10 10 10 0 -a+142 over Number field with defining polynomial x^2-236*x+13808
0 0 -8*a-136 0 0 4*a+68 0 4*a+68 -4*a-68 -4*a-68 0 -144 0 -4*a-68 -2*a-106 4*a-40 2*a-38 4*a+104 4*a+32 0 0 4*a-40 2*a-38 -4*a-32 0 2*a+106 -4*a-104 -2*a-34 -72 -2*a-34 over Number field with defining polynomial x^2+25*x-188
0 -6*a^2 + 96*a + 1896 -2*a^2 - 112*a - 820 3*a^2 - 48*a - 948 0 a^2 + 56*a + 410 2*a^2 - 32*a - 632 a^2 + 56*a + 410 3*a^2 - 108*a - 966 -a^2 + 88*a + 1042 0 2*a^2 - 176*a - 2084 -4*a^2 + 52*a + 556 a^2 - 10*a + 38 2*a^2 - 32*a - 632 -a^2 + 16*a + 316 -a^2 + 16*a + 316 -72*a-726 a^2 + 56*a + 410 -a^2 + 16*a + 316 2*a^2 - 26*a - 278 -a^2 + 16*a + 316 2*a^2 - 98*a - 1004 -a^2 - 56*a - 410 2*a^2 - 26*a - 278 a^2 - 82*a - 688 72*a+726 33*a+186 -a^2 + 16*a + 316 33*a+186 over Number field with defining polynomial x^3-52*x^2-730*x-1248
0 -180*a+11790 -6*a^2 - 98*a + 5330 90*a-5895 0 3*a^2 + 49*a - 2665 60*a-3930 3*a^2 + 49*a - 2665 9*a^2 + 257*a - 6545 -3*a^2 - 379*a - 1685 0 -4*a^2 - 212*a + 1620 6*a^2 - 72*a - 2850 3*a^2 - 61*a - 4115 2*a^2 - 29*a + 3705 2*a^2 + 126*a - 2120 2*a^2 - 19*a - 5605 20*a-1310 -2*a^2 - 146*a + 3430 -30*a+1965 -3*a^2 + 36*a + 1425 2*a^2 + 126*a - 2120 2*a^2 - 139*a + 2255 2*a^2 + 146*a - 3430 -3*a^2 + 36*a + 1425 -2*a^2 - 91*a + 4155 -20*a+1310 55*a+725 -4*a^2 + 48*a + 1900 55*a+725 over Number field with defining polynomial x^3+49*x^2-1547*x-15360
0 6*a+132 -14*a-968 3*a+396 -9*a-528 -12*a-924 2*a-176 -2*a-44 -4*a-308 -4*a-308 -4*a-308 0 0 4*a+308 a+22 4*a+198 110 4*a+198 7*a+484 -a+88 -a-132 -4*a-198 -a-22 7*a+484 a+132 110 4*a+198 110 0 -a-22 over Number field with defining polynomial x^2+44*x-1936
0 60*a^6 - 510*a^5 - 113154*a^4 + 892782*a^3 + 47347878*a^2 - 253337376*a - 4133556336 -14*a^6 - 330*a^5 + 25212*a^4 + 419926*a^3 - 9701786*a^2 - 128449544*a + 621812816 60*a^6 - 2163*a^5 - 61875*a^4 + 1663419*a^3 + 19738479*a^2 - 257084088*a - 1897297416 -36*a^6 + 1764*a^5 + 23784*a^4 - 1034460*a^3 - 11108748*a^2 + 133036752*a + 670324320 7*a^6 - 715*a^5 + 4090*a^4 + 585565*a^3 - 3872915*a^2 - 63541308*a - 46405128 1102*a^5 - 34186*a^4 - 513758*a^3 + 18406266*a^2 + 2497808*a - 1490839280 -21*a^6 + 385*a^5 + 21122*a^4 - 165639*a^3 - 5828871*a^2 - 64908236*a + 668217944 31*a^6 - 1185*a^5 - 18410*a^4 + 728863*a^3 + 4865325*a^2 - 86247796*a - 788331944 31*a^6 - 1185*a^5 - 18410*a^4 + 728863*a^3 + 4865325*a^2 - 86247796*a - 788331944 -60*a^6 + 1612*a^5 + 78968*a^4 - 1406540*a^3 - 28941612*a^2 + 255835184*a + 2642717056 0 840*a^5 - 60474*a^4 - 42708*a^3 + 37604846*a^2 - 104113808*a - 3891112592 -31*a^6 + 1185*a^5 + 18410*a^4 - 728863*a^3 - 4865325*a^2 + 86247796*a + 788331944 95*a^5 + 360*a^4 + 26167*a^3 - 746502*a^2 - 34045932*a + 138464792 -8*a^6 - 270*a^5 + 18514*a^4 + 167706*a^3 - 9108570*a^2 - 6075164*a + 842308640 345*a^5 - 9732*a^4 - 104515*a^3 + 4525370*a^2 - 7025832*a - 149394808 -8*a^6 - 270*a^5 + 18514*a^4 + 167706*a^3 - 9108570*a^2 - 6075164*a + 842308640 -72*a^5 + 11236*a^4 - 1976*a^3 - 5090668*a^2 + 11414072*a - 6300224 -551*a^5 + 17093*a^4 + 256879*a^3 - 9203133*a^2 - 1248904*a + 745419640 448*a^5 - 23863*a^4 - 114390*a^3 + 13808801*a^2 - 4723336*a - 885757272 8*a^6 + 270*a^5 - 18514*a^4 - 167706*a^3 + 9108570*a^2 + 6075164*a - 842308640 -95*a^5 - 360*a^4 - 26167*a^3 + 746502*a^2 + 34045932*a - 138464792 -72*a^5 + 11236*a^4 - 1976*a^3 - 5090668*a^2 + 11414072*a - 6300224 392*a^5 - 36611*a^4 + 71682*a^3 + 23796045*a^2 - 99390472*a - 3005355320 345*a^5 - 9732*a^4 - 104515*a^3 + 4525370*a^2 - 7025832*a - 149394808 -8*a^6 - 270*a^5 + 18514*a^4 + 167706*a^3 - 9108570*a^2 - 6075164*a + 842308640 345*a^5 - 9732*a^4 - 104515*a^3 + 4525370*a^2 - 7025832*a - 149394808 0 -95*a^5 - 360*a^4 - 26167*a^3 + 746502*a^2 + 34045932*a - 138464792 over Number field with defining polynomial x^7-29*x^6-1712*x^5+43215*x^4+663637*x^3-15290932*x^2-38952792*x+1014748736
-45 15 8 15 0 -4 -5 -4 -12 4 15 -8 -8 -4 4 4 4 0 -4 -5 4 4 4 4 4 -4 0 0 -8 0 over Number field with defining polynomial x-436
9 -3 2 -3 0 -1 1 -1 -3 1 -3 -2 -2 -1 1 1 1 0 -1 1 1 1 1 1 1 -1 0 0 -2 0 over Number field with defining polynomial x-256
0 4 4 -2 -8 6 4 -2 -2 -2 0 0 -4 2 -2 0 2 0 0 -2 -6 0 2 0 2 2 0 2 0 2 over Number field with defining polynomial x+24
0 6 -6 -3 0 3 -2 3 -1 3 0 4 -2 1 0 2 -2 0 -2 1 1 -2 0 2 1 -2 -4 2 0 0 over Number field with defining polynomial x+86
For conductor 30, eigenvectors are:
-2 -2 2 2 0 1 1 -1 over Number field with defining polynomial x+36
2 2 1 2 -1 0 -1 0 over Number field with defining polynomial x+4
-1 -1 1 -1 -1 0 -1 0 over Number field with defining polynomial x-56
-3*a^2 + 116*a + 1438 a^2 - 44*a - 794 -a^2 - 8*a + 74 a^2 - 36*a - 322 a^2 - 80*a - 570 -4*a-236 -a^2 + 36*a + 322 -48*a-484 over Number field with defining polynomial x^3-52*x^2-730*x-1248
2 -4 -2 1 0 2 -1 1 over Number field with defining polynomial x+24
2 2 1 -2 3 2 -1 -2 over Number field with defining polynomial x+24
For conductor 7, eigenvectors are:
0 -1 0 -1 over Number field with defining polynomial x+78
1 0 -1 0 over Number field with defining polynomial x+16
-16 -a-28 -8 a+28 over Number field with defining polynomial x^2+44*x+352
For conductor 14, eigenvectors are:
-17 -1 -2 34 -2 51 8 -5 13 8 -16 -4 6 -7 4 1 7 3 6 9 -1 -8 -3 9 1 -15 -16 -7 -4 0 over Number field with defining polynomial x-154
-9 -3 2 -2 0 -12 2 -5 7 2 0 -3 2 1 3 -1 -1 -2 2 -1 -3 -4 2 -1 3 -1 0 -3 -3 -2 over Number field with defining polynomial x-184
0 0 -4 0 0 0 0 0 0 0 0 1 1 0 1 1 0 2 0 -2 0 -1 2 0 -1 0 -1 1 0 -1 over Number field with defining polynomial x+16
-3 3 -5 -37 -3 0 -20 -1 -1 20 -19 -6 2 -1 -14 2 1 -1 -1 7 -1 -6 -1 9 -6 1 -1 4 -4 -4 over Number field with defining polynomial x-187
9 -9 2 -6 9 0 -18 3 3 18 18 -8 7 3 16 7 -3 -10 3 -8 3 5 -10 12 5 -3 -10 1 12 -1 over Number field with defining polynomial x-200
0 -6 4 0 3 0 0 2 0 0 6 5 -2 1 -1 -3 -1 -2 1 -1 1 -4 -2 3 -3 -1 -2 1 -3 0 over Number field with defining polynomial x-28
0 -6 8 0 -3 0 2 -2 4 2 -4 2 -3 -2 -2 -1 -3 1 -1 -2 0 1 -1 -2 3 1 -4 2 2 -2 over Number field with defining polynomial x-8
4 -8 -4 4 0 -4 -4 -4 0 -4 0 -1 3 -2 1 -5 2 4 -4 2 6 1 -4 2 1 2 0 -1 -1 -3 over Number field with defining polynomial x-156
12 -12 20 -4 12 0 4 4 4 -4 0 5 11 4 -1 11 -4 4 4 10 4 5 4 2 5 -4 4 3 -3 -3 over Number field with defining polynomial x-92
45 21 -2 18 12 0 -18 -7 15 18 0 5 -11 4 -1 0 -4 4 4 -1 4 5 4 -9 -6 -4 4 -8 -3 -3 over Number field with defining polynomial x-136
0 18*a+504 12*a+432 0 -9*a-252 0 0 -6*a-168 0 0 6*a+168 3*a+60 -24 -3*a-84 3*a+132 3*a+60 3*a+84 24 -3*a-84 3*a+132 -3*a-84 -48 24 3*a+84 -3*a-132 3*a+84 24 12 36 -3*a-96 over Number field with defining polynomial x^2+44*x+352
0 -6*a+12 -4*a+36 0 3*a-6 0 0 2*a-4 0 0 -6*a+54 4*a-36 -7 -2*a+4 4*a-36 2*a-11 2*a-4 -4*a+36 a-2 a-9 -2*a+4 7 -4*a+36 -3*a+27 -2*a+11 2*a-4 2*a-18 -7 0 -2*a+11 over Number field with defining polynomial x^2-15*x+47
10*a^2 - 1856*a + 65278 -2*a^2 + 184*a + 15298 4*a^2 - 520*a + 4188 -12*a^2 + 2824*a - 156964 -6*a^2 + 1176*a - 48618 -2*a^2 + 334*a - 25064 4*a^2 - 888*a + 48164 6*a^2 - 1280*a + 64370 -2*a^2 + 392*a - 16206 4*a^2 - 888*a + 48164 4*a^2 - 1152*a + 76388 -2*a^2 + 550*a - 34256 -4*a^2 + 1414*a - 110190 -7*a^2 + 1711*a - 105126 2*a^2 - 550*a + 34256 4*a^2 - 1098*a + 74090 7*a^2 - 1711*a + 105126 5*a^2 - 1267*a + 81044 -2*a^2 + 288*a - 454 -4*a^2 + 836*a - 40288 3*a^2 - 823*a + 56962 -4*a^2 + 994*a - 58338 -5*a^2 + 1267*a - 81044 -4*a^2 + 836*a - 40288 4*a^2 - 1310*a + 94438 -11*a^2 + 2599*a - 153290 4*a^2 - 1152*a + 76388 -210*a+25926 -2*a^2 + 550*a - 34256 106*a-10174 over Number field with defining polynomial x^3-374*x^2+44785*x-1714056
0 6*a^2 + 72*a - 4608 -120*a-4096 0 6*a^2 + 78*a - 3840 0 4*a^2 - 8*a - 4608 -4*a-512 -6*a^2 - 76*a + 4096 4*a^2 - 8*a - 4608 60*a+2048 90*a+3072 a^2 + 42*a + 256 -5*a^2 - 212*a - 1536 -90*a-3072 a^2 + 132*a + 3328 -5*a^2 - 240*a - 2304 28*a+768 -2*a-256 30*a+1024 3*a^2 + 68*a - 1024 -3*a^2 - 246*a - 4864 -28*a-768 30*a+1024 a^2 + 72*a + 1280 3*a^2 + 96*a - 256 60*a+2048 -2*a^2 - 144*a - 2560 90*a+3072 30*a+1024 over Number field with defining polynomial x^3-10*x^2-2432*x-32768
0 6*a^3 - 84*a^2 + 228*a + 864 12*a^3 - 100*a^2 - 936*a - 1504 0 -3*a^3 + 54*a^2 + 282*a + 216 0 -16*a^3 + 104*a^2 + 1512*a + 2528 6*a^3 - 92*a^2 - 36*a + 432 -8*a^2 - 264*a - 432 -16*a^3 + 104*a^2 + 1512*a + 2528 -6*a^3 + 50*a^2 + 468*a + 752 -2*a^3 - 2*a^2 + 454*a + 920 -2*a^3 + 11*a^2 + 272*a + 520 -8*a^3 + 34*a^2 + 1086*a + 1872 2*a^3 + 2*a^2 - 454*a - 920 2*a^3 - 7*a^2 - 438*a - 928 4*a^3 - 82*a^2 + 218*a + 752 -12*a^3 + 116*a^2 + 868*a + 1120 3*a^3 - 46*a^2 - 18*a + 216 -3*a^3 + 25*a^2 + 234*a + 376 12*a^3 - 142*a^2 - 802*a - 944 -2*a^3 + 37*a^2 - 92*a - 280 12*a^3 - 116*a^2 - 868*a - 1120 -3*a^3 + 25*a^2 + 234*a + 376 2*a^3 - 41*a^2 + 258*a + 688 -26*a^2 + 66*a + 176 -6*a^3 + 50*a^2 + 468*a + 752 13*a^2 - 182*a - 400 -2*a^3 - 2*a^2 + 454*a + 920 17*a^2 - 348*a - 808 over Number field with defining polynomial x^4-35*x^3+139*x^2+2112*x+3376
-6 6 -2 -2 6 0 0 6 6 0 2 0 0 0 0 0 0 0 -6 2 0 0 0 -2 0 0 -2 0 0 0 over Number field with defining polynomial x-410
-30 6 12 -28 12 24 -4 -14 10 -4 8 2 8 -2 -2 -6 2 4 8 -10 6 4 -4 -10 -6 2 8 -2 2 0 over Number field with defining polynomial x-88
-24 -12 8 16 -6 0 -16 4 -8 16 4 6 4 -2 2 -2 2 4 -2 2 -2 0 4 -6 6 2 4 2 -2 4 over Number field with defining polynomial x-88
3 -3 -6 -6 -3 0 0 -3 -3 0 6 0 0 0 0 0 0 0 3 6 0 0 0 -6 0 0 -6 0 0 0 over Number field with defining polynomial x-256
For conductor 21, eigenvectors are:
a vector of length 39 over Number field with defining polynomial a number field of degree 12
0 0 -4 0 -4 0 4 0 0 -2 0 -2 0 2 -2 2 0 2 0 0 2 0 0 2 0 -2 2 -2 0 0 2 -2 -2 0 0 2 1 1 -1 over Number field with defining polynomial x-12
0 0 0 2 0 -2 4 -3 0 0 -2 2 2 -2 0 -2 2 2 -2 2 1 0 0 -1 -1 -1 -1 -2 1 1 1 0 2 -1 1 1 -1 -1 0 over Number field with defining polynomial x-106
0 6 -4 4 0 0 0 6 6 4 4 -2 0 -2 -2 -6 -6 4 4 -4 2 -2 1 -1 -2 -1 -1 0 0 -2 1 1 0 2 1 1 -1 -2 -1 over Number field with defining polynomial x-24
5*a-648 -3*a+420 a-192 -3*a+368 -a+88 a-88 -4*a+560 -2*a+228 -2*a+228 3*a-368 -2*a+280 -4*a+508 a-88 -52 -3*a+420 -a+140 -a+140 a-192 -2*a+280 2*a-280 a-140 a-140 26 -26 -a+140 -a+166 -26 2*a-280 -2*a+280 3*a-420 26 26 -2*a+280 a-140 a-166 26 -a+166 -a+140 -26 over Number field with defining polynomial x^2-290*x+20688
-17*a+2372 7*a-812 -a+76 -3*a+388 a+84 5*a-380 -2*a+312 6*a-736 -a+236 3*a-388 -a+156 -2*a+392 -5*a+740 80 -3*a+308 a+4 5*a-820 -a+76 -a+156 4*a-304 2*a-152 -a-4 -40 40 -2*a+152 a-36 40 a-156 6*a-816 3*a-308 -40 -40 -a+156 -a-4 -a+36 -40 a-36 -2*a+152 40 over Number field with defining polynomial x^2-280*x+18064
0 0 -4*a-1184 -100*a-736 -4*a-1184 100*a+736 104*a+1920 0 0 -52*a-960 0 -52*a-960 0 52*a+960 48*a-224 -48*a+224 0 52*a+960 0 0 2*a^2 - 72*a - 1712 0 2*a^2 - 74*a - 2304 -a^2 - 4*a - 160 2*a^2 - 24*a - 1936 -2*a^2 + 22*a + 1344 -a^2 - 4*a - 160 a^2 + 4*a + 160 0 0 -a^2 - 4*a - 160 -2*a^2 + 22*a + 1344 a^2 + 4*a + 160 0 -2*a^2 + 74*a + 2304 -a^2 - 4*a - 160 26*a+480 -24*a+112 -26*a-480 over Number field with defining polynomial x^3-7*x^2-1804*x-21664
0 6*a-84 -12 -36 -4*a+44 4*a-44 -4*a+32 -3*a+42 0 -2*a+16 0 2*a-16 -2*a+28 -2*a+16 12 0 0 2*a-4 0 -6*a+48 a-8 -6 -2*a+28 -a+2 a-20 -a+14 -a+14 -2*a+16 -a+14 3*a-24 -a+2 2*a-22 -2*a+16 -3*a+24 -a+8 -a+14 -3 6 3 over Number field with defining polynomial x^2-16*x+46
0 -12*a^3 - 636*a^2 - 3390*a + 130224 2*a^3 - 18*a^2 + 722*a + 17552 -12*a^2 + 452*a - 16896 -4*a^3 + 24*a^2 + 5336*a + 53648 2*a^3 - 2*a^2 - 1990*a + 4864 -2*a^3 - 6*a^2 + 182*a - 51344 6*a^3 + 318*a^2 + 1695*a - 65112 0 -8*a^2 + 1356*a + 6344 0 a^3 + 3*a^2 - 91*a + 25672 4*a^3 + 212*a^2 + 1130*a - 43408 -a^3 - 3*a^2 + 91*a - 25672 a^3 - 3*a^2 + 135*a + 17224 a^3 - 11*a^2 - 1673*a - 29256 0 2*a^3 - 6*a^2 - 2894*a - 18376 0 6*a^3 + 216*a^2 - 1086*a - 30096 4*a^3 + 148*a^2 + 180*a + 3176 -a^3 + 7*a^2 + 769*a + 6016 -6*a^3 - 285*a^2 - 1785*a + 34424 -2*a^3 - 66*a^2 + 136*a + 18480 4*a^3 + 140*a^2 - 1628*a - 43304 -2*a^3 - 141*a^2 - 2509*a + 14360 -80*a^2 - 1402*a + 6448 -2*a^3 - 146*a^2 - 1266*a + 24928 2*a^3 + 106*a^2 + 565*a - 21704 -3*a^3 - 108*a^2 + 543*a + 15048 -2*a^3 - 66*a^2 + 136*a + 18480 6*a^3 + 283*a^2 - 249*a - 72456 -2*a^3 - 146*a^2 - 1266*a + 24928 3*a^3 + 108*a^2 - 543*a - 15048 -2*a^3 - 139*a^2 - 475*a + 52392 -80*a^2 - 1402*a + 6448 a^2 + 1017*a + 19016 4*a^2 + 904*a + 23240 -a^2 - 1017*a - 19016 over Number field with defining polynomial x^4+61*x^3+525*x^2-13272*x-100832
-155 -61 -18 -14 34 -62 16 -37 0 18 0 -8 27 8 -6 10 -45 -14 0 -32 24 -6 -8 -2 40 16 10 8 -19 16 2 8 8 -16 32 6 8 -8 0 over Number field with defining polynomial x-320
-6 -6 -2 4 -2 4 -4 -3 0 -2 -2 2 0 -2 -2 0 -4 0 2 2 -3 2 2 -3 -1 -1 1 -2 1 -1 -1 -2 -2 1 1 -1 1 -1 0 over Number field with defining polynomial x-480
-9*a+1932 -3*a+1284 12*a-4112 -10*a+3576 -14*a+4904 -8*a+3296 -2*a+792 -3*a+900 0 -2*a+1048 -18*a+6168 a-396 a-44 -a+396 -a+908 -a+652 -3*a+1028 512 18*a-6168 2*a-536 -2*a+664 -11*a+3972 a-428 11*a-3812 -2*a+408 -a+300 -12*a+4208 -a+396 -a-84 -a+268 -a+748 -a+364 -a+396 a-268 -a-20 -352 -160 128 -32 over Number field with defining polynomial x^2-664*x+108176
0 -6 0 2 -2 4 -2 3 0 -2 0 1 2 -1 -1 -1 0 0 0 -2 0 1 0 2 0 0 0 2 1 1 2 0 2 -1 0 0 0 0 0 over Number field with defining polynomial x+90
For conductor 42, eigenvectors are:
0 1 -1 1 over Number field with defining polynomial x-12
-3 -2 -1 1 over Number field with defining polynomial x-48
-2*a+10 a-5 a-2 3 over Number field with defining polynomial x^2-16*x+46
For conductor 35, eigenvectors are:
-4 -4 0 0 0 0 0 0 0 2 0 0 2 2 2 0 -8 0 2 -1 4 -1 4 0 0 0 -4 1 0 0 1 4 0 -1 0 -1 over Number field with defining polynomial x+28
-4 -4 0 0 0 0 0 0 0 2 0 0 2 2 2 0 2 0 2 -1 -1 -1 -1 0 0 0 1 1 0 0 1 -1 0 -1 0 -1 over Number field with defining polynomial x+8
-2*a+304 -6*a+864 -7*a+992 5*a-724 -3*a+432 a-128 -2*a+280 3*a-420 0 -2*a+292 2*a-280 -a+128 -2*a+292 12 12 a-140 0 -a+152 -12 2*a-286 -6 6 6 0 3*a-432 -a+140 -6 -2*a+286 0 -a+140 -6 -6 -a+152 -6 0 -2*a+286 over Number field with defining polynomial x^2-285*x+20288
120*a+10752 -136*a-3920 0 -12*a+5124 -64*a+760 0 72*a+4680 6*a-2562 0 32*a-380 -28*a-1328 4*a-1708 -24*a-3036 -40*a-632 -28*a-1328 0 56*a+2656 -80*a-5692 -34*a-980 -48*a-1644 22*a-538 50*a+790 6*a+1866 28*a+1328 2*a-854 72*a+2466 -22*a+538 -18*a+1044 28*a+1328 -40*a-2846 80*a+3478 6*a+1866 56*a+2656 -15*a-1344 2214 -15*a-1344 over Number field with defining polynomial x^2+64*x-434
-a+164 -3*a+540 7*a-1238 -a+182 -3*a+504 5*a-808 -a+188 -2*a+346 0 -a+176 a-188 3*a-522 -a+176 -12 -12 -3*a+534 0 a-152 12 a-182 6 -6 -6 0 -2*a+358 -2*a+328 6 -a+182 0 -2*a+328 6 6 a-152 6 0 -a+182 over Number field with defining polynomial x^2-292*x+20560
32*a^2 - 640*a - 36384 80*a^2 - 112*a - 912 0 -144*a^2 - 2088*a + 26568 -1824*a-1392 0 -72*a^2 - 792*a - 53208 72*a^2 + 1044*a - 13284 0 -4*a^2 + 452*a + 27060 -24*a^2 - 264*a - 17736 48*a^2 + 696*a - 8856 -52*a^2 - 76*a - 8412 92*a^2 - 724*a - 37068 -52*a^2 + 668*a + 36612 0 -48*a^2 + 464*a + 24560 2736*a+2088 20*a^2 - 28*a - 228 44*a^2 - 136*a - 5004 -24*a^2 - 928*a - 3424 44*a^2 + 1688*a - 3612 1160*a+15704 24*a^2 + 264*a + 17736 24*a^2 + 348*a - 4428 -456*a-348 24*a^2 + 928*a + 3424 52*a^2 - 296*a - 14100 24*a^2 + 264*a + 17736 1368*a+1044 52*a^2 + 1528*a - 12708 1160*a+15704 -912*a-696 -4*a^2 + 80*a + 4548 1824*a+1392 -4*a^2 + 80*a + 4548 over Number field with defining polynomial x^3-5*x^2-1075*x-1960
8*a^2 + 248*a - 928 4*a^2 + 284*a + 16 0 6*a^2 - 54*a + 984 -12*a^2 - 372*a + 1392 0 -2*a^2 + 18*a - 328 -3*a^2 + 27*a - 492 0 -a^2 - 151*a + 156 -2*a^2 + 18*a + 72 -2*a^2 + 18*a - 328 -5*a^2 - 115*a + 300 3*a^2 - 27*a + 492 -a^2 + 169*a - 484 0 -4*a^2 + 36*a + 944 6*a^2 + 106*a - 136 a^2 + 71*a + 4 -3*a^2 - 13*a + 188 400 -3*a^2 - 93*a + 748 -2*a^2 + 18*a + 72 2*a^2 - 18*a - 72 -a^2 + 9*a - 164 3*a^2 + 133*a - 628 -400 -a^2 + 49*a - 44 2*a^2 - 18*a - 72 3*a^2 + 53*a - 68 -a^2 - 31*a + 516 -2*a^2 + 18*a + 72 40*a-280 -a^2 - 31*a + 116 -40*a-120 -a^2 - 31*a + 116 over Number field with defining polynomial x^3+39*x^2-268*x-128
-48*a^5 + 9744*a^4 - 518688*a^3 + 6377280*a^2 + 50289408*a - 882081792 24*a^6 - 2760*a^5 + 75000*a^4 + 865680*a^3 - 36383808*a^2 + 14154624*a + 2623905792 0 72*a^5 - 8316*a^4 + 240120*a^3 + 2742912*a^2 - 180560448*a + 1700683776 -120*a^5 + 11520*a^4 - 251088*a^3 - 2691648*a^2 + 104819328*a - 499212288 0 12*a^6 - 1356*a^5 + 32628*a^4 + 692184*a^3 - 21380544*a^2 - 18067392*a + 1752993792 252*a^5 - 25146*a^4 + 642708*a^3 + 1475424*a^2 - 218554848*a + 1818298368 0 6*a^6 - 702*a^5 + 21186*a^4 + 86748*a^3 - 7501632*a^2 + 16111008*a + 435456000 -12*a^6 + 1356*a^5 - 32628*a^4 - 692184*a^3 + 21380544*a^2 + 18067392*a - 1752993792 -120*a^5 + 11220*a^4 - 268392*a^3 + 844992*a^2 + 25329600*a - 78409728 6*a^6 - 702*a^5 + 21186*a^4 + 86748*a^3 - 7501632*a^2 + 16111008*a + 435456000 84*a^5 - 4176*a^4 - 101916*a^3 + 3505392*a^2 + 11211552*a - 378501120 84*a^5 - 4176*a^4 - 101916*a^3 + 3505392*a^2 + 11211552*a - 378501120 -192*a^5 + 19536*a^4 - 508512*a^3 - 1897920*a^2 + 205890048*a - 1779093504 0 -60*a^5 + 5760*a^4 - 125544*a^3 - 1345824*a^2 + 52409664*a - 249606144 -84*a^5 + 4176*a^4 + 101916*a^3 - 3505392*a^2 - 11211552*a + 378501120 6*a^6 - 732*a^5 + 23016*a^4 + 113628*a^3 - 10226016*a^2 + 59836896*a + 247726080 72*a^5 - 4908*a^4 - 1944*a^3 + 3093600*a^2 - 35519616*a + 38320128 -30*a^5 - 438*a^4 + 158220*a^3 - 910704*a^2 - 72843552*a + 722939904 -72*a^5 + 4908*a^4 + 1944*a^3 - 3093600*a^2 + 35519616*a - 38320128 0 -60*a^5 + 5610*a^4 - 134196*a^3 + 422496*a^2 + 12664800*a - 39204864 -30*a^5 + 2880*a^4 - 62772*a^3 - 672912*a^2 + 26204832*a - 124803072 72*a^5 - 4908*a^4 - 1944*a^3 + 3093600*a^2 - 35519616*a + 38320128 -6*a^6 + 732*a^5 - 23016*a^4 - 113628*a^3 + 10226016*a^2 - 59836896*a - 247726080 0 -30*a^5 + 2880*a^4 - 62772*a^3 - 672912*a^2 + 26204832*a - 124803072 30*a^5 + 438*a^4 - 158220*a^3 + 910704*a^2 + 72843552*a - 722939904 72*a^5 - 4908*a^4 - 1944*a^3 + 3093600*a^2 - 35519616*a + 38320128 -60*a^5 + 5760*a^4 - 125544*a^3 - 1345824*a^2 + 52409664*a - 249606144 30*a^5 + 438*a^4 - 158220*a^3 + 910704*a^2 + 72843552*a - 722939904 0 -6*a^6 + 732*a^5 - 23016*a^4 - 113628*a^3 + 10226016*a^2 - 59836896*a - 247726080 over Number field with defining polynomial x^7-125*x^6+3925*x^5+33004*x^4-2288792*x^3+10704000*x^2+223785216*x-1579696128
24 -40 -33 21 -10 22 64 -51 32 52 16 -23 -44 -28 52 -27 -40 -10 12 28 -44 36 -56 12 -1 -6 -36 28 -20 22 4 24 2 16 -8 0 over Number field with defining polynomial x-252
-4 0 8 4 0 8 6 1 3 -2 4 -2 4 -2 -2 2 0 0 -2 2 -1 -1 1 3 1 1 1 2 5 3 1 1 -2 -1 -2 0 over Number field with defining polynomial x-332
60*a-21640 -112*a+45352 -9*a-31308 -147*a+29436 -26*a+10816 442*a-132288 -190*a+59288 -69*a+10092 18*a+840 83*a-32752 -138*a+46392 -43*a+17164 -57*a+20896 39*a-13728 -117*a+35776 -95*a+16540 78*a-24752 -208*a+58656 -39*a+11024 -13*a-1300 9*a-2388 -65*a+19292 48*a-13412 -105*a+36128 69*a-23612 13*a-8320 9*a-1036 -13*a+2340 -129*a+43536 221*a-63232 -13*a+5460 30*a-9988 1040 -26*a+6916 -1352 -1820 over Number field with defining polynomial x^2-652*x+102896
48*a-8808 240*a-88920 180*a-60948 36*a-12348 144*a-45036 96*a-34380 -6072 108*a-37836 -90*a+42156 -48*a+13032 48*a-23064 12*a-4908 -96*a+35832 -48*a+12768 144*a-50976 84*a-29340 -96*a+31872 -120*a+47364 48*a-19104 -96*a+31080 -3*a-918 24*a-8760 -51*a+18186 -45*a+19494 12*a-3588 -72*a+25092 -3*a+2250 -96*a+34776 45*a-22662 48*a-19764 72*a-23112 -45*a+16854 -3828 -24*a+7176 -3168 -1848 over Number field with defining polynomial x^2-796*x+154532
12 -8 0 -6 4 0 6 3 0 1 -2 2 -3 1 1 0 4 2 1 0 2 -2 0 2 1 -3 -2 0 2 1 -2 0 -2 0 0 0 over Number field with defining polynomial x+10
For conductor 70, eigenvectors are:
2 0 2 -1 2 -1 0 0 1 0 over Number field with defining polynomial x+60
1 0 1 1 1 1 0 0 -1 0 over Number field with defining polynomial x+24
2*a+280 -8*a-364 -6*a-84 5*a+322 2*a-98 -5*a-322 -6*a-84 -189 0 a-49 over Number field with defining polynomial x^2+64*x-434
-80*a-40 2*a^2 - 38*a - 32 40*a+120 a^2 + 11*a + 24 20*a-40 -a^2 - 11*a - 24 a^2 + 31*a - 16 -20*a+40 0 2*a^2 + 42*a + 8 over Number field with defining polynomial x^3+39*x^2-268*x-128
1 -2 -1 0 0 0 2 1 0 0 over Number field with defining polynomial x+10
For conductor 105, eigenvectors are:
1 1 -1 1 -1 over Number field with defining polynomial x-62
-1 -1 -1 -1 -1 over Number field with defining polynomial x-2
30*a+688 -2*a-160 -a^2 - 28*a - 120 -14*a-264 a^2 + 28*a + 120 over Number field with defining polynomial x^3+18*x^2-484*x-8288
For conductor 210, eigenvectors are:
0 -6 3 0 2 0 0 -2 3 -1 4 -1 0 1 1 1 -3 0 -1 2 -1 0 0 -1 over Number field with defining polynomial x+8
-9 -3 -3 0 1 -3 0 0 -1 1 1 1 0 -1 0 -1 -1 0 0 -1 1 1 0 -1 over Number field with defining polynomial x-164
0 -6 3 0 2 0 0 -2 -2 -1 -1 -1 0 1 1 1 2 0 -1 -3 -1 0 0 -1 over Number field with defining polynomial x-62
0 2 -1 -2 2 0 2 0 1 0 -1 1 1 1 0 0 -1 -1 0 -1 -1 0 0 0 over Number field with defining polynomial x+68
0 6 -3 0 -2 0 0 -6 2 1 1 1 0 -1 3 -1 2 0 -3 -1 1 -2 0 -1 over Number field with defining polynomial x-2
0 6*a-222 192 192 4*a-276 -2*a-54 -8*a+680 -2*a+74 128 -3*a+47 -2*a+74 -a+101 a-165 2*a-138 -2*a+138 -5*a+313 0 a+27 64 2*a-202 -a+165 64 -2*a+138 -2*a+138 over Number field with defining polynomial x^2-74*x-679
0 6*a+96 -3*a-48 0 -2*a-32 0 0 2*a+14 -9 -2*a-32 2*a+23 -2*a-32 0 -a-16 -a-7 2*a+32 -9 0 a+7 -2*a-23 -2*a-32 9 0 -2*a-23 over Number field with defining polynomial x^2+27*x+167
-4*a^2 + 704*a - 23968 40*a-5056 4*a^2 - 856*a + 37632 4*a^2 - 896*a + 42688 -4*a^2 + 832*a - 36448 88*a-7424 -48*a+2368 48*a-2368 -2*a^2 + 460*a - 21936 -2*a^2 + 436*a - 20752 -2*a^2 + 436*a - 20752 6*a^2 - 1356*a + 64624 -4*a^2 + 896*a - 42688 64*a-6240 -4*a^2 + 944*a - 45056 2*a^2 - 484*a + 23120 -2*a^2 + 412*a - 19568 -4*a^2 + 944*a - 45056 -4*a^2 + 896*a - 42688 2*a^2 - 484*a + 23120 -2*a^2 + 436*a - 20752 -2*a^2 + 436*a - 20752 48*a-2368 -2*a^2 + 460*a - 21936 over Number field with defining polynomial x^3-390*x^2+47544*x-1737664
a vector of length 24 over Number field with defining polynomial a number field of degree 10
-1 1 1 0 1 1 0 0 0 0 0 0 0 -1 0 0 0 0 0 0 0 0 0 0 over Number field with defining polynomial x-284
For conductor 1:
traces of hecke eigenvalues of T_{p^1} are:
0 10 60 34 0 168 -188 -104 36 -128 -264 108 306 -314 -140 -180 556 -416 -138 1080 -8 
computing eigenvalues for k = 1, took 16.202895 sec
traces of hecke eigenvalues of T_{p^2} are:

computing eigenvalues for k = 2, took 0.000005 sec
traces of hecke eigenvalues of T_{p^1} are:
116 120 292 324 416 716 876 1412 1572 1872 2408 2784 3664 3948 4696 5316 5192 5336 7600 8148 8304 
computing eigenvalues for k = 1, took 16.480931 sec
traces of hecke eigenvalues of T_{p^2} are:

computing eigenvalues for k = 2, took 0.000005 sec
traces of hecke eigenvalues of T_{p^1} are:
20 -54 -92 66 32 104 240 176 300 -120 248 -456 -122 -150 -596 -408 -448 536 -638 1056 708 
computing eigenvalues for k = 1, took 16.254179 sec
traces of hecke eigenvalues of T_{p^2} are:

computing eigenvalues for k = 2, took 0.000005 sec
traces of hecke eigenvalues of T_{p^1} are:
141 205 347 414 546 1001 996 1432 1462 1702 2423 2494 3864 3618 4756 5896 4992 7531 5840 7938 8799 
computing eigenvalues for k = 1, took 16.292711 sec
traces of hecke eigenvalues of T_{p^2} are:

computing eigenvalues for k = 2, took 0.000005 sec
traces of hecke eigenvalues of T_{p^1} are:
-60 -86 144 -38 0 -168 -356 208 480 -68 -924 540 306 -2 544 120 892 784 -1302 -1212 -776 
computing eigenvalues for k = 1, took 16.372819 sec
traces of hecke eigenvalues of T_{p^2} are:

computing eigenvalues for k = 2, took 0.000005 sec
traces of hecke eigenvalues of T_{p^1} are:
1464 2380 5220 7240 12720 25260 30784 52060 70644 81400 106080 151740 208920 230764 305320 363024 394420 499360 578760 712980 922180 
computing eigenvalues for k = 1, took 16.405157 sec
traces of hecke eigenvalues of T_{p^2} are:

computing eigenvalues for k = 2, took 0.000005 sec
traces of hecke eigenvalues of T_{p^1} are:
88 204 356 424 496 1068 832 1244 1524 1944 2784 2620 2872 4332 4744 5840 5556 5664 7208 8724 9028 
computing eigenvalues for k = 1, took 16.281851 sec
traces of hecke eigenvalues of T_{p^2} are:

computing eigenvalues for k = 2, took 0.000005 sec
traces of hecke eigenvalues of T_{p^1} are:
-44 -56 84 -108 128 140 -36 -236 -444 224 904 288 -432 428 456 -124 8 -24 -96 180 -2224 
computing eigenvalues for k = 1, took 16.810572 sec
traces of hecke eigenvalues of T_{p^2} are:

computing eigenvalues for k = 2, took 0.000005 sec
traces of hecke eigenvalues of T_{p^1} are:
282 412 646 744 1214 1952 1848 2788 4138 3200 4196 6284 6588 6960 8092 8514 9492 12084 13680 16090 18876 
computing eigenvalues for k = 1, took 16.253502 sec
traces of hecke eigenvalues of T_{p^2} are:

computing eigenvalues for k = 2, took 0.000005 sec
traces of hecke eigenvalues of T_{p^1} are:
29 -58 -41 -63 17 105 -1 -253 721 -815 428 543 356 -157 -581 940 -397 1234 1641 469 -589 
computing eigenvalues for k = 1, took 16.274152 sec
traces of hecke eigenvalues of T_{p^2} are:

computing eigenvalues for k = 2, took 0.000005 sec
traces of hecke eigenvalues of T_{p^1} are:
77 -24 63 -73 -19 -47 107 -937 585 313 -88 439 1462 -1083 83 1980 -541 58 2471 825 -805 
computing eigenvalues for k = 1, took 16.300320 sec
traces of hecke eigenvalues of T_{p^2} are:

computing eigenvalues for k = 2, took 0.000005 sec
traces of hecke eigenvalues of T_{p^1} are:
82 -36 62 216 190 -368 -456 196 -942 -312 364 -468 332 -672 1220 954 196 -572 -712 -702 -1908 
computing eigenvalues for k = 1, took 16.264778 sec
traces of hecke eigenvalues of T_{p^2} are:

computing eigenvalues for k = 2, took 0.000005 sec
traces of hecke eigenvalues of T_{p^1} are:
-95 49 -49 110 -46 137 208 680 -482 -74 351 -218 -56 98 252 -2776 884 -1713 -780 1262 1663 
computing eigenvalues for k = 1, took 16.341778 sec
traces of hecke eigenvalues of T_{p^2} are:

computing eigenvalues for k = 2, took 0.000004 sec
traces of hecke eigenvalues of T_{p^1} are:
152 204 292 456 608 716 1152 1244 1332 2280 1712 2652 3160 2988 4408 4272 6260 6464 7288 9108 10500 
computing eigenvalues for k = 1, took 16.262416 sec
traces of hecke eigenvalues of T_{p^2} are:

computing eigenvalues for k = 2, took 0.000004 sec
traces of hecke eigenvalues of T_{p^1} are:
152 172 292 392 656 748 1216 1564 2100 2296 2368 3132 3864 3596 4712 4752 5300 5408 8040 6420 10372 
computing eigenvalues for k = 1, took 16.185026 sec
traces of hecke eigenvalues of T_{p^2} are:

computing eigenvalues for k = 2, took 0.000005 sec
traces of hecke eigenvalues of T_{p^1} are:
72 148 348 304 552 876 760 1540 1956 1480 1896 3084 4200 3292 5368 5232 6148 6472 6168 7332 9700 
computing eigenvalues for k = 1, took 16.015743 sec
traces of hecke eigenvalues of T_{p^2} are:

computing eigenvalues for k = 2, took 0.000005 sec
traces of hecke eigenvalues of T_{p^1} are:
192 220 348 328 672 636 688 1300 1668 1696 2592 3300 3096 3820 3568 4392 5548 5512 7584 9156 9436 
computing eigenvalues for k = 1, took 16.513805 sec
traces of hecke eigenvalues of T_{p^2} are:

computing eigenvalues for k = 2, took 0.000005 sec
traces of hecke eigenvalues of T_{p^1} are:
184 204 292 360 384 1100 704 1372 1844 1704 2512 2524 3640 4524 4472 4784 5364 6080 8184 8340 10372 
computing eigenvalues for k = 1, took 16.113649 sec
traces of hecke eigenvalues of T_{p^2} are:

computing eigenvalues for k = 2, took 0.000005 sec
traces of hecke eigenvalues of T_{p^1} are:
258 380 606 824 1110 1488 2024 2564 2994 4160 4500 4620 7884 7136 9260 11178 11876 12068 15888 16386 19820 
computing eigenvalues for k = 1, took 16.270676 sec
traces of hecke eigenvalues of T_{p^2} are:

computing eigenvalues for k = 2, took 0.000007 sec
traces of hecke eigenvalues of T_{p^1} are:
322 590 866 1308 1532 2942 3296 4164 5528 5660 6038 8696 10440 12568 13872 15200 16516 17926 19256 24272 28618 
computing eigenvalues for k = 1, took 16.249716 sec
traces of hecke eigenvalues of T_{p^2} are:

computing eigenvalues for k = 2, took 0.000004 sec
traces of hecke eigenvalues of T_{p^1} are:
52 22 -48 -58 16 288 -164 -256 40 156 68 -868 454 986 -888 -328 -1060 -872 1710 1220 672 
computing eigenvalues for k = 1, took 16.499872 sec
traces of hecke eigenvalues of T_{p^2} are:

computing eigenvalues for k = 2, took 0.000007 sec
traces of hecke eigenvalues of T_{p^1} are:
52 -30 88 18 -168 56 -412 40 368 156 -308 -20 -254 1230 -352 -328 108 392 714 -204 -104 
computing eigenvalues for k = 1, took 16.140977 sec
traces of hecke eigenvalues of T_{p^2} are:

computing eigenvalues for k = 2, took 0.000005 sec
For conductor 2:
traces of hecke eigenvalues of T_{p^1} are:
52 -30 88 18 -168 56 -412 40 368 156 -308 -20 -254 1230 -352 -328 108 392 714 -204 -104 
computing eigenvalues for k = 1, took 280.874041 sec
traces of hecke eigenvalues of T_{p^2} are:

computing eigenvalues for k = 2, took 0.000005 sec
traces of hecke eigenvalues of T_{p^1} are:
-60 -86 144 -38 0 -168 -356 208 480 -68 -924 540 306 -2 544 120 892 784 -1302 -1212 -776 
computing eigenvalues for k = 1, took 282.469771 sec
traces of hecke eigenvalues of T_{p^2} are:

computing eigenvalues for k = 2, took 0.000004 sec
traces of hecke eigenvalues of T_{p^1} are:
-95 49 -49 110 -46 137 208 680 -482 -74 351 -218 -56 98 252 -2776 884 -1713 -780 1262 1663 
computing eigenvalues for k = 1, took 281.740052 sec
traces of hecke eigenvalues of T_{p^2} are:

computing eigenvalues for k = 2, took 0.000005 sec
For conductor 3:
traces of hecke eigenvalues of T_{p^1} are:
2 36 -38 -180 20 -16 -204 -64 -114 210 -70 576 52 -276 -278 -342 -184 -412 598 -702 -288 
computing eigenvalues for k = 1, took 822.721404 sec
traces of hecke eigenvalues of T_{p^2} are:

computing eigenvalues for k = 2, took 0.000005 sec
traces of hecke eigenvalues of T_{p^1} are:
36 -4 40 0 64 -28 0 -36 -96 36 268 -292 -64 -300 -12 132 -852 -824 772 1392 44 
computing eigenvalues for k = 1, took 826.408010 sec
traces of hecke eigenvalues of T_{p^2} are:

computing eigenvalues for k = 2, took 0.000005 sec
traces of hecke eigenvalues of T_{p^1} are:
8 -60 76 -48 92 44 -408 620 -564 -612 428 -180 -368 276 628 -720 -940 -1024 -1532 -180 -1644 
computing eigenvalues for k = 1, took 823.921724 sec
traces of hecke eigenvalues of T_{p^2} are:

computing eigenvalues for k = 2, took 0.000005 sec
For conductor 6:
traces of hecke eigenvalues of T_{p^1} are:
59 112 -29 63 51 -235 -435 231 977 -1535 -1044 335 82 2523 -145 -680 -595 -182 -385 1175 2365 
computing eigenvalues for k = 1, took 180.352212 sec
traces of hecke eigenvalues of T_{p^2} are:

computing eigenvalues for k = 2, took 0.000004 sec
traces of hecke eigenvalues of T_{p^1} are:
120 212 340 528 704 764 1296 1292 1924 2008 2480 2588 2880 4164 4568 4560 4788 7200 6864 7924 10932 
computing eigenvalues for k = 1, took 212.726492 sec
traces of hecke eigenvalues of T_{p^2} are:

computing eigenvalues for k = 2, took 0.000004 sec
traces of hecke eigenvalues of T_{p^1} are:
-20 -20 -32 -32 -80 84 0 124 -88 124 68 -132 288 500 -180 412 60 920 1612 88 -132 
computing eigenvalues for k = 1, took 178.153010 sec
traces of hecke eigenvalues of T_{p^2} are:

computing eigenvalues for k = 2, took 0.000005 sec
traces of hecke eigenvalues of T_{p^1} are:
136 236 420 424 648 1004 720 1308 1716 1904 2056 3516 3576 3340 4368 4480 5012 7008 8160 7316 7780 
computing eigenvalues for k = 1, took 212.367446 sec
traces of hecke eigenvalues of T_{p^2} are:

computing eigenvalues for k = 2, took 0.000005 sec
traces of hecke eigenvalues of T_{p^1} are:
96 148 300 352 744 684 1168 988 1692 1480 1824 2556 2976 3460 5272 5064 4324 5824 7440 9324 8068 
computing eigenvalues for k = 1, took 209.390892 sec
traces of hecke eigenvalues of T_{p^2} are:

computing eigenvalues for k = 2, took 0.000005 sec
traces of hecke eigenvalues of T_{p^1} are:
238 350 592 658 1004 1696 2034 2908 3612 3568 4440 5562 6572 7632 8800 10122 11058 10880 12840 15208 20398 
computing eigenvalues for k = 1, took 211.170259 sec
traces of hecke eigenvalues of T_{p^2} are:

computing eigenvalues for k = 2, took 0.000005 sec
traces of hecke eigenvalues of T_{p^1} are:
-35 -28 -71 59 67 -63 469 311 -493 215 -34 -117 1134 -33 745 -434 97 774 -191 -803 -971 
computing eigenvalues for k = 1, took 176.759458 sec
traces of hecke eigenvalues of T_{p^2} are:

computing eigenvalues for k = 2, took 0.000005 sec
traces of hecke eigenvalues of T_{p^1} are:
58 -34 50 -60 -676 854 1064 612 -376 500 -730 -208 528 856 -600 1568 2500 -2930 -2656 -1360 682 
computing eigenvalues for k = 1, took 175.044675 sec
traces of hecke eigenvalues of T_{p^2} are:

computing eigenvalues for k = 2, took 0.000005 sec
traces of hecke eigenvalues of T_{p^1} are:
-95 95 -69 80 -14 345 -32 264 -202 -70 403 522 -230 48 -436 -1032 -156 1923 -1702 118 -665 
computing eigenvalues for k = 1, took 175.064330 sec
traces of hecke eigenvalues of T_{p^2} are:

computing eigenvalues for k = 2, took 0.000005 sec
traces of hecke eigenvalues of T_{p^1} are:
168 244 420 304 528 924 880 1228 2100 1720 2064 2460 3936 4036 3544 5952 6292 6400 6864 6372 10516 
computing eigenvalues for k = 1, took 209.314759 sec
traces of hecke eigenvalues of T_{p^2} are:

computing eigenvalues for k = 2, took 0.000005 sec
traces of hecke eigenvalues of T_{p^1} are:
168 172 228 520 360 876 976 1372 1332 1840 2664 2748 4056 3724 3664 4992 4756 5152 6240 6420 9700 
computing eigenvalues for k = 1, took 209.096232 sec
traces of hecke eigenvalues of T_{p^2} are:

computing eigenvalues for k = 2, took 0.000005 sec
traces of hecke eigenvalues of T_{p^1} are:
60 148 312 472 372 756 1048 1372 1728 2056 2424 3516 3048 3532 4432 5148 6412 6376 7200 8400 9436 
computing eigenvalues for k = 1, took 206.873453 sec
traces of hecke eigenvalues of T_{p^2} are:

computing eigenvalues for k = 2, took 0.000004 sec
traces of hecke eigenvalues of T_{p^1} are:
36 -4 40 0 64 -28 0 -36 -96 36 268 -292 -64 -300 -12 132 -852 -824 772 1392 44 
computing eigenvalues for k = 1, took 175.492803 sec
traces of hecke eigenvalues of T_{p^2} are:

computing eigenvalues for k = 2, took 0.000005 sec
traces of hecke eigenvalues of T_{p^1} are:
36 -62 24 178 -192 -168 -140 40 -144 292 -156 204 162 430 -1160 -120 -500 -536 -1230 -2124 -776 
computing eigenvalues for k = 1, took 174.055169 sec
traces of hecke eigenvalues of T_{p^2} are:

computing eigenvalues for k = 2, took 0.000004 sec
For conductor 5:
traces of hecke eigenvalues of T_{p^1} are:
-48 -50 -12 178 72 36 148 -260 48 76 -348 240 -114 790 328 -768 -332 -8 -846 -324 -2504 
computing eigenvalues for k = 1, took 457.231740 sec
traces of hecke eigenvalues of T_{p^2} are:

computing eigenvalues for k = 2, took 0.000005 sec
traces of hecke eigenvalues of T_{p^1} are:
18 -20 -66 88 24 -12 220 -92 -162 322 30 -300 -924 40 -326 -150 112 388 18 402 -656 
computing eigenvalues for k = 1, took 458.500836 sec
traces of hecke eigenvalues of T_{p^2} are:

computing eigenvalues for k = 2, took 0.000005 sec
traces of hecke eigenvalues of T_{p^1} are:
-6 68 -210 -88 282 96 -208 -100 42 -484 -576 -1740 2220 -184 416 -750 1364 692 2940 -702 1196 
computing eigenvalues for k = 1, took 458.294308 sec
traces of hecke eigenvalues of T_{p^2} are:

computing eigenvalues for k = 2, took 0.000005 sec
traces of hecke eigenvalues of T_{p^1} are:
-22 -16 -102 -92 -200 372 -76 4 -2 54 -462 596 -876 8 294 -794 -956 1396 -1966 -830 236 
computing eigenvalues for k = 1, took 456.528808 sec
traces of hecke eigenvalues of T_{p^2} are:

computing eigenvalues for k = 2, took 0.000004 sec
For conductor 10:
traces of hecke eigenvalues of T_{p^1} are:
147 199 429 466 606 693 1204 1480 1278 1846 2727 2682 3684 3406 4912 5064 6220 6409 6192 9150 9337 
computing eigenvalues for k = 1, took 207.620828 sec
traces of hecke eigenvalues of T_{p^2} are:

computing eigenvalues for k = 2, took 0.000005 sec
traces of hecke eigenvalues of T_{p^1} are:
-48 -50 -12 178 72 36 148 -260 48 76 -348 240 -114 790 328 -768 -332 -8 -846 -324 -2504 
computing eigenvalues for k = 1, took 205.318409 sec
traces of hecke eigenvalues of T_{p^2} are:

computing eigenvalues for k = 2, took 0.000004 sec
traces of hecke eigenvalues of T_{p^1} are:
96 148 276 364 504 744 1000 1480 1584 1540 1860 2784 3480 3712 3892 5268 5812 6664 7416 7008 9796 
computing eigenvalues for k = 1, took 213.021335 sec
traces of hecke eigenvalues of T_{p^2} are:

computing eigenvalues for k = 2, took 0.000005 sec
traces of hecke eigenvalues of T_{p^1} are:
160 264 260 388 424 1044 840 1116 1772 2288 1960 2292 3268 3120 5432 4232 4764 5720 7596 8708 10260 
computing eigenvalues for k = 1, took 207.308825 sec
traces of hecke eigenvalues of T_{p^2} are:

computing eigenvalues for k = 2, took 0.000005 sec
traces of hecke eigenvalues of T_{p^1} are:
18 -20 -66 88 24 -12 220 -92 -162 322 30 -300 -924 40 -326 -150 112 388 18 402 -656 
computing eigenvalues for k = 1, took 175.355794 sec
traces of hecke eigenvalues of T_{p^2} are:

computing eigenvalues for k = 2, took 0.000005 sec
traces of hecke eigenvalues of T_{p^1} are:
15 -58 -15 -25 135 -105 -13 143 231 5 888 135 750 -169 -145 894 179 -1318 663 -969 -199 
computing eigenvalues for k = 1, took 176.506176 sec
traces of hecke eigenvalues of T_{p^2} are:

computing eigenvalues for k = 2, took 0.000005 sec
traces of hecke eigenvalues of T_{p^1} are:
-6 68 -210 -88 282 96 -208 -100 42 -484 -576 -1740 2220 -184 416 -750 1364 692 2940 -702 1196 
computing eigenvalues for k = 1, took 174.009179 sec
traces of hecke eigenvalues of T_{p^2} are:

computing eigenvalues for k = 2, took 0.000004 sec
traces of hecke eigenvalues of T_{p^1} are:
406 482 1050 1300 1696 2958 3372 4200 5644 5456 6498 9304 11100 11704 11496 15704 16716 18810 21972 24452 27346 
computing eigenvalues for k = 1, took 208.236117 sec
traces of hecke eigenvalues of T_{p^2} are:

computing eigenvalues for k = 2, took 0.000005 sec
traces of hecke eigenvalues of T_{p^1} are:
5 14 139 -309 19 599 -325 -53 693 -285 270 1431 74 55 -1295 -612 1443 -706 -1167 1321 -843 
computing eigenvalues for k = 1, took 173.984967 sec
traces of hecke eigenvalues of T_{p^2} are:

computing eigenvalues for k = 2, took 0.000004 sec
traces of hecke eigenvalues of T_{p^1} are:
230 358 604 590 1232 1404 1810 2448 3492 3628 5172 5682 7052 6284 8580 9030 9226 11368 13328 16752 19222 
computing eigenvalues for k = 1, took 207.334717 sec
traces of hecke eigenvalues of T_{p^2} are:

computing eigenvalues for k = 2, took 0.000005 sec
traces of hecke eigenvalues of T_{p^1} are:
99 139 417 310 594 645 904 1372 2154 1714 2667 2154 4020 4594 5152 5544 5044 6745 7944 8970 8797 
computing eigenvalues for k = 1, took 206.993078 sec
traces of hecke eigenvalues of T_{p^2} are:

computing eigenvalues for k = 2, took 0.000005 sec
traces of hecke eigenvalues of T_{p^1} are:
148 240 344 384 472 952 984 1832 1476 1368 1792 2160 2948 4356 4384 5880 4844 6728 7136 7500 10020 
computing eigenvalues for k = 1, took 207.181589 sec
traces of hecke eigenvalues of T_{p^2} are:

computing eigenvalues for k = 2, took 0.000004 sec
traces of hecke eigenvalues of T_{p^1} are:
148 240 236 384 418 628 1092 968 1584 2070 2278 3024 3272 4032 4978 4260 5708 5864 7406 7284 10884 
computing eigenvalues for k = 1, took 206.748596 sec
traces of hecke eigenvalues of T_{p^2} are:

computing eigenvalues for k = 2, took 0.000005 sec
traces of hecke eigenvalues of T_{p^1} are:
84 184 192 520 624 1080 1264 1072 1524 1624 2472 2784 3780 4084 5152 4344 4924 5680 6624 8220 7972 
computing eigenvalues for k = 1, took 207.040090 sec
traces of hecke eigenvalues of T_{p^2} are:

computing eigenvalues for k = 2, took 0.000004 sec
For conductor 15:
traces of hecke eigenvalues of T_{p^1} are:
204 176 344 432 704 792 1112 1256 2084 1408 2536 2192 4236 4004 4552 5208 5580 5688 6360 9004 11140 
computing eigenvalues for k = 1, took 206.844931 sec
traces of hecke eigenvalues of T_{p^2} are:

computing eigenvalues for k = 2, took 0.000005 sec
traces of hecke eigenvalues of T_{p^1} are:
-72 -8 -96 16 -42 60 -68 40 252 -266 -114 336 216 -128 10 -816 1156 688 726 -144 124 
computing eigenvalues for k = 1, took 199.203195 sec
traces of hecke eigenvalues of T_{p^2} are:

computing eigenvalues for k = 2, took 0.000006 sec
traces of hecke eigenvalues of T_{p^1} are:
-36 -8 -60 -200 138 276 -284 472 -72 -698 -42 -816 576 520 226 -1572 -356 -392 294 -180 -92 
computing eigenvalues for k = 1, took 201.163617 sec
traces of hecke eigenvalues of T_{p^2} are:

computing eigenvalues for k = 2, took 0.000004 sec
traces of hecke eigenvalues of T_{p^1} are:
236 356 608 892 952 1976 2076 2704 3168 4168 4584 5316 7048 7176 8944 9348 10380 11864 14520 13568 18148 
computing eigenvalues for k = 1, took 209.808030 sec
traces of hecke eigenvalues of T_{p^2} are:

computing eigenvalues for k = 2, took 0.000005 sec
traces of hecke eigenvalues of T_{p^1} are:
-25 1 97 32 18 -135 68 216 198 522 27 -110 -350 424 428 -612 136 -1871 -554 290 1557 
computing eigenvalues for k = 1, took 199.218134 sec
traces of hecke eigenvalues of T_{p^2} are:

computing eigenvalues for k = 2, took 0.000005 sec
traces of hecke eigenvalues of T_{p^1} are:
52 -8 112 -60 -72 380 156 -280 552 -672 544 -664 1156 84 -1688 -176 1020 -856 -976 188 636 
computing eigenvalues for k = 1, took 172.491268 sec
traces of hecke eigenvalues of T_{p^2} are:

computing eigenvalues for k = 2, took 0.000005 sec
traces of hecke eigenvalues of T_{p^1} are:
-49 44 -53 -159 -303 3 153 247 69 643 66 -221 64 1019 1017 -156 1181 -394 871 503 703 
computing eigenvalues for k = 1, took 172.316740 sec
traces of hecke eigenvalues of T_{p^2} are:

computing eigenvalues for k = 2, took 0.000004 sec
traces of hecke eigenvalues of T_{p^1} are:
-44 44 32 164 72 280 52 -176 -560 104 1432 -1332 -1336 856 -160 2876 -860 -680 -856 1072 -180 
computing eigenvalues for k = 1, took 172.822051 sec
traces of hecke eigenvalues of T_{p^2} are:

computing eigenvalues for k = 2, took 0.000004 sec
traces of hecke eigenvalues of T_{p^1} are:
29 -74 -115 189 129 -539 437 339 -703 123 336 359 -1224 -349 2249 -2168 2757 1664 171 -1349 2317 
computing eigenvalues for k = 1, took 171.583615 sec
traces of hecke eigenvalues of T_{p^2} are:

computing eigenvalues for k = 2, took 0.000004 sec
traces of hecke eigenvalues of T_{p^1} are:
144 184 288 436 396 684 940 1228 1584 1480 1800 2664 3888 3892 4360 4176 5944 7312 6696 8640 9616 
computing eigenvalues for k = 1, took 204.751617 sec
traces of hecke eigenvalues of T_{p^2} are:

computing eigenvalues for k = 2, took 0.000005 sec
traces of hecke eigenvalues of T_{p^1} are:
108 256 360 256 432 792 1192 1336 2052 1984 2232 3312 3564 3460 4360 4824 4972 5800 7128 9036 9220 
computing eigenvalues for k = 1, took 206.053374 sec
traces of hecke eigenvalues of T_{p^2} are:

computing eigenvalues for k = 2, took 0.000004 sec
traces of hecke eigenvalues of T_{p^1} are:
-24 74 20 -162 64 -20 324 -292 248 436 -212 -80 378 -78 -1000 -288 -1452 -1152 654 1916 -480 
computing eigenvalues for k = 1, took 172.108030 sec
traces of hecke eigenvalues of T_{p^2} are:

computing eigenvalues for k = 2, took 0.000005 sec
traces of hecke eigenvalues of T_{p^1} are:
-24 22 156 -86 -120 -252 76 4 576 436 -588 768 -330 166 -464 -288 -284 112 -342 492 -1256 
computing eigenvalues for k = 1, took 172.480558 sec
traces of hecke eigenvalues of T_{p^2} are:

computing eigenvalues for k = 2, took 0.000004 sec
For conductor 30:
traces of hecke eigenvalues of T_{p^1} are:
-36 -8 -60 -200 138 276 -284 472 -72 -698 -42 -816 576 520 226 -1572 -356 -392 294 -180 -92 
computing eigenvalues for k = 1, took 269.833672 sec
traces of hecke eigenvalues of T_{p^2} are:

computing eigenvalues for k = 2, took 0.000006 sec
traces of hecke eigenvalues of T_{p^1} are:
-4 -50 -48 90 184 52 -84 -380 -348 -376 -40 480 342 206 -588 -428 -700 312 -666 1920 -1000 
computing eigenvalues for k = 1, took 270.996312 sec
traces of hecke eigenvalues of T_{p^2} are:

computing eigenvalues for k = 2, took 0.000006 sec
traces of hecke eigenvalues of T_{p^1} are:
56 -104 -60 -36 -152 124 0 -212 156 104 536 -84 -324 -400 -432 1240 812 -1632 -780 -1404 1220 
computing eigenvalues for k = 1, took 270.957755 sec
traces of hecke eigenvalues of T_{p^2} are:

computing eigenvalues for k = 2, took 0.000005 sec
traces of hecke eigenvalues of T_{p^1} are:
52 -8 112 -60 -72 380 156 -280 552 -672 544 -664 1156 84 -1688 -176 1020 -856 -976 188 636 
computing eigenvalues for k = 1, took 271.650299 sec
traces of hecke eigenvalues of T_{p^2} are:

computing eigenvalues for k = 2, took 0.000005 sec
traces of hecke eigenvalues of T_{p^1} are:
-24 22 156 -86 -120 -252 76 4 576 436 -588 768 -330 166 -464 -288 -284 112 -342 492 -1256 
computing eigenvalues for k = 1, took 271.535938 sec
traces of hecke eigenvalues of T_{p^2} are:

computing eigenvalues for k = 2, took 0.000005 sec
traces of hecke eigenvalues of T_{p^1} are:
-24 -122 204 58 -72 132 -260 -140 96 52 -636 -96 -1098 70 -80 480 580 1984 -1110 -564 -1256 
computing eigenvalues for k = 1, took 270.888722 sec
traces of hecke eigenvalues of T_{p^2} are:

computing eigenvalues for k = 2, took 0.000005 sec
For conductor 7:
traces of hecke eigenvalues of T_{p^1} are:
-78 36 -18 -4 28 -56 -36 128 -38 130 -502 160 100 -604 -38 -638 -400 -620 -802 286 -344 
computing eigenvalues for k = 1, took 796.257076 sec
traces of hecke eigenvalues of T_{p^2} are:

computing eigenvalues for k = 2, took 0.000004 sec
traces of hecke eigenvalues of T_{p^1} are:
-16 12 -12 8 40 76 -216 196 -164 256 448 -644 -32 -460 -160 360 -988 168 440 -1396 244 
computing eigenvalues for k = 1, took 449.550125 sec
traces of hecke eigenvalues of T_{p^2} are:

computing eigenvalues for k = 2, took 0.000004 sec
traces of hecke eigenvalues of T_{p^1} are:
-44 -6 -36 82 -46 -112 204 -196 -544 62 -58 320 -274 -590 334 72 148 1092 940 340 1352 
computing eigenvalues for k = 1, took 449.902167 sec
traces of hecke eigenvalues of T_{p^2} are:

computing eigenvalues for k = 2, took 0.000004 sec
For conductor 14:
traces of hecke eigenvalues of T_{p^1} are:
154 138 196 358 516 748 806 1712 1392 1912 2192 3366 2980 3364 4104 4966 5166 6856 6880 7436 9690 
computing eigenvalues for k = 1, took 203.481920 sec
traces of hecke eigenvalues of T_{p^2} are:

computing eigenvalues for k = 2, took 0.000005 sec
traces of hecke eigenvalues of T_{p^1} are:
184 268 276 376 672 1116 1072 1116 1348 2056 2720 2700 3720 3116 3928 5408 4884 5136 7192 7236 8420 
computing eigenvalues for k = 1, took 204.160522 sec
traces of hecke eigenvalues of T_{p^2} are:

computing eigenvalues for k = 2, took 0.000005 sec
traces of hecke eigenvalues of T_{p^1} are:
-16 12 -12 8 40 76 -216 196 -164 256 448 -644 -32 -460 -160 360 -988 168 440 -1396 244 
computing eigenvalues for k = 1, took 196.822707 sec
traces of hecke eigenvalues of T_{p^2} are:

computing eigenvalues for k = 2, took 0.000004 sec
traces of hecke eigenvalues of T_{p^1} are:
187 113 419 254 450 789 1168 1660 1538 1662 2069 2374 3928 3054 4460 5120 4408 6657 7160 7126 9055 
computing eigenvalues for k = 1, took 203.975588 sec
traces of hecke eigenvalues of T_{p^2} are:

computing eigenvalues for k = 2, took 0.000004 sec
traces of hecke eigenvalues of T_{p^1} are:
200 204 276 488 736 1036 960 1036 1876 2104 1744 2764 2680 4172 4616 5952 4772 7632 6536 7412 10420 
computing eigenvalues for k = 1, took 204.111917 sec
traces of hecke eigenvalues of T_{p^2} are:

computing eigenvalues for k = 2, took 0.000004 sec
traces of hecke eigenvalues of T_{p^1} are:
28 -28 -8 -8 -8 68 -64 -164 -96 4 204 -84 1064 188 -492 1276 972 248 172 -384 -1860 
computing eigenvalues for k = 1, took 170.372060 sec
traces of hecke eigenvalues of T_{p^2} are:

computing eigenvalues for k = 2, took 0.000004 sec
traces of hecke eigenvalues of T_{p^1} are:
8 48 -116 132 -168 404 -40 -108 204 -360 -120 -20 100 376 -352 -896 692 1024 1876 -204 284 
computing eigenvalues for k = 1, took 171.303449 sec
traces of hecke eigenvalues of T_{p^2} are:

computing eigenvalues for k = 2, took 0.000004 sec
traces of hecke eigenvalues of T_{p^1} are:
156 114 360 334 728 696 876 1480 1712 1412 1684 2700 3454 2878 5216 6136 6172 5416 7654 7908 9288 
computing eigenvalues for k = 1, took 204.104868 sec
traces of hecke eigenvalues of T_{p^2} are:

computing eigenvalues for k = 2, took 0.000005 sec
traces of hecke eigenvalues of T_{p^1} are:
92 170 248 406 488 808 1244 1432 1728 2308 1860 2412 3814 3206 4080 4664 5244 5384 7502 7620 9720 
computing eigenvalues for k = 1, took 204.101288 sec
traces of hecke eigenvalues of T_{p^2} are:

computing eigenvalues for k = 2, took 0.000005 sec
traces of hecke eigenvalues of T_{p^1} are:
136 236 292 472 400 764 848 1564 1332 1384 1728 3468 3176 4460 5400 5104 4980 6704 6424 9204 8004 
computing eigenvalues for k = 1, took 201.940947 sec
traces of hecke eigenvalues of T_{p^2} are:

computing eigenvalues for k = 2, took 0.000005 sec
traces of hecke eigenvalues of T_{p^1} are:
-44 -6 -36 82 -46 -112 204 -196 -544 62 -58 320 -274 -590 334 72 148 1092 940 340 1352 
computing eigenvalues for k = 1, took 167.703130 sec
traces of hecke eigenvalues of T_{p^2} are:

computing eigenvalues for k = 2, took 0.000005 sec
traces of hecke eigenvalues of T_{p^1} are:
15 -76 -107 63 119 213 -1 -307 349 143 298 61 216 -533 809 256 -877 560 -369 1811 -1889 
computing eigenvalues for k = 1, took 165.540159 sec
traces of hecke eigenvalues of T_{p^2} are:

computing eigenvalues for k = 2, took 0.000005 sec
traces of hecke eigenvalues of T_{p^1} are:
374 626 1006 1240 1792 2742 2868 4656 5540 5816 6998 8824 10264 12556 14304 14464 15900 17146 19152 24108 29734 
computing eigenvalues for k = 1, took 190.716813 sec
traces of hecke eigenvalues of T_{p^2} are:

computing eigenvalues for k = 2, took 0.000005 sec
traces of hecke eigenvalues of T_{p^1} are:
10 64 174 -128 268 -80 44 296 434 -190 -302 200 -280 168 354 -590 176 -348 570 110 -2976 
computing eigenvalues for k = 1, took 162.410577 sec
traces of hecke eigenvalues of T_{p^2} are:

computing eigenvalues for k = 2, took 0.000004 sec
traces of hecke eigenvalues of T_{p^1} are:
35 -32 81 -81 -53 765 -469 -319 201 -561 -322 789 -184 95 -2059 576 -453 440 -1137 1255 -333 
computing eigenvalues for k = 1, took 164.757686 sec
traces of hecke eigenvalues of T_{p^2} are:

computing eigenvalues for k = 2, took 0.000004 sec
traces of hecke eigenvalues of T_{p^1} are:
131 189 255 410 502 949 780 1216 1414 2314 2377 3526 4168 3098 5612 5856 6128 5913 7616 7130 8155 
computing eigenvalues for k = 1, took 187.261051 sec
traces of hecke eigenvalues of T_{p^2} are:

computing eigenvalues for k = 2, took 0.000004 sec
traces of hecke eigenvalues of T_{p^1} are:
88 204 372 248 384 924 1136 1052 1700 1736 2016 2508 3464 3628 3928 5120 6420 6416 7320 8228 7908 
computing eigenvalues for k = 1, took 181.212300 sec
traces of hecke eigenvalues of T_{p^2} are:

computing eigenvalues for k = 2, took 0.000005 sec
traces of hecke eigenvalues of T_{p^1} are:
88 140 212 344 576 924 880 1084 1700 2184 2528 2284 3496 3756 4568 4832 5812 6000 5720 7972 10756 
computing eigenvalues for k = 1, took 182.748480 sec
traces of hecke eigenvalues of T_{p^2} are:

computing eigenvalues for k = 2, took 0.000005 sec
traces of hecke eigenvalues of T_{p^1} are:
124 140 304 256 628 1124 920 1804 2184 2104 1992 2700 2768 3812 3792 4876 5820 6872 8008 8040 8316 
computing eigenvalues for k = 1, took 184.910126 sec
traces of hecke eigenvalues of T_{p^2} are:

computing eigenvalues for k = 2, took 0.000005 sec
For conductor 21:
traces of hecke eigenvalues of T_{p^1} are:
45 -132 -219 417 213 -657 1169 -415 -137 717 -1606 -723 1682 -2941 1199 1790 -2263 1046 1087 35 -505 
computing eigenvalues for k = 1, took 160.126987 sec
traces of hecke eigenvalues of T_{p^2} are:

computing eigenvalues for k = 2, took 0.000005 sec
traces of hecke eigenvalues of T_{p^1} are:
12 22 48 -30 -166 -252 -180 -32 20 -474 262 340 230 286 -554 352 -112 -348 -196 456 1140 
computing eigenvalues for k = 1, took 175.409195 sec
traces of hecke eigenvalues of T_{p^2} are:

computing eigenvalues for k = 2, took 0.000018 sec
traces of hecke eigenvalues of T_{p^1} are:
106 -88 118 176 50 -68 -296 -24 -494 -276 512 576 -116 500 1440 -678 -1080 740 -860 -334 -2624 
computing eigenvalues for k = 1, took 167.232282 sec
traces of hecke eigenvalues of T_{p^2} are:

computing eigenvalues for k = 2, took 0.000004 sec
traces of hecke eigenvalues of T_{p^1} are:
24 4 -124 -32 -24 108 96 60 -828 448 40 460 -64 868 16 -352 -428 1408 328 -364 -844 
computing eigenvalues for k = 1, took 146.669428 sec
traces of hecke eigenvalues of T_{p^2} are:

computing eigenvalues for k = 2, took 0.000003 sec
traces of hecke eigenvalues of T_{p^1} are:
290 460 690 800 1126 1944 2080 3316 3342 4080 3732 5916 7292 7464 9324 9690 11932 13108 13120 13902 19412 
computing eigenvalues for k = 1, took 160.958550 sec
traces of hecke eigenvalues of T_{p^2} are:

computing eigenvalues for k = 2, took 0.000005 sec
traces of hecke eigenvalues of T_{p^1} are:
280 352 488 792 1376 1608 1704 2520 2936 4240 5568 5776 6640 6808 8864 9736 9712 11408 13168 15864 19168 
computing eigenvalues for k = 1, took 165.362172 sec
traces of hecke eigenvalues of T_{p^2} are:

computing eigenvalues for k = 2, took 0.000005 sec
traces of hecke eigenvalues of T_{p^1} are:
7 -61 -45 128 -202 329 24 684 122 46 -707 -90 -618 860 1284 -896 -80 257 -850 -190 -857 
computing eigenvalues for k = 1, took 188.683521 sec
traces of hecke eigenvalues of T_{p^2} are:

computing eigenvalues for k = 2, took 0.000004 sec
traces of hecke eigenvalues of T_{p^1} are:
16 -8 176 -56 72 168 -276 628 -232 60 -28 764 -376 -1052 -1756 -716 -496 664 576 -148 1120 
computing eigenvalues for k = 1, took 113.125034 sec
traces of hecke eigenvalues of T_{p^2} are:

computing eigenvalues for k = 2, took 0.000003 sec
traces of hecke eigenvalues of T_{p^1} are:
-61 28 -5 -165 -339 -335 521 361 215 -7 -812 105 1328 1045 -753 74 913 1252 -879 1199 313 
computing eigenvalues for k = 1, took 116.433338 sec
traces of hecke eigenvalues of T_{p^2} are:

computing eigenvalues for k = 2, took 0.000005 sec
traces of hecke eigenvalues of T_{p^1} are:
88 236 404 320 408 660 784 1180 1220 2376 2024 2332 2776 4596 4616 5960 4444 6168 7280 6916 10060 
computing eigenvalues for k = 1, took 155.466958 sec
traces of hecke eigenvalues of T_{p^2} are:

computing eigenvalues for k = 2, took 0.000004 sec
traces of hecke eigenvalues of T_{p^1} are:
194 120 390 480 510 860 944 1160 1474 1960 2580 3120 3660 4404 5460 4434 4760 7060 7440 8210 8240 
computing eigenvalues for k = 1, took 182.574484 sec
traces of hecke eigenvalues of T_{p^2} are:

computing eigenvalues for k = 2, took 0.000004 sec
traces of hecke eigenvalues of T_{p^1} are:
248 288 488 664 1088 1928 1864 2680 3544 3248 3584 6608 7184 7096 7424 10088 11312 12208 13360 14616 17824 
computing eigenvalues for k = 1, took 151.955264 sec
traces of hecke eigenvalues of T_{p^2} are:

computing eigenvalues for k = 2, took 0.000003 sec
traces of hecke eigenvalues of T_{p^1} are:
48 -14 -36 -90 8 120 -36 -200 -220 -24 64 -308 326 46 -524 580 764 768 -550 696 -840 
computing eigenvalues for k = 1, took 122.764130 sec
traces of hecke eigenvalues of T_{p^2} are:

computing eigenvalues for k = 2, took 0.000004 sec
For conductor 42:
traces of hecke eigenvalues of T_{p^1} are:
12 22 48 -30 -166 -252 -180 -32 20 -474 262 340 230 286 -554 352 -112 -348 -196 456 1140 
computing eigenvalues for k = 1, took 519.199429 sec
traces of hecke eigenvalues of T_{p^2} are:

computing eigenvalues for k = 2, took 0.000003 sec
traces of hecke eigenvalues of T_{p^1} are:
48 -14 -36 -90 8 120 -36 -200 -220 -24 64 -308 326 46 -524 580 764 768 -550 696 -840 
computing eigenvalues for k = 1, took 294.909443 sec
traces of hecke eigenvalues of T_{p^2} are:

computing eigenvalues for k = 2, took 0.000003 sec
traces of hecke eigenvalues of T_{p^1} are:
16 -8 176 -56 72 168 -276 628 -232 60 -28 764 -376 -1052 -1756 -716 -496 664 576 -148 1120 
computing eigenvalues for k = 1, took 286.191052 sec
traces of hecke eigenvalues of T_{p^2} are:

computing eigenvalues for k = 2, took 0.000003 sec
For conductor 35:
traces of hecke eigenvalues of T_{p^1} are:
-28 14 16 -10 -96 -12 4 52 -92 192 544 800 -214 -258 -220 652 -236 -216 274 -1264 424 
computing eigenvalues for k = 1, took 90.190892 sec
traces of hecke eigenvalues of T_{p^2} are:

computing eigenvalues for k = 2, took 0.000003 sec
traces of hecke eigenvalues of T_{p^1} are:
-8 -16 -104 -200 214 428 -196 472 708 -218 -546 -480 -64 152 -630 -1088 564 1184 1534 -504 -996 
computing eigenvalues for k = 1, took 89.915564 sec
traces of hecke eigenvalues of T_{p^2} are:

computing eigenvalues for k = 2, took 0.000003 sec
traces of hecke eigenvalues of T_{p^1} are:
285 387 649 862 1278 1869 2304 2768 3350 3982 4717 6086 7592 7338 9704 10280 9488 13939 14364 16566 16173 
computing eigenvalues for k = 1, took 90.097496 sec
traces of hecke eigenvalues of T_{p^2} are:

computing eigenvalues for k = 2, took 0.000004 sec
traces of hecke eigenvalues of T_{p^1} are:
-64 -56 16 112 384 -240 12 4 400 -252 -524 -68 -896 268 -148 -796 80 -680 1200 -860 -608 
computing eigenvalues for k = 1, took 90.140685 sec
traces of hecke eigenvalues of T_{p^2} are:

computing eigenvalues for k = 2, took 0.000004 sec
traces of hecke eigenvalues of T_{p^1} are:
292 348 600 772 960 1728 1900 2536 3536 3664 4032 5076 6296 6896 8744 10196 9684 11752 12744 16208 17916 
computing eigenvalues for k = 1, took 90.345428 sec
traces of hecke eigenvalues of T_{p^2} are:

computing eigenvalues for k = 2, took 0.000003 sec
traces of hecke eigenvalues of T_{p^1} are:
5 -72 75 -199 61 83 -761 105 479 139 494 769 -786 371 1225 474 371 -1912 117 2665 353 
computing eigenvalues for k = 1, took 89.812036 sec
traces of hecke eigenvalues of T_{p^2} are:

computing eigenvalues for k = 2, took 0.000003 sec
traces of hecke eigenvalues of T_{p^1} are:
-39 61 -51 52 -506 241 68 32 534 138 -967 -278 -346 872 -376 2176 2388 -1769 -790 1378 -1271 
computing eigenvalues for k = 1, took 89.686735 sec
traces of hecke eigenvalues of T_{p^2} are:

computing eigenvalues for k = 2, took 0.000004 sec
traces of hecke eigenvalues of T_{p^1} are:
125 -90 35 -137 785 -77 79 -571 35 -37 946 -443 -384 -2303 105 2310 1219 -352 3015 -639 -1751 
computing eigenvalues for k = 1, took 89.578682 sec
traces of hecke eigenvalues of T_{p^2} are:

computing eigenvalues for k = 2, took 0.000003 sec
traces of hecke eigenvalues of T_{p^1} are:
200 216 380 252 472 1156 968 1700 1788 1768 2568 2828 3708 3952 5120 5728 5652 5376 7644 6580 8236 
computing eigenvalues for k = 1, took 89.877419 sec
traces of hecke eigenvalues of T_{p^2} are:

computing eigenvalues for k = 2, took 0.000003 sec
traces of hecke eigenvalues of T_{p^1} are:
160 96 240 332 692 836 708 1060 1448 1888 1808 2768 3848 4292 4400 5448 4232 6336 7744 9640 9616 
computing eigenvalues for k = 1, took 89.568749 sec
traces of hecke eigenvalues of T_{p^2} are:

computing eigenvalues for k = 2, took 0.000003 sec
traces of hecke eigenvalues of T_{p^1} are:
172 372 568 652 784 1504 1924 3016 3488 3920 4912 5740 6616 6880 9848 9484 11228 12232 14552 14688 16564 
computing eigenvalues for k = 1, took 89.940005 sec
traces of hecke eigenvalues of T_{p^2} are:

computing eigenvalues for k = 2, took 0.000004 sec
traces of hecke eigenvalues of T_{p^1} are:
250 414 562 796 1348 1714 1864 3376 3116 3524 4162 5668 5848 7900 8960 8320 11480 13654 13568 15804 21754 
computing eigenvalues for k = 1, took 90.086718 sec
traces of hecke eigenvalues of T_{p^2} are:

computing eigenvalues for k = 2, took 0.000003 sec
traces of hecke eigenvalues of T_{p^1} are:
-32 -10 20 -10 48 228 -60 20 -424 -36 332 -64 -70 278 -272 -56 -44 704 -1002 -364 392 
computing eigenvalues for k = 1, took 89.813578 sec
traces of hecke eigenvalues of T_{p^2} are:

computing eigenvalues for k = 2, took 0.000004 sec
For conductor 70:
traces of hecke eigenvalues of T_{p^1} are:
-60 -18 48 -10 -64 20 -60 -556 -316 256 -128 -160 650 -322 -860 428 308 1000 178 -1072 -56 
computing eigenvalues for k = 1, took 169.021298 sec
traces of hecke eigenvalues of T_{p^2} are:

computing eigenvalues for k = 2, took 0.000003 sec
traces of hecke eigenvalues of T_{p^1} are:
-24 -42 -84 38 44 -76 132 20 344 16 232 -640 -550 86 -836 296 -100 -584 202 812 -992 
computing eigenvalues for k = 1, took 167.556066 sec
traces of hecke eigenvalues of T_{p^2} are:

computing eigenvalues for k = 2, took 0.000004 sec
traces of hecke eigenvalues of T_{p^1} are:
-64 -56 16 112 384 -240 12 4 400 -252 -524 -68 -896 268 -148 -796 80 -680 1200 -860 -608 
computing eigenvalues for k = 1, took 166.527435 sec
traces of hecke eigenvalues of T_{p^2} are:

computing eigenvalues for k = 2, took 0.000003 sec
traces of hecke eigenvalues of T_{p^1} are:
-39 61 -51 52 -506 241 68 32 534 138 -967 -278 -346 872 -376 2176 2388 -1769 -790 1378 -1271 
computing eigenvalues for k = 1, took 167.091350 sec
traces of hecke eigenvalues of T_{p^2} are:

computing eigenvalues for k = 2, took 0.000003 sec
traces of hecke eigenvalues of T_{p^1} are:
-32 -10 20 -10 48 228 -60 20 -424 -36 332 -64 -70 278 -272 -56 -44 704 -1002 -364 392 
computing eigenvalues for k = 1, took 166.125515 sec
traces of hecke eigenvalues of T_{p^2} are:

computing eigenvalues for k = 2, took 0.000003 sec
For conductor 105:
traces of hecke eigenvalues of T_{p^1} are:
62 -36 -18 24 96 164 -172 -172 -2 -362 42 -60 828 744 1038 -1530 -496 1372 966 -334 -1072 
computing eigenvalues for k = 1, took 275.465576 sec
traces of hecke eigenvalues of T_{p^2} are:

computing eigenvalues for k = 2, took 0.000003 sec
traces of hecke eigenvalues of T_{p^1} are:
2 -28 58 -40 144 108 100 -92 -110 186 -218 20 140 216 -94 922 -392 -1308 754 -154 -1160 
computing eigenvalues for k = 1, took 275.560662 sec
traces of hecke eigenvalues of T_{p^2} are:

computing eigenvalues for k = 2, took 0.000003 sec
traces of hecke eigenvalues of T_{p^1} are:
-18 -66 6 -62 -120 96 -104 -296 222 -698 -270 332 174 438 -1366 170 -840 -540 1500 14 -1516 
computing eigenvalues for k = 1, took 275.737823 sec
traces of hecke eigenvalues of T_{p^2} are:

computing eigenvalues for k = 2, took 0.000003 sec
For conductor 210:
traces of hecke eigenvalues of T_{p^1} are:
-8 4 12 4 -144 -136 88 -72 -152 108 412 0 328 144 748 20 164 -8 536 -264 -172 
computing eigenvalues for k = 1, took 103.561297 sec
traces of hecke eigenvalues of T_{p^2} are:

computing eigenvalues for k = 2, took 0.000003 sec
traces of hecke eigenvalues of T_{p^1} are:
164 224 268 344 648 672 772 1360 1432 1740 2380 2924 3608 3168 4100 4696 4576 6048 7480 8120 8632 
computing eigenvalues for k = 1, took 123.244255 sec
traces of hecke eigenvalues of T_{p^2} are:

computing eigenvalues for k = 2, took 0.000003 sec
traces of hecke eigenvalues of T_{p^1} are:
62 -36 -18 24 96 164 -172 -172 -2 -362 42 -60 828 744 1038 -1530 -496 1372 966 -334 -1072 
computing eigenvalues for k = 1, took 103.323791 sec
traces of hecke eigenvalues of T_{p^2} are:

computing eigenvalues for k = 2, took 0.000003 sec
traces of hecke eigenvalues of T_{p^1} are:
-68 100 -48 28 -120 96 448 -144 412 -80 -400 768 24 -688 -464 -856 300 744 820 492 -868 
computing eigenvalues for k = 1, took 103.269129 sec
traces of hecke eigenvalues of T_{p^2} are:

computing eigenvalues for k = 2, took 0.000003 sec
traces of hecke eigenvalues of T_{p^1} are:
2 -28 58 -40 144 108 100 -92 -110 186 -218 20 140 216 -94 922 -392 -1308 754 -154 -1160 
computing eigenvalues for k = 1, took 102.985220 sec
traces of hecke eigenvalues of T_{p^2} are:

computing eigenvalues for k = 2, took 0.000003 sec
traces of hecke eigenvalues of T_{p^1} are:
74 -2 18 -116 -124 322 376 1008 -820 84 -350 -268 -760 92 -688 -768 2136 -250 -1040 -1284 3130 
computing eigenvalues for k = 1, took 103.089627 sec
traces of hecke eigenvalues of T_{p^2} are:

computing eigenvalues for k = 2, took 0.000003 sec
traces of hecke eigenvalues of T_{p^1} are:
-27 -18 -107 -33 3 35 305 265 -7 765 152 77 -492 507 -225 -432 -123 748 345 -1195 -1053 
computing eigenvalues for k = 1, took 102.825797 sec
traces of hecke eigenvalues of T_{p^2} are:

computing eigenvalues for k = 2, took 0.000004 sec
traces of hecke eigenvalues of T_{p^1} are:
390 582 1008 1218 1656 2772 3090 4464 5124 5328 6288 8334 10212 10812 13296 14970 16146 18336 17688 23520 26214 
computing eigenvalues for k = 1, took 122.977837 sec
traces of hecke eigenvalues of T_{p^2} are:

computing eigenvalues for k = 2, took 0.000003 sec
traces of hecke eigenvalues of T_{p^1} are:
-136 183 -40 175 -5 -208 -835 665 -183 771 -323 815 -1734 3059 651 -86 397 -2845 -937 -2303 2216 
computing eigenvalues for k = 1, took 102.663443 sec
traces of hecke eigenvalues of T_{p^2} are:

computing eigenvalues for k = 2, took 0.000003 sec
traces of hecke eigenvalues of T_{p^1} are:
128 140 220 284 456 792 1072 1456 1696 1860 2236 2480 3896 3648 5444 5980 5332 6720 5920 7376 10708 
computing eigenvalues for k = 1, took 122.164515 sec
traces of hecke eigenvalues of T_{p^2} are:

computing eigenvalues for k = 2, took 0.000003 sec
