constructing eigenvector for poly
x^7-39*x^6+611*x^5-4917*x^4+21536*x^3-49824*x^2+52976*x-16560
constructing eigenvector for poly
x+2
constructing eigenvector for poly
x+7
constructing eigenvector for poly
x-15
constructing eigenvector for poly
x^3+3*x^2-x-1
constructing eigenvector for poly
x^6-29*x^5+322*x^4-1714*x^3+4471*x^2-5205*x+2026
constructing eigenvector for poly
x+7
constructing eigenvector for poly
x+1
constructing eigenvector for poly
x-7
constructing eigenvector for poly
x^3-16*x^2+75*x-106
computing eigenvectors took 0.048252 sec
For conductor 1, eigenvectors are:
6*a^6 - 192*a^5 + 2354*a^4 - 13944*a^3 + 41080*a^2 - 53888*a + 20672 -a^6 + 34*a^5 - 447*a^4 + 2790*a^3 - 8236*a^2 + 10376*a - 4768 6*a^6 - 192*a^5 + 2338*a^4 - 13572*a^3 + 38156*a^2 - 45184*a + 13072 2*a^6 - 58*a^5 + 650*a^4 - 3514*a^3 + 9152*a^2 - 9128*a - 128 -4*a^6 + 120*a^5 - 1344*a^4 + 6992*a^3 - 17036*a^2 + 16432*a - 2288 4*a^5 - 106*a^4 + 962*a^3 - 3528*a^2 + 4904*a - 1888 4*a^5 - 100*a^4 + 848*a^3 - 2712*a^2 + 2048*a + 1952 4*a^6 - 122*a^5 + 1438*a^4 - 8216*a^3 + 23260*a^2 - 29248*a + 11312 8*a^5 - 212*a^4 + 2008*a^3 - 8220*a^2 + 14080*a - 7568 -2*a^6 + 66*a^5 - 830*a^4 + 4970*a^3 - 14340*a^2 + 17400*a - 5648 2*a^6 - 61*a^5 + 718*a^4 - 4089*a^3 + 11482*a^2 - 13852*a + 3992 -a^6 + 30*a^5 - 341*a^4 + 1820*a^3 - 4512*a^2 + 4176*a - 688 -a^5 + 18*a^4 - 103*a^3 + 158*a^2 + 252*a - 248 -10*a^4 + 174*a^3 - 944*a^2 + 1576*a + 32 -4*a^5 + 104*a^4 - 952*a^3 + 3644*a^2 - 5376*a + 1872 -2*a^6 + 60*a^5 - 686*a^4 + 3792*a^3 - 10636*a^2 + 14064*a - 6288 6*a^5 - 154*a^4 + 1428*a^3 - 5740*a^2 + 9312*a - 3728 -a^5 + 28*a^4 - 285*a^3 + 1298*a^2 - 2620*a + 1912 -2*a^5 + 50*a^4 - 448*a^3 + 1708*a^2 - 2512*a + 592 over Number field with defining polynomial x^7-39*x^6+611*x^5-4917*x^4+21536*x^3-49824*x^2+52976*x-16560
-12 0 6 -6 0 0 0 3 3 2 0 0 0 -1 -1 0 -2 1 0 over Number field with defining polynomial x+2
48 24 -24 -12 0 -36 -24 6 30 8 0 -6 -4 10 -2 -2 -6 6 -1 over Number field with defining polynomial x+7
-1 -1 -1 -1 -1 -1 -1 -1 -1 -1 -1 -1 -1 -1 -1 -1 -1 -1 -1 over Number field with defining polynomial x-15
24*a^2 + 24*a -24*a^2 + 24*a + 24 -12*a^2 - 12*a -24*a^2 - 36*a - 12 0 18*a^2 + 6*a -18*a^2 + 12*a + 6 12*a^2 + 18*a + 6 6*a^2 - 6 8*a^2 - 12*a - 4 0 6*a^2 - 6*a - 6 4*a^2 - 4*a - 4 -2*a^2 - 6*a 4*a^2 - 4*a 12*a+4 2*a+2 -6*a^2 - 6*a - 2 6*a+2 over Number field with defining polynomial x^3+3*x^2-x-1
-12*a^5 + 204*a^4 - 960*a^3 - 216*a^2 + 8940*a - 9876 24*a^4 - 480*a^3 + 3264*a^2 - 8832*a + 8328 -24*a^5 + 546*a^4 - 4596*a^3 + 17460*a^2 - 29232*a + 18246 -6*a^5 + 114*a^4 - 720*a^3 + 1380*a^2 + 1566*a - 4446 -24*a^5 + 588*a^4 - 5448*a^3 + 23400*a^2 - 45192*a + 29748 -3*a^5 + 48*a^4 - 102*a^3 - 1764*a^2 + 9963*a - 12990 6*a^5 - 192*a^4 + 2040*a^3 - 8724*a^2 + 13566*a - 5832 -3*a^5 + 69*a^4 - 600*a^3 + 2322*a^2 - 3633*a + 1941 -9*a^5 + 213*a^4 - 1944*a^3 + 8562*a^2 - 17823*a + 12633 6*a^5 - 186*a^4 + 2064*a^3 - 10068*a^2 + 20754*a - 13722 15*a^5 - 360*a^4 + 3150*a^3 - 12024*a^2 + 18681*a - 9894 -9*a^5 + 240*a^4 - 2418*a^3 + 11232*a^2 - 23475*a + 17838 12*a^5 - 276*a^4 + 2304*a^3 - 8328*a^2 + 11868*a - 4620 -15*a^4 + 246*a^3 - 1374*a^2 + 3180*a - 3333 -3*a^4 - 6*a^3 + 666*a^2 - 3936*a + 4959 -36*a^4 + 672*a^3 - 4344*a^2 + 11160*a - 9084 -6*a^5 + 174*a^4 - 1800*a^3 + 8160*a^2 - 15834*a + 11130 3*a^4 + 18*a^3 - 750*a^2 + 4008*a - 4767 24*a^4 - 408*a^3 + 2292*a^2 - 4728*a + 2820 over Number field with defining polynomial x^6-29*x^5+322*x^4-1714*x^3+4471*x^2-5205*x+2026
For conductor 3, eigenvectors are:
1 over Number field with defining polynomial x+7
For conductor 61, eigenvectors are:
For conductor 183, eigenvectors are:
-12 0 -3 -2 -1 over Number field with defining polynomial x+1
1 1 0 -1 0 over Number field with defining polynomial x-7
4*a^2 - 36*a + 92 -7*a^2 + 63*a - 128 -11*a+22 -4*a^2 + 36*a - 70 11*a-44 over Number field with defining polynomial x^3-16*x^2+75*x-106
For conductor 1:
traces of hecke eigenvalues of T_{p^1} are:
39 195 388 924 1210 1851 2680 3483 5964 6996 9691 11814 12651 15036 18792 25374 32026 34545 35237 45972 48939 53895 63861 
computing eigenvalues for k = 1, took 5.498078 sec
traces of hecke eigenvalues of T_{p^2} are:
12 78 304 
computing eigenvalues for k = 2, took 0.150867 sec
traces of hecke eigenvalues of T_{p^1} are:
-2 -9 3 49 51 56 -78 5 -218 -144 212 -57 -68 636 -444 207 211 212 439 1041 248 -1262 -1536 
computing eigenvalues for k = 1, took 5.664055 sec
traces of hecke eigenvalues of T_{p^2} are:
-5 -18 -24 
computing eigenvalues for k = 2, took 0.151466 sec
traces of hecke eigenvalues of T_{p^1} are:
-7 3 -9 -4 -3 37 -75 10 212 -6 -88 -3 547 -147 -108 -45 -632 -650 859 -978 931 -571 453 
computing eigenvalues for k = 1, took 5.609637 sec
traces of hecke eigenvalues of T_{p^2} are:
7 -9 -42 
computing eigenvalues for k = 2, took 0.148668 sec
traces of hecke eigenvalues of T_{p^1} are:
15 156 400 1464 2380 5220 7240 12720 25260 30784 52060 70644 81400 106080 151740 208920 305320 363024 394420 499360 578760 712980 922180 
computing eigenvalues for k = 1, took 5.669274 sec
traces of hecke eigenvalues of T_{p^2} are:
30 780 2800 
computing eigenvalues for k = 2, took 0.151120 sec
traces of hecke eigenvalues of T_{p^1} are:
-3 -19 49 -43 33 -96 84 101 258 122 -300 -631 -194 -64 512 261 1845 770 -1935 -127 1112 -82 668 
computing eigenvalues for k = 1, took 5.642764 sec
traces of hecke eigenvalues of T_{p^2} are:
-4 -30 20 
computing eigenvalues for k = 2, took 0.152419 sec
traces of hecke eigenvalues of T_{p^1} are:
29 164 309 612 1038 1786 2287 3235 4757 5717 8337 9491 11542 13464 16843 19388 27780 29755 34353 38362 40541 47818 61861 
computing eigenvalues for k = 1, took 5.642299 sec
traces of hecke eigenvalues of T_{p^2} are:
-3 48 72 
computing eigenvalues for k = 2, took 0.148906 sec
For conductor 3:
traces of hecke eigenvalues of T_{p^1} are:
-7 3 -9 -4 -3 37 -75 10 212 -6 -88 -3 547 -147 -108 -45 -632 -650 859 -978 931 -571 453 
computing eigenvalues for k = 1, took 299.502671 sec
traces of hecke eigenvalues of T_{p^2} are:
7 -9 -42 
computing eigenvalues for k = 2, took 0.492108 sec
For conductor 61:
For conductor 183:
traces of hecke eigenvalues of T_{p^1} are:
-1 3 -3 43 -33 34 -20 3 -108 32 -14 -49 204 340 132 -279 313 -8 -177 167 232 614 420 
computing eigenvalues for k = 1, took 141.453240 sec
traces of hecke eigenvalues of T_{p^2} are:
0 6 8 
computing eigenvalues for k = 2, took 0.520035 sec
traces of hecke eigenvalues of T_{p^1} are:
7 33 42 86 162 275 376 405 900 1196 1057 1822 1989 2360 2856 4032 4576 5465 5001 6818 6533 9055 9345 
computing eigenvalues for k = 1, took 141.442190 sec
traces of hecke eigenvalues of T_{p^2} are:
6 42 -64 
computing eigenvalues for k = 2, took 0.527497 sec
traces of hecke eigenvalues of T_{p^1} are:
16 62 164 426 454 814 912 1730 2646 2554 4264 4934 4858 6720 8518 10162 13088 16216 15738 18136 22752 23718 28252 
computing eigenvalues for k = 1, took 141.426255 sec
traces of hecke eigenvalues of T_{p^2} are:
3 -96 112 
computing eigenvalues for k = 2, took 0.517428 sec
