constructing eigenvector for poly
x-21
constructing eigenvector for poly
x-42
constructing eigenvector for poly
x-156
constructing eigenvector for poly
x^2-66*x+1056
constructing eigenvector for poly
x^2-6*x-48
constructing eigenvector for poly
x^2-36*x+267
constructing eigenvector for poly
x^2-66*x+1032
constructing eigenvector for poly
x^4+6*x^3-291*x^2-672*x+19596
constructing eigenvector for poly
x^4-114*x^3+4569*x^2-75012*x+425856
constructing eigenvector for poly
x^3-70*x^2+1482*x-9108
constructing eigenvector for poly
x^4-127*x^3+5746*x^2-107011*x+655935
constructing eigenvector for poly
x^12+20*x^11-374*x^10-8625*x^9+25305*x^8+1195884*x^7+2885721*x^6-54584550*x^5-265782510*x^4+586475172*x^3+4829655645*x^2+2976827787*x-11037731652
constructing eigenvector for poly
x^4+6*x^3-108*x^2-640*x-316
constructing eigenvector for poly
x^8-277*x^7+33065*x^6-2219576*x^5+91556801*x^4-2374101051*x^3+37754185053*x^2-336329644464*x+1283967124272
constructing eigenvector for poly
x-18
constructing eigenvector for poly
x-18
constructing eigenvector for poly
x^2-36*x+267
constructing eigenvector for poly
x^4+6*x^3-108*x^2-640*x-316
constructing eigenvector for poly
x+18
constructing eigenvector for poly
x+3
constructing eigenvector for poly
x+22
constructing eigenvector for poly
x+4
constructing eigenvector for poly
x^3+12*x^2-147*x+294
constructing eigenvector for poly
x-30
constructing eigenvector for poly
x-48
constructing eigenvector for poly
x-20
constructing eigenvector for poly
x-33
constructing eigenvector for poly
x+3
constructing eigenvector for poly
x^2-78*x+1368
constructing eigenvector for poly
x^12-36*x^11+133*x^10+8343*x^9-77268*x^8-639923*x^7+7986289*x^6+24678689*x^5-339571391*x^4-711261301*x^3+5714822424*x^2+13891733604*x-4551201756
constructing eigenvector for poly
x+13
constructing eigenvector for poly
x^2-4*x-44
constructing eigenvector for poly
x-17
constructing eigenvector for poly
x+13
constructing eigenvector for poly
x-32
constructing eigenvector for poly
x^5-171*x^4+11158*x^3-341465*x^2+4744005*x-22163940
constructing eigenvector for poly
x^3-70*x^2+1602*x-11920
constructing eigenvector for poly
x^19+30*x^18-569*x^17-25327*x^16-5469*x^15+6897875*x^14+42620858*x^13-757975032*x^12-7514829349*x^11+30632142774*x^10+481892446807*x^9-241270577093*x^8-13818808033235*x^7-7568643192319*x^6+194633095326304*x^5+105874965643868*x^4-1358207759070628*x^3-18587427721208*x^2+3824792803916064*x-2841875833649408
constructing eigenvector for poly
x+4
constructing eigenvector for poly
x-26
constructing eigenvector for poly
x-11
constructing eigenvector for poly
x^3-90*x^2+2500*x-19936
constructing eigenvector for poly
x^6-17*x^5+67*x^4+174*x^3-982*x^2-822*x+1279
constructing eigenvector for poly
x^13+69*x^12+1389*x^11-4439*x^10-475833*x^9-4280101*x^8+27871907*x^7+608799207*x^6+2001302788*x^5-15063168988*x^4-121112930964*x^3-233242468180*x^2+124083809016*x+499454840896
constructing eigenvector for poly
x^6-174*x^5+12130*x^4-432888*x^3+8335392*x^2-82257936*x+326092928
constructing eigenvector for poly
x-11
constructing eigenvector for poly
x+12
constructing eigenvector for poly
x^13+69*x^12+1389*x^11-4439*x^10-475833*x^9-4280101*x^8+27871907*x^7+608799207*x^6+2001302788*x^5-15063168988*x^4-121112930964*x^3-233242468180*x^2+124083809016*x+499454840896
constructing eigenvector for poly
x+12
constructing eigenvector for poly
x+12
constructing eigenvector for poly
x^17+10*x^16-935*x^15-6391*x^14+280527*x^13+1547177*x^12-29932362*x^11-176340540*x^10+883501227*x^9+5299119478*x^8-8171270639*x^7-48323075533*x^6+3670272521*x^5+47646912543*x^4+6044917832*x^3-10967314656*x^2-1836895340*x+328824600
constructing eigenvector for poly
x^2-40*x+328
constructing eigenvector for poly
x^2+34*x+232
constructing eigenvector for poly
x^2-71*x+1192
constructing eigenvector for poly
x^5-171*x^4+11406*x^3-370267*x^2+5844395*x-35896964
constructing eigenvector for poly
x^9+27*x^8-224*x^7-7014*x^6+24393*x^5+485407*x^4-1888094*x^3-2825800*x^2+4091876*x-876924
constructing eigenvector for poly
x-11
constructing eigenvector for poly
x^3-100*x^2+3218*x-33512
constructing eigenvector for poly
x^4-114*x^3+4756*x^2-85872*x+565888
constructing eigenvector for poly
x^2-82*x+1648
constructing eigenvector for poly
x^2-22*x+88
constructing eigenvector for poly
x^5-4*x^4-207*x^3-327*x^2+8179*x+29095
constructing eigenvector for poly
x+38
constructing eigenvector for poly
x^2+29*x+206
constructing eigenvector for poly
x^9+27*x^8-224*x^7-7014*x^6+24393*x^5+485407*x^4-1888094*x^3-2825800*x^2+4091876*x-876924
constructing eigenvector for poly
x-36
constructing eigenvector for poly
x^4-110*x^3+4200*x^2-64216*x+326448
constructing eigenvector for poly
x^4-127*x^3+5746*x^2-107017*x+655817
constructing eigenvector for poly
x^5-144*x^4+8006*x^3-214236*x^2+2744248*x-13336848
constructing eigenvector for poly
x^6-151*x^5+9017*x^4-272076*x^3+4352141*x^2-34643525*x+105214417
constructing eigenvector for poly
x^16+26*x^15-861*x^14-20059*x^13+334873*x^12+5647329*x^11-73776398*x^10-656042346*x^9+8746637985*x^8+22443609900*x^7-447752561555*x^6+229299555693*x^5+8499235267341*x^4-13495719771335*x^3-53685878586042*x^2+75040593202840*x+124828539824016
constructing eigenvector for poly
x^5-3*x^4-106*x^3-120*x^2+1532*x+2532
constructing eigenvector for poly
x^5-3*x^4-106*x^3-120*x^2+1532*x+2532
constructing eigenvector for poly
x^2+13*x-64
constructing eigenvector for poly
x^3+32*x^2+240*x-128
constructing eigenvector for poly
x^15-30*x^14-260*x^13+18569*x^12-184771*x^11-1090214*x^10+30325065*x^9-145519974*x^8-672098378*x^7+9421512392*x^6-34451278969*x^5+31545528113*x^4+80870346092*x^3-146010022056*x^2-1006018220*x+12318416
constructing eigenvector for poly
x+24
constructing eigenvector for poly
x^4-110*x^3+4270*x^2-68672*x+388328
computing eigenvectors took 21.920595 sec
For conductor 1, eigenvectors are:
48 48 -42 18 -12 8 -32 8 -32 -12 33 -27 18 18 -12 -2 18 8 -12 18 -2 -2 18 8 28 -7 -2 3 -22 -32 18 -17 -12 -12 8 -12 -7 -2 -7 8 -2 3 3 13 -2 3 23 -2 -7 8 -2 -7 over Number field with defining polynomial x-21
72 16 0 6 -18 12 8 12 36 -18 -3 12 6 20 -18 -10 -8 26 -4 13 4 -10 -8 -2 0 -14 18 -6 -12 8 -8 13 10 24 12 -18 0 -3 7 5 4 1 8 2 4 1 -11 -10 0 -2 -3 -7 over Number field with defining polynomial x-42
-1 -1 -1 -1 -1 -1 -1 -1 -1 -1 -1 -1 -1 -1 -1 -1 -1 -1 -1 -1 -1 -1 -1 -1 -1 -1 -1 -1 -1 -1 -1 -1 -1 -1 -1 -1 -1 -1 -1 -1 -1 -1 -1 -1 -1 -1 -1 -1 -1 -1 -1 -1 over Number field with defining polynomial x-156
0 168*a-7728 210*a-8316 -42*a+1260 462*a-17388 -672 0 -140*a+5040 56*a-2352 462*a-17388 84*a-2268 -105*a+4158 84*a-4284 126*a-3444 0 -14*a-84 168*a-6048 -56*a+1848 126*a-6384 -91*a+3654 126*a-5628 -98*a+3696 -98*a+3192 70*a-2184 112*a-4536 77*a-2310 84*a-3444 -133*a+5166 154*a-5208 -84*a+2856 182*a-6384 119*a-3990 -119*a+4578 252 -168 -112*a+3948 -28*a+1092 21*a-798 -35*a+1470 -105*a+3906 98*a-2940 -14*a+462 7*a-588 49*a-1848 -35*a+1176 -56*a+2394 -119*a+4536 84*a-2940 -7*a+336 14*a-588 -294 -70*a+2646 over Number field with defining polynomial x^2-66*x+1056
0 768 36*a+360 -36*a+504 864 36*a-504 -72*a-720 24*a-336 -96*a-576 -432 18*a+36 36*a+360 90*a-396 -12*a-600 0 6*a+300 -84*a+24 -84*a+408 -192 6*a+204 -36*a+72 48*a+144 48*a-336 -24*a+96 -24*a-144 -6*a-12 48*a+288 -24*a+144 24*a+192 12*a+120 -12*a-216 30*a+60 72*a-144 -72*a-240 24*a-384 -168 12*a+24 -96 -18*a-84 -12*a+72 24*a 18*a-300 -12*a+264 48*a+144 144 42*a+84 -30*a-60 -12*a+48 -24*a-48 384 -144 -30*a+60 over Number field with defining polynomial x^2-6*x-48
0 48*a-720 -72*a+1512 72*a-1512 0 0 0 -48*a+1008 -288 0 36*a-324 36*a-756 36*a-756 12*a-324 0 -24*a+648 -12*a+36 -24*a+216 -12*a+180 -12*a+36 0 36*a-612 -12*a+108 -12*a+324 144 -12*a+108 -72 -36*a+900 30*a-594 12*a-36 288 -12*a+108 0 12*a+36 12*a-324 -6*a+90 6*a-54 12*a-396 -12*a+180 18*a-198 -9*a+207 -12*a+180 12*a-216 -18*a+306 0 -6*a+162 12*a-324 12*a-324 6*a-162 -12*a+180 108 -3*a+9 over Number field with defining polynomial x^2-36*x+267
81*a-1782 -15*a+282 -9*a+306 -45*a+1098 27*a-702 9*a-198 9*a-198 -51*a+1266 -15*a+378 27*a-702 -27*a+738 18*a-450 -9*a+306 -9*a+210 -27*a+810 -9*a+210 21*a-534 9*a-222 -3*a-30 -6*a+150 -9*a+306 -15*a+378 9*a-246 9*a-246 -15*a+378 -18*a+510 -15*a+378 12*a-306 9*a-222 15*a-366 -3*a+90 -18*a+438 18*a-450 3*a-78 9*a-222 3*a-78 9*a-246 12*a-330 -12*a+294 6*a-162 15*a-414 6*a-138 9*a-222 3*a-54 -9*a+234 -18*a+462 9*a-222 -9*a+210 -9*a+258 15*a-390 -18 -6*a+150 over Number field with defining polynomial x^2-66*x+1032
0 -40*a^3 - 488*a^2 + 6384*a + 49664 24*a^3 + 264*a^2 - 3504*a - 39936 -24*a^3 - 540*a^2 + 1788*a + 55272 36*a^3 + 468*a^2 - 6072*a - 34560 -8*a^3 - 80*a^2 + 392*a + 11760 48*a^3 + 896*a^2 - 4720*a - 100320 16*a^3 + 360*a^2 - 1192*a - 36848 -48*a^3 - 280*a^2 + 8600*a + 4080 -18*a^3 - 234*a^2 + 3036*a + 17280 -24*a^3 - 48*a^2 + 4872*a - 3072 -48*a^3 - 804*a^2 + 5292*a + 95208 -12*a^2 + 1164*a + 2328 12*a^3 + 4*a^2 - 2160*a + 18704 0 12*a^3 + 300*a^2 - 1112*a - 40192 2*a^3 - 130*a^2 - 1456*a + 20344 12*a^3 - 304*a^2 - 4100*a + 66824 10*a^3 + 122*a^2 - 1596*a - 12416 -28*a^3 - 200*a^2 + 4380*a - 1304 -4*a^3 - 40*a^2 + 196*a + 5880 10*a^3 - 42*a^2 - 2624*a + 7032 -20*a^3 - 96*a^2 + 3716*a - 4616 2*a^3 + 30*a^2 - 40*a + 1672 148*a^2 + 524*a - 29448 8*a^3 + 16*a^2 - 1624*a + 1024 12*a^3 - 78*a^2 - 2674*a + 28428 4*a^3 + 40*a^2 - 196*a - 5880 5*a^3 + 215*a^2 + 172*a - 30268 -2*a^3 + 192*a^2 + 1854*a - 39292 -22*a^3 - 422*a^2 + 2708*a + 52608 20*a^3 + 388*a^2 - 2280*a - 53504 -8*a^3 - 160*a^2 + 712*a + 27648 -4*a^3 - 50*a^2 + 138*a + 1268 18*a^3 + 206*a^2 - 2376*a - 24952 -8*a^3 - 244*a^2 + 392*a + 37760 -12*a^3 - 220*a^2 + 792*a + 24304 10*a^3 + 200*a^2 - 694*a - 21364 -4*a^3 - 48*a^2 + 972*a + 7432 30*a^3 + 372*a^2 - 4342*a - 31860 -7*a^3 - 91*a^2 + 838*a + 4536 4*a^3 - 24*a^2 - 1428*a + 6904 -4*a^3 + 24*a^2 + 1428*a - 6904 2*a^3 + 106*a^2 + 28*a - 13440 -10*a^3 - 118*a^2 + 1208*a + 11640 6*a^3 + 74*a^2 - 624*a - 4984 10*a^3 + 194*a^2 - 1140*a - 26752 -a^3 - 5*a^2 + 78*a + 3776 -82*a^2 - 514*a + 9724 -2*a^2 + 194*a + 388 -77*a^2 - 485*a + 12030 -5*a^3 + 16*a^2 + 1283*a - 5822 over Number field with defining polynomial x^4+6*x^3-291*x^2-672*x+19596
27*a^3 - 2610*a^2 + 89379*a - 1063584 103*a^3 - 8446*a^2 + 216891*a - 1766240 21*a^3 - 1740*a^2 + 46695*a - 423888 -75*a^3 + 5292*a^2 - 108177*a + 664656 -117*a^3 + 10422*a^2 - 295653*a + 2655216 11*a^3 - 862*a^2 + 19015*a - 105120 3*a^3 - 290*a^2 + 9931*a - 118176 -61*a^3 + 4398*a^2 - 93317*a + 607520 -33*a^3 + 3142*a^2 - 96137*a + 944160 -117*a^3 + 10422*a^2 - 295653*a + 2655216 6*a^3 + 3*a^2 - 17463*a + 287472 -6*a^3 + 435*a^2 - 8451*a + 34680 -393*a^2 + 22767*a - 293712 21*a^3 - 1732*a^2 + 44511*a - 364592 21*a^3 - 2616*a^2 + 98523*a - 1068192 -3*a^3 - 264*a^2 + 22523*a - 292400 22*a^3 - 2303*a^2 + 74263*a - 704416 21*a^3 - 1466*a^2 + 28241*a - 139136 89*a^3 - 7268*a^2 + 186939*a - 1553632 7*a^3 - 430*a^2 + 5835*a - 4264 7*a^3 - 842*a^2 + 30743*a - 337104 -7*a^3 + 576*a^2 - 14473*a + 111648 11*a^3 - 870*a^2 + 21199*a - 164416 7*a^3 - 1134*a^2 + 48019*a - 551872 -39*a^3 + 3740*a^2 - 114821*a + 1110528 10*a^3 - 433*a^2 - 3191*a + 156968 -36*a^3 + 3441*a^2 - 105479*a + 1027344 -16*a^3 + 1301*a^2 - 32855*a + 264504 22*a^3 - 2015*a^2 + 58079*a - 519296 11*a^3 - 600*a^2 + 3837*a + 90688 25*a^3 - 2056*a^2 + 53335*a - 436320 28*a^3 - 2209*a^2 + 54039*a - 412120 5*a^3 - 182*a^2 - 3019*a + 101064 10*a^3 - 613*a^2 + 8637*a + 976 3*a^3 - 578*a^2 + 26115*a - 303296 8*a^3 - 449*a^2 + 3679*a + 51664 -18*a^3 + 1315*a^2 - 28083*a + 178160 -25*a^3 + 1762*a^2 - 35513*a + 206728 -11*a^3 + 606*a^2 - 5475*a - 46216 15*a^2 - 1049*a + 9480 7*a^3 - 842*a^2 + 30743*a - 337104 -7*a^3 + 870*a^2 - 32295*a + 341240 7*a^3 - 432*a^2 + 6381*a - 19088 7*a^3 - 724*a^2 + 23657*a - 233856 -11*a^3 + 460*a^2 + 3163*a - 153600 277*a^2 - 16227*a + 205288 2*a^3 - 29*a^2 - 3723*a + 76864 25*a^3 - 1912*a^2 + 45243*a - 343760 13*a^2 - 503*a - 5344 131*a^2 - 7589*a + 97904 -133*a^2 + 8135*a - 112728 -7*a^3 + 722*a^2 - 23111*a + 219032 over Number field with defining polynomial x^4-114*x^3+4569*x^2-75012*x+425856
13216*a^2 - 556800*a + 5534496 960*a^2 - 45888*a + 447552 2892*a^2 - 108936*a + 855360 868*a^2 - 25224*a - 49968 500*a^2 - 2064*a - 355248 -16032*a+213984 -80*a^2 - 10944*a + 329472 -368*a^2 + 20208*a - 393120 -304*a^2 + 14784*a - 111168 -92*a^2 + 3576*a - 142200 896*a^2 - 28020*a + 190368 1918*a^2 - 76524*a + 708840 1764*a^2 - 72864*a + 593136 252*a^2 + 1224*a - 161424 -3304*a^2 + 139200*a - 1383624 2116*a^2 - 89184*a + 818352 468*a^2 - 35640*a + 497088 -992*a^2 + 35520*a - 286704 -240*a^2 + 11472*a - 111888 154*a^2 - 2604*a - 25632 392*a^2 + 2232*a - 241344 -492*a^2 + 19320*a - 198792 -316*a^2 + 15168*a - 139680 536*a^2 - 25368*a + 280440 244*a^2 - 10968*a + 197784 1058*a^2 - 32568*a + 248688 -326*a^2 + 4728*a + 149832 710*a^2 - 27768*a + 269856 -64*a^2 + 3312*a + 720 -334*a^2 + 5196*a + 21960 -352*a^2 + 3240*a + 76608 878*a^2 - 37992*a + 352008 666*a^2 - 16656*a - 6624 -236*a^2 + 19572*a - 318240 592*a^2 - 14712*a + 35280 676*a^2 - 24360*a + 200520 -526*a^2 + 17664*a - 73296 92*a^2 - 5052*a + 98280 -234*a^2 + 13812*a - 195048 -180*a^2 + 6600*a - 57168 -416*a^2 + 19632*a - 224496 -562*a^2 + 14808*a - 105336 -1058*a^2 + 40584*a - 355680 -1466*a^2 + 51732*a - 345312 1088*a^2 - 49560*a + 533952 212*a^2 - 8256*a + 56808 274*a^2 - 8340*a + 30312 496*a^2 - 21768*a + 196848 -626*a^2 + 15588*a - 7200 13080*a-301824 4008*a-53496 -122*a^2 + 948*a + 25272 over Number field with defining polynomial x^3-70*x^2+1482*x-9108
1000*a^3 - 99168*a^2 + 3182656*a - 32906088 -392*a^3 + 35568*a^2 - 999808*a + 8275896 -306*a^3 + 32310*a^2 - 1133478*a + 13289442 376*a^3 - 31196*a^2 + 780084*a - 5589504 194*a^3 - 17352*a^2 + 439898*a - 2273652 -104*a^2 - 23936*a + 1186600 -356*a^3 + 38412*a^2 - 1343644*a + 15017012 200*a^3 - 15848*a^2 + 394216*a - 3439112 92*a^3 - 5440*a^2 - 13244*a + 3320768 -100*a^3 + 6432*a^2 - 33270*a - 2548878 -159*a^3 + 16766*a^2 - 589966*a + 6966819 -314*a^3 + 33582*a^2 - 1151630*a + 12418842 -470*a^3 + 45320*a^2 - 1391592*a + 13334382 -22*a^3 - 660*a^2 + 125344*a - 2470974 -250*a^3 + 24792*a^2 - 795664*a + 8226522 -126*a^3 + 12904*a^2 - 445168*a + 5262398 -272*a^3 + 27336*a^2 - 875200*a + 8677896 -1168*a^2 + 69332*a - 867956 98*a^3 - 8892*a^2 + 249952*a - 2068974 -47*a^3 + 4318*a^2 - 127998*a + 1246659 26*a^3 - 5512*a^2 + 294694*a - 4570120 72*a^3 - 7824*a^2 + 248980*a - 2019868 -49*a^3 + 5970*a^2 - 245368*a + 3385611 25*a^3 - 2870*a^2 + 98284*a - 932531 54*a^3 - 3712*a^2 + 39892*a + 888494 -63*a^3 + 6530*a^2 - 204632*a + 1741249 -74*a^3 + 7316*a^2 - 223260*a + 1967018 38*a^3 - 3712*a^2 + 94380*a - 215418 270*a^3 - 25100*a^2 + 723164*a - 6104966 96*a^3 - 10872*a^2 + 408032*a - 5066248 152*a^3 - 13694*a^2 + 377128*a - 2938386 -14*a^3 - 76*a^2 + 63434*a - 1485040 48*a^3 - 2212*a^2 - 32342*a + 1713234 -102*a^3 + 9148*a^2 - 243908*a + 1644630 75*a^3 - 6274*a^2 + 156188*a - 1061681 73*a^3 - 7722*a^2 + 267634*a - 3031677 -138*a^3 + 11636*a^2 - 291488*a + 1934974 -50*a^3 + 3962*a^2 - 98554*a + 859778 136*a^3 - 13694*a^2 + 431616*a - 4042298 -73*a^3 + 8306*a^2 - 302300*a + 3465655 -74*a^3 + 7316*a^2 - 223260*a + 1967018 63*a^3 - 5946*a^2 + 169966*a - 1307271 63*a^3 - 6478*a^2 + 216600*a - 2334549 64*a^3 - 6552*a^2 + 230828*a - 2890468 75*a^3 - 7824*a^2 + 270596*a - 3116155 -62*a^3 + 4244*a^2 - 59282*a - 413172 42*a^3 - 5512*a^2 + 240206*a - 3466208 558*a^2 - 40650*a + 730628 110*a^3 - 8156*a^2 + 142906*a + 231172 2108*a^2 - 155058*a + 2785102 26*a^2 + 5984*a - 296650 -88*a^3 + 8232*a^2 - 233584*a + 1805824 over Number field with defining polynomial x^4-127*x^3+5746*x^2-107011*x+655935
a vector of length 52 over Number field with defining polynomial a number field of degree 12
0 32*a^3 - 832*a^2 - 6400*a + 13440 -192*a^3 - 672*a^2 + 21408*a - 7392 -144*a^3 - 240*a^2 + 9696*a - 27936 0 -512*a^3 - 544*a^2 + 53856*a + 49088 0 96*a^3 + 160*a^2 - 6464*a + 18624 -48*a^3 + 128*a^2 + 11008*a + 6976 0 240*a^3 + 408*a^2 - 23376*a - 24480 96*a^3 + 336*a^2 - 10704*a + 3696 96*a^3 + 336*a^2 - 10704*a + 3696 -16*a^3 - 144*a^2 + 3904*a + 6848 0 80*a^3 + 464*a^2 - 5248*a - 25504 104*a^3 - 208*a^2 - 12944*a - 4864 96*a^3 - 11344*a - 8224 -8*a^3 + 208*a^2 + 1600*a - 3360 -32*a^3 + 272*a^2 + 7104*a + 128 0 -20*a^3 - 64*a^2 + 3256*a + 10448 -12*a^3 - 376*a^2 - 2232*a + 5664 -52*a^3 + 384*a^2 + 6120*a - 4352 24*a^3 - 64*a^2 - 5504*a - 3488 -80*a^3 - 136*a^2 + 7792*a + 8160 -12*a^3 + 32*a^2 + 2752*a + 1744 40*a^3 - 96*a^2 - 5168*a + 4592 32*a^3 - 168*a^2 - 3216*a + 8016 92*a^3 + 104*a^2 - 10544*a - 9904 -104*a^3 - 72*a^2 + 13296*a + 11648 -24*a^3 + 16*a^2 + 2608*a + 14048 -56*a^3 - 152*a^2 + 5184*a - 5888 -24*a^3 - 64*a^2 + 168*a + 624 92*a^3 + 128*a^2 - 9096*a - 15184 -4*a^3 + 104*a^2 + 800*a - 1680 40*a^3 + 68*a^2 - 3896*a - 4080 -60*a^3 - 20*a^2 + 6480*a + 1784 60*a^3 - 32*a^2 - 8424*a - 5856 -44*a^3 - 104*a^2 + 4872*a + 5792 -12*a^3 - 20*a^2 + 808*a - 2328 100*a^3 + 88*a^2 - 10376*a - 5864 -42*a^3 - 4*a^2 + 5020*a + 600 10*a^3 + 32*a^2 - 1628*a - 5224 -20*a^3 - 256*a^2 + 1488*a + 9768 -20*a^3 - 4*a^2 + 640*a - 6368 -8*a^3 + 68*a^2 + 1776*a + 32 80*a^3 + 84*a^2 - 9736*a - 12232 140*a^2 - 176*a - 3392 28*a^2 + 496*a + 9352 26*a^2 + 972*a + 2036 -32*a^3 - 98*a^2 + 3816*a + 3444 over Number field with defining polynomial x^4+6*x^3-108*x^2-640*x-316
261*a^7 - 62979*a^6 + 6404973*a^5 - 355570068*a^4 + 11627853945*a^3 - 223869157821*a^2 + 2349161092701*a - 10368645085620 165*a^7 - 36825*a^6 + 3470721*a^5 - 178854156*a^4 + 5434774589*a^3 - 97211819711*a^2 + 945771208437*a - 3850980817140 -228*a^7 + 55254*a^6 - 5661897*a^5 + 317771064*a^4 - 10542475614*a^3 + 206626708494*a^2 - 2214271761093*a + 10006097483700 81*a^7 - 17025*a^6 + 1469931*a^5 - 66580488*a^4 + 1662678153*a^3 - 21530076915*a^2 + 108859207923*a + 70810993476 -30*a^7 + 5997*a^6 - 470871*a^5 + 17606496*a^4 - 266891430*a^3 - 1420733289*a^2 + 90162986931*a - 756200428668 197*a^7 - 46871*a^6 + 4717253*a^5 - 260180868*a^4 + 8489797729*a^3 - 163853957081*a^2 + 1732004116605*a - 7737559751988 -136*a^7 + 33216*a^6 - 3423617*a^5 + 192946566*a^4 - 6418570676*a^3 + 125997651558*a^2 - 1351303566891*a + 6109129932156 155*a^7 - 34747*a^6 + 3290209*a^5 - 170538888*a^4 + 5225834155*a^3 - 94720138513*a^2 + 941336532273*a - 3963926730564 -6*a^7 + 1699*a^6 - 188567*a^5 + 10793558*a^4 - 345173664*a^3 + 6129222411*a^2 - 54898063827*a + 182011952268 -30*a^7 + 5997*a^6 - 470871*a^5 + 17606496*a^4 - 266891430*a^3 - 1420733289*a^2 + 90162986931*a - 756200428668 126*a^7 - 28281*a^6 + 2662155*a^5 - 135830214*a^4 + 4042108644*a^3 - 69826297317*a^2 + 644198755779*a - 2425102568604 -90*a^7 + 22197*a^6 - 2304477*a^5 + 130534317*a^4 - 4356618207*a^3 + 85683123090*a^2 - 919819469790*a + 4160646156384 -33*a^7 + 7635*a^6 - 733851*a^5 + 37787118*a^4 - 1117346619*a^3 + 18754562595*a^2 - 162164885697*a + 534658932468 -15*a^7 + 3243*a^6 - 285751*a^5 + 13080040*a^4 - 325158859*a^3 + 4054424505*a^2 - 16938513783*a - 49035058020 99*a^7 - 24033*a^6 + 2459323*a^5 - 137375442*a^4 + 4519045257*a^3 - 87452356545*a^2 + 920977345233*a - 4068807563556 31*a^7 - 8661*a^6 + 1000987*a^5 - 62330232*a^4 + 2265281735*a^3 - 48152315647*a^2 + 555222362679*a - 2682534728844 13*a^7 - 3169*a^6 + 333745*a^5 - 19632696*a^4 + 694158009*a^3 - 14692858507*a^2 + 171735936369*a - 852404525316 -24*a^7 + 5203*a^6 - 473823*a^5 + 23439370*a^4 - 678196510*a^3 + 11436256215*a^2 - 103645545195*a + 387698694156 139*a^7 - 30229*a^6 + 2764401*a^5 - 137501576*a^4 + 4006304491*a^3 - 68118575407*a^2 + 622501542537*a - 2340120822084 -82*a^7 + 18448*a^6 - 1744627*a^5 + 89714481*a^4 - 2703115677*a^3 + 47608545203*a^2 - 452781591330*a + 1789642712160 -98*a^7 + 23508*a^6 - 2376533*a^5 + 131115100*a^4 - 4259056284*a^3 + 81378611228*a^2 - 846200510829*a + 3691805116212 -47*a^7 + 11659*a^6 - 1216515*a^5 + 69188608*a^4 - 2315816527*a^3 + 45606039765*a^2 - 489224818347*a + 2205121936716 -85*a^7 + 19040*a^6 - 1793759*a^5 + 91930914*a^4 - 2761071589*a^3 + 48455287302*a^2 - 458520595803*a + 1797266720700 -20*a^7 + 5275*a^6 - 580526*a^5 + 34631067*a^4 - 1211383047*a^3 + 24881444242*a^2 - 278225814411*a + 1307975757372 -32*a^7 + 7519*a^6 - 749279*a^5 + 41045114*a^4 - 1334757238*a^3 + 25763678699*a^2 - 273222144891*a + 1227213114732 172*a^7 - 39462*a^6 + 3815086*a^5 - 201196920*a^4 + 6242558364*a^3 - 113805318226*a^2 + 1127423452746*a - 4677083252928 -19*a^7 + 4609*a^6 - 468923*a^5 + 25919336*a^4 - 839965451*a^3 + 15946450555*a^2 - 164060104359*a + 704612533500 120*a^7 - 27718*a^6 + 2719812*a^5 - 146975718*a^4 + 4724328178*a^3 - 90332465620*a^2 + 951297502866*a - 4255688918880 -9*a^7 + 2061*a^6 - 189403*a^5 + 8880588*a^4 - 219505497*a^3 + 2508359747*a^2 - 4412138955*a - 95192121780 -17*a^7 + 4327*a^6 - 471473*a^5 + 28435568*a^4 - 1022438373*a^3 + 21856569749*a^2 - 256524236217*a + 1272161735604 -80*a^7 + 19178*a^6 - 1952283*a^5 + 109317500*a^4 - 3633519062*a^3 + 71633576926*a^2 - 775042942191*a + 3548298978540 -22*a^7 + 4396*a^6 - 363495*a^5 + 15985755*a^4 - 398015375*a^3 + 5456322125*a^2 - 35711901072*a + 68110071336 58*a^7 - 13332*a^6 + 1303891*a^5 - 70340659*a^4 + 2260419199*a^3 - 43259342429*a^2 + 456296241648*a - 2044884340440 15*a^7 - 3451*a^6 + 331195*a^5 - 17116464*a^4 + 511685087*a^3 - 8782739313*a^2 + 79271804511*a - 284855323212 39*a^7 - 9406*a^6 + 955777*a^5 - 53018996*a^4 + 1733316607*a^3 - 33384567974*a^2 + 350664855813*a - 1549311660900 -76*a^7 + 17481*a^6 - 1699823*a^5 + 90507464*a^4 - 2847910156*a^3 + 52929587811*a^2 - 537838491537*a + 2304905966388 75*a^7 - 17154*a^6 + 1655530*a^5 - 87331875*a^4 + 2718190770*a^3 - 49909849479*a^2 + 500712270441*a - 2118836105892 38*a^7 - 8293*a^6 + 745391*a^5 - 35352675*a^4 + 936612769*a^3 - 13314818680*a^2 + 84473608266*a - 101467243872 -44*a^7 + 10306*a^6 - 1018527*a^5 + 55008119*a^4 - 1752150329*a^3 + 32901007047*a^2 - 337181883348*a + 1455246860184 -84*a^7 + 19131*a^6 - 1836213*a^5 + 96134129*a^4 - 2960518973*a^3 + 53554558228*a^2 - 526342386618*a + 2166466507920 -19*a^7 + 4609*a^6 - 468923*a^5 + 25919336*a^4 - 839965451*a^3 + 15946450555*a^2 - 164060104359*a + 704612533500 44*a^7 - 9665*a^6 + 879130*a^5 - 42544682*a^4 + 1166539814*a^3 - 17673934297*a^2 + 129758064864*a - 300265044408 83*a^7 - 19970*a^6 + 2029711*a^5 - 112907586*a^4 + 3711231397*a^3 - 72073268740*a^2 + 765861452853*a - 3436708770180 -43*a^7 + 10324*a^6 - 1045268*a^5 + 57804051*a^4 - 1884335204*a^3 + 36191565609*a^2 - 379137629409*a + 1671568271604 -108*a^6 + 17521*a^5 - 1067322*a^4 + 28108420*a^3 - 188183410*a^2 - 4516924977*a + 63366752484 -104*a^6 + 22722*a^5 - 2018212*a^4 + 93263114*a^3 - 2364157404*a^2 + 31166645364*a - 166945190616 658*a^6 - 124116*a^5 + 9572291*a^4 - 386048933*a^3 + 8582069859*a^2 - 99696467307*a + 472959572364 -872*a^6 + 174702*a^5 - 14448019*a^4 + 631367543*a^3 - 15375467505*a^2 + 197803925283*a - 1049834413692 -319*a^6 + 74266*a^5 - 7010647*a^4 + 343710955*a^3 - 9231264770*a^2 + 128749920399*a - 728365508604 142*a^6 - 40747*a^5 + 4428962*a^4 - 240509996*a^3 + 6980501856*a^2 - 103451031309*a + 614569053780 -865*a^6 + 171578*a^5 - 13982268*a^4 + 598973400*a^3 - 14222448023*a^2 + 177470575890*a - 909196258608 -2*a^7 + 579*a^6 - 68864*a^5 + 4401436*a^4 - 164140182*a^3 + 3581855621*a^2 - 42394149924*a + 209878605144 over Number field with defining polynomial x^8-277*x^7+33065*x^6-2219576*x^5+91556801*x^4-2374101051*x^3+37754185053*x^2-336329644464*x+1283967124272
226080 32656 9420 58404 18840 7536 25120 45844 -5024 18840 6594 32970 -23550 11932 37680 16328 6280 16956 15386 17584 -12560 1570 10990 -32970 -628 7222 -2826 3454 1570 11304 7850 6908 -15386 -5966 -35796 11618 6594 12874 14444 11304 -628 -10205 -3925 5495 -31557 -5809 471 -3454 -10205 -10048 471 -12089 over Number field with defining polynomial x-18
1884 -942 -942 942 0 -1727 -1570 -314 1256 0 1413 -1884 942 -942 0 -157 0 1099 0 -471 314 314 942 628 -628 157 314 0 -314 314 0 785 942 0 -1256 -471 -314 314 -314 157 314 0 -471 -157 -157 -471 157 -157 157 -314 314 157 over Number field with defining polynomial x-18
For conductor 2, eigenvectors are:
-2*a+50 a-23 -4 2*a-50 -4 a-27 over Number field with defining polynomial x^2-36*x+267
2*a^3 + 10*a^2 - 172*a - 852 2*a^3 - 4*a^2 - 208*a - 680 6*a^2 - 68*a - 568 12*a^2 - 36*a - 460 -4*a^2 - 2*a + 140 a^3 - 32*a - 52 over Number field with defining polynomial x^4+6*x^3-108*x^2-640*x-316
For conductor 3, eigenvectors are:
-2 -1 2 -3 0 0 -1 over Number field with defining polynomial x+18
-2 2 -1 0 0 0 -1 over Number field with defining polynomial x+3
4 0 -2 -2 -2 1 -1 over Number field with defining polynomial x+22
2 3 2 -1 2 2 1 over Number field with defining polynomial x+4
-3*a^2 - 51*a + 126 -12*a -3*a^2 - 57*a + 252 -3*a^2 - 45*a + 252 18*a-126 9*a+63 3*a^2 + 42*a - 189 over Number field with defining polynomial x^3+12*x^2-147*x+294
For conductor 6, eigenvectors are:
6 3 -4 5 7 -3 1 -3 -1 5 5 -4 -1 0 -1 -2 0 -1 1 over Number field with defining polynomial x-30
6 3 2 -1 7 3 1 3 -1 -1 -1 2 -1 0 -1 4 0 -1 1 over Number field with defining polynomial x-48
-38 11 2 15 -21 -1 -3 -1 3 -5 15 2 -17 -20 -17 16 0 3 17 over Number field with defining polynomial x-20
-9 9 -14 4 3 -9 3 0 6 -3 -2 2 -3 0 5 3 -1 -3 -2 over Number field with defining polynomial x-33
0 0 4 4 0 0 0 0 0 0 -2 -1 0 0 2 0 2 0 1 over Number field with defining polynomial x+3
3*a-108 -3*a+72 24 -12 3*a-96 -a -2*a+84 -a 2*a-84 -2*a+60 -12 24 -12 -2*a+72 -12 -a+12 0 2*a-84 12 over Number field with defining polynomial x^2-78*x+1368
a vector of length 19 over Number field with defining polynomial a number field of degree 12
For conductor 7, eigenvectors are:
1 0 -1 over Number field with defining polynomial x+13
8 -a+2 4 over Number field with defining polynomial x^2-4*x-44
For conductor 14, eigenvectors are:
-6 6 0 0 -3 -3 -2 -2 -2 0 1 1 2 2 -1 2 2 0 -1 0 0 1 2 1 -1 0 1 2 -1 0 over Number field with defining polynomial x-17
0 0 0 0 0 0 -4 -4 0 0 0 0 -2 0 0 0 -2 0 0 -2 -1 0 0 -2 0 0 2 0 0 -1 over Number field with defining polynomial x+13
-6 6 18 18 -12 -3 4 -5 -2 0 -11 1 -4 -4 -1 -1 2 3 5 3 0 1 2 1 2 -6 -2 2 5 -3 over Number field with defining polynomial x-32
-a^4 + 131*a^3 - 6373*a^2 + 136125*a - 1071762 -32*a^3 + 3442*a^2 - 120920*a + 1379358 a^4 - 120*a^3 + 4931*a^2 - 77274*a + 319122 18*a^3 - 2153*a^2 + 82767*a - 1020154 2*a^4 - 236*a^3 + 9469*a^2 - 141083*a + 476296 -16*a^3 + 1697*a^2 - 59756*a + 699169 2*a^4 - 240*a^3 + 10176*a^2 - 175314*a + 970912 -a^4 + 123*a^3 - 5461*a^2 + 102830*a - 687949 -a^4 + 126*a^3 - 5701*a^2 + 108324*a - 714618 -a^4 + 138*a^3 - 7084*a^2 + 160041*a - 1339276 2*a^4 - 257*a^3 + 11838*a^2 - 228640*a + 1532609 a^4 - 125*a^3 + 5524*a^2 - 99649*a + 588829 -2*a^4 + 252*a^3 - 11402*a^2 + 216648*a - 1429236 5*a^3 - 672*a^2 + 27801*a - 357144 -11*a^3 + 1049*a^2 - 32659*a + 332535 a^3 - 177*a^2 + 8675*a - 125789 a^4 - 126*a^3 + 5701*a^2 - 108324*a + 714618 -16*a^3 + 1721*a^2 - 60460*a + 689679 8*a^3 - 888*a^2 + 32591*a - 393303 3*a^3 - 240*a^2 + 5494*a - 26669 -12*a^3 + 1226*a^2 - 41334*a + 458324 -21*a^3 + 2369*a^2 - 87557*a + 1056313 5*a^3 - 648*a^2 + 27097*a - 366634 -a^4 + 117*a^3 - 4715*a^2 + 72484*a - 282963 -8*a^3 + 809*a^2 - 27165*a + 305866 -7*a^3 + 711*a^2 - 23916*a + 267514 -a^4 + 126*a^3 - 5701*a^2 + 108324*a - 714618 12*a^3 - 1383*a^2 + 51717*a - 624658 -4*a^3 + 338*a^2 - 8743*a + 65021 9*a^3 - 986*a^2 + 35840*a - 431655 over Number field with defining polynomial x^5-171*x^4+11158*x^3-341465*x^2+4744005*x-22163940
-128*a^2 + 5624*a - 60416 -24*a^2 + 1288*a - 17216 72*a^2 - 1816*a - 64 96*a^2 - 2936*a + 12928 124*a^2 - 5016*a + 47648 128*a^2 - 5876*a + 66752 -80*a^2 + 3416*a - 35264 56*a^2 - 2452*a + 26208 24*a^2 - 920*a + 7936 24*a^2 - 1120*a + 12992 124*a^2 - 4860*a + 43712 60*a^2 - 2892*a + 34752 48*a^2 - 1840*a + 15872 -152*a^2 + 6544*a - 68352 -164*a^2 + 7188*a - 76960 84*a^2 - 3812*a + 42688 -24*a^2 + 920*a - 7936 -12*a^2 + 644*a - 8608 -44*a^2 + 2020*a - 22944 -32*a^2 + 1532*a - 18272 32*a^2 - 1576*a + 19392 156*a-3936 -12*a^2 + 488*a - 4672 24*a^2 - 964*a + 9056 84*a^2 - 3856*a + 43808 -152*a^2 + 6744*a - 73408 24*a^2 - 920*a + 7936 -200*a+5056 -12*a^2 + 444*a - 3552 44*a-1120 over Number field with defining polynomial x^3-70*x^2+1602*x-11920
a vector of length 30 over Number field with defining polynomial a number field of degree 19
For conductor 21, eigenvectors are:
0 2 -3 0 3 -2 3 -2 -2 -1 1 4 -2 -2 3 4 0 -2 2 -1 0 0 -1 -2 0 0 1 -1 -2 0 -1 over Number field with defining polynomial x+4
0 -8 -6 9 6 -4 -6 -4 -4 -5 -7 -4 11 2 -3 11 -6 -4 1 -5 3 0 1 -4 -6 0 -7 10 8 3 -5 over Number field with defining polynomial x-26
0 -16 6 -18 -6 4 0 4 4 8 -2 -2 10 -8 -6 4 -6 -5 2 8 -6 0 -4 -5 3 0 -2 -4 -2 3 -1 over Number field with defining polynomial x-11
0 8*a-224 3*a^2 - 154*a + 1544 -3*a+136 -2*a^2 + 98*a - 864 4*a^2 - 202*a + 2000 2*a^2 - 98*a + 864 4*a^2 - 202*a + 2000 4*a-112 2*a^2 - 103*a + 1056 a^2 - 55*a + 600 -a^2 + 51*a - 488 -a^2 + 51*a - 488 2*a^2 - 105*a + 1112 a^2 - 49*a + 432 -a^2 + 51*a - 488 a^2 - 50*a + 512 -a^2 + 51*a - 488 a^2 - 52*a + 568 -2*a^2 + 103*a - 1056 2*a-56 0 a^2 - 53*a + 544 -a^2 + 51*a - 488 -3*a+136 0 2*a-56 -2*a^2 + 103*a - 1056 2*a^2 - 101*a + 1000 2*a-56 -2*a^2 + 103*a - 1056 over Number field with defining polynomial x^3-90*x^2+2500*x-19936
0 272*a^5 - 4080*a^4 + 15368*a^3 + 18904*a^2 - 134368*a - 18496 306*a^5 - 4794*a^4 + 19074*a^3 + 20706*a^2 - 169728*a - 4284 102*a^5 - 2346*a^4 + 15504*a^3 - 18360*a^2 - 72012*a - 10608 510*a^4 - 7854*a^3 + 32538*a^2 - 5304*a - 95370 816*a^4 - 9860*a^3 + 20468*a^2 + 69020*a - 64124 -136*a^5 + 1564*a^4 - 3060*a^3 - 8228*a^2 - 5372*a + 9792 816*a^4 - 9860*a^3 + 20468*a^2 + 69020*a - 64124 -68*a^5 + 816*a^4 - 2992*a^3 + 10268*a^2 - 31144*a - 76160 -68*a^5 + 612*a^4 + 884*a^3 - 9826*a^2 - 24310*a + 29308 -102*a^5 + 1598*a^4 - 6358*a^3 - 6902*a^2 + 56576*a + 1428 306*a^4 - 3978*a^3 + 12444*a^2 + 1530*a + 10098 -34*a^5 + 442*a^4 - 1326*a^3 - 2550*a^2 + 10608*a + 7820 34*a^5 - 1088*a^4 + 8636*a^3 - 8976*a^2 - 78880*a + 68714 34*a^5 - 646*a^4 + 3808*a^3 - 4522*a^2 - 20706*a + 38352 -238*a^4 + 2686*a^3 - 5746*a^2 - 3808*a - 45254 -34*a^5 + 374*a^4 + 68*a^3 - 9146*a^2 + 3604*a + 71094 -34*a^5 + 442*a^4 - 1326*a^3 - 2550*a^2 + 10608*a + 7820 17*a^5 - 289*a^4 + 1989*a^3 - 6375*a^2 - 1768*a + 53346 51*a^5 - 935*a^4 + 5185*a^3 - 4998*a^2 - 26401*a + 35598 -68*a^5 + 1054*a^4 - 4624*a^3 + 2142*a^2 + 19499*a - 38743 0 170*a^4 - 2550*a^3 + 9231*a^2 + 8670*a - 50201 -34*a^5 + 442*a^4 - 1326*a^3 - 2550*a^2 + 10608*a + 7820 102*a^4 - 1394*a^3 + 6052*a^2 - 2006*a - 40834 0 17*a^4 + 119*a^3 - 4505*a^2 + 22270*a - 17561 289*a^4 - 3264*a^3 + 7208*a^2 + 8602*a + 20485 765*a^3 - 8126*a^2 + 18904*a + 11237 -17*a^5 + 102*a^4 + 493*a^3 - 969*a^2 - 12835*a + 4046 17*a^4 + 68*a^3 - 1887*a^2 + 5933*a - 7191 over Number field with defining polynomial x^6-17*x^5+67*x^4+174*x^3-982*x^2-822*x+1279
a vector of length 31 over Number field with defining polynomial a number field of degree 13
12*a^5 - 2208*a^4 + 147768*a^3 - 4586864*a^2 + 66717824*a - 367103744 -16*a^5 + 2872*a^4 - 190400*a^3 + 5871536*a^2 - 84388384*a + 455798784 -48*a^5 + 6522*a^4 - 337728*a^3 + 8311896*a^2 - 97407120*a + 436955328 6*a^5 - 672*a^4 + 22662*a^3 - 135468*a^2 - 4634136*a + 53920512 12*a^5 - 2304*a^4 + 164028*a^3 - 5424264*a^2 + 83235504*a - 476959296 22*a^5 - 3408*a^4 + 199144*a^3 - 5511456*a^2 + 72649984*a - 367048576 20*a^5 - 2636*a^4 + 129260*a^3 - 2941640*a^2 + 31317072*a - 125267840 -12*a^5 + 2140*a^4 - 144256*a^3 + 4578048*a^2 - 68133440*a + 381786112 -2*a^5 + 332*a^4 - 21316*a^3 + 642336*a^2 - 8835280*a + 44347520 22*a^5 - 3104*a^4 + 165142*a^3 - 4148084*a^2 + 49591464*a - 227707840 -48*a^5 + 6826*a^4 - 371730*a^3 + 9675268*a^2 - 120465640*a + 576296064 -158*a^4 + 18172*a^3 - 740176*a^2 + 12534144*a - 75023040 10*a^4 - 3966*a^3 + 248364*a^2 - 5208152*a + 35442560 2*a^5 - 366*a^4 + 23072*a^3 - 646744*a^2 + 8127472*a - 37006336 16*a^5 - 2422*a^4 + 138514*a^3 - 3764252*a^2 + 49017448*a - 246185792 10*a^4 - 3966*a^3 + 248364*a^2 - 5208152*a + 35442560 -192*a^4 + 19928*a^3 - 744584*a^2 + 11826336*a - 67681856 -158*a^4 + 18172*a^3 - 740176*a^2 + 12534144*a - 75023040 -16*a^5 + 2388*a^4 - 136758*a^3 + 3759844*a^2 - 49725256*a + 253526976 -6*a^5 + 794*a^4 - 40702*a^3 + 1002620*a^2 - 11806200*a + 53180928 -22*a^5 + 3070*a^4 - 163386*a^3 + 4143676*a^2 - 50299272*a + 235049024 -22*a^5 + 3340*a^4 - 195632*a^3 + 5502640*a^2 - 74065600*a + 381730944 2*a^5 - 284*a^4 + 13186*a^3 - 223636*a^2 + 576440*a + 10580256 -2*a^5 + 554*a^4 - 45432*a^3 + 1582600*a^2 - 24342768*a + 136101664 30*a^4 - 4188*a^3 + 195680*a^2 - 3681152*a + 24072288 16*a^5 - 2470*a^4 + 146644*a^3 - 4182952*a^2 + 57276288*a - 301113568 -110*a^4 + 10042*a^3 - 321476*a^2 + 4275304*a - 20095264 92*a^4 - 13852*a^3 + 671472*a^2 - 12759184*a + 83029152 -194*a^4 + 23960*a^3 - 1041896*a^2 + 18783216*a - 119245472 -16*a^5 + 2200*a^4 - 114398*a^3 + 2823988*a^2 - 33509960*a + 154431648 -76*a^4 + 8286*a^3 - 317068*a^2 + 4983112*a - 27436448 over Number field with defining polynomial x^6-174*x^5+12130*x^4-432888*x^3+8335392*x^2-82257936*x+326092928
For conductor 42, eigenvectors are:
0 -2 -2 0 0 0 0 1 0 1 -1 0 0 1 -1 over Number field with defining polynomial x-11
0 -2 2 2 2 -2 -1 0 -2 0 2 1 0 0 -1 over Number field with defining polynomial x+12
a vector of length 15 over Number field with defining polynomial a number field of degree 13
For conductor 19, eigenvectors are:
1 1 over Number field with defining polynomial x+12
1 -1 over Number field with defining polynomial x+12
For conductor 38, eigenvectors are:
a vector of length 28 over Number field with defining polynomial a number field of degree 17
-106*a+1898 -16*a-634 -86*a+82 237*a-2682 79*a-1223 -158*a+2446 -282 -57*a+579 -196*a+2738 70*a-716 -250*a+2819 -22*a+503 -90*a+840 96*a-1131 60*a-795 -76*a+866 6*a-291 141 19*a-287 13*a-137 -19*a+428 57*a-579 79*a-1082 96*a-990 -38*a+292 -6*a+150 141 -19*a+287 over Number field with defining polynomial x^2-40*x+328
-12*a-168 -96 48 -6*a-132 12*a+168 -6*a-132 2*a+12 2*a+44 4*a+72 8*a+112 -2*a-44 0 4*a+24 -2*a-44 32 -8 0 -2*a+4 -4*a-56 -2*a-60 4*a+40 -2*a-44 -2*a-44 4*a+48 -32 16 -16 -2*a-52 over Number field with defining polynomial x^2+34*x+232
6*a-168 -24 -24 -3*a+72 3*a-84 3*a-96 8 4 4*a-120 0 3*a-76 -3*a+84 -2*a+48 3*a-76 2*a-60 -a+32 a-28 -4 a-28 4 -a+24 -4 3*a-88 3*a-80 a-24 -a+32 -4 -a+28 over Number field with defining polynomial x^2-71*x+1192
2*a^4 - 269*a^3 + 13118*a^2 - 274429*a + 2081498 a^4 - 169*a^3 + 9955*a^2 - 242849*a + 2089102 a^4 - 159*a^3 + 8883*a^2 - 206007*a + 1686842 2*a^4 - 247*a^3 + 10909*a^2 - 203822*a + 1359498 6*a^3 - 574*a^2 + 16893*a - 152705 2*a^4 - 258*a^3 + 12070*a^2 - 243168*a + 1789314 2*a^4 - 258*a^3 + 12070*a^2 - 243168*a + 1789314 2*a^3 - 229*a^2 + 8326*a - 96779 2*a^4 - 257*a^3 + 11981*a^2 - 240664*a + 1761758 -10*a^3 + 1072*a^2 - 36842*a + 402260 -2*a^4 + 255*a^3 - 11752*a^2 + 232338*a - 1664979 a^4 - 137*a^3 + 6838*a^2 - 146803*a + 1144141 12*a^3 - 1137*a^2 + 33765*a - 319740 a^4 - 134*a^3 + 6469*a^2 - 132655*a + 978139 -a^4 + 136*a^3 - 6749*a^2 + 144299*a - 1116585 3*a^3 - 369*a^2 + 14148*a - 166002 a^4 - 122*a^3 + 5332*a^2 - 98890*a + 658399 -a^4 + 129*a^3 - 6035*a^2 + 121584*a - 894657 -a^3 + 140*a^2 - 5822*a + 69223 -8*a^3 + 843*a^2 - 28516*a + 305481 -a^4 + 130*a^3 - 6175*a^2 + 127406*a - 963880 -2*a^3 + 229*a^2 - 8326*a + 96779 -a^4 + 135*a^3 - 6609*a^2 + 138477*a - 1047362 -5*a^3 + 434*a^2 - 11071*a + 83482 a^3 - 89*a^2 + 2504*a - 27556 -7*a^3 + 703*a^2 - 22694*a + 236258 -a^4 + 129*a^3 - 6035*a^2 + 121584*a - 894657 a^3 - 140*a^2 + 5822*a - 69223 over Number field with defining polynomial x^5-171*x^4+11406*x^3-370267*x^2+5844395*x-35896964
For conductor 57, eigenvectors are:
60*a^8 + 1560*a^7 - 10440*a^6 - 286680*a^5 + 1642980*a^4 + 16871280*a^3 - 97824120*a^2 - 35780880*a + 38816640 -40*a^8 - 1040*a^7 + 6960*a^6 + 191120*a^5 - 1095320*a^4 - 11247520*a^3 + 65216080*a^2 + 23853920*a - 25877760 -60*a^8 - 1740*a^7 + 3660*a^6 + 284880*a^5 + 273900*a^4 - 9265260*a^3 - 8937180*a^2 + 16935240*a + 6935040 -30*a^8 - 660*a^7 + 10080*a^6 + 173820*a^5 - 1205610*a^4 - 9376800*a^3 + 65989080*a^2 - 69544920*a + 43204320 20*a^8 + 680*a^7 + 1160*a^6 - 94240*a^5 + 102380*a^4 + 6111280*a^3 - 23934840*a^2 - 24217880*a + 30480720 30*a^8 + 760*a^7 - 7600*a^6 - 200580*a^5 + 645210*a^4 + 12281100*a^3 - 39656240*a^2 - 73663760*a + 50567160 -20*a^8 - 580*a^7 + 1220*a^6 + 94960*a^5 + 91300*a^4 - 3088420*a^3 - 2979060*a^2 + 5645080*a + 2311680 -150*a^7 - 2180*a^6 + 60520*a^5 + 308220*a^4 - 6345490*a^3 + 13577200*a^2 + 26530960*a - 23569080 -30*a^8 - 960*a^7 + 1880*a^6 + 201220*a^5 - 147130*a^4 - 12106620*a^3 + 45189040*a^2 - 22394680*a - 6106560 10*a^8 + 250*a^7 - 3600*a^6 - 92820*a^5 + 242330*a^4 + 6204450*a^3 - 19642740*a^2 - 30347720*a + 36878880 -10*a^8 - 140*a^7 + 4160*a^6 + 22140*a^5 - 422510*a^4 + 454760*a^3 + 373200*a^2 + 32961880*a - 34180680 -40*a^7 - 1620*a^6 - 10160*a^5 + 128040*a^4 + 313720*a^3 - 5692340*a^2 + 29145120*a - 20870880 -10*a^8 - 340*a^7 - 580*a^6 + 47120*a^5 - 51190*a^4 - 3055640*a^3 + 11967420*a^2 + 12108940*a - 15240360 15*a^8 + 650*a^7 + 4570*a^6 - 92410*a^5 - 664975*a^4 + 4855820*a^3 + 7024650*a^2 - 21789140*a + 4907220 170*a^7 + 5510*a^6 + 8200*a^5 - 738540*a^4 - 1197490*a^3 + 29619170*a^2 - 32986480*a + 1853940 -30*a^7 - 680*a^6 + 14440*a^5 + 308560*a^4 - 814230*a^3 - 18079720*a^2 + 62540620*a - 22219200 20*a^8 + 510*a^7 - 4920*a^6 - 128200*a^5 + 551900*a^4 + 8341270*a^3 - 35739600*a^2 - 34304780*a + 42749400 10*a^8 + 140*a^7 - 4340*a^6 - 25780*a^5 + 487950*a^4 - 117700*a^3 - 7861000*a^2 + 7016860*a + 4786740 155*a^7 + 2830*a^6 - 44190*a^5 - 341190*a^4 + 4747745*a^3 - 7944080*a^2 - 28245190*a + 21272880 -95*a^7 - 3360*a^6 - 11810*a^5 + 422430*a^4 + 1529095*a^3 - 16510750*a^2 - 1190190*a - 6820920 20*a^6 - 4020*a^5 - 58320*a^4 - 79660*a^3 + 1114000*a^2 + 18727760*a - 12428100 -20*a^7 + 1110*a^6 + 41740*a^5 - 157000*a^4 - 4823720*a^3 + 21131050*a^2 + 17528400*a - 9349080 -10*a^8 - 350*a^7 + 70*a^6 + 76720*a^5 + 63350*a^4 - 4647370*a^3 + 14442510*a^2 - 14179080*a + 181440 -90*a^7 - 1670*a^6 + 28940*a^5 + 337180*a^4 - 1835490*a^3 - 1861510*a^2 - 20142560*a + 6650880 30*a^7 + 1415*a^6 + 13180*a^5 - 174970*a^4 - 1783920*a^3 + 8886345*a^2 + 24677630*a - 14686590 -30*a^7 - 1255*a^6 - 10990*a^5 + 103670*a^4 + 1127740*a^3 - 3601425*a^2 - 17849800*a + 14568090 over Number field with defining polynomial x^9+27*x^8-224*x^7-7014*x^6+24393*x^5+485407*x^4-1888094*x^3-2825800*x^2+4091876*x-876924
-6 -8 3 3 -8 4 1 -12 3 -8 -5 12 -6 1 -2 -1 4 -5 -1 3 0 7 -1 3 4 -1 over Number field with defining polynomial x-11
-20*a^2 + 1178*a - 16800 -20*a^2 + 1112*a - 15216 -a^2 + 38*a - 268 -4*a^2 + 229*a - 3228 8*a^2 - 524*a + 8040 4*a^2 - 273*a + 4328 5*a^2 - 311*a + 4596 -a^2 + 93*a - 1676 5*a^2 - 245*a + 3012 11*a-308 -a^2 + 49*a - 576 a^2 - 93*a + 1676 -a^2 + 16*a + 216 5*a^2 - 311*a + 4596 -5*a^2 + 278*a - 3804 -33*a+792 -4*a^2 + 262*a - 4020 -a^2 + 49*a - 576 -5*a^2 + 311*a - 4596 -4*a^2 + 229*a - 3228 0 -44*a+1100 -33*a+792 -4*a^2 + 229*a - 3228 -4*a^2 + 262*a - 4020 -33*a+792 over Number field with defining polynomial x^3-100*x^2+3218*x-33512
-159*a^3 + 13470*a^2 - 369156*a + 3258048 -147*a^3 + 12858*a^2 - 365172*a + 3344448 72*a^3 - 6444*a^2 + 186480*a - 1716624 -6*a^3 + 294*a^2 - 1128*a - 47760 12*a^3 - 1296*a^2 + 43056*a - 435072 -4*a^3 + 322*a^2 - 8744*a + 82208 -76*a^3 + 6766*a^2 - 195224*a + 1798832 -2*a^3 + 212*a^2 - 7504*a + 93568 -47*a^3 + 4412*a^2 - 133468*a + 1280464 16*a^3 - 1504*a^2 + 44672*a - 407792 -12*a^3 + 954*a^2 - 23520*a + 174336 2*a^3 - 338*a^2 + 13648*a - 139888 -6*a^3 + 648*a^2 - 21528*a + 217536 -47*a^3 + 4286*a^2 - 125476*a + 1166416 53*a^3 - 4592*a^2 + 127468*a - 1123216 6*a^3 - 306*a^2 + 1992*a + 43200 114*a^2 - 7128*a + 109488 -18*a^3 + 1716*a^2 - 51252*a + 467496 -18*a^3 + 1830*a^2 - 58380*a + 576984 114*a^2 - 6204*a + 75624 6*a^3 - 306*a^2 + 1068*a + 77064 -4*a^3 + 436*a^2 - 14948*a + 157832 -126*a^2 + 7068*a - 80184 114*a^2 - 6204*a + 75624 -6*a^3 + 420*a^2 - 8196*a + 32424 924*a-33864 over Number field with defining polynomial x^4-114*x^3+4756*x^2-85872*x+565888
-6*a+228 -8*a+304 -9*a+324 3*a-114 -3*a+96 -6 9*a-330 a-44 -5*a+178 -3*a+96 -18 3*a-102 -a+20 -3*a+108 2*a-70 -a+38 -6 3*a-102 3*a-108 -a+32 0 -a+26 3*a-108 -a+32 -6 -a+38 over Number field with defining polynomial x^2-82*x+1648
-3*a-12 2*a+8 9*a-108 -3*a-12 -6*a+120 -48 3*a-36 -a+20 -4*a+32 3*a-60 0 3*a-36 4*a-56 3*a-36 a-20 -2*a-8 24 3*a-36 -3*a+36 -5*a+76 0 -2*a+40 -3*a+36 7*a-92 -12 -2*a+28 over Number field with defining polynomial x^2-22*x+88
972*a^4 + 6576*a^3 - 44760*a^2 - 358560*a - 413160 -648*a^4 - 4384*a^3 + 29840*a^2 + 239040*a + 275440 54*a^4 + 5238*a^3 + 20556*a^2 - 288516*a - 1377090 -54*a^4 + 1092*a^3 + 5646*a^2 - 41310*a - 228030 88*a^4 - 3992*a^3 - 32852*a^2 + 238160*a + 1579820 -404*a^4 - 404*a^3 + 31366*a^2 + 23042*a - 523930 18*a^4 + 1746*a^3 + 6852*a^2 - 96172*a - 459030 -324*a^4 + 4110*a^3 + 52524*a^2 - 218772*a - 1877040 306*a^4 + 446*a^3 - 21772*a^2 - 23348*a + 321310 262*a^4 - 2924*a^3 - 39206*a^2 + 145722*a + 1265880 -62*a^4 - 924*a^3 + 4584*a^2 + 36892*a - 76120 324*a^4 + 1530*a^3 - 16694*a^2 - 73630*a + 9790 404*a^4 + 3264*a^3 - 18170*a^2 - 156552*a - 92840 18*a^4 + 1746*a^3 + 6852*a^2 - 96172*a - 459030 171*a^4 + 1969*a^3 - 4034*a^2 - 107846*a - 298375 -49*a^4 + 21*a^3 + 4797*a^2 - 153*a - 101310 49*a^4 + 2662*a^3 + 12133*a^2 - 143922*a - 765930 171*a^4 - 714*a^3 - 20964*a^2 + 36229*a + 568865 -18*a^4 - 1746*a^3 - 6852*a^2 + 96172*a + 459030 44*a^4 - 398*a^3 - 10908*a^2 + 23048*a + 362120 0 -843*a^3 - 4103*a^2 + 36855*a + 181005 -724*a^3 - 3480*a^2 + 32026*a + 193765 -215*a^4 - 3199*a^3 + 2379*a^2 + 173902*a + 535975 587*a^3 + 2495*a^2 - 29900*a - 127380 2096*a^3 + 14435*a^2 - 114175*a - 739860 over Number field with defining polynomial x^5-4*x^4-207*x^3-327*x^2+8179*x+29095
For conductor 114, eigenvectors are:
-2 -2 -2 -2 -1 0 0 2 -1 2 0 -1 over Number field with defining polynomial x+38
-4*a-60 4*a+68 4*a+52 4*a+52 2*a+34 0 0 4*a+60 2*a+26 -4 8 -2*a-30 over Number field with defining polynomial x^2+29*x+206
-2*a^7 - 60*a^6 + 644*a^5 + 7772*a^4 - 81802*a^3 + 174000*a^2 - 119328*a + 38104 -2*a^7 - 76*a^6 - 192*a^5 + 6560*a^4 - 5246*a^3 - 90564*a^2 + 178152*a - 65080 -a^8 - 14*a^7 + 394*a^6 + 2068*a^5 - 40773*a^4 + 75350*a^3 + 254000*a^2 - 287844*a + 53268 -8*a^7 - 182*a^6 + 882*a^5 + 19070*a^4 - 89794*a^3 - 26960*a^2 + 41904*a - 5712 2*a^6 + 76*a^5 + 1512*a^4 + 1088*a^3 - 143382*a^2 + 69988*a + 13244 -a^7 - 70*a^6 - 750*a^5 + 5282*a^4 + 53605*a^3 - 212056*a^2 + 123978*a - 10436 -10*a^7 - 240*a^6 + 1720*a^5 + 31318*a^4 - 163280*a^3 - 224354*a^2 + 342890*a - 82892 -a^7 - 20*a^6 + 326*a^5 + 220*a^4 - 47461*a^3 + 295228*a^2 - 270104*a + 59444 a^8 + 26*a^7 - 104*a^6 - 3130*a^5 + 10779*a^4 + 42952*a^3 - 68492*a^2 + 29000*a - 5912 2*a^7 + 34*a^6 - 296*a^5 - 2852*a^4 + 24350*a^3 - 75398*a^2 + 31200*a - 10192 2*a^7 + 54*a^6 - 90*a^5 - 5462*a^4 + 14254*a^3 + 79274*a^2 - 108470*a + 20822 a^7 + 27*a^6 - 144*a^5 - 5092*a^4 + 5615*a^3 + 170529*a^2 - 194840*a + 35296 over Number field with defining polynomial x^9+27*x^8-224*x^7-7014*x^6+24393*x^5+485407*x^4-1888094*x^3-2825800*x^2+4091876*x-876924
For conductor 133, eigenvectors are:
0 18 -42 0 -24 -42 48 -9 0 36 7 6 -12 24 -4 16 -47 20 -3 -22 -24 31 -5 10 -12 -6 12 9 -7 -11 15 -28 6 -4 1 -8 34 0 10 -13 -5 over Number field with defining polynomial x-36
924*a^3 - 81288*a^2 + 2239456*a - 19121472 -160*a^3 + 13294*a^2 - 341952*a + 2758344 -278*a^2 + 22072*a - 449400 -40*a^3 + 4072*a^2 - 126976*a + 1126432 -36*a^3 + 4888*a^2 - 195392*a + 2262144 15*a^3 - 3604*a^2 + 181880*a - 2406216 -5*a^3 - 734*a^2 + 58844*a - 798552 -121*a^3 + 10621*a^2 - 293656*a + 2556372 231*a^3 - 20322*a^2 + 559864*a - 4780368 28*a^3 - 1532*a^2 + 10816*a + 174736 -11*a^3 + 1051*a^2 - 33880*a + 385388 70*a^3 - 5212*a^2 + 112792*a - 727216 31*a^3 - 2956*a^2 + 90936*a - 895592 32*a^3 - 2662*a^2 + 70232*a - 620344 59*a^3 - 5126*a^2 + 138224*a - 1135536 -3*a^3 - 1160*a^2 + 84184*a - 1275144 26*a^3 - 877*a^2 - 22492*a + 563596 9*a^3 - 1361*a^2 + 59884*a - 790236 26*a^3 - 1711*a^2 + 30388*a - 177100 7*a^3 - 845*a^2 + 30944*a - 322324 50*a^3 - 3176*a^2 + 49304*a - 164000 -44*a^3 + 2773*a^2 - 42332*a + 144116 -40*a^3 + 4039*a^2 - 128748*a + 1236428 8*a^3 + 1150*a^2 - 93748*a + 1324320 -112*a^3 + 10364*a^2 - 304120*a + 2784544 7*a^3 - 428*a^2 + 4504*a + 48024 26*a^3 - 1711*a^2 + 30388*a - 177100 56*a^3 - 5092*a^2 + 148460*a - 1400952 2*a^3 + 81*a^2 - 11368*a + 188828 7*a^3 - 338*a^2 + 904*a + 39344 12*a^3 - 111*a^2 - 27900*a + 476228 -26*a^3 + 877*a^2 + 22492*a - 563596 70*a^3 - 5629*a^2 + 139232*a - 1097564 30*a^3 - 2416*a^2 + 58760*a - 430144 -4*a^3 + 206*a^2 - 2936*a + 63064 18*a^3 - 2117*a^2 + 74856*a - 752044 -82*a^3 + 6476*a^2 - 156008*a + 1199024 417*a^2 - 26440*a + 370348 1472*a^2 - 89352*a + 1155376 -68*a^3 + 5710*a^2 - 150600*a + 1286392 -327*a^2 + 22840*a - 379028 over Number field with defining polynomial x^4-110*x^3+4200*x^2-64216*x+326448
-136*a^3 + 14048*a^2 - 460224*a + 4617912 -118*a^3 + 11946*a^2 - 383950*a + 3792670 30*a^3 - 4188*a^2 + 189950*a - 2816164 -100*a^3 + 9972*a^2 - 310588*a + 2862036 -12*a^3 + 1112*a^2 - 25812*a + 15088 -2*a^3 + 380*a^2 - 21246*a + 371336 17*a^3 - 1856*a^2 + 60280*a - 525433 -98*a^3 + 10312*a^2 - 352416*a + 3866748 -34*a^3 + 3512*a^2 - 115056*a + 1154478 -24*a^3 + 2984*a^2 - 124756*a + 1754852 -17*a^3 + 1326*a^2 - 28734*a + 122367 34*a^3 - 3716*a^2 + 129322*a - 1398604 14*a^3 - 1846*a^2 + 82794*a - 1254904 21*a^3 - 1706*a^2 + 34660*a - 2701 -13*a^3 + 860*a^2 - 2794*a - 435017 -8*a^3 + 936*a^2 - 34152*a + 378880 -13*a^3 + 1476*a^2 - 54354*a + 645099 18*a^3 - 2372*a^2 + 101428*a - 1411854 4*a^3 - 468*a^2 + 17076*a - 189440 16*a^3 - 1872*a^2 + 68304*a - 757760 -16*a^3 + 1270*a^2 - 25972*a + 32414 -20*a^3 + 1722*a^2 - 42684*a + 235028 -2*a^3 + 30*a^2 + 5728*a - 149406 -2*a^3 - 148*a^2 + 19164*a - 399674 15*a^3 - 1652*a^2 + 61334*a - 772309 -a^3 + 308*a^2 - 18120*a + 294557 4*a^3 - 468*a^2 + 17076*a - 189440 -26*a^3 + 2910*a^2 - 107514*a + 1309514 34*a^3 - 3318*a^2 + 101256*a - 917384 -11*a^3 + 1184*a^2 - 44258*a + 582869 -a^3 - 16*a^2 + 8024*a - 232327 13*a^3 - 1476*a^2 + 54354*a - 645099 34*a^3 - 3480*a^2 + 114328*a - 1180826 -3*a^3 + 500*a^2 - 25464*a + 408593 -18*a^3 + 1870*a^2 - 61848*a + 634702 16*a^3 - 1668*a^2 + 54038*a - 513634 12*a^3 - 1330*a^2 + 49306*a - 613984 -236*a^2 + 14994*a - 217778 178*a^2 - 13436*a + 250268 162*a^2 - 13072*a + 263442 -10*a^3 + 1112*a^2 - 41132*a + 506090 over Number field with defining polynomial x^4-127*x^3+5746*x^2-107017*x+655817
-4392*a^4 + 504072*a^3 - 21019248*a^2 + 374059440*a - 2356871904 372*a^4 - 40116*a^3 + 1595064*a^2 - 27604704*a + 174396672 396*a^4 - 59508*a^3 + 3004272*a^2 - 61697232*a + 433076544 488*a^4 - 56008*a^3 + 2335472*a^2 - 41562160*a + 261874656 -188*a^4 + 18264*a^3 - 611192*a^2 + 7651104*a - 20304864 396*a^4 - 59508*a^3 + 3004272*a^2 - 61697232*a + 433076544 -408*a^4 + 38124*a^3 - 1291836*a^2 + 18814824*a - 100660320 546*a^4 - 63954*a^3 + 2705676*a^2 - 48540888*a + 305613648 636*a^4 - 73920*a^3 + 3202656*a^2 - 61128048*a + 432121824 310*a^4 - 36392*a^3 + 1543996*a^2 - 27660776*a + 171719424 424*a^4 - 48070*a^3 + 1980040*a^2 - 34578640*a + 209783664 124*a^4 - 13372*a^3 + 531688*a^2 - 9201568*a + 58132224 -36*a^4 + 4656*a^3 - 197448*a^2 + 3168576*a - 13910400 504*a^4 - 56024*a^3 + 2267640*a^2 - 39172832*a + 238722624 356*a^4 - 40128*a^3 + 1608848*a^2 - 26538768*a + 143301312 28*a^4 - 5416*a^3 + 284896*a^2 - 5269072*a + 25221600 416*a^4 - 38094*a^3 + 1258124*a^2 - 17767560*a + 92291184 108*a^4 - 11840*a^3 + 448044*a^2 - 6460088*a + 22763232 -72*a^4 + 11558*a^3 - 600108*a^2 + 12521192*a - 89283888 -208*a^4 + 22736*a^3 - 906268*a^2 + 15389624*a - 91440000 -8*a^4 + 32*a^3 + 7096*a^2 + 385568*a - 12340800 -94*a^4 + 12310*a^3 - 544216*a^2 + 9462256*a - 50302224 -160*a^4 + 16498*a^3 - 604684*a^2 + 8966968*a - 40645296 22*a^4 - 7232*a^3 + 474580*a^2 - 11080136*a + 82737792 -472*a^4 + 49664*a^3 - 1872016*a^2 + 29222816*a - 150479712 -344*a^4 + 35444*a^3 - 1336880*a^2 + 21661232*a - 124993440 36*a^4 - 3112*a^3 + 100020*a^2 - 1493032*a + 9636768 -80*a^4 + 7446*a^3 - 240320*a^2 + 2929296*a - 7830864 124*a^4 - 14394*a^3 + 608860*a^2 - 10939848*a + 68421456 -482*a^4 + 54994*a^3 - 2273072*a^2 + 39819088*a - 243233424 -194*a^4 + 24558*a^3 - 1102844*a^2 + 20667720*a - 133408512 100*a^4 - 10872*a^3 + 431404*a^2 - 7349304*a + 44759952 124*a^4 - 14648*a^3 + 632500*a^2 - 11772296*a + 78975504 378*a^4 - 40904*a^3 + 1579776*a^2 - 25060064*a + 128236464 80*a^4 - 13902*a^3 + 743972*a^2 - 15488136*a + 105633504 22*a^4 - 3544*a^3 + 196396*a^2 - 4642600*a + 40382640 3804*a^3 - 275616*a^2 + 6131952*a - 38613024 1276*a^3 - 100812*a^2 + 2570728*a - 20843280 -5180*a^3 + 402840*a^2 - 9988112*a + 76959360 254*a^3 - 23640*a^2 + 832448*a - 10554048 -138*a^4 + 18274*a^3 - 835380*a^2 + 15587128*a - 97396704 over Number field with defining polynomial x^5-144*x^4+8006*x^3-214236*x^2+2744248*x-13336848
24*a^5 - 3060*a^4 + 148128*a^3 - 3472200*a^2 + 40034952*a - 183721860 -6*a^5 + 714*a^4 - 30660*a^3 + 571368*a^2 - 4095966*a + 4337382 -6*a^5 + 732*a^4 - 32304*a^3 + 630528*a^2 - 5031042*a + 8854188 -2*a^5 + 182*a^4 - 3620*a^3 - 91708*a^2 + 3786870*a - 32284714 -2*a^5 + 336*a^4 - 21368*a^3 + 636724*a^2 - 8829190*a + 45274236 -6*a^5 + 732*a^4 - 32304*a^3 + 630528*a^2 - 5031042*a + 8854188 -9*a^5 + 1188*a^4 - 58839*a^3 + 1368627*a^2 - 14914584*a + 60398289 -84*a^4 + 9900*a^3 - 423246*a^2 + 7728288*a - 50595762 -2*a^5 + 204*a^4 - 6710*a^3 + 80866*a^2 - 237120*a - 183974 -2*a^5 + 296*a^4 - 16388*a^3 + 422752*a^2 - 5085642*a + 22756776 3*a^5 - 342*a^4 + 13903*a^3 - 245825*a^2 + 1745178*a - 2722685 -2*a^5 + 238*a^4 - 10220*a^3 + 190456*a^2 - 1365322*a + 1445794 -2*a^5 + 282*a^4 - 15344*a^3 + 397638*a^2 - 4836234*a + 21754404 3*a^5 - 364*a^4 + 16569*a^3 - 358903*a^2 + 3722128*a - 14834225 -5*a^5 + 672*a^4 - 34677*a^3 + 863713*a^2 - 10390174*a + 48170535 2*a^5 - 272*a^4 + 13668*a^3 - 314272*a^2 + 3199050*a - 10458784 a^5 - 156*a^4 + 9025*a^3 - 241649*a^2 + 2929958*a - 12390763 2*a^5 - 304*a^4 + 17518*a^3 - 475498*a^2 + 6014120*a - 27866510 -8*a^5 + 1048*a^4 - 51648*a^3 + 1204092*a^2 - 13333808*a + 56528500 -68*a^4 + 7160*a^3 - 262432*a^2 + 3987368*a - 21163772 6*a^5 - 778*a^4 + 38268*a^3 - 895588*a^2 + 9981102*a - 42511266 -6*a^5 + 782*a^4 - 38726*a^3 + 917500*a^2 - 10475072*a + 46412170 54*a^4 - 6308*a^3 + 255330*a^2 - 4309032*a + 25604796 -2*a^5 + 260*a^4 - 13078*a^3 + 321546*a^2 - 3913344*a + 19000730 a^5 - 90*a^4 + 2193*a^3 + 5847*a^2 - 796114*a + 7404131 -3*a^5 + 328*a^4 - 12453*a^3 + 193777*a^2 - 984160*a - 1031009 4*a^5 - 550*a^4 + 28634*a^3 - 708334*a^2 + 8371218*a - 38166940 34*a^4 - 4026*a^3 + 167318*a^2 - 2920246*a + 18260536 -2*a^5 + 236*a^4 - 10044*a^3 + 184364*a^2 - 1260146*a + 592984 -5*a^5 + 606*a^4 - 27247*a^3 + 571271*a^2 - 5581420*a + 20180923 -5*a^5 + 646*a^4 - 31061*a^3 + 693505*a^2 - 7120190*a + 26158657 -a^5 + 158*a^4 - 9525*a^3 + 273153*a^2 - 3766162*a + 20255865 -2*a^5 + 242*a^4 - 10724*a^3 + 211484*a^2 - 1731794*a + 3667482 -7*a^5 + 908*a^4 - 44675*a^3 + 1048961*a^2 - 11777818*a + 50442735 -10*a^4 + 946*a^3 - 31020*a^2 + 394546*a - 1532006 22*a^4 - 2504*a^3 + 93220*a^2 - 1366464*a + 6517854 -42*a^4 + 4436*a^3 - 164428*a^2 + 2570508*a - 14509194 -4*a^4 + 504*a^3 - 21028*a^2 + 366472*a - 2221688 20*a^4 - 2576*a^3 + 115270*a^2 - 2159228*a + 14506842 -6*a^4 + 680*a^3 - 27120*a^2 + 471648*a - 3074498 -2*a^5 + 282*a^4 - 15298*a^3 + 398522*a^2 - 4963732*a + 23433620 over Number field with defining polynomial x^6-151*x^5+9017*x^4-272076*x^3+4352141*x^2-34643525*x+105214417
a vector of length 41 over Number field with defining polynomial a number field of degree 16
0 -96*a^4 + 672*a^3 + 6048*a^2 - 13632*a - 55872 0 0 -32*a^4 + 288*a^3 + 2944*a^2 - 7488*a - 36864 0 96*a^3 + 1200*a^2 + 672*a - 21024 48*a^4 - 336*a^3 - 3024*a^2 + 6816*a + 27936 0 -16*a^4 + 16*a^3 + 1408*a^2 + 480*a - 19008 0 -32*a^4 + 224*a^3 + 2016*a^2 - 4544*a - 18624 -32*a^3 + 432*a^2 + 640*a - 9408 -16*a^4 + 48*a^3 + 1040*a^2 - 1856*a - 11712 -64*a^3 - 32*a^2 + 2112*a - 288 -16*a^4 + 144*a^3 + 1472*a^2 - 3744*a - 18432 32*a^3 + 400*a^2 + 224*a - 7008 8*a^4 - 72*a^3 - 736*a^2 + 1872*a + 9216 64*a^3 + 272*a^2 - 2752*a + 3936 -8*a^4 + 40*a^3 + 336*a^2 - 2096*a - 2208 -80*a^3 + 304*a^2 + 2112*a - 3168 16*a^4 - 160*a^3 - 1312*a^2 + 2688*a + 9792 -16*a^4 + 128*a^3 + 912*a^2 - 2912*a - 2784 8*a^4 - 8*a^3 - 704*a^2 - 240*a + 9504 -112*a^3 - 336*a^2 + 2528*a + 192 -8*a^4 + 72*a^3 + 736*a^2 - 1872*a - 9216 8*a^4 - 8*a^3 - 408*a^2 + 512*a - 528 16*a^4 - 112*a^3 - 1040*a^2 + 3120*a + 10368 16*a^4 - 176*a^3 - 1040*a^2 + 4384*a + 9024 -64*a^3 - 32*a^2 + 2112*a - 288 8*a^4 - 456*a^2 + 192*a + 2736 8*a^4 - 16*a^3 - 272*a^2 + 1360*a - 912 16*a^3 - 216*a^2 - 320*a + 4704 -24*a^3 - 152*a^2 + 208*a + 240 -8*a^4 + 64*a^3 + 456*a^2 - 1456*a - 1392 24*a^3 + 184*a^2 - 1056*a - 1296 -16*a^3 + 304*a^2 + 848*a - 1824 8*a^3 + 280*a^2 - 416*a - 7824 8*a^4 - 40*a^3 - 304*a^2 + 1248*a + 1152 32*a^3 - 632*a + 672 -4*a^4 + 20*a^3 + 152*a^2 - 624*a - 576 over Number field with defining polynomial x^5-3*x^4-106*x^3-120*x^2+1532*x+2532
For conductor 266, eigenvectors are:
4*a^3 - 26*a^2 - 344*a - 252 4*a^3 + 30*a^2 + 80*a + 288 2*a^3 + 8*a^2 - 132*a - 348 4*a^3 + 12*a^2 - 158*a - 564 a^4 - 3*a^3 - 72*a^2 - 56*a + 240 over Number field with defining polynomial x^5-3*x^4-106*x^3-120*x^2+1532*x+2532
For conductor 399, eigenvectors are:
a+19 a+19 10 0 -a-9 over Number field with defining polynomial x^2+13*x-64
-2*a^2 - 40*a - 192 -8*a-64 2*a^2 + 48*a + 256 -20*a-288 -a^2 - 24*a - 128 over Number field with defining polynomial x^3+32*x^2+240*x-128
For conductor 798, eigenvectors are:
a vector of length 20 over Number field with defining polynomial a number field of degree 15
6 3 0 -3 -1 -1 1 -2 1 0 -2 1 0 3 2 1 -1 2 0 -1 over Number field with defining polynomial x+24
10*a^2 - 650*a + 10140 -a^3 + 63*a^2 - 1074*a + 6104 -20*a^2 + 1245*a - 16330 -2*a^3 + 176*a^2 - 4838*a + 41068 10*a^2 - 650*a + 10140 -a^3 + 88*a^2 - 2419*a + 20534 25*a^2 - 1345*a + 14430 -a^3 + 103*a^2 - 3339*a + 31794 5*a^2 - 325*a + 5070 -a^3 + 73*a^2 - 1499*a + 9274 -5*a^2 + 325*a - 5070 -5*a^2 + 325*a - 5070 a^3 - 88*a^2 + 2419*a - 20534 -a^3 + 88*a^2 - 2419*a + 20534 -a^3 + 83*a^2 - 2094*a + 15464 a^3 - 88*a^2 + 2419*a - 20534 -15*a^2 + 920*a - 11260 2*a^3 - 176*a^2 + 4838*a - 41068 5*a^2 - 325*a + 5070 a^3 - 88*a^2 + 2419*a - 20534 over Number field with defining polynomial x^4-110*x^3+4270*x^2-68672*x+388328
For conductor 1:
traces of hecke eigenvalues of T_{p^1} are:
21 189 130 375 480 720 1024 1180 1464 1825 2835 2430 3210 3769 3700 5754 4915 5620 6960 7410 10930 
computing eigenvalues for k = 1, took 57.869539 sec
traces of hecke eigenvalues of T_{p^2} are:
-30 
computing eigenvalues for k = 2, took 0.047589 sec
traces of hecke eigenvalues of T_{p^1} are:
42 140 158 368 746 972 1010 1110 1856 1832 2030 2500 3224 3916 4316 4312 4824 7398 7912 8180 9712 
computing eigenvalues for k = 1, took 57.251853 sec
traces of hecke eigenvalues of T_{p^2} are:
96 
computing eigenvalues for k = 2, took 0.053422 sec
traces of hecke eigenvalues of T_{p^1} are:
156 1464 2380 5220 12720 25260 30784 52060 70644 81400 106080 151740 208920 230764 305320 363024 394420 499360 578760 712980 922180 
computing eigenvalues for k = 1, took 57.012758 sec
traces of hecke eigenvalues of T_{p^2} are:
780 
computing eigenvalues for k = 2, took 0.050232 sec
traces of hecke eigenvalues of T_{p^1} are:
66 196 262 530 984 1902 2008 2592 3350 3080 4282 6486 6860 6516 9302 8896 10068 13630 13794 17902 18690 
computing eigenvalues for k = 1, took 16.277496 sec
traces of hecke eigenvalues of T_{p^2} are:
84 
computing eigenvalues for k = 2, took 0.064135 sec
traces of hecke eigenvalues of T_{p^1} are:
6 -138 146 96 144 270 -208 -100 -450 1064 -12 -1422 1866 -1648 818 102 50 -2152 948 -1770 -1132 
computing eigenvalues for k = 1, took 16.274934 sec
traces of hecke eigenvalues of T_{p^2} are:
48 
computing eigenvalues for k = 2, took 0.055838 sec
traces of hecke eigenvalues of T_{p^1} are:
36 60 -88 -108 6 96 -208 -100 -942 290 -294 168 96 -550 -388 1806 50 692 3936 2502 2360 
computing eigenvalues for k = 1, took 16.215891 sec
traces of hecke eigenvalues of T_{p^2} are:
66 
computing eigenvalues for k = 2, took 0.054339 sec
traces of hecke eigenvalues of T_{p^1} are:
66 258 380 606 1110 1488 2024 2564 2994 4160 4500 4620 7884 7136 9260 11178 11876 12068 15888 16386 19820 
computing eigenvalues for k = 1, took 56.216972 sec
traces of hecke eigenvalues of T_{p^2} are:
84 
computing eigenvalues for k = 2, took 0.046123 sec
traces of hecke eigenvalues of T_{p^1} are:
-6 0 -140 438 -246 -690 -308 916 690 1594 -1584 1566 -828 1438 -704 516 418 1912 -3054 -5298 -6068 
computing eigenvalues for k = 1, took 16.483645 sec
traces of hecke eigenvalues of T_{p^2} are:
96 
computing eigenvalues for k = 2, took 0.054536 sec
traces of hecke eigenvalues of T_{p^1} are:
114 528 796 1254 1962 3486 4156 6244 6594 7786 9696 11742 14748 14614 18592 20964 21442 24664 26826 28878 35836 
computing eigenvalues for k = 1, took 56.664069 sec
traces of hecke eigenvalues of T_{p^2} are:
60 
computing eigenvalues for k = 2, took 0.046127 sec
traces of hecke eigenvalues of T_{p^1} are:
70 394 542 762 1510 2544 2912 4248 5176 5768 6240 7864 10352 10980 12742 15084 16148 18426 19244 23280 29338 
computing eigenvalues for k = 1, took 57.013325 sec
traces of hecke eigenvalues of T_{p^2} are:
-48 
computing eigenvalues for k = 2, took 0.047167 sec
traces of hecke eigenvalues of T_{p^1} are:
127 500 812 1179 2138 3466 4303 5815 6882 7557 9753 12686 14547 16457 20985 19129 21773 26277 27305 31471 38021 
computing eigenvalues for k = 1, took 57.335533 sec
traces of hecke eigenvalues of T_{p^2} are:
138 
computing eigenvalues for k = 2, took 0.049435 sec
traces of hecke eigenvalues of T_{p^1} are:
-20 -75 194 -399 -183 -318 1046 210 -702 183 831 -438 253 749 1820 -869 1349 2067 821 7 3496 
computing eigenvalues for k = 1, took 16.394836 sec
traces of hecke eigenvalues of T_{p^2} are:
-122 
computing eigenvalues for k = 2, took 0.055181 sec
traces of hecke eigenvalues of T_{p^1} are:
-6 28 -48 232 278 266 410 -352 348 -578 252 -326 62 -324 84 250 -580 -1020 932 -562 -228 
computing eigenvalues for k = 1, took 16.367768 sec
traces of hecke eigenvalues of T_{p^2} are:
2 
computing eigenvalues for k = 2, took 0.053531 sec
traces of hecke eigenvalues of T_{p^1} are:
277 1161 1472 2732 4748 6969 8060 11143 14109 15663 18141 21673 28899 30759 35156 41811 44268 49877 57176 64197 75079 
computing eigenvalues for k = 1, took 57.105978 sec
traces of hecke eigenvalues of T_{p^2} are:
414 
computing eigenvalues for k = 2, took 0.047408 sec
traces of hecke eigenvalues of T_{p^1} are:
18 166 182 290 558 732 752 1188 1484 1516 2608 2868 3272 4596 3862 5212 4980 5654 7728 7564 8778 
computing eigenvalues for k = 1, took 57.407677 sec
traces of hecke eigenvalues of T_{p^2} are:
-48 
computing eigenvalues for k = 2, took 0.046374 sec
traces of hecke eigenvalues of T_{p^1} are:
18 78 193 213 735 621 1048 1156 1962 1696 2088 3297 3735 3424 3595 4866 5755 6286 7206 7842 10264 
computing eigenvalues for k = 1, took 57.566936 sec
traces of hecke eigenvalues of T_{p^2} are:
-48 
computing eigenvalues for k = 2, took 0.046649 sec
For conductor 2:
traces of hecke eigenvalues of T_{p^1} are:
36 60 -88 -108 6 96 -208 -100 -942 290 -294 168 96 -550 -388 1806 50 692 3936 2502 2360 
computing eigenvalues for k = 1, took 486.682158 sec
traces of hecke eigenvalues of T_{p^2} are:
66 
computing eigenvalues for k = 2, took 0.161814 sec
traces of hecke eigenvalues of T_{p^1} are:
-6 28 -48 232 278 266 410 -352 348 -578 252 -326 62 -324 84 250 -580 -1020 932 -562 -228 
computing eigenvalues for k = 1, took 485.569900 sec
traces of hecke eigenvalues of T_{p^2} are:
2 
computing eigenvalues for k = 2, took 0.161240 sec
For conductor 3:
traces of hecke eigenvalues of T_{p^1} are:
-18 -102 31 93 69 363 -284 472 -318 76 240 -657 399 -212 427 -1146 -1013 -1814 -702 -714 -1256 
computing eigenvalues for k = 1, took 294.110605 sec
traces of hecke eigenvalues of T_{p^2} are:
24 
computing eigenvalues for k = 2, took 0.157515 sec
traces of hecke eigenvalues of T_{p^1} are:
-3 -3 -86 -9 0 276 -284 472 -564 -311 99 138 -486 337 -176 -294 -1013 -392 792 1422 490 
computing eigenvalues for k = 1, took 292.642536 sec
traces of hecke eigenvalues of T_{p^2} are:
-30 
computing eigenvalues for k = 2, took 0.153786 sec
traces of hecke eigenvalues of T_{p^1} are:
-22 4 38 -36 -96 -28 124 -344 60 324 -104 8 -198 230 20 224 -180 -412 -874 -112 124 
computing eigenvalues for k = 1, took 291.037069 sec
traces of hecke eigenvalues of T_{p^2} are:
32 
computing eigenvalues for k = 2, took 0.154078 sec
traces of hecke eigenvalues of T_{p^1} are:
-4 -8 -19 -39 -117 -139 208 208 -72 -588 -530 -109 711 -760 -409 -1378 729 -418 260 -604 -206 
computing eigenvalues for k = 1, took 291.416533 sec
traces of hecke eigenvalues of T_{p^2} are:
-46 
computing eigenvalues for k = 2, took 0.157026 sec
traces of hecke eigenvalues of T_{p^1} are:
-12 -54 -222 258 -456 -492 -516 384 384 786 -1950 48 -642 2460 -312 -624 1002 1596 -990 -672 -3528 
computing eigenvalues for k = 1, took 290.765628 sec
traces of hecke eigenvalues of T_{p^2} are:
72 
computing eigenvalues for k = 2, took 0.156134 sec
For conductor 6:
traces of hecke eigenvalues of T_{p^1} are:
30 90 202 210 654 960 796 1192 2100 1516 2472 2112 3288 3964 4270 5376 5044 5458 6588 8052 8266 
computing eigenvalues for k = 1, took 187.680000 sec
traces of hecke eigenvalues of T_{p^2} are:
24 
computing eigenvalues for k = 2, took 0.175085 sec
traces of hecke eigenvalues of T_{p^1} are:
48 60 148 312 372 756 1048 1372 1728 2056 2424 3516 3048 3532 4432 5148 6412 6376 7200 8400 9436 
computing eigenvalues for k = 1, took 187.669561 sec
traces of hecke eigenvalues of T_{p^2} are:
132 
computing eigenvalues for k = 2, took 0.174292 sec
traces of hecke eigenvalues of T_{p^1} are:
20 140 132 420 404 840 1296 1132 1520 1776 1932 2312 4168 3724 3800 4896 5124 5368 5788 9552 8636 
computing eigenvalues for k = 1, took 188.017284 sec
traces of hecke eigenvalues of T_{p^2} are:
-36 
computing eigenvalues for k = 2, took 0.178978 sec
traces of hecke eigenvalues of T_{p^1} are:
33 -39 -86 -45 -180 60 -68 40 -240 121 27 1290 -846 -311 -392 462 499 688 1224 1458 706 
computing eigenvalues for k = 1, took 187.956622 sec
traces of hecke eigenvalues of T_{p^2} are:
78 
computing eigenvalues for k = 2, took 0.175442 sec
traces of hecke eigenvalues of T_{p^1} are:
-3 -3 -86 -9 0 276 -284 472 -564 -311 99 138 -486 337 -176 -294 -1013 -392 792 1422 490 
computing eigenvalues for k = 1, took 210.247296 sec
traces of hecke eigenvalues of T_{p^2} are:
-30 
computing eigenvalues for k = 2, took 0.146738 sec
traces of hecke eigenvalues of T_{p^1} are:
78 324 422 708 1074 1488 1646 2654 3444 3536 3702 5808 6576 8144 8972 9744 11420 12842 13392 15096 19052 
computing eigenvalues for k = 1, took 190.649875 sec
traces of hecke eigenvalues of T_{p^2} are:
156 
computing eigenvalues for k = 2, took 0.172546 sec
traces of hecke eigenvalues of T_{p^1} are:
36 -34 39 245 -30 710 -345 -134 1049 -991 1019 1070 952 -345 -906 -2225 1737 -4095 2998 3531 1734 
computing eigenvalues for k = 1, took 190.843381 sec
traces of hecke eigenvalues of T_{p^2} are:
-18 
computing eigenvalues for k = 2, took 0.173505 sec
For conductor 7:
traces of hecke eigenvalues of T_{p^1} are:
-13 -43 36 51 -96 -88 -316 116 -140 169 -9 -54 240 243 -120 870 647 -848 1146 506 26 
computing eigenvalues for k = 1, took 476.771787 sec
traces of hecke eigenvalues of T_{p^2} are:
0 
computing eigenvalues for k = 2, took 0.153522 sec
traces of hecke eigenvalues of T_{p^1} are:
4 -62 -72 -30 120 220 -86 -482 344 -208 -474 -756 252 528 -642 -864 -404 -208 1116 64 -26 
computing eigenvalues for k = 1, took 475.238402 sec
traces of hecke eigenvalues of T_{p^2} are:
-24 
computing eigenvalues for k = 2, took 0.150548 sec
For conductor 14:
traces of hecke eigenvalues of T_{p^1} are:
17 25 -94 -53 76 428 -196 472 216 169 -405 474 -1126 -31 -1032 190 -93 1184 2032 1098 -414 
computing eigenvalues for k = 1, took 150.516809 sec
traces of hecke eigenvalues of T_{p^2} are:
30 
computing eigenvalues for k = 2, took 0.148522 sec
traces of hecke eigenvalues of T_{p^1} are:
-13 -43 36 51 -96 -88 -316 116 -140 169 -9 -54 240 243 -120 870 647 -848 1146 506 26 
computing eigenvalues for k = 1, took 203.004300 sec
traces of hecke eigenvalues of T_{p^2} are:
0 
computing eigenvalues for k = 2, took 0.138694 sec
traces of hecke eigenvalues of T_{p^1} are:
32 124 140 304 628 1124 920 1804 2184 2104 1992 2700 2768 3812 3792 4876 5820 6872 8008 8040 8316 
computing eigenvalues for k = 1, took 152.381413 sec
traces of hecke eigenvalues of T_{p^2} are:
36 
computing eigenvalues for k = 2, took 0.147415 sec
traces of hecke eigenvalues of T_{p^1} are:
171 708 964 1547 3110 4658 5129 6963 8648 8769 11345 15332 17067 19781 22447 25473 26003 31615 33695 39087 44941 
computing eigenvalues for k = 1, took 148.987274 sec
traces of hecke eigenvalues of T_{p^2} are:
246 
computing eigenvalues for k = 2, took 0.149417 sec
traces of hecke eigenvalues of T_{p^1} are:
70 346 484 848 1444 2338 2822 4046 4404 5396 6396 8650 10584 10160 14070 14398 16248 18180 20138 22188 29082 
computing eigenvalues for k = 1, took 149.455164 sec
traces of hecke eigenvalues of T_{p^2} are:
-48 
computing eigenvalues for k = 2, took 0.149197 sec
traces of hecke eigenvalues of T_{p^1} are:
-30 -229 197 -346 -150 -637 -248 496 -1452 1717 -1617 527 -1550 1203 1553 -49 1716 1277 1243 1033 3222 
computing eigenvalues for k = 1, took 150.814586 sec
traces of hecke eigenvalues of T_{p^2} are:
-180 
computing eigenvalues for k = 2, took 0.148995 sec
For conductor 21:
traces of hecke eigenvalues of T_{p^1} are:
-4 -4 3 135 27 251 -172 -172 -248 412 324 99 651 12 1239 -1104 -1153 -50 -30 -868 -2236 
computing eigenvalues for k = 1, took 160.106143 sec
traces of hecke eigenvalues of T_{p^2} are:
24 
computing eigenvalues for k = 2, took 0.156614 sec
traces of hecke eigenvalues of T_{p^1} are:
26 194 120 390 510 860 944 1160 1474 1960 2580 3120 3660 4404 5460 4434 4760 7060 7440 8210 8240 
computing eigenvalues for k = 1, took 158.120052 sec
traces of hecke eigenvalues of T_{p^2} are:
0 
computing eigenvalues for k = 2, took 0.155923 sec
traces of hecke eigenvalues of T_{p^1} are:
11 95 -114 33 -42 164 -172 -172 -494 25 183 894 -234 561 636 -252 -1153 1372 1464 1268 -490 
computing eigenvalues for k = 1, took 159.425004 sec
traces of hecke eigenvalues of T_{p^2} are:
12 
computing eigenvalues for k = 2, took 0.157440 sec
traces of hecke eigenvalues of T_{p^1} are:
90 434 504 888 1620 2686 3142 4266 5268 5624 6816 8810 11624 10896 12762 16282 15344 19108 20138 23804 26318 
computing eigenvalues for k = 1, took 162.738024 sec
traces of hecke eigenvalues of T_{p^2} are:
72 
computing eigenvalues for k = 2, took 0.159645 sec
traces of hecke eigenvalues of T_{p^1} are:
17 57 -297 178 180 202 -171 -38 597 494 1350 812 1762 -1500 -1516 2753 914 -249 1846 -2981 382 
computing eigenvalues for k = 1, took 161.237212 sec
traces of hecke eigenvalues of T_{p^2} are:
-82 
computing eigenvalues for k = 2, took 0.156509 sec
traces of hecke eigenvalues of T_{p^1} are:
-69 -51 121 -156 301 -255 1034 118 -606 1145 -259 -1363 -531 1713 319 2686 -3394 3612 -1330 -138 -1744 
computing eigenvalues for k = 1, took 144.140101 sec
traces of hecke eigenvalues of T_{p^2} are:
-134 
computing eigenvalues for k = 2, took 0.178836 sec
traces of hecke eigenvalues of T_{p^1} are:
174 750 1094 1668 3516 5106 5774 8274 9786 11980 12816 16950 19572 21336 27648 30492 31628 36958 41070 45354 58056 
computing eigenvalues for k = 1, took 145.128329 sec
traces of hecke eigenvalues of T_{p^2} are:
108 
computing eigenvalues for k = 2, took 0.169527 sec
For conductor 42:
traces of hecke eigenvalues of T_{p^1} are:
11 95 -114 33 -42 164 -172 -172 -494 25 183 894 -234 561 636 -252 -1153 1372 1464 1268 -490 
computing eigenvalues for k = 1, took 285.844031 sec
traces of hecke eigenvalues of T_{p^2} are:
12 
computing eigenvalues for k = 2, took 0.151498 sec
traces of hecke eigenvalues of T_{p^1} are:
-12 -32 -45 -11 -47 -97 100 56 -128 -192 30 -639 55 -260 -365 42 -99 -298 12 1480 -662 
computing eigenvalues for k = 1, took 289.233586 sec
traces of hecke eigenvalues of T_{p^2} are:
6 
computing eigenvalues for k = 2, took 0.152857 sec
traces of hecke eigenvalues of T_{p^1} are:
-69 -51 121 -156 301 -255 1034 118 -606 1145 -259 -1363 -531 1713 319 2686 -3394 3612 -1330 -138 -1744 
computing eigenvalues for k = 1, took 207.688455 sec
traces of hecke eigenvalues of T_{p^2} are:
-134 
computing eigenvalues for k = 2, took 0.174580 sec
For conductor 19:
traces of hecke eigenvalues of T_{p^1} are:
-12 34 -32 -34 -70 136 -76 68 -228 -416 288 436 142 -206 -650 -324 276 -390 -294 480 -1982 
computing eigenvalues for k = 1, took 836.240409 sec
traces of hecke eigenvalues of T_{p^2} are:
12 
computing eigenvalues for k = 2, took 0.137329 sec
traces of hecke eigenvalues of T_{p^1} are:
-12 -4 -128 124 82 68 -250 -106 -144 652 -1086 248 -166 -218 -164 -432 864 726 -1794 312 -140 
computing eigenvalues for k = 1, took 840.283284 sec
traces of hecke eigenvalues of T_{p^2} are:
24 
computing eigenvalues for k = 2, took 0.137861 sec
For conductor 38:
traces of hecke eigenvalues of T_{p^1} are:
-10 -209 128 43 -621 -90 -318 1296 972 -41 -553 266 -1599 2577 1802 -5379 3957 1333 823 1757 4486 
computing eigenvalues for k = 1, took 149.176315 sec
traces of hecke eigenvalues of T_{p^2} are:
-68 
computing eigenvalues for k = 2, took 0.149651 sec
traces of hecke eigenvalues of T_{p^1} are:
40 208 304 536 992 1384 1872 2392 3712 3984 4640 5240 6592 8184 8024 9480 11544 13448 12336 15040 18560 
computing eigenvalues for k = 1, took 149.526524 sec
traces of hecke eigenvalues of T_{p^2} are:
-72 
computing eigenvalues for k = 2, took 0.148720 sec
traces of hecke eigenvalues of T_{p^1} are:
-34 38 -10 96 -40 -542 -456 -396 -1106 720 740 -1210 2574 -184 550 1238 2386 -2152 948 366 420 
computing eigenvalues for k = 1, took 150.091936 sec
traces of hecke eigenvalues of T_{p^2} are:
24 
computing eigenvalues for k = 2, took 0.146877 sec
traces of hecke eigenvalues of T_{p^1} are:
71 263 380 621 1100 1720 1746 2550 3322 3357 4637 5864 7176 7013 8200 10928 10483 12128 15132 17796 20784 
computing eigenvalues for k = 1, took 149.874749 sec
traces of hecke eigenvalues of T_{p^2} are:
114 
computing eigenvalues for k = 2, took 0.146816 sec
traces of hecke eigenvalues of T_{p^1} are:
171 632 962 1799 2814 4616 5139 7375 8692 9389 11257 13886 17687 18881 22885 25045 27097 29807 34197 39021 49989 
computing eigenvalues for k = 1, took 149.823882 sec
traces of hecke eigenvalues of T_{p^2} are:
246 
computing eigenvalues for k = 2, took 0.148313 sec
For conductor 57:
traces of hecke eigenvalues of T_{p^1} are:
-27 9 28 -79 -206 248 762 202 408 -241 -69 -754 580 -525 736 12 -1731 1124 388 -1548 -1498 
computing eigenvalues for k = 1, took 148.405577 sec
traces of hecke eigenvalues of T_{p^2} are:
-34 
computing eigenvalues for k = 2, took 0.154294 sec
traces of hecke eigenvalues of T_{p^1} are:
11 119 220 405 620 1000 1254 1110 1714 1965 1985 2360 4080 4369 5240 6104 4895 7300 6480 8820 8460 
computing eigenvalues for k = 1, took 147.373140 sec
traces of hecke eigenvalues of T_{p^2} are:
-90 
computing eigenvalues for k = 2, took 0.156570 sec
traces of hecke eigenvalues of T_{p^1} are:
100 396 496 936 1616 2556 2640 3936 5316 5860 7476 8964 10880 11436 13388 15088 15228 18296 21432 23940 27128 
computing eigenvalues for k = 1, took 147.154117 sec
traces of hecke eigenvalues of T_{p^2} are:
132 
computing eigenvalues for k = 2, took 0.154499 sec
traces of hecke eigenvalues of T_{p^1} are:
114 510 820 1116 2040 3090 4122 5674 6768 7236 8364 11070 13872 14768 18282 19542 21600 25628 26862 30552 37718 
computing eigenvalues for k = 1, took 147.156314 sec
traces of hecke eigenvalues of T_{p^2} are:
60 
computing eigenvalues for k = 2, took 0.154271 sec
traces of hecke eigenvalues of T_{p^1} are:
82 294 310 600 1348 1790 2102 2594 3394 3980 5304 5238 7668 7500 9068 9540 10632 11722 14782 16078 20352 
computing eigenvalues for k = 1, took 146.921764 sec
traces of hecke eigenvalues of T_{p^2} are:
180 
computing eigenvalues for k = 2, took 0.152884 sec
traces of hecke eigenvalues of T_{p^1} are:
22 30 -158 192 244 -298 -130 -70 442 884 -336 150 -120 912 -580 -684 120 346 -158 -1010 -600 
computing eigenvalues for k = 1, took 146.482701 sec
traces of hecke eigenvalues of T_{p^2} are:
48 
computing eigenvalues for k = 2, took 0.154303 sec
traces of hecke eigenvalues of T_{p^1} are:
4 110 -77 213 254 108 -107 -410 -43 -329 1877 -30 1292 893 -888 95 539 213 1104 -389 -1452 
computing eigenvalues for k = 1, took 150.423607 sec
traces of hecke eigenvalues of T_{p^2} are:
-40 
computing eigenvalues for k = 2, took 0.177362 sec
For conductor 114:
traces of hecke eigenvalues of T_{p^1} are:
-38 -14 -47 93 -23 -43 -408 324 -646 -96 616 -551 753 520 293 -578 155 -1814 -702 354 -480 
computing eigenvalues for k = 1, took 292.973160 sec
traces of hecke eigenvalues of T_{p^2} are:
96 
computing eigenvalues for k = 2, took 0.151282 sec
traces of hecke eigenvalues of T_{p^1} are:
-29 -15 -89 -158 89 193 122 -626 -20 61 -79 -759 -325 -57 265 -198 302 810 -172 -1438 1424 
computing eigenvalues for k = 1, took 294.965961 sec
traces of hecke eigenvalues of T_{p^2} are:
8 
computing eigenvalues for k = 2, took 0.149817 sec
traces of hecke eigenvalues of T_{p^1} are:
-27 9 28 -79 -206 248 762 202 408 -241 -69 -754 580 -525 736 12 -1731 1124 388 -1548 -1498 
computing eigenvalues for k = 1, took 283.367875 sec
traces of hecke eigenvalues of T_{p^2} are:
-34 
computing eigenvalues for k = 2, took 0.151231 sec
For conductor 133:
traces of hecke eigenvalues of T_{p^1} are:
36 64 190 320 740 940 1244 1220 1914 2380 2040 3040 3040 3484 5050 4494 4560 6330 7200 8610 8530 
computing eigenvalues for k = 1, took 146.924514 sec
traces of hecke eigenvalues of T_{p^2} are:
60 
computing eigenvalues for k = 2, took 0.146640 sec
traces of hecke eigenvalues of T_{p^1} are:
110 532 744 1158 2240 3470 4076 5508 5900 7120 8174 10450 13480 14920 18332 19398 21708 26820 27982 29756 37888 
computing eigenvalues for k = 1, took 196.719321 sec
traces of hecke eigenvalues of T_{p^2} are:
36 
computing eigenvalues for k = 2, took 0.150012 sec
traces of hecke eigenvalues of T_{p^1} are:
127 576 690 1151 2394 3424 3949 6107 7682 8785 8993 10840 15599 15605 18639 21341 22311 25933 26939 29301 37605 
computing eigenvalues for k = 1, took 196.935976 sec
traces of hecke eigenvalues of T_{p^2} are:
138 
computing eigenvalues for k = 2, took 0.151601 sec
traces of hecke eigenvalues of T_{p^1} are:
144 602 838 1372 2830 3998 4568 6948 8856 8572 11202 14054 17432 18720 21622 26934 25460 29794 35022 37488 45898 
computing eigenvalues for k = 1, took 197.035380 sec
traces of hecke eigenvalues of T_{p^2} are:
84 
computing eigenvalues for k = 2, took 0.151683 sec
traces of hecke eigenvalues of T_{p^1} are:
151 989 1070 1872 3232 5453 6096 9155 9405 11423 13615 18225 20985 21873 28390 30829 32616 38583 45500 49109 58839 
computing eigenvalues for k = 1, took 200.247971 sec
traces of hecke eigenvalues of T_{p^2} are:
-30 
computing eigenvalues for k = 2, took 0.153599 sec
traces of hecke eigenvalues of T_{p^1} are:
-26 -127 161 -274 370 -505 516 478 -716 2179 647 -261 -1240 505 1297 -767 1590 3399 1307 -4599 -2764 
computing eigenvalues for k = 1, took 149.142416 sec
traces of hecke eigenvalues of T_{p^2} are:
-32 
computing eigenvalues for k = 2, took 0.148667 sec
traces of hecke eigenvalues of T_{p^1} are:
3 113 -212 127 416 254 216 -514 32 791 -95 -266 -546 -1071 -1936 1560 -681 660 344 468 -3168 
computing eigenvalues for k = 1, took 149.422719 sec
traces of hecke eigenvalues of T_{p^2} are:
-106 
computing eigenvalues for k = 2, took 0.142463 sec
For conductor 266:
traces of hecke eigenvalues of T_{p^1} are:
3 113 -212 127 416 254 216 -514 32 791 -95 -266 -546 -1071 -1936 1560 -681 660 344 468 -3168 
computing eigenvalues for k = 1, took 487.953476 sec
traces of hecke eigenvalues of T_{p^2} are:
-106 
computing eigenvalues for k = 2, took 0.154957 sec
For conductor 399:
traces of hecke eigenvalues of T_{p^1} are:
-13 -109 45 -6 -251 -35 -42 326 -458 -187 311 571 -23 429 -2291 190 -1588 2026 -1188 -988 582 
computing eigenvalues for k = 1, took 467.956645 sec
traces of hecke eigenvalues of T_{p^2} are:
-16 
computing eigenvalues for k = 2, took 0.135280 sec
traces of hecke eigenvalues of T_{p^1} are:
-32 -16 -135 -75 -235 125 60 -704 -72 -60 -202 -1417 965 900 89 -1294 221 -1626 -16 -588 1462 
computing eigenvalues for k = 1, took 467.018231 sec
traces of hecke eigenvalues of T_{p^2} are:
-26 
computing eigenvalues for k = 2, took 0.134874 sec
For conductor 798:
traces of hecke eigenvalues of T_{p^1} are:
30 60 -259 265 86 690 -1241 934 1539 361 -119 2096 -668 -1349 -758 23 -1449 -2877 214 3415 2282 
computing eigenvalues for k = 1, took 145.713887 sec
traces of hecke eigenvalues of T_{p^2} are:
-154 
computing eigenvalues for k = 2, took 0.154125 sec
traces of hecke eigenvalues of T_{p^1} are:
-24 84 -75 135 -65 -155 -296 -320 -576 240 700 205 1005 744 1105 -536 15 -50 -30 200 -1460 
computing eigenvalues for k = 1, took 145.711264 sec
traces of hecke eigenvalues of T_{p^2} are:
40 
computing eigenvalues for k = 2, took 0.153962 sec
traces of hecke eigenvalues of T_{p^1} are:
110 576 732 1114 2100 3626 3688 5492 6280 7540 7978 10634 13432 14504 17316 19798 20268 23980 26230 31320 36144 
computing eigenvalues for k = 1, took 145.938625 sec
traces of hecke eigenvalues of T_{p^2} are:
36 
computing eigenvalues for k = 2, took 0.152520 sec
