constructing eigenvector for poly
x-15
constructing eigenvector for poly
x+1
constructing eigenvector for poly
x^26-151*x^25+10818*x^24-489229*x^23+15675255*x^22-378607930*x^21+7161101093*x^20-108774595078*x^19+1350129950881*x^18-13861615213562*x^17+118721278786369*x^16-853081397130016*x^15+5160496729352617*x^14-26320033737157304*x^13+113153549437858083*x^12-409252043271819586*x^11+1240637425226160746*x^10-3134583072128286695*x^9+6548786680743046217*x^8-11192587621582347267*x^7+15424775985971431524*x^6-16807101150368030166*x^5+14086699924736450988*x^4-8722029784979669832*x^3+3740882950423291248*x^2-987978158278790400*x+120503681355562560
constructing eigenvector for poly
x^15+20*x^14+121*x^13+23*x^12-2123*x^11-5201*x^10+7730*x^9+35462*x^8-577*x^7-89729*x^6-29392*x^5+101844*x^4+33623*x^3-50516*x^2-9967*x+9043
constructing eigenvector for poly
x^2-10*x+25
constructing eigenvector for poly
x^2-25*x+91
constructing eigenvector for poly
x+5
constructing eigenvector for poly
x+7
computing eigenvectors took 0.696397 sec
For conductor 1, eigenvectors are:
-1 -1 -1 -1 -1 -1 -1 -1 -1 -1 -1 -1 -1 -1 -1 -1 -1 -1 -1 -1 -1 -1 -1 -1 -1 -1 -1 -1 -1 -1 -1 -1 -1 -1 -1 -1 -1 -1 -1 -1 -1 -1 -1 -1 -1 over Number field with defining polynomial x-15
0 24 0 0 -12 -6 6 0 6 -4 0 8 8 3 -9 -3 -6 3 3 -2 2 -2 4 -2 -4 0 4 -6 0 -4 -4 -2 2 -1 4 -2 -4 3 2 0 3 0 1 2 -2 over Number field with defining polynomial x+1
a vector of length 45 over Number field with defining polynomial a number field of degree 26
a vector of length 45 over Number field with defining polynomial a number field of degree 15
108 36 0 -6*a+12 9 -18 -18 27 -36 2*a-4 -4*a+8 4*a-2 -6*a+60 -27 -3*a+24 -9 6*a-30 9 -3*a+6 -a+14 -2*a+19 6 2*a-4 12 a-2 -9 0 -2*a+19 3*a-15 -12 -4*a+20 -3*a+6 a-2 -6 -3*a+21 12 2*a-4 3*a-18 a-8 -18 2*a-19 -a+5 4*a-44 -2*a+19 3 over Number field with defining polynomial x^2-25*x+91
For conductor 269, eigenvectors are:
-1 1 over Number field with defining polynomial x+5
-1 -1 over Number field with defining polynomial x+7
For conductor 1:
traces of hecke eigenvalues of T_{p^1} are:
15 40 156 400 1464 2380 5220 7240 12720 25260 30784 52060 70644 81400 106080 151740 208920 230764 305320 363024 394420 499360 578760 712980 922180 
computing eigenvalues for k = 1, took 14.105997 sec
traces of hecke eigenvalues of T_{p^2} are:
30 120 780 2800 
computing eigenvalues for k = 2, took 0.223745 sec
traces of hecke eigenvalues of T_{p^1} are:
-1 2 -1 8 21 30 22 20 59 -2 -118 127 -65 -137 355 35 -368 -353 293 -236 428 -400 1696 733 -39 
computing eigenvalues for k = 1, took 14.380012 sec
traces of hecke eigenvalues of T_{p^2} are:
1 6 -10 44 
computing eigenvalues for k = 2, took 0.273382 sec
traces of hecke eigenvalues of T_{p^1} are:
151 291 761 1363 3295 4696 7788 9160 14162 22006 24817 35768 43449 46641 57925 73988 91565 96714 115117 133327 139131 159059 184996 207364 248541 
computing eigenvalues for k = 1, took 14.333450 sec
traces of hecke eigenvalues of T_{p^2} are:
63 124 510 504 
computing eigenvalues for k = 2, took 0.229315 sec
traces of hecke eigenvalues of T_{p^1} are:
-20 -28 67 -145 114 14 428 -135 344 922 -720 -370 949 -1705 -461 1570 1214 935 -2876 2158 -1104 -95 -900 4458 -1099 
computing eigenvalues for k = 1, took 14.625518 sec
traces of hecke eigenvalues of T_{p^2} are:
-3 -52 -77 -212 
computing eigenvalues for k = 2, took 0.276530 sec
traces of hecke eigenvalues of T_{p^1} are:
10 25 55 112 212 294 692 736 948 1681 2134 2828 3758 3712 4641 6140 5893 6474 9360 10302 10248 12897 12198 18365 19658 
computing eigenvalues for k = 1, took 14.129339 sec
traces of hecke eigenvalues of T_{p^2} are:
0 20 18 96 
computing eigenvalues for k = 2, took 0.221867 sec
For conductor 269:
traces of hecke eigenvalues of T_{p^1} are:
-5 -10 -8 20 -60 -75 65 68 -50 -277 86 -140 -502 -200 320 595 -34 178 560 14 -760 -706 80 314 450 
computing eigenvalues for k = 1, took 703.979824 sec
traces of hecke eigenvalues of T_{p^2} are:
4 12 -25 20 
computing eigenvalues for k = 2, took 0.670975 sec
traces of hecke eigenvalues of T_{p^1} are:
-7 -4 -20 -4 4 49 -59 -188 136 -125 -168 148 182 360 -64 -341 -88 -362 -404 448 -676 -36 548 262 -1138 
computing eigenvalues for k = 1, took 703.617937 sec
traces of hecke eigenvalues of T_{p^2} are:
8 0 23 -56 
computing eigenvalues for k = 2, took 0.667655 sec
