constructing eigenvector for poly
x-44
constructing eigenvector for poly
x-39
constructing eigenvector for poly
x-156
constructing eigenvector for poly
x-24
constructing eigenvector for poly
x-23
constructing eigenvector for poly
x+14
constructing eigenvector for poly
x+5
constructing eigenvector for poly
x-19
constructing eigenvector for poly
x^2-54*x+544
constructing eigenvector for poly
x^2-5*x-158
constructing eigenvector for poly
x^3+24*x^2+53*x-146
constructing eigenvector for poly
x^3-13*x^2+46*x-32
constructing eigenvector for poly
x^2-54*x+712
constructing eigenvector for poly
x^2-54*x+409
constructing eigenvector for poly
x-28
constructing eigenvector for poly
x-28
constructing eigenvector for poly
x+12
constructing eigenvector for poly
x+12
constructing eigenvector for poly
x^2-72*x+1296
constructing eigenvector for poly
x^2-80*x+1600
constructing eigenvector for poly
x^2-440*x+48400
constructing eigenvector for poly
x^2-360*x+32400
constructing eigenvector for poly
x^2-800*x+160000
constructing eigenvector for poly
x^3-78*x^2+2028*x-17576
constructing eigenvector for poly
x^3-90*x^2+2700*x-27000
constructing eigenvector for poly
x^3-450*x^2+67500*x-3375000
constructing eigenvector for poly
x^3-1140*x^2+433200*x-54872000
constructing eigenvector for poly
x^3-960*x^2+307200*x-32768000
constructing eigenvector for poly
x-3
constructing eigenvector for poly
x-3
constructing eigenvector for poly
x-3
constructing eigenvector for poly
x^2-22*x+121
constructing eigenvector for poly
x^2-140*x+4900
constructing eigenvector for poly
x^2-220*x+12100
constructing eigenvector for poly
x^2-520*x+67600
constructing eigenvector for poly
x^2-720*x+129600
constructing eigenvector for poly
x^3-33*x^2+363*x-1331
constructing eigenvector for poly
x^3+90*x^2+2700*x+27000
constructing eigenvector for poly
x^3-270*x^2+24300*x-729000
constructing eigenvector for poly
x^3+480*x^2+76800*x+4096000
constructing eigenvector for poly
x^3-60*x^2+1200*x-8000
constructing eigenvector for poly
x+12
constructing eigenvector for poly
x+5
constructing eigenvector for poly
x+14
constructing eigenvector for poly
x+13
constructing eigenvector for poly
x-3
constructing eigenvector for poly
x^3+24*x^2+53*x-146
constructing eigenvector for poly
x^3-33*x^2+363*x-1331
constructing eigenvector for poly
x^3+90*x^2+2700*x+27000
constructing eigenvector for poly
x^3-270*x^2+24300*x-729000
constructing eigenvector for poly
x^3+480*x^2+76800*x+4096000
constructing eigenvector for poly
x^3-60*x^2+1200*x-8000
constructing eigenvector for poly
x+12
constructing eigenvector for poly
x+13
constructing eigenvector for poly
x-4
constructing eigenvector for poly
x-19
constructing eigenvector for poly
x-3
constructing eigenvector for poly
x-3
constructing eigenvector for poly
x-3
constructing eigenvector for poly
x^5+5*x^4-231*x^3-1085*x^2+8778*x+35676
constructing eigenvector for poly
x+5
constructing eigenvector for poly
x+1
constructing eigenvector for poly
x-4
constructing eigenvector for poly
x-36
constructing eigenvector for poly
x-11
constructing eigenvector for poly
x-24
constructing eigenvector for poly
x-30
constructing eigenvector for poly
x-19
constructing eigenvector for poly
x-3
constructing eigenvector for poly
x+22
constructing eigenvector for poly
x-44
constructing eigenvector for poly
x^2+x-4
constructing eigenvector for poly
x^2+3*x-126
constructing eigenvector for poly
x^2+22*x+101
constructing eigenvector for poly
x^2-46*x+432
constructing eigenvector for poly
x^2-24*x+144
constructing eigenvector for poly
x^2-128*x+4096
constructing eigenvector for poly
x^2-344*x+29584
constructing eigenvector for poly
x^2-648*x+104976
constructing eigenvector for poly
x^2-560*x+78400
constructing eigenvector for poly
x^3+39*x^2+507*x+2197
constructing eigenvector for poly
x^3+18*x^2+108*x+216
constructing eigenvector for poly
x^3-126*x^2+5292*x-74088
constructing eigenvector for poly
x^3+48*x^2+768*x+4096
constructing eigenvector for poly
x^3+300*x^2+30000*x+1000000
constructing eigenvector for poly
x+29
constructing eigenvector for poly
x^2-5*x+2
constructing eigenvector for poly
x^2+19*x+86
constructing eigenvector for poly
x+9
constructing eigenvector for poly
x+9
constructing eigenvector for poly
x-11
constructing eigenvector for poly
x-27
constructing eigenvector for poly
x-8
constructing eigenvector for poly
x+5
constructing eigenvector for poly
x-10
constructing eigenvector for poly
x+9
constructing eigenvector for poly
x^2-54*x+592
constructing eigenvector for poly
x^2-76*x+1312
constructing eigenvector for poly
x^2-27*x+76
constructing eigenvector for poly
x^2-5*x+2
constructing eigenvector for poly
x^2-71*x+1236
constructing eigenvector for poly
x^5+5*x^4-231*x^3-1085*x^2+8778*x+35676
constructing eigenvector for poly
x+1
constructing eigenvector for poly
x+1
constructing eigenvector for poly
x-30
constructing eigenvector for poly
x^2-60*x+900
constructing eigenvector for poly
x^2-116*x+3364
constructing eigenvector for poly
x^2-188*x+8836
constructing eigenvector for poly
x^2-480*x+57600
constructing eigenvector for poly
x^2-680*x+115600
constructing eigenvector for poly
x-23
constructing eigenvector for poly
x^2-46*x+529
constructing eigenvector for poly
x^2-60*x+900
constructing eigenvector for poly
x^2-468*x+54756
constructing eigenvector for poly
x^2-704*x+123904
constructing eigenvector for poly
x^2-568*x+80656
constructing eigenvector for poly
x-24
constructing eigenvector for poly
x-42
constructing eigenvector for poly
x+2
constructing eigenvector for poly
x-18
constructing eigenvector for poly
x+17
constructing eigenvector for poly
x+9
constructing eigenvector for poly
x+4
constructing eigenvector for poly
x+33
constructing eigenvector for poly
x-4
constructing eigenvector for poly
x-12
constructing eigenvector for poly
x^2-11*x-44
constructing eigenvector for poly
x^2-54*x+712
constructing eigenvector for poly
x^4+25*x^3+169*x^2+427*x+346
constructing eigenvector for poly
x^5-5*x^4-225*x^3+689*x^2+7276*x+10656
constructing eigenvector for poly
x^3-48*x^2+768*x-4096
constructing eigenvector for poly
x^3-72*x^2+1728*x-13824
constructing eigenvector for poly
x^3-432*x^2+62208*x-2985984
constructing eigenvector for poly
x^3-912*x^2+277248*x-28094464
constructing eigenvector for poly
x^3-1356*x^2+612912*x-92345408
constructing eigenvector for poly
x^3+15*x^2+75*x+125
constructing eigenvector for poly
x^3-30*x^2+300*x-1000
constructing eigenvector for poly
x^3+30*x^2+300*x+1000
constructing eigenvector for poly
x^3-156*x^2+8112*x-140608
constructing eigenvector for poly
x^3+72*x^2+1728*x+13824
constructing eigenvector for poly
x+1
constructing eigenvector for poly
x-4
constructing eigenvector for poly
x+4
constructing eigenvector for poly
x+5
constructing eigenvector for poly
x+5
computing eigenvectors took 101.377197 sec
For conductor 1, eigenvectors are:
6 -10 -6 -6 -2 -3 3 -7 -5 4 -4 6 2 -2 2 -6 -2 1 1 4 7 0 -1 4 -2 -3 6 2 -4 1 -6 1 1 -4 0 -1 2 0 -1 over Number field with defining polynomial x-44
-32 24 4 4 -4 24 3 -12 9 -14 14 -4 -26 -40 4 -10 4 -9 13 -8 -5 0 1 -8 -1 -20 -7 23 8 16 -15 -9 13 8 0 9 18 0 -13 over Number field with defining polynomial x-39
-1 -1 -1 -1 -1 -1 -1 -1 -1 -1 -1 -1 -1 -1 -1 -1 -1 -1 -1 -1 -1 -1 -1 -1 -1 -1 -1 -1 -1 -1 -1 -1 -1 -1 -1 -1 -1 -1 -1 over Number field with defining polynomial x-156
8 -16 4 4 -4 9 3 3 9 6 -6 -4 4 0 4 0 4 1 3 2 -5 0 1 2 4 -5 -2 -2 -2 1 0 1 3 -2 0 -1 -2 0 -3 over Number field with defining polynomial x-24
0 8 -4 -4 4 -4 1 0 3 -2 2 4 2 0 -4 2 4 1 3 0 1 0 3 0 1 0 -1 1 0 -4 -1 1 3 0 0 -1 -2 0 -3 over Number field with defining polynomial x-23
-40 0 -16 24 12 12 -12 12 -12 14 -6 4 -4 4 -4 -4 4 12 -12 2 4 -4 4 6 0 -4 0 0 -8 -4 0 -2 2 16 -9 5 0 1 -5 over Number field with defining polynomial x+14
-8 0 4 0 0 -3 3 -3 3 4 0 2 -2 2 -2 -2 2 0 0 1 -1 -2 -1 0 0 1 0 0 2 1 0 2 -2 -1 0 1 0 -1 -1 over Number field with defining polynomial x+5
8 0 12 12 4 -9 -6 -21 0 2 -2 -12 -4 14 -4 12 -6 -7 3 2 6 0 12 2 -11 -9 3 1 -2 3 7 -7 3 -2 0 7 -4 0 -3 over Number field with defining polynomial x-19
-10*a+256 -2*a-160 2*a-112 2*a-112 -6*a+48 -3*a-36 -3*a-12 3*a-108 -3*a+60 -2*a+104 2*a-104 -2*a+112 5*a-160 -a-16 6*a-48 a-16 7*a-160 -4*a+76 4 2*a-72 -a+20 0 -a+92 2*a-72 a 5*a-76 a-72 3*a-72 -2*a+72 -a-4 -5*a+144 -4*a+76 4 -2*a+72 0 4*a-76 -3*a+88 0 -4 over Number field with defining polynomial x^2-54*x+544
24 0 -12 36 -36 9 -3*a+3 9 3*a-21 6 18 12 -12 2*a+4 -12 -12 -2*a+20 -9 9 6 a-1 -12 -a+7 -18 a-4 -3 -a+4 a-4 -6 -3 -a+4 3 -3 -6 0 -3 0 12 3 over Number field with defining polynomial x^2-5*x-158
8*a-152 0 -4*a^2 - 92*a + 120 24*a+56 -4*a^2 - 72*a + 252 3*a^2 + 69*a - 90 -3*a^2 - 45*a + 18 -3*a^2 - 69*a + 90 3*a^2 + 45*a - 18 2*a^2 + 32*a - 50 2*a^2 + 36*a - 126 -2*a^2 - 34*a + 88 2*a^2 + 34*a - 88 -2*a^2 - 42*a - 16 -2*a^2 - 34*a + 88 -2*a^2 - 58*a + 32 2*a^2 + 18*a - 40 2*a^2 + 34*a + 40 2*a^2 + 22*a + 12 -a^2 - 17*a + 44 a^2 + 15*a - 6 2*a^2 + 34*a - 88 -a^2 - 15*a + 6 2*a^2 + 36*a - 126 -2*a^2 - 26*a + 64 a^2 + 23*a - 30 4*a+52 20*a+4 2*a^2 + 46*a - 60 -a^2 - 23*a + 30 2*a^2 + 50*a - 8 -2*a^2 - 32*a - 78 -2*a^2 - 24*a + 26 -a^2 - 27*a - 22 -a^2 - 12*a + 77 a-19 -12*a-28 -7*a+5 -a+19 over Number field with defining polynomial x^3+24*x^2+53*x-146
-8*a^2 + 88*a - 224 0 -8*a^2 + 56*a - 80 -8*a^2 + 56*a - 80 -4*a^2 + 44*a - 112 6*a^2 - 42*a + 60 -6*a^2 + 30*a - 12 6*a^2 - 66*a + 180 6*a^2 - 102*a + 348 -2*a^2 + 22*a - 56 2*a^2 - 22*a + 56 8*a^2 - 56*a + 80 -8*a^2 + 88*a - 240 4*a^2 - 20*a 4*a^2 - 44*a + 112 8*a^2 - 72*a + 160 -4*a^2 + 36*a - 80 2*a^2 - 22*a + 60 16*a-76 4*a^2 - 44*a + 120 -10*a^2 + 90*a - 204 0 2*a^2 - 42*a + 156 4*a^2 - 44*a + 120 -10*a^2 + 98*a - 240 2*a^2 - 6*a - 12 2*a^2 - 18*a + 40 6*a^2 - 70*a + 200 -4*a^2 + 44*a - 120 2*a^2 + 18*a - 132 2*a^2 - 10*a 2*a^2 - 22*a + 60 16*a-76 -4*a^2 + 44*a - 120 0 -2*a^2 + 22*a - 60 -8*a+40 0 -16*a+76 over Number field with defining polynomial x^3-13*x^2+46*x-32
66*a-2088 66*a-1944 54*a-1704 -18*a+552 -30*a+864 27*a-846 9*a-306 -27*a+846 -9*a+306 -18*a+612 -18*a+540 18*a-576 27*a-840 15*a-480 18*a-576 -9*a+288 3*a-72 24*a-774 -12*a+366 42*a-1260 -3*a+102 -18*a+576 3*a-102 -18*a+540 -15*a+456 9*a-282 -21*a+660 3*a-108 18*a-564 -9*a+282 -3*a+96 -24*a+738 12*a-330 6*a-156 -18*a+576 -18 9*a-276 -6*a+144 18 over Number field with defining polynomial x^2-54*x+712
24*a-712 24*a-2120 -16*a+240 8*a-472 -32*a+1184 -9*a+267 33*a-1155 9*a-267 -33*a+1155 4*a-236 4*a+468 -4*a-116 -10*a+414 18*a-534 -4*a-116 2*a+58 -26*a+1006 14*a-122 30*a-1418 4*a+116 -11*a+385 4*a+116 11*a-385 10*a-766 18*a-710 -3*a+89 -4*a+60 12*a-532 -6*a+178 3*a-89 -10*a+238 -14*a+474 -30*a+1066 20*a-828 4*a+116 176 -4*a+236 -18*a+534 -176 over Number field with defining polynomial x^2-54*x+409
5 5 -7 9 -3 -6 0 6 0 -1 -1 1 -3 1 1 5 1 2 -2 -1 0 -1 0 3 1 -2 1 -3 7 2 -3 -2 2 -5 -1 0 1 -1 0 over Number field with defining polynomial x-28
-6 10 -2 -2 2 -1 -7 -5 1 -4 4 2 2 -2 -2 -6 -2 -1 -1 4 -3 0 5 4 6 -1 -2 -6 -4 3 2 -1 -1 -4 0 1 2 0 1 over Number field with defining polynomial x-28
-72 0 -12 -12 12 9 27 -9 -27 30 -6 -12 12 24 -12 0 -12 -3 3 -6 -9 12 9 -6 0 3 -18 6 6 -3 -12 -15 15 -18 0 -9 6 12 9 over Number field with defining polynomial x+12
8 0 -4 -4 4 3 -3 -3 3 2 -2 4 4 0 -4 0 4 -1 -3 -2 -3 0 3 -2 0 -3 2 2 2 3 -4 -1 -3 2 0 1 -2 0 3 over Number field with defining polynomial x+12
-5 -5 1 1 3 3 -3 3 -3 1 1 1 4 -4 -1 4 -4 -2 2 3 1 -1 1 -1 0 -1 0 0 3 -1 0 2 -2 -1 -1 0 0 -1 0 over Number field with defining polynomial x-400
-18 6 -2 14 -22 -3 9 9 9 -16 -28 6 7 -5 -14 -1 -5 4 2 -2 5 14 5 -10 -3 5 -3 1 -6 9 1 8 -2 -6 -4 6 -1 0 0 over Number field with defining polynomial x-320
16 0 -8 -8 8 6 12 6 0 4 -4 8 -8 -4 -8 8 4 -6 -2 4 4 0 -8 4 2 -2 -10 2 -4 -2 6 -6 -2 -4 0 6 0 0 2 over Number field with defining polynomial x-3
-16 0 8 8 -8 -6 -12 -30 -24 -4 4 -8 -8 -12 8 24 28 14 -6 4 12 0 0 4 6 -6 -22 14 -4 18 2 14 -6 -4 0 -14 -8 0 6 over Number field with defining polynomial x-3
0 0 -4 8 4 3 0 -3 0 -2 -2 2 4 2 2 0 2 -1 1 -2 0 -2 0 1 -3 1 -3 -1 -1 -1 -1 1 -1 0 3 0 2 -2 0 over Number field with defining polynomial x-3
16 -16 0 32 32 -18 18 6 18 8 24 16 4 -4 16 -12 -4 -8 0 4 2 16 2 -4 -8 6 -8 0 -4 14 0 -8 0 4 -12 -8 -4 -4 0 over Number field with defining polynomial x-360
0 0 16 0 -16 -12 0 12 0 8 8 8 16 -8 -8 0 -8 4 -4 -8 0 -8 0 4 -4 -4 -4 4 -4 4 4 -4 4 0 4 0 0 0 0 over Number field with defining polynomial x-20
For conductor 2, eigenvectors are:
-1 2 0 1 0 1 -1 2 0 0 1 over Number field with defining polynomial x+12
2 2 -1 -2 0 -1 0 1 2 -1 -1 over Number field with defining polynomial x+5
4 -8 -2 2 0 4 -3 -1 4 1 1 over Number field with defining polynomial x+14
0 0 -1 1 1 -1 0 0 0 0 0 over Number field with defining polynomial x+13
2 2 0 1 -3 -2 -1 -1 0 0 1 over Number field with defining polynomial x-3
-10*a^2 - 186*a + 232 6*a^2 + 170*a + 492 -7*a^2 - 151*a - 364 -4*a^2 - 66*a - 118 0 3*a^2 + 85*a + 246 -3*a^2 - 60*a + 175 -4*a^2 - 89*a - 65 0 25*a+421 -23*a+53 over Number field with defining polynomial x^3+24*x^2+53*x-146
2 0 0 -1 1 0 -1 0 -1 0 0 over Number field with defining polynomial x-20
For conductor 3, eigenvectors are:
-2 0 1 1 0 -1 1 over Number field with defining polynomial x+12
1 1 1 1 0 0 -1 over Number field with defining polynomial x+13
2 0 1 -1 2 -1 1 over Number field with defining polynomial x-4
3 -5 -1 1 -2 -4 -1 over Number field with defining polynomial x-19
2 0 -1 2 0 1 2 over Number field with defining polynomial x-3
0 -2 1 0 0 1 0 over Number field with defining polynomial x-3
1 1 1 -1 -2 0 1 over Number field with defining polynomial x-3
For conductor 6, eigenvectors are:
-208*a^3 - 1152*a^2 + 28464*a + 96480 24*a^4 + 60*a^3 - 4776*a^2 - 6900*a + 34200 -36*a^4 - 156*a^3 + 6876*a^2 + 30876*a + 2952 -36*a^3 - 48*a^2 + 1212*a - 7416 12*a^4 - 36*a^3 - 1668*a^2 + 11700*a + 57672 -96*a^3 - 128*a^2 + 17376*a + 65664 -8*a^4 + 32*a^3 + 1240*a^2 - 11568*a - 49248 -80*a^3 - 544*a^2 + 13424*a + 53184 -8*a^4 + 16*a^3 + 1656*a^2 - 7616*a - 36768 92*a^3 + 720*a^2 - 10372*a - 36600 -164*a^3 - 816*a^2 + 26940*a + 107208 -20*a^4 - 60*a^3 + 3564*a^2 + 13980*a - 3384 -104*a^3 - 576*a^2 + 14232*a + 48240 -28*a^4 - 60*a^3 + 4980*a^2 + 5196*a - 51336 120*a^3 + 800*a^2 - 18504*a - 89712 12*a^4 + 72*a^3 - 2004*a^2 - 9376*a - 5136 -16*a^4 - 60*a^3 + 3360*a^2 + 15684*a + 13752 12*a^4 - 16*a^3 - 2340*a^2 + 6024*a + 54288 4*a^4 + 96*a^3 - 556*a^2 - 18968*a - 48144 -24*a^3 - 32*a^2 + 808*a - 4944 8*a^4 - 36*a^3 - 1464*a^2 + 9996*a + 40536 -4*a^4 - 8*a^3 + 892*a^2 + 3568*a - 11280 -68*a^3 - 368*a^2 + 16476*a + 69768 -4*a^3 + 272*a^2 + 92*a + 840 -72*a^3 - 416*a^2 + 9656*a + 42384 84*a^3 + 272*a^2 - 13516*a - 54024 -8*a^3 + 208*a^2 + 1976*a + 6240 -48*a^3 - 384*a^2 + 8848*a + 47328 12*a^3 + 176*a^2 + 3052*a + 16584 over Number field with defining polynomial x^5+5*x^4-231*x^3-1085*x^2+8778*x+35676
-4 0 -3 0 3 -2 0 -2 0 1 1 1 2 1 0 -1 0 1 -1 0 0 -1 1 1 0 1 0 0 -1 over Number field with defining polynomial x+5
0 3 -3 3 3 6 2 -2 -6 2 2 1 0 1 -2 0 1 -2 2 2 -1 0 -2 -2 -2 0 0 0 0 over Number field with defining polynomial x+1
8 0 0 12 -12 -4 -8 -4 0 8 -2 0 -4 -4 6 -2 4 -2 -2 8 0 -6 6 -4 -1 -3 -2 7 -7 over Number field with defining polynomial x-4
-4 1 -1 -3 -1 1 1 3 -1 0 0 1 -2 -1 0 -1 1 1 -1 4 -1 -1 0 0 2 0 -1 -2 0 over Number field with defining polynomial x-36
8 3 -3 -9 -3 -2 -2 -6 2 0 0 3 4 -3 0 2 3 -2 2 2 -3 2 0 0 1 0 2 -1 0 over Number field with defining polynomial x-11
-2 0 0 -3 3 1 -3 1 5 3 -2 0 1 1 -4 3 -1 -2 -2 -2 0 -1 1 -4 -1 -3 -2 -3 -2 over Number field with defining polynomial x-24
-4 1 5 3 5 4 0 -4 8 -5 -1 1 -2 -1 -2 0 1 0 4 2 5 -4 3 -9 2 5 4 0 -1 over Number field with defining polynomial x-30
4 0 0 6 -6 -12 -4 8 0 4 4 0 -2 -2 -7 -6 2 4 4 -1 0 2 -2 -2 -3 1 4 -4 -1 over Number field with defining polynomial x-19
4 0 6 -6 0 0 4 -4 0 2 2 -2 -2 0 -1 0 -2 2 -2 1 0 0 0 0 -1 1 0 0 -1 over Number field with defining polynomial x-3
12 15 3 -3 15 0 -8 8 0 1 1 -1 -6 5 2 0 -1 -4 4 -2 -5 0 5 5 2 3 0 0 -3 over Number field with defining polynomial x+22
4 0 0 6 -6 3 1 -7 -5 -1 -1 0 -2 -2 -2 -1 2 -1 -1 -6 0 -3 3 3 2 1 -1 -4 -1 over Number field with defining polynomial x-44
-24*a+32 -21*a+36 21*a-36 15*a-12 21*a-36 -50*a+72 14*a-24 -22*a+24 -14*a+24 -16*a+32 32*a-48 -5*a+4 -12*a+16 5*a-4 8*a-16 34*a-56 11*a-28 -2*a-8 34*a-56 10*a-8 5*a-4 2*a+8 16*a-16 0 a+4 -16*a+24 -14*a+24 -9*a+12 8 over Number field with defining polynomial x^2+x-4
16*a-168 -21*a+252 -21*a+252 3*a -3*a 6*a-84 -2*a-84 6*a-84 14*a-84 2*a-42 10*a-42 7*a-84 -8*a+84 -a -2*a 10*a-84 a -4*a -4*a 2*a 7*a-84 2*a-84 -2*a-42 6*a-42 -2*a 8*a-42 -4*a 0 42 over Number field with defining polynomial x^2+3*x-126
80 15*a+135 3*a+63 -3*a-3 3*a+63 -2*a-42 14*a+174 2*a+42 10*a+90 2*a+62 2*a-18 7*a+67 40 -7*a-67 2*a+2 -8*a-68 -a-1 -8*a-68 4*a+64 -2*a-2 11*a+131 -4*a-64 -2*a-22 6*a+66 -2*a-2 -4*a-24 -2*a-42 0 20 over Number field with defining polynomial x^2+22*x+101
-2*a+140 8*a-224 4*a-136 3*a-66 -11*a+242 5*a-62 -7*a+202 -3*a+114 a+26 3*a-66 48 8*a-224 -a+70 7*a-154 96 7*a-202 -7*a+154 8*a-176 4*a-88 2*a-44 4*a-136 -5*a+62 -3*a+162 6*a-180 a-70 -3*a+66 4*a-88 -a-26 48 over Number field with defining polynomial x^2-46*x+432
0 -1 1 1 1 1 -1 -1 1 0 0 1 0 -1 0 -1 -1 1 1 0 -1 1 0 0 0 0 -1 0 0 over Number field with defining polynomial x-280
0 6 0 6 0 0 4 0 4 -2 -2 0 0 0 -2 2 2 2 -2 2 -2 2 2 2 -2 0 0 0 0 over Number field with defining polynomial x+100
For conductor 11, eigenvectors are:
1 1 1 -1 0 0 -1 over Number field with defining polynomial x+29
a-4 a-2 -a+3 -1 2 1 1 over Number field with defining polynomial x^2-5*x+2
-a-12 a+10 -1 -1 0 -a-11 -1 over Number field with defining polynomial x^2+19*x+86
1 -1 0 -1 0 -1 1 over Number field with defining polynomial x+9
1 -1 0 1 2 -1 -1 over Number field with defining polynomial x+9
For conductor 22, eigenvectors are:
8 7 3 1 7 -2 -2 -6 10 4 4 -2 -7 4 -3 -2 3 0 -8 3 6 -8 8 -6 -2 -2 -4 -4 -2 over Number field with defining polynomial x-11
16 15 -3 -3 -3 -6 6 6 -6 -10 -6 -10 -1 8 7 -4 7 -10 2 11 4 2 -6 2 6 0 0 -4 -4 over Number field with defining polynomial x-27
-4 3 3 3 -3 -4 -4 -4 -4 -1 1 2 1 2 -1 0 1 0 0 -1 0 3 3 2 0 1 0 -2 -1 over Number field with defining polynomial x-8
4 -3 0 -3 6 -4 -2 8 -2 -1 1 2 0 2 -6 3 3 -3 3 -3 3 -1 -1 -2 -2 1 2 0 -1 over Number field with defining polynomial x+5
-16 12 0 12 12 4 -16 4 8 -8 2 -2 -12 -8 0 6 0 6 -6 0 6 -2 -8 8 5 5 4 3 -5 over Number field with defining polynomial x-10
0 0 3 0 3 -2 0 2 0 1 -1 1 1 0 1 -1 0 1 -1 0 -1 -1 -1 1 0 0 0 -1 0 over Number field with defining polynomial x+9
-10*a+484 -15*a+726 3*a+138 0 18*a-588 22*a-522 8*a+14 8*a-222 18*a-470 -7*a+32 2*a-26 16*a-444 a+46 5*a-242 6*a-196 2*a-26 0 -7*a+268 5*a-124 5*a-242 118 7*a-268 12*a-274 -2*a+144 9*a-294 5*a-124 -a+72 -7*a+150 118 over Number field with defining polynomial x^2-54*x+592
-66*a+3480 -6*a+900 -84*a+3612 -23*a+1096 -43*a+2384 35*a-1612 -89*a+4148 73*a-3460 -19*a+924 35*a-1184 -2*a+300 -36*a+1976 80*a-3868 -33*a+1740 47*a-2128 3*a-236 27*a-840 -16*a+688 -32*a+1376 -10*a+644 51*a-2300 -35*a+2040 72*a-3524 2*a+128 19*a-924 -37*a+1912 54*a-2536 -17*a+1052 428 over Number field with defining polynomial x^2-76*x+1312
8*a-128 -6*a+96 3*a+12 18*a-288 -9*a+204 -2*a+72 -4*a-16 2*a-72 12*a-272 -a-4 5*a-140 a-36 a+4 -4*a+64 -3*a+68 -7*a+172 6*a-96 -a-44 5*a-100 2*a-32 -3*a+28 a-76 -3*a+68 a-36 0 -4*a+104 2*a-72 -a+36 40 over Number field with defining polynomial x^2-27*x+76
0 0 -3*a+18 0 -3*a+18 2*a-4 0 6*a-28 0 -a+6 a-2 -a+2 -a+6 0 -a+6 a-2 0 -a+2 -3*a+14 0 -3*a+14 a-2 a-6 3*a-10 -2*a+6 -2 -2*a+8 -a+4 -2 over Number field with defining polynomial x^2-5*x+2
4 -2*a+63 3*a-93 -2*a+63 -5*a+153 4*a-120 -2*a+60 0 -2*a+60 -1 4*a-123 2 a-31 2 a-29 -3*a+92 -2*a+61 -a+32 -3*a+92 2*a-61 a-32 -1 -4*a+123 -4*a+122 -2*a+60 4*a-123 2*a-60 -2*a+62 -1 over Number field with defining polynomial x^2-71*x+1236
28*a^3 + 248*a^2 - 1956*a - 12672 -21*a^3 - 186*a^2 + 1467*a + 9504 3*a^4 + 9*a^3 - 447*a^2 - 4893*a - 15480 -6*a^4 - 63*a^3 + 600*a^2 + 8157*a + 20268 -3*a^4 - 27*a^3 + 423*a^2 + 5499*a + 11772 4*a^3 + 136*a^2 + 660*a - 3312 -2*a^4 - 36*a^3 + 262*a^2 + 5632*a + 17304 -16*a^3 - 152*a^2 - 256*a + 840 2*a^4 + 48*a^3 - 246*a^2 - 6036*a - 14832 -15*a^3 - 18*a^2 + 1185*a + 3492 -17*a^3 + 114*a^2 + 3407*a + 12108 -2*a^3 - 68*a^2 - 330*a + 1656 a^4 + 31*a^3 + 19*a^2 - 1779*a - 3528 14*a^3 + 124*a^2 - 978*a - 6336 -a^4 - 13*a^3 + 5*a^2 + 1173*a + 7236 3*a^4 + 30*a^3 - 461*a^2 - 5376*a - 10584 2*a^4 + 23*a^3 - 172*a^2 - 1485*a - 1260 3*a^4 + 40*a^3 - 317*a^2 - 4918*a - 12660 a^4 - 12*a^3 - 207*a^2 + 458*a + 5484 4*a^4 + 19*a^3 - 614*a^2 - 5205*a - 9504 -a^4 + 2*a^3 + 63*a^2 - 916*a - 3408 17*a^3 - 114*a^2 - 3407*a - 12108 -15*a^3 - 18*a^2 + 1185*a + 3492 -2*a^3 + 172*a^2 + 1318*a + 1464 120*a^2 + 824*a - 96 -a^3 + 66*a^2 + 1111*a + 4308 -6*a^3 - 8*a^2 + 202*a - 1236 -2*a^3 + 52*a^2 + 494*a + 1560 a^3 - 66*a^2 - 1111*a - 4308 over Number field with defining polynomial x^5+5*x^4-231*x^3-1085*x^2+8778*x+35676
4 -3 0 3 0 0 2 0 -2 1 -1 0 0 -2 0 1 1 1 -1 1 1 1 1 0 0 1 0 0 -1 over Number field with defining polynomial x+1
4 -3 -3 -3 3 -2 -2 -2 -2 -2 2 1 -1 -2 1 0 -1 0 0 1 0 0 0 1 0 -1 0 -1 1 over Number field with defining polynomial x+1
-612 -51 255 -561 -51 153 153 -187 -119 -306 -306 476 51 -306 -255 -493 255 -323 -357 255 187 -34 34 136 -170 -170 -17 306 -170 over Number field with defining polynomial x-30
0 153 -153 153 153 -51 51 -51 51 0 0 0 153 0 -153 51 -153 -51 -51 153 -51 0 0 0 0 0 51 0 0 over Number field with defining polynomial x-340
-8 -12 -6 0 6 -4 0 -4 8 -2 -6 -8 -2 4 2 -6 0 2 6 4 2 -2 6 8 -8 6 4 0 2 over Number field with defining polynomial x-23
0 1 -1 1 1 2 -2 2 -2 0 0 0 1 0 -1 -2 -1 2 2 1 2 0 0 0 0 0 -2 0 0 over Number field with defining polynomial x-284
For conductor 33, eigenvectors are:
-4 0 0 0 0 2 -2 -1 -1 1 1 -1 -1 0 0 0 1 0 1 1 0 1 3 -3 -2 1 -1 -2 -1 over Number field with defining polynomial x-24
-4 1 -1 5 -5 2 6 0 4 -4 0 3 -1 1 -4 -5 -4 5 2 2 1 0 3 1 2 -3 -2 -2 -1 over Number field with defining polynomial x-42
-4 -3 3 -3 3 2 -2 0 -4 4 0 3 3 1 0 -1 0 1 2 2 1 4 -1 1 2 1 -2 2 -1 over Number field with defining polynomial x+2
-20 -3 -21 9 15 -6 14 0 4 -4 0 -1 -5 5 -4 -1 4 -7 -6 -6 13 8 -1 5 -6 1 -2 6 -5 over Number field with defining polynomial x-18
0 3 3 3 3 0 0 -2 -2 -2 -2 0 0 1 0 -1 0 -1 2 -2 -1 0 0 0 0 0 0 0 0 over Number field with defining polynomial x+17
-8 15 -15 15 -15 4 -4 -14 6 -6 14 6 6 -5 0 5 14 -5 4 4 -5 -6 -2 2 4 2 -4 4 -2 over Number field with defining polynomial x+9
-12 0 0 0 0 6 -6 4 4 -4 -4 4 4 0 0 0 -4 0 -4 -4 0 -4 2 -2 1 3 4 1 -3 over Number field with defining polynomial x+4
4 6 -3 0 3 -2 2 2 0 2 0 -1 3 -1 0 -1 -1 0 -1 1 -2 1 3 1 0 1 0 0 -1 over Number field with defining polynomial x+33
4 0 0 0 0 -2 2 -4 4 4 -4 4 0 0 0 0 0 0 0 0 0 0 -2 -2 -1 1 0 -1 -1 over Number field with defining polynomial x-4
2 -3 3 0 0 4 2 0 -2 2 0 1 -2 -3 -3 0 2 0 -1 -1 -3 0 1 2 -1 -1 1 1 -2 over Number field with defining polynomial x-12
12 3*a-3 6*a+21 15*a+39 -6*a-21 -6 6 10*a+32 -4*a-20 2*a-8 4*a+20 4*a+17 9 2*a+7 0 2*a+7 -3*a-6 -5*a-13 -3*a-6 3*a+6 -a+1 3*a+6 -4*a-11 3 -2*a-10 3 0 -2*a-10 -3 over Number field with defining polynomial x^2-11*x-44
-6*a+140 8 2*a-44 -3*a+62 -a+10 -4*a+88 2*a-52 -5*a+122 -a+18 -a+18 3*a-86 a-26 -8 8 a-18 a-26 a-18 -a+26 -4*a+88 -2*a+52 -2*a+44 5*a-122 a-26 8 3*a-70 -a+26 2*a-52 -3*a+70 -8 over Number field with defining polynomial x^2-54*x+712
16*a^3 + 368*a^2 + 1920*a + 2912 -15*a^3 - 336*a^2 - 1647*a - 2286 -15*a^3 - 324*a^2 - 1419*a - 1638 9*a^3 + 192*a^2 + 825*a + 930 9*a^3 + 204*a^2 + 1053*a + 1578 8*a^2 + 72*a + 160 -16*a^3 - 360*a^2 - 1848*a - 2752 -6*a^3 - 136*a^2 - 686*a - 972 -6*a^3 - 112*a^2 - 230*a + 324 -6*a^3 - 152*a^2 - 958*a - 1740 -6*a^3 - 128*a^2 - 502*a - 444 8*a^3 + 172*a^2 + 788*a + 992 -4*a^2 - 100*a - 304 -a^3 - 28*a^2 - 229*a - 506 8*a^3 + 176*a^2 + 888*a + 1296 -7*a^3 - 148*a^2 - 595*a - 566 -12*a^2 - 244*a - 696 -7*a^3 - 160*a^2 - 823*a - 1214 -6*a^3 - 132*a^2 - 578*a - 660 6*a^3 + 132*a^2 + 610*a + 756 a^3 + 16*a^2 + 1*a - 142 12*a^2 + 212*a + 600 8*a^3 + 172*a^2 + 788*a + 992 4*a^2 + 100*a + 304 -16*a-48 -8*a^3 - 172*a^2 - 788*a - 992 -8*a^2 - 136*a - 384 16*a+48 -4*a^2 - 100*a - 304 over Number field with defining polynomial x^4+25*x^3+169*x^2+427*x+346
24*a^3 - 72*a^2 - 1752*a - 3480 9*a^3 - 144*a^2 + 135*a + 1584 -9*a^3 - 36*a^2 + 1773*a + 4608 198*a^2 + 414*a - 216 -18*a^3 + 90*a^2 + 756*a + 1152 -3*a^4 + 15*a^3 + 363*a^2 - 1299*a - 5148 -3*a^4 - 9*a^3 + 435*a^2 + 453*a - 1668 -12*a^3 - 60*a^2 + 816*a + 2160 -60*a^2 + 156*a + 696 6*a^3 + 24*a^2 - 1182*a - 3072 18*a^3 + 24*a^2 - 1842*a - 4536 -3*a^3 - 78*a^2 + 453*a + 1608 -3*a^3 - 42*a^2 + 669*a + 1884 15*a^3 - 120*a^2 - 1527*a - 2856 -3*a^4 + 3*a^3 + 471*a^2 + 9*a - 2856 -12*a^3 - 66*a^2 + 1002*a + 2904 -3*a^3 - 42*a^2 + 669*a + 1884 6*a^3 + 42*a^2 + 660*a + 1536 24*a^2 - 852*a - 2340 -6*a^3 + 60*a^2 + 174*a + 36 3*a^3 + 12*a^2 - 111*a - 168 9*a^3 - 42*a^2 + 9*a + 420 -3*a^3 - 78*a^2 + 453*a + 1608 3*a^3 + 42*a^2 - 669*a - 1884 -3*a^3 + 42*a^2 - 339*a - 1152 3*a^3 + 78*a^2 - 453*a - 1608 9*a^3 + 42*a^2 - 999*a - 2616 3*a^3 - 42*a^2 + 339*a + 1152 -3*a^3 - 42*a^2 + 669*a + 1884 over Number field with defining polynomial x^5-5*x^4-225*x^3+689*x^2+7276*x+10656
0 1 1 -1 -1 0 0 -1 -1 1 1 0 0 -1 0 -1 -1 -1 -1 -1 1 -1 0 0 0 0 -1 0 0 over Number field with defining polynomial x-452
0 6 -18 -6 -6 0 0 4 -12 -4 -4 4 -4 -6 0 2 -4 2 4 -4 -2 4 -4 -4 0 0 0 0 0 over Number field with defining polynomial x+24
For conductor 66, eigenvectors are:
-1 -2 -2 1 0 over Number field with defining polynomial x+1
3 1 -4 -3 -5 over Number field with defining polynomial x-4
1 -1 0 -1 1 over Number field with defining polynomial x+4
0 -1 1 0 -1 over Number field with defining polynomial x+5
1 0 0 1 0 over Number field with defining polynomial x+5
For conductor 1:
traces of hecke eigenvalues of T_{p^1} are:
44 80 108 388 288 544 732 912 1436 2004 1888 2016 2732 2944 3564 4992 4256 4404 6352 8480 7764 10372 
computing eigenvalues for k = 1, took 14.802755 sec
traces of hecke eigenvalues of T_{p^2} are:
108 240 
computing eigenvalues for k = 2, took 0.214115 sec
traces of hecke eigenvalues of T_{p^1} are:
39 54 182 268 336 377 606 833 1233 1502 2434 2520 3544 3119 4090 4379 4747 4874 5634 6274 8977 8379 
computing eigenvalues for k = 1, took 14.711269 sec
traces of hecke eigenvalues of T_{p^2} are:
78 32 
computing eigenvalues for k = 2, took 0.209691 sec
traces of hecke eigenvalues of T_{p^1} are:
156 400 2380 5220 7240 12720 25260 30784 52060 70644 81400 106080 151740 208920 230764 305320 363024 394420 499360 578760 712980 922180 
computing eigenvalues for k = 1, took 14.732011 sec
traces of hecke eigenvalues of T_{p^2} are:
780 2800 
computing eigenvalues for k = 2, took 0.208806 sec
traces of hecke eigenvalues of T_{p^1} are:
24 64 152 288 436 652 896 1128 1228 1832 1604 2140 2464 3344 3000 4264 4932 5004 6264 6424 8292 9364 
computing eigenvalues for k = 1, took 14.730023 sec
traces of hecke eigenvalues of T_{p^2} are:
-12 112 
computing eigenvalues for k = 2, took 0.213680 sec
traces of hecke eigenvalues of T_{p^1} are:
23 62 142 228 344 545 878 809 1633 1686 1570 2440 2856 3639 3946 5251 6099 5154 6562 8466 7105 8475 
computing eigenvalues for k = 1, took 19.386367 sec
traces of hecke eigenvalues of T_{p^2} are:
-18 96 
computing eigenvalues for k = 2, took 0.220041 sec
traces of hecke eigenvalues of T_{p^1} are:
-14 10 50 120 -120 70 20 4 -120 64 -10 -610 -10 -100 -6 -460 54 180 810 1600 -280 1320 
computing eigenvalues for k = 1, took 14.748394 sec
traces of hecke eigenvalues of T_{p^2} are:
-10 -40 
computing eigenvalues for k = 2, took 0.231221 sec
traces of hecke eigenvalues of T_{p^1} are:
-5 -2 14 36 48 -155 -298 -59 -99 214 26 368 -592 335 -54 251 519 -30 354 -614 1049 -1317 
computing eigenvalues for k = 1, took 14.687195 sec
traces of hecke eigenvalues of T_{p^2} are:
-34 -112 
computing eigenvalues for k = 2, took 0.206634 sec
traces of hecke eigenvalues of T_{p^1} are:
19 10 -22 48 -92 -31 -138 137 141 -46 -262 136 -448 -301 514 -33 -1069 -706 -758 1010 1089 187 
computing eigenvalues for k = 1, took 14.680896 sec
traces of hecke eigenvalues of T_{p^2} are:
38 0 
computing eigenvalues for k = 2, took 0.217053 sec
traces of hecke eigenvalues of T_{p^1} are:
54 90 458 668 684 1050 1844 1760 2744 3144 3328 4534 5614 7012 7510 7552 10498 11352 11718 12760 15064 18340 
computing eigenvalues for k = 1, took 14.899244 sec
traces of hecke eigenvalues of T_{p^2} are:
12 -80 
computing eigenvalues for k = 2, took 0.203070 sec
traces of hecke eigenvalues of T_{p^1} are:
5 -32 -40 128 8 31 58 -143 21 230 -346 346 1102 563 -240 -1133 -359 518 1008 -102 -1235 -837 
computing eigenvalues for k = 1, took 14.766761 sec
traces of hecke eigenvalues of T_{p^2} are:
-10 64 
computing eigenvalues for k = 2, took 0.208239 sec
traces of hecke eigenvalues of T_{p^1} are:
-24 -2 -122 -80 200 96 -240 286 -502 492 54 -154 -114 346 -402 938 -580 -696 1238 -1196 946 -1362 
computing eigenvalues for k = 1, took 14.631792 sec
traces of hecke eigenvalues of T_{p^2} are:
-42 -136 
computing eigenvalues for k = 2, took 0.214068 sec
traces of hecke eigenvalues of T_{p^1} are:
13 -32 32 68 -56 -1 418 -47 -259 258 150 538 346 -17 -868 -89 721 -1474 652 666 -543 -1553 
computing eigenvalues for k = 1, took 14.864729 sec
traces of hecke eigenvalues of T_{p^2} are:
-42 -64 
computing eigenvalues for k = 2, took 0.207597 sec
traces of hecke eigenvalues of T_{p^1} are:
54 122 362 508 764 1002 1348 1920 2648 2712 3952 4198 5342 7588 7558 9328 9346 11064 12758 14440 14264 20980 
computing eigenvalues for k = 1, took 14.675727 sec
traces of hecke eigenvalues of T_{p^2} are:
12 176 
computing eigenvalues for k = 2, took 0.206952 sec
traces of hecke eigenvalues of T_{p^1} are:
54 56 320 604 572 1038 1684 2190 2954 3696 3412 4312 4664 6298 7324 9394 10978 10872 12692 13948 16298 19318 
computing eigenvalues for k = 1, took 14.753492 sec
traces of hecke eigenvalues of T_{p^2} are:
12 -352 
computing eigenvalues for k = 2, took 0.208966 sec
traces of hecke eigenvalues of T_{p^1} are:
28 80 204 356 424 496 1068 832 1244 1524 1944 2784 2620 2872 4332 4744 5840 5556 5664 7208 8724 9028 
computing eigenvalues for k = 1, took 15.025225 sec
traces of hecke eigenvalues of T_{p^2} are:
12 240 
computing eigenvalues for k = 2, took 0.212372 sec
traces of hecke eigenvalues of T_{p^1} are:
28 32 204 356 336 608 1068 1152 1244 1524 1840 1728 2620 4208 4332 4368 4384 5556 6976 6736 8724 9028 
computing eigenvalues for k = 1, took 14.772361 sec
traces of hecke eigenvalues of T_{p^2} are:
12 -144 
computing eigenvalues for k = 2, took 0.207850 sec
traces of hecke eigenvalues of T_{p^1} are:
-12 52 -4 16 44 128 24 -408 60 -280 52 904 76 -904 916 -80 728 -868 -972 1232 180 -284 
computing eigenvalues for k = 1, took 14.660923 sec
traces of hecke eigenvalues of T_{p^2} are:
28 144 
computing eigenvalues for k = 2, took 0.207432 sec
traces of hecke eigenvalues of T_{p^1} are:
-12 4 -4 16 -44 240 24 -88 60 -280 -52 -152 76 432 916 -456 -728 -868 340 760 180 -284 
computing eigenvalues for k = 1, took 14.916526 sec
traces of hecke eigenvalues of T_{p^2} are:
28 -48 
computing eigenvalues for k = 2, took 0.208222 sec
traces of hecke eigenvalues of T_{p^1} are:
36 40 220 180 400 720 900 904 1660 1764 1840 2160 3060 2880 3244 5440 5904 5620 5800 6480 8820 10660 
computing eigenvalues for k = 1, took 14.921389 sec
traces of hecke eigenvalues of T_{p^2} are:
60 -80 
computing eigenvalues for k = 2, took 0.214558 sec
traces of hecke eigenvalues of T_{p^1} are:
26 30 150 380 320 370 780 984 1340 2144 2300 1750 3210 3340 3914 3520 5874 4860 5770 6840 8580 9520 
computing eigenvalues for k = 1, took 14.733536 sec
traces of hecke eigenvalues of T_{p^2} are:
0 -160 
computing eigenvalues for k = 2, took 0.206535 sec
traces of hecke eigenvalues of T_{p^1} are:
3 18 -46 -8 -84 41 54 -127 45 506 10 -168 -320 -37 -494 -25 1531 422 -198 -590 625 -1317 
computing eigenvalues for k = 1, took 14.647830 sec
traces of hecke eigenvalues of T_{p^2} are:
-42 32 
computing eigenvalues for k = 2, took 0.203352 sec
traces of hecke eigenvalues of T_{p^1} are:
3 -38 74 16 -44 33 198 377 -51 -526 -310 -152 -560 963 1282 -657 -941 446 -134 -734 2049 -1157 
computing eigenvalues for k = 1, took 14.735737 sec
traces of hecke eigenvalues of T_{p^2} are:
22 96 
computing eigenvalues for k = 2, took 0.209850 sec
traces of hecke eigenvalues of T_{p^1} are:
3 10 74 16 44 -79 198 57 -51 -526 -206 904 -560 -373 1282 -281 515 446 -1446 -262 2049 -1157 
computing eigenvalues for k = 1, took 25.288817 sec
traces of hecke eigenvalues of T_{p^2} are:
22 0 
computing eigenvalues for k = 2, took 0.204945 sec
traces of hecke eigenvalues of T_{p^1} are:
11 70 110 260 360 445 990 1109 1205 1494 1650 2160 3320 3975 3114 4995 3999 5330 6250 7330 8905 9915 
computing eigenvalues for k = 1, took 14.752422 sec
traces of hecke eigenvalues of T_{p^2} are:
-90 160 
computing eigenvalues for k = 2, took 0.205371 sec
traces of hecke eigenvalues of T_{p^1} are:
11 -30 90 -160 20 145 30 129 365 -286 -310 280 -120 -365 194 415 579 510 -1310 -990 2145 475 
computing eigenvalues for k = 1, took 25.472981 sec
traces of hecke eigenvalues of T_{p^2} are:
30 80 
computing eigenvalues for k = 2, took 0.208589 sec
For conductor 2:
traces of hecke eigenvalues of T_{p^1} are:
-12 52 -4 16 44 128 24 -408 60 -280 52 904 76 -904 916 -80 728 -868 -972 1232 180 -284 
computing eigenvalues for k = 1, took 214.837794 sec
traces of hecke eigenvalues of T_{p^2} are:
28 144 
computing eigenvalues for k = 2, took 0.523136 sec
traces of hecke eigenvalues of T_{p^1} are:
-5 -2 14 36 48 -155 -298 -59 -99 214 26 368 -592 335 -54 251 519 -30 354 -614 1049 -1317 
computing eigenvalues for k = 1, took 216.051999 sec
traces of hecke eigenvalues of T_{p^2} are:
-34 -112 
computing eigenvalues for k = 2, took 0.545780 sec
traces of hecke eigenvalues of T_{p^1} are:
-14 10 50 120 -120 70 20 4 -120 64 -10 -610 -10 -100 -6 -460 54 180 810 1600 -280 1320 
computing eigenvalues for k = 1, took 215.789366 sec
traces of hecke eigenvalues of T_{p^2} are:
-10 -40 
computing eigenvalues for k = 2, took 0.520982 sec
traces of hecke eigenvalues of T_{p^1} are:
-13 -22 42 -16 100 -95 -234 233 -115 -238 -710 -56 96 979 1154 -801 147 318 -1302 690 705 -1733 
computing eigenvalues for k = 1, took 333.824956 sec
traces of hecke eigenvalues of T_{p^2} are:
6 64 
computing eigenvalues for k = 2, took 0.554771 sec
traces of hecke eigenvalues of T_{p^1} are:
3 10 74 16 44 -79 198 57 -51 -526 -206 904 -560 -373 1282 -281 515 446 -1446 -262 2049 -1157 
computing eigenvalues for k = 1, took 213.829512 sec
traces of hecke eigenvalues of T_{p^2} are:
22 0 
computing eigenvalues for k = 2, took 0.517406 sec
traces of hecke eigenvalues of T_{p^1} are:
-24 -2 -122 -80 200 96 -240 286 -502 492 54 -154 -114 346 -402 938 -580 -696 1238 -1196 946 -1362 
computing eigenvalues for k = 1, took 213.212295 sec
traces of hecke eigenvalues of T_{p^2} are:
-42 -136 
computing eigenvalues for k = 2, took 0.517993 sec
traces of hecke eigenvalues of T_{p^1} are:
11 -30 90 -160 20 145 30 129 365 -286 -310 280 -120 -365 194 415 579 510 -1310 -990 2145 475 
computing eigenvalues for k = 1, took 213.474401 sec
traces of hecke eigenvalues of T_{p^2} are:
30 80 
computing eigenvalues for k = 2, took 0.514394 sec
For conductor 3:
traces of hecke eigenvalues of T_{p^1} are:
-12 -36 -76 -20 -24 20 -48 -28 -84 -244 -62 144 100 -616 -128 -28 808 -124 348 952 -536 1380 
computing eigenvalues for k = 1, took 328.876187 sec
traces of hecke eigenvalues of T_{p^2} are:
-18 56 
computing eigenvalues for k = 2, took 0.504417 sec
traces of hecke eigenvalues of T_{p^1} are:
-13 -6 42 -16 -100 49 -234 201 -115 -238 194 808 96 -389 1154 -137 -573 318 -278 -1686 705 -1733 
computing eigenvalues for k = 1, took 329.500722 sec
traces of hecke eigenvalues of T_{p^2} are:
6 32 
computing eigenvalues for k = 2, took 0.501996 sec
traces of hecke eigenvalues of T_{p^1} are:
4 -8 28 -12 -48 80 132 -168 -484 124 116 -144 372 576 44 -160 -512 524 1048 -296 -36 -748 
computing eigenvalues for k = 1, took 329.726164 sec
traces of hecke eigenvalues of T_{p^2} are:
8 -64 
computing eigenvalues for k = 2, took 0.505728 sec
traces of hecke eigenvalues of T_{p^1} are:
19 -38 -22 48 92 -15 -138 297 141 -46 -254 616 -448 891 514 -905 643 -706 -822 -2006 1089 187 
computing eigenvalues for k = 1, took 328.948553 sec
traces of hecke eigenvalues of T_{p^2} are:
38 96 
computing eigenvalues for k = 2, took 0.508136 sec
traces of hecke eigenvalues of T_{p^1} are:
3 18 -46 -8 -84 41 54 -127 45 506 10 -168 -320 -37 -494 -25 1531 422 -198 -590 625 -1317 
computing eigenvalues for k = 1, took 329.400348 sec
traces of hecke eigenvalues of T_{p^2} are:
-42 32 
computing eigenvalues for k = 2, took 0.505975 sec
traces of hecke eigenvalues of T_{p^1} are:
3 -38 74 16 -44 33 198 377 -51 -526 -310 -152 -560 963 1282 -657 -941 446 -134 -734 2049 -1157 
computing eigenvalues for k = 1, took 330.396774 sec
traces of hecke eigenvalues of T_{p^2} are:
22 96 
computing eigenvalues for k = 2, took 0.527043 sec
traces of hecke eigenvalues of T_{p^1} are:
3 10 74 16 44 -79 198 57 -51 -526 -206 904 -560 -373 1282 -281 515 446 -1446 -262 2049 -1157 
computing eigenvalues for k = 1, took 330.640680 sec
traces of hecke eigenvalues of T_{p^2} are:
22 0 
computing eigenvalues for k = 2, took 0.506508 sec
For conductor 6:
traces of hecke eigenvalues of T_{p^1} are:
-5 36 -72 204 184 -243 -306 275 199 710 614 -754 210 -2083 -1244 781 -101 2570 -1880 470 -1549 413 
computing eigenvalues for k = 1, took 163.778845 sec
traces of hecke eigenvalues of T_{p^2} are:
-2 -48 
computing eigenvalues for k = 2, took 0.523876 sec
traces of hecke eigenvalues of T_{p^1} are:
-5 10 -38 -64 76 41 38 81 165 -94 290 -168 -112 139 34 -25 -37 -82 -918 554 -687 -261 
computing eigenvalues for k = 1, took 161.455420 sec
traces of hecke eigenvalues of T_{p^2} are:
-26 0 
computing eigenvalues for k = 2, took 0.531854 sec
traces of hecke eigenvalues of T_{p^1} are:
-1 -26 14 28 8 -23 -178 345 217 -146 -22 -352 792 -953 -142 -61 -525 -542 602 154 -1687 795 
computing eigenvalues for k = 1, took 183.733730 sec
traces of hecke eigenvalues of T_{p^2} are:
-10 0 
computing eigenvalues for k = 2, took 0.533935 sec
traces of hecke eigenvalues of T_{p^1} are:
4 -8 28 -12 -48 80 132 -168 -484 124 116 -144 372 576 44 -160 -512 524 1048 -296 -36 -748 
computing eigenvalues for k = 1, took 162.116565 sec
traces of hecke eigenvalues of T_{p^2} are:
8 -64 
computing eigenvalues for k = 2, took 0.531304 sec
traces of hecke eigenvalues of T_{p^1} are:
36 72 220 180 360 384 900 1080 1660 1764 1944 2352 3060 4200 3244 3672 4320 5620 6840 7464 8820 10660 
computing eigenvalues for k = 1, took 163.896587 sec
traces of hecke eigenvalues of T_{p^2} are:
60 176 
computing eigenvalues for k = 2, took 0.525715 sec
traces of hecke eigenvalues of T_{p^1} are:
11 2 90 -160 -20 -191 30 305 365 -286 -206 472 -120 955 194 -1353 -1005 510 -270 -6 2145 475 
computing eigenvalues for k = 1, took 162.347040 sec
traces of hecke eigenvalues of T_{p^2} are:
30 16 
computing eigenvalues for k = 2, took 0.523544 sec
traces of hecke eigenvalues of T_{p^1} are:
24 42 188 198 282 520 862 952 1456 1714 1406 2296 3572 2936 4104 4080 5328 5904 5458 7564 8364 9952 
computing eigenvalues for k = 1, took 161.836948 sec
traces of hecke eigenvalues of T_{p^2} are:
-12 -64 
computing eigenvalues for k = 2, took 0.520140 sec
traces of hecke eigenvalues of T_{p^1} are:
30 54 94 240 420 546 816 984 1300 2076 2016 1710 2454 2988 4186 4560 4986 5236 7194 6528 9012 8704 
computing eigenvalues for k = 1, took 159.980128 sec
traces of hecke eigenvalues of T_{p^2} are:
24 32 
computing eigenvalues for k = 2, took 0.522814 sec
traces of hecke eigenvalues of T_{p^1} are:
19 -38 -22 48 92 -15 -138 297 141 -46 -254 616 -448 891 514 -905 643 -706 -822 -2006 1089 187 
computing eigenvalues for k = 1, took 160.486916 sec
traces of hecke eigenvalues of T_{p^2} are:
38 96 
computing eigenvalues for k = 2, took 0.519246 sec
traces of hecke eigenvalues of T_{p^1} are:
3 10 74 16 44 -79 198 57 -51 -526 -206 904 -560 -373 1282 -281 515 446 -1446 -262 2049 -1157 
computing eigenvalues for k = 1, took 160.434287 sec
traces of hecke eigenvalues of T_{p^2} are:
22 0 
computing eigenvalues for k = 2, took 0.520491 sec
traces of hecke eigenvalues of T_{p^1} are:
-22 10 74 16 44 -194 488 -408 -236 -116 224 434 -30 -668 62 -616 870 -284 134 568 1604 -672 
computing eigenvalues for k = 1, took 160.411082 sec
traces of hecke eigenvalues of T_{p^2} are:
32 0 
computing eigenvalues for k = 2, took 0.520364 sec
traces of hecke eigenvalues of T_{p^1} are:
44 32 108 388 472 560 732 1072 1436 2004 1896 2496 2732 4136 3564 4120 5968 4404 6288 5464 7764 10372 
computing eigenvalues for k = 1, took 161.428863 sec
traces of hecke eigenvalues of T_{p^2} are:
108 -144 
computing eigenvalues for k = 2, took 0.516791 sec
traces of hecke eigenvalues of T_{p^1} are:
-1 -34 54 -52 172 157 -122 -195 -231 -250 16 -144 -804 -165 970 931 -93 730 -1026 -1262 785 79 
computing eigenvalues for k = 1, took 159.404288 sec
traces of hecke eigenvalues of T_{p^2} are:
-104 72 
computing eigenvalues for k = 2, took 0.513790 sec
traces of hecke eigenvalues of T_{p^1} are:
-3 12 28 -36 -108 -133 62 17 413 506 82 -178 382 43 108 219 -627 -1194 596 530 -51 -1573 
computing eigenvalues for k = 1, took 159.559505 sec
traces of hecke eigenvalues of T_{p^2} are:
-18 -128 
computing eigenvalues for k = 2, took 0.516557 sec
traces of hecke eigenvalues of T_{p^1} are:
-22 44 -36 -16 64 -74 -164 -66 126 20 -20 240 -720 750 748 -122 690 244 804 -212 338 1174 
computing eigenvalues for k = 1, took 160.465185 sec
traces of hecke eigenvalues of T_{p^2} are:
-20 48 
computing eigenvalues for k = 2, took 0.518558 sec
traces of hecke eigenvalues of T_{p^1} are:
46 88 394 718 710 970 1542 1624 2484 2662 3398 4246 5202 7252 6786 9888 9594 12100 11988 14268 15264 18560 
computing eigenvalues for k = 1, took 160.308326 sec
traces of hecke eigenvalues of T_{p^2} are:
-36 -96 
computing eigenvalues for k = 2, took 0.519359 sec
traces of hecke eigenvalues of T_{p^1} are:
12 64 172 324 280 624 636 976 1180 1812 2344 2688 3276 2856 4204 4888 4752 5428 6832 5784 7380 8452 
computing eigenvalues for k = 1, took 182.444956 sec
traces of hecke eigenvalues of T_{p^2} are:
-84 112 
computing eigenvalues for k = 2, took 0.525522 sec
traces of hecke eigenvalues of T_{p^1} are:
-13 -6 42 -16 -100 49 -234 201 -115 -238 194 808 96 -389 1154 -137 -573 318 -278 -1686 705 -1733 
computing eigenvalues for k = 1, took 184.517770 sec
traces of hecke eigenvalues of T_{p^2} are:
6 32 
computing eigenvalues for k = 2, took 0.534179 sec
For conductor 11:
traces of hecke eigenvalues of T_{p^1} are:
-29 2 -2 -52 -56 91 -2 -165 -387 254 6 -280 -744 -231 82 301 897 2 222 -362 -191 -197 
computing eigenvalues for k = 1, took 329.876387 sec
traces of hecke eigenvalues of T_{p^2} are:
62 -80 
computing eigenvalues for k = 2, took 0.514924 sec
traces of hecke eigenvalues of T_{p^1} are:
5 -12 44 52 148 37 -58 -257 -27 -70 50 -366 734 237 860 -531 123 -82 308 6 -515 -1557 
computing eigenvalues for k = 1, took 328.580665 sec
traces of hecke eigenvalues of T_{p^2} are:
-78 -80 
computing eigenvalues for k = 2, took 0.511755 sec
traces of hecke eigenvalues of T_{p^1} are:
-19 -20 -28 28 -12 -99 -114 219 -307 -94 176 214 278 -355 -964 -1167 -1129 -1330 1696 -66 -127 611 
computing eigenvalues for k = 1, took 326.859627 sec
traces of hecke eigenvalues of T_{p^2} are:
4 -48 
computing eigenvalues for k = 2, took 0.512526 sec
traces of hecke eigenvalues of T_{p^1} are:
-9 -2 -14 -24 172 99 30 67 217 42 -482 -96 -120 -483 -782 817 1857 -74 -362 6 9 475 
computing eigenvalues for k = 1, took 327.912307 sec
traces of hecke eigenvalues of T_{p^2} are:
6 16 
computing eigenvalues for k = 2, took 0.511367 sec
traces of hecke eigenvalues of T_{p^1} are:
-9 -30 38 -228 96 191 -202 -305 217 206 206 -472 304 -719 -294 549 1005 1386 -362 -658 2145 475 
computing eigenvalues for k = 1, took 326.738958 sec
traces of hecke eigenvalues of T_{p^2} are:
6 80 
computing eigenvalues for k = 2, took 0.514358 sec
For conductor 22:
traces of hecke eigenvalues of T_{p^1} are:
11 42 110 260 400 659 990 875 1205 1494 2134 2352 3320 3105 3114 4117 6225 5330 6390 6614 8905 9915 
computing eigenvalues for k = 1, took 163.049024 sec
traces of hecke eigenvalues of T_{p^2} are:
-90 -64 
computing eigenvalues for k = 2, took 0.539836 sec
traces of hecke eigenvalues of T_{p^1} are:
27 66 166 348 264 363 750 1155 997 2190 1782 2112 2952 3993 3802 4653 5577 6250 7062 6534 7737 10267 
computing eigenvalues for k = 1, took 164.340786 sec
traces of hecke eigenvalues of T_{p^2} are:
6 128 
computing eigenvalues for k = 2, took 0.524893 sec
traces of hecke eigenvalues of T_{p^1} are:
8 -4 -56 84 120 36 372 -160 60 -444 224 -36 -136 40 -304 456 -124 -284 -972 568 1604 -1836 
computing eigenvalues for k = 1, took 162.865336 sec
traces of hecke eigenvalues of T_{p^2} are:
20 -48 
computing eigenvalues for k = 2, took 0.525750 sec
traces of hecke eigenvalues of T_{p^1} are:
-5 -10 -54 16 124 -73 198 -289 -91 178 -26 200 624 173 98 513 -315 -162 150 -1170 1041 -581 
computing eigenvalues for k = 1, took 163.907695 sec
traces of hecke eigenvalues of T_{p^2} are:
6 -32 
computing eigenvalues for k = 2, took 0.527355 sec
traces of hecke eigenvalues of T_{p^1} are:
10 2 -18 16 4 98 48 248 -160 76 214 110 318 -244 74 -708 -234 -972 -1182 -120 1848 664 
computing eigenvalues for k = 1, took 163.263464 sec
traces of hecke eigenvalues of T_{p^2} are:
-6 16 
computing eigenvalues for k = 2, took 0.521977 sec
traces of hecke eigenvalues of T_{p^1} are:
-9 -2 -14 -24 172 99 30 67 217 42 -482 -96 -120 -483 -782 817 1857 -74 -362 6 9 475 
computing eigenvalues for k = 1, took 182.768052 sec
traces of hecke eigenvalues of T_{p^2} are:
6 16 
computing eigenvalues for k = 2, took 0.512907 sec
traces of hecke eigenvalues of T_{p^1} are:
54 128 386 590 698 894 1526 1656 2612 3558 3178 4130 5722 5996 7210 9568 10190 10692 13460 12932 17056 20320 
computing eigenvalues for k = 1, took 162.111771 sec
traces of hecke eigenvalues of T_{p^2} are:
12 224 
computing eigenvalues for k = 2, took 0.524082 sec
traces of hecke eigenvalues of T_{p^1} are:
76 110 288 586 814 880 1962 2024 2764 2950 3850 4576 5640 6688 6460 8184 9768 10212 12870 13596 16992 17828 
computing eigenvalues for k = 1, took 162.092237 sec
traces of hecke eigenvalues of T_{p^2} are:
144 80 
computing eigenvalues for k = 2, took 0.521614 sec
traces of hecke eigenvalues of T_{p^1} are:
27 -46 50 -184 -112 543 2 -393 101 330 -362 560 820 -1615 -1442 2773 1229 582 -2146 -154 997 4927 
computing eigenvalues for k = 1, took 162.608344 sec
traces of hecke eigenvalues of T_{p^2} are:
66 128 
computing eigenvalues for k = 2, took 0.523387 sec
traces of hecke eigenvalues of T_{p^1} are:
5 -12 44 52 148 37 -58 -257 -27 -70 50 -366 734 237 860 -531 123 -82 308 6 -515 -1557 
computing eigenvalues for k = 1, took 181.825356 sec
traces of hecke eigenvalues of T_{p^2} are:
-78 -80 
computing eigenvalues for k = 2, took 0.510643 sec
traces of hecke eigenvalues of T_{p^1} are:
71 102 342 452 748 1223 1602 1583 3153 3126 3334 4824 5324 7101 7102 8785 9621 11010 10614 14990 16741 20479 
computing eigenvalues for k = 1, took 162.115506 sec
traces of hecke eigenvalues of T_{p^2} are:
114 16 
computing eigenvalues for k = 2, took 0.521358 sec
traces of hecke eigenvalues of T_{p^1} are:
-5 -36 -72 204 -184 243 -306 -275 199 710 -614 754 210 2083 -1244 -781 101 2570 1880 -470 -1549 413 
computing eigenvalues for k = 1, took 162.293908 sec
traces of hecke eigenvalues of T_{p^2} are:
-2 -48 
computing eigenvalues for k = 2, took 0.523832 sec
traces of hecke eigenvalues of T_{p^1} are:
-1 -2 -38 16 -68 91 22 147 -87 274 -58 96 160 -307 -158 209 -455 -1234 174 -338 -423 795 
computing eigenvalues for k = 1, took 161.693868 sec
traces of hecke eigenvalues of T_{p^2} are:
-2 -96 
computing eigenvalues for k = 2, took 0.522911 sec
traces of hecke eigenvalues of T_{p^1} are:
-1 -22 46 -12 -120 63 6 -1 -159 390 -130 216 -352 505 218 -243 -547 -1166 -1002 1102 -1519 -261 
computing eigenvalues for k = 1, took 161.822683 sec
traces of hecke eigenvalues of T_{p^2} are:
-58 48 
computing eigenvalues for k = 2, took 0.520559 sec
traces of hecke eigenvalues of T_{p^1} are:
30 42 262 336 324 678 648 1008 1300 1836 1944 2010 2598 3276 3874 5352 4686 4228 5478 6120 6948 8224 
computing eigenvalues for k = 1, took 161.808887 sec
traces of hecke eigenvalues of T_{p^2} are:
24 -64 
computing eigenvalues for k = 2, took 0.531403 sec
traces of hecke eigenvalues of T_{p^1} are:
30 58 94 240 340 558 816 1000 1300 2076 1768 2802 2454 4092 4186 4552 5238 5236 5446 7416 9012 8704 
computing eigenvalues for k = 1, took 180.593368 sec
traces of hecke eigenvalues of T_{p^2} are:
24 64 
computing eigenvalues for k = 2, took 0.522740 sec
traces of hecke eigenvalues of T_{p^1} are:
23 50 142 228 416 559 878 1175 1633 1686 2214 2072 2856 3441 3946 3861 4125 5154 6078 5478 7105 8475 
computing eigenvalues for k = 1, took 161.410456 sec
traces of hecke eigenvalues of T_{p^2} are:
-18 0 
computing eigenvalues for k = 2, took 0.520327 sec
traces of hecke eigenvalues of T_{p^1} are:
23 30 234 352 284 579 886 699 1377 1250 1782 2032 3616 4365 3234 4433 6113 4382 6846 6814 6793 9243 
computing eigenvalues for k = 1, took 180.672160 sec
traces of hecke eigenvalues of T_{p^2} are:
-18 -160 
computing eigenvalues for k = 2, took 0.522770 sec
For conductor 33:
traces of hecke eigenvalues of T_{p^1} are:
24 48 152 288 324 452 896 856 1228 1832 2180 2372 2464 3736 3000 4848 5292 5004 6376 7520 8292 9364 
computing eigenvalues for k = 1, took 162.596730 sec
traces of hecke eigenvalues of T_{p^2} are:
-12 -16 
computing eigenvalues for k = 2, took 0.501008 sec
traces of hecke eigenvalues of T_{p^1} are:
42 34 134 252 280 494 1132 744 1276 1696 1676 2234 3482 3964 4122 5176 4302 4284 6534 5984 8004 10096 
computing eigenvalues for k = 1, took 162.039932 sec
traces of hecke eigenvalues of T_{p^2} are:
96 -128 
computing eigenvalues for k = 2, took 0.498717 sec
traces of hecke eigenvalues of T_{p^1} are:
-2 38 -30 -52 -32 82 372 88 -532 48 396 246 -242 -668 1038 -80 1154 300 450 -760 180 880 
computing eigenvalues for k = 1, took 160.951452 sec
traces of hecke eigenvalues of T_{p^2} are:
24 96 
computing eigenvalues for k = 2, took 0.509930 sec
traces of hecke eigenvalues of T_{p^1} are:
18 10 -34 -4 -8 -138 -36 296 156 64 188 -622 2 252 -350 1176 374 668 -2 -352 1572 -560 
computing eigenvalues for k = 1, took 164.118021 sec
traces of hecke eigenvalues of T_{p^2} are:
16 0 
computing eigenvalues for k = 2, took 0.501478 sec
traces of hecke eigenvalues of T_{p^1} are:
-17 6 18 -48 36 155 -146 147 -63 2 -322 -184 -328 581 -454 -167 -111 -90 -130 -394 177 1931 
computing eigenvalues for k = 1, took 182.519112 sec
traces of hecke eigenvalues of T_{p^2} are:
14 -80 
computing eigenvalues for k = 2, took 0.525095 sec
traces of hecke eigenvalues of T_{p^1} are:
-9 -18 26 -24 108 -37 -34 67 -119 -358 494 344 136 781 -390 -255 -351 174 -866 -298 -639 523 
computing eigenvalues for k = 1, took 160.972262 sec
traces of hecke eigenvalues of T_{p^2} are:
-18 -16 
computing eigenvalues for k = 2, took 0.501705 sec
traces of hecke eigenvalues of T_{p^1} are:
-4 -8 -44 36 -12 88 -84 72 -4 152 -46 -456 -84 96 -220 -220 224 -316 664 2312 816 908 
computing eigenvalues for k = 1, took 161.305592 sec
traces of hecke eigenvalues of T_{p^2} are:
2 -16 
computing eigenvalues for k = 2, took 0.495600 sec
traces of hecke eigenvalues of T_{p^1} are:
-33 22 -62 120 52 3 -234 139 -263 90 22 432 96 -507 178 265 705 -266 670 -690 -1431 -1733 
computing eigenvalues for k = 1, took 161.280562 sec
traces of hecke eigenvalues of T_{p^2} are:
78 64 
computing eigenvalues for k = 2, took 0.490373 sec
traces of hecke eigenvalues of T_{p^1} are:
4 -32 -28 76 12 -64 132 -88 -532 -96 102 -264 -140 -72 492 684 720 476 -416 -88 -88 -180 
computing eigenvalues for k = 1, took 161.183952 sec
traces of hecke eigenvalues of T_{p^2} are:
-42 64 
computing eigenvalues for k = 2, took 0.505112 sec
traces of hecke eigenvalues of T_{p^1} are:
12 84 164 272 300 424 1032 1304 1116 1576 1636 1824 2372 2704 4012 3656 4592 4604 6804 7784 8084 7716 
computing eigenvalues for k = 1, took 162.917697 sec
traces of hecke eigenvalues of T_{p^2} are:
-84 272 
computing eigenvalues for k = 2, took 0.494077 sec
traces of hecke eigenvalues of T_{p^1} are:
11 -22 22 -40 72 -53 30 211 469 18 66 -48 -412 -819 126 633 -975 1186 434 -1106 -419 -993 
computing eigenvalues for k = 1, took 161.095068 sec
traces of hecke eigenvalues of T_{p^2} are:
-6 -112 
computing eigenvalues for k = 2, took 0.495933 sec
traces of hecke eigenvalues of T_{p^1} are:
54 102 362 508 756 1206 1348 2048 2648 2712 3616 4826 5342 6572 7558 8896 11102 11064 12522 13448 14264 20980 
computing eigenvalues for k = 1, took 163.200216 sec
traces of hecke eigenvalues of T_{p^2} are:
12 16 
computing eigenvalues for k = 2, took 0.499566 sec
traces of hecke eigenvalues of T_{p^1} are:
-25 64 -56 -212 196 -113 -66 269 203 -442 158 310 1542 -613 -196 451 -671 -1426 52 -46 -657 -1903 
computing eigenvalues for k = 1, took 162.415909 sec
traces of hecke eigenvalues of T_{p^2} are:
-22 -48 
computing eigenvalues for k = 2, took 0.499594 sec
traces of hecke eigenvalues of T_{p^1} are:
5 -42 258 -96 -380 9 -374 -91 175 -394 526 348 -52 -401 1058 -165 915 -2390 -706 418 107 1337 
computing eigenvalues for k = 1, took 162.739336 sec
traces of hecke eigenvalues of T_{p^2} are:
-74 -112 
computing eigenvalues for k = 2, took 0.500237 sec
traces of hecke eigenvalues of T_{p^1} are:
16 24 144 304 452 620 816 840 1580 1816 1364 1916 2424 3560 4352 4096 4020 5964 6304 7344 7044 8980 
computing eigenvalues for k = 1, took 180.804969 sec
traces of hecke eigenvalues of T_{p^2} are:
-60 -208 
computing eigenvalues for k = 2, took 0.514549 sec
traces of hecke eigenvalues of T_{p^1} are:
-5 10 -10 52 -24 11 -66 -133 341 150 174 264 -152 585 -702 -1203 -159 266 -290 638 65 363 
computing eigenvalues for k = 1, took 179.381945 sec
traces of hecke eigenvalues of T_{p^2} are:
-18 16 
computing eigenvalues for k = 2, took 0.518060 sec
For conductor 66:
traces of hecke eigenvalues of T_{p^1} are:
-1 -2 -38 16 -68 91 22 147 -87 274 -58 96 160 -307 -158 209 -455 -1234 174 -338 -423 795 
computing eigenvalues for k = 1, took 540.889962 sec
traces of hecke eigenvalues of T_{p^2} are:
-2 -96 
computing eigenvalues for k = 2, took 0.498142 sec
traces of hecke eigenvalues of T_{p^1} are:
4 -32 -28 76 12 -64 132 -88 -532 -96 102 -264 -140 -72 492 684 720 476 -416 -88 -88 -180 
computing eigenvalues for k = 1, took 540.467226 sec
traces of hecke eigenvalues of T_{p^2} are:
-42 64 
computing eigenvalues for k = 2, took 0.497668 sec
traces of hecke eigenvalues of T_{p^1} are:
-4 -8 -44 36 -12 88 -84 72 -4 152 -46 -456 -84 96 -220 -220 224 -316 664 2312 816 908 
computing eigenvalues for k = 1, took 538.152355 sec
traces of hecke eigenvalues of T_{p^2} are:
2 -16 
computing eigenvalues for k = 2, took 0.496193 sec
traces of hecke eigenvalues of T_{p^1} are:
-5 10 -10 52 -24 11 -66 -133 341 150 174 264 -152 585 -702 -1203 -159 266 -290 638 65 363 
computing eigenvalues for k = 1, took 536.439740 sec
traces of hecke eigenvalues of T_{p^2} are:
-18 16 
computing eigenvalues for k = 2, took 0.504500 sec
traces of hecke eigenvalues of T_{p^1} are:
-5 -10 -54 16 124 -73 198 -289 -91 178 -26 200 624 173 98 513 -315 -162 150 -1170 1041 -581 
computing eigenvalues for k = 1, took 539.855648 sec
traces of hecke eigenvalues of T_{p^2} are:
6 -32 
computing eigenvalues for k = 2, took 0.513757 sec
