constructing eigenvector for poly
x-40
constructing eigenvector for poly
x^7-86*x^6+3045*x^5-57186*x^4+609462*x^3-3632823*x^2+10950329*x-12326758
constructing eigenvector for poly
x^6+5*x^5-66*x^4-11*x^3+213*x^2+155*x+19
constructing eigenvector for poly
x^10-103*x^9+4640*x^8-120102*x^7+1972830*x^6-21423598*x^5+155208447*x^4-737608911*x^3+2189443538*x^2-3643664098*x+2566417372
constructing eigenvector for poly
x^5-47*x^4+832*x^3-6797*x^2+24877*x-31574
constructing eigenvector for poly
x^5+24*x^4+198*x^3+669*x^2+878*x+379
computing eigenvectors took 0.202281 sec
For conductor 1, eigenvectors are:
-1 -1 -1 -1 -1 -1 -1 -1 -1 -1 -1 -1 -1 -1 -1 -1 -1 -1 -1 -1 -1 -1 -1 -1 over Number field with defining polynomial x-40
48*a^5 - 3144*a^4 + 78368*a^3 - 925584*a^2 + 5140728*a - 10613296 8*a^6 - 584*a^5 + 16928*a^4 - 247720*a^3 + 1908448*a^2 - 7203544*a + 10086528 6*a^6 - 430*a^5 + 12112*a^4 - 169246*a^3 + 1206338*a^2 - 3956756*a + 4150472 0 2*a^6 - 152*a^5 + 4596*a^4 - 70112*a^3 + 561388*a^2 - 2195478*a + 3220700 -4*a^5 + 206*a^4 - 3878*a^3 + 31946*a^2 - 101794*a + 34756 -4*a^5 + 206*a^4 - 3374*a^3 + 12104*a^2 + 146144*a - 921140 -10*a^5 + 668*a^4 - 17344*a^3 + 217634*a^2 - 1311004*a + 3011048 64*a^4 - 3624*a^3 + 73872*a^2 - 635792*a + 1908024 -2*a^6 + 148*a^5 - 4316*a^4 + 62730*a^3 - 469748*a^2 + 1665988*a - 2118256 -12*a^5 + 786*a^4 - 19592*a^3 + 231396*a^2 - 1285182*a + 2653324 2*a^6 - 150*a^5 + 4462*a^4 - 66992*a^3 + 530958*a^2 - 2089448*a + 3210836 2*a^6 - 146*a^5 + 4246*a^4 - 62856*a^3 + 498004*a^2 - 1992590*a + 3114208 4*a^5 - 248*a^4 + 5962*a^3 - 69632*a^2 + 397534*a - 897572 4*a^5 - 238*a^4 + 5186*a^3 - 49040*a^2 + 171752*a - 32872 2*a^5 - 100*a^4 + 1510*a^3 - 3640*a^2 - 68920*a + 300940 -6*a^5 + 370*a^4 - 8508*a^3 + 89616*a^2 - 420728*a + 685944 -4*a^5 + 270*a^4 - 6984*a^3 + 86234*a^2 - 506868*a + 1139952 6*a^5 - 402*a^4 + 10320*a^3 - 126552*a^2 + 738624*a - 1639956 4*a^5 - 270*a^4 + 6984*a^3 - 86234*a^2 + 506868*a - 1139952 2*a^5 - 150*a^4 + 4222*a^3 - 56362*a^2 + 357948*a - 861440 2*a^5 - 114*a^4 + 2450*a^3 - 24274*a^2 + 105564*a - 138568 -2*a^5 + 118*a^4 - 2410*a^3 + 19426*a^2 - 40052*a - 92572 -2*a^6 + 146*a^5 - 4232*a^4 + 61930*a^3 - 477112*a^2 + 1800886*a - 2521632 over Number field with defining polynomial x^7-86*x^6+3045*x^5-57186*x^4+609462*x^3-3632823*x^2+10950329*x-12326758
0 -24*a^5 - 144*a^4 + 1200*a^3 + 696*a^2 - 720*a - 168 12*a^5 + 72*a^4 - 600*a^3 - 348*a^2 + 360*a + 84 0 12*a^4 + 156*a^3 + 372*a^2 + 48*a - 36 0 0 4*a^5 + 40*a^4 - 96*a^3 - 636*a^2 - 544*a - 28 -8*a^4 + 40*a^3 - 56*a^2 - 248*a - 72 4*a^5 + 32*a^4 - 240*a^3 - 516*a^2 - 208*a - 68 0 -6*a^4 - 78*a^3 - 186*a^2 - 24*a + 18 -12*a^4 - 78*a^3 + 390*a^2 + 498*a + 42 -8*a^4 - 32*a^3 + 76*a^2 + 148*a + 60 4*a^4 - 20*a^3 + 28*a^2 + 124*a + 36 228*a^2 + 288*a + 84 -4*a^3 + 92*a^2 + 296*a + 56 -4*a^4 - 68*a^3 + 196*a^2 + 160*a + 8 4*a^4 - 16*a^3 - 64*a^2 - 172*a - 20 4*a^4 + 68*a^3 - 196*a^2 - 160*a - 8 2*a^4 + 26*a^3 - 52*a^2 - 136*a - 48 6*a^4 + 50*a^3 - 136*a^2 - 154*a - 34 -2*a^4 - 24*a^3 - 108*a^2 - 156*a - 22 -2*a^5 - 18*a^4 + 84*a^3 + 288*a^2 + 188*a + 24 over Number field with defining polynomial x^6+5*x^5-66*x^4-11*x^3+213*x^2+155*x+19
a vector of length 24 over Number field with defining polynomial a number field of degree 10
For conductor 2, eigenvectors are:
For conductor 107, eigenvectors are:
For conductor 214, eigenvectors are:
14*a^3 - 425*a^2 + 3988*a - 10885 a^4 - 42*a^3 + 625*a^2 - 3795*a + 7369 -a^3 + 10*a^2 + 184*a - 1867 -3*a^3 + 79*a^2 - 621*a + 1265 a^4 - 40*a^3 + 556*a^2 - 2990*a + 4237 -a^3 + 44*a^2 - 647*a + 3148 a^3 - 25*a^2 + 158*a + 16 a^4 - 39*a^3 + 546*a^2 - 3174*a + 6104 -2*a^3 + 54*a^2 - 463*a + 1281 a^4 - 41*a^3 + 600*a^2 - 3637*a + 7385 over Number field with defining polynomial x^5-47*x^4+832*x^3-6797*x^2+24877*x-31574
0 6*a^4 + 126*a^3 + 792*a^2 + 1530*a + 870 6*a^4 + 114*a^3 + 612*a^2 + 792*a + 270 -4*a^4 - 80*a^3 - 492*a^2 - 984*a - 544 20*a^2 + 140*a + 136 4*a^4 + 76*a^3 + 428*a^2 + 668*a + 316 2*a^3 + 18*a^2 + 18*a + 18 -12*a^2 - 118*a - 126 2*a^3 + 30*a^2 + 110*a + 56 -2*a^4 - 42*a^3 - 262*a^2 - 462*a - 232 over Number field with defining polynomial x^5+24*x^4+198*x^3+669*x^2+878*x+379
For conductor 1:
traces of hecke eigenvalues of T_{p^1} are:
40 156 400 1464 2380 5220 7240 12720 25260 30784 52060 70644 81400 106080 151740 208920 230764 305320 363024 394420 499360 578760 712980 922180 
computing eigenvalues for k = 1, took 15.326929 sec
traces of hecke eigenvalues of T_{p^2} are:
120 780 2800 
computing eigenvalues for k = 2, took 0.561475 sec
traces of hecke eigenvalues of T_{p^1} are:
86 182 392 873 1215 1995 2581 3838 5365 6480 9606 10892 13236 14582 19139 23400 25852 34897 35237 37780 44283 48396 56160 67494 
computing eigenvalues for k = 1, took 15.444009 sec
traces of hecke eigenvalues of T_{p^2} are:
64 0 336 
computing eigenvalues for k = 2, took 0.557881 sec
traces of hecke eigenvalues of T_{p^1} are:
-5 -29 37 43 8 -91 220 -161 102 302 -115 -795 201 -291 -559 672 847 2469 1322 105 1111 1873 357 -2295 
computing eigenvalues for k = 1, took 8.043461 sec
traces of hecke eigenvalues of T_{p^2} are:
-8 -47 -148 
computing eigenvalues for k = 2, took 0.191124 sec
traces of hecke eigenvalues of T_{p^1} are:
103 269 516 1261 1561 2898 3721 5284 8892 9672 13017 17200 18053 23063 27545 36301 36573 45109 51106 51570 62068 69754 79310 93618 
computing eigenvalues for k = 1, took 15.554658 sec
traces of hecke eigenvalues of T_{p^2} are:
12 54 128 
computing eigenvalues for k = 2, took 0.566202 sec
For conductor 2:
For conductor 107:
For conductor 214:
traces of hecke eigenvalues of T_{p^1} are:
47 128 246 562 822 1343 1710 2463 4216 5026 6961 8347 9716 11007 14782 17086 18901 24491 26195 27582 31960 34381 38537 47676 
computing eigenvalues for k = 1, took 146.050046 sec
traces of hecke eigenvalues of T_{p^2} are:
-12 -12 -32 
computing eigenvalues for k = 2, took 0.568002 sec
traces of hecke eigenvalues of T_{p^1} are:
-24 -29 -3 -22 45 -59 165 -244 226 -132 584 320 -49 -405 782 -80 1248 -13 -528 913 386 -1941 -572 -1459 
computing eigenvalues for k = 1, took 192.616394 sec
traces of hecke eigenvalues of T_{p^2} are:
-8 -15 118 
computing eigenvalues for k = 2, took 0.628718 sec
