constructing eigenvector for poly
x-26
constructing eigenvector for poly
x-48
constructing eigenvector for poly
x-156
constructing eigenvector for poly
x^4-92*x^3+3019*x^2-41328*x+194996
constructing eigenvector for poly
x^19-19*x^18-815*x^17+16924*x^16+220032*x^15-5513572*x^14-18891711*x^13+810592034*x^12-852417878*x^11-52835288854*x^10+178616195142*x^9+1275154731240*x^8-5373777251156*x^7-14847975581912*x^6+63575893165696*x^5+95759876940011*x^4-317860213555575*x^3-348627473267289*x^2+519351827416264*x+557040067445733
constructing eigenvector for poly
x^8-243*x^7+25107*x^6-1436815*x^5+49659116*x^4-1057526374*x^3+13491374029*x^2-93770320117*x+270148856444
constructing eigenvector for poly
x^9-264*x^8+30506*x^7-2025618*x^6+85209279*x^5-2356024466*x^4+42842863391*x^3-494365582942*x^2+3286684748649*x-9597875841256
constructing eigenvector for poly
x^15-497*x^14+114026*x^13-16009732*x^12+1537333921*x^11-106862052297*x^10+5550152906632*x^9-219116405577178*x^8+6622864942333628*x^7-153084004613456536*x^6+2680646951001718400*x^5-34877532682580955328*x^4+325945060397902701504*x^3-2062804752003459048832*x^2+7895415305914445926144*x-13763194590924646448128
constructing eigenvector for poly
x^2+38*x+343
constructing eigenvector for poly
x-36
constructing eigenvector for poly
x^7-27*x^6-109*x^5+6165*x^4-7440*x^3-306946*x^2+127877*x+492979
constructing eigenvector for poly
x^16+56*x^15+376*x^14-27467*x^13-510421*x^12+800850*x^11+78028075*x^10+352686796*x^9-3968295957*x^8-32238472390*x^7+45711489975*x^6+925523702100*x^5+1242102146689*x^4-7352452511556*x^3-16638952672273*x^2+7144692516297*x+21575183069521
constructing eigenvector for poly
x^6-172*x^5+11831*x^4-413326*x^3+7649754*x^2-70146556*x+247132392
constructing eigenvector for poly
x^5-148*x^4+8501*x^3-236848*x^2+3201304*x-16819688
constructing eigenvector for poly
x^5-156*x^4+9409*x^3-271739*x^2+3699993*x-18449076
constructing eigenvector for poly
x^11-47*x^10+584*x^9+3598*x^8-127481*x^7+676762*x^6+3588179*x^5-47210339*x^4+145438583*x^3-50520925*x^2-301202291*x+92915373
constructing eigenvector for poly
x^23+37*x^22-1106*x^21-53068*x^20+161575*x^19+23944382*x^18+91045002*x^17-4937508506*x^16-33314128111*x^15+528436622145*x^14+4408631561483*x^13-31582956001064*x^12-294055831734538*x^11+1086354833961304*x^10+10568888034401190*x^9-21689755031345451*x^8-199160476525581735*x^7+260410236811540602*x^6+1752515690069853946*x^5-2050459333790497192*x^4-5567743985828769882*x^3+8415335786797634320*x^2+509666277196024703*x-3254031886903043061
constructing eigenvector for poly
x^6-162*x^5+10501*x^4-347584*x^3+6181262*x^2-55816640*x+198770456
constructing eigenvector for poly
x^15-463*x^14+98730*x^13-12855100*x^12+1142265317*x^11-73321794003*x^10+3509756373792*x^9-127471746704190*x^8+3538431503566196*x^7-74994338892695272*x^6+1202297278395802304*x^5-14299637018346910912*x^4+121950588689781666240*x^3-702746741942781715840*x^2+2441305293299929895680*x-3843100094581969238016
constructing eigenvector for poly
x-1
constructing eigenvector for poly
x+1
computing eigenvectors took 3.060920 sec
For conductor 1, eigenvectors are:
336 0 72 12 -12 -12 96 -12 18 -102 16 28 8 40 6 -96 18 -42 30 -24 20 22 42 -22 50 8 2 2 36 28 40 4 9 -54 33 -3 -3 42 49 -14 -15 -51 30 22 10 -6 -19 -6 10 52 -18 -6 -31 9 -31 -15 -7 -2 over Number field with defining polynomial x-26
-112 -448 296 -220 -4 -244 -352 416 -82 38 80 164 320 -136 230 128 242 122 -16 152 56 26 86 134 74 104 -202 -82 -16 -76 -256 8 143 -10 -73 -43 -49 122 77 44 -25 -13 -34 -142 -22 74 -121 -58 -208 -100 -112 134 -103 209 -7 29 -49 -58 over Number field with defining polynomial x-48
-1 -1 -1 -1 -1 -1 -1 -1 -1 -1 -1 -1 -1 -1 -1 -1 -1 -1 -1 -1 -1 -1 -1 -1 -1 -1 -1 -1 -1 -1 -1 -1 -1 -1 -1 -1 -1 -1 -1 -1 -1 -1 -1 -1 -1 -1 -1 -1 -1 -1 -1 -1 -1 -1 -1 -1 -1 -1 over Number field with defining polynomial x-156
984*a^3 - 377520*a^2 + 20380392*a - 277529328 -95728*a^3 + 6848768*a^2 - 152166416*a + 1008794176 -300*a^3 - 72744*a^2 + 4837356*a - 66808680 -23848*a^3 + 1693840*a^2 - 37372984*a + 245765808 -24016*a^3 + 1730544*a^2 - 38710224*a + 258631280 2524*a^3 - 149896*a^2 + 3757156*a - 44963880 792*a^3 - 116016*a^2 + 5352840*a - 71955984 -18536*a^3 + 1291024*a^2 - 27715816*a + 175477376 -1420*a^3 + 169008*a^2 - 6440628*a + 80647328 7858*a^3 - 583516*a^2 + 13867870*a - 102814716 8696*a^3 - 780144*a^2 + 21583816*a - 183836784 -8008*a^3 + 524144*a^2 - 9960504*a + 46651440 -19552*a^3 + 1422240*a^2 - 32244928*a + 219279808 11976*a^3 - 1003312*a^2 + 26272120*a - 212669296 -3704*a^3 + 187640*a^2 - 2194880*a - 1847952 8160*a^3 - 611528*a^2 + 14634416*a - 109383080 3008*a^3 - 202376*a^2 + 4355816*a - 28982736 -4040*a^3 + 261048*a^2 - 4869360*a + 23882992 -1908*a^3 + 193040*a^2 - 6535004*a + 73288976 3644*a^3 - 275512*a^2 + 6781908*a - 54902280 -6460*a^3 + 508504*a^2 - 12910836*a + 104288584 -8564*a^3 + 572344*a^2 - 11892588*a + 73797048 4168*a^3 - 324992*a^2 + 8376984*a - 69580608 -7616*a^3 + 538864*a^2 - 11425152*a + 65760720 5260*a^3 - 360184*a^2 + 7836868*a - 53564040 -2576*a^3 + 108608*a^2 - 678304*a - 8183600 4168*a^3 - 243344*a^2 + 5097416*a - 47154592 -8418*a^3 + 590580*a^2 - 13307374*a + 94975844 4076*a^3 - 275048*a^2 + 6059876*a - 43045080 -10184*a^3 + 721664*a^2 - 16033016*a + 106382208 4182*a^3 - 310420*a^2 + 7558746*a - 59168084 -4332*a^3 + 333832*a^2 - 7740740*a + 49153752 4912*a^3 - 310104*a^2 + 5629776*a - 20586920 2996*a^3 - 226272*a^2 + 5228100*a - 33598024 2020*a^3 - 101232*a^2 + 386004*a + 24116200 3854*a^3 - 275444*a^2 + 5910242*a - 33971124 1854*a^3 - 77892*a^2 - 369390*a + 32196972 4642*a^3 - 295732*a^2 + 5633326*a - 28080900 5086*a^3 - 414404*a^2 + 10265618*a - 75999076 1410*a^3 - 88468*a^2 + 1601630*a - 6403380 3504*a^3 - 269448*a^2 + 6408864*a - 44601768 -2644*a^3 + 161480*a^2 - 2572396*a + 5787560 1900*a^3 - 137880*a^2 + 2992932*a - 18565784 4634*a^3 - 362412*a^2 + 8912182*a - 67583580 -5778*a^3 + 448316*a^2 - 11247966*a + 89455276 556*a^3 - 96432*a^2 + 3354252*a - 30651272 2442*a^3 - 155220*a^2 + 3170774*a - 22467508 -364*a^3 + 52344*a^2 - 2093604*a + 26069768 2808*a^3 - 186480*a^2 + 4047352*a - 27688448 -7552*a^3 + 551208*a^2 - 13021424*a + 97574424 3164*a^3 - 244584*a^2 + 6009348*a - 46147960 -192*a^3 + 29168*a^2 - 827560*a + 2986440 -604*a^3 + 37064*a^2 - 572204*a + 959728 2892*a^3 - 163440*a^2 + 2671292*a - 11046712 -37352*a^2 + 1516880*a - 12492536 3472*a^2 - 122904*a - 1279528 37920*a^2 - 1921776*a + 24354000 -4672*a^3 + 340304*a^2 - 7584264*a + 47292024 over Number field with defining polynomial x^4-92*x^3+3019*x^2-41328*x+194996
a vector of length 58 over Number field with defining polynomial a number field of degree 19
194*a^7 - 38922*a^6 + 3222554*a^5 - 142422470*a^4 + 3616947864*a^3 - 52378190560*a^2 + 392680447010*a - 1113846789630 -140*a^7 + 31780*a^6 - 3087284*a^5 + 165716484*a^4 - 5269205872*a^3 + 98187721480*a^2 - 979462978636*a + 3971696734876 -7*a^7 + 1503*a^6 - 128299*a^5 + 5502781*a^4 - 123288168*a^3 + 1368909176*a^2 - 6987559675*a + 23741027229 56*a^7 - 11768*a^6 + 1007648*a^5 - 45090040*a^4 + 1120558760*a^3 - 15040602304*a^2 + 95022653160*a - 177505365680 -126*a^7 + 27658*a^6 - 2551290*a^5 + 127948282*a^4 - 3755161696*a^3 + 64134463044*a^2 - 584754142478*a + 2163353733118 -34*a^7 + 5798*a^6 - 368674*a^5 + 10108602*a^4 - 67084604*a^3 - 2251397764*a^2 + 45384711886*a - 234520194442 104*a^7 - 20964*a^6 + 1739576*a^5 - 76714016*a^4 + 1931762100*a^3 - 27558004456*a^2 + 203327783180*a - 580664422044 148*a^7 - 34658*a^6 + 3403777*a^5 - 180975153*a^4 + 5597536127*a^3 - 100079092046*a^2 + 949703647418*a - 3645174737441 -147*a^7 + 31843*a^6 - 2873487*a^5 + 139735615*a^4 - 3943381708*a^3 + 64270364238*a^2 - 555420548105*a + 1933266790555 173*a^7 - 35017*a^6 + 2912951*a^5 - 128223501*a^4 + 3197164846*a^3 - 44611332268*a^2 + 316901183317*a - 859369453105 174*a^7 - 35450*a^6 + 2962140*a^5 - 130759990*a^4 + 3266447394*a^3 - 45659168122*a^2 + 325690773216*a - 897133037330 -234*a^7 + 50452*a^6 - 4531904*a^5 + 219244800*a^4 - 6143787584*a^3 + 99025816572*a^2 - 839453897420*a + 2817611670830 244*a^7 - 54240*a^6 + 5051934*a^5 - 254982794*a^4 + 7508839422*a^3 - 128463286904*a^2 + 1174945434332*a - 4390456670834 196*a^7 - 41620*a^6 + 3652784*a^5 - 171116036*a^4 + 4598602012*a^3 - 70421514324*a^2 + 563384627600*a - 1787334895716 -52*a^7 + 10384*a^6 - 843124*a^5 + 35729555*a^4 - 841495450*a^3 + 10771256837*a^2 - 66735210951*a + 142782911935 231*a^7 - 46586*a^6 + 3856107*a^5 - 168729464*a^4 + 4180459517*a^3 - 58005403557*a^2 + 411196080103*a - 1126203482711 -7*a^7 + 1601*a^6 - 154963*a^5 + 8130234*a^4 - 247673768*a^3 + 4376654567*a^2 - 41916240314*a + 171290326316 -18*a^7 + 1660*a^6 + 72777*a^5 - 15205670*a^4 + 773308571*a^3 - 18234510573*a^2 + 203724354289*a - 847447380566 144*a^7 - 30725*a^6 + 2727885*a^5 - 130570463*a^4 + 3639023780*a^3 - 59089362498*a^2 + 518359861735*a - 1899778859426 168*a^7 - 33844*a^6 + 2795850*a^5 - 122068326*a^4 + 3021130190*a^3 - 42033819628*a^2 + 301787639992*a - 859211242654 232*a^7 - 49200*a^6 + 4336284*a^5 - 205588644*a^4 + 5655034732*a^3 - 90114667892*a^2 + 769027213948*a - 2705452562944 -187*a^7 + 40650*a^6 - 3677254*a^5 + 179047894*a^4 - 5052468918*a^3 + 82238274410*a^2 - 709226502454*a + 2463319786191 -80*a^7 + 16710*a^6 - 1448532*a^5 + 67229256*a^4 - 1788092234*a^3 + 26758218172*a^2 - 200288081066*a + 515972523134 -84*a^7 + 18318*a^6 - 1672070*a^5 + 82590050*a^4 - 2375120224*a^3 + 39542232276*a^2 - 349666262610*a + 1247125196920 -38*a^7 + 7096*a^6 - 528124*a^5 + 19901594*a^4 - 394913396*a^3 + 3757530658*a^2 - 10465274878*a - 33478177684 -103*a^7 + 22289*a^6 - 2005424*a^5 + 97044377*a^4 - 2720061111*a^3 + 43966581769*a^2 - 376636107768*a + 1300846582375 -124*a^7 + 23892*a^6 - 1858974*a^5 + 74835212*a^4 - 1652707130*a^3 + 19343581158*a^2 - 102409969962*a + 139211222140 98*a^7 - 21108*a^6 + 1886868*a^5 - 90448272*a^4 + 2500600232*a^3 - 39632833072*a^2 + 330110533028*a - 1093733901878 140*a^7 - 28682*a^6 + 2426526*a^5 - 109658274*a^4 + 2856725540*a^3 - 42989387488*a^2 + 348819682238*a - 1200231655764 -54*a^7 + 12132*a^6 - 1132464*a^5 + 56867188*a^4 - 1656929464*a^3 + 27966291120*a^2 - 252552070280*a + 936827387222 68*a^7 - 13482*a^6 + 1095988*a^5 - 47146698*a^4 + 1153358430*a^3 - 15946306018*a^2 + 114479814504*a - 326352363752 -14*a^7 + 2498*a^6 - 162160*a^5 + 4089606*a^4 + 10688274*a^3 - 2501170418*a^2 + 43687290132*a - 235057705866 -21*a^7 + 2887*a^6 - 102969*a^5 - 2648978*a^4 + 275019080*a^3 - 7136522775*a^2 + 74929947022*a - 246925641902 37*a^7 - 7389*a^6 + 605488*a^5 - 26132938*a^4 + 632058903*a^3 - 8348745404*a^2 + 52809516901*a - 104220648336 -65*a^7 + 14220*a^6 - 1293332*a^5 + 63165248*a^4 - 1780132884*a^3 + 28722064678*a^2 - 242294885504*a + 802729441557 5*a^7 - 1870*a^6 + 244676*a^5 - 15923208*a^4 + 575628346*a^3 - 11728787836*a^2 + 125473788052*a - 544108315993 -124*a^7 + 26630*a^6 - 2379076*a^5 + 114451104*a^4 - 3196149254*a^3 + 51649865918*a^2 - 444647401034*a + 1556332310996 14*a^7 - 4080*a^6 + 463968*a^5 - 27019810*a^4 + 871946340*a^3 - 15492059422*a^2 + 137634456970*a - 448480402600 -122*a^7 + 25787*a^6 - 2254800*a^5 + 105447299*a^4 - 2839396791*a^3 + 43829855435*a^2 - 356801836684*a + 1169839991484 -7*a^7 + 1544*a^6 - 140594*a^5 + 6782580*a^4 - 184834214*a^3 + 2799697830*a^2 - 21390198742*a + 61871967343 -14*a^7 + 2277*a^6 - 131781*a^5 + 2485196*a^4 + 52895486*a^3 - 3138761699*a^2 + 50261663964*a - 275978395557 -30*a^7 + 5020*a^6 - 307546*a^5 + 7350644*a^4 + 17846860*a^3 - 4010115542*a^2 + 65540358252*a - 322648092442 -46*a^7 + 10334*a^6 - 964442*a^5 + 48322648*a^4 - 1398550900*a^3 + 23262059630*a^2 - 204315080888*a + 721735280032 60*a^7 - 13490*a^6 + 1258518*a^5 - 62957032*a^4 + 1815727812*a^3 - 29986551682*a^2 + 259693084092*a - 891934653122 138*a^7 - 29246*a^6 + 2571906*a^5 - 121420386*a^4 + 3316366420*a^3 - 52255697084*a^2 + 437972700914*a - 1495814522390 -57*a^7 + 11905*a^6 - 1026296*a^5 + 47173854*a^4 - 1243389193*a^3 + 18689030476*a^2 - 147254118357*a + 464843800294 -81*a^7 + 16196*a^6 - 1329495*a^5 + 57785311*a^4 - 1427052267*a^3 + 19841099920*a^2 - 141713333532*a + 390739261136 -100*a^7 + 21653*a^6 - 1950668*a^5 + 94561823*a^4 - 2656053469*a^3 + 43030767645*a^2 - 369537878150*a + 1280159767370 69*a^7 - 13404*a^6 + 1062050*a^5 - 44224351*a^4 + 1038508664*a^3 - 13667711887*a^2 + 93198774359*a - 259262753572 128*a^7 - 27896*a^6 + 2524398*a^5 - 122489156*a^4 + 3423855670*a^3 - 54700425070*a^2 + 456429352362*a - 1496568046384 -1049*a^6 + 194603*a^5 - 14573285*a^4 + 561288830*a^3 - 11655266222*a^2 + 122636333501*a - 503651872578 860*a^6 - 165516*a^5 + 12763970*a^4 - 503086390*a^3 + 10642778212*a^2 - 113800997414*a + 474989191384 270*a^6 - 46437*a^5 + 3185218*a^4 - 111343569*a^3 + 2098429573*a^2 - 20446839981*a + 82240469800 510*a^6 - 100445*a^5 + 7920953*a^4 - 320031575*a^3 + 6992331938*a^2 - 78439747946*a + 353454162839 -149*a^6 + 30238*a^5 - 2445127*a^4 + 100649613*a^3 - 2211037955*a^2 + 24209109614*a - 100033227010 -158*a^6 + 26562*a^5 - 1835522*a^4 + 67013670*a^3 - 1365092162*a^2 + 14679862566*a - 64634983590 745*a^6 - 138714*a^5 + 10341915*a^4 - 393360303*a^3 + 8007146415*a^2 - 82045266924*a + 325702214690 -38*a^7 + 8788*a^6 - 839152*a^5 + 42804616*a^4 - 1256855206*a^3 + 21188939230*a^2 - 189291512804*a + 687658364124 over Number field with defining polynomial x^8-243*x^7+25107*x^6-1436815*x^5+49659116*x^4-1057526374*x^3+13491374029*x^2-93770320117*x+270148856444
144*a^7 - 29280*a^6 + 2519616*a^5 - 119019024*a^4 + 3334331424*a^3 - 55410970032*a^2 + 505810276464*a - 1956575229504 96*a^8 - 22848*a^7 + 2342112*a^6 - 135098832*a^5 + 4798134672*a^4 - 107495185200*a^3 + 1484391875616*a^2 - 11558314440960*a + 38878401743952 -24*a^8 + 5160*a^7 - 471960*a^6 + 23952744*a^5 - 736137168*a^4 + 13978364832*a^3 - 159207224616*a^2 + 984189136920*a - 2479615694880 -120*a^8 + 28332*a^7 - 2878272*a^6 + 164374224*a^5 - 5774402244*a^4 + 127861019928*a^3 - 1744057582092*a^2 + 13409414877228*a - 44530117936056 -120*a^8 + 28092*a^7 - 2831712*a^6 + 160636848*a^5 - 5612920404*a^4 + 123790168632*a^3 - 1683994232988*a^2 + 12927946846716*a - 42909417579096 12*a^8 - 2628*a^7 + 242640*a^6 - 12269748*a^5 + 368800020*a^4 - 6660668532*a^3 + 68841545016*a^2 - 350912681460*a + 549869948088 12*a^8 - 2616*a^7 + 242280*a^6 - 12464820*a^5 + 390250776*a^4 - 7628471028*a^3 + 91129612068*a^2 - 609880499184*a + 1756171316640 -48*a^8 + 11460*a^7 - 1179048*a^6 + 68291880*a^5 - 2436476412*a^4 + 54852859992*a^3 - 761373071964*a^2 + 5960346699468*a - 20159298893280 12*a^8 - 2376*a^7 + 195156*a^6 - 8541828*a^5 + 210616188*a^4 - 2739448608*a^3 + 12021326304*a^2 + 94782466536*a - 909239304696 528*a^7 - 104748*a^6 + 8724288*a^5 - 396010644*a^4 + 10598128956*a^3 - 167498688924*a^2 + 1449702040104*a - 5307578811672 -72*a^7 + 13128*a^6 - 1008408*a^5 + 42276480*a^4 - 1044498000*a^3 + 15204830952*a^2 - 120715045200*a + 402998340048 -228*a^7 + 46848*a^6 - 4063512*a^5 + 192902508*a^4 - 5414348016*a^3 + 89887768860*a^2 - 817688953812*a + 3145831024440 -48*a^8 + 11268*a^7 - 1138944*a^6 + 64766592*a^5 - 2267389236*a^4 + 50070311880*a^3 - 681532112796*a^2 + 5231247008820*a - 17347245153408 72*a^7 - 14700*a^6 + 1277988*a^5 - 61119660*a^4 + 1732368768*a^3 - 29057237880*a^2 + 266857407468*a - 1034978728008 60*a^8 - 14040*a^7 + 1413396*a^6 - 79980492*a^5 + 2784091668*a^4 - 61088968584*a^3 + 825772524480*a^2 - 6292346636424*a + 20710435239504 -72*a^7 + 15462*a^6 - 1376352*a^5 + 66090846*a^4 - 1856701374*a^3 + 30627835986*a^2 - 275508564696*a + 1045023858888 -6*a^8 + 1440*a^7 - 147060*a^6 + 8341494*a^5 - 287509464*a^4 + 6171875646*a^3 - 80677039074*a^2 + 587817142920*a - 1829558702568 60*a^8 - 13776*a^7 + 1362090*a^6 - 75805770*a^5 + 2599386546*a^4 - 56280939324*a^3 + 752002100136*a^2 - 5673573057978*a + 18518271805584 -18*a^8 + 3924*a^7 - 365058*a^6 + 18913770*a^5 - 596337810*a^4 + 11702993016*a^3 - 139363362420*a^2 + 918241172388*a - 2551636955424 -6*a^8 + 1242*a^7 - 108756*a^6 + 5232498*a^5 - 149916690*a^4 + 2577496302*a^3 - 25137018468*a^2 + 116971810302*a - 137703562536 60*a^8 - 14094*a^7 + 1423836*a^6 - 80832624*a^5 + 2822177682*a^4 - 62097007968*a^3 + 841591123686*a^2 - 6428739980802*a + 21209200745232 84*a^7 - 17400*a^6 + 1528176*a^5 - 73694100*a^4 + 2105489760*a^3 - 35616321900*a^2 + 330175235148*a - 1293907979640 -60*a^7 + 11142*a^6 - 867090*a^5 + 36760782*a^4 - 919857072*a^3 + 13627674084*a^2 - 111000662142*a + 384470901444 12*a^8 - 2514*a^7 + 222660*a^6 - 10837620*a^5 + 314661546*a^4 - 5506691268*a^3 + 55262298378*a^2 - 273236112750*a + 408355915764 -6*a^8 + 1608*a^7 - 180702*a^6 + 11180352*a^5 - 418468134*a^4 + 9742860306*a^3 - 138302877726*a^2 + 1097913518874*a - 3741930768204 -12*a^8 + 2652*a^7 - 250524*a^6 + 13215300*a^5 - 425863200*a^4 + 8586446544*a^3 - 105790638492*a^2 + 728126102772*a - 2142507771072 -6*a^8 + 1350*a^7 - 129600*a^6 + 6939978*a^5 - 226953774*a^4 + 4645306410*a^3 - 58153283160*a^2 + 407266631478*a - 1221796068708 12*a^8 - 2760*a^7 + 269964*a^6 - 14663076*a^5 + 483570756*a^4 - 9911812440*a^3 + 123226550616*a^2 - 848415169608*a + 2470615852824 -6*a^8 + 1416*a^7 - 143556*a^6 + 8178906*a^5 - 286886592*a^4 + 6353952066*a^3 - 86899398174*a^2 + 671830079244*a - 2250385901256 300*a^7 - 60816*a^6 + 5179008*a^5 - 240385836*a^4 + 6575804808*a^3 - 106151012724*a^2 + 937474611084*a - 3498382908816 -204*a^7 + 41988*a^6 - 3632328*a^5 + 171323856*a^4 - 4762927764*a^3 + 78134932056*a^2 - 701156879988*a + 2658089503152 60*a^8 - 13866*a^7 + 1379574*a^6 - 77239170*a^5 + 2663858376*a^4 - 58001885172*a^3 + 779290719354*a^2 - 5911734169332*a + 19401213858144 -6*a^8 + 1440*a^7 - 147906*a^6 + 8492436*a^5 - 298307370*a^4 + 6570683562*a^3 - 88738369374*a^2 + 672720652374*a - 2194762739748 -168*a^7 + 31896*a^6 - 2534394*a^5 + 109427880*a^4 - 2777276346*a^3 + 41495042730*a^2 - 338391023982*a + 1163312258112 228*a^7 - 45108*a^6 + 3749190*a^5 - 169918116*a^4 + 4541751498*a^3 - 71699941554*a^2 + 619846194306*a - 2266396335756 -30*a^7 + 3486*a^6 - 72690*a^5 - 6983232*a^4 + 468950868*a^3 - 11926602558*a^2 + 142438489920*a - 664500586596 -192*a^7 + 38862*a^6 - 3308676*a^5 + 153739398*a^4 - 4215296778*a^3 + 68279487294*a^2 - 605672584212*a + 2272069747632 -84*a^7 + 15492*a^6 - 1180620*a^5 + 48181560*a^4 - 1136588568*a^3 + 15466645284*a^2 - 111891235272*a + 328847739936 18*a^7 - 4344*a^6 + 425358*a^5 - 22152174*a^4 + 667596882*a^3 - 11706338544*a^2 + 111059466840*a - 441246903828 -6*a^8 + 1236*a^7 - 106692*a^6 + 5006388*a^5 - 137905164*a^4 + 2224326396*a^3 - 19236310548*a^2 + 64321604022*a + 57665010576 192*a^7 - 36786*a^6 + 2961066*a^5 - 130114974*a^4 + 3378581100*a^3 - 51944195292*a^2 + 438567815946*a - 1570795704564 -12*a^8 + 2526*a^7 - 225336*a^6 + 11098128*a^5 - 328751442*a^4 + 5957751900*a^3 - 63742896798*a^2 + 359654488566*a - 776302373004 -216*a^7 + 42756*a^6 - 3545280*a^5 + 159901212*a^4 - 4245087204*a^3 + 66465853860*a^2 - 569291255928*a + 2060975720688 192*a^7 - 36612*a^6 + 2921388*a^5 - 126626460*a^4 + 3224922768*a^3 - 48327599376*a^2 + 395067952860*a - 1360510873512 -12*a^8 + 2760*a^7 - 271440*a^6 + 14911776*a^5 - 500699040*a^4 + 10529781624*a^3 - 135560498712*a^2 + 977683927956*a - 3027008549664 -6*a^8 + 1416*a^7 - 142470*a^6 + 7981740*a^5 - 272410818*a^4 + 5802906870*a^3 - 75395911638*a^2 + 546604336530*a - 1693618303896 -132*a^7 + 25626*a^6 - 2104200*a^5 + 94764618*a^4 - 2528761266*a^3 + 39996102870*a^2 - 347317962024*a + 1278002875596 30*a^7 - 5874*a^6 + 478878*a^5 - 21132312*a^4 + 546405180*a^3 - 8294236158*a^2 + 68556148056*a - 238374876552 42*a^7 - 8934*a^6 + 795984*a^5 - 38527416*a^4 + 1095457218*a^3 - 18324120600*a^2 + 167218073658*a - 643115902944 -72*a^7 + 14724*a^6 - 1267668*a^5 + 59604204*a^4 - 1654429128*a^3 + 27135723480*a^2 - 243756859332*a + 925961522400 -18*a^7 + 2622*a^6 - 138858*a^5 + 2724516*a^4 + 21011892*a^3 - 1775983194*a^2 + 27446469780*a - 142974495252 114*a^7 - 22950*a^6 + 1934790*a^5 - 88675920*a^4 + 2390786256*a^3 - 37989185790*a^2 + 329985271956*a - 1210623002088 108*a^7 - 21816*a^6 + 1848252*a^5 - 85304232*a^4 + 2320800204*a^3 - 37280853420*a^2 + 327888178452*a - 1219563547260 -48*a^7 + 9288*a^6 - 756972*a^5 + 33707652*a^4 - 886652436*a^3 + 13793265744*a^2 - 117640543488*a + 424817086548 -6*a^7 + 1092*a^6 - 85338*a^5 + 3744378*a^4 - 100179810*a^3 + 1636119192*a^2 - 15056849004*a + 59897532024 36*a^7 - 7050*a^6 + 590256*a^5 - 27349314*a^4 + 755456394*a^3 - 12409571382*a^2 + 112036875048*a - 428368702500 96*a^7 - 19536*a^6 + 1675542*a^5 - 78517680*a^4 + 2171977134*a^3 - 35486738958*a^2 + 317307392130*a - 1198747828920 -6*a^8 + 1248*a^7 - 109752*a^6 + 5312622*a^5 - 154023672*a^4 + 2714486874*a^3 - 27929540370*a^2 + 148037729196*a - 281147415372 over Number field with defining polynomial x^9-264*x^8+30506*x^7-2025618*x^6+85209279*x^5-2356024466*x^4+42842863391*x^3-494365582942*x^2+3286684748649*x-9597875841256
a vector of length 58 over Number field with defining polynomial a number field of degree 15
For conductor 2, eigenvectors are:
3 a+16 over Number field with defining polynomial x^2+38*x+343
For conductor 3, eigenvectors are:
For conductor 6, eigenvectors are:
-5 -1 -5 -11 3 -7 -2 4 -4 -7 -3 2 4 -3 1 -2 0 -1 1 -2 0 2 -4 2 2 4 -1 0 0 -2 over Number field with defining polynomial x-36
-2*a^6 + 72*a^5 - 630*a^4 - 2910*a^3 + 43070*a^2 + 56012*a - 470612 -a^6 + 26*a^5 + 10*a^4 - 4405*a^3 + 30410*a^2 - 60269*a + 159229 10*a^5 - 400*a^4 + 2250*a^3 + 30550*a^2 - 160050*a - 372360 10*a^5 - 50*a^4 - 3150*a^3 + 10900*a^2 + 237800*a - 120510 5*a^5 - 125*a^4 - 175*a^3 + 21850*a^2 - 55200*a - 403855 -5*a^5 + 25*a^4 + 1575*a^3 - 5450*a^2 - 118900*a + 60255 5*a^5 - 175*a^4 + 2025*a^3 + 1800*a^2 - 127750*a + 311595 a^6 - 41*a^5 + 165*a^4 + 7730*a^3 - 48160*a^2 - 252331*a + 605136 -15*a^5 + 250*a^4 + 2025*a^3 - 26175*a^2 - 82775*a + 106690 -a^6 + 21*a^5 + 110*a^4 - 3630*a^3 + 7535*a^2 + 42156*a + 141309 a^6 - 21*a^5 - 85*a^4 + 2530*a^3 + 9990*a^2 - 108381*a - 279034 a^6 - 36*a^5 + 290*a^4 + 2055*a^3 - 22560*a^2 - 18281*a - 86469 -a^6 + 31*a^5 + 10*a^4 - 6580*a^3 + 21885*a^2 + 291406*a - 119251 5*a^5 - 25*a^4 - 1575*a^3 + 5450*a^2 + 81400*a + 39745 a^6 - 31*a^5 - 35*a^4 + 6180*a^3 - 9910*a^2 - 317181*a + 320976 -a^6 + 26*a^5 + 85*a^4 - 4705*a^3 - 3515*a^2 + 217556*a + 540554 -a^6 + 26*a^5 - 140*a^4 - 805*a^3 + 11760*a^2 - 64419*a - 8921 -75*a^4 + 2300*a^3 - 4575*a^2 - 156825*a + 34175 a^6 - 21*a^5 - 210*a^4 + 5530*a^3 - 135*a^2 - 262256*a + 194591 a^6 - 26*a^5 - 60*a^4 + 4605*a^3 - 4460*a^2 - 235781*a + 360721 -a^6 + 36*a^5 - 90*a^4 - 5855*a^3 + 22760*a^2 + 215981*a - 45331 -10*a^5 + 150*a^4 + 1250*a^3 - 10800*a^2 - 82700*a - 95390 10*a^5 - 275*a^4 + 750*a^3 + 26175*a^2 - 119175*a - 469985 -5*a^5 + 175*a^4 - 2025*a^3 + 5700*a^2 + 25250*a - 91595 -a^6 + 26*a^5 + 60*a^4 - 4605*a^3 + 11960*a^2 + 133281*a - 140721 10*a^5 - 275*a^4 + 1250*a^3 + 17175*a^2 - 127675*a + 109515 -5*a^5 + 125*a^4 - 325*a^3 - 5350*a^2 - 1300*a - 55645 -a^6 + 26*a^5 + 85*a^4 - 5205*a^3 + 5485*a^2 + 263556*a - 138946 0 25*a^4 - 600*a^3 + 1025*a^2 + 27775*a + 221775 over Number field with defining polynomial x^7-27*x^6-109*x^5+6165*x^4-7440*x^3-306946*x^2+127877*x+492979
a vector of length 30 over Number field with defining polynomial a number field of degree 16
4*a^5 - 632*a^4 + 38484*a^3 - 1124040*a^2 + 15603592*a - 80888496 -8*a^4 + 736*a^3 - 26232*a^2 + 488800*a - 4504032 72*a^4 - 9244*a^3 + 424668*a^2 - 8156720*a + 53537016 -2*a^5 + 240*a^4 - 10882*a^3 + 228232*a^2 - 2168476*a + 7754448 -4*a^5 + 576*a^4 - 32164*a^3 + 865736*a^2 - 11136960*a + 54066480 -4*a^5 + 522*a^4 - 26246*a^3 + 630724*a^2 - 7222996*a + 32207760 -56*a^4 + 6320*a^3 - 258304*a^2 + 4466632*a - 26822016 -4*a^5 + 584*a^4 - 32900*a^3 + 891968*a^2 - 11625760*a + 58570512 34*a^4 - 4998*a^3 + 252024*a^2 - 5165044*a + 35294064 528*a^3 - 41800*a^2 + 1020840*a - 7167680 -20*a^4 + 2700*a^3 - 128784*a^2 + 2537560*a - 16831568 -2*a^5 + 292*a^4 - 16450*a^3 + 445984*a^2 - 5812880*a + 29285256 -2*a^5 + 282*a^4 - 15364*a^3 + 402492*a^2 - 5054520*a + 24453312 62*a^4 - 8158*a^3 + 381176*a^2 - 7398360*a + 48705072 28*a^4 - 3160*a^3 + 129152*a^2 - 2233316*a + 13411008 10*a^4 - 1086*a^3 + 43492*a^2 - 758360*a + 4831944 -2*a^5 + 278*a^4 - 14732*a^3 + 368476*a^2 - 4299700*a + 18617456 38*a^4 - 4246*a^3 + 172644*a^2 - 2991676*a + 18242952 2*a^5 - 316*a^4 + 18978*a^3 - 541120*a^2 + 7291376*a - 36860408 2*a^5 - 292*a^4 + 16450*a^3 - 445984*a^2 + 5812880*a - 29285256 -4*a^5 + 556*a^4 - 29464*a^3 + 736952*a^2 - 8599400*a + 37234912 -10*a^4 + 1086*a^3 - 43492*a^2 + 758360*a - 4831944 20*a^4 - 2172*a^3 + 86984*a^2 - 1516720*a + 9663888 14*a^4 - 1718*a^3 + 77508*a^2 - 1513180*a + 10667800 2*a^5 - 288*a^4 + 15818*a^3 - 411968*a^2 + 5058060*a - 23449400 4*a^4 - 632*a^3 + 34016*a^2 - 754820*a + 5835856 -28*a^4 + 3160*a^3 - 129152*a^2 + 2233316*a - 13411008 2*a^5 - 278*a^4 + 14732*a^3 - 368476*a^2 + 4299700*a - 18617456 -2*a^5 + 278*a^4 - 14732*a^3 + 368476*a^2 - 4299700*a + 18617456 10*a^4 - 1086*a^3 + 43492*a^2 - 758360*a + 4831944 over Number field with defining polynomial x^6-172*x^5+11831*x^4-413326*x^3+7649754*x^2-70146556*x+247132392
For conductor 101, eigenvectors are:
For conductor 202, eigenvectors are:
9*a^4 - 1094*a^3 + 47745*a^2 - 888342*a + 5971448 -23*a^4 + 2592*a^3 - 106731*a^2 + 1900808*a - 12363276 -23*a^4 + 2578*a^3 - 105585*a^2 + 1869308*a - 12082924 7*a^4 - 818*a^3 + 33921*a^2 - 592108*a + 3703364 -6*a^4 + 712*a^3 - 31158*a^2 + 593628*a - 4130020 14*a^3 - 1146*a^2 + 31500*a - 280352 3*a^4 - 368*a^3 + 15441*a^2 - 263214*a + 1561076 4*a^4 - 450*a^3 + 18480*a^2 - 328894*a + 2142288 -6*a^4 + 726*a^3 - 32304*a^2 + 625128*a - 4410372 -4*a^4 + 320*a^3 - 7870*a^2 + 45474*a + 300936 56*a^3 - 4110*a^2 + 96958*a - 742356 16*a^3 - 1140*a^2 + 27396*a - 218500 4*a^4 - 488*a^3 + 21456*a^2 - 402560*a + 2727996 -6*a^4 + 654*a^3 - 26204*a^2 + 457620*a - 2938156 32*a^3 - 3062*a^2 + 91962*a - 859812 4*a^4 - 434*a^3 + 17340*a^2 - 301498*a + 1923788 -54*a^3 + 4116*a^2 - 101062*a + 804208 30*a^3 - 3068*a^2 + 96066*a - 921664 -40*a^3 + 2970*a^2 - 69562*a + 523856 -2*a^4 + 220*a^3 - 8864*a^2 + 156122*a - 1014368 86*a^3 - 7178*a^2 + 193024*a - 1664020 over Number field with defining polynomial x^5-148*x^4+8501*x^3-236848*x^2+3201304*x-16819688
4*a^4 - 476*a^3 + 20098*a^2 - 350266*a + 2041120 4*a^4 - 470*a^3 + 19512*a^2 - 332630*a + 1882784 4*a^4 - 475*a^3 + 19990*a^2 - 346587*a + 1999124 2*a^4 - 242*a^3 + 10433*a^2 - 186981*a + 1137772 -a^4 + 113*a^3 - 4447*a^2 + 70255*a - 353920 5*a^3 - 478*a^2 + 13957*a - 116340 3*a^4 - 358*a^3 + 15173*a^2 - 266054*a + 1570860 -a^4 + 116*a^3 - 4740*a^2 + 79073*a - 433088 -a^4 + 118*a^3 - 4925*a^2 + 84212*a - 470260 -a^4 + 114*a^3 - 4593*a^2 + 76724*a - 440460 a^4 - 123*a^3 + 5383*a^2 - 97081*a + 577300 a^4 - 119*a^3 + 4998*a^2 - 85540*a + 473060 -4*a^3 + 351*a^2 - 8883*a + 52072 -2*a^4 + 235*a^3 - 9756*a^2 + 166315*a - 941392 -3*a^3 + 259*a^2 - 6160*a + 27000 -3*a^3 + 258*a^2 - 6467*a + 39972 -a^3 + 93*a^2 - 2416*a + 12100 -a^4 + 121*a^3 - 5217*a^2 + 93337*a - 562400 4*a^3 - 385*a^2 + 11541*a - 104240 -2*a^4 + 232*a^3 - 9498*a^2 + 159848*a - 901420 -2*a^3 + 166*a^2 - 3744*a + 14900 over Number field with defining polynomial x^5-156*x^4+9409*x^3-271739*x^2+3699993*x-18449076
a vector of length 21 over Number field with defining polynomial a number field of degree 11
For conductor 303, eigenvectors are:
a vector of length 44 over Number field with defining polynomial a number field of degree 23
48*a^5 - 6544*a^4 + 341536*a^3 - 8426752*a^2 + 96280320*a - 392537792 16*a^5 - 2184*a^4 + 114104*a^3 - 2820992*a^2 + 32427440*a - 134417760 -8*a^5 + 1088*a^4 - 56664*a^3 + 1392384*a^2 - 15712720*a + 61851136 12*a^5 - 1552*a^4 + 77060*a^3 - 1820472*a^2 + 20165992*a - 81774128 -8*a^5 + 1136*a^4 - 61160*a^3 + 1543312*a^2 - 17993040*a + 75649120 4*a^5 - 628*a^4 + 37272*a^3 - 1043136*a^2 + 13768592*a - 68674640 -18*a^5 + 2500*a^4 - 133334*a^3 + 3386556*a^2 - 40611964*a + 181693256 32*a^4 - 3000*a^3 + 94256*a^2 - 1115728*a + 3491424 -18*a^5 + 2506*a^4 - 133800*a^3 + 3398068*a^2 - 40717800*a + 181957168 10*a^5 - 1442*a^4 + 79636*a^3 - 2093076*a^2 + 26041872*a - 121952736 -8*a^5 + 1104*a^4 - 58220*a^3 + 1455288*a^2 - 17109992*a + 74721264 8*a^5 - 1136*a^4 + 61628*a^3 - 1585256*a^2 + 19194376*a - 86551792 -4*a^5 + 596*a^4 - 33384*a^3 + 871768*a^2 - 10515344*a + 45986592 24*a^4 - 2592*a^3 + 97536*a^2 - 1469744*a + 7225280 4*a^5 - 604*a^4 + 34572*a^3 - 934160*a^2 + 11879272*a - 56480336 4*a^5 - 424*a^4 + 16248*a^3 - 267648*a^2 + 1586256*a + 172416 6*a^5 - 828*a^4 + 43718*a^3 - 1094004*a^2 + 12806668*a - 54852024 -12*a^5 + 1716*a^4 - 93140*a^3 + 2379936*a^2 - 28402568*a + 124904176 -6*a^5 + 892*a^4 - 49686*a^3 + 1284172*a^2 - 15225148*a + 64833512 -40*a^4 + 4188*a^3 - 156648*a^2 + 2479656*a - 13985168 -4*a^5 + 580*a^4 - 32344*a^3 + 862368*a^2 - 10932728*a + 52339872 6*a^5 - 856*a^4 + 46936*a^3 - 1226648*a^2 + 15158648*a - 70139184 6*a^5 - 916*a^4 + 53108*a^3 - 1454168*a^2 + 18722792*a - 90326704 -2*a^5 + 264*a^4 - 13722*a^3 + 354100*a^2 - 4569388*a + 23751080 -2*a^5 + 298*a^4 - 16966*a^3 + 458632*a^2 - 5858276*a + 28148040 -4*a^5 + 582*a^4 - 32606*a^3 + 875520*a^2 - 11215572*a + 54470712 14*a^4 - 1442*a^3 + 51832*a^2 - 759348*a + 3784424 14*a^4 - 1354*a^3 + 44064*a^2 - 533388*a + 1573928 -32*a^4 + 2912*a^3 - 86488*a^2 + 889768*a - 1280928 -24*a^4 + 2436*a^3 - 85672*a^2 + 1211440*a - 5562816 -2*a^5 + 344*a^4 - 21612*a^3 + 622576*a^2 - 8217680*a + 39593440 56*a^4 - 5250*a^3 + 164948*a^2 - 1952524*a + 6109992 6*a^5 - 846*a^4 + 45598*a^3 - 1165168*a^2 + 13989676*a - 62220856 30*a^4 - 2902*a^3 + 97184*a^2 - 1317276*a + 5826728 6*a^5 - 854*a^4 + 45808*a^3 - 1146668*a^2 + 13254360*a - 55486272 4*a^5 - 550*a^4 + 29168*a^3 - 742436*a^2 + 9014848*a - 41358400 -50*a^4 + 4744*a^3 - 151660*a^2 + 1846752*a - 6142672 -2*a^5 + 242*a^4 - 10848*a^3 + 220244*a^2 - 1961848*a + 5599952 34*a^4 - 3704*a^3 + 142260*a^2 - 2264136*a + 12495952 24*a^4 - 2640*a^3 + 103528*a^2 - 1695768*a + 9732368 2*a^4 - 332*a^3 + 18044*a^2 - 399120*a + 3116032 -2*a^5 + 282*a^4 - 14988*a^3 + 370900*a^2 - 4215480*a + 17078032 8*a^4 - 936*a^3 + 38544*a^2 - 653576*a + 3817104 42*a^4 - 4472*a^3 + 168700*a^2 - 2652752*a + 14594112 over Number field with defining polynomial x^6-162*x^5+10501*x^4-347584*x^3+6181262*x^2-55816640*x+198770456
a vector of length 44 over Number field with defining polynomial a number field of degree 15
For conductor 606, eigenvectors are:
-1 1 over Number field with defining polynomial x-1
-1 -1 over Number field with defining polynomial x+1
For conductor 1:
traces of hecke eigenvalues of T_{p^1} are:
26 39 82 252 213 237 640 1133 710 1584 1310 1419 1684 3253 3730 4275 4600 4834 6028 6326 6920 8162 8947 
computing eigenvalues for k = 1, took 27.288270 sec
traces of hecke eigenvalues of T_{p^2} are:
0 -88 
computing eigenvalues for k = 2, took 0.215968 sec
traces of hecke eigenvalues of T_{p^1} are:
48 43 120 166 423 523 594 861 976 1846 1638 1609 2610 2589 2928 3865 5530 4050 5674 6370 5916 8730 7975 
computing eigenvalues for k = 1, took 27.212493 sec
traces of hecke eigenvalues of T_{p^2} are:
132 -56 
computing eigenvalues for k = 2, took 0.213954 sec
traces of hecke eigenvalues of T_{p^1} are:
156 400 1464 2380 5220 7240 12720 25260 30784 52060 70644 81400 106080 151740 208920 230764 305320 363024 394420 499360 578760 712980 922180 
computing eigenvalues for k = 1, took 27.299623 sec
traces of hecke eigenvalues of T_{p^2} are:
780 2800 
computing eigenvalues for k = 2, took 0.221713 sec
traces of hecke eigenvalues of T_{p^1} are:
92 182 505 549 1152 1397 1876 3059 4029 5129 6477 7881 8660 11401 13707 14520 17120 20660 19926 24795 29569 33815 39485 
computing eigenvalues for k = 1, took 27.494292 sec
traces of hecke eigenvalues of T_{p^2} are:
-72 -144 
computing eigenvalues for k = 2, took 0.215005 sec
traces of hecke eigenvalues of T_{p^1} are:
19 -196 94 -295 162 -456 90 1267 -816 42 1697 -1046 -160 1282 1518 238 -73 139 -2479 -2789 1750 6200 -3944 
computing eigenvalues for k = 1, took 16.867004 sec
traces of hecke eigenvalues of T_{p^2} are:
-117 -74 
computing eigenvalues for k = 2, took 0.254433 sec
traces of hecke eigenvalues of T_{p^1} are:
243 494 1148 1569 2543 2981 4703 6904 7949 11010 13732 15056 18545 23426 27380 29280 34508 41527 42804 51421 57210 64084 75782 
computing eigenvalues for k = 1, took 27.342086 sec
traces of hecke eigenvalues of T_{p^2} are:
210 752 
computing eigenvalues for k = 2, took 0.225024 sec
traces of hecke eigenvalues of T_{p^1} are:
264 465 1062 1534 2703 3039 4840 7901 8694 12548 15362 16515 20368 25633 31464 32653 38006 45540 47174 53816 61518 71670 85529 
computing eigenvalues for k = 1, took 27.523298 sec
traces of hecke eigenvalues of T_{p^2} are:
180 120 
computing eigenvalues for k = 2, took 0.216939 sec
traces of hecke eigenvalues of T_{p^1} are:
497 867 2133 2851 4973 5764 8684 13310 14642 21345 26844 27890 34856 43488 55225 57106 69257 78606 82670 93752 106361 120758 144821 
computing eigenvalues for k = 1, took 27.649062 sec
traces of hecke eigenvalues of T_{p^2} are:
642 936 
computing eigenvalues for k = 2, took 0.222152 sec
For conductor 2:
traces of hecke eigenvalues of T_{p^1} are:
-38 -20 -60 -10 -34 38 -26 108 -434 60 -364 116 38 -128 -648 20 -100 -1762 84 394 540 -84 1396 
computing eigenvalues for k = 1, took 506.660694 sec
traces of hecke eigenvalues of T_{p^2} are:
44 -8 
computing eigenvalues for k = 2, took 0.884514 sec
For conductor 3:
For conductor 6:
traces of hecke eigenvalues of T_{p^1} are:
36 40 144 220 180 400 720 900 904 1660 1764 1840 2160 3060 2880 3244 5440 5904 5620 5800 6480 8820 10660 
computing eigenvalues for k = 1, took 161.446162 sec
traces of hecke eigenvalues of T_{p^2} are:
60 -80 
computing eigenvalues for k = 2, took 0.683392 sec
traces of hecke eigenvalues of T_{p^1} are:
27 -98 172 253 -1001 501 1015 152 -399 1778 212 1012 -1283 962 -3676 -4132 8466 6183 1380 -2455 -5270 3712 5362 
computing eigenvalues for k = 1, took 161.325160 sec
traces of hecke eigenvalues of T_{p^2} are:
150 304 
computing eigenvalues for k = 2, took 0.680305 sec
traces of hecke eigenvalues of T_{p^1} are:
-56 212 -146 -66 -49 383 -405 -51 1561 218 -61 842 577 -1164 1776 1144 -2615 -1524 -1901 4240 -1858 -4890 -5440 
computing eigenvalues for k = 1, took 159.332525 sec
traces of hecke eigenvalues of T_{p^2} are:
-81 -106 
computing eigenvalues for k = 2, took 0.672921 sec
traces of hecke eigenvalues of T_{p^1} are:
172 360 731 1093 1788 2251 3202 5159 6341 8761 9233 12383 13872 16795 21229 21976 26554 28840 32578 36875 40155 42935 54043 
computing eigenvalues for k = 1, took 158.564470 sec
traces of hecke eigenvalues of T_{p^2} are:
96 480 
computing eigenvalues for k = 2, took 0.685130 sec
For conductor 101:
For conductor 202:
traces of hecke eigenvalues of T_{p^1} are:
148 261 663 821 1461 1754 2856 4222 4467 6437 8461 8528 11142 14694 17847 18315 23270 26192 25492 30861 34687 38501 44728 
computing eigenvalues for k = 1, took 169.184896 sec
traces of hecke eigenvalues of T_{p^2} are:
108 88 
computing eigenvalues for k = 2, took 0.657810 sec
traces of hecke eigenvalues of T_{p^1} are:
156 294 731 928 1685 1930 2989 4763 5081 7219 9532 10287 11857 15353 18617 17999 22839 25523 26974 29589 35911 39690 46192 
computing eigenvalues for k = 1, took 168.697710 sec
traces of hecke eigenvalues of T_{p^2} are:
156 352 
computing eigenvalues for k = 2, took 0.678327 sec
traces of hecke eigenvalues of T_{p^1} are:
47 -61 197 -361 96 -171 725 459 101 -743 711 -510 1727 1216 2841 -900 -850 2476 -2011 678 -1079 -2998 -3125 
computing eigenvalues for k = 1, took 165.887986 sec
traces of hecke eigenvalues of T_{p^2} are:
7 -96 
computing eigenvalues for k = 2, took 0.664518 sec
For conductor 303:
traces of hecke eigenvalues of T_{p^1} are:
-37 -5 -127 197 -400 -47 -815 637 711 1823 77 1006 -1983 556 -1139 2970 244 -1072 1655 2888 -4549 2796 2897 
computing eigenvalues for k = 1, took 140.580249 sec
traces of hecke eigenvalues of T_{p^2} are:
-75 -336 
computing eigenvalues for k = 2, took 0.719751 sec
traces of hecke eigenvalues of T_{p^1} are:
162 334 719 1085 1816 2131 3126 4919 5233 8125 9935 10835 12666 16277 20243 20938 26096 28858 31148 38203 38921 48367 57643 
computing eigenvalues for k = 1, took 247.541498 sec
traces of hecke eigenvalues of T_{p^2} are:
36 272 
computing eigenvalues for k = 2, took 3.733385 sec
traces of hecke eigenvalues of T_{p^1} are:
463 881 1923 2855 4817 5712 8256 13314 15430 21657 26666 29486 34552 43752 51787 58390 70211 75738 84422 94444 103703 118008 145037 
computing eigenvalues for k = 1, took 248.020393 sec
traces of hecke eigenvalues of T_{p^2} are:
438 1048 
computing eigenvalues for k = 2, took 3.690574 sec
For conductor 606:
traces of hecke eigenvalues of T_{p^1} are:
1 -30 -10 51 -75 -75 191 -86 -367 180 370 -396 233 92 -1486 -294 1018 1715 802 -1231 -824 2056 1348 
computing eigenvalues for k = 1, took 499.522714 sec
traces of hecke eigenvalues of T_{p^2} are:
18 80 
computing eigenvalues for k = 2, took 0.970409 sec
traces of hecke eigenvalues of T_{p^1} are:
-1 -32 -30 -25 163 -51 -47 26 13 -68 -370 -280 -213 284 452 -350 -114 -67 212 -511 -314 -1386 480 
computing eigenvalues for k = 1, took 494.509056 sec
traces of hecke eigenvalues of T_{p^2} are:
-10 40 
computing eigenvalues for k = 2, took 0.870332 sec
