constructing eigenvector for poly
x-15
constructing eigenvector for poly
x^41-225*x^40+24465*x^39-1712577*x^38+86747034*x^37-3388229077*x^36+106193346766*x^35-2744125082944*x^34+59616143022146*x^33-1104857772824606*x^32+17663921350598666*x^31-245753665114665333*x^30+2996013331723744097*x^29-32181157251993285425*x^28+305890950465870300309*x^27-2581843843103239465239*x^26+19401962154256871059114*x^25-130069968666438964507592*x^24+778988049533312543459362*x^23-4171392747788600257593494*x^22+19979560350092780492707061*x^21-85584909382812527469557742*x^20+327691240025932414553570105*x^19-1120303686189671498100028773*x^18+3414659593051726829197860471*x^17-9260094454976855387391230077*x^16+22285106226149478021153429607*x^15-47440868996954349531020438776*x^14+88988101618577906035938700396*x^13-146386321370636682211069658760*x^12+209982432432258592077001044224*x^11-260847720335714286045795740608*x^10+278274075306164278427925083776*x^9-252328115430876404657618029312*x^8+191991422229843677441334083072*x^7-120588570950930894412241106944*x^6+61194323001991627264584697856*x^5-24365740809547309993175654400*x^4+7297477626343521287895224320*x^3-1538512599888026954945757184*x^2+202519584691575628141117440*x-12449503449693533457743872
constructing eigenvector for poly
x^33+45*x^32+807*x^31+6642*x^30+11309*x^29-231236*x^28-1693784*x^27-1051801*x^26+34691075*x^25+127980171*x^24-185395245*x^23-2030190344*x^22-2137699654*x^21+13801819757*x^20+36818057395*x^19-32412299848*x^18-224945996807*x^17-110920546244*x^16+679795683397*x^15+929909508210*x^14-908529924113*x^13-2553818035717*x^12-189211471051*x^11+3426246768461*x^10+2175349574034*x^9-2017532204866*x^8-2626634654521*x^7-27718671451*x^6+1205533890810*x^5+511450778155*x^4-112182677170*x^3-135810777097*x^2-35402085915*x-2991353421
constructing eigenvector for poly
x^2+11*x+29
constructing eigenvector for poly
x^2+6*x+9
constructing eigenvector for poly
x^2+25*x+155
computing eigenvectors took 1.789765 sec
For conductor 1, eigenvectors are:
-1 -1 -1 -1 -1 -1 -1 -1 -1 -1 -1 -1 -1 -1 -1 -1 -1 -1 -1 -1 -1 -1 -1 -1 -1 -1 -1 -1 -1 -1 -1 -1 -1 -1 -1 -1 -1 -1 -1 -1 -1 -1 -1 -1 -1 -1 -1 -1 -1 -1 -1 -1 -1 -1 -1 -1 -1 -1 -1 -1 -1 -1 -1 -1 -1 -1 -1 -1 -1 -1 -1 -1 -1 -1 -1 over Number field with defining polynomial x-15
a vector of length 75 over Number field with defining polynomial a number field of degree 41
a vector of length 75 over Number field with defining polynomial a number field of degree 33
For conductor 367, eigenvectors are:
-a-6 -a-6 -1 -a-7 over Number field with defining polynomial x^2+11*x+29
a+14 -1 a+13 -a-13 over Number field with defining polynomial x^2+25*x+155
For conductor 1:
traces of hecke eigenvalues of T_{p^1} are:
15 40 156 400 1464 2380 5220 7240 12720 25260 30784 52060 70644 81400 106080 151740 208920 230764 305320 363024 394420 499360 578760 712980 922180 
computing eigenvalues for k = 1, took 42.833354 sec
traces of hecke eigenvalues of T_{p^2} are:
30 120 780 2800 
computing eigenvalues for k = 2, took 0.285615 sec
traces of hecke eigenvalues of T_{p^1} are:
225 472 1184 2233 5304 7311 11774 15392 21923 34448 40355 56335 68523 77274 90865 113891 143113 153325 184929 206750 217193 258494 282483 324355 388806 
computing eigenvalues for k = 1, took 43.004504 sec
traces of hecke eigenvalues of T_{p^2} are:
60 248 708 1464 
computing eigenvalues for k = 2, took 0.333545 sec
traces of hecke eigenvalues of T_{p^1} are:
-45 9 -84 174 -76 343 -226 552 604 -895 2308 1089 -1866 2845 246 -1998 -3507 -1924 1192 -688 -226 3499 2233 617 3349 
computing eigenvalues for k = 1, took 15.558865 sec
traces of hecke eigenvalues of T_{p^2} are:
-5 -57 -194 -337 
computing eigenvalues for k = 2, took 0.290045 sec
For conductor 367:
traces of hecke eigenvalues of T_{p^1} are:
-11 -10 -14 -56 68 -88 108 -66 -250 70 -144 -414 -18 56 -190 244 -342 788 -260 -158 272 -974 -412 1150 1026 
computing eigenvalues for k = 1, took 771.289463 sec
traces of hecke eigenvalues of T_{p^2} are:
10 -2 -14 50 
computing eigenvalues for k = 2, took 0.644750 sec
traces of hecke eigenvalues of T_{p^1} are:
-6 -25 6 -31 -2 2 -112 -171 -15 95 -139 21 342 -399 105 454 123 -87 -1675 182 -1188 -19 -552 -1640 -1229 
computing eigenvalues for k = 1, took 769.014871 sec
traces of hecke eigenvalues of T_{p^2} are:
0 33 -34 25 
computing eigenvalues for k = 2, took 0.641625 sec
