constructing eigenvector for poly
x-6
constructing eigenvector for poly
x-15
constructing eigenvector for poly
x^7-42*x^6+715*x^5-6323*x^4+30916*x^3-81999*x^2+106156*x-48400
constructing eigenvector for poly
x^9-5*x^8-18*x^7+110*x^6+34*x^5-620*x^4+339*x^3+549*x^2+48*x-16
constructing eigenvector for poly
x^2+2*x-1
constructing eigenvector for poly
x^5-36*x^3+16*x^2+256*x-256
constructing eigenvector for poly
x^14-78*x^13+2736*x^12-57040*x^11+787033*x^10-7574490*x^9+52207849*x^8-260469352*x^7+939448478*x^6-2419555804*x^5+4340212239*x^4-5198300580*x^3+3874757024*x^2-1583417632*x+264913856
constructing eigenvector for poly
x^19+21*x^18+94*x^17-710*x^16-6050*x^15+2698*x^14+113139*x^13+141565*x^12-850387*x^11-1897019*x^10+2059900*x^9+8061276*x^8+2092280*x^7-9269572*x^6-5627097*x^5+2808577*x^4+1589760*x^3-447892*x^2+22912*x+400
constructing eigenvector for poly
x^4-26*x^3+245*x^2-988*x+1444
constructing eigenvector for poly
x^4-58*x^3+1185*x^2-9976*x+29584
constructing eigenvector for poly
x^4-208*x^3+16190*x^2-558896*x+7219969
constructing eigenvector for poly
x^4-554*x^3+115085*x^2-10624612*x+367795684
constructing eigenvector for poly
x^4-538*x^3+107853*x^2-9547348*x+314920516
constructing eigenvector for poly
x^4-1562*x^3+914865*x^2-238130024*x+23241612304
constructing eigenvector for poly
x^4-1306*x^3+633417*x^2-135176224*x+10713078016
constructing eigenvector for poly
x^4-16*x^3+86*x^2-176*x+121
constructing eigenvector for poly
x^4-132*x^3+6494*x^2-141108*x+1142761
constructing eigenvector for poly
x^4-180*x^3+12110*x^2-360900*x+4020025
constructing eigenvector for poly
x^4-432*x^3+69944*x^2-5030208*x+135582736
constructing eigenvector for poly
x^4-664*x^3+160496*x^2-16690304*x+631818496
constructing eigenvector for poly
x^4-1056*x^3+412416*x^2-70557696*x+4464377856
constructing eigenvector for poly
x^4-1516*x^3+857846*x^2-214727756*x+20062172881
constructing eigenvector for poly
x^2+2*x-1
constructing eigenvector for poly
x^2+5*x+5
constructing eigenvector for poly
x^3+13*x^2+49*x+53
constructing eigenvector for poly
x^2+11*x+29
constructing eigenvector for poly
x^4+9*x^3+21*x^2+13*x+2
constructing eigenvector for poly
x+3
constructing eigenvector for poly
x+3
constructing eigenvector for poly
x^2-5*x+5
constructing eigenvector for poly
x^2-16*x+59
constructing eigenvector for poly
x^4+9*x^3+21*x^2+13*x+2
constructing eigenvector for poly
x^7-34*x^6+461*x^5-3175*x^4+11690*x^3-22079*x^2+18304*x-4432
constructing eigenvector for poly
x^2-11*x+26
constructing eigenvector for poly
x^8+9*x^7-9*x^6-156*x^5+47*x^4+621*x^3-105*x^2-180*x+16
constructing eigenvector for poly
x^8-42*x^7+725*x^6-6653*x^5+35104*x^4-107737*x^3+185682*x^2-162824*x+54752
constructing eigenvector for poly
x^3-3*x^2-x+1
constructing eigenvector for poly
x^7-42*x^6+715*x^5-6337*x^4+31252*x^3-84897*x^2+116740*x-62096
constructing eigenvector for poly
x^16+7*x^15-52*x^14-416*x^13+735*x^12+8155*x^11-789*x^10-61759*x^9-29646*x^8+186994*x^7+142145*x^6-200865*x^5-170382*x^4+67488*x^3+44544*x^2-12992*x-128
computing eigenvectors took 218.581581 sec
For conductor 1, eigenvectors are:
-58 32 -22 32 32 -22 5 5 -31 -4 50 5 50 23 23 -4 -31 -4 23 -13 14 14 50 -13 -13 -4 -4 14 -31 -4 5 -13 -4 5 -4 -22 14 -22 -4 5 -22 -4 14 5 5 -22 -4 -4 -4 -13 23 -13 14 23 14 23 5 5 5 -13 -4 -13 -4 5 14 -13 over Number field with defining polynomial x-6
-1 -1 -1 -1 -1 -1 -1 -1 -1 -1 -1 -1 -1 -1 -1 -1 -1 -1 -1 -1 -1 -1 -1 -1 -1 -1 -1 -1 -1 -1 -1 -1 -1 -1 -1 -1 -1 -1 -1 -1 -1 -1 -1 -1 -1 -1 -1 -1 -1 -1 -1 -1 -1 -1 -1 -1 -1 -1 -1 -1 -1 -1 -1 -1 -1 -1 over Number field with defining polynomial x-15
-24*a^6 + 648*a^5 - 5424*a^4 + 6024*a^3 + 120696*a^2 - 524160*a + 615744 24*a^6 - 912*a^5 + 13584*a^4 - 99864*a^3 + 374472*a^2 - 665832*a + 429984 24*a^6 - 840*a^5 + 11472*a^4 - 77088*a^3 + 261432*a^2 - 396216*a + 175104 -16*a^6 + 560*a^5 - 7648*a^4 + 51392*a^3 - 174288*a^2 + 264144*a - 116736 -40*a^6 + 1368*a^5 - 18096*a^4 + 116848*a^3 - 382760*a^2 + 594424*a - 332736 88*a^5 - 2720*a^4 + 31280*a^3 - 165056*a^2 + 396664*a - 348576 -24*a^6 + 852*a^5 - 11904*a^4 + 83142*a^3 - 303396*a^2 + 541146*a - 361656 -24*a^6 + 768*a^5 - 9240*a^4 + 51942*a^3 - 138948*a^2 + 163710*a - 65136 6*a^6 - 162*a^5 + 1356*a^4 - 1506*a^3 - 30174*a^2 + 131040*a - 153936 6*a^6 - 162*a^5 + 1356*a^4 - 1506*a^3 - 30174*a^2 + 131040*a - 153936 24*a^6 - 942*a^5 + 14520*a^4 - 110592*a^3 + 428976*a^2 - 781482*a + 506904 -6*a^6 + 228*a^5 - 3396*a^4 + 24966*a^3 - 93618*a^2 + 166458*a - 107496 -6*a^6 + 228*a^5 - 3396*a^4 + 24966*a^3 - 93618*a^2 + 166458*a - 107496 -6*a^6 + 228*a^5 - 3486*a^4 + 27570*a^3 - 119724*a^2 + 271242*a - 250896 -6*a^6 + 276*a^5 - 4962*a^4 + 44388*a^3 - 207348*a^2 + 479388*a - 429816 36*a^6 - 1278*a^5 + 17892*a^4 - 125982*a^3 + 469572*a^2 - 874440*a + 632664 -6*a^6 + 210*a^5 - 2868*a^4 + 19272*a^3 - 65358*a^2 + 99054*a - 43776 -6*a^6 + 210*a^5 - 2868*a^4 + 19272*a^3 - 65358*a^2 + 99054*a - 43776 -44*a^5 + 1432*a^4 - 17480*a^3 + 98952*a^2 - 258780*a + 252464 -24*a^6 + 848*a^5 - 11832*a^4 + 83332*a^3 - 313672*a^2 + 603284*a - 465616 20*a^6 - 640*a^5 + 7616*a^4 - 40944*a^3 + 92428*a^2 - 38432*a - 86096 20*a^6 - 740*a^5 + 10784*a^4 - 78492*a^3 + 298020*a^2 - 555112*a + 395664 4*a^6 - 140*a^5 + 1912*a^4 - 12848*a^3 + 43572*a^2 - 66036*a + 29184 56*a^5 - 1736*a^4 + 20068*a^3 - 106640*a^2 + 257900*a - 229296 32*a^6 - 1100*a^5 + 14776*a^4 - 98736*a^3 + 345016*a^2 - 592996*a + 386384 20*a^6 - 672*a^5 + 8600*a^4 - 52156*a^3 + 150844*a^2 - 177196*a + 33184 -8*a^6 + 292*a^5 - 4200*a^4 + 30124*a^3 - 111256*a^2 + 191640*a - 113376 -12*a^5 + 448*a^4 - 6268*a^3 + 40536*a^2 - 120016*a + 133184 4*a^6 - 140*a^5 + 1912*a^4 - 12848*a^3 + 43572*a^2 - 66036*a + 29184 -10*a^6 + 350*a^5 - 4802*a^4 + 32804*a^3 - 116616*a^2 + 201066*a - 127256 14*a^6 - 504*a^5 + 7080*a^4 - 48960*a^3 + 172314*a^2 - 283584*a + 160424 16*a^6 - 540*a^5 + 7048*a^4 - 45028*a^3 + 147448*a^2 - 234952*a + 142264 10*a^6 - 306*a^5 + 3464*a^4 - 17848*a^3 + 41774*a^2 - 38710*a + 7264 10*a^6 - 382*a^5 + 5828*a^4 - 45276*a^3 + 188370*a^2 - 397574*a + 332864 -4*a^6 + 142*a^5 - 1996*a^4 + 14280*a^3 - 55392*a^2 + 111098*a - 90336 -14*a^6 + 460*a^5 - 5720*a^4 + 33320*a^3 - 89786*a^2 + 85252*a + 13864 -14*a^6 + 510*a^5 - 7304*a^4 + 52094*a^3 - 192582*a^2 + 343592*a - 227016 -20*a^5 + 628*a^4 - 7360*a^3 + 39956*a^2 - 100964*a + 96304 2*a^6 - 118*a^5 + 2452*a^4 - 23818*a^3 + 115062*a^2 - 262932*a + 225544 -6*a^6 + 238*a^5 - 3678*a^4 + 27674*a^3 - 103084*a^2 + 170080*a - 85336 14*a^6 - 488*a^5 + 6588*a^4 - 43354*a^3 + 143106*a^2 - 214202*a + 100784 -14*a^5 + 350*a^4 - 2570*a^3 + 1490*a^2 + 41880*a - 94896 2*a^6 - 42*a^5 + 88*a^4 + 3610*a^3 - 31534*a^2 + 95932*a - 100056 -6*a^6 + 194*a^5 - 2394*a^4 + 14402*a^3 - 46136*a^2 + 82284*a - 69656 14*a^6 - 454*a^5 + 5496*a^4 - 30186*a^3 + 69518*a^2 - 25244*a - 80456 -10*a^6 + 332*a^5 - 4190*a^4 + 24846*a^3 - 67376*a^2 + 56398*a + 32624 -14*a^6 + 476*a^5 - 6212*a^4 + 38926*a^3 - 118994*a^2 + 154634*a - 45776 10*a^6 - 348*a^5 + 4734*a^4 - 32110*a^3 + 115432*a^2 - 214366*a + 164984 4*a^6 - 132*a^5 + 1750*a^4 - 12492*a^3 + 54138*a^2 - 137700*a + 151584 -22*a^5 + 680*a^4 - 7820*a^3 + 41264*a^2 - 99166*a + 87144 -10*a^6 + 356*a^5 - 4994*a^4 + 34966*a^3 - 126372*a^2 + 214214*a - 123536 -10*a^6 + 334*a^5 - 4310*a^4 + 27198*a^3 - 87408*a^2 + 131684*a - 67616 -22*a^5 + 680*a^4 - 7820*a^3 + 41264*a^2 - 99166*a + 87144 -6*a^6 + 222*a^5 - 3186*a^4 + 22068*a^3 - 73876*a^2 + 100698*a - 25696 -6*a^5 + 170*a^4 - 1478*a^3 + 2070*a^2 + 22828*a - 58016 4*a^6 - 140*a^5 + 1930*a^4 - 13584*a^3 + 53558*a^2 - 118648*a + 114704 -6*a^6 + 218*a^5 - 3198*a^4 + 24522*a^3 - 105132*a^2 + 240100*a - 225816 10*a^6 - 332*a^5 + 4242*a^4 - 26504*a^3 + 86224*a^2 - 144984*a + 105344 30*a^5 - 872*a^4 + 9150*a^3 - 41860*a^2 + 80112*a - 48416 -10*a^5 + 278*a^4 - 2760*a^3 + 11766*a^2 - 20258*a + 9064 -16*a^5 + 470*a^4 - 4922*a^3 + 21522*a^2 - 33406*a + 5344 32*a^5 - 994*a^4 + 11500*a^3 - 61242*a^2 + 149648*a - 135296 -10*a^6 + 342*a^5 - 4488*a^4 + 28292*a^3 - 87478*a^2 + 118382*a - 44096 16*a^5 - 502*a^4 + 5894*a^3 - 32034*a^2 + 80266*a - 75656 -18*a^5 + 590*a^4 - 7274*a^3 + 41554*a^2 - 108692*a + 105584 -16*a^5 + 470*a^4 - 4922*a^3 + 21522*a^2 - 33406*a + 5344 over Number field with defining polynomial x^7-42*x^6+715*x^5-6323*x^4+30916*x^3-81999*x^2+106156*x-48400
0 12*a^7 - 36*a^6 - 168*a^5 + 1032*a^4 - 1608*a^3 - 1284*a^2 + 3888*a + 864 12*a^8 - 36*a^7 - 180*a^6 + 504*a^5 + 552*a^4 - 732*a^3 - 1620*a^2 - 516*a - 240 -8*a^8 + 24*a^7 + 120*a^6 - 336*a^5 - 368*a^4 + 488*a^3 + 1080*a^2 + 344*a + 160 8*a^8 - 24*a^7 - 224*a^6 + 756*a^5 + 1124*a^4 - 4952*a^3 + 1500*a^2 + 2668*a + 528 -4*a^7 + 12*a^6 + 56*a^5 - 344*a^4 + 536*a^3 + 428*a^2 - 1296*a - 288 -3*a^7 - 42*a^6 + 279*a^5 + 141*a^4 - 2394*a^3 + 1809*a^2 + 2034*a + 240 -6*a^8 + 18*a^7 + 168*a^6 - 567*a^5 - 843*a^4 + 3714*a^3 - 1125*a^2 - 2001*a - 396 0 0 -3*a^7 + 9*a^6 + 42*a^5 - 258*a^4 + 402*a^3 + 321*a^2 - 972*a - 216 -3*a^7 + 9*a^6 + 42*a^5 - 258*a^4 + 402*a^3 + 321*a^2 - 972*a - 216 -3*a^7 + 9*a^6 + 42*a^5 - 258*a^4 + 402*a^3 + 321*a^2 - 972*a - 216 6*a^8 - 27*a^7 - 111*a^6 + 504*a^5 + 471*a^4 - 2430*a^3 + 93*a^2 + 1491*a + 84 -6*a^8 + 54*a^7 - 27*a^6 - 699*a^5 + 1212*a^4 + 1296*a^3 - 1638*a^2 - 2313*a - 564 6*a^8 - 27*a^7 - 87*a^6 + 483*a^5 + 189*a^4 - 2352*a^3 + 672*a^2 + 2367*a + 732 -3*a^8 + 9*a^7 + 45*a^6 - 126*a^5 - 138*a^4 + 183*a^3 + 405*a^2 + 129*a + 60 -3*a^8 + 9*a^7 + 45*a^6 - 126*a^5 - 138*a^4 + 183*a^3 + 405*a^2 + 129*a + 60 -8*a^8 + 42*a^7 + 120*a^6 - 816*a^5 - 66*a^4 + 4032*a^3 - 2560*a^2 - 2896*a - 208 2*a^7 + 28*a^6 - 186*a^5 - 94*a^4 + 1596*a^3 - 1206*a^2 - 1356*a - 160 4*a^8 - 30*a^7 - 8*a^6 + 438*a^5 - 496*a^4 - 1556*a^3 + 1810*a^2 + 1562*a - 56 -2*a^8 + 2*a^7 + 100*a^6 - 316*a^5 - 528*a^4 + 2704*a^3 - 1102*a^2 - 2414*a - 440 2*a^8 - 6*a^7 - 30*a^6 + 84*a^5 + 92*a^4 - 122*a^3 - 270*a^2 - 86*a - 40 -2*a^8 + 10*a^7 + 12*a^6 - 62*a^5 - 34*a^4 - 228*a^3 + 352*a^2 + 1080*a + 176 -6*a^8 + 24*a^7 + 88*a^6 - 406*a^5 - 218*a^4 + 1690*a^3 - 178*a^2 - 1492*a - 448 -6*a^8 + 36*a^7 + 48*a^6 - 584*a^5 + 366*a^4 + 2324*a^3 - 2246*a^2 - 1510*a - 136 2*a^8 - 6*a^7 - 28*a^6 + 172*a^5 - 268*a^4 - 214*a^3 + 648*a^2 + 144*a 2*a^8 - 24*a^7 + 64*a^6 + 206*a^5 - 928*a^4 + 152*a^3 + 1496*a^2 + 176*a - 128 2*a^8 - 6*a^7 - 30*a^6 + 84*a^5 + 92*a^4 - 122*a^3 - 270*a^2 - 86*a - 40 -4*a^8 + 18*a^7 + 66*a^6 - 329*a^5 - 220*a^4 + 1594*a^3 - 255*a^2 - 1286*a - 272 -2*a^8 + 15*a^7 + 4*a^6 - 219*a^5 + 248*a^4 + 778*a^3 - 905*a^2 - 781*a + 28 2*a^8 - 5*a^7 - 42*a^6 + 96*a^5 + 234*a^4 - 440*a^3 - 228*a^2 - 11*a + 52 -a^8 + 36*a^6 - 65*a^5 - 217*a^4 + 554*a^3 + 52*a^2 - 529*a - 140 -a^8 + 6*a^7 - 6*a^6 - 1*a^5 - 27*a^4 - 116*a^3 + 392*a^2 + 19*a - 188 -2*a^8 + 10*a^7 + 43*a^6 - 254*a^5 - 110*a^4 + 1582*a^3 - 827*a^2 - 1467*a - 324 -2*a^8 + 13*a^7 + 18*a^6 - 261*a^5 + 200*a^4 + 1276*a^3 - 1299*a^2 - 1295*a - 156 a^8 - 3*a^7 - 36*a^6 + 116*a^5 + 216*a^4 - 854*a^3 + 157*a^2 + 693*a + 36 2*a^8 - 10*a^7 - 44*a^6 + 210*a^5 + 290*a^4 - 1536*a^3 + 368*a^2 + 1352*a + 304 a^8 - 1*a^7 - 50*a^6 + 158*a^5 + 264*a^4 - 1352*a^3 + 551*a^2 + 1207*a + 220 -2*a^8 + 10*a^7 + 34*a^6 - 182*a^5 - 71*a^4 + 676*a^3 - 138*a^2 - 173*a + 44 3*a^8 - 18*a^7 - 24*a^6 + 292*a^5 - 183*a^4 - 1162*a^3 + 1123*a^2 + 755*a + 68 -6*a^7 + 27*a^6 + 38*a^5 - 206*a^4 - 245*a^3 + 768*a^2 + 186*a + 40 a^8 - 7*a^7 - 8*a^6 + 94*a^5 + 74*a^4 - 682*a^3 + 211*a^2 + 659*a + 268 2*a^8 - 12*a^7 - 23*a^6 + 240*a^5 - 124*a^4 - 1206*a^3 + 1249*a^2 + 951*a + 76 a^8 - 1*a^7 - 50*a^6 + 158*a^5 + 264*a^4 - 1352*a^3 + 551*a^2 + 1207*a + 220 3*a^8 - 8*a^7 - 69*a^6 + 201*a^5 + 407*a^4 - 1509*a^3 + 490*a^2 + 831*a + 100 3*a^8 - 20*a^7 - 10*a^6 + 250*a^5 - 231*a^4 - 664*a^3 + 729*a^2 + 241*a - 116 4*a^8 - 24*a^7 - 47*a^6 + 422*a^5 - 123*a^4 - 1670*a^3 + 921*a^2 + 1438*a + 320 -a^8 + 9*a^7 - 13*a^6 - 124*a^5 + 340*a^4 + 352*a^3 - 1092*a^2 - 258*a - 40 a^7 - 3*a^6 - 14*a^5 + 86*a^4 - 134*a^3 - 107*a^2 + 324*a + 72 a^8 - 21*a^6 - 37*a^5 + 233*a^4 + 361*a^3 - 1160*a^2 - 205*a + 148 -9*a^7 + 38*a^6 + 72*a^5 - 467*a^4 + 352*a^3 + 322*a^2 - 18*a - 56 a^7 - 3*a^6 - 14*a^5 + 86*a^4 - 134*a^3 - 107*a^2 + 324*a + 72 2*a^8 - 17*a^7 + 6*a^6 + 219*a^5 - 318*a^4 - 566*a^3 + 439*a^2 + 1095*a + 260 -2*a^7 - 11*a^6 + 74*a^5 + 100*a^4 - 581*a^3 - 174*a^2 + 1050*a + 344 -a^8 + 5*a^7 + 25*a^6 - 160*a^5 + 34*a^4 + 688*a^3 - 150*a^2 - 1122*a - 344 -4*a^7 + 25*a^6 + 2*a^5 - 298*a^4 + 664*a^3 - 401*a^2 - 85*a + 124 3*a^7 - 19*a^6 + 21*a^5 + 124*a^4 - 428*a^3 + 344*a^2 + 170*a + 104 2*a^7 + 11*a^6 - 107*a^5 + 39*a^4 + 664*a^3 - 710*a^2 - 354*a - 8 -a^8 + 5*a^7 + 22*a^6 - 105*a^5 - 145*a^4 + 768*a^3 - 184*a^2 - 676*a - 152 2*a^7 - 15*a^6 + 7*a^5 + 152*a^4 - 294*a^3 + 22*a^2 + 101*a - 20 -a^8 + 4*a^7 + 24*a^6 - 119*a^5 - 87*a^4 + 935*a^3 - 825*a^2 - 518*a + 24 a^7 - 7*a^6 + 21*a^5 + 24*a^4 - 249*a^3 + 197*a^2 + 257*a + 92 -2*a^7 + 19*a^6 - 18*a^5 - 153*a^4 + 168*a^3 + 471*a^2 - 432*a - 152 3*a^7 - 21*a^6 + 32*a^5 + 95*a^4 - 335*a^3 + 170*a^2 + 274*a - 24 2*a^7 - 15*a^6 + 7*a^5 + 152*a^4 - 294*a^3 + 22*a^2 + 101*a - 20 over Number field with defining polynomial x^9-5*x^8-18*x^7+110*x^6+34*x^5-620*x^4+339*x^3+549*x^2+48*x-16
0 12*a-12 24*a -16*a 8*a-8 -4*a+4 3*a+3 -6*a+6 0 0 -3*a+3 -3*a+3 -3*a+3 0 -6*a -18*a+6 -6*a -6*a 2*a+2 -2*a-2 -6*a+2 -4*a 4*a 4 8*a-4 -2*a+2 -6*a+2 -2*a+2 4*a 6*a-2 3*a-1 a-3 -a+1 -a-1 5*a-3 -a-1 -2*a 2 2*a a-1 a-1 4*a-2 2*a+2 -a-1 2*a -a+3 -3*a-1 4*a-2 -a+1 a-1 -3*a+3 8*a-2 a-1 3*a-1 2*a-2 a+1 -3*a-1 2*a-2 -2 -1 -5*a+3 -a 2*a a -1 -5*a+3 over Number field with defining polynomial x^2+2*x-1
0 -144*a^2 + 576*a -72*a^3 + 2304*a - 2304 -12*a^4 - 48*a^3 + 336*a^2 + 1344*a - 1536 -24*a^4 + 48*a^3 + 576*a^2 - 1344*a + 768 -12*a^4 + 24*a^3 + 240*a^2 - 384*a -36*a^3 + 1008*a - 1152 18*a^4 - 36*a^3 - 432*a^2 + 1008*a - 576 9*a^4 + 18*a^3 - 252*a^2 - 288*a + 576 -36*a^3 + 108*a^2 + 432*a - 576 36*a^2 - 144*a 9*a^4 - 108*a^3 - 180*a^2 + 3024*a - 2880 90*a^3 - 108*a^2 - 2304*a + 2880 -9*a^4 + 36*a^3 + 216*a^2 - 864*a + 576 9*a^4 - 18*a^3 - 144*a^2 + 144*a -18*a^4 + 18*a^3 + 468*a^2 - 576*a 9*a^4 + 18*a^3 - 252*a^2 - 288*a + 576 -18*a^3 + 432*a - 576 12*a^3 - 384*a + 384 24*a^3 - 672*a + 768 -6*a^4 + 144*a^2 + 48*a - 192 -15*a^4 + 12*a^3 + 420*a^2 - 624*a + 192 3*a^4 + 12*a^3 - 84*a^2 - 336*a + 384 -24*a^2 12*a^4 - 312*a^2 + 384 -3*a^4 + 12*a^3 + 60*a^2 - 288*a + 384 24*a^2 - 288*a + 384 -12*a^4 + 36*a^3 + 264*a^2 - 768*a + 384 -6*a^4 + 12*a^3 + 168*a^2 - 480*a + 384 -9*a^4 + 30*a^3 + 204*a^2 - 768*a + 576 6*a^4 - 18*a^3 - 168*a^2 + 672*a - 576 6*a^4 - 168*a^2 + 192 -9*a^4 - 6*a^3 + 264*a^2 + 96*a - 384 3*a^4 - 72*a^2 -6*a^4 - 6*a^3 + 132*a^2 + 240*a - 384 6*a^3 - 24*a^2 - 48*a 18*a^3 - 432*a + 384 3*a^4 + 6*a^3 - 72*a^2 - 240*a + 384 -9*a^4 + 30*a^3 + 204*a^2 - 768*a + 576 -3*a^4 + 12*a^3 + 84*a^2 - 336*a + 192 9*a^4 + 12*a^3 - 252*a^2 - 240*a + 576 -9*a^4 + 6*a^3 + 264*a^2 - 432*a + 192 6*a^4 + 6*a^3 - 180*a^2 + 48*a + 192 3*a^4 - 18*a^3 - 72*a^2 + 480*a - 384 -3*a^4 - 6*a^3 + 108*a^2 - 192 6*a^4 + 6*a^3 - 168*a^2 - 48*a + 192 12*a^4 - 36*a^3 - 288*a^2 + 912*a - 576 9*a^4 - 30*a^3 - 192*a^2 + 768*a - 576 -9*a^4 + 12*a^3 + 228*a^2 - 432*a + 192 -15*a^4 + 12*a^3 + 408*a^2 - 480*a -36*a^3 + 48*a^2 + 816*a - 960 -3*a^4 + 108*a^2 - 144*a 12*a^4 - 6*a^3 - 312*a^2 + 240*a 3*a^4 + 18*a^3 - 84*a^2 - 576*a + 768 3*a^4 - 36*a^3 - 48*a^2 + 912*a - 960 6*a^4 - 180*a^2 + 96*a + 192 6*a^4 + 30*a^3 - 216*a^2 - 528*a + 768 3*a^4 - 96*a^2 + 144*a -24*a^3 + 12*a^2 + 672*a - 768 -18*a^3 + 12*a^2 + 528*a - 576 -6*a^3 - 12*a^2 + 240*a - 192 12*a^3 - 12*a^2 - 336*a + 384 -12*a^3 + 24*a^2 + 240*a - 192 -3*a^4 + 72*a^2 - 192 48*a 12*a^3 - 12*a^2 - 336*a + 384 over Number field with defining polynomial x^5-36*x^3+16*x^2+256*x-256
a vector of length 66 over Number field with defining polynomial a number field of degree 14
a vector of length 66 over Number field with defining polynomial a number field of degree 19
-6*a+2850 -6*a+1554 0 -4*a+1252 -8*a+2504 6*a-2202 6*a-2040 -6*a+1716 3*a-1263 3*a-1263 -12*a+3918 3*a-939 3*a-939 9*a-2979 3*a-777 -162 -3*a+939 -3*a+939 6*a-1878 162 -2*a+626 4*a-1468 -2*a+626 216 -2*a+356 2*a-842 -2*a+356 2*a-410 -2*a+626 -3*a+993 a-313 54 -3*a+1209 3*a-777 -2*a+680 a-529 -2*a+518 2*a-356 3*a-1209 a-367 -a+421 4*a-1306 -3*a+777 2*a-464 -2*a+734 -a+259 -a+205 a-367 -3*a+1209 0 -a+367 -a+259 0 3*a-1101 54 a-151 2*a-356 -a+367 2*a-680 2*a-680 -54 -3*a+993 108 -a+259 -54 -54 over Number field with defining polynomial x^2-653*x+103504
96*a-45984 -156*a+63924 -72*a+27288 -20*a+6380 -16*a+10064 -48*a+18592 -33*a+13707 24*a-8496 -75*a+29925 -75*a+29925 -33*a+13707 -12*a+2448 -12*a+2448 27*a-11133 69*a-29451 -54*a+22866 -33*a+11607 -33*a+11607 2200 -74*a+30446 55*a-21345 67*a-25693 -46*a+16834 -12*a+6548 -32*a+12128 27*a-9133 34*a-14886 28*a-10012 -46*a+16834 27*a-11133 32*a-10428 21*a-8959 -14*a+5606 -14*a+5606 47*a-19413 7*a-853 a+1321 20*a-8780 35*a-15765 20*a-8080 46*a-16534 -19*a+6901 35*a-15765 -a+379 26*a-8254 13*a-5727 21*a-6959 -13*a+5427 -14*a+5606 -39*a+13781 a-1379 13*a-5027 -39*a+13781 6*a-1974 21*a-9659 -54*a+22166 -13*a+4727 a-679 40*a-16360 -26*a+9954 200 -6*a+1674 2200 -20*a+7780 -500 200 over Number field with defining polynomial x^2-758*x+141641
For conductor 3, eigenvectors are:
1 -a-1 -1 0 -1 1 -a-1 over Number field with defining polynomial x^2+2*x-1
a+4 a+3 0 1 1 -a-3 -a-3 over Number field with defining polynomial x^2+5*x+5
-a^2 - 9*a - 12 -2 -2*a^2 - 19*a - 31 a^2 + 8*a + 9 a+3 -a^2 - 9*a - 16 2 over Number field with defining polynomial x^3+13*x^2+49*x+53
For conductor 59, eigenvectors are:
2*a+8 -a-4 a+5 0 -2*a-9 -1 a+5 a+5 over Number field with defining polynomial x^2+11*x+29
-2*a -a^2 - 2*a -a^3 - 9*a^2 - 18*a - 4 a^3 + 7*a^2 + 11*a + 2 -2*a -a^2 - 2*a a^3 + 7*a^2 + 9*a + 2 a^2 + 5*a + 2 over Number field with defining polynomial x^4+9*x^3+21*x^2+13*x+2
2 1 0 1 0 -1 -1 0 over Number field with defining polynomial x+3
2 4 -3 -5 -3 -1 2 -3 over Number field with defining polynomial x+3
For conductor 177, eigenvectors are:
0 -120*a+288 504*a-1656 -112*a+368 -42*a+138 84*a-276 -60*a+144 -60*a+144 30*a-72 -162*a+612 162*a-612 -66*a+270 -24*a+132 -12*a+66 -126*a+414 -126*a+414 -56*a+184 28*a-92 32*a-52 -76*a+232 -12*a+4 -56*a+184 84*a-276 18*a-68 0 -6*a+2 -2*a-20 -32*a+114 18*a-68 -68*a+250 4*a+40 32*a-114 -48*a+202 -108*a+408 20*a-48 -2*a-20 50*a-182 -96*a+342 -4*a+22 40*a-158 -36*a+136 6*a-2 54*a-204 -8*a-18 -48*a+202 54*a-204 18*a-68 -48*a+202 34*a-156 -62*a+186 6*a-2 24*a-70 15*a-36 21*a-69 8*a-44 34*a-125 -31 7*a-23 -21*a+69 over Number field with defining polynomial x^2-5*x+5
558*a-4470 366*a-2418 90*a-1602 -115*a+2047 132*a-984 -57*a+1356 183*a-1209 183*a-1209 396*a-2952 -180*a+1497 180*a-1497 144*a-1539 12*a-555 321*a-3324 -441*a+3753 -441*a+3753 -149*a+1059 190*a-1106 509*a-4053 238*a-2188 126*a-422 -149*a+1059 -264*a+1968 128*a-799 117*a-1286 -308*a+2296 188*a-729 56*a-883 -220*a+1640 -62*a+307 -8*a+370 -125*a+1087 -7*a-103 -51*a+794 -201*a+1757 119*a-525 -43*a+424 189*a-1771 59*a-26 -128*a+799 92*a-841 52*a-129 -33*a+246 67*a-396 62*a-307 -33*a+246 59*a-595 85*a-375 168*a-1511 31*a-438 -40*a+143 19*a-452 -58*a+691 3*a+288 66*a-492 -167*a+1607 -14*a-206 569 -3*a-288 over Number field with defining polynomial x^2-16*x+59
0 96*a+48 96*a^2 + 144*a + 48 64*a+32 -12*a^3 - 72*a^2 - 48*a -48*a-24 12*a^3 + 60*a^2 + 36*a + 12 -12*a^3 - 60*a^2 - 84*a - 36 -24*a-12 -12*a^3 - 60*a^2 - 60*a - 24 -12*a^3 - 60*a^2 - 60*a - 24 -24*a^3 - 156*a^2 - 144*a - 36 24*a^3 + 132*a^2 + 108*a + 24 -48*a^2 - 24*a 24*a^2 + 36*a + 12 24*a^2 + 36*a + 12 24*a^3 + 152*a^2 + 128*a + 24 8*a^3 + 48*a^2 + 32*a -16*a^2 - 24*a - 8 16*a^2 - 8*a - 8 8*a^3 + 56*a^2 + 64*a + 24 -24*a^3 - 168*a^2 - 152*a - 32 -48*a^2 - 72*a - 24 -12*a^3 - 68*a^2 - 44*a - 4 -12*a^3 - 76*a^2 - 48*a - 4 -8*a^2 - 4*a -4*a^3 - 20*a^2 - 4*a -12*a^3 - 60*a^2 - 24*a + 4 -8*a^2 - 4*a 12*a^3 + 76*a^2 + 80*a + 20 8*a^2 + 28*a + 12 -16*a^3 - 80*a^2 - 60*a - 12 -12*a^3 - 84*a^2 - 76*a - 16 -12*a^3 - 84*a^2 - 92*a - 24 16*a^3 + 76*a^2 + 44*a -16*a^2 - 24*a - 8 -4*a^3 - 24*a^2 - 16*a 8*a^2 - 4*a - 4 -4*a^3 - 28*a^2 - 32*a - 12 -12*a^3 - 84*a^2 - 60*a - 8 12*a^3 + 92*a^2 + 80*a + 16 -4*a^3 - 20*a^2 - 4*a 24*a+12 -12*a^3 - 68*a^2 - 52*a - 8 12*a^3 + 76*a^2 + 72*a + 16 -24*a-12 12*a^3 + 60*a^2 + 40*a + 4 -12*a^2 - 8*a + 4 12*a^3 + 60*a^2 + 24*a - 4 12*a^3 + 64*a^2 + 36*a - 4 -12*a^3 - 52*a^2 - 36*a - 4 24*a^2 + 36*a + 12 4*a^3 + 30*a^2 + 22*a + 4 -6*a^3 - 44*a^2 - 26*a - 4 4*a^3 + 22*a^2 + 26*a + 8 -16*a-8 -2*a^2 + 10*a + 8 6*a^2 + 6*a + 4 -6*a^3 - 28*a^2 - 42*a - 16 over Number field with defining polynomial x^4+9*x^3+21*x^2+13*x+2
-8*a^6 + 232*a^5 - 2752*a^4 + 16440*a^3 - 49304*a^2 + 64960*a - 23680 -8*a^6 + 200*a^5 - 1872*a^4 + 8072*a^3 - 15784*a^2 + 11760*a - 4416 -208*a^2 + 2128*a - 4544 -16*a^5 + 320*a^4 - 2144*a^3 + 5280*a^2 - 3120*a - 704 -20*a^5 + 432*a^4 - 3472*a^3 + 12640*a^2 - 19564*a + 8304 -20*a^5 + 408*a^4 - 2832*a^3 + 7592*a^2 - 6364*a + 400 8*a^6 - 212*a^5 + 2136*a^4 - 10136*a^3 + 22564*a^2 - 19896*a + 4320 -4*a^6 + 112*a^5 - 1200*a^4 + 6100*a^3 - 14672*a^2 + 14016*a - 2112 -6*a^6 + 142*a^5 - 1236*a^4 + 4830*a^3 - 8206*a^2 + 4796*a - 2384 -8*a^6 + 220*a^5 - 2356*a^4 + 12228*a^3 - 30944*a^2 + 33196*a - 9136 -4*a^6 + 104*a^5 - 980*a^4 + 4008*a^3 - 6292*a^2 + 716*a + 2704 6*a^6 - 142*a^5 + 1260*a^4 - 5210*a^3 + 10178*a^2 - 8060*a + 1200 6*a^6 - 170*a^5 + 1836*a^4 - 9394*a^3 + 22834*a^2 - 22648*a + 5280 -6*a^6 + 170*a^5 - 1836*a^4 + 9342*a^3 - 22406*a^2 + 22576*a - 7552 -52*a^2 + 532*a - 1136 -52*a^2 + 532*a - 1136 4*a^6 - 92*a^5 + 792*a^4 - 3236*a^3 + 6780*a^2 - 7032*a + 2208 -24*a^5 + 512*a^4 - 4016*a^3 + 14048*a^2 - 20632*a + 8288 8*a^6 - 208*a^5 + 2064*a^4 - 9736*a^3 + 22008*a^2 - 20472*a + 4320 -4*a^6 + 108*a^5 - 1112*a^4 + 5412*a^3 - 12620*a^2 + 13432*a - 6688 -4*a^6 + 100*a^5 - 952*a^4 + 4324*a^3 - 9596*a^2 + 9168*a - 2176 4*a^6 - 116*a^5 + 1272*a^4 - 6500*a^3 + 15228*a^2 - 13440*a + 2112 104*a^2 - 1064*a + 2272 -4*a^6 + 104*a^5 - 1016*a^4 + 4528*a^3 - 8664*a^2 + 4748*a + 80 -2*a^6 + 42*a^5 - 316*a^4 + 1082*a^3 - 2070*a^2 + 2736*a - 1280 -8*a^6 + 208*a^5 - 2056*a^4 + 9592*a^3 - 21208*a^2 + 19360*a - 5472 8*a^6 - 208*a^5 + 2064*a^4 - 9736*a^3 + 22060*a^2 - 21004*a + 5456 -8*a^5 + 160*a^4 - 1088*a^3 + 2868*a^2 - 2668*a + 1104 2*a^6 - 50*a^5 + 484*a^4 - 2314*a^3 + 5738*a^2 - 6516*a + 1232 2*a^6 - 50*a^5 + 476*a^4 - 2154*a^3 + 4710*a^2 - 4296*a + 928 -4*a^6 + 100*a^5 - 952*a^4 + 4332*a^3 - 9684*a^2 + 9456*a - 2336 -4*a^5 + 80*a^4 - 544*a^3 + 1356*a^2 - 536*a - 1152 -4*a^6 + 100*a^5 - 944*a^4 + 4144*a^3 - 8336*a^2 + 6432*a - 1376 2*a^6 - 54*a^5 + 556*a^4 - 2714*a^3 + 6294*a^2 - 5940*a + 1232 -2*a^6 + 42*a^5 - 308*a^4 + 886*a^3 - 530*a^2 - 1640*a + 2112 -4*a^6 + 104*a^5 - 1032*a^4 + 4868*a^3 - 10952*a^2 + 9704*a - 1024 4*a^6 - 88*a^5 + 704*a^4 - 2504*a^3 + 3972*a^2 - 2408*a + 128 -4*a^6 + 108*a^5 - 1112*a^4 + 5404*a^3 - 12324*a^2 + 11016*a - 1984 -2*a^6 + 50*a^5 - 484*a^4 + 2350*a^3 - 6198*a^2 + 8140*a - 3184 2*a^6 - 62*a^5 + 716*a^4 - 3786*a^3 + 8934*a^2 - 7500*a + 880 2*a^6 - 50*a^5 + 460*a^4 - 1830*a^3 + 2598*a^2 + 84*a + 144 4*a^6 - 108*a^5 + 1104*a^4 - 5224*a^3 + 11064*a^2 - 8280*a + 1184 -4*a^6 + 108*a^5 - 1156*a^4 + 6128*a^3 - 16272*a^2 + 19180*a - 7024 -2*a^6 + 50*a^5 - 468*a^4 + 1974*a^3 - 3398*a^2 + 1028*a + 1008 -4*a^6 + 108*a^5 - 1112*a^4 + 5448*a^3 - 12872*a^2 + 12928*a - 4096 8*a^5 - 220*a^4 + 2092*a^3 - 8380*a^2 + 13300*a - 4816 -4*a^6 + 104*a^5 - 1040*a^4 + 5064*a^3 - 12544*a^2 + 14612*a - 5552 -2*a^6 + 66*a^5 - 804*a^4 + 4526*a^3 - 11778*a^2 + 11880*a - 1984 -4*a^6 + 108*a^5 - 1120*a^4 + 5600*a^3 - 13864*a^2 + 15392*a - 5376 4*a^6 - 112*a^5 + 1200*a^4 - 6144*a^3 + 15220*a^2 - 15928*a + 4224 2*a^6 - 54*a^5 + 556*a^4 - 2750*a^3 + 6806*a^2 - 8096*a + 4320 -2*a^6 + 54*a^5 - 556*a^4 + 2698*a^3 - 6066*a^2 + 4832*a + 224 -2*a^6 + 46*a^5 - 388*a^4 + 1430*a^3 - 2042*a^2 + 492*a - 144 16*a^5 - 336*a^4 + 2500*a^3 - 7848*a^2 + 9716*a - 2992 -8*a^5 + 168*a^4 - 1276*a^3 + 4268*a^2 - 6224*a + 3200 4*a^5 - 80*a^4 + 536*a^3 - 1320*a^2 + 780*a + 176 4*a^5 - 88*a^4 + 732*a^3 - 2756*a^2 + 4092*a - 944 -2*a^6 + 58*a^5 - 644*a^4 + 3438*a^3 - 9066*a^2 + 10808*a - 4288 52*a^3 - 584*a^2 + 1668*a - 1136 over Number field with defining polynomial x^7-34*x^6+461*x^5-3175*x^4+11690*x^3-22079*x^2+18304*x-4432
72*a-648 24*a-120 48*a-240 64 -12*a+60 36*a-228 12*a-60 12*a-60 -24*a+192 72 -72 24 12*a-36 12*a-36 12*a-60 12*a-60 24*a-152 -28*a+188 32 -4*a+52 28*a-172 24*a-152 24*a-120 8*a-56 -12*a+92 -20*a+116 12*a-60 -16*a+112 -4*a+28 -12*a+12 12*a-108 -8*a+56 20*a-116 -24*a+136 -12*a+124 -12*a+108 -12*a+116 12*a-92 24*a-136 24*a-216 -4*a+28 -28*a+132 -12*a+84 4*a-36 44*a-284 -12*a+84 -16*a+112 -16*a+48 -40 -8*a+48 8*a-32 -8*a+80 -4*a+20 0 4*a-36 12*a-100 32 -20*a+148 0 over Number field with defining polynomial x^2-11*x+26
0 -36*a^6 - 108*a^5 + 900*a^4 - 288*a^3 - 1764*a^2 - 72*a - 144 36*a^7 + 252*a^6 - 576*a^5 - 3960*a^4 + 4608*a^3 + 10404*a^2 - 3780*a - 144 72*a^5 - 84*a^4 - 948*a^3 + 1236*a^2 + 1548*a - 144 9*a^6 + 72*a^5 - 234*a^4 - 900*a^3 + 2565*a^2 - 1080*a + 252 -54*a^5 + 63*a^4 + 711*a^3 - 927*a^2 - 1161*a + 108 -18*a^6 - 72*a^5 + 378*a^4 + 936*a^3 - 2430*a^2 - 1116*a + 216 36*a^6 + 126*a^5 - 828*a^4 - 792*a^3 + 3312*a^2 + 1152*a - 144 9*a^6 + 27*a^5 - 225*a^4 + 72*a^3 + 441*a^2 + 18*a + 36 27*a^6 + 99*a^5 - 603*a^4 - 864*a^3 + 2871*a^2 + 1134*a - 180 27*a^6 + 99*a^5 - 603*a^4 - 864*a^3 + 2871*a^2 + 1134*a - 180 -9*a^6 - 63*a^5 + 45*a^4 + 981*a^3 - 297*a^2 - 2421*a - 36 54*a^6 + 153*a^5 - 1089*a^4 - 1467*a^3 + 5688*a^2 + 837*a - 360 9*a^6 - 27*a^5 - 162*a^4 + 783*a^3 - 486*a^2 - 1143*a + 144 9*a^7 + 63*a^6 - 144*a^5 - 990*a^4 + 1152*a^3 + 2601*a^2 - 945*a - 36 9*a^7 + 63*a^6 - 144*a^5 - 990*a^4 + 1152*a^3 + 2601*a^2 - 945*a - 36 6*a^6 - 12*a^5 - 126*a^4 + 288*a^3 + 120*a^2 - 312*a + 408 -6*a^6 - 48*a^5 + 156*a^4 + 600*a^3 - 1710*a^2 + 720*a - 168 6*a^7 + 42*a^6 - 78*a^5 - 654*a^4 + 420*a^3 + 1440*a^2 + 1464*a + 216 -6*a^7 - 48*a^6 + 114*a^5 + 768*a^4 - 1290*a^3 - 1410*a^2 + 1392*a - 72 -6*a^7 - 42*a^6 + 66*a^5 + 504*a^4 + 234*a^3 - 2220*a^2 - 792*a + 96 6*a^7 + 36*a^6 - 66*a^5 - 528*a^4 + 132*a^3 + 1320*a^2 + 1776*a - 192 -18*a^7 - 126*a^6 + 288*a^5 + 1980*a^4 - 2304*a^3 - 5202*a^2 + 1890*a + 72 -12*a^6 + 189*a^4 - 24*a^3 - 585*a^2 - 246*a + 180 -3*a^6 + 24*a^5 + 42*a^4 - 381*a^3 + 249*a^2 + 543*a - 240 -9*a^6 - 30*a^5 + 219*a^4 + 447*a^3 - 1812*a^2 + 153*a + 192 -3*a^7 - 24*a^6 + 33*a^5 + 420*a^4 - 75*a^3 - 1722*a^2 - 207*a + 12 -3*a^7 - 6*a^6 + 27*a^5 + 24*a^4 + 351*a^3 - 660*a^2 - 687*a + 204 18*a^6 + 57*a^5 - 444*a^4 - 375*a^3 + 2253*a^2 - 135*a - 156 3*a^6 + 12*a^5 - 84*a^4 - 93*a^3 + 369*a^2 + 231*a + 168 -3*a^7 - 21*a^6 + 57*a^5 + 306*a^4 - 447*a^3 - 411*a^2 - 345*a - 144 -3*a^7 - 9*a^6 + 51*a^5 + 156*a^4 - 411*a^3 - 255*a^2 + 405*a + 120 -12*a^6 - 54*a^5 + 252*a^4 + 687*a^3 - 1512*a^2 - 1407*a + 288 3*a^7 + 18*a^6 - 51*a^5 - 243*a^4 + 303*a^3 + 351*a^2 + 501*a - 60 6*a^7 + 30*a^6 - 111*a^5 - 456*a^4 + 765*a^3 + 1326*a^2 - 972*a + 24 9*a^7 + 69*a^6 - 123*a^5 - 1056*a^4 + 603*a^3 + 3537*a^2 - 93*a - 24 27*a^5 + 48*a^4 - 471*a^3 + 39*a^2 + 963*a - 192 -3*a^7 - 21*a^6 + 21*a^5 + 348*a^4 + 27*a^3 - 1029*a^2 - 1119*a - 72 3*a^7 + 24*a^6 - 36*a^5 - 378*a^4 + 54*a^3 + 1926*a^2 - 927*a + 228 3*a^7 + 18*a^6 - 15*a^5 - 285*a^4 - 171*a^3 + 969*a^2 + 1275*a - 132 -6*a^6 - 3*a^5 + 192*a^4 - 312*a^3 - 741*a^2 + 1542*a - 132 -3*a^7 - 21*a^6 + 30*a^5 + 294*a^4 + 96*a^3 - 906*a^2 - 1530*a + 288 -9*a^6 - 27*a^5 + 225*a^4 - 72*a^3 - 441*a^2 - 18*a - 36 3*a^7 + 36*a^6 - 36*a^5 - 522*a^4 + 138*a^3 + 1356*a^2 + 1239*a - 132 3*a^6 + 24*a^5 - 33*a^4 - 240*a^3 - 300*a^2 + 1560*a - 96 9*a^6 + 27*a^5 - 225*a^4 + 72*a^3 + 441*a^2 + 18*a + 36 3*a^6 - 30*a^5 + 30*a^4 + 471*a^3 - 1227*a^2 + 399*a + 12 6*a^7 + 48*a^6 - 63*a^5 - 756*a^4 + 249*a^3 + 2466*a^2 + 474*a - 168 3*a^7 + 9*a^6 - 30*a^5 - 150*a^4 - 180*a^3 + 1476*a^2 - 636*a + 72 -18*a^6 - 21*a^5 + 348*a^4 + 45*a^3 - 1101*a^2 - 483*a -21*a^6 - 27*a^5 + 414*a^4 - 96*a^3 - 1026*a^2 - 264*a + 144 -18*a^6 - 3*a^5 + 381*a^4 - 336*a^3 - 1326*a^2 + 1296*a + 48 -3*a^7 - 24*a^6 + 33*a^5 + 357*a^4 - 114*a^3 - 1335*a^2 + 330*a - 36 -12*a^6 - 48*a^5 + 228*a^4 + 558*a^3 - 1425*a^2 - 363*a + 12 -24*a^5 - 27*a^4 + 531*a^3 - 630*a^2 - 366*a -18*a^5 + 21*a^4 + 237*a^3 - 309*a^2 - 387*a + 36 3*a^6 - 105*a^4 + 231*a^3 + 225*a^2 - 726*a + 84 -3*a^7 - 21*a^6 + 57*a^5 + 279*a^4 - 414*a^3 - 480*a^2 - 30*a + 48 -12*a^6 - 48*a^5 + 228*a^4 + 558*a^3 - 1425*a^2 - 363*a + 12 over Number field with defining polynomial x^8+9*x^7-9*x^6-156*x^5+47*x^4+621*x^3-105*x^2-180*x+16
-42*a^7 + 1566*a^6 - 24840*a^5 + 218466*a^4 - 1137714*a^3 + 3402204*a^2 - 5188536*a + 3077568 42*a^7 - 1578*a^6 + 24108*a^5 - 191142*a^4 + 827574*a^3 - 1881516*a^2 + 1960752*a - 641088 -24*a^7 + 852*a^6 - 11880*a^5 + 82044*a^4 - 288840*a^3 + 470064*a^2 - 249240*a - 55104 -12*a^7 + 132*a^6 + 2580*a^5 - 52488*a^4 + 345768*a^3 - 1041252*a^2 + 1449528*a - 751104 12*a^7 - 636*a^6 + 12759*a^5 - 127773*a^4 + 693939*a^3 - 2045091*a^2 + 3030414*a - 1757256 -18*a^7 + 348*a^6 - 513*a^5 - 30153*a^4 + 260733*a^3 - 875751*a^2 + 1289226*a - 684096 54*a^7 - 1920*a^6 + 27420*a^5 - 201930*a^4 + 817692*a^3 - 1793592*a^2 + 1949196*a - 797712 -12*a^7 + 594*a^6 - 11142*a^5 + 103164*a^4 - 505908*a^3 + 1291848*a^2 - 1553688*a + 660624 48*a^7 - 1794*a^6 + 27204*a^5 - 214017*a^4 + 922110*a^3 - 2097945*a^2 + 2194794*a - 720792 45*a^7 - 1671*a^6 + 25068*a^5 - 195162*a^4 + 841803*a^3 - 1985541*a^2 + 2349762*a - 1072248 21*a^7 - 843*a^6 + 13494*a^5 - 109932*a^4 + 481797*a^3 - 1099899*a^2 + 1153122*a - 386088 -42*a^7 + 1419*a^6 - 18921*a^5 + 126426*a^4 - 441861*a^3 + 764817*a^2 - 556302*a + 85104 -54*a^7 + 2019*a^6 - 30474*a^5 + 238125*a^4 - 1024686*a^3 + 2375874*a^2 - 2666988*a + 1076136 30*a^7 - 1176*a^6 + 18393*a^5 - 146664*a^4 + 632889*a^3 - 1447800*a^2 + 1587000*a - 619368 30*a^7 - 1062*a^6 + 15387*a^5 - 117927*a^4 + 511707*a^3 - 1239813*a^2 + 1532454*a - 741456 -24*a^7 + 858*a^6 - 12219*a^5 + 88767*a^4 - 352665*a^3 + 782133*a^2 - 980058*a + 567600 -24*a^7 + 834*a^6 - 11730*a^5 + 86382*a^4 - 358842*a^3 + 838968*a^2 - 1018788*a + 495840 -6*a^7 + 54*a^6 + 2034*a^5 - 40764*a^4 + 298344*a^3 - 1036758*a^2 + 1676664*a - 1009872 -6*a^7 + 282*a^6 - 5034*a^5 + 44052*a^4 - 201108*a^3 + 465870*a^2 - 482664*a + 151632 42*a^7 - 1620*a^6 + 25146*a^5 - 201300*a^4 + 884988*a^3 - 2099028*a^2 + 2430972*a - 1035552 6*a^6 - 12*a^5 - 2040*a^4 + 25176*a^3 - 121998*a^2 + 278724*a - 236304 -24*a^7 + 822*a^6 - 11328*a^5 + 81024*a^4 - 321804*a^3 + 694290*a^2 - 712212*a + 240432 -6*a^7 + 216*a^6 - 2904*a^5 + 17628*a^4 - 43266*a^3 + 4128*a^2 + 101052*a - 76320 -36*a^7 + 1317*a^6 - 19512*a^5 + 150414*a^4 - 643704*a^3 + 1509783*a^2 - 1785894*a + 821736 -24*a^7 + 900*a^6 - 13713*a^5 + 109416*a^4 - 491025*a^3 + 1235886*a^2 - 1620072*a + 858408 -18*a^7 + 648*a^6 - 9336*a^5 + 68736*a^4 - 272778*a^3 + 561756*a^2 - 522168*a + 140760 24*a^7 - 792*a^6 + 10287*a^5 - 67197*a^4 + 234129*a^3 - 425757*a^2 + 363906*a - 104256 6*a^7 - 360*a^6 + 7473*a^5 - 73443*a^4 + 373521*a^3 - 979047*a^2 + 1222482*a - 560448 6*a^7 - 294*a^6 + 5340*a^5 - 46989*a^4 + 215160*a^3 - 504621*a^2 + 551454*a - 207936 -6*a^7 + 276*a^6 - 5019*a^5 + 46428*a^4 - 233337*a^3 + 627822*a^2 - 826956*a + 411336 -6*a^7 + 288*a^6 - 5214*a^5 + 46116*a^4 - 212220*a^3 + 492408*a^2 - 500820*a + 143304 36*a^7 - 1272*a^6 + 18084*a^5 - 133194*a^4 + 544914*a^3 - 1231836*a^2 + 1427028*a - 656952 12*a^7 - 435*a^6 + 6417*a^5 - 49701*a^4 + 216141*a^3 - 517746*a^2 + 615648*a - 274440 -12*a^7 + 462*a^6 - 7272*a^5 + 60075*a^4 - 277080*a^3 + 699321*a^2 - 877350*a + 418752 30*a^7 - 1077*a^6 + 15306*a^5 - 109347*a^4 + 410892*a^3 - 770100*a^2 + 598512*a - 80304 90*a^6 - 2718*a^5 + 31260*a^4 - 171036*a^3 + 448800*a^2 - 489468*a + 136680 -12*a^7 + 351*a^6 - 3885*a^5 + 20367*a^4 - 50811*a^3 + 45030*a^2 + 39672*a - 74568 -6*a^7 + 204*a^6 - 2856*a^5 + 21330*a^4 - 90042*a^3 + 204366*a^2 - 207516*a + 57096 -18*a^7 + 627*a^6 - 8679*a^5 + 61086*a^4 - 233343*a^3 + 486537*a^2 - 545058*a + 271488 30*a^7 - 1074*a^6 + 15564*a^5 - 117705*a^4 + 497730*a^3 - 1162707*a^2 + 1363890*a - 610416 6*a^7 - 345*a^6 + 7179*a^5 - 72744*a^4 + 390867*a^3 - 1101777*a^2 + 1467318*a - 703128 -6*a^7 + 177*a^6 - 1947*a^5 + 9549*a^4 - 16233*a^3 - 25488*a^2 + 117972*a - 105120 3*a^7 - 81*a^6 + 906*a^5 - 6810*a^4 + 43653*a^3 - 189465*a^2 + 404442*a - 314568 -36*a^7 + 1299*a^6 - 18939*a^5 + 143568*a^4 - 605853*a^3 + 1413411*a^2 - 1688730*a + 801264 -45*a^6 + 1473*a^5 - 19077*a^4 + 124401*a^3 - 425424*a^2 + 711528*a - 455424 3*a^7 - 165*a^6 + 3516*a^5 - 37602*a^4 + 215583*a^3 - 649389*a^2 + 926190*a - 482568 -24*a^7 + 915*a^6 - 14166*a^5 + 114432*a^4 - 514926*a^3 + 1272783*a^2 - 1575198*a + 747312 30*a^7 - 1179*a^6 + 18816*a^5 - 156369*a^4 + 719670*a^3 - 1794864*a^2 + 2182752*a - 976464 -81*a^6 + 2493*a^5 - 29829*a^4 + 176805*a^3 - 545964*a^2 + 839592*a - 506688 -24*a^7 + 825*a^6 - 11181*a^5 + 76107*a^4 - 275115*a^3 + 518592*a^2 - 477324*a + 170856 -6*a^7 + 267*a^6 - 4776*a^5 + 44313*a^4 - 228996*a^3 + 653958*a^2 - 949944*a + 543312 -60*a^6 + 1671*a^5 - 17268*a^4 + 82773*a^3 - 191820*a^2 + 220248*a - 107760 27*a^6 - 855*a^5 + 10374*a^4 - 60939*a^3 + 181575*a^2 - 261702*a + 144312 -51*a^6 + 1584*a^5 - 18930*a^4 + 110178*a^3 - 326655*a^2 + 469458*a - 258624 27*a^6 - 879*a^5 + 11007*a^4 - 66939*a^3 + 207096*a^2 - 313488*a + 184224 -72*a^6 + 2163*a^5 - 24819*a^4 + 137019*a^3 - 375765*a^2 + 475218*a - 212160 -21*a^6 + 672*a^5 - 8646*a^4 + 56880*a^3 - 194991*a^2 + 309114*a - 176040 -18*a^7 + 705*a^6 - 11178*a^5 + 92025*a^4 - 419496*a^3 + 1045230*a^2 - 1308876*a + 636288 39*a^6 - 1182*a^5 + 13572*a^4 - 73140*a^3 + 181977*a^2 - 162882*a + 3216 over Number field with defining polynomial x^8-42*x^7+725*x^6-6653*x^5+35104*x^4-107737*x^3+185682*x^2-162824*x+54752
0 -12*a^2 - 12*a -12*a^2 + 12 -8*a^2 + 8*a + 8 6*a+6 6*a^2 - 6*a - 6 -6*a^2 - 6*a -6*a^2 - 6*a 3*a^2 + 3*a -3*a^2 + 3*a + 6 3*a^2 - 3*a - 6 3*a+3 -3*a-3 -3*a^2 + 3*a 3*a^2 - 3 3*a^2 - 3 6*a^2 - 2 -4*a-4 -4*a^2 + 4*a + 4 4*a^2 - 2*a - 2 -4*a^2 + 2*a + 2 2*a^2 - 4*a - 6 -2*a^2 + 2 -a^2 - 1 -a^2 - 4*a + 1 -2*a 4*a^2 - 2*a - 2 4*a^2 - 2*a - 2 a^2 - 3*a - 2 -3*a^2 - 4*a - 1 2*a^2 - 2 -4*a^2 + 2*a + 2 -a^2 - 2*a - 1 a^2 - 2*a - 1 -3*a^2 + 4*a + 3 4*a^2 - 2*a - 2 -3*a^2 - 1*a -2*a^2 + 4*a + 2 -a^2 - 4*a - 3 a^2 + 6*a + 3 -2*a^2 + 1*a + 1 -3*a^2 + 1*a + 2 a^2 - 1*a - 2 -3*a^2 + 6*a + 5 a^2 + 1 a^2 - 1*a - 2 a^2 + 2*a + 1 -a^2 - 2*a - 1 a^2 - 1*a -a^2 + 3*a + 2 2*a^2 - 1*a - 1 a^2 - 1*a - 2 -4*a-2 2*a^2 - 1*a - 1 a+1 -4*a^2 + 2*a + 4 -a-1 4*a+2 -2*a^2 + 1*a + 1 over Number field with defining polynomial x^3-3*x^2-x+1
-44*a^5 + 1244*a^4 - 12600*a^3 + 55276*a^2 - 101236*a + 60512 -2*a^6 + 86*a^5 - 1464*a^4 + 12386*a^3 - 53466*a^2 + 107604*a - 77792 10*a^6 - 366*a^5 + 5240*a^4 - 37158*a^3 + 135738*a^2 - 238272*a + 153968 2*a^6 - 54*a^5 + 464*a^4 - 822*a^3 - 6950*a^2 + 30472*a - 31632 -2*a^6 + 63*a^5 - 766*a^4 + 4594*a^3 - 14208*a^2 + 20035*a - 8332 -a^6 + 53*a^5 - 1005*a^4 + 8897*a^3 - 38682*a^2 + 77622*a - 56524 -a^6 + 43*a^5 - 732*a^4 + 6193*a^3 - 26733*a^2 + 53802*a - 38896 -a^6 + 43*a^5 - 732*a^4 + 6193*a^3 - 26733*a^2 + 53802*a - 38896 2*a^6 - 64*a^5 + 741*a^4 - 3625*a^3 + 5697*a^2 + 5661*a - 16756 -2*a^5 + 77*a^4 - 1059*a^3 + 6319*a^2 - 15403*a + 11444 2*a^5 - 77*a^4 + 1059*a^3 - 6319*a^2 + 15403*a - 11444 -a^6 + 33*a^5 - 446*a^4 + 3221*a^3 - 13179*a^2 + 27908*a - 22604 a^6 - 30*a^5 + 320*a^4 - 1373*a^3 + 1029*a^2 + 7873*a - 14272 a^6 - 29*a^5 + 306*a^4 - 1538*a^3 + 4725*a^2 - 11601*a + 14824 4*a^6 - 144*a^5 + 1997*a^4 - 13416*a^3 + 45117*a^2 - 70926*a + 39212 4*a^6 - 144*a^5 + 1997*a^4 - 13416*a^3 + 45117*a^2 - 70926*a + 39212 -3*a^6 + 107*a^5 - 1506*a^4 + 10527*a^3 - 37421*a^2 + 60740*a - 32608 -6*a^6 + 202*a^5 - 2626*a^4 + 16650*a^3 - 53464*a^2 + 81092*a - 44872 a^6 - 27*a^5 + 232*a^4 - 411*a^3 - 3475*a^2 + 15236*a - 15816 4*a^6 - 154*a^5 + 2352*a^4 - 18098*a^3 + 72984*a^2 - 143192*a + 105872 -6*a^5 + 190*a^4 - 2270*a^3 + 12570*a^2 - 31628*a + 29368 3*a^6 - 115*a^5 + 1740*a^4 - 13147*a^3 + 51319*a^2 - 95172*a + 62952 6*a^6 - 218*a^5 + 3078*a^4 - 21330*a^3 + 75324*a^2 - 126708*a + 77464 2*a^6 - 72*a^5 + 1028*a^4 - 7395*a^3 + 27972*a^2 - 51895*a + 35860 -3*a^6 + 109*a^5 - 1546*a^4 + 10778*a^3 - 38051*a^2 + 62553*a - 36336 -a^6 + 32*a^5 - 391*a^4 + 2337*a^3 - 7524*a^2 + 13907*a - 11648 2*a^6 - 74*a^5 + 1081*a^4 - 7914*a^3 + 30207*a^2 - 55782*a + 38252 2*a^6 - 74*a^5 + 1081*a^4 - 7914*a^3 + 30207*a^2 - 55782*a + 38252 -a^6 + 40*a^5 - 624*a^4 + 4790*a^3 - 18843*a^2 + 35914*a - 25548 a^6 - 33*a^5 + 426*a^4 - 2780*a^3 + 9793*a^2 - 17383*a + 10800 3*a^6 - 108*a^5 + 1519*a^4 - 10615*a^3 + 38750*a^2 - 70701*a + 51232 -2*a^6 + 75*a^5 - 1123*a^4 + 8530*a^3 - 34257*a^2 + 67709*a - 50544 a^6 - 39*a^5 + 595*a^4 - 4442*a^3 + 16398*a^2 - 26061*a + 11920 a^6 - 30*a^5 + 314*a^4 - 1278*a^3 + 1205*a^2 + 1496*a + 204 a^6 - 43*a^5 + 719*a^4 - 5925*a^3 + 25128*a^2 - 51728*a + 40232 2*a^6 - 73*a^5 + 1039*a^4 - 7298*a^3 + 26157*a^2 - 43855*a + 25960 -10*a^5 + 279*a^4 - 2859*a^3 + 13165*a^2 - 26695*a + 18688 -a^6 + 46*a^5 - 821*a^4 + 7173*a^3 - 31802*a^2 + 66741*a - 52520 -4*a^6 + 138*a^5 - 1842*a^4 + 11980*a^3 - 39290*a^2 + 60646*a - 33300 -3*a^6 + 110*a^5 - 1588*a^4 + 11394*a^3 - 42101*a^2 + 74480*a - 48628 2*a^6 - 79*a^5 + 1219*a^4 - 9232*a^3 + 35241*a^2 - 61975*a + 37468 3*a^6 - 112*a^5 + 1634*a^4 - 11800*a^3 + 43947*a^2 - 79168*a + 53416 8*a^5 - 233*a^4 + 2453*a^3 - 11319*a^2 + 22007*a - 13900 4*a^6 - 144*a^5 + 2032*a^4 - 14250*a^3 + 51860*a^2 - 92274*a + 62668 -2*a^6 + 71*a^5 - 986*a^4 + 6779*a^3 - 23922*a^2 + 39968*a - 23568 8*a^5 - 233*a^4 + 2453*a^3 - 11319*a^2 + 22007*a - 13900 -a^6 + 40*a^5 - 637*a^4 + 5058*a^3 - 20448*a^2 + 37988*a - 24212 -a^6 + 37*a^5 - 529*a^4 + 3655*a^3 - 12558*a^2 + 20100*a - 10864 3*a^6 - 106*a^5 + 1444*a^4 - 9530*a^3 + 31377*a^2 - 47540*a + 24048 6*a^5 - 173*a^4 + 1821*a^3 - 8695*a^2 + 18921*a - 13904 -2*a^6 + 80*a^5 - 1261*a^4 + 9848*a^3 - 39291*a^2 + 73902*a - 49760 9*a^5 - 275*a^4 + 3069*a^3 - 15369*a^2 + 33934*a - 26192 2*a^6 - 69*a^5 + 909*a^4 - 5720*a^3 + 17603*a^2 - 24565*a + 12124 3*a^5 - 95*a^4 + 1135*a^3 - 6285*a^2 + 15814*a - 14684 a^5 - 36*a^4 + 461*a^3 - 2834*a^2 + 9052*a - 11232 4*a^5 - 109*a^4 + 1030*a^3 - 3981*a^2 + 5592*a - 1124 -6*a^4 + 155*a^3 - 1216*a^2 + 2875*a - 1060 -2*a^6 + 70*a^5 - 951*a^4 + 6336*a^3 - 21653*a^2 + 36492*a - 24416 -3*a^5 + 95*a^4 - 1135*a^3 + 6285*a^2 - 15814*a + 14684 over Number field with defining polynomial x^7-42*x^6+715*x^5-6337*x^4+31252*x^3-84897*x^2+116740*x-62096
a vector of length 59 over Number field with defining polynomial a number field of degree 16
For conductor 1:
traces of hecke eigenvalues of T_{p^1} are:
6 30 76 132 112 306 436 552 870 1300 1516 1722 1372 2256 2862 3964 3676 5112 6592 7204 6972 8010 8176 
computing eigenvalues for k = 1, took 16.310809 sec
traces of hecke eigenvalues of T_{p^2} are:
3 24 208 
computing eigenvalues for k = 2, took 0.284772 sec
traces of hecke eigenvalues of T_{p^1} are:
15 156 400 1464 2380 5220 7240 12720 25260 30784 52060 70644 81400 106080 151740 230764 305320 363024 394420 499360 578760 712980 922180 
computing eigenvalues for k = 1, took 16.157846 sec
traces of hecke eigenvalues of T_{p^2} are:
30 780 2800 
computing eigenvalues for k = 2, took 0.270597 sec
traces of hecke eigenvalues of T_{p^1} are:
42 208 333 919 1207 2119 2484 3646 6258 6340 9337 11789 12751 15548 20720 25636 30388 34517 37148 41499 46779 56686 65244 
computing eigenvalues for k = 1, took 16.254193 sec
traces of hecke eigenvalues of T_{p^2} are:
21 156 -136 
computing eigenvalues for k = 2, took 0.283967 sec
traces of hecke eigenvalues of T_{p^1} are:
5 38 -97 226 -220 107 -36 321 170 90 -844 227 143 1207 -520 -1207 -264 1932 -1282 -827 3045 -232 1697 
computing eigenvalues for k = 1, took 14.065320 sec
traces of hecke eigenvalues of T_{p^2} are:
-2 -4 -19 
computing eigenvalues for k = 2, took 0.243511 sec
traces of hecke eigenvalues of T_{p^1} are:
-2 10 -14 36 -24 120 -82 16 102 -124 340 -366 164 116 1274 244 -876 -432 -28 1166 -1964 -668 -468 
computing eigenvalues for k = 1, took 14.121940 sec
traces of hecke eigenvalues of T_{p^2} are:
0 -4 -64 
computing eigenvalues for k = 2, took 0.248332 sec
traces of hecke eigenvalues of T_{p^1} are:
0 10 114 -22 -246 -17 394 -184 406 1540 1216 -410 -2772 -940 -530 2252 -4400 213 5366 5210 498 890 -8784 
computing eigenvalues for k = 1, took 13.981662 sec
traces of hecke eigenvalues of T_{p^2} are:
15 120 280 
computing eigenvalues for k = 2, took 0.245901 sec
traces of hecke eigenvalues of T_{p^1} are:
78 380 758 1738 2652 4148 5216 7400 11128 13784 19476 23308 26712 31088 38772 53448 64152 69300 74376 87230 92730 106828 133104 
computing eigenvalues for k = 1, took 16.106247 sec
traces of hecke eigenvalues of T_{p^2} are:
24 96 464 
computing eigenvalues for k = 2, took 0.286336 sec
traces of hecke eigenvalues of T_{p^1} are:
-21 -67 -9 -56 370 -290 521 2 -393 834 28 1393 2334 1088 357 -1156 1160 1336 -3034 -611 -712 -1454 -562 
computing eigenvalues for k = 1, took 14.029605 sec
traces of hecke eigenvalues of T_{p^2} are:
-24 -156 -200 
computing eigenvalues for k = 2, took 0.244831 sec
traces of hecke eigenvalues of T_{p^1} are:
13 29 104 277 269 781 653 1008 1433 2040 2521 3896 3749 4538 5083 6960 7786 10513 10852 12416 15907 16708 19368 
computing eigenvalues for k = 1, took 16.065761 sec
traces of hecke eigenvalues of T_{p^2} are:
9 -138 32 
computing eigenvalues for k = 2, took 0.287690 sec
traces of hecke eigenvalues of T_{p^1} are:
8 66 90 216 332 528 758 1268 1854 1860 2520 3026 3492 4560 6050 7296 10032 10880 11036 12526 13952 15168 18532 
computing eigenvalues for k = 1, took 16.215458 sec
traces of hecke eigenvalues of T_{p^2} are:
-6 84 -80 
computing eigenvalues for k = 2, took 0.281302 sec
For conductor 3:
traces of hecke eigenvalues of T_{p^1} are:
-2 10 -14 36 -24 120 -82 16 102 -124 340 -366 164 116 1274 244 -876 -432 -28 1166 -1964 -668 -468 
computing eigenvalues for k = 1, took 643.119223 sec
traces of hecke eigenvalues of T_{p^2} are:
0 -4 -64 
computing eigenvalues for k = 2, took 0.620328 sec
traces of hecke eigenvalues of T_{p^1} are:
-5 -16 -6 -59 -51 -12 24 -251 -78 -342 99 174 18 -159 778 -543 -552 -167 78 -426 -16 -396 -209 
computing eigenvalues for k = 1, took 646.604293 sec
traces of hecke eigenvalues of T_{p^2} are:
5 -44 -31 
computing eigenvalues for k = 2, took 0.625213 sec
traces of hecke eigenvalues of T_{p^1} are:
-13 -22 -49 -61 47 -59 -250 204 -124 -272 167 -475 77 -82 -612 48 -916 -831 1864 649 1487 -1700 1024 
computing eigenvalues for k = 1, took 646.747587 sec
traces of hecke eigenvalues of T_{p^2} are:
8 -8 24 
computing eigenvalues for k = 2, took 0.620549 sec
For conductor 59:
traces of hecke eigenvalues of T_{p^1} are:
-11 -24 -42 -87 -13 90 14 127 -96 -216 -435 -584 -102 -51 346 -141 -438 163 494 280 -1358 1902 -461 
computing eigenvalues for k = 1, took 367.446592 sec
traces of hecke eigenvalues of T_{p^2} are:
9 -12 -11 
computing eigenvalues for k = 2, took 0.639700 sec
traces of hecke eigenvalues of T_{p^1} are:
-9 -16 30 -32 34 64 86 -104 216 -258 568 100 -314 -6 -288 -354 428 -600 2046 -2130 182 -1750 1862 
computing eigenvalues for k = 1, took 372.130770 sec
traces of hecke eigenvalues of T_{p^2} are:
-1 4 32 
computing eigenvalues for k = 2, took 0.658212 sec
traces of hecke eigenvalues of T_{p^1} are:
-3 5 -39 -12 10 70 -47 -38 -349 -6 -60 23 -274 52 265 60 540 452 370 -1333 532 134 1074 
computing eigenvalues for k = 1, took 378.045771 sec
traces of hecke eigenvalues of T_{p^2} are:
2 -4 88 
computing eigenvalues for k = 2, took 0.638583 sec
traces of hecke eigenvalues of T_{p^1} are:
-3 -22 9 9 1 -95 -128 -14 -88 192 -15 563 119 -68 -62 -948 216 -391 -938 335 121 -694 -258 
computing eigenvalues for k = 1, took 379.463741 sec
traces of hecke eigenvalues of T_{p^2} are:
2 44 -8 
computing eigenvalues for k = 2, took 0.655268 sec
For conductor 177:
traces of hecke eigenvalues of T_{p^1} are:
5 16 -6 59 -51 12 24 251 78 -342 99 -174 18 159 -778 -543 -552 167 78 -426 16 396 -209 
computing eigenvalues for k = 1, took 145.056624 sec
traces of hecke eigenvalues of T_{p^2} are:
5 -44 -31 
computing eigenvalues for k = 2, took 0.654517 sec
traces of hecke eigenvalues of T_{p^1} are:
16 54 90 312 332 696 758 940 1626 1860 2520 3862 3492 4464 5398 7296 10032 9568 11036 12526 13936 16872 18532 
computing eigenvalues for k = 1, took 139.150274 sec
traces of hecke eigenvalues of T_{p^2} are:
18 12 -80 
computing eigenvalues for k = 2, took 0.668450 sec
traces of hecke eigenvalues of T_{p^1} are:
-9 -16 30 -32 34 64 86 -104 216 -258 568 100 -314 -6 -288 -354 428 -600 2046 -2130 182 -1750 1862 
computing eigenvalues for k = 1, took 141.210866 sec
traces of hecke eigenvalues of T_{p^2} are:
-1 4 32 
computing eigenvalues for k = 2, took 0.650056 sec
traces of hecke eigenvalues of T_{p^1} are:
34 182 333 793 1151 1907 2580 3590 5684 6598 9685 11229 12429 14596 19134 26894 33208 35611 37396 46875 49261 56662 64636 
computing eigenvalues for k = 1, took 137.775917 sec
traces of hecke eigenvalues of T_{p^2} are:
-3 0 -136 
computing eigenvalues for k = 2, took 0.615567 sec
traces of hecke eigenvalues of T_{p^1} are:
11 91 104 251 269 443 653 1200 2047 2040 2521 2992 3749 4486 6365 6960 7786 9935 10852 12416 11981 15332 19368 
computing eigenvalues for k = 1, took 137.092911 sec
traces of hecke eigenvalues of T_{p^2} are:
3 234 32 
computing eigenvalues for k = 2, took 0.624046 sec
traces of hecke eigenvalues of T_{p^1} are:
-9 -40 2 -38 60 -190 294 -158 58 522 -482 678 518 244 -84 426 -998 36 -1618 376 554 -844 -3600 
computing eigenvalues for k = 1, took 141.725387 sec
traces of hecke eigenvalues of T_{p^2} are:
-13 -44 -48 
computing eigenvalues for k = 2, took 0.653055 sec
traces of hecke eigenvalues of T_{p^1} are:
42 198 501 989 1489 2309 3104 4190 6504 8060 11375 13351 15021 17628 22798 29002 35438 40913 42036 49687 55017 63092 75380 
computing eigenvalues for k = 1, took 138.627128 sec
traces of hecke eigenvalues of T_{p^2} are:
6 -60 808 
computing eigenvalues for k = 2, took 0.633021 sec
traces of hecke eigenvalues of T_{p^1} are:
3 22 -61 25 -61 61 102 276 22 580 -361 237 -127 184 -416 -156 364 -253 -1484 691 59 -630 -776 
computing eigenvalues for k = 1, took 142.975561 sec
traces of hecke eigenvalues of T_{p^2} are:
-4 12 40 
computing eigenvalues for k = 2, took 0.695518 sec
traces of hecke eigenvalues of T_{p^1} are:
42 212 333 929 1207 2165 2484 4082 5922 6340 9337 12319 12751 16036 19348 25636 30388 37051 37148 41499 50829 55454 65244 
computing eigenvalues for k = 1, took 137.021390 sec
traces of hecke eigenvalues of T_{p^2} are:
21 180 -136 
computing eigenvalues for k = 2, took 0.626050 sec
traces of hecke eigenvalues of T_{p^1} are:
-7 -30 -18 134 -106 98 320 52 -380 290 -112 648 1010 972 614 906 968 1980 1346 -532 -3586 -1188 702 
computing eigenvalues for k = 1, took 142.251734 sec
traces of hecke eigenvalues of T_{p^2} are:
-21 -44 -160 
computing eigenvalues for k = 2, took 0.634451 sec
