constructing eigenvector for poly
x-40
constructing eigenvector for poly
x^6+8*x^5-51*x^4-314*x^3+737*x^2+694*x-1343
constructing eigenvector for poly
x^26-25*x^25-94*x^24+6810*x^23-25531*x^22-667492*x^21+4677061*x^20+28797329*x^19-304287365*x^18-510013156*x^17+10407347879*x^16-2250456942*x^15-209635317775*x^14+265328376724*x^13+2576255063660*x^12-5113017866772*x^11-19097832025996*x^10+50172479427031*x^9+79901342366868*x^8-279393166126977*x^7-150475880134669*x^6+879418359446142*x^5-49106334345871*x^4-1444851806611147*x^3+604588300328854*x^2+956662706781933*x-623151347658281
constructing eigenvector for poly
x^23-259*x^22+31716*x^21-2442357*x^20+132702514*x^19-5410504915*x^18+171871298137*x^17-4359611312502*x^16+89781231458153*x^15-1518118970469427*x^14+21232559082494523*x^13-246680706022802888*x^12+2384683885483928908*x^11-19167792211910235822*x^10+127702233607643830925*x^9-701159540478781812859*x^8+3144864012395027207313*x^7-11377209087720767948984*x^6+32604617105405432288460*x^5-72117399442534391895560*x^4+118409120158799896264592*x^3-135504038488154511452992*x^2+96191549200796324524736*x-31800235566146794670464
constructing eigenvector for poly
x^14-167*x^13+12718*x^12-584821*x^11+18121479*x^10-399836299*x^9+6471011530*x^8-77950698215*x^7+701551751213*x^6-4689188430345*x^5+22888531794360*x^4-79027065118243*x^3+182243771215764*x^2-250959603751424*x+155495604222388
constructing eigenvector for poly
x^6+8*x^5-51*x^4-314*x^3+737*x^2+694*x-1343
constructing eigenvector for poly
x^2+16*x+59
constructing eigenvector for poly
x^2+18*x+61
constructing eigenvector for poly
x^26+44*x^25+666*x^24+2229*x^23-44794*x^22-468453*x^21-308593*x^20+15781639*x^19+56942542*x^18-219186664*x^17-1439513122*x^16+1094469042*x^15+18525807562*x^14+6558469894*x^13-143768708605*x^12-130450211939*x^11+704472158056*x^10+865020660156*x^9-2156493492206*x^8-3146184587922*x^7+3840327134355*x^6+6644524987960*x^5-3169645685313*x^4-7650831314914*x^3-129486385114*x^2+3716259240334*x+1348360540403
constructing eigenvector for poly
x^2+18*x+61
constructing eigenvector for poly
x^11-116*x^10+5983*x^9-180746*x^8+3544876*x^7-47251033*x^6+435183569*x^5-2756600623*x^4+11700089039*x^3-31455120091*x^2+47767724828*x-30731879600
computing eigenvectors took 0.863791 sec
For conductor 1, eigenvectors are:
-1 -1 -1 -1 -1 -1 -1 -1 -1 -1 -1 -1 -1 -1 -1 -1 -1 -1 -1 -1 -1 -1 -1 -1 -1 -1 -1 -1 -1 -1 -1 -1 -1 -1 -1 -1 -1 -1 -1 -1 -1 -1 -1 -1 -1 -1 -1 -1 -1 -1 -1 -1 -1 -1 -1 -1 -1 -1 -1 -1 -1 -1 -1 -1 -1 -1 -1 -1 -1 -1 over Number field with defining polynomial x-40
0 0 -144*a^5 - 528*a^4 + 8736*a^3 + 16224*a^2 - 90768*a + 84720 0 16*a^5 + 464*a^4 - 1280*a^3 - 20224*a^2 + 42800*a - 6096 80*a^5 + 304*a^4 - 3104*a^3 - 5664*a^2 + 80*a + 27184 0 -120*a^5 - 336*a^4 + 5712*a^3 + 7584*a^2 - 61512*a + 58944 36*a^5 + 228*a^4 - 1920*a^3 - 10968*a^2 + 14556*a + 11316 0 0 -16*a^5 - 64*a^4 + 96*a^3 + 128*a^2 + 15088*a - 27712 0 -24*a^5 - 24*a^4 + 1632*a^3 - 1904*a^2 - 20552*a + 35784 -40*a^5 + 24*a^4 + 2016*a^3 - 1808*a^2 - 8152*a + 5496 48*a^5 + 208*a^4 - 2656*a^3 - 8304*a^2 + 29552*a - 8544 72*a^5 + 56*a^4 - 2992*a^3 + 448*a^2 + 14184*a - 14584 -48*a^5 - 208*a^4 + 2656*a^3 + 8304*a^2 - 29552*a + 8544 -24*a^5 - 88*a^4 + 1456*a^3 + 2704*a^2 - 15128*a + 14120 36*a^5 + 108*a^4 - 2124*a^3 - 2772*a^2 + 26232*a - 22656 36*a^5 + 108*a^4 - 2124*a^3 - 2772*a^2 + 26232*a - 22656 36*a^5 + 108*a^4 - 2124*a^3 - 2772*a^2 + 26232*a - 22656 0 -24*a^5 - 240*a^4 + 1572*a^3 + 9612*a^2 - 27396*a + 12876 36*a^5 + 132*a^4 - 2184*a^3 - 4056*a^2 + 22692*a - 21180 40*a^5 + 112*a^4 - 1904*a^3 - 2528*a^2 + 20504*a - 19648 8*a^5 + 168*a^4 - 816*a^3 - 5504*a^2 + 26824*a - 24712 -28*a^5 - 68*a^4 + 1176*a^3 + 1176*a^2 - 12940*a + 12588 -32*a^5 - 104*a^4 + 1464*a^3 + 1912*a^2 - 9944*a + 1248 -24*a^5 - 208*a^4 + 1304*a^3 + 6184*a^2 - 29840*a + 29256 24*a^5 + 208*a^4 - 1304*a^3 - 6184*a^2 + 29840*a - 29256 12*a^5 - 20*a^4 - 904*a^3 + 3256*a^2 + 12988*a - 28724 -16*a^5 + 128*a^4 + 688*a^3 - 5960*a^2 + 6624*a + 1224 -20*a^5 - 244*a^4 + 576*a^3 + 8056*a^2 - 9660*a - 3476 12*a^5 - 244*a^4 - 368*a^3 + 11016*a^2 - 17324*a + 300 24*a^5 + 240*a^4 - 1216*a^3 - 8488*a^2 + 27128*a - 18424 -4*a^5 - 116*a^4 + 320*a^3 + 5056*a^2 - 10700*a + 1524 -104*a^4 - 360*a^3 + 3768*a^2 + 4408*a - 19392 8*a^5 - 40*a^4 - 320*a^3 + 1400*a^2 - 5848*a + 5296 -36*a^5 - 28*a^4 + 1496*a^3 - 224*a^2 - 7092*a + 7292 -28*a^5 - 20*a^4 + 1056*a^3 - 840*a^2 + 3468*a - 11108 -16*a^5 - 160*a^4 + 1048*a^3 + 6408*a^2 - 18264*a + 8584 -8*a^5 - 168*a^4 + 816*a^3 + 5504*a^2 - 26824*a + 24712 -8*a^5 + 72*a^4 + 408*a^3 - 3704*a^2 + 3136*a + 5536 4*a^5 - 36*a^4 - 204*a^3 + 1852*a^2 - 1568*a - 2768 52*a^4 + 180*a^3 - 1884*a^2 - 2204*a + 9696 -12*a^5 + 44*a^4 + 520*a^3 - 1520*a^2 - 612*a + 4396 -8*a^5 + 4*a^4 + 100*a^3 - 372*a^2 + 5692*a - 14008 -8*a^5 - 20*a^4 + 684*a^3 + 892*a^2 - 12516*a + 14480 4*a^5 + 84*a^4 + 32*a^3 - 2200*a^2 + 2404*a - 148 18*a^5 - 30*a^4 - 864*a^3 + 1272*a^2 + 5574*a - 8418 20*a^5 + 44*a^4 - 696*a^3 + 20*a^2 - 7004*a + 18152 -12*a^5 - 68*a^4 + 620*a^3 + 3228*a^2 - 6032*a - 3280 -12*a^5 - 16*a^4 + 800*a^3 + 1344*a^2 - 8236*a + 6416 8*a^5 - 48*a^4 - 300*a^3 + 1828*a^2 - 4668*a + 4804 4*a^5 - 44*a^4 - 184*a^3 + 2280*a^2 - 388*a - 3260 24*a^5 + 72*a^4 - 976*a^3 - 1296*a^2 + 6480*a - 2896 16*a^5 + 32*a^4 - 824*a^3 - 1376*a^2 + 4464*a + 512 16*a^5 + 24*a^4 - 804*a^3 - 948*a^2 + 5644*a + 20 8*a^5 + 132*a^4 - 344*a^3 - 5088*a^2 + 6928*a + 5404 4*a^5 - 36*a^4 - 204*a^3 + 1852*a^2 - 1568*a - 2768 8*a^4 - 20*a^3 - 428*a^2 - 1180*a + 492 -36*a^5 - 108*a^4 + 2124*a^3 + 2772*a^2 - 26232*a + 22656 152*a^4 - 116*a^3 - 6908*a^2 + 12268*a + 1244 -20*a^4 - 176*a^3 + 152*a^2 + 10232*a - 16620 0 -60*a^4 + 102*a^3 + 2302*a^2 - 7490*a + 4794 16*a^4 + 2*a^3 - 866*a^2 + 4014*a - 3462 56*a^4 - 50*a^3 - 2374*a^2 + 2710*a + 3838 -8*a^5 - 26*a^4 + 146*a^3 + 202*a^2 + 3018*a - 5792 over Number field with defining polynomial x^6+8*x^5-51*x^4-314*x^3+737*x^2+694*x-1343
a vector of length 70 over Number field with defining polynomial a number field of degree 26
a vector of length 70 over Number field with defining polynomial a number field of degree 23
a vector of length 70 over Number field with defining polynomial a number field of degree 14
For conductor 2, eigenvectors are:
6*a^4 + 22*a^3 - 130*a^2 - 90*a + 324 -4*a^4 - 30*a^3 + 22*a^2 + 114*a + 106 3*a^4 + 8*a^3 - 96*a^2 + 60*a + 245 a^4 - 6*a^3 - 120*a^2 - 10*a + 275 -a^4 + 8*a^3 + 80*a^2 - 30*a - 97 a^5 + 6*a^4 - 26*a^3 - 126*a^2 + 67*a + 262 over Number field with defining polynomial x^6+8*x^5-51*x^4-314*x^3+737*x^2+694*x-1343
For conductor 227, eigenvectors are:
2 2 a+7 -a-7 over Number field with defining polynomial x^2+16*x+59
4 -4 -a-11 -a-11 over Number field with defining polynomial x^2+18*x+61
For conductor 454, eigenvectors are:
a vector of length 39 over Number field with defining polynomial a number field of degree 26
0 0 6*a+66 -6*a-66 6*a+66 0 -24 0 0 -4*a-44 -4*a-44 16 16 0 -16 8 8 0 8 -2*a-22 0 2*a+22 -2*a-30 -2*a-22 -2*a-30 0 -2*a-30 8 0 8 -2*a-22 2*a+22 -8 0 0 -4 -4 a+11 -a-11 over Number field with defining polynomial x^2+18*x+61
a vector of length 39 over Number field with defining polynomial a number field of degree 11
For conductor 1:
traces of hecke eigenvalues of T_{p^1} are:
40 156 400 1464 2380 5220 7240 12720 25260 30784 52060 70644 81400 106080 151740 208920 230764 305320 363024 394420 499360 578760 712980 922180 
computing eigenvalues for k = 1, took 22.871063 sec
traces of hecke eigenvalues of T_{p^2} are:
120 780 2800 
computing eigenvalues for k = 2, took 0.218347 sec
traces of hecke eigenvalues of T_{p^1} are:
-8 -6 -14 92 -85 255 97 317 -62 -121 -908 -360 149 920 527 1744 86 436 800 424 -1993 2017 -528 461 
computing eigenvalues for k = 1, took 8.283192 sec
traces of hecke eigenvalues of T_{p^2} are:
-12 -46 10 
computing eigenvalues for k = 2, took 0.241116 sec
traces of hecke eigenvalues of T_{p^1} are:
25 -63 83 78 70 -490 796 -158 -751 1747 943 -1121 2139 -815 -2441 18 52 607 788 -3141 684 853 -1854 -673 
computing eigenvalues for k = 1, took 8.560134 sec
traces of hecke eigenvalues of T_{p^2} are:
-35 -150 -320 
computing eigenvalues for k = 2, took 0.217352 sec
traces of hecke eigenvalues of T_{p^1} are:
259 649 1202 2937 3871 6862 8623 12420 19375 22174 29875 39142 42259 51340 63799 82774 86293 102519 118864 121846 143896 161507 184700 215856 
computing eigenvalues for k = 1, took 23.261690 sec
traces of hecke eigenvalues of T_{p^2} are:
116 306 416 
computing eigenvalues for k = 2, took 0.223159 sec
traces of hecke eigenvalues of T_{p^1} are:
167 397 810 1745 2467 4135 5246 7680 11503 13942 19308 23262 26754 31140 39191 47480 50743 64008 67042 75147 86445 94541 109668 131737 
computing eigenvalues for k = 1, took 23.493568 sec
traces of hecke eigenvalues of T_{p^2} are:
108 198 880 
computing eigenvalues for k = 2, took 0.220121 sec
For conductor 2:
traces of hecke eigenvalues of T_{p^1} are:
-8 -6 -14 92 -85 255 97 317 -62 -121 -908 -360 149 920 527 1744 86 436 800 424 -1993 2017 -528 461 
computing eigenvalues for k = 1, took 377.315899 sec
traces of hecke eigenvalues of T_{p^2} are:
-12 -46 10 
computing eigenvalues for k = 2, took 0.672995 sec
For conductor 227:
traces of hecke eigenvalues of T_{p^1} are:
-16 -16 -26 -6 -33 155 -303 21 116 -473 54 -158 293 264 129 -490 -570 62 572 128 -1111 -139 954 519 
computing eigenvalues for k = 1, took 655.991541 sec
traces of hecke eigenvalues of T_{p^2} are:
12 -20 50 
computing eigenvalues for k = 2, took 0.572164 sec
traces of hecke eigenvalues of T_{p^1} are:
-18 -14 -22 -56 -15 -143 45 67 -134 19 -198 422 -223 -244 -131 -118 494 -268 -366 1368 -835 -869 -736 -381 
computing eigenvalues for k = 1, took 647.894354 sec
traces of hecke eigenvalues of T_{p^2} are:
12 16 -46 
computing eigenvalues for k = 2, took 0.572136 sec
For conductor 454:
traces of hecke eigenvalues of T_{p^1} are:
-44 -39 -80 -355 65 -107 288 -548 364 1258 1221 1443 493 -1066 1015 -1784 3490 -953 -1113 3760 1562 -7514 743 6697 
computing eigenvalues for k = 1, took 148.384629 sec
traces of hecke eigenvalues of T_{p^2} are:
-67 -114 -26 
computing eigenvalues for k = 2, took 0.558141 sec
traces of hecke eigenvalues of T_{p^1} are:
-18 -14 -22 -56 -15 -143 45 67 -134 19 -198 422 -223 -244 -131 -118 494 -268 -366 1368 -835 -869 -736 -381 
computing eigenvalues for k = 1, took 186.802558 sec
traces of hecke eigenvalues of T_{p^2} are:
12 16 -46 
computing eigenvalues for k = 2, took 0.623489 sec
traces of hecke eigenvalues of T_{p^1} are:
116 313 549 1308 1931 3177 3985 5437 8794 10364 15290 18204 20379 23885 30632 38721 41895 48286 56449 58976 67404 77005 85995 103458 
computing eigenvalues for k = 1, took 147.290209 sec
traces of hecke eigenvalues of T_{p^2} are:
24 162 -8 
computing eigenvalues for k = 2, took 0.543090 sec
