constructing eigenvector for poly
x+4
constructing eigenvector for poly
x-8
constructing eigenvector for poly
x-40
constructing eigenvector for poly
x-22
constructing eigenvector for poly
x+10
constructing eigenvector for poly
x^2-28*x+184
constructing eigenvector for poly
x^2+6*x+4
constructing eigenvector for poly
x^2+2*x-44
constructing eigenvector for poly
x^3-10*x^2+19*x+5
constructing eigenvector for poly
x^4-49*x^3+858*x^2-6284*x+16088
constructing eigenvector for poly
x^5+12*x^4+14*x^3-152*x^2-420*x-292
constructing eigenvector for poly
x^5+4*x^4-57*x^3-221*x^2+138*x+508
constructing eigenvector for poly
x^2-14*x+49
constructing eigenvector for poly
x^2-68*x+1156
constructing eigenvector for poly
x^2-384*x+36864
constructing eigenvector for poly
x^2-302*x+22801
constructing eigenvector for poly
x^2-638*x+101761
constructing eigenvector for poly
x^2-28*x+196
constructing eigenvector for poly
x^2-124*x+3844
constructing eigenvector for poly
x^2-328*x+26896
constructing eigenvector for poly
x^2-288*x+20736
constructing eigenvector for poly
x^2-960*x+230400
constructing eigenvector for poly
x^2-32*x+256
constructing eigenvector for poly
x^2-104*x+2704
constructing eigenvector for poly
x^2-240*x+14400
constructing eigenvector for poly
x^2-248*x+15376
constructing eigenvector for poly
x^2-656*x+107584
constructing eigenvector for poly
x^6-64*x^5+1592*x^4-19360*x^3+118544*x^2-336256*x+350464
constructing eigenvector for poly
x^6-352*x^5+49528*x^4-3524128*x^3+131623952*x^2-2402261376*x+16767142144
constructing eigenvector for poly
x^6-556*x^5+127052*x^4-15254816*x^3+1013782192*x^2-35318159808*x+503611638336
constructing eigenvector for poly
x^6-1072*x^5+477376*x^4-113035264*x^3+15010279424*x^2-1059922575360*x+31093917220864
constructing eigenvector for poly
x^6-1960*x^5+1570096*x^4-658380544*x^3+152593197824*x^2-18558677993472*x+926546844749824
constructing eigenvector for poly
x-4
constructing eigenvector for poly
x^2-8*x+16
constructing eigenvector for poly
x^2-56*x+784
constructing eigenvector for poly
x^2-216*x+11664
constructing eigenvector for poly
x^2-248*x+15376
constructing eigenvector for poly
x^2-992*x+246016
constructing eigenvector for poly
x-10
constructing eigenvector for poly
x^2-20*x+100
constructing eigenvector for poly
x^2-92*x+2116
constructing eigenvector for poly
x^2-252*x+15876
constructing eigenvector for poly
x^2-512*x+65536
constructing eigenvector for poly
x^2-584*x+85264
constructing eigenvector for poly
x^3+6*x^2+12*x+8
constructing eigenvector for poly
x^3+42*x^2+588*x+2744
constructing eigenvector for poly
x^3-72*x^2+1728*x-13824
constructing eigenvector for poly
x^3-12*x^2+48*x-64
constructing eigenvector for poly
x^3+240*x^2+19200*x+512000
constructing eigenvector for poly
x-2
constructing eigenvector for poly
x-2
constructing eigenvector for poly
x^2-4*x+4
constructing eigenvector for poly
x^2+4*x-28
constructing eigenvector for poly
x^3-6*x^2+12*x-8
constructing eigenvector for poly
x^3-102*x^2+3468*x-39304
constructing eigenvector for poly
x^3-96*x^2+3072*x-32768
constructing eigenvector for poly
x^3+192*x^2+12288*x+262144
constructing eigenvector for poly
x^3-72*x^2+1728*x-13824
constructing eigenvector for poly
x+2
constructing eigenvector for poly
x+6
constructing eigenvector for poly
x+4
constructing eigenvector for poly
x^5+12*x^4+14*x^3-152*x^2-420*x-292
constructing eigenvector for poly
x^3-6*x^2+12*x-8
constructing eigenvector for poly
x^3-102*x^2+3468*x-39304
constructing eigenvector for poly
x^3-96*x^2+3072*x-32768
constructing eigenvector for poly
x^3+192*x^2+12288*x+262144
constructing eigenvector for poly
x^3-72*x^2+1728*x-13824
constructing eigenvector for poly
x-4
constructing eigenvector for poly
x+10
constructing eigenvector for poly
x-2
constructing eigenvector for poly
x+8
constructing eigenvector for poly
x^4+30*x^3+312*x^2+1352*x+2084
constructing eigenvector for poly
x^4+6*x^3-16*x^2-64*x-28
constructing eigenvector for poly
x+4
constructing eigenvector for poly
x+4
constructing eigenvector for poly
x-7
constructing eigenvector for poly
x+4
constructing eigenvector for poly
x-14
constructing eigenvector for poly
x^4+6*x^3-16*x^2-64*x-28
constructing eigenvector for poly
x^6-63*x^5+1556*x^4-19080*x^3+120812*x^2-367776*x+407920
constructing eigenvector for poly
x^16+11*x^15-199*x^14-2202*x^13+14949*x^12+164898*x^11-513448*x^10-5684120*x^9+7242468*x^8+88846432*x^7-15425904*x^6-524308256*x^5-138218880*x^4+994065152*x^3+531296512*x^2-137188864*x-83594240
constructing eigenvector for poly
x^2-8*x+4
constructing eigenvector for poly
x^3-4*x^2-x+1
constructing eigenvector for poly
x-16
constructing eigenvector for poly
x-16
constructing eigenvector for poly
x^3+24*x^2+192*x+512
constructing eigenvector for poly
x^3-72*x^2+1728*x-13824
constructing eigenvector for poly
x^3-36*x^2+432*x-1728
constructing eigenvector for poly
x^3+252*x^2+21168*x+592704
constructing eigenvector for poly
x^3+528*x^2+92928*x+5451776
constructing eigenvector for poly
x-4
constructing eigenvector for poly
x-4
constructing eigenvector for poly
x^2-8*x+16
constructing eigenvector for poly
x^2-104*x+2704
constructing eigenvector for poly
x^2-288*x+20736
constructing eigenvector for poly
x^2-248*x+15376
constructing eigenvector for poly
x^2-560*x+78400
constructing eigenvector for poly
x+4
constructing eigenvector for poly
x+2
constructing eigenvector for poly
x^2+12*x+34
constructing eigenvector for poly
x^2-10*x-2
constructing eigenvector for poly
x^2+20*x+82
constructing eigenvector for poly
x^2-2*x-2
constructing eigenvector for poly
x-6
constructing eigenvector for poly
x-10
constructing eigenvector for poly
x-8
constructing eigenvector for poly
x^2-2*x-2
constructing eigenvector for poly
x^2-10*x-2
constructing eigenvector for poly
x^4-21*x^2-x+102
constructing eigenvector for poly
x^2-4*x-6
constructing eigenvector for poly
x^3-32*x^2+306*x-764
constructing eigenvector for poly
x^5-57*x^4+1200*x^3-11324*x^2+45596*x-59764
constructing eigenvector for poly
x^5-61*x^4+1396*x^3-14740*x^2+70324*x-117076
constructing eigenvector for poly
x^17+17*x^16-207*x^15-4142*x^14+9587*x^13+313560*x^12+55192*x^11-9990392*x^10-10481132*x^9+145341216*x^8+170802832*x^7-1000646432*x^6-809734960*x^5+3051191936*x^4+299060224*x^3-2642630784*x^2+373925312*x+412347648
constructing eigenvector for poly
x+2
constructing eigenvector for poly
x+2
constructing eigenvector for poly
x^4-40*x^3+588*x^2-3760*x+8836
constructing eigenvector for poly
x^4-168*x^3+9612*x^2-214704*x+1633284
constructing eigenvector for poly
x^4-448*x^3+75252*x^2-5617024*x+157201444
constructing eigenvector for poly
x^4-632*x^3+148584*x^2-15398048*x+593604496
constructing eigenvector for poly
x^4-1392*x^3+718512*x^2-162930816*x+13700234304
constructing eigenvector for poly
x^3+12*x^2+48*x+64
constructing eigenvector for poly
x^3+66*x^2+1452*x+10648
constructing eigenvector for poly
x^3-294*x^2+28812*x-941192
constructing eigenvector for poly
x^3+36*x^2+432*x+1728
constructing eigenvector for poly
x^3-72*x^2+1728*x-13824
constructing eigenvector for poly
x^6-8*x^5-x^4+73*x^3-64*x^2-64*x-8
constructing eigenvector for poly
x+14
constructing eigenvector for poly
x^2+2*x-26
constructing eigenvector for poly
x^2+10*x-2
constructing eigenvector for poly
x^3-21*x+29
constructing eigenvector for poly
x^5-57*x^4+1228*x^3-12360*x^2+57388*x-98292
constructing eigenvector for poly
x^6+2*x^5-44*x^4-56*x^3+400*x^2+676*x-8
constructing eigenvector for poly
x^2-10*x+25
constructing eigenvector for poly
x^2-68*x+1156
constructing eigenvector for poly
x^2-136*x+4624
constructing eigenvector for poly
x^2-510*x+65025
constructing eigenvector for poly
x^2-662*x+109561
constructing eigenvector for poly
x+2
constructing eigenvector for poly
x+2
constructing eigenvector for poly
x^4-44*x^3+720*x^2-5192*x+13924
constructing eigenvector for poly
x^4-228*x^3+19008*x^2-685368*x+9036036
constructing eigenvector for poly
x^4-452*x^3+75600*x^2-5542424*x+150356644
constructing eigenvector for poly
x^4-568*x^3+116280*x^2-10117216*x+317267344
constructing eigenvector for poly
x^4-1160*x^3+504384*x^2-97430720*x+7054656064
constructing eigenvector for poly
x^4-36*x^3+400*x^2-1368*x+1444
constructing eigenvector for poly
x^4-156*x^3+9040*x^2-230568*x+2184484
constructing eigenvector for poly
x^4-516*x^3+97696*x^2-8032056*x+242300356
constructing eigenvector for poly
x^4-776*x^3+224440*x^2-28671648*x+1365154704
constructing eigenvector for poly
x^4-1528*x^3+872448*x^2-220606528*x+20844429376
constructing eigenvector for poly
x^3+24*x^2+192*x+512
constructing eigenvector for poly
x^3-24*x^2+192*x-512
constructing eigenvector for poly
x^3+30*x^2+300*x+1000
constructing eigenvector for poly
x^3-102*x^2+3468*x-39304
constructing eigenvector for poly
x^3+60*x^2+1200*x+8000
constructing eigenvector for poly
x+14
constructing eigenvector for poly
x+2
constructing eigenvector for poly
x+10
constructing eigenvector for poly
x^2+14*x+44
constructing eigenvector for poly
x^6+2*x^5-44*x^4-56*x^3+400*x^2+676*x-8
constructing eigenvector for poly
x^3+24*x^2+192*x+512
constructing eigenvector for poly
x^3-24*x^2+192*x-512
constructing eigenvector for poly
x^3+30*x^2+300*x+1000
constructing eigenvector for poly
x^3-102*x^2+3468*x-39304
constructing eigenvector for poly
x^3+60*x^2+1200*x+8000
computing eigenvectors took 113.529834 sec
For conductor 1, eigenvectors are:
12 6 12 -12 18 -4 -2 -4 -2 0 -6 -6 2 -12 0 0 -2 -2 4 -4 2 -2 0 4 4 -4 2 0 0 -5 -3 5 -2 4 5 -2 3 4 3 4 0 -5 -3 0 -4 0 3 1 3 0 -3 1 -3 2 -1 -1 over Number field with defining polynomial x+4
0 -6 0 0 -6 0 2 0 -6 4 -2 6 -2 0 -4 -4 2 2 0 0 -2 2 -4 0 0 -4 -2 4 4 -1 -3 1 -2 0 1 2 3 0 3 0 0 -1 -3 0 0 0 -1 1 -1 0 1 1 1 2 -1 -1 over Number field with defining polynomial x-8
-1 -1 -1 -1 -1 -1 -1 -1 -1 -1 -1 -1 -1 -1 -1 -1 -1 -1 -1 -1 -1 -1 -1 -1 -1 -1 -1 -1 -1 -1 -1 -1 -1 -1 -1 -1 -1 -1 -1 -1 -1 -1 -1 -1 -1 -1 -1 -1 -1 -1 -1 -1 -1 -1 -1 -1 over Number field with defining polynomial x-40
14 -5 7 -14 2 14 -10 0 -5 8 3 5 -11 -7 -8 -8 -3 -10 -7 7 3 -3 -8 0 -14 6 10 8 1 5 1 -5 10 0 -5 -3 -1 -7 -1 -7 0 5 1 0 0 0 5 2 5 0 -5 2 -5 4 -2 -2 over Number field with defining polynomial x-22
0 0 24 0 -12 4 6 0 0 -4 12 -8 -6 0 -8 8 -2 -2 4 -8 0 12 -4 0 4 -6 2 0 -5 4 0 0 4 -2 0 -2 4 3 -4 -2 4 -4 0 -8 -2 4 -9 1 3 2 -3 5 -3 1 7 -1 over Number field with defining polynomial x+10
6*a-72 -6*a+72 -6*a+84 -6*a+72 0 6*a-72 2*a-20 -2*a+24 -2*a+28 6*a-64 2*a-12 -2*a+32 -2*a+20 -2*a+20 6*a-56 6*a-56 2*a-20 2*a-20 6*a-68 -6*a+76 -2*a+24 2*a-16 -6*a+64 2*a-24 -6*a+72 0 -2*a+20 -6*a+56 2*a-16 2 2*a-26 -2 -4*a+48 -2*a+24 -2 -2*a+24 -2*a+26 -2*a+24 -2*a+26 2*a-28 4*a-52 2 2*a-26 4*a-44 2*a-24 -8 2 2*a-18 2 -4 -2 2*a-18 -2 -4 -2*a+18 -2*a+18 over Number field with defining polynomial x^2-28*x+184
0 6 -6 0 0 0 0 0 -2 0 2 2 -2 -2 2*a+4 -2*a-4 2 0 -2 2 -2 2 0 0 0 0 0 0 -2 a+2 a+2 -a-2 0 0 a+2 -2 a+2 2 -a-2 2 0 -a-2 -a-2 0 0 0 0 0 0 0 0 0 0 0 0 0 over Number field with defining polynomial x^2+6*x+4
-12*a+60 6*a-12 18*a-108 12*a-60 18*a-90 8*a-40 0 4*a-32 -2*a+4 -4*a+20 2*a-4 -2*a-8 -2*a-8 -14*a+88 0 0 2*a-16 0 -2*a+16 -6*a+36 6*a-36 -14*a+88 4*a-20 -4*a+32 -8*a+40 -4*a+26 0 0 6*a-24 6*a-30 -2*a+10 -6*a+30 -6 -6*a+48 -6*a+30 -2*a+16 2*a-10 2*a-16 2*a-10 10*a-56 -2*a+10 6*a-30 -2*a+10 -8*a+46 6*a-48 -4*a+14 -4*a+20 a-8 -4*a+20 4*a-26 4*a-20 a-8 4*a-20 6 -a+8 -a+8 over Number field with defining polynomial x^2+2*x-44
0 42*a^2 - 282*a + 960 84*a^2 - 834*a + 1470 0 -63*a^2 + 558*a - 1215 -72*a^2 + 852*a - 1860 198*a^2 - 1728*a + 3240 0 -14*a^2 + 94*a - 320 72*a^2 - 852*a + 1860 -58*a^2 + 668*a - 1690 -28*a^2 + 278*a - 490 -50*a^2 + 610*a - 1100 -14*a^2 + 94*a - 320 32*a^2 - 272*a + 360 -32*a^2 + 272*a - 360 50*a^2 - 520*a + 1250 -66*a^2 + 576*a - 1080 16*a^2 - 56*a - 170 -28*a^2 + 278*a - 490 10*a^2 - 260*a + 1150 26*a^2 - 406*a + 830 72*a^2 - 852*a + 1860 0 -72*a^2 + 852*a - 1860 36*a^2 - 381*a + 1005 66*a^2 - 576*a + 1080 0 4*a^2 - 74*a + 220 -44*a^2 + 494*a - 1020 -74*a^2 + 644*a - 1170 -28*a^2 + 358*a - 840 9*a^2 - 9*a - 330 -66*a^2 + 576*a - 1080 28*a^2 - 358*a + 840 a^2 + 64*a - 170 58*a^2 - 508*a + 990 32*a^2 - 352*a + 710 -58*a^2 + 508*a - 990 -13*a^2 + 158*a - 490 21*a^2 - 186*a + 405 44*a^2 - 494*a + 1020 74*a^2 - 644*a + 1170 -21*a^2 + 231*a - 330 -66*a^2 + 576*a - 1080 -45*a-75 36*a^2 - 306*a + 405 24*a^2 - 324*a + 795 -12*a^2 + 102*a - 135 6*a^2 - 111*a + 330 12*a^2 - 102*a + 135 -48*a^2 + 528*a - 1065 12*a^2 - 102*a + 135 -18*a^2 + 213*a - 465 -120*a+525 -24*a^2 + 324*a - 795 over Number field with defining polynomial x^3-10*x^2+19*x+5
-4*a^3 + 156*a^2 - 1896*a + 6752 11*a^3 - 498*a^2 + 7368*a - 35440 3*a^3 - 126*a^2 + 1800*a - 8880 4*a^3 - 156*a^2 + 1896*a - 6752 -a^3 + 42*a^2 - 600*a + 2960 -4*a^3 + 156*a^2 - 1896*a + 6752 -2*a^3 + 68*a^2 - 704*a + 2096 -10*a^3 + 408*a^2 - 5424*a + 23344 10*a^3 - 452*a^2 + 6528*a - 29616 -12*a^3 + 484*a^2 - 6360*a + 27040 6*a^3 - 284*a^2 + 4272*a - 20112 -a^3 + 54*a^2 - 856*a + 3920 -6*a^3 + 228*a^2 - 2768*a + 10544 7*a^3 - 318*a^2 + 4712*a - 22640 -9*a^3 + 406*a^2 - 5868*a + 26712 -9*a^3 + 406*a^2 - 5868*a + 26712 -10*a^3 + 396*a^2 - 5024*a + 20048 -2*a^3 + 68*a^2 - 704*a + 2096 10*a^3 - 448*a^2 + 6540*a - 30840 -10*a^3 + 448*a^2 - 6468*a + 29672 -6*a^3 + 244*a^2 - 3156*a + 12616 6*a^3 - 244*a^2 + 3228*a - 13784 12*a^3 - 484*a^2 + 6360*a - 27040 10*a^3 - 408*a^2 + 5424*a - 23344 4*a^3 - 156*a^2 + 1896*a - 6752 12*a^3 - 504*a^2 + 6880*a - 30224 2*a^3 - 68*a^2 + 704*a - 2096 9*a^3 - 406*a^2 + 5868*a - 26712 -6*a^3 + 248*a^2 - 3360*a + 14896 -6*a^2 + 164*a - 1064 -3*a^3 + 132*a^2 - 1928*a + 9360 6*a^2 - 164*a + 1064 -8*a^3 + 340*a^2 - 4684*a + 20664 -10*a^3 + 408*a^2 - 5424*a + 23344 6*a^2 - 164*a + 1064 -2*a^3 + 108*a^2 - 1820*a + 9592 3*a^3 - 132*a^2 + 1928*a - 9360 -2*a^3 + 80*a^2 - 1104*a + 5392 3*a^3 - 132*a^2 + 1928*a - 9360 2*a^3 - 96*a^2 + 1492*a - 7464 -5*a^3 + 222*a^2 - 3256*a + 15760 -6*a^2 + 164*a - 1064 -3*a^3 + 132*a^2 - 1928*a + 9360 8*a^3 - 352*a^2 + 5012*a - 22792 10*a^3 - 408*a^2 + 5424*a - 23344 -4*a^3 + 176*a^2 - 2416*a + 9936 -6*a^2 + 164*a - 1064 6*a^3 - 250*a^2 + 3356*a - 14264 -6*a^2 + 164*a - 1064 -36*a+584 6*a^2 - 164*a + 1064 6*a^3 - 250*a^2 + 3356*a - 14264 6*a^2 - 164*a + 1064 28*a^2 - 752*a + 4784 -6*a^3 + 250*a^2 - 3356*a + 14264 -6*a^3 + 250*a^2 - 3356*a + 14264 over Number field with defining polynomial x^4-49*x^3+858*x^2-6284*x+16088
0 78*a^4 + 846*a^3 + 864*a^2 - 5196*a - 7344 -84*a^4 - 834*a^3 - 2328*a^2 - 3012*a - 1488 0 3*a^4 - 6*a^3 + 732*a^2 + 4104*a + 4416 -26*a^4 - 436*a^3 - 2164*a^2 - 3640*a - 2048 6*a^4 - 56*a^3 - 144*a^2 + 1368*a + 2296 0 -26*a^4 - 282*a^3 - 288*a^2 + 1732*a + 2448 26*a^4 + 436*a^3 + 2164*a^2 + 3640*a + 2048 48*a^4 + 770*a^3 + 3084*a^2 + 3276*a + 248 28*a^4 + 278*a^3 + 776*a^2 + 1004*a + 496 54*a^4 + 714*a^3 + 2940*a^2 + 4644*a + 2544 -26*a^4 - 282*a^3 - 288*a^2 + 1732*a + 2448 -42*a^4 - 180*a^3 - 328*a^2 - 1064*a - 1432 42*a^4 + 180*a^3 + 328*a^2 + 1064*a + 1432 -76*a^4 - 894*a^3 - 1984*a^2 + 1092*a + 3752 -10*a^4 + 108*a^3 + 776*a^2 - 1648 86*a^4 + 786*a^3 + 1208*a^2 - 1092*a - 2104 28*a^4 + 278*a^3 + 776*a^2 + 1004*a + 496 -22*a^4 - 426*a^3 - 1836*a^2 - 3580*a - 2760 -16*a^4 - 482*a^3 - 1980*a^2 - 2212*a - 464 26*a^4 + 436*a^3 + 2164*a^2 + 3640*a + 2048 0 -26*a^4 - 436*a^3 - 2164*a^2 - 3640*a - 2048 -11*a^4 - 244*a^3 - 1398*a^2 - 2504*a - 1348 -2*a^4 + 26*a^3 + 316*a^2 + 684*a + 324 0 14*a^4 + 62*a^3 - 550*a^2 - 2184*a - 2000 -9*a^4 - 270*a^3 - 1714*a^2 - 3188*a - 1672 19*a^4 + 116*a^3 + 480*a^2 + 1216*a + 1040 -17*a^4 - 166*a^3 - 450*a^2 - 452*a - 376 -3*a^4 + 74*a^3 + 530*a^2 + 1288*a + 1132 2*a^4 - 26*a^3 - 316*a^2 - 684*a - 324 17*a^4 + 166*a^3 + 450*a^2 + 452*a + 376 -6*a^4 + 102*a^3 + 602*a^2 + 604*a - 16 15*a^4 + 168*a^3 + 1112*a^2 + 2584*a + 1688 -14*a^4 - 216*a^3 - 1326*a^2 - 3188*a - 2496 -15*a^4 - 168*a^3 - 1112*a^2 - 2584*a - 1688 -32*a^4 - 180*a^3 + 314*a^2 + 2336*a + 2432 -a^4 + 2*a^3 - 244*a^2 - 1368*a - 1472 9*a^4 + 270*a^3 + 1714*a^2 + 3188*a + 1672 -19*a^4 - 116*a^3 - 480*a^2 - 1216*a - 1040 -35*a^4 - 152*a^3 + 386*a^2 + 1652*a + 1284 2*a^4 - 26*a^3 - 316*a^2 - 684*a - 324 11*a^4 + 90*a^3 - 478*a^2 - 2868*a - 3148 13*a^4 - 28*a^3 - 570*a^2 - 1706*a - 1510 -13*a^4 - 15*a^3 + 263*a^2 + 1716*a + 2036 -11*a^3 - 402*a^2 - 1710*a - 1634 19*a^4 + 39*a^3 - 458*a^2 - 1470*a - 1208 13*a^4 - 50*a^3 - 1374*a^2 - 5126*a - 4778 54*a^3 + 709*a^2 + 1700*a + 1108 11*a^3 + 402*a^2 + 1710*a + 1634 77*a^3 + 938*a^2 + 2686*a + 2248 157*a^3 + 887*a^2 + 1564*a + 780 -13*a^4 - 118*a^3 + 85*a^2 + 1852*a + 2364 over Number field with defining polynomial x^5+12*x^4+14*x^3-152*x^2-420*x-292
24*a^4 + 48*a^3 - 1560*a^2 - 4584*a - 3936 48*a^3 + 72*a^2 - 1968*a - 3120 -24*a^4 + 1416*a^2 + 960*a - 2256 -24*a^4 - 48*a^3 + 1560*a^2 + 4584*a + 3936 48*a^3 + 180*a^2 - 1140*a - 1584 -32*a^3 + 2448*a + 3520 8*a^4 + 40*a^3 - 296*a^2 - 1392*a - 1248 16*a^4 + 32*a^3 - 848*a^2 - 816*a + 864 -16*a^3 - 24*a^2 + 656*a + 1040 -8*a^4 + 16*a^3 + 520*a^2 - 920*a - 2208 8*a^4 + 32*a^3 - 240*a^2 - 480*a - 432 -16*a^4 - 48*a^3 + 800*a^2 + 2056*a + 592 -8*a^4 - 48*a^3 + 240*a^2 + 1704*a + 2192 8*a^4 - 544*a^2 - 872*a - 272 0 0 24*a^2 + 568*a + 720 8*a^4 + 40*a^3 - 296*a^2 - 1392*a - 1248 -8*a^4 - 40*a^3 + 272*a^2 + 824*a + 528 8*a^4 - 472*a^2 - 320*a + 752 8*a^4 - 16*a^3 - 592*a^2 - 784*a + 48 -8*a^4 - 24*a^3 + 392*a^2 + 1288*a + 1232 8*a^4 - 16*a^3 - 520*a^2 + 920*a + 2208 -16*a^4 - 32*a^3 + 848*a^2 + 816*a - 864 32*a^3 - 2448*a - 3520 8*a^4 + 32*a^3 - 296*a^2 - 780*a - 368 -8*a^4 - 40*a^3 + 296*a^2 + 1392*a + 1248 0 8*a^3 + 56*a^2 - 312*a - 944 -4*a^4 - 16*a^3 + 108*a^2 - 44*a - 144 -4*a^4 - 8*a^3 + 188*a^2 + 212*a - 368 4*a^4 + 16*a^3 - 108*a^2 + 44*a + 144 4*a^4 + 32*a^3 - 200*a^2 - 1756*a - 2064 -24*a^3 - 128*a^2 + 984*a + 1680 4*a^4 + 16*a^3 - 108*a^2 + 44*a + 144 4*a^4 - 12*a^3 - 172*a^2 + 1184*a + 2176 4*a^4 + 8*a^3 - 188*a^2 - 212*a + 368 -8*a^4 - 40*a^3 + 272*a^2 + 824*a + 528 4*a^4 + 8*a^3 - 188*a^2 - 212*a + 368 4*a^4 - 28*a^3 - 292*a^2 + 720*a + 1472 8*a^4 - 436*a^2 - 44*a + 1264 -4*a^4 - 16*a^3 + 108*a^2 - 44*a - 144 -4*a^4 - 8*a^3 + 188*a^2 + 212*a - 368 -12*a^4 + 8*a^3 + 664*a^2 - 148*a - 1584 24*a^3 + 128*a^2 - 984*a - 1680 -32*a^2 + 268*a + 784 -4*a^3 + 52*a^2 + 448*a + 560 4*a^4 - 4*a^3 - 288*a^2 + 4*a + 696 -4*a^3 + 52*a^2 + 448*a + 560 20*a^3 + 100*a^2 - 252*a - 640 4*a^3 - 52*a^2 - 448*a - 560 4*a^4 - 4*a^3 - 288*a^2 + 4*a + 696 4*a^3 - 52*a^2 - 448*a - 560 8*a^3 - 612*a - 880 -4*a^4 + 4*a^3 + 288*a^2 - 4*a - 696 -4*a^4 + 4*a^3 + 288*a^2 - 4*a - 696 over Number field with defining polynomial x^5+4*x^4-57*x^3-221*x^2+138*x+508
-72 72 72 -72 -18 -36 216 270 -54 -60 156 12 -30 12 -150 60 -156 132 -156 -54 156 -30 -60 270 -36 -39 174 -45 12 -9 165 -111 -39 -18 15 54 -48 54 162 12 42 -87 -51 105 -18 105 9 0 -69 -21 -93 -84 33 -21 -84 0 over Number field with defining polynomial x-319
18 3 3 18 -6 2 2 -8 3 8 3 -3 -3 -3 -8 -8 -3 2 -3 3 3 -3 8 -8 2 -6 2 -8 -3 11 -1 5 -6 8 5 -3 5 -3 5 -3 0 -1 11 0 8 0 3 0 -9 0 -3 0 -3 0 0 0 over Number field with defining polynomial x-480
144 99 -225 144 -45 72 270 0 162 120 66 3 114 -105 192 96 -174 -210 -201 -81 147 195 120 0 72 -138 30 144 30 -36 48 168 51 90 -192 27 -12 -162 -108 111 -57 12 -168 87 90 6 -72 108 -24 15 132 -156 -228 42 -48 0 over Number field with defining polynomial x-328
-6*a^2 + 3360*a - 434016 -21*a^2 + 12792*a - 1815216 -9*a^2 + 5352*a - 776496 -6*a^2 + 3360*a - 434016 18*a^2 - 9576*a + 1240512 2*a^2 - 1200*a + 206560 528*a-138048 -8*a^2 + 3696*a - 397120 -27*a^2 + 15864*a - 2200272 4*a^2 - 3456*a + 624832 17*a^2 - 9608*a + 1317104 5*a^2 - 2120*a + 221936 15*a^2 - 7960*a + 1034384 9*a^2 - 4600*a + 568176 -8*a^2 + 4432*a - 618816 -8*a^2 + 5040*a - 754368 -5*a^2 + 2216*a - 238256 -8*a^2 + 3056*a - 288320 -5*a^2 + 1928*a - 189296 -19*a^2 + 10616*a - 1458832 13*a^2 - 7416*a + 1019824 11*a^2 - 5768*a + 737104 4*a^2 - 3456*a + 624832 -8*a^2 + 3696*a - 397120 2*a^2 - 1200*a + 206560 12*a^2 - 6912*a + 965056 -4*a^2 + 1792*a - 213184 -8*a^2 + 4736*a - 686592 a^2 - 88*a - 15952 -3*a^2 + 1840*a - 276400 -9*a^2 + 4872*a - 662704 -5*a^2 + 2472*a - 313968 8*a^2 - 4008*a + 490400 8*a^2 - 4032*a + 502528 -5*a^2 + 3384*a - 517296 9*a^2 - 4832*a + 631760 a^2 - 320*a + 15440 13*a^2 - 7736*a + 1106416 -7*a^2 + 3936*a - 557360 a^2 + 336*a - 144368 -4*a^2 + 2856*a - 450400 -7*a^2 + 4016*a - 554864 3*a^2 - 1256*a + 120784 2*a^2 - 488*a - 3008 8*a^2 - 4032*a + 502528 2*a^2 - 912*a + 125408 a^2 - 440*a + 43888 -632*a+147680 -3*a^2 + 1736*a - 234576 -160*a+27200 -a^2 + 192*a + 6320 -328*a+79904 -a^2 + 1104*a - 197008 128*a-21760 384*a-97472 -1344*a+325056 over Number field with defining polynomial x^3-980*x^2+304848*x-30439232
-14 -19 -43 14 -44 -14 -20 12 -7 -8 -3 7 -13 31 20 20 -9 -20 -11 -49 -21 -39 8 -12 14 0 20 -20 5 7 -19 -7 2 12 -7 -21 19 1 19 7 6 7 -19 12 -12 -6 7 -2 7 30 -7 -2 -7 8 2 2 over Number field with defining polynomial x-4
-6 0 0 -6 0 2 2 -6 2 2 2 0 2 0 6 6 2 2 -4 -4 -4 -4 2 -6 2 2 2 6 2 -4 4 -4 -4 2 -4 -4 4 2 4 -4 0 -4 4 -4 2 2 0 0 0 -4 0 0 0 2 0 0 over Number field with defining polynomial x-496
72 36 -12 -72 24 -24 -40 32 -12 0 20 -36 12 12 0 0 44 -40 -4 4 -44 44 0 -32 24 -24 40 0 28 12 -4 -12 -40 -32 -12 44 4 -4 4 -4 0 12 -4 0 32 0 4 -8 4 0 -4 -8 -4 -16 8 8 over Number field with defining polynomial x-10
0 -36 -36 0 -36 -48 24 0 24 -48 24 -36 24 -36 0 0 24 24 -12 -12 -12 -12 -48 0 -48 24 24 0 24 24 -24 24 -12 24 24 -12 -24 24 -24 -12 -36 24 -24 -12 24 24 0 0 0 -12 0 0 0 24 0 0 over Number field with defining polynomial x-292
-18 3 3 -18 6 6 6 0 -1 0 3 5 -3 5 4 -4 1 -2 1 -1 3 -3 0 0 6 -4 2 0 -5 -1 -3 1 -4 4 5 -1 -5 -1 -1 -5 4 7 -3 -2 4 -2 0 0 0 0 0 0 0 0 0 0 over Number field with defining polynomial x+80
96 -96 96 -96 0 -80 8 -32 32 48 48 96 -8 -96 0 0 8 8 -16 -32 -32 -16 -48 32 80 88 -8 0 -60 32 0 -32 -64 56 -32 56 0 -76 0 56 0 32 0 -48 -56 48 -12 -4 -12 24 12 -4 12 -20 4 4 over Number field with defining polynomial x-2
0 24 0 0 0 0 8 -16 -8 0 -8 -8 8 16 0 0 8 8 -16 0 -8 -8 0 16 0 -8 -8 0 0 4 4 -4 0 0 -4 8 -4 0 -4 0 -8 4 4 -8 0 8 4 4 4 8 -4 4 -4 0 -4 -4 over Number field with defining polynomial x-2
168*a-336 -120*a -336 -168*a+336 0 56*a-112 72*a-336 -32*a-448 40*a -112*a+224 -16*a+336 40*a-224 16*a+112 -80*a+112 0 0 -40*a+448 72*a-336 -32*a-112 112 -72*a+224 40*a-224 112*a-224 32*a+448 -56*a+112 -16*a -72*a+336 0 112 36*a-168 -20*a-56 -36*a+168 224 0 -36*a+168 16*a-112 20*a+56 56*a-224 20*a+56 -56*a 40*a+112 36*a-168 -20*a-56 40*a-112 0 -40*a+112 8*a-112 -20*a+56 8*a-112 16*a -8*a+112 -20*a+56 -8*a+112 -224 20*a-56 20*a-56 over Number field with defining polynomial x^2+4*x-28
24 -12 -12 24 24 -8 8 0 4 0 4 12 -4 12 0 0 -4 8 -4 4 4 -4 0 0 -8 -8 8 0 -4 4 -12 -4 -8 0 -4 -4 -4 -4 -4 -4 0 -12 4 0 0 0 -4 0 12 0 4 0 4 0 0 0 over Number field with defining polynomial x-24
For conductor 2, eigenvectors are:
2 0 0 1 1 -1 1 -2 -1 1 0 over Number field with defining polynomial x+2
0 1 0 1 0 -1 0 1 0 0 0 over Number field with defining polynomial x+6
0 0 -1 0 0 0 -1 0 0 1 -1 over Number field with defining polynomial x+4
-8*a^2 - 4*a + 4 a^4 + 7*a^3 - 10*a^2 - 100*a - 102 a^4 + 9*a^3 + 1*a^2 - 90*a - 110 -4*a^2 - 2*a + 2 a^4 + 11*a^3 - 4*a^2 - 100*a - 104 a^4 + 7*a^3 - 18*a^2 - 104*a - 98 -2*a^3 - 15*a^2 - 12*a + 10 -4*a^2 - 2*a + 2 -a^3 - 6*a^2 + 48*a + 80 -3*a^3 - 1*a^2 + 58*a + 74 -a^4 - 10*a^3 + 13*a^2 + 160*a + 174 over Number field with defining polynomial x^5+12*x^4+14*x^3-152*x^2-420*x-292
4 1 0 -3 0 -1 0 1 0 0 0 over Number field with defining polynomial x-24
For conductor 5, eigenvectors are:
2 4 2 0 0 3 4 -2 2 1 0 2 -1 3 over Number field with defining polynomial x-4
-2 -1 -2 -3 -1 -1 1 0 -1 1 1 1 -1 1 over Number field with defining polynomial x+10
-2 3 2 -3 3 -5 1 0 3 1 -3 -3 -1 1 over Number field with defining polynomial x-2
2 -2 2 0 0 0 1 1 -1 1 0 -1 -1 0 over Number field with defining polynomial x+8
4*a^2 + 48*a + 152 4*a^2 + 40*a + 80 -4*a^2 - 48*a - 152 -4*a^2 - 40*a - 80 -2*a^3 - 46*a^2 - 324*a - 692 2*a^2 + 20*a + 40 -2*a^2 - 24*a - 76 0 2*a^3 + 50*a^2 + 384*a + 908 2*a^3 + 46*a^2 + 328*a + 728 6*a^2 + 76*a + 220 -4*a^2 - 40*a - 80 -6*a^2 - 80*a - 256 -2*a^3 - 50*a^2 - 380*a - 872 over Number field with defining polynomial x^4+30*x^3+312*x^2+1352*x+2084
-4*a^2 + 8*a + 56 -4*a^2 - 32*a -4*a^2 + 8*a + 56 4*a^2 - 48*a - 112 -2*a^3 - 14*a^2 + 32*a + 84 2*a^2 + 16*a 2*a^2 - 4*a - 28 4*a^3 + 16*a^2 - 72*a - 168 2*a^3 + 10*a^2 - 20*a - 84 -2*a^3 - 14*a^2 + 12*a + 56 -6*a^2 - 24*a - 28 -4*a^2 + 8*a + 56 -6*a^2 - 4*a 2*a^3 + 10*a^2 - 40*a - 112 over Number field with defining polynomial x^4+6*x^3-16*x^2-64*x-28
-6 6 -6 0 6 6 3 9 -3 3 -6 3 -3 -6 over Number field with defining polynomial x+4
-6 0 6 0 0 3 -6 0 0 3 0 0 -3 3 over Number field with defining polynomial x+4
For conductor 10, eigenvectors are:
0 15 9 -3 -12 3 -5 9 9 -14 18 -6 6 -12 0 8 2 9 -8 1 8 6 8 12 1 -1 -4 -1 8 -1 -10 -2 16 -4 -8 2 8 4 10 14 -4 8 -2 over Number field with defining polynomial x-7
0 -6 -6 0 0 -2 2 0 0 -2 2 -2 2 0 0 -2 -2 0 2 0 -2 0 -2 2 0 0 0 0 -2 0 -2 2 0 0 0 -1 1 1 1 0 -1 -1 0 over Number field with defining polynomial x+4
0 6 12 3 -2 4 -2 -2 -2 0 10 -8 -6 -2 0 -1 -2 -2 1 -1 -1 1 -1 2 -1 1 4 1 -1 1 3 2 5 4 1 -2 -1 -4 -3 0 -3 -1 -5 over Number field with defining polynomial x-14
0 -18*a^3 - 60*a^2 + 372*a + 768 18*a^3 + 144*a^2 - 396*a - 1320 18*a^3 + 102*a^2 - 384*a - 1044 16*a^3 + 84*a^2 - 144*a - 536 6*a^3 + 48*a^2 - 132*a - 440 6*a^3 + 20*a^2 - 124*a - 256 -8*a^3 - 4*a^2 + 184*a + 360 -8*a^3 - 4*a^2 + 184*a + 360 -14*a^3 + 4*a^2 + 92*a -6*a^3 - 48*a^2 + 132*a + 440 -10*a^3 - 36*a^2 + 12*a + 96 10*a^3 + 64*a^2 - 228*a - 712 16*a^3 + 84*a^2 - 144*a - 536 0 2*a^3 - 6*a^2 - 44*a - 44 10*a^3 + 36*a^2 - 116*a - 312 -8*a^3 - 4*a^2 + 184*a + 360 -2*a^3 + 6*a^2 + 44*a + 44 -6*a^3 - 34*a^2 + 128*a + 348 2*a^3 - 6*a^2 - 44*a - 44 -8*a^3 - 42*a^2 + 72*a + 268 2*a^3 - 6*a^2 - 44*a - 44 2*a^3 + 8*a^2 - 48*a - 136 -6*a^3 - 34*a^2 + 128*a + 348 6*a^3 + 34*a^2 - 128*a - 348 -2*a^3 + 20*a^2 + 40*a - 48 6*a^3 + 34*a^2 - 128*a - 348 2*a^3 - 6*a^2 - 44*a - 44 6*a^3 + 34*a^2 - 128*a - 348 -12*a^3 - 30*a^2 + 160*a + 356 -10*a^3 - 36*a^2 + 116*a + 312 2*a^3 + 22*a^2 - 52*a - 228 a^3 - 22*a^2 + 26*a + 148 12*a^2 - 46*a - 124 -a^3 - 16*a^2 + 70*a + 192 2*a^3 - 6*a^2 - 44*a - 44 -a^3 - 2*a^2 + 14*a - 8 26*a^2 - 50*a - 216 a^3 + 16*a^2 - 18*a - 84 -14*a^2 + 4*a + 92 12*a^2 + 6*a - 16 -2*a^3 - 6*a^2 + 38*a + 60 over Number field with defining polynomial x^4+6*x^3-16*x^2-64*x-28
-4*a^5 + 212*a^4 - 4272*a^3 + 40728*a^2 - 184352*a + 323104 -2*a^5 + 106*a^4 - 2112*a^3 + 19632*a^2 - 84496*a + 131648 6*a^5 - 318*a^4 + 6504*a^3 - 63840*a^2 + 298608*a - 525504 -2*a^5 + 94*a^4 - 1644*a^3 + 12960*a^2 - 42808*a + 35984 -8*a^4 + 352*a^3 - 5272*a^2 + 30512*a - 54720 -2*a^5 + 114*a^4 - 2536*a^3 + 27376*a^2 - 142368*a + 282464 2*a^5 - 98*a^4 + 1856*a^3 - 16832*a^2 + 71744*a - 111392 24*a^4 - 1020*a^3 + 15648*a^2 - 102336*a + 240288 -4*a^3 - 64*a^2 + 2656*a - 15968 2*a^5 - 122*a^4 + 2876*a^3 - 32480*a^2 + 174080*a - 351680 6*a^5 - 318*a^4 + 6500*a^3 - 63904*a^2 + 301264*a - 541472 2*a^5 - 106*a^4 + 2108*a^3 - 19696*a^2 + 87152*a - 147616 2*a^5 - 90*a^4 + 1516*a^3 - 11728*a^2 + 40032*a - 42176 8*a^4 - 352*a^3 + 5272*a^2 - 30512*a + 54720 72*a^3 - 2472*a^2 + 27360*a - 96096 4*a^4 - 212*a^3 + 3872*a^2 - 28936*a + 75408 -20*a^4 + 852*a^3 - 12896*a^2 + 81552*a - 181376 -12*a^4 + 512*a^3 - 7792*a^2 + 49840*a - 112160 2*a^5 - 116*a^4 + 2566*a^3 - 26748*a^2 + 130296*a - 236272 6*a^4 - 218*a^3 + 2860*a^2 - 16168*a + 32336 2*a^5 - 112*a^4 + 2394*a^3 - 24060*a^2 + 112168*a - 193328 -2*a^5 + 118*a^4 - 2664*a^3 + 28608*a^2 - 145144*a + 276272 -2*a^5 + 104*a^4 - 2050*a^3 + 19020*a^2 - 83112*a + 140080 -2*a^5 + 102*a^4 - 2024*a^3 + 19584*a^2 - 92528*a + 170304 10*a^4 - 390*a^3 + 5212*a^2 - 27096*a + 42640 26*a^4 - 1070*a^3 + 15756*a^2 - 97720*a + 213712 -2*a^5 + 110*a^4 - 2368*a^3 + 24624*a^2 - 121584*a + 223552 -2*a^5 + 110*a^4 - 2324*a^3 + 23504*a^2 - 113432*a + 207056 2*a^5 - 108*a^4 + 2222*a^3 - 21708*a^2 + 101240*a - 183024 -10*a^4 + 462*a^3 - 7684*a^2 + 54456*a - 138736 -2*a^5 + 110*a^4 - 2320*a^3 + 23568*a^2 - 116088*a + 223024 -20*a^4 + 852*a^3 - 12896*a^2 + 81552*a - 181376 -4*a^4 + 212*a^3 - 3872*a^2 + 28936*a - 75408 14*a^4 - 598*a^3 + 9148*a^2 - 58688*a + 134016 10*a^4 - 386*a^3 + 5276*a^2 - 29752*a + 58608 -6*a^4 + 262*a^3 - 3980*a^2 + 24320*a - 48832 -2*a^5 + 98*a^4 - 1812*a^3 + 15712*a^2 - 63592*a + 94896 10*a^4 - 346*a^3 + 4092*a^2 - 18944*a + 26144 -2*a^4 + 50*a^3 - 108*a^2 - 4616*a + 26576 2*a^4 - 90*a^3 + 1292*a^2 - 6192*a + 5888 -4*a^4 + 212*a^3 - 3872*a^2 + 28936*a - 75408 14*a^4 - 558*a^3 + 7964*a^2 - 47880*a + 101552 6*a^4 - 302*a^3 + 5164*a^2 - 35128*a + 81296 over Number field with defining polynomial x^6-63*x^5+1556*x^4-19080*x^3+120812*x^2-367776*x+407920
a vector of length 43 over Number field with defining polynomial a number field of degree 16
0 -3*a+18 3*a+6 3*a-6 -24 a+2 a-6 6*a-12 6*a-12 a-6 -a-2 3*a-18 3*a+6 -24 0 2*a-24 8 6*a-12 -a+2 -a+2 a-2 a-10 a-2 a+2 -a+2 a-2 -a+6 a-2 a-2 a-2 -a-6 -8 2*a-16 3*a-10 4 -a+6 a-2 a-6 -2*a -3*a+2 -4 -4*a+12 4 over Number field with defining polynomial x^2-8*x+4
0 -12*a^2 + 60*a - 24 12*a-12 6*a^2 - 24*a + 6 0 4*a-4 4*a^2 - 20*a + 8 0 0 4 -4*a+4 4*a^2 - 8*a + 4 -4*a^2 + 20*a - 4 0 0 -4*a^2 + 14*a - 2 4*a^2 - 16*a + 8 0 4*a 4*a^2 - 16*a + 4 -4*a 2*a^2 - 6*a + 4 -4*a -2*a^2 + 8*a 4*a^2 - 16*a + 4 -4*a^2 + 16*a - 4 -2*a^2 + 4*a 2*a^2 - 8*a + 2 -4*a -4*a^2 + 16*a - 4 2*a^2 - 10*a + 4 -4*a^2 + 16*a - 8 4*a^2 - 22*a + 10 4*a-2 -4*a+2 2 2*a -2 -2 4*a-2 -4*a^2 + 18*a - 6 2 -4*a+2 over Number field with defining polynomial x^3-4*x^2-x+1
8 -2 2 -4 -4 2 2 0 0 2 2 2 -2 4 0 2 4 0 -2 6 2 -4 2 2 -2 2 -2 0 -6 2 0 4 -2 0 -2 -4 0 0 -2 0 -2 2 2 over Number field with defining polynomial x-16
0 -3 9 6 6 3 1 0 0 1 9 3 -3 6 0 -7 -4 0 -2 -2 2 6 2 3 -2 2 -1 2 2 2 2 4 -5 -1 -2 5 2 1 -2 -1 -1 2 4 over Number field with defining polynomial x-16
0 -3 3 -3 0 -3 -3 0 0 1 -1 -1 -1 0 0 0 0 0 0 0 0 1 0 1 0 0 -1 3 0 0 -1 0 0 0 0 0 -1 0 0 0 0 0 0 over Number field with defining polynomial x+176
12 -3 3 -6 2 3 3 0 0 -1 -1 -1 1 -2 0 -1 2 0 1 -3 -1 2 -1 -1 1 -1 1 0 3 -1 0 2 1 0 -1 -2 0 0 -1 0 1 1 1 over Number field with defining polynomial x-4
0 -9 3 6 -6 1 3 0 0 -1 -1 -3 -5 -6 0 3 0 0 2 -2 -2 -2 -2 -3 -2 2 1 2 -2 2 2 0 1 1 -4 3 -2 3 0 1 1 0 2 over Number field with defining polynomial x-4
0 -1 1 -1 0 -1 -1 0 0 -1 1 1 1 0 0 0 0 0 0 0 0 -1 0 -1 0 0 1 1 0 0 1 0 0 0 0 0 1 0 0 0 0 0 0 over Number field with defining polynomial x-280
For conductor 17, eigenvectors are:
0 0 -1 -1 1 1 0 -1 1 0 over Number field with defining polynomial x+4
-1 -1 0 -1 0 0 -1 1 0 1 over Number field with defining polynomial x+2
0 -a-7 2 0 a+6 -a-5 a+6 0 1 -1 over Number field with defining polynomial x^2+12*x+34
3*a-6 3*a+3 a+4 -2*a+10 2*a+8 -a+5 0 4*a-2 2*a-1 9 over Number field with defining polynomial x^2-10*x-2
-2*a-14 a+7 0 0 -a-4 -a-7 a+4 0 2*a+11 -3 over Number field with defining polynomial x^2+20*x+82
a-2 -a+3 -a+4 2*a-6 0 -a+1 -2*a+4 -2 2*a-5 1 over Number field with defining polynomial x^2-2*x-2
For conductor 34, eigenvectors are:
6 0 6 3 0 -2 2 2 -4 -4 2 2 -2 0 0 0 0 -2 -2 0 2 0 0 0 -3 1 0 -2 1 0 0 -1 -3 1 1 -1 1 -3 2 -1 0 2 1 2 1 0 2 0 0 -1 1 -1 over Number field with defining polynomial x-6
3 -3 0 -3 2 6 -2 2 -1 -2 -1 0 0 -2 2 -5 5 3 -3 0 6 0 -2 0 0 1 -1 -1 -1 0 -1 -1 -1 0 -1 1 -1 1 -1 -1 2 -2 1 -1 1 1 -1 1 -1 0 1 -1 over Number field with defining polynomial x-10
0 0 -12 3 4 4 0 4 -2 -2 -2 -4 -4 2 0 -2 0 -4 -2 -6 -4 -6 3 4 0 5 3 -1 3 -2 7 -4 3 4 3 0 -1 1 -9 1 -2 -1 0 2 4 -1 0 -2 0 1 -2 -2 over Number field with defining polynomial x-8
6*a+18 12*a-42 0 3*a-30 -2*a+20 0 2*a+6 -16*a+30 4*a-14 -2*a-6 -2*a-6 18*a-24 18*a-24 -26 -6*a+8 -6*a+34 4*a-14 -14*a+10 4*a-14 10*a+4 0 -10*a-4 9*a-12 18*a-24 -8*a+2 7*a-18 a-10 -7*a+18 -9*a+12 2*a+6 -7*a+18 -4*a+14 a-10 -2*a-6 a-10 10*a-22 a-10 7*a-18 a-10 -5*a+24 -4*a+14 -a-16 3*a-4 3*a-17 -a+10 7*a-18 -2*a+20 5*a-11 6*a-8 5*a+2 -4*a+1 13 over Number field with defining polynomial x^2-2*x-2
-6*a+30 -12*a+114 0 -3*a+42 2*a-28 0 -2*a+10 8*a-94 -4*a+38 -6*a+30 2*a-10 6*a-48 6*a-48 18 6*a-48 6*a-66 -4*a+38 -2*a+46 12*a-114 -2*a+28 0 2*a-28 -5*a+52 6*a-48 4*a-38 a-14 -a+14 -a+14 a+4 -2*a+10 -a+14 -4*a+38 -a+14 -2*a+10 -a+14 -2*a+10 -a+14 a-14 -a+14 -3*a+24 4*a-38 -3*a+24 -3*a+24 3*a-33 -3*a+42 a-14 0 -3*a+33 0 -a+14 9 9 over Number field with defining polynomial x^2-10*x-2
-12*a^3 - 36*a^2 + 120*a + 288 -36*a^2 + 12*a + 312 0 6*a^3 - 54*a + 12 4*a^3 - 48*a - 40 0 -4*a^3 - 12*a^2 + 40*a + 96 -4*a^3 + 8*a^2 + 60*a - 40 -12*a^2 + 4*a + 104 4*a^3 + 4*a^2 - 24*a - 8 4*a^3 + 12*a^2 - 40*a - 96 0 0 -4*a^3 - 16*a^2 + 28*a + 112 -4*a^3 - 32*a^2 + 32*a + 280 -16*a^2 + 4*a + 168 -12*a^2 + 4*a + 104 4*a^3 + 8*a^2 - 36*a - 120 4*a^3 - 4*a^2 - 36*a + 72 8*a^2 + 24*a - 32 0 -8*a^2 - 24*a + 32 -10*a^2 - 10*a + 68 0 -4*a^3 - 4*a^2 + 44*a + 36 4*a^2 - 64 -4*a^3 + 36*a - 8 -4*a^2 + 64 2*a^3 + 10*a^2 - 20*a - 112 4*a^3 + 16*a^2 - 40*a - 160 -4*a^2 + 64 -2*a^3 + 8*a^2 + 16*a - 88 -4*a^3 + 36*a - 8 4*a^3 + 8*a^2 - 32*a - 52 -4*a^3 + 36*a - 8 -2*a^3 + 4*a^2 + 16*a - 24 2*a^3 - 18*a + 4 4*a^2 - 64 -4*a^3 + 36*a - 8 -2*a^3 - 6*a^2 + 20*a + 48 -16*a^2 - 8*a + 120 -6*a^2 + 2*a + 52 -4*a^2 - 6*a + 40 4*a^2 + 6*a - 40 6*a+24 -2*a^2 + 32 -6*a-24 6*a+24 4*a^2 + 6*a - 40 -2*a^2 - 6*a + 8 6*a+24 4*a^2 + 6*a - 40 over Number field with defining polynomial x^4-21*x^2-x+102
-3*a 3*a-6 0 3*a-3 2*a-2 0 -a a-2 a-2 -a-4 a -6 -6 -a+2 2 a a-2 -a -a+6 2 0 -2 -a+1 -6 0 1 a-1 -1 -a+1 a-2 -1 -2 a-1 -2 a-1 0 a-1 1 a-1 a-3 a -a-1 2 1 0 1 0 3 4 1 -3 1 over Number field with defining polynomial x^2-4*x-6
-12*a^2 + 240*a - 1068 48*a-660 12*a^2 - 288*a + 1728 -6*a^2 + 96*a - 204 28*a-336 -4*a^2 + 64*a - 136 12*a^2 - 252*a + 1184 -8*a^2 + 156*a - 608 8*a^2 - 176*a + 932 -4*a^2 + 68*a - 240 -4*a^2 + 112*a - 796 4*a^2 - 92*a + 472 -4*a^2 + 92*a - 472 -28*a+336 28*a-336 -4*a^2 + 48*a + 84 -80*a+1100 -4*a^2 + 112*a - 796 -16*a+220 -4*a^2 + 96*a - 576 4*a^2 - 64*a + 136 -4*a^2 + 96*a - 576 -6*a^2 + 140*a - 760 0 -4*a^2 + 96*a - 576 -10*a^2 + 222*a - 1168 -14*a+168 -10*a^2 + 194*a - 832 2*a^2 - 64*a + 508 0 6*a^2 - 130*a + 696 -4*a^2 + 48*a + 84 4*a^2 - 50*a - 32 0 -14*a+168 -16*a+220 -2*a^2 + 32*a - 68 6*a^2 - 158*a + 1032 -4*a^2 + 78*a - 304 2*a^2 - 372 -28*a+336 -2*a^2 + 44*a - 184 -2*a^2 + 30*a - 16 -14*a+168 -2*a^2 + 34*a - 120 -2*a^2 + 64*a - 508 2*a^2 - 30*a + 16 4*a^2 - 78*a + 304 -2*a^2 + 62*a - 456 -6*a^2 + 112*a - 424 14*a-168 -18*a+272 over Number field with defining polynomial x^3-32*x^2+306*x-764
6*a^4 - 276*a^3 + 4290*a^2 - 25416*a + 41484 6*a^4 - 276*a^3 + 4338*a^2 - 26520*a + 47868 0 24*a^2 - 552*a + 3192 -16*a^2 + 368*a - 2128 -4*a^4 + 188*a^3 - 2944*a^2 + 16824*a - 21456 -4*a^4 + 188*a^3 - 3000*a^2 + 18208*a - 28448 4*a^3 - 140*a^2 + 1552*a - 4776 2*a^4 - 92*a^3 + 1446*a^2 - 8840*a + 15956 24*a^2 - 408*a + 1200 -2*a^4 + 92*a^3 - 1430*a^2 + 8472*a - 13828 8*a^3 - 288*a^2 + 3024*a - 7856 8*a^3 - 288*a^2 + 3024*a - 7856 -4*a^4 + 176*a^3 - 2588*a^2 + 14456*a - 25144 4*a^4 - 180*a^3 + 2728*a^2 - 15720*a + 25936 -4*a^4 + 186*a^3 - 2934*a^2 + 17620*a - 28812 -4*a^4 + 178*a^3 - 2686*a^2 + 15780*a - 29036 14*a^3 - 518*a^2 + 5452*a - 12700 -10*a^3 + 386*a^2 - 4228*a + 10980 4*a^3 - 148*a^2 + 1304*a + 136 -4*a^4 + 188*a^3 - 2944*a^2 + 16824*a - 21456 -4*a^3 + 148*a^2 - 1304*a - 136 -2*a^4 + 92*a^3 - 1430*a^2 + 8328*a - 11836 8*a^3 - 288*a^2 + 3024*a - 7856 -2*a^4 + 90*a^3 - 1364*a^2 + 8004*a - 14960 -8*a^3 + 288*a^2 - 2880*a + 5864 8*a^2 - 184*a + 1064 8*a^3 - 288*a^2 + 2880*a - 5864 2*a^4 - 82*a^3 + 1084*a^2 - 5164*a + 8168 -2*a^4 + 90*a^3 - 1372*a^2 + 8044*a - 14032 8*a^3 - 288*a^2 + 2880*a - 5864 2*a^4 - 84*a^3 + 1150*a^2 - 5776*a + 9028 8*a^2 - 184*a + 1064 2*a^4 - 94*a^3 + 1512*a^2 - 9308*a + 14824 8*a^2 - 184*a + 1064 2*a^4 - 100*a^3 + 1726*a^2 - 11536*a + 20756 8*a^2 - 184*a + 1064 -8*a^3 + 288*a^2 - 2880*a + 5864 8*a^2 - 184*a + 1064 -2*a^4 + 98*a^3 - 1660*a^2 + 10924*a - 19896 2*a^4 - 90*a^3 + 1356*a^2 - 7676*a + 11904 -2*a^4 + 88*a^3 - 1282*a^2 + 7024*a - 11972 10*a^3 - 362*a^2 + 3820*a - 9780 8*a^3 - 296*a^2 + 2920*a - 4936 -10*a^3 + 362*a^2 - 3532*a + 5796 -8*a^3 + 288*a^2 - 2880*a + 5864 -10*a^3 + 378*a^2 - 3900*a + 7924 8*a^3 - 296*a^2 + 3208*a - 8920 6*a^3 - 214*a^2 + 2228*a - 5932 2*a^3 - 74*a^2 + 652*a + 68 -8*a^3 + 280*a^2 - 2840*a + 6792 -12*a^3 + 444*a^2 - 4512*a + 8784 over Number field with defining polynomial x^5-57*x^4+1200*x^3-11324*x^2+45596*x-59764
72*a^3 - 2358*a^2 + 21312*a - 41868 8*a^4 - 444*a^3 + 8474*a^2 - 63240*a + 141044 16*a^4 - 720*a^3 + 11392*a^2 - 74016*a + 159808 -2*a^4 + 120*a^3 - 2420*a^2 + 18744*a - 42776 -12*a^4 + 528*a^3 - 8016*a^2 + 49008*a - 96912 -12*a^3 + 384*a^2 - 3192*a + 3936 -4*a^4 + 144*a^3 - 1624*a^2 + 7560*a - 21808 -24*a^3 + 876*a^2 - 9624*a + 31128 -4*a^4 + 192*a^3 - 3250*a^2 + 22560*a - 51556 12*a^3 - 360*a^2 + 2544*a + 288 4*a^4 - 180*a^3 + 2866*a^2 - 19368*a + 47620 6*a^4 - 252*a^3 + 3600*a^2 - 20808*a + 41880 6*a^4 - 276*a^3 + 4464*a^2 - 29208*a + 60312 -4*a^4 + 132*a^3 - 1108*a^2 + 480*a + 9608 16*a^4 - 660*a^3 + 9112*a^2 - 48264*a + 74608 -12*a^4 + 510*a^3 - 7326*a^2 + 41340*a - 72780 -4*a^4 + 222*a^3 - 4246*a^2 + 32124*a - 75148 -4*a^4 + 150*a^3 - 1726*a^2 + 6492*a - 5020 4*a^4 - 138*a^3 + 1354*a^2 - 2724*a - 7388 12*a^3 - 372*a^2 + 3768*a - 12408 12*a^3 - 384*a^2 + 3192*a - 3936 12*a^3 - 372*a^2 + 3768*a - 12408 2*a^4 - 72*a^3 + 806*a^2 - 3168*a + 4556 -6*a^4 + 264*a^3 - 4032*a^2 + 25008*a - 51096 2*a^4 - 54*a^3 + 188*a^2 + 2916*a - 10864 4*a^4 - 180*a^3 + 2776*a^2 - 16704*a + 28864 6*a^4 - 264*a^3 + 4008*a^2 - 24504*a + 48456 4*a^4 - 180*a^3 + 2728*a^2 - 15696*a + 23584 -10*a^4 + 450*a^3 - 7024*a^2 + 44028*a - 86944 14*a^4 - 594*a^3 + 8564*a^2 - 48636*a + 85760 8*a^4 - 360*a^3 + 5720*a^2 - 37512*a + 82544 2*a^4 - 84*a^3 + 1238*a^2 - 7296*a + 12980 -6*a^4 + 276*a^3 - 4392*a^2 + 27696*a - 52392 -2*a^4 + 66*a^3 - 560*a^2 + 852*a - 1544 6*a^4 - 264*a^3 + 4008*a^2 - 24504*a + 48456 -10*a^4 + 456*a^3 - 7210*a^2 + 45912*a - 93148 -2*a^4 + 132*a^3 - 2804*a^2 + 21936*a - 46712 8*a^4 - 360*a^3 + 5672*a^2 - 36504*a + 77264 -6*a^4 + 252*a^3 - 3624*a^2 + 21312*a - 44520 -2*a^4 + 90*a^3 - 1424*a^2 + 9180*a - 19184 -2*a^4 + 66*a^3 - 548*a^2 - 372*a + 11152 2*a^4 - 84*a^3 + 1178*a^2 - 6936*a + 16964 -18*a^3 + 594*a^2 - 5580*a + 12780 -24*a^2 + 504*a - 2640 6*a^3 - 210*a^2 + 2388*a - 8844 -4*a^4 + 144*a^3 - 1540*a^2 + 4608*a + 1184 18*a^3 - 594*a^2 + 5580*a - 12780 12*a^3 - 408*a^2 + 3696*a - 6576 6*a^3 - 162*a^2 + 1380*a - 3564 -6*a^3 + 258*a^2 - 3540*a + 15708 24*a^2 - 504*a + 2640 -24*a^3 + 780*a^2 - 7464*a + 18984 over Number field with defining polynomial x^5-61*x^4+1396*x^3-14740*x^2+70324*x-117076
a vector of length 52 over Number field with defining polynomial a number field of degree 17
-6 -6 0 0 0 0 -2 -2 -2 2 2 0 0 2 4 2 -2 -2 -2 4 0 -4 0 0 0 2 0 -2 0 -2 -2 2 0 2 0 0 0 2 0 2 2 2 1 -1 0 -1 0 0 -1 -1 0 -1 over Number field with defining polynomial x+2
-12 0 12 -6 -2 -4 -4 8 8 -2 -4 -12 12 2 -2 -4 0 -4 0 -4 4 -4 10 0 5 -2 -8 0 2 0 -4 -4 -6 9 10 0 -2 -2 4 2 2 -4 -3 1 -1 -2 3 5 -3 3 -1 -1 over Number field with defining polynomial x+2
-2*a+696 2*a-696 0 -2*a+696 0 0 -104 104 -2*a+696 104 -2*a+696 0 0 104 0 2*a-592 -2*a+592 2*a-592 -2*a+592 0 0 0 104 0 -104 0 0 0 -2*a+592 0 0 -2*a+592 0 -104 0 2*a-592 2*a-696 0 0 -2*a+592 0 -104 0 0 0 -2*a+592 0 0 0 -104 0 0 over Number field with defining polynomial x^2-696*x+117048
-3 3 0 0 -4 0 -1 1 -1 -1 -1 0 0 -1 0 1 1 -1 -1 -2 0 2 0 0 -1 1 -1 -1 0 -2 -1 1 -1 -1 -1 -1 2 1 -1 2 -2 -2 0 0 0 0 0 0 0 0 0 0 over Number field with defining polynomial x-24
For conductor 85, eigenvectors are:
-6*a^5 - 24*a^4 - 30*a^3 - 138*a^2 + 996*a + 24 42*a^5 - 276*a^4 + 66*a^3 + 1602*a^2 - 1428*a - 984 18*a^5 - 42*a^4 - 6*a^3 + 312*a^2 - 384*a - 720 18*a^5 - 148*a^4 + 58*a^3 + 906*a^2 - 1028*a - 184 -30*a^5 + 104*a^4 - 38*a^3 - 834*a^2 + 1396*a + 824 0 0 -14*a^5 + 124*a^4 - 354*a^3 + 242*a^2 + 204*a - 56 14*a^5 - 92*a^4 + 22*a^3 + 534*a^2 - 476*a - 328 -34*a^5 + 56*a^4 + 466*a^3 - 954*a^2 - 92*a + 216 -34*a^5 + 88*a^4 + 134*a^3 - 178*a^2 - 364*a - 168 0 0 -40*a^4 + 26*a^3 + 170*a^2 + 28*a - 152 0 -8*a^5 - 24*a^4 + 116*a^3 + 504*a^2 - 1040*a - 512 36*a^4 - 8*a^3 - 140*a^2 - 56*a - 80 8*a^5 + 24*a^4 - 116*a^3 - 504*a^2 + 1040*a + 512 -48*a^5 + 230*a^4 + 242*a^3 - 1520*a^2 + 480*a + 528 8*a^5 + 24*a^4 - 116*a^3 - 504*a^2 + 1040*a + 512 34*a^5 - 122*a^4 - 430*a^3 + 1374*a^2 - 140*a - 392 -36*a^4 + 8*a^3 + 140*a^2 + 56*a + 80 36*a^4 - 8*a^3 - 140*a^2 - 56*a - 80 14*a^5 - 158*a^4 + 58*a^3 + 954*a^2 - 708*a - 504 -6*a^5 + 86*a^4 - 14*a^3 - 384*a^2 + 16*a + 80 8*a^5 + 24*a^4 - 116*a^3 - 504*a^2 + 1040*a + 512 -36*a^4 + 8*a^3 + 140*a^2 + 56*a + 80 -50*a^4 - 130*a^3 + 808*a^2 - 368*a - 368 0 -40*a^4 + 26*a^3 + 170*a^2 + 28*a - 152 28*a^4 - 144*a^3 - 78*a^2 + 524*a + 232 8*a^5 + 4*a^4 - 132*a^3 + 142*a^2 + 92*a + 24 28*a^4 - 144*a^3 - 78*a^2 + 524*a + 232 -16*a^4 + 166*a^3 - 388*a^2 + 136*a + 192 -28*a^4 + 144*a^3 + 78*a^2 - 524*a - 232 -8*a^5 - 4*a^4 + 132*a^3 - 142*a^2 - 92*a - 24 28*a^4 - 144*a^3 - 78*a^2 + 524*a + 232 -40*a^4 + 26*a^3 + 170*a^2 + 28*a - 152 -8*a^5 - 4*a^4 + 132*a^3 - 142*a^2 - 92*a - 24 -8*a^5 - 4*a^4 + 132*a^3 - 142*a^2 - 92*a - 24 over Number field with defining polynomial x^6-8*x^5-x^4+73*x^3-64*x^2-64*x-8
6 -6 0 2 -2 8 -8 -10 -2 -2 -2 4 8 2 0 2 0 -2 0 2 -2 4 4 -4 0 2 0 6 6 -4 2 2 1 -3 -1 5 -4 1 -1 -2 over Number field with defining polynomial x+14
6*a-12 -36 -18 -2*a-8 4*a+16 0 0 0 -12 -2*a-8 -2*a-20 0 0 6 0 a+4 -a+2 -a-4 -6 -a-4 12 a-2 -a+2 -2*a-8 -2*a+10 -a-4 a-2 -2*a-2 0 6 -a-4 a-2 -a-4 6 a+4 -a+2 -a-4 6 -a+2 -a+2 over Number field with defining polynomial x^2+2*x-26
-18 18 0 -6 6 -2*a-16 2*a+16 -6 6 6 6 -4*a-32 12 -6 0 a+8 a+14 -a-8 0 a+8 6 a+2 a+2 -6 0 a+8 a+14 0 0 -6 a+8 a+8 -a-8 0 a+8 a+8 a+8 6 a+8 -a-8 over Number field with defining polynomial x^2+10*x-2
162*a^2 - 714*a + 48 -906*a+1950 -81*a^2 + 810*a - 999 302*a-650 -54*a^2 + 238*a - 16 -32*a^2 + 48*a + 584 32*a^2 - 48*a - 584 -84*a^2 + 440*a - 470 -302*a+650 -114*a^2 + 340*a - 274 138*a^2 - 74*a - 814 -144*a^2 + 232*a + 824 40*a^2 - 672*a + 1472 -108*a^2 + 23*a + 943 0 52*a^2 - 90*a + 404 -18*a^2 + 180*a - 222 68*a^2 - 114*a + 112 57*a^2 - 321*a + 462 -68*a^2 + 114*a - 112 69*a^2 - 188*a - 82 2*a^2 - 156*a + 514 2*a^2 - 156*a + 514 15*a^2 + 50*a - 98 27*a^2 - 270*a + 333 52*a^2 - 90*a + 404 -18*a^2 + 180*a - 222 -27*a^2 - 183*a + 642 -60*a^2 + 1008*a - 2208 108*a^2 - 325*a - 293 -36*a^2 + 62*a - 245 24*a^2 - 40*a + 13 60*a^2 - 98*a - 193 42*a^2 - 69*a - 90 -60*a^2 + 98*a + 193 48*a^2 - 76*a - 425 -84*a^2 + 134*a + 631 151*a-325 -4*a+451 -24*a^2 + 40*a - 13 over Number field with defining polynomial x^3-21*x+29
-a^4 + 56*a^3 - 1121*a^2 + 9310*a - 26034 -3*a^4 + 150*a^3 - 2649*a^2 + 19530*a - 50082 -a^4 + 38*a^3 - 443*a^2 + 1486*a + 330 -a^4 + 56*a^3 - 1097*a^2 + 8926*a - 24930 a^4 - 38*a^3 + 431*a^2 - 1294*a - 882 16*a^3 - 566*a^2 + 6212*a - 20692 16*a^3 - 566*a^2 + 6212*a - 20692 -a^3 + 47*a^2 - 668*a + 2830 3*a^3 - 165*a^2 + 2388*a - 9594 2*a^4 - 97*a^3 + 1717*a^2 - 12992*a + 34746 2*a^4 - 95*a^3 + 1599*a^2 - 11272*a + 27982 0 0 12*a^2 - 192*a + 552 -16*a^3 + 566*a^2 - 6212*a + 20692 -a^4 + 48*a^3 - 823*a^2 + 5970*a - 15406 9*a^3 - 333*a^2 + 3816*a - 12906 a^4 - 48*a^3 + 823*a^2 - 5970*a + 15406 -a^3 + 59*a^2 - 860*a + 3382 a^4 - 48*a^3 + 823*a^2 - 5970*a + 15406 -a^3 + 47*a^2 - 668*a + 2830 -9*a^3 + 333*a^2 - 3816*a + 12906 9*a^3 - 333*a^2 + 3816*a - 12906 2*a^4 - 95*a^3 + 1599*a^2 - 11272*a + 27982 a^4 - 56*a^3 + 1109*a^2 - 9118*a + 25482 a^4 - 48*a^3 + 823*a^2 - 5970*a + 15406 -9*a^3 + 333*a^2 - 3816*a + 12906 2*a^4 - 97*a^3 + 1705*a^2 - 12800*a + 34194 0 12*a^2 - 192*a + 552 -a^4 + 48*a^3 - 823*a^2 + 5970*a - 15406 a^4 - 48*a^3 + 835*a^2 - 6162*a + 15958 -a^4 + 48*a^3 - 823*a^2 + 5970*a - 15406 -a^3 + 59*a^2 - 860*a + 3382 a^4 - 48*a^3 + 823*a^2 - 5970*a + 15406 -a^4 + 48*a^3 - 835*a^2 + 6162*a - 15958 -a^4 + 48*a^3 - 823*a^2 + 5970*a - 15406 12*a^2 - 192*a + 552 -a^4 + 48*a^3 - 835*a^2 + 6162*a - 15958 -a^4 + 48*a^3 - 835*a^2 + 6162*a - 15958 over Number field with defining polynomial x^5-57*x^4+1228*x^3-12360*x^2+57388*x-98292
18*a^5 + 24*a^4 - 636*a^3 - 756*a^2 + 4632*a + 7176 -60*a^4 - 336*a^3 + 1500*a^2 + 4896*a + 2016 -9*a^5 + 18*a^4 + 486*a^3 - 372*a^2 - 4764*a - 4596 20*a^4 + 112*a^3 - 500*a^2 - 1632*a - 672 -6*a^5 - 8*a^4 + 212*a^3 + 252*a^2 - 1544*a - 2392 14*a^5 + 8*a^4 - 588*a^3 + 344*a^2 + 3704*a + 1208 -14*a^5 - 8*a^4 + 588*a^3 - 344*a^2 - 3704*a - 1208 12*a^5 - 4*a^4 - 588*a^3 + 748*a^2 + 3816*a + 32 -20*a^4 - 112*a^3 + 500*a^2 + 1632*a + 672 18*a^5 + 8*a^4 - 692*a^3 + 388*a^2 + 3568*a + 24 6*a^5 + 24*a^4 - 208*a^3 - 644*a^2 + 1704*a + 4120 -16*a^5 + 540*a^3 - 824*a^2 - 1680*a + 4304 -2*a^5 + 32*a^4 + 120*a^3 - 336*a^2 - 2304*a - 2984 4*a^5 - 26*a^4 - 250*a^3 + 592*a^2 + 2760*a + 1744 0 3*a^5 + 28*a^4 - 42*a^3 - 592*a^2 - 656*a + 484 -42*a^4 - 122*a^3 + 912*a^2 + 2164*a + 184 -12*a^5 - 48*a^4 + 362*a^3 + 720*a^2 - 1184*a - 1848 -9*a^5 - 14*a^4 + 290*a^3 + 56*a^2 - 968*a + 324 12*a^5 + 48*a^4 - 362*a^3 - 720*a^2 + 1184*a + 1848 3*a^5 + 2*a^4 - 160*a^3 - 72*a^2 + 1668*a + 2396 -a^5 - 26*a^4 - 62*a^3 + 744*a^2 + 1012*a - 1308 -a^5 - 26*a^4 - 62*a^3 + 744*a^2 + 1012*a - 1308 -3*a^5 - 6*a^4 + 52*a^3 + 180*a^2 + 124*a + 4 3*a^5 - 6*a^4 - 162*a^3 + 124*a^2 + 1588*a + 1532 3*a^5 + 28*a^4 - 42*a^3 - 592*a^2 - 656*a + 484 -42*a^4 - 122*a^3 + 912*a^2 + 2164*a + 184 -9*a^5 - 10*a^4 + 398*a^3 - 52*a^2 - 2760*a - 2076 -4*a^5 - 18*a^4 + 24*a^3 + 332*a^2 + 976*a + 1032 -4*a^5 + 6*a^4 + 138*a^3 - 92*a^2 - 1128*a - 1072 -8*a^5 - 19*a^4 + 250*a^3 + 178*a^2 - 880*a - 312 -3*a^5 - 5*a^4 + 28*a^3 + 22*a^2 + 614*a + 1432 11*a^5 + 33*a^4 - 274*a^3 - 444*a^2 + 236*a - 160 -2*a^4 - 54*a^3 + 54*a^2 + 896*a + 1200 3*a^5 + 41*a^4 + 52*a^3 - 970*a^2 - 1696*a + 508 9*a^4 + 4*a^3 - 244*a^2 - 30*a + 960 27*a^4 + 76*a^3 - 704*a^2 - 1052*a + 980 10*a^4 + 56*a^3 - 250*a^2 - 816*a - 336 -17*a^4 - 60*a^3 + 358*a^2 + 1122*a + 524 -3*a^5 + 3*a^4 + 84*a^3 - 92*a^2 - 478*a - 52 over Number field with defining polynomial x^6+2*x^5-44*x^4-56*x^3+400*x^2+676*x-8
153 -87 57 89 9 37 93 -90 62 42 -50 -128 56 60 65 12 -75 -12 110 12 106 -47 23 34 41 12 -5 -30 56 -68 -44 -64 -68 -30 -68 -16 44 4 -48 0 over Number field with defining polynomial x-331
-6 6 0 -2 2 4 -4 -2 2 2 2 -4 -8 -2 0 -2 -6 2 0 -2 2 2 2 -2 0 -2 -6 0 0 -2 1 1 -1 0 1 1 1 2 1 -1 over Number field with defining polynomial x+2
-3 3 0 -1 1 -4 4 -1 1 1 1 4 -4 -1 0 2 0 -2 0 2 1 4 4 -1 0 2 0 0 0 -1 -1 -1 1 0 -1 -1 -1 1 -1 1 over Number field with defining polynomial x+2
-72 18*a-5112 -3*a+780 -2*a+496 4*a-1184 2*a-544 -2*a+568 -2*a+568 -14*a+3952 -8*a+2248 8*a-2224 -4*a+1136 2*a-544 2*a-556 12 a-224 -4*a+1160 -4*a+1184 -3*a+840 -2*a+604 -3*a+852 -3*a+888 a-308 3*a-852 5*a-1468 7*a-2012 -36 -3*a+840 2*a-544 -2*a+580 6*a-1692 -5*a+1360 -2*a+544 12 a-284 -5*a+1420 -3*a+864 -12 -24 -36 over Number field with defining polynomial x^2-580*x+83992
-6*a+2364 54*a-22644 -18*a+6804 -14*a+5324 6*a-3012 -64*a+25120 -2304 -24*a+10068 -32*a+13028 -12*a+4188 44*a-17900 -16*a+5920 40*a-16672 24*a-9816 -32*a+11408 -18*a+6480 -30*a+12936 18*a-7776 -32*a+13460 -6*a+1104 -16*a+6604 -10*a+4600 34*a-13480 -28*a+11980 10*a-4492 -30*a+13152 14*a-5144 12*a-5124 40*a-16672 8*a-3896 -40*a+16096 4*a-2056 8*a-3536 252 -4*a+1840 4*a-904 28*a-10720 -16*a+6856 -1512 360 over Number field with defining polynomial x^2-764*x+144376
-6 -18 6 2 -2 -4 4 2 -6 6 10 4 8 6 0 -2 -4 2 -4 -2 4 0 4 0 -6 -2 0 -8 -8 -6 3 2 -1 0 -1 2 -3 0 0 0 over Number field with defining polynomial x+20
For conductor 170, eigenvectors are:
4 2 -2 4 0 0 -1 -1 1 1 -2 -1 -1 0 over Number field with defining polynomial x+14
0 -1 0 1 -1 -1 -1 0 1 1 1 1 1 -1 over Number field with defining polynomial x+2
4 0 0 0 -1 1 1 0 -1 1 1 0 1 1 over Number field with defining polynomial x+10
0 8 0 -8 2*a+12 -2*a-16 2*a+12 0 -2*a-12 2*a+16 -2*a-12 -8 2*a+16 -2*a-16 over Number field with defining polynomial x^2+14*x+44
-6*a^5 + 12*a^4 + 144*a^3 - 176*a^2 - 784*a + 256 a^5 + 18*a^4 - 86*a^3 - 244*a^2 + 540*a + 972 -6*a^5 + 26*a^4 + 68*a^3 - 284*a^2 - 164*a + 840 a^5 - 12*a^4 - 50*a^3 + 228*a^2 + 668*a + 244 -3*a^5 + 9*a^4 + 74*a^3 - 80*a^2 - 622*a - 480 2*a^5 + 3*a^4 - 33*a^3 - 82*a^2 - 74*a - 104 5*a^5 - 6*a^4 - 112*a^3 - 2*a^2 + 606*a + 576 -13*a^4 + 30*a^3 + 104*a^2 + 64*a + 384 2*a^5 + 11*a^4 - 18*a^3 - 264*a^2 - 390*a + 168 5*a^3 - 58*a - 200 -8*a^4 - 20*a^3 + 182*a^2 + 374*a - 72 15*a^4 - 18*a^3 - 236*a^2 - 64*a + 364 11*a^4 + 17*a^3 - 174*a^2 - 546*a - 336 -2*a^5 + 8*a^4 + 55*a^3 - 92*a^2 - 530*a - 432 over Number field with defining polynomial x^6+2*x^5-44*x^4-56*x^3+400*x^2+676*x-8
-4 -6 8 2 -3 2 1 -2 1 2 -3 -4 0 0 over Number field with defining polynomial x+20
For conductor 1:
traces of hecke eigenvalues of T_{p^1} are:
-4 52 -44 -4 -32 36 372 -36 -236 -444 224 528 76 -1376 -60 456 444 -284 292 -96 1604 -284 
computing eigenvalues for k = 1, took 23.995766 sec
traces of hecke eigenvalues of T_{p^2} are:
8 144 
computing eigenvalues for k = 2, took 0.228152 sec
traces of hecke eigenvalues of T_{p^1} are:
8 80 88 204 424 496 1068 832 1244 1524 1944 2784 2620 2872 4332 4744 5840 5556 5664 7208 8724 9028 
computing eigenvalues for k = 1, took 24.074718 sec
traces of hecke eigenvalues of T_{p^2} are:
-8 240 
computing eigenvalues for k = 2, took 0.244265 sec
traces of hecke eigenvalues of T_{p^1} are:
40 400 1464 2380 7240 12720 25260 30784 52060 70644 81400 106080 151740 208920 230764 305320 363024 394420 499360 578760 712980 922180 
computing eigenvalues for k = 1, took 23.842012 sec
traces of hecke eigenvalues of T_{p^2} are:
120 2800 
computing eigenvalues for k = 2, took 0.213054 sec
traces of hecke eigenvalues of T_{p^1} are:
22 38 116 176 256 594 1012 804 1608 1776 1958 2294 3600 4104 3520 4002 5252 6284 5160 7614 7156 9028 
computing eigenvalues for k = 1, took 24.062720 sec
traces of hecke eigenvalues of T_{p^2} are:
48 -96 
computing eigenvalues for k = 2, took 0.219266 sec
traces of hecke eigenvalues of T_{p^1} are:
-10 6 6 -4 12 -102 -190 332 22 182 -200 112 -236 0 -146 -508 522 34 612 -276 256 128 
computing eigenvalues for k = 1, took 25.846110 sec
traces of hecke eigenvalues of T_{p^2} are:
10 8 
computing eigenvalues for k = 2, took 0.208545 sec
traces of hecke eigenvalues of T_{p^1} are:
28 76 244 280 792 1148 1344 2100 2672 3384 4424 4016 5960 7656 7216 10640 9348 10424 12812 12920 15176 19048 
computing eigenvalues for k = 1, took 23.938719 sec
traces of hecke eigenvalues of T_{p^2} are:
32 -192 
computing eigenvalues for k = 2, took 0.220183 sec
traces of hecke eigenvalues of T_{p^1} are:
-6 -34 -14 -20 84 -186 48 238 112 152 0 588 480 -292 440 -372 -802 -1272 -1054 -1528 796 -1112 
computing eigenvalues for k = 1, took 24.176969 sec
traces of hecke eigenvalues of T_{p^2} are:
-4 -68 
computing eigenvalues for k = 2, took 0.235317 sec
traces of hecke eigenvalues of T_{p^1} are:
-2 26 86 -76 124 -110 16 -278 384 208 368 -652 -208 2180 -1280 -1356 1818 -880 1990 1560 -2436 1160 
computing eigenvalues for k = 1, took 24.232085 sec
traces of hecke eigenvalues of T_{p^2} are:
12 108 
computing eigenvalues for k = 2, took 0.217500 sec
traces of hecke eigenvalues of T_{p^1} are:
10 -60 -17 53 10 120 324 -478 287 128 -194 30 432 917 408 -1595 2111 -662 936 -1060 1081 -274 
computing eigenvalues for k = 1, took 24.084020 sec
traces of hecke eigenvalues of T_{p^2} are:
-4 29 
computing eigenvalues for k = 2, took 0.245444 sec
traces of hecke eigenvalues of T_{p^1} are:
49 228 570 743 1443 2100 3411 3675 5790 6528 7306 9083 10245 13527 13961 17438 21343 21323 25678 26544 30601 37285 
computing eigenvalues for k = 1, took 24.069601 sec
traces of hecke eigenvalues of T_{p^2} are:
36 224 
computing eigenvalues for k = 2, took 0.212653 sec
traces of hecke eigenvalues of T_{p^1} are:
-12 -24 -110 168 -56 52 -204 -122 960 -744 298 126 144 -1940 1236 706 -1178 1604 -1202 878 -600 2428 
computing eigenvalues for k = 1, took 24.076554 sec
traces of hecke eigenvalues of T_{p^2} are:
-12 -196 
computing eigenvalues for k = 2, took 0.232268 sec
traces of hecke eigenvalues of T_{p^1} are:
-4 -6 77 -131 238 206 60 412 -765 320 518 326 944 473 864 297 545 -1306 342 4 1917 -2578 
computing eigenvalues for k = 1, took 23.830319 sec
traces of hecke eigenvalues of T_{p^2} are:
-8 45 
computing eigenvalues for k = 2, took 0.215008 sec
traces of hecke eigenvalues of T_{p^1} are:
7 34 192 151 319 474 939 961 1462 1716 1354 1791 3585 2787 3817 4234 5013 4279 6808 6120 9225 8905 
computing eigenvalues for k = 1, took 23.935992 sec
traces of hecke eigenvalues of T_{p^2} are:
-12 -128 
computing eigenvalues for k = 2, took 0.211787 sec
traces of hecke eigenvalues of T_{p^1} are:
14 62 164 144 480 474 820 884 1672 1744 2334 1742 2864 4040 3264 4682 5524 4524 6920 7254 7860 9892 
computing eigenvalues for k = 1, took 23.780404 sec
traces of hecke eigenvalues of T_{p^2} are:
16 96 
computing eigenvalues for k = 2, took 0.213813 sec
traces of hecke eigenvalues of T_{p^1} are:
16 52 120 124 328 636 624 1060 1048 1644 1480 2664 3612 3120 3592 5152 5436 6412 6484 7560 7524 8788 
computing eigenvalues for k = 1, took 23.808070 sec
traces of hecke eigenvalues of T_{p^2} are:
24 16 
computing eigenvalues for k = 2, took 0.231660 sec
traces of hecke eigenvalues of T_{p^1} are:
32 176 278 536 980 1564 2984 3046 3972 4812 5390 6378 7304 10316 11592 12950 14734 16488 19166 18502 23160 30748 
computing eigenvalues for k = 1, took 23.763357 sec
traces of hecke eigenvalues of T_{p^2} are:
8 208 
computing eigenvalues for k = 2, took 0.222150 sec
traces of hecke eigenvalues of T_{p^1} are:
4 68 98 152 412 720 808 1266 1092 2004 2054 2234 3216 3060 3880 4182 4154 4640 5490 7950 7432 8500 
computing eigenvalues for k = 1, took 23.797481 sec
traces of hecke eigenvalues of T_{p^2} are:
-24 144 
computing eigenvalues for k = 2, took 0.215799 sec
traces of hecke eigenvalues of T_{p^1} are:
4 28 108 124 496 492 900 820 1348 1380 1744 2544 3180 3792 3892 4072 4404 5764 5836 7728 7236 9124 
computing eigenvalues for k = 1, took 23.766336 sec
traces of hecke eigenvalues of T_{p^2} are:
-24 -176 
computing eigenvalues for k = 2, took 0.219761 sec
traces of hecke eigenvalues of T_{p^1} are:
10 10 -16 -32 -200 134 316 -64 128 -192 238 38 1056 -144 -872 -286 -144 444 -212 310 36 -284 
computing eigenvalues for k = 1, took 23.621070 sec
traces of hecke eigenvalues of T_{p^2} are:
8 -24 
computing eigenvalues for k = 2, took 0.227026 sec
traces of hecke eigenvalues of T_{p^1} are:
10 46 126 256 292 438 780 682 1492 1812 2260 1872 2604 3780 4084 3592 4722 6124 5422 7884 9456 8068 
computing eigenvalues for k = 1, took 23.867830 sec
traces of hecke eigenvalues of T_{p^2} are:
0 -32 
computing eigenvalues for k = 2, took 0.233695 sec
traces of hecke eigenvalues of T_{p^1} are:
-2 -14 24 4 -80 -66 120 28 -260 396 -86 114 480 384 568 118 -324 688 112 -1182 -84 -812 
computing eigenvalues for k = 1, took 23.698556 sec
traces of hecke eigenvalues of T_{p^2} are:
-12 28 
computing eigenvalues for k = 2, took 0.217750 sec
traces of hecke eigenvalues of T_{p^1} are:
2 -14 58 -4 28 54 -234 108 -158 -6 -424 0 412 64 234 -516 486 790 172 636 -88 208 
computing eigenvalues for k = 1, took 23.912678 sec
traces of hecke eigenvalues of T_{p^2} are:
-10 -72 
computing eigenvalues for k = 2, took 0.228083 sec
traces of hecke eigenvalues of T_{p^1} are:
2 10 -22 48 44 82 24 -470 -88 212 224 1092 -772 -196 -304 724 586 -868 -1762 568 1248 -284 
computing eigenvalues for k = 1, took 24.400648 sec
traces of hecke eigenvalues of T_{p^2} are:
0 0 
computing eigenvalues for k = 2, took 0.233685 sec
traces of hecke eigenvalues of T_{p^1} are:
4 -4 8 -40 16 52 112 352 216 -536 -508 -28 32 848 -224 -660 960 -2416 664 -588 -2088 680 
computing eigenvalues for k = 1, took 24.111974 sec
traces of hecke eigenvalues of T_{p^2} are:
-24 -72 
computing eigenvalues for k = 2, took 0.213194 sec
traces of hecke eigenvalues of T_{p^1} are:
2 34 32 -64 24 14 124 16 192 -224 614 -514 320 -208 -1128 394 128 -1316 1548 -50 740 580 
computing eigenvalues for k = 1, took 24.080377 sec
traces of hecke eigenvalues of T_{p^2} are:
8 72 
computing eigenvalues for k = 2, took 0.217705 sec
For conductor 2:
traces of hecke eigenvalues of T_{p^1} are:
-2 -14 24 4 -80 -66 120 28 -260 396 -86 114 480 384 568 118 -324 688 112 -1182 -84 -812 
computing eigenvalues for k = 1, took 350.497688 sec
traces of hecke eigenvalues of T_{p^2} are:
-12 28 
computing eigenvalues for k = 2, took 0.454207 sec
traces of hecke eigenvalues of T_{p^1} are:
-6 -6 16 32 -72 -42 -68 224 -512 -384 350 22 480 -976 -360 690 -1136 -132 492 102 164 1572 
computing eigenvalues for k = 1, took 597.080608 sec
traces of hecke eigenvalues of T_{p^2} are:
8 -88 
computing eigenvalues for k = 2, took 0.445788 sec
traces of hecke eigenvalues of T_{p^1} are:
-4 -8 -34 -12 100 60 -340 -46 488 -224 98 -514 -528 28 336 394 554 -1900 -190 946 -1040 580 
computing eigenvalues for k = 1, took 590.604495 sec
traces of hecke eigenvalues of T_{p^2} are:
4 36 
computing eigenvalues for k = 2, took 0.435042 sec
traces of hecke eigenvalues of T_{p^1} are:
-12 -24 -110 168 -56 52 -204 -122 960 -744 298 126 144 -1940 1236 706 -1178 1604 -1202 878 -600 2428 
computing eigenvalues for k = 1, took 348.927366 sec
traces of hecke eigenvalues of T_{p^2} are:
-12 -196 
computing eigenvalues for k = 2, took 0.444325 sec
traces of hecke eigenvalues of T_{p^1} are:
2 34 32 -64 24 14 124 16 192 -224 614 -514 320 -208 -1128 394 128 -1316 1548 -50 740 580 
computing eigenvalues for k = 1, took 347.163102 sec
traces of hecke eigenvalues of T_{p^2} are:
8 72 
computing eigenvalues for k = 2, took 0.443771 sec
For conductor 5:
traces of hecke eigenvalues of T_{p^1} are:
4 12 -60 60 -32 140 -12 300 180 -60 72 168 -180 -960 -668 -768 -116 68 1220 616 -124 -572 
computing eigenvalues for k = 1, took 348.185247 sec
traces of hecke eigenvalues of T_{p^2} are:
8 -16 
computing eigenvalues for k = 2, took 0.441192 sec
traces of hecke eigenvalues of T_{p^1} are:
-10 6 6 -4 12 -102 -190 332 22 182 -200 112 -236 0 -146 -508 522 34 612 -276 256 128 
computing eigenvalues for k = 1, took 347.533349 sec
traces of hecke eigenvalues of T_{p^2} are:
10 8 
computing eigenvalues for k = 2, took 0.445238 sec
traces of hecke eigenvalues of T_{p^1} are:
2 -14 58 -4 28 54 -234 108 -158 -6 -424 0 412 64 234 -516 486 790 172 636 -88 208 
computing eigenvalues for k = 1, took 347.403807 sec
traces of hecke eigenvalues of T_{p^2} are:
-10 -72 
computing eigenvalues for k = 2, took 0.446641 sec
traces of hecke eigenvalues of T_{p^1} are:
-8 24 12 -84 -176 224 84 276 -108 -684 204 -204 540 -288 292 -756 148 -76 788 -260 1700 1300 
computing eigenvalues for k = 1, took 347.037668 sec
traces of hecke eigenvalues of T_{p^2} are:
8 32 
computing eigenvalues for k = 2, took 0.436915 sec
traces of hecke eigenvalues of T_{p^1} are:
-30 -54 -98 -56 -28 -254 60 54 148 700 -668 -1152 -1296 348 40 344 -658 380 522 -2060 956 3680 
computing eigenvalues for k = 1, took 349.669507 sec
traces of hecke eigenvalues of T_{p^2} are:
12 -12 
computing eigenvalues for k = 2, took 0.448251 sec
traces of hecke eigenvalues of T_{p^1} are:
-6 18 46 -112 316 -22 -132 278 -172 -316 364 64 -592 -228 976 920 1158 548 858 -268 1228 -80 
computing eigenvalues for k = 1, took 349.378155 sec
traces of hecke eigenvalues of T_{p^2} are:
-28 44 
computing eigenvalues for k = 2, took 0.437868 sec
traces of hecke eigenvalues of T_{p^1} are:
-4 0 -12 8 192 24 56 -16 -200 -64 -200 -80 -500 600 -716 -88 -24 568 -120 -552 -116 -220 
computing eigenvalues for k = 1, took 346.779821 sec
traces of hecke eigenvalues of T_{p^2} are:
4 -100 
computing eigenvalues for k = 2, took 0.441965 sec
traces of hecke eigenvalues of T_{p^1} are:
-4 52 -44 -4 -32 36 372 -36 -236 -444 224 528 76 -1376 -60 456 444 -284 292 -96 1604 -284 
computing eigenvalues for k = 1, took 350.739833 sec
traces of hecke eigenvalues of T_{p^2} are:
8 144 
computing eigenvalues for k = 2, took 0.436542 sec
For conductor 10:
traces of hecke eigenvalues of T_{p^1} are:
7 58 144 169 415 582 621 763 1282 1656 1630 2181 2319 3315 3247 4942 5343 4855 5944 7740 7473 10873 
computing eigenvalues for k = 1, took 144.629491 sec
traces of hecke eigenvalues of T_{p^2} are:
-12 64 
computing eigenvalues for k = 2, took 0.486917 sec
traces of hecke eigenvalues of T_{p^1} are:
-4 0 -12 8 192 24 56 -16 -200 -64 -200 -80 -500 600 -716 -88 -24 568 -120 -552 -116 -220 
computing eigenvalues for k = 1, took 144.898481 sec
traces of hecke eigenvalues of T_{p^2} are:
4 -100 
computing eigenvalues for k = 2, took 0.487959 sec
traces of hecke eigenvalues of T_{p^1} are:
14 58 102 120 324 442 1076 1106 1212 1292 1896 2188 3068 4036 3492 4564 4314 5716 6686 5696 8096 8500 
computing eigenvalues for k = 1, took 144.900749 sec
traces of hecke eigenvalues of T_{p^2} are:
16 64 
computing eigenvalues for k = 2, took 0.489228 sec
traces of hecke eigenvalues of T_{p^1} are:
-6 18 46 -112 316 -22 -132 278 -172 -316 364 64 -592 -228 976 920 1158 548 858 -268 1228 -80 
computing eigenvalues for k = 1, took 145.058499 sec
traces of hecke eigenvalues of T_{p^2} are:
-28 44 
computing eigenvalues for k = 2, took 0.485951 sec
traces of hecke eigenvalues of T_{p^1} are:
63 294 766 997 2235 3098 5197 5453 8726 10528 11076 12071 16823 20119 23387 26564 29829 30995 36938 40914 47161 55525 
computing eigenvalues for k = 1, took 145.590697 sec
traces of hecke eigenvalues of T_{p^2} are:
12 -48 
computing eigenvalues for k = 2, took 0.450273 sec
traces of hecke eigenvalues of T_{p^1} are:
-11 -40 -27 72 -419 20 653 -1103 359 1096 -352 237 1911 -524 -337 -489 -584 985 -5966 2542 1722 2003 
computing eigenvalues for k = 1, took 145.181646 sec
traces of hecke eigenvalues of T_{p^2} are:
-32 -171 
computing eigenvalues for k = 2, took 0.445107 sec
traces of hecke eigenvalues of T_{p^1} are:
8 -16 24 -64 -64 96 -192 -256 128 120 80 624 744 384 -448 704 432 -856 656 1200 -816 872 
computing eigenvalues for k = 1, took 143.163398 sec
traces of hecke eigenvalues of T_{p^2} are:
0 -16 
computing eigenvalues for k = 2, took 0.486787 sec
traces of hecke eigenvalues of T_{p^1} are:
4 -28 27 -5 -46 324 -4 124 -387 164 222 340 88 69 -888 673 687 -150 20 1998 -467 -1646 
computing eigenvalues for k = 1, took 144.089151 sec
traces of hecke eigenvalues of T_{p^2} are:
-8 -35 
computing eigenvalues for k = 2, took 0.488118 sec
traces of hecke eigenvalues of T_{p^1} are:
16 72 168 140 264 568 1068 1232 1148 2164 1600 2648 3004 3192 3212 5248 5280 5268 7104 7536 9044 9124 
computing eigenvalues for k = 1, took 143.460213 sec
traces of hecke eigenvalues of T_{p^2} are:
24 176 
computing eigenvalues for k = 2, took 0.446354 sec
traces of hecke eigenvalues of T_{p^1} are:
16 40 72 268 424 600 684 1168 1660 1908 1792 2424 2364 3288 3724 3520 5280 5908 6592 7920 6996 8740 
computing eigenvalues for k = 1, took 142.378560 sec
traces of hecke eigenvalues of T_{p^2} are:
24 -80 
computing eigenvalues for k = 2, took 0.485769 sec
traces of hecke eigenvalues of T_{p^1} are:
-8 24 12 -84 -176 224 84 276 -108 -684 204 -204 540 -288 292 -756 148 -76 788 -260 1700 1300 
computing eigenvalues for k = 1, took 142.314241 sec
traces of hecke eigenvalues of T_{p^2} are:
8 32 
computing eigenvalues for k = 2, took 0.485239 sec
traces of hecke eigenvalues of T_{p^1} are:
4 44 36 -68 -192 108 372 364 -332 196 -120 392 460 -1056 -1180 960 -116 -572 1732 232 1924 -188 
computing eigenvalues for k = 1, took 141.734153 sec
traces of hecke eigenvalues of T_{p^2} are:
8 112 
computing eigenvalues for k = 2, took 0.444642 sec
traces of hecke eigenvalues of T_{p^1} are:
4 12 -60 60 -32 140 -12 300 180 -60 72 168 -180 -960 -668 -768 -116 68 1220 616 -124 -572 
computing eigenvalues for k = 1, took 142.093930 sec
traces of hecke eigenvalues of T_{p^2} are:
8 -16 
computing eigenvalues for k = 2, took 0.500923 sec
traces of hecke eigenvalues of T_{p^1} are:
4 52 144 124 280 684 780 1144 1372 1284 1924 2052 3084 3960 4684 3532 5544 5764 6160 7044 8820 10612 
computing eigenvalues for k = 1, took 146.903504 sec
traces of hecke eigenvalues of T_{p^2} are:
-24 16 
computing eigenvalues for k = 2, took 0.491082 sec
For conductor 17:
traces of hecke eigenvalues of T_{p^1} are:
-4 -22 98 -12 24 -78 -50 -232 118 268 786 -514 -316 500 -762 662 412 -732 1232 282 -684 1744 
computing eigenvalues for k = 1, took 584.110292 sec
traces of hecke eigenvalues of T_{p^2} are:
4 24 
computing eigenvalues for k = 2, took 0.435290 sec
traces of hecke eigenvalues of T_{p^1} are:
-2 6 -26 26 0 82 -72 162 -52 -118 76 232 -196 -504 -206 40 794 -90 102 -112 -876 1392 
computing eigenvalues for k = 1, took 577.838230 sec
traces of hecke eigenvalues of T_{p^2} are:
-6 26 
computing eigenvalues for k = 2, took 0.427117 sec
traces of hecke eigenvalues of T_{p^1} are:
-12 -20 -40 44 -120 -68 -376 24 152 88 -92 4 568 -16 -720 -428 -904 1840 -960 -644 -1244 -160 
computing eigenvalues for k = 1, took 578.088332 sec
traces of hecke eigenvalues of T_{p^2} are:
0 0 
computing eigenvalues for k = 2, took 0.437882 sec
traces of hecke eigenvalues of T_{p^1} are:
10 -2 -2 -24 276 -294 -100 -278 1124 -448 1056 -1028 640 1708 -1524 1324 398 -1464 94 -432 768 1160 
computing eigenvalues for k = 1, took 578.329322 sec
traces of hecke eigenvalues of T_{p^2} are:
20 84 
computing eigenvalues for k = 2, took 0.428863 sec
traces of hecke eigenvalues of T_{p^1} are:
-20 20 -176 44 88 -204 280 -320 -472 -232 276 868 152 -2752 1344 -428 1456 16 -680 140 4 -1344 
computing eigenvalues for k = 1, took 578.302022 sec
traces of hecke eigenvalues of T_{p^2} are:
32 0 
computing eigenvalues for k = 2, took 0.428011 sec
traces of hecke eigenvalues of T_{p^1} are:
2 6 -10 -56 132 -46 -420 114 -284 64 -112 476 -896 -420 716 716 -410 648 -234 160 96 1224 
computing eigenvalues for k = 1, took 579.754213 sec
traces of hecke eigenvalues of T_{p^2} are:
-12 -140 
computing eigenvalues for k = 2, took 0.424712 sec
For conductor 34:
traces of hecke eigenvalues of T_{p^1} are:
6 -8 -26 72 -120 124 -170 24 122 24 -372 352 480 188 114 388 444 -220 -1060 524 1620 624 
computing eigenvalues for k = 1, took 140.519302 sec
traces of hecke eigenvalues of T_{p^2} are:
8 -80 
computing eigenvalues for k = 2, took 0.480896 sec
traces of hecke eigenvalues of T_{p^1} are:
10 44 122 144 384 672 926 1156 1170 1792 1748 2304 2496 3036 3322 3788 5184 4668 7056 7828 8916 9552 
computing eigenvalues for k = 1, took 141.707754 sec
traces of hecke eigenvalues of T_{p^2} are:
0 -48 
computing eigenvalues for k = 2, took 0.480302 sec
traces of hecke eigenvalues of T_{p^1} are:
8 6 54 -116 176 14 -50 -356 118 268 786 -890 532 500 214 662 1264 -732 284 1610 740 -1360 
computing eigenvalues for k = 1, took 142.703032 sec
traces of hecke eigenvalues of T_{p^2} are:
12 48 
computing eigenvalues for k = 2, took 0.431835 sec
traces of hecke eigenvalues of T_{p^1} are:
2 6 -10 -56 132 -46 -420 114 -284 64 -112 476 -896 -420 716 716 -410 648 -234 160 96 1224 
computing eigenvalues for k = 1, took 141.328265 sec
traces of hecke eigenvalues of T_{p^2} are:
-12 -140 
computing eigenvalues for k = 2, took 0.486622 sec
traces of hecke eigenvalues of T_{p^1} are:
10 -2 -2 -24 276 -294 -100 -278 1124 -448 1056 -1028 640 1708 -1524 1324 398 -1464 94 -432 768 1160 
computing eigenvalues for k = 1, took 140.948460 sec
traces of hecke eigenvalues of T_{p^2} are:
20 84 
computing eigenvalues for k = 2, took 0.484879 sec
traces of hecke eigenvalues of T_{p^1} are:
0 -14 39 -181 32 40 164 486 43 -124 -192 486 -252 911 -936 71 1407 -1194 136 -162 1901 -4626 
computing eigenvalues for k = 1, took 141.909526 sec
traces of hecke eigenvalues of T_{p^2} are:
-16 -103 
computing eigenvalues for k = 2, took 0.481980 sec
traces of hecke eigenvalues of T_{p^1} are:
4 -4 24 -132 8 12 168 56 -424 56 276 884 -200 176 -272 836 760 48 -896 972 1652 -864 
computing eigenvalues for k = 1, took 140.680900 sec
traces of hecke eigenvalues of T_{p^2} are:
-16 -48 
computing eigenvalues for k = 2, took 0.480542 sec
traces of hecke eigenvalues of T_{p^1} are:
32 166 312 496 916 1422 2538 2974 4318 5384 5720 6752 9048 10552 11806 12660 15854 17044 20198 19768 21524 30616 
computing eigenvalues for k = 1, took 141.115217 sec
traces of hecke eigenvalues of T_{p^2} are:
8 128 
computing eigenvalues for k = 2, took 0.483566 sec
traces of hecke eigenvalues of T_{p^1} are:
57 278 664 865 1947 2502 3959 4541 6526 8216 9562 10529 14079 17911 19213 22646 25297 26893 29492 34256 38201 44635 
computing eigenvalues for k = 1, took 140.300944 sec
traces of hecke eigenvalues of T_{p^2} are:
28 224 
computing eigenvalues for k = 2, took 0.486924 sec
traces of hecke eigenvalues of T_{p^1} are:
61 274 660 921 1907 2858 4559 4625 7126 8256 9146 10473 13647 16959 17277 22622 24093 26437 29408 34080 41321 46379 
computing eigenvalues for k = 1, took 141.010513 sec
traces of hecke eigenvalues of T_{p^2} are:
44 192 
computing eigenvalues for k = 2, took 0.492821 sec
traces of hecke eigenvalues of T_{p^1} are:
-17 -94 135 -36 -245 -60 1355 -233 -519 1288 -2040 -231 1335 -1722 313 -689 780 703 300 -60 3870 241 
computing eigenvalues for k = 1, took 142.717617 sec
traces of hecke eigenvalues of T_{p^2} are:
-32 -131 
computing eigenvalues for k = 2, took 0.484004 sec
traces of hecke eigenvalues of T_{p^1} are:
-2 6 -26 26 0 82 -72 162 -52 -118 76 232 -196 -504 -206 40 794 -90 102 -112 -876 1392 
computing eigenvalues for k = 1, took 140.181252 sec
traces of hecke eigenvalues of T_{p^2} are:
-6 26 
computing eigenvalues for k = 2, took 0.479280 sec
traces of hecke eigenvalues of T_{p^1} are:
-2 -8 -26 72 40 -92 26 44 22 436 316 -96 -224 356 -146 -220 276 -1320 672 -476 -340 -2032 
computing eigenvalues for k = 1, took 141.101620 sec
traces of hecke eigenvalues of T_{p^2} are:
-12 -32 
computing eigenvalues for k = 2, took 0.479915 sec
traces of hecke eigenvalues of T_{p^1} are:
20 84 224 316 696 1028 1680 1800 2848 2800 3980 5036 5944 7920 6752 8972 9784 10008 12624 15652 14892 17808 
computing eigenvalues for k = 1, took 143.682370 sec
traces of hecke eigenvalues of T_{p^2} are:
0 -128 
computing eigenvalues for k = 2, took 0.486470 sec
traces of hecke eigenvalues of T_{p^1} are:
-4 -22 98 -12 24 -78 -50 -232 118 268 786 -514 -316 500 -762 662 412 -732 1232 282 -684 1744 
computing eigenvalues for k = 1, took 143.841259 sec
traces of hecke eigenvalues of T_{p^2} are:
4 24 
computing eigenvalues for k = 2, took 0.481586 sec
For conductor 85:
traces of hecke eigenvalues of T_{p^1} are:
8 32 49 -39 -144 462 152 90 -447 220 768 16 -116 1923 -1704 727 561 -210 -234 1864 -1595 -150 
computing eigenvalues for k = 1, took 140.348234 sec
traces of hecke eigenvalues of T_{p^2} are:
-28 -11 
computing eigenvalues for k = 2, took 0.479366 sec
traces of hecke eigenvalues of T_{p^1} are:
-14 -32 78 -32 -176 132 -90 28 -182 -192 376 -204 -96 420 658 -488 432 508 472 72 276 2464 
computing eigenvalues for k = 1, took 140.277597 sec
traces of hecke eigenvalues of T_{p^2} are:
24 64 
computing eigenvalues for k = 2, took 0.486229 sec
traces of hecke eigenvalues of T_{p^1} are:
-2 34 -22 -60 164 -250 396 -10 -620 -396 -240 1620 152 -628 1344 -964 1882 -276 -1470 2464 360 -568 
computing eigenvalues for k = 1, took 141.303972 sec
traces of hecke eigenvalues of T_{p^2} are:
8 48 
computing eigenvalues for k = 2, took 0.480263 sec
traces of hecke eigenvalues of T_{p^1} are:
-10 -22 -42 -64 -124 126 -180 242 524 -1368 236 -408 1080 1548 1316 -976 438 1016 -1426 -852 2688 2600 
computing eigenvalues for k = 1, took 140.966411 sec
traces of hecke eigenvalues of T_{p^2} are:
0 104 
computing eigenvalues for k = 2, took 0.481968 sec
traces of hecke eigenvalues of T_{p^1} are:
0 -6 -51 -3 -192 -72 138 -36 75 648 336 588 1260 255 66 507 -129 930 -1488 252 -1011 -222 
computing eigenvalues for k = 1, took 140.865918 sec
traces of hecke eigenvalues of T_{p^2} are:
-12 -15 
computing eigenvalues for k = 2, took 0.485441 sec
traces of hecke eigenvalues of T_{p^1} are:
57 278 648 791 1787 2754 4105 5119 6674 8108 9286 11603 13361 17367 17859 22690 25699 26493 31364 33036 37977 46939 
computing eigenvalues for k = 1, took 140.141185 sec
traces of hecke eigenvalues of T_{p^2} are:
28 224 
computing eigenvalues for k = 2, took 0.480271 sec
traces of hecke eigenvalues of T_{p^1} are:
-2 -32 -20 82 96 -148 614 634 218 -186 -342 -1406 -272 -456 1048 -298 -1542 250 2446 -318 1668 -1752 
computing eigenvalues for k = 1, took 140.243225 sec
traces of hecke eigenvalues of T_{p^2} are:
-22 -62 
computing eigenvalues for k = 2, took 0.472140 sec
traces of hecke eigenvalues of T_{p^1} are:
5 34 68 255 331 662 1025 795 1034 1460 2150 2243 2209 3207 3427 5370 5159 4965 5936 6236 8521 10043 
computing eigenvalues for k = 1, took 140.808453 sec
traces of hecke eigenvalues of T_{p^2} are:
-20 -128 
computing eigenvalues for k = 2, took 0.478211 sec
traces of hecke eigenvalues of T_{p^1} are:
-2 -2 -24 -26 52 18 204 -344 172 414 154 18 576 -804 -242 -326 204 -554 -500 -30 -264 -1184 
computing eigenvalues for k = 1, took 139.703769 sec
traces of hecke eigenvalues of T_{p^2} are:
-6 -38 
computing eigenvalues for k = 2, took 0.479918 sec
traces of hecke eigenvalues of T_{p^1} are:
-2 -44 6 112 -32 48 -186 52 106 432 244 168 -816 -252 -302 -500 168 652 904 948 -1548 592 
computing eigenvalues for k = 1, took 142.904440 sec
traces of hecke eigenvalues of T_{p^2} are:
0 112 
computing eigenvalues for k = 2, took 0.479810 sec
traces of hecke eigenvalues of T_{p^1} are:
22 114 226 284 580 1062 1524 2054 3164 3788 3696 4164 5560 5644 7488 9068 8714 11892 11682 14192 15816 20024 
computing eigenvalues for k = 1, took 139.868094 sec
traces of hecke eigenvalues of T_{p^2} are:
8 112 
computing eigenvalues for k = 2, took 0.479142 sec
traces of hecke eigenvalues of T_{p^1} are:
18 78 258 388 764 882 1588 1750 2812 3628 3284 4688 6376 7516 6928 8736 10426 8628 12986 13596 16424 19752 
computing eigenvalues for k = 1, took 140.047436 sec
traces of hecke eigenvalues of T_{p^2} are:
-8 -176 
computing eigenvalues for k = 2, took 0.480656 sec
traces of hecke eigenvalues of T_{p^1} are:
-8 8 -10 34 -20 -40 -28 -102 332 134 -294 254 -144 204 -330 -402 -106 -378 242 1062 -228 -1072 
computing eigenvalues for k = 1, took 140.063688 sec
traces of hecke eigenvalues of T_{p^2} are:
6 -50 
computing eigenvalues for k = 2, took 0.469745 sec
For conductor 170:
traces of hecke eigenvalues of T_{p^1} are:
-14 -32 78 -32 -176 132 -90 28 -182 -192 376 -204 -96 420 658 -488 432 508 472 72 276 2464 
computing eigenvalues for k = 1, took 211.807849 sec
traces of hecke eigenvalues of T_{p^2} are:
24 64 
computing eigenvalues for k = 2, took 0.438149 sec
traces of hecke eigenvalues of T_{p^1} are:
-2 -8 -26 72 40 -92 26 44 22 436 316 -96 -224 356 -146 -220 276 -1320 672 -476 -340 -2032 
computing eigenvalues for k = 1, took 338.744449 sec
traces of hecke eigenvalues of T_{p^2} are:
-12 -32 
computing eigenvalues for k = 2, took 0.422962 sec
traces of hecke eigenvalues of T_{p^1} are:
-10 -26 -16 6 52 -118 -52 48 -52 -322 -166 -286 -32 -516 334 1098 20 -714 -28 146 -104 -160 
computing eigenvalues for k = 1, took 212.003297 sec
traces of hecke eigenvalues of T_{p^2} are:
10 10 
computing eigenvalues for k = 2, took 0.432104 sec
traces of hecke eigenvalues of T_{p^1} are:
-14 -6 18 -96 120 -74 -8 -82 -96 -428 -28 -72 -208 -48 508 160 -538 140 434 168 380 -1584 
computing eigenvalues for k = 1, took 336.590957 sec
traces of hecke eigenvalues of T_{p^2} are:
16 -24 
computing eigenvalues for k = 2, took 0.434901 sec
traces of hecke eigenvalues of T_{p^1} are:
-2 -32 -20 82 96 -148 614 634 218 -186 -342 -1406 -272 -456 1048 -298 -1542 250 2446 -318 1668 -1752 
computing eigenvalues for k = 1, took 213.677278 sec
traces of hecke eigenvalues of T_{p^2} are:
-22 -62 
computing eigenvalues for k = 2, took 0.437448 sec
traces of hecke eigenvalues of T_{p^1} are:
-8 8 -10 34 -20 -40 -28 -102 332 134 -294 254 -144 204 -330 -402 -106 -378 242 1062 -228 -1072 
computing eigenvalues for k = 1, took 211.001616 sec
traces of hecke eigenvalues of T_{p^2} are:
6 -50 
computing eigenvalues for k = 2, took 0.438157 sec
