constructing eigenvector for poly
x-15
constructing eigenvector for poly
x^4+10*x^3+31*x^2+36*x+13
constructing eigenvector for poly
x^7+22*x^6+172*x^5+552*x^4+512*x^3-480*x^2-512*x+256
constructing eigenvector for poly
x^62-29*x^61+71*x^60+5915*x^59-56712*x^58-395073*x^57+7759076*x^56-2387931*x^55-525997693*x^54+2011363415*x^53+20033793265*x^52-146687108938*x^51-370867464957*x^50+5853028560010*x^49-2435416959367*x^48-149413870727011*x^47+355394695610846*x^46+2485638538608832*x^45-11060018591653402*x^44-24088384759761696*x^43+206381032377302685*x^42+32711668603741506*x^41-2616862064991742304*x^40+3013451163749756747*x^39+22978807893344518299*x^38-54294297070233893123*x^37-132299725103874273251*x^36+546150179759901175777*x^35+367766355734250349523*x^34-3704168750941615549441*x^33+1201463911933230360781*x^32+17559648068817168684886*x^31-19167104989538894942997*x^30-56922590522138643748451*x^29+109176241536832910062050*x^28+113167521249105474946339*x^27-385068960254727069882657*x^26-70308639547739527690954*x^25+913759835438899563255710*x^24-307940462853899495872811*x^23-1474450923539121764842674*x^22+1081332300351690200719123*x^21+1586984831675414339388165*x^20-1788916688574535579533365*x^19-1083477600251519967290064*x^18+1826533880874827501317062*x^17+411490496391804635668464*x^16-1223367683969081553545880*x^15-42441894152046894559204*x^14+546789544198877866627551*x^13-27777617921707486972594*x^12-162583520063250888186144*x^11+10494242431269539538452*x^10+31241891014084176318852*x^9-871831311785997316424*x^8-3579889238201792431136*x^7-122416787970544682368*x^6+204717681038163286944*x^5+19216531164794797248*x^4-4103509798570104960*x^3-625640216800276416*x^2-17261753380077056*x-132328673220608
constructing eigenvector for poly
x^34-199*x^33+19024*x^32-1163457*x^31+51142772*x^30-1721196080*x^29+46129294125*x^28-1011055840223*x^27+18469299620434*x^26-285141540819696*x^25+3759768964112223*x^24-42678948698210327*x^23+419610810783924098*x^22-3589464492118842780*x^21+26803489537105823055*x^20-175105446791887938937*x^19+1002110424702460517905*x^18-5026050373612509389637*x^17+22083382740435808215873*x^16-84900871451711291423432*x^15+285026379663483771062006*x^14-833138352820269668541688*x^13+2112101649453885325042676*x^12-4620585138688579228757672*x^11+8667741928085210718071312*x^10-13831832898711729812775712*x^9+18589419978110216035767872*x^8-20775190598626678137400704*x^7+18993508946598360898387712*x^6-13901211246080132655750144*x^5+7907179417557193282781184*x^4-3349053632105952495763456*x^3+987597803630979792900096*x^2-179611623678406496526336*x+15040321306833646190592
constructing eigenvector for poly
x^19-104*x^18+5019*x^17-149220*x^16+3060110*x^15-45924339*x^14+522197995*x^13-4595569217*x^12+31698857472*x^11-172483252775*x^10+741428304092*x^9-2509800961567*x^8+6638003246837*x^7-13535912338730*x^6+20855416464258*x^5-23566191479376*x^4+18679504678808*x^3-9683942789248*x^2+2901751895552*x-375718499904
constructing eigenvector for poly
x-2
constructing eigenvector for poly
x-2
constructing eigenvector for poly
x^2+4*x+2
constructing eigenvector for poly
x^4+10*x^3+31*x^2+36*x+13
constructing eigenvector for poly
x^14+42*x^13+771*x^12+8129*x^11+54296*x^10+238019*x^9+679163*x^8+1167077*x^7+811837*x^6-1057517*x^5-3173012*x^4-3356502*x^3-1783700*x^2-452256*x-42752
constructing eigenvector for poly
x+4
constructing eigenvector for poly
x^5+30*x^4+332*x^3+1624*x^2+3200*x+1504
constructing eigenvector for poly
x^27+78*x^26+2826*x^25+63131*x^24+972991*x^23+10961073*x^22+93190079*x^21+607637598*x^20+3047331149*x^19+11599302500*x^18+32072381934*x^17+55945160919*x^16+18795906288*x^15-218089960025*x^14-708097211863*x^13-1039031648427*x^12-283633038355*x^11+1900038346700*x^10+3838498841350*x^9+2927295985925*x^8-648354724616*x^7-3136226032620*x^6-2128627797728*x^5+187935899408*x^4+906311470944*x^3+312724364160*x^2-72506241152*x-45215044352
constructing eigenvector for poly
x-4
constructing eigenvector for poly
x^31-179*x^30+15332*x^29-836625*x^28+32667376*x^27-971950170*x^26+22912044795*x^25-439305339383*x^24+6979138236830*x^23-93118017495882*x^22+1053907640176693*x^21-10193633393641939*x^20+84717227476928098*x^19-607289732088218150*x^18+3764304329163033581*x^17-20202776429260848001*x^16+93903269745253976173*x^15-377704397208297658815*x^14+1312305650563754150503*x^13-3927078624709681501940*x^12+10080478865779102522210*x^11-22075310722168340260004*x^10+40952735553424713537912*x^9-63778680252509583228176*x^8+82418152457823406123488*x^7-87042673067442520840640*x^6+73624090224482133911680*x^5-48501966823756785058304*x^4+23893508423032994162688*x^3-8252366853131994195968*x^2+1776299354357016356864*x-178722835772863950848
constructing eigenvector for poly
x^75+12*x^74-391*x^73-4742*x^72+73242*x^71+880017*x^70-8777152*x^69-101929346*x^68+756923746*x^67+8259719970*x^66-49984601423*x^65-497478645864*x^64+2620238745811*x^63+23095541480608*x^62-111389995965286*x^61-845911815827056*x^60+3888890062184551*x^59+24816017899767689*x^58-112318511444916784*x^57-588673715301181918*x^56+2694706859212912568*x^55+11349672168177440157*x^54-53820451822869835129*x^53-178069914107977124436*x^52+895658475977958575067*x^51+2266716698055511145458*x^50-12418342643860298630460*x^49-23207961028807753293921*x^48+143323862090728387419630*x^47+187631577248414321832770*x^46-1374580918578301961178380*x^45-1150517779977262396998647*x^44+10927780606603160569957569*x^43+4789192717394261955560485*x^42-71770836550651268633497030*x^41-7175520163323006743027750*x^40+387761566466581290101478990*x^39-73502141128670142722458052*x^38-1714271691252229492783856439*x^37+756187831549953607058673291*x^36+6160951186136386417905547115*x^35-4097914599893139873430067003*x^34-17852575417088118931911315305*x^33+15581603011431333506785924484*x^32+41265569420137500927019828842*x^31-44475644475847968148722937195*x^30-74960928913177925669104472871*x^29+97485727914624578288878374474*x^28+104593352514446508439161587287*x^27-165087004977171167748951612087*x^26-107632711698183113097179126729*x^25+215341116767308490461901077919*x^24+74497807274475135419113813911*x^23-214126824285230752881734793625*x^22-24132023917959892937750947821*x^21+159292963002341265511783739808*x^20-11762551974869937064903444986*x^19-85958569663483299716188908964*x^18+20014795759653734198819315504*x^17+31937058383899315825670395560*x^16-12281614472517720278910035872*x^15-7397882299408135681121994448*x^14+4215956309056859789029834128*x^13+822801165127514422234382528*x^12-813065102464837826341014816*x^11+12803831960812087778425280*x^10+79042956427536723858620416*x^9-10270295569123921590451200*x^8-3456141686069910226894336*x^7+740016312944981777721344*x^6+48678464738716990789632*x^5-18775927129075009777664*x^4+361659435035610161152*x^3+136642405283825418240*x^2-6255640321336082432*x-9048059399110656
computing eigenvectors took 7.480596 sec
For conductor 1, eigenvectors are:
-1 -1 -1 -1 -1 -1 -1 -1 -1 -1 -1 -1 -1 -1 -1 -1 -1 -1 -1 -1 -1 -1 -1 -1 -1 -1 -1 -1 -1 -1 -1 -1 -1 -1 -1 -1 -1 -1 -1 -1 -1 -1 -1 -1 -1 -1 -1 -1 -1 -1 -1 -1 -1 -1 -1 -1 -1 -1 -1 -1 -1 -1 -1 -1 -1 -1 -1 -1 -1 -1 -1 -1 -1 -1 -1 -1 -1 -1 -1 -1 -1 -1 -1 -1 -1 -1 -1 -1 -1 -1 -1 -1 -1 -1 -1 -1 -1 -1 -1 -1 -1 -1 -1 -1 -1 -1 -1 -1 -1 -1 -1 -1 -1 -1 -1 -1 -1 -1 -1 -1 -1 -1 -1 -1 -1 -1 -1 -1 -1 over Number field with defining polynomial x-15
0 72*a^3 + 456*a^2 - 600 0 -264*a^3 - 2064*a^2 - 3864*a - 2280 -144*a^3 - 576*a^2 + 1512*a + 3384 -264*a^3 - 2232*a^2 - 4956*a - 3120 -132*a^3 - 1200*a^2 - 3024*a - 1980 72*a^3 + 288*a^2 - 756*a - 1692 -132*a^3 - 1200*a^2 - 3024*a - 1980 224*a^3 + 1848*a^2 + 4032*a + 2856 -40*a^3 - 608*a^2 - 2520*a - 2448 -40*a^3 - 216*a^2 + 168*a + 576 216*a^3 + 1704*a^2 + 3136*a + 1504 0 -144*a^3 - 1122*a^2 - 1806*a - 396 180*a^3 + 1392*a^2 + 2352*a + 978 114*a^3 + 1002*a^2 + 2478*a + 1710 360*a^3 + 3078*a^2 + 6888*a + 4098 30*a^3 + 78*a^2 - 672*a - 852 96*a^3 + 678*a^2 + 840*a + 138 -24*a^3 - 264*a^2 - 672*a - 402 30*a^3 + 372*a^2 + 1512*a + 1290 -176*a^3 - 1432*a^2 - 2940*a - 1800 20*a^3 + 164*a^2 + 280*a - 8 -108*a^3 - 908*a^2 - 1932*a - 1032 28*a^3 + 280*a^2 + 812*a + 756 -60*a^3 - 464*a^2 - 840*a - 284 -88*a^3 - 800*a^2 - 2016*a - 1320 20*a^3 + 52*a^2 - 336*a - 652 -24*a^3 - 180*a^2 - 364*a - 388 -128*a^3 - 1072*a^2 - 2212*a - 1024 20*a^3 + 164*a^2 + 280*a - 8 -164*a^3 - 1272*a^2 - 2212*a - 1032 100*a^3 + 876*a^2 + 2016*a + 1220 -276*a^3 - 2308*a^2 - 4956*a - 3020 128*a^3 + 1016*a^2 + 1848*a + 744 124*a^3 + 1056*a^2 + 2380*a + 1608 -48*a^3 - 500*a^2 - 1456*a - 1028 352*a^3 + 2864*a^2 + 5880*a + 3600 64*a^3 + 648*a^2 + 1904*a + 1604 44*a^3 + 400*a^2 + 1008*a + 660 44*a^3 + 344*a^2 + 644*a + 380 136*a^3 + 1076*a^2 + 2128*a + 1144 -48*a^3 - 276*a^2 - 112*a + 176 -96*a^3 - 776*a^2 - 1568*a - 852 -36*a^3 - 368*a^2 - 1092*a - 848 158*a^3 + 1388*a^2 + 3248*a + 2118 42*a^3 + 322*a^2 + 602*a + 336 28*a^2 + 182*a + 140 -76*a^3 - 598*a^2 - 1106*a - 566 -40*a^3 - 426*a^2 - 1302*a - 1272 -12*a^3 - 90*a^2 - 182*a - 194 -44*a^3 - 316*a^2 - 518*a - 198 -50*a^3 - 410*a^2 - 826*a - 470 34*a^3 + 332*a^2 + 868*a + 510 -92*a^3 - 690*a^2 - 1120*a - 330 -16*a^3 - 64*a^2 + 168*a + 376 126*a^3 + 1092*a^2 + 2422*a + 1498 -6*a^3 - 38*a^2 + 50 44*a^3 + 344*a^2 + 644*a + 380 2*a^3 - 6*a^2 - 84*a - 138 -70*a^3 - 602*a^2 - 1414*a - 1092 12*a^3 + 76*a^2 + 56*a - 142 -42*a^3 - 294*a^2 - 420*a - 196 110*a^3 + 902*a^2 + 1918*a + 1426 -20*a^3 - 262*a^2 - 952*a - 748 116*a^3 + 912*a^2 + 1666*a + 704 -50*a^3 - 410*a^2 - 826*a - 470 -30*a^3 - 148*a^2 + 126*a + 278 -14*a^3 - 140*a^2 - 406*a - 378 10*a^3 + 54*a^2 - 42*a - 144 14*a^3 + 70*a^2 - 84*a - 238 58*a^3 + 470*a^2 + 924*a + 422 -28*a^3 - 210*a^2 - 322*a - 140 82*a^3 + 580*a^2 + 616*a - 254 22*a^3 + 200*a^2 + 504*a + 330 92*a^3 + 760*a^2 + 1610*a + 946 -20*a^3 - 178*a^2 - 462*a - 286 34*a^3 + 346*a^2 + 1050*a + 804 -166*a^3 - 1420*a^2 - 3164*a - 1930 36*a^3 + 270*a^2 + 420*a + 92 -62*a^3 - 514*a^2 - 1064*a - 468 32*a^3 + 226*a^2 + 280*a + 46 -78*a^3 - 620*a^2 - 1148*a - 610 -76*a^3 - 500*a^2 - 434*a + 190 -50*a^3 - 550*a^2 - 1806*a - 1702 -78*a^3 - 564*a^2 - 840*a - 288 -26*a^3 - 216*a^2 - 462*a - 236 48*a^3 + 430*a^2 + 1092*a + 902 18*a^3 + 184*a^2 + 546*a + 424 -90*a^3 - 626*a^2 - 714*a + 148 38*a^3 + 320*a^2 + 644*a + 276 -102*a^3 - 828*a^2 - 1568*a - 648 26*a^3 + 244*a^2 + 644*a + 376 66*a^3 + 600*a^2 + 1456*a + 1032 62*a^3 + 486*a^2 + 826*a + 370 -10*a^3 - 54*a^2 + 42*a + 144 -62*a^3 - 556*a^2 - 1372*a - 944 14*a^3 + 84*a^2 + 98*a + 56 -40*a^3 - 258*a^2 - 196*a + 142 -16*a^3 - 204*a^2 - 812*a - 856 76*a^3 + 556*a^2 + 798*a + 90 -14*a^3 - 112*a^2 - 280*a - 196 -110*a^3 - 916*a^2 - 1974*a - 1230 -44*a^3 - 344*a^2 - 644*a - 380 -90*a^3 - 738*a^2 - 1568*a - 902 88*a^3 + 744*a^2 + 1652*a + 1040 4*a^3 + 114*a^2 + 630*a + 662 -24*a^3 - 138*a^2 - 56*a + 88 23*a^3 + 155*a^2 + 189*a + 51 a^3 + 67*a^2 + 357*a + 323 77*a^3 + 595*a^2 + 1064*a + 497 79*a^3 + 673*a^2 + 1533*a + 1066 57*a^3 + 473*a^2 + 1029*a + 736 -47*a^3 - 454*a^2 - 1253*a - 943 66*a^3 + 544*a^2 + 1120*a + 731 -30*a^3 - 302*a^2 - 910*a - 758 13*a^3 + 115*a^2 + 322*a + 265 -39*a^3 - 331*a^2 - 693*a - 277 -40*a^3 - 342*a^2 - 777*a - 544 -57*a^3 - 494*a^2 - 1120*a - 729 48*a^3 + 374*a^2 + 693*a + 356 -43*a^3 - 375*a^2 - 868*a - 589 26*a^3 + 174*a^2 + 189*a + 26 -19*a^3 - 139*a^2 - 231*a - 145 -30*a^3 - 190*a^2 - 147*a + 68 -35*a^2 - 245*a - 308 28*a^2 + 245*a + 385 14*a^2 + 91*a + 70 over Number field with defining polynomial x^4+10*x^3+31*x^2+36*x+13
0 24*a^6 + 336*a^5 + 1632*a^4 + 3264*a^3 + 1920*a^2 - 1536*a 0 24*a^6 + 384*a^5 + 2016*a^4 + 3648*a^3 + 1152*a^2 - 1536*a -48*a^6 - 768*a^5 - 3840*a^4 - 5376*a^3 + 3456*a^2 + 6144*a - 3072 -12*a^6 - 168*a^5 - 720*a^4 - 864*a^3 -24*a^5 - 336*a^4 - 1440*a^3 - 1536*a^2 + 768*a 24*a^6 + 384*a^5 + 1920*a^4 + 2688*a^3 - 1728*a^2 - 3072*a + 1536 12*a^6 + 168*a^5 + 720*a^4 + 768*a^3 - 768*a^2 - 768*a 16*a^6 + 208*a^5 + 768*a^4 + 448*a^3 - 768*a^2 32*a^5 + 288*a^4 + 640*a^3 + 384*a^2 -16*a^6 - 240*a^5 - 1088*a^4 - 1088*a^3 + 1920*a^2 + 1536*a - 1024 32*a^5 + 288*a^4 + 640*a^3 + 384*a^2 0 -12*a^6 - 144*a^5 - 576*a^4 - 960*a^3 - 384*a^2 + 768*a -24*a^5 - 288*a^4 - 1056*a^3 - 960*a^2 + 768*a -12*a^6 - 168*a^5 - 720*a^4 - 768*a^3 + 384*a^2 36*a^6 + 528*a^5 + 2400*a^4 + 2880*a^3 - 2304*a^2 - 3072*a + 1536 -24*a^6 - 360*a^5 - 1680*a^4 - 2016*a^3 + 2112*a^2 + 3072*a - 1536 24*a^5 + 192*a^4 - 2112*a^2 - 2304*a + 1536 36*a^6 + 528*a^5 + 2352*a^4 + 2496*a^3 - 2880*a^2 - 3072*a + 1536 -24*a^6 - 312*a^5 - 1200*a^4 - 768*a^3 + 2880*a^2 + 2304*a - 1536 -8*a^6 - 144*a^5 - 832*a^4 - 1504*a^3 + 384*a^2 + 1536*a - 512 16*a^5 + 160*a^4 + 480*a^3 + 640*a^2 + 256*a - 512 -32*a^4 - 352*a^3 - 1024*a^2 - 512*a + 512 4*a^6 + 80*a^5 + 512*a^4 + 1152*a^3 + 512*a^2 - 512*a -4*a^6 - 64*a^5 - 400*a^4 - 1184*a^3 - 1408*a^2 - 256*a + 512 12*a^6 + 160*a^5 + 704*a^4 + 1024*a^3 - 448*a^2 - 1024*a + 512 -12*a^6 - 168*a^5 - 752*a^4 - 1120*a^3 - 320*a^2 + 256*a 4*a^6 + 40*a^5 + 112*a^4 + 96*a^3 - 64*a^2 - 256*a -28*a^6 - 424*a^5 - 2048*a^4 - 3072*a^3 + 384*a^2 + 1792*a - 512 12*a^6 + 176*a^5 + 800*a^4 + 960*a^3 - 832*a^2 - 1024*a + 512 -32*a^3 - 192*a^2 -4*a^6 - 64*a^5 - 416*a^4 - 1312*a^3 - 1536*a^2 + 512 16*a^6 + 264*a^5 + 1376*a^4 + 2144*a^3 - 768*a^2 - 2304*a + 1024 8*a^6 + 120*a^5 + 576*a^4 + 896*a^3 + 64*a^2 - 256*a 8*a^5 + 128*a^4 + 640*a^3 + 1024*a^2 + 256*a - 512 -24*a^5 - 224*a^4 - 512*a^3 - 192*a^2 -64*a^4 - 608*a^3 - 1280*a^2 + 512 -32*a^4 - 320*a^3 - 832*a^2 - 256*a + 512 8*a^5 + 112*a^4 + 480*a^3 + 512*a^2 - 256*a -4*a^6 - 64*a^5 - 336*a^4 - 608*a^3 - 192*a^2 + 256*a 16*a^6 + 256*a^5 + 1312*a^4 + 2112*a^3 - 320*a^2 - 1536*a + 512 -28*a^6 - 424*a^5 - 2032*a^4 - 2944*a^3 + 576*a^2 + 1792*a - 512 4*a^6 + 80*a^5 + 528*a^4 + 1280*a^3 + 640*a^2 - 768*a 8*a^5 + 96*a^4 + 320*a^3 + 128*a^2 - 512*a 2*a^6 + 32*a^5 + 152*a^4 + 128*a^3 - 480*a^2 - 512*a + 256 -4*a^6 - 72*a^5 - 400*a^4 - 608*a^3 + 576*a^2 + 1024*a - 512 4*a^6 + 64*a^5 + 368*a^4 + 928*a^3 + 1024*a^2 + 256*a - 512 -16*a^5 - 192*a^4 - 672*a^3 - 512*a^2 + 512*a -24*a^5 - 192*a^4 - 192*a^3 + 640*a^2 + 512*a - 512 -2*a^6 - 24*a^5 - 72*a^4 + 32*a^3 + 192*a^2 -16*a^6 - 208*a^5 - 832*a^4 - 832*a^3 + 960*a^2 + 1024*a - 512 -2*a^6 - 28*a^5 - 168*a^4 - 512*a^3 - 448*a^2 + 256*a -16*a^6 - 232*a^5 - 1024*a^4 - 1120*a^3 + 960*a^2 + 1024*a - 512 8*a^6 + 128*a^5 + 656*a^4 + 1088*a^3 + 128*a^2 - 512*a 4*a^6 + 56*a^5 + 240*a^4 + 288*a^3 4*a^6 + 32*a^5 - 16*a^4 - 576*a^3 - 1280*a^2 - 512*a + 512 8*a^5 + 96*a^4 + 352*a^3 + 320*a^2 - 256*a -4*a^6 - 56*a^5 - 240*a^4 - 256*a^3 + 192*a^2 -8*a^6 - 152*a^5 - 880*a^4 - 1472*a^3 + 576*a^2 + 1536*a - 512 8*a^5 + 48*a^4 - 64*a^3 - 256*a^2 + 256*a 4*a^6 + 56*a^5 + 256*a^4 + 416*a^3 + 192*a^2 4*a^6 + 56*a^5 + 192*a^4 - 192*a^3 - 1216*a^2 - 512*a + 512 -4*a^6 - 64*a^5 - 288*a^4 - 160*a^3 + 832*a^2 + 512*a - 512 -4*a^6 - 56*a^5 - 208*a^4 + 64*a^3 + 1088*a^2 + 768*a - 512 -8*a^6 - 136*a^5 - 768*a^4 - 1568*a^3 - 640*a^2 + 768*a -32*a^4 - 320*a^3 - 896*a^2 - 512*a + 512 4*a^6 + 64*a^5 + 328*a^4 + 544*a^3 + 64*a^2 - 256*a -2*a^6 - 40*a^5 - 256*a^4 - 576*a^3 - 256*a^2 + 256*a -4*a^5 - 24*a^4 + 32*a^3 + 192*a^2 4*a^5 + 64*a^4 + 288*a^3 + 256*a^2 - 256*a 4*a^6 + 40*a^5 + 160*a^4 + 480*a^3 + 512*a^2 - 256*a 4*a^5 + 80*a^4 + 448*a^3 + 672*a^2 - 256 -48*a^4 - 352*a^3 - 320*a^2 + 256*a 4*a^6 + 72*a^5 + 432*a^4 + 928*a^3 + 320*a^2 - 512*a 16*a^5 + 128*a^4 + 160*a^3 - 192*a^2 - 256*a 2*a^6 + 20*a^5 + 16*a^4 - 336*a^3 - 960*a^2 - 384*a + 512 -8*a^6 - 128*a^5 - 624*a^4 - 768*a^3 + 768*a^2 + 1024*a - 512 -4*a^6 - 64*a^5 - 320*a^4 - 480*a^3 + 64*a^2 + 256*a -4*a^6 - 56*a^5 - 224*a^4 - 64*a^3 + 896*a^2 + 768*a - 512 16*a^6 + 248*a^5 + 1216*a^4 + 1760*a^3 - 704*a^2 - 1536*a + 512 -8*a^6 - 120*a^5 - 560*a^4 - 672*a^3 + 768*a^2 + 1024*a - 512 8*a^6 + 104*a^5 + 432*a^4 + 480*a^3 - 704*a^2 - 768*a + 512 -24*a^5 - 208*a^4 - 320*a^3 + 512*a^2 + 768*a - 512 -8*a^5 - 96*a^4 - 320*a^3 - 128*a^2 + 256*a -32*a^4 - 320*a^3 - 896*a^2 - 512*a + 512 -2*a^6 - 28*a^5 - 184*a^4 - 672*a^3 - 864*a^2 + 256 16*a^4 + 128*a^3 + 128*a^2 - 256*a 8*a^5 + 96*a^4 + 352*a^3 + 320*a^2 - 256*a 32*a^5 + 304*a^4 + 768*a^3 + 512*a^2 - 256*a -2*a^6 - 28*a^5 - 152*a^4 - 384*a^3 - 320*a^2 -2*a^6 - 36*a^5 - 200*a^4 - 352*a^3 - 64*a^2 + 256*a 8*a^5 + 112*a^4 + 480*a^3 + 512*a^2 - 256*a 4*a^6 + 48*a^5 + 224*a^4 + 544*a^3 + 384*a^2 - 256*a 4*a^6 + 64*a^5 + 336*a^4 + 608*a^3 + 192*a^2 - 256*a 4*a^6 + 64*a^5 + 336*a^4 + 608*a^3 + 192*a^2 - 256*a 4*a^6 + 48*a^5 + 144*a^4 - 96*a^3 - 448*a^2 + 256*a 4*a^6 + 48*a^5 + 224*a^4 + 544*a^3 + 384*a^2 - 256*a 12*a^6 + 176*a^5 + 784*a^4 + 736*a^3 - 1600*a^2 - 1792*a + 1024 -12*a^6 - 136*a^5 - 416*a^4 - 32*a^3 + 1088*a^2 + 512*a - 512 -16*a^6 - 232*a^5 - 1024*a^4 - 1120*a^3 + 960*a^2 + 1024*a - 512 -8*a^6 - 120*a^5 - 544*a^4 - 544*a^3 + 960*a^2 + 1024*a - 512 16*a^4 + 128*a^3 + 128*a^2 - 256*a 2*a^6 + 24*a^5 + 48*a^4 - 272*a^3 - 800*a^2 - 128*a + 256 24*a^6 + 328*a^5 + 1376*a^4 + 1504*a^3 - 1024*a^2 - 1024*a + 512 -4*a^6 - 56*a^5 - 240*a^4 - 256*a^3 + 256*a^2 + 256*a -8*a^5 - 112*a^4 - 448*a^3 - 320*a^2 + 512*a 8*a^6 + 112*a^5 + 512*a^4 + 800*a^3 + 64*a^2 - 256*a 4*a^6 + 36*a^5 + 32*a^4 - 368*a^3 - 800*a^2 - 128*a + 256 4*a^6 + 76*a^5 + 432*a^4 + 688*a^3 - 288*a^2 - 640*a + 256 -6*a^6 - 88*a^5 - 392*a^4 - 400*a^3 + 544*a^2 + 384*a - 256 4*a^6 + 52*a^5 + 200*a^4 + 144*a^3 - 352*a^2 - 256*a + 256 -4*a^6 - 52*a^5 - 200*a^4 - 128*a^3 + 480*a^2 + 384*a - 256 -2*a^6 - 20*a^5 - 48*a^4 + 16*a^3 + 128*a^2 2*a^6 + 48*a^5 + 328*a^4 + 720*a^3 + 256*a^2 - 384*a 8*a^5 + 96*a^4 + 320*a^3 + 192*a^2 - 256*a -4*a^6 - 64*a^5 - 376*a^4 - 928*a^3 - 640*a^2 + 384*a 6*a^6 + 92*a^5 + 472*a^4 + 880*a^3 + 320*a^2 - 384*a 6*a^6 + 88*a^5 + 392*a^4 + 416*a^3 - 480*a^2 - 512*a + 256 -4*a^6 - 60*a^5 - 280*a^4 - 336*a^3 + 352*a^2 + 512*a - 256 16*a^5 + 160*a^4 + 416*a^3 + 192*a^2 - 256*a -2*a^6 - 32*a^5 - 184*a^4 - 464*a^3 - 544*a^2 - 128*a + 256 8*a^4 + 96*a^3 + 352*a^2 + 256*a - 256 -4*a^5 + 256*a^3 + 672*a^2 + 128*a - 256 8*a^5 + 72*a^4 + 144*a^3 -4*a^5 - 40*a^4 - 112*a^3 - 64*a^2 + 128*a -4*a^5 - 32*a^4 - 80*a^3 - 288*a^2 - 384*a + 256 -8*a^5 - 96*a^4 - 336*a^3 - 256*a^2 + 256*a over Number field with defining polynomial x^7+22*x^6+172*x^5+552*x^4+512*x^3-480*x^2-512*x+256
a vector of length 129 over Number field with defining polynomial a number field of degree 62
a vector of length 129 over Number field with defining polynomial a number field of degree 34
a vector of length 129 over Number field with defining polynomial a number field of degree 19
-35640 -4752 10692 8976 -8184 3828 -1320 -3036 -1320 968 -1320 -176 -1320 -4752 -1320 396 -1320 396 -1320 -3036 -1320 -1320 -2464 -176 2684 -748 2112 -2464 968 -1892 3256 -2464 2684 -176 -748 968 396 396 -1892 -748 -748 3256 1540 3828 1540 2112 -1320 2112 2684 2112 396 2684 -1320 -2464 -3036 -176 -2464 396 -1320 968 -2464 -4752 -1892 4400 -176 -748 2112 968 -2464 968 -748 -748 -176 -748 -176 -1892 -176 396 396 -1892 -1320 -176 968 2112 -1892 -176 968 -2464 -2464 -1320 968 -176 -1892 -748 2112 2684 2684 -4180 2112 -4180 968 -3036 1540 -2464 968 2684 -748 3256 396 -3036 -176 2112 396 968 -176 -176 396 968 396 968 968 968 2112 -176 396 -176 1540 -748 -1320 over Number field with defining polynomial x-2
0 0 0 2112 1056 -1056 528 -528 528 352 0 704 0 0 -264 0 528 -792 528 264 528 -264 352 704 -176 352 0 352 352 176 -880 -176 352 -352 -176 -176 -528 528 176 -1232 -176 -352 176 -528 -880 -1056 0 -528 88 -264 0 88 0 -176 528 -88 -176 264 0 88 88 -264 440 616 440 -440 -264 -176 -176 -176 -176 88 -88 -704 -88 -88 176 264 0 -88 0 176 88 0 -88 -352 616 -176 -440 528 88 -616 704 -176 -264 616 616 -704 0 -176 88 264 -88 -176 352 -440 352 440 -264 264 44 -132 -132 -44 572 -220 132 -176 -132 352 -308 -44 -132 44 0 -88 176 -44 264 over Number field with defining polynomial x-2
For conductor 5, eigenvectors are:
-2*a-8 -2*a-6 -2*a-6 -a-4 -a-2 a+2 0 0 -a-2 2 -2 -a-2 0 -2*a-6 0 a+4 a+2 0 2 -a-2 over Number field with defining polynomial x^2+4*x+2
a+2 -a-2 1 -a^3 - 8*a^2 - 16*a - 9 a^3 + 8*a^2 + 16*a + 9 -a^2 - 6*a - 6 -a^3 - 8*a^2 - 15*a - 7 0 1 -a-2 -a-1 -a^2 - 5*a - 5 a+1 -1 -a-1 a+2 -a-1 -a^2 - 4*a - 3 -a^3 - 8*a^2 - 16*a - 8 -a-1 over Number field with defining polynomial x^4+10*x^3+31*x^2+36*x+13
a vector of length 20 over Number field with defining polynomial a number field of degree 14
For conductor 163, eigenvectors are:
0 0 0 2 0 0 0 0 2 0 0 0 0 0 0 0 -1 -1 -1 0 0 1 0 0 1 0 0 0 1 1 0 0 -1 over Number field with defining polynomial x+4
a^4 + 22*a^3 + 152*a^2 + 312*a - 32 2*a^3 + 36*a^2 + 192*a + 272 -4*a^3 - 92*a^2 - 664*a - 1440 a^4 + 26*a^3 + 240*a^2 + 920*a + 1232 a^4 + 24*a^3 + 196*a^2 + 616*a + 608 -a^4 - 24*a^3 - 200*a^2 - 688*a - 928 -6*a^3 - 128*a^2 - 856*a - 1712 a^4 + 26*a^3 + 244*a^2 + 976*a + 1408 2*a^3 + 44*a^2 + 312*a + 704 -a^4 - 28*a^3 - 280*a^2 - 1168*a - 1680 -4*a^2 - 72*a - 320 -4*a^2 - 72*a - 320 -a^4 - 28*a^3 - 280*a^2 - 1176*a - 1760 -2*a^3 - 44*a^2 - 296*a - 560 -2*a^3 - 44*a^2 - 296*a - 560 -2*a^3 - 48*a^2 - 368*a - 880 a^4 + 24*a^3 + 196*a^2 + 624*a + 672 -4*a^2 - 56*a - 176 2*a^3 + 44*a^2 + 312*a + 704 -a^4 - 30*a^3 - 324*a^2 - 1464*a - 2240 0 -a^4 - 26*a^3 - 240*a^2 - 920*a - 1232 a^4 + 24*a^3 + 196*a^2 + 608*a + 528 a^4 + 22*a^3 + 152*a^2 + 312*a - 32 -a^4 - 24*a^3 - 196*a^2 - 624*a - 672 0 2*a^3 + 48*a^2 + 368*a + 880 -2*a^3 - 44*a^2 - 288*a - 480 a^4 + 26*a^3 + 236*a^2 + 864*a + 1056 -2*a^3 - 40*a^2 - 240*a - 384 8*a+80 -2*a^3 - 44*a^2 - 296*a - 560 -a^4 - 24*a^3 - 192*a^2 - 568*a - 496 over Number field with defining polynomial x^5+30*x^4+332*x^3+1624*x^2+3200*x+1504
a vector of length 33 over Number field with defining polynomial a number field of degree 27
For conductor 815, eigenvectors are:
16 14 6 -6 -8 -5 -3 1 0 3 -3 -4 -5 6 1 1 7 10 4 3 -2 -4 3 9 -2 7 0 0 7 -4 -7 -3 5 1 -1 5 4 8 7 3 5 1 7 7 -5 -1 -7 7 3 4 3 4 -1 3 0 2 -1 -6 1 2 -1 0 0 -2 2 -4 0 2 -1 9 6 2 1 -2 3 1 -4 -7 -2 1 8 -1 -2 4 2 2 2 2 -5 0 -1 1 -4 -3 3 -1 -6 -1 0 1 -1 2 -5 -2 -7 -4 -1 over Number field with defining polynomial x-4
a vector of length 107 over Number field with defining polynomial a number field of degree 31
a vector of length 107 over Number field with defining polynomial a number field of degree 75
For conductor 1:
traces of hecke eigenvalues of T_{p^1} are:
15 40 400 1464 2380 5220 7240 12720 25260 30784 52060 70644 81400 106080 151740 208920 230764 305320 363024 394420 499360 578760 712980 922180 
computing eigenvalues for k = 1, took 222.011258 sec
traces of hecke eigenvalues of T_{p^2} are:
30 120 2800 
computing eigenvalues for k = 2, took 0.202211 sec
traces of hecke eigenvalues of T_{p^1} are:
-10 -4 38 4 84 -56 102 -80 -78 312 204 -286 368 34 6 522 182 360 -372 1082 278 -104 -2144 -988 
computing eigenvalues for k = 1, took 14.377642 sec
traces of hecke eigenvalues of T_{p^2} are:
2 -8 -42 
computing eigenvalues for k = 2, took 0.203301 sec
traces of hecke eigenvalues of T_{p^1} are:
-22 17 42 246 -136 403 605 -500 -147 -1097 1973 851 2664 -3081 968 4149 -3382 -324 2671 -6000 4200 3468 552 4739 
computing eigenvalues for k = 1, took 14.307378 sec
traces of hecke eigenvalues of T_{p^2} are:
9 58 336 
computing eigenvalues for k = 2, took 0.202553 sec
traces of hecke eigenvalues of T_{p^1} are:
29 40 0 232 -86 359 -891 3047 -177 125 -1653 1767 -258 10579 3051 2406 -2228 3569 9635 1880 -6882 14510 3646 -5259 
computing eigenvalues for k = 1, took 15.097127 sec
traces of hecke eigenvalues of T_{p^2} are:
-25 -87 -471 
computing eigenvalues for k = 2, took 0.294726 sec
traces of hecke eigenvalues of T_{p^1} are:
199 395 1852 4529 5985 10162 12733 18668 29759 33628 46709 58812 62913 77000 96013 120877 127407 151843 172288 178304 211674 235429 274646 319982 
computing eigenvalues for k = 1, took 229.388806 sec
traces of hecke eigenvalues of T_{p^2} are:
87 220 1216 
computing eigenvalues for k = 2, took 0.217382 sec
traces of hecke eigenvalues of T_{p^1} are:
104 213 1016 2381 3251 5358 7121 10120 15861 18824 25619 31413 35574 41217 52588 67409 70564 87027 96855 102218 123098 129060 150848 177131 
computing eigenvalues for k = 1, took 232.810380 sec
traces of hecke eigenvalues of T_{p^2} are:
27 92 528 
computing eigenvalues for k = 2, took 0.202995 sec
traces of hecke eigenvalues of T_{p^1} are:
2 14 62 164 144 332 480 474 820 884 1672 1744 2334 1742 2864 4040 3264 4682 5524 4524 6920 7254 7860 9892 
computing eigenvalues for k = 1, took 240.409856 sec
traces of hecke eigenvalues of T_{p^2} are:
-9 16 96 
computing eigenvalues for k = 2, took 0.219967 sec
traces of hecke eigenvalues of T_{p^1} are:
2 -4 -1 -28 -18 -31 12 -24 190 152 181 157 -27 89 185 533 -12 -253 -152 681 -583 156 -846 -1676 
computing eigenvalues for k = 1, took 14.556771 sec
traces of hecke eigenvalues of T_{p^2} are:
-6 1 6 
computing eigenvalues for k = 2, took 0.227242 sec
For conductor 5:
traces of hecke eigenvalues of T_{p^1} are:
-4 -16 -4 -76 52 68 52 76 -484 -148 172 -118 -50 -1046 -710 -660 746 -316 382 1264 -680 -270 -840 1102 
computing eigenvalues for k = 1, took 727.925193 sec
traces of hecke eigenvalues of T_{p^2} are:
-6 24 -56 
computing eigenvalues for k = 2, took 0.509695 sec
traces of hecke eigenvalues of T_{p^1} are:
-10 -4 38 4 84 -56 102 -80 -78 312 204 -286 368 34 6 522 182 360 -372 1082 278 -104 -2144 -988 
computing eigenvalues for k = 1, took 727.147838 sec
traces of hecke eigenvalues of T_{p^2} are:
2 -8 -42 
computing eigenvalues for k = 2, took 0.505946 sec
traces of hecke eigenvalues of T_{p^1} are:
-42 -56 -123 -343 108 -73 -588 -504 -269 -678 711 -2168 158 -45 939 -4136 -1287 2043 -4706 -391 -4865 -2058 482 4268 
computing eigenvalues for k = 1, took 726.061796 sec
traces of hecke eigenvalues of T_{p^2} are:
31 18 89 
computing eigenvalues for k = 2, took 0.514678 sec
For conductor 163:
traces of hecke eigenvalues of T_{p^1} are:
-4 2 20 -34 14 26 -14 60 -166 -294 -30 145 743 -467 -475 382 -335 -8 57 -1024 -32 697 -1396 -681 
computing eigenvalues for k = 1, took 423.029129 sec
traces of hecke eigenvalues of T_{p^2} are:
3 8 60 
computing eigenvalues for k = 2, took 0.472716 sec
traces of hecke eigenvalues of T_{p^1} are:
-30 -5 -12 182 -372 -227 633 -574 -627 -323 1293 -259 2038 -2711 -838 2323 -3200 496 4261 -5412 1894 414 -750 4161 
computing eigenvalues for k = 1, took 412.557531 sec
traces of hecke eigenvalues of T_{p^2} are:
35 30 204 
computing eigenvalues for k = 2, took 0.481390 sec
traces of hecke eigenvalues of T_{p^1} are:
-78 -155 -340 -335 -171 -732 -73 -1393 241 798 -984 -469 -2206 -3595 -2986 -4821 2248 -4117 -3870 -247 -139 -4192 1594 -3525 
computing eigenvalues for k = 1, took 413.024217 sec
traces of hecke eigenvalues of T_{p^2} are:
22 62 9 
computing eigenvalues for k = 2, took 0.479658 sec
For conductor 815:
traces of hecke eigenvalues of T_{p^1} are:
4 16 47 116 169 367 476 641 664 1032 1053 2063 2014 2118 3026 2998 4416 3691 4479 4696 6572 6486 7990 11284 
computing eigenvalues for k = 1, took 158.012059 sec
traces of hecke eigenvalues of T_{p^2} are:
-3 24 -24 
computing eigenvalues for k = 2, took 2.152035 sec
traces of hecke eigenvalues of T_{p^1} are:
179 357 1699 3995 5398 9209 11279 16817 25905 29736 42982 50947 57399 69776 88499 109045 114193 141426 157843 165182 192334 216063 241948 289504 
computing eigenvalues for k = 1, took 155.918586 sec
traces of hecke eigenvalues of T_{p^2} are:
72 188 1192 
computing eigenvalues for k = 2, took 2.087989 sec
traces of hecke eigenvalues of T_{p^1} are:
-12 27 -142 706 -657 389 464 1724 1093 1917 -2635 3438 -54 7423 3964 9914 1310 -4888 14286 -8121 6065 6811 12704 -18957 
computing eigenvalues for k = 1, took 155.929913 sec
traces of hecke eigenvalues of T_{p^2} are:
-38 -114 -517 
computing eigenvalues for k = 2, took 2.252030 sec
