constructing eigenvector for poly
x-15
constructing eigenvector for poly
x-2
constructing eigenvector for poly
x-5
constructing eigenvector for poly
x+2
constructing eigenvector for poly
x^4+18*x^3+100*x^2+160*x-16
constructing eigenvector for poly
x^3+10*x^2+31*x+29
constructing eigenvector for poly
x^12-66*x^11+1932*x^10-33065*x^9+367150*x^8-2774937*x^7+14568516*x^6-53244431*x^5+133649865*x^4-223276017*x^3+234132064*x^2-137579996*x+34118328
constructing eigenvector for poly
x^22-135*x^21+8576*x^20-340815*x^19+9501510*x^18-197514450*x^17+3176627244*x^16-40479768139*x^15+415194887994*x^14-3463070409688*x^13+23634675088122*x^12-132364790800761*x^11+608316642327606*x^10-2287787048369734*x^9+7001001085119440*x^8-17276188914947033*x^7+33928777537262641*x^6-52046367018094089*x^5+60706193696421290*x^4-51721208439535316*x^3+30180267681215832*x^2-10715971068698560*x+1734264667601568
constructing eigenvector for poly
x^36-2*x^35-182*x^34+542*x^33+13518*x^32-53220*x^31-519833*x^30+2633510*x^29+10683573*x^28-73944649*x^27-97803740*x^26+1233750076*x^25-269505080*x^24-12319811815*x^23+15489848774*x^22+71222713830*x^21-158342888289*x^20-205900916471*x^19+811724303881*x^18+55360408064*x^17-2278922658989*x^16+1417067932280*x^15+3314516957054*x^14-4028028752454*x^13-1835457596440*x^12+4726715013383*x^11-732163717814*x^10-2432363792662*x^9+1229470861298*x^8+376738750644*x^7-416569528156*x^6+60003727184*x^5+31956280160*x^4-12726737728*x^3+1545574976*x^2-38032896*x-2716928
constructing eigenvector for poly
x^3+10*x^2+31*x+29
constructing eigenvector for poly
x^8+34*x^7+477*x^6+3588*x^5+15681*x^4+40059*x^3+56150*x^2+35144*x+3464
constructing eigenvector for poly
x^3+16*x^2+76*x+104
constructing eigenvector for poly
x^4+13*x^3+58*x^2+102*x+59
constructing eigenvector for poly
x^23-132*x^22+8213*x^21-320295*x^20+8781997*x^19-179995090*x^18+2862479464*x^17-36188656303*x^16+369671402841*x^15-3084594276688*x^14+21170544820548*x^13-119970824047167*x^12+561986994896759*x^11-2173218496360322*x^10+6910969766619404*x^9-17954569706682713*x^8+37735161194825518*x^7-63269803091754064*x^6+82988766849353267*x^5-82811019623856946*x^4+60314400053874964*x^3-30015476230280648*x^2+9050152410615104*x-1236002752627232
constructing eigenvector for poly
x^31-6*x^30-128*x^29+869*x^28+6137*x^27-50323*x^26-131148*x^25+1521062*x^24+864214*x^23-26501217*x^22+14352295*x^21+279795562*x^20-348096057*x^19-1819517263*x^18+3236624820*x^17+7140903628*x^16-16553899941*x^15-15497248705*x^14+49191533700*x^13+13083026497*x^12-82959662915*x^11+9839603556*x^10+74249297704*x^9-24541341242*x^8-33451557576*x^7+15183511436*x^6+6989860152*x^5-3775122896*x^4-573061376*x^3+361965696*x^2+8388480*x-7549696
computing eigenvectors took 0.514175 sec
For conductor 1, eigenvectors are:
-1 -1 -1 -1 -1 -1 -1 -1 -1 -1 -1 -1 -1 -1 -1 -1 -1 -1 -1 -1 -1 -1 -1 -1 -1 -1 -1 -1 -1 -1 -1 -1 -1 -1 -1 -1 -1 -1 -1 -1 -1 -1 -1 -1 -1 -1 -1 -1 -1 -1 -1 -1 -1 -1 -1 -1 -1 -1 -1 -1 -1 -1 -1 -1 -1 -1 -1 -1 -1 -1 -1 -1 -1 -1 -1 -1 -1 -1 -1 -1 -1 over Number field with defining polynomial x-15
-42 -42 -3 -42 -42 36 -3 36 36 36 -3 -16 36 -16 -3 -29 -16 -29 -16 -3 -3 -3 10 49 -29 36 -3 -3 -29 -29 -42 23 23 -29 -3 -55 10 -3 10 23 23 -3 -3 10 -16 -3 10 -3 -16 -3 -42 -3 -3 23 23 -3 -3 36 23 -3 23 -3 10 -29 -16 -16 10 23 -3 -3 10 -16 23 23 -3 -3 10 -3 -3 -3 -16 over Number field with defining polynomial x-2
6 -3 12 -12 -12 9 12 36 18 -9 -6 -20 24 4 0 -16 4 -4 -2 -6 12 -6 -7 -4 11 3 -6 -6 20 14 -12 4 16 8 12 4 8 12 -10 -8 16 -24 0 2 22 -6 2 0 13 0 0 0 -6 -8 -17 6 0 3 -8 -6 -8 -12 -7 -13 -11 1 2 -2 0 9 2 7 4 -8 0 3 -1 0 0 6 -2 over Number field with defining polynomial x-5
0 -6 3 -3 -3 0 0 6 0 3 -6 4 0 4 -3 0 0 3 4 3 0 0 -1 -1 -2 0 0 0 -3 -1 0 -1 -1 -1 2 0 -2 0 -1 0 0 1 -1 2 2 -3 -1 -3 2 -1 0 2 -1 -1 -1 0 1 -1 1 0 0 0 0 0 1 0 1 1 2 -1 -1 2 -1 1 -1 0 0 0 0 0 0 over Number field with defining polynomial x+2
-384*a-3072 24*a^3 + 480*a^2 + 2784*a + 4032 12*a^3 + 144*a^2 + 432*a + 288 12*a^3 + 192*a^2 + 912*a + 1248 12*a^3 + 192*a^2 + 912*a + 1248 -24*a^3 - 432*a^2 - 2496*a - 4608 -24*a^3 - 432*a^2 - 2112*a - 1536 -24*a^3 - 336*a^2 - 1056*a + 768 24*a^3 + 336*a^2 + 1344*a + 1536 12*a^3 + 192*a^2 + 1008*a + 2016 -24*a^3 - 336*a^2 - 1344*a - 1728 16*a^3 + 256*a^2 + 1088*a + 640 0 -16*a^3 - 256*a^2 - 1216*a - 1664 -4*a^3 - 64*a^2 - 272*a - 224 64*a+512 -16*a^3 - 192*a^2 - 384*a + 1024 -12*a^3 - 256*a^2 - 1520*a - 1824 16*a^3 + 256*a^2 + 1088*a + 640 12*a^3 + 144*a^2 + 432*a + 288 48*a^2 + 576*a + 1344 -96*a-576 -4*a^3 - 48*a^2 - 16*a + 800 20*a^3 + 320*a^2 + 1360*a + 608 -8*a^3 - 128*a^2 - 576*a - 512 8*a^3 + 96*a^2 + 160*a - 768 -8*a^3 - 128*a^2 - 544*a - 256 -8*a^3 - 128*a^2 - 544*a - 256 -12*a^3 - 208*a^2 - 1040*a - 1248 12*a^3 + 192*a^2 + 848*a + 672 8*a^3 + 128*a^2 + 544*a + 256 4*a^3 + 48*a^2 + 112*a - 32 4*a^3 + 48*a^2 + 112*a - 32 20*a^3 + 288*a^2 + 1136*a + 800 16*a^2 + 192*a + 512 -8*a^3 - 128*a^2 - 608*a - 768 8*a^3 + 96*a^2 + 128*a - 1024 8*a^3 + 144*a^2 + 832*a + 1536 -4*a^3 - 48*a^2 - 16*a + 800 16*a^3 + 304*a^2 + 1696*a + 2304 -16*a^3 - 240*a^2 - 1056*a - 1280 4*a^3 + 16*a^2 - 336*a - 1632 -4*a^3 - 64*a^2 - 336*a - 672 32*a^2 + 288*a + 128 8*a^3 + 128*a^2 + 576*a + 512 4*a^3 + 48*a^2 + 80*a - 288 -4*a^3 - 48*a^2 - 16*a + 800 -4*a^3 - 64*a^2 - 272*a - 224 16*a^3 + 240*a^2 + 928*a + 448 -12*a^3 - 128*a^2 - 80*a + 1440 8*a^3 + 128*a^2 + 544*a + 256 16*a^2 + 64*a - 384 -12*a^3 - 208*a^2 - 1008*a - 992 -4*a^3 - 64*a^2 - 240*a + 32 -4*a^3 - 64*a^2 - 240*a + 32 -96*a-576 4*a^3 + 64*a^2 + 304*a + 352 -12*a^3 - 176*a^2 - 752*a - 864 -4*a^3 - 64*a^2 - 304*a - 416 -8*a^3 - 128*a^2 - 544*a - 256 16*a^2 + 224*a + 768 -8*a^3 - 128*a^2 - 544*a - 256 -48*a^2 - 608*a - 1792 16*a^2 + 160*a + 256 -4*a^3 - 64*a^2 - 272*a - 96 -64*a-512 -4*a^3 - 48*a^2 - 80*a + 352 -4*a^3 - 64*a^2 - 304*a - 416 16*a^2 + 192*a + 512 12*a^3 + 176*a^2 + 720*a + 736 4*a^3 + 64*a^2 + 336*a + 736 -16*a^3 - 256*a^2 - 1152*a - 1216 4*a^3 + 48*a^2 + 112*a - 32 4*a^3 + 64*a^2 + 272*a + 160 -8*a^2 - 96*a - 256 4*a^3 + 56*a^2 + 224*a + 256 8*a^3 + 128*a^2 + 608*a + 768 -4*a^3 - 48*a^2 - 96*a + 224 -8*a^2 - 128*a - 480 -16*a-160 8*a^2 + 96*a + 288 over Number field with defining polynomial x^4+18*x^3+100*x^2+160*x-16
-480*a^2 - 2112*a - 2592 528*a^2 + 3312*a + 4512 -108*a^2 - 648*a - 360 -456*a^2 - 3144*a - 5400 336*a^2 + 2616*a + 4752 192*a^2 + 960*a + 888 504*a^2 + 2976*a + 4680 144*a^2 + 1128*a + 1608 168*a^2 + 96*a - 1200 144*a^2 + 1392*a + 2736 -504*a^2 - 3528*a - 5436 -352*a^2 - 2208*a - 3008 0 80*a^2 + 352*a + 432 304*a^2 + 1304*a + 216 80*a^2 + 352*a + 432 -208*a^2 - 816*a - 272 -96*a^2 - 208*a + 184 48*a^2 + 288*a + 160 -648*a^2 - 3972*a - 5724 -360*a^2 - 2532*a - 4392 312*a^2 + 1488*a + 1536 32*a^2 - 288*a - 1232 -140*a^2 - 800*a - 1008 -192*a^2 - 960*a - 888 -40*a^2 - 88*a + 160 -152*a^2 - 1048*a - 1800 152*a^2 + 1048*a + 1800 -84*a^2 - 680*a - 1032 12*a^2 + 160*a + 416 -40*a^2 - 176*a - 216 -456*a^2 - 2616*a - 3144 224*a^2 + 1480*a + 2040 -152*a^2 - 556*a - 232 -136*a^2 - 796*a - 724 -52*a^2 - 336*a - 632 40*a^2 + 176*a + 216 -64*a^2 - 320*a - 296 200*a^2 + 1688*a + 3464 40*a^2 + 536*a + 1220 -72*a^2 - 424*a - 740 336*a^2 + 2036*a + 2808 -48*a^2 - 464*a - 912 424*a^2 + 2360*a + 3120 192*a^2 + 960*a + 888 -208*a^2 - 1080*a - 1400 176*a^2 + 752*a 328*a^2 + 2416*a + 4432 -48*a^2 - 200*a + 216 320*a^2 + 1864*a + 2608 40*a^2 + 176*a + 216 204*a^2 + 1076*a + 1116 88*a^2 + 552*a + 752 -192*a^2 - 1048*a - 1264 -40*a^2 - 88*a + 160 -8*a^2 + 72*a + 308 120*a^2 + 598*a + 680 -204*a^2 - 1164*a - 1492 -136*a^2 - 1060*a - 1852 94*a^2 + 632*a + 960 -108*a^2 - 662*a - 954 -102*a^2 - 714*a - 1310 172*a^2 + 960*a + 1156 172*a^2 + 1092*a + 1720 -208*a^2 - 1440*a - 2404 -128*a^2 - 684*a - 780 4*a^2 + 232*a + 724 104*a^2 + 540*a + 700 -128*a^2 - 860*a - 1532 56*a^2 + 304*a + 228 -52*a^2 - 564*a - 1072 72*a^2 + 652*a + 1180 4*a^2 + 56*a - 28 -16*a^2 + 144*a + 616 66*a^2 + 414*a + 564 -42*a^2 - 248*a - 390 198*a^2 + 1128*a + 1472 -122*a^2 - 560*a - 384 -42*a^2 - 116*a + 174 -44*a-188 -246*a-784 over Number field with defining polynomial x^3+10*x^2+31*x+29
a vector of length 81 over Number field with defining polynomial a number field of degree 12
a vector of length 81 over Number field with defining polynomial a number field of degree 22
a vector of length 81 over Number field with defining polynomial a number field of degree 36
For conductor 5, eigenvectors are:
a+3 -a^2 - 7*a - 12 -a^2 - 9*a - 19 -2*a-7 a^2 + 6*a + 9 a+4 -a^2 - 7*a - 12 -a^2 - 7*a - 12 -a-4 0 -a-3 over Number field with defining polynomial x^3+10*x^2+31*x+29
-2*a^6 - 50*a^5 - 500*a^4 - 2556*a^3 - 7062*a^2 - 10048*a - 5784 -a^7 - 29*a^6 - 336*a^5 - 1998*a^4 - 6473*a^3 - 10986*a^2 - 8056*a - 912 a^7 + 29*a^6 + 342*a^5 + 2120*a^4 + 7425*a^3 + 14544*a^2 + 14440*a + 5328 -a^7 - 31*a^6 - 388*a^5 - 2536*a^4 - 9307*a^3 - 19008*a^2 - 19636*a - 7576 -2*a^5 - 26*a^4 - 84*a^3 + 123*a^2 + 982*a + 1196 -4*a^5 - 79*a^4 - 609*a^3 - 2302*a^2 - 4274*a - 3120 a^6 + 26*a^5 + 280*a^4 + 1597*a^3 + 5068*a^2 + 8436*a + 5728 -a^6 - 31*a^5 - 367*a^4 - 2157*a^3 - 6724*a^2 - 10646*a - 6740 a^6 + 19*a^5 + 129*a^4 + 332*a^3 - 70*a^2 - 1676*a - 1996 -2*a^6 - 48*a^5 - 452*a^4 - 2122*a^3 - 5197*a^2 - 6216*a - 2756 -16*a^4 - 253*a^3 - 1422*a^2 - 3408*a - 2964 over Number field with defining polynomial x^8+34*x^7+477*x^6+3588*x^5+15681*x^4+40059*x^3+56150*x^2+35144*x+3464
For conductor 109, eigenvectors are:
a^2 + 12*a + 36 a^2 + 12*a + 32 0 -a^2 - 14*a - 44 -2*a-12 -4 2*a+12 over Number field with defining polynomial x^3+16*x^2+76*x+104
-1 -a^2 - 7*a - 10 a^3 + 10*a^2 + 31*a + 29 -a^2 - 7*a - 11 a^2 + 6*a + 7 -1 -a-4 over Number field with defining polynomial x^4+13*x^3+58*x^2+102*x+59
For conductor 545, eigenvectors are:
a vector of length 54 over Number field with defining polynomial a number field of degree 23
a vector of length 54 over Number field with defining polynomial a number field of degree 31
For conductor 1:
traces of hecke eigenvalues of T_{p^1} are:
15 40 400 1464 2380 5220 7240 12720 25260 30784 52060 70644 81400 106080 151740 208920 230764 305320 363024 394420 499360 578760 712980 922180 
computing eigenvalues for k = 1, took 9.618034 sec
traces of hecke eigenvalues of T_{p^2} are:
30 120 2800 
computing eigenvalues for k = 2, took 0.209315 sec
traces of hecke eigenvalues of T_{p^1} are:
2 14 62 164 144 332 480 474 820 884 1672 1744 2334 1742 2864 4040 3264 4682 5524 4524 6920 7254 7860 9892 
computing eigenvalues for k = 1, took 9.661465 sec
traces of hecke eigenvalues of T_{p^2} are:
-9 16 96 
computing eigenvalues for k = 2, took 0.211417 sec
traces of hecke eigenvalues of T_{p^1} are:
5 14 59 134 240 395 396 336 1120 890 994 1846 2040 1742 3218 3278 3528 3839 4744 6414 5645 6210 7893 10648 
computing eigenvalues for k = 1, took 9.714224 sec
traces of hecke eigenvalues of T_{p^2} are:
0 16 72 
computing eigenvalues for k = 2, took 0.211857 sec
traces of hecke eigenvalues of T_{p^1} are:
-2 2 20 43 -38 -110 5 83 -195 78 340 104 270 -91 638 1208 -823 -678 -14 -1243 1232 116 -61 483 
computing eigenvalues for k = 1, took 15.206238 sec
traces of hecke eigenvalues of T_{p^2} are:
-1 8 60 
computing eigenvalues for k = 2, took 0.207304 sec
traces of hecke eigenvalues of T_{p^1} are:
-18 20 3 260 -243 291 590 -358 -171 -587 620 580 1983 -2103 -999 3593 -2499 973 3920 -4169 504 2871 -2024 477 
computing eigenvalues for k = 1, took 9.783455 sec
traces of hecke eigenvalues of T_{p^2} are:
16 40 174 
computing eigenvalues for k = 2, took 0.210883 sec
traces of hecke eigenvalues of T_{p^1} are:
-10 -15 37 27 20 -74 -85 -107 366 242 195 -90 -378 -602 449 -317 629 720 -157 -750 598 644 365 -577 
computing eigenvalues for k = 1, took 9.725393 sec
traces of hecke eigenvalues of T_{p^2} are:
-3 7 -75 
computing eigenvalues for k = 2, took 0.207477 sec
traces of hecke eigenvalues of T_{p^1} are:
66 125 640 1378 2095 3532 4228 6273 10160 11628 17077 19722 22819 26529 33995 39466 45120 54964 58172 64395 75897 81603 94547 112995 
computing eigenvalues for k = 1, took 9.727290 sec
traces of hecke eigenvalues of T_{p^2} are:
18 20 320 
computing eigenvalues for k = 2, took 0.210572 sec
traces of hecke eigenvalues of T_{p^1} are:
135 267 1170 2780 3881 6700 8080 12273 18394 21362 30969 37492 39917 50487 62141 76506 82258 98256 112362 117517 133757 154865 174103 206751 
computing eigenvalues for k = 1, took 9.762270 sec
traces of hecke eigenvalues of T_{p^2} are:
75 188 560 
computing eigenvalues for k = 2, took 0.212164 sec
traces of hecke eigenvalues of T_{p^1} are:
2 -28 -238 -83 -178 984 -91 208 1931 342 -1448 5132 -2626 1952 3405 1469 3326 -8405 724 3150 -7080 -1625 4174 -3531 
computing eigenvalues for k = 1, took 9.813602 sec
traces of hecke eigenvalues of T_{p^2} are:
-35 -105 -267 
computing eigenvalues for k = 2, took 0.223455 sec
For conductor 5:
traces of hecke eigenvalues of T_{p^1} are:
-10 -15 37 27 20 -74 -85 -107 366 242 195 -90 -378 -602 449 -317 629 720 -157 -750 598 644 365 -577 
computing eigenvalues for k = 1, took 376.037914 sec
traces of hecke eigenvalues of T_{p^2} are:
-3 7 -75 
computing eigenvalues for k = 2, took 0.468789 sec
traces of hecke eigenvalues of T_{p^1} are:
-34 -47 -110 -46 -167 -424 363 -14 -642 172 -505 -1228 -236 -487 -1842 342 25 17 1425 783 1261 521 -2689 -2178 
computing eigenvalues for k = 1, took 380.697301 sec
traces of hecke eigenvalues of T_{p^2} are:
23 17 -85 
computing eigenvalues for k = 2, took 0.452816 sec
For conductor 109:
traces of hecke eigenvalues of T_{p^1} are:
-16 -6 11 -47 -127 129 205 -211 -324 -541 798 -180 1713 -2012 483 25 -2164 -359 526 -1174 1326 -233 -2319 -782 
computing eigenvalues for k = 1, took 666.826493 sec
traces of hecke eigenvalues of T_{p^2} are:
17 16 138 
computing eigenvalues for k = 2, took 0.495603 sec
traces of hecke eigenvalues of T_{p^1} are:
-13 -21 -9 -114 110 -143 -117 82 -665 -151 -123 -742 -249 692 -477 573 1094 1986 -1293 -524 -437 24 -1945 -125 
computing eigenvalues for k = 1, took 665.310627 sec
traces of hecke eigenvalues of T_{p^2} are:
8 9 -49 
computing eigenvalues for k = 2, took 0.467362 sec
For conductor 545:
traces of hecke eigenvalues of T_{p^1} are:
132 245 1151 2946 4043 6767 8624 12043 20038 22164 31657 39838 42337 49923 64633 80728 86766 101207 116130 122951 142318 154543 181444 214027 
computing eigenvalues for k = 1, took 148.103974 sec
traces of hecke eigenvalues of T_{p^2} are:
51 60 8 
computing eigenvalues for k = 2, took 0.475036 sec
traces of hecke eigenvalues of T_{p^1} are:
6 -22 -109 -120 151 757 -300 983 729 -949 1268 1516 -431 2964 2240 1842 -2260 -1418 -1698 2190 -6800 2176 3791 1847 
computing eigenvalues for k = 1, took 149.542639 sec
traces of hecke eigenvalues of T_{p^2} are:
-22 -61 -219 
computing eigenvalues for k = 2, took 0.474267 sec
