constructing eigenvector for poly
x-40
constructing eigenvector for poly
x^52+50*x^51+447*x^50-17836*x^49-383301*x^48+953824*x^47+88222464*x^46+455523486*x^45-9467458126*x^44-102382216706*x^43+446462650287*x^42+10333960201148*x^41+6372151301547*x^40-614169839536728*x^39-2178535557877752*x^38+22653364013894528*x^37+144144956201855530*x^36-485208471582976540*x^35-5487017096091514972*x^34+3226435829887607518*x^33+137912841295253734021*x^32+140621804219380278340*x^31-2384511636790185883069*x^30-5271498911687636076356*x^29+28538341630564514729063*x^28+95469403437113294894812*x^27-231496725479444233156859*x^26-1113165341251752464975916*x^25+1184108946603035431888172*x^24+8983741513746019840714550*x^23-2818907523199160222501856*x^22-51644514828004424218788292*x^21-6632342530169597206785363*x^20+214376552281384971562698226*x^19+82292079626167837648835925*x^18-646700857316526145830734530*x^17-328887754500023614304439172*x^16+1419010323003541212633393136*x^15+755002830956075639427103876*x^14-2250037130326898758643090848*x^13-1069589546344153751249052994*x^12+2530879535350086432143906350*x^11+915047498856260358074630864*x^10-1945993028258674334737861656*x^9-428652405126982850771718391*x^8+961105706259224014473237750*x^7+80865738806300798278123605*x^6-278482732422698404956031750*x^5+6679650105812686473932533*x^4+41433088917650611470886688*x^3-4173138885842390503809312*x^2-2354262718834760835980544*x+362380325504145533942224
constructing eigenvector for poly
x^24-281*x^23+37401*x^22-3136762*x^21+186029154*x^20-8299281682*x^19+289273043149*x^18-8076229379453*x^17+183712495720220*x^16-3445110575840471*x^15+53685150382538774*x^14-698655898999379012*x^13+7612675998030878246*x^12-69475251927168286010*x^11+530122442338196169491*x^10-3368624670552052318136*x^9+17711787092524610221055*x^8-76333277432097926615003*x^7+266099378568083199301936*x^6-736501851555724571559504*x^5+1576039429112011298056064*x^4-2506278057843282065081728*x^3+2779165882453308092739008*x^2-1911220252809902823425920*x+611487538142368301382400
constructing eigenvector for poly
x^61-44*x^60-105*x^59+32284*x^58-328952*x^57-9053947*x^56+172687408*x^55+981134959*x^54-41177300098*x^53+65243930607*x^52+5660603080502*x^51-34557039022743*x^50-467438534116453*x^49+5107126347777059*x^48+20451147856938686*x^47-442394226423256317*x^46+32157056928187205*x^45+25389818564368609462*x^44-68242229058514021494*x^43-997348058665598925529*x^42+5030698368796158319694*x^41+26223245807079516045431*x^40-215949697754218264291128*x^39-396989780291629102820794*x^38+6400725660800973977525793*x^37-3300644953161849883207*x^36-138360732190384015201154716*x^35+172893921290874814828815701*x^34+2230284970109975565455117945*x^33-5040802602868375689022267607*x^32-26998812807432478104562768073*x^31+87292510860140535786052731489*x^30+244520656883792379502441222696*x^29-1065901311932953497483923604884*x^28-1630710847751835170381281043475*x^27+9680373085432677467108851484130*x^26+7725431996188592873867618293635*x^25-66848690539954901884306388703802*x^24-23886664434508231987763175360466*x^23+354071326474253219316318138591289*x^22+35879738224860167181893294781652*x^21-1438526707082975917722415344873043*x^20+35646890968720349626143639946896*x^19+4447375626589108669716148611749100*x^18-251173787294039740000205123263918*x^17-10282244376546890401717216709034977*x^16+242694747391176355758060216314323*x^15+17270912438879868258989573542434293*x^14+765631149909543571050719032150208*x^13-20205269938589085592371198990574315*x^12-2385478758619570363581475868938567*x^11+15569421956446310408280707974940002*x^10+2650756559561435783950639668688823*x^9-7396008488003023335086933493481447*x^8-1300583167754932021357490826081436*x^7+2032236999982196457629413719299363*x^6+232059616399653995594053753698395*x^5-306098425821566143104858822397812*x^4+2396053664984815039279209040209*x^3+19638564296177548080691318861564*x^2-3214370557296229186006385342568*x+150257808477422473078440493184
constructing eigenvector for poly
x^47-550*x^46+147260*x^45-25577884*x^44+3240441184*x^43-319205855534*x^42+25451933449060*x^41-1688509140346622*x^40+95077009115877289*x^39-4612796814633068628*x^38+195091163447694888031*x^37-7259664653997145286404*x^36+239466176150462932085985*x^35-7044768917417959675830872*x^34+185763736772739605771251236*x^33-4408847252377898426821355372*x^32+94503101562731076357475123181*x^31-1834634619986455814214785966986*x^30+32332376558414727407058154679636*x^29-518223700756010100871526137036406*x^28+7565235599754623749399537231742836*x^27-100700219729088460740996071611827374*x^26+1223133259017434648247351807503107474*x^25-13562790414803713032735171191911554796*x^24+137316290730313932330878484150240818139*x^23-1269201340237242965780963331678645535880*x^22+10704932758876676580238930208679017456990*x^21-82330529347685209275981246719007205471104*x^20+576771107402952300499066475027456166438395*x^19-3675434005257214924360327268824186455517390*x^18+21267468305440611989784793653918276212654325*x^17-111504005046358916778483366078062701829732434*x^16+528326195525699626459299697762808307676875537*x^15-2255254193377786885007245394022797167838121790*x^14+8640770288082368717383137747323091287393100361*x^13-29582988034336779114206224064147518366391965604*x^12+90022928211875458551255895370106467907008888967*x^11-241937428323075143278358309966434329251899506852*x^10+569784028333351690654972536165851712012447197445*x^9-1164695965742968340247582916133383426728374108922*x^8+2041731343278054211221528419360653504938230078161*x^7-3022696425975674640760423499792939800581400265640*x^6+3703342061666498883561191198245909310144208349136*x^5-3651687274115252079173523101501504787380111523248*x^4+2782788920116515439787139938960562355281227491680*x^3-1536824873181229786729544723614546307218130781120*x^2+546835453876869915206846300451078703499142211200*x-94038470484327942987159825219142916454002963200
constructing eigenvector for poly
x^52+50*x^51+447*x^50-17836*x^49-383301*x^48+953824*x^47+88222464*x^46+455523486*x^45-9467458126*x^44-102382216706*x^43+446462650287*x^42+10333960201148*x^41+6372151301547*x^40-614169839536728*x^39-2178535557877752*x^38+22653364013894528*x^37+144144956201855530*x^36-485208471582976540*x^35-5487017096091514972*x^34+3226435829887607518*x^33+137912841295253734021*x^32+140621804219380278340*x^31-2384511636790185883069*x^30-5271498911687636076356*x^29+28538341630564514729063*x^28+95469403437113294894812*x^27-231496725479444233156859*x^26-1113165341251752464975916*x^25+1184108946603035431888172*x^24+8983741513746019840714550*x^23-2818907523199160222501856*x^22-51644514828004424218788292*x^21-6632342530169597206785363*x^20+214376552281384971562698226*x^19+82292079626167837648835925*x^18-646700857316526145830734530*x^17-328887754500023614304439172*x^16+1419010323003541212633393136*x^15+755002830956075639427103876*x^14-2250037130326898758643090848*x^13-1069589546344153751249052994*x^12+2530879535350086432143906350*x^11+915047498856260358074630864*x^10-1945993028258674334737861656*x^9-428652405126982850771718391*x^8+961105706259224014473237750*x^7+80865738806300798278123605*x^6-278482732422698404956031750*x^5+6679650105812686473932533*x^4+41433088917650611470886688*x^3-4173138885842390503809312*x^2-2354262718834760835980544*x+362380325504145533942224
constructing eigenvector for poly
x^10+92*x^9+3762*x^8+90073*x^7+1398740*x^6+14722688*x^5+106382952*x^4+521075993*x^3+1655690300*x^2+3081415825*x+2550401263
constructing eigenvector for poly
x^2+14*x+31
constructing eigenvector for poly
x^17+77*x^16+2663*x^15+54624*x^14+738345*x^13+6897366*x^12+45255432*x^11+205958479*x^10+610265564*x^9+902422721*x^8-891659213*x^7-7952091748*x^6-19443926683*x^5-26365584124*x^4-21005974337*x^3-9241315844*x^2-1830449351*x-73221618
constructing eigenvector for poly
x^2+14*x+31
constructing eigenvector for poly
x^52-12*x^51-459*x^50+6358*x^49+86132*x^48-1468436*x^47-8078819*x^46+195620122*x^45+301016013*x^44-16766544606*x^43+14665749703*x^42+975935201265*x^41-2556267194414*x^40-39603610025767*x^39+164149500109689*x^38+1125205035991309*x^37-6573228719327787*x^36-21774542148991080*x^35+183214021020298775*x^34+254853709736282279*x^33-3713906802284345430*x^32-669736682027429347*x^31+55932805655822411868*x^30-37218179964280363810*x^29-632501728478687181817*x^28+828601171413733806568*x^27+5393969373030474039116*x^26-9951259334602579579395*x^25-34708055829915083309376*x^24+80798962288680343552885*x^23+168271719417520889781743*x^22-470739574380675687904233*x^21-614173268739607552867154*x^20+2007570154088889701715025*x^19+1694681362209489220554782*x^18-6283949316247622495468045*x^17-3592930527208942587479741*x^16+14294868183000309955995198*x^15+6042301834909777588593121*x^14-23081118031398218458517997*x^13-8273524469865874717702816*x^12+25340161111820810770109879*x^11+8916583107378085337801251*x^10-17559184113980064636843017*x^9-6682733280455640216474645*x^8+6731679829244472788572533*x^7+2862056704681615889909994*x^6-1125818609518356975527239*x^5-539581311371967169801610*x^4+60469001267544397667439*x^3+37273026622022943490963*x^2+480258717914685250109*x-425115559338260876618
constructing eigenvector for poly
x^20-227*x^19+24187*x^18-1607704*x^17+74730872*x^16-2580875874*x^15+68675839205*x^14-1441007146499*x^13+24200851620808*x^12-328315811942339*x^11+3615262181597322*x^10-32347989882243898*x^9+234615713510160738*x^8-1370871901723606962*x^7+6385501052269709537*x^6-23329406631631020600*x^5+65238682356363294079*x^4-134477698837192955003*x^3+192085611854655284436*x^2-169399027414599202976*x+69319671519479687264
computing eigenvectors took 8.696314 sec
For conductor 1, eigenvectors are:
-1 -1 -1 -1 -1 -1 -1 -1 -1 -1 -1 -1 -1 -1 -1 -1 -1 -1 -1 -1 -1 -1 -1 -1 -1 -1 -1 -1 -1 -1 -1 -1 -1 -1 -1 -1 -1 -1 -1 -1 -1 -1 -1 -1 -1 -1 -1 -1 -1 -1 -1 -1 -1 -1 -1 -1 -1 -1 -1 -1 -1 -1 -1 -1 -1 -1 -1 -1 -1 -1 -1 -1 -1 -1 -1 -1 -1 -1 -1 -1 -1 -1 -1 -1 -1 -1 -1 -1 -1 -1 -1 -1 -1 -1 -1 -1 -1 -1 -1 -1 -1 -1 -1 -1 -1 -1 -1 -1 -1 -1 -1 -1 -1 -1 -1 -1 -1 -1 -1 -1 -1 -1 -1 -1 -1 -1 -1 -1 -1 -1 -1 -1 -1 -1 -1 -1 -1 -1 -1 -1 -1 -1 -1 -1 -1 -1 -1 -1 -1 -1 -1 -1 -1 -1 -1 -1 -1 -1 -1 -1 -1 -1 -1 -1 -1 -1 -1 -1 -1 -1 -1 -1 -1 -1 -1 -1 -1 -1 -1 -1 -1 -1 -1 -1 -1 over Number field with defining polynomial x-40
a vector of length 185 over Number field with defining polynomial a number field of degree 52
a vector of length 185 over Number field with defining polynomial a number field of degree 24
a vector of length 185 over Number field with defining polynomial a number field of degree 61
a vector of length 185 over Number field with defining polynomial a number field of degree 47
For conductor 2, eigenvectors are:
a vector of length 62 over Number field with defining polynomial a number field of degree 52
a vector of length 62 over Number field with defining polynomial a number field of degree 10
For conductor 409, eigenvectors are:
0 a+10 a+10 0 3 -3 0 -a-10 0 0 -3 3 0 -3 0 -a-7 0 -3 a+10 over Number field with defining polynomial x^2+14*x+31
a vector of length 19 over Number field with defining polynomial a number field of degree 17
For conductor 818, eigenvectors are:
0 0 0 0 0 -18 0 0 0 0 0 0 0 0 0 0 12 -12 0 0 0 -4*a-16 -12 0 0 0 6 0 0 0 2*a+8 0 -6 0 0 0 0 2*a+14 -2*a-8 0 2*a+8 0 0 0 0 6 0 0 6 0 0 2*a+8 2*a+14 0 2*a+8 0 -3 3 0 a+4 -a-4 0 3 0 0 a+4 -a-4 0 -a-4 0 a+7 0 -a-4 -3 over Number field with defining polynomial x^2+14*x+31
a vector of length 74 over Number field with defining polynomial a number field of degree 52
a vector of length 74 over Number field with defining polynomial a number field of degree 20
For conductor 1:
traces of hecke eigenvalues of T_{p^1} are:
40 156 400 1464 2380 5220 7240 12720 25260 30784 52060 70644 81400 106080 151740 208920 230764 305320 363024 394420 499360 578760 712980 922180 
computing eigenvalues for k = 1, took 11.678952 sec
traces of hecke eigenvalues of T_{p^2} are:
120 780 2800 
computing eigenvalues for k = 2, took 0.339410 sec
traces of hecke eigenvalues of T_{p^1} are:
-50 -50 -14 -360 436 240 1368 -116 236 2066 2130 1968 508 -2352 -3496 -114 5862 -4254 -6422 5688 -1722 -9184 1328 14034 
computing eigenvalues for k = 1, took 12.439491 sec
traces of hecke eigenvalues of T_{p^2} are:
-126 -156 -270 
computing eigenvalues for k = 2, took 0.435996 sec
traces of hecke eigenvalues of T_{p^1} are:
281 735 1246 3201 4185 7315 9002 12951 20992 23467 32808 41631 44373 53261 68684 84952 90143 106535 122422 127868 149961 166798 194765 225699 
computing eigenvalues for k = 1, took 11.737614 sec
traces of hecke eigenvalues of T_{p^2} are:
164 666 368 
computing eigenvalues for k = 2, took 0.341114 sec
traces of hecke eigenvalues of T_{p^1} are:
44 225 -213 301 115 1456 -1696 1464 1012 -2238 -887 4264 -1963 5318 9087 2302 53 -2016 4619 1480 -9705 10948 15452 -3066 
computing eigenvalues for k = 1, took 12.723283 sec
traces of hecke eigenvalues of T_{p^2} are:
-58 -213 -336 
computing eigenvalues for k = 2, took 0.469100 sec
traces of hecke eigenvalues of T_{p^1} are:
550 1350 2550 5818 8472 14108 17470 25040 40054 45550 65516 79688 87512 103354 132256 161588 176072 211926 232022 252768 291584 323908 369956 444778 
computing eigenvalues for k = 1, took 12.220784 sec
traces of hecke eigenvalues of T_{p^2} are:
320 768 1600 
computing eigenvalues for k = 2, took 0.405625 sec
For conductor 2:
traces of hecke eigenvalues of T_{p^1} are:
-50 -50 -14 -360 436 240 1368 -116 236 2066 2130 1968 508 -2352 -3496 -114 5862 -4254 -6422 5688 -1722 -9184 1328 14034 
computing eigenvalues for k = 1, took 411.889996 sec
traces of hecke eigenvalues of T_{p^2} are:
-126 -156 -270 
computing eigenvalues for k = 2, took 0.718683 sec
traces of hecke eigenvalues of T_{p^1} are:
-92 -141 -143 -110 -164 -101 11 -487 -245 156 44 -89 105 -2619 -731 -2801 -680 -2366 1118 1570 2370 -4566 -708 533 
computing eigenvalues for k = 1, took 415.790567 sec
traces of hecke eigenvalues of T_{p^2} are:
90 125 168 
computing eigenvalues for k = 2, took 0.651797 sec
For conductor 409:
traces of hecke eigenvalues of T_{p^1} are:
-14 -14 -20 14 -48 -12 -88 214 -222 -238 -158 -218 -208 142 518 428 352 380 -340 -526 -172 -142 -1658 632 
computing eigenvalues for k = 1, took 728.757949 sec
traces of hecke eigenvalues of T_{p^2} are:
14 6 20 
computing eigenvalues for k = 2, took 0.674177 sec
traces of hecke eigenvalues of T_{p^1} are:
-77 -171 -128 -163 -286 -669 197 -558 -485 745 -182 -1457 785 -1951 -3146 -1306 -403 -157 1174 -3497 1992 -863 -2060 -3633 
computing eigenvalues for k = 1, took 717.718976 sec
traces of hecke eigenvalues of T_{p^2} are:
38 60 -96 
computing eigenvalues for k = 2, took 0.665605 sec
For conductor 818:
traces of hecke eigenvalues of T_{p^1} are:
-14 -14 -20 14 -48 -12 -88 214 -222 -238 -158 -218 -208 142 518 428 352 380 -340 -526 -172 -142 -1658 632 
computing eigenvalues for k = 1, took 210.452524 sec
traces of hecke eigenvalues of T_{p^2} are:
14 6 20 
computing eigenvalues for k = 2, took 0.680887 sec
traces of hecke eigenvalues of T_{p^1} are:
12 -23 -125 74 -436 24 -251 1132 -98 439 -893 253 1488 5451 3556 7548 -3077 209 9164 -2005 909 10579 64 -10696 
computing eigenvalues for k = 1, took 155.265020 sec
traces of hecke eigenvalues of T_{p^2} are:
-102 -150 -224 
computing eigenvalues for k = 2, took 0.735060 sec
traces of hecke eigenvalues of T_{p^1} are:
227 555 1046 2519 3441 5879 7320 10705 16684 19425 26948 33627 36269 44385 55320 69712 74319 87627 101122 105754 124587 136768 156581 186275 
computing eigenvalues for k = 1, took 158.758697 sec
traces of hecke eigenvalues of T_{p^2} are:
108 210 368 
computing eigenvalues for k = 2, took 0.692520 sec
