constructing eigenvector for poly
x-15
constructing eigenvector for poly
x^10+15*x^9+77*x^8+129*x^7-161*x^6-764*x^5-678*x^4+146*x^3+480*x^2+224*x+32
constructing eigenvector for poly
x^21-121*x^20+6854*x^19-241521*x^18+5934214*x^17-107999120*x^16+1509656357*x^15-16586705250*x^14+145388734193*x^13-1026130983089*x^12+5860493432600*x^11-27123336919069*x^10+101541189263100*x^9-305935952170878*x^8+735431125758685*x^7-1392229682312832*x^6+2036803970606012*x^5-2240804940175128*x^4+1779642063820208*x^3-955526646616000*x^2+307565844129856*x-44316935584128
constructing eigenvector for poly
x^23-128*x^22+7707*x^21-290220*x^20+7665415*x^19-150957334*x^18+2300244915*x^17-27778814587*x^16+270147934100*x^15-2137963534932*x^14+13858780579597*x^13-73822861632602*x^12+323290529035163*x^11-1161367784405142*x^10+3405396357585681*x^9-8085455973810471*x^8+15364148114796433*x^7-22986859662177000*x^6+26470936255570924*x^5-22727934266288272*x^4+13894522708189664*x^3-5633729182334048*x^2+1338311507580032*x-139088850371072
constructing eigenvector for poly
x^44+29*x^43+117*x^42-4035*x^41-37745*x^40+209032*x^39+3401452*x^38-3323980*x^37-167783353*x^36-146938884*x^35+5330188323*x^34+9934366184*x^33-117334548533*x^32-287342946103*x^31+1862868971096*x^30+5208090837617*x^29-21834035519273*x^28-64959758590003*x^27+191348453344046*x^26+578673307943952*x^25-1259686582221742*x^24-3739317923120337*x^23+6212012466188251*x^22+17589025491871160*x^21-22710161225222710*x^20-59898388803056153*x^19+60396939587771672*x^18+145660602928023254*x^17-113481360220374185*x^16-247285472874537965*x^15+144381911903404940*x^14+283625335531125502*x^13-117239556162657662*x^12-210187313341393653*x^11+56254699287528835*x^10+94946989213356628*x^9-14534407980967386*x^8-24306025662045073*x^7+1769966357777144*x^6+3135311726305124*x^5-91553034930240*x^4-154960086065984*x^3+5858211902240*x^2+1134637631872*x-26845088256
constructing eigenvector for poly
x^7+33*x^6+450*x^5+3288*x^4+13911*x^3+34120*x^2+44992*x+24649
constructing eigenvector for poly
x^10+15*x^9+77*x^8+129*x^7-161*x^6-764*x^5-678*x^4+146*x^3+480*x^2+224*x+32
constructing eigenvector for poly
x^5+13*x^4+61*x^3+127*x^2+118*x+39
constructing eigenvector for poly
x^28-2*x^27-118*x^26+318*x^25+5512*x^24-18409*x^23-128990*x^22+522383*x^21+1584685*x^20-8098240*x^19-9577574*x^18+72576959*x^17+16035936*x^16-389972296*x^15+125728909*x^14+1284044295*x^13-849725171*x^12-2581237096*x^11+2339574093*x^10+3026296540*x^9-3439295527*x^8-1794506407*x^7+2708387861*x^6+265246979*x^5-1013587380*x^4+162653006*x^3+126211280*x^2-45335784*x+4113837
constructing eigenvector for poly
x^19-107*x^18+5324*x^17-163577*x^16+3475448*x^15-54190070*x^14+642221693*x^13-5911663934*x^12+42825499385*x^11-245888562287*x^10+1121475059134*x^9-4054528542813*x^8+11544208839966*x^7-25589480524344*x^6+43378104629145*x^5-54742659870204*x^4+49362914738048*x^3-29755686433288*x^2+10609596489680*x-1664037565536
computing eigenvectors took 0.822405 sec
For conductor 1, eigenvectors are:
-1 -1 -1 -1 -1 -1 -1 -1 -1 -1 -1 -1 -1 -1 -1 -1 -1 -1 -1 -1 -1 -1 -1 -1 -1 -1 -1 -1 -1 -1 -1 -1 -1 -1 -1 -1 -1 -1 -1 -1 -1 -1 -1 -1 -1 -1 -1 -1 -1 -1 -1 -1 -1 -1 -1 -1 -1 -1 -1 -1 -1 -1 -1 -1 -1 -1 -1 -1 -1 -1 -1 -1 -1 -1 -1 -1 -1 -1 -1 -1 -1 -1 -1 -1 -1 -1 -1 -1 -1 -1 -1 -1 -1 -1 -1 -1 -1 -1 -1 over Number field with defining polynomial x-15
a vector of length 99 over Number field with defining polynomial a number field of degree 10
a vector of length 99 over Number field with defining polynomial a number field of degree 21
a vector of length 99 over Number field with defining polynomial a number field of degree 23
a vector of length 99 over Number field with defining polynomial a number field of degree 44
For conductor 3, eigenvectors are:
-2*a^6 - 62*a^5 - 762*a^4 - 4770*a^3 - 16086*a^2 - 27806*a - 19316 4*a^4 + 50*a^3 + 194*a^2 + 218*a - 74 -2*a^6 - 60*a^5 - 728*a^4 - 4560*a^3 - 15516*a^2 - 27156*a - 19082 2*a^6 + 60*a^5 + 728*a^4 + 4560*a^3 + 15516*a^2 + 27156*a + 19082 -2*a^6 - 60*a^5 - 728*a^4 - 4560*a^3 - 15516*a^2 - 27156*a - 19082 2*a^6 + 56*a^5 + 634*a^4 + 3720*a^3 + 11950*a^2 + 19946*a + 13512 -2*a^6 - 56*a^5 - 620*a^4 - 3466*a^3 - 10288*a^2 - 15332*a - 8928 2*a^6 + 62*a^5 + 762*a^4 + 4770*a^3 + 16086*a^2 + 27806*a + 19316 -4*a^6 - 112*a^5 - 1268*a^4 - 7414*a^3 - 23576*a^2 - 38648*a - 25526 2*a^5 + 40*a^4 + 324*a^3 + 1328*a^2 + 2706*a + 2144 4*a^5 + 80*a^4 + 612*a^3 + 2228*a^2 + 3840*a + 2484 -6*a^5 - 134*a^4 - 1164*a^3 - 4894*a^2 - 9916*a - 7714 -4*a^5 - 86*a^4 - 712*a^3 - 2829*a^2 - 5392*a - 3937 -3*a^5 - 66*a^4 - 550*a^3 - 2165*a^2 - 4039*a - 2865 a^6 + 26*a^5 + 273*a^4 + 1484*a^3 + 4409*a^2 + 6774*a + 4177 3*a^5 + 64*a^4 + 525*a^3 + 2068*a^2 + 3930*a + 2902 -3*a^5 - 73*a^4 - 677*a^3 - 2996*a^2 - 6346*a - 5157 over Number field with defining polynomial x^7+33*x^6+450*x^5+3288*x^4+13911*x^3+34120*x^2+44992*x+24649
a vector of length 17 over Number field with defining polynomial a number field of degree 10
For conductor 193, eigenvectors are:
-a^3 - 8*a^2 - 17*a - 11 a+2 -a^3 - 8*a^2 - 18*a - 12 a^4 + 11*a^3 + 41*a^2 + 61*a + 31 -a^2 - 6*a - 7 over Number field with defining polynomial x^5+13*x^4+61*x^3+127*x^2+118*x+39
For conductor 579, eigenvectors are:
a vector of length 47 over Number field with defining polynomial a number field of degree 28
a vector of length 47 over Number field with defining polynomial a number field of degree 19
For conductor 1:
traces of hecke eigenvalues of T_{p^1} are:
15 156 400 1464 2380 5220 7240 12720 25260 30784 52060 70644 81400 106080 151740 208920 230764 305320 363024 394420 499360 578760 712980 922180 
computing eigenvalues for k = 1, took 17.990113 sec
traces of hecke eigenvalues of T_{p^2} are:
30 780 2800 
computing eigenvalues for k = 2, took 0.259675 sec
traces of hecke eigenvalues of T_{p^1} are:
-15 -38 56 -78 200 120 122 -20 -112 30 864 42 -134 -162 826 -454 -402 1330 -1806 4304 1768 -1078 -2556 2512 
computing eigenvalues for k = 1, took 18.163172 sec
traces of hecke eigenvalues of T_{p^2} are:
-11 26 -68 
computing eigenvalues for k = 2, took 0.269080 sec
traces of hecke eigenvalues of T_{p^1} are:
121 582 1230 2670 3780 6332 7952 11556 17460 21166 29156 35868 39770 46734 57896 71430 79036 95454 103768 113700 131774 143716 162596 199532 
computing eigenvalues for k = 1, took 18.125066 sec
traces of hecke eigenvalues of T_{p^2} are:
48 216 1440 
computing eigenvalues for k = 2, took 0.266264 sec
traces of hecke eigenvalues of T_{p^1} are:
128 630 1206 2856 4058 6694 8546 11770 19756 22046 31674 38486 42584 48938 64920 81060 86072 105248 115110 125118 145002 156604 181172 218710 
computing eigenvalues for k = 1, took 18.150552 sec
traces of hecke eigenvalues of T_{p^2} are:
39 192 448 
computing eigenvalues for k = 2, took 0.266214 sec
traces of hecke eigenvalues of T_{p^1} are:
-29 -101 149 -32 223 -689 1666 -273 -983 2114 725 725 5017 376 -2140 4396 4531 2967 283 -434 616 -2393 -4496 -2389 
computing eigenvalues for k = 1, took 18.335985 sec
traces of hecke eigenvalues of T_{p^2} are:
-24 -188 -147 
computing eigenvalues for k = 2, took 0.291123 sec
For conductor 3:
traces of hecke eigenvalues of T_{p^1} are:
-33 -86 -76 -261 72 -212 -254 196 -617 -681 -253 -294 -64 153 -329 -1865 379 -1379 -43 1261 -1368 742 548 1695 
computing eigenvalues for k = 1, took 410.813945 sec
traces of hecke eigenvalues of T_{p^2} are:
25 38 -39 
computing eigenvalues for k = 2, took 0.640783 sec
traces of hecke eigenvalues of T_{p^1} are:
-15 -38 56 -78 200 120 122 -20 -112 30 864 42 -134 -162 826 -454 -402 1330 -1806 4304 1768 -1078 -2556 2512 
computing eigenvalues for k = 1, took 411.992710 sec
traces of hecke eigenvalues of T_{p^2} are:
-11 26 -68 
computing eigenvalues for k = 2, took 0.623663 sec
For conductor 193:
traces of hecke eigenvalues of T_{p^1} are:
-13 -19 -80 -45 -113 212 -294 130 -241 -615 -302 -26 -323 -468 1008 134 -1381 -1018 -266 575 -1167 -1395 -190 2522 
computing eigenvalues for k = 1, took 716.308596 sec
traces of hecke eigenvalues of T_{p^2} are:
7 -40 57 
computing eigenvalues for k = 2, took 0.643004 sec
For conductor 579:
traces of hecke eigenvalues of T_{p^1} are:
2 42 -145 294 -444 465 92 1215 939 274 -1616 2133 -138 2305 -769 4695 -1799 -2072 2868 -5396 -1569 4758 832 -6780 
computing eigenvalues for k = 1, took 148.907393 sec
traces of hecke eigenvalues of T_{p^2} are:
-19 -70 -131 
computing eigenvalues for k = 2, took 0.707523 sec
traces of hecke eigenvalues of T_{p^1} are:
107 536 950 2412 3290 5644 6914 10376 15878 17750 25194 32456 34982 41966 53366 66434 70274 85158 97068 100864 117862 132836 151216 175376 
computing eigenvalues for k = 1, took 157.240407 sec
traces of hecke eigenvalues of T_{p^2} are:
36 252 0 
computing eigenvalues for k = 2, took 0.628080 sec
