constructing eigenvector for poly
x-15
constructing eigenvector for poly
x^51-300*x^50+43835*x^49-4157289*x^48+287742986*x^47-15494846968*x^46+675819359677*x^45-24541587194634*x^44+756972970237700*x^43-20133228949019345*x^42+467190802932154238*x^41-9547100931726157983*x^40+173108512766784751744*x^39-2802302497788738892348*x^38+40707596233445924197826*x^37-532892892161384124734557*x^36+6308733671154946609234567*x^35-67742362141149531955838104*x^34+661386489502275894074729525*x^33-5883024424546995912538856994*x^32+47753514997615697331306552707*x^31-354186262330068592841481588493*x^30+2402752965378258722346795601835*x^29-14919163385187995998309577096056*x^28+84826190144723022862871632620926*x^27-441721541840280043604482805592041*x^26+2106577881901794919172872388760108*x^25-9197922891932334750621746554495015*x^24+36749705657635733981244166284392958*x^23-134255457470624628556750817701536910*x^22+447997778229259450792526494800149436*x^21-1363707643496934755988998828398592845*x^20+3780763527071403428039474423500402310*x^19-9528546809562829714562437589343650194*x^18+21781584705271220604765883176570339542*x^17-45042979015281111794284897549793861919*x^16+84005533528137373597462830286703440837*x^15-140792424644045429642770341195090188065*x^14+211168401821745314252961934649055753386*x^13-282054876815308253456057354324623884324*x^12+333573291775484543730017044260465737504*x^11-346919568139919156956143490380100739328*x^10+314683582342002653235818877578146436224*x^9-246475367079845251396548053200910228032*x^8+164635213534468561850870112261051237248*x^7-92310787246600365884937565720314240512*x^6+42555655784490460394182685305011361280*x^5-15679453629010378219967335529770205184*x^4+4431498156326360824695840070619316224*x^3-900471742451183886328082219076169728*x^2+116894672965397573795404567973486592*x-7268040371676590262166904603688960
constructing eigenvector for poly
x^48+2*x^47-226*x^46-246*x^45+23088*x^44+5855*x^43-1400216*x^42+679457*x^41+55868286*x^40-63174732*x^39-1541641738*x^38+2625188384*x^37+30199874729*x^36-67492561010*x^35-425045878219*x^34+1179743929934*x^33+4299083836910*x^32-14632470133244*x^31-30795989081170*x^30+131723252106171*x^29+149460767501419*x^28-871323009015433*x^27-424500994143404*x^26+4260425326585726*x^25+149788574955891*x^24-15412773673207447*x^23+4527105773902423*x^22+41077405799330065*x^21-22379773722780259*x^20-79775125340284099*x^19+59906077953766181*x^18+110540685403292349*x^17-104239561702194644*x^16-105037770101731021*x^15+122513533957498477*x^14+62898968360931192*x^13-96744479448687136*x^12-18176376809631740*x^11+49510830976255849*x^10-2178544884114160*x^9-15162755638714088*x^8+3418917950228528*x^7+2303544772656028*x^6-947904305187800*x^5-68989296172648*x^4+85225862562736*x^3-13134696668720*x^2+401710256960*x+9995356960
constructing eigenvector for poly
x^3+11*x^2+36*x+35
constructing eigenvector for poly
x^3+14*x^2+63*x+91
computing eigenvectors took 1.132604 sec
For conductor 1, eigenvectors are:
-1 -1 -1 -1 -1 -1 -1 -1 -1 -1 -1 -1 -1 -1 -1 -1 -1 -1 -1 -1 -1 -1 -1 -1 -1 -1 -1 -1 -1 -1 -1 -1 -1 -1 -1 -1 -1 -1 -1 -1 -1 -1 -1 -1 -1 -1 -1 -1 -1 -1 -1 -1 -1 -1 -1 -1 -1 -1 -1 -1 -1 -1 -1 -1 -1 -1 -1 -1 -1 -1 -1 -1 -1 -1 -1 -1 -1 -1 -1 -1 -1 -1 -1 -1 -1 -1 -1 -1 -1 -1 -1 -1 -1 -1 -1 -1 -1 -1 -1 -1 over Number field with defining polynomial x-15
a vector of length 100 over Number field with defining polynomial a number field of degree 51
a vector of length 100 over Number field with defining polynomial a number field of degree 48
For conductor 449, eigenvectors are:
a+3 -a^2 - 7*a - 12 a+3 -2*a-7 -a^2 - 6*a - 9 -a-3 over Number field with defining polynomial x^3+11*x^2+36*x+35
-a^2 - 9*a - 18 -a^2 - 9*a - 19 a+3 0 a^2 + 9*a + 19 a+4 over Number field with defining polynomial x^3+14*x^2+63*x+91
For conductor 1:
traces of hecke eigenvalues of T_{p^1} are:
15 40 156 400 1464 2380 5220 7240 12720 25260 30784 52060 70644 81400 106080 151740 208920 230764 305320 363024 394420 499360 578760 712980 922180 
computing eigenvalues for k = 1, took 16.961512 sec
traces of hecke eigenvalues of T_{p^2} are:
30 120 780 2800 
computing eigenvalues for k = 2, took 0.275989 sec
traces of hecke eigenvalues of T_{p^1} are:
300 594 1486 2666 6560 9042 15406 18438 27696 43908 48132 70898 86608 94544 113014 145524 178340 188648 230258 256818 272030 314630 353124 405702 478734 
computing eigenvalues for k = 1, took 17.533048 sec
traces of hecke eigenvalues of T_{p^2} are:
135 336 960 928 
computing eigenvalues for k = 2, took 0.346164 sec
traces of hecke eigenvalues of T_{p^1} are:
-2 -51 61 -221 256 -302 1039 -94 821 3197 -432 1348 3795 -3429 8 4576 3123 -2922 -2308 1368 -2258 -3552 -4147 10610 -2093 
computing eigenvalues for k = 1, took 16.043999 sec
traces of hecke eigenvalues of T_{p^2} are:
-32 -111 -62 -269 
computing eigenvalues for k = 2, took 0.358062 sec
For conductor 449:
traces of hecke eigenvalues of T_{p^1} are:
-11 -23 -23 -2 -34 30 -115 -52 66 -356 -301 121 -129 444 47 -833 414 -181 711 38 1299 -1957 -478 -487 536 
computing eigenvalues for k = 1, took 718.583463 sec
traces of hecke eigenvalues of T_{p^2} are:
5 27 12 102 
computing eigenvalues for k = 2, took 0.703297 sec
traces of hecke eigenvalues of T_{p^1} are:
-14 -10 -52 -1 -58 -24 -22 66 -193 -159 -73 291 -900 -301 -467 827 -319 -263 321 -298 165 1265 1649 -687 1303 
computing eigenvalues for k = 1, took 722.843058 sec
traces of hecke eigenvalues of T_{p^2} are:
12 -6 70 -151 
computing eigenvalues for k = 2, took 0.674357 sec
