constructing eigenvector for poly
x-2
constructing eigenvector for poly
x-15
constructing eigenvector for poly
x^7+30*x^6+344*x^5+1864*x^4+4688*x^3+4160*x^2-512*x-1024
constructing eigenvector for poly
x^10-58*x^9+1464*x^8-21105*x^7+191647*x^6-1139980*x^5+4474186*x^4-11373817*x^3+17817054*x^2-15450064*x+5619840
constructing eigenvector for poly
x^26-146*x^25+10092*x^24-439367*x^23+13520491*x^22-312858847*x^21+5654191306*x^20-81832209988*x^19+964858612599*x^18-9379389138372*x^17+75791555702000*x^16-511832561503655*x^15+2897437922474781*x^14-13763396787221287*x^13+54815517498104370*x^12-182556483824422166*x^11+506090389789949328*x^10-1160107849014052964*x^9+2178878945985208104*x^8-3312268967532640248*x^7+4009898864353052528*x^6-3782847069407648128*x^5+2699028416079581824*x^4-1395170508306370688*x^3+488668603728432384*x^2-102869006229394944*x+9747049596546048
constructing eigenvector for poly
x^31+7*x^30-119*x^29-799*x^28+6150*x^27+38717*x^26-179498*x^25-1046691*x^24+3225429*x^23+17484851*x^22-36712127*x^21-188998935*x^20+264829576*x^19+1345864797*x^18-1188139142*x^17-6323928463*x^16+3176416918*x^15+19487129194*x^14-4504737590*x^13-38963881176*x^12+1649437761*x^11+49646735447*x^10+4400431257*x^9-38924476991*x^8-6981104781*x^7+17482415268*x^6+4140666607*x^5-3832081320*x^4-956365118*x^3+259735147*x^2+30009900*x-3229733
constructing eigenvector for poly
x+3
constructing eigenvector for poly
x+5
constructing eigenvector for poly
x^2+5*x+3
constructing eigenvector for poly
x^2+10*x+20
constructing eigenvector for poly
x^2+7*x+11
constructing eigenvector for poly
x^6+21*x^5+163*x^4+592*x^3+1047*x^2+839*x+225
constructing eigenvector for poly
x+2
constructing eigenvector for poly
x^20-112*x^19+5856*x^18-189887*x^17+4278487*x^16-71130029*x^15+904306946*x^14-8991602126*x^13+70918174711*x^12-447393106434*x^11+2266130288532*x^10-9215349007443*x^9+29972522185169*x^8-77365745168833*x^7+156520693427818*x^6-243609365895152*x^5+283753790574624*x^4-237210997103888*x^3+132989783328736*x^2-44145357263680*x+6422277316480
constructing eigenvector for poly
x^37+30*x^36+200*x^35-2360*x^34-33347*x^33+15555*x^32+1841565*x^31+4202739*x^30-54001836*x^29-206084716*x^28+966093452*x^27+4956607048*x^26-11143501897*x^25-74084118091*x^24+83440365489*x^23+742417969627*x^22-379753094003*x^21-5139778637526*x^20+688250718452*x^19+24767444730534*x^18+3162635901881*x^17-82397369285002*x^16-27825212331668*x^15+184547223345724*x^14+98470494940290*x^13-263352683797011*x^12-196542788472127*x^11+210465960992237*x^10+220106971330390*x^9-59324158263533*x^8-118384079946467*x^7-19091722403061*x^6+17445577266161*x^5+5369296229254*x^4-550928323208*x^3-240821463928*x^2+649784800*x+50821760
computing eigenvectors took 0.992104 sec
For conductor 1, eigenvectors are:
530 10 140 -159 -146 -172 -16 127 23 36 62 62 101 -42 -29 23 10 -55 62 -94 -29 10 -16 10 -107 -16 23 -55 -3 10 88 -16 36 62 75 -55 23 23 23 -29 36 -42 -3 10 -3 36 -42 23 -29 36 23 -42 -3 -16 -3 -81 10 -16 62 -16 10 -16 10 -3 -42 10 -29 36 -3 -3 62 -16 10 -16 10 -3 over Number field with defining polynomial x-2
-1 -1 -1 -1 -1 -1 -1 -1 -1 -1 -1 -1 -1 -1 -1 -1 -1 -1 -1 -1 -1 -1 -1 -1 -1 -1 -1 -1 -1 -1 -1 -1 -1 -1 -1 -1 -1 -1 -1 -1 -1 -1 -1 -1 -1 -1 -1 -1 -1 -1 -1 -1 -1 -1 -1 -1 -1 -1 -1 -1 -1 -1 -1 -1 -1 -1 -1 -1 -1 -1 -1 -1 -1 -1 -1 -1 over Number field with defining polynomial x-15
0 12*a^6 + 312*a^5 + 3072*a^4 + 14112*a^3 + 27840*a^2 + 10752*a - 9216 12*a^6 + 216*a^5 + 960*a^4 - 1920*a^3 - 17664*a^2 - 14592*a + 9216 0 24*a^6 + 624*a^5 + 6192*a^4 + 28608*a^3 + 57408*a^2 + 25344*a - 24576 -24*a^6 - 624*a^5 - 6192*a^4 - 28608*a^3 - 57408*a^2 - 25344*a + 24576 6*a^6 + 216*a^5 + 2736*a^4 + 14928*a^3 + 32064*a^2 + 10368*a - 12288 -6*a^6 - 312*a^5 - 4800*a^4 - 30528*a^3 - 79296*a^2 - 49152*a + 38400 -6*a^6 - 96*a^5 - 264*a^4 + 2256*a^3 + 11904*a^2 + 9216*a - 9216 -6*a^6 - 108*a^5 - 480*a^4 + 960*a^3 + 8832*a^2 + 7296*a - 4608 36*a^6 + 1020*a^5 + 10872*a^4 + 53040*a^3 + 110304*a^2 + 50688*a - 46080 12*a^6 + 408*a^5 + 5064*a^4 + 28272*a^3 + 67392*a^2 + 39936*a - 29184 -6*a^6 - 156*a^5 - 1536*a^4 - 7056*a^3 - 13920*a^2 - 5376*a + 4608 -12*a^6 - 360*a^5 - 3952*a^4 - 19392*a^3 - 40256*a^2 - 20224*a + 17408 6*a^6 + 156*a^5 + 1632*a^4 + 8688*a^3 + 22464*a^2 + 16896*a - 13824 -6*a^6 - 120*a^5 - 864*a^4 - 2880*a^3 - 5664*a^2 - 7296*a + 3072 6*a^6 + 84*a^5 + 72*a^4 - 3408*a^3 - 15744*a^2 - 16896*a + 9216 -18*a^6 - 504*a^5 - 5424*a^4 - 27600*a^3 - 62400*a^2 - 34560*a + 30720 -30*a^6 - 756*a^5 - 7032*a^4 - 29232*a^3 - 49536*a^2 - 13824*a + 18432 12*a^6 + 396*a^5 + 4896*a^4 + 27552*a^3 + 66528*a^2 + 39168*a - 32256 6*a^6 + 132*a^5 + 1032*a^4 + 3552*a^3 + 4896*a^2 + 384*a - 1536 -108*a^5 - 2280*a^4 - 16320*a^3 - 43872*a^2 - 24576*a + 19968 -18*a^6 - 396*a^5 - 3072*a^4 - 9840*a^3 - 10848*a^2 - 384*a + 4608 6*a^6 + 120*a^5 + 720*a^4 + 720*a^3 - 4512*a^2 - 6912*a + 1536 24*a^6 + 580*a^5 + 5160*a^4 + 20432*a^3 + 32960*a^2 + 9856*a - 11776 -16*a^6 - 372*a^5 - 3176*a^4 - 12240*a^3 - 20384*a^2 - 8320*a + 10752 4*a^6 + 128*a^5 + 1424*a^4 + 6656*a^3 + 11648*a^2 + 2176*a - 3072 2*a^6 + 52*a^5 + 552*a^4 + 3040*a^3 + 8480*a^2 + 7936*a - 5632 -12*a^6 - 340*a^5 - 3624*a^4 - 17680*a^3 - 36768*a^2 - 16896*a + 15360 -10*a^6 - 228*a^5 - 1840*a^4 - 6080*a^3 - 6464*a^2 + 384*a + 512 20*a^6 + 544*a^5 + 5576*a^4 + 26208*a^3 + 52512*a^2 + 22528*a - 23552 -4*a^6 - 128*a^5 - 1528*a^4 - 8304*a^3 - 19200*a^2 - 9728*a + 10240 -8*a^6 - 224*a^5 - 2368*a^4 - 11504*a^3 - 23904*a^2 - 10752*a + 11264 -24*a^5 - 456*a^4 - 2848*a^3 - 5792*a^2 + 640*a + 2048 48*a^5 + 984*a^4 + 7040*a^3 + 20064*a^2 + 15488*a - 10240 12*a^6 + 256*a^5 + 1944*a^4 + 6464*a^3 + 9728*a^2 + 6784*a - 4096 -2*a^6 - 72*a^5 - 912*a^4 - 4976*a^3 - 10688*a^2 - 3456*a + 4096 12*a^6 + 276*a^5 + 2280*a^4 + 8096*a^3 + 10944*a^2 + 1664*a - 2560 6*a^6 + 100*a^5 + 384*a^4 - 1024*a^3 - 7168*a^2 - 5504*a + 3584 2*a^6 + 40*a^5 + 248*a^4 + 464*a^3 + 160*a^2 + 1408*a + 1536 2*a^6 + 84*a^5 + 1192*a^4 + 7232*a^3 + 17824*a^2 + 9856*a - 7168 -4*a^6 - 84*a^5 - 536*a^4 - 736*a^3 + 2176*a^2 + 1792*a - 2560 -4*a^6 - 104*a^5 - 1048*a^4 - 5120*a^3 - 11680*a^2 - 7680*a + 4608 3*a^6 + 102*a^5 + 1228*a^4 + 6392*a^3 + 13376*a^2 + 5504*a - 5120 -4*a^6 - 104*a^5 - 1048*a^4 - 5120*a^3 - 11680*a^2 - 7680*a + 4608 10*a^6 + 224*a^5 + 1848*a^4 + 6880*a^3 + 10560*a^2 + 2176*a - 2560 -8*a^6 - 248*a^5 - 2840*a^4 - 14656*a^3 - 32224*a^2 - 17280*a + 14848 -2*a^6 - 48*a^5 - 472*a^4 - 2464*a^3 - 6464*a^2 - 4992*a + 3072 -8*a^5 - 168*a^4 - 1168*a^3 - 3008*a^2 - 1664*a + 1024 3*a^6 + 90*a^5 + 1052*a^4 + 5768*a^3 + 13600*a^2 + 7168*a - 5120 -a^6 - 2*a^5 + 228*a^4 + 2168*a^3 + 6656*a^2 + 5120*a - 4096 8*a^6 + 244*a^5 + 2768*a^4 + 14224*a^3 + 31200*a^2 + 16640*a - 13312 -12*a^6 - 340*a^5 - 3624*a^4 - 17680*a^3 - 36768*a^2 - 16896*a + 15360 -4*a^6 - 102*a^5 - 976*a^4 - 4264*a^3 - 7872*a^2 - 2816*a + 4096 14*a^6 + 356*a^5 + 3384*a^4 + 14640*a^3 + 26528*a^2 + 8576*a - 11776 4*a^6 + 96*a^5 + 872*a^4 + 3744*a^3 + 7552*a^2 + 4864*a - 4096 -8*a^4 - 144*a^3 - 992*a^2 - 2304*a + 1024 -2*a^6 - 44*a^5 - 416*a^4 - 2112*a^3 - 4736*a^2 - 1024*a + 512 4*a^6 + 92*a^5 + 848*a^4 + 4192*a^3 + 10944*a^2 + 8960*a - 6656 2*a^6 + 52*a^5 + 512*a^4 + 2352*a^3 + 4640*a^2 + 1792*a - 1536 32*a^5 + 632*a^4 + 4080*a^3 + 9088*a^2 + 1664*a - 4096 2*a^6 + 92*a^5 + 1352*a^4 + 8368*a^3 + 21280*a^2 + 12928*a - 10752 -7*a^6 - 224*a^5 - 2636*a^4 - 13904*a^3 - 30848*a^2 - 15488*a + 14848 6*a^6 + 148*a^5 + 1304*a^4 + 4848*a^3 + 6496*a^2 + 640*a - 512 6*a^6 + 180*a^5 + 2032*a^4 + 10528*a^3 + 23392*a^2 + 11776*a - 10240 -2*a^6 - 36*a^5 - 168*a^4 + 192*a^3 + 2528*a^2 + 2944*a - 2048 -22*a^6 - 520*a^5 - 4536*a^4 - 17744*a^3 - 28576*a^2 - 8064*a + 10752 12*a^5 + 208*a^4 + 1056*a^3 + 1184*a^2 - 1536*a + 512 30*a^5 + 600*a^4 + 4072*a^3 + 10496*a^2 + 6016*a - 5632 -28*a^5 - 592*a^4 - 4272*a^3 - 11616*a^2 - 6528*a + 5632 8*a^5 + 184*a^4 + 1456*a^3 + 4992*a^2 + 6272*a - 3072 8*a^5 + 152*a^4 + 896*a^3 + 1600*a^2 - 128*a - 512 -8*a^4 - 144*a^3 - 992*a^2 - 2304*a + 1024 -24*a^5 - 488*a^4 - 3408*a^3 - 9184*a^2 - 5760*a + 4608 -a^6 - 30*a^5 - 308*a^4 - 1272*a^3 - 1696*a^2 + 256*a -2*a^5 - 40*a^4 - 232*a^3 - 288*a^2 + 384*a - 512 over Number field with defining polynomial x^7+30*x^6+344*x^5+1864*x^4+4688*x^3+4160*x^2-512*x-1024
a vector of length 76 over Number field with defining polynomial a number field of degree 10
a vector of length 76 over Number field with defining polynomial a number field of degree 26
a vector of length 76 over Number field with defining polynomial a number field of degree 31
For conductor 5, eigenvectors are:
1 1 0 -1 over Number field with defining polynomial x+3
0 -1 1 -1 over Number field with defining polynomial x+5
-a-5 a+4 a+3 -1 over Number field with defining polynomial x^2+5*x+3
For conductor 107, eigenvectors are:
a+6 -a-6 a+6 -2 -a-8 2 0 0 a+6 2 over Number field with defining polynomial x^2+10*x+20
-a-4 -a-4 -1 -a-3 -1 -a-4 -1 0 0 0 over Number field with defining polynomial x^2+7*x+11
4*a^5 + 76*a^4 + 536*a^3 + 1740*a^2 + 2596*a + 1432 -2*a^5 - 40*a^4 - 298*a^3 - 1010*a^2 - 1508*a - 790 -4*a^5 - 80*a^4 - 572*a^3 - 1820*a^2 - 2584*a - 1324 -2*a^5 - 32*a^4 - 186*a^3 - 482*a^2 - 564*a - 254 2*a^5 + 40*a^4 + 282*a^3 + 858*a^2 + 1092*a + 462 -4*a^4 - 52*a^3 - 248*a^2 - 524*a - 388 4*a^4 + 52*a^3 + 240*a^2 + 464*a + 304 6*a^4 + 78*a^3 + 352*a^2 + 650*a + 434 2*a^4 + 10*a^3 - 36*a^2 - 214*a - 218 6*a^4 + 74*a^3 + 312*a^2 + 526*a + 298 over Number field with defining polynomial x^6+21*x^5+163*x^4+592*x^3+1047*x^2+839*x+225
For conductor 535, eigenvectors are:
-12 6 -12 -12 6 6 -12 0 9 3 9 3 -3 -3 3 4 4 3 -1 -4 -5 1 -2 -6 -1 -3 1 1 1 -3 2 -4 2 0 1 -1 3 1 0 2 0 3 -5 2 0 1 2 6 -4 6 -2 -2 -5 3 1 -1 1 -1 over Number field with defining polynomial x+2
a vector of length 58 over Number field with defining polynomial a number field of degree 20
a vector of length 58 over Number field with defining polynomial a number field of degree 37
For conductor 1:
traces of hecke eigenvalues of T_{p^1} are:
2 14 62 164 144 332 480 474 820 884 1672 1744 2334 1742 2864 4040 3264 4682 5524 4524 6920 7254 7860 9892 
computing eigenvalues for k = 1, took 130.346746 sec
traces of hecke eigenvalues of T_{p^2} are:
-9 16 96 
computing eigenvalues for k = 2, took 0.163164 sec
traces of hecke eigenvalues of T_{p^1} are:
15 40 400 1464 2380 5220 7240 12720 25260 30784 52060 70644 81400 106080 151740 208920 230764 305320 363024 394420 499360 578760 712980 922180 
computing eigenvalues for k = 1, took 131.479624 sec
traces of hecke eigenvalues of T_{p^2} are:
30 120 2800 
computing eigenvalues for k = 2, took 0.156991 sec
traces of hecke eigenvalues of T_{p^1} are:
-30 23 70 202 -32 165 624 -546 -437 -632 2787 154 3567 -4021 438 2379 -2101 -726 1535 -3956 2541 2970 -3008 2314 
computing eigenvalues for k = 1, took 19.027712 sec
traces of hecke eigenvalues of T_{p^2} are:
25 62 360 
computing eigenvalues for k = 2, took 0.861917 sec
traces of hecke eigenvalues of T_{p^1} are:
58 103 516 1261 1561 2898 3721 5284 8892 9672 13017 17200 18053 23063 27545 36301 36573 45109 51106 51570 62068 69754 79310 93618 
computing eigenvalues for k = 1, took 130.513719 sec
traces of hecke eigenvalues of T_{p^2} are:
24 12 128 
computing eigenvalues for k = 2, took 0.162466 sec
traces of hecke eigenvalues of T_{p^1} are:
146 308 1424 3360 4722 7582 9812 14011 21981 25990 35656 44335 48185 57432 73078 89619 100004 116809 131224 138912 163535 177797 203027 242366 
computing eigenvalues for k = 1, took 131.725059 sec
traces of hecke eigenvalues of T_{p^2} are:
48 192 992 
computing eigenvalues for k = 2, took 0.164418 sec
traces of hecke eigenvalues of T_{p^1} are:
-7 3 155 -299 373 -95 155 724 -1040 1613 45 -729 1936 4403 7 -2302 149 3668 -4645 2589 758 -518 -3670 256 
computing eigenvalues for k = 1, took 18.880012 sec
traces of hecke eigenvalues of T_{p^2} are:
-44 -73 -288 
computing eigenvalues for k = 2, took 0.875924 sec
For conductor 5:
traces of hecke eigenvalues of T_{p^1} are:
-3 -6 -20 -38 34 -12 -34 153 -238 -322 394 91 -233 -249 68 1161 -454 -423 -76 754 -137 -432 75 -970 
computing eigenvalues for k = 1, took 690.219324 sec
traces of hecke eigenvalues of T_{p^2} are:
2 -4 12 
computing eigenvalues for k = 2, took 0.510479 sec
traces of hecke eigenvalues of T_{p^1} are:
-5 -3 -22 -27 9 128 -47 -7 -144 20 -191 -99 -344 -88 921 -750 391 -650 490 -542 -83 784 275 -724 
computing eigenvalues for k = 1, took 691.561236 sec
traces of hecke eigenvalues of T_{p^2} are:
4 4 32 
computing eigenvalues for k = 2, took 0.464693 sec
traces of hecke eigenvalues of T_{p^1} are:
-5 -15 -6 -2 13 -4 -300 74 347 -377 -403 -752 275 209 -511 36 -390 1213 -867 -322 -769 622 425 1273 
computing eigenvalues for k = 1, took 687.519396 sec
traces of hecke eigenvalues of T_{p^2} are:
3 21 -76 
computing eigenvalues for k = 2, took 0.466676 sec
For conductor 107:
traces of hecke eigenvalues of T_{p^1} are:
-10 -5 -16 108 -232 1 238 -18 -158 -278 51 454 1271 -1686 -314 1177 -1829 -418 611 -2340 1279 813 1480 -392 
computing eigenvalues for k = 1, took 386.864844 sec
traces of hecke eigenvalues of T_{p^2} are:
10 10 72 
computing eigenvalues for k = 2, took 1.054471 sec
traces of hecke eigenvalues of T_{p^1} are:
-7 -13 -40 16 -58 39 -22 -74 286 -210 -173 -138 -373 840 30 -1101 345 618 -519 -816 -711 43 2068 776 
computing eigenvalues for k = 1, took 385.425704 sec
traces of hecke eigenvalues of T_{p^2} are:
1 -6 100 
computing eigenvalues for k = 2, took 1.069634 sec
traces of hecke eigenvalues of T_{p^1} are:
-21 -45 -134 -18 -31 -74 -364 -38 -79 -421 -469 512 -1333 -591 863 698 748 -2097 1099 668 -1617 -158 -1709 -881 
computing eigenvalues for k = 1, took 385.323749 sec
traces of hecke eigenvalues of T_{p^2} are:
13 41 64 
computing eigenvalues for k = 2, took 1.069648 sec
For conductor 535:
traces of hecke eigenvalues of T_{p^1} are:
-2 7 -20 -13 87 76 63 -127 36 108 -1 -403 -122 168 -441 1324 141 -490 -294 -1278 873 -168 495 510 
computing eigenvalues for k = 1, took 148.305203 sec
traces of hecke eigenvalues of T_{p^2} are:
-5 4 16 
computing eigenvalues for k = 2, took 1.117607 sec
traces of hecke eigenvalues of T_{p^1} are:
112 232 1090 2466 3524 5852 7218 10729 16927 19462 27798 33035 38119 44782 55840 69861 72432 89963 100532 106162 124597 137649 154807 186516 
computing eigenvalues for k = 1, took 148.762677 sec
traces of hecke eigenvalues of T_{p^2} are:
36 128 720 
computing eigenvalues for k = 2, took 1.122922 sec
traces of hecke eigenvalues of T_{p^1} are:
-30 -28 161 7 69 -584 665 403 -269 3135 84 762 2268 591 -2809 -610 5074 1265 3874 -2629 3904 -2232 -3527 -8 
computing eigenvalues for k = 1, took 149.327145 sec
traces of hecke eigenvalues of T_{p^2} are:
-15 -63 -384 
computing eigenvalues for k = 2, took 1.099895 sec
