constructing eigenvector for poly
x-40
constructing eigenvector for poly
x^58+2*x^57-732*x^56-1571*x^55+244187*x^54+558674*x^53-49332500*x^52-119751693*x^51+6765626477*x^50+17371833130*x^49-669118016022*x^48-1814574993906*x^47+49480830510952*x^46+141711913054459*x^45-2799220383740612*x^44-8477396781830663*x^43+122904613353641459*x^42+394675679712681970*x^41-4223615597242224526*x^40-14446228908853882843*x^39+114006349549985890317*x^38+418202865008342161688*x^37-2414727030081237279548*x^36-9600039880971093275428*x^35+39888397217388562703669*x^34+174711895332264499918120*x^33-507125922183751847752693*x^32-2513726978719613540404325*x^31+4835337452088607683697896*x^30+28437663746080576905418662*x^29-32697145082550083826748012*x^28-250822842155899249958108533*x^27+132962437619154549358009717*x^26+1703574789591108949089797097*x^25-41644084508996706877687282*x^24-8751653710419107684291063909*x^23-3509919156125357665697096272*x^22+33112447825045877506166671643*x^21+25827103654982893759294327397*x^20-88473700050127304468132061441*x^19-102450485974700227886972589692*x^18+154827778328462938823499075009*x^17+253163777245254642389660609254*x^16-148008558841514594238383247350*x^15-389054364314563763133529233034*x^14+18954874664815566292538728311*x^13+347658367892934977693439647217*x^12+104406332477876520186402437013*x^11-152854310494107770910159854510*x^10-87846129863908928087199047432*x^9+19270456352714622603158090382*x^8+20728251126486805840782091252*x^7+848128385635838882933643255*x^6-1737778322115632070893567633*x^5-238469893450707154192823584*x^4+39301276528856589533036927*x^3+7848736391854870343190471*x^2+254139406492921296324104*x-1521087351624288434320
constructing eigenvector for poly
x^57-664*x^56+215641*x^55-45652620*x^54+7085252462*x^53-859517398960*x^52+84861762533826*x^51-7010918438442554*x^50+494543166261768584*x^49-30243922382258673224*x^48+1622791398437248292242*x^47-77130395275758050371224*x^46+3272690135398317316044653*x^45-124764757148449913361000140*x^44+4296541272596629143841301315*x^43-134261619298036564487863084144*x^42+3821714001728633512090653729230*x^41-99416554190928889318484788472072*x^40+2370101313491248605482604089800023*x^39-51906234277895687691310591049303994*x^38+1046406819651272502254676779893011687*x^37-19451825502568977950311297968926129126*x^36+333911000271260582800894703926939682900*x^35-5299525274368274453122726986284030701082*x^34+77840846006542890606904193018037130050364*x^33-1058965112937406782255692418336624145752098*x^32+13351040159284565017583475220275227334586411*x^31-156057557093917804409866597090970269671269638*x^30+1691577684752604719096635718374890716102219689*x^29-17004506969103081279577750960490436112031416072*x^28+158509723305262971837779214378435646587560762304*x^27-1369776121750940137628063609912235571746954287534*x^26+10968653042600170999773253967406248999893284293311*x^25-81339074505577056006307816930236399636857901784008*x^24+558136274365302391071616935297265931181494696150555*x^23-3540343028700792984998835889146690594616235495809896*x^22+20734499654041260325212711404749483108253494813625500*x^21-111960879601636043870432493325885122185358698943077712*x^20+556464653150006284407605043012118580443049099326234502*x^19-2540749297895950337205956457064593226873678613551708048*x^18+10633066191720697912724024845477042244038471625765812094*x^17-40681143065948921306069969859019256024578655133572238564*x^16+141857693425769487961689134685545056742835146822168250197*x^15-449278767022267397693716927928414203504804773206639153342*x^14+1287098016498637779182517975253219993219843940446718786202*x^13-3319473623765030713526461313762170574088592902471648846642*x^12+7663885648865019857730290795852281109361997292293763360881*x^11-15734387529303180848220022478089580764979843651435902787270*x^10+28495794258577089554672627442827837758602226818601815206368*x^9-45079421938731239936943900833433600830886396673001882449922*x^8+61537131157426452992726118353290109270121565633096965972171*x^7-71366808501369669868233378187965637427456406549337662326006*x^6+68891770635265218436831111671436041660657678137926277648543*x^5-53823421256090429061386032433468897615213679383596162907260*x^4+32675565538190310324807617555478024038392520938184653225000*x^3-14451938143411555726991637759035057612424740749662073317176*x^2+4139499177622101732329146711499675801250960723689534645808*x-575913564445440049756715600295745190515420869680193775008
constructing eigenvector for poly
x^73-54*x^72+193*x^71+41355*x^70-717903*x^69-10397272*x^68+366580506*x^67-101973515*x^66-90878925670*x^65+654659184265*x^64+12458829766393*x^63-175755274456961*x^62-793390116434961*x^61+25364129576376801*x^60-29969406036655951*x^59-2312623673078971508*x^58+11755210232361657769*x^57+134438053172836001943*x^56-1282143950734336722250*x^55-4197633520472695705261*x^54+85207630779666406234077*x^53-32307574692289768767195*x^52-3857467690435398257613283*x^51+11280856889478501868750736*x^50+120216196431106980852935038*x^49-668895534248501750673395199*x^48-2368813881532313313484445684*x^47+24253389792008892461378855550*x^46+15577041666342171503685574513*x^45-615299984056425966292038696426*x^44+730224548545934485699046015483*x^43+11227689168483909424791261523837*x^42-31174497768459732437586572218845*x^41-143189200348616504697778673935005*x^40+685820004550966802344472302727395*x^39+1095542509331601260464726581844820*x^38-10277319114181212766002185905278548*x^37-300857255924839182993346340555646*x^36+111194919611085698611633721639497061*x^35-121449198414624759920268110358407419*x^34-868350730700925499417807813575393384*x^33+1878814674361384090057713392209792400*x^32+4631639661678053454295397676792989334*x^31-17019252328605340767252381130980043760*x^30-13300477477519404794631621037570367351*x^29+105973486878015643709360786585760421313*x^28-19007656666828826006362312950582195603*x^27-466627223749717475302044526792136288320*x^26+421886742673073433910109526701513423392*x^25+1418527500808805370731453685919950437421*x^24-2335291824528654370965009407798344343162*x^23-2691837338805703347435548818370036591730*x^22+7719329592933622024664520423686458965930*x^21+1884803594506252109350280009420026985880*x^20-16792168816141930804746539238911709220491*x^19+4925779425360285749314958377652995526107*x^18+24096315545703687590179349151079771996736*x^17-16934679283073736121344360550356804979909*x^16-21779662749400159562414454930546500862630*x^15+24713427670306375681209184426662588979838*x^14+10894793672333871386981153792296270988005*x^13-20849667925998997012044588798534227344542*x^12-1552687542027682554509289626411528227556*x^11+10668187539084274113478944943552859857730*x^10-1181549912013842962551114429068830596417*x^9-3285568400244647783083698947635456317962*x^8+644037575881293891340853161070211108467*x^7+586729628445431634710247190983103166064*x^6-120117102389464958061678549324528403976*x^5-56894477958134455259769797793220512612*x^4+8170617436902153231870673239852470816*x^3+2607177754401562769930989114247972354*x^2-102819212577929584070624238666020268*x-23555251437318435026875724614334078
constructing eigenvector for poly
x^26-308*x^25+45161*x^24-4195216*x^23+277196121*x^22-13865271600*x^21+545582625892*x^20-17325111498272*x^19+451936823212730*x^18-9806764912182323*x^17+178602507223825352*x^16-2746791917718078347*x^15+35812538484995018126*x^14-396628286702005665896*x^13+3732396603809358794894*x^12-29801227179890706440228*x^11+201258307964321730628253*x^10-1143782374392102742199444*x^9+5430248368667724324044401*x^8-21319586654539852162089642*x^7+68265895349761384553700021*x^6-174908459022150128772939013*x^5+349058330164237610716469276*x^4-521364942467848232559098267*x^3+546765657306398777260136548*x^2-358017496816320904804315524*x+109799141960454662575591992
constructing eigenvector for poly
x+5
constructing eigenvector for poly
x^10+86*x^9+3291*x^8+73803*x^7+1074145*x^6+10601172*x^5+71845710*x^4+330099719*x^3+983845212*x^2+1717223480*x+1332533438
constructing eigenvector for poly
x^58+2*x^57-732*x^56-1571*x^55+244187*x^54+558674*x^53-49332500*x^52-119751693*x^51+6765626477*x^50+17371833130*x^49-669118016022*x^48-1814574993906*x^47+49480830510952*x^46+141711913054459*x^45-2799220383740612*x^44-8477396781830663*x^43+122904613353641459*x^42+394675679712681970*x^41-4223615597242224526*x^40-14446228908853882843*x^39+114006349549985890317*x^38+418202865008342161688*x^37-2414727030081237279548*x^36-9600039880971093275428*x^35+39888397217388562703669*x^34+174711895332264499918120*x^33-507125922183751847752693*x^32-2513726978719613540404325*x^31+4835337452088607683697896*x^30+28437663746080576905418662*x^29-32697145082550083826748012*x^28-250822842155899249958108533*x^27+132962437619154549358009717*x^26+1703574789591108949089797097*x^25-41644084508996706877687282*x^24-8751653710419107684291063909*x^23-3509919156125357665697096272*x^22+33112447825045877506166671643*x^21+25827103654982893759294327397*x^20-88473700050127304468132061441*x^19-102450485974700227886972589692*x^18+154827778328462938823499075009*x^17+253163777245254642389660609254*x^16-148008558841514594238383247350*x^15-389054364314563763133529233034*x^14+18954874664815566292538728311*x^13+347658367892934977693439647217*x^12+104406332477876520186402437013*x^11-152854310494107770910159854510*x^10-87846129863908928087199047432*x^9+19270456352714622603158090382*x^8+20728251126486805840782091252*x^7+848128385635838882933643255*x^6-1737778322115632070893567633*x^5-238469893450707154192823584*x^4+39301276528856589533036927*x^3+7848736391854870343190471*x^2+254139406492921296324104*x-1521087351624288434320
constructing eigenvector for poly
x^9+64*x^8+1741*x^7+26327*x^6+242589*x^5+1402315*x^4+5039549*x^3+10753859*x^2+12283000*x+5692564
constructing eigenvector for poly
x^27+118*x^26+6425*x^25+213826*x^24+4851631*x^23+79126057*x^22+949860074*x^21+8394911728*x^20+52814918720*x^19+207526508692*x^18+165038704676*x^17-3998386021319*x^16-30608415618654*x^15-119658947535574*x^14-251341261258162*x^13-47149140424643*x^12+1397749586037051*x^11+4148881615734975*x^10+4420835813806782*x^9-4001501564793338*x^8-18439352580537393*x^7-21738900629411114*x^6-3592976083977302*x^5+18812156856428246*x^4+23329586471225751*x^3+13032284155580768*x^2+3668500753284124*x+420888768860550
constructing eigenvector for poly
x^9+64*x^8+1741*x^7+26327*x^6+242589*x^5+1402315*x^4+5039549*x^3+10753859*x^2+12283000*x+5692564
constructing eigenvector for poly
x^26-282*x^25+37819*x^24-3209846*x^23+193562529*x^22-8826195862*x^21+316235001362*x^20-9132929155244*x^19+216403966248106*x^18-4260154254458373*x^17+70299054684838788*x^16-978349913595723099*x^15+11527909745731251348*x^14-115235372938460457366*x^13+977503718883863131836*x^12-7026522246432616654092*x^11+42666910273232310008337*x^10-217760086649259347816484*x^9+927323538268740360754853*x^8-3261817206998055526177764*x^7+9346698698980544827388693*x^6-21406742388106453597661893*x^5+38144642757950591468496162*x^4-50812252763475440483396123*x^3+47465585932945095411978814*x^2-27645911464676374978419640*x+7529762692066086002540600
constructing eigenvector for poly
x^106+51*x^105-346*x^104-57746*x^103-380453*x^102+30313398*x^101+380843153*x^100-9779982239*x^99-170478886007*x^98+2157742580519*x^97+49670736101658*x^96-339946989127362*x^95-10596921979771745*x^94+38015828187245774*x^93+1756702656306000090*x^92-2700261225083294971*x^91-234661975958343604541*x^90+37219624887744550379*x^89+25890435265592312665822*x^88+20737028467639933412009*x^87-2401902601390884818777787*x^86-3545671001170002317563207*x^85+189911846419781953984346461*x^84+369434978612758223396593618*x^83-12932195159871068566978039328*x^82-29189148466646364304518339711*x^81+764705998035792316905378994246*x^80+1869118465154276111149154260812*x^79-39523791656931964823962780016652*x^78-100001333546685832167322132776159*x^77+1794801952089225391788062766529654*x^76+4546116389087622290643535173398574*x^75-71901481621776772560478766782419218*x^74-177412958795425255474831683893326536*x^73+2549098277084875041620424524483782089*x^72+5981611822642580650583152988030113694*x^71-80164097442188745336640444932950229623*x^70-174898552029127176685408533903990538619*x^69+2239929465368022367276544141365573295945*x^68+4442602598883626666914912991160093265251*x^67-55667688557650927668536421619228855216907*x^66-98010275116284022383645962238008159910964*x^65+1231138585001002728134342405598068301714026*x^64+1873374856070445128238271994687762259274555*x^63-24230231023878911581895503247842742614201985*x^62-30854365068160727550480081431149846623423161*x^61+424206031943582050366446458892987629360356072*x^60+433332024717712291986367870094903980584317967*x^59-6600989864122214049460391821347243686434306949*x^58-5086450581076651527829208219440746614577640305*x^57+91185889548106891925812426685089484934672559318*x^56+47769630640094007186677830064415747740751192836*x^55-1116440791997248996570133739598723225994086010527*x^54-316756863444061872005205560977759897521296768549*x^53+12090946620265154092838274069344921602149643965191*x^52+621304543806357954006329964992399465380321295545*x^51-115541946584916409006727869246649004854269153889488*x^50+19961706275906484535455770287035926483812542528395*x^49+971409508309463601851121170550744966466142727658577*x^48-378105628330897275691988120780238564956138522897293*x^47-7160383104864447741302649800624179558687639243786398*x^46+4291880150890256225167591386354798711638886060471816*x^45+46083375576626682350649673296959962719272404998959013*x^44-37124595267411810042542881153256064776721294510209117*x^43-257679412889958199843574157915161820735339263874376776*x^42+260628586740857278547207580475959449020468108633053170*x^41+1244371031757929076972576271859142785965511005386256284*x^40-1521029275065314742099503383987126178612927042745034339*x^39-5151869256472693566973687982467841182242316455324102204*x^38+7452172037758365323523455240594507484280817202106632346*x^37+18116892876004376085037722374506533803510102283562089530*x^36-30749290047481913958556408606340352217986388547750441175*x^35-53450586110199158340383145778871908085313811685348520634*x^34+106784480838322528039076087988685714285814127335452112521*x^33+130006308580999472976347195295666283617090221197761724176*x^32-311091230184374924292120299753856049020849000315605190554*x^31-253543635539858188093581470667086338254307678082184744158*x^30+756259119669881176546310166975495261963259277001076401234*x^29+376063115047099037406644316765383589882789181008939012713*x^28-1523189451583931686364342795281998343624713950729769472346*x^27-368584031526436427637940381035652475669814020156043886025*x^26+2519021839639203830053557849315107383606794981623078523208*x^25+84978000300876880022350849308492320350486861955299404451*x^24-3383103308872512201864558244499446629032411619571508235556*x^23+469265196560570649735944923722210204494797227741889558982*x^22+3640511111337901773008353868131723872251857820227654579834*x^21-1034072963354518257511739269525477107306516703367621276582*x^20-3087323749370330472400513866850507304571074391132776002716*x^19+1264665309561368204566137879235045815429253943609306526976*x^18+2020756438994186921127805538226967742556670190537280621455*x^17-1056016923985929582486231969966559678755644312404172407297*x^16-993291922652664660060938499033272000059729511000385763446*x^15+627113686736385114942596031501745553013544598905248403813*x^14+352925097153818780175474338291636726455886675653418651516*x^13-264343190266953922378266278027419713216214999149084902918*x^12-85444875110947209787119663292840903174676490096631379159*x^11+77184338622944293471445896292810328883011593070849724886*x^10+12623839227137166769412096175479900734536498940030568332*x^9-14914159983123590732184600351024350926795268949144425461*x^8-821752232635407611730725497146216560641378813335289901*x^7+1767449258437181004617978608936047524666108821491334348*x^6-32159743622966735437834282310472488795198220922742446*x^5-112223556799040981649103655611479714262814084465646150*x^4+7480139124186226619760529238458793569946570522494440*x^3+2828265644070226315390009690771940479389358467587676*x^2-268867400382858897163318331560479495665718421470850*x-4565629667245317202664990638028954274583899173950
computing eigenvectors took 21.020316 sec
For conductor 1, eigenvectors are:
-1 -1 -1 -1 -1 -1 -1 -1 -1 -1 -1 -1 -1 -1 -1 -1 -1 -1 -1 -1 -1 -1 -1 -1 -1 -1 -1 -1 -1 -1 -1 -1 -1 -1 -1 -1 -1 -1 -1 -1 -1 -1 -1 -1 -1 -1 -1 -1 -1 -1 -1 -1 -1 -1 -1 -1 -1 -1 -1 -1 -1 -1 -1 -1 -1 -1 -1 -1 -1 -1 -1 -1 -1 -1 -1 -1 -1 -1 -1 -1 -1 -1 -1 -1 -1 -1 -1 -1 -1 -1 -1 -1 -1 -1 -1 -1 -1 -1 -1 -1 -1 -1 -1 -1 -1 -1 -1 -1 -1 -1 -1 -1 -1 -1 -1 -1 -1 -1 -1 -1 -1 -1 -1 -1 -1 -1 -1 -1 -1 -1 -1 -1 -1 -1 -1 -1 -1 -1 -1 -1 -1 -1 -1 -1 -1 -1 -1 -1 -1 -1 -1 -1 -1 -1 -1 -1 -1 -1 -1 -1 -1 -1 -1 -1 -1 -1 -1 -1 -1 -1 -1 -1 -1 -1 -1 -1 -1 -1 -1 -1 -1 -1 -1 -1 -1 -1 -1 -1 -1 -1 -1 -1 -1 -1 -1 -1 -1 -1 -1 -1 -1 -1 -1 -1 -1 -1 -1 -1 -1 -1 -1 -1 -1 -1 -1 over Number field with defining polynomial x-40
a vector of length 215 over Number field with defining polynomial a number field of degree 58
a vector of length 215 over Number field with defining polynomial a number field of degree 57
a vector of length 215 over Number field with defining polynomial a number field of degree 73
a vector of length 215 over Number field with defining polynomial a number field of degree 26
For conductor 2, eigenvectors are:
-2 0 2 -2 -2 0 2 0 0 0 0 2 2 0 0 2 0 0 0 2 -2 2 0 0 0 -2 0 -2 -2 0 -2 0 0 0 3 -1 0 0 0 0 0 1 0 -1 -2 1 1 -2 -1 0 0 -1 -1 -1 -1 1 -2 2 1 1 0 0 2 0 0 -2 0 0 -1 over Number field with defining polynomial x+5
a vector of length 69 over Number field with defining polynomial a number field of degree 10
a vector of length 69 over Number field with defining polynomial a number field of degree 58
For conductor 487, eigenvectors are:
2*a^7 + 83*a^6 + 1400*a^5 + 12343*a^4 + 60688*a^3 + 163258*a^2 + 215478*a + 102012 -3*a^7 - 125*a^6 - 2130*a^5 - 19171*a^4 - 98252*a^3 - 287934*a^2 - 453473*a - 299840 0 a^8 + 52*a^7 + 1127*a^6 + 13215*a^5 + 90947*a^4 + 372434*a^3 + 877358*a^2 + 1080915*a + 531152 -23*a^5 - 677*a^4 - 7506*a^3 - 38482*a^2 - 89344*a - 75738 -2*a^7 - 88*a^6 - 1590*a^5 - 15205*a^4 - 82442*a^3 - 250843*a^2 - 392425*a - 242878 -a^8 - 55*a^7 - 1256*a^6 - 15494*a^5 - 112223*a^4 - 484726*a^3 - 1209053*a^2 - 1584884*a - 834422 9*a^6 + 356*a^5 + 5582*a^4 + 44024*a^3 + 181875*a^2 + 367902*a + 285852 a^8 + 55*a^7 + 1261*a^6 + 15676*a^5 + 114922*a^4 + 505466*a^3 + 1295436*a^2 + 1767897*a + 986918 -9*a^6 - 356*a^5 - 5582*a^4 - 44024*a^3 - 181875*a^2 - 367902*a - 285852 -a^8 - 54*a^7 - 1219*a^6 - 14946*a^5 - 108094*a^4 - 467902*a^3 - 1170760*a^2 - 1529902*a - 789090 0 -5*a^6 - 182*a^5 - 2699*a^4 - 20740*a^3 - 86383*a^2 - 183013*a - 152496 0 2*a^7 + 88*a^6 + 1590*a^5 + 15205*a^4 + 82442*a^3 + 250843*a^2 + 392425*a + 242878 a^7 + 32*a^6 + 358*a^5 + 1267*a^4 - 4930*a^3 - 49292*a^2 - 121965*a - 95534 -9*a^6 - 356*a^5 - 5582*a^4 - 44024*a^3 - 181875*a^2 - 367902*a - 285852 a^7 + 38*a^6 + 575*a^5 + 4342*a^4 + 16443*a^3 + 24711*a^2 - 9102*a - 42912 -a^7 - 46*a^6 - 896*a^5 - 9548*a^4 - 59834*a^3 - 218966*a^2 - 428950*a - 342814 -3*a^7 - 139*a^6 - 2662*a^5 - 27071*a^4 - 155935*a^3 - 499988*a^2 - 807787*a - 500878 2*a^7 + 92*a^6 + 1731*a^5 + 17147*a^4 + 95468*a^3 + 293402*a^2 + 448987*a + 257938 5*a^6 + 159*a^5 + 2022*a^4 + 13234*a^3 + 47901*a^2 + 93669*a + 76758 5*a^6 + 159*a^5 + 2022*a^4 + 13234*a^3 + 47901*a^2 + 93669*a + 76758 2*a^7 + 106*a^6 + 2269*a^5 + 25428*a^4 + 160232*a^3 + 561660*a^2 + 999902*a + 696286 2*a^7 + 101*a^6 + 2110*a^5 + 23406*a^4 + 146998*a^3 + 513759*a^2 + 906233*a + 619528 -a^7 - 46*a^6 - 860*a^5 - 8377*a^4 - 44878*a^3 - 126167*a^2 - 154430*a - 45050 a^6 + 35*a^5 + 376*a^4 + 633*a^3 - 12380*a^2 - 70150*a - 99874 -5*a^6 - 182*a^5 - 2699*a^4 - 20740*a^3 - 86383*a^2 - 183013*a - 152496 2*a^7 + 88*a^6 + 1567*a^5 + 14528*a^4 + 74936*a^3 + 212361*a^2 + 303081*a + 167140 -23*a^5 - 677*a^4 - 7506*a^3 - 38482*a^2 - 89344*a - 75738 -a^7 - 51*a^6 - 1019*a^5 - 10399*a^4 - 58112*a^3 - 174068*a^2 - 248099*a - 121808 0 0 -a^7 - 56*a^6 - 1262*a^5 - 14728*a^4 - 95247*a^3 - 336730*a^2 - 592309*a - 398866 -a^7 - 37*a^6 - 540*a^5 - 3966*a^4 - 15810*a^3 - 37091*a^2 - 61048*a - 56962 0 over Number field with defining polynomial x^9+64*x^8+1741*x^7+26327*x^6+242589*x^5+1402315*x^4+5039549*x^3+10753859*x^2+12283000*x+5692564
a vector of length 36 over Number field with defining polynomial a number field of degree 27
For conductor 974, eigenvectors are:
0 0 0 0 0 -6*a^7 - 336*a^6 - 7512*a^5 - 86784*a^4 - 554970*a^3 - 1933674*a^2 - 3319956*a - 2137848 0 0 12*a^7 + 630*a^6 + 13590*a^5 + 155352*a^4 + 1008714*a^3 + 3682344*a^2 + 6919980*a + 5161608 0 48*a^6 + 2064*a^5 + 35298*a^4 + 305382*a^3 + 1396422*a^2 + 3164376*a + 2768784 -16*a^6 - 628*a^5 - 10348*a^4 - 91436*a^3 - 452856*a^2 - 1168584*a - 1179712 0 -8*a^7 - 420*a^6 - 9060*a^5 - 103568*a^4 - 672476*a^3 - 2454896*a^2 - 4613320*a - 3441072 0 4*a^6 + 108*a^5 + 852*a^4 - 1524*a^3 - 54328*a^2 - 256336*a - 352976 0 0 4*a^8 + 236*a^7 + 5844*a^6 + 79096*a^5 + 637028*a^4 + 3105496*a^3 + 8869340*a^2 + 13428288*a + 8203152 0 0 0 -4*a^8 - 236*a^7 - 5844*a^6 - 79096*a^5 - 637028*a^4 - 3105496*a^3 - 8869340*a^2 - 13428288*a - 8203152 0 4*a^7 + 224*a^6 + 5008*a^5 + 57856*a^4 + 369980*a^3 + 1289116*a^2 + 2213304*a + 1425232 -36*a^6 - 1424*a^5 - 22328*a^4 - 176096*a^3 - 727500*a^2 - 1471608*a - 1143408 16*a^6 + 628*a^5 + 10348*a^4 + 91436*a^3 + 452856*a^2 + 1168584*a + 1179712 32*a^6 + 1376*a^5 + 23532*a^4 + 203588*a^3 + 930948*a^2 + 2109584*a + 1845856 -4*a^8 - 236*a^7 - 5844*a^6 - 79096*a^5 - 637028*a^4 - 3105496*a^3 - 8869340*a^2 - 13428288*a - 8203152 4*a^7 + 168*a^6 + 2928*a^5 + 27716*a^4 + 157208*a^3 + 551700*a^2 + 1132176*a + 1008064 -4*a^7 - 224*a^6 - 5008*a^5 - 57856*a^4 - 369980*a^3 - 1289116*a^2 - 2213304*a - 1425232 0 0 -6*a^7 - 296*a^6 - 6016*a^5 - 64778*a^4 - 394414*a^3 - 1334824*a^2 - 2273412*a - 1488344 -2*a^8 - 124*a^7 - 3218*a^6 - 45564*a^5 - 383292*a^4 - 1947162*a^3 - 5769494*a^2 - 8987556*a - 5589920 -4*a^7 - 212*a^6 - 4552*a^5 - 50920*a^4 - 315810*a^3 - 1058974*a^2 - 1707324*a - 984312 -18*a^6 - 712*a^5 - 11164*a^4 - 88048*a^3 - 363750*a^2 - 735804*a - 571704 2*a^8 + 118*a^7 + 2922*a^6 + 39548*a^5 + 318514*a^4 + 1552748*a^3 + 4434670*a^2 + 6714144*a + 4101576 0 0 -18*a^6 - 712*a^5 - 11164*a^4 - 88048*a^3 - 363750*a^2 - 735804*a - 571704 0 4*a^7 + 212*a^6 + 4552*a^5 + 50920*a^4 + 315810*a^3 + 1058974*a^2 + 1707324*a + 984312 0 0 -2*a^7 - 112*a^6 - 2504*a^5 - 28928*a^4 - 184990*a^3 - 644558*a^2 - 1106652*a - 712616 -2*a^7 - 112*a^6 - 2504*a^5 - 28928*a^4 - 184990*a^3 - 644558*a^2 - 1106652*a - 712616 0 -2*a^6 - 54*a^5 - 426*a^4 + 762*a^3 + 27164*a^2 + 128168*a + 176488 0 0 6*a^7 + 296*a^6 + 6016*a^5 + 64778*a^4 + 394414*a^3 + 1334824*a^2 + 2273412*a + 1488344 4*a^7 + 210*a^6 + 4530*a^5 + 51784*a^4 + 336238*a^3 + 1227448*a^2 + 2306660*a + 1720536 0 0 -8*a^6 - 314*a^5 - 5174*a^4 - 45718*a^3 - 226428*a^2 - 584292*a - 589856 -2*a^6 - 54*a^5 - 426*a^4 + 762*a^3 + 27164*a^2 + 128168*a + 176488 -2*a^7 - 110*a^6 - 2480*a^5 - 29530*a^4 - 198736*a^3 - 746282*a^2 - 1425640*a - 1063840 0 -2*a^7 - 116*a^6 - 2738*a^5 - 34020*a^4 - 239296*a^3 - 946640*a^2 - 1935812*a - 1579624 4*a^7 + 210*a^6 + 4530*a^5 + 51784*a^4 + 336238*a^3 + 1227448*a^2 + 2306660*a + 1720536 0 2*a^7 + 94*a^6 + 1792*a^5 + 17764*a^4 + 96942*a^3 + 280808*a^2 + 370848*a + 140912 -16*a^6 - 688*a^5 - 11766*a^4 - 101794*a^3 - 465474*a^2 - 1054792*a - 922928 0 -16*a^6 - 688*a^5 - 11766*a^4 - 101794*a^3 - 465474*a^2 - 1054792*a - 922928 2*a^7 + 108*a^6 + 2466*a^5 + 30798*a^4 + 226116*a^3 + 967752*a^2 + 2205172*a + 2016816 -6*a^7 - 314*a^6 - 6728*a^5 - 75942*a^4 - 482462*a^3 - 1698574*a^2 - 3009216*a - 2060048 0 2*a^7 + 112*a^6 + 2504*a^5 + 28928*a^4 + 184990*a^3 + 644558*a^2 + 1106652*a + 712616 2*a^7 + 92*a^6 + 1778*a^5 + 19032*a^4 + 124322*a^3 + 502278*a^2 + 1150380*a + 1093888 0 0 -2*a^8 - 122*a^7 - 3132*a^6 - 44078*a^5 - 370298*a^4 - 1888986*a^3 - 5662118*a^2 - 9020804*a - 5822112 18*a^6 + 712*a^5 + 11164*a^4 + 88048*a^3 + 363750*a^2 + 735804*a + 571704 0 -8*a^6 - 314*a^5 - 5174*a^4 - 45718*a^3 - 226428*a^2 - 584292*a - 589856 -2*a^7 - 112*a^6 - 2504*a^5 - 28928*a^4 - 184990*a^3 - 644558*a^2 - 1106652*a - 712616 4*a^7 + 210*a^6 + 4530*a^5 + 51784*a^4 + 336238*a^3 + 1227448*a^2 + 2306660*a + 1720536 0 6*a^7 + 296*a^6 + 6016*a^5 + 64778*a^4 + 394414*a^3 + 1334824*a^2 + 2273412*a + 1488344 4*a^7 + 228*a^6 + 5242*a^5 + 62948*a^4 + 424286*a^3 + 1591198*a^2 + 3042464*a + 2292240 -2*a^6 - 54*a^5 - 426*a^4 + 762*a^3 + 27164*a^2 + 128168*a + 176488 -2*a^8 - 118*a^7 - 2922*a^6 - 39548*a^5 - 318514*a^4 - 1552748*a^3 - 4434670*a^2 - 6714144*a - 4101576 -2*a^8 - 118*a^7 - 2922*a^6 - 39548*a^5 - 318514*a^4 - 1552748*a^3 - 4434670*a^2 - 6714144*a - 4101576 0 16*a^6 + 688*a^5 + 11766*a^4 + 101794*a^3 + 465474*a^2 + 1054792*a + 922928 2*a^6 + 54*a^5 + 426*a^4 - 762*a^3 - 27164*a^2 - 128168*a - 176488 -18*a^6 - 712*a^5 - 11164*a^4 - 88048*a^3 - 363750*a^2 - 735804*a - 571704 -18*a^6 - 712*a^5 - 11164*a^4 - 88048*a^3 - 363750*a^2 - 735804*a - 571704 4*a^7 + 210*a^6 + 4530*a^5 + 51784*a^4 + 336238*a^3 + 1227448*a^2 + 2306660*a + 1720536 -2*a^8 - 124*a^7 - 3218*a^6 - 45564*a^5 - 383292*a^4 - 1947162*a^3 - 5769494*a^2 - 8987556*a - 5589920 -2*a^7 - 84*a^6 - 1464*a^5 - 13858*a^4 - 78604*a^3 - 275850*a^2 - 566088*a - 504032 -8*a^6 - 314*a^5 - 5174*a^4 - 45718*a^3 - 226428*a^2 - 584292*a - 589856 -2*a^7 - 84*a^6 - 1464*a^5 - 13858*a^4 - 78604*a^3 - 275850*a^2 - 566088*a - 504032 6*a^7 + 296*a^6 + 6016*a^5 + 64778*a^4 + 394414*a^3 + 1334824*a^2 + 2273412*a + 1488344 4*a^7 + 212*a^6 + 4656*a^5 + 54552*a^4 + 365388*a^3 + 1385882*a^2 + 2727532*a + 2139576 -2*a^6 - 54*a^5 - 426*a^4 + 762*a^3 + 27164*a^2 + 128168*a + 176488 -2*a^6 - 54*a^5 - 426*a^4 + 762*a^3 + 27164*a^2 + 128168*a + 176488 2*a^6 + 54*a^5 + 426*a^4 - 762*a^3 - 27164*a^2 - 128168*a - 176488 0 0 0 16*a^6 + 688*a^5 + 11766*a^4 + 101794*a^3 + 465474*a^2 + 1054792*a + 922928 0 -a^7 - 50*a^6 - 1076*a^5 - 12812*a^4 - 90199*a^3 - 370662*a^2 - 810440*a - 713480 -2*a^7 - 106*a^6 - 2276*a^5 - 25460*a^4 - 157905*a^3 - 529487*a^2 - 853662*a - 492156 0 a^8 + 64*a^7 + 1723*a^6 + 25403*a^5 + 223120*a^4 + 1185724*a^3 + 3680346*a^2 + 6015010*a + 3941080 -a^6 - 27*a^5 - 213*a^4 + 381*a^3 + 13582*a^2 + 64084*a + 88244 -3*a^7 - 148*a^6 - 3008*a^5 - 32389*a^4 - 197207*a^3 - 667412*a^2 - 1136706*a - 744172 3*a^6 + 145*a^5 + 2888*a^4 + 29732*a^3 + 164076*a^2 + 451640*a + 470540 -a^8 - 59*a^7 - 1461*a^6 - 19774*a^5 - 159257*a^4 - 776374*a^3 - 2217335*a^2 - 3357072*a - 2050788 -a^6 - 12*a^5 + 301*a^4 + 6873*a^3 + 50862*a^2 + 159494*a + 175612 a^8 + 59*a^7 + 1461*a^6 + 19774*a^5 + 159257*a^4 + 776374*a^3 + 2217335*a^2 + 3357072*a + 2050788 3*a^7 + 157*a^6 + 3364*a^5 + 37971*a^4 + 241231*a^3 + 849287*a^2 + 1504608*a + 1030024 0 4*a^6 + 157*a^5 + 2587*a^4 + 22859*a^3 + 113214*a^2 + 292146*a + 294928 0 3*a^7 + 148*a^6 + 3008*a^5 + 32389*a^4 + 197207*a^3 + 667412*a^2 + 1136706*a + 744172 -a^7 - 46*a^6 - 889*a^5 - 9516*a^4 - 62161*a^3 - 251139*a^2 - 575190*a - 546944 -a^8 - 59*a^7 - 1461*a^6 - 19774*a^5 - 159257*a^4 - 776374*a^3 - 2217335*a^2 - 3357072*a - 2050788 7*a^6 + 281*a^5 + 4499*a^4 + 36322*a^3 + 153520*a^2 + 316960*a + 251944 a^8 + 60*a^7 + 1503*a^6 + 20506*a^5 + 166186*a^4 + 815676*a^3 + 2355260*a^2 + 3640116*a + 2302804 2*a^7 + 98*a^6 + 1984*a^5 + 21393*a^4 + 131797*a^3 + 460204*a^2 + 836370*a + 608324 -a^8 - 61*a^7 - 1566*a^6 - 22039*a^5 - 185149*a^4 - 944493*a^3 - 2831059*a^2 - 4510402*a - 2911056 3*a^6 + 130*a^5 + 2374*a^4 + 23240*a^3 + 126796*a^2 + 356230*a + 383172 3*a^6 + 130*a^5 + 2374*a^4 + 23240*a^3 + 126796*a^2 + 356230*a + 383172 -2*a^7 - 109*a^6 - 2422*a^5 - 28479*a^4 - 190978*a^3 - 726938*a^2 - 1445476*a - 1155196 -2*a^7 - 104*a^6 - 2238*a^5 - 25679*a^4 - 168500*a^3 - 627306*a^2 - 1217414*a - 948512 -8*a^6 - 344*a^5 - 5883*a^4 - 50897*a^3 - 232737*a^2 - 527396*a - 461464 a^7 + 49*a^6 + 1013*a^5 + 11428*a^4 + 75624*a^3 + 291445*a^2 + 600004*a + 503960 -4*a^6 - 157*a^5 - 2587*a^4 - 22859*a^3 - 113214*a^2 - 292146*a - 294928 -3*a^7 - 149*a^6 - 3035*a^5 - 32602*a^4 - 196826*a^3 - 653830*a^2 - 1072622*a - 655928 a^6 + 27*a^5 + 213*a^4 - 381*a^3 - 13582*a^2 - 64084*a - 88244 -11*a^6 - 474*a^5 - 8257*a^4 - 74137*a^3 - 359533*a^2 - 883626*a - 844636 0 0 a^7 + 64*a^6 + 1596*a^5 + 20347*a^4 + 143392*a^3 + 555016*a^2 + 1080722*a + 817772 a^7 + 42*a^6 + 732*a^5 + 6929*a^4 + 39302*a^3 + 137925*a^2 + 283044*a + 252016 0 over Number field with defining polynomial x^9+64*x^8+1741*x^7+26327*x^6+242589*x^5+1402315*x^4+5039549*x^3+10753859*x^2+12283000*x+5692564
a vector of length 141 over Number field with defining polynomial a number field of degree 26
a vector of length 141 over Number field with defining polynomial a number field of degree 106
For conductor 1:
traces of hecke eigenvalues of T_{p^1} are:
40 156 400 1464 2380 5220 7240 12720 25260 30784 52060 70644 81400 106080 151740 208920 230764 305320 363024 394420 499360 578760 712980 922180 
computing eigenvalues for k = 1, took 102.588156 sec
traces of hecke eigenvalues of T_{p^2} are:
120 780 2800 
computing eigenvalues for k = 2, took 0.755432 sec
traces of hecke eigenvalues of T_{p^1} are:
-2 -137 323 -17 309 -381 489 665 27 3350 2677 -2108 4484 1526 -818 -4492 -1024 7487 -3456 -746 8420 -88 -7410 1567 
computing eigenvalues for k = 1, took 29.529417 sec
traces of hecke eigenvalues of T_{p^2} are:
-89 -191 -353 
computing eigenvalues for k = 2, took 0.698141 sec
traces of hecke eigenvalues of T_{p^1} are:
664 1600 3110 7394 10158 16422 21301 30708 48765 56059 78970 95273 106848 126490 161195 199080 213543 258271 288485 301277 359140 390747 449473 534941 
computing eigenvalues for k = 1, took 106.015636 sec
traces of hecke eigenvalues of T_{p^2} are:
376 708 2080 
computing eigenvalues for k = 2, took 0.923723 sec
traces of hecke eigenvalues of T_{p^1} are:
54 124 51 790 -804 204 -229 2661 3097 -119 -3485 4103 -1416 6813 3879 11904 -5428 -1955 14962 -5687 8301 11861 3515 -17015 
computing eigenvalues for k = 1, took 30.265902 sec
traces of hecke eigenvalues of T_{p^2} are:
-104 -47 -413 
computing eigenvalues for k = 2, took 0.809754 sec
traces of hecke eigenvalues of T_{p^1} are:
308 781 1447 3398 4677 7820 9639 14646 22670 24780 36156 43907 48624 59246 74372 92358 96091 117924 133163 138231 161669 183337 205649 242807 
computing eigenvalues for k = 1, took 102.566848 sec
traces of hecke eigenvalues of T_{p^2} are:
192 630 1176 
computing eigenvalues for k = 2, took 0.826614 sec
For conductor 2:
traces of hecke eigenvalues of T_{p^1} are:
-5 -24 0 -71 -16 8 7 123 115 -4 -190 32 146 240 -526 29 -198 -171 -602 660 -1262 -54 -606 303 
computing eigenvalues for k = 1, took 496.260943 sec
traces of hecke eigenvalues of T_{p^2} are:
-5 45 -10 
computing eigenvalues for k = 2, took 0.656599 sec
traces of hecke eigenvalues of T_{p^1} are:
-86 -145 -47 -246 -49 -173 -5 -130 -1242 559 -540 -1198 158 1 -1237 -300 -936 -22 -2390 -561 605 1108 -2508 314 
computing eigenvalues for k = 1, took 491.818484 sec
traces of hecke eigenvalues of T_{p^2} are:
105 122 -74 
computing eigenvalues for k = 2, took 0.622723 sec
traces of hecke eigenvalues of T_{p^1} are:
-2 -137 323 -17 309 -381 489 665 27 3350 2677 -2108 4484 1526 -818 -4492 -1024 7487 -3456 -746 8420 -88 -7410 1567 
computing eigenvalues for k = 1, took 487.364266 sec
traces of hecke eigenvalues of T_{p^2} are:
-89 -191 -353 
computing eigenvalues for k = 2, took 0.710333 sec
For conductor 487:
traces of hecke eigenvalues of T_{p^1} are:
-64 -32 -166 76 -119 105 -383 -485 476 -889 -521 493 -1917 -792 325 721 360 -672 -345 -1505 471 692 2581 -2618 
computing eigenvalues for k = 1, took 794.481147 sec
traces of hecke eigenvalues of T_{p^2} are:
57 -65 99 
computing eigenvalues for k = 2, took 0.628950 sec
traces of hecke eigenvalues of T_{p^1} are:
-118 -237 -231 -760 116 -448 -116 -711 -1108 -831 1424 -2131 271 -1933 -1093 -3544 -187 1531 -8516 3340 -5017 -2819 -8354 7351 
computing eigenvalues for k = 1, took 786.940931 sec
traces of hecke eigenvalues of T_{p^2} are:
58 211 -47 
computing eigenvalues for k = 2, took 0.620859 sec
For conductor 974:
traces of hecke eigenvalues of T_{p^1} are:
-64 -32 -166 76 -119 105 -383 -485 476 -889 -521 493 -1917 -792 325 721 360 -672 -345 -1505 471 692 2581 -2618 
computing eigenvalues for k = 1, took 233.801211 sec
traces of hecke eigenvalues of T_{p^2} are:
57 -65 99 
computing eigenvalues for k = 2, took 0.701049 sec
traces of hecke eigenvalues of T_{p^1} are:
282 727 1363 3278 4569 7786 9383 13918 22074 24830 35672 44067 48110 56674 73274 89496 94841 116172 130251 138171 160629 176721 205929 243603 
computing eigenvalues for k = 1, took 171.473446 sec
traces of hecke eigenvalues of T_{p^2} are:
88 306 504 
computing eigenvalues for k = 2, took 0.948924 sec
traces of hecke eigenvalues of T_{p^1} are:
-51 141 -456 320 -223 259 -1445 -125 3783 -3552 771 5907 -1786 295 8444 4778 983 -1870 2471 -1089 -1480 5748 17172 -984 
computing eigenvalues for k = 1, took 178.674404 sec
traces of hecke eigenvalues of T_{p^2} are:
-164 -253 -780 
computing eigenvalues for k = 2, took 1.928725 sec
