constructing eigenvector for poly
x-8
constructing eigenvector for poly
x-40
constructing eigenvector for poly
x^3-3*x^2-13*x+7
constructing eigenvector for poly
x^5+17*x^4+4*x^3-728*x^2-1000*x+688
constructing eigenvector for poly
x^4-6*x^3-5*x^2+60*x-59
constructing eigenvector for poly
x^8+7*x^7-66*x^6-294*x^5+709*x^4+615*x^3-748*x^2-352*x+144
constructing eigenvector for poly
x^18+6*x^17-248*x^16-1436*x^15+22758*x^14+132618*x^13-941923*x^12-5804006*x^11+16775381*x^10+117685266*x^9-96849438*x^8-936542832*x^7+344252668*x^6+3148634990*x^5-1683205607*x^4-3750612606*x^3+3495673064*x^2-707039520*x+31953600
constructing eigenvector for poly
x^13-148*x^12+9883*x^11-393578*x^10+10408287*x^9-192590824*x^8+2558904525*x^7-24650241634*x^6+171626318984*x^5-850009445464*x^4+2899069609680*x^3-6417010037888*x^2+8211418469696*x-4548092465536
constructing eigenvector for poly
x^2-30*x+225
constructing eigenvector for poly
x^2-42*x+441
constructing eigenvector for poly
x^2-130*x+4225
constructing eigenvector for poly
x^2-248*x+15376
constructing eigenvector for poly
x^2-270*x+18225
constructing eigenvector for poly
x^2-780*x+152100
constructing eigenvector for poly
x^2-460*x+52900
constructing eigenvector for poly
x^2+2*x+1
constructing eigenvector for poly
x^2+24*x+139
constructing eigenvector for poly
x^6-66*x^5+1701*x^4-21500*x^3+136668*x^2-399024*x+425104
constructing eigenvector for poly
x^6-192*x^5+15352*x^4-654338*x^3+15679696*x^2-200285176*x+1065434881
constructing eigenvector for poly
x^6-258*x^5+26857*x^4-1437856*x^3+41570632*x^2-612919136*x+3599520016
constructing eigenvector for poly
x^6-782*x^5+248131*x^4-40706662*x^3+3622530217*x^2-164968809000*x+2999671585936
constructing eigenvector for poly
x^6-1000*x^5+414488*x^4-91167246*x^3+11225698536*x^2-733883444024*x+19906079794129
constructing eigenvector for poly
x^6-1596*x^5+1061212*x^4-376285856*x^3+75041938672*x^2-7980625751488*x+353595530706496
constructing eigenvector for poly
x^6-2538*x^5+2664571*x^4-1481212366*x^3+459839503669*x^2-75597333738980*x+5142315207963844
constructing eigenvector for poly
x^10-104*x^9+4714*x^8-122468*x^7+2018201*x^6-22049516*x^5+161923908*x^4-790579200*x^3+2460829184*x^2-4418519040*x+3481944064
constructing eigenvector for poly
x^10-218*x^9+20905*x^8-1159698*x^7+41166068*x^6-976103274*x^5+15647106457*x^4-167397208218*x^3+1144001853505*x^2-4512122305288*x+7805921912464
constructing eigenvector for poly
x^10-520*x^9+120274*x^8-16295892*x^7+1432454169*x^6-85371245996*x^5+3494088554956*x^4-96990803700144*x^3+1747879892243472*x^2-18469407645530880*x+86916907825693696
constructing eigenvector for poly
x^10-1330*x^9+792303*x^8-278404046*x^7+63904531033*x^6-10012645772248*x^5+1084520737630312*x^4-80190294772176192*x^3+3873872260085340048*x^2-110411612535215730944*x+1409960951381283349504
constructing eigenvector for poly
x^10-1790*x^9+1434281*x^8-677339846*x^7+208738169732*x^6-43854350639062*x^5+6359946698422233*x^4-628568404068870286*x^3+40510024796899885633*x^2-1537099944843216527136*x+26071522629818070847744
constructing eigenvector for poly
x^10-2636*x^9+3119820*x^8-2183276208*x^7+1000479133072*x^6-313698912343040*x^5+68159884663388672*x^4-10133780711732809728*x^3+986680892593444622336*x^2-56812037483612864774144*x+1469017850628532080738304
constructing eigenvector for poly
x^10-3342*x^9+4999083*x^8-4407577038*x^7+2536611906577*x^6-995710976925272*x^5+269984865433131600*x^4-49932806286752123136*x^3+6028473587883842219008*x^2-429041364780325886279680*x+13668688917670555589607424
constructing eigenvector for poly
x^4-44*x^3+726*x^2-5324*x+14641
constructing eigenvector for poly
x^4-120*x^3+5094*x^2-89640*x+558009
constructing eigenvector for poly
x^4-240*x^3+21294*x^2-827280*x+11881809
constructing eigenvector for poly
x^4-348*x^3+44564*x^2-2486112*x+51036736
constructing eigenvector for poly
x^4-664*x^3+161222*x^2-16931336*x+650199001
constructing eigenvector for poly
x^4-1168*x^3+508184*x^2-97602752*x+6982942096
constructing eigenvector for poly
x^4-1656*x^3+1023480*x^2-279777888*x+28543426704
constructing eigenvector for poly
x+5
constructing eigenvector for poly
x^3+15*x^2+75*x+125
constructing eigenvector for poly
x^3-9*x^2+27*x-27
constructing eigenvector for poly
x^3-45*x^2+675*x-3375
constructing eigenvector for poly
x^3-78*x^2+2028*x-17576
constructing eigenvector for poly
x^3+45*x^2+675*x+3375
constructing eigenvector for poly
x^3+180*x^2+10800*x+216000
constructing eigenvector for poly
x^3-96*x^2+3072*x-32768
constructing eigenvector for poly
x+11
constructing eigenvector for poly
x+9
constructing eigenvector for poly
x^7+52*x^6+1102*x^5+12368*x^4+79281*x^3+288556*x^2+544784*x+399424
constructing eigenvector for poly
x^8+7*x^7-66*x^6-294*x^5+709*x^4+615*x^3-748*x^2-352*x+144
constructing eigenvector for poly
x^3+15*x^2+75*x+125
constructing eigenvector for poly
x^3-9*x^2+27*x-27
constructing eigenvector for poly
x^3-45*x^2+675*x-3375
constructing eigenvector for poly
x^3-78*x^2+2028*x-17576
constructing eigenvector for poly
x^3+45*x^2+675*x+3375
constructing eigenvector for poly
x^3+180*x^2+10800*x+216000
constructing eigenvector for poly
x^3-96*x^2+3072*x-32768
constructing eigenvector for poly
x+4
constructing eigenvector for poly
x+12
constructing eigenvector for poly
x^3+11*x^2+31*x+9
constructing eigenvector for poly
x^11+9*x^10-147*x^9-501*x^8+4629*x^7+7851*x^6-30153*x^5-11703*x^4+51150*x^3-18968*x^2+1776*x+24
constructing eigenvector for poly
x+7
constructing eigenvector for poly
x+7
constructing eigenvector for poly
x+7
constructing eigenvector for poly
x+7
constructing eigenvector for poly
x-5
constructing eigenvector for poly
x^8+8*x^7-24*x^6-176*x^5+108*x^4+814*x^3+233*x^2-364*x-24
constructing eigenvector for poly
x^11+9*x^10-147*x^9-501*x^8+4629*x^7+7851*x^6-30153*x^5-11703*x^4+51150*x^3-18968*x^2+1776*x+24
constructing eigenvector for poly
x^3-x^2-76*x+176
constructing eigenvector for poly
x^3+11*x^2+31*x+9
constructing eigenvector for poly
x^18-12*x^17-152*x^16+2260*x^15+5154*x^14-143398*x^13+94493*x^12+4042172*x^11-7850723*x^10-53252672*x^9+144408866*x^8+283003684*x^7-997031800*x^6-212092478*x^5+1838293849*x^4-273232932*x^3-581622600*x^2+150943008*x+5374592
constructing eigenvector for poly
x^13-157*x^12+11152*x^11-473856*x^10+13416017*x^9-266777869*x^8+3825141934*x^7-39944534238*x^6+302921540912*x^5-1641871914792*x^4+6154338876208*x^3-15014204460800*x^2+21173725098304*x-12846185548928
constructing eigenvector for poly
x^10-108*x^9+5068*x^8-135472*x^7+2272081*x^6-24818092*x^5+177394426*x^4-811942480*x^3+2257302160*x^2-3423480432*x+2150971744
constructing eigenvector for poly
x^2-2*x+1
constructing eigenvector for poly
x^2-12*x+19
constructing eigenvector for poly
x^8-72*x^7+2210*x^6-37692*x^5+389769*x^4-2495988*x^3+9639500*x^2-20473488*x+18284176
constructing eigenvector for poly
x^8-206*x^7+17945*x^6-862554*x^5+24998924*x^4-446791914*x^3+4800694745*x^2-28301226926*x+70029566161
constructing eigenvector for poly
x^8-332*x^7+46626*x^6-3623576*x^5+170843569*x^4-5015114028*x^3+89680813164*x^2-894536445744*x+3815474648976
constructing eigenvector for poly
x^8-938*x^7+380263*x^6-86927186*x^5+12240992245*x^4-1085938563356*x^3+59187799277308*x^2-1809680226816368*x+23738709962048656
constructing eigenvector for poly
x^8-1258*x^7+681305*x^6-207700038*x^5+39031526084*x^4-4635567019902*x^3+340162743845705*x^2-14115333308950162*x+253820778851176681
constructing eigenvector for poly
x^8-2116*x^7+1932204*x^6-994454032*x^5+315552771344*x^4-63228247956224*x^3+7815355193322496*x^2-545072892369420288*x+16430954864498507776
constructing eigenvector for poly
x^8-2602*x^7+2938323*x^6-1881301414*x^5+747150527045*x^4-188519778946844*x^3+29519670746330668*x^2-2623354060588163472*x+101322997416666090256
constructing eigenvector for poly
x+7
constructing eigenvector for poly
x^3+21*x^2+147*x+343
constructing eigenvector for poly
x^3+3*x^2+3*x+1
constructing eigenvector for poly
x^3+21*x^2+147*x+343
constructing eigenvector for poly
x^3-66*x^2+1452*x-10648
constructing eigenvector for poly
x^3-39*x^2+507*x-2197
constructing eigenvector for poly
x^3-132*x^2+5808*x-85184
constructing eigenvector for poly
x^3+408*x^2+55488*x+2515456
computing eigenvectors took 266.222419 sec
For conductor 1, eigenvectors are:
-39 -3 -27 -3 -15 -3 -3 -3 -15 1 13 -15 -11 -7 5 -19 -7 9 5 1 -3 -3 9 -7 -15 5 -19 13 1 9 -3 1 1 -3 -15 -3 1 -3 -11 9 5 -7 21 -3 1 -11 -3 -3 1 9 -7 -3 -3 21 -15 5 5 1 -7 -7 13 5 1 1 -3 1 5 1 5 -7 5 9 -3 13 1 -3 1 5 9 -7 -11 over Number field with defining polynomial x-8
-1 -1 -1 -1 -1 -1 -1 -1 -1 -1 -1 -1 -1 -1 -1 -1 -1 -1 -1 -1 -1 -1 -1 -1 -1 -1 -1 -1 -1 -1 -1 -1 -1 -1 -1 -1 -1 -1 -1 -1 -1 -1 -1 -1 -1 -1 -1 -1 -1 -1 -1 -1 -1 -1 -1 -1 -1 -1 -1 -1 -1 -1 -1 -1 -1 -1 -1 -1 -1 -1 -1 -1 -1 -1 -1 -1 -1 -1 -1 -1 -1 over Number field with defining polynomial x-40
0 12*a^2 - 72*a + 36 0 6*a^2 - 36*a + 30 -12*a^2 + 72*a - 60 0 -6*a^2 + 30*a - 12 -6*a+18 15*a^2 - 90*a + 39 -4*a^2 + 24*a - 12 0 0 -2*a^2 + 12*a - 10 -2*a^2 + 8*a - 6 4*a^2 - 24*a + 20 4*a^2 - 16*a - 4 -4*a^2 + 16*a + 4 -10*a^2 + 60*a - 18 -6*a^2 + 32*a - 10 4*a^2 - 24*a + 4 0 -4*a^2 + 28*a - 24 -4*a^2 + 24*a - 12 -2*a^2 + 8*a + 2 -6*a^2 + 36*a - 14 -a^2 + 4*a + 1 -a^2 + 6*a - 5 0 4*a^2 - 22*a + 14 2*a+2 -5*a^2 + 26*a - 13 -6*a^2 + 38*a - 28 5*a^2 - 28*a + 15 -a^2 + 6*a - 9 -4*a^2 + 24*a - 4 a^2 - 4*a + 3 2*a^2 - 12*a + 6 2*a^2 - 12*a + 10 3*a^2 - 16*a + 9 4*a^2 - 20*a 2*a+2 6*a^2 - 34*a + 16 -2*a^2 + 12*a - 10 2*a-2 5*a^2 - 28*a + 7 -6*a^2 + 32*a - 2 -a^2 + 4*a - 3 6*a^2 - 36*a + 14 4*a^2 - 20*a -3*a^2 + 16*a + 3 -4*a^2 + 22*a - 14 a^2 - 8*a + 7 6*a^2 - 34*a + 16 0 6*a^2 - 32*a + 14 5*a^2 - 32*a + 27 6*a^2 - 28*a - 2 -2*a^2 + 14*a - 16 -5*a^2 + 28*a - 7 -2*a^2 + 12*a - 10 -4*a^2 + 22*a - 10 -a^2 + 2*a + 3 4 a^2 - 6*a + 1 -3*a^2 + 16*a - 9 -3*a^2 + 16*a - 5 -6*a^2 + 34*a - 16 3*a^2 - 18*a + 7 a^2 - 6*a + 5 3*a^2 - 18*a + 7 3*a^2 - 16*a + 5 -4 a^2 - 4*a + 3 -2*a^2 + 12*a - 6 -4 -3*a^2 + 18*a - 7 4*a^2 - 22*a + 10 3*a^2 - 18*a + 11 4 -2*a-2 -3*a^2 + 18*a - 7 over Number field with defining polynomial x^3-3*x^2-13*x+7
0 12*a^4 + 156*a^3 + 72*a^2 - 5136*a - 10896 6*a^4 + 114*a^3 + 360*a^2 - 3000*a - 4224 -6*a^4 - 42*a^3 + 72*a^2 - 2832*a - 5856 6*a^4 + 42*a^3 - 288*a^2 - 2136*a - 6672 9*a^4 + 153*a^3 + 324*a^2 - 2772*a - 6840 -6*a^4 - 96*a^3 + 18*a^2 + 3216*a + 2136 -12*a^4 - 210*a^3 - 504*a^2 + 4272*a + 8952 3*a^4 + 21*a^3 - 306*a^2 - 3012*a - 744 -4*a^4 - 52*a^3 - 24*a^2 + 1712*a + 3632 0 -8*a^4 - 140*a^3 - 336*a^2 + 2848*a + 5968 4*a^4 + 64*a^3 - 12*a^2 - 2144*a - 1424 4*a^4 + 40*a^3 - 228*a^2 - 1856*a - 2240 -2*a^4 - 14*a^3 + 96*a^2 + 712*a + 2224 -4*a^4 - 76*a^3 - 420*a^2 - 952*a + 368 4*a^4 + 76*a^3 + 420*a^2 + 952*a - 368 -10*a^4 - 94*a^3 + 228*a^2 + 1832*a + 224 2*a^4 + 26*a^3 - 204*a^2 - 2800*a - 4192 2*a^4 + 14*a^3 - 24*a^2 + 944*a + 1952 -2*a^4 - 26*a^3 + 24*a^2 - 152*a + 1744 2*a^4 + 38*a^3 + 192*a^2 + 656*a + 2768 8*a^4 + 104*a^3 + 228*a^2 - 472*a - 4816 -2*a^4 - 26*a^3 - 228*a^2 - 1088*a - 560 -4*a^4 - 64*a^3 + 12*a^2 + 2144*a + 1424 -5*a^4 - 95*a^3 - 174*a^2 + 2968*a + 4672 a^4 + 7*a^3 - 12*a^2 + 472*a + 976 0 -6*a^3 - 180*a^2 - 720*a + 1560 5*a^4 + 65*a^3 - 168*a^2 - 2752*a - 4792 -5*a^4 - 71*a^3 + 96*a^2 + 3328*a + 4624 -a^4 + 17*a^3 + 318*a^2 + 716*a + 1064 3*a^4 + 15*a^3 - 108*a^2 + 156*a + 600 -a^4 - 31*a^3 - 150*a^2 + 1652*a + 5336 a^4 + 7*a^3 - 66*a^2 - 176*a + 1840 3*a^4 + 45*a^3 - 108*a^2 - 2472*a - 2808 -4*a^4 - 64*a^3 + 48*a^2 + 2972*a + 3512 4*a^4 + 88*a^3 + 240*a^2 - 2792*a - 6512 a^4 - 17*a^3 - 282*a^2 + 112*a + 1024 -2*a^4 - 20*a^3 + 204*a^2 + 2404*a + 2344 -a^4 - 1*a^3 + 192*a^2 + 248*a - 2536 -4*a^4 - 22*a^3 + 336*a^2 + 1316*a + 800 -72*a^3 - 792*a^2 - 72*a + 5184 6*a^4 + 90*a^3 + 126*a^2 - 2532*a - 2088 -3*a^4 - 9*a^3 + 324*a^2 + 1392*a - 72 4*a^4 + 82*a^3 + 312*a^2 - 740*a - 488 -4*a^4 - 46*a^3 + 120*a^2 + 1604*a - 16 48*a^3 + 540*a^2 + 720*a - 96 -a^4 - 13*a^3 + 66*a^2 + 572*a + 8 -a^4 - 7*a^3 + 48*a^2 + 356*a + 1112 a^4 + 43*a^3 + 114*a^2 - 2084*a - 3128 a^4 + 7*a^3 + 24*a^2 + 1300*a + 3064 2*a^4 + 44*a^3 - 24*a^2 - 1684*a - 1456 a^4 + 13*a^3 - 12*a^2 + 76*a - 872 2*a^4 + 14*a^3 - 60*a^2 + 116*a - 136 -3*a^4 - 75*a^3 - 324*a^2 + 1212*a + 1464 -5*a^4 - 95*a^3 - 174*a^2 + 2968*a + 4672 6*a^4 + 108*a^3 + 342*a^2 - 1776*a - 5256 2*a^4 + 8*a^3 - 312*a^2 - 2260*a - 2752 a^4 + 13*a^3 - 138*a^2 - 2228*a - 4184 12*a^3 + 234*a^2 + 324*a + 1560 2*a^4 + 44*a^3 + 120*a^2 - 1396*a - 3256 216*a^2 + 1944*a + 2376 -a^4 - 31*a^3 - 258*a^2 - 832*a - 928 -a^4 - 1*a^3 + 48*a^2 - 40*a - 736 -18*a^3 - 108*a^2 + 540*a + 1440 a^4 - 11*a^3 - 156*a^2 + 184*a + 328 2*a^4 + 32*a^3 - 6*a^2 - 1072*a - 712 -a^4 - 25*a^3 - 222*a^2 - 400*a - 688 2*a^4 + 26*a^3 + 12*a^2 - 856*a - 1816 a^4 + 19*a^3 + 96*a^2 + 328*a + 1384 -2*a^4 - 20*a^3 - 102*a^2 - 1016*a - 1256 -2*a^4 - 20*a^3 + 114*a^2 + 928*a + 1120 4*a^4 + 82*a^3 + 186*a^2 - 3044*a - 3800 -2*a^4 - 26*a^3 - 84*a^2 - 800*a - 2360 -6*a^3 - 126*a^2 - 72*a + 696 6*a^3 - 396*a - 1848 -6*a^3 + 18*a^2 + 216*a - 1104 6*a^3 + 198*a^2 + 1728*a + 3480 -2*a^4 - 32*a^3 - 12*a^2 + 1252*a + 3664 -12*a^3 - 108*a^2 + 144*a - 408 over Number field with defining polynomial x^5+17*x^4+4*x^3-728*x^2-1000*x+688
0 36*a^3 - 234*a^2 + 594*a - 450 72*a^3 - 396*a^2 + 414*a + 72 18*a^3 - 144*a^2 + 324*a - 468 0 -36*a^3 + 198*a^2 - 207*a - 36 -6*a^3 - 12*a^2 + 204*a - 159 6*a^3 + 12*a^2 - 204*a + 159 -27*a^3 + 189*a^2 - 459*a + 459 -12*a^3 + 78*a^2 - 198*a + 150 0 0 12*a^3 - 78*a^2 + 198*a - 150 6*a^3 - 6*a^2 - 168*a + 330 0 0 0 -6*a^3 + 48*a^2 - 108*a + 156 54*a^2 - 90*a - 180 -18*a^3 - 36*a^2 + 594*a - 810 -24*a^3 + 132*a^2 - 138*a - 24 -6*a^3 + 30*a^2 - 90*a - 6 -12*a^3 + 78*a^2 - 198*a + 150 6*a^3 - 30*a^2 + 90*a + 6 0 3*a^3 + 12*a^2 - 87 -3*a^3 + 24*a^2 - 54*a + 78 0 -2*a^3 - 4*a^2 + 68*a - 53 18*a^2 - 30*a - 60 -9*a^3 - 42*a^2 + 222*a - 234 9*a^3 - 54*a^2 + 144*a - 72 -3*a^3 + 24*a^2 - 54*a + 78 9*a^3 - 63*a^2 + 153*a - 153 -7*a^3 + 4*a^2 + 205*a - 301 -25*a^3 + 112*a^2 - 77*a - 46 9*a^3 - 3*a^2 - 159*a + 162 0 9*a^3 - 66*a^2 - 60*a + 261 -5*a^3 - 28*a^2 + 191*a - 239 -18*a^2 + 30*a + 60 18*a^2 - 30*a - 60 0 3*a^3 + 63*a^2 - 303*a + 147 23*a^3 - 152*a^2 + 199*a + 2 7*a^3 - 4*a^2 - 205*a + 301 -23*a^3 + 152*a^2 - 199*a - 2 0 9*a^3 + 18*a^2 - 297*a + 405 -27*a^2 + 45*a + 90 -9*a^3 + 54*a^2 - 144*a + 72 6*a^3 + 21*a^2 - 213*a + 240 -18*a^2 + 30*a + 60 12*a^3 - 66*a^2 + 69*a + 12 -9*a^3 - 21*a^2 + 417*a - 486 3*a^3 - 24*a^2 + 54*a - 78 5*a^3 + 28*a^2 - 191*a + 239 2*a^3 + 4*a^2 - 68*a + 53 25*a^3 - 112*a^2 + 77*a + 46 -3*a^3 - 24*a^2 + 129*a - 75 -3*a^3 + 33*a^2 - 63*a + 159 -a^3 + 16*a^2 + 7*a - 31 -18*a^2 + 30*a + 60 a^3 - 16*a^2 - 7*a + 31 6*a^3 + 9*a^2 - 84*a + 78 -a^3 - 20*a^2 + 61*a - 22 0 -18*a^2 + 30*a + 60 -6*a^3 + 27*a^2 + 30*a - 87 18*a^2 - 30*a - 60 a^3 + 20*a^2 - 61*a + 22 -6*a^3 - 12*a^2 + 198*a - 270 -3*a^3 + 3*a^2 + 84*a - 165 -48*a^2 + 183*a - 153 6*a^3 + 12*a^2 - 198*a + 270 6*a^3 + 12*a^2 - 198*a + 270 12*a^2 - 129*a + 162 0 18*a^2 - 30*a - 60 0 -6*a^3 - 12*a^2 + 198*a - 270 over Number field with defining polynomial x^4-6*x^3-5*x^2+60*x-59
0 72*a^6 + 240*a^5 - 2688*a^4 - 7632*a^3 - 8280*a^2 + 4272*a + 6432 24*a^7 + 96*a^6 - 1152*a^5 - 4656*a^4 + 13800*a^3 + 16752*a^2 - 10368*a - 10848 -60*a^7 - 576*a^6 + 3432*a^5 + 25056*a^4 - 13596*a^3 - 36192*a^2 + 9264*a + 14688 0 -12*a^7 - 48*a^6 + 576*a^5 + 2328*a^4 - 6900*a^3 - 8376*a^2 + 5184*a + 5424 -36*a^7 - 228*a^6 + 1368*a^5 + 8184*a^4 - 1428*a^3 - 8292*a^2 - 1248*a + 768 36*a^7 + 228*a^6 - 1368*a^5 - 8184*a^4 + 1428*a^3 + 8292*a^2 + 1248*a - 768 30*a^7 + 252*a^6 - 1836*a^5 - 11184*a^4 + 10614*a^3 + 22236*a^2 - 6768*a - 10560 -24*a^6 - 80*a^5 + 896*a^4 + 2544*a^3 + 2760*a^2 - 1424*a - 2144 0 0 -4*a^7 - 136*a^6 + 8*a^5 + 3712*a^4 - 4404*a^3 - 2968*a^2 + 4784*a + 1600 -44*a^7 - 200*a^6 + 2368*a^5 + 10296*a^4 - 10740*a^3 - 20128*a^2 + 7696*a + 9760 0 0 0 20*a^7 + 192*a^6 - 1144*a^5 - 8352*a^4 + 4532*a^3 + 12064*a^2 - 3088*a - 4896 12*a^7 - 1472*a^5 - 3384*a^4 + 11172*a^3 + 5896*a^2 - 10080*a - 4928 32*a^7 + 344*a^6 - 1136*a^5 - 12144*a^4 - 5440*a^3 + 16600*a^2 + 5872*a - 4384 -8*a^7 - 32*a^6 + 384*a^5 + 1552*a^4 - 4600*a^3 - 5584*a^2 + 3456*a + 3616 -16*a^7 - 72*a^6 + 1320*a^5 + 7368*a^4 + 5272*a^3 - 7184*a^2 - 8672*a - 2048 -24*a^6 - 80*a^5 + 896*a^4 + 2544*a^3 + 2760*a^2 - 1424*a - 2144 20*a^7 + 200*a^6 - 880*a^5 - 6520*a^4 + 7388*a^3 + 11216*a^2 - 8640*a - 8096 0 -6*a^7 - 28*a^6 + 248*a^5 - 388*a^4 - 5626*a^3 + 2064*a^2 + 4584*a - 720 10*a^7 + 96*a^6 - 572*a^5 - 4176*a^4 + 2266*a^3 + 6032*a^2 - 1544*a - 2448 0 -12*a^7 - 76*a^6 + 456*a^5 + 2728*a^4 - 476*a^3 - 2764*a^2 - 416*a + 256 4*a^7 + 52*a^6 - 476*a^5 - 3092*a^4 + 4280*a^3 + 7296*a^2 - 3360*a - 4016 -10*a^7 - 116*a^6 + 108*a^5 + 3568*a^4 + 5230*a^3 - 2300*a^2 - 4176*a - 592 8*a^7 + 48*a^6 - 620*a^5 - 4132*a^4 - 3908*a^3 + 2212*a^2 + 5048*a + 2096 10*a^7 + 104*a^6 - 664*a^5 - 5540*a^4 - 434*a^3 + 5076*a^2 + 1944*a + 224 -10*a^7 - 84*a^6 + 612*a^5 + 3728*a^4 - 3538*a^3 - 7412*a^2 + 2256*a + 3520 4*a^7 + 60*a^6 - 252*a^5 - 1828*a^4 + 4936*a^3 + 5480*a^2 - 3488*a - 2960 -6*a^7 - 76*a^6 + 196*a^5 + 1688*a^4 - 1894*a^3 - 2804*a^2 + 656*a + 656 16*a^7 + 204*a^6 - 464*a^5 - 5496*a^4 + 2272*a^3 + 4260*a^2 - 904*a + 96 0 6*a^7 + 32*a^6 - 232*a^5 - 1532*a^4 - 3182*a^3 - 2164*a^2 + 1392*a + 1648 16*a^7 + 128*a^6 - 932*a^5 - 5820*a^4 + 4756*a^3 + 10060*a^2 - 2944*a - 4272 -4*a^7 - 52*a^6 + 476*a^5 + 3092*a^4 - 4280*a^3 - 7296*a^2 + 3360*a + 4016 4*a^7 + 52*a^6 - 476*a^5 - 3092*a^4 + 4280*a^3 + 7296*a^2 - 3360*a - 4016 0 56*a^6 + 276*a^5 - 812*a^4 - 3076*a^3 + 3052*a^2 + 3800*a - 320 -6*a^7 - 8*a^6 + 36*a^5 - 224*a^4 + 762*a^3 + 1856*a^2 - 944*a - 1456 -4*a^7 - 60*a^6 + 252*a^5 + 1828*a^4 - 4936*a^3 - 5480*a^2 + 3488*a + 2960 6*a^7 + 8*a^6 - 36*a^5 + 224*a^4 - 762*a^3 - 1856*a^2 + 944*a + 1456 0 -16*a^7 - 172*a^6 + 568*a^5 + 6072*a^4 + 2720*a^3 - 8300*a^2 - 2936*a + 2192 -6*a^7 + 736*a^5 + 1692*a^4 - 5586*a^3 - 2948*a^2 + 5040*a + 2464 -8*a^7 - 32*a^6 + 436*a^5 + 1404*a^4 - 1492*a^3 - 4124*a^2 + 1928*a + 3248 6*a^7 - 72*a^6 - 616*a^5 + 924*a^4 + 8090*a^3 + 1764*a^2 - 6784*a - 2688 -4*a^7 - 52*a^6 + 476*a^5 + 3092*a^4 - 4280*a^3 - 7296*a^2 + 3360*a + 4016 4*a^7 + 16*a^6 - 192*a^5 - 776*a^4 + 2300*a^3 + 2792*a^2 - 1728*a - 1808 -16*a^7 - 184*a^6 + 528*a^5 + 6520*a^4 + 3992*a^3 - 6920*a^2 - 3648*a + 1120 -10*a^7 - 88*a^6 + 480*a^5 + 2812*a^4 - 4966*a^3 - 6988*a^2 + 5032*a + 5120 -16*a^7 - 128*a^6 + 932*a^5 + 5820*a^4 - 4756*a^3 - 10060*a^2 + 2944*a + 4272 12*a^7 + 76*a^6 - 456*a^5 - 2728*a^4 + 476*a^3 + 2764*a^2 + 416*a - 256 6*a^7 + 76*a^6 - 196*a^5 - 1688*a^4 + 1894*a^3 + 2804*a^2 - 656*a - 656 16*a^7 + 100*a^6 - 448*a^5 - 3456*a^4 - 216*a^3 + 7116*a^2 + 1192*a - 2416 -60*a^6 + 108*a^5 + 2316*a^4 - 1876*a^3 - 4024*a^2 + 496*a + 1216 -6*a^7 - 34*a^6 + 340*a^5 + 1996*a^4 + 90*a^3 - 2290*a^2 - 272*a + 656 6*a^7 + 50*a^6 - 232*a^5 - 984*a^4 + 3542*a^3 + 3894*a^2 - 2772*a - 2576 6*a^7 + 34*a^6 - 340*a^5 - 1996*a^4 - 90*a^3 + 2290*a^2 + 272*a - 656 10*a^6 + 232*a^5 + 304*a^4 - 3748*a^3 - 1866*a^2 + 2860*a + 1520 -6*a^7 - 42*a^6 + 116*a^5 + 732*a^4 - 566*a^3 - 474*a^2 - 144*a - 400 0 6*a^7 + 58*a^6 - 324*a^5 - 2348*a^4 + 842*a^3 + 2938*a^2 + 716*a + 96 -2*a^6 - 8*a^5 + 960*a^4 + 4404*a^3 + 50*a^2 - 2988*a - 464 -6*a^7 - 58*a^6 + 324*a^5 + 2348*a^4 - 842*a^3 - 2938*a^2 - 716*a - 96 6*a^7 + 42*a^6 - 116*a^5 - 732*a^4 + 566*a^3 + 474*a^2 + 144*a + 400 -16*a^6 + 208*a^5 + 1616*a^4 - 276*a^3 - 2464*a^2 - 572*a + 304 36*a^6 - 60*a^5 - 1308*a^4 - 1252*a^3 + 592*a^2 + 872*a + 112 2*a^6 - 192*a^5 - 752*a^4 + 2476*a^3 + 486*a^2 - 2148*a - 448 16*a^6 - 208*a^5 - 1616*a^4 + 276*a^3 + 2464*a^2 + 572*a - 304 8*a^6 - 116*a^5 - 252*a^4 + 2976*a^3 + 3420*a^2 - 2916*a - 2976 -10*a^6 - 32*a^5 - 512*a^4 - 3132*a^3 + 1330*a^2 + 2276*a - 608 -8*a^6 + 92*a^5 + 1364*a^4 + 2700*a^3 + 956*a^2 - 3488*a - 2672 -6*a^7 - 50*a^6 + 232*a^5 + 984*a^4 - 3542*a^3 - 3894*a^2 + 2772*a + 2576 0 -8*a^6 + 116*a^5 + 252*a^4 - 2976*a^3 - 3420*a^2 + 2916*a + 2976 over Number field with defining polynomial x^8+7*x^7-66*x^6-294*x^5+709*x^4+615*x^3-748*x^2-352*x+144
a vector of length 81 over Number field with defining polynomial a number field of degree 18
a vector of length 81 over Number field with defining polynomial a number field of degree 13
-9 3 3 -9 0 3 -3 3 3 2 -9 3 2 -1 0 0 0 3 -1 7 -1 2 -1 2 0 -3 -9 0 -1 -1 7 -2 -2 -1 -1 -2 -3 0 5 -3 -5 5 0 -1 -2 1 2 0 1 5 -2 -3 1 -1 5 -2 3 1 2 1 -1 1 -4 -1 1 -2 3 0 -1 0 2 -4 -1 1 4 0 -1 2 4 -3 0 over Number field with defining polynomial x-230
0 6*a+78 0 -6*a-78 0 0 -12 12 0 -2*a-26 0 0 2*a+26 0 0 0 0 2*a+26 0 0 0 2*a+26 -2*a-26 -2*a-26 0 -a-13 a+13 0 -4 -2*a-26 a+13 0 -2*a-26 0 2*a+30 4 -a-13 0 -a-13 2*a+22 2*a+26 -2*a-26 0 a+13 4 -2*a-30 -4 0 0 0 0 0 2*a+26 0 -a-13 2*a+26 -2*a-22 4 -4 0 a+13 4 -a-13 -4 -a-13 4 0 -a-13 a+13 a+13 -4 -a-13 0 -a-13 a+13 a+13 a+13 0 a+13 0 -a-13 over Number field with defining polynomial x^2+24*x+139
10*a^2 - 3060*a - 1115730 96*a^2 - 83132*a + 16929262 82*a^2 - 67068*a + 13351302 96*a^2 - 79844*a + 15554326 60*a^2 - 58140*a + 12932360 124*a^2 - 105846*a + 22053354 74*a^2 - 58030*a + 11079366 86*a^2 - 68740*a + 13304574 114*a^2 - 98312*a + 20202286 -2*a^2 + 2084*a - 442844 -40*a^2 + 36910*a - 8358230 110*a^2 - 92920*a + 19152670 -18*a^2 + 17816*a - 4062196 -1254*a+541778 60*a^2 - 58140*a + 12932360 -6020*a+1943320 -6020*a+1943320 108*a^2 - 93252*a + 19111278 -20*a^2 + 14910*a - 2665398 -20*a^2 + 16362*a - 3317806 86*a^2 - 71584*a + 14330326 -30*a^2 + 27936*a - 6244212 108*a^2 - 92156*a + 18652966 10*a^2 - 8036*a + 1739172 20*a^2 - 17940*a + 3650640 -30*a^2 + 25362*a - 5282658 -26*a^2 + 23984*a - 5457546 -6020*a+1943320 78*a^2 - 61600*a + 11821102 10*a^2 - 9040*a + 2230334 6*a^2 - 6684*a + 1764894 16*a^2 - 12000*a + 2371868 24*a^2 - 19866*a + 4181544 102*a^2 - 87096*a + 17561958 46*a^2 - 40708*a + 8568382 -112*a^2 + 94518*a - 19193976 -24*a^2 + 20302*a - 4191650 20*a^2 - 17940*a + 3650640 2*a^2 - 3114*a + 1023158 44*a^2 - 39944*a + 8545314 -10*a^2 + 8220*a - 1435154 -20*a^2 + 20850*a - 5031026 20*a^2 - 17940*a + 3650640 -3076*a+1326294 -84*a^2 + 68666*a - 13392608 24*a^2 - 21232*a + 4227418 -106*a^2 + 90184*a - 18429172 20*a^2 - 17940*a + 3650640 10*a^2 - 11706*a + 3159038 10*a^2 - 10980*a + 2832834 4*a^2 - 1880*a + 189852 -10*a^2 + 7376*a - 1290966 -40*a^2 + 38110*a - 8696514 72*a^2 - 58658*a + 11429642 -16*a^2 + 12066*a - 2249866 -4*a^2 + 5986*a - 1619824 26*a^2 - 21996*a + 4250486 82*a^2 - 65170*a + 12562838 -78*a^2 + 64332*a - 12627804 -10*a^2 + 8102*a - 1617170 8*a^2 - 9120*a + 2351454 36*a^2 - 31352*a + 6409434 1690*a-551884 34*a^2 - 30588*a + 6386366 -10*a^2 + 6280*a - 832654 -98*a^2 + 81592*a - 16293292 -30*a^2 + 29480*a - 6863770 -20*a^2 + 18580*a - 4085264 -6*a^2 + 3806*a - 549230 20*a^2 - 15570*a + 3113604 -92*a^2 + 77258*a - 15528488 20*a^2 - 16296*a + 3439808 -20*a^2 + 16732*a - 3449914 -24*a^2 + 21028*a - 4517854 -20*a^2 + 19306*a - 4411468 2416*a-878088 -1254*a+541778 -10*a^2 + 9950*a - 2252520 1320*a-419776 -410*a+397590 594*a-93572 over Number field with defining polynomial x^3-1269*x^2+527105*x-71709938
-186*a^4 + 251841*a^3 - 126599535*a^2 + 28013134704*a - 2302870684224 -33*a^4 + 53178*a^3 - 30424239*a^2 + 7389337668*a - 647073895248 120*a^4 - 157383*a^3 + 75916161*a^2 - 15989429880*a + 1242283782048 -33*a^4 + 40020*a^3 - 17695251*a^2 + 3383790936*a - 235974821088 -327*a^4 + 431037*a^3 - 209096973*a^2 + 44276810088*a - 3454499792064 171*a^4 - 227712*a^3 + 111721629*a^2 - 23957487708*a + 1896369472464 -180*a^4 + 237225*a^3 - 115321473*a^2 + 24562600386*a - 1937373793032 -180*a^4 + 230238*a^3 - 107884449*a^2 + 21979812078*a - 1644048033144 18*a^4 - 23628*a^3 + 11312427*a^2 - 2341427142*a + 176608070328 -34*a^4 + 51282*a^3 - 28133211*a^2 + 6678662700*a - 580230309264 102*a^4 - 141342*a^3 + 72405993*a^2 - 16257485312*a + 1349731788224 154*a^4 - 204269*a^3 + 99786473*a^2 - 21301468432*a + 1678340908992 -34*a^4 + 46964*a^3 - 24179079*a^2 + 5503524712*a - 467166125824 -34*a^4 + 39368*a^3 - 16238467*a^2 + 2779289312*a - 160475124288 -327*a^4 + 431037*a^3 - 209096973*a^2 + 44276810088*a - 3454499792064 -17*a^4 + 21781*a^3 - 10186819*a^2 + 2076221128*a - 156127662400 -17*a^4 + 21781*a^3 - 10186819*a^2 + 2076221128*a - 156127662400 a^4 + 1974*a^3 - 2599795*a^2 + 902161128*a - 97952584864 -34*a^4 + 42496*a^3 - 19346475*a^2 + 3811543048*a - 273926486944 -34*a^4 + 43618*a^3 - 20516415*a^2 + 4224767624*a - 323364554144 52*a^4 - 67861*a^3 + 32281241*a^2 - 6633946904*a + 496622753568 34*a^4 - 51466*a^3 + 28519561*a^2 - 6842411264*a + 600498634656 a^4 - 2412*a^3 + 1643201*a^2 - 433021116*a + 39080439856 34*a^4 - 49800*a^3 + 26532261*a^2 - 6086218012*a + 507819691408 -81*a^4 + 109181*a^3 - 54158143*a^2 + 11716923992*a - 933371600032 17*a^4 - 22831*a^3 + 11536099*a^2 - 2604261894*a + 221844801656 -17*a^4 + 23324*a^3 - 11859981*a^2 + 2658188508*a - 222044217808 -17*a^4 + 21781*a^3 - 10186819*a^2 + 2076221128*a - 156127662400 -180*a^4 + 234896*a^3 - 112842465*a^2 + 23701670950*a - 1839598539736 -17*a^4 + 21413*a^3 - 9922283*a^2 + 2003296994*a - 148712397352 17*a^4 - 20706*a^3 + 9176907*a^2 - 1754772540*a + 121721145104 17*a^4 - 24164*a^3 + 12475607*a^2 - 2762607614*a + 221274615576 17*a^4 - 22005*a^3 + 10498541*a^2 - 2175038620*a + 164742523856 -16*a^4 + 23190*a^3 - 12269021*a^2 + 2810567154*a - 235480215336 32*a^4 - 44313*a^3 + 22506157*a^2 - 4981330816*a + 406434336192 -31*a^4 + 42181*a^3 - 21299451*a^2 + 4733267064*a - 390855877024 34*a^4 - 39559*a^3 + 16222693*a^2 - 2722227002*a + 149489101640 -81*a^4 + 109181*a^3 - 54158143*a^2 + 11716923992*a - 933371600032 -17*a^4 + 24123*a^3 - 12623077*a^2 + 2867820914*a - 238181166568 83*a^4 - 112483*a^3 + 56114341*a^2 - 12235069452*a + 985308993264 17*a^4 - 22481*a^3 + 10977313*a^2 - 2343075938*a + 184473166248 34*a^4 - 45550*a^3 + 22376833*a^2 - 4802736782*a + 381825073624 -81*a^4 + 109181*a^3 - 54158143*a^2 + 11716923992*a - 933371600032 68*a^4 - 87108*a^3 + 40891053*a^2 - 8354194028*a + 627539582480 3*a^4 - 4705*a^3 + 2570861*a^2 - 578771488*a + 45201249920 117*a^4 - 155255*a^3 + 75843997*a^2 - 16168217808*a + 1269056489664 -82*a^4 + 108022*a^3 - 52428627*a^2 + 11126076264*a - 871955280800 -81*a^4 + 109181*a^3 - 54158143*a^2 + 11716923992*a - 933371600032 -51*a^4 + 65276*a^3 - 30789923*a^2 + 6362826140*a - 486858740368 -51*a^4 + 65837*a^3 - 31374893*a^2 + 6569438428*a - 511577773968 17*a^4 - 22838*a^3 + 11492191*a^2 - 2553135246*a + 211081995480 17*a^4 - 25079*a^3 + 13532307*a^2 - 3155561172*a + 268244715888 68*a^4 - 89444*a^3 + 43276429*a^2 - 9149109714*a + 715010637224 35*a^4 - 44418*a^3 + 20346085*a^2 - 3977927628*a + 278594190096 68*a^4 - 89709*a^3 + 43778741*a^2 - 9386607802*a + 746935273800 17*a^4 - 24997*a^3 + 13469257*a^2 - 3140704240*a + 267614087200 66*a^4 - 87085*a^3 + 42235813*a^2 - 8914479172*a + 690181832592 -180*a^4 + 232567*a^3 - 110363457*a^2 + 22840741514*a - 1741823286440 -48*a^4 + 61136*a^3 - 28558315*a^2 + 5814037712*a - 435898153856 17*a^4 - 24518*a^3 + 12947337*a^2 - 2948948884*a + 243525682288 34*a^4 - 46274*a^3 + 23251037*a^2 - 5133530972*a + 421194423504 49*a^4 - 65699*a^3 + 32370985*a^2 - 6947904994*a + 548308084392 1966*a^3 - 1745965*a^2 + 486205078*a - 41998687128 100*a^4 - 133869*a^3 + 65979169*a^2 - 14201643630*a + 1127182741464 51*a^4 - 65994*a^3 + 31434905*a^2 - 6559104188*a + 507286272304 -14*a^4 + 18738*a^3 - 9364295*a^2 + 2077247788*a - 172827313552 51*a^4 - 67497*a^3 + 32826631*a^2 - 6975923248*a + 548417855424 -227*a^3 + 375533*a^2 - 181386044*a + 26517825232 51*a^4 - 65331*a^3 + 30636857*a^2 - 6239175714*a + 465292918408 3360*a^3 - 3324585*a^2 + 1070913992*a - 113057192352 -65*a^4 + 84579*a^3 - 40493471*a^2 + 8470056988*a - 653926717328 2799*a^3 - 2739615*a^2 + 864301704*a - 88338158752 -3965*a^3 + 4076159*a^2 - 1360471332*a + 147991405712 2006*a^3 - 1977677*a^2 + 636466296*a - 67242267040 334*a^3 - 209437*a^2 + 25226244*a + 1798791632 2527*a^3 - 2330935*a^2 + 692817366*a - 66717720728 -51*a^3 + 92651*a^2 - 52978802*a + 8912548232 -755*a^3 + 684883*a^2 - 186610466*a + 15230472744 1167*a^3 - 1203087*a^2 + 403322870*a - 44540679992 -534*a^3 + 527515*a^2 - 169889472*a + 17880384448 606*a^3 - 618117*a^2 + 196710582*a - 19821646392 over Number field with defining polynomial x^5-1671*x^4+1103421*x^3-359972028*x^2+58023742880*x-3697119002368
33*a-12114 3*a-1926 15*a-4878 3*a-2358 0 15*a-4590 -27*a+10638 -27*a+10494 12*a-5904 -7*a+2958 16*a-5760 15*a-4686 -a+114 16*a-6240 0 -10*a+5364 -10*a+5364 9*a-4578 20*a-8040 20*a-8136 21*a-7098 5*a-2490 9*a-4722 3*a-1446 18*a-7044 -10*a+3564 -17*a+6450 -10*a+5364 -27*a+10590 -a+378 -9*a+3234 6*a-2916 3*a-1494 6*a-3396 -10*a+4020 -144 -12*a+4272 18*a-7044 -10*a+3564 -10*a+3876 a-378 -a+378 18*a-7044 -9*a+3186 48 -8*a+3024 -48 18*a-7044 18*a-7140 18*a-7188 4*a-2016 18*a-6900 a-378 21*a-7194 -8*a+2568 7*a-3438 -8*a+3168 -27*a+10542 144 18*a-6948 -13*a+4698 -9*a+3594 4*a-1344 -9*a+3450 -9*a+3042 -48 0 a+30 -12*a+4320 3*a-870 48 3*a-822 18*a-7044 -11*a+3942 a-18 4*a-1392 -12*a+4464 -216 504 0 552 over Number field with defining polynomial x^2-828*x+168948
0 12 0 -12 0 0 0 0 0 -4 0 0 4 0 0 0 0 4 0 0 0 4 -4 -4 0 -2 2 0 0 4 2 0 -4 0 -4 0 -2 0 -2 -4 -4 4 0 2 0 4 0 0 0 0 0 0 -4 0 -2 4 4 0 0 0 2 0 2 0 -2 0 0 2 2 -2 0 2 0 -2 -2 -2 2 0 -2 0 2 over Number field with defining polynomial x+5
0 -6 12 0 0 -6 3 -3 -3 2 0 0 -4 0 0 0 0 -4 4 4 -4 0 -2 2 2 -3 0 0 1 -1 2 1 4 -3 0 0 -1 2 1 -2 1 -1 2 2 -2 0 0 2 -2 -2 3 -2 1 2 -1 0 2 -1 -2 -2 4 1 -1 -1 0 -1 0 0 2 -1 -1 -1 2 -2 0 -1 2 0 0 0 0 over Number field with defining polynomial x-32
For conductor 2, eigenvectors are:
-1 -1 1 0 0 0 0 0 0 0 -1 0 0 -1 0 0 0 1 0 0 over Number field with defining polynomial x+11
2 1 2 0 0 2 -1 0 -1 0 -1 0 0 1 -1 0 0 1 2 -1 over Number field with defining polynomial x+9
a^6 + 40*a^5 + 638*a^4 + 5176*a^3 + 22377*a^2 + 48200*a + 39184 4*a^5 + 118*a^4 + 1348*a^3 + 7414*a^2 + 19420*a + 18960 -a^6 - 40*a^5 - 638*a^4 - 5176*a^3 - 22377*a^2 - 48200*a - 39184 -2*a^5 - 48*a^4 - 394*a^3 - 1096*a^2 + 884*a + 6320 3*a^5 + 103*a^4 + 1357*a^3 + 8545*a^2 + 25624*a + 29072 -2*a^5 - 66*a^4 - 878*a^3 - 5910*a^2 - 20152*a - 27808 a^6 + 43*a^5 + 725*a^4 + 6133*a^3 + 27262*a^2 + 59228*a + 46768 -2*a^5 - 48*a^4 - 394*a^3 - 1096*a^2 + 884*a + 6320 -a^6 - 39*a^5 - 611*a^4 - 4897*a^3 - 21008*a^2 - 45076*a - 36656 -3*a^5 - 103*a^4 - 1357*a^3 - 8545*a^2 - 25624*a - 29072 -a^6 - 40*a^5 - 642*a^4 - 5288*a^3 - 23537*a^2 - 53468*a - 48032 0 2*a^5 + 48*a^4 + 394*a^3 + 1096*a^2 - 884*a - 6320 -a^6 - 44*a^5 - 756*a^4 - 6524*a^3 - 29791*a^2 - 67620*a - 58144 -5*a^5 - 149*a^4 - 1739*a^3 - 9943*a^2 - 27812*a - 30336 -2*a^5 - 48*a^4 - 394*a^3 - 1096*a^2 + 884*a + 6320 0 -4*a^4 - 112*a^3 - 1160*a^2 - 5268*a - 8848 2*a^5 + 66*a^4 + 878*a^3 + 5910*a^2 + 20152*a + 27808 a^5 + 35*a^4 + 503*a^3 + 3689*a^2 + 13660*a + 20224 over Number field with defining polynomial x^7+52*x^6+1102*x^5+12368*x^4+79281*x^3+288556*x^2+544784*x+399424
a^6 - 2*a^5 - 8*a^4 + 176*a^3 - 121*a^2 - 166*a + 40 a^6 - 1*a^5 - 23*a^4 - 1*a^3 - 38*a^2 - 86*a - 28 a^6 - 2*a^5 - 8*a^4 + 176*a^3 - 121*a^2 - 166*a + 40 a^7 + 3*a^6 - 60*a^5 - 146*a^4 + 497*a^3 + 87*a^2 - 370*a - 36 a^6 - 22*a^4 - 110*a^3 + 265*a^2 + 90*a - 168 -a^6 + 12*a^5 + 58*a^4 - 264*a^3 + 67*a^2 + 272*a - 8 11*a^5 + 25*a^4 - 69*a^3 + 43*a^2 + 2*a - 92 a^6 + 8*a^5 + 4*a^4 - 34*a^3 + 203*a^2 + 6*a - 132 11*a^5 + 25*a^4 - 69*a^3 + 43*a^2 + 2*a - 92 a^6 - 22*a^4 - 110*a^3 + 265*a^2 + 90*a - 168 -a^5 + 25*a^4 - 19*a^3 - 97*a^2 + 104*a + 124 -a^7 - 8*a^6 + 74*a^5 + 330*a^4 - 805*a^3 - 494*a^2 + 480*a + 144 a^7 + 7*a^6 - 44*a^5 - 212*a^4 + 461*a^3 + 225*a^2 - 282*a - 12 a^5 - 25*a^4 + 19*a^3 + 97*a^2 - 104*a - 124 a^6 + 9*a^5 + 27*a^4 - 89*a^3 - 92*a^2 + 20*a + 4 3*a^6 + 8*a^5 - 70*a^4 - 2*a^3 - 65*a^2 + 82*a + 156 2*a^6 + 4*a^5 - 122*a^4 - 148*a^3 + 532*a^2 + 220*a - 240 a^6 - 1*a^5 - 23*a^4 - 1*a^3 - 38*a^2 - 86*a - 28 -a^6 + 12*a^5 + 58*a^4 - 264*a^3 + 67*a^2 + 272*a - 8 a^6 + 9*a^5 + 27*a^4 - 89*a^3 - 92*a^2 + 20*a + 4 over Number field with defining polynomial x^8+7*x^7-66*x^6-294*x^5+709*x^4+615*x^3-748*x^2-352*x+144
0 -1 0 0 1 0 1 -1 0 1 0 0 0 1 -1 1 -1 0 0 0 over Number field with defining polynomial x-32
For conductor 79, eigenvectors are:
0 1 0 1 0 0 1 1 1 0 -1 0 -1 1 1 -1 0 -1 0 -1 over Number field with defining polynomial x+4
-2 1 -2 -3 -2 0 1 1 1 -2 1 0 -1 -1 -1 -1 0 -1 0 1 over Number field with defining polynomial x+12
a^2 + 8*a + 13 a^2 + 5*a + 4 a^2 + 8*a + 13 0 -2*a-8 0 a^2 + 5*a - 2 -a^2 - 6*a - 5 a+7 -2*a-8 a+1 -6 -a^2 - 8*a - 13 -a^2 - 5*a - 4 -a^2 - 5*a + 2 2*a+8 a^2 + 4*a - 3 -a-1 0 a+7 over Number field with defining polynomial x^3+11*x^2+31*x+9
a vector of length 20 over Number field with defining polynomial a number field of degree 11
0 0 0 -1 0 0 1 -1 0 0 -1 0 1 0 1 1 0 -1 0 0 over Number field with defining polynomial x+7
0 0 0 0 1 0 0 -1 1 1 1 0 0 0 0 -1 -1 -1 0 1 over Number field with defining polynomial x+7
0 -2 0 1 0 0 1 1 -2 0 -1 0 -1 -2 1 -1 0 -1 0 2 over Number field with defining polynomial x+7
-2 1 2 -1 2 4 -2 -1 -1 -2 -4 2 -1 1 -2 -1 -2 0 0 1 over Number field with defining polynomial x+7
For conductor 158, eigenvectors are:
-12 6 0 6 0 6 0 -6 6 8 2 4 4 2 0 0 0 -2 2 2 8 4 2 0 -2 1 -1 0 -6 0 1 4 2 -2 2 0 -1 2 1 0 0 -4 2 -5 0 0 -2 2 4 -2 4 -2 -4 -2 1 2 -2 0 2 0 5 0 -1 -2 -3 2 0 3 -3 -1 0 -3 0 3 1 -3 1 -2 -3 4 -1 over Number field with defining polynomial x-5
0 -24*a^7 - 108*a^6 + 324*a^5 + 1596*a^4 + 12*a^3 - 2220*a^2 + 948*a - 240 72*a^6 - 36*a^5 - 1740*a^4 + 96*a^3 + 5268*a^2 - 1068*a - 864 12*a^7 + 24*a^6 - 204*a^5 - 336*a^4 - 744*a^3 - 612*a^2 + 1044*a + 240 0 -36*a^6 + 18*a^5 + 870*a^4 - 48*a^3 - 2634*a^2 + 534*a + 432 24*a^6 + 234*a^5 - 96*a^4 - 2292*a^3 - 1698*a^2 + 1428*a + 96 -24*a^6 - 234*a^5 + 96*a^4 + 2292*a^3 + 1698*a^2 - 1428*a - 96 6*a^7 + 42*a^6 - 60*a^5 - 630*a^4 + 366*a^3 + 1416*a^2 - 996*a 8*a^7 + 36*a^6 - 108*a^5 - 532*a^4 - 4*a^3 + 740*a^2 - 316*a + 80 0 0 4*a^7 + 12*a^6 - 36*a^5 - 196*a^4 + 116*a^3 + 228*a^2 - 528*a + 400 -24*a^6 - 56*a^5 + 276*a^4 + 680*a^3 - 32*a^2 - 636*a + 80 0 -8*a^7 - 48*a^6 + 144*a^5 + 672*a^4 + 240*a^3 - 1024*a^2 - 424*a + 640 8*a^7 + 48*a^6 - 144*a^5 - 672*a^4 - 240*a^3 + 1024*a^2 + 424*a - 640 -4*a^7 - 8*a^6 + 68*a^5 + 112*a^4 + 248*a^3 + 204*a^2 - 348*a - 80 40*a^6 + 140*a^5 - 632*a^4 - 2296*a^3 - 1004*a^2 + 1736*a -32*a^6 - 28*a^5 + 196*a^4 - 256*a^3 - 1100*a^2 - 172*a + 240 24*a^6 - 12*a^5 - 580*a^4 + 32*a^3 + 1756*a^2 - 356*a - 288 -12*a^7 - 76*a^6 + 184*a^5 + 1092*a^4 - 4*a^3 - 1968*a^2 + 240*a + 640 -8*a^7 - 36*a^6 + 108*a^5 + 532*a^4 + 4*a^3 - 740*a^2 + 316*a - 80 -4*a^6 - 32*a^5 + 84*a^4 - 364*a^3 - 432*a^2 + 876*a - 320 4*a^7 + 28*a^6 - 108*a^5 - 724*a^4 + 956*a^3 + 2668*a^2 - 1656*a - 208 -2*a^7 + 4*a^6 + 112*a^5 + 24*a^4 - 640*a^3 - 464*a^2 + 302*a - 8 -2*a^7 - 4*a^6 + 34*a^5 + 56*a^4 + 124*a^3 + 102*a^2 - 174*a - 40 0 8*a^6 + 78*a^5 - 32*a^4 - 764*a^3 - 566*a^2 + 476*a + 32 -6*a^6 - 46*a^5 + 102*a^4 + 930*a^3 + 1202*a^2 - 134*a - 416 -2*a^7 - 32*a^6 - 90*a^5 + 304*a^4 + 1104*a^3 + 762*a^2 - 46*a - 368 2*a^7 + 20*a^6 - 38*a^5 - 280*a^4 + 4*a^3 + 614*a^2 + 38*a - 360 -8*a^7 - 44*a^6 + 110*a^5 + 644*a^4 - 60*a^3 - 1098*a^2 + 384*a + 120 -2*a^7 - 14*a^6 + 20*a^5 + 210*a^4 - 122*a^3 - 472*a^2 + 332*a -4*a^7 - 8*a^6 + 122*a^5 + 350*a^4 - 416*a^3 - 1086*a^2 - 14*a + 288 -4*a^7 - 20*a^6 + 12*a^5 + 414*a^4 + 352*a^3 - 992*a^2 - 306*a + 208 -2*a^7 + 6*a^6 + 66*a^5 - 6*a^4 - 338*a^3 - 566*a^2 - 272*a + 296 -4*a^7 - 28*a^6 - 28*a^5 + 116*a^4 + 468*a^3 + 780*a^2 - 328*a - 208 2*a^7 + 8*a^6 - 144*a^5 - 208*a^4 + 1188*a^3 + 936*a^2 - 1382*a + 272 4*a^7 - 8*a^6 - 206*a^5 + 6*a^4 + 2032*a^3 + 2122*a^2 - 1086*a - 368 -6*a^6 - 46*a^5 + 102*a^4 + 930*a^3 + 1202*a^2 - 134*a - 416 -14*a^6 - 18*a^5 + 22*a^4 - 6*a^3 + 134*a^2 + 330*a - 256 4*a^7 + 76*a^6 + 4*a^5 - 1276*a^4 - 404*a^3 + 2732*a^2 - 384*a - 368 -6*a^7 - 14*a^6 + 184*a^5 + 382*a^4 - 1346*a^3 - 2076*a^2 + 868*a + 328 4*a^7 + 12*a^6 - 4*a^5 - 58*a^4 - 256*a^3 - 48*a^2 + 526*a - 320 -4*a^7 - 8*a^6 + 122*a^5 + 350*a^4 - 416*a^3 - 1086*a^2 - 14*a + 288 4*a^7 - 4*a^6 + 166*a^4 - 384*a^3 - 764*a^2 + 662*a + 80 4*a^7 - 20*a^6 - 84*a^5 + 436*a^4 + 892*a^3 - 844*a^2 - 944*a + 368 16*a^6 + 14*a^5 - 98*a^4 + 128*a^3 + 550*a^2 + 86*a - 120 20*a^6 + 70*a^5 - 316*a^4 - 1148*a^3 - 502*a^2 + 868*a -2*a^7 - 4*a^6 + 34*a^5 + 56*a^4 + 124*a^3 + 102*a^2 - 174*a - 40 4*a^6 - 14*a^5 + 40*a^4 + 468*a^3 + 534*a^2 - 232*a - 80 -14*a^6 - 18*a^5 + 22*a^4 - 6*a^3 + 134*a^2 + 330*a - 256 12*a^6 - 6*a^5 - 290*a^4 + 16*a^3 + 878*a^2 - 178*a - 144 -2*a^7 - 2*a^6 + 6*a^5 + 118*a^4 - 282*a^3 - 1242*a^2 - 340*a + 640 -4*a^7 - 20*a^6 + 38*a^5 + 308*a^4 - 180*a^3 - 586*a^2 + 596*a - 200 -4*a^7 + 8*a^6 + 206*a^5 - 6*a^4 - 2032*a^3 - 2122*a^2 + 1086*a + 368 -8*a^6 - 78*a^5 + 32*a^4 + 764*a^3 + 566*a^2 - 476*a - 32 4*a^7 + 36*a^6 - 16*a^5 - 638*a^4 - 224*a^3 + 1708*a^2 + 170*a - 608 8*a^6 + 42*a^5 - 178*a^4 - 808*a^3 - 518*a^2 + 550*a + 40 -6*a^7 - 22*a^6 + 88*a^5 + 322*a^4 + 126*a^3 - 268*a^2 - 16*a - 80 8*a^6 + 42*a^5 - 178*a^4 - 808*a^3 - 518*a^2 + 550*a + 40 -4*a^7 - 34*a^6 + 58*a^5 + 454*a^4 + 250*a^3 - 406*a^2 - 58*a + 28 -8*a^6 - 42*a^5 + 178*a^4 + 808*a^3 + 518*a^2 - 550*a - 40 -14*a^6 - 62*a^5 + 124*a^4 + 490*a^3 + 330*a^2 + 64*a - 164 -20*a^6 + 8*a^5 + 402*a^4 - 80*a^3 - 1236*a^2 + 246*a + 344 -6*a^6 - 46*a^5 + 102*a^4 + 930*a^3 + 1202*a^2 - 134*a - 416 4*a^7 + 10*a^6 - 114*a^5 - 178*a^4 + 430*a^3 + 374*a^2 - 578*a + 52 6*a^6 - 16*a^5 - 92*a^4 + 274*a^3 + 236*a^2 - 540*a + 132 -10*a^6 - 14*a^5 + 118*a^4 + 130*a^3 + 106*a^2 + 154*a - 292 4*a^6 - 4*a^5 - 178*a^4 - 48*a^3 + 520*a^2 - 110*a + 56 -14*a^6 - 42*a^5 + 158*a^4 + 550*a^3 - 138*a^2 - 790*a + 372 12*a^6 + 28*a^5 - 138*a^4 - 340*a^3 + 16*a^2 + 318*a - 40 4*a^6 + 48*a^5 + 30*a^4 - 736*a^3 - 904*a^2 + 442*a + 204 -4*a^7 - 34*a^6 + 58*a^5 + 454*a^4 + 250*a^3 - 406*a^2 - 58*a + 28 4*a^7 + 10*a^6 - 114*a^5 - 178*a^4 + 430*a^3 + 374*a^2 - 578*a + 52 -4*a^6 - 30*a^5 + 62*a^4 + 28*a^3 - 338*a^2 - 34*a + 172 -2*a^7 - 12*a^6 + 36*a^5 + 168*a^4 + 60*a^3 - 256*a^2 - 106*a + 160 14*a^6 + 42*a^5 - 158*a^4 - 550*a^3 + 138*a^2 + 790*a - 372 -14*a^6 - 18*a^5 + 22*a^4 - 6*a^3 + 134*a^2 + 330*a - 256 10*a^6 + 14*a^5 - 118*a^4 - 130*a^3 - 106*a^2 - 154*a + 292 over Number field with defining polynomial x^8+8*x^7-24*x^6-176*x^5+108*x^4+814*x^3+233*x^2-364*x-24
a vector of length 81 over Number field with defining polynomial a number field of degree 11
0 -12*a^2 + 300*a - 1728 78*a^2 - 438*a - 1200 -18*a^2 - 78*a + 1656 -90*a^2 + 882*a - 1152 -39*a^2 + 219*a + 600 48*a^2 - 108*a - 1740 24*a^2 - 1104 15*a^2 - 111*a + 36 4*a^2 - 100*a + 576 0 0 24*a-104 24*a-104 30*a^2 - 294*a + 384 4*a^2 - 52*a + 368 -4*a^2 + 196*a - 992 6*a^2 + 26*a - 552 6*a^2 + 2*a - 448 6*a^2 + 74*a - 760 26*a^2 - 146*a - 400 -6*a^2 + 22*a + 344 -4*a^2 + 100*a - 576 6*a^2 - 350*a + 2384 -18*a^2 + 98*a + 240 -5*a^2 + 49*a - 64 3*a^2 + 13*a - 276 72*a-312 -8*a^2 + 368 -3*a^2 + 11*a + 172 21*a^2 + 43*a - 1724 a^2 + 39*a - 460 -3*a^2 - 1*a + 224 -5*a^2 + 37*a - 12 35*a^2 - 143*a - 1072 -35*a^2 + 107*a + 1228 -6*a^2 + 10*a + 396 -8*a^2 + 24*a + 264 3*a^2 - 151*a + 1088 -2*a^2 - 66*a + 868 -3*a^2 + 11*a + 172 -36*a^2 + 280*a + 116 -18*a^2 + 122*a + 136 -6*a^2 + 198*a - 1072 49*a^2 - 281*a - 628 -22*a^2 + 34*a + 1028 -30*a^2 + 258*a - 228 8*a^2 - 48*a - 160 -3*a^2 - 37*a + 380 3*a^2 + 1*a - 224 -3*a^2 + 163*a - 1140 -3*a^2 - 25*a + 328 24*a^2 - 308*a + 884 13*a^2 - 73*a - 200 -6*a^2 + 34*a + 292 a^2 - 125*a + 904 5*a^2 - 201*a + 1376 -16*a^2 + 36*a + 580 -42*a^2 + 230*a + 772 3*a^2 + 13*a - 276 10*a^2 + 102*a - 1392 12*a^2 + 16*a - 948 2*a^2 - 126*a + 944 15*a^2 + 29*a - 1224 9*a^2 + 15*a - 724 6*a^2 + 14*a - 500 -3*a^2 + 11*a + 172 4*a^2 - 36*a - 28 -a^2 - 51*a + 512 -6*a^2 + 50*a - 104 -7*a^2 + 87*a - 300 6*a^2 - 134*a + 468 -12*a+52 -8*a^2 + 48*a + 160 -4*a^2 + 24*a + 80 -2*a^2 + 186*a - 1204 12*a-52 -2*a^2 + 62*a - 340 -88*a+708 -6*a^2 - 14*a + 500 100*a-760 over Number field with defining polynomial x^3-x^2-76*x+176
0 6*a^2 + 24*a - 18 0 -6*a^2 - 24*a + 18 0 0 -3*a^2 - 30*a - 63 3*a^2 + 30*a + 63 0 -2*a^2 - 8*a + 6 0 0 2*a^2 + 8*a - 6 24 0 -4*a^2 - 16*a + 12 4*a^2 + 16*a - 12 2*a^2 + 8*a - 6 0 0 0 2*a^2 + 8*a - 6 2*a^2 + 8*a - 6 2*a^2 + 8*a - 6 -12 3*a^2 + 24*a + 39 a^2 + 4*a - 3 0 -a^2 - 10*a - 21 -2*a^2 - 14*a - 24 -a^2 - 4*a + 3 0 0 0 -a^2 - 4*a + 9 -3*a^2 - 18*a - 15 -3*a^2 - 24*a - 39 -12 a^2 + 4*a - 3 a^2 + 4*a + 3 -2*a^2 - 14*a - 24 -2*a^2 - 14*a - 12 12 -a^2 - 4*a + 3 a^2 + 10*a + 21 -a^2 - 4*a + 9 3*a^2 + 18*a + 15 -12 0 0 -2*a^2 - 8*a + 6 12 -2*a^2 - 14*a - 12 0 -a^2 - 4*a + 3 2*a^2 + 8*a - 6 -a^2 - 4*a - 3 a^2 + 10*a + 21 a^2 + 10*a + 21 12 -a^2 - 4*a + 3 -6 a^2 + 7*a + 12 6 -a^2 - 4*a + 3 a^2 + 4*a - 3 -2*a^2 - 14*a - 24 -a^2 - 7*a - 6 2*a^2 + 14*a + 18 3*a+15 a^2 + 4*a - 3 -3*a-9 6 0 a^2 + 7*a + 12 -a^2 - 7*a - 6 a^2 + 10*a + 21 -a^2 - 4*a + 3 3*a+9 -2*a^2 - 14*a - 12 -3*a-15 over Number field with defining polynomial x^3+11*x^2+31*x+9
a vector of length 81 over Number field with defining polynomial a number field of degree 18
a vector of length 81 over Number field with defining polynomial a number field of degree 13
a vector of length 81 over Number field with defining polynomial a number field of degree 10
0 6*a-102 -12*a+108 6*a-102 -18*a+234 6*a-54 -12*a+132 3*a-15 -6*a+102 -2*a+34 0 0 -6*a+54 4*a-36 6*a-78 16*a-128 8*a-88 -2*a+34 -6*a+30 6*a-78 -4*a+36 -10*a+74 2*a-34 2*a+14 2*a-34 4*a-32 -a+17 12*a-108 -a+5 -8 -5*a+61 6*a-54 -2*a+10 2*a-34 12*a-124 7*a-67 -2*a+22 -2*a+34 -10*a+86 5*a-65 -8 -7*a+91 6*a-70 a+7 -13*a+129 -15*a+131 3*a-23 -2*a+2 -3*a+39 -3*a+15 2*a-34 -a+21 5*a-65 -2*a+18 -8*a+76 2*a-10 4*a-52 4*a-44 a+3 -a-3 -3*a+51 5*a-33 8*a-60 4*a-36 -2*a+22 a-13 -8 2*a-6 -3*a+27 -12*a+88 3*a-31 -2*a+38 -2*a+18 2*a-22 -4*a+24 2*a-30 -3*a+27 -2*a+10 2*a-14 -a+13 -4 over Number field with defining polynomial x^2-12*x+19
-8*a^3 + 7888*a^2 - 2555920*a + 272673104 116*a^2 - 88868*a + 15922376 -4*a^3 + 3944*a^2 - 1277960*a + 136336552 8*a^2 + 11356*a - 4061872 0 -4*a^3 + 3944*a^2 - 1277960*a + 136336552 66*a^2 - 33078*a + 3899316 -66*a^2 + 33078*a - 3899316 -124*a^2 + 77512*a - 11860504 204*a^2 - 132972*a + 21121464 304*a^2 - 183752*a + 27848784 -4*a^3 + 3944*a^2 - 1277960*a + 136336552 44*a^2 - 22052*a + 2599544 0 0 80*a^2 - 55460*a + 9260960 -80*a^2 + 55460*a - 9260960 -44*a^2 + 22052*a - 2599544 152*a^2 - 91876*a + 13924392 -152*a^2 + 91876*a - 13924392 0 -124*a^2 + 77512*a - 11860504 80*a^2 - 55460*a + 9260960 36*a^2 - 33408*a + 6661416 2*a^3 - 1958*a^2 + 631798*a - 67136332 40*a^2 - 27730*a + 4630480 128*a^2 - 71834*a + 9829568 0 22*a^2 - 11026*a + 1299772 -98*a^2 + 56964*a - 8261968 4*a^2 + 5678*a - 2030936 -80*a^2 + 55460*a - 9260960 -44*a^2 + 22052*a - 2599544 0 32*a^2 - 23886*a + 4362652 2*a^3 - 1968*a^2 + 644658*a - 70199212 40*a^2 - 27730*a + 4630480 2*a^3 - 1834*a^2 + 554286*a - 55275828 84*a^2 - 49782*a + 7230024 120*a^2 - 67990*a + 9561740 -98*a^2 + 56964*a - 8261968 54*a^2 - 34912*a + 5662424 2*a^3 - 2110*a^2 + 723674*a - 81060724 4*a^2 + 5678*a - 2030936 2*a^3 - 2056*a^2 + 688762*a - 75398300 32*a^2 - 23886*a + 4362652 2*a^3 - 1976*a^2 + 633302*a - 66137340 -2*a^3 + 1986*a^2 - 646162*a + 69200220 -152*a^2 + 91876*a - 13924392 -152*a^2 + 91876*a - 13924392 0 0 54*a^2 - 34912*a + 5662424 0 -84*a^2 + 49782*a - 7230024 -124*a^2 + 77512*a - 11860504 -120*a^2 + 67990*a - 9561740 -22*a^2 + 11026*a - 1299772 -2*a^3 + 1888*a^2 - 589198*a + 60938252 0 40*a^2 - 27730*a + 4630480 -76*a^2 + 45938*a - 6962196 -94*a^2 + 62642*a - 10292904 76*a^2 - 45938*a + 6962196 -84*a^2 + 49782*a - 7230024 2*a^3 - 1932*a^2 + 611250*a - 63537796 -98*a^2 + 56964*a - 8261968 -58*a^2 + 29234*a - 3631488 40*a^2 - 27730*a + 4630480 -14*a^2 + 7182*a - 1031944 -2*a^3 + 2012*a^2 - 666710*a + 72798756 -138*a^2 + 84694*a - 12892448 0 -40*a^2 + 27730*a - 4630480 -94*a^2 + 62642*a - 10292904 -58*a^2 + 29234*a - 3631488 -40*a^2 + 27730*a - 4630480 0 138*a^2 - 84694*a + 12892448 54*a^2 - 34912*a + 5662424 14*a^2 - 7182*a + 1031944 over Number field with defining polynomial x^4-1301*x^3+622861*x^2-130308546*x+10065932516
0 -24 -48 -24 96 24 24 24 24 8 0 0 -24 -48 -32 -48 16 8 -16 -32 -16 8 -8 -24 -8 4 4 -16 -8 -8 -4 -8 16 -8 16 -8 -20 8 4 0 -8 -16 8 -12 -8 0 -16 -24 16 -8 24 -8 48 -8 -12 -16 16 -8 -16 -32 -20 0 12 0 -4 0 -8 4 4 -4 8 -4 -8 4 4 12 4 16 -4 16 -4 over Number field with defining polynomial x+7
0 12 0 12 0 0 0 0 12 -4 0 0 4 0 0 0 0 12 0 0 0 -4 -12 4 0 2 -2 0 0 0 2 -4 4 12 0 0 2 0 2 0 0 0 0 2 0 0 0 0 0 0 4 0 0 0 -2 -4 0 0 0 0 -2 0 0 0 -2 0 0 0 -2 0 0 0 0 -2 0 0 2 -4 0 0 0 over Number field with defining polynomial x+136
For conductor 1:
traces of hecke eigenvalues of T_{p^1} are:
8 28 80 88 204 356 424 496 1068 832 1244 1524 1944 2784 2620 2872 4332 4744 5840 5556 7208 8724 9028 
computing eigenvalues for k = 1, took 22.218975 sec
traces of hecke eigenvalues of T_{p^2} are:
-8 12 240 
computing eigenvalues for k = 2, took 0.258537 sec
traces of hecke eigenvalues of T_{p^1} are:
40 156 400 1464 2380 5220 7240 12720 25260 30784 52060 70644 81400 106080 151740 208920 230764 305320 363024 394420 578760 712980 922180 
computing eigenvalues for k = 1, took 22.073973 sec
traces of hecke eigenvalues of T_{p^2} are:
120 780 2800 
computing eigenvalues for k = 2, took 0.254289 sec
traces of hecke eigenvalues of T_{p^1} are:
3 13 7 -76 -69 98 -82 -14 294 -56 -68 922 -476 -225 96 -1239 426 124 -997 -268 446 -235 493 
computing eigenvalues for k = 1, took 20.875350 sec
traces of hecke eigenvalues of T_{p^2} are:
-28 -90 96 
computing eigenvalues for k = 2, took 0.275342 sec
traces of hecke eigenvalues of T_{p^1} are:
-17 25 85 -198 71 420 144 -234 1164 -738 -810 240 -342 2875 -1104 -3045 2384 -132 3853 -106 -1310 7753 -2487 
computing eigenvalues for k = 1, took 20.738169 sec
traces of hecke eigenvalues of T_{p^2} are:
36 106 120 
computing eigenvalues for k = 2, took 0.271301 sec
traces of hecke eigenvalues of T_{p^1} are:
6 2 -4 6 -138 -4 -62 240 56 382 -2 302 350 646 1142 1742 -834 -290 1602 -506 1028 -488 -1872 
computing eigenvalues for k = 1, took 20.671173 sec
traces of hecke eigenvalues of T_{p^2} are:
-12 16 -2 
computing eigenvalues for k = 2, took 0.254840 sec
traces of hecke eigenvalues of T_{p^1} are:
-7 -71 45 -24 95 -132 162 226 -8 790 -26 -1016 1352 29 -1814 -793 -1100 914 1111 -2080 786 1143 -2309 
computing eigenvalues for k = 1, took 20.797602 sec
traces of hecke eigenvalues of T_{p^2} are:
-10 -22 -84 
computing eigenvalues for k = 2, took 0.266922 sec
traces of hecke eigenvalues of T_{p^1} are:
-6 56 -96 58 72 166 -406 452 586 -286 1884 1394 -1120 -408 2580 1926 -1336 -2466 -248 2084 -1456 -2118 1870 
computing eigenvalues for k = 1, took 21.009861 sec
traces of hecke eigenvalues of T_{p^2} are:
-36 -24 -60 
computing eigenvalues for k = 2, took 0.259769 sec
traces of hecke eigenvalues of T_{p^1} are:
148 409 674 1673 2267 3882 4753 6999 11532 12463 18534 22328 23968 27312 36324 44328 49200 57097 64884 68043 87598 101445 120913 
computing eigenvalues for k = 1, took 22.020832 sec
traces of hecke eigenvalues of T_{p^2} are:
72 426 192 
computing eigenvalues for k = 2, took 0.263704 sec
traces of hecke eigenvalues of T_{p^1} are:
15 21 65 124 135 390 230 550 1050 664 1060 1454 2220 1905 3360 3905 4274 5340 6009 5780 5870 6755 10635 
computing eigenvalues for k = 1, took 22.103913 sec
traces of hecke eigenvalues of T_{p^2} are:
20 -30 120 
computing eigenvalues for k = 2, took 0.259009 sec
traces of hecke eigenvalues of T_{p^1} are:
-2 -24 -20 18 -24 -30 30 200 354 182 -292 -366 -132 692 254 190 -896 308 20 -224 -56 86 -374 
computing eigenvalues for k = 1, took 20.691846 sec
traces of hecke eigenvalues of T_{p^2} are:
-16 8 8 
computing eigenvalues for k = 2, took 0.254181 sec
traces of hecke eigenvalues of T_{p^1} are:
33 96 129 391 500 798 1269 1587 2412 2851 3740 5206 5406 7397 8940 10905 10422 12237 16249 14749 22782 24364 24928 
computing eigenvalues for k = 1, took 22.078743 sec
traces of hecke eigenvalues of T_{p^2} are:
12 108 -168 
computing eigenvalues for k = 2, took 0.261135 sec
traces of hecke eigenvalues of T_{p^1} are:
52 109 260 665 895 1318 1671 2825 3984 4677 7840 7578 9092 11570 13208 17804 20038 23061 24546 24877 34800 38735 48135 
computing eigenvalues for k = 1, took 22.147653 sec
traces of hecke eigenvalues of T_{p^2} are:
8 -126 80 
computing eigenvalues for k = 2, took 0.255981 sec
traces of hecke eigenvalues of T_{p^1} are:
22 60 120 174 332 584 828 804 1884 2328 2338 3450 4164 4036 5888 6606 6226 9518 9132 11500 15314 14646 18866 
computing eigenvalues for k = 1, took 22.396080 sec
traces of hecke eigenvalues of T_{p^2} are:
8 48 160 
computing eigenvalues for k = 2, took 0.257166 sec
traces of hecke eigenvalues of T_{p^1} are:
-5 1 9 -4 -85 -6 82 126 -98 -36 272 326 68 145 -244 -347 -210 -368 577 -324 -566 -221 331 
computing eigenvalues for k = 1, took 20.879688 sec
traces of hecke eigenvalues of T_{p^2} are:
4 -22 -8 
computing eigenvalues for k = 2, took 0.259697 sec
traces of hecke eigenvalues of T_{p^1} are:
-5 3 15 26 -15 -60 32 50 24 142 -500 240 -320 -105 630 25 194 420 111 460 -90 -1261 1895 
computing eigenvalues for k = 1, took 20.882751 sec
traces of hecke eigenvalues of T_{p^2} are:
4 -10 -24 
computing eigenvalues for k = 2, took 0.262312 sec
For conductor 2:
traces of hecke eigenvalues of T_{p^1} are:
-11 5 -37 34 -53 32 -48 34 -20 -46 -288 24 64 243 114 43 -110 96 191 -92 270 383 -237 
computing eigenvalues for k = 1, took 597.246395 sec
traces of hecke eigenvalues of T_{p^2} are:
12 14 64 
computing eigenvalues for k = 2, took 0.616324 sec
traces of hecke eigenvalues of T_{p^1} are:
-9 -21 -1 10 -15 -48 68 -26 -228 82 -188 32 -300 159 -42 -379 338 72 543 -580 2 1019 -777 
computing eigenvalues for k = 1, took 597.693556 sec
traces of hecke eigenvalues of T_{p^2} are:
8 30 -48 
computing eigenvalues for k = 2, took 0.626553 sec
traces of hecke eigenvalues of T_{p^1} are:
-52 -76 -54 -172 -16 -74 -80 -500 -80 -44 524 -308 -844 -988 -1232 -1208 232 -1264 -384 -74 -1416 1072 -488 
computing eigenvalues for k = 1, took 593.304521 sec
traces of hecke eigenvalues of T_{p^2} are:
48 -16 -10 
computing eigenvalues for k = 2, took 0.610803 sec
traces of hecke eigenvalues of T_{p^1} are:
-7 -71 45 -24 95 -132 162 226 -8 790 -26 -1016 1352 29 -1814 -793 -1100 914 1111 -2080 786 1143 -2309 
computing eigenvalues for k = 1, took 587.645934 sec
traces of hecke eigenvalues of T_{p^2} are:
-10 -22 -84 
computing eigenvalues for k = 2, took 0.608464 sec
traces of hecke eigenvalues of T_{p^1} are:
-5 3 15 26 -15 -60 32 50 24 142 -500 240 -320 -105 630 25 194 420 111 460 -90 -1261 1895 
computing eigenvalues for k = 1, took 587.166726 sec
traces of hecke eigenvalues of T_{p^2} are:
4 -10 -24 
computing eigenvalues for k = 2, took 0.626579 sec
For conductor 79:
traces of hecke eigenvalues of T_{p^1} are:
-4 -16 -14 -20 -20 -76 108 108 28 100 -20 22 -240 -580 -420 420 20 540 -306 124 496 404 -1532 
computing eigenvalues for k = 1, took 585.616365 sec
traces of hecke eigenvalues of T_{p^2} are:
-2 12 48 
computing eigenvalues for k = 2, took 0.629490 sec
traces of hecke eigenvalues of T_{p^1} are:
-12 -12 -12 -16 44 -34 8 -222 144 6 -40 -18 252 -456 -192 388 -224 -248 152 420 -248 524 1296 
computing eigenvalues for k = 1, took 587.025847 sec
traces of hecke eigenvalues of T_{p^2} are:
16 12 16 
computing eigenvalues for k = 2, took 0.644337 sec
traces of hecke eigenvalues of T_{p^1} are:
-11 -23 -47 -14 79 24 168 -78 2 188 38 -286 -528 -297 52 771 524 -582 -1547 934 -1082 -355 417 
computing eigenvalues for k = 1, took 592.154817 sec
traces of hecke eigenvalues of T_{p^2} are:
-18 42 -50 
computing eigenvalues for k = 2, took 0.615764 sec
traces of hecke eigenvalues of T_{p^1} are:
-9 -21 -11 -68 -55 -132 474 -450 1026 -86 1108 64 -686 -891 160 -1111 2162 1526 -209 1736 -1626 -1827 981 
computing eigenvalues for k = 1, took 592.162531 sec
traces of hecke eigenvalues of T_{p^2} are:
-34 -6 -164 
computing eigenvalues for k = 2, took 0.616852 sec
traces of hecke eigenvalues of T_{p^1} are:
-7 -17 17 -66 61 -52 120 -10 24 -470 -236 -608 224 857 182 -845 306 724 1793 300 -262 91 -2321 
computing eigenvalues for k = 1, took 590.601269 sec
traces of hecke eigenvalues of T_{p^2} are:
12 30 24 
computing eigenvalues for k = 2, took 0.625280 sec
traces of hecke eigenvalues of T_{p^1} are:
-7 -1 -7 22 13 44 -136 -18 136 -86 276 136 24 129 62 -365 -334 316 73 -292 354 -693 -417 
computing eigenvalues for k = 1, took 583.382780 sec
traces of hecke eigenvalues of T_{p^2} are:
4 -18 -24 
computing eigenvalues for k = 2, took 0.584778 sec
traces of hecke eigenvalues of T_{p^1} are:
-7 -13 -11 34 -71 -16 108 -138 -140 94 -44 -140 120 -187 -54 -21 962 -420 -123 -236 -62 -733 1471 
computing eigenvalues for k = 1, took 579.166194 sec
traces of hecke eigenvalues of T_{p^2} are:
4 6 -24 
computing eigenvalues for k = 2, took 0.613122 sec
traces of hecke eigenvalues of T_{p^1} are:
-7 9 -5 -8 59 78 -6 26 -294 -104 -144 362 324 -245 -400 495 646 520 99 628 150 419 67 
computing eigenvalues for k = 1, took 581.153021 sec
traces of hecke eigenvalues of T_{p^2} are:
4 -6 40 
computing eigenvalues for k = 2, took 0.607665 sec
For conductor 158:
traces of hecke eigenvalues of T_{p^1} are:
5 37 75 88 151 270 482 706 666 1096 1360 1930 1588 2443 3280 3427 3294 4040 4291 4836 6494 7467 8187 
computing eigenvalues for k = 1, took 142.159113 sec
traces of hecke eigenvalues of T_{p^2} are:
-20 66 200 
computing eigenvalues for k = 2, took 0.668443 sec
traces of hecke eigenvalues of T_{p^1} are:
-8 0 -96 -34 40 94 -138 182 684 -180 322 598 18 -40 1166 80 -2 -1678 466 226 1112 2110 -678 
computing eigenvalues for k = 1, took 136.471254 sec
traces of hecke eigenvalues of T_{p^2} are:
-18 -40 -30 
computing eigenvalues for k = 2, took 0.680190 sec
traces of hecke eigenvalues of T_{p^1} are:
-9 -21 -11 -68 -55 -132 474 -450 1026 -86 1108 64 -686 -891 160 -1111 2162 1526 -209 1736 -1626 -1827 981 
computing eigenvalues for k = 1, took 138.253371 sec
traces of hecke eigenvalues of T_{p^2} are:
-34 -6 -164 
computing eigenvalues for k = 2, took 0.673403 sec
traces of hecke eigenvalues of T_{p^1} are:
1 14 -1 41 -18 138 -163 101 134 -335 22 350 106 -27 416 463 246 219 109 -1207 -1030 2956 -1724 
computing eigenvalues for k = 1, took 137.867996 sec
traces of hecke eigenvalues of T_{p^2} are:
24 8 -32 
computing eigenvalues for k = 2, took 0.672802 sec
traces of hecke eigenvalues of T_{p^1} are:
-11 -23 -47 -14 79 24 168 -78 2 188 38 -286 -528 -297 52 771 524 -582 -1547 934 -1082 -355 417 
computing eigenvalues for k = 1, took 137.552737 sec
traces of hecke eigenvalues of T_{p^2} are:
-18 42 -50 
computing eigenvalues for k = 2, took 0.679448 sec
traces of hecke eigenvalues of T_{p^1} are:
12 -21 12 345 -351 60 265 695 -340 -177 -762 -932 1392 1728 838 1640 -2304 3099 1500 -2521 7150 2343 -3717 
computing eigenvalues for k = 1, took 141.828880 sec
traces of hecke eigenvalues of T_{p^2} are:
-20 -78 -130 
computing eigenvalues for k = 2, took 0.677011 sec
traces of hecke eigenvalues of T_{p^1} are:
157 346 679 1803 2222 3958 4805 7065 10978 12677 17774 21372 24352 28803 34582 44913 47574 58437 66673 69731 90456 102226 120966 
computing eigenvalues for k = 1, took 144.022169 sec
traces of hecke eigenvalues of T_{p^2} are:
108 48 232 
computing eigenvalues for k = 2, took 0.672669 sec
traces of hecke eigenvalues of T_{p^1} are:
108 280 548 1246 1764 3042 3718 5248 8166 8902 13338 16746 18326 21506 28176 34198 37086 44600 49100 54254 68440 82494 99010 
computing eigenvalues for k = 1, took 141.031201 sec
traces of hecke eigenvalues of T_{p^2} are:
32 120 384 
computing eigenvalues for k = 2, took 0.671999 sec
traces of hecke eigenvalues of T_{p^1} are:
2 12 -24 2 -12 -68 -248 -60 -40 -156 -74 354 20 692 1556 394 206 470 -508 220 1826 -1106 650 
computing eigenvalues for k = 1, took 137.530389 sec
traces of hecke eigenvalues of T_{p^2} are:
-24 -48 -56 
computing eigenvalues for k = 2, took 0.655880 sec
traces of hecke eigenvalues of T_{p^1} are:
36 103 166 469 629 1058 1301 2157 3280 4097 5554 7094 7376 8852 12840 14148 14490 18457 20386 19625 27296 34363 36935 
computing eigenvalues for k = 1, took 142.617059 sec
traces of hecke eigenvalues of T_{p^2} are:
-16 -6 -272 
computing eigenvalues for k = 2, took 0.672833 sec
traces of hecke eigenvalues of T_{p^1} are:
-7 9 -5 -8 59 78 -6 26 -294 -104 -144 362 324 -245 -400 495 646 520 99 628 150 419 67 
computing eigenvalues for k = 1, took 135.629411 sec
traces of hecke eigenvalues of T_{p^2} are:
4 -6 40 
computing eigenvalues for k = 2, took 0.667332 sec
traces of hecke eigenvalues of T_{p^1} are:
-7 -1 -7 22 13 44 -136 -18 136 -86 276 136 24 129 62 -365 -334 316 73 -292 354 -693 -417 
computing eigenvalues for k = 1, took 135.956392 sec
traces of hecke eigenvalues of T_{p^2} are:
4 -18 -24 
computing eigenvalues for k = 2, took 0.671759 sec
