constructing eigenvector for poly
x+7
constructing eigenvector for poly
x-4
constructing eigenvector for poly
x-16
constructing eigenvector for poly
x+8
constructing eigenvector for poly
x-8
constructing eigenvector for poly
x-40
constructing eigenvector for poly
x-3
constructing eigenvector for poly
x^3-33*x^2+319*x-743
constructing eigenvector for poly
x^3-35*x^2+359*x-973
constructing eigenvector for poly
x^2-8*x-29
constructing eigenvector for poly
x^2+8*x-29
constructing eigenvector for poly
x^4-47*x^3+763*x^2-4953*x+10068
constructing eigenvector for poly
x-1
constructing eigenvector for poly
x-1
constructing eigenvector for poly
x^2-22*x+121
constructing eigenvector for poly
x^2-40*x+400
constructing eigenvector for poly
x^2-88*x+1936
constructing eigenvector for poly
x^2-180*x+8100
constructing eigenvector for poly
x^2-378*x+35721
constructing eigenvector for poly
x^2-652*x+106276
constructing eigenvector for poly
x^2-972*x+236196
constructing eigenvector for poly
x+1
constructing eigenvector for poly
x+1
constructing eigenvector for poly
x^3-21*x^2+147*x-343
constructing eigenvector for poly
x^3-72*x^2+1728*x-13824
constructing eigenvector for poly
x^3-144*x^2+6912*x-110592
constructing eigenvector for poly
x^3-498*x^2+82668*x-4574296
constructing eigenvector for poly
x^3-375*x^2+46875*x-1953125
constructing eigenvector for poly
x^3-678*x^2+153228*x-11543176
constructing eigenvector for poly
x^3-930*x^2+288300*x-29791000
constructing eigenvector for poly
x+4
constructing eigenvector for poly
x+4
constructing eigenvector for poly
x+4
constructing eigenvector for poly
x+8
constructing eigenvector for poly
x^2+8*x-29
constructing eigenvector for poly
x+4
constructing eigenvector for poly
x+4
constructing eigenvector for poly
x+3
constructing eigenvector for poly
x^2-x-4
constructing eigenvector for poly
x+12
constructing eigenvector for poly
x+12
constructing eigenvector for poly
x+3
constructing eigenvector for poly
x+12
constructing eigenvector for poly
x-13
constructing eigenvector for poly
x-17
constructing eigenvector for poly
x^2+4*x-1
constructing eigenvector for poly
x^2-21*x+92
constructing eigenvector for poly
x^2-x-4
constructing eigenvector for poly
x^3-28*x^2+191*x-272
constructing eigenvector for poly
x^3-6*x^2+5*x+4
constructing eigenvector for poly
x^4-49*x^3+835*x^2-5751*x+12732
constructing eigenvector for poly
x^5+14*x^4+12*x^3-250*x^2-797*x-692
constructing eigenvector for poly
x^2-6*x+9
constructing eigenvector for poly
x^2-20*x+100
constructing eigenvector for poly
x^2-116*x+3364
constructing eigenvector for poly
x^2-160*x+6400
constructing eigenvector for poly
x^2-450*x+50625
constructing eigenvector for poly
x^2-512*x+65536
constructing eigenvector for poly
x^2-612*x+93636
constructing eigenvector for poly
x^6-64*x^5+1662*x^4-22360*x^3+163969*x^2-620136*x+944784
constructing eigenvector for poly
x^6-160*x^5+10144*x^4-326032*x^3+5625344*x^2-49630464*x+175721536
constructing eigenvector for poly
x^6-244*x^5+23788*x^4-1183792*x^3+31715792*x^2-434087808*x+2376757504
constructing eigenvector for poly
x^6-664*x^5+178752*x^4-25003760*x^3+1921839744*x^2-77178426496*x+1268398517824
constructing eigenvector for poly
x^6-1004*x^5+415238*x^4-90459364*x^3+10936314481*x^2-695041883832*x+18130121170704
constructing eigenvector for poly
x^6-1660*x^5+1107164*x^4-380252368*x^3+71203589264*x^2-6920857140736*x+273790765797376
constructing eigenvector for poly
x^6-2092*x^5+1798908*x^4-813062560*x^3+203522174704*x^2-26729281706688*x+1438310479404096
computing eigenvectors took 100.337264 sec
For conductor 1, eigenvectors are:
0 0 -6 6 0 0 0 0 -2 0 0 2 0 0 0 -1 0 1 -1 1 0 -1 0 0 1 -1 0 1 0 1 -1 1 -1 over Number field with defining polynomial x+7
-30 -6 18 6 -3 -21 -4 -2 0 20 -6 12 0 4 10 -2 6 6 1 1 -11 -4 5 -9 8 -1 -5 3 1 -3 4 -6 -1 over Number field with defining polynomial x-4
11 5 3 5 -7 1 5 5 7 -1 -5 5 -11 -1 7 -1 -3 3 -5 1 1 5 -5 -5 -3 1 -5 -5 3 -1 1 3 -1 over Number field with defining polynomial x-16
0 -12 48 24 36 30 -16 -32 -24 -28 -12 0 0 -20 -14 4 6 18 -14 4 -2 14 14 -12 8 -4 10 -6 16 -15 7 3 -7 over Number field with defining polynomial x+8
-33 27 15 -21 3 3 11 -5 7 -9 -1 -5 11 -9 7 -9 -5 -1 -1 3 3 11 -1 -1 -5 -13 -1 15 -1 7 3 -1 -9 over Number field with defining polynomial x-8
-1 -1 -1 -1 -1 -1 -1 -1 -1 -1 -1 -1 -1 -1 -1 -1 -1 -1 -1 -1 -1 -1 -1 -1 -1 -1 -1 -1 -1 -1 -1 -1 -1 over Number field with defining polynomial x-40
0 0 -6 -6 -6 6 -4 0 2 -4 0 2 0 0 2 1 2 1 1 1 -2 1 2 2 1 1 -2 1 0 -1 -1 -1 -1 over Number field with defining polynomial x-3
-33*a+519 -3*a+33 3*a^2 - 84*a + 561 -3*a^2 + 72*a - 429 6*a-66 18*a-276 11*a-173 a^2 - 29*a + 198 a^2 - 24*a + 143 a-11 a^2 - 21*a + 110 -a^2 + 28*a - 187 -5*a^2 + 93*a - 262 3*a^2 - 67*a + 322 -2*a^2 + 48*a - 260 9*a-151 2*a^2 - 36*a + 76 3*a^2 - 74*a + 425 a^2 - 21*a + 110 10*a-136 -a^2 + 25*a - 154 3*a-33 -6*a+92 -2*a+22 -a^2 + 24*a - 117 -3*a^2 + 61*a - 256 a^2 - 13*a - 30 -12*a+158 -6*a+92 a^2 - 20*a + 73 -a^2 + 25*a - 154 -6*a+92 a-11 over Number field with defining polynomial x^3-33*x^2+319*x-743
183*a^2 - 6318*a + 49875 123*a^2 - 3906*a + 29379 90*a^2 - 2664*a + 18774 282*a^2 - 8136*a + 57750 -156*a^2 + 5148*a - 39984 -3*a^2 + 36*a - 357 83*a^2 - 2934*a + 23695 -307*a^2 + 9618*a - 72275 262*a^2 - 7968*a + 58898 23*a^2 - 522*a + 3199 29*a^2 - 894*a + 7021 70*a^2 - 2496*a + 19922 61*a^2 - 2442*a + 21497 -275*a^2 + 8070*a - 57799 -115*a^2 + 3528*a - 26201 66*a^2 - 1998*a + 14784 221*a^2 - 6984*a + 53095 -152*a^2 + 4632*a - 33964 152*a^2 - 4314*a + 29974 -46*a^2 + 1512*a - 11942 -69*a^2 + 2502*a - 20685 -46*a^2 + 1494*a - 11060 -103*a^2 + 3420*a - 26537 -176*a^2 + 5316*a - 38836 -40*a^2 + 1140*a - 8120 40*a^2 - 822*a + 4130 -37*a^2 + 954*a - 6209 66*a^2 - 1980*a + 13902 123*a^2 - 3588*a + 25389 86*a^2 - 2484*a + 17626 -106*a^2 + 2970*a - 20468 -168*a+2436 -150*a+1554 over Number field with defining polynomial x^3-35*x^2+359*x-973
0 -6*a-66 -12*a-24 36 -6*a+6 -9*a-27 8*a+40 -2*a+2 8*a+28 2*a-26 2*a-2 -4*a-32 0 -4*a+4 -5*a+5 6 -a+1 5*a+1 -2*a-4 5*a+13 4*a-4 2*a+4 -a+13 2*a-2 3*a+3 -6 2*a-2 3*a+15 a-1 -5*a-13 -6 -3*a-3 6 over Number field with defining polynomial x^2-8*x-29
0 6*a-30 -12*a-48 -36 6*a+42 -3*a+15 0 2*a-34 12 -2*a+10 -2*a-14 4*a+16 0 4*a+28 -3*a+3 -6 a+7 -a+11 2*a+20 -a-1 24 2*a-16 a-5 -2*a-14 -3*a-27 6 -2*a-14 a+13 a-5 -a-13 2*a+8 -a+11 -6 over Number field with defining polynomial x^2+8*x-29
-a^3 + 34*a^2 - 453*a + 2256 -a^3 + 46*a^2 - 681*a + 3336 2*a^3 - 68*a^2 + 630*a - 1212 2*a^3 - 68*a^2 + 630*a - 1212 -2*a^3 + 74*a^2 - 882*a + 3402 a^3 - 34*a^2 + 315*a - 606 -a^3 + 30*a^2 - 285*a + 796 a^3 - 38*a^2 + 409*a - 1128 2*a^3 - 72*a^2 + 798*a - 2672 -a^3 + 42*a^2 - 513*a + 1876 a^3 - 38*a^2 + 409*a - 1128 2*a^3 - 72*a^2 + 798*a - 2672 a^3 - 30*a^2 + 221*a - 84 a^3 - 30*a^2 + 221*a - 84 -a^3 + 36*a^2 - 399*a + 1336 -2*a^2 + 42*a - 148 -a^3 + 36*a^2 - 399*a + 1336 -32*a+356 -4*a^2 + 62*a - 166 10*a^2 - 240*a + 1418 a^3 - 40*a^2 + 493*a - 1858 6*a^2 - 146*a + 896 a^3 - 38*a^2 + 483*a - 2066 -2*a^3 + 70*a^2 - 714*a + 1942 -8*a^2 + 156*a - 688 4*a^2 - 126*a + 878 a^3 - 32*a^2 + 305*a - 814 2*a^2 - 52*a + 374 -a^3 + 34*a^2 - 315*a + 606 -2*a^2 + 52*a - 374 -6*a^2 + 146*a - 896 32*a-356 4*a^2 - 62*a + 166 over Number field with defining polynomial x^4-47*x^3+763*x^2-4953*x+10068
0 30 -30 30 0 15 -20 -10 30 10 -30 -30 0 20 5 5 -15 0 5 -10 -10 -5 -5 0 10 -5 20 0 5 0 5 0 -5 over Number field with defining polynomial x-1
0 -60 -150 -90 120 30 0 20 30 20 60 50 0 -120 50 35 -30 75 -45 -105 -40 15 -10 -40 -25 15 60 35 -10 15 -25 -25 35 over Number field with defining polynomial x-1
6 6 0 0 0 6 6 -2 0 6 -2 0 -2 -2 -2 0 -2 0 0 0 -2 0 6 0 0 0 -2 0 -2 0 0 0 0 over Number field with defining polynomial x-486
0 -84 42 -126 -42 -84 84 -28 -70 0 -84 98 0 56 0 77 -56 -21 49 -21 -14 49 0 14 7 21 70 7 14 -7 -49 21 -49 over Number field with defining polynomial x+1
0 -42 0 0 0 21 0 -14 0 14 14 0 0 28 -7 0 -7 -7 -14 -7 0 14 -7 0 7 0 -14 7 7 7 0 -7 0 over Number field with defining polynomial x+1
-1 -1 4 4 4 -1 -1 -1 4 -1 -1 4 -1 -1 -1 0 -1 0 0 0 -1 0 -1 4 0 0 -1 0 -1 0 0 0 0 over Number field with defining polynomial x-310
0 -6 0 6 -3 3 0 2 -2 2 -4 0 0 -2 0 -4 2 0 3 -3 1 4 -1 1 0 -1 1 1 -1 -1 0 0 1 over Number field with defining polynomial x+4
0 12 0 0 0 -6 0 -8 0 -4 -4 0 0 4 2 0 2 2 -2 -4 6 2 2 0 4 0 -2 -2 -2 1 -3 -1 3 over Number field with defining polynomial x+4
0 -12 0 -48 24 6 0 24 16 4 -28 0 0 -4 -10 -8 14 -10 -14 4 2 -2 -2 -8 20 8 2 2 -2 3 -5 5 -3 over Number field with defining polynomial x+4
For conductor 2, eigenvectors are:
0 -1 -1 1 1 over Number field with defining polynomial x+8
a+1 -a+5 a+1 6 0 over Number field with defining polynomial x^2+8*x-29
-2 1 3 -1 5 over Number field with defining polynomial x+4
2 1 -1 -1 1 over Number field with defining polynomial x+4
For conductor 23, eigenvectors are:
1 0 1 -1 0 over Number field with defining polynomial x+3
a -a+2 -a+2 2 2 over Number field with defining polynomial x^2-x-4
2 3 -1 1 -3 over Number field with defining polynomial x+12
0 -1 1 1 -1 over Number field with defining polynomial x+12
For conductor 46, eigenvectors are:
0 -6 -6 6 0 -3 0 -2 2 2 2 2 0 4 -3 1 1 0 1 0 0 -1 1 0 -2 1 2 2 -1 0 1 0 -1 over Number field with defining polynomial x+3
0 12 -24 24 0 6 0 16 8 -4 -4 8 0 4 6 -8 -2 6 -2 0 6 2 -2 0 4 4 2 2 2 3 1 -3 -1 over Number field with defining polynomial x+12
5 1 -2 -2 4 -3 -1 -1 -2 -3 -1 2 -3 -3 -1 1 -1 1 -1 1 3 1 1 0 -1 1 1 -1 -1 -1 -1 -1 -1 over Number field with defining polynomial x-13
-3 -3 -6 -6 0 3 -1 -1 2 1 -1 -2 1 1 1 -3 1 -1 -1 -1 -1 1 -1 -4 -3 5 1 -3 1 -3 -1 1 -1 over Number field with defining polynomial x-17
0 6*a+6 12 -12 0 3*a+3 0 -2*a-2 -4 -2*a-2 6*a+14 -4 0 8 -a-5 -6 3*a+7 -a+5 -2*a-8 -a-7 2*a+6 -2*a -a-1 0 -a+1 -2 4 -a-3 a+1 a+3 2 -a-3 -2 over Number field with defining polynomial x^2+4*x-1
32*a-469 2*a-31 -19*a+281 -5*a+91 -9*a+153 -10*a+155 -14*a+199 6*a-93 3*a-69 -16*a+239 -8*a+97 -17*a+259 18*a-243 4*a-53 -8*a+115 2*a-31 6*a-75 2*a-13 6*a-93 8*a-115 -4*a+53 -9 8*a-115 -11*a+175 -9 -8*a+115 -6*a+93 -6*a+93 6*a-75 -9 6*a-93 -8*a+115 9 over Number field with defining polynomial x^2-21*x+92
0 12 6*a 6*a 6*a 6 0 0 2*a -4 -4 -2*a 0 4 -2 a+4 -2 a+2 a+2 -a-4 -2 -a-2 -2 -2*a a a 2 -a-2 -2 -1 1 1 -1 over Number field with defining polynomial x^2-x-4
-9*a^2 + 273*a - 1602 2*a^2 - 21*a + 13 -4*a^2 + 126*a - 722 -9*a^2 + 222*a - 1161 -2*a^2 + 54*a - 268 -2*a^2 + 30*a - 106 8*a^2 - 209*a + 1143 2*a^2 - 39*a + 199 6*a^2 - 142*a + 712 3*a^2 - 85*a + 472 -5*a^2 + 129*a - 694 -a^2 + 46*a - 273 4*a^2 - 83*a + 421 -3*a^2 + 85*a - 472 -6*a^2 + 146*a - 782 5*a^2 - 129*a + 694 a^2 - 22*a + 111 4*a^2 - 112*a + 606 -4*a^2 + 93*a - 467 -14*a+116 3*a^2 - 85*a + 472 5*a-23 -3*a^2 + 94*a - 565 -5*a^2 + 134*a - 717 a^2 - 22*a + 111 -a^2 + 41*a - 250 -2*a^2 + 39*a - 199 5*a^2 - 120*a + 601 a^2 - 22*a + 111 a^2 - 22*a + 111 -4*a^2 + 93*a - 467 14*a-116 -5*a+23 over Number field with defining polynomial x^3-28*x^2+191*x-272
0 -12*a^2 + 84*a - 96 12*a-48 -12*a^2 + 72*a - 96 6*a^2 - 42*a + 72 -12*a+24 -4*a^2 + 36*a - 48 4*a^2 - 20*a + 16 4*a^2 - 16*a -8*a^2 + 48*a - 48 4*a^2 - 28*a + 32 8*a^2 - 44*a + 48 0 -8*a+16 4*a^2 - 24*a + 24 2*a^2 - 16*a + 16 4*a^2 - 16*a + 8 2*a^2 - 12*a + 8 -2*a^2 + 16*a - 24 2*a^2 - 12*a + 16 -6*a^2 + 34*a - 32 -2*a^2 + 12*a - 24 -4*a^2 + 24*a - 24 -2*a^2 + 14*a - 24 2*a^2 - 16*a + 32 -2*a^2 + 12*a - 16 2*a^2 - 6*a 2*a^2 - 16*a + 24 -2*a^2 + 10*a - 8 -2*a+4 2*a+4 -2*a+12 2*a-4 over Number field with defining polynomial x^3-6*x^2+5*x+4
-27*a^2 + 468*a - 1341 9*a^2 - 216*a + 1179 3*a^3 - 105*a^2 + 1053*a - 2583 3*a^3 - 105*a^2 + 1053*a - 2583 3*a^3 - 105*a^2 + 1053*a - 2583 -9*a^2 + 126*a - 81 -9*a^2 + 156*a - 447 4*a^3 - 149*a^2 + 1632*a - 4899 a^3 - 35*a^2 + 351*a - 861 -3*a^2 + 72*a - 393 -4*a^3 + 131*a^2 - 1296*a + 3453 -a^3 + 35*a^2 - 351*a + 861 -4*a^3 + 125*a^2 - 1212*a + 3399 4*a^3 - 155*a^2 + 1716*a - 4953 3*a^2 - 42*a + 27 -3*a^2 + 78*a - 531 3*a^2 - 42*a + 27 -4*a^3 + 149*a^2 - 1596*a + 4395 -4*a^3 + 137*a^2 - 1386*a + 3645 -9*a^2 + 132*a - 219 -9*a^2 + 168*a - 723 -3*a^2 + 18*a + 201 3*a^2 - 42*a + 27 -a^3 + 35*a^2 - 351*a + 861 -4*a^3 + 131*a^2 - 1272*a + 3225 -4*a^3 + 143*a^2 - 1482*a + 3975 -15*a^2 + 252*a - 777 9*a^2 - 192*a + 951 3*a^2 - 42*a + 27 3*a^2 - 48*a + 165 9*a^2 - 162*a + 585 -3*a^2 + 48*a - 165 -9*a^2 + 162*a - 585 over Number field with defining polynomial x^4-49*x^3+835*x^2-5751*x+12732
0 -72*a^3 - 180*a^2 + 360*a + 900 36*a^3 + 216*a^2 + 396*a + 216 -540*a^2 - 2448*a - 2772 -18*a^3 + 162*a^2 + 1026*a + 1278 18*a^4 + 198*a^3 + 72*a^2 - 1926*a - 2898 -12*a^4 - 156*a^3 - 108*a^2 + 1404*a + 2232 12*a^4 + 132*a^3 - 192*a^2 - 2292*a - 2988 24*a^3 + 324*a^2 + 1080*a + 1068 12*a^4 + 84*a^3 - 72*a^2 - 1044*a - 1332 -12*a^3 - 48*a^2 + 60*a + 240 12*a^3 + 432*a^2 + 1764*a + 1920 0 -12*a^4 - 144*a^3 + 144*a^2 + 2352*a + 3228 -6*a^4 - 96*a^3 - 90*a^2 + 792*a + 1296 -30*a^3 - 156*a^2 - 258*a - 132 6*a^4 + 48*a^3 - 234*a^2 - 1560*a - 1932 12*a^2 + 96*a + 156 12*a^3 + 258*a^2 + 972*a + 1014 -18*a^3 - 162*a^2 - 438*a - 366 30*a^3 + 186*a^2 + 354*a + 198 -18*a^3 + 12*a^2 + 306*a + 420 6*a^4 + 42*a^3 - 36*a^2 - 522*a - 666 6*a^3 - 54*a^2 - 342*a - 426 -12*a^3 - 180*a^2 - 660*a - 708 -90*a^2 - 408*a - 462 -18*a^3 - 138*a^2 - 414*a - 438 6*a^3 - 6*a^2 - 126*a - 186 -6*a^4 - 66*a^3 + 96*a^2 + 1146*a + 1494 -6*a^3 + 42*a^2 + 246*a + 270 6*a^3 + 36*a^2 + 66*a + 36 12*a^3 - 60*a^2 - 468*a - 612 24*a^3 + 210*a^2 + 600*a + 558 over Number field with defining polynomial x^5+14*x^4+12*x^3-250*x^2-797*x-692
15 3 6 -6 0 -3 -3 3 -2 7 -1 -2 5 1 5 4 1 -2 0 -2 5 0 -7 0 -2 4 -1 6 -1 -2 4 -2 0 over Number field with defining polynomial x-306
4*a^2 - 2296*a + 308256 -2*a^2 + 992*a - 83448 -408*a+137712 120*a-61104 144*a-38304 5*a^2 - 3164*a + 478116 4*a^2 - 2440*a + 346560 -a^2 + 548*a - 65284 232*a-71440 -2*a^2 + 1344*a - 215992 -a^2 + 724*a - 131556 -56*a+5168 -5*a^2 + 3444*a - 591508 3*a^2 - 2172*a + 394668 88*a-33136 -72*a+19152 4*a^2 - 2632*a + 426816 -88*a+33136 2*a^2 - 1288*a + 210824 -352*a+132544 a^2 - 636*a + 98420 2*a^2 - 1344*a + 215992 a^2 - 620*a + 84436 144*a-38304 2*a^2 - 1184*a + 163704 -336*a+118560 -3*a^2 + 1908*a - 295260 2*a^2 - 1272*a + 196840 0 -2*a^2 + 1096*a - 130568 -72*a+19152 -88*a+33136 -160*a+52288 over Number field with defining polynomial x^3-1046*x^2+352396*x-37925064
For conductor 1:
traces of hecke eigenvalues of T_{p^1} are:
-7 -2 -14 4 33 44 -34 -97 53 -170 141 -68 -79 84 -248 -932 196 401 -205 902 570 578 -1080 
computing eigenvalues for k = 1, took 17.824898 sec
traces of hecke eigenvalues of T_{p^2} are:
4 -24 -8 
computing eigenvalues for k = 2, took 0.219474 sec
traces of hecke eigenvalues of T_{p^1} are:
4 26 60 106 252 400 326 784 1136 1234 1680 1506 2336 2754 3376 3382 4158 5432 4592 6524 6870 9028 8136 
computing eigenvalues for k = 1, took 17.695420 sec
traces of hecke eigenvalues of T_{p^2} are:
-24 0 80 
computing eigenvalues for k = 2, took 0.214030 sec
traces of hecke eigenvalues of T_{p^1} are:
16 28 32 176 204 356 336 1068 1152 1244 1524 1840 1728 2620 4208 4332 4368 4384 5556 6976 6736 8724 9028 
computing eigenvalues for k = 1, took 17.808897 sec
traces of hecke eigenvalues of T_{p^2} are:
24 12 -144 
computing eigenvalues for k = 2, took 0.219450 sec
traces of hecke eigenvalues of T_{p^1} are:
-8 2 0 22 6 -11 116 -32 -403 112 -45 234 -1 36 4 268 -222 2 626 -271 888 535 -414 
computing eigenvalues for k = 1, took 18.057307 sec
traces of hecke eigenvalues of T_{p^2} are:
3 -15 5 
computing eigenvalues for k = 2, took 0.214387 sec
traces of hecke eigenvalues of T_{p^1} are:
8 28 80 88 204 356 424 1068 832 1244 1524 1944 2784 2620 2872 4332 4744 5840 5556 5664 7208 8724 9028 
computing eigenvalues for k = 1, took 17.877640 sec
traces of hecke eigenvalues of T_{p^2} are:
-8 12 240 
computing eigenvalues for k = 2, took 0.214472 sec
traces of hecke eigenvalues of T_{p^1} are:
40 156 400 1464 2380 5220 7240 25260 30784 52060 70644 81400 106080 151740 208920 230764 305320 363024 394420 499360 578760 712980 922180 
computing eigenvalues for k = 1, took 17.798943 sec
traces of hecke eigenvalues of T_{p^2} are:
120 780 2800 
computing eigenvalues for k = 2, took 0.209255 sec
traces of hecke eigenvalues of T_{p^1} are:
3 -12 4 42 -51 54 62 -69 -61 72 81 -20 191 304 260 -116 -474 -61 -121 -970 260 862 -238 
computing eigenvalues for k = 1, took 17.974002 sec
traces of hecke eigenvalues of T_{p^2} are:
-4 12 -8 
computing eigenvalues for k = 2, took 0.229809 sec
traces of hecke eigenvalues of T_{p^1} are:
33 92 140 374 519 810 922 2401 2617 4448 5219 5428 6101 9328 11020 11908 13858 14761 16877 19098 20508 22714 29462 
computing eigenvalues for k = 1, took 17.753674 sec
traces of hecke eigenvalues of T_{p^2} are:
12 84 -80 
computing eigenvalues for k = 2, took 0.217891 sec
traces of hecke eigenvalues of T_{p^1} are:
35 106 150 356 451 876 1114 2429 2271 4138 5447 5428 6251 8396 9624 10132 14444 15107 15873 18986 21390 22710 30904 
computing eigenvalues for k = 1, took 17.765698 sec
traces of hecke eigenvalues of T_{p^2} are:
20 168 0 
computing eigenvalues for k = 2, took 0.219119 sec
traces of hecke eigenvalues of T_{p^1} are:
8 -14 -34 22 122 202 -164 222 320 -250 -314 -104 -1056 -908 1572 1344 -1046 -36 1914 996 -2298 360 1178 
computing eigenvalues for k = 1, took 17.846236 sec
traces of hecke eigenvalues of T_{p^2} are:
16 52 48 
computing eigenvalues for k = 2, took 0.216985 sec
traces of hecke eigenvalues of T_{p^1} are:
-8 -14 62 -154 122 202 12 222 -320 -250 -314 104 1056 -908 -1100 1344 -294 2876 1914 -1628 -1354 360 1178 
computing eigenvalues for k = 1, took 17.954734 sec
traces of hecke eigenvalues of T_{p^2} are:
16 52 144 
computing eigenvalues for k = 2, took 0.218114 sec
traces of hecke eigenvalues of T_{p^1} are:
47 100 234 558 575 1156 1640 3165 3719 5276 5959 7518 8819 10870 14824 14946 17146 21187 22529 23526 26868 31610 38072 
computing eigenvalues for k = 1, took 17.959209 sec
traces of hecke eigenvalues of T_{p^2} are:
28 -24 272 
computing eigenvalues for k = 2, took 0.213513 sec
traces of hecke eigenvalues of T_{p^1} are:
1 2 -18 -8 -3 -8 38 -5 -79 82 21 -300 509 -660 448 -716 768 173 323 -1162 414 -590 180 
computing eigenvalues for k = 1, took 17.993755 sec
traces of hecke eigenvalues of T_{p^2} are:
-12 -48 32 
computing eigenvalues for k = 2, took 0.238801 sec
traces of hecke eigenvalues of T_{p^1} are:
1 -2 -14 -12 -39 76 -194 151 165 310 13 -308 -207 36 -120 -308 308 -127 -813 1126 -1062 -30 -696 
computing eigenvalues for k = 1, took 17.740674 sec
traces of hecke eigenvalues of T_{p^2} are:
-12 -24 -8 
computing eigenvalues for k = 2, took 0.211432 sec
traces of hecke eigenvalues of T_{p^1} are:
11 20 44 90 189 326 486 643 1059 1480 1225 1804 2471 3176 3716 3484 4822 4131 4991 7126 6020 6678 8178 
computing eigenvalues for k = 1, took 17.915891 sec
traces of hecke eigenvalues of T_{p^2} are:
4 -36 -48 
computing eigenvalues for k = 2, took 0.225017 sec
traces of hecke eigenvalues of T_{p^1} are:
-1 16 0 -34 -43 10 46 59 31 -196 305 -4 251 904 -164 -68 338 -33 -193 1094 160 38 566 
computing eigenvalues for k = 1, took 18.059865 sec
traces of hecke eigenvalues of T_{p^2} are:
-4 20 40 
computing eigenvalues for k = 2, took 0.213678 sec
traces of hecke eigenvalues of T_{p^1} are:
-1 -8 0 54 -27 18 -10 99 7 116 -167 -244 187 128 -516 -276 -1222 903 -425 710 248 -546 1742 
computing eigenvalues for k = 1, took 18.408663 sec
traces of hecke eigenvalues of T_{p^2} are:
4 -12 -16 
computing eigenvalues for k = 2, took 0.215132 sec
traces of hecke eigenvalues of T_{p^1} are:
7 24 48 166 125 226 310 1115 1095 1108 1817 1980 1899 2448 3132 4604 5482 5447 4503 4998 6936 7550 8542 
computing eigenvalues for k = 1, took 17.840377 sec
traces of hecke eigenvalues of T_{p^2} are:
-12 -12 -16 
computing eigenvalues for k = 2, took 0.210630 sec
traces of hecke eigenvalues of T_{p^1} are:
-4 18 -4 -22 -4 16 6 256 -160 -310 48 482 528 -454 40 62 -482 728 592 -1604 1398 180 104 
computing eigenvalues for k = 1, took 17.926563 sec
traces of hecke eigenvalues of T_{p^2} are:
8 16 -48 
computing eigenvalues for k = 2, took 0.215777 sec
traces of hecke eigenvalues of T_{p^1} are:
-4 -20 24 0 -36 -39 56 48 19 -40 85 -16 -119 476 576 -36 -88 246 226 -229 -40 -507 -1702 
computing eigenvalues for k = 1, took 18.069482 sec
traces of hecke eigenvalues of T_{p^2} are:
-11 39 17 
computing eigenvalues for k = 2, took 0.208367 sec
traces of hecke eigenvalues of T_{p^1} are:
-4 8 -24 28 16 -39 56 -184 255 240 233 12 213 -4 0 332 -452 -882 122 1631 208 -415 434 
computing eigenvalues for k = 1, took 17.790306 sec
traces of hecke eigenvalues of T_{p^2} are:
-7 11 17 
computing eigenvalues for k = 2, took 0.212852 sec
For conductor 2:
traces of hecke eigenvalues of T_{p^1} are:
-8 -18 -16 34 26 -59 36 8 -151 -104 23 38 123 468 36 -292 -42 -406 714 -379 -528 -61 346 
computing eigenvalues for k = 1, took 592.816459 sec
traces of hecke eigenvalues of T_{p^2} are:
7 21 -11 
computing eigenvalues for k = 2, took 0.566720 sec
traces of hecke eigenvalues of T_{p^1} are:
-8 -14 62 -154 122 202 12 222 -320 -250 -314 104 1056 -908 -1100 1344 -294 2876 1914 -1628 -1354 360 1178 
computing eigenvalues for k = 1, took 594.944754 sec
traces of hecke eigenvalues of T_{p^2} are:
16 52 144 
computing eigenvalues for k = 2, took 0.550436 sec
traces of hecke eigenvalues of T_{p^1} are:
-4 8 -24 28 16 -39 56 -184 255 240 233 12 213 -4 0 332 -452 -882 122 1631 208 -415 434 
computing eigenvalues for k = 1, took 589.369881 sec
traces of hecke eigenvalues of T_{p^2} are:
-7 11 17 
computing eigenvalues for k = 2, took 0.548139 sec
traces of hecke eigenvalues of T_{p^1} are:
-4 -20 24 0 -36 -39 56 48 19 -40 85 -16 -119 476 576 -36 -88 246 226 -229 -40 -507 -1702 
computing eigenvalues for k = 1, took 584.207809 sec
traces of hecke eigenvalues of T_{p^2} are:
-11 39 17 
computing eigenvalues for k = 2, took 0.545263 sec
For conductor 23:
traces of hecke eigenvalues of T_{p^1} are:
-3 -8 -8 2 81 58 -54 -1 233 -236 105 108 -387 -88 612 516 670 681 -1465 26 680 222 374 
computing eigenvalues for k = 1, took 583.843881 sec
traces of hecke eigenvalues of T_{p^2} are:
-4 -12 -32 
computing eigenvalues for k = 2, took 0.554527 sec
traces of hecke eigenvalues of T_{p^1} are:
1 -16 6 54 -7 -63 42 -169 54 124 64 64 138 -356 484 -448 394 -1209 929 -267 120 851 -1060 
computing eigenvalues for k = 1, took 584.134677 sec
traces of hecke eigenvalues of T_{p^2} are:
1 -27 -69 
computing eigenvalues for k = 2, took 0.561177 sec
traces of hecke eigenvalues of T_{p^1} are:
-12 4 -2 32 -12 -89 72 80 -103 40 -165 384 -63 -76 -48 36 -248 -1050 -94 359 -1192 249 254 
computing eigenvalues for k = 1, took 586.114879 sec
traces of hecke eigenvalues of T_{p^2} are:
17 -27 -101 
computing eigenvalues for k = 2, took 0.546558 sec
traces of hecke eigenvalues of T_{p^1} are:
-12 -10 6 -38 -62 -21 104 -84 143 476 5 -466 -313 -468 108 -160 -166 -46 -70 709 152 403 -42 
computing eigenvalues for k = 1, took 587.085560 sec
traces of hecke eigenvalues of T_{p^2} are:
15 -5 -1 
computing eigenvalues for k = 2, took 0.558991 sec
For conductor 46:
traces of hecke eigenvalues of T_{p^1} are:
-3 -8 -8 2 81 58 -54 -1 233 -236 105 108 -387 -88 612 516 670 681 -1465 26 680 222 374 
computing eigenvalues for k = 1, took 141.240394 sec
traces of hecke eigenvalues of T_{p^2} are:
-4 -12 -32 
computing eigenvalues for k = 2, took 0.558212 sec
traces of hecke eigenvalues of T_{p^1} are:
-12 4 -2 32 -12 -89 72 80 -103 40 -165 384 -63 -76 -48 36 -248 -1050 -94 359 -1192 249 254 
computing eigenvalues for k = 1, took 140.650433 sec
traces of hecke eigenvalues of T_{p^2} are:
17 -27 -101 
computing eigenvalues for k = 2, took 0.554213 sec
traces of hecke eigenvalues of T_{p^1} are:
13 20 68 174 189 326 274 643 925 1480 1225 1980 2041 3176 3364 3484 4290 6093 4991 5514 7924 6678 8178 
computing eigenvalues for k = 1, took 141.155509 sec
traces of hecke eigenvalues of T_{p^2} are:
12 -36 144 
computing eigenvalues for k = 2, took 0.587237 sec
traces of hecke eigenvalues of T_{p^1} are:
17 24 64 98 125 226 450 1115 889 1108 1817 1804 2613 2448 3948 4604 3630 4777 4503 7642 7008 7550 8542 
computing eigenvalues for k = 1, took 142.973940 sec
traces of hecke eigenvalues of T_{p^2} are:
28 -12 112 
computing eigenvalues for k = 2, took 0.581992 sec
traces of hecke eigenvalues of T_{p^1} are:
-4 -2 -34 -26 -14 102 84 190 -276 90 70 8 -116 508 164 -448 314 -480 -238 -1732 686 -1152 1398 
computing eigenvalues for k = 1, took 139.426548 sec
traces of hecke eigenvalues of T_{p^2} are:
-16 -4 48 
computing eigenvalues for k = 2, took 0.554197 sec
traces of hecke eigenvalues of T_{p^1} are:
21 70 100 276 313 546 776 1683 2001 3018 3817 3470 3653 5774 6468 6502 9956 9825 9527 12518 12142 18066 18102 
computing eigenvalues for k = 1, took 140.988511 sec
traces of hecke eigenvalues of T_{p^2} are:
4 108 0 
computing eigenvalues for k = 2, took 0.582406 sec
traces of hecke eigenvalues of T_{p^1} are:
1 -16 6 54 -7 -63 42 -169 54 124 64 64 138 -356 484 -448 394 -1209 929 -267 120 851 -1060 
computing eigenvalues for k = 1, took 140.013233 sec
traces of hecke eigenvalues of T_{p^2} are:
1 -27 -69 
computing eigenvalues for k = 2, took 0.570810 sec
traces of hecke eigenvalues of T_{p^1} are:
28 90 126 390 646 890 1020 2482 3052 4006 4586 5696 7164 8464 9988 11684 13226 14448 16582 17420 20462 23220 29802 
computing eigenvalues for k = 1, took 145.096397 sec
traces of hecke eigenvalues of T_{p^2} are:
-8 72 -192 
computing eigenvalues for k = 2, took 0.582037 sec
traces of hecke eigenvalues of T_{p^1} are:
6 -14 6 50 -16 -25 -252 274 -195 -132 459 -534 597 332 -28 896 42 -132 -1552 925 416 -5 -1342 
computing eigenvalues for k = 1, took 138.746479 sec
traces of hecke eigenvalues of T_{p^2} are:
-5 -65 -49 
computing eigenvalues for k = 2, took 0.549997 sec
traces of hecke eigenvalues of T_{p^1} are:
49 100 214 498 575 1156 1400 3165 4217 5276 5959 7618 9229 10870 13496 14946 19302 19709 22529 27034 28908 31610 38072 
computing eigenvalues for k = 1, took 139.896974 sec
traces of hecke eigenvalues of T_{p^2} are:
36 -24 112 
computing eigenvalues for k = 2, took 0.580866 sec
traces of hecke eigenvalues of T_{p^1} are:
-14 8 -2 16 -84 118 -42 184 130 196 -280 -542 58 1418 -284 -1350 368 782 -1024 -1428 856 1488 1070 
computing eigenvalues for k = 1, took 138.619888 sec
traces of hecke eigenvalues of T_{p^2} are:
-8 4 -56 
computing eigenvalues for k = 2, took 0.550641 sec
traces of hecke eigenvalues of T_{p^1} are:
3 10 58 80 225 256 306 863 719 1402 1845 1740 2331 2948 3096 4044 5320 5091 6083 6746 7874 6738 9164 
computing eigenvalues for k = 1, took 139.123731 sec
traces of hecke eigenvalues of T_{p^2} are:
-28 -96 64 
computing eigenvalues for k = 2, took 0.579536 sec
traces of hecke eigenvalues of T_{p^1} are:
32 80 122 332 502 830 1046 2918 2836 4244 5750 5198 6740 8942 10764 10294 11660 15696 15954 18240 19512 24564 29254 
computing eigenvalues for k = 1, took 141.599319 sec
traces of hecke eigenvalues of T_{p^2} are:
8 12 -224 
computing eigenvalues for k = 2, took 0.583286 sec
