constructing eigenvector for poly
x-40
constructing eigenvector for poly
x^15-178*x^14+14531*x^13-720976*x^12+24289821*x^11-587948581*x^10+10551198426*x^9-142782935017*x^8+1467258143302*x^7-11435947592306*x^6+66972838501866*x^5-289081758839573*x^4+889309828678178*x^3-1839021398237407*x^2+2284059699220347*x-1283602647814740
constructing eigenvector for poly
x^30+22*x^29-223*x^28-7590*x^27+6677*x^26+1088457*x^25+2452534*x^24-84464928*x^23-330598527*x^22+3871092377*x^21+19649602827*x^20-107475820673*x^19-660560559487*x^18+1784937010463*x^17+13358482192178*x^16-16769674921591*x^15-164459805879762*x^14+75564966205771*x^13+1217669752329744*x^12-38488409183120*x^11-5266441197474672*x^10-940520902013535*x^9+12679759671181507*x^8+3203659991374946*x^7-15611745022763747*x^6-3619788164648511*x^5+8295981156745986*x^4+1044093909047202*x^3-1586112343531433*x^2-27895938711546*x+34644937597061
constructing eigenvector for poly
x^64-16*x^63-896*x^62+16291*x^61+330189*x^60-7206369*x^59-63057258*x^58+1841914848*x^57+5882194001*x^56-305887511988*x^55+24183059401*x^54+35198837495321*x^53-81535513091504*x^52-2916910737649856*x^51+11913901571128737*x^50+177970385653391936*x^49-1019176367654255250*x^48-8060123669098759805*x^47+60981568212726393492*x^46+268447944331981253329*x^45-2717990711774704104092*x^44-6285409727887541464717*x^43+93128382227680351920911*x^42+86568151998545133058217*x^41-2499144682172331766493528*x^40+135005968524297933934378*x^39+53165718849453583688182519*x^38-42194371720163154118241560*x^37-904093212616063741745110745*x^36+1244919572218367196301718131*x^35+12361989121153470503932659990*x^34-22962820135890970538511490052*x^33-136480034370709421452298135260*x^32+309742695613242346501012787604*x^31+1220165478344647293024438048616*x^30-3214805841310195000049734751376*x^29-8851070497163425799161104200384*x^28+26246598358205652264815744545504*x^27+52167609327032989607849552184128*x^26-170269786203534875213606734103552*x^25-250123749653615207106956773041152*x^24+880688651201301039201736276064768*x^23+977011017338886106966305482314752*x^22-3626663729464096617122919128473600*x^21-3115450391726800951356847488428032*x^20+11822135891470261911112153934198784*x^19+8126918577299012527022122516463616*x^18-30192753509647723870023879270785024*x^17-17338785938813098142445398688104448*x^16+59465353301297259319884684384993280*x^15+30029437483425481931446225603919872*x^14-88270737571533967621498091765170176*x^13-41326173346811406097294662064275456*x^12+95556769026035431360414341172559872*x^11+43378304330597782770969089779433472*x^10-71908803963213648046386869666578432*x^9-32565422995278302760385324822560768*x^8+34981219962310030263622406296829952*x^7+15909080483419988926448701586538496*x^6-9760949870056422567448450374303744*x^5-4359126445046538667617445696503808*x^4+1233215668737194515722622304518144*x^3+495676316303851811781522640338944*x^2-27386898776399921703192413339648*x-604101929871830726808115871744
constructing eigenvector for poly
x^52-560*x^51+152928*x^50-27141484*x^49+3520225948*x^48-355720363848*x^47+29157513346964*x^46-1992942291320116*x^45+115891367729945254*x^44-5821079431784275412*x^43+255552802877487254190*x^42-9898495247405547986616*x^41+340865224822985993153046*x^40-10501317350343918421415308*x^39+290945539434864743739238004*x^38-7280721572461520048946892192*x^37+165164402650213154712929140219*x^36-3406981668650973312407692359596*x^35+64069720621818019680483842627082*x^34-1100779296132308660560356640683808*x^33+17309574838538563961325611426735217*x^32-249484423655075477099072249133014432*x^31+3299708114648907228778860587969962120*x^30-40083884955735829932376146781015609168*x^29+447512040253770963902594751209368846605*x^28-4593631149259608792858383233741388070124*x^27+43361210192268269622870688665820711775418*x^26-376375988744786152344523222363363405737136*x^25+3003334760197792642573544433962774319240584*x^24-22020989719737576227575861572964756453982340*x^23+148256070213536672282982215804011317258592900*x^22-915628067813059058780727589261483548230364832*x^21+5181267126667443715986421422073196532028057623*x^20-26824085953288197615441477920920231924230428384*x^19+126829168030169321311614764148081723246166989844*x^18-546523640218111265895812944408593333197410747408*x^17+2141033893202742103907308134451356834823427979464*x^16-7603394994816566307211426279648884372985157950188*x^15+24394449341185911879789191612312354455303927563618*x^14-70428824738635542885572910578307055851543312767112*x^13+182120048230396439267730610325878680005363436302155*x^12-419481151702380745054214795730319686723716215222748*x^11+854967325651810539367750566546429890913979758988114*x^10-1529719378468713555793869772339000324370823300877156*x^9+2379401525821672546516782315171101952324323081983391*x^8-3178652105959234084844136216200761966186383506950596*x^7+3590929481331945755111806461451920876687940505365498*x^6-3361261294075045038460151541674037388958154670484124*x^5+2535025746981236979236262231490909719803044547597489*x^4-1479097742294687447237338333804037719255322724911056*x^3+626018737381316255981525059085572319410503074123320*x^2-170869440222082508908211388265826372547122587352832*x+22560387033475550041128299129597441663743522508944
constructing eigenvector for poly
x^52-1508*x^51+1111976*x^50-534375968*x^49+188203409868*x^48-51793788523408*x^47+11596591739833548*x^46-2171780349053971096*x^45+347117292615294949072*x^44-48076034882710984629024*x^43+5838965778903226531650022*x^42-627798210595748167268600936*x^41+60218636320956182237685261508*x^40-5185950432195105186669082118084*x^39+403097480510958851122081483642442*x^38-28405574747091193908448204219000712*x^37+1821520437936988361527108742886797432*x^36-106629008800419026910721148621589975688*x^35+5713326213126169639382381496833525997722*x^34-280836828149259915506327443038096640159328*x^33+12687921445288425719747687938617430731387207*x^32-527688274576506111661435457171628788005752284*x^31+20228677363489571713816924595717618487638177292*x^30-715480074515047440749107500589864350241261071884*x^29+23366695956859902128002367937606120033825582026310*x^28-705010174835317104722566528215491709527559879155536*x^27+19657283136213830293454410381480784545291478726841868*x^26-506546029937829891371887036447150625880969707016806012*x^25+12062166269770174240222460353324907205091157495416513063*x^24-265333391392968489971996853517732535820802697809748448324*x^23+5388539454865880370012880562831354064122840594908844321890*x^22-100951802761572535029125732647080787554865028799425397534980*x^21+1742870138850665795505449955252413983164898425993080725124070*x^20-27691879554850232621688314333797047370518779073758007861600764*x^19+404276258435540284852990663691623819193859560870083387358438782*x^18-5412570899395060342339223911209204552526580585472379159008391608*x^17+66302616523392079961099983610767005760326759166185777322846776849*x^16-741104169760488660872360691378017523331258280930212660313152164452*x^15+7534541604640964562464596711463946836412416176824215628375128898010*x^14-69409616337978950400065553363879521633593428027233117902358841959888*x^13+576795292594985303679419846001472759734477044590571959179836403430145*x^12-4300777413829630099864629659326025648015440796814533280843214033972076*x^11+28590202607755773670901819282540794038875787928198104225114334075673252*x^10-168137460093455059771166139456006986232479756401909877560120471985939040*x^9+866460332172370069534085147770007447624785095757942948703770729799603040*x^8-3866241934702489442133608126096464837728360716283612329400328650904605312*x^7+14711279544680441103056734645256785038833793228021914237128882437564613760*x^6-46781404150083291261328461605877539959407666039350136721075222274890629120*x^5+120923164490659376486402446420008655467865742679503403729764861039341401344*x^4-244010693666309984587101154989940410289307056737295864390333796692615941120*x^3+360506769101642367142525522845078501980541322782358527151970648522608768000*x^2-346764281632494790501060646154724079667863827245925915110153417828209664000*x+162925805990859417091851331479176524598226483067935112054512720188712960000
constructing eigenvector for poly
x^52-2612*x^51+3337428*x^50-2780240412*x^49+1698078097662*x^48-810736962875188*x^47+315053145628619128*x^46-102447477805167793632*x^45+28443045995487978989013*x^44-6845850624609557556312296*x^43+1445506436554388139449621758*x^42-270319849571551385963026190432*x^41+45118339845981395442064710651332*x^40-6764063390824123608484022217757100*x^39+915675492711142549457713187514569596*x^38-112430663049040678335583964626809250692*x^37+12567963186310323289191616273061343029840*x^36-1283093931782417412711943815951745722399856*x^35+119958101718343777539579732910805473511820218*x^34-10293430917512133918366424453424750140595073724*x^33+812218823513052562282729483912903531713595463035*x^32-59026961766810527373471080528540393709813591045392*x^31+3955923997116674493820842840808926601249069692349184*x^30-244740433562954860147661266310148164913112167232987232*x^29+13988038154961315349489029189332232299356185255956112196*x^28-738980926538986627379897436261383235781902288016211719072*x^27+36096928818978997347136031111007249766617635881872567037692*x^26-1630455023196344061304367004981858560943338343705184344521668*x^25+68092043783032045467794918302576726929723271482255767827990165*x^24-2628367025515706702927086214646864561479904383580600632248468740*x^23+93720393522294279588202778888013431014839731606292628586630850014*x^22-3084580120140437716750530163552358696338419086349826418504078938016*x^21+93609554731311419905225997530380914636559728574578782620588240481728*x^20-2616009604755616483576496090013456352758813243603831586656332706578356*x^19+67214027430898033212162969799397696024440526492910378893675908780725274*x^18-1584702197683754460232973927444088939314999967320931640927047871174029344*x^17+34206559186407561751570327987162106965461334971451627350347433513920632876*x^16-674170454933937994278500803472674135788791702410732593039385997091543610984*x^15+12093193693041158884822294167206681390481558519010037675625855944140104336156*x^14-196691017294929352585164734209645152093200705549114077987288437947153848192772*x^13+2887748855188856801088462523264469311285203048795746901791206805649191045904361*x^12-38067544820238837383878202645643661872474684243259085748692825227547109913033032*x^11+447711271139608279823645884044674045217900353251880446710932569647303135405710288*x^10-4661506915004596303845087761394814266287073923511306569049758833298799854991603712*x^9+42560362624354756239825220279649619162426931882932358483765173948284157213969700384*x^8-336712976279528070135044835541138393649651281144710802892852592452387600444614338816*x^7+2273320474697578937352134765756977882636308525351436531049345690974290760470644716032*x^6-12836716707208561920345801444265447419315631583405349824678726441787254521474733841408*x^5+58965476572654193482481364320150971792640829657628141049074217038368930749995527846144*x^4-211615767893678163360653404647083881600573998147138650848433877973143463351588457859072*x^3+556484342534646992875604142428119741081668615159456574457188371573907142042062426214400*x^2-953520695983464796755157386155623956431562170902835675580314259419989132392051543244800*x+798737861006876199763037615656796409402665793666083080607142317954780095749932335497216
constructing eigenvector for poly
x^52-6632*x^51+21530018*x^50-45600563236*x^49+70859743147877*x^48-86134896853300192*x^47+85280151359340017988*x^46-70703788010805993320572*x^45+50085459698830489854778424*x^44-30780709097991270814363919248*x^43+16607833973011527585298208085828*x^42-7942247758090746504763777963250888*x^41+3392552322576910514386870400546614220*x^40-1302654198815361993178379619099307637228*x^39+452018117155877158975912429728859233636552*x^38-142377448491705007075156982256485148732934004*x^37+40861807888815619896395486160881092915378292978*x^36-10719291404248521472655595663231937605081578844716*x^35+2577243735706884586084648344873530478861097167271208*x^34-569209690601170743025683957262683645515557582940030604*x^33+115702815910854676978909434640545159423614464329228100024*x^32-21679892971478205386629847261628959617976690996397573093140*x^31+3749488846099385607675218489012481747337624896037200542071086*x^30-599146948238101158688003385948479782328861672828903594316845888*x^29+88527550246033956540577791791707346672288534421779016369661200376*x^28-12101627392501502140992554195343686177593998392523969931924465243412*x^27+1530977962182565287488670680855827022908082883086257498511074061093000*x^26-179266503606585447410682377172359577806025454438613040646322809757072752*x^25+19426118808749519818254925582416571380112259384867255154946022386703724712*x^24-1947542169256458388082655525050374244752528734072461302852156775157523635964*x^23+180535268900225258145610585920438064636267051236654426799456389280848937504680*x^22-15462189364915651077393001910877274844872150142119146792144055781352145220655756*x^21+1222266392471790230462269530807026980650728258759443000352424023734218454815971761*x^20-89060138700870221977315187959268517561509760095734000354609009747683763825242001104*x^19+5972189562938462474442601136138121229383304604836763539837988887572180844006995268426*x^18-367862784281712299059400115218642020377856298747778152226899831144156580920150724434016*x^17+20765887966923743043917941421693257260197307609991578697065343203683975927808074758259303*x^16-1071409601450372601967445905737381952444149965170199047020969413305764846093275852492728384*x^15+50363578204427120256779257102756247955168932276524795238909020318129621750934527592750299358*x^14-2148810122708915592391722236793016987544289478254655113407696262929295891385621152949241316980*x^13+82844197007448520076285766334504355861502061836010329465451166616321379802885269361118694237105*x^12-2870785834936743231373129614982952293813628806656597021590668322729775278235608498654993391103024*x^11+88847262767142945621819448879674868310623708318716885763699154536026880539967358549571254232138784*x^10-2436867417583804105821727159910475403314117386079363983176926586122414742613356588392194803486085184*x^9+58672194547807233135812214181108221572405082840095725513102131672982670986022456320729552409061644568*x^8-1225384869536091916024099246834514599554683537571175306556576153753933431007324803026987631684324865088*x^7+21863783374790955558697797444741286308858846582166868839737895673632248897503730254185595806215896444160*x^6-326617106595210969510360981093209507552022313475269537785158533219455957343104856905824497072686260283072*x^5+3973500202758988740624189971868126296113593365471739098038655928745128668975578971530093440472779640946192*x^4-37808172517810515034384889993378336477771297045815773020338022789721790638348033846783932595294900580322304*x^3+263891916595452273259753980028207468307038670017812470999916579024845919421794976234711475269633960298150784*x^2-1201470916861223350012704464262125595993466064256171110830346321621236478475984447997267449346042428712965120*x+2677152011783691883250422532731496816080092379925110995300471057174406790054420885947611686535701460766312704
constructing eigenvector for poly
x^52-8984*x^51+39526406*x^50-113507146176*x^49+239251598699253*x^48-394665123134461808*x^47+530498065235726923132*x^46-597387970146160083624388*x^45+575035869803951051721151922*x^44-480421805750040944803901597992*x^43+352540518650517882872189867986120*x^42-229394158189096217304976584827572180*x^41+133382564914743360371479794988788961792*x^40-69747031305640784744230169984016211551828*x^39+32973629828717496002483361730183691714801618*x^38-14156519219238634284938272196654901768836710184*x^37+5540219981946671350029060835264042847743181397775*x^36-1982710105012976581021636400634563304427806057142020*x^35+650611391676046271867415806976217398145907140626783216*x^34-196200703159370425215776096334352248723070020760717400716*x^33+54478249089602951411919789330072906864370409084282473400881*x^32-13950053601628145751990543578423914404957903684811587134878868*x^31+3298516711283732111673642668935284671628626371057722612585988428*x^30-720934756041516096846428159363163755455329537371474133752355900616*x^29+145762200391843067547577171365617038895611675361627634705765057388345*x^28-27277322193040266444787600971708215107830622804828795696848109401991288*x^27+4726131227086010688204727370105233884045182565904317480083075989156625124*x^26-758231850885572688702789417346683037876803644987949274914427711086806708216*x^25+112626835275379564745638807783741694270410813490596896589518719764608982596400*x^24-15483971802285418083192003123926974820545766669765052023947490033181602497476328*x^23+1969172173009234079505583058899322668159179965716089022966403018036383839905592910*x^22-231475482335542431280603973253452048758851433426151935082590519278647127242339745716*x^21+25124549482905358485205632676796081006685327021850100748122134523420800472715341343593*x^20-2514779954444239962640163369697462647248377395407590853243723256155917999869340666399684*x^19+231750142754329280251578229313295171279099022870874644593283510417701564281481591596436546*x^18-19625804336269504632890888275591498277202286623466726447198455768056189022293297261514805132*x^17+1523815811189807146349322500769970791945208829951954700030321175705842474513878838985083626984*x^16-108183948244139615989459432172050408558296434616351158410946560544229453393006724826752105634180*x^15+7000578962697283688625035239144269189854415540053846161818310507869794271468017557184960147759164*x^14-411348644149569373481028323523124454742879822644909562612246964244719966627784445205560423242397404*x^13+21850085026230076269792662548122752029548639239359021173674413694149860369575449070048741059942047779*x^12-1043650307091706881582838621638130481470297695059263380250074597808391843999965128199261596478144557720*x^11+44539506384296948035710203504299495410355444387092839997447154014488425928648498893296294493680446034012*x^10-1685249285433988314815515668445884308353005780995163601766004081352913012847588150917656184324464941840604*x^9+55998843139662627736617525473155392672684494335789585305020575410073368746224838087879682566542597603123906*x^8-1614793816238098023810357981168994595622003611330712228429257742346497135884228850860465628821073955050029116*x^7+39797050848163117922851298840618428003539276867896616861528729733890124091936717537006838023600210707673017164*x^6-821539551602568113224697849622688756573147680412671057060902419065667973193386642812135938580341463490169581116*x^5+13816865251769408829882129059115314335916490937808012420554064520788042833107203683412012032167155585418688512889*x^4-181824017083991200677579080145912268274907280091955950626061744436600757071095997875836832134388195320024014668520*x^3+1755914073380832208045198120475497939068522158839092065436418901293053360849154383214569209122244912348900208805200*x^2-11065834010641872421828265038568271453857839196018755537394820830291148778127948011538703137808656565726226714272000*x+34144402162221652475458121568833670270827385627161434900623490055415958219888431482411204999349673822172944333440000
constructing eigenvector for poly
x^52-15372*x^51+115728122*x^50-568715758536*x^49+2051521956572923*x^48-5791984614116821752*x^47+13325612019644084451498*x^46-25685691986048662450249980*x^45+42324055983888863964947794893*x^44-60533826440506196537790111658284*x^43+76048824342664298427006873289622940*x^42-84722416683609907618432542472295553080*x^41+84347371912809668717904352352912743921640*x^40-75522835290300210511356300298628513914306432*x^39+61139593704346349678281280986310846302874737308*x^38-44950891926641633280718154510986178090994931805828*x^37+30127103283098744004373589894352046669921634764226218*x^36-18465469259988852761036586335283776421378634134523579196*x^35+10378045060085964982170821215031962213031827646740178475622*x^34-5360545962145764173734566488419258271826081131158769613371628*x^33+2549575397604582156549067634971031531516361840878995133704917736*x^32-1118351788425476868006781639292461529589394076006638520756360866164*x^31+453002537384010343639302984733571629959646555068558064777495413448582*x^30-169620697165334454870084103748058289181790299461807602214916623387270156*x^29+58755744623333115765984769703330838529427858885763960035238180271656583266*x^28-18838720331194260860536737429608139554542604075271168967121068282272182388804*x^27+5592700372747419499308454798409755297124329514828047705449797892481595740244312*x^26-1537467644713857728752342484389010023816059709902009441837889778702751407134961380*x^25+391341912206409786311544342145871780691926251642232461161989572295448323901746861040*x^24-92199810198285330342969331415753190952171023686105206581780331130228257066042173467028*x^23+20094978422823094927537689423343400354361240509901488426496883385167121220731819324819344*x^22-4048447443421344978288016613208085179073995364283426995886303247721777692119964385895900364*x^21+753156773972466563234029475135329632682546379998757920429038787155782618685170037172835234165*x^20-129215667880964113853640893937014854576611770081438087821882337201583638557880923631009759896336*x^19+20412132264653515479789895704655814814874737326850350625359854952288783080388640789653724035665068*x^18-2963294158079758821285965576665532359120230378131176453250361811189761092734688687762006164115096552*x^17+394443860737646637022542190125888420703861141988429241174816086680475298099654550571173260137078686718*x^16-48011829847592350749966234550830335263833583304685720182724136390201084967320833272116700972119272206456*x^15+5326969759572984329316623369549880601874858093411273693109303596342670593517801678372776087160846810155628*x^14-536718100427005532222579414140501706315624913491048309262515058944776540180458906747377526227392516688336608*x^13+48888785217208696173594833966135213987303790973495565522552204964655057228534557926702402258357629906413623497*x^12-4004627838228208504709533178149974260861210059366435472285739233923730595150156865238260009703288190188760079320*x^11+293113499190958078168873316367092091956031240050384648775153986663974163343834937112524192083659068864032436477888*x^10-19022660184467374010166969927306840698914099684801510697417803496238677797518969654096816216243708494767401110879424*x^9+1084270164700301566145796048571321599710250973844148734688700761820275704025650597938390381528428586624922885997833856*x^8-53636804388304103170347732219755579718063210164334300017217782474146638718047813904609145597280176666030366097681878016*x^7+2267887409642045832655570864203567702381711319219224826473264369200961113795594165506322987360719101405983508153611235840*x^6-80327223597018377893984611587811448435810654122808104975756688504899622426367817130018762071045729244638512780568647829504*x^5+2318184157059812163942000353817502476062755945443219051306254740462185004610724892262053204114968922211179591433142360548352*x^4-52352312826265458898539805896206006546991639487853553298963085286692966289210054072388712384341264922636362139890583139164160*x^3+867716556981420902418976083863331582958794222440738793621266008918709159911304731570490035081334885025090731952024290850914304*x^2-9386298194200154601222607159660351595705130690381533863730173898701675748654795755411151707094257169242658264480898143822020608*x+49717892585819356811768315871668985778545045604425523006956553802280964604037154603334066896291461596972380558365006535795408896
constructing eigenvector for poly
x^52-19316*x^51+182787918*x^50-1129434120040*x^49+5124299608693623*x^48-18201803067748320016*x^47+52703457268733249404990*x^46-127892382771993284762282648*x^45+265386574534527130299986170935*x^44-478151011786144025754350032325740*x^43+756958324365164765185604174448150794*x^42-1062986441628976985968455519138731656028*x^41+1334407394102668781278725518663653353397860*x^40-1507024687174165582814216944095135319223903900*x^39+1539315468840252739302711261623134706737140122016*x^38-1428381746095910767771104702430847623986071742340816*x^37+1208654541005718825825904302269421149467409942210009015*x^36-935582222616622434917161052902762083702063856136504288268*x^35+664281150521665708952460089690093608849502885427617774881782*x^34-433608812403243532031743407235609272543622845149590836854305112*x^33+260703888255997968553160760169284042472846662750674235642286107120*x^32-144606043381679780528980772810161440577427803089657831716206531895624*x^31+74092571119565848718441918270281314793891756686082015271759687417732946*x^30-35103984666569531278188463568724144160633056162503366639655089437397095724*x^29+15391068988843326056600236235523648081872205797989186999625841194452364121921*x^28-6248098284471491592197639668767230054810608354012136853030094489549220860523752*x^27+2349269777240428984624317597817844100111272050682693248699324289500192930982609504*x^26-818217597158901236018466738936129135455821150355096091926055412731530545175586615812*x^25+263941075998152887849454358171907541224172872759821687303900797432617812089168073756541*x^24-78832335476710423507460886983176873379202444692147655035409397581631874221069255018132700*x^23+21788194199136341145975819863162759977771676601801632636009810473953465751749969271000200476*x^22-5568224002735151972801198393163164449335537739142069746400762926361584471842983941013812335864*x^21+1314446172274300114654401362043220397630226150793956765406203716325214229639205601345742960847489*x^20-286243789335716432970894937105468023202685685340433696731153998751772183661910419427085562957757008*x^19+57412502967064595293858690762990877665681213491978401539920704414212037862009400165352259398554486412*x^18-10585789850138880131975601823606170134382942593438105559755836124094754591656101645258605924465878049308*x^17+1790179992117741499969162378781644187345978289587017268058681497610941989793596606721320827087506695252443*x^16-276920257459456832328976957987956053559619268712533755478790437369098065046258243260755913133103762559822612*x^15+39058268433512165175459404505655925021107874392016758073672387818461788114591631772389724097640575470468495350*x^14-5004214311077592276731713255332505272413500015810945717541545060316868551220516556789121984488065466092560517912*x^13+579809987629096172413082497533387134159968601516303071896752614732975959396513933303065517012627458770111968723753*x^12-60430265836308087210601997642335955385164136770030451952970187351278485303600726816317847133811830297114357606243928*x^11+5629532838892601164773330949342781706515844715812582970584419136055276328378235746000951560621744596684119699511441312*x^10-465135435754143608989660271228737978423374512685091163121403235866466898716292324263967084391602960566091200492372329280*x^9+33763221739224404285361009465123550548847598548546075902306381473444932001748031757702868097390810676900177753927549485408*x^8-2127615230441567864723417486188184053511535007473195120926430529314236624999758009157901321245699376730218327614327993383936*x^7+114630493704360847127492472721959040336011515125572859009501840155136122914617280022462716455331662755531075534721823232798976*x^6-5175038104671028740087643021820862906237419091637697063883917785965006438077418502043268375866375963982949175802643956092060672*x^5+190411618819591628388799809326593906226339691780666915162214858943513189561996989845492606351883620031749311170095907461675129088*x^4-5484001970948742004340894527189517853535110198637048311084590164432797529487360411106393405699661095331653043266549935970720409600*x^3+115951453978586069455295462429803973386345322229668010837335451033918592508209372407894933863934519817633975985396835820592218312704*x^2-1600473319447514209694439586602847037620561422900732379517012688449868346468077908410895364163066081592136790874621115593095290814464*x+10820331198452578606837711653852565147162791802295656723434280481219532921386304135868229782070848347298691255403493713940280994955264
constructing eigenvector for poly
x^3+6*x^2+12*x+8
constructing eigenvector for poly
x^3-24*x^2+192*x-512
constructing eigenvector for poly
x^3+18*x^2+108*x+216
constructing eigenvector for poly
x^3+114*x^2+4332*x+54872
constructing eigenvector for poly
x^3-96*x^2+3072*x-32768
constructing eigenvector for poly
x^3-141*x^2+6627*x-103823
constructing eigenvector for poly
x^3-30*x^2+300*x-1000
constructing eigenvector for poly
x^12+36*x^11+324*x^10-1080*x^9-16452*x^8+40608*x^7+184032*x^6-492480*x^5-678672*x^4+2306880*x^3+171072*x^2-3763584*x+2299968
constructing eigenvector for poly
x^12+12*x^11-546*x^10-5900*x^9+106515*x^8+995832*x^7-8432076*x^6-64939032*x^5+216417015*x^4+1317955900*x^3-3010928946*x^2-8842026012*x+19704878101
constructing eigenvector for poly
x^12+84*x^11+1884*x^10-22280*x^9-1305252*x^8-6575328*x^7+261003552*x^6+2635024320*x^5-16266146832*x^4-220584159680*x^3-72545345088*x^2-8042741376*x-298077632
constructing eigenvector for poly
x^12-72*x^11-5904*x^10+369792*x^9+16663536*x^8-662660352*x^7-25414055424*x^6+439944929280*x^5+17108296416000*x^4-121224418560000*x^3-5104922227200000*x^2+11744099020800000*x+560291390784000000
constructing eigenvector for poly
x^12+288*x^11+23040*x^10-596736*x^9-142195968*x^8-1495646208*x^7+338777800704*x^6+4606795579392*x^5-440510321590272*x^4-1193862192168960*x^3+276415107431399424*x^2-3999651796220903424*x+17352414678327754752
constructing eigenvector for poly
x^12-804*x^11+283782*x^10-57428860*x^9+7277765931*x^8-588163818600*x^7+29004569172420*x^6-722797336204920*x^5+227049777653031*x^4+362265730612707020*x^3-2230876160221348842*x^2-94094100796408969548*x-465812212997211886259
constructing eigenvector for poly
x^12-84*x^11-6468*x^10+586760*x^9+18614556*x^8-1648553760*x^7-32833958880*x^6+2322745542720*x^5+38374875607536*x^4-1639031854941760*x^3-26773776448913472*x^2+463307965216812672*x+8108438296124431936
constructing eigenvector for poly
x^15+48*x^14+792*x^13+2284*x^12-87288*x^11-1062360*x^10-1758544*x^9+48915648*x^8+376417152*x^7+504272320*x^6-6557416128*x^5-41147504256*x^4-110963262976*x^3-157450795776*x^2-113862544896*x-33014374912
constructing eigenvector for poly
x^15+27*x^14-75*x^13-9399*x^12-85707*x^11+613245*x^10+15415145*x^9+79447095*x^8-358504053*x^7-6818410579*x^6-40115962269*x^5-126815297421*x^4-226905428377*x^3-218990082021*x^2-105411107865*x-19836487243
constructing eigenvector for poly
x^15+30*x^14-606*x^13-25412*x^12+83778*x^11+8838690*x^10+23715376*x^9-1595577024*x^8-9889974396*x^7+152364031208*x^6+1428466371732*x^5-6333865917672*x^4-96820121620000*x^3-30651474693384*x^2+2587379662346616*x+7656322360906584
constructing eigenvector for poly
x^15-216*x^14+17262*x^13-489468*x^12-10969284*x^11+1060494102*x^10-19205386440*x^9-321984858936*x^8+17038646944752*x^7-185080379331880*x^6-1861468671203796*x^5+70053132734537856*x^4-810527644688446792*x^3+4848000164850113424*x^2-15125907956214822336*x+19529479812280021128
constructing eigenvector for poly
x^15-228*x^14+14814*x^13+127880*x^12-37312572*x^11+125943444*x^10+45521537768*x^9+111430365552*x^8-30670797054816*x^7-429804991513904*x^6+6092841711592368*x^5+228208343097765696*x^4+2725449117479129056*x^3+16542766774400415360*x^2+51420055478072151936*x+65015047468261694656
constructing eigenvector for poly
x^15-477*x^14+54621*x^13+6815919*x^12-1614391563*x^11-7595148213*x^10+17252447172537*x^9-395960067076713*x^8-97153332785727261*x^7+3033893272402578241*x^6+307667020563656466711*x^5-9634690196545095395115*x^4-503017220350597603467961*x^3+15141827052360159472312497*x^2+329912145008821868210913843*x-9877468244052758940603624123
constructing eigenvector for poly
x^15+546*x^14+110220*x^13+8337212*x^12-212889312*x^11-63286391190*x^10-1424691840920*x^9+179996503861320*x^8+6232006225560432*x^7-294508968182953312*x^6-9591455941889545716*x^5+297342436934478092328*x^4+6585610172345602114688*x^3-168693799972685692257648*x^2-1700110601595024583794240*x+40253542524327599884755064
constructing eigenvector for poly
x+2
constructing eigenvector for poly
x^2+4*x+2
constructing eigenvector for poly
x^2+24*x+142
constructing eigenvector for poly
x^4+12*x^3-36*x^2-72*x+132
constructing eigenvector for poly
x^5+16*x^4+8*x^3-860*x^2-3688*x-3208
constructing eigenvector for poly
x^20+128*x^19+7612*x^18+279385*x^17+7089415*x^16+131993659*x^15+1866952300*x^14+20482342382*x^13+176289276876*x^12+1194733953948*x^11+6348842922424*x^10+26064927083272*x^9+79880001795760*x^8+167655406139488*x^7+170359907039360*x^6-242184617748672*x^5-1368866433190208*x^4-2785942028140288*x^3-3229372346702592*x^2-2096483621562880*x-593622845103104
constructing eigenvector for poly
x^30+22*x^29-223*x^28-7590*x^27+6677*x^26+1088457*x^25+2452534*x^24-84464928*x^23-330598527*x^22+3871092377*x^21+19649602827*x^20-107475820673*x^19-660560559487*x^18+1784937010463*x^17+13358482192178*x^16-16769674921591*x^15-164459805879762*x^14+75564966205771*x^13+1217669752329744*x^12-38488409183120*x^11-5266441197474672*x^10-940520902013535*x^9+12679759671181507*x^8+3203659991374946*x^7-15611745022763747*x^6-3619788164648511*x^5+8295981156745986*x^4+1044093909047202*x^3-1586112343531433*x^2-27895938711546*x+34644937597061
constructing eigenvector for poly
x+1
constructing eigenvector for poly
x+5
constructing eigenvector for poly
x^5+34*x^4+428*x^3+2480*x^2+6560*x+6176
constructing eigenvector for poly
x^3+21*x^2+140*x+292
constructing eigenvector for poly
x^21+11*x^20-117*x^19-1322*x^18+4735*x^17+63204*x^16-69292*x^15-1548455*x^14-356180*x^13+20589430*x^12+22650877*x^11-142351138*x^10-255646141*x^9+426388924*x^8+1143345036*x^7-234785937*x^6-2026859258*x^5-840244301*x^4+1072920893*x^3+911584573*x^2+199365569*x+5313818
constructing eigenvector for poly
x+6
constructing eigenvector for poly
x^2+12*x+36
constructing eigenvector for poly
x^2+26*x+41
constructing eigenvector for poly
x^3+30*x^2+300*x+1000
constructing eigenvector for poly
x^3+21*x^2+147*x+343
constructing eigenvector for poly
x^3-12*x^2+48*x-64
constructing eigenvector for poly
x^3+66*x^2+1452*x+10648
constructing eigenvector for poly
x^3+120*x^2+4800*x+64000
constructing eigenvector for poly
x^3+261*x^2+22707*x+658503
constructing eigenvector for poly
x^3-240*x^2+19200*x-512000
constructing eigenvector for poly
x+6
constructing eigenvector for poly
x+5
constructing eigenvector for poly
x+10
constructing eigenvector for poly
x^52-42*x^51+149*x^50+17738*x^49-243245*x^48-2415101*x^47+66823254*x^46-19000393*x^45-9013625868*x^44+45337662914*x^43+688422074164*x^42-6455042000335*x^41-27787691471772*x^40+497837500284371*x^39+114095179051345*x^38-24704932518862360*x^37+55009457658277536*x^36+824953198942949180*x^35-3583679416898835236*x^34-18161198902117316144*x^33+129473799031207529952*x^32+223585129087005131824*x^31-3147862999188564999600*x^30+267210160735142066176*x^29+54163255806837851595072*x^28-74111879198384855504640*x^27-661842244977625069882624*x^26+1686095242413421312824832*x^25+5511181817128993081510912*x^24-22517231825263956238020096*x^23-26475976199415947816931328*x^22+203444001210115335599578112*x^21+409850913649299369043968*x^20-1273124767796825038110539776*x^19+1076666309231666703280402432*x^18+5352627329858432834993848320*x^17-8881101490132648412732260352*x^16-13409361811516402356942159872*x^15+39292785851360801089930526720*x^14+9864773776846255533088014336*x^13-103878231584648094749672865792*x^12+50723741241746285650923356160*x^11+151394570908958087269191843840*x^10-174868816984843559780482154496*x^9-74850813554913935590865502208*x^8+220683193230005388963099967488*x^7-74226637151351033548315820032*x^6-89204220462755977064724037632*x^5+82560835705953826932753694720*x^4-18255277902941745632258293760*x^3-4090960644358806295944364032*x^2+1941978667936348888220303360*x-116978735749450758661079040
constructing eigenvector for poly
x^10+6*x^9-105*x^8-347*x^7+3238*x^6+2168*x^5-24904*x^4+8176*x^3+31456*x^2-12160*x-5504
constructing eigenvector for poly
x^12-132*x^11+7804*x^10-272768*x^9+6264299*x^8-99333595*x^7+1111862419*x^6-8819689938*x^5+48991765793*x^4-184841172682*x^3+446393825311*x^2-613111107575*x+355863518935
constructing eigenvector for poly
x^21+11*x^20-117*x^19-1322*x^18+4735*x^17+63204*x^16-69292*x^15-1548455*x^14-356180*x^13+20589430*x^12+22650877*x^11-142351138*x^10-255646141*x^9+426388924*x^8+1143345036*x^7-234785937*x^6-2026859258*x^5-840244301*x^4+1072920893*x^3+911584573*x^2+199365569*x+5313818
constructing eigenvector for poly
x^26-298*x^25+42264*x^24-3796432*x^23+242489952*x^22-11721727238*x^21+445609632532*x^20-13667250638754*x^19+344258256481383*x^18-7211731275894668*x^17+126775526334283853*x^16-1881757014730966874*x^15+23678628102649369655*x^14-253122851438772861692*x^13+2299673874425008637492*x^12-17734770914365674490982*x^11+115754166372102328358687*x^10-636376742648916296475284*x^9+2926305619338159267555874*x^8-11146117959541176853156354*x^7+34699204901600730307773965*x^6-86671138500783977750978572*x^5+169193694277283384836923497*x^4-248241337948206566463970092*x^3+257044480587800940619547965*x^2-167215932600569255877173924*x+51327311659801843177076036
constructing eigenvector for poly
x^2-4*x+4
constructing eigenvector for poly
x^2+4*x-3
computing eigenvectors took 670.295982 sec
For conductor 1, eigenvectors are:
-1 -1 -1 -1 -1 -1 -1 -1 -1 -1 -1 -1 -1 -1 -1 -1 -1 -1 -1 -1 -1 -1 -1 -1 -1 -1 -1 -1 -1 -1 -1 -1 -1 -1 -1 -1 -1 -1 -1 -1 -1 -1 -1 -1 -1 -1 -1 -1 -1 -1 -1 -1 -1 -1 -1 -1 -1 -1 -1 -1 -1 -1 -1 -1 -1 -1 -1 -1 -1 -1 -1 -1 -1 -1 -1 -1 -1 -1 -1 -1 -1 -1 -1 -1 -1 -1 -1 -1 -1 -1 -1 -1 -1 -1 -1 -1 -1 -1 -1 -1 -1 -1 -1 -1 -1 -1 -1 -1 -1 -1 -1 -1 -1 -1 -1 -1 -1 -1 -1 -1 -1 -1 -1 -1 -1 -1 -1 -1 -1 -1 -1 -1 -1 -1 -1 -1 -1 -1 -1 -1 -1 -1 -1 -1 -1 -1 -1 -1 -1 -1 -1 -1 -1 -1 -1 -1 -1 -1 -1 -1 -1 -1 -1 -1 -1 -1 -1 -1 -1 -1 -1 -1 -1 -1 -1 -1 -1 -1 -1 -1 -1 -1 -1 -1 -1 -1 -1 -1 -1 -1 -1 -1 over Number field with defining polynomial x-40
a vector of length 192 over Number field with defining polynomial a number field of degree 15
a vector of length 192 over Number field with defining polynomial a number field of degree 30
a vector of length 192 over Number field with defining polynomial a number field of degree 64
a vector of length 192 over Number field with defining polynomial a number field of degree 26
-192 0 48 -48 -96 -24 -72 0 0 0 64 160 64 16 -64 84 96 72 0 36 32 40 0 -96 -16 -24 -80 -40 16 0 -8 0 16 0 -8 128 64 0 -32 24 -56 0 -32 -56 72 -40 -32 32 32 -16 -48 0 -32 0 32 8 0 -40 56 -56 -8 16 40 -16 56 -24 32 0 40 -72 0 -60 40 -44 -8 20 8 8 4 20 48 16 -24 36 20 0 40 56 -44 -16 4 -44 -28 -48 80 0 -16 20 12 24 -40 12 16 20 8 -12 8 -24 4 -24 0 -20 -12 60 -16 16 0 -24 -12 -48 -28 -8 20 40 -48 -48 12 -8 -4 44 -8 -36 -8 8 -28 48 -20 -20 36 -24 -28 8 4 -40 28 -16 -28 0 -16 24 24 -44 -4 -28 -4 4 -16 8 -4 20 0 -24 -8 -16 0 20 8 -12 12 -16 16 -12 8 12 40 -24 12 36 -4 8 8 4 -20 -8 -8 20 -4 -24 40 -24 0 0 over Number field with defining polynomial x-10
-1392*a^3 + 30912*a^2 + 2152032*a - 34578432 -960*a^3 + 13824*a^2 + 2075424*a - 25287552 -1116*a^3 + 48780*a^2 + 1862856*a - 24714120 696*a^3 - 13728*a^2 - 1231536*a - 4666944 -744*a^3 + 11088*a^2 + 1819968*a + 12155328 -636*a^3 - 15252*a^2 + 1975944*a + 53224824 -60*a^3 + 30708*a^2 - 899928*a - 70514040 0 2892*a^3 - 91452*a^2 - 4868376*a + 43566120 0 464*a^3 - 10304*a^2 - 717344*a + 11526144 1896*a^3 - 27344*a^2 - 3036016*a - 28291872 464*a^3 - 10304*a^2 - 717344*a + 11526144 704*a^3 - 13200*a^2 - 1738176*a - 15895840 -464*a^3 + 10304*a^2 + 717344*a - 11526144 528*a^3 - 41154*a^2 + 22152*a + 28489596 -1104*a^3 + 52134*a^2 + 1052088*a - 15861204 4032*a^3 - 58272*a^2 - 7816512*a - 84238560 -1386*a^3 + 15882*a^2 + 3256356*a + 37752900 -858*a^3 + 40848*a^2 + 488436*a - 10317984 -116*a^3 - 17804*a^2 + 296840*a + 43757448 1032*a^3 - 41796*a^2 - 1383392*a + 3145368 -1628*a^3 + 51324*a^2 + 2524520*a - 1261672 436*a^3 - 13912*a^2 - 431784*a + 8334192 -2212*a^3 + 77772*a^2 + 3533400*a - 34616008 1852*a^3 - 28304*a^2 - 3593096*a - 29857760 -1136*a^3 + 46084*a^2 + 1668640*a - 11477848 232*a^3 - 35836*a^2 + 289872*a + 57132872 -232*a^3 + 4576*a^2 + 410512*a + 1555648 -964*a^3 + 30484*a^2 + 1622792*a - 14522040 -156*a^3 + 67332*a^2 - 1808760*a - 101459704 4080*a^3 - 52928*a^2 - 8328960*a - 97493824 1388*a^3 - 58972*a^2 - 2121048*a + 29887656 0 -784*a^3 + 38100*a^2 + 776736*a - 7197144 -1176*a^3 + 14864*a^2 + 1793120*a - 3439360 144*a^3 - 5696*a^2 - 25536*a + 3096960 -272*a^3 + 21668*a^2 + 408608*a - 20312 476*a^3 - 31580*a^2 - 378040*a + 17228872 -432*a^3 + 16228*a^2 + 178368*a + 27712840 356*a^3 + 11172*a^2 - 1992200*a - 14245240 -392*a^3 - 12700*a^2 + 1504704*a + 10416712 204*a^3 + 14712*a^2 - 755448*a - 14355696 -476*a^3 - 23652*a^2 + 1406888*a + 47917144 656*a^3 - 34988*a^2 - 566896*a + 17349192 1388*a^3 - 18576*a^2 - 2823912*a - 34065184 -88*a^3 - 2272*a^2 + 488656*a + 19290048 88*a^3 + 2272*a^2 - 488656*a - 19290048 -28*a^3 - 28460*a^2 + 415160*a + 20881096 -300*a^3 - 6216*a^2 + 771928*a + 13542064 1860*a^3 - 47340*a^2 - 2885672*a + 1760424 -708*a^3 + 20168*a^2 + 1218216*a + 157392 -352*a^3 + 21872*a^2 + 598368*a - 34909984 -304*a^3 + 6064*a^2 + 443824*a - 18244032 352*a^3 - 21872*a^2 - 598368*a + 34909984 -38516*a^2 + 1246912*a + 66957240 -1748*a^3 + 68044*a^2 + 2764216*a - 30408584 104*a^3 - 14776*a^2 + 41024*a + 31906960 -36*a^3 - 15780*a^2 + 1300392*a + 22674424 -100*a^3 + 31044*a^2 - 812712*a - 42006488 -480*a^3 + 11096*a^2 + 1101744*a + 5871344 -352*a^3 + 21296*a^2 + 650208*a - 27591264 592*a^3 - 20468*a^2 - 451888*a - 34430728 176*a^3 - 24112*a^2 + 171584*a + 44215200 356*a^3 + 40372*a^2 - 1167192*a - 77064056 -612*a^3 - 46516*a^2 + 2773320*a + 86235768 248*a^3 - 3696*a^2 - 606656*a - 4051776 -496*a^3 + 26416*a^2 + 727584*a - 23369504 180*a^3 + 63604*a^2 - 2696712*a - 95526648 44*a^3 - 92*a^2 + 296200*a - 26444984 -976*a^3 + 21608*a^2 + 1759824*a - 8882416 488*a^3 - 8338*a^2 - 320248*a - 2565060 -474*a^3 + 18380*a^2 + 687948*a - 3288792 170*a^3 - 7412*a^2 - 256740*a - 3576568 176*a^3 - 10648*a^2 - 325104*a + 13795632 230*a^3 + 694*a^2 - 632652*a - 10896692 546*a^3 - 10260*a^2 - 1083532*a + 370136 -1082*a^3 - 5934*a^2 + 2527284*a + 51421556 -1440*a^3 + 60740*a^2 + 1919232*a - 30444680 -210*a^3 + 14180*a^2 - 186692*a - 19177368 1264*a^3 - 46660*a^2 - 1767984*a + 5249080 -784*a^3 + 37812*a^2 + 802656*a - 3537784 -98*a^3 - 19948*a^2 + 896996*a + 41233320 826*a^3 - 21106*a^2 - 1456692*a + 20410748 -882*a^3 + 14136*a^2 + 1655900*a + 19921296 -180*a^3 - 37132*a^2 + 2037240*a + 61211416 -10*a^3 + 5964*a^2 - 384172*a - 14726360 -12*a^3 - 46404*a^2 + 1437480*a + 75107464 1402*a^3 - 45416*a^2 - 1916124*a + 8438560 170*a^3 - 264*a^2 - 504876*a + 600944 430*a^3 - 6424*a^2 - 633196*a - 16564560 738*a^3 - 25228*a^2 - 1312340*a + 16537368 1666*a^3 - 67256*a^2 - 2233196*a + 33363712 -300*a^3 - 13520*a^2 + 1081848*a + 17724912 -1056*a^3 + 54790*a^2 + 1059000*a - 23156116 78*a^3 - 6956*a^2 - 220620*a + 18359320 454*a^3 - 37940*a^2 - 28756*a + 27140744 -1474*a^3 + 42832*a^2 + 2007892*a + 3623200 10*a^3 - 5118*a^2 + 149988*a + 11752340 -510*a^3 + 13128*a^2 + 856020*a - 4689808 -624*a^3 + 49086*a^2 - 213096*a - 46391108 264*a^3 - 35628*a^2 + 388128*a + 37323608 228*a^3 - 1628*a^2 - 941448*a - 14016120 -810*a^3 + 26336*a^2 + 941444*a + 4136960 -60*a^3 - 46444*a^2 + 1015672*a + 81259208 408*a^3 - 20264*a^2 - 504640*a + 16242384 164*a^3 + 33164*a^2 - 1665032*a - 55010328 84*a^3 + 43556*a^2 - 1450248*a - 73558984 240*a^3 - 26234*a^2 + 547456*a + 33659564 458*a^3 - 12532*a^2 - 594876*a + 19660184 160*a^3 - 2304*a^2 - 345904*a + 4214592 -284*a^3 + 15204*a^2 + 348824*a - 2493576 -1088*a^3 + 39444*a^2 + 1269024*a - 2853416 144*a^3 + 3016*a^2 - 317168*a - 26979568 -840*a^3 + 12448*a^2 + 1610432*a + 21229792 392*a^3 - 9680*a^2 - 606272*a + 2704544 408*a^3 - 15512*a^2 - 709696*a + 15899344 -480*a^3 + 42796*a^2 - 605040*a - 63286328 382*a^3 - 41460*a^2 + 78940*a + 33588184 166*a^3 - 27916*a^2 + 339380*a + 51284728 -58*a^3 + 62*a^2 - 214492*a - 4967844 -876*a^3 + 30740*a^2 + 1315576*a - 8196568 160*a^3 - 4004*a^2 - 362272*a + 7741992 -374*a^3 - 2468*a^2 + 1003308*a + 14695704 -24*a^3 + 41100*a^2 - 1597152*a - 55826584 -1258*a^3 - 2190*a^2 + 2744900*a + 62697492 1114*a^3 - 12312*a^2 - 2367932*a - 33818032 1804*a^3 - 61972*a^2 - 2849624*a + 15057304 808*a^3 - 19026*a^2 - 1115624*a - 4606500 218*a^3 - 48*a^2 - 692252*a + 4324080 -986*a^3 - 12094*a^2 + 2460788*a + 64211668 568*a^3 - 6330*a^2 - 554936*a - 27369748 116*a^3 - 36024*a^2 + 664712*a + 47407616 -648*a^3 + 21304*a^2 + 687808*a - 12690848 -762*a^3 + 40440*a^2 + 633108*a - 7962000 162*a^3 - 13484*a^2 + 373820*a + 21359992 -122*a^3 + 6090*a^2 + 282604*a - 4369596 -122*a^3 - 6222*a^2 + 675612*a + 11412532 -64*a^3 - 9262*a^2 + 773232*a + 11040884 -880*a^3 + 62782*a^2 + 500216*a - 42895460 -78*a^3 + 22838*a^2 - 200852*a - 44473620 236*a^3 + 35508*a^2 - 1314856*a - 63804216 -970*a^3 + 14168*a^2 + 1937196*a + 9936464 90*a^3 + 11732*a^2 - 584308*a - 21425864 -14*a^3 - 28166*a^2 + 302916*a + 49925060 138*a^3 + 7740*a^2 - 426732*a - 6913368 212*a^3 - 36698*a^2 + 608280*a + 44658524 0 338*a^3 + 10548*a^2 - 1315188*a - 21863880 -320*a^3 + 16632*a^2 + 324720*a - 20551952 -796*a^3 + 40116*a^2 + 1309848*a - 33718424 342*a^3 - 7256*a^2 - 274140*a - 15571312 288*a^3 - 204*a^2 - 512288*a - 13379528 -92*a^3 - 45214*a^2 + 1697832*a + 64582180 -264*a^3 + 20228*a^2 + 106384*a - 30698952 28*a^3 + 14442*a^2 - 377400*a - 23966076 -384*a^3 + 14752*a^2 + 568152*a - 4982432 316*a^3 + 3956*a^2 - 736272*a - 8929032 260*a^3 - 6026*a^2 - 496128*a + 2197692 248*a^3 - 12626*a^2 - 146040*a + 4232708 -194*a^3 - 25714*a^2 + 1279108*a + 33689300 32*a^3 - 43992*a^2 + 1195760*a + 62295992 326*a^3 + 10754*a^2 - 696964*a - 17578444 -76*a^3 + 6272*a^2 - 125528*a - 13229280 274*a^3 - 38600*a^2 + 578572*a + 47718624 106*a^3 - 28502*a^2 + 919004*a + 42038028 -232*a^3 + 15634*a^2 - 39296*a - 20678020 -86*a^3 + 11576*a^2 - 179676*a - 11967168 424*a^3 - 10554*a^2 - 831704*a + 1759252 -52*a^3 + 29864*a^2 - 747048*a - 45752360 116*a^3 + 7762*a^2 - 564344*a - 10203732 -132*a^3 + 17492*a^2 - 218440*a - 27042680 -292*a^3 + 26876*a^2 - 5768*a - 40523824 578*a^3 - 26408*a^2 - 706132*a + 14627456 -270*a^3 + 64588*a^2 - 1237908*a - 93366416 180*a^3 + 12256*a^2 - 699752*a - 22377480 392*a^3 - 2952*a^2 - 824128*a + 4778896 -88*a^3 - 27440*a^2 + 718120*a + 48314024 -274*a^3 - 1500*a^2 + 1024068*a + 9022736 -46576*a^2 + 937144*a + 79688176 7510*a^2 - 99720*a - 23043932 -78*a^3 + 6506*a^2 + 103076*a - 4866220 6140*a^2 - 338096*a - 9091064 -3946*a^2 - 88712*a + 5884108 -16258*a^2 + 304296*a + 21666236 582*a^2 + 217752*a - 7452044 17706*a^2 - 544160*a - 26011180 288*a^2 - 25920*a - 3659360 13364*a^2 - 484288*a - 20187296 58632*a^2 - 1744360*a - 92773688 8990*a^2 - 58640*a - 17411732 -58344*a^2 + 1718440*a + 89114328 over Number field with defining polynomial x^4-28*x^3-2940*x^2+38264*x+2008996
0 0 0 0 -840*a^3 - 77592*a^2 + 1934952*a + 64952616 -264*a^3 + 4920*a^2 + 2432160*a - 107721696 -24*a^3 + 36384*a^2 + 2745672*a - 159279120 0 -24*a^4 - 3144*a^3 + 40224*a^2 + 9235128*a - 185759688 0 0 16*a^4 + 2208*a^3 + 3808*a^2 - 4820672*a + 48646528 0 176*a^3 - 3280*a^2 - 1621440*a + 71814464 0 -36*a^3 + 7236*a^2 + 845304*a - 30616236 216*a^3 + 20508*a^2 - 214020*a - 2534100 -168*a^3 - 45936*a^2 - 2004120*a + 112789896 96*a^3 + 4776*a^2 - 370776*a + 23244612 12*a^4 + 2028*a^3 + 11448*a^2 - 6430344*a + 91019772 8*a^4 + 1048*a^3 - 13408*a^2 - 3078376*a + 61919896 -8*a^4 - 1352*a^3 - 7632*a^2 + 4286896*a - 60679848 -16*a^4 - 2208*a^3 - 3808*a^2 + 4820672*a - 48646528 0 -16*a^4 - 2208*a^3 - 3808*a^2 + 4820672*a - 48646528 8*a^4 + 1192*a^3 + 264*a^2 - 3221056*a + 60230496 -56*a^3 - 15312*a^2 - 668040*a + 37596632 -88*a^3 + 1640*a^2 + 810720*a - 35907232 0 8*a^4 + 1048*a^3 - 13408*a^2 - 3078376*a + 61919896 304*a^3 + 21040*a^2 - 1208520*a - 1240048 -224*a^3 - 61248*a^2 - 2672160*a + 150386528 -8*a^4 - 1048*a^3 + 13408*a^2 + 3078376*a - 61919896 0 -8*a^4 - 1384*a^3 - 27768*a^2 + 3055320*a - 2672392 -280*a^3 - 25864*a^2 + 644984*a + 21650872 0 0 0 8*a^4 + 768*a^3 - 39272*a^2 - 2433392*a + 83570768 -280*a^3 - 25864*a^2 + 644984*a + 21650872 288*a^3 + 13736*a^2 - 1560208*a + 31442168 0 -88*a^3 + 1640*a^2 + 810720*a - 35907232 8*a^4 + 1112*a^3 - 10224*a^2 - 3325560*a + 77416304 8*a^4 + 1192*a^3 + 264*a^2 - 3221056*a + 60230496 0 0 0 0 56*a^3 + 15312*a^2 + 668040*a - 37596632 0 0 280*a^3 + 25864*a^2 - 644984*a - 21650872 0 -40*a^3 - 8008*a^2 - 316352*a + 4914416 -16*a^4 - 2208*a^3 - 3808*a^2 + 4820672*a - 48646528 56*a^3 + 15312*a^2 + 668040*a - 37596632 280*a^3 + 25864*a^2 - 644984*a - 21650872 304*a^3 + 21040*a^2 - 1208520*a - 1240048 56*a^3 + 15312*a^2 + 668040*a - 37596632 0 8*a^4 + 800*a^3 - 19136*a^2 - 1201816*a + 25563312 0 -8*a^3 + 12128*a^2 + 915224*a - 53093040 280*a^3 + 25864*a^2 - 644984*a - 21650872 280*a^3 + 25864*a^2 - 644984*a - 21650872 0 -280*a^3 - 25864*a^2 + 644984*a + 21650872 8*a^4 + 1384*a^3 + 27768*a^2 - 3055320*a + 2672392 -560*a^3 - 51728*a^2 + 1289968*a + 43301744 -12*a^3 + 2412*a^2 + 281768*a - 10205412 -4*a^4 - 584*a^3 - 2544*a^2 + 1328760*a - 19909836 -28*a^3 - 7656*a^2 - 334020*a + 18798316 0 184*a^3 + 12112*a^2 - 727852*a + 7128180 140*a^3 + 12932*a^2 - 322492*a - 10825436 32*a^3 + 1592*a^2 - 123592*a + 7748204 -4*a^4 - 720*a^3 - 21540*a^2 + 1193640*a + 17462120 -4*a^4 - 628*a^3 - 1724*a^2 + 1734120*a - 37863452 -276*a^3 - 13384*a^2 + 1542540*a - 17558268 -308*a^3 - 33520*a^2 + 310964*a + 40449188 -140*a^3 - 12932*a^2 + 322492*a + 10825436 184*a^3 + 12112*a^2 - 727852*a + 7128180 28*a^3 + 7656*a^2 + 334020*a - 18798316 280*a^3 + 25864*a^2 - 644984*a - 21650872 -144*a^3 - 6868*a^2 + 780104*a - 15721084 0 4*a^4 + 428*a^3 - 1912*a^2 - 266888*a - 6016660 -212*a^3 - 19768*a^2 + 393832*a + 11670136 -4*a^3 - 12480*a^2 - 897556*a + 39209140 -28*a^3 - 7656*a^2 - 334020*a + 18798316 -4*a^4 - 648*a^3 + 3840*a^2 + 2477468*a - 49138240 24*a^3 - 4824*a^2 - 563536*a + 20410824 80*a^3 + 31796*a^2 + 1723772*a - 79262980 -144*a^3 - 6868*a^2 + 780104*a - 15721084 8*a^4 + 1248*a^3 + 8772*a^2 - 3190440*a + 40044348 12*a^4 + 1724*a^3 - 9592*a^2 - 5221824*a + 92259820 4*a^3 - 6064*a^2 - 457612*a + 26546520 -4*a^4 - 740*a^3 - 7000*a^2 + 2390632*a - 45836332 112*a^3 + 14844*a^2 + 245012*a - 5759116 4*a^4 + 700*a^3 + 1756*a^2 - 2442884*a + 54429236 -32*a^3 - 1592*a^2 + 123592*a - 7748204 4*a^4 + 676*a^3 + 3816*a^2 - 2143448*a + 30339924 -176*a^3 + 3280*a^2 + 1621440*a - 71814464 -4*a^4 - 384*a^3 + 19636*a^2 + 1216696*a - 41785384 -280*a^3 - 25864*a^2 + 644984*a + 21650872 0 -152*a^3 - 10520*a^2 + 604260*a + 620024 140*a^3 + 12932*a^2 - 322492*a - 10825436 0 12*a^3 - 2412*a^2 - 281768*a + 10205412 4*a^4 + 356*a^3 - 27292*a^2 - 1550716*a + 60583700 -4*a^4 - 384*a^3 + 19636*a^2 + 1216696*a - 41785384 56*a^3 + 15312*a^2 + 668040*a - 37596632 280*a^3 + 25864*a^2 - 644984*a - 21650872 0 0 4*a^4 + 836*a^3 + 20752*a^2 - 2307764*a + 17057280 -140*a^3 - 12932*a^2 + 322492*a + 10825436 184*a^3 + 12112*a^2 - 727852*a + 7128180 8*a^4 + 1048*a^3 - 13408*a^2 - 3078376*a + 61919896 -4*a^4 - 408*a^3 + 24460*a^2 + 1780232*a - 62196208 -140*a^3 - 12932*a^2 + 322492*a + 10825436 304*a^3 + 21040*a^2 - 1208520*a - 1240048 88*a^3 + 16904*a^2 + 544448*a - 29848428 12*a^4 + 1788*a^3 + 396*a^2 - 4831584*a + 90345744 -16*a^4 - 2096*a^3 + 26816*a^2 + 6156752*a - 123839792 268*a^3 + 28276*a^2 - 363216*a - 31856284 -4*a^4 - 472*a^3 + 2732*a^2 + 672248*a - 11936956 40*a^3 - 10536*a^2 - 1038816*a + 60841244 -316*a^3 - 18628*a^2 + 1490288*a - 8965364 -64*a^3 - 3184*a^2 + 247184*a - 15496408 -4*a^4 - 404*a^3 + 15632*a^2 + 1058520*a - 39328176 4*a^4 + 980*a^3 + 24856*a^2 - 3351968*a + 29099876 -140*a^3 - 12932*a^2 + 322492*a + 10825436 4*a^3 - 6064*a^2 - 457612*a + 26546520 4*a^3 - 6064*a^2 - 457612*a + 26546520 -128*a^3 - 15344*a^2 + 40724*a + 21030848 24*a^3 + 16484*a^2 + 1055732*a - 41666348 184*a^3 + 12112*a^2 - 727852*a + 7128180 -16*a^3 + 24256*a^2 + 1830448*a - 106186080 28*a^3 + 7656*a^2 + 334020*a - 18798316 -144*a^3 - 6868*a^2 + 780104*a - 15721084 4*a^3 - 6064*a^2 - 457612*a + 26546520 -64*a^3 - 3184*a^2 + 247184*a - 15496408 -152*a^3 - 10520*a^2 + 604260*a + 620024 0 -144*a^3 - 6868*a^2 + 780104*a - 15721084 0 0 -4*a^3 - 12480*a^2 - 897556*a + 39209140 -4*a^4 - 408*a^3 + 24460*a^2 + 1780232*a - 62196208 -128*a^3 - 15344*a^2 + 40724*a + 21030848 -4*a^4 - 572*a^3 - 4956*a^2 + 1046992*a - 9704424 0 4*a^4 + 524*a^3 - 6704*a^2 - 1539188*a + 30959948 0 44*a^3 - 820*a^2 - 405360*a + 17953616 12*a^3 - 2412*a^2 - 281768*a + 10205412 -8*a^3 - 6416*a^2 - 439944*a + 12662620 -140*a^3 - 12932*a^2 + 322492*a + 10825436 0 -24*a^3 + 4824*a^2 + 563536*a - 20410824 12*a^3 - 2412*a^2 - 281768*a + 10205412 24*a^3 - 4824*a^2 - 563536*a + 20410824 0 -4*a^3 + 6064*a^2 + 457612*a - 26546520 -4*a^4 - 536*a^3 + 9116*a^2 + 1820956*a - 41165360 -12*a^3 + 2412*a^2 + 281768*a - 10205412 0 -12*a^3 + 2412*a^2 + 281768*a - 10205412 -12*a^3 + 2412*a^2 + 281768*a - 10205412 -4*a^3 - 12480*a^2 - 897556*a + 39209140 152*a^3 + 10520*a^2 - 604260*a - 620024 -12*a^3 + 2412*a^2 + 281768*a - 10205412 -140*a^3 - 12932*a^2 + 322492*a + 10825436 0 -140*a^3 - 12932*a^2 + 322492*a + 10825436 0 128*a^3 + 15344*a^2 - 40724*a - 21030848 4*a^3 - 6064*a^2 - 457612*a + 26546520 -12*a^3 + 2412*a^2 + 281768*a - 10205412 0 0 12*a^3 - 2412*a^2 - 281768*a + 10205412 0 0 -12*a^3 + 2412*a^2 + 281768*a - 10205412 -140*a^3 - 12932*a^2 + 322492*a + 10825436 140*a^3 + 12932*a^2 - 322492*a - 10825436 140*a^3 + 12932*a^2 - 322492*a - 10825436 over Number field with defining polynomial x^5+182*x^4+3616*x^3-546676*x^2-4824880*x+342716254
For conductor 2, eigenvectors are:
0 -2 1 1 0 0 1 1 2 1 -2 -2 -1 2 -2 1 1 0 0 -1 1 -3 -4 1 0 0 1 1 0 -2 2 -2 0 1 -3 -1 3 -2 2 -1 -2 0 2 1 0 0 2 0 -1 3 1 2 1 0 -1 1 1 -2 1 0 0 0 -1 0 over Number field with defining polynomial x+2
2*a+6 -4 2*a+8 2*a+6 0 2*a+8 0 0 -2 0 -2*a-4 -4*a-14 2*a+4 2*a+6 4 -2*a-6 -2*a-8 0 -4 2*a+4 0 4*a+10 2 0 2 0 2 a+4 0 a+2 a+2 a+4 0 a+4 a+2 0 -a-4 -a-4 a+4 -a-2 0 a+2 -2*a-6 0 2*a+6 a+4 0 0 -a-2 -a-2 a+2 a+2 0 -a-2 -a-2 -a-2 a+2 -a-4 -2 0 2 0 -a-2 0 over Number field with defining polynomial x^2+4*x+2
4*a+38 -4 4*a+44 -4*a-42 -4*a-44 4*a+44 4*a+44 -8*a-88 4*a+42 -4*a-44 0 -2 0 -4*a-46 4 -4*a-42 8*a+88 8*a+88 8 0 0 2 4*a+42 -4*a-44 2 0 -2 -a-10 0 4*a+40 0 -4*a-42 -6*a-66 -2*a-18 0 4*a+44 2*a+24 -4*a-42 3*a+32 2*a+20 2*a+22 -3*a-32 -a-12 3*a+30 -a-12 2*a+24 -6*a-66 a+12 2*a+20 2*a+22 -2*a-22 4*a+44 2*a+22 0 -a-10 0 0 -2*a-18 -a-10 6*a+60 -3*a-32 6 0 -6*a-66 over Number field with defining polynomial x^2+24*x+142
5*a^3 + 40*a^2 - 178*a + 96 4*a^3 + 50*a^2 - 304*a + 324 6*a^3 + 10*a^2 - 76*a + 60 a^3 - 30*a^2 + 102*a - 36 0 0 -2*a^2 - 80*a + 156 -10*a^3 - 60*a^2 + 380*a - 384 -5*a^3 - 22*a^2 + 122*a - 132 -10*a^3 - 60*a^2 + 380*a - 384 -6*a^3 - 8*a^2 + 156*a - 216 5*a^3 + 22*a^2 - 122*a + 132 -6*a^3 - 10*a^2 + 76*a - 60 11*a^3 + 48*a^2 - 334*a + 312 4*a^3 + 50*a^2 - 304*a + 324 5*a^3 + 38*a^2 - 258*a + 252 6*a^3 + 10*a^2 - 76*a + 60 0 0 2*a^2 + 80*a - 156 -2*a^2 - 80*a + 156 -a^3 + 12*a^2 - 46*a + 72 -a^3 + 14*a^2 + 34*a - 84 -2*a^2 - 80*a + 156 -5*a^3 - 40*a^2 + 178*a - 96 0 5*a^3 + 38*a^2 - 258*a + 252 9*a^2 - 28*a - 18 -5*a^3 - 40*a^2 + 178*a - 96 -6*a^3 - 8*a^2 + 156*a - 216 -4*a^3 - 50*a^2 + 304*a - 324 -7*a^2 + 108*a - 138 -5*a^3 - 29*a^2 + 230*a - 270 9*a^2 - 28*a - 18 -a^3 + 12*a^2 - 46*a + 72 -6*a^3 - 10*a^2 + 76*a - 60 -4*a^3 + 18*a^2 + 44*a - 132 4*a^3 - 9*a^2 - 72*a + 114 a^3 + 38*a^2 - 158*a + 156 -a^3 + 30*a^2 - 102*a + 36 -a^3 + 21*a^2 - 74*a + 54 0 a^3 + 38*a^2 - 158*a + 156 a^3 + 29*a^2 - 130*a + 174 0 0 -4*a^3 + 9*a^2 + 72*a - 114 0 -5*a^3 - 38*a^2 + 258*a - 252 -3*a^3 - 21*a^2 + 174*a - 150 a^3 + 29*a^2 - 130*a + 174 -4*a^3 - 50*a^2 + 304*a - 324 -5*a^3 - 31*a^2 + 150*a - 114 0 -a^3 - 29*a^2 + 130*a - 174 5*a^3 + 38*a^2 - 258*a + 252 5*a^3 + 38*a^2 - 258*a + 252 -7*a^2 + 108*a - 138 9*a^2 - 28*a - 18 0 0 59*a^2 - 232*a + 210 -5*a^3 - 38*a^2 + 258*a - 252 59*a^2 - 232*a + 210 over Number field with defining polynomial x^4+12*x^3-36*x^2-72*x+132
-a^4 - 15*a^3 - 72*a^2 - 204*a - 792 -3*a^3 - 64*a^2 - 316*a - 212 -a^4 - 8*a^3 + 58*a^2 + 596*a + 1360 -a^4 - 9*a^3 + 58*a^2 + 416*a + 64 3*a^4 + 33*a^3 - 62*a^2 - 1260*a - 2444 3*a^4 + 33*a^3 - 62*a^2 - 1260*a - 2444 a^4 + 23*a^3 + 182*a^2 + 564*a + 700 2*a^4 + 17*a^3 - 116*a^2 - 1012*a - 1424 -a^4 - 8*a^3 + 56*a^2 + 608*a + 928 -a^4 - 16*a^3 - 54*a^2 + 248*a + 1020 -5*a^3 - 46*a^2 - 44*a + 304 -2*a^4 - 35*a^3 - 188*a^2 - 464*a - 848 -2*a^4 - 25*a^3 + 4*a^2 + 664*a + 1084 a^4 + 3*a^3 - 104*a^2 - 640*a - 1056 -3*a^3 - 64*a^2 - 316*a - 212 3*a^4 + 27*a^3 - 90*a^2 - 852*a - 328 2*a^4 + 25*a^3 - 4*a^2 - 664*a - 1084 0 0 2*a^4 + 20*a^3 - 50*a^2 - 708*a - 780 -2*a^4 - 44*a^3 - 282*a^2 - 360*a + 624 -11*a^3 - 174*a^2 - 676*a - 120 -a^4 - 10*a^3 - 24*a^2 - 172*a - 664 a^4 + 23*a^3 + 182*a^2 + 564*a + 700 -2*a^4 - 28*a^3 - 60*a^2 + 348*a + 872 0 -16*a^3 - 222*a^2 - 708*a - 248 -a^4 - 15*a^3 - 70*a^2 - 216*a - 360 a^4 + 5*a^3 - 122*a^2 - 912*a - 1572 -5*a^3 - 46*a^2 - 44*a + 304 3*a^3 + 64*a^2 + 316*a + 212 -8*a^3 - 112*a^2 - 348*a - 340 -a^4 + 1*a^3 + 152*a^2 + 492*a - 112 -a^4 - 15*a^3 - 70*a^2 - 216*a - 360 13*a^3 + 158*a^2 + 392*a + 36 a^4 + 8*a^3 - 58*a^2 - 596*a - 1360 -3*a^3 - 64*a^2 - 316*a - 212 -a^4 - 12*a^3 - 6*a^2 + 100*a - 148 -a^4 - 15*a^3 - 70*a^2 - 216*a - 360 3*a^3 + 64*a^2 + 316*a + 212 a^4 + 18*a^3 + 134*a^2 + 532*a + 572 0 -a^4 - 15*a^3 - 70*a^2 - 216*a - 360 0 0 0 a^4 + 12*a^3 + 6*a^2 - 100*a + 148 0 -8*a^3 - 110*a^2 - 360*a + 92 3*a^3 + 64*a^2 + 316*a + 212 0 3*a^3 + 64*a^2 + 316*a + 212 -10*a^3 - 192*a^2 - 1128*a - 1932 0 0 8*a^3 + 110*a^2 + 360*a - 92 8*a^3 + 110*a^2 + 360*a - 92 -8*a^3 - 112*a^2 - 348*a - 340 -a^4 - 15*a^3 - 70*a^2 - 216*a - 360 0 0 3*a^3 + 64*a^2 + 316*a + 212 16*a^3 + 222*a^2 + 708*a + 248 3*a^3 + 64*a^2 + 316*a + 212 over Number field with defining polynomial x^5+16*x^4+8*x^3-860*x^2-3688*x-3208
a vector of length 64 over Number field with defining polynomial a number field of degree 20
a vector of length 64 over Number field with defining polynomial a number field of degree 30
For conductor 233, eigenvectors are:
1 0 -2 1 -1 0 4 1 3 0 -2 2 -4 1 0 -3 -1 -4 -5 4 2 -4 -2 2 2 -1 1 -2 1 -1 -5 -2 2 -1 -4 -1 -6 over Number field with defining polynomial x+1
1 0 0 1 0 0 1 1 0 0 1 0 1 0 1 1 1 0 0 0 0 -1 1 0 1 0 0 0 1 1 0 1 0 -1 0 0 0 over Number field with defining polynomial x+5
2*a^3 + 44*a^2 + 296*a + 624 0 -a^4 - 20*a^3 - 136*a^2 - 352*a - 240 2*a^3 + 36*a^2 + 216*a + 432 4*a^3 + 80*a^2 + 512*a + 1056 2*a^4 + 60*a^3 + 632*a^2 + 2768*a + 4288 2*a^4 + 56*a^3 + 564*a^2 + 2416*a + 3728 2*a^3 + 36*a^2 + 216*a + 432 -a^4 - 20*a^3 - 132*a^2 - 336*a - 256 4*a^2 + 80*a + 304 -12*a^3 - 236*a^2 - 1472*a - 2960 -2*a^3 - 32*a^2 - 136*a - 128 a^4 + 32*a^3 + 368*a^2 + 1808*a + 3216 -a^4 - 32*a^3 - 364*a^2 - 1728*a - 2912 2*a^3 + 52*a^2 + 392*a + 912 a^4 + 28*a^3 + 284*a^2 + 1216*a + 1856 -2*a^4 - 56*a^3 - 564*a^2 - 2416*a - 3728 4*a^3 + 68*a^2 + 352*a + 560 2*a^4 + 56*a^3 + 576*a^2 + 2576*a + 4224 -8*a^2 - 96*a - 288 a^4 + 32*a^3 + 356*a^2 + 1648*a + 2720 a^4 + 32*a^3 + 368*a^2 + 1808*a + 3216 2*a^3 + 36*a^2 + 216*a + 432 -2*a^3 - 36*a^2 - 216*a - 432 2*a^3 + 28*a^2 + 120*a + 144 a^4 + 32*a^3 + 364*a^2 + 1728*a + 2912 -4*a^3 - 68*a^2 - 352*a - 560 -a^4 - 30*a^3 - 312*a^2 - 1336*a - 2000 -4*a^3 - 68*a^2 - 352*a - 560 4*a^3 + 68*a^2 + 352*a + 560 8*a^3 + 152*a^2 + 944*a + 1920 -a^4 - 32*a^3 - 368*a^2 - 1808*a - 3216 4*a^3 + 72*a^2 + 432*a + 864 -4*a^3 - 88*a^2 - 608*a - 1344 -2*a^4 - 56*a^3 - 568*a^2 - 2496*a - 4032 -2*a^3 - 36*a^2 - 216*a - 432 -8*a^3 - 168*a^2 - 1120*a - 2400 over Number field with defining polynomial x^5+34*x^4+428*x^3+2480*x^2+6560*x+6176
-3*a^2 - 44*a - 148 0 2*a+16 a^2 + 16*a + 64 3*a^2 + 48*a + 184 -2*a^2 - 30*a - 108 4*a+36 a^2 + 16*a + 64 a^2 + 18*a + 80 -2*a^2 - 30*a - 104 2*a^2 + 28*a + 84 -2*a-20 2*a^2 + 30*a + 104 a^2 + 16*a + 60 2*a^2 + 26*a + 68 a^2 + 12*a + 24 -a^2 - 16*a - 64 -2*a^2 - 30*a - 104 a^2 + 14*a + 44 2*a^2 + 26*a + 68 2*a^2 + 28*a + 84 2*a^2 + 30*a + 104 -2*a^2 - 28*a - 84 2*a^2 + 28*a + 84 -2*a-16 -a^2 - 16*a - 60 -a^2 - 14*a - 44 2*a+20 -a^2 - 14*a - 44 a^2 + 14*a + 44 -a^2 - 16*a - 64 2*a+16 2*a^2 + 24*a + 48 a^2 + 14*a + 44 2*a^2 + 26*a + 68 -a^2 - 16*a - 64 2*a+20 over Number field with defining polynomial x^3+21*x^2+140*x+292
a vector of length 37 over Number field with defining polynomial a number field of degree 21
2 0 0 0 2 2 -2 0 0 0 2 0 0 2 0 0 -2 0 0 -2 0 0 2 -2 0 -2 0 -2 0 0 -2 -2 0 0 2 0 -2 over Number field with defining polynomial x+6
0 0 -2*a-26 2*a+58 -2*a-58 4*a+84 -2*a-58 2*a+58 -32 -2*a-26 2*a+58 -32 2*a+26 0 -4*a-84 -2*a-58 -2*a-58 2*a+26 -2*a-26 4*a+84 2*a+58 2*a+26 -2*a-58 2*a+58 2*a+26 0 2*a+26 4*a+84 2*a+26 -2*a-26 2*a+58 -2*a-26 -4*a-116 -6*a-142 4*a+84 -2*a-58 -32 over Number field with defining polynomial x^2+26*x+41
-1 0 0 0 0 0 0 0 0 0 0 1 0 0 1 -1 -1 1 0 0 -1 0 0 0 0 0 0 -1 0 0 0 1 0 -1 0 0 0 over Number field with defining polynomial x-80
For conductor 466, eigenvectors are:
0 0 0 0 0 0 0 0 6 0 0 0 0 4 0 0 0 0 0 0 -4 0 0 -4 -4 0 0 0 0 0 0 0 0 -2 0 0 0 0 0 2 0 -2 0 -2 2 2 0 0 0 -2 0 0 2 2 2 4 0 -2 0 2 -2 0 0 0 0 2 0 0 0 0 0 -2 0 2 0 0 -2 2 0 0 0 0 -2 0 0 0 0 0 0 1 0 0 0 1 -1 1 0 0 -2 -1 -2 0 -1 0 2 1 0 0 1 0 0 1 -1 0 -1 0 -1 0 0 -1 -1 0 0 -1 0 -1 over Number field with defining polynomial x+6
-24 0 -12 24 0 0 0 0 6 0 -6 6 0 0 0 -4 0 0 0 16 12 -4 16 -12 12 0 0 8 -4 -8 -4 0 0 4 0 -2 -2 2 2 4 8 -4 4 4 -8 2 -2 2 -4 -2 -2 -4 2 -4 -4 2 8 -6 8 -4 2 12 0 -2 -12 -4 -2 0 0 -2 0 8 2 8 10 -10 -4 2 -8 -8 -4 16 0 2 -8 0 -4 -2 -2 -3 0 -2 -5 0 -4 -1 5 -2 -2 -1 -2 3 -2 5 -1 5 -2 0 -4 0 3 5 2 5 -2 -10 0 3 3 4 1 4 -3 4 -2 -4 over Number field with defining polynomial x+5
0 0 0 0 0 0 0 0 -6 0 0 0 0 -4 0 0 0 0 0 0 -4 0 0 -4 -4 0 0 0 0 0 0 0 0 2 0 0 0 0 0 2 0 -2 0 2 -2 -2 0 0 0 2 0 0 -2 2 2 0 0 2 0 2 -2 0 0 0 0 2 0 0 0 0 0 2 0 2 0 0 -2 -2 0 0 0 0 2 0 0 0 0 0 0 -1 0 0 0 -1 1 -1 0 0 0 -1 0 0 1 0 0 1 0 0 1 0 0 1 -1 0 1 0 -1 0 0 1 1 0 0 -1 0 -1 over Number field with defining polynomial x+10
a vector of length 126 over Number field with defining polynomial a number field of degree 52
a vector of length 126 over Number field with defining polynomial a number field of degree 10
a vector of length 126 over Number field with defining polynomial a number field of degree 12
a vector of length 126 over Number field with defining polynomial a number field of degree 21
a vector of length 126 over Number field with defining polynomial a number field of degree 26
-12*a-12 -18*a+6 -24*a -12 0 18*a-6 0 -3*a+15 -15*a+9 0 3*a+9 -3*a-9 -6*a+2 0 -6*a+2 -4*a+8 0 -6*a+2 -6*a+2 8*a+8 6*a+6 -8*a -8 -10*a+14 -4*a 0 0 -4 10*a-6 -4*a-4 14*a-26 6*a-2 a-5 -13*a+7 0 -7*a+1 a+3 a+1 -5*a+3 10*a-10 -7*a+3 -10*a+10 a-7 -7*a+5 4 -5*a+3 a+3 -a-3 2 5*a-3 a+3 -8*a -8 -10*a+10 -10*a+10 -18*a+12 4*a+4 -8*a+8 4*a+4 4*a-4 -3*a-7 -7*a+1 6*a-2 -4*a a+1 4*a-4 a+3 6*a-2 -a+5 a+3 a-5 -4 -a-3 a+5 2 -2 6*a -5*a+3 9*a+1 4 a+11 6 2*a+4 -5*a+17 -4*a-4 -6*a+2 -7*a+9 -4*a -10*a+16 5*a+1 0 3*a-7 a+1 7*a-7 2 -6*a+6 -7*a+1 -4*a 4*a+2 8*a-8 -9*a-3 -3*a+3 -2*a+4 a+3 a-1 -a-1 7*a+1 -3*a+1 2 5*a+3 -a-7 a+3 -a-3 -a-1 -2*a+4 -2 -3*a+1 2 2 -3*a-1 -3*a-3 2*a+2 -3*a-1 -2*a+8 -a-1 2 over Number field with defining polynomial x^2+4*x-3
For conductor 1:
traces of hecke eigenvalues of T_{p^1} are:
40 156 400 1464 2380 5220 7240 12720 25260 30784 52060 70644 81400 106080 151740 208920 230764 305320 363024 394420 499360 578760 712980 922180 
computing eigenvalues for k = 1, took 18.538427 sec
traces of hecke eigenvalues of T_{p^2} are:
120 780 2800 
computing eigenvalues for k = 2, took 0.338190 sec
traces of hecke eigenvalues of T_{p^1} are:
178 424 826 1883 2785 4503 5557 8081 12538 14330 21174 24809 28468 32810 43006 50985 56215 67296 73952 79659 91201 100509 116480 141531 
computing eigenvalues for k = 1, took 18.656461 sec
traces of hecke eigenvalues of T_{p^2} are:
112 204 608 
computing eigenvalues for k = 2, took 0.336570 sec
traces of hecke eigenvalues of T_{p^1} are:
-22 -10 58 -12 164 -49 409 -857 297 1636 2054 480 -16 -2759 -1514 -4149 3969 -392 -2009 1174 1717 -4107 1746 2675 
computing eigenvalues for k = 1, took 18.662584 sec
traces of hecke eigenvalues of T_{p^2} are:
-42 -158 -131 
computing eigenvalues for k = 2, took 0.345969 sec
traces of hecke eigenvalues of T_{p^1} are:
16 143 -168 -320 -393 1091 -889 265 1657 -2107 1830 5783 -1531 2593 7739 4132 185 -664 2292 6382 -6596 2913 7604 458 
computing eigenvalues for k = 1, took 19.677617 sec
traces of hecke eigenvalues of T_{p^2} are:
-124 -93 -122 
computing eigenvalues for k = 2, took 0.484223 sec
traces of hecke eigenvalues of T_{p^1} are:
280 754 1306 3316 4492 7686 9658 13806 22498 24618 35862 44182 47494 57108 73290 92088 97318 116628 133288 139610 161062 180644 207880 242094 
computing eigenvalues for k = 1, took 18.833989 sec
traces of hecke eigenvalues of T_{p^2} are:
80 468 48 
computing eigenvalues for k = 2, took 0.397276 sec
traces of hecke eigenvalues of T_{p^1} are:
-2 8 -6 -38 32 47 10 -130 30 -30 -88 141 82 567 24 -324 786 214 669 -625 -189 -80 1094 -503 
computing eigenvalues for k = 1, took 18.952117 sec
traces of hecke eigenvalues of T_{p^2} are:
-14 -6 28 
computing eigenvalues for k = 2, took 0.337376 sec
traces of hecke eigenvalues of T_{p^1} are:
-12 -4 -28 24 -96 268 28 100 284 -988 560 276 -416 -44 -132 256 -1384 1924 -704 664 -1520 584 872 1948 
computing eigenvalues for k = 1, took 18.721359 sec
traces of hecke eigenvalues of T_{p^2} are:
0 0 -20 
computing eigenvalues for k = 2, took 0.350139 sec
traces of hecke eigenvalues of T_{p^1} are:
-16 -9 -10 72 76 159 -182 312 573 170 -326 -71 -430 164 1193 374 770 -1476 -302 2470 -1316 -572 -2392 1891 
computing eigenvalues for k = 1, took 29.358569 sec
traces of hecke eigenvalues of T_{p^2} are:
14 -18 -99 
computing eigenvalues for k = 2, took 0.364269 sec
For conductor 2:
traces of hecke eigenvalues of T_{p^1} are:
-2 8 -6 -38 32 47 10 -130 30 -30 -88 141 82 567 24 -324 786 214 669 -625 -189 -80 1094 -503 
computing eigenvalues for k = 1, took 420.147438 sec
traces of hecke eigenvalues of T_{p^2} are:
-14 -6 28 
computing eigenvalues for k = 2, took 0.640039 sec
traces of hecke eigenvalues of T_{p^1} are:
-4 -46 28 8 -152 -78 80 40 -154 72 -304 46 212 660 -1066 -68 -436 -492 -828 -492 676 -1144 36 850 
computing eigenvalues for k = 1, took 416.751323 sec
traces of hecke eigenvalues of T_{p^2} are:
4 68 -74 
computing eigenvalues for k = 2, took 0.698726 sec
traces of hecke eigenvalues of T_{p^1} are:
-24 -26 -32 -72 0 54 64 -24 -74 -168 -284 -158 -440 -64 -702 144 116 192 -1272 156 72 -1184 1916 1402 
computing eigenvalues for k = 1, took 417.691588 sec
traces of hecke eigenvalues of T_{p^2} are:
32 32 14 
computing eigenvalues for k = 2, took 0.754049 sec
traces of hecke eigenvalues of T_{p^1} are:
-12 -4 -28 24 -96 268 28 100 284 -988 560 276 -416 -44 -132 256 -1384 1924 -704 664 -1520 584 872 1948 
computing eigenvalues for k = 1, took 411.969491 sec
traces of hecke eigenvalues of T_{p^2} are:
0 0 -20 
computing eigenvalues for k = 2, took 0.685935 sec
traces of hecke eigenvalues of T_{p^1} are:
-16 -9 -10 72 76 159 -182 312 573 170 -326 -71 -430 164 1193 374 770 -1476 -302 2470 -1316 -572 -2392 1891 
computing eigenvalues for k = 1, took 410.772289 sec
traces of hecke eigenvalues of T_{p^2} are:
14 -18 -99 
computing eigenvalues for k = 2, took 0.693940 sec
traces of hecke eigenvalues of T_{p^1} are:
-128 -130 -272 -428 -77 -163 -531 -963 32 387 96 95 -1443 -2874 -1698 -3484 2097 -1218 -3163 887 989 -4625 3856 2586 
computing eigenvalues for k = 1, took 408.691942 sec
traces of hecke eigenvalues of T_{p^2} are:
88 27 53 
computing eigenvalues for k = 2, took 0.711963 sec
traces of hecke eigenvalues of T_{p^1} are:
-22 -10 58 -12 164 -49 409 -857 297 1636 2054 480 -16 -2759 -1514 -4149 3969 -392 -2009 1174 1717 -4107 1746 2675 
computing eigenvalues for k = 1, took 409.286184 sec
traces of hecke eigenvalues of T_{p^2} are:
-42 -158 -131 
computing eigenvalues for k = 2, took 0.706208 sec
For conductor 233:
traces of hecke eigenvalues of T_{p^1} are:
-1 -28 -11 -25 77 -81 26 96 -225 -376 62 275 -311 387 -83 141 109 49 -408 -304 41 -13 668 -1932 
computing eigenvalues for k = 1, took 717.613846 sec
traces of hecke eigenvalues of T_{p^2} are:
-5 52 -14 
computing eigenvalues for k = 2, took 0.714699 sec
traces of hecke eigenvalues of T_{p^1} are:
-5 5 -21 81 -37 -27 22 93 61 -9 -142 215 -327 332 -120 83 143 -270 229 -600 -302 83 265 -333 
computing eigenvalues for k = 1, took 731.005906 sec
traces of hecke eigenvalues of T_{p^2} are:
0 9 17 
computing eigenvalues for k = 2, took 0.682677 sec
traces of hecke eigenvalues of T_{p^1} are:
-34 -62 -37 -84 -44 -215 364 -90 -54 65 -92 -772 -368 -835 -2160 -94 -246 -976 -205 -624 2377 36 -2321 1684 
computing eigenvalues for k = 1, took 718.708974 sec
traces of hecke eigenvalues of T_{p^2} are:
38 21 -152 
computing eigenvalues for k = 2, took 0.678755 sec
traces of hecke eigenvalues of T_{p^1} are:
-21 -34 -39 -9 -39 -207 82 108 -299 404 -474 -567 125 67 -477 1285 1121 697 -608 -224 -1663 -2265 -2412 990 
computing eigenvalues for k = 1, took 719.730897 sec
traces of hecke eigenvalues of T_{p^2} are:
7 32 -40 
computing eigenvalues for k = 2, took 0.674602 sec
traces of hecke eigenvalues of T_{p^1} are:
-11 -105 20 -172 -145 -460 623 8 8 1305 1564 -976 1606 -5 -730 825 572 5418 1239 641 4669 -3034 -4372 -566 
computing eigenvalues for k = 1, took 700.534357 sec
traces of hecke eigenvalues of T_{p^2} are:
-62 -43 -77 
computing eigenvalues for k = 2, took 0.686296 sec
traces of hecke eigenvalues of T_{p^1} are:
-6 -11 -16 34 -24 37 -108 42 -167 -178 -12 -177 -98 374 61 388 -52 568 350 -116 -194 224 -1072 733 
computing eigenvalues for k = 1, took 705.774080 sec
traces of hecke eigenvalues of T_{p^2} are:
6 -14 43 
computing eigenvalues for k = 2, took 0.664115 sec
traces of hecke eigenvalues of T_{p^1} are:
-12 -26 -20 8 -72 -38 84 -252 -250 380 544 -162 56 -540 6 280 -216 -572 344 -648 -552 984 -224 -2438 
computing eigenvalues for k = 1, took 706.309164 sec
traces of hecke eigenvalues of T_{p^2} are:
4 12 94 
computing eigenvalues for k = 2, took 0.716729 sec
traces of hecke eigenvalues of T_{p^1} are:
-10 -7 4 -22 -40 -87 80 54 57 26 -88 59 214 -126 25 84 -212 -20 -1434 -28 662 488 440 -1227 
computing eigenvalues for k = 1, took 703.700124 sec
traces of hecke eigenvalues of T_{p^2} are:
10 22 19 
computing eigenvalues for k = 2, took 0.662559 sec
For conductor 466:
traces of hecke eigenvalues of T_{p^1} are:
-6 -11 -16 34 -24 37 -108 42 -167 -178 -12 -177 -98 374 61 388 -52 568 350 -116 -194 224 -1072 733 
computing eigenvalues for k = 1, took 203.181718 sec
traces of hecke eigenvalues of T_{p^2} are:
6 -14 43 
computing eigenvalues for k = 2, took 0.696264 sec
traces of hecke eigenvalues of T_{p^1} are:
-5 5 -21 81 -37 -27 22 93 61 -9 -142 215 -327 332 -120 83 143 -270 229 -600 -302 83 265 -333 
computing eigenvalues for k = 1, took 150.064997 sec
traces of hecke eigenvalues of T_{p^2} are:
0 9 17 
computing eigenvalues for k = 2, took 0.608899 sec
traces of hecke eigenvalues of T_{p^1} are:
-10 -7 4 -22 -40 -87 80 54 57 26 -88 59 214 -126 25 84 -212 -20 -1434 -28 662 488 440 -1227 
computing eigenvalues for k = 1, took 202.411105 sec
traces of hecke eigenvalues of T_{p^2} are:
10 22 19 
computing eigenvalues for k = 2, took 0.727133 sec
traces of hecke eigenvalues of T_{p^1} are:
42 61 129 563 -191 -129 -347 1739 609 201 -1386 -338 1652 4393 1225 4927 -3991 2346 8577 -8849 3032 12031 107 -12088 
computing eigenvalues for k = 1, took 149.743477 sec
traces of hecke eigenvalues of T_{p^2} are:
-34 -201 -345 
computing eigenvalues for k = 2, took 0.670858 sec
traces of hecke eigenvalues of T_{p^1} are:
-6 3 -17 68 -175 -155 -365 681 91 -224 -764 88 393 2151 1191 1646 727 2214 1146 -1937 -946 5553 -89 -1059 
computing eigenvalues for k = 1, took 150.551531 sec
traces of hecke eigenvalues of T_{p^2} are:
-10 8 -46 
computing eigenvalues for k = 2, took 0.617425 sec
traces of hecke eigenvalues of T_{p^1} are:
132 308 634 1459 1957 3415 4283 6405 9874 11606 16146 19503 22296 26530 32966 41279 43751 54102 60272 64429 77613 83101 94042 113179 
computing eigenvalues for k = 1, took 150.867114 sec
traces of hecke eigenvalues of T_{p^2} are:
48 -24 272 
computing eigenvalues for k = 2, took 0.637776 sec
traces of hecke eigenvalues of T_{p^1} are:
-11 -105 20 -172 -145 -460 623 8 8 1305 1564 -976 1606 -5 -730 825 572 5418 1239 641 4669 -3034 -4372 -566 
computing eigenvalues for k = 1, took 152.281278 sec
traces of hecke eigenvalues of T_{p^2} are:
-62 -43 -77 
computing eigenvalues for k = 2, took 0.626662 sec
traces of hecke eigenvalues of T_{p^1} are:
298 764 1454 3410 4528 7754 9652 14434 22442 25744 35394 44394 48684 58286 73084 90504 96436 115870 131526 136806 162440 178038 204060 239398 
computing eigenvalues for k = 1, took 149.457454 sec
traces of hecke eigenvalues of T_{p^2} are:
152 528 1232 
computing eigenvalues for k = 2, took 0.618448 sec
traces of hecke eigenvalues of T_{p^1} are:
4 -4 -14 22 -60 30 -54 4 136 -368 -116 -242 578 76 964 -324 -8 -442 2390 -388 1482 908 572 -2178 
computing eigenvalues for k = 1, took 149.447537 sec
traces of hecke eigenvalues of T_{p^2} are:
0 -80 -22 
computing eigenvalues for k = 2, took 0.596897 sec
