constructing eigenvector for poly
x+7
constructing eigenvector for poly
x+2
constructing eigenvector for poly
x-5
constructing eigenvector for poly
x-15
constructing eigenvector for poly
x^3+x^2-13*x-5
constructing eigenvector for poly
x^6-29*x^5+322*x^4-1714*x^3+4471*x^2-5205*x+2026
constructing eigenvector for poly
x^21-119*x^20+6620*x^19-228740*x^18+5501340*x^17-97814846*x^16+1332943145*x^15-14243338424*x^14+121104126897*x^13-826691035703*x^12+4551831647346*x^11-20237370210184*x^10+72492084949902*x^9-208069741229988*x^8+474180715634089*x^7-846497526244324*x^6+1161113922326852*x^5-1190381345769768*x^4+875466108813824*x^3-432589467652000*x^2+127401447617088*x-16712020782720
constructing eigenvector for poly
x^15+5*x^14-40*x^13-160*x^12+605*x^11+1607*x^10-4221*x^9-5675*x^8+13814*x^7+7454*x^6-21110*x^5-2434*x^4+14739*x^3-1791*x^2-3800*x+1004
constructing eigenvector for poly
x+7
constructing eigenvector for poly
x^3+11*x^2+35*x+29
constructing eigenvector for poly
x+3
constructing eigenvector for poly
x+3
constructing eigenvector for poly
x+3
constructing eigenvector for poly
x-1
constructing eigenvector for poly
x^24+24*x^23+130*x^22-1062*x^21-11985*x^20+210*x^19+342253*x^18+695608*x^17-4509005*x^16-14917234*x^15+28893778*x^14+143780470*x^13-73231018*x^12-754771630*x^11-90793727*x^10+2292784520*x^9+955275486*x^8-4086570586*x^7-2161853266*x^6+4135981024*x^5+2129741241*x^4-2102393696*x^3-866313856*x^2+355303936*x+112429120
constructing eigenvector for poly
x^22-120*x^21+6751*x^20-236660*x^19+5795510*x^18-105347690*x^17+1474330589*x^16-16261376181*x^15+143525180029*x^14-1023517516684*x^13+5929576901693*x^12-27962943122042*x^11+107226358999696*x^10-332961706902942*x^9+831133778166007*x^8-1649349688415093*x^7+2561323095196596*x^6-3044617545021596*x^5+2685100838216568*x^4-1678546399433728*x^3+692684759426336*x^2-166372447745856*x+17298838091136
computing eigenvectors took 2.703391 sec
For conductor 1, eigenvectors are:
0 72 0 -48 -24 -48 0 12 24 -18 -18 0 18 0 -12 -78 -6 66 30 18 -6 0 28 4 -32 8 20 -32 2 10 -6 0 24 -10 34 14 -14 4 -22 0 -4 4 30 -28 -8 -10 -3 9 -15 over Number field with defining polynomial x+7
0 24 0 24 -12 12 0 36 -6 -6 3 0 33 3 -18 12 12 -39 -24 27 3 -15 14 -8 -16 -4 -2 -14 -4 6 7 -1 7 5 -9 7 -19 5 16 -10 -10 4 10 2 -17 2 4 1 -1 over Number field with defining polynomial x+2
-12 0 -12 0 0 12 3 -6 6 0 0 3 0 0 0 3 3 3 3 3 0 -3 2 -2 -2 -4 0 0 0 -3 1 -1 3 -1 -2 1 2 0 -1 1 3 1 0 -1 -2 -1 2 -3 0 over Number field with defining polynomial x-5
-1 -1 -1 -1 -1 -1 -1 -1 -1 -1 -1 -1 -1 -1 -1 -1 -1 -1 -1 -1 -1 -1 -1 -1 -1 -1 -1 -1 -1 -1 -1 -1 -1 -1 -1 -1 -1 -1 -1 -1 -1 -1 -1 -1 -1 -1 -1 -1 -1 over Number field with defining polynomial x-15
0 -12*a^2 + 24*a + 180 0 -12*a^2 + 24*a + 180 -48*a-240 -12*a^2 - 24*a - 60 0 18*a^2 + 60*a - 30 6*a^2 + 12*a + 30 3*a^2 - 6*a - 45 12*a+60 0 -9*a^2 - 30*a + 15 12*a+60 -9*a^2 - 30*a + 15 12*a^2 + 24*a - 60 12*a^2 + 24*a - 60 12*a^2 + 24*a - 60 -3*a^2 - 18*a + 45 -3*a^2 - 18*a + 45 12*a+60 -9*a^2 - 18*a + 75 -2*a^2 - 28*a - 50 -8*a^2 - 16*a + 40 -2*a^2 - 12*a + 30 2*a^2 - 4*a - 30 -8*a-40 16*a 4*a^2 + 12*a - 40 2*a^2 + 4*a - 30 2*a^2 + 8*a - 10 -4*a-20 -4*a^2 + 4*a + 40 -16*a-40 a^2 + 6*a - 15 2*a^2 + 8*a - 10 a^2 - 2*a - 15 3*a^2 + 6*a - 25 -4*a-20 2*a^2 + 8*a - 10 -4*a^2 + 4*a + 40 3*a^2 + 2*a - 45 -2*a^2 - 8*a + 10 -a^2 + 2*a + 15 0 -a^2 + 2*a + 15 -2*a+10 4*a+20 -3*a^2 - 8*a + 35 over Number field with defining polynomial x^3+x^2-13*x-5
16*a^5 - 288*a^4 + 1152*a^3 + 3552*a^2 - 26096*a + 30112 -24*a^5 + 624*a^4 - 6072*a^3 + 27336*a^2 - 56088*a + 41712 -36*a^5 + 944*a^4 - 9224*a^3 + 41184*a^2 - 81196*a + 52488 12*a^5 - 280*a^4 + 2448*a^3 - 10112*a^2 + 19508*a - 12472 40*a^4 - 760*a^3 + 4872*a^2 - 12056*a + 9696 -16*a^5 + 392*a^4 - 3496*a^3 + 13520*a^2 - 19664*a + 2544 4*a^5 - 116*a^4 + 1220*a^3 - 5532*a^2 + 10280*a - 7328 -16*a^5 + 408*a^4 - 3900*a^3 + 17388*a^2 - 35896*a + 27680 -8*a^5 + 172*a^4 - 1228*a^3 + 2712*a^2 + 3464*a - 13784 -12*a^5 + 300*a^4 - 2814*a^3 + 12414*a^2 - 25800*a + 20664 -12*a^3 + 312*a^2 - 1800*a + 2172 8*a^5 - 248*a^4 + 2864*a^3 - 15312*a^2 + 37008*a - 30400 -20*a^5 + 516*a^4 - 4972*a^3 + 22078*a^2 - 44378*a + 31848 4*a^5 - 84*a^4 + 664*a^3 - 2692*a^2 + 5896*a - 4396 6*a^5 - 114*a^4 + 678*a^3 - 1236*a^2 - 690*a + 3132 -6*a^4 + 132*a^3 - 978*a^2 + 2604*a - 1272 11*a^5 - 312*a^4 + 3286*a^3 - 15688*a^2 + 32525*a - 21630 -11*a^5 + 342*a^4 - 3900*a^3 + 19950*a^2 - 44555*a + 33790 6*a^4 - 192*a^3 + 1980*a^2 - 7830*a + 9540 4*a^5 - 92*a^4 + 838*a^3 - 4058*a^2 + 10784*a - 11268 4*a^5 - 76*a^4 + 472*a^3 - 972*a^2 + 24*a + 196 -6*a^5 + 186*a^4 - 2088*a^3 + 10488*a^2 - 23064*a + 17700 -4*a^5 + 92*a^4 - 788*a^3 + 3264*a^2 - 7268*a + 7808 6*a^5 - 184*a^4 + 2076*a^3 - 10568*a^2 + 23498*a - 17164 -24*a^4 + 500*a^3 - 3644*a^2 + 10944*a - 11776 14*a^5 - 356*a^4 + 3376*a^3 - 14600*a^2 + 27594*a - 16988 8*a^5 - 196*a^4 + 1772*a^3 - 7108*a^2 + 11812*a - 5904 4*a^5 - 124*a^4 + 1384*a^3 - 6684*a^2 + 12924*a - 6224 -4*a^5 + 116*a^4 - 1216*a^3 + 5588*a^2 - 10652*a + 5976 -2*a^5 + 54*a^4 - 586*a^3 + 3070*a^2 - 7352*a + 5616 -a^5 + 8*a^4 + 92*a^3 - 988*a^2 + 2575*a - 2310 -6*a^5 + 152*a^4 - 1424*a^3 + 6084*a^2 - 11710*a + 8664 6*a^5 - 182*a^4 + 2028*a^3 - 10138*a^2 + 22030*a - 16016 -4*a^5 + 96*a^4 - 828*a^3 + 3060*a^2 - 4072*a + 20 6*a^5 - 172*a^4 + 1862*a^3 - 9406*a^2 + 21806*a - 18080 -14*a^5 + 372*a^4 - 3692*a^3 + 16892*a^2 - 34838*a + 24992 -6*a^5 + 144*a^4 - 1292*a^3 + 5498*a^2 - 11340*a + 9028 12*a^5 - 290*a^4 + 2574*a^3 - 10396*a^2 + 18736*a - 11612 3*a^5 - 52*a^4 + 230*a^3 + 128*a^2 - 1855*a + 1018 3*a^5 - 96*a^4 + 1156*a^3 - 6520*a^2 + 16851*a - 14834 -5*a^5 + 166*a^4 - 2004*a^3 + 10790*a^2 - 25129*a + 19046 6*a^5 - 150*a^4 + 1412*a^3 - 6164*a^2 + 12144*a - 8128 8*a^5 - 220*a^4 + 2270*a^3 - 10780*a^2 + 22942*a - 17004 8*a^4 - 130*a^3 + 614*a^2 - 556*a - 1040 -24*a^4 + 486*a^3 - 3360*a^2 + 9330*a - 8928 2*a^4 - 96*a^3 + 1120*a^2 - 4894*a + 7244 16*a^4 - 358*a^3 + 2712*a^2 - 8054*a + 7476 -2*a^5 + 46*a^4 - 372*a^3 + 1256*a^2 - 1468*a - 52 -4*a^4 + 84*a^3 - 548*a^2 + 1136*a - 124 over Number field with defining polynomial x^6-29*x^5+322*x^4-1714*x^3+4471*x^2-5205*x+2026
a vector of length 49 over Number field with defining polynomial a number field of degree 21
a vector of length 49 over Number field with defining polynomial a number field of degree 15
For conductor 7, eigenvectors are:
2 1 1 -1 over Number field with defining polynomial x+7
a^2 + 8*a + 15 -a-3 2*a+8 a^2 + 9*a + 20 over Number field with defining polynomial x^3+11*x^2+35*x+29
For conductor 61, eigenvectors are:
1 1 -1 over Number field with defining polynomial x+3
1 0 1 over Number field with defining polynomial x+3
-1 2 1 over Number field with defining polynomial x+3
For conductor 427, eigenvectors are:
0 12 0 12 0 12 6 -6 -3 0 0 -3 0 3 0 0 0 -3 3 0 -3 6 0 -2 -2 0 -4 -2 2 2 -2 2 -1 2 3 1 -2 2 2 -1 0 1 2 -1 2 -1 0 over Number field with defining polynomial x-1
a vector of length 47 over Number field with defining polynomial a number field of degree 24
a vector of length 47 over Number field with defining polynomial a number field of degree 22
For conductor 1:
traces of hecke eigenvalues of T_{p^1} are:
-7 -3 3 -4 -3 37 -75 10 212 -6 -88 -3 547 -147 -108 -45 -632 -650 859 -978 931 -571 453 
computing eigenvalues for k = 1, took 12.404461 sec
traces of hecke eigenvalues of T_{p^2} are:
7 -9 -9 
computing eigenvalues for k = 2, took 0.074373 sec
traces of hecke eigenvalues of T_{p^1} are:
-2 2 -9 -29 -21 -14 56 -5 98 -134 48 477 128 -160 350 193 -203 -256 -1105 -627 -22 -152 830 
computing eigenvalues for k = 1, took 12.573098 sec
traces of hecke eigenvalues of T_{p^2} are:
-5 -6 -22 
computing eigenvalues for k = 2, took 0.075340 sec
traces of hecke eigenvalues of T_{p^1} are:
5 10 46 124 210 360 270 600 760 1004 1160 1904 2020 2580 2700 4350 4800 4344 4700 6760 5670 8740 9800 
computing eigenvalues for k = 1, took 20.269747 sec
traces of hecke eigenvalues of T_{p^2} are:
0 0 120 
computing eigenvalues for k = 2, took 0.061258 sec
traces of hecke eigenvalues of T_{p^1} are:
15 40 156 1464 2380 5220 7240 12720 25260 30784 52060 70644 81400 106080 151740 208920 305320 363024 394420 499360 578760 712980 922180 
computing eigenvalues for k = 1, took 20.185527 sec
traces of hecke eigenvalues of T_{p^2} are:
30 120 780 
computing eigenvalues for k = 2, took 0.061359 sec
traces of hecke eigenvalues of T_{p^1} are:
-1 0 43 119 -33 128 -330 259 -214 -26 -960 669 -218 784 -592 4141 1335 -1310 -2179 2347 -4570 1834 1852 
computing eigenvalues for k = 1, took 12.538085 sec
traces of hecke eigenvalues of T_{p^2} are:
8 20 56 
computing eigenvalues for k = 2, took 0.073470 sec
traces of hecke eigenvalues of T_{p^1} are:
29 59 164 612 1038 1786 2287 3235 4757 5717 8337 9491 11542 13464 16843 19388 27780 29755 34353 38362 40541 47818 61861 
computing eigenvalues for k = 1, took 20.144452 sec
traces of hecke eigenvalues of T_{p^2} are:
-3 -4 48 
computing eigenvalues for k = 2, took 0.060328 sec
traces of hecke eigenvalues of T_{p^1} are:
119 257 583 2733 3663 6175 8121 11156 17579 21015 28839 35792 38901 46640 58269 74356 93377 105520 110342 133060 146495 165811 198664 
computing eigenvalues for k = 1, took 20.202518 sec
traces of hecke eigenvalues of T_{p^2} are:
42 188 222 
computing eigenvalues for k = 2, took 0.063066 sec
traces of hecke eigenvalues of T_{p^1} are:
-5 6 -57 -61 217 -70 590 -71 -158 1128 1442 -1011 420 -176 -916 -1421 2377 -2786 3847 3275 2368 -1360 1148 
computing eigenvalues for k = 1, took 12.535879 sec
traces of hecke eigenvalues of T_{p^2} are:
-22 -32 54 
computing eigenvalues for k = 2, took 0.074957 sec
For conductor 7:
traces of hecke eigenvalues of T_{p^1} are:
-7 -3 3 -4 -3 37 -75 10 212 -6 -88 -3 547 -147 -108 -45 -632 -650 859 -978 931 -571 453 
computing eigenvalues for k = 1, took 379.416372 sec
traces of hecke eigenvalues of T_{p^2} are:
7 -9 -9 
computing eigenvalues for k = 2, took 0.147419 sec
traces of hecke eigenvalues of T_{p^1} are:
-11 -24 -7 -31 -35 14 -14 -55 -42 -64 -776 123 -1030 -280 138 389 -1007 1874 925 -961 -426 1556 -1610 
computing eigenvalues for k = 1, took 382.346859 sec
traces of hecke eigenvalues of T_{p^2} are:
8 26 -34 
computing eigenvalues for k = 2, took 0.140464 sec
For conductor 61:
traces of hecke eigenvalues of T_{p^1} are:
-3 -11 1 26 35 -41 9 -204 162 -162 -90 215 -99 107 764 -521 158 156 -1125 210 -441 -1771 -93 
computing eigenvalues for k = 1, took 667.459540 sec
traces of hecke eigenvalues of T_{p^2} are:
-1 13 17 
computing eigenvalues for k = 2, took 0.127007 sec
traces of hecke eigenvalues of T_{p^1} are:
-3 -8 1 -63 41 122 -186 -159 -284 12 50 387 -216 512 156 1341 -225 -1336 -1505 677 -970 374 -1064 
computing eigenvalues for k = 1, took 663.766469 sec
traces of hecke eigenvalues of T_{p^2} are:
4 12 -24 
computing eigenvalues for k = 2, took 0.147932 sec
traces of hecke eigenvalues of T_{p^1} are:
-3 -8 -11 11 -67 -50 -102 159 144 -132 174 275 -96 -280 -580 -629 -595 456 159 219 -258 302 864 
computing eigenvalues for k = 1, took 669.265527 sec
traces of hecke eigenvalues of T_{p^2} are:
2 4 8 
computing eigenvalues for k = 2, took 0.154125 sec
For conductor 427:
traces of hecke eigenvalues of T_{p^1} are:
1 -2 7 33 -93 102 16 237 0 -96 -178 -241 324 44 -556 283 43 -24 175 -327 544 526 700 
computing eigenvalues for k = 1, took 144.324435 sec
traces of hecke eigenvalues of T_{p^2} are:
-2 -8 -34 
computing eigenvalues for k = 2, took 0.153852 sec
traces of hecke eigenvalues of T_{p^1} are:
-24 8 -70 -37 244 -435 532 196 -703 1261 1169 -583 3195 -153 -723 -924 1441 -445 -191 893 -2928 -5929 -16 
computing eigenvalues for k = 1, took 143.949022 sec
traces of hecke eigenvalues of T_{p^2} are:
-3 -45 -129 
computing eigenvalues for k = 2, took 0.153097 sec
traces of hecke eigenvalues of T_{p^1} are:
120 243 589 2797 3881 6273 8039 12048 18635 21421 30023 36716 40749 47624 60609 74832 99909 112840 120114 137500 149609 171857 206132 
computing eigenvalues for k = 1, took 163.545024 sec
traces of hecke eigenvalues of T_{p^2} are:
30 92 102 
computing eigenvalues for k = 2, took 0.271600 sec
