constructing eigenvector for poly
x-15
constructing eigenvector for poly
x^19+4*x^18-57*x^17-165*x^16+1250*x^15+2404*x^14-13632*x^13-15301*x^12+79226*x^11+42322*x^10-245848*x^9-32154*x^8+385630*x^7-52094*x^6-263271*x^5+83578*x^4+49928*x^3-29113*x^2+4806*x-243
constructing eigenvector for poly
x^38-224*x^37+24216*x^36-1683001*x^35+84509733*x^34-3266889779*x^33+101159491379*x^32-2577742692533*x^31+55111107461693*x^30-1002910215944605*x^29+15706651525088228*x^28-213505058263996060*x^27+2535914067794372994*x^26-26456606487908993082*x^25+243430046792788460182*x^24-1981546783014924471966*x^23+14302709281160968443187*x^22-91684837948970953384270*x^21+522445665963191856869488*x^20-2647192799738279440303925*x^19+11923813996885757003391113*x^18-47705120559100424362800763*x^17+169283962741423369272357055*x^16-531718228650996998088707469*x^15+1474305632628658911734822391*x^14-3596153099870378888292015125*x^13+7683711875049829125682750732*x^12-14305161645306063524647924918*x^11+23056275698557622244364127400*x^10-31915292067491500041675997880*x^9+37569066749747073762791746944*x^8-37144227730083794164432211808*x^7+30357717910842104722309678016*x^6-20084072911498728059831846272*x^5+10450788608739261472872699904*x^4-4102549025941657825024273408*x^3+1137620794364677776430025728*x^2-197725873610347920140673024*x+16114550335383688711356416
constructing eigenvector for poly
x^5+22*x^4+188*x^3+781*x^2+1578*x+1241
computing eigenvectors took 0.512835 sec
For conductor 1, eigenvectors are:
-1 -1 -1 -1 -1 -1 -1 -1 -1 -1 -1 -1 -1 -1 -1 -1 -1 -1 -1 -1 -1 -1 -1 -1 -1 -1 -1 -1 -1 -1 -1 -1 -1 -1 -1 -1 -1 -1 -1 -1 -1 -1 -1 -1 -1 -1 -1 -1 -1 -1 -1 -1 -1 -1 -1 -1 -1 -1 over Number field with defining polynomial x-15
a vector of length 58 over Number field with defining polynomial a number field of degree 19
a vector of length 58 over Number field with defining polynomial a number field of degree 38
For conductor 347, eigenvectors are:
-a^3 - 12*a^2 - 48*a - 64 a^3 + 12*a^2 + 47*a + 60 -a^2 - 8*a - 16 a^4 + 18*a^3 + 119*a^2 + 343*a + 364 a^3 + 14*a^2 + 63*a + 91 over Number field with defining polynomial x^5+22*x^4+188*x^3+781*x^2+1578*x+1241
For conductor 1:
traces of hecke eigenvalues of T_{p^1} are:
15 40 156 400 1464 2380 5220 7240 12720 25260 30784 52060 70644 81400 106080 151740 208920 230764 305320 363024 394420 499360 578760 712980 922180 
computing eigenvalues for k = 1, took 37.358784 sec
traces of hecke eigenvalues of T_{p^2} are:
30 120 780 2800 
computing eigenvalues for k = 2, took 0.331778 sec
traces of hecke eigenvalues of T_{p^1} are:
-4 -20 -28 -27 228 -145 310 240 991 965 -669 -1278 10 -144 1705 1454 1658 -2383 1602 1005 -1358 -402 5393 -2531 1019 
computing eigenvalues for k = 1, took 15.022329 sec
traces of hecke eigenvalues of T_{p^2} are:
-18 -30 -36 -83 
computing eigenvalues for k = 2, took 0.301332 sec
traces of hecke eigenvalues of T_{p^1} are:
224 427 1083 2040 4911 6393 11266 14199 20750 32545 36700 51063 64956 70361 85092 106105 133905 140051 170797 193294 201444 237738 262607 305073 355602 
computing eigenvalues for k = 1, took 37.369028 sec
traces of hecke eigenvalues of T_{p^2} are:
102 188 570 1120 
computing eigenvalues for k = 2, took 0.356984 sec
For conductor 347:
traces of hecke eigenvalues of T_{p^1} are:
-22 -44 -40 -15 -82 -25 -248 62 -309 47 -111 228 542 -866 -623 -684 144 665 -454 -879 1002 352 -2677 -1343 -379 
computing eigenvalues for k = 1, took 756.189349 sec
traces of hecke eigenvalues of T_{p^2} are:
12 46 42 -59 
computing eigenvalues for k = 2, took 0.665297 sec
