constructing eigenvector for poly
x-15
constructing eigenvector for poly
x+2
constructing eigenvector for poly
x-1
constructing eigenvector for poly
x^2-14*x+46
constructing eigenvector for poly
x^4-24*x^3+197*x^2-638*x+676
constructing eigenvector for poly
x^6-30*x^5+341*x^4-1846*x^3+4914*x^2-5916*x+2280
computing eigenvectors took 0.050453 sec
For conductor 1, eigenvectors are:
-1 -1 -1 -1 -1 -1 -1 -1 -1 over Number field with defining polynomial x-15
0 -12 0 0 2 3 0 0 -1 over Number field with defining polynomial x+2
-60 24 24 -4 -4 3 10 3 -11 over Number field with defining polynomial x-1
-60 -12*a+120 -6*a+30 -8*a+60 6*a-28 -9*a+75 8*a-58 a-14 1 over Number field with defining polynomial x^2-14*x+46
-10*a^3 + 150*a^2 - 600*a + 320 -4*a^3 + 68*a^2 - 328*a + 320 -4*a^3 + 62*a^2 - 306*a + 516 4*a^3 - 56*a^2 + 228*a - 256 -4*a^3 + 76*a^2 - 440*a + 712 -8*a^2 + 92*a - 236 2*a^3 - 40*a^2 + 246*a - 432 6*a^2 - 62*a + 116 -4*a^2 + 36*a - 40 over Number field with defining polynomial x^4-24*x^3+197*x^2-638*x+676
For conductor 11, eigenvectors are:
For conductor 13, eigenvectors are:
For conductor 143, eigenvectors are:
-20*a^3 + 300*a^2 - 1200*a + 1440 -2*a^4 + 40*a^3 - 270*a^2 + 744*a - 720 a^5 - 26*a^4 + 242*a^3 - 981*a^2 + 1674*a - 900 2*a^3 - 38*a^2 + 192*a - 280 a^4 - 21*a^3 + 138*a^2 - 312*a + 200 -a^3 + 17*a^2 - 106*a + 180 over Number field with defining polynomial x^6-30*x^5+341*x^4-1846*x^3+4914*x^2-5916*x+2280
For conductor 1:
traces of hecke eigenvalues of T_{p^1} are:
15 40 156 400 5220 7240 12720 25260 30784 52060 70644 81400 106080 151740 208920 230764 305320 363024 394420 499360 578760 712980 922180 
computing eigenvalues for k = 1, took 10.417059 sec
traces of hecke eigenvalues of T_{p^2} are:
30 120 780 2800 
computing eigenvalues for k = 2, took 0.227827 sec
traces of hecke eigenvalues of T_{p^1} are:
-2 -3 1 12 66 -28 49 -64 129 -261 116 260 334 176 -237 -100 175 239 -590 -496 -122 563 501 
computing eigenvalues for k = 1, took 7.600493 sec
traces of hecke eigenvalues of T_{p^2} are:
1 -8 -18 4 
computing eigenvalues for k = 2, took 0.189717 sec
traces of hecke eigenvalues of T_{p^1} are:
1 5 23 43 383 254 456 788 1188 1275 2058 1691 2151 2430 3246 3726 5034 5121 5500 7624 6664 6820 9576 
computing eigenvalues for k = 1, took 10.470214 sec
traces of hecke eigenvalues of T_{p^2} are:
-12 -20 -18 -56 
computing eigenvalues for k = 2, took 0.228755 sec
traces of hecke eigenvalues of T_{p^1} are:
14 22 62 132 488 832 1006 1884 1950 2866 3980 3724 4240 5232 7714 8404 9866 9546 10404 12956 14412 14178 21206 
computing eigenvalues for k = 1, took 10.484898 sec
traces of hecke eigenvalues of T_{p^2} are:
12 8 60 256 
computing eigenvalues for k = 2, took 0.229322 sec
traces of hecke eigenvalues of T_{p^1} are:
24 44 114 207 1183 1479 2072 3273 3620 5291 6690 7316 9585 11791 13619 14327 17361 21229 20302 25002 28325 34592 35520 
computing eigenvalues for k = 1, took 10.555305 sec
traces of hecke eigenvalues of T_{p^2} are:
12 16 60 56 
computing eigenvalues for k = 2, took 0.230452 sec
For conductor 11:
For conductor 13:
For conductor 143:
traces of hecke eigenvalues of T_{p^1} are:
30 66 172 283 1719 2213 3154 5075 5894 7683 10100 10962 13331 17107 22975 23113 26633 31117 30072 36686 40231 47618 54354 
computing eigenvalues for k = 1, took 174.849538 sec
traces of hecke eigenvalues of T_{p^2} are:
0 24 96 -136 
computing eigenvalues for k = 2, took 0.919954 sec
