constructing eigenvector for poly
x-40
constructing eigenvector for poly
x-8
constructing eigenvector for poly
x^2-20*x+82
constructing eigenvector for poly
x^4+4*x^3-69*x^2-176*x-107
constructing eigenvector for poly
x^12-137*x^11+8426*x^10-307207*x^9+7383697*x^8-123044925*x^7+1455184005*x^6-12282858268*x^5+73295877714*x^4-300957754667*x^3+805556722196*x^2-1259765553166*x+869314076168
constructing eigenvector for poly
x^4-x^3-14*x^2+27*x-4
constructing eigenvector for poly
x^7-86*x^6+3033*x^5-56453*x^4+592762*x^3-3457800*x^2+10133464*x-11106080
constructing eigenvector for poly
x^4+4*x^3-69*x^2-176*x-107
constructing eigenvector for poly
x^2+19*x+79
constructing eigenvector for poly
x^5+16*x^4+86*x^3+184*x^2+145*x+25
constructing eigenvector for poly
x^6-66*x^5+1745*x^4-23457*x^3+166520*x^2-574266*x+698164
computing eigenvectors took 0.292655 sec
For conductor 1, eigenvectors are:
-1 -1 -1 -1 -1 -1 -1 -1 -1 -1 -1 -1 -1 -1 -1 -1 -1 -1 -1 -1 -1 -1 -1 -1 -1 -1 -1 -1 -1 -1 -1 over Number field with defining polynomial x-40
0 0 12 8 8 -12 -6 -2 -2 16 10 0 9 4 -6 8 10 0 -2 -4 -4 2 8 8 -2 -7 -4 2 -1 -1 -3 over Number field with defining polynomial x-8
144*a-1764 -90*a+792 -24*a+294 -46*a+460 -46*a+460 27*a-486 -18*a+117 -2*a+128 -20*a+176 23*a-368 -24*a+294 66*a-912 15*a-132 17*a-191 6*a-108 9*a+45 17*a-191 -24*a+294 -2*a+128 2*a+10 27*a-486 23*a-368 -7*a+34 -20*a+176 -35*a+377 4*a-49 17*a-191 8*a-167 69 69 -11*a+152 over Number field with defining polynomial x^2-20*x+82
0 0 -96*a^3 - 48*a^2 + 3888*a + 4560 32*a^3 - 144*a^2 - 1680*a - 1744 -16*a^3 + 16*a^2 + 880*a + 992 0 12*a^3 + 108*a^2 - 372*a - 576 16*a^3 + 8*a^2 - 648*a - 760 -24*a^3 + 56*a^2 + 1048*a + 1136 24*a^3 - 176*a^2 - 224*a + 24 80*a^2 + 192*a + 112 0 -12*a^3 - 96*a^2 + 1104*a + 1440 -12*a^3 + 88*a^2 + 112*a - 12 16*a^3 - 60*a^2 - 724*a - 756 0 8*a^3 + 64*a^2 - 736*a - 960 0 4*a^3 - 4*a^2 - 220*a - 248 8*a^3 - 16*a^2 + 184*a + 256 0 -16*a^3 + 52*a^2 + 236*a + 180 8*a^3 + 64*a^2 - 736*a - 960 -40*a^2 - 96*a - 56 -2*a^3 + 16*a^2 + 100*a + 94 -4*a^2 - 244*a - 288 -2*a^3 - 14*a^2 + 306*a + 384 4*a^2 + 244*a + 288 40*a^2 - 460*a - 608 -2*a^3 - 6*a^2 + 208*a + 254 -32*a^2 + 84*a + 146 over Number field with defining polynomial x^4+4*x^3-69*x^2-176*x-107
a vector of length 31 over Number field with defining polynomial a number field of degree 12
0 0 48*a^3 - 576*a + 672 -16*a^3 + 32*a^2 + 176*a - 384 -16*a^3 + 32*a^2 + 176*a - 384 0 84*a-192 -8*a^3 + 96*a - 112 -16*a^3 + 8*a^2 + 184*a - 272 -8*a^2 + 56*a - 96 -16*a^2 + 8*a + 80 0 -6*a^3 - 6*a^2 + 78*a - 48 4*a^2 - 28*a + 48 4*a^3 - 4*a^2 - 72*a + 144 0 4*a^3 + 4*a^2 - 52*a + 32 0 4*a^3 - 8*a^2 - 44*a + 96 8*a^3 - 124*a + 176 0 -4*a^3 - 8*a^2 + 80*a - 80 4*a^3 - 72*a + 128 4*a^3 - 8*a^2 - 72*a + 160 4*a^3 - 8*a^2 - 44*a + 96 -4*a^2 + 14*a - 16 4*a^2 - 28*a + 48 6*a^2 - 4*a - 32 -2*a^3 + 2*a^2 + 36*a - 72 -2*a^3 + 2*a^2 + 36*a - 72 2*a^2 - 8 over Number field with defining polynomial x^4-x^3-14*x^2+27*x-4
288*a^4 - 18288*a^3 + 393552*a^2 - 3331872*a + 9060480 24*a^6 - 1680*a^5 + 46416*a^4 - 640944*a^3 + 4604640*a^2 - 16083552*a + 21233280 72*a^5 - 4104*a^4 + 88056*a^3 - 878112*a^2 + 4026240*a - 6744960 24*a^5 - 1440*a^4 + 32736*a^3 - 349872*a^2 + 1754784*a - 3296640 24*a^5 - 1440*a^4 + 32736*a^3 - 349872*a^2 + 1754784*a - 3296640 -6*a^6 + 438*a^5 - 12774*a^4 + 188694*a^3 - 1471884*a^2 + 5678616*a - 8410080 18*a^5 - 828*a^4 + 13518*a^3 - 91224*a^2 + 201816*a + 105120 6*a^6 - 384*a^5 + 9606*a^4 - 119214*a^3 + 767076*a^2 - 2390952*a + 2736480 -36*a^4 + 3060*a^3 - 73764*a^2 + 655920*a - 1863360 72*a^4 - 2664*a^3 + 32400*a^2 - 144576*a + 149760 -6*a^6 + 420*a^5 - 11622*a^4 + 160182*a^3 - 1132368*a^2 + 3748152*a - 4245600 -72*a^4 + 4572*a^3 - 98388*a^2 + 832968*a - 2265120 -18*a^4 + 684*a^3 - 7776*a^2 + 14544*a + 128160 6*a^6 - 438*a^5 + 12738*a^4 - 187362*a^3 + 1455684*a^2 - 5606328*a + 8335200 6*a^5 - 216*a^4 + 1650*a^3 + 19884*a^2 - 318312*a + 1085280 6*a^6 - 438*a^5 + 12432*a^4 - 173178*a^3 + 1220460*a^2 - 3960912*a + 4298880 -6*a^6 + 414*a^5 - 11136*a^4 + 147408*a^3 - 990792*a^2 + 3076968*a - 3157920 -6*a^6 + 420*a^5 - 11604*a^4 + 160236*a^3 - 1151160*a^2 + 4020888*a - 5308320 6*a^5 - 522*a^4 + 15834*a^3 - 215340*a^2 + 1327104*a - 2951040 6*a^6 - 402*a^5 + 10542*a^4 - 135630*a^3 + 869964*a^2 - 2432064*a + 1773120 6*a^6 - 432*a^5 + 12144*a^4 - 168738*a^3 + 1202544*a^2 - 4068984*a + 4972320 18*a^5 - 972*a^4 + 19998*a^3 - 195552*a^2 + 919728*a - 1739520 6*a^5 - 522*a^4 + 15960*a^3 - 220740*a^2 + 1392768*a - 3213120 12*a^5 - 558*a^4 + 8718*a^3 - 47064*a^2 - 11016*a + 478560 -6*a^5 + 360*a^4 - 8184*a^3 + 87468*a^2 - 438696*a + 824160 -6*a^5 + 270*a^4 - 4314*a^3 + 28392*a^2 - 56880*a - 36960 -6*a^6 + 432*a^5 - 12180*a^4 + 170070*a^3 - 1218744*a^2 + 4141272*a - 5047200 -12*a^5 + 630*a^4 - 13110*a^3 + 137028*a^2 - 717192*a + 1459680 6*a^5 - 306*a^4 + 5646*a^3 - 44592*a^2 + 129168*a - 37920 6*a^5 - 306*a^4 + 5646*a^3 - 44592*a^2 + 129168*a - 37920 -18*a^5 + 1026*a^4 - 22014*a^3 + 219528*a^2 - 1006560*a + 1686240 over Number field with defining polynomial x^7-86*x^6+3033*x^5-56453*x^4+592762*x^3-3457800*x^2+10133464*x-11106080
For conductor 2, eigenvectors are:
-4*a^2 - 58*a - 64 6*a^2 - 6*a - 16 a^3 + 4*a^2 - 34*a - 45 3*a^2 + 11*a + 9 over Number field with defining polynomial x^4+4*x^3-69*x^2-176*x-107
For conductor 139, eigenvectors are:
-3 a+8 over Number field with defining polynomial x^2+19*x+79
For conductor 278, eigenvectors are:
0 3*a^4 + 36*a^3 + 123*a^2 + 150*a + 45 4*a^3 + 46*a^2 + 126*a + 90 0 -2*a^4 - 26*a^3 - 106*a^2 - 164*a - 80 2*a^4 + 26*a^3 + 102*a^2 + 164*a + 100 -2*a^3 - 19*a^2 - 39*a - 15 a^3 + 7*a^2 + 7*a - 10 -a^4 - 10*a^3 - 18*a^2 + 13*a + 30 a^2 - 5 -2*a^3 - 20*a^2 - 51*a - 35 over Number field with defining polynomial x^5+16*x^4+86*x^3+184*x^2+145*x+25
-6*a^4 + 213*a^3 - 2418*a^2 + 7836*a + 10140 -a^5 + 53*a^4 - 1071*a^3 + 10164*a^2 - 44018*a + 65014 a^5 - 54*a^4 + 1114*a^3 - 10803*a^2 + 47800*a - 72138 -2*a^4 + 56*a^3 - 409*a^2 - 398*a + 8442 -2*a^4 + 85*a^3 - 1277*a^2 + 7796*a - 15182 -3*a^4 + 126*a^3 - 1924*a^2 + 12504*a - 28532 a^4 - 43*a^3 + 639*a^2 - 3782*a + 7124 -a^4 + 41*a^3 - 647*a^2 + 4708*a - 13350 -a^5 + 52*a^4 - 1030*a^3 + 9517*a^2 - 39310*a + 51664 -a^4 + 42*a^3 - 638*a^2 + 4014*a - 8058 -2*a^4 + 84*a^3 - 1286*a^2 + 8490*a - 20474 over Number field with defining polynomial x^6-66*x^5+1745*x^4-23457*x^3+166520*x^2-574266*x+698164
For conductor 1:
traces of hecke eigenvalues of T_{p^1} are:
40 156 400 1464 2380 5220 7240 12720 25260 30784 52060 70644 81400 106080 151740 208920 230764 305320 363024 394420 499360 578760 712980 922180 
computing eigenvalues for k = 1, took 11.058719 sec
traces of hecke eigenvalues of T_{p^2} are:
120 780 2800 
computing eigenvalues for k = 2, took 0.213186 sec
traces of hecke eigenvalues of T_{p^1} are:
8 39 51 139 177 294 528 452 1009 705 1036 1720 2014 1716 2280 3446 3364 5451 4593 5184 6639 7113 7121 7916 
computing eigenvalues for k = 1, took 7.265760 sec
traces of hecke eigenvalues of T_{p^2} are:
-8 78 8 
computing eigenvalues for k = 2, took 0.179248 sec
traces of hecke eigenvalues of T_{p^1} are:
20 70 78 306 214 712 540 1184 1570 1918 2596 4068 3904 4992 5456 7172 7608 9582 10218 10576 11518 14610 14734 18420 
computing eigenvalues for k = 1, took 11.399008 sec
traces of hecke eigenvalues of T_{p^2} are:
0 108 -176 
computing eigenvalues for k = 2, took 0.216282 sec
traces of hecke eigenvalues of T_{p^1} are:
-4 -22 14 -6 76 -206 238 92 -222 288 -186 726 184 -84 -530 154 742 -560 466 -1400 -12 1174 -1926 -914 
computing eigenvalues for k = 1, took 7.273373 sec
traces of hecke eigenvalues of T_{p^2} are:
-10 -26 -20 
computing eigenvalues for k = 2, took 0.182466 sec
traces of hecke eigenvalues of T_{p^1} are:
137 293 672 1383 2261 3362 4687 6232 9447 11610 16916 19975 23075 27215 32441 41541 44711 54195 58622 65552 75614 81891 93702 114722 
computing eigenvalues for k = 1, took 11.375116 sec
traces of hecke eigenvalues of T_{p^2} are:
68 -114 576 
computing eigenvalues for k = 2, took 0.216268 sec
traces of hecke eigenvalues of T_{p^1} are:
1 10 -20 76 -125 182 -21 313 -87 -85 -467 -550 -66 736 513 357 -879 1085 321 -534 -104 2540 1441 1573 
computing eigenvalues for k = 1, took 7.321733 sec
traces of hecke eigenvalues of T_{p^2} are:
-10 -24 -64 
computing eigenvalues for k = 2, took 0.185154 sec
traces of hecke eigenvalues of T_{p^1} are:
86 187 357 982 1198 2119 2366 3933 5694 7198 8892 11237 11654 15549 20226 24588 25056 28851 38082 36235 44056 50909 60216 64249 
computing eigenvalues for k = 1, took 11.319947 sec
traces of hecke eigenvalues of T_{p^2} are:
64 30 56 
computing eigenvalues for k = 2, took 0.216129 sec
For conductor 2:
traces of hecke eigenvalues of T_{p^1} are:
-4 -22 14 -6 76 -206 238 92 -222 288 -186 726 184 -84 -530 154 742 -560 466 -1400 -12 1174 -1926 -914 
computing eigenvalues for k = 1, took 366.800470 sec
traces of hecke eigenvalues of T_{p^2} are:
-10 -26 -20 
computing eigenvalues for k = 2, took 0.622878 sec
For conductor 139:
traces of hecke eigenvalues of T_{p^1} are:
-19 -22 -26 2 -17 -70 -103 -183 -74 180 -77 -190 92 -355 78 -358 -147 -1676 675 -211 340 -226 1085 1129 
computing eigenvalues for k = 1, took 617.155564 sec
traces of hecke eigenvalues of T_{p^2} are:
17 -3 -98 
computing eigenvalues for k = 2, took 0.600802 sec
For conductor 278:
traces of hecke eigenvalues of T_{p^1} are:
-16 -5 -67 -39 57 250 -78 126 200 -202 -40 396 -716 205 939 219 -278 -18 755 785 -459 1021 991 1824 
computing eigenvalues for k = 1, took 189.512965 sec
traces of hecke eigenvalues of T_{p^2} are:
-19 -37 42 
computing eigenvalues for k = 2, took 0.608229 sec
traces of hecke eigenvalues of T_{p^1} are:
66 161 263 658 1020 1701 2118 3119 5104 5464 8377 10806 10802 13344 16780 20276 23244 27115 30088 32329 37554 42257 49936 57139 
computing eigenvalues for k = 1, took 149.937054 sec
traces of hecke eigenvalues of T_{p^2} are:
24 30 -296 
computing eigenvalues for k = 2, took 0.564014 sec
