constructing eigenvector for poly
x-15
constructing eigenvector for poly
x^4+10*x^3+31*x^2+36*x+13
constructing eigenvector for poly
x^38+32*x^37+262*x^36-1877*x^35-36887*x^34-47029*x^33+1818944*x^32+7423683*x^31-45025400*x^30-298904609*x^29+558626121*x^28+6563202459*x^27-1379899542*x^26-90367420702*x^25-61263547043*x^24+820560054005*x^23+1014529550233*x^22-5005921428410*x^21-8181074977934*x^20+20579256714896*x^19+40312011169708*x^18-56602822537654*x^17-128562027673273*x^16+102096266540512*x^15+269003486744025*x^14-115825904137241*x^13-365403371836691*x^12+76040312526057*x^11+312008057171622*x^10-24070962874316*x^9-158459143681544*x^8+2022774844368*x^7+44252336354512*x^6+60069241512*x^5-5981658554368*x^4+160318996832*x^3+298790145280*x^2-27510887168*x+643264768
constructing eigenvector for poly
x^19-107*x^18+5316*x^17-162817*x^16+3442132*x^15-53296007*x^14+625791400*x^13-5692537178*x^12+40632711263*x^11-229100828223*x^10+1022127460770*x^9-3598533587503*x^8+9925262531064*x^7-21182578782047*x^6+34327223143050*x^5-41073669681726*x^4+34785316574188*x^3-19484528489544*x^2+6380881763280*x-907811920608
constructing eigenvector for poly
x^19-104*x^18+5019*x^17-149220*x^16+3060110*x^15-45924339*x^14+522197995*x^13-4595569217*x^12+31698857472*x^11-172483252775*x^10+741428304092*x^9-2509800961567*x^8+6638003246837*x^7-13535912338730*x^6+20855416464258*x^5-23566191479376*x^4+18679504678808*x^3-9683942789248*x^2+2901751895552*x-375718499904
constructing eigenvector for poly
x^3+16*x^2+80*x+127
constructing eigenvector for poly
x^4+10*x^3+31*x^2+36*x+13
constructing eigenvector for poly
x^2+7*x+11
constructing eigenvector for poly
x-3
constructing eigenvector for poly
x^16-92*x^15+3880*x^14-99405*x^13+1728347*x^12-21578878*x^11+199645370*x^10-1392398590*x^9+7375223113*x^8-29661102132*x^7+89904789074*x^6-202279900565*x^5+329446248939*x^4-373277708650*x^3+275732568300*x^2-117892303176*x+21888749808
constructing eigenvector for poly
x^25+2*x^24-106*x^23-93*x^22+4640*x^21-260*x^20-105605*x^19+77312*x^18+1340783*x^17-1563426*x^16-9966246*x^15+14589062*x^14+43894524*x^13-75502433*x^12-109507088*x^11+225861603*x^10+127971169*x^9-378149791*x^8-1972349*x^7+310531900*x^6-117019388*x^5-79876989*x^4+58959850*x^3-9239930*x^2-369684*x+11796
computing eigenvectors took 0.609028 sec
For conductor 1, eigenvectors are:
-1 -1 -1 -1 -1 -1 -1 -1 -1 -1 -1 -1 -1 -1 -1 -1 -1 -1 -1 -1 -1 -1 -1 -1 -1 -1 -1 -1 -1 -1 -1 -1 -1 -1 -1 -1 -1 -1 -1 -1 -1 -1 -1 -1 -1 -1 -1 -1 -1 -1 -1 -1 -1 -1 -1 -1 -1 -1 -1 -1 -1 -1 -1 -1 -1 -1 -1 -1 -1 -1 -1 -1 -1 -1 -1 -1 -1 -1 -1 -1 -1 over Number field with defining polynomial x-15
0 0 0 -96*a^3 - 912*a^2 - 2496*a - 1824 0 -36*a^3 - 324*a^2 - 648*a - 432 12*a^3 + 108*a^2 + 216*a + 144 -84*a^3 - 840*a^2 - 2160*a - 1524 36*a^3 + 324*a^2 + 648*a + 432 -48*a^3 - 336*a^2 - 720*a - 552 -12*a^2 - 156*a - 324 36*a^3 + 420*a^2 + 1452*a + 1272 48*a^3 + 444*a^2 + 1056*a + 744 -24*a^3 - 216*a^2 - 468*a - 132 -12*a^3 - 96*a^2 - 60*a + 180 72*a^3 + 660*a^2 + 1524*a + 876 0 0 80*a^3 + 672*a^2 + 1600*a + 1168 -60*a^3 - 504*a^2 - 1200*a - 876 60*a^3 + 504*a^2 + 1200*a + 876 -24*a^3 - 156*a^2 - 204*a + 48 24*a^3 + 228*a^2 + 624*a + 456 -12*a^2 - 156*a - 324 -12*a^3 - 96*a^2 - 60*a + 180 48*a^3 + 396*a^2 + 984*a + 732 -84*a^3 - 840*a^2 - 2160*a - 1524 24*a^3 + 176*a^2 + 280*a + 64 -4*a^3 - 40*a^2 - 124*a - 156 8*a^3 + 68*a^2 + 92*a - 12 -44*a^3 - 388*a^2 - 908*a - 584 16*a^2 + 24*a + 4 44*a^3 + 392*a^2 + 960*a + 692 4*a^3 + 16*a^2 - 4*a - 64 -52*a^3 - 428*a^2 - 1004*a - 672 72*a^3 + 624*a^2 + 1400*a + 864 36*a^3 + 272*a^2 + 524*a + 312 -40*a^3 - 288*a^2 - 520*a - 248 40*a^3 + 328*a^2 + 696*a + 368 -36*a^3 - 296*a^2 - 676*a - 428 40*a^3 + 328*a^2 + 696*a + 368 -24*a^3 - 184*a^2 - 384*a - 280 16*a^3 + 160*a^2 + 520*a + 520 8*a^3 + 72*a^2 + 156*a + 44 -20*a^3 - 172*a^2 - 464*a - 348 28*a^3 + 212*a^2 + 352*a + 112 12*a^3 + 172*a^2 + 532*a + 432 -4*a^3 - 40*a^2 - 124*a - 156 -76*a^3 - 652*a^2 - 1564*a - 1072 -24*a^3 - 184*a^2 - 384*a - 280 48*a^3 + 412*a^2 + 1008*a + 736 8*a^3 + 112*a^2 + 320*a + 216 8*a^3 + 32*a^2 - 8*a - 128 4*a^3 + 28*a^2 + 152*a + 260 -8*a^3 - 72*a^2 - 144*a - 96 8*a^3 + 112*a^2 + 320*a + 216 8*a^2 + 104*a + 216 -28*a^3 - 264*a^2 - 696*a - 504 -16*a^2 - 24*a - 4 8*a^3 + 72*a^2 + 156*a + 44 4*a^3 + 36*a^2 + 72*a + 48 16*a^3 + 120*a^2 + 160*a - 28 -40*a^3 - 328*a^2 - 696*a - 368 -16*a^3 - 152*a^2 - 416*a - 304 -12*a^3 - 116*a^2 - 338*a - 282 -12*a^3 - 146*a^2 - 464*a - 398 -4*a^3 - 16*a^2 + 4*a + 64 2*a^3 + 14*a^2 + 88*a + 78 12*a^2 + 70*a + 84 16*a^3 + 132*a^2 + 328*a + 244 -32*a^3 - 276*a^2 - 628*a - 384 32*a^3 + 240*a^2 + 516*a + 320 26*a^3 + 260*a^2 + 756*a + 618 -16*a^3 - 128*a^2 - 276*a - 136 -4*a^3 + 24*a^2 + 168*a + 236 -4*a^3 - 80*a^2 - 300*a - 276 40*a^3 + 304*a^2 + 556*a + 200 -20*a^2 - 88*a - 60 12*a^2 - 28*a - 104 -12*a^3 - 76*a^2 - 70*a + 52 -8*a^2 - 12*a - 2 over Number field with defining polynomial x^4+10*x^3+31*x^2+36*x+13
a vector of length 81 over Number field with defining polynomial a number field of degree 38
a vector of length 81 over Number field with defining polynomial a number field of degree 19
a vector of length 81 over Number field with defining polynomial a number field of degree 19
For conductor 3, eigenvectors are:
-2*a-8 -2 2 2*a^2 + 22*a + 54 -2 -a^2 - 12*a - 31 -a-5 over Number field with defining polynomial x^3+16*x^2+80*x+127
-a^2 - 2*a - 1 a^3 + 7*a^2 + 13*a + 7 a+2 a^2 + 3*a + 2 -a^3 - 7*a^2 - 11*a - 4 a^2 + 3*a + 2 -a-1 over Number field with defining polynomial x^4+10*x^3+31*x^2+36*x+13
For conductor 163, eigenvectors are:
a+3 1 over Number field with defining polynomial x^2+7*x+11
For conductor 489, eigenvectors are:
8 4 4 -4 0 0 -4 -1 3 1 -2 -1 2 0 2 2 0 2 0 0 0 -2 0 -2 -2 -1 -1 0 2 -1 -2 0 0 -1 0 -1 0 0 -1 0 0 -1 over Number field with defining polynomial x-3
a vector of length 42 over Number field with defining polynomial a number field of degree 16
a vector of length 42 over Number field with defining polynomial a number field of degree 25
For conductor 1:
traces of hecke eigenvalues of T_{p^1} are:
15 156 400 1464 2380 5220 7240 12720 25260 30784 52060 70644 81400 106080 151740 208920 230764 305320 363024 394420 499360 578760 712980 922180 
computing eigenvalues for k = 1, took 18.118401 sec
traces of hecke eigenvalues of T_{p^2} are:
30 780 2800 
computing eigenvalues for k = 2, took 0.218903 sec
traces of hecke eigenvalues of T_{p^1} are:
-10 -16 38 4 84 -56 102 -80 -78 312 204 -286 368 34 6 522 182 360 -372 1082 278 -104 -2144 -988 
computing eigenvalues for k = 1, took 13.298858 sec
traces of hecke eigenvalues of T_{p^2} are:
2 -12 -42 
computing eigenvalues for k = 2, took 0.231836 sec
traces of hecke eigenvalues of T_{p^1} are:
-32 -34 64 -273 214 142 995 -849 -243 1722 2423 1537 1316 -1253 812 -425 2546 -2386 -194 3856 -2855 -6901 4925 2955 
computing eigenvalues for k = 1, took 13.593931 sec
traces of hecke eigenvalues of T_{p^2} are:
-24 -111 -138 
computing eigenvalues for k = 2, took 0.272062 sec
traces of hecke eigenvalues of T_{p^1} are:
107 546 1032 2408 3568 5754 7022 10214 16238 18338 27218 32228 35854 41892 53250 64770 73244 85288 93438 102642 116818 129156 147632 182310 
computing eigenvalues for k = 1, took 18.370733 sec
traces of hecke eigenvalues of T_{p^2} are:
36 312 656 
computing eigenvalues for k = 2, took 0.234371 sec
traces of hecke eigenvalues of T_{p^1} are:
104 499 1016 2381 3251 5358 7121 10120 15861 18824 25619 31413 35574 41217 52588 67409 70564 87027 96855 102218 123098 129060 150848 177131 
computing eigenvalues for k = 1, took 18.490316 sec
traces of hecke eigenvalues of T_{p^2} are:
27 30 528 
computing eigenvalues for k = 2, took 0.238504 sec
For conductor 3:
traces of hecke eigenvalues of T_{p^1} are:
-16 -46 -21 -90 -22 -32 -72 15 -93 -383 -86 -471 360 45 -276 -35 -458 377 671 835 120 -230 -654 -789 
computing eigenvalues for k = 1, took 403.121442 sec
traces of hecke eigenvalues of T_{p^2} are:
14 39 62 
computing eigenvalues for k = 2, took 0.650075 sec
traces of hecke eigenvalues of T_{p^1} are:
-10 -16 38 4 84 -56 102 -80 -78 312 204 -286 368 34 6 522 182 360 -372 1082 278 -104 -2144 -988 
computing eigenvalues for k = 1, took 405.021819 sec
traces of hecke eigenvalues of T_{p^2} are:
2 -12 -42 
computing eigenvalues for k = 2, took 0.642236 sec
For conductor 163:
traces of hecke eigenvalues of T_{p^1} are:
-7 -13 -34 32 -75 18 -78 112 -172 -278 -44 -380 123 -33 162 259 -50 255 379 -231 -1024 -169 -522 -406 
computing eigenvalues for k = 1, took 704.698366 sec
traces of hecke eigenvalues of T_{p^2} are:
6 -5 2 
computing eigenvalues for k = 2, took 0.674551 sec
For conductor 489:
traces of hecke eigenvalues of T_{p^1} are:
3 13 55 150 135 360 524 579 937 749 1308 1641 1743 2840 2664 3842 3512 3810 4190 5184 7140 7327 6410 8313 
computing eigenvalues for k = 1, took 163.212925 sec
traces of hecke eigenvalues of T_{p^2} are:
-6 -78 40 
computing eigenvalues for k = 2, took 0.565244 sec
traces of hecke eigenvalues of T_{p^1} are:
92 473 795 1978 2679 4726 5458 8547 13429 15207 21392 26985 29309 35284 45574 56252 58038 72682 79888 84970 95236 109735 129998 149607 
computing eigenvalues for k = 1, took 161.880958 sec
traces of hecke eigenvalues of T_{p^2} are:
36 342 -40 
computing eigenvalues for k = 2, took 0.572976 sec
traces of hecke eigenvalues of T_{p^1} are:
-2 71 -229 175 -213 588 -397 808 1194 -57 -1155 2784 -1987 259 1698 2521 -304 -5220 1542 -1430 -3073 -482 4061 -390 
computing eigenvalues for k = 1, took 150.654371 sec
traces of hecke eigenvalues of T_{p^2} are:
-21 -83 -142 
computing eigenvalues for k = 2, took 0.661711 sec
