constructing eigenvector for poly
x-40
constructing eigenvector for poly
x^36+8*x^35-495*x^34-4132*x^33+98212*x^32+861016*x^31-10423075*x^30-96082088*x^29+677047991*x^28+6550204442*x^27-29131692827*x^26-293109210790*x^25+878475935616*x^24+8964057592810*x^23-19525214383598*x^22-191337894273256*x^21+335681620887850*x^20+2868692026517924*x^19-4605409595870590*x^18-29952340796428756*x^17+49912999999847257*x^16+211322223489678490*x^15-404753195072541263*x^14-936637149465354006*x^13+2267927246569388247*x^12+2125890376827524734*x^11-7954542971258592547*x^10-117695400734335886*x^9+15047620172112859225*x^8-9525977629719600938*x^7-10505544680953297637*x^6+14250060573478667754*x^5-2984179916051180905*x^4-2608846617385808940*x^3+1074241138272987371*x^2+113925124867786154*x-71177627197066561
constructing eigenvector for poly
x^22-248*x^21+28973*x^20-2120227*x^19+109012519*x^18-4186775695*x^17+124665262615*x^16-2948189364000*x^15+56273231757367*x^14-876215239592268*x^13+11203640367561763*x^12-118037153061949123*x^11+1025253071343723863*x^10-7325886393305651687*x^9+42848531622929112145*x^8-203458262885733774262*x^7+774701222589448736904*x^6-2323726630573386616405*x^5+5350419190165544980370*x^4-9094955744420844130532*x^3+10714922458819982950880*x^2-7784089435608291478240*x+2616561140924826421600
constructing eigenvector for poly
x^44-513*x^43+127856*x^42-20628639*x^41+2422291134*x^40-220653986494*x^39+16230650308895*x^38-990827445646004*x^37+51203671455509012*x^36-2273603738666499837*x^35+87749544751359348514*x^34-2970612198946017315575*x^33+88856474067242307496804*x^32-2362341634127287295956339*x^31+56091767689109326312179069*x^30-1194166563495238642679910508*x^29+22867935575004052590017412566*x^28-394913028571111311619580962518*x^27+6162689897136211315376657925172*x^26-87037883982182866800080264593125*x^25+1113789727926136595393636157408568*x^24-12923194839377599793755779755724488*x^23+136006620389711919517619529637398009*x^22-1298277431792699159293896089813467424*x^21+11236469243529266549028632137328003662*x^20-88110248766990559274483408591702982697*x^19+625276805057719681275336075149040624276*x^18-4009668663243065706177073281641442666057*x^17+23189260704816865561764156989403316554854*x^16-120656308767123139834386237172310519611117*x^15+563122798358038371084756219246615775418531*x^14-2348967764953617657429398006268769992745346*x^13+8719246319003065030684100122057093705301127*x^12-28650039381684382547703467062490791829937293*x^11+82803835744203940085597593511907661259950279*x^10-208871967115862128901704606907445314198670315*x^9+455458607845698478847676590232644592188014480*x^8-848265283554066683421359990007678456743436303*x^7+1328710242784795539265033225273972718009575593*x^6-1715152287644267103651518758197620874174415207*x^5+1774186261930703929807998326951691933007531110*x^4-1412043286686401466911055553426023763605459000*x^3+810680533292526587177291068290531609574737408*x^2-298438116542153634182171821653101433314628720*x+52832274704992061526500403925992821974670944
constructing eigenvector for poly
x^42-27*x^41-252*x^40+12801*x^39-19266*x^38-2525305*x^37+14837335*x^36+264622410*x^35-2478201617*x^34-15138106122*x^33+220505273226*x^32+363239632599*x^31-12093478037658*x^30+8996496142063*x^29+430525766479602*x^28-1004822844083423*x^27-10135111618531469*x^26+37091183405150871*x^25+156989246257187458*x^24-806747069245157974*x^23-1531119488056468860*x^22+11529807295959899289*x^21+7849938587820788312*x^20-112419042635369605484*x^19+3817834773447948198*x^18+755549652303763965390*x^17-358144680357369045128*x^16-3474710241520064362589*x^15+2571978979473666282349*x^14+10677344008871452047151*x^13-9411347633526176408939*x^12-20999477011448162734143*x^11+19355479947921192525077*x^10+24734403232363666124861*x^9-21526791863569043147008*x^8-15943610969007640675130*x^7+11625017936579287318782*x^6+5033062219016233343052*x^5-2514448236578360909518*x^4-787941054775080487660*x^3+163042180331732454501*x^2+44614349783684995993*x+314365247038729754
constructing eigenvector for poly
x^4+37*x^3+509*x^2+3087*x+6967
constructing eigenvector for poly
x^36+8*x^35-495*x^34-4132*x^33+98212*x^32+861016*x^31-10423075*x^30-96082088*x^29+677047991*x^28+6550204442*x^27-29131692827*x^26-293109210790*x^25+878475935616*x^24+8964057592810*x^23-19525214383598*x^22-191337894273256*x^21+335681620887850*x^20+2868692026517924*x^19-4605409595870590*x^18-29952340796428756*x^17+49912999999847257*x^16+211322223489678490*x^15-404753195072541263*x^14-936637149465354006*x^13+2267927246569388247*x^12+2125890376827524734*x^11-7954542971258592547*x^10-117695400734335886*x^9+15047620172112859225*x^8-9525977629719600938*x^7-10505544680953297637*x^6+14250060573478667754*x^5-2984179916051180905*x^4-2608846617385808940*x^3+1074241138272987371*x^2+113925124867786154*x-71177627197066561
constructing eigenvector for poly
x+5
constructing eigenvector for poly
x+11
constructing eigenvector for poly
x^21+127*x^20+7449*x^19+267922*x^18+6614698*x^17+118848598*x^16+1606716913*x^15+16652074038*x^14+133391118772*x^13+824564140975*x^12+3879146162948*x^11+13401673876254*x^10+30965459177425*x^9+32091420575615*x^8-63382121357962*x^7-323922425513859*x^6-557158291542514*x^5-243842512418913*x^4+739857035485352*x^3+1443954691945744*x^2+1039384388483085*x+260438335647935
constructing eigenvector for poly
x+5
constructing eigenvector for poly
x+11
constructing eigenvector for poly
x^58+49*x^57+408*x^56-16790*x^55-313683*x^54+1687670*x^53+73116388*x^52+106482220*x^51-9359642705*x^50-45910458138*x^49+764957086397*x^48+5860713276378*x^47-42195197859710*x^46-457729796484671*x^45+1565368600985466*x^44+25158655675300844*x^43-34655931133885363*x^42-1032356537981493653*x^41+99024244471815502*x^40+32651060451252169873*x^39+25631848910008489042*x^38-811295805150238363194*x^37-1159992191427422155526*x^36+16022822172957150344127*x^35+30835757701834018714262*x^34-253217946727664930304467*x^33-587120791473856487331411*x^32+3212019902324198231350611*x^31+8488764129115837048700988*x^30-32707685708331518895533125*x^29-95400873005088292053150532*x^28+266732848917015382963133167*x^27+841149257690074087997562068*x^26-1733966622454492722996261689*x^25-5828342731034570238993633752*x^24+8925045064506353932621208597*x^23+31630909471496021793198005365*x^22-36058139604298691411228337669*x^21-133461827058869706989392153639*x^20+113157657933566494179912696521*x^19+432946349539634072171925959060*x^18-272608071712023401703682723071*x^17-1063649234450869194121459424922*x^16+497875622748410635830402685090*x^15+1940725982417150857595218417019*x^14-680202279088592483818473451926*x^13-2564459498732933887750083049403*x^12+683045514033299864410222364110*x^11+2373889604624356949317082935606*x^10-487196788743627238989278711703*x^9-1469750471329601385725254018030*x^8+228619746109398146245541589547*x^7+568098102166684174973301697037*x^6-59237038446538883520703423391*x^5-122709036459518942231633297233*x^4+4831231300933491177402027627*x^3+11960663711672651956328664597*x^2+409424517403892556834076403*x-213813031545064620267419975
constructing eigenvector for poly
x^20-214*x^19+21453*x^18-1338789*x^17+58296055*x^16-1881582627*x^15+46678007761*x^14-910780154930*x^13+14185914240931*x^12-177989138286242*x^11+1807471743983097*x^10-14870606232440267*x^9+98873576656402251*x^8-528004344870259549*x^7+2240927063107997103*x^6-7437428138055888784*x^5+18838706342836251446*x^4-35078603762597939773*x^3+45151107394701580450*x^2-35805985714180991180*x+13153714236537593432
computing eigenvectors took 5.290580 sec
For conductor 1, eigenvectors are:
-1 -1 -1 -1 -1 -1 -1 -1 -1 -1 -1 -1 -1 -1 -1 -1 -1 -1 -1 -1 -1 -1 -1 -1 -1 -1 -1 -1 -1 -1 -1 -1 -1 -1 -1 -1 -1 -1 -1 -1 -1 -1 -1 -1 -1 -1 -1 -1 -1 -1 -1 -1 -1 -1 -1 -1 -1 -1 -1 -1 -1 -1 -1 -1 -1 -1 -1 -1 -1 -1 -1 -1 -1 -1 -1 -1 -1 -1 -1 -1 -1 -1 -1 -1 -1 -1 -1 -1 -1 -1 -1 -1 -1 -1 -1 -1 -1 -1 -1 -1 -1 -1 -1 -1 -1 -1 -1 -1 -1 -1 -1 -1 -1 -1 -1 -1 -1 -1 -1 -1 -1 -1 -1 -1 -1 -1 -1 -1 -1 -1 -1 -1 -1 -1 -1 -1 -1 -1 -1 -1 -1 -1 -1 -1 -1 over Number field with defining polynomial x-40
a vector of length 145 over Number field with defining polynomial a number field of degree 36
a vector of length 145 over Number field with defining polynomial a number field of degree 22
a vector of length 145 over Number field with defining polynomial a number field of degree 44
a vector of length 145 over Number field with defining polynomial a number field of degree 42
For conductor 2, eigenvectors are:
2*a^3 + 54*a^2 + 480*a + 1406 0 0 2*a+16 2*a+16 2*a^3 + 56*a^2 + 514*a + 1550 0 -2*a^3 - 54*a^2 - 480*a - 1408 -2*a-16 2*a^3 + 56*a^2 + 514*a + 1550 -2*a^3 - 56*a^2 - 514*a - 1550 -2*a-16 -2*a^3 - 56*a^2 - 514*a - 1550 2*a^3 + 54*a^2 + 480*a + 1406 0 0 -2*a-16 1 -a-8 -a^3 - 28*a^2 - 256*a - 767 0 0 -a^3 - 28*a^2 - 256*a - 767 -a^3 - 27*a^2 - 239*a - 695 a^3 + 28*a^2 + 256*a + 767 -a^2 - 18*a - 79 0 0 a+7 -a^3 - 27*a^2 - 239*a - 696 -a^3 - 27*a^2 - 239*a - 695 0 -a^3 - 28*a^2 - 257*a - 775 a^2 + 18*a + 79 -a^3 - 27*a^2 - 239*a - 696 0 -a-8 -a^2 - 17*a - 72 0 1 over Number field with defining polynomial x^4+37*x^3+509*x^2+3087*x+6967
a vector of length 40 over Number field with defining polynomial a number field of degree 36
For conductor 379, eigenvectors are:
0 -1 0 1 1 0 0 -1 0 1 0 0 0 0 0 0 0 -1 -1 -1 1 0 -1 over Number field with defining polynomial x+5
0 -1 0 -1 1 0 0 1 0 1 0 0 0 0 0 0 2 1 1 1 1 0 -1 over Number field with defining polynomial x+11
a vector of length 23 over Number field with defining polynomial a number field of degree 21
For conductor 758, eigenvectors are:
0 0 0 0 0 0 0 -6 0 0 0 0 4 0 0 0 0 0 4 -4 -4 0 4 0 0 0 0 2 0 -4 0 -2 0 -2 -2 0 0 0 0 -2 -2 0 0 0 0 0 0 0 0 2 0 0 0 0 2 0 2 0 -1 0 1 1 0 0 -1 0 1 0 0 0 0 0 0 2 -1 1 1 1 0 -1 over Number field with defining polynomial x+5
0 0 0 0 0 0 0 6 0 0 0 0 -4 0 0 0 0 0 4 -4 -4 0 0 0 0 0 0 2 0 0 0 2 0 -2 2 0 0 0 0 2 -2 0 0 0 0 0 0 0 0 -2 0 0 0 0 2 0 -2 0 -1 0 -1 1 0 0 1 0 1 0 0 0 0 0 0 0 1 -1 -1 1 0 -1 over Number field with defining polynomial x+11
a vector of length 80 over Number field with defining polynomial a number field of degree 58
a vector of length 80 over Number field with defining polynomial a number field of degree 20
For conductor 1:
traces of hecke eigenvalues of T_{p^1} are:
40 156 400 1464 2380 5220 7240 12720 25260 30784 52060 70644 81400 106080 151740 208920 230764 305320 363024 394420 499360 578760 712980 922180 
computing eigenvalues for k = 1, took 56.912121 sec
traces of hecke eigenvalues of T_{p^2} are:
120 780 2800 
computing eigenvalues for k = 2, took 0.262492 sec
traces of hecke eigenvalues of T_{p^1} are:
-8 -130 84 142 192 -586 1292 -174 328 2710 1192 392 778 -1630 -1768 438 638 2272 -1026 1510 6946 -3002 -3540 1450 
computing eigenvalues for k = 1, took 11.389547 sec
traces of hecke eigenvalues of T_{p^2} are:
-52 -48 -192 
computing eigenvalues for k = 2, took 0.336530 sec
traces of hecke eigenvalues of T_{p^1} are:
248 644 1195 2959 3749 6634 8332 12163 19066 21446 30203 38104 40914 49901 62386 78502 81918 98842 112981 115742 138379 153826 177392 202362 
computing eigenvalues for k = 1, took 56.455078 sec
traces of hecke eigenvalues of T_{p^2} are:
112 432 760 
computing eigenvalues for k = 2, took 0.269212 sec
traces of hecke eigenvalues of T_{p^1} are:
513 1195 2418 5591 7805 13016 16361 23730 36581 42962 60803 73160 82553 97794 124103 153531 162933 199331 221806 236002 276680 302575 344750 417165 
computing eigenvalues for k = 1, took 57.070650 sec
traces of hecke eigenvalues of T_{p^2} are:
292 306 1744 
computing eigenvalues for k = 2, took 0.319115 sec
traces of hecke eigenvalues of T_{p^1} are:
27 55 -18 515 -524 682 -439 1561 1144 -1045 -1767 93 2168 5434 3921 5634 -4687 3810 5088 -5779 -4954 12692 -2670 -10760 
computing eigenvalues for k = 1, took 11.498880 sec
traces of hecke eigenvalues of T_{p^2} are:
-41 -144 -344 
computing eigenvalues for k = 2, took 0.353743 sec
For conductor 2:
traces of hecke eigenvalues of T_{p^1} are:
-37 -56 -51 -60 -47 -168 263 -123 -81 242 -582 -349 346 -25 -1592 51 -91 442 -947 -243 102 -165 -194 419 
computing eigenvalues for k = 1, took 460.748624 sec
traces of hecke eigenvalues of T_{p^2} are:
39 74 -49 
computing eigenvalues for k = 2, took 0.656691 sec
traces of hecke eigenvalues of T_{p^1} are:
-8 -130 84 142 192 -586 1292 -174 328 2710 1192 392 778 -1630 -1768 438 638 2272 -1026 1510 6946 -3002 -3540 1450 
computing eigenvalues for k = 1, took 459.882574 sec
traces of hecke eigenvalues of T_{p^2} are:
-52 -48 -192 
computing eigenvalues for k = 2, took 0.709090 sec
For conductor 379:
traces of hecke eigenvalues of T_{p^1} are:
-5 -5 -25 -1 40 -5 -43 -115 193 -387 -95 169 120 165 420 31 -287 465 -250 105 -7 895 -1508 -415 
computing eigenvalues for k = 1, took 780.971382 sec
traces of hecke eigenvalues of T_{p^2} are:
2 -5 52 
computing eigenvalues for k = 2, took 0.655153 sec
traces of hecke eigenvalues of T_{p^1} are:
-11 -3 3 -21 -52 87 -117 -15 -99 53 173 117 -390 39 300 -159 -105 -427 -906 131 275 219 -126 305 
computing eigenvalues for k = 1, took 767.945407 sec
traces of hecke eigenvalues of T_{p^2} are:
12 -13 2 
computing eigenvalues for k = 2, took 0.669077 sec
traces of hecke eigenvalues of T_{p^1} are:
-127 -182 -190 -366 -48 -504 -121 -969 -498 427 -137 -614 -2110 -2111 -2671 -1947 1564 -2326 -2011 653 1591 -1455 3513 1478 
computing eigenvalues for k = 1, took 761.973501 sec
traces of hecke eigenvalues of T_{p^2} are:
92 163 -120 
computing eigenvalues for k = 2, took 0.612329 sec
For conductor 758:
traces of hecke eigenvalues of T_{p^1} are:
-5 -5 -25 -1 40 -5 -43 -115 193 -387 -95 169 120 165 420 31 -287 465 -250 105 -7 895 -1508 -415 
computing eigenvalues for k = 1, took 222.209557 sec
traces of hecke eigenvalues of T_{p^2} are:
2 -5 52 
computing eigenvalues for k = 2, took 0.619659 sec
traces of hecke eigenvalues of T_{p^1} are:
-11 -3 3 -21 -52 87 -117 -15 -99 53 173 117 -390 39 300 -159 -105 -427 -906 131 275 219 -126 305 
computing eigenvalues for k = 1, took 222.795325 sec
traces of hecke eigenvalues of T_{p^2} are:
12 -13 2 
computing eigenvalues for k = 2, took 0.581232 sec
traces of hecke eigenvalues of T_{p^1} are:
-49 42 -217 -331 -19 480 -1254 1002 2731 -1482 825 3819 -1980 2610 6268 1424 623 -2667 1178 1117 -2536 -337 4303 1821 
computing eigenvalues for k = 1, took 169.799206 sec
traces of hecke eigenvalues of T_{p^2} are:
-104 -161 -267 
computing eigenvalues for k = 2, took 0.843569 sec
traces of hecke eigenvalues of T_{p^1} are:
214 579 1033 2469 3443 5846 7301 10660 17230 18840 27306 33227 36556 43479 56752 68630 73853 89251 100239 104492 122662 135751 157182 187335 
computing eigenvalues for k = 1, took 167.492527 sec
traces of hecke eigenvalues of T_{p^2} are:
56 354 264 
computing eigenvalues for k = 2, took 0.787789 sec
