constructing eigenvector for poly
x-4
constructing eigenvector for poly
x+11
constructing eigenvector for poly
x-40
constructing eigenvector for poly
x-13
constructing eigenvector for poly
x^4-57*x^3+1150*x^2-9600*x+27712
constructing eigenvector for poly
x-16
constructing eigenvector for poly
x-16
constructing eigenvector for poly
x-8
constructing eigenvector for poly
x^3-33*x^2+288*x-472
computing eigenvectors took 0.061881 sec
For conductor 1, eigenvectors are:
8 20 2 2 5 2 -4 -4 over Number field with defining polynomial x-4
12 0 -12 3 0 -2 4 -1 over Number field with defining polynomial x+11
1 1 1 1 1 1 1 1 over Number field with defining polynomial x-40
-4 -16 -4 5 8 2 -4 -1 over Number field with defining polynomial x-13
12*a^3 - 588*a^2 + 9264*a - 46512 -6*a^3 + 276*a^2 - 4056*a + 19152 4*a^3 - 182*a^2 + 2660*a - 12688 -2*a^3 + 100*a^2 - 1600*a + 8144 -6*a^2 + 204*a - 1680 12*a^2 - 408*a + 3216 -a^3 + 62*a^2 - 1184*a + 6736 -12*a^2 + 384*a - 2736 over Number field with defining polynomial x^4-57*x^3+1150*x^2-9600*x+27712
For conductor 2, eigenvectors are:
For conductor 5, eigenvectors are:
For conductor 10, eigenvectors are:
1 over Number field with defining polynomial x-16
For conductor 11, eigenvectors are:
For conductor 22, eigenvectors are:
1 over Number field with defining polynomial x-16
For conductor 55, eigenvectors are:
-12 -6 -3 4 over Number field with defining polynomial x-8
a^2 - 23*a + 40 18 -a^2 + 17*a - 34 -3*a+12 over Number field with defining polynomial x^3-33*x^2+288*x-472
For conductor 110, eigenvectors are:
For conductor 1:
traces of hecke eigenvalues of T_{p^1} are:
4 52 124 372 280 684 780 1144 1372 1284 1924 2052 3084 3960 4684 3532 5544 5764 6160 7044 8820 10612 
computing eigenvalues for k = 1, took 5.841283 sec
traces of hecke eigenvalues of T_{p^2} are:
-24 16 
computing eigenvalues for k = 2, took 0.150946 sec
traces of hecke eigenvalues of T_{p^1} are:
-11 -18 -6 32 -100 109 -90 369 77 -766 -226 172 -96 715 1634 -1493 219 654 -950 -426 2145 427 
computing eigenvalues for k = 1, took 5.883870 sec
traces of hecke eigenvalues of T_{p^2} are:
16 56 
computing eigenvalues for k = 2, took 0.150032 sec
traces of hecke eigenvalues of T_{p^1} are:
40 400 2380 5220 7240 12720 25260 30784 52060 70644 81400 106080 151740 208920 230764 305320 363024 394420 499360 578760 712980 922180 
computing eigenvalues for k = 1, took 5.843308 sec
traces of hecke eigenvalues of T_{p^2} are:
120 2800 
computing eigenvalues for k = 2, took 0.150297 sec
traces of hecke eigenvalues of T_{p^1} are:
13 46 166 348 496 741 750 829 997 2190 2002 2400 2952 3087 3802 4459 4647 6250 5578 7410 7737 10267 
computing eigenvalues for k = 1, took 5.985468 sec
traces of hecke eigenvalues of T_{p^2} are:
12 -32 
computing eigenvalues for k = 2, took 0.150334 sec
traces of hecke eigenvalues of T_{p^1} are:
57 233 798 1327 1315 2152 3401 4017 5913 7624 7416 9436 13133 13318 14031 18102 19927 21018 24162 27766 31859 39498 
computing eigenvalues for k = 1, took 5.942274 sec
traces of hecke eigenvalues of T_{p^2} are:
68 264 
computing eigenvalues for k = 2, took 0.151861 sec
For conductor 2:
For conductor 5:
For conductor 10:
traces of hecke eigenvalues of T_{p^1} are:
16 26 198 194 316 588 880 944 1260 2000 1562 2732 3012 4272 3752 3708 5352 4274 7108 6274 7552 9640 
computing eigenvalues for k = 1, took 141.287038 sec
traces of hecke eigenvalues of T_{p^2} are:
24 -192 
computing eigenvalues for k = 2, took 0.528676 sec
For conductor 11:
For conductor 22:
traces of hecke eigenvalues of T_{p^1} are:
16 48 132 436 272 456 1012 1032 1788 1604 2112 2776 3100 2688 3972 4544 5000 5396 6624 7792 8212 8100 
computing eigenvalues for k = 1, took 142.185447 sec
traces of hecke eigenvalues of T_{p^2} are:
24 -16 
computing eigenvalues for k = 2, took 0.529443 sec
For conductor 55:
traces of hecke eigenvalues of T_{p^1} are:
8 34 162 286 372 348 992 1032 1684 2024 1562 2316 2444 3728 3112 3988 5240 6078 5444 5842 8832 9072 
computing eigenvalues for k = 1, took 131.750607 sec
traces of hecke eigenvalues of T_{p^2} are:
-8 -128 
computing eigenvalues for k = 2, took 0.576228 sec
traces of hecke eigenvalues of T_{p^1} are:
33 153 532 1009 1121 1986 3023 2849 3675 5224 6208 7246 8847 9990 12441 12692 14891 14368 19278 20586 26603 25774 
computing eigenvalues for k = 1, took 131.494542 sec
traces of hecke eigenvalues of T_{p^2} are:
12 24 
computing eigenvalues for k = 2, took 0.555099 sec
For conductor 110:
