constructing eigenvector for poly
x-17
constructing eigenvector for poly
x-40
constructing eigenvector for poly
x^2-23*x+94
constructing eigenvector for poly
x^2+2*x-17
constructing eigenvector for poly
x^3-24*x^2+159*x-275
constructing eigenvector for poly
x^2-22*x+121
constructing eigenvector for poly
x^2-66*x+1069
constructing eigenvector for poly
x-5
constructing eigenvector for poly
x+9
constructing eigenvector for poly
x-11
computing eigenvectors took 0.338304 sec
For conductor 1, eigenvectors are:
0 4 2 0 2 2 0 -2 1 0 -1 over Number field with defining polynomial x-17
-1 -1 -1 -1 -1 -1 -1 -1 -1 -1 -1 over Number field with defining polynomial x-40
-12*a+228 0 0 2*a-38 3*a-48 -2*a+32 -6*a+108 2*a-32 3*a-48 -6 0 over Number field with defining polynomial x^2-23*x+94
0 12*a-60 -6*a+30 -8*a+16 6*a-12 -2*a+10 0 2*a+2 -3*a+6 2*a-4 -3 over Number field with defining polynomial x^2+2*x-17
12*a^2 - 156*a + 504 16*a-116 -4*a^2 + 45*a - 116 -12*a+84 -a^2 - 6*a + 94 3*a^2 - 34*a + 89 -3*a^2 + 39*a - 126 a^2 - 3*a - 31 10*a-71 3*a-21 -4*a+29 over Number field with defining polynomial x^3-24*x^2+159*x-275
-54*a+1386 -57*a+1767 -57*a+1767 -10*a+206 12*a-384 11*a-257 12*a-384 -11*a+333 12*a-384 a-89 38 over Number field with defining polynomial x^2-66*x+1069
For conductor 2, eigenvectors are:
For conductor 59, eigenvectors are:
For conductor 118, eigenvectors are:
2 -1 1 over Number field with defining polynomial x-5
6 3 -1 over Number field with defining polynomial x+9
1 -2 -1 over Number field with defining polynomial x-11
For conductor 1:
traces of hecke eigenvalues of T_{p^1} are:
17 25 23 128 152 292 477 418 871 964 1696 1717 2084 1930 2325 4254 5412 5280 4716 5401 7334 7698 8992 
computing eigenvalues for k = 1, took 7.044199 sec
traces of hecke eigenvalues of T_{p^2} are:
28 -6 -216 
computing eigenvalues for k = 2, took 0.191010 sec
traces of hecke eigenvalues of T_{p^1} are:
40 156 400 1464 2380 5220 7240 12720 25260 30784 52060 70644 81400 106080 151740 230764 305320 363024 394420 499360 578760 712980 922180 
computing eigenvalues for k = 1, took 9.253656 sec
traces of hecke eigenvalues of T_{p^2} are:
120 780 2800 
computing eigenvalues for k = 2, took 0.283755 sec
traces of hecke eigenvalues of T_{p^1} are:
23 29 104 277 269 781 653 1008 1433 2040 2521 3896 3749 4538 5083 6960 7786 10513 10852 12416 15907 16708 19368 
computing eigenvalues for k = 1, took 9.246213 sec
traces of hecke eigenvalues of T_{p^2} are:
12 -138 32 
computing eigenvalues for k = 2, took 0.289902 sec
traces of hecke eigenvalues of T_{p^1} are:
-2 -18 18 24 20 -60 -58 32 -90 -144 36 -454 288 708 -178 -360 -96 -820 248 -842 1628 -1932 352 
computing eigenvalues for k = 1, took 7.183357 sec
traces of hecke eigenvalues of T_{p^2} are:
-4 -12 -80 
computing eigenvalues for k = 2, took 0.190508 sec
traces of hecke eigenvalues of T_{p^1} are:
24 86 216 350 514 689 1024 1456 2222 3012 4052 5078 5788 6820 8530 11072 12664 14929 15802 21752 21198 23816 29244 
computing eigenvalues for k = 1, took 9.262675 sec
traces of hecke eigenvalues of T_{p^2} are:
-24 48 528 
computing eigenvalues for k = 2, took 0.294666 sec
traces of hecke eigenvalues of T_{p^1} are:
22 66 90 216 332 528 758 1268 1854 1860 2520 3026 3492 4560 6050 7296 10032 10880 11036 12526 13952 15168 18532 
computing eigenvalues for k = 1, took 9.282384 sec
traces of hecke eigenvalues of T_{p^2} are:
8 84 -80 
computing eigenvalues for k = 2, took 0.296539 sec
For conductor 2:
For conductor 59:
For conductor 118:
traces of hecke eigenvalues of T_{p^1} are:
5 35 41 82 116 320 369 380 1157 1018 1534 1889 1814 2294 2715 3858 5070 3972 4554 6679 6610 9222 10342 
computing eigenvalues for k = 1, took 130.426969 sec
traces of hecke eigenvalues of T_{p^2} are:
-20 54 -72 
computing eigenvalues for k = 2, took 0.516258 sec
traces of hecke eigenvalues of T_{p^1} are:
-9 -3 9 -66 34 28 3 160 -165 12 194 281 20 -196 -463 336 330 -392 -544 -321 412 740 -564 
computing eigenvalues for k = 1, took 133.491083 sec
traces of hecke eigenvalues of T_{p^2} are:
4 -14 -8 
computing eigenvalues for k = 2, took 0.517706 sec
traces of hecke eigenvalues of T_{p^1} are:
11 17 29 124 224 308 303 650 575 952 1684 1901 1760 2054 2517 3966 4200 4968 6216 6139 5722 7410 8716 
computing eigenvalues for k = 1, took 133.427548 sec
traces of hecke eigenvalues of T_{p^2} are:
4 -54 -168 
computing eigenvalues for k = 2, took 0.508827 sec
