constructing eigenvector for poly
x^6
constructing eigenvector for poly
x^6+3*x^5-89*x^4+134*x^3+775*x^2-1267*x+251
constructing eigenvector for poly
x-9
constructing eigenvector for poly
x-3
constructing eigenvector for poly
x-11
constructing eigenvector for poly
x-15
constructing eigenvector for poly
x^3+3*x^2-14*x-30
constructing eigenvector for poly
x^3-15*x^2+58*x-54
constructing eigenvector for poly
x^5-27*x^4+265*x^3-1153*x^2+2092*x-1012
constructing eigenvector for poly
x^8-50*x^7+1047*x^6-11903*x^5+79550*x^4-315595*x^3+711646*x^2-812208*x+352800
constructing eigenvector for poly
x^17-2*x^16-116*x^15+287*x^14+5162*x^13-14952*x^12-109397*x^11+361177*x^10+1119229*x^9-4248113*x^8-4999243*x^7+24168625*x^6+4456144*x^5-59048182*x^4+22111594*x^3+39598586*x^2-28278572*x+4304668
constructing eigenvector for poly
x^8-46*x^7+889*x^6-9390*x^5+59017*x^4-224828*x^3+503969*x^2-603784*x+293436
constructing eigenvector for poly
x-1
constructing eigenvector for poly
x^3+10*x^2+22*x-6
constructing eigenvector for poly
x+3
constructing eigenvector for poly
x+3
constructing eigenvector for poly
x^3+12*x^2+44*x+46
constructing eigenvector for poly
x+2
constructing eigenvector for poly
x-3
constructing eigenvector for poly
x^2-20*x+98
constructing eigenvector for poly
x^2-8*x+14
constructing eigenvector for poly
x^14-79*x^13+2819*x^12-60109*x^11+853850*x^10-8528108*x^9+61606488*x^8-326098172*x^7+1267170747*x^6-3585723193*x^5+7248858213*x^4-10117419095*x^3+9186505106*x^2-4843909356*x+1116688664
constructing eigenvector for poly
x^18-16*x^17+32*x^16+726*x^15-4212*x^14-2682*x^13+71025*x^12-112459*x^11-362389*x^10+1137554*x^9-15920*x^8-3087710*x^7+3271490*x^6+554228*x^5-2817884*x^4+1763840*x^3-427456*x^2+30848*x+1216
constructing eigenvector for poly
x+2
constructing eigenvector for poly
x^2+6*x+6
constructing eigenvector for poly
x-7
constructing eigenvector for poly
x-2
constructing eigenvector for poly
x^6-35*x^5+474*x^4-3126*x^3+10285*x^2-14857*x+5374
constructing eigenvector for poly
x^9-55*x^8+1288*x^7-16736*x^6+131767*x^5-644091*x^4+1921908*x^3-3287682*x^2+2784488*x-776552
constructing eigenvector for poly
x^2-2*x-2
constructing eigenvector for poly
x^16-11*x^15-5*x^14+435*x^13-1177*x^12-4095*x^11+21504*x^10-8095*x^9-94304*x^8+134534*x^7+96538*x^6-283178*x^5+58308*x^4+173852*x^3-85136*x^2-24864*x+15792
constructing eigenvector for poly
x-10
constructing eigenvector for poly
x^29+3*x^28-163*x^27-302*x^26+11277*x^25+9539*x^24-427924*x^23-17304*x^22+9724213*x^21-5456982*x^20-137309518*x^19+135154576*x^18+1223258519*x^17-1532294342*x^16-6938805477*x^15+9544760146*x^14+25490712818*x^13-34360216002*x^12-61943440498*x^11+71792814276*x^10+99724052344*x^9-82775169256*x^8-100963418728*x^7+44829462688*x^6+55292971616*x^5-6253599200*x^4-11221872000*x^3-262416000*x^2+497501184*x-34539520
constructing eigenvector for poly
x^6-39*x^5+596*x^4-4519*x^3+17677*x^2-33088*x+22464
constructing eigenvector for poly
x^15-85*x^14+3285*x^13-76417*x^12+1193898*x^11-13235624*x^10+107241434*x^9-644495718*x^8+2885243765*x^7-9578394601*x^6+23266191465*x^5-40364195385*x^4+48084982248*x^3-36857886194*x^2+16139509344*x-3031731592
constructing eigenvector for poly
x^6+21*x^5+167*x^4+637*x^3+1186*x^2+916*x+116
computing eigenvectors took 1.293181 sec
For conductor 1, eigenvectors are:
-120*a^4 - 432*a^3 + 5664*a^2 - 1824*a + 168 0 0 -16*a^5 - 144*a^4 + 720*a^3 + 1776*a^2 - 1504*a + 160 -6*a^5 - 30*a^4 + 192*a^3 + 1572*a^2 - 3186*a + 570 12*a^5 - 36*a^4 - 348*a^3 + 1896*a^2 - 2664*a + 420 6*a^5 + 30*a^4 - 192*a^3 - 1572*a^2 + 3186*a - 570 -12*a^5 - 78*a^4 + 648*a^3 - 84*a^2 - 672*a + 78 -8*a^5 - 48*a^4 + 208*a^3 + 920*a^2 - 1576*a + 232 20*a^4 + 72*a^3 - 944*a^2 + 304*a - 28 -18*a^4 + 114*a^3 - 24*a^2 + 618*a - 114 6*a^5 - 24*a^4 - 210*a^3 + 66*a^2 + 672*a - 186 6*a^5 + 12*a^4 - 66*a^3 - 468*a^2 - 876*a + 168 8*a^5 + 56*a^4 - 412*a^3 - 916*a^2 + 2700*a - 692 0 8*a^5 + 60*a^4 - 336*a^3 - 616*a^2 + 1264*a - 292 -48*a^4 + 168*a^3 + 500*a^2 - 1464*a + 452 4*a^5 + 24*a^4 - 104*a^3 - 460*a^2 + 788*a - 116 4*a^5 + 24*a^4 - 104*a^3 - 460*a^2 + 788*a - 116 -2*a^5 + 100*a^3 + 52*a^2 - 910*a + 176 -8*a^4 - 96*a^3 + 672*a^2 - 816*a + 240 -24*a^4 + 100*a^3 + 256*a^2 + 924*a - 288 -2*a^5 + 10*a^4 + 188*a^3 - 708*a^2 - 858*a + 298 2*a^5 + 22*a^4 - 192*a^3 - 220*a^2 + 750*a - 250 12*a^4 - 24*a^3 - 272*a^2 - 512*a + 212 -8*a^5 - 16*a^4 + 444*a^3 - 1148*a^2 + 1228*a - 204 -16*a^5 - 114*a^4 + 884*a^3 + 1632*a^2 - 4736*a + 1158 -6*a^5 - 72*a^4 + 320*a^3 + 1300*a^2 - 3062*a + 608 8*a^5 + 84*a^4 - 548*a^3 - 1048*a^2 + 3660*a - 844 -8*a^5 - 64*a^4 + 516*a^3 + 680*a^2 - 3156*a + 544 -4*a^5 + 12*a^4 + 116*a^3 - 632*a^2 + 888*a - 140 -4*a^5 - 8*a^4 + 44*a^3 + 312*a^2 + 584*a - 112 8*a^5 + 20*a^4 - 124*a^3 - 500*a^2 + 716*a - 216 4*a^5 + 76*a^4 - 392*a^3 - 560*a^2 + 924*a - 116 -12*a^4 - 22*a^3 + 34*a^2 + 466*a - 50 -2*a^5 + 12*a^4 - 32*a^3 - 20*a^2 + 338*a - 168 4*a^5 - 10*a^4 - 180*a^3 + 456*a^2 + 8*a + 82 -6*a^5 + 20*a^4 + 186*a^3 - 654*a^2 + 664*a - 78 4*a^5 + 36*a^4 - 236*a^3 - 532*a^2 + 2036*a - 460 -4*a^5 - 6*a^4 + 140*a^3 + 146*a^2 - 1560*a + 340 4*a^5 + 36*a^4 - 210*a^3 - 676*a^2 + 1986*a - 392 -6*a^5 - 20*a^4 + 252*a^3 + 176*a^2 - 1290*a + 172 6*a^5 + 50*a^4 - 374*a^3 - 418*a^2 + 1816*a - 360 4*a^5 + 44*a^4 - 386*a^3 - 36*a^2 + 1266*a - 332 -2*a^5 - 16*a^4 + 102*a^3 + 516*a^2 - 856*a + 152 2*a^5 + 6*a^4 + 12*a^3 - 382*a^2 + 550*a - 28 -2*a^5 + 24*a^4 - 136*a^3 + 544*a^2 - 258*a + 8 2*a^5 - 70*a^3 + 180*a^2 - 700*a + 176 2*a^4 - 60*a^3 + 200*a^2 - 664*a + 226 10*a^4 + 36*a^3 - 472*a^2 + 152*a - 14 -2*a^5 - 12*a^4 + 78*a^3 + 86*a^2 - 444*a + 126 -6*a^4 + 66*a^3 + 36*a^2 - 624*a + 172 -28*a^4 + 108*a^3 + 88*a^2 - 130*a - 58 -30*a^4 + 70*a^3 + 530*a^2 - 426*a + 52 over Number field with defining polynomial x^6+3*x^5-89*x^4+134*x^3+775*x^2-1267*x+251
20 -16 20 -6 2 -4 8 2 -9 20 -7 2 8 0 -2 0 -4 2 -8 2 6 4 6 4 -2 3 -2 2 -1 2 -4 8 -2 -5 -2 1 3 0 1 0 1 -5 -6 2 2 -1 1 -3 0 -3 -3 3 -1 -1 over Number field with defining polynomial x-9
8 8 8 -8 8 -4 2 -10 4 -4 -1 -1 -7 -2 0 -2 2 2 0 2 -2 6 -2 0 0 4 -6 -4 2 -4 -4 2 0 0 -3 0 4 1 0 1 -3 3 -5 -4 -1 -1 0 4 4 4 -2 1 2 -1 over Number field with defining polynomial x-3
-21 45 45 3 -15 27 -9 27 -7 -19 -3 6 27 23 -45 -9 0 -11 -19 1 -6 -9 -15 -7 -5 -3 17 13 27 12 21 27 19 -8 -21 -17 7 16 1 -15 -3 3 -2 1 -8 13 6 22 15 -12 5 -8 1 -12 over Number field with defining polynomial x-11
-1 -1 -1 -1 -1 -1 -1 -1 -1 -1 -1 -1 -1 -1 -1 -1 -1 -1 -1 -1 -1 -1 -1 -1 -1 -1 -1 -1 -1 -1 -1 -1 -1 -1 -1 -1 -1 -1 -1 -1 -1 -1 -1 -1 -1 -1 -1 -1 -1 -1 -1 -1 -1 -1 over Number field with defining polynomial x-15
-144*a^2 - 48*a + 2160 0 0 72*a^2 + 104*a - 1040 42*a^2 - 42*a - 300 60*a^2 + 24*a - 540 54*a^2 + 78*a - 780 36*a^2 - 102*a - 60 12*a^2 + 44*a - 160 24*a^2 + 8*a - 360 18*a^2 + 6*a - 270 -99*a^2 + 51*a + 990 18*a^2 + 6*a - 270 4*a^2 + 2*a 0 -6*a^2 - 22*a + 80 -30*a^2 - 30*a + 440 44*a^2 + 54*a - 700 -6*a^2 - 22*a + 80 -6*a^2 - 22*a + 80 6*a^2 - 18*a - 100 10*a^2 + 22*a - 260 -22*a^2 + 12*a + 280 -26*a^2 - 28*a + 440 -30*a^2 - 30*a + 440 30*a^2 - 86*a - 140 -26*a^2 + 10*a + 280 6*a^2 + 60*a - 240 -40*a^2 + 24*a + 380 4*a^2 - 180 -20*a^2 - 8*a + 180 -12*a^2 - 4*a + 180 -24*a^2 - 8*a + 360 -28*a^2 - 48*a + 520 14*a^2 + 24*a - 260 -7*a^2 - 12*a + 130 -a^2 - 30*a + 30 -13*a^2 + 25*a + 150 2*a^2 + 20*a - 80 -16*a^2 - 24*a + 350 -5*a^2 + 9*a + 140 -3*a^2 + 9*a + 50 12*a^2 + 4*a - 180 30*a^2 - 28*a - 290 -12*a^2 - 24*a + 170 -4*a^2 - 20*a + 170 3*a^2 + 29*a - 210 25*a^2 - 1*a - 320 36*a^2 - 6*a - 370 14*a^2 + 62*a - 420 8*a^2 + 2*a - 180 39*a-70 -10*a^2 - 23*a + 170 -19*a+80 over Number field with defining polynomial x^3+3*x^2-14*x-30
-84*a^2 + 768*a - 840 -84*a^2 + 720*a - 984 132*a^2 - 1080*a + 1032 12*a^2 - 32*a + 56 36*a^2 - 408*a + 792 -132*a+384 -12*a^2 + 120*a - 312 -12*a^2 + 120*a - 312 36*a^2 - 248*a + 232 -84*a^2 + 736*a - 936 24*a^2 - 132*a + 168 24*a^2 - 132*a + 168 24*a^2 - 132*a + 168 -28*a^2 + 136*a - 120 -72*a^2 + 420*a - 432 52*a-104 60*a-80 28*a^2 - 240*a + 328 36*a^2 - 248*a + 232 -36*a^2 + 352*a - 440 12*a^2 - 240*a + 472 -4*a^2 - 64*a + 104 4*a^2 - 72*a + 8 20*a^2 - 248*a + 376 36*a^2 - 264*a + 184 12*a^2 - 16*a + 104 -4*a^2 - 64*a + 104 -12*a^2 + 168*a - 168 -8*a^2 + 36*a - 80 8*a^2 - 156*a + 240 8*a^2 - 148*a + 264 24*a^2 - 116*a + 216 -12*a^2 + 152*a - 216 4*a^2 - 24*a + 152 4*a^2 - 48*a + 80 4*a^2 - 24*a + 152 -20*a^2 + 144*a - 168 -20*a^2 + 128*a - 216 4*a^2 - 56*a + 56 -8*a^2 + 36*a - 80 20*a^2 - 240*a + 400 60*a-80 -12*a^2 + 152*a - 216 12*a^2 - 56*a - 16 36*a^2 - 240*a + 256 -8*a^2 + 68*a + 16 -12*a^2 + 136*a - 264 -4*a^2 - 56*a + 128 36*a-152 16*a^2 - 140*a + 216 -20*a^2 + 160*a - 120 60*a-80 -8*a^2 + 44*a - 56 28*a-176 over Number field with defining polynomial x^3-15*x^2+58*x-54
150*a^4 - 3012*a^3 + 18342*a^2 - 26064*a - 44760 432*a^4 - 9006*a^3 + 58860*a^2 - 119256*a - 5424 -726*a^4 + 19356*a^3 - 181824*a^2 + 710916*a - 967992 94*a^4 - 2280*a^3 + 19714*a^2 - 73088*a + 107208 -54*a^4 + 1830*a^3 - 20766*a^2 + 95076*a - 152232 -6*a^4 + 243*a^3 - 2115*a^2 + 1530*a + 15048 384*a^4 - 9594*a^3 + 84282*a^2 - 309132*a + 404688 -240*a^4 + 6384*a^3 - 60792*a^2 + 248112*a - 369624 -6*a^4 + 10*a^3 + 1278*a^2 - 13688*a + 42952 -72*a^4 + 2110*a^3 - 20920*a^2 + 87288*a - 135544 -51*a^4 + 1818*a^3 - 19833*a^2 + 81420*a - 106308 -147*a^4 + 4107*a^3 - 40779*a^2 + 171594*a - 260928 315*a^4 - 7890*a^3 + 69963*a^2 - 261144*a + 347244 -8*a^4 + 104*a^3 - 316*a^2 - 1528*a + 6024 17*a^4 - 4*a^3 - 2927*a^2 + 19772*a - 33612 -91*a^4 + 2483*a^3 - 22578*a^2 + 79832*a - 89496 -229*a^4 + 5684*a^3 - 47956*a^2 + 162522*a - 184308 -132*a^4 + 3730*a^3 - 37904*a^2 + 165108*a - 258864 38*a^4 - 1166*a^3 + 10762*a^2 - 34032*a + 23968 184*a^4 - 4840*a^3 + 44246*a^2 - 168256*a + 229960 61*a^4 - 1655*a^3 + 16135*a^2 - 67472*a + 104204 55*a^4 - 1447*a^3 + 15336*a^2 - 73116*a + 126704 -54*a^4 + 958*a^3 - 3654*a^2 - 11560*a + 61824 162*a^4 - 3600*a^3 + 27908*a^2 - 89144*a + 99848 94*a^4 - 1986*a^3 + 14872*a^2 - 48764*a + 64024 -78*a^4 + 2255*a^3 - 23429*a^2 + 103462*a - 165096 -100*a^4 + 2672*a^3 - 25470*a^2 + 102744*a - 147344 -178*a^4 + 4866*a^3 - 47450*a^2 + 197100*a - 297160 -46*a^4 + 928*a^3 - 5676*a^2 + 10724*a - 1424 60*a^4 - 1577*a^3 + 13486*a^2 - 42164*a + 31672 -59*a^4 + 1156*a^3 - 4825*a^2 - 12906*a + 74176 354*a^4 - 9109*a^3 + 83851*a^2 - 326534*a + 452712 -100*a^4 + 2403*a^3 - 20151*a^2 + 72370*a - 95192 -6*a^3 - 683*a^2 + 8850*a - 25456 108*a^4 - 2930*a^3 + 28134*a^2 - 112510*a + 154252 -308*a^4 + 7334*a^3 - 60586*a^2 + 203124*a - 228264 14*a^4 - 460*a^3 + 4146*a^2 - 12972*a + 9864 23*a^4 - 655*a^3 + 6355*a^2 - 27034*a + 42256 -78*a^4 + 2108*a^3 - 21008*a^2 + 91300*a - 143504 61*a^4 - 1286*a^3 + 8345*a^2 - 14410*a - 13000 37*a^4 - 861*a^3 + 5682*a^2 - 6024*a - 25864 117*a^4 - 3038*a^3 + 28761*a^2 - 115534*a + 163536 71*a^4 - 1485*a^3 + 10865*a^2 - 33024*a + 34700 -77*a^4 + 1815*a^3 - 14562*a^2 + 45592*a - 42760 215*a^4 - 5285*a^3 + 45259*a^2 - 158656*a + 189724 -23*a^4 + 629*a^3 - 6222*a^2 + 25102*a - 34428 -70*a^4 + 1917*a^3 - 19110*a^2 + 81790*a - 126420 24*a^4 - 928*a^3 + 11985*a^2 - 61960*a + 109716 -100*a^4 + 2550*a^3 - 22572*a^2 + 84532*a - 116784 141*a^3 - 3104*a^2 + 21012*a - 47048 -86*a^3 + 972*a^2 - 3056*a + 6312 -8*a^4 - 37*a^3 + 2788*a^2 - 22540*a + 53072 61*a^3 - 1449*a^2 + 9106*a - 15280 -295*a^3 + 5452*a^2 - 32306*a + 59980 over Number field with defining polynomial x^5-27*x^4+265*x^3-1153*x^2+2092*x-1012
4*a^6 - 172*a^5 + 2972*a^4 - 26020*a^3 + 119104*a^2 - 261648*a + 208320 28*a^7 - 1204*a^6 + 21048*a^5 - 191372*a^4 + 958100*a^3 - 2559768*a^2 + 3222336*a - 1432704 8*a^7 - 384*a^6 + 7400*a^5 - 73624*a^4 + 402960*a^3 - 1187464*a^2 + 1693536*a - 908544 -32*a^6 + 1192*a^5 - 17168*a^4 + 119656*a^3 - 411872*a^2 + 635488*a - 346752 -4*a^7 + 179*a^6 - 3255*a^5 + 30773*a^4 - 159973*a^3 + 441348*a^2 - 564324*a + 251664 20*a^6 - 678*a^5 + 8788*a^4 - 53726*a^3 + 151828*a^2 - 155904*a + 18816 -7*a^7 + 314*a^6 - 5730*a^5 + 54466*a^4 - 285903*a^3 + 805184*a^2 - 1079772*a + 523824 -5*a^7 + 207*a^6 - 3489*a^5 + 30623*a^4 - 148030*a^3 + 380434*a^2 - 452268*a + 181104 -20*a^6 + 640*a^5 - 7860*a^4 + 46088*a^3 - 129216*a^2 + 148144*a - 44352 8*a^7 - 358*a^6 + 6514*a^5 - 61658*a^4 + 321438*a^3 - 894480*a^2 + 1174392*a - 551712 6*a^7 - 263*a^6 + 4682*a^5 - 43223*a^4 + 218670*a^3 - 587316*a^2 + 742512*a - 331968 -4*a^7 + 188*a^6 - 3577*a^5 + 35316*a^4 - 192101*a^3 + 560790*a^2 - 784536*a + 405888 -7*a^6 + 185*a^5 - 1649*a^4 + 4603*a^3 + 9720*a^2 - 66276*a + 78288 -5*a^7 + 209*a^6 - 3516*a^5 + 30455*a^4 - 144109*a^3 + 363714*a^2 - 440456*a + 193536 -4*a^7 + 164*a^6 - 2760*a^5 + 24492*a^4 - 121932*a^3 + 331688*a^2 - 436912*a + 211008 -26*a^6 + 916*a^5 - 12514*a^4 + 82872*a^3 - 270544*a^2 + 391816*a - 195552 4*a^7 - 158*a^6 + 2502*a^5 - 20182*a^4 + 86526*a^3 - 183308*a^2 + 142104*a + 4704 2*a^7 - 84*a^6 + 1448*a^5 - 13096*a^4 + 65502*a^3 - 173260*a^2 + 206256*a - 77952 -7*a^7 + 295*a^6 - 5086*a^5 + 45869*a^4 - 228849*a^3 + 611334*a^2 - 771760*a + 346080 -7*a^7 + 311*a^6 - 5637*a^5 + 53449*a^4 - 281760*a^3 + 805988*a^2 - 1120848*a + 581280 4*a^7 - 168*a^6 + 2838*a^5 - 24652*a^4 + 116634*a^3 - 292248*a^2 + 345664*a - 145152 -4*a^7 + 178*a^6 - 3212*a^5 + 30050*a^4 - 154380*a^3 + 423800*a^2 - 556984*a + 269472 4*a^7 - 175*a^6 + 3113*a^5 - 28893*a^4 + 149263*a^3 - 423468*a^2 + 605020*a - 335664 -7*a^7 + 306*a^6 - 5412*a^5 + 49502*a^4 - 247681*a^3 + 656416*a^2 - 813076*a + 351120 -14*a^6 + 510*a^5 - 7098*a^4 + 46818*a^3 - 146384*a^2 + 186920*a - 69216 -4*a^7 + 180*a^6 - 3282*a^5 + 30996*a^4 - 160326*a^3 + 439020*a^2 - 558320*a + 245952 -5*a^7 + 217*a^6 - 3825*a^5 + 35093*a^4 - 178138*a^3 + 489374*a^2 - 655828*a + 330960 -7*a^7 + 293*a^6 - 4983*a^5 + 44015*a^4 - 213430*a^3 + 548280*a^2 - 650592*a + 258720 -14*a^6 + 482*a^5 - 6462*a^4 + 42310*a^3 - 138604*a^2 + 208608*a - 114240 4*a^7 - 168*a^6 + 2866*a^5 - 25288*a^4 + 121142*a^3 - 300028*a^2 + 323976*a - 100128 20*a^6 - 678*a^5 + 8788*a^4 - 53726*a^3 + 151828*a^2 - 155904*a + 18816 -4*a^7 + 162*a^6 - 2690*a^5 + 23546*a^4 - 115986*a^3 + 316468*a^2 - 435576*a + 234528 -4*a^7 + 168*a^6 - 2848*a^5 + 24944*a^4 - 119764*a^3 + 307080*a^2 - 375112*a + 164640 -4*a^7 + 168*a^6 - 2848*a^5 + 24944*a^4 - 119764*a^3 + 307080*a^2 - 375112*a + 164640 2*a^7 - 101*a^6 + 2036*a^5 - 21065*a^4 + 118864*a^3 - 355780*a^2 + 502088*a - 256704 2*a^7 - 92*a^6 + 1709*a^5 - 16348*a^4 + 84699*a^3 - 226926*a^2 + 266960*a - 95424 4*a^7 - 178*a^6 + 3254*a^5 - 31296*a^4 + 168238*a^3 - 494658*a^2 + 718612*a - 398160 5*a^6 - 173*a^5 + 2381*a^4 - 16619*a^3 + 61886*a^2 - 116504*a + 84672 4*a^7 - 170*a^6 + 2945*a^5 - 26658*a^4 + 134209*a^3 - 368998*a^2 + 503240*a - 260736 a^6 - 28*a^5 + 217*a^4 + 238*a^3 - 8608*a^2 + 27688*a - 24192 4*a^7 - 168*a^6 + 2852*a^5 - 24970*a^4 + 118888*a^3 - 296138*a^2 + 334820*a - 122640 8*a^7 - 346*a^6 + 6097*a^5 - 56094*a^4 + 286437*a^3 - 794322*a^2 + 1079000*a - 553056 -a^7 + 55*a^6 - 1174*a^5 + 12583*a^4 - 72039*a^3 + 213960*a^2 - 292556*a + 140112 16*a^6 - 561*a^5 + 7718*a^4 - 52537*a^3 + 182852*a^2 - 301644*a + 187152 2*a^7 - 86*a^6 + 1537*a^5 - 14632*a^4 + 78667*a^3 - 232424*a^2 + 338268*a - 187824 2*a^7 - 97*a^6 + 1863*a^5 - 18265*a^4 + 97499*a^3 - 277506*a^2 + 379584*a - 192864 -19*a^5 + 464*a^4 - 3819*a^3 + 11306*a^2 - 3880*a - 12768 -9*a^6 + 314*a^5 - 4227*a^4 + 27256*a^3 - 84134*a^2 + 106828*a - 39312 -4*a^7 + 177*a^6 - 3189*a^5 + 29979*a^4 - 156183*a^3 + 439824*a^2 - 599396*a + 303408 -4*a^7 + 177*a^6 - 3189*a^5 + 29979*a^4 - 156183*a^3 + 439824*a^2 - 599396*a + 303408 -4*a^6 + 154*a^5 - 2336*a^4 + 17546*a^3 - 66968*a^2 + 118624*a - 76608 8*a^6 - 266*a^5 + 3398*a^4 - 20762*a^3 + 61082*a^2 - 75428*a + 27216 5*a^6 - 187*a^5 + 2699*a^4 - 18873*a^3 + 65776*a^2 - 105660*a + 62160 -5*a^5 + 146*a^4 - 1565*a^3 + 7416*a^2 - 14724*a + 9744 over Number field with defining polynomial x^8-50*x^7+1047*x^6-11903*x^5+79550*x^4-315595*x^3+711646*x^2-812208*x+352800
a vector of length 54 over Number field with defining polynomial a number field of degree 17
-671328*a^7 + 28242944*a^6 - 495649328*a^5 + 4670153792*a^4 - 25198346944*a^3 + 76386845728*a^2 - 117284252080*a + 68239652256 -348568*a^7 + 12173240*a^6 - 167241912*a^5 + 1162775000*a^4 - 4478859568*a^3 + 10500614256*a^2 - 17219483712*a + 16033758912 -219448*a^7 + 11733528*a^6 - 252156112*a^5 + 2827462176*a^4 - 17824836120*a^3 + 62842735400*a^2 - 114069175136*a + 82423067040 8976*a^7 - 637840*a^6 + 12436016*a^5 - 97243216*a^4 + 270818528*a^3 + 278476960*a^2 - 2478122016*a + 2835307328 -194976*a^7 + 7758816*a^6 - 130472272*a^5 + 1204905440*a^4 - 6587829888*a^3 + 21181750304*a^2 - 36718886032*a + 26262502176 -37952*a^7 + 2159296*a^6 - 48020132*a^5 + 542103224*a^4 - 3300885320*a^3 + 10459871248*a^2 - 14783762996*a + 5713901784 -339328*a^7 + 14460632*a^6 - 256934104*a^5 + 2457466672*a^4 - 13571019088*a^3 + 42835554920*a^2 - 70639406584*a + 46350278448 -72760*a^7 + 3256568*a^6 - 60326624*a^5 + 597492000*a^4 - 3402012760*a^3 + 11051076040*a^2 - 18694114544*a + 12335618688 40816*a^7 - 1550304*a^6 + 24213352*a^5 - 201475952*a^4 + 988811104*a^3 - 3041080896*a^2 + 5833645448*a - 5388063536 28400*a^7 - 2659912*a^6 + 68609784*a^5 - 816370768*a^4 + 5214542832*a^3 - 18568636312*a^2 + 34936661608*a - 26949828624 -301680*a^7 + 12764328*a^6 - 222759148*a^5 + 2065498040*a^4 - 10899421632*a^3 + 32363934392*a^2 - 49283039572*a + 29104138584 -264*a^7 + 1094936*a^6 - 39678872*a^5 + 576161648*a^4 - 4252122280*a^3 + 16683579496*a^2 - 32744221528*a + 25076101680 316624*a^7 - 12905184*a^6 + 215955452*a^5 - 1917025640*a^4 + 9726477888*a^3 - 28206378544*a^2 + 43462030212*a - 27691741080 113720*a^7 - 4671640*a^6 + 79365480*a^5 - 717683872*a^4 + 3694192488*a^3 - 10687569048*a^2 + 15868862456*a - 9296191536 759596*a^7 - 30355676*a^6 + 498727244*a^5 - 4346638464*a^4 + 21581804420*a^3 - 60643784860*a^2 + 88614083172*a - 51509193192 -629144*a^7 + 26399948*a^6 - 452552012*a^5 + 4085072352*a^4 - 20838158640*a^3 + 59628377180*a^2 - 87821884236*a + 50738945368 228544*a^7 - 9134640*a^6 + 148484900*a^5 - 1261808592*a^4 + 5992604864*a^3 - 15712234648*a^2 + 20770153468*a - 10574863112 424080*a^7 - 17788304*a^6 + 307744176*a^5 - 2837694496*a^4 + 15023182336*a^3 - 45593915824*a^2 + 73460085344*a - 48647272256 256264*a^7 - 10829080*a^6 + 187692008*a^5 - 1716015408*a^4 + 8869745464*a^3 - 25711440232*a^2 + 38367848248*a - 22556614832 -611184*a^7 + 26061160*a^6 - 456567976*a^5 + 4238509952*a^4 - 22371723760*a^3 + 66564729160*a^2 - 102293628248*a + 62105806384 -225452*a^7 + 8819316*a^6 - 142285344*a^5 + 1228712632*a^4 - 6167831452*a^3 + 18213010868*a^2 - 29745956216*a + 20777913472 -366264*a^7 + 15403448*a^6 - 267419464*a^5 + 2478705240*a^4 - 13222424928*a^3 + 40549623024*a^2 - 66185705152*a + 44361655328 -51088*a^7 + 1493336*a^6 - 17058888*a^5 + 107621008*a^4 - 528770368*a^3 + 2374539368*a^2 - 6889298760*a + 7847334416 216512*a^7 - 10176744*a^6 + 193911624*a^5 - 1931773456*a^4 + 10782811168*a^3 - 33312716184*a^2 + 51751919832*a - 30424034672 8976*a^7 - 1220752*a^6 + 37786432*a^5 - 524650528*a^4 + 3843019184*a^3 - 15282231184*a^2 + 30888230464*a - 24648771584 -71944*a^7 + 3446592*a^6 - 66824172*a^5 + 679233184*a^4 - 3902836808*a^3 + 12632044904*a^2 - 21170724772*a + 13986477080 -72760*a^7 + 2932872*a^6 - 47923808*a^5 + 407134224*a^4 - 1914039720*a^3 + 4864168168*a^2 - 5924094816*a + 2434534688 -55344*a^7 + 1747480*a^6 - 18125064*a^5 + 39627600*a^4 + 494133456*a^3 - 3396634072*a^2 + 7327678440*a - 4767422736 277616*a^6 - 10425764*a^5 + 154727216*a^4 - 1154937856*a^3 + 4524878296*a^2 - 8681851644*a + 6230378536 40620*a^7 - 1173012*a^6 + 10607464*a^5 - 1283280*a^4 - 558064284*a^3 + 3616862276*a^2 - 9287272856*a + 8592963264 -224168*a^7 + 8850628*a^6 - 140590812*a^5 + 1144824440*a^4 - 4985574072*a^3 + 10670656732*a^2 - 7387018404*a - 3563619384 244944*a^7 - 10685624*a^6 + 193967368*a^5 - 1890480304*a^4 + 10620491584*a^3 - 34143724808*a^2 + 57736938440*a - 39492404592 -1572*a^6 - 1792916*a^5 + 54087072*a^4 - 616025144*a^3 + 3335450844*a^2 - 8583008084*a + 8372589768 -71944*a^7 + 2814792*a^6 - 48560172*a^5 + 478766352*a^4 - 2855974664*a^3 + 9987485680*a^2 - 18382912740*a + 13491230936 -269256*a^7 + 11922660*a^6 - 217184412*a^5 + 2101222776*a^4 - 11604163072*a^3 + 36369166364*a^2 - 59550326764*a + 39265817432 144312*a^7 - 6438240*a^6 + 118547328*a^5 - 1159855184*a^4 + 6461979176*a^3 - 20312723984*a^2 + 32997931424*a - 21197335360 143304*a^7 - 5860712*a^6 + 99793376*a^5 - 913993120*a^4 + 4839960328*a^3 - 14729215448*a^2 + 23711590768*a - 15577800768 258160*a^7 - 10278948*a^6 + 166361072*a^5 - 1406158904*a^4 + 6628280216*a^3 - 17152748116*a^2 + 22003227064*a - 10250054400 -43176*a^7 + 1743800*a^6 - 27495912*a^5 + 210824976*a^4 - 768271880*a^3 + 822521768*a^2 + 1918633496*a - 3847074544 -358352*a^7 + 15499384*a^6 - 274118460*a^5 + 2553125160*a^4 - 13416332720*a^3 + 39339488728*a^2 - 58647893780*a + 33528845656 -217540*a^7 + 8783156*a^6 - 143827124*a^5 + 1226606352*a^4 - 5817011020*a^3 + 15117064900*a^2 - 19506733372*a + 9234064888 58472*a^7 - 2177668*a^6 + 32230408*a^5 - 239959280*a^4 + 923808928*a^3 - 1598845852*a^2 + 361919312*a + 1422744880 28888*a^7 - 1427144*a^6 + 27953352*a^5 - 281467632*a^4 + 1558325904*a^3 - 4641169304*a^2 + 6599799328*a - 3184435200 71680*a^7 - 2199652*a^6 + 23229228*a^5 - 67659456*a^4 - 478606000*a^3 + 4186520092*a^2 - 11444418028*a + 10917975800 368864*a^7 - 14774784*a^6 + 242214824*a^5 - 2094329616*a^4 + 10244052280*a^3 - 28116528704*a^2 + 39688799664*a - 21884613920 89096*a^7 - 3451032*a^6 + 53763880*a^5 - 429682520*a^4 + 1847194664*a^3 - 3985485552*a^2 + 3065033112*a + 928000624 -160932*a^6 + 5725076*a^5 - 83090384*a^4 + 625346960*a^3 - 2559091556*a^2 + 5398756684*a - 4658410776 115768*a^6 - 4224356*a^5 + 59548328*a^4 - 410951336*a^3 + 1431424360*a^2 - 2296841780*a + 1279836536 -293028*a^6 + 10882292*a^5 - 159616584*a^4 + 1170075184*a^3 - 4444903228*a^2 + 8100168156*a - 5369449688 -71944*a^7 + 2523336*a^6 - 35884964*a^5 + 265062696*a^4 - 1069874336*a^3 + 2207131608*a^2 - 1699736500*a - 250808520 -31324*a^6 - 748724*a^5 + 35434384*a^4 - 416766848*a^3 + 2127808580*a^2 - 4899409692*a + 4133086680 152004*a^6 - 3916072*a^5 + 35412080*a^4 - 129320528*a^3 + 134985500*a^2 + 129078728*a - 171648800 -322780*a^6 + 11926484*a^5 - 178269272*a^4 + 1369333480*a^3 - 5652545492*a^2 + 11783766548*a - 9608952776 -609404*a^6 + 20821728*a^5 - 283579520*a^4 + 1959655424*a^3 - 7196473860*a^2 + 13215057136*a - 9458392400 over Number field with defining polynomial x^8-46*x^7+889*x^6-9390*x^5+59017*x^4-224828*x^3+503969*x^2-603784*x+293436
For conductor 5, eigenvectors are:
1 -1 -2 -1 -1 1 over Number field with defining polynomial x-1
2*a^2 + 16*a + 30 6*a+18 2*a^2 + 16*a + 30 -3*a-9 -a^2 - 5*a + 3 3*a+18 over Number field with defining polynomial x^3+10*x^2+22*x-6
7 -3 -2 -3 5 -5 over Number field with defining polynomial x+3
1 1 -1 1 0 0 over Number field with defining polynomial x+3
For conductor 7, eigenvectors are:
-a-5 a^2 + 9*a + 19 -a-6 over Number field with defining polynomial x^3+12*x^2+44*x+46
For conductor 35, eigenvectors are:
0 0 8 0 -4 6 3 -12 0 6 -2 2 -2 -10 6 -12 0 0 8 0 0 -4 -1 -2 -1 -1 -2 -2 4 4 7 -3 0 0 -2 1 5 -1 over Number field with defining polynomial x+2
0 0 8 0 -4 -9 3 3 0 6 -2 2 -2 0 -4 -2 0 0 -2 0 0 1 -1 3 -1 -1 3 -2 -1 -1 2 2 0 0 -2 1 0 -1 over Number field with defining polynomial x-3
18*a-252 -36*a+378 -16*a+168 -21 -14 9*a-105 -3*a+21 -15*a+147 -24*a+231 -3*a+21 -10*a+105 -14 -8*a+70 -2*a+14 2*a-14 -4*a+35 -4*a+35 -3*a+7 -17*a+175 -14*a+140 -10*a+112 -5*a+42 -4*a+42 6*a-49 -a 8*a-91 8*a-84 3*a-28 a-14 -2*a+7 -4*a+28 -a+14 -7*a+63 -3*a+35 -8*a+84 -7 -a+21 7 over Number field with defining polynomial x^2-20*x+98
0 0 8*a-24 18*a-48 -12*a+28 9*a-24 6*a-15 3*a-6 0 -6*a+18 2*a-6 -2 -8*a+22 4*a-10 -4*a+10 2*a-4 2*a-4 -6*a+16 -2*a+4 -8*a+20 8*a-20 4*a-12 8*a-21 -3*a+8 -a+3 -4*a+11 2*a-6 -3*a+8 a-2 a-2 2*a-5 -7*a+17 -7*a+18 6*a-16 -2*a+6 3*a-7 -a+3 1 over Number field with defining polynomial x^2-8*x+14
a vector of length 38 over Number field with defining polynomial a number field of degree 14
a vector of length 38 over Number field with defining polynomial a number field of degree 18
For conductor 19, eigenvectors are:
1 1 0 over Number field with defining polynomial x+2
-a-2 a+2 2 over Number field with defining polynomial x^2+6*x+6
For conductor 95, eigenvectors are:
28 -28 -6 -1 -2 1 14 -2 -2 -26 -10 -2 -10 10 2 -10 -10 -14 3 -9 -5 -10 -4 3 5 3 1 -19 2 -8 -4 -9 5 -9 -7 over Number field with defining polynomial x-7
8 12 -5 -1 0 -3 -1 1 1 -2 2 -1 -1 2 -5 -4 3 3 -1 2 1 -1 0 0 1 0 0 -1 -1 1 -1 1 0 1 -2 over Number field with defining polynomial x-2
6*a^5 - 198*a^4 + 2316*a^3 - 11382*a^2 + 21726*a - 8580 -12*a^5 + 324*a^4 - 3174*a^3 + 13824*a^2 - 24702*a + 9564 -6*a^5 + 177*a^4 - 1887*a^3 + 8751*a^2 - 16149*a + 6318 3*a^5 - 72*a^4 + 594*a^3 - 2046*a^2 + 2751*a - 966 -3*a^5 + 93*a^4 - 1032*a^3 + 4899*a^2 - 9123*a + 3570 -3*a^5 + 72*a^4 - 594*a^3 + 2046*a^2 - 2751*a + 966 -7*a^5 + 190*a^4 - 1856*a^3 + 7954*a^2 - 13795*a + 5294 a^5 - 37*a^4 + 473*a^3 - 2499*a^2 + 5046*a - 2024 5*a^5 - 134*a^4 + 1293*a^3 - 5466*a^2 + 9322*a - 3564 3*a^5 - 89*a^4 + 956*a^3 - 4465*a^2 + 8305*a - 3262 a^5 - 31*a^4 + 355*a^3 - 1787*a^2 + 3530*a - 1408 -2*a^5 + 59*a^4 - 629*a^3 + 2917*a^2 - 5383*a + 2106 -2*a^5 + 56*a^4 - 570*a^3 + 2554*a^2 - 4566*a + 1764 -4*a^5 + 113*a^4 - 1158*a^3 + 5221*a^2 - 9500*a + 3700 -3*a^5 + 84*a^4 - 844*a^3 + 3698*a^2 - 6537*a + 2530 -4*a^5 + 101*a^4 - 907*a^3 + 3569*a^2 - 5701*a + 2134 -6*a^5 + 169*a^4 - 1713*a^3 + 7533*a^2 - 13181*a + 5062 -2*a^5 + 50*a^4 - 437*a^3 + 1628*a^2 - 2401*a + 882 -2*a^5 + 64*a^4 - 730*a^3 + 3530*a^2 - 6662*a + 2620 -a^5 + 31*a^4 - 344*a^3 + 1633*a^2 - 3041*a + 1190 a^5 - 26*a^4 + 244*a^3 - 1020*a^2 + 1775*a - 678 3*a^5 - 79*a^4 + 755*a^3 - 3239*a^2 + 5760*a - 2236 5*a^5 - 130*a^4 + 1210*a^3 - 4938*a^2 + 8175*a - 3086 5*a^5 - 129*a^4 + 1182*a^3 - 4699*a^2 + 7567*a - 2834 -a^5 + 25*a^4 - 215*a^3 + 767*a^2 - 1036*a + 356 -a^5 + 29*a^4 - 298*a^3 + 1295*a^2 - 2183*a + 834 -a^5 + 27*a^4 - 257*a^3 + 1031*a^2 - 1616*a + 596 a^4 - 28*a^3 + 253*a^2 - 726*a + 320 2*a^4 - 31*a^3 + 110*a^2 - 91*a + 22 6*a^4 - 118*a^3 + 712*a^2 - 1516*a + 616 -2*a^5 + 57*a^4 - 588*a^3 + 2653*a^2 - 4816*a + 1868 -4*a^5 + 110*a^4 - 1084*a^3 + 4630*a^2 - 7916*a + 3024 -9*a^4 + 188*a^3 - 1215*a^2 + 2704*a - 1108 -3*a^4 + 59*a^3 - 349*a^2 + 699*a - 274 -7*a^4 + 142*a^3 - 877*a^2 + 1846*a - 752 over Number field with defining polynomial x^6-35*x^5+474*x^4-3126*x^3+10285*x^2-14857*x+5374
-1052*a^8 + 48288*a^7 - 920396*a^6 + 9442136*a^5 - 56520584*a^4 + 199969760*a^3 - 401871528*a^2 + 407627744*a - 149356704 142*a^8 - 7660*a^7 + 175132*a^6 - 2202948*a^5 + 16568398*a^4 - 75746220*a^3 + 203742284*a^2 - 291660504*a + 168644672 -276*a^8 + 11928*a^7 - 209550*a^6 + 1909538*a^5 - 9469714*a^4 + 23764622*a^3 - 19554860*a^2 - 23120072*a + 35466592 86*a^8 - 4110*a^7 + 81878*a^6 - 879922*a^5 + 5510652*a^4 - 20214544*a^3 + 41003852*a^2 - 38699436*a + 8905064 -68*a^8 + 3198*a^7 - 64588*a^6 + 729192*a^5 - 5005360*a^4 + 21237526*a^3 - 54017596*a^2 + 74962624*a - 43490832 -56*a^8 + 2954*a^7 - 66282*a^6 + 825270*a^5 - 6218102*a^4 + 28896668*a^3 - 80414824*a^2 + 121821276*a - 76755560 788*a^8 - 35320*a^7 + 656062*a^6 - 6528130*a^5 + 37546302*a^4 - 125380442*a^3 + 230141508*a^2 - 199709936*a + 51840432 166*a^8 - 7636*a^7 + 147748*a^6 - 1565704*a^5 + 9916174*a^4 - 38381696*a^3 + 88556696*a^2 - 111044396*a + 57411928 18*a^8 - 734*a^7 + 11010*a^6 - 62630*a^5 - 116180*a^4 + 3267856*a^3 - 16333064*a^2 + 34783604*a - 27490568 62*a^8 - 3002*a^7 + 60412*a^6 - 655032*a^5 + 4146542*a^4 - 15504134*a^3 + 32886012*a^2 - 35295188*a + 14053592 98*a^8 - 4142*a^7 + 71680*a^6 - 653816*a^5 + 3370978*a^4 - 9772638*a^3 + 14782332*a^2 - 9451284*a + 949816 -246*a^7 + 8570*a^6 - 117354*a^5 + 791158*a^4 - 2608036*a^3 + 2894316*a^2 + 4114424*a - 9374288 -124*a^7 + 5886*a^6 - 117614*a^5 + 1281086*a^4 - 8198622*a^3 + 30722124*a^2 - 62075152*a + 51725184 -130*a^8 + 6292*a^7 - 127888*a^6 + 1416336*a^5 - 9268930*a^4 + 36285520*a^3 - 81578828*a^2 + 93545876*a - 39381496 -276*a^8 + 12118*a^7 - 217044*a^6 + 2030712*a^5 - 10505076*a^4 + 28776354*a^3 - 33133884*a^2 - 4538232*a + 26271840 -56*a^8 + 3120*a^7 - 72828*a^6 + 928524*a^5 - 7042480*a^4 + 32329296*a^3 - 86976964*a^2 + 124044132*a - 70988456 -68*a^8 + 3074*a^7 - 57148*a^6 + 564524*a^5 - 3198568*a^4 + 10475982*a^3 - 19004072*a^2 + 17204492*a - 6102264 -68*a^7 + 3162*a^6 - 57438*a^5 + 520450*a^4 - 2472442*a^3 + 5839148*a^2 - 5443588*a + 368088 -166*a^8 + 7346*a^7 - 135316*a^6 + 1344836*a^5 - 7810710*a^4 + 26750446*a^3 - 51272432*a^2 + 46746388*a - 11453848 -68*a^8 + 3186*a^7 - 63374*a^6 + 696118*a^5 - 4591470*a^4 + 18470668*a^3 - 43757892*a^2 + 54901200*a - 27200880 166*a^8 - 7266*a^7 + 132610*a^6 - 1311866*a^5 + 7668988*a^4 - 27121396*a^3 + 56913008*a^2 - 65479116*a + 32044824 62*a^8 - 2848*a^7 + 54730*a^6 - 569790*a^5 + 3472412*a^4 - 12439958*a^3 + 24666916*a^2 - 22697676*a + 5264952 86*a^8 - 4098*a^7 + 81462*a^6 - 876206*a^5 + 5538616*a^4 - 20948656*a^3 + 46219424*a^2 - 54797324*a + 27216952 86*a^8 - 3858*a^7 + 71940*a^6 - 720680*a^5 + 4181830*a^4 - 14080902*a^3 + 25797612*a^2 - 21244228*a + 3604440 -68*a^8 + 3080*a^7 - 59388*a^6 + 634596*a^5 - 4086996*a^4 + 16110868*a^3 - 37580148*a^2 + 46852552*a - 23424352 -284*a^7 + 11064*a^6 - 178980*a^5 + 1567800*a^4 - 8105644*a^3 + 24972340*a^2 - 42728376*a + 31283168 -290*a^7 + 12432*a^6 - 220868*a^5 + 2105464*a^4 - 11631250*a^3 + 37284264*a^2 - 64298008*a + 45958080 216*a^7 - 9456*a^6 + 168596*a^5 - 1573056*a^4 + 8196124*a^3 - 23424592*a^2 + 32967768*a - 16578464 18*a^7 - 262*a^6 - 5098*a^5 + 151738*a^4 - 1492860*a^3 + 7267792*a^2 - 17606096*a + 16696848 -68*a^8 + 3494*a^7 - 76068*a^6 + 911888*a^5 - 6545196*a^4 + 28609058*a^3 - 73774364*a^2 + 101593112*a - 56462112 -252*a^7 + 9938*a^6 - 159242*a^5 + 1328822*a^4 - 6133642*a^3 + 15206240*a^2 - 17455208*a + 5300624 -62*a^7 + 3316*a^6 - 66252*a^5 + 644224*a^4 - 3231190*a^3 + 7891368*a^2 - 6951796*a - 1246952 -364*a^7 + 13770*a^6 - 211950*a^5 + 1709522*a^4 - 7734694*a^3 + 19331764*a^2 - 23995648*a + 10692192 -258*a^7 + 9784*a^6 - 150428*a^5 + 1205048*a^4 - 5374894*a^3 + 13154020*a^2 - 15947000*a + 6915664 104*a^7 - 4102*a^6 + 65186*a^5 - 530918*a^4 + 2310718*a^3 - 4934924*a^2 + 3349488*a + 1872976 over Number field with defining polynomial x^9-55*x^8+1288*x^7-16736*x^6+131767*x^5-644091*x^4+1921908*x^3-3287682*x^2+2784488*x-776552
0 0 -6*a 6*a+6 3*a+3 -3*a 0 6*a+6 -6*a-2 -4*a-6 4*a+2 -2 4*a -4*a-4 2*a 2*a 2*a+4 2*a 2 -a-3 -5*a-2 1 a-1 0 -3*a-2 0 -a -a+1 -2*a-1 5*a+4 -a-2 -2*a-2 a+1 -a+1 1 over Number field with defining polynomial x^2-2*x-2
a vector of length 35 over Number field with defining polynomial a number field of degree 16
For conductor 133, eigenvectors are:
24 0 -42 12 0 -6 -12 -24 3 6 -21 -4 -14 3 -1 0 2 0 -9 -9 -12 -6 -8 4 8 -8 5 0 -21 -3 -3 -1 -2 4 -2 -4 5 -7 -1 3 -2 0 -4 4 -4 2 -6 3 4 0 -6 over Number field with defining polynomial x-10
a vector of length 51 over Number field with defining polynomial a number field of degree 29
68*a^4 - 1912*a^3 + 19172*a^2 - 82144*a + 127680 -16*a^5 + 416*a^4 - 3664*a^3 + 12656*a^2 - 14544*a + 8832 -24*a^5 + 904*a^4 - 12848*a^3 + 85192*a^2 - 260264*a + 285120 13*a^5 - 440*a^4 + 5620*a^3 - 33410*a^2 + 89781*a - 80664 -12*a^5 + 370*a^4 - 4250*a^3 + 22462*a^2 - 52346*a + 37200 2*a^5 - 98*a^4 + 1687*a^3 - 12860*a^2 + 43073*a - 48312 -9*a^5 + 354*a^4 - 5283*a^3 + 37074*a^2 - 120984*a + 143472 -4*a^5 + 102*a^4 - 892*a^3 + 3186*a^2 - 3832*a - 288 11*a^5 - 381*a^4 + 4953*a^3 - 29613*a^2 + 78394*a - 66000 7*a^5 - 272*a^4 + 3973*a^3 - 26972*a^2 + 84144*a - 93984 a^5 - 22*a^4 + 152*a^3 - 400*a^2 + 721*a - 1944 4*a^5 - 154*a^4 + 2236*a^3 - 15006*a^2 + 44952*a - 43872 8*a^5 - 228*a^4 + 2296*a^3 - 9688*a^2 + 13844*a + 2976 2*a^5 - 82*a^4 + 1338*a^3 - 10866*a^2 + 43536*a - 68256 -6*a^5 + 200*a^4 - 2564*a^3 + 15784*a^2 - 46198*a + 50256 -4*a^5 + 158*a^4 - 2418*a^3 + 17806*a^2 - 62750*a + 84048 2*a^5 - 64*a^4 + 742*a^3 - 3586*a^2 + 4654*a + 8400 2*a^5 - 81*a^4 + 1209*a^3 - 8067*a^2 + 22537*a - 16392 2*a^5 - 92*a^4 + 1522*a^3 - 11348*a^2 + 38156*a - 45408 -2*a^5 + 54*a^4 - 510*a^3 + 1906*a^2 - 1368*a - 4704 -13*a^5 + 452*a^4 - 6006*a^3 + 37962*a^2 - 113007*a + 124008 -2*a^5 + 60*a^4 - 731*a^3 + 4946*a^2 - 19677*a + 35736 4*a^5 - 146*a^4 + 2054*a^3 - 13878*a^2 + 44830*a - 54960 9*a^5 - 330*a^4 + 4533*a^3 - 28594*a^2 + 79838*a - 71040 -2*a^5 + 53*a^4 - 459*a^3 + 1259*a^2 + 933*a - 4776 4*a^5 - 134*a^4 + 1668*a^3 - 9326*a^2 + 21604*a - 11616 -6*a^5 + 216*a^4 - 3006*a^3 + 20192*a^2 - 65140*a + 79872 -12*a^5 + 370*a^4 - 4250*a^3 + 22462*a^2 - 52346*a + 37200 14*a^5 - 496*a^4 + 6728*a^3 - 43396*a^2 + 131574*a - 146448 -2*a^5 + 70*a^4 - 952*a^3 + 6314*a^2 - 20310*a + 24912 -2*a^5 + 70*a^4 - 952*a^3 + 6314*a^2 - 20310*a + 24912 -4*a^5 + 132*a^4 - 1705*a^3 + 11048*a^2 - 36455*a + 49272 -17*a^4 + 467*a^3 - 4481*a^2 + 17883*a - 24792 -6*a^4 + 182*a^3 - 1964*a^2 + 8960*a - 14544 -4*a^5 + 135*a^4 - 1758*a^3 + 11049*a^2 - 33254*a + 37584 -9*a^5 + 328*a^4 - 4533*a^3 + 29430*a^2 - 88676*a + 96672 -2*a^5 + 64*a^4 - 781*a^3 + 4662*a^2 - 14003*a + 17496 4*a^5 - 154*a^4 + 2264*a^3 - 15770*a^2 + 51648*a - 62640 2*a^5 - 59*a^4 + 613*a^3 - 2459*a^2 + 1331*a + 9000 16*a^4 - 414*a^3 + 3644*a^2 - 12246*a + 10848 -7*a^5 + 266*a^4 - 3791*a^3 + 25008*a^2 - 75184*a + 79440 2*a^5 - 79*a^4 + 1209*a^3 - 8903*a^2 + 31375*a - 42024 2*a^5 - 67*a^4 + 834*a^3 - 4663*a^2 + 10802*a - 5808 -2*a^5 + 73*a^4 - 1027*a^3 + 6939*a^2 - 22415*a + 27480 4*a^5 - 146*a^4 + 2043*a^3 - 13566*a^2 + 42177*a - 47832 -4*a^5 + 129*a^4 - 1576*a^3 + 9085*a^2 - 24294*a + 23040 -17*a^4 + 478*a^3 - 4793*a^2 + 20536*a - 31920 2*a^4 - 28*a^3 - 72*a^2 + 2142*a - 6864 -6*a^4 + 182*a^3 - 1964*a^2 + 8960*a - 14544 -2*a^5 + 73*a^4 - 1016*a^3 + 6627*a^2 - 19762*a + 20352 -11*a^4 + 285*a^3 - 2517*a^2 + 8923*a - 10248 over Number field with defining polynomial x^6-39*x^5+596*x^4-4519*x^3+17677*x^2-33088*x+22464
a vector of length 51 over Number field with defining polynomial a number field of degree 15
For conductor 665, eigenvectors are:
4*a^3 + 32*a^2 + 74*a + 46 -2*a^3 - 12*a^2 - 20*a - 10 -2*a^4 - 34*a^3 - 200*a^2 - 490*a - 426 -a^4 - 12*a^3 - 50*a^2 - 82*a - 43 a^5 + 18*a^4 + 117*a^3 + 345*a^2 + 458*a + 213 a^4 + 13*a^3 + 57*a^2 + 99*a + 54 over Number field with defining polynomial x^6+21*x^5+167*x^4+637*x^3+1186*x^2+916*x+116
For conductor 1:
traces of hecke eigenvalues of T_{p^1} are:
0 -3 7 -92 13 -52 521 89 -12 641 188 456 453 1604 304 -1319 -154 325 -1996 3175 486 -1406 
computing eigenvalues for k = 1, took 9.934375 sec
traces of hecke eigenvalues of T_{p^2} are:
-29 10 
computing eigenvalues for k = 2, took 0.010033 sec
traces of hecke eigenvalues of T_{p^1} are:
9 19 96 247 219 423 1101 1102 1264 1392 1966 1920 3363 4173 3694 4675 4908 5809 7582 7242 7980 10912 
computing eigenvalues for k = 1, took 10.014409 sec
traces of hecke eigenvalues of T_{p^2} are:
12 36 
computing eigenvalues for k = 2, took 0.009778 sec
traces of hecke eigenvalues of T_{p^1} are:
3 7 78 193 213 735 621 1048 1156 1962 1696 2088 3297 3735 3424 3595 4866 5755 6286 7206 7842 10264 
computing eigenvalues for k = 1, took 9.993301 sec
traces of hecke eigenvalues of T_{p^2} are:
-6 -12 
computing eigenvalues for k = 2, took 0.009650 sec
traces of hecke eigenvalues of T_{p^1} are:
11 16 120 140 420 712 1084 848 1500 1716 1584 2440 2588 3816 2956 4608 4768 5236 5632 7968 9588 10292 
computing eigenvalues for k = 1, took 10.058335 sec
traces of hecke eigenvalues of T_{p^2} are:
18 24 
computing eigenvalues for k = 2, took 0.009593 sec
traces of hecke eigenvalues of T_{p^1} are:
15 40 1464 2380 5220 12720 25260 30784 52060 70644 81400 106080 151740 208920 230764 305320 363024 394420 499360 578760 712980 922180 
computing eigenvalues for k = 1, took 10.070158 sec
traces of hecke eigenvalues of T_{p^2} are:
30 120 
computing eigenvalues for k = 2, took 0.009920 sec
traces of hecke eigenvalues of T_{p^1} are:
-3 -16 25 -112 -205 -124 854 -52 168 -376 -145 -1153 2018 -1242 1039 -600 1142 -1223 862 1328 3446 2428 
computing eigenvalues for k = 1, took 10.055111 sec
traces of hecke eigenvalues of T_{p^2} are:
9 20 
computing eigenvalues for k = 2, took 0.010409 sec
traces of hecke eigenvalues of T_{p^1} are:
15 38 322 590 866 1532 2942 3296 4164 5528 5660 6038 8696 10440 12568 13872 15200 16516 17926 19256 24272 28618 
computing eigenvalues for k = 1, took 9.955525 sec
traces of hecke eigenvalues of T_{p^2} are:
0 32 
computing eigenvalues for k = 2, took 0.010256 sec
traces of hecke eigenvalues of T_{p^1} are:
27 56 748 972 1724 2984 3876 4832 7036 8668 10216 11856 14476 16392 19912 23432 24960 28796 32080 34568 38268 49772 
computing eigenvalues for k = 1, took 9.954242 sec
traces of hecke eigenvalues of T_{p^2} are:
6 24 
computing eigenvalues for k = 2, took 0.010069 sec
traces of hecke eigenvalues of T_{p^1} are:
50 109 1161 1472 2732 4748 6969 8060 11143 14109 15663 18141 21673 28899 30759 35156 41811 44268 49877 57176 64197 75079 
computing eigenvalues for k = 1, took 10.017218 sec
traces of hecke eigenvalues of T_{p^2} are:
30 116 
computing eigenvalues for k = 2, took 0.009767 sec
traces of hecke eigenvalues of T_{p^1} are:
2 11 80 -4 576 -214 260 227 252 2370 -1265 1477 1494 909 117 148 924 265 1075 -4110 6553 -1945 
computing eigenvalues for k = 1, took 9.972982 sec
traces of hecke eigenvalues of T_{p^2} are:
8 -44 
computing eigenvalues for k = 2, took 0.010997 sec
traces of hecke eigenvalues of T_{p^1} are:
46 90 951 1385 2281 4155 6563 7542 11258 13619 14052 17596 23090 27741 28823 35501 40603 41858 47877 55039 64728 74966 
computing eigenvalues for k = 1, took 10.030307 sec
traces of hecke eigenvalues of T_{p^2} are:
18 40 
computing eigenvalues for k = 2, took 0.010189 sec
For conductor 5:
traces of hecke eigenvalues of T_{p^1} are:
1 -14 45 -130 -145 32 124 -372 -360 156 -111 395 658 -914 -339 -432 1098 -429 -368 548 198 1802 
computing eigenvalues for k = 1, took 526.739387 sec
traces of hecke eigenvalues of T_{p^2} are:
3 24 
computing eigenvalues for k = 2, took 0.026758 sec
traces of hecke eigenvalues of T_{p^1} are:
-10 -21 4 -115 -146 4 85 410 282 -590 -197 -330 -202 -62 81 -106 -1884 753 -919 -352 -1402 887 
computing eigenvalues for k = 1, took 530.846663 sec
traces of hecke eigenvalues of T_{p^2} are:
0 14 
computing eigenvalues for k = 2, took 0.026220 sec
traces of hecke eigenvalues of T_{p^1} are:
-3 -2 25 34 -105 24 20 -40 48 112 -59 -109 -798 -442 333 752 -162 -201 888 -464 290 -242 
computing eigenvalues for k = 1, took 529.664666 sec
traces of hecke eigenvalues of T_{p^2} are:
3 -4 
computing eigenvalues for k = 2, took 0.025859 sec
traces of hecke eigenvalues of T_{p^1} are:
-3 -7 -20 49 -45 -81 85 90 -612 -148 186 -164 -613 -237 -292 167 228 29 1638 -264 380 -1212 
computing eigenvalues for k = 1, took 526.998589 sec
traces of hecke eigenvalues of T_{p^2} are:
-2 6 
computing eigenvalues for k = 2, took 0.025681 sec
For conductor 7:
traces of hecke eigenvalues of T_{p^1} are:
-12 -7 -92 -1 88 -100 -311 82 -26 -1430 363 264 -674 -730 153 718 -380 637 -439 -676 -1554 -379 
computing eigenvalues for k = 1, took 945.205100 sec
traces of hecke eigenvalues of T_{p^2} are:
8 -2 
computing eigenvalues for k = 2, took 0.029501 sec
For conductor 35:
traces of hecke eigenvalues of T_{p^1} are:
-2 3 26 -87 -28 142 -123 24 -28 -18 -165 284 528 210 -357 144 630 -481 1547 176 -616 259 
computing eigenvalues for k = 1, took 183.479645 sec
traces of hecke eigenvalues of T_{p^2} are:
-3 -10 
computing eigenvalues for k = 2, took 0.152388 sec
traces of hecke eigenvalues of T_{p^1} are:
3 3 46 53 -3 47 -3 -136 -508 122 480 144 -87 -5 -252 -21 1410 -421 102 426 634 -376 
computing eigenvalues for k = 1, took 183.853243 sec
traces of hecke eigenvalues of T_{p^2} are:
2 0 
computing eigenvalues for k = 2, took 0.155536 sec
traces of hecke eigenvalues of T_{p^1} are:
20 26 250 414 562 1348 1714 1864 3376 3116 3524 4162 5668 5848 7900 8960 8320 11480 13654 13568 15804 21754 
computing eigenvalues for k = 1, took 213.227481 sec
traces of hecke eigenvalues of T_{p^2} are:
30 24 
computing eigenvalues for k = 2, took 0.329820 sec
traces of hecke eigenvalues of T_{p^1} are:
8 -10 52 -54 -152 244 322 -368 712 -820 -346 -632 1216 -1940 214 -688 -1052 -346 2278 1616 1920 4294 
computing eigenvalues for k = 1, took 184.405311 sec
traces of hecke eigenvalues of T_{p^2} are:
6 12 
computing eigenvalues for k = 2, took 0.152553 sec
traces of hecke eigenvalues of T_{p^1} are:
79 156 1903 2419 4161 7625 12385 13554 18956 24161 25260 30320 39612 50641 52781 62553 72895 73170 88661 95443 112530 130358 
computing eigenvalues for k = 1, took 216.154750 sec
traces of hecke eigenvalues of T_{p^2} are:
27 64 
computing eigenvalues for k = 2, took 0.337928 sec
traces of hecke eigenvalues of T_{p^1} are:
16 -11 -212 97 336 664 398 -194 1390 551 355 1418 2401 -1223 -965 -619 3588 3198 -6692 725 1061 -318 
computing eigenvalues for k = 1, took 184.507120 sec
traces of hecke eigenvalues of T_{p^2} are:
-13 -78 
computing eigenvalues for k = 2, took 0.156921 sec
For conductor 19:
traces of hecke eigenvalues of T_{p^1} are:
-2 -7 4 19 38 -130 -191 20 -160 -270 -95 0 -152 -314 -65 544 486 459 3 792 -948 1621 
computing eigenvalues for k = 1, took 952.690943 sec
traces of hecke eigenvalues of T_{p^2} are:
0 10 
computing eigenvalues for k = 2, took 0.029960 sec
traces of hecke eigenvalues of T_{p^1} are:
-6 -8 -36 -26 -66 -36 -60 -300 276 36 194 -114 -252 144 -188 -208 -1392 194 -272 -468 -504 -244 
computing eigenvalues for k = 1, took 942.293520 sec
traces of hecke eigenvalues of T_{p^2} are:
4 0 
computing eigenvalues for k = 2, took 0.029595 sec
For conductor 95:
traces of hecke eigenvalues of T_{p^1} are:
7 4 99 209 347 659 925 1134 1512 1419 1734 1652 3334 4285 3369 3807 4089 5724 6175 6689 9360 7802 
computing eigenvalues for k = 1, took 215.131055 sec
traces of hecke eigenvalues of T_{p^2} are:
6 -24 
computing eigenvalues for k = 2, took 0.340082 sec
traces of hecke eigenvalues of T_{p^1} are:
2 19 134 174 227 669 750 934 1337 1459 1489 2632 3069 3320 3144 4792 4859 4549 7440 7794 9060 11002 
computing eigenvalues for k = 1, took 212.117469 sec
traces of hecke eigenvalues of T_{p^2} are:
-9 36 
computing eigenvalues for k = 2, took 0.326773 sec
traces of hecke eigenvalues of T_{p^1} are:
35 77 800 1171 1871 3201 5327 6526 8926 10076 11140 14210 15443 21215 24318 28077 31464 33941 37982 41752 52316 58946 
computing eigenvalues for k = 1, took 211.161659 sec
traces of hecke eigenvalues of T_{p^2} are:
15 68 
computing eigenvalues for k = 2, took 0.332713 sec
traces of hecke eigenvalues of T_{p^1} are:
55 107 1204 1542 2899 4595 8078 8278 12263 15941 16433 20094 24329 32046 34676 39630 45669 48273 54230 62786 68358 83456 
computing eigenvalues for k = 1, took 213.749614 sec
traces of hecke eigenvalues of T_{p^2} are:
30 68 
computing eigenvalues for k = 2, took 0.327022 sec
traces of hecke eigenvalues of T_{p^1} are:
2 -2 8 62 -68 148 122 -8 532 36 -34 72 692 656 338 596 -252 -1086 -1362 -864 48 -2458 
computing eigenvalues for k = 1, took 184.673542 sec
traces of hecke eigenvalues of T_{p^2} are:
-6 -4 
computing eigenvalues for k = 2, took 0.078401 sec
traces of hecke eigenvalues of T_{p^1} are:
11 -10 -12 -132 601 401 265 -54 416 2255 -695 1530 -698 -822 531 -268 -2520 3695 -5496 2237 837 4260 
computing eigenvalues for k = 1, took 184.698166 sec
traces of hecke eigenvalues of T_{p^2} are:
-20 -50 
computing eigenvalues for k = 2, took 0.078944 sec
For conductor 133:
traces of hecke eigenvalues of T_{p^1} are:
10 20 64 190 320 740 940 1244 1220 1914 2380 2040 3040 3040 3484 5050 4494 4560 6330 7200 8610 8530 
computing eigenvalues for k = 1, took 121.708425 sec
traces of hecke eigenvalues of T_{p^2} are:
15 40 
computing eigenvalues for k = 2, took 0.036034 sec
traces of hecke eigenvalues of T_{p^1} are:
-3 -18 190 -564 333 437 1087 192 -680 2049 -1013 1204 2646 3148 -515 -4982 3270 1551 -3350 -1437 4009 -4384 
computing eigenvalues for k = 1, took 123.785947 sec
traces of hecke eigenvalues of T_{p^2} are:
-29 -102 
computing eigenvalues for k = 2, took 0.040141 sec
traces of hecke eigenvalues of T_{p^1} are:
39 79 989 1070 1872 3232 5453 6096 9155 9405 11423 13615 18225 20985 21873 28390 30829 32616 38583 45500 49109 58839 
computing eigenvalues for k = 1, took 120.811255 sec
traces of hecke eigenvalues of T_{p^2} are:
27 76 
computing eigenvalues for k = 2, took 0.036077 sec
traces of hecke eigenvalues of T_{p^1} are:
85 176 1845 2627 4601 8233 12499 13686 20726 25233 28756 33154 43706 51447 56051 66681 75573 81070 91421 103633 115540 140760 
computing eigenvalues for k = 1, took 122.165367 sec
traces of hecke eigenvalues of T_{p^2} are:
30 104 
computing eigenvalues for k = 2, took 0.036749 sec
For conductor 665:
traces of hecke eigenvalues of T_{p^1} are:
-21 -28 -86 -108 -201 -211 -212 558 -512 -854 -461 -482 -807 557 131 -643 -430 676 929 750 -1884 -2577 
computing eigenvalues for k = 1, took 525.730744 sec
traces of hecke eigenvalues of T_{p^2} are:
8 -14 
computing eigenvalues for k = 2, took 0.025884 sec
