constructing eigenvector for poly
x-40
constructing eigenvector for poly
x^4-44*x^3+681*x^2-4249*x+8228
constructing eigenvector for poly
x^4+14*x^3-11*x^2-147*x-64
constructing eigenvector for poly
x^14+10*x^13-106*x^12-1214*x^11+1745*x^10+35368*x^9+2603*x^8-403118*x^7-146986*x^6+2122996*x^5+626440*x^4-5011608*x^3-317820*x^2+3984744*x-1374896
constructing eigenvector for poly
x^22-240*x^21+27130*x^20-1920804*x^19+95539213*x^18-3549481144*x^17+102235917092*x^16-2338835134504*x^15+43188559376632*x^14-650672610550896*x^13+8051677730385002*x^12-82118861855834916*x^11+690727567228572082*x^10-4781642430719123644*x^9+27109464138180238040*x^8-124851759790609727476*x^7+461420140776607487036*x^6-1344453668985103591604*x^5+3009936830410707004532*x^4-4980329845671960946828*x^3+5718851603166141529769*x^2-4056098317123112252720*x+1334036059660156557376
constructing eigenvector for poly
x^22-592*x^21+165660*x^20-29149136*x^19+3619103800*x^18-337258146564*x^17+24496035140396*x^16-1421459784175408*x^15+67010497405826170*x^14-2595606306877193580*x^13+83217246466839345270*x^12-2217555806132463230360*x^11+49184010884540368622932*x^10-906797126307548218933908*x^9+13841209156965271645320832*x^8-173648785094819980286519180*x^7+1770634502980459407766819261*x^6-14431829605494144726660742164*x^5+91738321914005565730010151390*x^4-437986719554009505231663509220*x^3+1476579592986078701732207012793*x^2-3132569576936556393807666261528*x+3143877051880394505274416301584
constructing eigenvector for poly
x^22-1096*x^21+569132*x^20-186264880*x^19+43112269204*x^18-7506159950008*x^17+1020796325634736*x^16-111138552141590172*x^15+9849641219390342586*x^14-718590187414610668728*x^13+43470098612099505571862*x^12-2189298027563344335413928*x^11+91911541830052987375254348*x^10-3212003013476639694940530584*x^9+93046874849191436305062765252*x^8-2217888620880220495274680733204*x^7+43008043347312343868253970576281*x^6-667176344333954568708350343661412*x^5+8076940749234562818031081829023954*x^4-73475939038316933035657350677422200*x^3+472143682952529382797935742375127657*x^2-1909552642332893055819364017019046448*x+3653662385052756293313569152677005376
constructing eigenvector for poly
x^22-2660*x^21+3359564*x^20-2680054004*x^19+1515357666180*x^18-645962336407372*x^17+215571100417542728*x^16-57726854800429965796*x^15+12612666155428515281658*x^14-2273861076496931140530148*x^13+340724062297684292176156906*x^12-42607879157123503956836528520*x^11+4452261208715940623558294613784*x^10-388216206759941866511270372521968*x^9+28129152071362080616602399957363084*x^8-1681239939884281006504710118065702648*x^7+81952142790743377256812397967325899869*x^6-3203794156080386628836116675884614514404*x^5+97990398764751611308746415785140109942602*x^4-2257874852918349951566966824384604022894264*x^3+36843245697149171635426066869515388722060785*x^2-379367265764453697089647935721374828208687440*x+1852765191851770528844489233976853115038425664
constructing eigenvector for poly
x^22-3800*x^21+6855468*x^20-7810899476*x^19+6307098609726*x^18-3839164140079908*x^17+1829360771966966506*x^16-699420911908642783396*x^15+218173646359561190953573*x^14-56155077891065466442163768*x^13+12013429839883775965591431462*x^12-2144959381587256925279651529652*x^11+320050972378639789912470775815921*x^10-39855353569576650726987090990699248*x^9+4125077468402680347704373667902438040*x^8-352273975185132669742218684813439100224*x^7+24542936532737705720642385633074100673264*x^6-1371876926626285169274908139615239768605824*x^5+60023088264700842347338878191451168888120960*x^4-1979482175219611651675690432484785906605309440*x^3+46258710094512194640612580236030817295814324480*x^2-682624905303617506211294435709555216013319149568*x+4781552329397669073540633180500319251152197750784
constructing eigenvector for poly
x^22-6236*x^21+18495110*x^20-34706897880*x^19+46244396271533*x^18-46539551248279308*x^17+36736935480197759698*x^16-23315369677096744154724*x^15+12097830832679899327115758*x^14-5190578484891932008561495684*x^13+1855039245785661242424133042980*x^12-554522900948188703737681405310120*x^11+138837008313903522970631209100809321*x^10-29076721003962729698430966377760894856*x^9+5073006212275997592942111228225523025504*x^8-731988592776036539328585176859890371811200*x^7+86371404824375215101070716525478355193225920*x^6-8196341150874963059009252490079155193257338368*x^5+610292395431086829110994590088010020356125652992*x^4-34336026825469768754477050881629501314059484995584*x^3+1372286191218919501979587873355435456412355757658112*x^2-34719129803853231551942181136152240671109944362696704*x+418005360381746606028261726300920108785553470033821696
constructing eigenvector for poly
x^22-8104*x^21+31285106*x^20-76535660968*x^19+133149608663143*x^18-175221033907140960*x^17+181127986847621220108*x^16-150752099411290735261520*x^15+102723812238666737200646655*x^14-57957569669933452159092235240*x^13+27274101574525106898673642043954*x^12-10749190782620497520534055350220552*x^11+3552713472447175788037324472923747193*x^10-983382357008101920756213702484467891856*x^9+227023841389759447739645126201178212816048*x^8-43394048326004929737813256170359818614880384*x^7+6790315896880660443058524920207999196469438656*x^6-855445277214079119453722596378378953151338488832*x^5+84645567782847373387635841776816375816349957884928*x^4-6334846050147251778073485474348498705118958366097408*x^3+337101077232940681374870856073551225208732499824676864*x^2-11365994212661930635877691930404069118369677667051110400*x+182524652667058705486001302117485547095331199350880600064
constructing eigenvector for poly
x^6+12*x^5-320*x^3+3072*x-4096
constructing eigenvector for poly
x^6+12*x^5-480*x^4-4160*x^3+84480*x^2+371712*x-5451776
constructing eigenvector for poly
x^6-48*x^5+945*x^4-9760*x^3+55755*x^2-167088*x+205379
constructing eigenvector for poly
x^6+192*x^5+14400*x^4+532480*x^3+10137600*x^2+95158272*x+348913664
constructing eigenvector for poly
x^6-72*x^5-5100*x^4+313920*x^3+11607600*x^2-372972672*x-11790080576
constructing eigenvector for poly
x^6-30*x^5-5625*x^4+117500*x^3+11109375*x^2-117018750*x-7703734375
constructing eigenvector for poly
x^6-24*x^5-23760*x^4+382720*x^3+189699840*x^2-1529862144*x-508934139904
constructing eigenvector for poly
x^2+22*x+116
constructing eigenvector for poly
x^2+4*x-16
constructing eigenvector for poly
x^4+14*x^3-11*x^2-147*x-64
constructing eigenvector for poly
x+4
constructing eigenvector for poly
x
constructing eigenvector for poly
x^3-28*x^2+245*x-641
constructing eigenvector for poly
x^11-126*x^10+7045*x^9-230222*x^8+4873356*x^7-69961678*x^6+692773924*x^5-4714287748*x^4+21516349330*x^3-62440190402*x^2+103145893943*x-72996828252
constructing eigenvector for poly
x^11-8*x^10-81*x^9+715*x^8+806*x^7-12846*x^6+6740*x^5+46552*x^4-25860*x^3-52780*x^2+10800*x+15552
constructing eigenvector for poly
x+4
constructing eigenvector for poly
x+4
computing eigenvectors took 173.131139 sec
For conductor 1, eigenvectors are:
-1 -1 -1 -1 -1 -1 -1 -1 -1 -1 -1 -1 -1 -1 -1 -1 -1 -1 -1 -1 -1 -1 -1 -1 -1 -1 -1 -1 -1 -1 -1 -1 -1 -1 -1 -1 -1 -1 -1 -1 -1 -1 -1 -1 -1 -1 -1 -1 -1 -1 -1 over Number field with defining polynomial x-40
42*a^3 - 1473*a^2 + 16167*a - 54507 0 36*a^3 - 2043*a^2 + 36927*a - 212958 6*a^3 - 39*a^2 - 3171*a + 33579 -67*a^3 + 2648*a^2 - 33925*a + 141207 51*a^3 - 1680*a^2 + 16341*a - 41523 -6*a^3 - 9*a^2 + 3519*a - 30720 -6*a^3 + 387*a^2 - 6768*a + 35952 -27*a^3 + 1143*a^2 - 15822*a + 71730 45*a^3 - 1512*a^2 + 15552*a - 46242 -6*a^3 - 9*a^2 + 3519*a - 30720 45*a^3 - 1512*a^2 + 15552*a - 46242 8*a^3 - 136*a^2 - 1147*a + 19689 55*a^3 - 1874*a^2 + 20389*a - 69303 20*a^3 - 614*a^2 + 5299*a - 9673 -14*a^3 + 723*a^2 - 12015*a + 64523 70*a^3 - 2410*a^2 + 25805*a - 82811 -42*a^3 + 1399*a^2 - 14264*a + 41743 16*a^3 - 559*a^2 + 6650*a - 27329 74*a^3 - 2465*a^2 + 24454*a - 65155 -2*a^3 + 245*a^2 - 5569*a + 35161 -74*a^3 + 2900*a^2 - 36943*a + 153133 40*a^3 - 1637*a^2 + 21532*a - 91701 63*a^3 - 2422*a^2 + 29645*a - 115333 19*a^3 - 575*a^2 + 3949*a + 3195 11*a^3 - 555*a^2 + 8409*a - 39671 4*a^3 - 258*a^2 + 4512*a - 23968 16*a^3 - 533*a^2 + 5095*a - 11706 18*a^3 - 762*a^2 + 10548*a - 47820 -14*a^3 + 491*a^2 - 5389*a + 18169 14*a^3 - 723*a^2 + 12015*a - 64523 -30*a^3 + 1008*a^2 - 10368*a + 30828 -30*a^3 + 1008*a^2 - 10368*a + 30828 -16*a^3 + 417*a^2 - 1782*a - 11471 16*a^3 - 385*a^2 + 1550*a + 9565 -12*a^3 + 362*a^2 - 3133*a + 6185 11*a^3 - 378*a^2 + 4101*a - 13670 -48*a^3 + 1654*a^2 - 17603*a + 55471 -2*a^3 + 113*a^2 - 2140*a + 12937 -13*a^3 + 420*a^2 - 3807*a + 7207 48*a^3 - 1886*a^2 + 24229*a - 101825 -13*a^3 + 507*a^2 - 6357*a + 25654 -44*a^3 + 1599*a^2 - 18954*a + 73127 4*a^3 - 126*a^2 + 1083*a - 1744 -14*a^3 + 607*a^2 - 8702*a + 41346 -13*a^3 + 507*a^2 - 6357*a + 25654 15*a^3 - 433*a^2 + 2750*a + 3986 -116*a^2 + 3313*a - 23177 -55*a^3 + 1906*a^2 - 20621*a + 67397 -71*a^2 + 2434*a - 19400 16*a^2 - 116*a - 953 over Number field with defining polynomial x^4-44*x^3+681*x^2-4249*x+8228
-12*a^3 - 48*a^2 + 600*a - 864 0 0 24*a^3 + 216*a^2 + 552*a - 288 56*a^2 + 464*a + 704 8*a^3 - 24*a^2 - 864*a - 128 12*a^3 + 108*a^2 + 276*a - 144 -24*a^3 - 336*a^2 - 348*a + 96 36*a^2 - 900*a - 864 84*a^2 + 696*a + 1056 12*a^3 + 108*a^2 + 276*a - 144 84*a^2 + 696*a + 1056 8*a^3 + 112*a^2 + 116*a - 32 12*a^3 + 208*a^2 + 432*a - 352 -4*a^3 + 24*a^2 + 132*a - 224 4*a^3 - 64*a^2 - 64*a + 160 -12*a^3 - 236*a^2 - 664*a -8*a^3 - 16*a^2 + 280*a + 800 -8*a^3 - 112*a^2 - 116*a + 32 -8*a^3 - 100*a^2 - 416*a - 256 -8*a^3 - 152*a^2 - 48*a - 32 8*a^3 + 180*a^2 + 280*a + 384 -8*a^3 - 84*a^2 + 116*a + 384 20*a^3 + 184*a^2 - 432*a - 480 -8*a^3 - 72*a^2 - 184*a + 96 -16*a^3 - 144*a^2 - 368*a + 192 16*a^3 + 224*a^2 + 232*a - 64 -8*a^3 + 48*a^2 + 264*a - 448 -24*a^2 + 600*a + 576 4*a^3 + 16*a^2 - 200*a + 288 -4*a^3 + 64*a^2 + 64*a - 160 -56*a^2 - 464*a - 704 -56*a^2 - 464*a - 704 8*a^3 + 98*a^2 - 208 8*a^3 + 78*a^2 + 34*a - 240 6*a^3 + 4*a^2 + 60*a + 32 -4*a^3 - 48*a^2 + 208*a + 336 2*a^3 + 74*a^2 - 26*a - 272 4*a^3 - 4*a^2 + 160*a - 112 8*a^3 - 16*a^2 - 272*a - 176 -8*a^3 - 118*a^2 + 34*a + 176 -4*a^3 - 64*a^2 - 324*a - 304 -20*a^2 + 34*a - 32 4*a^3 + 76*a^2 + 24*a + 16 4*a^3 - 24*a^2 - 132*a + 224 -4*a^3 - 64*a^2 - 324*a - 304 88*a^2 + 456*a + 80 40*a^2 - 68*a + 64 -18*a^3 - 204*a^2 + 100*a + 272 -60*a^2 - 224*a + 272 64*a^2 + 194*a + 72 over Number field with defining polynomial x^4+14*x^3-11*x^2-147*x-64
a vector of length 51 over Number field with defining polynomial a number field of degree 14
a vector of length 51 over Number field with defining polynomial a number field of degree 11
-8640 0 0 2880 -9600 72*a-1248 36*a-144 54*a+4824 -54*a+6696 90*a+4680 -36*a+5904 -90*a-360 48*a-192 -72*a+2208 -24*a+96 -36*a-1296 12*a+1392 -48*a-768 24*a-3936 24*a+4704 -72*a-5472 48*a-192 -84*a+3696 -36*a-8016 -960 -3840 36*a+1296 36*a-1584 36*a-4464 2880 36*a+1296 36*a-4464 -36*a+1584 24*a+1824 6*a-264 -24*a-1344 -18*a-648 -24*a+96 18*a+4008 18*a+2568 30*a+600 -18*a-2088 24*a-1056 2880 -18*a+792 -1440 0 0 3360 -2880 -960 over Number field with defining polynomial x^2-8*x-7984
For conductor 2, eigenvectors are:
-2 -2 -a-10 a+10 -a-10 -2 0 0 over Number field with defining polynomial x^2+22*x+116
a+4 0 -a-4 -a 4 -a-4 -4 -4 over Number field with defining polynomial x^2+4*x-16
-a^3 - 4*a^2 - 1*a - 30 2*a^3 + 11*a^2 - 22*a - 54 -2*a^2 - 5*a - 56 5*a^2 - 19*a - 58 7*a^2 - 14*a - 2 -a^3 - 7*a^2 + 23*a + 84 -6*a^2 - 45*a + 6 9*a^2 + 6*a - 33 over Number field with defining polynomial x^4+14*x^3-11*x^2-147*x-64
For conductor 97, eigenvectors are:
1 over Number field with defining polynomial x+4
For conductor 194, eigenvectors are:
0 0 0 3 0 0 0 -3 0 0 0 0 0 0 0 0 0 1 0 0 -1 1 0 1 1 0 -1 0 over Number field with defining polynomial x
0 3*a^2 - 54*a + 222 3*a-39 3*a-30 0 0 0 3*a-30 0 a-13 2*a-29 2*a-17 0 a^2 - 18*a + 74 0 0 0 a-10 -2*a+23 -2*a+23 -a+10 a-10 -a^2 + 18*a - 74 -a+10 -a+10 -a+13 a-10 3 over Number field with defining polynomial x^3-28*x^2+245*x-641
a vector of length 28 over Number field with defining polynomial a number field of degree 11
a vector of length 28 over Number field with defining polynomial a number field of degree 11
0 0 12 3 0 0 0 3 0 4 -4 -4 0 0 0 0 0 1 4 4 -1 1 0 -1 -1 -4 1 0 over Number field with defining polynomial x+4
0 0 12 -6 0 0 0 -6 0 4 -4 8 0 0 0 0 0 -2 -2 -2 2 -2 0 2 2 -4 -2 3 over Number field with defining polynomial x+4
For conductor 1:
traces of hecke eigenvalues of T_{p^1} are:
40 156 400 1464 2380 5220 7240 12720 25260 30784 52060 70644 81400 106080 151740 208920 230764 305320 363024 394420 499360 578760 712980 
computing eigenvalues for k = 1, took 22.500929 sec
traces of hecke eigenvalues of T_{p^2} are:
120 780 2800 
computing eigenvalues for k = 2, took 0.299494 sec
traces of hecke eigenvalues of T_{p^1} are:
44 129 201 499 742 1283 1395 2114 3255 3370 5206 6607 6951 8875 11880 14145 15089 18151 20637 21765 24034 28668 33406 
computing eigenvalues for k = 1, took 22.506155 sec
traces of hecke eigenvalues of T_{p^2} are:
16 150 8 
computing eigenvalues for k = 2, took 0.304959 sec
traces of hecke eigenvalues of T_{p^1} are:
-14 19 -63 83 30 168 -201 -88 306 -230 -452 730 -317 365 -877 1155 670 -1079 117 -1160 194 986 2322 
computing eigenvalues for k = 1, took 22.644707 sec
traces of hecke eigenvalues of T_{p^2} are:
6 -53 -78 
computing eigenvalues for k = 2, took 0.302189 sec
traces of hecke eigenvalues of T_{p^1} are:
-10 -52 -44 -158 190 196 178 -100 -242 680 1250 210 94 -746 -634 -1722 -324 -1714 -760 4010 1068 -2858 -2870 
computing eigenvalues for k = 1, took 22.719986 sec
traces of hecke eigenvalues of T_{p^2} are:
-40 -42 -122 
computing eigenvalues for k = 2, took 0.297406 sec
traces of hecke eigenvalues of T_{p^1} are:
120 296 548 1330 1900 3118 4052 5402 9224 11094 15422 18474 20424 23208 31000 38480 41174 49058 53958 58656 68692 74164 87178 
computing eigenvalues for k = 1, took 22.744502 sec
traces of hecke eigenvalues of T_{p^2} are:
40 60 -16 
computing eigenvalues for k = 2, took 0.315556 sec
traces of hecke eigenvalues of T_{p^1} are:
-4 -4 16 -64 24 10 8 0 -204 -16 108 210 280 -88 864 -544 -488 -576 -456 2000 -144 140 1112 
computing eigenvalues for k = 1, took 22.587580 sec
traces of hecke eigenvalues of T_{p^2} are:
-14 4 -4 
computing eigenvalues for k = 2, took 0.308455 sec
For conductor 2:
traces of hecke eigenvalues of T_{p^1} are:
-22 -10 -48 22 -58 26 -140 -34 22 -130 -24 176 -244 -256 -160 -260 358 -122 1114 -874 -70 182 -66 
computing eigenvalues for k = 1, took 330.866058 sec
traces of hecke eigenvalues of T_{p^2} are:
24 -38 104 
computing eigenvalues for k = 2, took 0.695042 sec
traces of hecke eigenvalues of T_{p^1} are:
-4 -4 16 -64 24 10 8 0 -204 -16 108 210 280 -88 864 -544 -488 -576 -456 2000 -144 140 1112 
computing eigenvalues for k = 1, took 331.470422 sec
traces of hecke eigenvalues of T_{p^2} are:
-14 4 -4 
computing eigenvalues for k = 2, took 0.677601 sec
traces of hecke eigenvalues of T_{p^1} are:
-14 19 -63 83 30 168 -201 -88 306 -230 -452 730 -317 365 -877 1155 670 -1079 117 -1160 194 986 2322 
computing eigenvalues for k = 1, took 329.188182 sec
traces of hecke eigenvalues of T_{p^2} are:
6 -53 -78 
computing eigenvalues for k = 2, took 0.657447 sec
For conductor 97:
traces of hecke eigenvalues of T_{p^1} are:
-4 -6 -12 46 -20 -11 68 10 -71 46 -372 223 -116 486 489 144 -21 -144 524 347 130 -902 -654 
computing eigenvalues for k = 1, took 570.113672 sec
traces of hecke eigenvalues of T_{p^2} are:
-2 -3 -10 
computing eigenvalues for k = 2, took 0.650953 sec
For conductor 194:
traces of hecke eigenvalues of T_{p^1} are:
0 -20 -3 -6 38 15 -4 -13 32 87 142 -51 160 92 -556 -94 374 254 -14 -640 -200 120 740 
computing eigenvalues for k = 1, took 165.797396 sec
traces of hecke eigenvalues of T_{p^2} are:
-9 34 10 
computing eigenvalues for k = 2, took 0.623462 sec
traces of hecke eigenvalues of T_{p^1} are:
28 79 145 323 476 843 1037 1562 2483 3058 3916 5149 5787 6735 8572 11417 11513 14411 16149 15705 18294 20846 23678 
computing eigenvalues for k = 1, took 133.064060 sec
traces of hecke eigenvalues of T_{p^2} are:
-8 6 -40 
computing eigenvalues for k = 2, took 0.633978 sec
traces of hecke eigenvalues of T_{p^1} are:
126 306 618 1414 1926 3190 4110 5994 8894 10432 14564 18002 20070 24776 29904 38070 40858 49234 56280 58780 68960 75606 87010 
computing eigenvalues for k = 1, took 126.974381 sec
traces of hecke eigenvalues of T_{p^2} are:
64 120 544 
computing eigenvalues for k = 2, took 0.658732 sec
traces of hecke eigenvalues of T_{p^1} are:
8 -25 61 -11 12 -255 209 42 -375 1138 402 -1217 1039 687 -622 -335 -627 2729 -543 -885 732 2494 366 
computing eigenvalues for k = 1, took 123.129941 sec
traces of hecke eigenvalues of T_{p^2} are:
-10 -94 -98 
computing eigenvalues for k = 2, took 0.653348 sec
traces of hecke eigenvalues of T_{p^1} are:
-4 0 -3 10 -14 -17 44 91 -104 175 90 -227 160 -132 -312 -606 -102 -282 -382 368 160 460 -444 
computing eigenvalues for k = 1, took 123.863609 sec
traces of hecke eigenvalues of T_{p^2} are:
7 -30 -46 
computing eigenvalues for k = 2, took 0.671755 sec
traces of hecke eigenvalues of T_{p^1} are:
-4 -6 -12 46 -20 -11 68 10 -71 46 -372 223 -116 486 489 144 -21 -144 524 347 130 -902 -654 
computing eigenvalues for k = 1, took 122.393030 sec
traces of hecke eigenvalues of T_{p^2} are:
-2 -3 -10 
computing eigenvalues for k = 2, took 0.665360 sec
