constructing eigenvector for poly
x^25+10*x^24-86*x^23-993*x^22+2925*x^21+40175*x^20-51432*x^19-862596*x^18+507477*x^17+10718485*x^16-2779239*x^15-78787122*x^14+7223652*x^13+336495404*x^12-3506701*x^11-789199197*x^10-6253823*x^9+906321210*x^8-8447650*x^7-383897304*x^6-9647212*x^5+15203176*x^4+1112248*x^3-118352*x^2-13728*x-320
constructing eigenvector for poly
x-15
constructing eigenvector for poly
x-7
constructing eigenvector for poly
x^2-2*x-7
constructing eigenvector for poly
x^8-49*x^7+991*x^6-10685*x^5+66236*x^4-237514*x^3+471092*x^2-462408*x+170928
constructing eigenvector for poly
x^4-20*x^3+135*x^2-338*x+194
constructing eigenvector for poly
x^8-42*x^7+732*x^6-6858*x^5+37379*x^4-119568*x^3+213740*x^2-184252*x+47860
constructing eigenvector for poly
x^15-91*x^14+3763*x^13-93593*x^12+1562040*x^11-18480978*x^10+159660874*x^9-1022364135*x^8+4875614801*x^7-17254956801*x^6+44781461571*x^5-83389964706*x^4+107471852846*x^3-90203745056*x^2+43966309864*x-9360193200
constructing eigenvector for poly
x^2+8*x+14
constructing eigenvector for poly
x^3+15*x^2+61*x+71
constructing eigenvector for poly
x^2+6*x+7
constructing eigenvector for poly
x-9
constructing eigenvector for poly
x^2-6*x+1
constructing eigenvector for poly
x^18-16*x^17+44*x^16+563*x^15-3881*x^14+1605*x^13+50762*x^12-125180*x^11-157153*x^10+927385*x^9-533823*x^8-2259204*x^7+3446876*x^6+595912*x^5-4378793*x^4+2885401*x^3-196207*x^2-324642*x+71246
constructing eigenvector for poly
x^8-50*x^7+1052*x^6-12116*x^5+83129*x^4-345706*x^3+844078*x^2-1096576*x+579052
constructing eigenvector for poly
x+3
constructing eigenvector for poly
x+5
constructing eigenvector for poly
x^11-65*x^10+1858*x^9-30718*x^8+324959*x^7-2297465*x^6+11004496*x^5-35409824*x^4+74171814*x^3-94801824*x^2+64924824*x-17232696
constructing eigenvector for poly
x-10
constructing eigenvector for poly
x^5-27*x^4+259*x^3-1081*x^2+1868*x-988
constructing eigenvector for poly
x^17-17*x^16+56*x^15+579*x^14-4742*x^13+6110*x^12+46283*x^11-161670*x^10-1195*x^9+690582*x^8-715304*x^7-737131*x^6+1097610*x^5+425728*x^4-550379*x^3-206274*x^2+34198*x+12205
constructing eigenvector for poly
x^11-63*x^10+1742*x^9-27796*x^8+283067*x^7-1921195*x^6+8809064*x^5-27067614*x^4+54074734*x^3-66056844*x^2+43738176*x-11715192
constructing eigenvector for poly
x^33+5*x^32-178*x^31-745*x^30+13905*x^29+46909*x^28-623049*x^27-1639203*x^26+17644101*x^25+35155114*x^24-329800735*x^23-483408089*x^22+4144787075*x^21+4325728490*x^20-35134148819*x^19-25085307173*x^18+199126732306*x^17+92531324365*x^16-739391697215*x^15-211476508066*x^14+1738555584404*x^13+302698328257*x^12-2458028871396*x^11-337256539012*x^10+1947510001344*x^9+375410250252*x^8-806778810864*x^7-246426006224*x^6+134929553280*x^5+63227942416*x^4+1050178688*x^3-2102318208*x^2-87933440*x+22397184
constructing eigenvector for poly
x^13-83*x^12+3097*x^11-68611*x^10+1003826*x^9-10204260*x^8+73803886*x^7-382268429*x^6+1406895611*x^5-3595576033*x^4+6110400479*x^3-6395328816*x^2+3564241740*x-743148552
constructing eigenvector for poly
x+3
constructing eigenvector for poly
x+6
constructing eigenvector for poly
x+1
constructing eigenvector for poly
x+1
computing eigenvectors took 18.370441 sec
For conductor 1, eigenvectors are:
a vector of length 64 over Number field with defining polynomial a number field of degree 25
-1 -1 -1 -1 -1 -1 -1 -1 -1 -1 -1 -1 -1 -1 -1 -1 -1 -1 -1 -1 -1 -1 -1 -1 -1 -1 -1 -1 -1 -1 -1 -1 -1 -1 -1 -1 -1 -1 -1 -1 -1 -1 -1 -1 -1 -1 -1 -1 -1 -1 -1 -1 -1 -1 -1 -1 -1 -1 -1 -1 -1 -1 -1 -1 over Number field with defining polynomial x-15
105 -63 21 21 21 21 -15 9 9 9 5 -3 9 -15 -3 3 -15 -3 21 -15 -3 -15 -7 9 -3 17 -7 1 -9 15 15 -3 3 -1 5 -7 -7 9 -9 -9 13 -11 -7 1 -3 -11 -3 -9 13 3 -1 1 -7 1 7 -7 3 5 5 7 -5 1 -1 -1 over Number field with defining polynomial x-7
0 0 0 0 0 0 -144 -36*a+36 -36*a+36 -36*a+36 24*a-120 72 36*a+36 18*a-18 72 -72 18*a-18 72 0 18*a-18 -54*a+198 18*a-18 0 -48 12*a-12 24*a-72 0 24*a-24 -18*a+90 9*a-45 9*a-45 -9*a+9 -27*a-9 -6*a-18 12*a-36 0 18*a-42 -12*a+36 -6*a+6 -6*a+6 24 18*a-114 0 6*a+18 -12*a-12 12*a+12 12*a-12 -6*a+6 18*a-18 12 6*a-18 -9*a-3 0 -6*a+18 3*a+21 0 -6*a-30 6*a+6 3*a-15 -9*a+21 -3*a+15 -3*a+39 -18 -6*a+24 over Number field with defining polynomial x^2-2*x-7
20*a^6 - 560*a^5 + 4020*a^4 + 13120*a^3 - 245240*a^2 + 789600*a - 625440 -8*a^7 + 272*a^6 - 3336*a^5 + 16688*a^4 - 17296*a^3 - 103392*a^2 + 241344*a - 115584 -16*a^7 + 624*a^6 - 9552*a^5 + 72944*a^4 - 292768*a^3 + 598496*a^2 - 548864*a + 130176 -4*a^7 + 164*a^6 - 2652*a^5 + 21504*a^4 - 91740*a^3 + 197296*a^2 - 191344*a + 72576 2*a^7 - 66*a^6 + 682*a^5 - 698*a^4 - 31084*a^3 + 201580*a^2 - 457344*a + 312720 4*a^6 - 112*a^5 + 804*a^4 + 2624*a^3 - 49048*a^2 + 157920*a - 125088 -8*a^7 + 348*a^6 - 6108*a^5 + 55516*a^4 - 278876*a^3 + 763864*a^2 - 1043728*a + 542304 -8*a^7 + 336*a^6 - 5680*a^5 + 49472*a^4 - 235304*a^3 + 591728*a^2 - 688032*a + 272064 -32*a^6 + 1184*a^5 - 16800*a^4 + 114296*a^3 - 380680*a^2 + 565440*a - 296736 -4*a^7 + 164*a^6 - 2708*a^5 + 23228*a^4 - 111048*a^3 + 290784*a^2 - 368096*a + 163392 -8*a^6 + 288*a^5 - 4008*a^4 + 27472*a^3 - 98272*a^2 + 174400*a - 106752 -4*a^7 + 188*a^6 - 3588*a^5 + 35592*a^4 - 194748*a^3 + 573928*a^2 - 819952*a + 429600 -4*a^7 + 186*a^6 - 3490*a^5 + 33756*a^4 - 177964*a^3 + 495720*a^2 - 646192*a + 291360 4*a^7 - 192*a^6 + 3704*a^5 - 36724*a^4 + 198424*a^3 - 570616*a^2 + 789216*a - 409440 -6*a^7 + 242*a^6 - 3894*a^5 + 32050*a^4 - 144044*a^3 + 349892*a^2 - 428288*a + 227952 -6*a^7 + 242*a^6 - 3894*a^5 + 32050*a^4 - 144044*a^3 + 349892*a^2 - 428288*a + 227952 a^7 - 32*a^6 + 343*a^5 - 1054*a^4 - 4770*a^3 + 37276*a^2 - 76776*a + 50928 -a^7 + 48*a^6 - 963*a^5 + 10526*a^4 - 67402*a^3 + 246620*a^2 - 453752*a + 299088 -2*a^7 + 76*a^6 - 1086*a^5 + 7086*a^4 - 18906*a^3 - 124*a^2 + 72136*a - 74736 -2*a^7 + 100*a^6 - 2004*a^5 + 20580*a^4 - 114510*a^3 + 334076*a^2 - 451400*a + 219984 -4*a^7 + 182*a^6 - 3352*a^5 + 32044*a^4 - 169566*a^3 + 490220*a^2 - 709128*a + 389136 2*a^7 - 82*a^6 + 1302*a^5 - 9804*a^4 + 32526*a^3 - 16004*a^2 - 121624*a + 136272 -16*a^5 + 596*a^4 - 8012*a^3 + 47648*a^2 - 121648*a + 103680 4*a^6 - 160*a^5 + 2444*a^4 - 17976*a^3 + 65848*a^2 - 111872*a + 74016 -8*a^7 + 336*a^6 - 5680*a^5 + 49472*a^4 - 235304*a^3 + 591728*a^2 - 688032*a + 272064 -8*a^6 + 272*a^5 - 3424*a^4 + 19248*a^3 - 44696*a^2 + 23968*a + 16800 -12*a^6 + 452*a^5 - 6588*a^4 + 46644*a^3 - 164400*a^2 + 260368*a - 133824 -4*a^7 + 164*a^6 - 2676*a^5 + 22172*a^4 - 98672*a^3 + 229464*a^2 - 248736*a + 87840 -3*a^6 + 107*a^5 - 1484*a^4 + 10230*a^3 - 37448*a^2 + 71512*a - 59040 -3*a^7 + 143*a^6 - 2756*a^5 + 27438*a^4 - 149276*a^3 + 430528*a^2 - 583920*a + 278304 5*a^7 - 225*a^6 + 4072*a^5 - 37604*a^4 + 184874*a^3 - 455708*a^2 + 467208*a - 141168 3*a^7 - 126*a^6 + 2077*a^5 - 16672*a^4 + 63810*a^3 - 80872*a^2 - 86440*a + 158016 -2*a^7 + 110*a^6 - 2386*a^5 + 26196*a^4 - 154522*a^3 + 477304*a^2 - 692696*a + 363168 2*a^7 - 84*a^6 + 1416*a^5 - 12178*a^4 + 55796*a^3 - 127564*a^2 + 116896*a - 28560 a^7 - 38*a^6 + 573*a^5 - 4474*a^4 + 20350*a^3 - 58412*a^2 + 98120*a - 51792 -2*a^7 + 94*a^6 - 1756*a^5 + 16562*a^4 - 82214*a^3 + 200308*a^2 - 187944*a + 40080 -4*a^7 + 184*a^6 - 3418*a^5 + 32806*a^4 - 172964*a^3 + 492624*a^2 - 692432*a + 364896 4*a^7 - 186*a^6 + 3530*a^5 - 35050*a^4 + 193706*a^3 - 584092*a^2 + 867544*a - 477360 -2*a^7 + 86*a^6 - 1506*a^5 + 13814*a^4 - 70820*a^3 + 198588*a^2 - 269920*a + 120912 2*a^7 - 90*a^6 + 1622*a^5 - 14990*a^4 + 75524*a^3 - 203756*a^2 + 268928*a - 128976 -24*a^5 + 724*a^4 - 7748*a^3 + 34720*a^2 - 58352*a + 23616 -2*a^7 + 88*a^6 - 1568*a^5 + 14480*a^4 - 73538*a^3 + 200524*a^2 - 264920*a + 133776 -2*a^7 + 80*a^6 - 1246*a^5 + 9490*a^4 - 35786*a^3 + 54476*a^2 + 7656*a - 56592 2*a^7 - 80*a^6 + 1254*a^5 - 9700*a^4 + 37844*a^3 - 64352*a^2 + 18160*a + 21888 4*a^7 - 178*a^6 + 3216*a^5 - 30270*a^4 + 158012*a^3 - 447920*a^2 + 620784*a - 321696 10*a^6 - 356*a^5 + 4790*a^4 - 30036*a^3 + 86680*a^2 - 95536*a + 32064 2*a^7 - 92*a^6 + 1720*a^5 - 16782*a^4 + 91280*a^3 - 273484*a^2 + 412944*a - 238992 2*a^7 - 80*a^6 + 1272*a^5 - 10330*a^4 + 45832*a^3 - 109364*a^2 + 126672*a - 58224 2*a^7 - 92*a^6 + 1712*a^5 - 16490*a^4 + 87168*a^3 - 246696*a^2 + 337728*a - 177216 12*a^6 - 456*a^5 + 6710*a^4 - 48038*a^3 + 172232*a^2 - 285608*a + 170880 a^7 - 41*a^6 + 678*a^5 - 5828*a^4 + 28052*a^3 - 75768*a^2 + 106224*a - 58464 -3*a^7 + 140*a^6 - 2613*a^5 + 24852*a^4 - 126804*a^3 + 333796*a^2 - 395616*a + 159792 3*a^7 - 134*a^6 + 2441*a^5 - 23298*a^4 + 124316*a^3 - 364672*a^2 + 532272*a - 291264 2*a^5 - 62*a^4 + 704*a^3 - 3104*a^2 + 1440*a + 13536 a^7 - 45*a^6 + 832*a^5 - 8064*a^4 + 43134*a^3 - 122172*a^2 + 159192*a - 71280 4*a^7 - 175*a^6 + 3083*a^5 - 27932*a^4 + 137506*a^3 - 355660*a^2 + 427512*a - 186672 -3*a^6 + 107*a^5 - 1484*a^4 + 10230*a^3 - 37448*a^2 + 71512*a - 59040 -8*a^6 + 296*a^5 - 4244*a^4 + 29548*a^3 - 102144*a^2 + 158864*a - 82752 3*a^6 - 111*a^5 + 1548*a^4 - 10098*a^3 + 30984*a^2 - 39864*a + 19008 -2*a^6 + 56*a^5 - 490*a^4 + 636*a^3 + 10576*a^2 - 43952*a + 45408 -4*a^6 + 152*a^5 - 2234*a^4 + 15918*a^3 - 55972*a^2 + 86056*a - 39312 -2*a^7 + 88*a^6 - 1568*a^5 + 14480*a^4 - 73538*a^3 + 200524*a^2 - 264920*a + 133776 -4*a^5 + 132*a^4 - 1692*a^3 + 10524*a^2 - 30320*a + 25872 -a^6 + 39*a^5 - 624*a^4 + 5116*a^3 - 21884*a^2 + 44752*a - 33840 over Number field with defining polynomial x^8-49*x^7+991*x^6-10685*x^5+66236*x^4-237514*x^3+471092*x^2-462408*x+170928
200*a^3 + 200*a^2 - 28720*a + 112560 -264*a^3 + 4136*a^2 - 19552*a + 29584 320*a^3 - 5312*a^2 + 25664*a - 33088 436*a^3 - 7704*a^2 + 43738*a - 80498 320*a^3 - 5672*a^2 + 32376*a - 60160 -230*a^3 + 2062*a^2 + 2816*a - 35964 466*a^3 - 6986*a^2 + 30026*a - 34746 88*a^3 - 1608*a^2 + 9652*a - 19484 118*a^3 - 1160*a^2 + 974*a + 5964 -62*a^3 + 1360*a^2 - 8746*a + 18552 28*a^3 - 768*a^2 + 6412*a - 15288 264*a^3 - 4210*a^2 + 19220*a - 23714 114*a^3 - 2380*a^2 + 16154*a - 33528 -84*a^3 + 1616*a^2 - 9832*a + 16996 -144*a^3 + 2456*a^2 - 13072*a + 21192 -144*a^3 + 2456*a^2 - 13072*a + 21192 -376*a^3 + 6430*a^2 - 34118*a + 55100 2*a^3 - 1134*a^2 + 15242*a - 49094 -202*a^3 + 3472*a^2 - 18753*a + 31361 320*a^3 - 5103*a^2 + 24710*a - 36235 58*a^3 - 619*a^2 + 366*a + 6539 -45*a^3 + 2030*a^2 - 20560*a + 57553 114*a^3 - 1332*a^2 + 2500*a + 7554 -58*a^3 + 934*a^2 - 5008*a + 9720 88*a^3 - 1608*a^2 + 9652*a - 19484 58*a^3 - 140*a^2 - 5622*a + 23696 264*a^3 - 4390*a^2 + 22576*a - 37250 -204*a^3 + 3116*a^2 - 12956*a + 11852 15*a^3 - 382*a^2 + 3161*a - 8266 -131*a^3 + 2205*a^2 - 12338*a + 24322 -56*a^3 - 28*a^2 + 7883*a - 32157 -71*a^3 + 317*a^2 + 4556*a - 20956 -146*a^3 + 2190*a^2 - 8953*a + 8451 260*a^3 - 3784*a^2 + 15482*a - 14882 -174*a^3 + 2786*a^2 - 13014*a + 16522 -159*a^3 + 2711*a^2 - 14721*a + 25625 -131*a^3 + 2070*a^2 - 9821*a + 14170 -159*a^3 + 2711*a^2 - 14721*a + 25625 -144*a^3 + 2456*a^2 - 13072*a + 21192 -204*a^3 + 3296*a^2 - 16312*a + 25388 -28*a^3 + 514*a^2 - 3388*a + 7622 -127*a^2 + 1512*a - 3833 -15*a^3 + 607*a^2 - 6125*a + 17757 -217*a^3 + 3727*a^2 - 20402*a + 35794 131*a^3 - 2414*a^2 + 14523*a - 28604 234*a^3 - 4015*a^2 + 21795*a - 38536 174*a^3 - 3220*a^2 + 19394*a - 37724 88*a^3 - 1518*a^2 + 7974*a - 12716 189*a^3 - 2906*a^2 + 13377*a - 18232 15*a^3 + 52*a^2 - 1988*a + 5507 -28*a^3 + 559*a^2 - 4227*a + 11006 -13*a^3 + 214*a^2 - 900*a - 195 -127*a^2 + 1512*a - 3833 131*a^3 - 2324*a^2 + 12845*a - 21836 -88*a^3 + 1788*a^2 - 11777*a + 25591 352*a^2 - 4476*a + 13324 15*a^3 - 382*a^2 + 3161*a - 8266 -28*a^3 + 424*a^2 - 1710*a + 854 131*a^3 - 2324*a^2 + 12845*a - 21836 397*a^2 - 5315*a + 16708 -172*a^2 + 2351*a - 7217 -127*a^2 + 1512*a - 3833 -28*a^3 + 469*a^2 - 2549*a + 4238 -172*a^2 + 2351*a - 7217 over Number field with defining polynomial x^4-20*x^3+135*x^2-338*x+194
-7263420*a^7 + 300935220*a^6 - 5031450420*a^5 + 43574419500*a^4 - 208095854960*a^3 + 536649972720*a^2 - 668677875520*a + 285951907600 -1735756*a^7 + 61530236*a^6 - 882287812*a^5 + 6616898468*a^4 - 27869154512*a^3 + 65027474480*a^2 - 75364149664*a + 31006056240 -534552*a^7 + 18220376*a^6 - 264023848*a^5 + 2099181256*a^4 - 9730296096*a^3 + 25868592992*a^2 - 36586780608*a + 21679402080 1301356*a^7 - 42933396*a^6 + 569649380*a^5 - 3888662412*a^4 + 14376589456*a^3 - 27147979376*a^2 + 19927757440*a + 1313315824 3218868*a^7 - 121930308*a^6 + 1891913724*a^5 - 15446857628*a^4 + 70865664496*a^3 - 179944434832*a^2 + 229104162336*a - 108213225680 -1452684*a^7 + 60187044*a^6 - 1006290084*a^5 + 8714883900*a^4 - 41619170992*a^3 + 107329994544*a^2 - 133735575104*a + 57190381520 1499612*a^7 - 52721092*a^6 + 745888660*a^5 - 5425457404*a^4 + 21376218000*a^3 - 43344295280*a^2 + 36067859200*a - 1959424976 450156*a^7 - 19604652*a^6 + 345867684*a^5 - 3161937460*a^4 + 15967573904*a^3 - 43830866672*a^2 + 59177747616*a - 29049012976 -210596*a^7 + 8034052*a^6 - 127905804*a^5 + 1098101724*a^4 - 5456380784*a^3 + 15627350608*a^2 - 23990231776*a + 15385049296 245108*a^7 - 7488020*a^6 + 86304764*a^5 - 473735948*a^4 + 1361432432*a^3 - 2670810128*a^2 + 5247541216*a - 6050690320 478144*a^7 - 17201112*a^6 + 245297856*a^5 - 1770946632*a^4 + 6823515040*a^3 - 13393489792*a^2 + 10969254752*a - 1269020640 -959288*a^7 + 34192420*a^6 - 495501480*a^5 + 3758546188*a^4 - 15939325904*a^3 + 37059980736*a^2 - 42036556752*a + 16154417680 -933272*a^7 + 33801360*a^6 - 498920776*a^5 + 3873162768*a^4 - 16979293536*a^3 + 41654982112*a^2 - 52107717376*a + 24839328576 -72240*a^7 + 2732520*a^6 - 45225232*a^5 + 453147896*a^4 - 3000567424*a^3 + 12404560896*a^2 - 27697373312*a + 24884106208 -179512*a^7 + 3911896*a^6 - 15826984*a^5 - 241424760*a^4 + 2913678304*a^3 - 12830918464*a^2 + 26186502208*a - 20804090720 57276*a^7 - 3980500*a^6 + 86174628*a^5 - 869461660*a^4 + 4602659728*a^3 - 13022028304*a^2 + 18637145600*a - 10738948240 143032*a^7 - 3090000*a^6 + 12316808*a^5 + 162405392*a^4 - 1704919296*a^3 + 5802247328*a^2 - 7504697504*a + 2124586560 569764*a^7 - 17150636*a^6 + 195346220*a^5 - 1019972948*a^4 + 2114285424*a^3 + 983682992*a^2 - 9683407360*a + 9587603600 1410308*a^7 - 47556636*a^6 + 650540188*a^5 - 4640109156*a^4 + 18361545632*a^3 - 39206336176*a^2 + 39319009184*a - 11564530672 -378712*a^7 + 16509344*a^6 - 284619160*a^5 + 2495256128*a^4 - 11821523600*a^3 + 29399123936*a^2 - 33486845632*a + 10989741312 682184*a^7 - 24353184*a^6 + 348314536*a^5 - 2530075808*a^4 + 9632916912*a^3 - 16976193824*a^2 + 5659030016*a + 12094670976 -509504*a^7 + 20415208*a^6 - 327317840*a^5 + 2681109304*a^4 - 11816020144*a^3 + 26702329216*a^2 - 25268766848*a + 3216246432 -43348*a^7 + 1888708*a^6 - 31072892*a^5 + 241023132*a^4 - 854957520*a^3 + 776814480*a^2 + 2373194720*a - 4254817968 751508*a^7 - 28298612*a^6 + 434900252*a^5 - 3499379180*a^4 + 15687441392*a^3 - 38280926480*a^2 + 45126809184*a - 17726016400 -20256*a^7 - 536128*a^6 + 32893856*a^5 - 497124224*a^4 + 3439255808*a^3 - 11982375040*a^2 + 20063849024*a - 12645180928 -281096*a^7 + 10640112*a^6 - 166423096*a^5 + 1395543760*a^4 - 6781573696*a^3 + 19086363040*a^2 - 28707376864*a + 17711559232 -320572*a^7 + 10789132*a^6 - 139605748*a^5 + 840288660*a^4 - 1969735024*a^3 - 2061554704*a^2 + 17342027680*a - 21498871952 -189688*a^7 + 5891448*a^6 - 74140936*a^5 + 491605160*a^4 - 1878449248*a^3 + 4304017504*a^2 - 5948030016*a + 4115014368 -336824*a^7 + 12116576*a^6 - 178772664*a^5 + 1399552464*a^4 - 6285268640*a^3 + 16285080768*a^2 - 22785865472*a + 13454454528 -622726*a^7 + 21632970*a^6 - 307002002*a^5 + 2312507622*a^4 - 10037977624*a^3 + 25299119384*a^2 - 34503499264*a + 19710987272 -626574*a^7 + 22748482*a^6 - 335499098*a^5 + 2587425358*a^4 - 11149159784*a^3 + 26366332760*a^2 - 30636021536*a + 12395809960 -384650*a^7 + 15920358*a^6 - 265319054*a^5 + 2280003066*a^4 - 10717568424*a^3 + 26806823016*a^2 - 31390062336*a + 11405579000 -645250*a^7 + 23117618*a^6 - 338134006*a^5 + 2604165038*a^4 - 11303814504*a^3 + 27238723016*a^2 - 32834093328*a + 14389992680 -457996*a^7 + 15902120*a^6 - 223632052*a^5 + 1637870968*a^4 - 6663313728*a^3 + 14727132240*a^2 - 15591067888*a + 5232728352 202852*a^7 - 9105652*a^6 + 162933868*a^5 - 1500012524*a^4 + 7612399056*a^3 - 21011367952*a^2 + 28535042144*a - 13992330512 196396*a^7 - 6640396*a^6 + 92516596*a^5 - 696276788*a^4 + 3124495200*a^3 - 8584747600*a^2 + 13546367680*a - 9359169584 1031916*a^7 - 38142676*a^6 + 569105124*a^5 - 4380981612*a^4 + 18357580112*a^3 - 40008754384*a^2 + 37249463168*a - 5336907856 149636*a^7 - 7121268*a^6 + 132409052*a^5 - 1246545740*a^4 + 6378891616*a^3 - 17505889904*a^2 + 23235266240*a - 10807160912 -627204*a^7 + 23491172*a^6 - 355881724*a^5 + 2791701356*a^4 - 12026076496*a^3 + 27591381008*a^2 - 29257657920*a + 8804165520 226140*a^7 - 6519344*a^6 + 66426276*a^5 - 208662000*a^4 - 1027970496*a^3 + 9885138416*a^2 - 27613785136*a + 26584035264 478144*a^7 - 16198664*a^6 + 218785120*a^5 - 1518070360*a^4 + 5829037184*a^3 - 12481685760*a^2 + 14194529376*a - 7020258720 -359016*a^7 + 15385120*a^6 - 257703976*a^5 + 2155512192*a^4 - 9436526000*a^3 + 20159666208*a^2 - 15170468352*a - 3466103552 928620*a^7 - 30893188*a^6 + 411884948*a^5 - 2826703804*a^4 + 10655401728*a^3 - 21652770448*a^2 + 21131599392*a - 6828488464 622176*a^7 - 23226688*a^6 + 355543168*a^5 - 2872273376*a^4 + 13116905152*a^3 - 33535870592*a^2 + 43941691584*a - 22366564864 -75740*a^7 + 2238980*a^6 - 23936116*a^5 + 94081372*a^4 + 157536016*a^3 - 2554578928*a^2 + 7792486080*a - 7889828848 55052*a^7 - 1555372*a^6 + 13638852*a^5 + 7030892*a^4 - 822909488*a^3 + 5165032816*a^2 - 13032968224*a + 11941894736 53592*a^7 - 3148720*a^6 + 64084680*a^5 - 614759792*a^4 + 2981521056*a^3 - 6862680544*a^2 + 5271455296*a + 1801742592 330596*a^7 - 10479696*a^6 + 129960988*a^5 - 802937168*a^4 + 2606351680*a^3 - 4333806640*a^2 + 3440437168*a - 1289798720 9284*a^7 - 280916*a^6 + 2442476*a^5 + 3294580*a^4 - 165421936*a^3 + 945107088*a^2 - 2131463136*a + 1685401136 -94234*a^7 + 3257122*a^6 - 47370078*a^5 + 374742718*a^4 - 1728205064*a^3 + 4606553416*a^2 - 6555935920*a + 3860703016 -156734*a^7 + 4292370*a^6 - 42616666*a^5 + 173872094*a^4 - 139410232*a^3 - 832736232*a^2 + 1698607360*a - 393532376 -351898*a^7 + 11601366*a^6 - 152689166*a^5 + 1031563338*a^4 - 3825398008*a^3 + 7647915816*a^2 - 7236250400*a + 2044689912 133646*a^7 - 5194818*a^6 + 79536234*a^5 - 613283486*a^4 + 2505874920*a^3 - 5103269496*a^2 + 3891794592*a + 404619864 268188*a^7 - 8895172*a^6 + 118023700*a^5 - 796640508*a^4 + 2824986480*a^3 - 4580333136*a^2 + 879321408*a + 3997781616 -214502*a^7 + 7021546*a^6 - 88435554*a^5 + 527227718*a^4 - 1374536040*a^3 + 224401272*a^2 + 5478761120*a - 7205451704 -75740*a^7 + 2294736*a^6 - 26497972*a^5 + 143482720*a^4 - 329935008*a^3 - 43170416*a^2 + 1488798320*a - 1860714496 333480*a^6 - 11022768*a^5 + 149352200*a^4 - 1070305376*a^3 + 4252509856*a^2 - 8749693760*a + 7216596064 1414064*a^6 - 43773920*a^5 + 526277328*a^4 - 3113535520*a^3 + 9450194368*a^2 - 13780324992*a + 7364890944 -1230052*a^6 + 37720704*a^5 - 451042828*a^4 + 2656880336*a^3 - 7999660608*a^2 + 11422856048*a - 5754003856 705012*a^6 - 22248336*a^5 + 280488908*a^4 - 1811225200*a^3 + 6326964096*a^2 - 11347233136*a + 8194687440 -966468*a^6 + 26889632*a^5 - 282291196*a^4 + 1364337920*a^3 - 2820923840*a^2 + 1073439120*a + 2320933040 -290380*a^7 + 9643320*a^6 - 126131988*a^5 + 814667928*a^4 - 2586688592*a^3 + 2850737616*a^2 + 3338426288*a - 7528673824 -465244*a^6 + 13633264*a^5 - 155853060*a^4 + 867098992*a^3 - 2365021824*a^2 + 2686076432*a - 554686000 657356*a^6 - 17235456*a^5 + 153950484*a^4 - 438642368*a^3 - 963893632*a^2 + 7144250832*a - 9606140624 over Number field with defining polynomial x^8-42*x^7+732*x^6-6858*x^5+37379*x^4-119568*x^3+213740*x^2-184252*x+47860
a vector of length 64 over Number field with defining polynomial a number field of degree 15
For conductor 3, eigenvectors are:
2 -a-4 2 0 a+4 over Number field with defining polynomial x^2+8*x+14
-4*a-4 2*a^2 + 22*a + 44 2*a+2 3*a+15 a^2 + 11*a + 22 over Number field with defining polynomial x^3+15*x^2+61*x+71
For conductor 5, eigenvectors are:
1 a+4 over Number field with defining polynomial x^2+6*x+7
For conductor 15, eigenvectors are:
14 -2 -4 0 4 3 -1 -3 -3 0 -1 -3 -1 -1 0 -1 -1 -1 2 0 -3 0 -1 -2 -1 -1 -2 -1 -1 over Number field with defining polynomial x-9
0 4*a-12 -4*a+28 -4*a+36 4*a-28 -4*a+28 -4*a+20 -4*a+16 -4*a+16 -2*a+18 4*a-24 8 -4*a+20 -4*a+20 0 -4*a+20 2*a-6 2*a-6 4 0 2*a-10 0 2*a-6 -4 4*a-24 4*a-24 -4 -a+7 -a+7 over Number field with defining polynomial x^2-6*x+1
a vector of length 29 over Number field with defining polynomial a number field of degree 18
-6*a^7 + 262*a^6 - 4686*a^5 + 44270*a^4 - 237324*a^3 + 717540*a^2 - 1125312*a + 702920 -a^7 + 38*a^6 - 561*a^5 + 3962*a^4 - 12509*a^3 + 5314*a^2 + 53295*a - 74530 -4*a^6 + 176*a^5 - 3041*a^4 + 26319*a^3 - 119579*a^2 + 266617*a - 220504 -a^7 + 45*a^6 - 827*a^5 + 8014*a^4 - 44029*a^3 + 136407*a^2 - 219303*a + 140494 a^7 - 49*a^6 + 982*a^5 - 10424*a^4 + 63137*a^3 - 217161*a^2 + 389112*a - 274814 -3*a^6 + 112*a^5 - 1686*a^4 + 13006*a^3 - 53745*a^2 + 111050*a - 86718 -12*a^5 + 361*a^4 - 4119*a^3 + 22087*a^2 - 54669*a + 48032 -a^7 + 40*a^6 - 632*a^5 + 4948*a^4 - 19315*a^3 + 29786*a^2 + 10088*a - 45234 2*a^6 - 74*a^5 + 1110*a^4 - 8616*a^3 + 36138*a^2 - 76202*a + 60858 -3*a^6 + 109*a^5 - 1571*a^4 + 11447*a^3 - 44252*a^2 + 85328*a - 63090 -4*a^6 + 169*a^5 - 2842*a^4 + 24192*a^3 - 108928*a^2 + 241939*a - 199966 a^7 - 42*a^6 + 725*a^5 - 6642*a^4 + 34709*a^3 - 102806*a^2 + 158653*a - 97942 -12*a^5 + 361*a^4 - 4119*a^3 + 22087*a^2 - 54669*a + 48032 -a^6 + 38*a^5 - 585*a^4 + 4641*a^3 - 19780*a^2 + 42121*a - 33794 a^7 - 45*a^6 + 827*a^5 - 8014*a^4 + 44029*a^3 - 136407*a^2 + 219303*a - 140494 -a^6 + 38*a^5 - 585*a^4 + 4641*a^3 - 19780*a^2 + 42121*a - 33794 2*a^6 - 71*a^5 + 986*a^4 - 6806*a^3 + 24472*a^2 - 43207*a + 29296 -a^7 + 42*a^6 - 730*a^5 + 6804*a^4 - 36701*a^3 + 114242*a^2 - 188644*a + 125436 -a^7 + 43*a^6 - 765*a^5 + 7265*a^4 - 39532*a^3 + 122356*a^2 - 197770*a + 127668 -3*a^6 + 109*a^5 - 1571*a^4 + 11447*a^3 - 44252*a^2 + 85328*a - 63090 2*a^6 - 74*a^5 + 1110*a^4 - 8616*a^3 + 36138*a^2 - 76202*a + 60858 a^7 - 47*a^6 + 908*a^5 - 9323*a^4 + 54772*a^3 - 183196*a^2 + 320183*a - 221890 a^6 - 43*a^5 + 724*a^4 - 6102*a^3 + 27009*a^2 - 58759*a + 47602 -a^7 + 44*a^6 - 801*a^5 + 7790*a^4 - 43507*a^3 + 138714*a^2 - 231851*a + 154732 -a^6 + 38*a^5 - 585*a^4 + 4641*a^3 - 19780*a^2 + 42121*a - 33794 -2*a^6 + 69*a^5 - 948*a^4 + 6624*a^3 - 24702*a^2 + 46211*a - 33364 -a^7 + 44*a^6 - 801*a^5 + 7790*a^4 - 43507*a^3 + 138714*a^2 - 231851*a + 154732 -2*a^6 + 69*a^5 - 948*a^4 + 6624*a^3 - 24702*a^2 + 46211*a - 33364 -a^6 + 38*a^5 - 585*a^4 + 4641*a^3 - 19780*a^2 + 42121*a - 33794 over Number field with defining polynomial x^8-50*x^7+1052*x^6-12116*x^5+83129*x^4-345706*x^3+844078*x^2-1096576*x+579052
For conductor 43, eigenvectors are:
-1 1 over Number field with defining polynomial x+3
-1 -1 over Number field with defining polynomial x+5
For conductor 129, eigenvectors are:
a vector of length 34 over Number field with defining polynomial a number field of degree 11
36 0 18 -6 -6 -6 0 0 -3 3 0 0 6 -6 -3 2 -2 2 4 -2 -2 -3 -6 -6 -4 5 -2 0 1 0 0 0 3 -1 over Number field with defining polynomial x-10
10*a^4 - 210*a^3 + 1330*a^2 - 2830*a + 1540 4*a^4 - 72*a^3 + 396*a^2 - 808*a + 480 a^4 - 21*a^3 + 133*a^2 - 299*a + 218 2*a^4 - 42*a^3 + 262*a^2 - 554*a + 324 2*a^4 - 40*a^3 + 252*a^2 - 550*a + 340 2*a^4 - 42*a^3 + 262*a^2 - 554*a + 324 a^4 - 17*a^3 + 93*a^2 - 167*a + 74 a^4 - 17*a^3 + 93*a^2 - 167*a + 74 3*a^3 - 28*a^2 + 55*a - 26 3*a^4 - 66*a^3 + 439*a^2 - 972*a + 568 a^3 - 5*a^2 + 2*a + 8 2*a^4 - 41*a^3 + 253*a^2 - 532*a + 316 3*a^4 - 64*a^3 + 412*a^2 - 899*a + 518 -3*a^4 + 63*a^3 - 407*a^2 + 897*a - 526 2*a^4 - 39*a^3 + 230*a^2 - 479*a + 282 -a^4 + 19*a^3 - 115*a^2 + 239*a - 138 3*a^3 - 34*a^2 + 89*a - 66 -a^4 + 21*a^3 - 125*a^2 + 243*a - 122 -a^4 + 21*a^3 - 137*a^2 + 311*a - 202 a^4 - 19*a^3 + 115*a^2 - 239*a + 138 a^4 - 19*a^3 + 115*a^2 - 239*a + 138 -3*a^3 + 32*a^2 - 75*a + 42 -a^3 + 9*a^2 - 22*a + 8 4*a^2 - 20*a + 16 -a^4 + 19*a^3 - 111*a^2 + 219*a - 122 -a^3 + 7*a^2 - 16*a + 16 a^4 - 20*a^3 + 120*a^2 - 241*a + 130 -a^3 + 5*a^2 - 2*a - 8 a^3 - 11*a^2 + 36*a - 32 0 0 0 -a^4 + 21*a^3 - 131*a^2 + 277*a - 162 -a^3 + 11*a^2 - 36*a + 32 over Number field with defining polynomial x^5-27*x^4+259*x^3-1081*x^2+1868*x-988
a vector of length 34 over Number field with defining polynomial a number field of degree 17
For conductor 215, eigenvectors are:
a vector of length 57 over Number field with defining polynomial a number field of degree 11
a vector of length 57 over Number field with defining polynomial a number field of degree 33
a vector of length 57 over Number field with defining polynomial a number field of degree 13
For conductor 645, eigenvectors are:
-2 2 1 -1 over Number field with defining polynomial x+3
1 2 -2 -1 over Number field with defining polynomial x+6
-2 -2 -1 -1 over Number field with defining polynomial x+1
-2 1 -1 2 over Number field with defining polynomial x+1
For conductor 1:
traces of hecke eigenvalues of T_{p^1} are:
-10 141 -228 294 -173 176 -35 -229 618 2499 -1303 471 1903 -2441 2110 4243 -3240 3040 -2338 -2298 -1614 2376 
computing eigenvalues for k = 1, took 27.151259 sec
traces of hecke eigenvalues of T_{p^2} are:
-30 -79 
computing eigenvalues for k = 2, took 0.269587 sec
traces of hecke eigenvalues of T_{p^1} are:
15 400 1464 2380 5220 7240 12720 25260 30784 52060 70644 106080 151740 208920 230764 305320 363024 394420 499360 578760 712980 922180 
computing eigenvalues for k = 1, took 210.776586 sec
traces of hecke eigenvalues of T_{p^2} are:
30 2800 
computing eigenvalues for k = 2, took 0.189454 sec
traces of hecke eigenvalues of T_{p^1} are:
7 32 184 204 292 360 384 1100 704 1372 1844 2512 2524 3640 4524 4472 4784 5364 6080 8184 8340 10372 
computing eigenvalues for k = 1, took 207.198853 sec
traces of hecke eigenvalues of T_{p^2} are:
6 -144 
computing eigenvalues for k = 2, took 0.192222 sec
traces of hecke eigenvalues of T_{p^1} are:
2 -76 82 70 142 -116 -290 460 -762 -68 162 1076 490 -36 1972 -34 -1508 -1828 -164 3918 -408 1538 
computing eigenvalues for k = 1, took 24.754763 sec
traces of hecke eigenvalues of T_{p^2} are:
6 192 
computing eigenvalues for k = 2, took 0.187302 sec
traces of hecke eigenvalues of T_{p^1} are:
49 500 1122 1550 2410 3076 4620 7080 8470 11736 13626 17144 22350 27062 31840 36534 41772 44160 52956 55862 64002 78290 
computing eigenvalues for k = 1, took 206.713734 sec
traces of hecke eigenvalues of T_{p^2} are:
27 800 
computing eigenvalues for k = 2, took 0.201631 sec
traces of hecke eigenvalues of T_{p^1} are:
20 204 466 726 1017 1619 2105 3381 4099 5175 6397 9043 10228 14976 15500 18334 20916 22236 26375 26908 31302 36259 
computing eigenvalues for k = 1, took 201.893070 sec
traces of hecke eigenvalues of T_{p^2} are:
0 32 
computing eigenvalues for k = 2, took 0.209997 sec
traces of hecke eigenvalues of T_{p^1} are:
42 413 922 1373 2196 2813 4008 6631 7579 10782 13005 17310 22100 28840 29391 35193 39416 43391 50489 52306 62262 73974 
computing eigenvalues for k = 1, took 207.909853 sec
traces of hecke eigenvalues of T_{p^2} are:
6 104 
computing eigenvalues for k = 2, took 0.194256 sec
traces of hecke eigenvalues of T_{p^1} are:
91 876 2067 2695 4734 5993 8302 13545 15288 22103 26650 33218 43206 51695 58699 67901 77174 81988 92954 103056 121530 145830 
computing eigenvalues for k = 1, took 205.126354 sec
traces of hecke eigenvalues of T_{p^2} are:
48 1008 
computing eigenvalues for k = 2, took 0.193571 sec
For conductor 3:
traces of hecke eigenvalues of T_{p^1} are:
-8 -16 -6 -50 -18 -12 74 -164 -34 -276 -102 -304 -70 -260 -1836 -750 548 -1412 1076 346 2360 2242 
computing eigenvalues for k = 1, took 360.777265 sec
traces of hecke eigenvalues of T_{p^2} are:
-2 -72 
computing eigenvalues for k = 2, took 0.670310 sec
traces of hecke eigenvalues of T_{p^1} are:
-15 -25 20 5 -178 -155 -256 -3 365 24 -999 -784 -98 472 147 915 -128 -285 1269 -410 216 -2212 
computing eigenvalues for k = 1, took 361.318156 sec
traces of hecke eigenvalues of T_{p^2} are:
14 -100 
computing eigenvalues for k = 2, took 0.675936 sec
For conductor 5:
traces of hecke eigenvalues of T_{p^1} are:
-6 -28 -18 -74 62 -160 102 112 -298 -208 -534 624 -574 68 -944 150 -296 280 -12 194 -1592 -858 
computing eigenvalues for k = 1, took 1109.673809 sec
traces of hecke eigenvalues of T_{p^2} are:
6 -16 
computing eigenvalues for k = 2, took 0.587469 sec
For conductor 15:
traces of hecke eigenvalues of T_{p^1} are:
9 76 108 256 360 256 432 792 1192 1336 2052 2232 3312 3564 3460 4360 4824 4972 5800 7128 9036 9220 
computing eigenvalues for k = 1, took 224.034384 sec
traces of hecke eigenvalues of T_{p^2} are:
12 208 
computing eigenvalues for k = 2, took 4.322351 sec
traces of hecke eigenvalues of T_{p^1} are:
6 12 -70 174 278 -324 -194 -156 214 -140 578 516 2066 -188 -156 -258 -1428 -2612 -724 1806 984 -766 
computing eigenvalues for k = 1, took 201.376193 sec
traces of hecke eigenvalues of T_{p^2} are:
6 16 
computing eigenvalues for k = 2, took 0.499463 sec
traces of hecke eigenvalues of T_{p^1} are:
16 -152 202 -92 83 -394 287 1909 -248 410 2321 982 1433 1684 2713 -3452 1970 602 -1116 1285 1522 -5947 
computing eigenvalues for k = 1, took 201.057256 sec
traces of hecke eigenvalues of T_{p^2} are:
-29 -139 
computing eigenvalues for k = 2, took 0.489328 sec
traces of hecke eigenvalues of T_{p^1} are:
50 443 1022 1383 2422 2907 4712 7277 7659 11490 13525 18238 22460 28000 28335 35397 39628 42817 48773 54904 64532 75030 
computing eigenvalues for k = 1, took 223.361116 sec
traces of hecke eigenvalues of T_{p^2} are:
30 344 
computing eigenvalues for k = 2, took 4.241063 sec
For conductor 43:
traces of hecke eigenvalues of T_{p^1} are:
-3 -24 85 -43 -65 -58 -191 56 -319 -34 327 444 -603 -608 864 -285 -186 108 -872 2457 -26 1545 
computing eigenvalues for k = 1, took 1097.922211 sec
traces of hecke eigenvalues of T_{p^2} are:
1 48 
computing eigenvalues for k = 2, took 0.596618 sec
traces of hecke eigenvalues of T_{p^1} are:
-5 -34 3 -105 63 24 53 -132 145 158 -223 -416 -23 240 -92 1553 -928 -1604 -372 405 932 291 
computing eigenvalues for k = 1, took 1105.896373 sec
traces of hecke eigenvalues of T_{p^2} are:
3 72 
computing eigenvalues for k = 2, took 0.594325 sec
For conductor 129:
traces of hecke eigenvalues of T_{p^1} are:
65 565 1396 1941 3330 3941 5836 9795 10741 14968 19543 23456 31060 37008 41545 46561 56044 57469 69693 75148 88126 102096 
computing eigenvalues for k = 1, took 336.234889 sec
traces of hecke eigenvalues of T_{p^2} are:
30 120 
computing eigenvalues for k = 2, took 0.619560 sec
traces of hecke eigenvalues of T_{p^1} are:
10 65 189 225 240 405 440 945 1024 1370 1454 1645 3010 4320 3454 4310 6014 4900 5940 7725 8060 8115 
computing eigenvalues for k = 1, took 320.100468 sec
traces of hecke eigenvalues of T_{p^2} are:
15 120 
computing eigenvalues for k = 2, took 0.617575 sec
traces of hecke eigenvalues of T_{p^1} are:
27 281 707 783 1808 1955 3144 4291 5004 6544 8666 12765 15588 18130 18532 23198 27490 26248 33168 36235 38962 47881 
computing eigenvalues for k = 1, took 325.906956 sec
traces of hecke eigenvalues of T_{p^2} are:
6 248 
computing eigenvalues for k = 2, took 0.666597 sec
traces of hecke eigenvalues of T_{p^1} are:
17 -63 109 51 565 -839 491 1376 -1028 1696 -509 325 3591 406 -2639 -254 92 -2242 -1380 -1062 -932 102 
computing eigenvalues for k = 1, took 197.901019 sec
traces of hecke eigenvalues of T_{p^2} are:
-15 -385 
computing eigenvalues for k = 2, took 0.497478 sec
For conductor 215:
traces of hecke eigenvalues of T_{p^1} are:
63 595 1320 1951 3284 3959 5928 9253 10957 15476 18095 23772 30272 36224 41273 49997 54040 58255 68513 73418 86016 104408 
computing eigenvalues for k = 1, took 175.200025 sec
traces of hecke eigenvalues of T_{p^2} are:
24 360 
computing eigenvalues for k = 2, took 0.476121 sec
traces of hecke eigenvalues of T_{p^1} are:
-5 46 -176 206 -313 192 -821 849 1056 1638 1089 -297 340 -2259 4804 1776 -4392 2546 2281 -4428 1380 -2299 
computing eigenvalues for k = 1, took 159.078992 sec
traces of hecke eigenvalues of T_{p^2} are:
-37 -381 
computing eigenvalues for k = 2, took 0.617770 sec
traces of hecke eigenvalues of T_{p^1} are:
83 762 1745 2587 4100 4911 7576 10999 13050 18805 22452 30978 38516 45611 49145 61577 66134 72418 86234 90134 100818 127508 
computing eigenvalues for k = 1, took 176.490606 sec
traces of hecke eigenvalues of T_{p^2} are:
54 896 
computing eigenvalues for k = 2, took 0.478969 sec
For conductor 645:
traces of hecke eigenvalues of T_{p^1} are:
-3 6 -25 27 3 24 9 28 -387 -358 -95 232 -383 -300 -516 809 -572 732 -148 -939 568 511 
computing eigenvalues for k = 1, took 601.020830 sec
traces of hecke eigenvalues of T_{p^2} are:
-1 -88 
computing eigenvalues for k = 2, took 0.648671 sec
traces of hecke eigenvalues of T_{p^1} are:
-6 -6 -43 -3 3 -150 219 40 201 134 -137 190 -275 -612 12 -751 -722 348 980 183 -218 -347 
computing eigenvalues for k = 1, took 598.727263 sec
traces of hecke eigenvalues of T_{p^2} are:
5 44 
computing eigenvalues for k = 2, took 0.651432 sec
traces of hecke eigenvalues of T_{p^1} are:
-1 20 9 9 3 -162 -143 -252 169 -70 535 164 185 -684 -200 -397 -146 -284 -1152 1401 670 393 
computing eigenvalues for k = 1, took 599.567313 sec
traces of hecke eigenvalues of T_{p^2} are:
-3 48 
computing eigenvalues for k = 2, took 0.666857 sec
traces of hecke eigenvalues of T_{p^1} are:
-1 -1 -18 -3 -12 15 -26 -345 91 344 -497 140 80 48 -23 359 688 163 525 -1092 -1388 -882 
computing eigenvalues for k = 1, took 596.287574 sec
traces of hecke eigenvalues of T_{p^2} are:
0 -36 
computing eigenvalues for k = 2, took 0.644562 sec
