constructing eigenvector for poly
x^32-182*x^31+15845*x^30-878542*x^29+34846218*x^28-1052875254*x^27+25198975935*x^26-490435454206*x^25+7907561991534*x^24-107066042373042*x^23+1229636578446235*x^22-12068987272328738*x^21+101796121074278638*x^20-740745996744054754*x^19+4662547846875972217*x^18-25423319439912592874*x^17+120138353926010593197*x^16-491730124171728647584*x^15+1740590706147677990056*x^14-5314708531804888465416*x^13+13947242952055937577468*x^12-31304288432784718186848*x^11+59715339085697279815488*x^10-96038513704246460514144*x^9+128900767801279486450128*x^8-142518372666215561468288*x^7+127643106390621117756288*x^6-90573262966157328958720*x^5+49398575235797454899456*x^4-19824730089200397005824*x^3+5469498718333601353728*x^2-918236576372933804032*x+69993345797837488128
constructing eigenvector for poly
x-15
constructing eigenvector for poly
x-6
constructing eigenvector for poly
x^2-14*x+46
constructing eigenvector for poly
x^4-20*x^3+128*x^2-282*x+157
constructing eigenvector for poly
x^6-2*x^5-34*x^4+48*x^3+180*x^2-136*x-296
constructing eigenvector for poly
x^42+17*x^41-91*x^40-2849*x^39-698*x^38+209712*x^37+443625*x^36-9020161*x^35-27593172*x^34+253697284*x^33+922144602*x^32-4934530784*x^31-19909743203*x^30+68265430739*x^29+297427780974*x^28-678004151258*x^27-3174894774006*x^26+4795484759644*x^25+24574959447298*x^24-23396554695906*x^23-138423342951963*x^22+72320805354655*x^21+564308301729732*x^20-101677833081304*x^19-1641989297818635*x^18-158589544022481*x^17+3334531427667348*x^16+1072432898044412*x^15-4579907904356495*x^14-2329727647095291*x^13+4070376751320733*x^12+2759937376962047*x^11-2180483920588980*x^10-1898532417016774*x^9+601956260546283*x^8+736723870384163*x^7-41028141964953*x^6-144461117635869*x^5-12252617019436*x^4+11035043243980*x^3+1196967941752*x^2-306397658852*x-18722414888
constructing eigenvector for poly
x+3
constructing eigenvector for poly
x^3+9*x^2+23*x+13
constructing eigenvector for poly
x+3
constructing eigenvector for poly
x^2+2*x-2
constructing eigenvector for poly
x^7+23*x^6+213*x^5+1021*x^4+2723*x^3+4053*x^2+3135*x+977
constructing eigenvector for poly
x^29-166*x^28+13147*x^27-661246*x^26+23718440*x^25-645926128*x^24+13882752179*x^23-241668374280*x^22+3469844501814*x^21-41632546662282*x^20+421430889870273*x^19-3623912641177798*x^18+26599643214808476*x^17-167175040369186580*x^16+901111770722865057*x^15-4167097505229312316*x^14+16516587431349436457*x^13-55984338124563762116*x^12+161700413623862589744*x^11-395946743237711420232*x^10+816318604541110638156*x^9-1404293571663756721672*x^8+1992077674014254470304*x^7-2294348625745698762576*x^6+2101204825481255662928*x^5-1486588395063553381216*x^4+778985062445766964736*x^3-282842295876156439552*x^2+63050531997622851584*x-6440000028571197440
constructing eigenvector for poly
x^35-x^34-174*x^33+264*x^32+12863*x^31-25413*x^30-529973*x^29+1262225*x^28+13458620*x^27-37046586*x^26-220734902*x^25+688188310*x^24+2389030754*x^23-8418610422*x^22-17117388734*x^21+69409466010*x^20+79471226650*x^19-389760437918*x^18-220838505906*x^17+1488060984598*x^16+254015349827*x^15-3801185294255*x^14+447841883973*x^13+6263262035677*x^12-2186422506349*x^11-6185178479849*x^10+3494170785077*x^9+3104741722121*x^8-2591969669108*x^7-422670609948*x^6+770998332855*x^5-99005962923*x^4-69465243616*x^3+17859556040*x^2+463470036*x-288659836
computing eigenvectors took 1.465690 sec
For conductor 1, eigenvectors are:
a vector of length 88 over Number field with defining polynomial a number field of degree 32
-1 -1 -1 -1 -1 -1 -1 -1 -1 -1 -1 -1 -1 -1 -1 -1 -1 -1 -1 -1 -1 -1 -1 -1 -1 -1 -1 -1 -1 -1 -1 -1 -1 -1 -1 -1 -1 -1 -1 -1 -1 -1 -1 -1 -1 -1 -1 -1 -1 -1 -1 -1 -1 -1 -1 -1 -1 -1 -1 -1 -1 -1 -1 -1 -1 -1 -1 -1 -1 -1 -1 -1 -1 -1 -1 -1 -1 -1 -1 -1 -1 -1 -1 -1 -1 -1 -1 -1 over Number field with defining polynomial x-15
40 4 4 4 -14 -32 4 4 4 4 -14 4 -5 -14 4 4 4 -2 10 -14 -5 4 -5 4 -14 -14 -5 4 4 4 4 4 -2 -2 -2 -2 4 4 1 -5 -2 4 -2 -8 -5 -2 -2 -8 4 -2 -2 7 -2 -5 -2 4 1 1 1 7 -2 4 -2 1 1 -2 1 -5 4 1 -8 1 4 4 4 4 7 -8 7 1 -5 7 1 1 1 1 -2 -2 over Number field with defining polynomial x-6
260*a-3900 680*a-5808 -48*a+476 488*a-3660 348*a-3024 -572*a+5408 -252*a+1828 -220*a+1470 -156*a+754 182*a-1632 -220*a+1470 -316*a+2544 -316*a+2544 150*a-1274 86*a-558 246*a-2348 182*a-1632 80*a-956 348*a-3024 -32*a+297 -83*a+635 319*a-2467 335*a-2646 201*a-1612 367*a-3004 214*a-1990 -19*a-81 70*a-379 118*a-916 166*a-1453 134*a-1095 217*a-1791 -252*a+1828 86*a-558 182*a-1632 -86*a+436 246*a-2348 -182*a+1510 -16*a+118 -80*a+834 -48*a+476 -48*a+476 188*a-1234 54*a-200 -16*a+118 22*a+158 -16*a+118 16*a-240 -99*a+814 -115*a+993 16*a-240 3*a+138 51*a-399 32*a-419 166*a-1453 -48*a+476 -86*a+436 -48*a+476 -16*a+118 -48*a+476 -182*a+1510 16*a-240 -147*a+1351 -83*a+635 -61 102*a-737 169*a-1254 -61 -51*a+277 -166*a+1331 3*a+138 -61 -13*a+317 3*a+138 -83*a+635 -163*a+1530 -48*a+476 -166*a+1331 83*a-757 51*a-399 83*a-757 -99*a+814 32*a-419 32*a-419 51*a-399 35*a-220 -61 -64*a+655 over Number field with defining polynomial x^2-14*x+46
-600*a^3 + 7800*a^2 - 22440*a + 4440 -120*a^3 + 1536*a^2 - 5256*a + 7200 24*a^3 - 120*a^2 - 720*a + 1104 24*a^3 - 120*a^2 - 720*a + 1104 -120*a^3 + 1500*a^2 - 4008*a + 3444 -120*a^3 + 1464*a^2 - 2760*a - 312 24*a^3 - 120*a^2 - 720*a + 1104 -48*a^3 + 708*a^2 - 2988*a + 4152 -120*a^3 + 1536*a^2 - 5256*a + 7200 -48*a^3 + 708*a^2 - 2988*a + 4152 -48*a^3 + 672*a^2 - 1740*a + 396 24*a^3 - 120*a^2 - 720*a + 1104 18*a^3 - 282*a^2 + 618*a - 174 -90*a^3 + 1182*a^2 - 4182*a + 4122 -12*a^3 + 54*a^2 + 168*a + 1026 96*a^3 - 1428*a^2 + 5592*a - 5148 96*a^3 - 1428*a^2 + 5592*a - 5148 24*a^3 - 452*a^2 + 2392*a - 2284 -56*a^3 + 604*a^2 - 888*a - 1492 18*a^3 - 300*a^2 + 1242*a - 2052 24*a^3 - 378*a^2 + 1926*a - 2376 24*a^3 - 120*a^2 - 720*a + 1104 -12*a^3 + 36*a^2 + 792*a - 852 24*a^3 - 360*a^2 + 1302*a - 498 -54*a^3 + 768*a^2 - 3048*a + 2598 -18*a^3 + 354*a^2 - 1914*a + 1074 18*a^3 - 282*a^2 + 618*a - 174 -12*a^3 + 294*a^2 - 1854*a + 2628 24*a^3 - 360*a^2 + 1302*a - 498 24*a^3 - 360*a^2 + 1302*a - 498 -12*a^3 + 294*a^2 - 1854*a + 2628 -12*a^3 + 294*a^2 - 1854*a + 2628 -24*a^3 + 420*a^2 - 1816*a + 1884 -76*a^3 + 994*a^2 - 2744*a + 1002 24*a^3 - 292*a^2 + 1044*a - 1216 48*a^3 - 728*a^2 + 3148*a - 3300 24*a^3 - 280*a^2 + 628*a + 36 24*a^3 - 280*a^2 + 628*a + 36 -18*a^3 + 182*a^2 - 150*a - 1246 -20*a^3 + 122*a^2 + 504*a - 2298 24*a^3 - 452*a^2 + 2392*a - 2284 -4*a^2 - 128*a + 1052 48*a^3 - 728*a^2 + 3148*a - 3300 20*a^3 - 240*a^2 + 588*a - 1000 -4*a^3 + 42*a^2 - 376*a + 642 -16*a^2 + 288*a - 200 44*a^3 - 664*a^2 + 2276*a - 1832 -14*a^3 + 142*a^2 - 110*a - 210 -40*a^3 + 512*a^2 - 1352*a + 196 70*a^3 - 1052*a^2 + 4142*a - 4116 10*a^3 - 122*a^2 + 230*a + 26 -4*a^3 - 56*a^2 + 922*a - 1770 -14*a^3 + 234*a^2 - 1200*a + 1576 -12*a^3 + 196*a^2 - 556*a + 216 10*a^3 - 42*a^2 - 444*a + 560 -28*a^3 + 294*a^2 - 300*a - 846 -24*a^3 + 426*a^2 - 2024*a + 2510 22*a^3 - 174*a^2 - 274*a + 678 36*a^3 - 504*a^2 + 1888*a - 1632 -40*a^3 + 518*a^2 - 1560*a + 822 -14*a^3 + 314*a^2 - 1874*a + 2110 36*a^3 - 498*a^2 + 1680*a - 1006 -26*a^3 + 372*a^2 - 1578*a + 2084 -12*a^3 + 208*a^2 - 972*a + 1468 48*a^3 - 642*a^2 + 2266*a - 2140 -16*a^2 + 288*a - 200 -78*a^3 + 1032*a^2 - 3388*a + 2362 22*a^3 - 346*a^2 + 1490*a - 1642 -6*a^3 - 30*a^2 + 694*a - 1662 22*a^3 - 334*a^2 + 1074*a - 390 -4*a^3 + 36*a^2 - 168*a + 16 12*a^3 - 148*a^2 + 458*a - 82 36*a^3 - 418*a^2 + 1006*a - 472 -4*a^2 - 128*a + 1052 -40*a^3 + 592*a^2 - 2026*a + 730 -12*a^3 + 214*a^2 - 1180*a + 2094 20*a^3 - 332*a^2 + 1678*a - 2786 22*a^3 - 352*a^2 + 1698*a - 2268 20*a^3 - 332*a^2 + 1678*a - 2786 22*a^3 - 254*a^2 + 400*a + 144 -14*a^3 + 228*a^2 - 992*a + 950 -40*a^3 + 518*a^2 - 1560*a + 822 22*a^3 - 254*a^2 + 400*a + 144 10*a^3 - 196*a^2 + 696*a + 118 -10*a^2 + 80*a + 426 70*a^2 - 594*a + 960 -16*a^2 + 288*a - 200 -14*a^3 + 234*a^2 - 1200*a + 1576 over Number field with defining polynomial x^4-20*x^3+128*x^2-282*x+157
0 360*a^5 + 2868*a^4 - 23472*a^3 - 3552*a^2 + 68160*a + 18576 504*a^5 - 4356*a^4 - 3936*a^3 + 52992*a^2 - 8736*a - 112080 588*a^5 + 1404*a^4 - 21168*a^3 - 30768*a^2 + 85104*a + 102480 -516*a^5 + 906*a^4 + 8040*a^3 - 18864*a^2 - 9792*a + 33096 0 114*a^5 - 732*a^4 + 1152*a^3 - 13608*a^2 + 8472*a + 41952 -246*a^5 - 240*a^4 + 13392*a^3 - 3048*a^2 - 39912*a - 14256 0 213*a^5 - 1617*a^4 + 3252*a^3 - 960*a^2 - 8004*a + 12156 -246*a^5 - 240*a^4 + 13392*a^3 - 3048*a^2 - 39912*a - 14256 -57*a^5 + 366*a^4 - 576*a^3 + 6804*a^2 - 4236*a - 20976 -216*a^5 - 24*a^4 + 10416*a^3 + 2712*a^2 - 34608*a - 27120 168*a^5 - 1170*a^4 + 1848*a^3 + 10320*a^2 - 12144*a - 21192 246*a^5 - 2172*a^4 + 7296*a^3 - 5856*a^2 - 14088*a + 21744 300*a^5 - 1767*a^4 + 852*a^3 - 2004*a^2 + 1536*a + 20268 -426*a^5 + 2856*a^4 + 132*a^3 - 11244*a^2 + 648*a + 7752 288*a^5 - 530*a^4 - 9128*a^3 + 9768*a^2 + 21984*a - 4952 262*a^5 - 122*a^4 - 5656*a^3 - 1824*a^2 + 17384*a + 14296 -513*a^5 + 930*a^4 + 11712*a^3 + 1368*a^2 - 38532*a - 32040 -411*a^5 + 2124*a^4 + 1452*a^3 - 10116*a^2 - 1644*a + 10728 -273*a^5 + 738*a^4 + 6276*a^3 - 5556*a^2 - 19092*a + 2400 -291*a^5 + 603*a^4 + 8424*a^3 - 6840*a^2 - 24300*a + 2892 429*a^5 - 4056*a^4 + 696*a^3 + 40344*a^2 - 17052*a - 89328 -168*a^5 + 723*a^4 + 1728*a^3 - 5316*a^2 - 4344*a + 10020 336*a^5 - 1497*a^4 - 3444*a^3 + 564*a^2 + 11952*a + 19284 54*a^5 + 447*a^4 - 1572*a^3 - 3456*a^2 + 6624*a + 5628 261*a^5 - 1266*a^4 - 1872*a^3 + 6084*a^2 + 2508*a - 1200 366*a^5 - 1281*a^4 - 6420*a^3 + 6324*a^2 + 17256*a + 6420 -246*a^5 + 2610*a^4 - 5988*a^3 - 16524*a^2 + 24840*a + 35856 348*a^5 - 1416*a^4 - 4272*a^3 + 5040*a^2 + 12048*a + 6912 -348*a^5 + 1416*a^4 + 4272*a^3 - 5040*a^2 - 12048*a - 6912 164*a^5 + 160*a^4 - 8928*a^3 + 2032*a^2 + 26608*a + 9504 18*a^5 - 1260*a^4 + 720*a^3 + 17224*a^2 - 9640*a - 39456 206*a^5 - 582*a^4 - 1416*a^3 + 3880*a^2 + 2680*a - 4968 -46*a^5 + 218*a^4 + 3416*a^3 - 3320*a^2 - 8888*a - 1000 -232*a^5 + 361*a^4 + 3700*a^3 + 1528*a^2 - 11704*a - 12748 -186*a^5 + 1018*a^4 + 304*a^3 - 14960*a^2 + 8024*a + 34792 -238*a^5 + 1714*a^4 - 80*a^3 - 9048*a^2 + 3320*a + 10904 94*a^5 - 74*a^4 - 872*a^3 + 72*a^2 + 2072*a + 648 178*a^5 - 651*a^4 - 2720*a^3 + 7236*a^2 + 6112*a - 14308 276*a^5 - 620*a^4 - 7696*a^3 + 8912*a^2 + 18512*a - 4624 340*a^5 - 78*a^4 - 9240*a^3 + 1320*a^2 + 27280*a + 11128 -218*a^5 + 222*a^4 + 8480*a^3 - 6272*a^2 - 23144*a + 2584 -178*a^5 + 800*a^4 + 1528*a^3 - 8904*a^2 - 616*a + 18032 -182*a^5 + 492*a^4 + 4184*a^3 - 3704*a^2 - 12728*a + 1600 -38*a^5 - 870*a^4 + 104*a^3 + 13784*a^2 - 5592*a - 32392 18*a^5 + 281*a^4 - 1712*a^3 - 6176*a^2 + 8792*a + 18708 -94*a^5 - 190*a^4 + 3248*a^3 + 9976*a^2 - 15240*a - 34312 171*a^5 - 310*a^4 - 3904*a^3 - 456*a^2 + 12844*a + 10680 -36*a^5 + 408*a^4 - 388*a^3 - 3988*a^2 + 2464*a + 9176 -75*a^5 + 790*a^4 - 1560*a^3 - 13656*a^2 + 12804*a + 36104 68*a^5 - 843*a^4 + 1052*a^3 + 6484*a^2 - 4960*a - 14228 97*a^5 + 210*a^4 - 3488*a^3 + 5116*a^2 + 5900*a - 10960 -320*a^5 + 1752*a^4 + 1572*a^3 - 12652*a^2 - 400*a + 20616 -25*a^5 - 193*a^4 + 2784*a^3 - 4668*a^2 - 5564*a + 11252 9*a^5 + 207*a^4 - 820*a^3 + 4572*a^2 - 1788*a - 13660 251*a^5 - 1475*a^4 - 2160*a^3 + 11324*a^2 + 3124*a - 17572 -286*a^5 + 1054*a^4 + 4176*a^3 - 4528*a^2 - 13272*a - 1032 -39*a^5 - 35*a^4 + 2096*a^3 - 1440*a^2 - 6092*a + 2116 162*a^5 - 237*a^4 - 4020*a^3 - 4444*a^2 + 16280*a + 21204 -33*a^5 - 399*a^4 + 1876*a^3 + 9220*a^2 - 10676*a - 27220 -112*a^5 + 1191*a^4 - 1912*a^3 - 4044*a^2 + 5896*a + 4132 -18*a^5 - 3*a^4 + 960*a^3 - 6308*a^2 + 1376*a + 17324 3*a^5 - 1077*a^4 + 4524*a^3 + 6700*a^2 - 15556*a - 18316 133*a^5 - 609*a^4 - 2420*a^3 + 6268*a^2 + 5636*a - 10140 153*a^5 - 442*a^4 - 3384*a^3 + 4052*a^2 + 9548*a - 4304 37*a^5 + 159*a^4 - 1520*a^3 - 8444*a^2 + 10204*a + 25700 42*a^5 + 48*a^4 - 1008*a^3 + 7252*a^2 - 2928*a - 19336 105*a^5 - 287*a^4 - 2772*a^3 + 3312*a^2 + 6044*a - 892 43*a^5 - 766*a^4 + 1576*a^3 + 8324*a^2 - 8108*a - 21056 -17*a^5 + 286*a^4 - 196*a^3 - 6256*a^2 + 3876*a + 16168 -66*a^5 + 729*a^4 - 304*a^3 - 2524*a^2 + 80*a + 1356 -390*a^5 + 1739*a^4 + 3584*a^3 - 6756*a^2 - 10608*a + 1124 -72*a^5 + 124*a^4 + 2284*a^3 - 4120*a^2 - 4952*a + 7792 107*a^5 - 930*a^4 + 1468*a^3 + 7024*a^2 - 6220*a - 18232 -16*a^5 + 552*a^4 - 2372*a^3 - 148*a^2 + 6000*a + 600 159*a^5 - 414*a^4 - 4096*a^3 + 1124*a^2 + 12372*a + 8640 58*a^5 - 915*a^4 + 2044*a^3 + 4564*a^2 - 6728*a - 9940 -40*a^5 - 589*a^4 + 3700*a^3 + 10860*a^2 - 17616*a - 33292 104*a^5 + 259*a^4 - 6892*a^3 + 7148*a^2 + 17456*a - 12972 132*a^4 - 1188*a^3 - 5024*a^2 + 6584*a + 16832 146*a^4 + 436*a^3 - 7460*a^2 + 3584*a + 19200 146*a^4 + 436*a^3 - 7460*a^2 + 3584*a + 19200 -149*a^4 + 1192*a^3 + 1668*a^2 - 5496*a - 3724 426*a^4 - 500*a^3 - 6876*a^2 + 5232*a + 16064 -679*a^4 + 2756*a^3 + 3724*a^2 - 8736*a - 11092 -37*a^5 + 399*a^4 - 168*a^3 - 3456*a^2 + 1612*a + 7196 over Number field with defining polynomial x^6-2*x^5-34*x^4+48*x^3+180*x^2-136*x-296
a vector of length 88 over Number field with defining polynomial a number field of degree 42
For conductor 11, eigenvectors are:
0 0 1 -1 over Number field with defining polynomial x+3
2*a+8 -2 a^2 + 6*a + 7 a^2 + 6*a + 7 over Number field with defining polynomial x^3+9*x^2+23*x+13
For conductor 53, eigenvectors are:
0 0 1 -1 0 -1 0 0 0 1 over Number field with defining polynomial x+3
-a -2 a+2 -2*a-6 -a-4 a+4 -2*a-4 a+2 -2 -a-2 over Number field with defining polynomial x^2+2*x-2
4*a^6 + 88*a^5 + 756*a^4 + 3200*a^3 + 6954*a^2 + 7378*a + 3010 4*a^6 + 80*a^5 + 628*a^4 + 2462*a^3 + 5074*a^2 + 5226*a + 2112 2*a^6 + 40*a^5 + 310*a^4 + 1178*a^3 + 2300*a^2 + 2200*a + 814 -2*a^4 - 32*a^3 - 168*a^2 - 322*a - 202 8*a^3 + 78*a^2 + 212*a + 170 4*a^4 + 60*a^3 + 308*a^2 + 624*a + 430 -a^5 - 16*a^4 - 90*a^3 - 214*a^2 - 217*a - 72 2*a^5 + 33*a^4 + 198*a^3 + 536*a^2 + 678*a + 329 4*a^5 + 67*a^4 + 411*a^3 + 1139*a^2 + 1443*a + 680 -a^6 - 20*a^5 - 154*a^4 - 575*a^3 - 1080*a^2 - 949*a - 293 over Number field with defining polynomial x^7+23*x^6+213*x^5+1021*x^4+2723*x^3+4053*x^2+3135*x+977
For conductor 583, eigenvectors are:
a vector of length 64 over Number field with defining polynomial a number field of degree 29
a vector of length 64 over Number field with defining polynomial a number field of degree 35
For conductor 1:
traces of hecke eigenvalues of T_{p^1} are:
182 381 905 1740 5747 9158 11860 17594 27505 31692 44446 53085 60149 71373 112528 118746 145471 163790 167429 201033 219184 250273 300185 
computing eigenvalues for k = 1, took 97.455059 sec
traces of hecke eigenvalues of T_{p^2} are:
66 244 438 1120 
computing eigenvalues for k = 2, took 0.342425 sec
traces of hecke eigenvalues of T_{p^1} are:
15 40 156 400 2380 5220 7240 12720 25260 30784 52060 70644 81400 106080 208920 230764 305320 363024 394420 499360 578760 712980 922180 
computing eigenvalues for k = 1, took 100.840255 sec
traces of hecke eigenvalues of T_{p^2} are:
30 120 780 2800 
computing eigenvalues for k = 2, took 0.325707 sec
traces of hecke eigenvalues of T_{p^1} are:
6 13 12 58 139 207 319 759 771 832 1399 1308 1624 2526 3990 3964 4000 5805 4540 6439 6639 9360 9319 
computing eigenvalues for k = 1, took 102.264771 sec
traces of hecke eigenvalues of T_{p^2} are:
3 12 -84 64 
computing eigenvalues for k = 2, took 0.326767 sec
traces of hecke eigenvalues of T_{p^1} are:
14 22 62 132 444 488 832 1006 1884 1950 2866 3980 3724 4240 7714 8404 9866 9546 10404 12956 14412 14178 21206 
computing eigenvalues for k = 1, took 98.204665 sec
traces of hecke eigenvalues of T_{p^2} are:
12 8 60 256 
computing eigenvalues for k = 2, took 0.335428 sec
traces of hecke eigenvalues of T_{p^1} are:
20 33 119 178 615 1366 1375 1860 3917 3685 5653 7272 6657 8458 13889 15732 17970 21035 21534 24282 27053 32319 38530 
computing eigenvalues for k = 1, took 98.388499 sec
traces of hecke eigenvalues of T_{p^2} are:
0 -28 90 -176 
computing eigenvalues for k = 2, took 0.327213 sec
traces of hecke eigenvalues of T_{p^1} are:
2 12 -14 116 318 -542 634 -156 142 -226 -208 788 1368 -1756 2138 1300 3066 -2744 -324 -158 5886 -5882 6388 
computing eigenvalues for k = 1, took 10.791121 sec
traces of hecke eigenvalues of T_{p^2} are:
16 42 140 368 
computing eigenvalues for k = 2, took 0.350163 sec
traces of hecke eigenvalues of T_{p^1} are:
-17 -9 -86 189 -4 -133 8 1061 -411 1864 1589 -955 1873 3411 -3226 -2000 7457 241 -503 6039 -5414 -677 2051 
computing eigenvalues for k = 1, took 11.103414 sec
traces of hecke eigenvalues of T_{p^2} are:
-51 -67 -91 -610 
computing eigenvalues for k = 2, took 0.368969 sec
For conductor 11:
traces of hecke eigenvalues of T_{p^1} are:
-3 -4 -9 -4 15 81 -95 74 -121 -443 -10 0 280 -32 -219 236 -209 -722 -770 589 1349 1011 -268 
computing eigenvalues for k = 1, took 840.513183 sec
traces of hecke eigenvalues of T_{p^2} are:
3 -1 -16 -14 
computing eigenvalues for k = 2, took 0.646340 sec
traces of hecke eigenvalues of T_{p^1} are:
-9 -20 -11 -54 -129 65 -7 -204 79 -227 -424 -38 -672 -714 395 -710 -357 -14 130 661 1363 975 -1370 
computing eigenvalues for k = 1, took 831.309770 sec
traces of hecke eigenvalues of T_{p^2} are:
3 3 -54 -36 
computing eigenvalues for k = 2, took 0.657595 sec
For conductor 53:
traces of hecke eigenvalues of T_{p^1} are:
-3 -7 -6 -22 2 -29 -10 72 -38 -260 133 4 -567 -586 604 -360 -611 187 346 1529 206 674 1000 
computing eigenvalues for k = 1, took 462.283699 sec
traces of hecke eigenvalues of T_{p^2} are:
-1 2 -15 -14 
computing eigenvalues for k = 2, took 0.709386 sec
traces of hecke eigenvalues of T_{p^1} are:
-2 -20 2 -36 2 -226 -118 224 -262 214 424 1028 -232 -460 398 -136 -854 -536 -984 158 302 -4334 2388 
computing eigenvalues for k = 1, took 458.167755 sec
traces of hecke eigenvalues of T_{p^2} are:
4 22 48 16 
computing eigenvalues for k = 2, took 0.603934 sec
traces of hecke eigenvalues of T_{p^1} are:
-23 -44 -45 -118 -157 241 -251 -478 697 -739 -1782 628 -224 94 -715 -164 1405 -166 -1164 -189 -1181 1375 -1886 
computing eigenvalues for k = 1, took 457.048184 sec
traces of hecke eigenvalues of T_{p^2} are:
7 35 -10 52 
computing eigenvalues for k = 2, took 0.616432 sec
For conductor 583:
traces of hecke eigenvalues of T_{p^1} are:
166 321 815 1572 5151 8384 10996 15456 24745 28454 39656 48347 54235 63345 100752 109048 130311 146672 155655 183805 198604 229505 268999 
computing eigenvalues for k = 1, took 292.937409 sec
traces of hecke eigenvalues of T_{p^2} are:
63 124 366 976 
computing eigenvalues for k = 2, took 3.595977 sec
traces of hecke eigenvalues of T_{p^1} are:
1 11 -91 237 36 -236 364 156 417 1367 2103 -291 3732 -1181 -2621 -216 3361 1623 -657 8144 2868 -6776 730 
computing eigenvalues for k = 1, took 138.453625 sec
traces of hecke eigenvalues of T_{p^2} are:
-28 -72 -336 -186 
computing eigenvalues for k = 2, took 1.613706 sec
