constructing eigenvector for poly
x-2
constructing eigenvector for poly
x-5
constructing eigenvector for poly
x+4
constructing eigenvector for poly
x-15
constructing eigenvector for poly
x^2-14*x+46
constructing eigenvector for poly
x^2-6*x+6
constructing eigenvector for poly
x^6-36*x^5+513*x^4-3648*x^3+13351*x^2-23176*x+14979
constructing eigenvector for poly
x^10-6*x^9-82*x^8+384*x^7+2376*x^6-7216*x^5-28432*x^4+37376*x^3+127504*x^2-36448*x-143648
constructing eigenvector for poly
x^54-316*x^53+48677*x^52-4871222*x^51+356092869*x^50-20272241899*x^49+935721913220*x^48-35998824022421*x^47+1177679372143908*x^46-33261221948693715*x^45+820619133067673786*x^44-17853180310928620117*x^43+345116208211815168465*x^42-5964932462259759558601*x^41+92659035569902543658226*x^40-1299250605633116367888579*x^39+16504370223824595125434614*x^38-190516265501484866309982101*x^37+2003575347984430616609057982*x^36-19237590278280794328275475851*x^35+168942468112996786926194675835*x^34-1358943437636133867584988240197*x^33+10024054995178665598554194857568*x^32-67866496741804824618324394268947*x^31+422009146306989808490278850342092*x^30-2411171032231537837871633413738517*x^29+12660906485500385447892936225199834*x^28-61098705117673875902740282513602939*x^27+270919400530778196127654559238439899*x^26-1103343340841824829743735924692737751*x^25+4124539626975534965922207812453755698*x^24-14140805535656207990435298979973042789*x^23+44417125066101821050772353783259166585*x^22-127657662050869643759994205509692953447*x^21+335195034462039236918768209053925932329*x^20-802636473700169683544083561574759025743*x^19+1749031437141155613743738773670097164884*x^18-3459998697571565256051783402796841902288*x^17+6196300655651545152809629801325320984792*x^16-10012864054108236436796803284759744370000*x^15+14545421458037861619493478922361121632096*x^14-18912617918745189169324732638974583784768*x^13+21899810675492555958789448431156063610240*x^12-22450239043907125603832095405486720316160*x^11+20232618332568338956020838592450324607488*x^10-15896241260507745254807146238372127216640*x^9+10777762068498285563513307151479682809856*x^8-6227105210616032446834061361024099479552*x^7+3017428233414138264750882436810250723328*x^6-1200933055434441748061817932828024946688*x^5+381571184671620221008668491633844584448*x^4-92884777564863169740512061865408987136*x^3+16235058131604178658124065677484621824*x^2-1810516559588665474113430832041164800*x+96583490086145192376632800206913536
constructing eigenvector for poly
x^122+45*x^121+196*x^120-20288*x^119-281262*x^118+3734458*x^117+91240711*x^116-265965103*x^115-16855651281*x^114-25264636971*x^113+2125977016571*x^112+9190881909486*x^111-197832751858504*x^110-1321834134229675*x^109+14126796497599814*x^108+128954447275388947*x^107-787403845801215073*x^106-9613564343899464291*x^105+34091932214690180374*x^104+577040225526272612327*x^103-1095137223581768714819*x^102-28729242042620161986873*x^101+21283897763464912869592*x^100+1209744844289070740641164*x^99+144190623260881783351938*x^98-43684372086167994618764949*x^97-34266548094481783542682474*x^96+1366883513330406970137064005*x^95+1795117724778040807244262993*x^94-37361247125378364184420902572*x^93-65056819607670617984508438837*x^92+897844239259345505944539061137*x^91+1877140810428786121226317947417*x^90-19070075832039364810654044235904*x^89-45308418867945072260346217028951*x^88+359545153320937121549314292494874*x^87+936984646785035336731697944003838*x^86-6038892887555685524705525960444988*x^85-16830609078553101780346555011783023*x^84+90624653880380624037454464896859392*x^83+264865921420227700622043480708286132*x^82-1218056012930688317087093268490180163*x^81-3672892926199692168715428186436824584*x^80+14691076993828117821720721834218958165*x^79+45056324598892776873879093375965228964*x^78-159235215238334045712873565491426083175*x^77-490272322376586663733721480907856383237*x^76+1552616009287263904385743976135205779515*x^75+4740501171815671943682457461938418432840*x^74-13626308116982574131719430342217624112213*x^73-40773427953680942215428914872483522563852*x^72+107656804668310415256652375172750277702035*x^71+312106086601926024485222059278329883030695*x^70-765463672352224761522861069123903937583941*x^69-2126113396814781255935188162715959057250549*x^68+4894524090431499330154986474408959382185374*x^67+12883135256901800933241892003294562000677982*x^66-28112369573992330966766002037136340803761362*x^65-69377574449410890929731071612603801881387584*x^64+144811713404781124351720016435998573208617445*x^63+331603596582310248405462460325361712959919028*x^62-667686383719350564238606763379681821789217035*x^61-1404415679721053765472728098864090449582977387*x^60+2749018179959029610546222667003045407891759781*x^59+5259661012094951279109706432269776392568266831*x^58-10079218953304114665539935128779057395833096952*x^57-17376045975468758303056024103176232470102142182*x^56+32806815087427216078258296077903495533072694156*x^55+50496078825676007295232052693632165155009299675*x^54-94464218853782009268326902397515992848206866493*x^53-128676878988799840342121087650609071970492008327*x^52+239686950453890805881949639283801559347938803999*x^51+286518152927328050144770425944932208933755585538*x^50-533610375517872770944671162725653920323136880262*x^49-555336867900599125099490487636135762206317723051*x^48+1037399743638974619507675581033569288033460983247*x^47+933191032622163769685721647939323395316558538341*x^46-1752047534226275621459378049442436473870014599588*x^45-1354058377699261111935724091209378321331916420686*x^44+2555885089341147698650072171323425835056896404727*x^43+1690068896099973020185637787038301334423334169789*x^42-3200491571972201926820723069967150617195712581752*x^41-1808820318692606028909279212969720601918328619611*x^40+3416692183071761729722538718423787157853440798152*x^39+1656620816745480726461739978910364589389925349458*x^38-3086532679617752228410430677783481334734665028185*x^37-1297683369787744531997583654882299832984143672463*x^36+2340272223963177090873988343704809436257397724962*x^35+870260993122788861729688460675099494222870322281*x^34-1475943819132058248735448481187537061736777138452*x^33-500260854958420493689406432013831723006599988494*x^32+766378162360619680714509700666872828491337324804*x^31+246187815417355029872450675911314756902444836853*x^30-323724695207731647032044381000697318441306788900*x^29-102964560015215236858064214736497036325686285758*x^28+109610944129611367683508807856041047555532962913*x^27+36022803770807269830683439269642335153705884859*x^26-29187810216400172553502772228325611949198262781*x^25-10289278493669650004130388322251392954125792491*x^24+5958464621084046237144978006040986070909699316*x^23+2327018126766177873860047655344098400195098109*x^22-900313311341223234780811456574015823337603304*x^21-402525135369006686416391253084543311970904543*x^20+95799930879553495013781592917616043505070683*x^19+51361393074069637721763574366782498112242267*x^18-6658590923661438359375380680648869251012494*x^17-4674316076126897718886483041674295503580226*x^16+261657036996283576937695051808671783475852*x^15+296178449144247508382809952373880544225333*x^14-2874823904188191819591206698067892356783*x^13-12866750650893618455142890490359415036525*x^12-197955436716945035365737821188741442820*x^11+378425939356351341635250649490908985696*x^10+8870409593089472555400949257820326860*x^9-7392083647516432176053014161878630099*x^8-128664019564910223442447285822736904*x^7+91730228653399417877700778716002802*x^6+70886162325492865572997258276126*x^5-644165547774716395289037509976174*x^4+13905053690084394692813331296817*x^3+1799736341781789923776181584015*x^2-82872854317818653531567808183*x+872588938251968428196598522
constructing eigenvector for poly
x+4
constructing eigenvector for poly
x^20+34*x^19+488*x^18+3774*x^17+16115*x^16+29016*x^15-50383*x^14-377448*x^13-675754*x^12+167432*x^11+2343273*x^10+2837997*x^9-661511*x^8-3975684*x^7-2447467*x^6+802400*x^5+1375785*x^4+388737*x^3-64300*x^2-45106*x-5419
constructing eigenvector for poly
x^2+6*x+9
constructing eigenvector for poly
x^2+x-11
constructing eigenvector for poly
x^2+2*x-2
constructing eigenvector for poly
x^29+59*x^28+1576*x^27+25084*x^26+262463*x^25+1863633*x^24+8747451*x^23+22805191*x^22-6832767*x^21-327291191*x^20-1363440045*x^19-2545346892*x^18+193154449*x^17+12674698158*x^16+28172988388*x^15+15526892044*x^14-45762452815*x^13-99381051266*x^12-48883158872*x^11+79992095462*x^10+124232009499*x^9+27710716730*x^8-62788189503*x^7-45557541019*x^6+4476106885*x^5+13114056514*x^4+1950488717*x^3-1264931150*x^2-237566067*x+24813699
constructing eigenvector for poly
x^111-3*x^110-699*x^109+2515*x^108+231421*x^107-967413*x^106-48266392*x^105+229846436*x^104+7115006692*x^103-38148577698*x^102-788261593199*x^101+4732209268630*x^100+68114408388343*x^99-457741562858685*x^98-4699731319620296*x^97+35537593020829517*x^96+262656850028429019*x^95-2260771239841396628*x^94-11969279478794266474*x^93+119673814692705718621*x^92+443824519453212336461*x^91-5333147023007513256503*x^90-13175421623219444694128*x^89+201887530608577375693731*x^88+297842114306241096843685*x^87-6537130614151534410078457*x^86-4267189310754850123426730*x^85+182020034163778876124281383*x^84-8486463575273163059282952*x^83-4375398286392704400292095691*x^82+2886513685112575579196685486*x^81+91048449189107512080793618876*x^80-110704573275652111709698954986*x^79-1642780741423806625151540779420*x^78+2859841458730263072464658128648*x^77+25711206117744457275862421414308*x^76-58109243328004583309798027719276*x^75-348735866768444090690246257730666*x^74+977421037409625326202305462086465*x^73+4088242579738065622621503202619399*x^72-13932944101052251455521855696717253*x^71-41205905992020684717752477603049970*x^70+170468936135212554977676089477259349*x^69+353674632470079929884918238954520783*x^68-1803679839222678678916865338811503303*x^67-2538841905895823215525535428594312724*x^66+16581127910800698216479841815390677781*x^65+14671616898145767126461131030111644980*x^64-132823561078313303319710306302847991625*x^63-61533331068270787783328368688660651422*x^62+928753562610223616166519696923186618673*x^61+106874672751933579537221057703762112824*x^60-5673955826756225635705462947344320093490*x^59+1013196803425336720617216450317458810710*x^58+30293807087351414510457675669118203181245*x^57-13054148038409999202771991138057826990530*x^56-141321764198231909400044388444636358189359*x^55+92092995359173439647945324999545669197822*x^54+575670769937912130989152205907496272045515*x^53-488210663243457161668690058980616853862437*x^52-2045553089854051573482842906289633730475294*x^51+2098360889256487537573719237385046905378188*x^50+6331827680766107041010958039097768225295512*x^49-7530814600829304698827562405751097441890545*x^48-17044655809085287150911421389354043072390285*x^47+22879555324781971788746927410898448711697487*x^46+39818599601364101169401951442632204916576147*x^45-59240131140053688052657294332751592681494110*x^44-80526298488064646931034492283260578475789463*x^43+131115360277438156052210861382202814518810254*x^42+140553763851454256793612261338293188608557082*x^41-248243534924263239590121051014140516516085562*x^40-210975961927876387557687825907398334063673139*x^39+401716286428811469539811086666924132152706288*x^38+271148182630895714290813015293189120531563324*x^37-554464567470558065022814796095290970200956656*x^36-296778904952933534040560970256186189389725089*x^35+650697599847932319275565511266992661977758774*x^34+274808850566619042098382238342508107869713044*x^33-646621411265351042773469503932897006654353733*x^32-213503881536313857379723632915249350901579656*x^31+541355338005084099134855672485483960982968541*x^30+137730570450025750580852834339667708987965788*x^29-379521441761368117376234034121961346680394325*x^28-72798134779334336296455512935824819711164229*x^27+221205647599771764720619545628842119437232958*x^26+30982514244826670608000536085735468933796719*x^25-106293342506987075775541382618886392332601347*x^24-10369357952863406727518888754828131332075212*x^23+41693911322002337898230900673765314582101267*x^22+2637190048489092176916211514007092876205244*x^21-13195431386728221622905923552025186935035521*x^20-482227398198806544376476544683712108032438*x^19+3322729748311577026012513282463449945712858*x^18+56945786650323152070282512694437574124806*x^17-654489684464762974667052642398055443139546*x^16-3222357269659625091194109827881581097774*x^15+98723154362867226764334085981588559034563*x^14-14821421320793963712290765669520597141*x^13-11094666293201823569352343256636662659143*x^12-19387661711799755582476572221631710306*x^11+895173136711363600873501017063680991468*x^10+9005260040507295761127981524568410519*x^9-49206731365557763658886017743245013733*x^8-1152470904688504930051024438442031012*x^7+1703730582272107276873952780036420422*x^6+66452190574928901833862897724387035*x^5-32778977281727842772590492953680088*x^4-1694791484853935459017175006296953*x^3+276981257622259973964765793102384*x^2+14951144972797375299025222476917*x-477620724380951900135667274311
constructing eigenvector for poly
x^48-280*x^47+38117*x^46-3361730*x^45+215960541*x^44-10772151503*x^43+434294257496*x^42-14546194753693*x^41+412890875167646*x^40-10082046985271455*x^39+214257843569227268*x^38-3999442559673929265*x^37+66063026819979642337*x^36-971490002159969782389*x^35+12781853092756984374046*x^34-151077998154668620046647*x^33+1609627889843329632952388*x^32-15501380286922655861114525*x^31+135243478105166761130855680*x^30-1070901291820134933683910811*x^29+7706966127761807079781697223*x^28-50463401962544522490207282221*x^27+300845672308720062242396637420*x^26-1633677104009636565395913283299*x^25+8081591318221688949546900857538*x^24-36413637670593530961367193165185*x^23+149373058380165599592710261777832*x^22-557443250629743774616620891327303*x^21+1890597195761387606557525036693235*x^20-5819437387953633591530619496380899*x^19+16229848941154005562534585036680342*x^18-40926834179355170759474508653338777*x^17+93088061131833192498219782013138651*x^16-190416324450248583084446402246288267*x^15+349093056193092777723580700034677135*x^14-571266439125178342796455265551224843*x^13+830443192509552707040167064278472200*x^12-1066299005863410100534928519927063628*x^11+1201123560875075270852244273490748648*x^10-1177242596696673449448598034428416464*x^9+993911569074429802832064265807228160*x^8-713837298709505997179166333474578688*x^7+429241708485889268351508955264721920*x^6-211630131649373294488913562457751296*x^5+83141598214968447909583501971132416*x^4-24972701287395756587672885993890816*x^3+5372704794521400833129827455791104*x^2-735309304512549817981630523781120*x+47960013277509065322163028926464
computing eigenvectors took 21.379637 sec
For conductor 1, eigenvectors are:
-36 0 0 12 12 6 -12 30 -42 6 12 -24 -24 -42 -42 60 -40 -12 24 40 -14 -24 -18 24 14 -27 6 18 -24 18 -3 0 0 36 -15 9 3 -15 12 9 9 -9 6 -6 -9 -9 -24 33 12 6 -24 6 3 -18 -10 0 -16 -22 -28 4 -14 32 23 29 -16 1 10 14 0 -22 -6 -12 8 -18 -2 38 -12 10 25 -4 -6 -12 -26 -3 -17 16 29 -4 12 31 5 -12 5 4 2 7 -11 -12 2 -1 -6 -16 -10 -14 6 9 -4 -10 0 -24 9 10 -7 -22 -8 2 2 -17 -7 6 -6 -1 15 21 -13 6 1 24 -1 12 -8 -16 10 37 -4 -6 6 -1 -19 2 6 -12 6 -5 -2 16 -14 6 -16 13 7 3 -20 0 9 18 -5 -8 -6 21 -27 9 -19 -3 4 18 11 14 14 -6 -5 2 0 -5 -22 15 18 -5 2 4 21 -3 -4 13 4 -8 1 2 -5 8 11 7 -4 -10 -4 -6 -21 11 -14 -9 over Number field with defining polynomial x-2
0 0 0 -12 -12 12 -6 6 6 -6 -12 6 6 6 6 12 -8 0 12 -4 8 0 0 12 4 0 3 9 6 9 12 0 0 -9 6 0 6 -3 -3 0 0 0 3 6 9 0 6 3 6 3 6 3 6 6 -8 6 4 -2 -2 2 8 -2 4 -2 -2 2 8 4 6 -2 6 6 -2 6 2 -2 6 -4 -4 4 -6 -6 2 3 -4 -1 1 -2 3 2 4 -3 -5 -1 -2 -1 5 -6 -2 1 -6 -2 4 -4 0 0 4 4 0 0 0 2 1 -2 5 -2 -2 -1 -2 0 0 -2 -6 0 1 -3 2 3 1 3 -4 -8 -4 -7 1 -3 -3 1 4 1 3 3 0 -1 -1 -1 2 0 1 8 2 9 -1 0 3 -3 -1 -1 3 -3 0 -3 -2 -3 -4 -3 1 -5 -5 -6 -1 1 6 -1 -2 -3 -3 2 7 -1 3 0 -2 -1 2 -1 -1 -2 -1 1 1 -1 -2 1 -2 0 -3 -2 -1 -3 over Number field with defining polynomial x-5
-48 72 0 0 0 -24 -24 0 -48 36 0 12 12 -48 -48 36 0 16 20 -24 0 -16 -8 20 44 -36 6 12 0 12 -6 0 0 -18 0 12 -12 -24 12 12 12 12 6 -24 -6 12 0 24 36 -12 0 6 6 -32 24 12 -8 8 4 16 0 12 -10 16 16 -30 -16 20 8 12 -24 -12 -8 -32 22 -38 -12 42 -34 12 -44 52 -20 2 6 -4 -2 12 18 -24 2 22 -12 -26 0 12 2 22 -2 2 -28 -10 10 20 -20 -10 -4 4 20 2 -18 14 14 0 2 10 0 -12 28 -22 12 20 -11 -8 6 -18 -4 12 12 18 -4 0 -14 12 16 10 30 -2 -16 -22 22 -6 -18 14 -8 -4 -12 -18 14 4 4 -4 8 -6 8 -2 -18 -34 -18 -30 -12 -8 10 22 4 -2 -4 -4 -4 -30 10 2 -10 20 -2 14 16 18 2 9 2 -3 -5 -14 4 -5 -1 -9 6 1 5 -1 -7 -4 5 -5 18 -3 18 -17 over Number field with defining polynomial x+4
-1 -1 -1 -1 -1 -1 -1 -1 -1 -1 -1 -1 -1 -1 -1 -1 -1 -1 -1 -1 -1 -1 -1 -1 -1 -1 -1 -1 -1 -1 -1 -1 -1 -1 -1 -1 -1 -1 -1 -1 -1 -1 -1 -1 -1 -1 -1 -1 -1 -1 -1 -1 -1 -1 -1 -1 -1 -1 -1 -1 -1 -1 -1 -1 -1 -1 -1 -1 -1 -1 -1 -1 -1 -1 -1 -1 -1 -1 -1 -1 -1 -1 -1 -1 -1 -1 -1 -1 -1 -1 -1 -1 -1 -1 -1 -1 -1 -1 -1 -1 -1 -1 -1 -1 -1 -1 -1 -1 -1 -1 -1 -1 -1 -1 -1 -1 -1 -1 -1 -1 -1 -1 -1 -1 -1 -1 -1 -1 -1 -1 -1 -1 -1 -1 -1 -1 -1 -1 -1 -1 -1 -1 -1 -1 -1 -1 -1 -1 -1 -1 -1 -1 -1 -1 -1 -1 -1 -1 -1 -1 -1 -1 -1 -1 -1 -1 -1 -1 -1 -1 -1 -1 -1 -1 -1 -1 -1 -1 -1 -1 -1 -1 -1 -1 -1 -1 -1 -1 -1 -1 -1 -1 -1 -1 -1 -1 -1 -1 -1 -1 over Number field with defining polynomial x-15
-780*a+5980 -988*a+9100 -1144*a+11440 -780*a+5980 -806*a+6370 468*a-3224 468*a-3224 312*a-884 -585*a+4641 -767*a+5785 -741*a+5395 624*a-4771 507*a-3809 -273*a+3133 -65*a+13 468*a-3224 -624*a+3640 624 -442*a+4082 -754*a+5590 78*a-546 624 468*a-3224 -26*a+1014 130*a-1326 -78*a+1001 -351*a+2717 -546*a+4849 -78*a+208 -494*a+4069 -468*a+3679 195*a-1508 663*a-5356 -897*a+7735 221*a-1898 -130*a+1781 -91*a+403 234*a-2093 182*a-1313 455*a-3029 416*a-2444 -351*a+2717 143*a-728 221*a-1898 299*a-3068 -481*a+3874 390*a-3640 494*a-3614 -169*a+1573 468*a-3224 -26*a-572 -117*a+793 130*a-533 -130*a+988 416*a-2444 130*a-1326 -260*a+1352 -702*a+4810 -130*a+195 -169 260*a-2483 26*a+234 286*a-2080 -390*a+3302 260*a-1690 52*a-156 78*a-546 -156*a+1378 -78*a+208 130*a-533 26*a+234 182*a-1313 -338*a+2522 -156*a+1378 -104*a+598 78*a-546 -338*a+2522 104*a-936 -26*a-572 -104*a+598 312*a-2470 26*a+234 156*a-1716 130*a-1326 -195*a+1963 182*a-2106 -91*a+403 91*a-741 143*a-1521 -104*a+1391 -143*a+1183 169*a-1118 234*a-1300 26*a+234 91*a-741 -52*a+611 -130*a+988 -247*a+1950 156*a-1716 -65*a+13 -247*a+1950 -195*a+1170 39*a+39 26*a+234 273*a-1885 182*a-1313 -13*a+26 143*a-1521 -221*a+2353 247*a-1495 52*a-156 -195*a+1170 -65*a+806 -195*a+1170 -195*a+1170 -65*a+13 429*a-3432 -91*a+403 195*a-1508 26*a+234 143*a-728 -351*a+2717 -104*a+598 -65*a+13 156*a-1716 -26*a+221 -442*a+3289 -117*a+793 -78*a+208 -208*a+1365 -156*a+585 91*a-741 -260*a+2145 -13*a+26 104*a-143 377*a-2652 195*a-1508 403*a-3042 -195*a+1963 39*a+39 -195*a+1963 -221*a+1560 260*a-1690 -39*a+416 169*a-1118 -286*a+1742 221*a-1898 182*a-1313 104*a-936 13*a-364 26*a-559 -104*a+598 52*a-156 338*a-2860 234*a-1300 -143*a+1183 52*a-156 -299*a+2730 91*a-741 130*a-533 -104*a+1391 -52*a+611 -13*a+26 -52*a+611 377*a-3445 -39*a-377 728*a-5538 -286*a+2535 -169 78*a-546 -195*a+1170 -325*a+3120 91*a+52 -143*a+390 169*a-1118 195*a-1508 195*a-1508 -13*a+26 -26*a+221 78*a-546 -91*a+403 -26*a+221 -52*a+611 -169 104*a-936 52*a-949 -143*a+1183 416*a-3237 325*a-2665 117*a-1131 78*a-546 -143*a+1183 13*a-364 -234*a+1755 -221*a+1560 -286*a+2535 182*a-1313 -78*a+208 -195*a+1963 -169 over Number field with defining polynomial x^2-14*x+46
-12*a+84 -12*a+84 0 12*a-84 6*a-42 12*a-84 48*a-180 60*a-264 15*a-27 3*a-21 -3*a+21 -6*a+3 -57*a+243 -9*a-15 -27*a+111 -12*a+84 8*a-56 96*a-464 14*a-46 -6*a+42 -2*a+14 -24*a+116 28*a-92 -34*a+134 -42*a+190 48*a-219 33*a-153 24*a-129 36*a-174 12*a-45 -24*a+129 15*a-66 -15*a+66 3*a-21 -51*a+240 78*a-351 -3*a+21 -12*a+45 -18*a+87 -51*a+201 -24*a+90 33*a-153 -45*a+198 -51*a+240 -57*a+282 -21*a+108 -30*a+132 -66*a+306 27*a-111 -66*a+306 -6*a+42 33*a-153 -48*a+219 -6*a+16 -24*a+116 -30*a+158 24*a-116 -2*a+14 16*a-47 6*a-29 58*a-263 6*a-42 -10*a+44 30*a-158 -4*a+2 16*a-60 42*a-190 -4*a+2 -6*a+16 12*a-71 -30*a+158 20*a-101 2*a-14 -4*a+54 -8*a+30 14*a-46 30*a-158 20*a-88 -14*a+72 28*a-118 -12*a+58 6*a-42 -20*a+88 -28*a+118 -3*a+21 -28*a+118 a-7 -23*a+109 -17*a+67 -14*a+59 -9*a+37 -3*a+8 -30*a+132 -10*a+44 13*a-65 38*a-175 0 -21*a+108 10*a-44 9*a-63 -21*a+108 3*a-8 13*a-65 -4*a+2 -21*a+95 13 27*a-124 45*a-211 -5*a+35 -5*a+35 -14*a+72 3*a-8 -7*a+36 a-20 15*a-92 3*a-21 a+6 -7*a+23 5*a-22 -4*a+2 9*a-50 -7*a+49 -8*a+30 3*a-21 -30*a+132 6*a-29 -6*a+29 5*a-35 4*a-2 -16*a+99 14*a-85 -a+7 -22*a+115 7*a-36 10*a-57 15*a-66 a+6 3*a-8 -11*a+51 -a+7 -35*a+167 -15*a+66 10*a-44 11*a-38 3*a-8 22*a-102 -7*a+36 -4*a+15 30*a-132 -5*a+22 -6*a+29 12*a-58 18*a-74 14*a-72 14*a-46 17*a-93 14*a-72 17*a-80 11*a-51 8*a-43 -2*a+1 34*a-147 -9*a+50 -4*a+15 11*a-51 -19*a+107 44*a-204 6*a-29 -18*a+87 32*a-146 15*a-66 -13*a+52 5*a-22 -7*a+36 7*a-36 15*a-66 -19*a+94 5*a-22 -4*a+15 12*a-58 a-7 -32*a+159 -2*a+1 14*a-59 12*a-58 6*a-29 11*a-51 2*a-1 -11*a+51 -a+7 12*a-58 -23*a+109 -17*a+80 -8*a+43 -7*a+36 -18*a+87 4*a-15 4*a-28 -9*a+37 -13 over Number field with defining polynomial x^2-6*x+6
-1376*a^5 + 39936*a^4 - 450432*a^3 + 2441376*a^2 - 6235040*a + 5760992 -704*a^5 + 25056*a^4 - 336960*a^3 + 2119392*a^2 - 6110240*a + 6192224 -944*a^5 + 14928*a^4 - 19584*a^3 - 701376*a^2 + 3666160*a - 4641616 2704*a^5 - 74784*a^4 + 777120*a^3 - 3713856*a^2 + 7963504*a - 6208576 2704*a^5 - 74784*a^4 + 777120*a^3 - 3713856*a^2 + 7963504*a - 6208576 -200*a^5 + 6648*a^4 - 94704*a^3 + 684288*a^2 - 2323688*a + 2616488 664*a^5 - 17424*a^4 + 163344*a^3 - 636240*a^2 + 864232*a - 223792 1840*a^5 - 50712*a^4 + 519072*a^3 - 2393328*a^2 + 4775584*a - 3368296 -680*a^5 + 19872*a^4 - 220320*a^3 + 1140624*a^2 - 2703608*a + 2319632 1000*a^5 - 24864*a^4 + 220080*a^3 - 797232*a^2 + 926632*a - 8176 2704*a^5 - 74784*a^4 + 777120*a^3 - 3713856*a^2 + 7963504*a - 6208576 -344*a^5 + 12432*a^4 - 163584*a^3 + 979632*a^2 - 2641208*a + 2535248 -344*a^5 + 12432*a^4 - 163584*a^3 + 979632*a^2 - 2641208*a + 2535248 -680*a^5 + 19872*a^4 - 220320*a^3 + 1140624*a^2 - 2703608*a + 2319632 -680*a^5 + 19872*a^4 - 220320*a^3 + 1140624*a^2 - 2703608*a + 2319632 508*a^5 - 16524*a^4 + 207576*a^3 - 1245408*a^2 + 3492460*a - 3478228 -1088*a^5 + 29440*a^4 - 302368*a^3 + 1449568*a^2 - 3179104*a + 2543200 -304*a^5 + 7248*a^4 - 65216*a^3 + 278176*a^2 - 571536*a + 446864 -456*a^5 + 12248*a^4 - 120736*a^3 + 522144*a^2 - 918520*a + 521192 416*a^5 - 11728*a^4 + 128320*a^3 - 679968*a^2 + 1725824*a - 1591408 -296*a^5 + 10504*a^4 - 140624*a^3 + 881184*a^2 - 2535368*a + 2562328 -840*a^5 + 23592*a^4 - 257824*a^3 + 1359776*a^2 - 3403288*a + 3103928 -768*a^5 + 19424*a^4 - 186016*a^3 + 835984*a^2 - 1753088*a + 1370160 -456*a^5 + 12248*a^4 - 120736*a^3 + 522144*a^2 - 918520*a + 521192 -632*a^5 + 13928*a^4 - 93472*a^3 + 88144*a^2 + 955864*a - 1773304 -8*a^5 + 1224*a^4 - 28488*a^3 + 252192*a^2 - 919688*a + 1047920 400*a^5 - 9108*a^4 + 62688*a^3 - 56472*a^2 - 698528*a + 1304156 -620*a^5 + 18348*a^4 - 208080*a^3 + 1118472*a^2 - 2801468*a + 2536004 124*a^5 - 4644*a^4 + 68592*a^3 - 481776*a^2 + 1544020*a - 1665964 -620*a^5 + 18348*a^4 - 208080*a^3 + 1118472*a^2 - 2801468*a + 2536004 -404*a^5 + 9960*a^4 - 83184*a^3 + 235056*a^2 + 71884*a - 594400 -1556*a^5 + 45024*a^4 - 501000*a^3 + 2647392*a^2 - 6522860*a + 5828936 -1556*a^5 + 45024*a^4 - 501000*a^3 + 2647392*a^2 - 6522860*a + 5828936 -1016*a^5 + 32304*a^4 - 391536*a^3 + 2231928*a^2 - 5871824*a + 5567504 -356*a^5 + 5808*a^4 - 504*a^3 - 428304*a^2 + 2332636*a - 3115552 -188*a^5 + 6312*a^4 - 79056*a^3 + 458208*a^2 - 1207508*a + 1115864 688*a^5 - 21672*a^4 + 257088*a^3 - 1412040*a^2 + 3511288*a - 3124984 1012*a^5 - 27456*a^4 + 278400*a^3 - 1286616*a^2 + 2629948*a - 1944472 -536*a^5 + 16344*a^4 - 194112*a^3 + 1108584*a^2 - 2973224*a + 2836544 -188*a^5 + 6312*a^4 - 79056*a^3 + 458208*a^2 - 1207508*a + 1115864 -188*a^5 + 6312*a^4 - 79056*a^3 + 458208*a^2 - 1207508*a + 1115864 796*a^5 - 23292*a^4 + 260424*a^3 - 1370208*a^2 + 3327940*a - 2937676 400*a^5 - 9108*a^4 + 62688*a^3 - 56472*a^2 - 698528*a + 1304156 580*a^5 - 15420*a^4 + 149376*a^3 - 626352*a^2 + 1035988*a - 524332 -272*a^5 + 9540*a^4 - 129144*a^3 + 831960*a^2 - 2482448*a + 2575868 796*a^5 - 23292*a^4 + 260424*a^3 - 1370208*a^2 + 3327940*a - 2937676 124*a^5 - 4644*a^4 + 68592*a^3 - 481776*a^2 + 1544020*a - 1665964 52*a^5 - 300*a^4 - 16248*a^3 + 230040*a^2 - 1017548*a + 1264292 -344*a^5 + 9600*a^4 - 108120*a^3 + 616152*a^2 - 1741664*a + 1803704 340*a^5 - 11640*a^4 + 142032*a^3 - 761664*a^2 + 1745572*a - 1404304 124*a^5 - 4644*a^4 + 68592*a^3 - 481776*a^2 + 1544020*a - 1665964 400*a^5 - 9108*a^4 + 62688*a^3 - 56472*a^2 - 698528*a + 1304156 748*a^5 - 19140*a^4 + 177744*a^3 - 706848*a^2 + 1067188*a - 416524 160*a^5 - 3656*a^4 + 26144*a^3 - 37360*a^2 - 210544*a + 423656 664*a^5 - 19896*a^4 + 225392*a^3 - 1187872*a^2 + 2857528*a - 2494824 -424*a^5 + 10296*a^4 - 89696*a^3 + 322480*a^2 - 375816*a + 14120 -624*a^5 + 13016*a^4 - 78672*a^3 + 4464*a^2 + 1126944*a - 1890472 -784*a^5 + 18624*a^4 - 153152*a^3 + 465936*a^2 - 172432*a - 618480 24*a^5 - 288*a^4 + 512*a^3 - 1232*a^2 + 34440*a - 65200 832*a^5 - 21048*a^4 + 191856*a^3 - 736976*a^2 + 1020336*a - 280408 -296*a^5 + 10504*a^4 - 140624*a^3 + 881184*a^2 - 2535368*a + 2562328 -332*a^5 + 9324*a^4 - 98464*a^3 + 477248*a^2 - 1030612*a + 801556 172*a^5 - 6572*a^4 + 98600*a^3 - 706784*a^2 + 2323980*a - 2558548 -496*a^5 + 13608*a^4 - 138128*a^3 + 629952*a^2 - 1240880*a + 854984 -464*a^5 + 10712*a^4 - 88600*a^3 + 309128*a^2 - 398328*a + 104064 -224*a^5 + 4616*a^4 - 25544*a^3 - 32600*a^2 + 558472*a - 869776 912*a^5 - 26904*a^4 + 303248*a^3 - 1613280*a^2 + 3985408*a - 3585832 -80*a^5 + 3944*a^4 - 65360*a^3 + 479904*a^2 - 1558768*a + 1687944 64*a^5 - 1648*a^4 + 17904*a^3 - 109040*a^2 + 356800*a - 398992 96*a^5 - 4456*a^4 + 72320*a^3 - 525024*a^2 + 1684640*a - 1798968 752*a^5 - 22496*a^4 + 261376*a^3 - 1461168*a^2 + 3858768*a - 3684784 272*a^5 - 6136*a^4 + 45056*a^3 - 91024*a^2 - 189744*a + 495528 1968*a^5 - 54328*a^4 + 563216*a^3 - 2681392*a^2 + 5711584*a - 4414008 160*a^5 - 3656*a^4 + 26144*a^3 - 37360*a^2 - 210544*a + 423656 -16*a^5 + 728*a^4 - 7648*a^3 + 13536*a^2 + 99680*a - 209448 -260*a^5 + 5156*a^4 - 26656*a^3 - 46544*a^2 + 619588*a - 932212 -568*a^5 + 15504*a^4 - 164432*a^3 + 844640*a^2 - 2083112*a + 1903808 -84*a^5 + 2876*a^4 - 37616*a^3 + 232776*a^2 - 668428*a + 676812 -188*a^5 + 3476*a^4 - 8128*a^3 - 173336*a^2 + 1083724*a - 1492812 -8*a^5 + 1664*a^4 - 30528*a^3 + 198432*a^2 - 508264*a + 441872 -752*a^5 + 21184*a^4 - 221552*a^3 + 1046000*a^2 - 2152240*a + 1585120 -864*a^5 + 23664*a^4 - 240464*a^3 + 1099664*a^2 - 2173040*a + 1513248 -120*a^5 + 4960*a^4 - 73520*a^3 + 494672*a^2 - 1493528*a + 1543696 16*a^5 + 572*a^4 - 24640*a^3 + 270624*a^2 - 1119960*a + 1385260 1568*a^4 - 39808*a^3 + 357328*a^2 - 1301648*a + 1498400 -416*a^5 + 11620*a^4 - 124968*a^3 + 641792*a^2 - 1555656*a + 1392684 56*a^5 - 4192*a^4 + 78384*a^3 - 598024*a^2 + 1945592*a - 2088440 568*a^5 - 17296*a^4 + 205592*a^3 - 1179792*a^2 + 3198888*a - 3116632 216*a^5 - 5068*a^4 + 40216*a^3 - 110712*a^2 - 6344*a + 220572 492*a^5 - 15140*a^4 + 180016*a^3 - 1024288*a^2 + 2738876*a - 2637844 844*a^5 - 25220*a^4 + 290432*a^3 - 1595216*a^2 + 4107900*a - 3830260 384*a^5 - 9948*a^4 + 94848*a^3 - 400264*a^2 + 702800*a - 403692 60*a^5 - 2524*a^4 + 34336*a^3 - 196216*a^2 + 468884*a - 391836 44*a^5 - 1740*a^4 + 23080*a^3 - 129776*a^2 + 301668*a - 236924 -220*a^5 + 3696*a^4 - 992*a^3 - 275616*a^2 + 1534612*a - 2059048 -136*a^5 + 3272*a^4 - 27280*a^3 + 83352*a^2 - 21392*a - 144952 -364*a^5 + 8172*a^4 - 61152*a^3 + 145648*a^2 + 112692*a - 454980 300*a^5 - 10916*a^4 + 146408*a^3 - 901552*a^2 + 2507612*a - 2440220 -148*a^5 + 4800*a^4 - 59192*a^3 + 343440*a^2 - 921860*a + 894848 728*a^5 - 21896*a^4 + 251728*a^3 - 1365296*a^2 + 3429664*a - 3116304 168*a^5 - 5052*a^4 + 57744*a^3 - 309088*a^2 + 761472*a - 683804 84*a^5 - 1500*a^4 + 568*a^3 + 118144*a^2 - 670556*a + 902444 -540*a^5 + 14156*a^4 - 134848*a^3 + 552272*a^2 - 871668*a + 385076 -268*a^5 + 8096*a^4 - 93048*a^3 + 501024*a^2 - 1238644*a + 1104568 20*a^5 - 756*a^4 + 11952*a^3 - 93680*a^2 + 338412*a - 390860 -344*a^5 + 8824*a^4 - 83336*a^3 + 347320*a^2 - 597872*a + 349216 112*a^5 - 3616*a^4 + 40160*a^3 - 181232*a^2 + 283312*a - 91120 -140*a^5 + 2492*a^4 - 3656*a^3 - 150624*a^2 + 889716*a - 1221884 -172*a^5 + 3520*a^4 - 15856*a^3 - 85248*a^2 + 736524*a - 1099056 -412*a^5 + 11916*a^4 - 131792*a^3 + 687720*a^2 - 1665828*a + 1479324 -392*a^5 + 11600*a^4 - 131976*a^3 + 713728*a^2 - 1802584*a + 1650072 416*a^5 - 10900*a^4 + 102288*a^3 - 398880*a^2 + 537288*a - 123076 -272*a^5 + 7800*a^4 - 86224*a^3 + 455096*a^2 - 1128472*a + 1017928 -148*a^5 + 3888*a^4 - 35256*a^3 + 121104*a^2 - 82300*a - 114424 -112*a^5 + 3736*a^4 - 46536*a^3 + 269464*a^2 - 715312*a + 675256 320*a^5 - 9224*a^4 + 101328*a^3 - 525088*a^2 + 1268160*a - 1129128 96*a^5 - 1600*a^4 + 1744*a^3 + 93392*a^2 - 516928*a + 669312 444*a^5 - 10816*a^4 + 92720*a^3 - 314408*a^2 + 284324*a + 122328 552*a^5 - 16740*a^4 + 197016*a^3 - 1113200*a^2 + 2959720*a - 2824916 196*a^5 - 7168*a^4 + 97336*a^3 - 608464*a^2 + 1715340*a - 1677368 -144*a^5 + 5172*a^4 - 70776*a^3 + 456128*a^2 - 1350736*a + 1384932 -244*a^5 + 6724*a^4 - 69528*a^3 + 330512*a^2 - 703492*a + 531260 -144*a^5 + 3744*a^4 - 35488*a^3 + 146920*a^2 - 249952*a + 150792 -1244*a^5 + 34532*a^4 - 363456*a^3 + 1782024*a^2 - 3987812*a + 3258132 280*a^5 - 8884*a^4 + 107184*a^3 - 605200*a^2 + 1564352*a - 1442628 -248*a^5 + 7588*a^4 - 88968*a^3 + 493640*a^2 - 1271264*a + 1176692 1332*a^5 - 37164*a^4 + 390984*a^3 - 1900176*a^2 + 4166396*a - 3323708 568*a^5 - 14900*a^4 + 141256*a^3 - 568360*a^2 + 850176*a - 329380 172*a^5 - 4540*a^4 + 43144*a^3 - 175264*a^2 + 273204*a - 108940 568*a^5 - 16328*a^4 + 176544*a^3 - 877568*a^2 + 1950960*a - 1563520 588*a^5 - 15772*a^4 + 154216*a^3 - 655656*a^2 + 1115492*a - 594900 620*a^5 - 18540*a^4 + 209336*a^3 - 1097896*a^2 + 2622660*a - 2275668 -328*a^5 + 8848*a^4 - 91416*a^3 + 448536*a^2 - 1034736*a + 883368 24*a^5 - 212*a^4 - 4248*a^3 + 65528*a^2 - 284264*a + 338244 8*a^5 - 256*a^4 + 3480*a^3 - 22560*a^2 + 62936*a - 55512 436*a^5 - 12588*a^4 + 139328*a^3 - 728752*a^2 + 1767068*a - 1562292 476*a^5 - 11844*a^4 + 104920*a^3 - 379784*a^2 + 437516*a - 500 524*a^5 - 13428*a^4 + 125696*a^3 - 511752*a^2 + 829876*a - 415044 -344*a^5 + 10232*a^4 - 118976*a^3 + 669656*a^2 - 1788320*a + 1723752 120*a^5 - 2736*a^4 + 22392*a^3 - 76224*a^2 + 83736*a + 16360 -560*a^5 + 17812*a^4 - 217488*a^3 + 1258856*a^2 - 3383472*a + 3245428 -144*a^5 + 5000*a^4 - 66160*a^3 + 409608*a^2 - 1156936*a + 1145912 -60*a^5 + 1040*a^4 + 3056*a^3 - 138912*a^2 + 757324*a - 1027184 -340*a^5 + 10312*a^4 - 118024*a^3 + 627688*a^2 - 1520396*a + 1322168 -244*a^5 + 8388*a^4 - 107688*a^3 + 640616*a^2 - 1738764*a + 1685756 -416*a^5 + 11620*a^4 - 124968*a^3 + 641792*a^2 - 1555656*a + 1392684 300*a^5 - 6804*a^4 + 49712*a^3 - 94320*a^2 - 246996*a + 595708 -60*a^5 + 1040*a^4 + 3056*a^3 - 138912*a^2 + 757324*a - 1027184 -392*a^5 + 12352*a^4 - 146200*a^3 + 801496*a^2 - 1998296*a + 1795296 -184*a^5 + 5008*a^4 - 53024*a^3 + 274968*a^2 - 697216*a + 649008 104*a^5 - 3016*a^4 + 32992*a^3 - 165208*a^2 + 365424*a - 297752 -228*a^5 + 6092*a^4 - 56192*a^3 + 197160*a^2 - 145620*a - 163900 104*a^5 - 2492*a^4 + 21448*a^3 - 77288*a^2 + 97760*a - 15724 -532*a^5 + 14500*a^4 - 146168*a^3 + 657408*a^2 - 1253628*a + 835556 160*a^5 - 3828*a^4 + 30760*a^3 - 83880*a^2 - 16744*a + 184636 -308*a^5 + 9284*a^4 - 105824*a^3 + 562312*a^2 - 1367204*a + 1199340 -300*a^5 + 9628*a^4 - 117144*a^3 + 667448*a^2 - 1749164*a + 1649820 44*a^5 - 796*a^4 + 4592*a^3 - 8616*a^2 + 1820*a + 6924 164*a^5 - 4284*a^4 + 38160*a^3 - 125720*a^2 + 68796*a + 126052 -752*a^5 + 19852*a^4 - 190672*a^3 + 790424*a^2 - 1280496*a + 614028 -312*a^5 + 7464*a^4 - 63856*a^3 + 227416*a^2 - 281152*a + 42984 -192*a^5 + 6348*a^4 - 79512*a^3 + 466808*a^2 - 1260864*a + 1212628 -512*a^5 + 13468*a^4 - 130544*a^3 + 562104*a^2 - 1018584*a + 625652 -172*a^5 + 2964*a^4 - 9760*a^3 - 71992*a^2 + 464476*a - 615660 164*a^5 - 6004*a^4 + 85984*a^3 - 589584*a^2 + 1866380*a - 1999756 -308*a^5 + 9284*a^4 - 105824*a^3 + 562312*a^2 - 1367204*a + 1199340 308*a^5 - 9648*a^4 + 111696*a^3 - 588256*a^2 + 1382196*a - 1178024 32*a^5 + 132*a^4 - 15568*a^3 + 170664*a^2 - 666224*a + 788724 32*a^5 + 132*a^4 - 15568*a^3 + 170664*a^2 - 666224*a + 788724 412*a^5 - 11024*a^4 + 111544*a^3 - 524848*a^2 + 1127780*a - 890360 764*a^5 - 22436*a^4 + 252840*a^3 - 1351352*a^2 + 3368548*a - 3053868 980*a^5 - 26332*a^4 + 266344*a^3 - 1241480*a^2 + 2601660*a - 1986068 1092*a^5 - 29564*a^4 + 299480*a^3 - 1382912*a^2 + 2818172*a - 2059420 -740*a^5 + 21976*a^4 - 249216*a^3 + 1330584*a^2 - 3281780*a + 2929128 -68*a^5 + 2092*a^4 - 26360*a^3 + 166336*a^2 - 501212*a + 521900 -324*a^5 + 9840*a^4 - 114400*a^3 + 628904*a^2 - 1606372*a + 1491056 -564*a^5 + 15120*a^4 - 146328*a^3 + 601496*a^2 - 924588*a + 371536 -120*a^5 + 2372*a^4 - 11968*a^3 - 23592*a^2 + 285200*a - 422516 248*a^5 - 6096*a^4 + 52416*a^3 - 176088*a^2 + 146848*a + 97744 -356*a^5 + 9924*a^4 - 108112*a^3 + 573120*a^2 - 1459716*a + 1370036 -584*a^5 + 16616*a^4 - 179104*a^3 + 897976*a^2 - 2050232*a + 1712128 -412*a^5 + 11700*a^4 - 124016*a^3 + 599824*a^2 - 1287732*a + 991100 -232*a^5 + 6032*a^4 - 56792*a^3 + 226000*a^2 - 323880*a + 97288 -52*a^5 + 2040*a^4 - 29680*a^3 + 200792*a^2 - 619372*a + 652608 272*a^5 - 9400*a^4 + 123120*a^3 - 756856*a^2 + 2140112*a - 2132128 44*a^5 - 796*a^4 + 4592*a^3 - 8616*a^2 + 1820*a + 6924 8*a^5 + 344*a^4 - 12824*a^3 + 132120*a^2 - 523432*a + 629960 116*a^5 - 3128*a^4 + 29072*a^3 - 101912*a^2 + 69004*a + 94144 140*a^5 - 3148*a^4 + 22064*a^3 - 29976*a^2 - 177924*a + 351532 448*a^5 - 11176*a^4 + 100264*a^3 - 376488*a^2 + 494768*a - 100680 -36*a^5 + 76*a^4 + 14536*a^3 - 188136*a^2 + 810244*a - 1013644 -320*a^5 + 10212*a^4 - 125984*a^3 + 741592*a^2 - 2035248*a + 1981140 364*a^5 - 11200*a^4 + 133336*a^3 - 756616*a^2 + 1999732*a - 1893360 -104*a^5 + 2224*a^4 - 15432*a^3 + 31104*a^2 + 42136*a - 127384 -16*a^5 + 1308*a^4 - 24304*a^3 + 181344*a^2 - 576352*a + 616420 -656*a^4 + 19912*a^3 - 207584*a^2 + 853264*a - 1049832 -268*a^4 + 7520*a^3 - 73168*a^2 + 281368*a - 322588 -192*a^4 + 2760*a^3 - 6408*a^2 - 37336*a + 80856 -248*a^4 + 7872*a^3 - 86296*a^2 + 371032*a - 462984 1160*a^4 - 27768*a^3 + 236040*a^2 - 819416*a + 911552 over Number field with defining polynomial x^6-36*x^5+513*x^4-3648*x^3+13351*x^2-23176*x+14979
a vector of length 200 over Number field with defining polynomial a number field of degree 10
a vector of length 200 over Number field with defining polynomial a number field of degree 54
a vector of length 200 over Number field with defining polynomial a number field of degree 122
For conductor 11, eigenvectors are:
1 0 1 2 1 -1 2 0 1 1 1 0 -1 -1 -1 -1 0 -1 1 0 -1 0 -1 over Number field with defining polynomial x+4
a vector of length 23 over Number field with defining polynomial a number field of degree 20
6 0 0 0 a-1 -a-5 -a-2 -3 a+2 -a-5 -3 a-1 -a-2 0 0 a+2 -a+1 a+2 a+2 a+5 0 -a-5 -3 over Number field with defining polynomial x^2+x-11
For conductor 89, eigenvectors are:
-1 0 -2*a+2 -a-1 a-1 0 a -a -a+1 -a -1 0 0 -1 0 1 a -a a-1 a-1 -a+1 -1 a-1 -a+1 a -a-1 1 -a+1 -a 1 -1 over Number field with defining polynomial x^2+2*x-2
a vector of length 31 over Number field with defining polynomial a number field of degree 29
For conductor 979, eigenvectors are:
a vector of length 159 over Number field with defining polynomial a number field of degree 111
a vector of length 159 over Number field with defining polynomial a number field of degree 48
For conductor 1:
traces of hecke eigenvalues of T_{p^1} are:
2 5 41 64 178 345 321 469 936 713 1056 1644 1963 1998 3459 2968 3362 4526 5342 4905 5606 6552 11339 
computing eigenvalues for k = 1, took 18.217935 sec
traces of hecke eigenvalues of T_{p^2} are:
-9 -20 90 112 
computing eigenvalues for k = 2, took 0.349473 sec
traces of hecke eigenvalues of T_{p^1} are:
5 14 32 52 166 276 330 460 1074 1316 1386 1992 1978 2256 3396 3334 3110 3980 4760 5064 5984 7602 8000 
computing eigenvalues for k = 1, took 18.410003 sec
traces of hecke eigenvalues of T_{p^2} are:
0 16 36 16 
computing eigenvalues for k = 2, took 0.384604 sec
traces of hecke eigenvalues of T_{p^1} are:
-4 -6 16 -17 -46 66 42 49 -64 218 -6 91 -16 -307 -10 -260 196 368 1221 -282 -558 220 -312 
computing eigenvalues for k = 1, took 18.297254 sec
traces of hecke eigenvalues of T_{p^2} are:
2 -6 27 -14 
computing eigenvalues for k = 2, took 0.350930 sec
traces of hecke eigenvalues of T_{p^1} are:
15 40 156 400 2380 5220 7240 12720 25260 30784 52060 70644 81400 106080 151740 208920 230764 305320 363024 394420 499360 578760 922180 
computing eigenvalues for k = 1, took 18.449940 sec
traces of hecke eigenvalues of T_{p^2} are:
30 120 780 2800 
computing eigenvalues for k = 2, took 0.356264 sec
traces of hecke eigenvalues of T_{p^1} are:
14 22 62 132 444 488 832 1006 1884 1950 2866 3980 3724 4240 5232 7714 8404 9866 9546 10404 12956 14412 21206 
computing eigenvalues for k = 1, took 18.433705 sec
traces of hecke eigenvalues of T_{p^2} are:
12 8 60 256 
computing eigenvalues for k = 2, took 0.341700 sec
traces of hecke eigenvalues of T_{p^1} are:
6 10 -18 48 132 80 -4 -6 -204 338 794 44 112 856 -1128 -546 108 2362 -110 1060 -1580 -528 -1298 
computing eigenvalues for k = 1, took 18.625002 sec
traces of hecke eigenvalues of T_{p^2} are:
8 12 44 136 
computing eigenvalues for k = 2, took 0.353008 sec
traces of hecke eigenvalues of T_{p^1} are:
36 71 153 254 978 1773 2067 3367 4860 5485 8876 9900 10619 13816 16099 21638 22542 26176 30466 33213 35274 40422 58231 
computing eigenvalues for k = 1, took 18.343615 sec
traces of hecke eigenvalues of T_{p^2} are:
18 44 -18 -368 
computing eigenvalues for k = 2, took 0.363691 sec
traces of hecke eigenvalues of T_{p^1} are:
6 -28 0 212 400 -1062 854 -444 836 1008 -766 2516 -214 -1736 -3626 3170 4688 4306 -3674 -5650 10112 -980 13492 
computing eigenvalues for k = 1, took 18.422553 sec
traces of hecke eigenvalues of T_{p^2} are:
28 86 238 640 
computing eigenvalues for k = 2, took 0.352162 sec
traces of hecke eigenvalues of T_{p^1} are:
316 642 1550 2972 9642 16316 20230 29540 44882 53820 74614 91670 101316 121564 151636 189790 200886 246228 275144 291136 339580 373836 511996 
computing eigenvalues for k = 1, took 19.194356 sec
traces of hecke eigenvalues of T_{p^2} are:
138 408 876 2176 
computing eigenvalues for k = 2, took 0.450296 sec
traces of hecke eigenvalues of T_{p^1} are:
-45 93 -41 130 31 -660 2434 978 -2040 4210 524 -554 7377 2323 -1599 9288 8057 9389 4368 11416 10565 6103 7688 
computing eigenvalues for k = 1, took 28.859928 sec
traces of hecke eigenvalues of T_{p^2} are:
-108 -168 -448 -918 
computing eigenvalues for k = 2, took 2.188710 sec
For conductor 11:
traces of hecke eigenvalues of T_{p^1} are:
-4 -6 16 -17 -46 66 42 49 -64 218 -6 91 -16 -307 -10 -260 196 368 1221 -282 -558 220 -312 
computing eigenvalues for k = 1, took 433.803506 sec
traces of hecke eigenvalues of T_{p^2} are:
2 -6 27 -14 
computing eigenvalues for k = 2, took 0.717164 sec
traces of hecke eigenvalues of T_{p^1} are:
-34 -105 -136 -253 -224 158 -1006 147 -4 -1781 188 1608 -1457 -1851 2900 -1721 -5139 -1810 -1380 -351 -4901 -664 2615 
computing eigenvalues for k = 1, took 434.955148 sec
traces of hecke eigenvalues of T_{p^2} are:
8 9 -74 127 
computing eigenvalues for k = 2, took 0.754073 sec
traces of hecke eigenvalues of T_{p^1} are:
-6 -1 -28 -3 -153 12 98 128 0 -92 -447 -472 -100 320 173 -526 -276 -470 1651 -909 628 1397 -318 
computing eigenvalues for k = 1, took 428.497862 sec
traces of hecke eigenvalues of T_{p^2} are:
2 2 11 7 
computing eigenvalues for k = 2, took 0.716479 sec
For conductor 89:
traces of hecke eigenvalues of T_{p^1} are:
-2 -8 -8 -36 132 -22 -118 224 144 -592 -94 536 -662 -1400 -810 1106 1572 2362 -2098 622 -632 2460 3940 
computing eigenvalues for k = 1, took 421.598207 sec
traces of hecke eigenvalues of T_{p^2} are:
4 18 46 16 
computing eigenvalues for k = 2, took 1.097337 sec
traces of hecke eigenvalues of T_{p^1} are:
-59 -156 -188 -328 -437 411 -1089 471 -680 -2199 -1226 302 -1270 1871 612 -2092 -6003 -6801 -986 -317 -6563 -3445 -3469 
computing eigenvalues for k = 1, took 417.761371 sec
traces of hecke eigenvalues of T_{p^2} are:
13 98 24 70 
computing eigenvalues for k = 2, took 1.114705 sec
For conductor 979:
traces of hecke eigenvalues of T_{p^1} are:
3 115 -165 348 217 -77 2595 -1032 -706 3364 -391 2832 7760 -3573 1222 1861 6499 10700 5465 7785 20663 9101 8722 
computing eigenvalues for k = 1, took 139.386909 sec
traces of hecke eigenvalues of T_{p^2} are:
-68 -233 -607 -362 
computing eigenvalues for k = 2, took 1.991117 sec
traces of hecke eigenvalues of T_{p^1} are:
280 564 1350 2664 8692 14264 18172 25740 40432 46708 66704 82246 90222 106828 134316 167352 179864 216320 240004 257588 300252 333810 451992 
computing eigenvalues for k = 1, took 134.466146 sec
traces of hecke eigenvalues of T_{p^2} are:
120 336 612 2112 
computing eigenvalues for k = 2, took 1.112777 sec
