constructing eigenvector for poly
x-15
constructing eigenvector for poly
x^77-433*x^76+92081*x^75-12819809*x^74+1314222225*x^73-105791699347*x^72+6963810404018*x^71-385455832246057*x^70+18309300475604352*x^69-757978427877110598*x^68+27682207364157330741*x^67-900617768576454356832*x^66+26311711494884239062653*x^65-694893003160461580805468*x^64+16683438030791348244290298*x^63-365873047951828245845367247*x^62+7359355676523752829659065302*x^61-136257922001026855001911257071*x^60+2329406684034520200716922704525*x^59-36869878299274801869588553345241*x^58+541600756821716446576830212042157*x^57-7399176077991923832310724690481256*x^56+94187345750251195061866723725610764*x^55-1118978667323713423116415999868663182*x^54+12425199249160417161859441140076329828*x^53-129120683906625472374111788275329368584*x^52+1257163203260382671320747026193805274530*x^51-11479516551080593474718777204004844019004*x^50+98394287349864413318104007992675033672966*x^49-792243726438851445479986309511237952711120*x^48+5996149932075063005876619622907527448254712*x^47-42682518180147345706522909092679104301809402*x^46+285884279252483787859966882538530652427114241*x^45-1802411469448942849114905605124852547955117043*x^44+10699550745869970982990953837208842098875001019*x^43-59815652353990213453769088092206201184185533751*x^42+314961927108433081449496255920976519302250971023*x^41-1562135667425915896235216097890809657537320195355*x^40+7297741016719237931702900271895950546183212205710*x^39-32109019538298529647794596498127413239843052644657*x^38+133034083425134109617789962598862653713745657831620*x^37-518910965534246370416441457266097048350177976942786*x^36+1904941480664626502612060612925719062992864690992001*x^35-6579025467271787366020114924456557159409957201966356*x^34+21366408446393075851847555004206192548697369457554565*x^33-65216263597180953162364931849302508955621027259349820*x^32+186966256579501821775860641104561073810952139998940990*x^31-503088481522912599158904945270189862801400373548825399*x^30+1269552136941985437921143666375047205104521854412321136*x^29-3001862401573071665947230179934743430432838196340481885*x^28+6643991488416532121789317847604931879406218946882200751*x^27-13749308401928474269629596587997459910781002765680791647*x^26+26571069124697858332459450494181430316364955622527669803*x^25-47887168748524965499388930783691870382575953783846431490*x^24+80362582791445528715578703684804654967221702515778477828*x^23-125367884075338250192258959603553342369165757514501065240*x^22+181473028421892255528186228358574218850472356588073700368*x^21-243242921121794883453146668139127368593868941389647270528*x^20+301218515471353661553734385163650927194517696239214322560*x^19-343744656283823726505107897358124564186506198811220833920*x^18+360474563830772888441804660327205714385932401221375965696*x^17-346274881188491905858016605430202817504193921668952968704*x^16+303616224413811414409028009764586696151781235623497408512*x^15-242008973638873805082586434158400588538099526317314066432*x^14+174558073524640498623572164837593477889992254121481220096*x^13-113331884454934180787503714865325596702418811363302146048*x^12+65826822489567914043017137574770943791155242353198170112*x^11-33959968618913918013496921681686813418810076933047746560*x^10+15428784515387918484709748073811119091092200249032245248*x^9-6109576486010367428145146853306772402236436862475960320*x^8+2081993653258171207321889359602034944237530903323869184*x^7-600835470346496414631295469714730064971852540318056448*x^6+143791354044342420984959528511452738600636534168223744*x^5-27734127966616455898878109011960252730683587416817664*x^4+4137139941805538837088426672457345283090763072143360*x^3-447280481783804825497176739224270181777501717528576*x^2+31139454815867894632216859611629689493168146350080*x-1046539949115652228643829223837869084850499092480
constructing eigenvector for poly
x^100+48*x^99+539*x^98-9905*x^97-255976*x^96-56139*x^95+43904252*x^94+257324393*x^93-4156136980*x^92-44519289380*x^91+226090125257*x^90+4374446324500*x^89-4281750556746*x^88-298153590997865*x^87-416368863790815*x^86+15184666848616353*x^85+48280079821062252*x^84-598688455021460961*x^83-2893496056680650434*x^82+18540505352648274403*x^81+124362656911464846761*x^80-448679788653224163612*x^79-4185815301399408732604*x^78+8150113111355040484426*x^77+114779149047075671610163*x^76-94395631101813721165687*x^75-2621411638618528399348959*x^74-26877457863866811316487*x^73+50556046408832155070140553*x^72+33921642319262874705630193*x^71-830734741522237907780941571*x^70-1020276521746071656707638105*x^69+11697204276497120748514472971*x^68+20197262807308015716929466864*x^67-141584467321705913356736167949*x^66-311643397200874893617575947995*x^65+1474507308938479420428218542662*x^64+3957790035002118709598447458859*x^63-13190862387376423699676153514394*x^62-42401158425707536719783064312089*x^61+100871276524580622436748305789242*x^60+388234451394895168758948092572990*x^59-652756348750296383497587708569960*x^58-3060485478243149216565299886468981*x^57+3503653728281412939897615457072225*x^56+20855565793528497792992223587654027*x^55-14924805006358785467539612427441224*x^54-123080705315585650292729377318677971*x^53+44405290844171895721839576434530733*x^52+629176184616380710377778905423046282*x^51-36709642785398048500828453570927575*x^50-2782443730418674006693045609581989360*x^49-577173350762307259062913275883457004*x^48+10617140531823996584592046149329432531*x^47+4767493309546030552790802228329335735*x^46-34810559936477015778420982598572727150*x^45-23592560396907637124264607377707964219*x^44+97480306553966310037364796919729604839*x^43+88281820136105930270390742056115493122*x^42-231137738347497795220219378103601624451*x^41-265467246541619430828683481037440274767*x^40+458170260517974390346088030369386105216*x^39+655932931759061027690083383271089119212*x^38-743994969171445030667461837867380514142*x^37-1342281613636995862247866090949106445743*x^36+953911603241220618954412304584060564977*x^35+2276393202149194161600695845521398473362*x^34-887168031456950627473291119533199522250*x^33-3186279763143060711258783428088365676397*x^32+428869226379131287076785557929237525096*x^31+3650703194515619005983728511782602376509*x^30+285883365424347875231569152330752931754*x^29-3380144658960444367165840044863571516324*x^28-902279596817503061559630160279698934559*x^27+2480388816110716019517430817647159179844*x^26+1114168053442643122041571367008630699365*x^25-1398606366280687974321381365630258941519*x^24-911190752456472366590093045672051238434*x^23+572634832344859650235780475234239321536*x^22+535326699027851795483144137229054955021*x^21-148050550659518048205958383980047493052*x^20-228277129894447147539187604354382033245*x^19+10305517976844116390281655492376025319*x^18+69201686620715598678679876064899746012*x^17+8833723974737947378832725887712244881*x^16-14170427327033876018693723499331411997*x^15-3975303571610834997391577863968303564*x^14+1752780484356537260185423274275349569*x^13+826697153184446451450061478118266954*x^12-89447831139269598176206357460766713*x^11-94058199716852896983443015196711700*x^10-5119731225305370922612157610866528*x^9+5477485814304983900085319397965533*x^8+892830462291703224436038125664134*x^7-121703776337492133910434644826562*x^6-38476816465944016238068538895158*x^5-847625729895386664379158829312*x^4+499906146510813306196037032944*x^3+45844899892914657791043249700*x^2+554420221519562284942075536*x-44055677803682808370810928
constructing eigenvector for poly
x^22+64*x^21+1891*x^20+34251*x^19+425742*x^18+3851099*x^17+26217985*x^16+136940077*x^15+553736724*x^14+1733555989*x^13+4157973955*x^12+7433333974*x^11+9260124850*x^10+6410752612*x^9-1356564317*x^8-8918499794*x^7-10407850923*x^6-6181937140*x^5-1639029284*x^4+94697297*x^3+126365755*x^2+8824666*x+156953
computing eigenvectors took 10.046735 sec
For conductor 1, eigenvectors are:
-1 -1 -1 -1 -1 -1 -1 -1 -1 -1 -1 -1 -1 -1 -1 -1 -1 -1 -1 -1 -1 -1 -1 -1 -1 -1 -1 -1 -1 -1 -1 -1 -1 -1 -1 -1 -1 -1 -1 -1 -1 -1 -1 -1 -1 -1 -1 -1 -1 -1 -1 -1 -1 -1 -1 -1 -1 -1 -1 -1 -1 -1 -1 -1 -1 -1 -1 -1 -1 -1 -1 -1 -1 -1 -1 -1 -1 -1 -1 -1 -1 -1 -1 -1 -1 -1 -1 -1 -1 -1 -1 -1 -1 -1 -1 -1 -1 -1 -1 -1 -1 -1 -1 -1 -1 -1 -1 -1 -1 -1 -1 -1 -1 -1 -1 -1 -1 -1 -1 -1 -1 -1 -1 -1 -1 -1 -1 -1 -1 -1 -1 -1 -1 -1 -1 -1 -1 -1 -1 -1 -1 -1 -1 -1 -1 -1 -1 -1 -1 -1 -1 -1 -1 -1 -1 -1 -1 -1 -1 -1 -1 -1 -1 -1 -1 -1 -1 -1 -1 -1 -1 -1 -1 -1 -1 -1 -1 -1 over Number field with defining polynomial x-15
a vector of length 178 over Number field with defining polynomial a number field of degree 77
a vector of length 178 over Number field with defining polynomial a number field of degree 100
For conductor 643, eigenvectors are:
a vector of length 22 over Number field with defining polynomial a number field of degree 22
For conductor 1:
traces of hecke eigenvalues of T_{p^1} are:
15 40 156 400 1464 2380 5220 7240 12720 25260 30784 52060 70644 81400 106080 151740 208920 230764 305320 363024 394420 499360 578760 712980 922180 
computing eigenvalues for k = 1, took 136.808535 sec
traces of hecke eigenvalues of T_{p^2} are:
30 120 780 2800 
computing eigenvalues for k = 2, took 0.471921 sec
traces of hecke eigenvalues of T_{p^1} are:
433 903 2189 4208 9929 13655 22962 29123 41586 64673 76046 105837 130618 144459 171678 214475 270645 289079 348215 389706 413986 484776 531249 612518 726410 
computing eigenvalues for k = 1, took 138.139823 sec
traces of hecke eigenvalues of T_{p^2} are:
144 532 1122 2864 
computing eigenvalues for k = 2, took 0.775886 sec
traces of hecke eigenvalues of T_{p^1} are:
-48 91 -126 302 -104 640 -500 1952 84 -2217 4740 2678 -1492 9094 2747 373 4427 3133 10649 -2451 11024 6202 2343 -14060 4231 
computing eigenvalues for k = 1, took 23.606515 sec
traces of hecke eigenvalues of T_{p^2} are:
-46 -171 -384 -377 
computing eigenvalues for k = 2, took 0.962383 sec
For conductor 643:
traces of hecke eigenvalues of T_{p^1} are:
-64 -145 -98 -364 -92 -334 72 -648 -184 533 -1462 -1926 1512 -3092 -1305 -187 -1221 -893 -7041 4363 -1256 -2524 -2825 3364 -1347 
computing eigenvalues for k = 1, took 954.984494 sec
traces of hecke eigenvalues of T_{p^2} are:
30 93 -56 271 
computing eigenvalues for k = 2, took 0.862953 sec
