constructing eigenvector for poly
x+1
constructing eigenvector for poly
x-15
constructing eigenvector for poly
x-9
constructing eigenvector for poly
x-2
constructing eigenvector for poly
x-6
constructing eigenvector for poly
x^2-4*x-1
constructing eigenvector for poly
x^2+2*x-4
constructing eigenvector for poly
x^2-20
constructing eigenvector for poly
x^10-3*x^9-34*x^8+89*x^7+288*x^6-672*x^5-560*x^4+1639*x^3-677*x^2-192*x+109
constructing eigenvector for poly
x^2-12*x+18
constructing eigenvector for poly
x^2+4*x+1
constructing eigenvector for poly
x^3-5*x^2+2*x+10
constructing eigenvector for poly
x^4+4*x^3-17*x^2-18*x-4
constructing eigenvector for poly
x^3+5*x^2+2*x-6
constructing eigenvector for poly
x^4+4*x^3-40*x^2-88*x+124
constructing eigenvector for poly
x^10-56*x^9+1355*x^8-18564*x^7+158541*x^6-875528*x^5+3136849*x^4-7107572*x^3+9556702*x^2-6649624*x+1682696
constructing eigenvector for poly
x^5-26*x^4+244*x^3-1000*x^2+1719*x-914
constructing eigenvector for poly
x^9-52*x^8+1156*x^7-14357*x^6+109201*x^5-524050*x^4+1573194*x^3-2816153*x^2+2682476*x-1004912
constructing eigenvector for poly
x^19+18*x^18+37*x^17-943*x^16-4304*x^15+17499*x^14+110520*x^13-134330*x^12-1236946*x^11+347623*x^10+6672163*x^9+235175*x^8-17054778*x^7-632049*x^6+19971088*x^5-901082*x^4-9671581*x^3+1452245*x^2+1302504*x-281436
constructing eigenvector for poly
x^2-8*x+16
constructing eigenvector for poly
x^2-48*x+576
constructing eigenvector for poly
x^2-96*x+2304
constructing eigenvector for poly
x^2-332*x+27556
constructing eigenvector for poly
x^2-250*x+15625
constructing eigenvector for poly
x^2-452*x+51076
constructing eigenvector for poly
x^2-620*x+96100
constructing eigenvector for poly
x^4-20*x^3+134*x^2-340*x+289
constructing eigenvector for poly
x^4-136*x^3+6680*x^2-139808*x+1056784
constructing eigenvector for poly
x^4-168*x^3+10568*x^2-295008*x+3083536
constructing eigenvector for poly
x^4-384*x^3+54512*x^2-3388416*x+77862976
constructing eigenvector for poly
x^4-608*x^3+138048*x^2-13872128*x+520569856
constructing eigenvector for poly
x^4-1416*x^3+751496*x^2-177164256*x+15654013456
constructing eigenvector for poly
x^4-1224*x^3+552600*x^2-108970272*x+7925984784
constructing eigenvector for poly
x+3
constructing eigenvector for poly
x^2+2*x-4
constructing eigenvector for poly
x^2+8*x+11
constructing eigenvector for poly
x^2+4*x+1
constructing eigenvector for poly
x^3+11*x^2+36*x+33
constructing eigenvector for poly
x+1
constructing eigenvector for poly
x+5
constructing eigenvector for poly
x+6
constructing eigenvector for poly
x-1
constructing eigenvector for poly
x^5+19*x^4+131*x^3+410*x^2+572*x+271
constructing eigenvector for poly
x+2
constructing eigenvector for poly
x+2
constructing eigenvector for poly
x
constructing eigenvector for poly
x^22+20*x^21+33*x^20-1579*x^19-8104*x^18+38289*x^17+309560*x^16-211058*x^15-4838256*x^14-3992425*x^13+34108905*x^12+58104395*x^11-97221466*x^10-258409995*x^9+72353036*x^8+503043698*x^7+139262301*x^6-427053461*x^5-248146350*x^4+113950488*x^3+98891964*x^2+5036940*x-4169448
constructing eigenvector for poly
x+1
constructing eigenvector for poly
x-2
constructing eigenvector for poly
x+2
constructing eigenvector for poly
x-1
constructing eigenvector for poly
x-8
constructing eigenvector for poly
x-3
constructing eigenvector for poly
x^2-14*x+41
constructing eigenvector for poly
x^4-20*x^3+123*x^2-236*x+92
constructing eigenvector for poly
x^9-56*x^8+1348*x^7-18235*x^6+152041*x^5-805562*x^4+2692746*x^3-5429647*x^2+5940212*x-2670352
constructing eigenvector for poly
x^13-6*x^12-44*x^11+283*x^10+542*x^9-4339*x^8-1225*x^7+25019*x^6-7612*x^5-49488*x^4+25959*x^3+10782*x^2-5517*x-243
constructing eigenvector for poly
x^3-5*x^2+2*x+6
constructing eigenvector for poly
x^7+5*x^6-19*x^5-79*x^4+78*x^3+302*x^2+96*x+8
constructing eigenvector for poly
x^12-68*x^11+2045*x^10-35832*x^9+405629*x^8-3109056*x^7+16439419*x^6-59940372*x^5+148054334*x^4-238422512*x^3+233556140*x^2-122292592*x+25208208
constructing eigenvector for poly
x^4-16*x^3+86*x^2-176*x+121
constructing eigenvector for poly
x^4-68*x^3+1724*x^2-19312*x+80656
constructing eigenvector for poly
x^4-204*x^3+15116*x^2-480624*x+5550736
constructing eigenvector for poly
x^4-408*x^3+61424*x^2-4040832*x+98089216
constructing eigenvector for poly
x^4-680*x^3+164400*x^2-16592000*x+595360000
constructing eigenvector for poly
x^4-924*x^3+320156*x^2-49300944*x+2846862736
constructing eigenvector for poly
x^4-1428*x^3+753804*x^2-174221712*x+14884976016
constructing eigenvector for poly
x^3+18*x^2+108*x+216
constructing eigenvector for poly
x^3-24*x^2+192*x-512
constructing eigenvector for poly
x^3+36*x^2+432*x+1728
constructing eigenvector for poly
x^3-6*x^2+12*x-8
constructing eigenvector for poly
x^3+105*x^2+3675*x+42875
constructing eigenvector for poly
x^3-150*x^2+7500*x-125000
constructing eigenvector for poly
x^3-66*x^2+1452*x-10648
computing eigenvectors took 277.277893 sec
For conductor 1, eigenvectors are:
-12 0 12 4 8 -4 0 0 3 3 -3 0 6 0 -6 -3 3 -3 3 -3 0 0 0 2 -4 2 -4 0 2 2 0 -4 0 0 -2 -2 4 0 2 0 -4 -4 2 -1 1 -2 -2 -1 -1 2 -1 2 -1 -1 1 1 2 4 -2 2 -2 1 -1 0 2 -3 -2 -1 0 -1 3 1 -4 2 2 2 -2 0 0 1 2 0 -1 0 2 -1 0 -1 over Number field with defining polynomial x+1
-1 -1 -1 -1 -1 -1 -1 -1 -1 -1 -1 -1 -1 -1 -1 -1 -1 -1 -1 -1 -1 -1 -1 -1 -1 -1 -1 -1 -1 -1 -1 -1 -1 -1 -1 -1 -1 -1 -1 -1 -1 -1 -1 -1 -1 -1 -1 -1 -1 -1 -1 -1 -1 -1 -1 -1 -1 -1 -1 -1 -1 -1 -1 -1 -1 -1 -1 -1 -1 -1 -1 -1 -1 -1 -1 -1 -1 -1 -1 -1 -1 -1 -1 -1 -1 -1 -1 -1 over Number field with defining polynomial x-15
10 10 4 4 4 16 22 22 19 4 10 1 13 1 -5 10 10 1 4 1 10 1 4 -8 1 16 19 1 1 10 -2 4 -5 -2 22 13 16 1 -2 1 -8 -2 -5 -5 1 -5 -2 1 10 7 10 -8 4 1 -2 1 -5 4 4 -8 -8 7 7 4 -5 -2 1 1 -5 4 -2 -5 7 7 4 -2 4 -2 -5 -2 -11 -5 -2 -5 7 -8 -11 -8 over Number field with defining polynomial x-9
-12 36 -24 4 8 -16 12 -9 12 -6 -3 -18 -3 9 12 6 3 -3 -6 -3 0 9 12 2 -4 2 -4 0 8 -10 -6 2 -6 0 -2 -2 4 0 2 -6 5 -4 -7 -1 1 -2 7 5 8 2 -10 2 -1 8 -8 1 2 4 -2 -7 -2 -8 8 -6 -1 6 7 -10 3 -1 3 1 5 -7 8 2 -2 -9 0 1 2 0 -1 0 2 -1 3 -4 over Number field with defining polynomial x-2
88 -20 -56 88 16 -20 -20 -29 -47 -29 7 -20 25 -20 -29 -74 7 7 -2 34 7 7 16 -2 16 -38 16 -2 -2 -2 -2 -20 -38 -2 -38 16 -2 -2 25 16 25 16 43 16 -2 -29 -20 7 -2 -20 -2 34 7 16 -2 -11 -11 7 -2 -29 -20 16 25 -2 16 16 -11 25 25 25 -20 -11 7 -2 16 16 -2 7 -29 16 -2 -2 7 -20 -2 -11 -11 -11 over Number field with defining polynomial x-6
-120*a+696 -120*a+696 -168*a+408 40*a-232 40*a-232 -56*a+136 0 0 -30*a+174 -18*a+246 42*a-102 114*a-378 72*a-276 -42*a+102 54*a-30 42*a-102 42*a-102 -42*a+102 -18*a+246 -42*a+102 42*a-102 -42*a+102 -64*a+88 -72*a+40 8*a+48 48*a-184 -28*a+68 8*a+48 8*a+48 -12*a+164 -16*a-96 36*a-20 -44*a-28 -16*a-96 0 20*a-116 48*a-184 8*a+48 -20*a+116 -42*a+102 28*a-68 32*a-44 4*a+24 -46*a+78 10*a-58 58*a-242 34*a-150 -44*a+208 -8*a-48 12*a+72 -8*a-48 28*a-68 -14*a+34 10*a-58 -20*a+116 10*a-58 -46*a+78 -14*a+34 38*a-126 28*a-68 28*a-68 -38*a+126 14*a-34 -14*a+34 4*a+24 34*a-150 10*a-58 10*a-58 6*a-82 -14*a+34 34*a-150 4*a+24 -38*a+126 14*a-34 -16*a+140 34*a-150 -14*a+34 34*a-150 -21*a+51 33*a-97 24*a+26 -21*a+51 7*a-17 -21*a+51 -12*a+46 -23*a+39 -25*a+27 118 over Number field with defining polynomial x^2-4*x-1
0 -120*a+96 -72*a-48 0 8*a-112 -32*a-80 -32*a+96 24*a-72 48*a-12 24*a-72 -24*a+72 78*a-36 84*a-120 12*a-36 90*a-204 18*a+12 -24*a+72 42*a-60 -12*a+36 6*a+48 -24*a+72 -24*a+72 8*a-24 32*a-8 8*a-24 -8*a+24 -36*a+64 32*a-8 -12*a-8 32*a-8 -12*a-8 12*a+8 36*a+24 32*a-8 -8*a+24 8*a-24 32*a-8 32*a-8 -4*a+12 -14*a-24 18*a+12 -14*a+20 16*a-4 8*a-24 -34*a+36 -20*a+16 -32*a+8 -2*a+28 10*a-8 12*a+8 10*a-8 6*a+4 -24*a+28 8*a-24 -34*a+36 0 -22*a -24*a+28 -12*a-8 -42*a+60 -54*a+52 -14*a+20 18*a-32 10*a-8 8*a+20 -14*a+20 -22*a -4*a+12 -4*a-32 18*a-32 -32*a+8 -44*a+44 -2*a-16 -12*a-8 -14*a+20 -14*a+20 -12*a-8 -2*a-16 57*a-72 8*a-2 10*a-30 21*a-30 9*a+6 12*a+30 -a-8 -11*a+22 22 -22 over Number field with defining polynomial x^2+2*x-4
0 -48 12*a-72 0 12*a-40 8*a 8*a-32 -6*a+24 -12 -6*a+24 6*a-24 0 -3*a+6 -9*a+30 6*a-24 -3*a+18 3*a+18 -9*a+42 9*a-30 6*a-12 6*a-24 6*a-24 -6*a+20 -8 -6*a+20 -2*a+4 2*a+4 -2*a+20 -8*a+40 -8 -6*a+12 -16 4*a-16 -2*a+20 -2*a+4 -4*a-8 -2*a+20 -2*a+20 -2*a+16 -a+6 2*a-8 -2*a+12 -4 3*a-18 -2*a+4 3*a-6 8 2*a-16 -5*a+30 -a-2 -2*a-12 -8 -2*a+8 3*a-18 -3*a+18 3*a+2 12 -2*a+8 2*a-12 -a+10 -3*a+10 -a-2 2*a 4*a-8 2*a-12 -a-2 2*a-16 -a+2 -a+10 2*a 2*a-20 -2*a 2*a-8 2*a-12 -2*a+12 -2*a+12 2*a-12 2*a-8 -a+2 -2*a+4 a-6 2*a-4 -a+2 2*a-4 3*a-10 -2*a+8 -4 4 over Number field with defining polynomial x^2-20
a vector of length 88 over Number field with defining polynomial a number field of degree 10
-368 24*a-152 4*a+220 -44*a+64 52*a-452 -28*a+208 16*a-224 10*a-140 -24*a+244 4*a-194 -30*a+190 30*a-98 52*a-590 -66*a+694 -14*a+58 -12*a+352 18*a-206 48*a-350 16*a-86 -6*a-8 -30*a+190 -24*a+244 28*a-254 -18*a+22 -42*a+358 8*a-20 42*a-542 42*a-266 -6*a+130 -36*a+274 20*a-50 28*a-116 4*a-56 26*a-410 -44*a+340 -2*a-110 8*a-158 -54*a+526 -10*a+94 30*a-236 -6*a+130 8*a-20 28*a-254 -14*a+196 -6*a+130 10*a-140 -34*a+154 46 -12*a+76 26*a-134 12*a-122 -24*a+244 -2*a+28 6*a-38 20*a-50 12*a+16 40*a-146 -2*a+28 -8*a+112 -36*a+274 18*a-206 -22*a+124 -16*a+40 16*a-86 10*a-2 8*a-20 36*a-182 -36*a+274 -32*a+310 -14*a+58 14*a-242 -2*a-110 44*a-386 -10*a+94 4*a-56 8*a-20 -8*a+112 -22*a+262 -14*a+58 8*a-20 8*a-158 -2*a+166 26*a-134 16*a-224 -34*a+292 -92 -22*a+124 -92 over Number field with defining polynomial x^2-12*x+18
0 12*a-12 -12*a-12 0 4*a+12 8*a+8 8*a+24 -6*a-18 18*a+18 3*a+21 -3*a-21 15*a+21 -12*a-12 9*a+21 -6*a-12 3*a+3 -3*a-21 6*a+24 -9*a-21 -6*a-18 -6*a-12 -3*a-21 -2*a-6 2*a-2 -2*a-6 -8*a-8 6*a+10 4 -8 2*a-2 2*a-14 -10*a-6 -8*a+4 4 -8*a-8 -12 4 4 -4*a-4 3*a-5 a+9 2*a+2 -a+5 a+7 -5*a+5 4 -2*a+2 -3*a+3 -5*a-9 -3*a-5 -2 a+1 -3*a-3 2*a+4 2*a+6 4*a+10 -a-3 a+7 4*a+2 2*a-4 -2*a 8 a+5 -2*a+4 3*a+5 3*a-1 3*a+7 2*a a-1 2*a+2 -4 2*a+8 -2*a-4 4*a+2 2*a+2 3*a-1 a+11 -3*a-1 2*a -2*a-4 -a-1 -6*a-16 2*a 4*a-2 a+3 -3*a-3 2 -2 over Number field with defining polynomial x^2+4*x+1
-12*a+48 -12 12*a-36 4*a-16 4*a^2 - 20*a + 20 -4*a^2 + 12*a + 4 -4*a^2 + 16*a - 4 3*a^2 - 12*a + 3 3 3*a-9 -3*a^2 + 6*a + 21 3*a-12 -3*a^2 + 9*a + 6 -3 3*a-9 -3*a+9 3*a^2 - 9*a - 12 -3*a+12 3*a-9 -3*a+12 3*a-9 -3 -4*a+14 2*a-10 -2*a^2 + 10*a - 10 -2*a^2 + 4*a + 12 2*a^2 - 6*a - 2 0 2*a^2 - 6*a - 2 -2*a+10 2*a^2 - 4*a - 8 2*a^2 - 8*a 2*a^2 - 8*a + 2 0 4*a^2 - 10*a - 16 -2*a+8 -4*a+16 0 -a+1 2*a-7 2*a^2 - 6*a - 5 2*a-6 -a^2 + 5*a - 5 2*a^2 - 9*a + 5 -a^2 + 3*a + 2 2*a-8 a^2 - 3*a - 4 a-5 -3*a^2 + 14*a - 9 -a^2 + 3*a + 1 -a -2*a^2 + 5*a + 10 a^2 - 4*a + 1 2*a-5 2*a^2 - 6*a - 7 -2*a^2 + 5*a + 8 -a^2 + 3*a + 5 -1 -2*a^2 + 6*a + 4 -a^2 + 3*a + 4 -3*a+11 -2*a^2 + 6*a + 5 a^2 - 2*a - 5 -2 -a^2 + 4*a -3*a+9 -a^2 + 3*a + 5 -a+4 -a^2 + 2*a + 4 a^2 - 1*a - 11 3*a-12 a^2 - 3*a - 1 -a^2 + 2*a + 7 a^2 - 5*a + 4 2*a-6 2*a^2 - 7*a - 2 3*a-10 3 0 a^2 - 3*a - 2 -a+3 0 2*a-8 0 a^2 - 5*a + 5 -a^2 + 3*a + 3 1 -a+3 over Number field with defining polynomial x^3-5*x^2+2*x+10
-252*a^2 + 516*a + 192 -108*a^2 + 108*a + 36 -24*a^3 - 156*a^2 + 540*a + 204 84*a^2 - 172*a - 64 60*a^2 - 236*a - 92 -4*a^3 - 8*a^2 + 72*a + 28 -4*a^3 + 4*a^2 - 28*a - 12 3*a^3 - 3*a^2 + 21*a + 9 18*a^3 - 12*a^2 - 171*a - 51 -30*a^3 + 12*a^2 + 138*a + 51 -33*a^3 + 54*a^2 + 39*a - 3 -6*a^3 - 18*a^2 + 207*a + 66 6*a^3 + 12*a^2 - 108*a - 42 -24*a^3 + 24*a^2 + 30*a + 9 9*a^3 - 12*a - 3 6*a^3 + 39*a^2 - 135*a - 51 -12*a^3 - 63*a^2 + 96*a + 48 -24*a^3 - 12*a^2 + 132*a + 48 24*a^3 + 39*a^2 - 159*a - 57 30*a^3 + 15*a^2 - 165*a - 60 -45*a^3 - 36*a^2 + 360*a + 135 30*a^3 + 51*a^2 - 267*a - 99 -18*a^3 - 34*a^2 + 340*a + 122 -8*a^3 + 208*a + 62 20*a^3 - 18*a^2 - 338*a - 114 -8*a^3 - 22*a^2 + 194*a + 76 -4*a^3 + 10*a^2 + 54*a + 22 4*a^3 + 86*a^2 - 194*a - 72 -14*a^3 - 12*a^2 + 184*a + 50 24*a^3 - 40*a^2 - 160*a - 42 6*a^3 + 30*a^2 - 126*a - 48 -6*a^3 + 12*a^2 + 40*a + 16 16*a^3 - 36*a^2 - 150*a - 50 4*a^3 + 86*a^2 - 194*a - 72 -2*a^3 + 34*a^2 - 116*a - 56 2*a^3 + 8*a^2 + 30*a + 24 4*a^3 - 82*a^2 + 150*a + 56 4*a^3 + 86*a^2 - 194*a - 72 6*a^3 - 1*a^2 - 82*a - 27 2*a^3 + 34*a^2 - 88*a - 33 -9*a^3 - 20*a^2 + 195*a + 71 8*a^3 - 4*a^2 - 142*a - 46 -9*a^3 - 11*a^2 + 120*a + 41 -a^3 + 6*a^2 - 65*a - 21 a^3 + 11*a^2 - 27*a - 10 -3*a^3 + 16*a^2 - 47*a - 24 13*a^3 - 2*a^2 - 83*a - 26 -4*a^3 + 28*a^2 - 30*a - 11 9*a^3 - 31*a^2 - 34*a - 9 -8*a^3 - 11*a^2 + 201*a + 69 3*a^3 + 2*a^2 - 103*a - 36 3*a^3 + 21*a^2 - 113*a - 44 -6*a^3 + 3*a^2 + 49*a + 19 -13*a^2 + 26*a + 15 7*a^3 - 22*a^2 + 42*a + 17 -42*a^2 + 86*a + 32 5*a^3 + 9*a^2 - 98*a - 33 16*a^3 - 15*a^2 - 127*a - 39 -a^3 + 3*a^2 + 26*a + 16 -3*a^3 + 19*a^2 + 60*a + 20 4*a^3 + 36*a^2 - 91*a - 39 a^3 + 22*a^2 - 20*a - 17 2*a^3 - 5*a^2 - 27*a - 11 7*a^3 + 1*a^2 - 100*a - 34 11*a^3 + 2*a^2 - 130*a - 40 2*a^3 - 47*a^2 + 59*a + 21 10*a^3 + 20*a^2 - 114*a - 43 -6*a^3 + 14*a^2 + 56*a + 12 -10*a^3 + 2*a^2 + 145*a + 52 3*a^3 - 24*a^2 + 64*a + 25 -4*a^3 - 23*a^2 + 65*a + 24 4*a^3 - 11*a^2 + 4*a + 7 34*a^2 - 69*a - 31 2*a^3 + 31*a^2 - 129*a - 50 -8*a^3 + 16*a^2 + 42*a + 6 9*a^3 - 23*a^2 - 51*a - 10 -2*a^3 - 12*a^2 + 119*a + 42 -4*a^3 - 59*a^2 + 167*a + 63 6*a^3 + 3*a^2 - 33*a - 12 a^3 + 11*a^2 - 27*a - 10 a^3 + 5*a^2 - 43*a - 17 -12*a^3 - 6*a^2 + 66*a + 24 -2*a^2 + 33*a + 8 -12*a^3 - 6*a^2 + 66*a + 24 -5*a^3 + 12*a^2 + 55*a + 17 -13*a^2 + 26*a + 15 -9*a^2 + 9*a + 3 -12*a^2 + 34*a + 13 over Number field with defining polynomial x^4+4*x^3-17*x^2-18*x-4
24*a -12*a^2 - 48*a 12*a^2 + 24*a -8*a -4*a^2 - 8*a -8*a-24 16*a+24 -12*a-18 6*a^2 + 12*a - 18 3*a^2 + 6*a 3*a^2 -3*a^2 - 6*a + 18 6*a -3*a^2 - 12*a 6*a+18 -3*a^2 - 6*a 3*a^2 + 18*a + 18 6*a 3*a^2 + 6*a 6*a -6*a^2 - 18*a - 18 -3*a^2 - 12*a 6*a^2 + 16*a 2*a^2 + 4*a - 24 2*a^2 + 4*a -4*a^2 - 8*a + 24 2*a^2 + 4*a 0 4*a+12 -6*a^2 - 20*a -6*a^2 - 8*a + 12 6*a^2 + 16*a - 12 -8*a-12 0 4*a 4*a -8*a 0 6*a+6 -3*a^2 - 8*a -a^2 - 8*a 2*a^2 + 4*a -3*a^2 - 6*a -a^2 - 2*a + 12 -3*a^2 - 6*a - 6 4*a 6*a+12 3*a^2 + 10*a -a^2 - 8*a - 12 -a^2 - 2*a 2*a^2 + 10*a + 12 3*a^2 + 6*a - 6 -3*a^2 - 12*a - 12 -6 6 -2*a -a^2 - 2*a 3*a^2 + 12*a 4*a 2*a^2 + 10*a -6*a-6 6 -a^2 - 8*a - 12 -8*a-12 -3*a^2 - 8*a + 6 -3*a^2 - 6*a 3*a^2 + 6*a -6*a 3*a^2 + 4*a - 6 6*a+18 -6*a -6*a-18 6 2*a^2 + 10*a 4*a+12 3*a^2 + 6*a - 6 -3*a^2 - 6*a + 6 3*a^2 + 12*a 0 -2*a -a^2 - 2*a 0 2*a^2 + 4*a - 12 0 -a^2 - 2*a -a^2 - 2*a + 12 4*a+6 -2*a-6 over Number field with defining polynomial x^3+5*x^2+2*x-6
-336*a^2 + 3072*a - 19680 -24*a^3 + 1440*a^2 + 6960*a - 4800 -312*a^3 - 1296*a^2 + 7824*a + 11616 112*a^2 - 1024*a + 6560 -8*a^3 + 368*a^2 + 3344*a - 8160 160*a^3 + 1120*a^2 - 192*a - 7808 160*a^3 + 672*a^2 - 8768*a - 19264 -120*a^3 - 504*a^2 + 6576*a + 14448 -108*a^3 - 1224*a^2 + 3096*a + 16848 18*a^3 + 636*a^2 - 5748*a - 7224 -102*a^3 + 48*a^2 + 1596*a + 2304 102*a^3 + 36*a^2 - 2364*a + 2616 -96*a^3 - 792*a^2 + 6168*a + 19968 396*a^3 + 1176*a^2 - 10752*a - 18240 36*a^3 + 540*a^2 - 2880*a - 12744 78*a^3 + 324*a^2 - 1956*a - 2904 312*a^3 + 1524*a^2 - 11832*a - 42840 -246*a^3 - 1716*a^2 + 7572*a + 31896 72*a^3 + 600*a^2 + 552*a - 9024 402*a^3 + 984*a^2 - 14028*a - 7200 -102*a^3 + 48*a^2 + 1596*a + 2304 -306*a^3 - 1488*a^2 + 4548*a + 22656 -28*a^3 - 832*a^2 - 1800*a + 10496 172*a^3 + 1432*a^2 - 3000*a - 19184 -68*a^3 - 192*a^2 + 3112*a - 11584 168*a^3 + 904*a^2 - 6208*a - 20464 68*a^3 + 288*a^2 - 5272*a - 12512 -64*a^3 - 472*a^2 + 3600*a + 16592 -192*a^3 - 232*a^2 + 8800*a + 15184 212*a^3 + 456*a^2 - 4840*a - 16784 156*a^3 + 368*a^2 - 7688*a - 14816 60*a^3 + 504*a^2 + 744*a + 144 -48*a^3 + 520*a^2 + 1328*a - 14320 -4*a^3 + 1160*a^2 + 2856*a - 21136 -176*a^3 - 648*a^2 + 4240*a + 13136 -196*a^3 - 760*a^2 + 5592*a + 13904 212*a^3 + 624*a^2 - 6376*a - 6944 -100*a^3 - 784*a^2 + 2472*a - 1888 -100*a^3 - 308*a^2 + 4456*a + 18600 58*a^3 + 240*a^2 - 860*a - 496 -82*a^3 - 496*a^2 + 1188*a + 224 168*a^3 + 1212*a^2 - 2688*a - 9816 -50*a^3 - 392*a^2 + 1236*a - 944 58*a^3 - 192*a^2 - 1964*a + 11312 -82*a^3 + 76*a^2 + 1012*a - 3384 100*a^3 - 284*a^2 - 3456*a - 1304 -164*a^3 - 1172*a^2 + 5304*a + 19624 154*a^3 + 328*a^2 - 5004*a - 9728 12*a^3 - 280*a^2 - 1808*a + 5920 -4*a^3 + 136*a^2 + 2752*a + 7968 -144*a^3 - 928*a^2 + 2104*a + 11728 90*a^3 + 448*a^2 - 2404*a - 10432 288*a^3 + 1192*a^2 - 10168*a - 32704 38*a^3 + 184*a^2 - 20*a + 3552 -64*a^3 + 148*a^2 + 2344*a + 936 -78*a^3 - 296*a^2 + 1700*a + 4544 -62*a^3 - 384*a^2 - 164*a - 544 90*a^3 + 532*a^2 - 3172*a - 5512 -102*a^3 + 104*a^2 + 4252*a + 1888 -118*a^3 - 952*a^2 + 3300*a + 17888 114*a^3 + 160*a^2 - 2812*a - 4912 88*a^3 + 184*a^2 - 4008*a - 11072 -94*a^3 - 312*a^2 + 5156*a + 18400 -170*a^3 - 896*a^2 + 4644*a + 17200 -208*a^3 - 884*a^2 + 6040*a + 21432 -74*a^3 - 20*a^2 + 876*a - 1544 74*a^3 + 640*a^2 - 2132*a - 14112 -118*a^3 - 380*a^2 + 3124*a + 14280 32*a^3 + 180*a^2 - 1288*a - 11576 36*a^3 - 164*a^2 - 856*a - 2008 52*a^3 - 356*a^2 - 1128*a + 1672 -86*a^3 - 848*a^2 + 3348*a + 16720 -110*a^3 - 560*a^2 + 3756*a + 11200 98*a^3 + 792*a^2 - 868*a - 5072 -26*a^3 + 80*a^2 + 1460*a - 6576 -74*a^3 - 20*a^2 + 876*a - 1544 30*a^3 + 280*a^2 + 116*a + 1712 22*a^3 + 376*a^2 + 252*a - 128 36*a^3 + 540*a^2 - 2880*a - 12744 80*a^3 + 420*a^2 - 1984*a - 8408 36*a^3 + 52*a^2 - 3472*a - 4216 24*a^3 - 288*a^2 - 408*a + 5520 -4*a^3 - 172*a^2 - 768*a - 2680 -60*a^3 - 252*a^2 + 3288*a + 7224 -32*a^3 - 188*a^2 + 720*a - 3752 356*a^2 + 2440*a - 1400 140*a^2 + 1888*a + 4504 -84*a^2 - 2400*a - 1224 over Number field with defining polynomial x^4+4*x^3-40*x^2-88*x+124
a vector of length 88 over Number field with defining polynomial a number field of degree 10
48*a^3 - 648*a^2 + 1752*a + 1680 12*a^4 - 216*a^3 + 1020*a^2 - 360*a - 1224 -48*a^4 + 1092*a^3 - 8208*a^2 + 22164*a - 14184 48*a^3 - 648*a^2 + 1752*a + 1680 -28*a^4 + 648*a^3 - 4916*a^2 + 13224*a - 9600 8*a^4 - 240*a^3 + 2344*a^2 - 8408*a + 9032 8*a^4 - 120*a^3 + 240*a^2 + 1960*a - 3720 24*a^4 - 480*a^3 + 2958*a^2 - 5832*a + 3378 -6*a^4 + 84*a^3 - 78*a^2 - 2346*a + 6462 -3*a^4 + 84*a^3 - 849*a^2 + 3690*a - 5742 15*a^4 - 330*a^3 + 2421*a^2 - 6336*a + 2802 -33*a^4 + 750*a^3 - 5523*a^2 + 13878*a - 7512 42*a^4 - 948*a^3 + 7152*a^2 - 20472*a + 19530 12*a^4 - 243*a^3 + 1458*a^2 - 1941*a - 2502 27*a^4 - 579*a^3 + 3981*a^2 - 9153*a + 3972 -48*a^4 + 1083*a^3 - 7992*a^2 + 20583*a - 10950 15*a^4 - 330*a^3 + 2421*a^2 - 6336*a + 2802 9*a^4 - 177*a^3 + 1041*a^2 - 1413*a - 1776 -12*a^4 + 231*a^3 - 1296*a^2 + 1503*a + 2082 -30*a^3 + 594*a^2 - 3600*a + 6048 9*a^4 - 249*a^3 + 2391*a^2 - 9051*a + 9900 3*a^4 - 96*a^3 + 1011*a^2 - 4128*a + 5322 -14*a^4 + 296*a^3 - 1954*a^2 + 3920*a - 1048 10*a^4 - 208*a^3 + 1326*a^2 - 2116*a - 2444 -14*a^4 + 296*a^3 - 1954*a^2 + 3920*a - 1048 -4*a^4 + 68*a^3 - 340*a^2 + 544*a - 4 22*a^4 - 480*a^3 + 3426*a^2 - 8960*a + 8296 6*a^4 - 154*a^3 + 1306*a^2 - 3926*a + 2288 4*a^4 - 148*a^3 + 1676*a^2 - 6896*a + 8268 10*a^4 - 208*a^3 + 1326*a^2 - 2116*a - 2444 8*a^4 - 202*a^3 + 1696*a^2 - 5086*a + 3536 -22*a^4 + 512*a^3 - 3970*a^2 + 11360*a - 9320 -2*a^4 + 62*a^3 - 710*a^2 + 3514*a - 5984 6*a^4 - 154*a^3 + 1306*a^2 - 3926*a + 2288 -4*a^4 + 68*a^3 - 340*a^2 + 544*a - 4 -10*a^4 + 242*a^3 - 1934*a^2 + 5730*a - 5780 6*a^4 - 154*a^3 + 1306*a^2 - 3926*a + 2288 6*a^4 - 154*a^3 + 1306*a^2 - 3926*a + 2288 -16*a^4 + 364*a^3 - 2826*a^2 + 8508*a - 7230 6*a^4 - 149*a^3 + 1272*a^2 - 4207*a + 4446 20*a^4 - 473*a^3 + 3764*a^2 - 11323*a + 10676 4*a^4 - 92*a^3 + 736*a^2 - 2520*a + 3624 -13*a^4 + 280*a^3 - 2013*a^2 + 5368*a - 3718 3*a^4 - 98*a^3 + 1067*a^2 - 4532*a + 6188 5*a^4 - 134*a^3 + 1293*a^2 - 5208*a + 7056 2*a^4 - 56*a^3 + 476*a^2 - 1340*a + 1326 2*a^4 - 38*a^3 + 246*a^2 - 530*a - 496 -9*a^4 + 238*a^3 - 2087*a^2 + 6608*a - 5170 -16*a^4 + 377*a^3 - 2952*a^2 + 8545*a - 7550 3*a^4 - 70*a^3 + 493*a^2 - 786*a - 1224 5*a^4 - 151*a^3 + 1491*a^2 - 5411*a + 5278 -2*a^4 + 31*a^3 - 188*a^2 + 865*a - 1426 -24*a^4 + 547*a^3 - 4234*a^2 + 12483*a - 10248 -9*a^4 + 181*a^3 - 1255*a^2 + 3733*a - 4246 6*a^4 - 116*a^3 + 728*a^2 - 1658*a + 452 7*a^4 - 167*a^3 + 1299*a^2 - 3575*a + 2472 -15*a^4 + 364*a^3 - 2959*a^2 + 8896*a - 7366 21*a^4 - 494*a^3 + 3941*a^2 - 11946*a + 10494 -a^4 + 31*a^3 - 321*a^2 + 1253*a - 1562 5*a^4 - 77*a^3 + 155*a^2 + 1577*a - 3604 a^4 - 5*a^3 - 95*a^2 + 577*a - 694 12*a^4 - 272*a^3 + 2126*a^2 - 6538*a + 5836 -4*a^4 + 97*a^3 - 738*a^2 + 1781*a - 836 a^4 - 17*a^3 + 69*a^2 + 93*a - 314 7*a^4 - 122*a^3 + 561*a^2 - 130*a - 1732 6*a^4 - 119*a^3 + 746*a^2 - 1615*a + 1258 16*a^4 - 371*a^3 + 2884*a^2 - 8173*a + 5308 -17*a^4 + 409*a^3 - 3401*a^2 + 11153*a - 11468 -5*a^4 + 100*a^3 - 553*a^2 + 296*a + 2154 -16*a^4 + 376*a^3 - 3060*a^2 + 10046*a - 11270 -6*a^4 + 142*a^3 - 1144*a^2 + 3488*a - 2708 13*a^4 - 311*a^3 + 2533*a^2 - 7971*a + 7476 -21*a^4 + 487*a^3 - 3883*a^2 + 12281*a - 12416 -a^4 + 31*a^3 - 321*a^2 + 1253*a - 1562 4*a^4 - 92*a^3 + 736*a^2 - 2520*a + 3624 -8*a^4 + 187*a^3 - 1586*a^2 + 5745*a - 6810 5*a^4 - 122*a^3 + 1059*a^2 - 3670*a + 3016 -9*a^4 + 208*a^3 - 1561*a^2 + 4016*a - 1982 a^4 - 15*a^3 + 83*a^2 - 557*a + 2480 -2*a^4 + 51*a^3 - 404*a^2 + 1025*a - 454 -9*a^4 + 201*a^3 - 1471*a^2 + 3893*a - 3274 22*a^4 - 486*a^3 + 3554*a^2 - 9530*a + 7064 7*a^4 - 150*a^3 + 1031*a^2 - 2318*a + 590 -8*a^4 + 168*a^3 - 1060*a^2 + 1732*a + 584 7*a^3 - 126*a^2 + 673*a - 938 -12*a^3 + 198*a^2 - 988*a + 1810 9*a^3 - 182*a^2 + 1077*a - 1804 -21*a^3 + 344*a^2 - 1515*a + 1384 over Number field with defining polynomial x^5-26*x^4+244*x^3-1000*x^2+1719*x-914
4*a^8 - 172*a^7 + 3068*a^6 - 29312*a^5 + 161460*a^4 - 512380*a^3 + 874620*a^2 - 652008*a + 67648 -4*a^8 + 200*a^7 - 4196*a^6 + 48100*a^5 - 328284*a^4 + 1359256*a^3 - 3311404*a^2 + 4298444*a - 2249216 -4*a^7 + 168*a^6 - 2852*a^5 + 24984*a^4 - 118788*a^3 + 289120*a^2 - 276212*a - 13760 20*a^7 - 796*a^6 + 12956*a^5 - 110492*a^4 + 523608*a^3 - 1336864*a^2 + 1602528*a - 596256 8*a^8 - 372*a^7 + 7256*a^6 - 77056*a^5 + 483272*a^4 - 1811164*a^3 + 3884248*a^2 - 4198816*a + 1601552 -8*a^7 + 288*a^6 - 4180*a^5 + 31324*a^4 - 128204*a^3 + 274604*a^2 - 254352*a + 42368 -12*a^7 + 472*a^6 - 7600*a^5 + 64488*a^4 - 308388*a^3 + 818848*a^2 - 1092544*a + 547584 -14*a^7 + 558*a^6 - 9124*a^5 + 78780*a^4 - 383910*a^3 + 1038398*a^2 - 1401688*a + 687080 -2*a^8 + 92*a^7 - 1816*a^6 + 20044*a^5 - 134622*a^4 + 558692*a^3 - 1382472*a^2 + 1836348*a - 986168 8*a^7 - 324*a^6 + 5410*a^5 - 47952*a^4 + 241416*a^3 - 681476*a^2 + 980662*a - 541952 8*a^8 - 384*a^7 + 7780*a^6 - 86352*a^5 + 569280*a^4 - 2253272*a^3 + 5121268*a^2 - 5887016*a + 2424336 -2*a^8 + 98*a^7 - 2020*a^6 + 22816*a^5 - 154026*a^4 + 634466*a^3 - 1552176*a^2 + 2054796*a - 1123952 4*a^7 - 144*a^6 + 2174*a^5 - 18300*a^4 + 95760*a^3 - 317380*a^2 + 606806*a - 488872 2*a^8 - 94*a^7 + 1858*a^6 - 20066*a^5 + 128682*a^4 - 497606*a^3 + 1118786*a^2 - 1306666*a + 575776 -2*a^7 + 66*a^6 - 814*a^5 + 4224*a^4 - 2766*a^3 - 62218*a^2 + 242822*a - 283984 4*a^8 - 202*a^7 + 4316*a^6 - 50624*a^5 + 353352*a^4 - 1484074*a^3 + 3593448*a^2 - 4443204*a + 2024344 -4*a^8 + 186*a^7 - 3650*a^6 + 39294*a^5 - 252288*a^4 + 981178*a^3 - 2231234*a^2 + 2667478*a - 1255056 -2*a^8 + 92*a^7 - 1774*a^6 + 18640*a^5 - 116190*a^4 + 438212*a^3 - 974226*a^2 + 1168560*a - 582656 8*a^7 - 324*a^6 + 5410*a^5 - 47952*a^4 + 241416*a^3 - 681476*a^2 + 980662*a - 541952 -2*a^8 + 92*a^7 - 1774*a^6 + 18640*a^5 - 116190*a^4 + 438212*a^3 - 974226*a^2 + 1168560*a - 582656 -4*a^8 + 186*a^7 - 3650*a^6 + 39294*a^5 - 252288*a^4 + 981178*a^3 - 2231234*a^2 + 2667478*a - 1255056 2*a^8 - 94*a^7 + 1858*a^6 - 20066*a^5 + 128682*a^4 - 497606*a^3 + 1118786*a^2 - 1306666*a + 575776 2*a^8 - 90*a^7 + 1680*a^6 - 16844*a^5 + 98254*a^4 - 338182*a^3 + 667032*a^2 - 697476*a + 313560 -2*a^7 + 96*a^6 - 1784*a^5 + 16448*a^4 - 78494*a^3 + 176192*a^2 - 109504*a - 94584 -4*a^8 + 190*a^7 - 3820*a^6 + 42288*a^5 - 280436*a^4 + 1132426*a^3 - 2689796*a^2 + 3378376*a - 1671480 -10*a^7 + 368*a^6 - 5480*a^5 + 42320*a^4 - 179526*a^3 + 402464*a^2 - 400768*a + 89128 -4*a^8 + 204*a^7 - 4348*a^6 + 50384*a^5 - 345300*a^4 + 1421884*a^3 - 3393316*a^2 + 4204608*a - 2000592 2*a^8 - 90*a^7 + 1694*a^6 - 17312*a^5 + 104370*a^4 - 377538*a^3 + 795254*a^2 - 887708*a + 399712 4*a^7 - 152*a^6 + 2378*a^5 - 19792*a^4 + 94388*a^3 - 257920*a^2 + 377726*a - 237816 2*a^8 - 94*a^7 + 1880*a^6 - 20808*a^5 + 138626*a^4 - 565158*a^3 + 1364004*a^2 - 1760700*a + 919384 -2*a^8 + 102*a^7 - 2198*a^6 + 25962*a^5 - 182070*a^4 + 765226*a^3 - 1840370*a^2 + 2226838*a - 958832 -2*a^8 + 98*a^7 - 1998*a^6 + 21998*a^5 - 141698*a^4 + 538250*a^3 - 1143398*a^2 + 1163614*a - 353008 8*a^7 - 352*a^6 + 6342*a^5 - 60164*a^4 + 321364*a^3 - 954892*a^2 + 1440950*a - 843640 -6*a^7 + 244*a^6 - 4082*a^5 + 36132*a^4 - 180742*a^3 + 502504*a^2 - 699810*a + 359008 2*a^8 - 106*a^7 + 2332*a^6 - 27752*a^5 + 194522*a^4 - 816106*a^3 + 1976584*a^2 - 2476748*a + 1193496 -8*a^7 + 300*a^6 - 4566*a^5 + 36104*a^4 - 156560*a^3 + 354660*a^2 - 338322*a + 36296 -2*a^8 + 86*a^7 - 1546*a^6 + 15054*a^5 - 85802*a^4 + 287302*a^3 - 530818*a^2 + 447566*a - 78896 -2*a^8 + 96*a^7 - 1938*a^6 + 21394*a^5 - 140502*a^4 + 558280*a^3 - 1297758*a^2 + 1587518*a - 758720 -2*a^8 + 96*a^7 - 1960*a^6 + 22096*a^5 - 149130*a^4 + 609340*a^3 - 1444908*a^2 + 1766236*a - 813144 2*a^8 - 98*a^7 + 2008*a^6 - 22326*a^5 + 145994*a^4 - 566970*a^3 + 1246532*a^2 - 1351862*a + 489744 2*a^8 - 100*a^7 + 2078*a^6 - 23312*a^5 + 153250*a^4 - 597520*a^3 + 1322822*a^2 - 1462820*a + 564944 4*a^8 - 180*a^7 + 3396*a^6 - 34896*a^5 + 212252*a^4 - 776572*a^3 + 1652796*a^2 - 1844272*a + 803504 4*a^8 - 192*a^7 + 3894*a^6 - 43342*a^5 + 287384*a^4 - 1149732*a^3 + 2664566*a^2 - 3178446*a + 1416824 -2*a^8 + 92*a^7 - 1766*a^6 + 18372*a^5 - 112594*a^4 + 413544*a^3 - 882966*a^2 + 994952*a - 447680 -2*a^8 + 94*a^7 - 1864*a^6 + 20250*a^5 - 130746*a^4 + 507550*a^3 - 1134604*a^2 + 1290882*a - 535384 -2*a^8 + 102*a^7 - 2178*a^6 + 25304*a^5 - 173686*a^4 + 713474*a^3 - 1683950*a^2 + 2030352*a - 914600 2*a^8 - 90*a^7 + 1712*a^6 - 17866*a^5 + 110750*a^4 - 410710*a^3 + 864304*a^2 - 891118*a + 299096 2*a^8 - 98*a^7 + 2016*a^6 - 22598*a^5 + 149598*a^4 - 590366*a^3 + 1322896*a^2 - 1464378*a + 540048 2*a^8 - 86*a^7 + 1550*a^6 - 15216*a^5 + 88386*a^4 - 308062*a^3 + 619302*a^2 - 636588*a + 235832 -2*a^8 + 110*a^7 - 2502*a^6 + 30704*a^5 - 221434*a^4 + 953374*a^3 - 2359822*a^2 + 2996924*a - 1432920 2*a^8 - 86*a^7 + 1550*a^6 - 15216*a^5 + 88386*a^4 - 308062*a^3 + 619302*a^2 - 636588*a + 235832 -2*a^8 + 98*a^7 - 2028*a^6 + 23020*a^5 - 155598*a^4 + 634598*a^3 - 1501476*a^2 + 1839052*a - 859072 2*a^8 - 92*a^7 + 1780*a^6 - 18790*a^5 + 117218*a^4 - 435968*a^3 + 920872*a^2 - 963934*a + 345024 2*a^8 - 96*a^7 + 1946*a^6 - 21632*a^5 + 143110*a^4 - 570600*a^3 + 1316230*a^2 - 1560616*a + 691080 2*a^8 - 94*a^7 + 1850*a^6 - 19786*a^5 + 124726*a^4 - 468810*a^3 + 1005926*a^2 - 1085262*a + 413320 2*a^8 - 90*a^7 + 1700*a^6 - 17502*a^5 + 106638*a^4 - 389934*a^3 + 823452*a^2 - 893962*a + 357792 -2*a^8 + 92*a^7 - 1766*a^6 + 18372*a^5 - 112594*a^4 + 413544*a^3 - 882966*a^2 + 994952*a - 447680 4*a^8 - 196*a^7 + 4058*a^6 - 46112*a^5 + 312236*a^4 - 1276780*a^3 + 3031438*a^2 - 3726616*a + 1740512 4*a^7 - 146*a^6 + 2118*a^5 - 15268*a^4 + 53928*a^3 - 62026*a^2 - 108074*a + 242600 2*a^8 - 100*a^7 + 2078*a^6 - 23312*a^5 + 153250*a^4 - 597520*a^3 + 1322822*a^2 - 1462820*a + 564944 -2*a^8 + 98*a^7 - 2028*a^6 + 23020*a^5 - 155598*a^4 + 634598*a^3 - 1501476*a^2 + 1839052*a - 859072 -2*a^8 + 92*a^7 - 1796*a^6 + 19326*a^5 - 124278*a^4 + 482292*a^3 - 1078036*a^2 + 1218066*a - 489456 -2*a^8 + 88*a^7 - 1630*a^6 + 16524*a^5 - 99658*a^4 + 363028*a^3 - 769830*a^2 + 849320*a - 355824 -4*a^7 + 162*a^6 - 2706*a^5 + 24088*a^4 - 123108*a^3 + 361054*a^2 - 565974*a + 374552 -2*a^8 + 94*a^7 - 1862*a^6 + 20208*a^5 - 130726*a^4 + 513042*a^3 - 1184506*a^2 + 1459936*a - 732344 -2*a^7 + 80*a^6 - 1328*a^5 + 11820*a^4 - 60674*a^3 + 178972*a^2 - 280852*a + 182944 14*a^6 - 464*a^5 + 6020*a^4 - 38740*a^3 + 128678*a^2 - 205620*a + 122064 14*a^6 - 464*a^5 + 6020*a^4 - 38740*a^3 + 128678*a^2 - 205620*a + 122064 -2*a^8 + 94*a^7 - 1870*a^6 + 20480*a^5 - 134330*a^4 + 536438*a^3 - 1260870*a^2 + 1572452*a - 782648 -6*a^7 + 248*a^6 - 4230*a^5 + 38380*a^4 - 198630*a^3 + 580604*a^2 - 875118*a + 514048 -2*a^7 + 80*a^6 - 1328*a^5 + 11820*a^4 - 60674*a^3 + 178972*a^2 - 280852*a + 182944 -2*a^7 + 84*a^6 - 1460*a^5 + 13528*a^4 - 71582*a^3 + 213732*a^2 - 326948*a + 190360 -2*a^8 + 92*a^7 - 1796*a^6 + 19326*a^5 - 124278*a^4 + 482292*a^3 - 1078036*a^2 + 1218066*a - 489456 -2*a^8 + 88*a^7 - 1630*a^6 + 16524*a^5 - 99658*a^4 + 363028*a^3 - 769830*a^2 + 849320*a - 355824 -4*a^7 + 170*a^6 - 2978*a^5 + 27692*a^4 - 146504*a^3 + 437418*a^2 - 678490*a + 424856 -2*a^8 + 100*a^7 - 2098*a^6 + 24016*a^5 - 163106*a^4 + 667440*a^3 - 1586530*a^2 + 1960380*a - 927368 -2*a^8 + 98*a^7 - 2030*a^6 + 23092*a^5 - 156638*a^4 + 642182*a^3 - 1529962*a^2 + 1887564*a - 881440 -2*a^7 + 80*a^6 - 1328*a^5 + 11820*a^4 - 60674*a^3 + 178972*a^2 - 280852*a + 182944 2*a^7 - 80*a^6 + 1294*a^5 - 10784*a^4 + 48486*a^3 - 109800*a^2 + 92010*a + 14296 -2*a^7 + 86*a^6 - 1518*a^5 + 14088*a^4 - 73070*a^3 + 207170*a^2 - 287106*a + 141024 -4*a^7 + 148*a^6 - 2232*a^5 + 17740*a^4 - 80224*a^3 + 207096*a^2 - 285548*a + 165920 2*a^7 - 80*a^6 + 1294*a^5 - 10784*a^4 + 48486*a^3 - 109800*a^2 + 92010*a + 14296 -8*a^7 + 320*a^6 - 5274*a^5 + 46196*a^4 - 230668*a^3 + 650332*a^2 - 946234*a + 539912 2*a^7 - 80*a^6 + 1294*a^5 - 10784*a^4 + 48486*a^3 - 109800*a^2 + 92010*a + 14296 10*a^7 - 380*a^6 + 5864*a^5 - 47124*a^4 + 209234*a^3 - 496424*a^2 + 540684*a - 163192 -6*a^7 + 252*a^6 - 4350*a^5 + 39728*a^4 - 205410*a^3 + 593764*a^2 - 873418*a + 493984 2*a^7 - 86*a^6 + 1524*a^5 - 14368*a^4 + 77374*a^3 - 236066*a^2 + 373580*a - 232968 18*a^6 - 594*a^5 + 7620*a^4 - 47812*a^3 + 150602*a^2 - 214290*a + 95096 over Number field with defining polynomial x^9-52*x^8+1156*x^7-14357*x^6+109201*x^5-524050*x^4+1573194*x^3-2816153*x^2+2682476*x-1004912
a vector of length 88 over Number field with defining polynomial a number field of degree 19
16 16 -32 16 0 0 -16 -4 8 -8 -4 8 -4 4 8 -16 -4 4 -8 4 8 4 0 -8 0 8 0 0 0 -8 -8 8 8 0 8 -8 0 0 -8 0 -12 0 4 -4 -4 0 -4 4 0 0 0 0 -4 8 0 -4 8 0 -8 12 -8 0 -8 8 -4 8 4 0 4 4 -4 4 -4 4 0 0 8 -4 0 4 0 0 -4 0 0 4 -4 0 over Number field with defining polynomial x-310
15*a-5598 3*a-198 3*a-774 -3*a+822 2*a-948 5*a-1626 5*a-1818 6*a-2412 6*a-2268 6*a-1836 3*a-1062 3*a-918 288 6*a-1692 -6*a+2124 -9*a+3186 3*a-1062 9*a-3042 6*a-1836 9*a-3042 -6*a+2124 6*a-1692 -5*a+2202 -4*a+984 -4*a+1080 6*a-2652 -8*a+2880 7*a-2190 -3*a+1302 -5*a+2106 3*a-822 3*a-630 -3*a+1398 7*a-2190 5*a-1530 a+78 -11*a+4230 7*a-2190 -2*a+804 2*a-612 a-642 -6*a+1980 -a+498 -a+18 -5*a+1866 5*a-1626 -4*a+1416 2*a-564 3*a-1398 a-834 -6*a+1644 3*a-1014 -3*a+966 -2*a+660 4*a-1464 -3*a+1254 -a+162 3*a-1014 3*a-822 -8*a+2688 -96 2*a-564 a-594 -a+498 -2*a+804 8*a-2544 a-402 4*a-1464 -2*a+900 48 5*a-1338 2*a-852 -4*a+1416 -8*a+2592 -a+402 5*a-1914 -3*a+1110 8*a-2688 0 -2*a+900 -384 0 -5*a+1482 0 -a+66 -336 240 288 over Number field with defining polynomial x^2-612*x+89028
For conductor 3, eigenvectors are:
0 1 1 0 1 0 0 -1 1 1 over Number field with defining polynomial x+3
-a-4 2 -2 -a+2 a-2 -2*a-2 -a a+2 2 2 over Number field with defining polynomial x^2+2*x-4
-a-7 -3*a-19 -2 -a-7 a+7 a+7 2*a+12 a+5 3*a+17 2 over Number field with defining polynomial x^2+8*x+11
2 1 -1 -a-3 -a-2 -a-1 a+1 -a 1 1 over Number field with defining polynomial x^2+4*x+1
a^2 + 9*a + 18 -a-3 -a^2 - 7*a - 9 a^2 + 9*a + 18 a^2 + 8*a + 15 -a^2 - 9*a - 18 a^2 + 9*a + 21 a+6 -a-6 2*a+9 over Number field with defining polynomial x^3+11*x^2+36*x+33
For conductor 23, eigenvectors are:
-2 0 -1 1 4 -1 -4 0 -1 1 1 over Number field with defining polynomial x+1
-2 0 3 5 0 -1 0 4 -1 -3 -3 over Number field with defining polynomial x+5
-2 0 -1 1 -1 -1 1 0 -1 1 1 over Number field with defining polynomial x+6
-2 -4 1 -1 2 -1 2 -2 -1 -1 -1 over Number field with defining polynomial x-1
-2*a^3 - 18*a^2 - 50*a - 38 a^4 + 16*a^3 + 88*a^2 + 197*a + 148 a^3 + 12*a^2 + 52*a + 79 -a^3 - 9*a^2 - 25*a - 19 a^4 + 16*a^3 + 88*a^2 + 197*a + 148 -a^3 - 15*a^2 - 64*a - 82 a^4 + 16*a^3 + 88*a^2 + 197*a + 148 a^3 + 9*a^2 + 25*a + 19 2*a^3 + 24*a^2 + 89*a + 101 2*a^3 + 18*a^2 + 53*a + 53 -a^3 - 6*a^2 - 1*a + 26 over Number field with defining polynomial x^5+19*x^4+131*x^3+410*x^2+572*x+271
2 -2 -1 1 1 1 1 2 1 1 1 over Number field with defining polynomial x+2
1 0 0 -1 0 -1 0 1 -1 0 0 over Number field with defining polynomial x+2
For conductor 69, eigenvectors are:
-24 -12 -12 8 -4 -4 3 3 -3 -3 6 6 -3 -3 3 -6 -6 -3 6 3 -3 -2 6 -6 0 -6 0 2 -2 4 4 -2 0 -4 -4 8 0 -3 -1 3 3 -3 0 4 0 1 3 -3 0 0 -3 -3 3 -2 3 3 4 0 -3 -3 3 2 -2 -3 -3 0 2 3 6 -3 3 0 -2 0 0 3 0 -2 3 0 0 0 -3 3 -1 -1 over Number field with defining polynomial x
a vector of length 86 over Number field with defining polynomial a number field of degree 22
0 -12 12 0 -8 8 -6 -6 3 -3 9 0 -3 12 -3 9 0 3 0 6 -3 -2 2 -2 0 -2 0 4 2 -2 2 4 0 0 0 0 0 8 -1 -1 -5 -3 1 0 -2 -1 -1 3 -2 -5 -5 -2 2 0 3 -1 0 2 2 -2 5 -4 -1 3 5 -2 -1 -2 0 2 2 -4 -4 -5 5 3 6 0 1 0 0 0 -1 1 2 -2 over Number field with defining polynomial x+1
0 12 -12 0 -4 4 -3 -3 -3 3 0 0 3 -3 3 0 0 -3 0 3 3 2 -2 2 0 2 0 2 -2 -4 4 2 0 0 0 0 0 1 1 1 -1 -3 2 0 2 1 1 -3 2 2 -1 -1 1 0 3 1 0 -2 1 -1 1 -2 -2 -3 1 2 -2 -1 0 1 1 -2 -2 2 -2 -3 0 0 -1 0 0 0 1 -1 1 -1 over Number field with defining polynomial x-2
0 48 -24 0 -8 16 -12 30 -12 12 -42 36 6 30 6 12 6 -6 0 0 12 -12 4 -12 -12 -16 -4 4 4 4 4 12 4 -12 4 4 4 -6 -4 2 -2 0 -10 4 -4 -2 -4 4 0 6 2 0 -14 -4 -8 -2 -4 6 6 -2 4 -8 -2 -10 4 -6 4 -8 -4 -6 -12 8 -6 -10 -4 -8 0 1 7 13 1 13 -2 7 3 -3 over Number field with defining polynomial x+2
0 -12 -12 0 8 8 -6 6 3 -3 -3 0 3 6 3 -3 -6 -3 0 0 -3 6 2 6 0 -2 4 -4 2 2 2 0 -4 0 -4 -4 -4 0 1 1 -1 -3 1 -4 -2 -1 1 -1 0 -3 1 0 2 -2 -1 -1 -2 0 0 2 -1 2 -1 1 -1 0 -1 2 4 0 0 -2 0 1 1 -1 0 2 -1 2 2 2 -1 -1 0 0 over Number field with defining polynomial x-1
-36 -12 -24 -36 -32 20 21 30 -6 -3 0 9 -3 -6 -12 9 -9 -6 9 6 -3 4 2 4 30 16 0 16 2 -14 -10 -14 0 30 -6 0 0 -10 -10 -7 7 15 -17 -12 -11 -1 8 0 -8 -2 1 -8 2 3 6 2 6 -7 8 -14 -10 -10 5 -6 -1 -2 -19 1 9 -7 -7 -1 -4 -14 8 3 -6 3 -8 -6 -3 6 -4 -5 11 -2 over Number field with defining polynomial x-8
12 -12 24 -4 -4 8 -6 3 6 6 -3 6 -3 -12 -6 -6 3 6 -3 12 -3 -2 -12 6 -6 -6 0 2 4 10 -2 -8 0 2 -10 8 0 -6 -7 -3 -3 -6 0 -2 0 -2 -6 3 3 3 0 -9 3 -5 -3 3 4 0 6 -3 6 2 1 6 -3 3 -1 -3 -3 -3 0 0 -2 3 -9 3 0 1 -3 0 3 0 3 0 2 -1 over Number field with defining polynomial x-3
4*a-52 8*a-80 -4*a+28 4*a-52 -4*a+36 -8*a+72 -4*a+32 5*a-49 -a+7 -5*a+43 -2*a+16 -8*a+76 2*a-20 -2*a+22 -a-1 -a-1 a-13 -a+7 -a+13 2*a-22 2*a-20 -4 -2*a+14 -4 2*a-18 -8*a+76 0 2*a-18 -2*a+14 -4*a+32 -4 0 0 2*a-18 2*a-10 0 0 -4 2*a-20 -2*a+16 -2*a+16 -a+7 -a+11 2*a-18 -4*a+36 a-7 -a+7 2*a-16 -a+9 -4*a+34 3*a-25 -a+9 5*a-49 3*a-27 -2*a+24 -2 2*a-22 0 4*a-40 a-1 3*a-21 -4 2 -a+7 -6 a-13 -2 a-9 -a+13 3*a-31 0 2*a-22 4 2*a-16 2*a-24 -2*a+20 -2*a+22 -2*a+20 -a+9 -2*a+22 2*a-20 2*a-22 -2*a+20 2*a-18 -a+11 2 over Number field with defining polynomial x^2-14*x+41
4*a^2 - 28*a + 104 4*a^3 - 84*a^2 + 480*a - 512 8*a^3 - 128*a^2 + 488*a - 80 4*a^2 - 28*a + 104 -4*a^3 + 68*a^2 - 304*a + 128 -4*a^3 + 56*a^2 - 188*a + 104 -7*a^3 + 108*a^2 - 423*a + 226 3*a^3 - 45*a^2 + 154*a + 44 -a^3 + 22*a^2 - 127*a + 154 2*a^3 - 36*a^2 + 202*a - 336 3*a^3 - 63*a^2 + 356*a - 284 4*a^3 - 60*a^2 + 204*a + 92 -2*a^3 + 33*a^2 - 129*a + 46 7*a^3 - 120*a^2 + 531*a - 322 6*a^3 - 90*a^2 + 292*a + 80 -2*a^3 + 36*a^2 - 154*a - 48 3*a^3 - 53*a^2 + 242*a - 148 2*a^3 - 32*a^2 + 122*a - 20 -a^2 + 7*a - 26 -2*a^3 + 36*a^2 - 178*a + 144 a^3 - 21*a^2 + 120*a - 128 2*a^3 - 38*a^2 + 188*a - 96 -2*a^3 + 36*a^2 - 150*a - 12 2*a^3 - 38*a^2 + 188*a - 96 4*a^3 - 66*a^2 + 298*a - 276 -2*a^3 + 46*a^2 - 292*a + 416 -2*a^3 + 36*a^2 - 166*a + 116 2*a^3 - 34*a^2 + 152*a - 64 -2*a^3 + 36*a^2 - 150*a - 12 -2*a^3 + 34*a^2 - 136*a - 64 -6*a^2 + 42*a + 116 -4*a^3 + 68*a^2 - 312*a + 328 2*a^3 - 36*a^2 + 166*a - 116 4*a^3 - 66*a^2 + 298*a - 276 -2*a^3 + 38*a^2 - 204*a + 224 2*a^3 - 36*a^2 + 166*a - 116 2*a^3 - 36*a^2 + 166*a - 116 2*a^3 - 34*a^2 + 156*a - 164 a^2 - 15*a + 90 -a^3 + 17*a^2 - 68*a - 32 a^3 - 17*a^2 + 68*a + 32 2*a^3 - 34*a^2 + 144*a 4*a^3 - 70*a^2 + 326*a - 244 2*a^2 - 26*a + 80 3*a^3 - 50*a^2 + 225*a - 170 a^3 - 18*a^2 + 75*a + 6 a^3 - 16*a^2 + 81*a - 170 -a^3 + 17*a^2 - 88*a + 196 -a^2 + 7*a - 26 -a^3 + 19*a^2 - 94*a + 48 -a^3 + 18*a^2 - 75*a - 6 -a^2 + 7*a - 26 3*a^2 - 45*a + 134 a^3 - 13*a^2 + 40*a -2*a^3 + 43*a^2 - 235*a + 118 -3*a^3 + 55*a^2 - 288*a + 320 3*a^3 - 50*a^2 + 225*a - 170 -2*a^3 + 34*a^2 - 156*a + 164 -3*a^3 + 54*a^2 - 245*a + 74 a^3 - 19*a^2 + 102*a - 112 -2*a^3 + 36*a^2 - 170*a + 80 a^3 - 16*a^2 + 73*a - 106 3*a^2 - 21*a - 58 4*a^2 - 44*a + 96 -2*a^3 + 35*a^2 - 163*a + 54 2*a^3 - 33*a^2 + 149*a - 138 -2*a^3 + 37*a^2 - 177*a + 106 2*a^3 - 37*a^2 + 169*a - 42 -2*a^3 + 35*a^2 - 159*a + 90 -2*a^3 + 39*a^2 - 207*a + 150 a^3 - 14*a^2 + 31*a + 102 3*a^3 - 58*a^2 + 297*a - 234 2*a^2 - 22*a - 20 3*a^2 - 37*a + 70 -a^2 - 1*a + 38 a^3 - 15*a^2 + 46*a + 12 2*a^3 - 36*a^2 + 178*a - 144 -a^3 + 15*a^2 - 58*a + 16 -2*a^3 + 35*a^2 - 159*a + 90 4*a^3 - 66*a^2 + 282*a - 148 a^3 - 21*a^2 + 120*a - 128 6*a^2 - 74*a + 140 -a^3 + 19*a^2 - 110*a + 176 -2*a^2 + 26*a - 80 -2*a^2 + 18*a - 16 a^2 - 11*a - 10 over Number field with defining polynomial x^4-20*x^3+123*x^2-236*x+92
4*a^8 - 206*a^7 + 4516*a^6 - 54878*a^5 + 402554*a^4 - 1813836*a^3 + 4859422*a^2 - 6996456*a + 4099248 2*a^8 - 96*a^7 + 1962*a^6 - 22336*a^5 + 155354*a^4 - 678044*a^3 + 1812878*a^2 - 2678128*a + 1584200 2*a^8 - 110*a^7 + 2542*a^6 - 32050*a^5 + 239268*a^4 - 1071004*a^3 + 2758520*a^2 - 3628280*a + 1763464 3*a^8 - 151*a^7 + 3223*a^6 - 37966*a^5 + 268513*a^4 - 1158143*a^3 + 2939809*a^2 - 3950792*a + 2120400 -2*a^7 + 92*a^6 - 1766*a^5 + 18184*a^4 - 107124*a^3 + 353736*a^2 - 582512*a + 332864 -3*a^8 + 141*a^7 - 2783*a^6 + 29906*a^5 - 189271*a^4 + 709909*a^3 - 1495775*a^2 + 1530468*a - 517584 -2*a^8 + 88*a^7 - 1592*a^6 + 15144*a^5 - 79495*a^4 + 212321*a^3 - 169397*a^2 - 332171*a + 496928 2*a^8 - 105*a^7 + 2348*a^6 - 29117*a^5 + 218092*a^4 - 1004871*a^3 + 2761812*a^2 - 4104265*a + 2504848 -a^8 + 55*a^7 - 1274*a^6 + 16148*a^5 - 121617*a^4 + 551699*a^3 - 1451266*a^2 + 1986652*a - 1069628 4*a^7 - 174*a^6 + 3118*a^5 - 29688*a^4 + 161084*a^3 - 492770*a^2 + 773250*a - 465432 4*a^8 - 204*a^7 + 4420*a^6 - 52939*a^5 + 381437*a^4 - 1681509*a^3 + 4387605*a^2 - 6116774*a + 3433088 -a^8 + 47*a^7 - 931*a^6 + 10104*a^5 - 65306*a^4 + 255070*a^3 - 578554*a^2 + 671591*a - 269516 -a^8 + 48*a^7 - 984*a^6 + 11291*a^5 - 79660*a^4 + 355219*a^3 - 978445*a^2 + 1511576*a - 979996 -a^8 + 53*a^7 - 1183*a^6 + 14394*a^5 - 103253*a^4 + 440503*a^3 - 1069153*a^2 + 1315988*a - 629852 2*a^8 - 111*a^7 + 2594*a^6 - 33176*a^5 + 252409*a^4 - 1159890*a^3 + 3104103*a^2 - 4332259*a + 2324536 -a^7 + 48*a^6 - 931*a^5 + 9621*a^4 - 58232*a^3 + 209855*a^2 - 419940*a + 354012 -2*a^8 + 103*a^7 - 2255*a^6 + 27316*a^5 - 199294*a^4 + 890721*a^3 - 2357705*a^2 + 3325716*a - 1861728 -a^8 + 55*a^7 - 1274*a^6 + 16148*a^5 - 121617*a^4 + 551699*a^3 - 1451266*a^2 + 1986652*a - 1069628 2*a^8 - 103*a^7 + 2255*a^6 - 27316*a^5 + 199294*a^4 - 890721*a^3 + 2357705*a^2 - 3325716*a + 1861728 -7*a^7 + 300*a^6 - 5305*a^5 + 49755*a^4 - 263936*a^3 + 775685*a^2 - 1126560*a + 576852 -a^8 + 48*a^7 - 984*a^6 + 11291*a^5 - 79660*a^4 + 355219*a^3 - 978445*a^2 + 1511576*a - 979996 -2*a^8 + 100*a^7 - 2127*a^6 + 25069*a^5 - 178422*a^4 + 781294*a^3 - 2041017*a^2 + 2878825*a - 1654504 4*a^7 - 184*a^6 + 3453*a^5 - 34050*a^4 + 188634*a^3 - 578024*a^2 + 887191*a - 516000 -7*a^7 + 286*a^6 - 4762*a^5 + 41337*a^4 - 197950*a^3 + 505709*a^2 - 605037*a + 254432 6*a^7 - 260*a^6 + 4681*a^5 - 45248*a^4 + 252550*a^3 - 808678*a^2 + 1360149*a - 906368 -a^7 + 34*a^6 - 421*a^5 + 1965*a^4 + 2204*a^3 - 52381*a^2 + 161952*a - 141424 -2*a^8 + 103*a^7 - 2256*a^6 + 27357*a^5 - 199955*a^4 + 896120*a^3 - 2381707*a^2 + 3383220*a - 1924360 -8*a^7 + 356*a^6 - 6566*a^5 + 64699*a^4 - 364947*a^3 + 1164897*a^2 - 1914899*a + 1218908 -a^8 + 59*a^7 - 1462*a^6 + 19821*a^5 - 160177*a^4 + 785607*a^3 - 2265452*a^2 + 3475005*a - 2149096 -2*a^7 + 87*a^6 - 1554*a^5 + 14732*a^4 - 79882*a^3 + 247817*a^2 - 410418*a + 287668 a^8 - 43*a^7 + 752*a^6 - 6802*a^5 + 32977*a^4 - 75569*a^3 + 23382*a^2 + 185762*a - 206924 -a^8 + 49*a^7 - 1021*a^6 + 11814*a^5 - 82944*a^4 + 360634*a^3 - 940462*a^2 + 1318719*a - 724316 -a^8 + 55*a^7 - 1273*a^6 + 16107*a^5 - 120956*a^4 + 546300*a^3 - 1427264*a^2 + 1929148*a - 1006996 -3*a^6 + 99*a^5 - 1254*a^4 + 7386*a^3 - 18195*a^2 + 3063*a + 36600 -a^8 + 51*a^7 - 1109*a^6 + 13354*a^5 - 96732*a^4 + 428046*a^3 - 1118750*a^2 + 1563169*a - 893588 -2*a^8 + 102*a^7 - 2217*a^6 + 26722*a^5 - 194408*a^4 + 868562*a^3 - 2307029*a^2 + 3292306*a - 1905572 -a^8 + 48*a^7 - 983*a^6 + 11250*a^5 - 78999*a^4 + 349820*a^3 - 954443*a^2 + 1454072*a - 917364 a^8 - 51*a^7 + 1103*a^6 - 13154*a^5 + 94012*a^4 - 408686*a^3 + 1042780*a^2 - 1409021*a + 771752 -2*a^7 + 93*a^6 - 1809*a^5 + 19057*a^4 - 117111*a^3 + 417318*a^2 - 788038*a + 590532 a^8 - 50*a^7 + 1070*a^6 - 12754*a^5 + 92077*a^4 - 408558*a^3 + 1072952*a^2 - 1492658*a + 816800 -a^8 + 52*a^7 - 1143*a^6 + 13778*a^5 - 98762*a^4 + 426075*a^3 - 1062572*a^2 + 1367249*a - 674508 a^8 - 57*a^7 + 1364*a^6 - 17879*a^5 + 139986*a^4 - 666868*a^3 + 1871663*a^2 - 2792706*a + 1663096 -2*a^8 + 101*a^7 - 2162*a^6 + 25502*a^5 - 180125*a^4 + 772950*a^3 - 1941819*a^2 + 2561471*a - 1326148 -4*a^7 + 183*a^6 - 3462*a^5 + 35043*a^4 - 204379*a^3 + 683330*a^2 - 1201519*a + 841600 -a^8 + 55*a^7 - 1279*a^6 + 16357*a^5 - 125169*a^4 + 582869*a^3 - 1598197*a^2 + 2330561*a - 1364812 -a^8 + 53*a^7 - 1198*a^6 + 15021*a^5 - 113662*a^4 + 527784*a^3 - 1454291*a^2 + 2142618*a - 1263052 a^8 - 56*a^7 + 1330*a^6 - 17435*a^5 + 137325*a^4 - 661108*a^3 + 1881630*a^2 - 2852807*a + 1723168 a^8 - 51*a^7 + 1108*a^6 - 13368*a^5 + 97676*a^4 - 440516*a^3 + 1188279*a^2 - 1729137*a + 1011984 a^8 - 46*a^7 + 886*a^6 - 9301*a^5 + 58027*a^4 - 219924*a^3 + 494928*a^2 - 605467*a + 300800 a^8 - 54*a^7 + 1237*a^6 - 15656*a^5 + 119209*a^4 - 555342*a^3 + 1528969*a^2 - 2233532*a + 1281840 -a^8 + 48*a^7 - 977*a^6 + 10995*a^5 - 74674*a^4 + 312591*a^3 - 784942*a^2 + 1076452*a - 614500 2*a^8 - 100*a^7 + 2120*a^6 - 24773*a^5 + 173436*a^4 - 738666*a^3 + 1847514*a^2 - 2443701*a + 1289008 -a^8 + 50*a^7 - 1061*a^6 + 12425*a^5 - 87323*a^4 + 374402*a^3 - 948475*a^2 + 1291251*a - 734612 -2*a^8 + 98*a^7 - 2031*a^6 + 23161*a^5 - 158111*a^4 + 656797*a^3 - 1605504*a^2 + 2087724*a - 1100572 -a^8 + 45*a^7 - 852*a^6 + 8857*a^5 - 55366*a^4 + 214164*a^3 - 504895*a^2 + 665568*a - 360872 5*a^7 - 218*a^6 + 3932*a^5 - 37846*a^4 + 208467*a^3 - 649722*a^2 + 1039310*a - 630200 -a^8 + 47*a^7 - 923*a^6 + 9793*a^5 - 60435*a^4 + 216281*a^3 - 417225*a^2 + 358587*a - 88588 -a^8 + 52*a^7 - 1146*a^6 + 13982*a^5 - 103275*a^4 + 472474*a^3 - 1303606*a^2 + 1965616*a - 1207168 a^8 - 52*a^7 + 1153*a^6 - 14198*a^5 + 105831*a^4 - 486774*a^3 + 1340359*a^2 - 1997992*a + 1207560 -4*a^7 + 178*a^6 - 3308*a^5 + 33096*a^4 - 191078*a^3 + 629930*a^2 - 1081082*a + 727444 a^8 - 53*a^7 + 1176*a^6 - 14233*a^5 + 102302*a^4 - 444072*a^3 + 1125931*a^2 - 1507084*a + 810488 -a^8 + 49*a^7 - 1015*a^6 + 11559*a^5 - 78619*a^4 + 323405*a^3 - 770961*a^2 + 941099*a - 421452 a^8 - 49*a^7 + 1016*a^6 - 11602*a^5 + 79492*a^4 - 333392*a^3 + 834543*a^2 - 1146625*a + 679120 -a^6 + 41*a^5 - 661*a^4 + 5399*a^3 - 24002*a^2 + 57504*a - 62632 -a^8 + 51*a^7 - 1101*a^6 + 13077*a^5 - 92802*a^4 + 398548*a^3 - 993344*a^2 + 1270220*a - 591536 -a^8 + 49*a^7 - 1017*a^6 + 11619*a^5 - 79424*a^4 + 329980*a^3 - 804734*a^2 + 1034680*a - 517256 -2*a^8 + 100*a^7 - 2121*a^6 + 24814*a^5 - 174097*a^4 + 744065*a^3 - 1871516*a^2 + 2501205*a - 1351640 6*a^7 - 260*a^6 + 4661*a^5 - 44535*a^4 + 242751*a^3 - 744027*a^2 + 1157080*a - 667340 -a^6 + 41*a^5 - 661*a^4 + 5399*a^3 - 24002*a^2 + 57504*a - 62632 -a^8 + 51*a^7 - 1101*a^6 + 13049*a^5 - 92073*a^4 + 391791*a^3 - 968267*a^2 + 1249479*a - 637368 -2*a^7 + 94*a^6 - 1850*a^5 + 19718*a^4 - 122510*a^3 + 441320*a^2 - 845542*a + 653164 -a^8 + 49*a^7 - 1040*a^6 + 12503*a^5 - 93050*a^4 + 436960*a^3 - 1250627*a^2 + 1951190*a - 1213480 2*a^7 - 90*a^6 + 1653*a^5 - 15986*a^4 + 87268*a^3 - 266012*a^2 + 413481*a - 251068 a^8 - 54*a^7 + 1237*a^6 - 15628*a^5 + 118480*a^4 - 548585*a^3 + 1503892*a^2 - 2212791*a + 1327672 -a^8 + 47*a^7 - 935*a^6 + 10266*a^5 - 67985*a^4 + 278307*a^3 - 690637*a^2 + 958682*a - 577360 a^6 - 41*a^5 + 661*a^4 - 5399*a^3 + 24002*a^2 - 57504*a + 62632 -2*a^7 + 87*a^6 - 1559*a^5 + 14844*a^4 - 80542*a^3 + 246385*a^2 - 386625*a + 232716 -5*a^7 + 226*a^6 - 4237*a^5 + 42505*a^4 - 244722*a^3 + 800205*a^2 - 1353000*a + 886420 -4*a^7 + 162*a^6 - 2688*a^5 + 23468*a^4 - 114954*a^3 + 310518*a^2 - 420758*a + 224808 -2*a^7 + 87*a^6 - 1559*a^5 + 14844*a^4 - 80542*a^3 + 246385*a^2 - 386625*a + 232716 -6*a^7 + 258*a^6 - 4596*a^5 + 43779*a^4 - 239451*a^3 + 746031*a^2 - 1211859*a + 778740 2*a^7 - 87*a^6 + 1559*a^5 - 14844*a^4 + 80542*a^3 - 246385*a^2 + 386625*a - 232716 -2*a^7 + 94*a^6 - 1823*a^5 + 18842*a^4 - 111398*a^3 + 372866*a^2 - 642811*a + 426304 -a^7 + 58*a^6 - 1294*a^5 + 14712*a^4 - 92539*a^3 + 320186*a^2 - 554622*a + 358748 3*a^7 - 130*a^6 + 2329*a^5 - 22194*a^4 + 120225*a^3 - 364692*a^2 + 561899*a - 332488 -2*a^7 + 90*a^6 - 1653*a^5 + 15986*a^4 - 87268*a^3 + 266012*a^2 - 413481*a + 251068 over Number field with defining polynomial x^9-56*x^8+1348*x^7-18235*x^6+152041*x^5-805562*x^4+2692746*x^3-5429647*x^2+5940212*x-2670352
a vector of length 86 over Number field with defining polynomial a number field of degree 13
-12*a-24 12*a^2 - 12 12*a^2 - 12*a - 12 4*a+8 4*a^2 - 4*a - 4 4*a^2 - 4 -3*a^2 + 3 3 -3*a^2 - 3*a - 3 -6*a-3 -3*a^2 + 3*a + 6 -3*a^2 + 3*a + 6 -3*a^2 - 3 -3*a-3 -3*a^2 + 3*a + 3 -6*a^2 + 9*a + 12 6*a^2 - 3*a - 6 3*a^2 - 3*a - 3 3*a+6 6*a^2 - 15*a - 15 3*a^2 - 3 -2*a^2 + 12*a + 10 10*a^2 - 10*a - 18 4*a^2 - 10*a - 6 10*a^2 - 20*a - 24 4*a^2 - 2*a - 6 -4*a^2 -2*a^2 + 2*a + 2 -2*a^2 + 6*a + 10 4*a^2 - 4*a - 8 4*a^2 - 4*a - 8 2*a^2 - 8*a - 2 4*a^2 -8*a^2 + 18*a + 20 -10*a-4 4*a^2 - 8*a - 16 4*a^2 -2*a^2 + 3*a + 3 -a^2 + 2*a + 5 -a^2 + 2*a + 3 -4*a^2 + 7*a + 9 3*a^2 - 5*a - 9 2*a^2 - 5*a - 6 2*a^2 - 8*a - 8 -3*a^2 + 5*a + 6 a^2 - 3*a - 5 4*a^2 - 8*a - 9 2*a^2 + 1*a - 3 -6*a^2 + 7*a + 12 -a^2 - 1*a 4*a+3 -2*a^2 + 4*a + 3 2*a^2 - 2*a - 3 -4*a^2 + 5*a + 10 2*a^2 - 1*a - 3 a^2 - 2*a - 3 -2*a^2 + 6*a + 4 a^2 + 3*a 2*a^2 - 3*a - 3 2*a^2 - 3 -4*a^2 + 8*a + 9 4*a+2 -2*a^2 + 2*a + 4 -a^2 - 3*a - 3 -3*a-3 -a 2*a^2 - 6*a - 4 a^2 - 3*a - 3 -4*a^2 + 3*a + 6 -a^2 + 5*a + 3 -a^2 + 4*a + 3 -5*a^2 + 3*a + 6 -2*a-2 3*a^2 - 3*a - 6 -3*a^2 + 5*a + 6 a^2 + 3 0 a^2 - 1*a - 2 -a^2 + 5*a + 3 0 -2*a 0 -4*a^2 + 7*a + 9 -2*a^2 + 3*a + 3 -1 -a-1 over Number field with defining polynomial x^3-5*x^2+2*x+6
60*a^5 - 924*a^3 + 360*a^2 + 3576*a + 624 24*a^6 + 84*a^5 - 384*a^4 - 420*a^3 + 816*a^2 + 504*a + 48 12*a^6 + 84*a^5 - 36*a^4 - 1596*a^3 + 72*a^2 + 5016*a + 816 -20*a^5 + 308*a^3 - 120*a^2 - 1192*a - 208 8*a^6 + 132*a^5 + 400*a^4 - 884*a^3 - 3696*a^2 - 2872*a - 368 8*a^6 + 72*a^5 - 112*a^4 - 904*a^3 + 120*a^2 + 1872*a + 288 -6*a^6 - 54*a^5 + 84*a^4 + 678*a^3 - 90*a^2 - 1404*a - 216 24*a^6 + 135*a^5 - 282*a^4 - 1347*a^3 + 276*a^2 + 2538*a + 420 12*a^6 + 48*a^5 - 114*a^4 - 672*a^3 + 150*a^2 + 1740*a + 264 3*a^6 - 33*a^5 - 117*a^4 + 531*a^3 + 834*a^2 - 690*a - 108 21*a^6 + 150*a^5 - 153*a^4 - 1308*a^3 - 906*a^2 + 708*a + 144 6*a^6 + 60*a^5 + 114*a^4 - 588*a^3 - 1476*a^2 - 588*a - 48 15*a^6 + 48*a^5 - 201*a^4 - 378*a^3 + 336*a^2 + 612*a + 72 -12*a^6 - 78*a^5 + 90*a^4 + 906*a^3 + 222*a^2 - 1392*a - 240 -3*a^6 - 21*a^5 + 9*a^4 + 399*a^3 - 18*a^2 - 1254*a - 204 24*a^6 + 216*a^5 + 168*a^4 - 2088*a^3 - 3912*a^2 - 1116*a - 96 -9*a^6 - 12*a^5 + 105*a^4 + 42*a^3 - 42*a^2 + 408*a + 96 -15*a^6 - 33*a^5 + 201*a^4 + 147*a^3 - 246*a^2 + 282*a + 84 -18*a^6 - 69*a^5 + 210*a^4 + 777*a^3 - 354*a^2 - 1866*a - 276 -21*a^6 - 69*a^5 + 315*a^4 + 819*a^3 - 1074*a^2 - 2454*a - 372 -12*a^6 - 33*a^5 + 114*a^4 + 441*a^3 - 60*a^2 - 846*a - 108 4*a^6 + 42*a^5 + 136*a^4 - 474*a^3 - 1328*a^2 - 484*a - 24 -12*a^6 - 96*a^5 - 80*a^4 + 656*a^3 + 1772*a^2 + 1608*a + 240 -58*a^5 - 132*a^4 + 586*a^3 + 880*a^2 - 404*a - 88 12*a^6 + 122*a^5 + 220*a^4 - 978*a^3 - 2892*a^2 - 2084*a - 280 -26*a^5 - 140*a^4 + 322*a^3 + 1120*a^2 + 476*a + 40 -6*a^6 - 18*a^5 + 70*a^4 + 182*a^3 - 88*a^2 - 324*a - 40 -24*a^6 - 118*a^5 + 284*a^4 + 1158*a^3 + 168*a^2 - 1004*a - 184 -20*a^6 - 96*a^5 + 176*a^4 + 1168*a^3 + 340*a^2 - 1656*a - 304 10*a^6 + 40*a^5 - 178*a^4 - 172*a^3 + 260*a^2 - 328*a - 80 4*a^6 + 70*a^5 + 252*a^4 - 750*a^3 - 2020*a^2 - 444*a - 24 -6*a^6 + 10*a^5 + 186*a^4 - 94*a^3 - 780*a^2 - 284*a - 40 6*a^6 + 18*a^5 - 70*a^4 - 182*a^3 + 88*a^2 + 324*a + 40 -24*a^6 - 146*a^5 + 168*a^4 + 1434*a^3 + 860*a^2 - 1044*a - 184 10*a^6 + 36*a^5 - 242*a^4 - 512*a^3 + 900*a^2 + 1816*a + 288 6*a^6 + 18*a^5 - 70*a^4 - 182*a^3 + 88*a^2 + 324*a + 40 6*a^6 + 18*a^5 - 70*a^4 - 182*a^3 + 88*a^2 + 324*a + 40 5*a^6 + 9*a^5 - 99*a^4 - 7*a^3 + 346*a^2 - 18*a - 12 -3*a^6 + 8*a^5 + 189*a^4 - 58*a^3 - 1084*a^2 - 852*a - 104 -8*a^6 - 69*a^5 - 122*a^4 + 377*a^3 + 1912*a^2 + 2330*a + 340 16*a^6 + 129*a^5 + 2*a^4 - 1265*a^3 - 1600*a^2 + 282*a + 84 -5*a^6 - 15*a^5 + 63*a^4 + 225*a^3 - 82*a^2 - 658*a - 116 -10*a^6 - 50*a^5 + 70*a^4 + 602*a^3 + 128*a^2 - 1040*a - 176 8*a^6 + 22*a^5 - 156*a^4 - 270*a^3 + 464*a^2 + 772*a + 112 11*a^6 + 91*a^5 + 29*a^4 - 865*a^3 - 1384*a^2 - 326*a - 20 22*a^5 + 154*a^4 - 226*a^3 - 1010*a^2 - 392*a - 32 -2*a^6 - 8*a^5 - 12*a^4 - 112*a^3 + 466*a^2 + 1288*a + 200 4*a^6 + 29*a^5 + 94*a^4 + 63*a^3 - 1492*a^2 - 2814*a - 420 -2*a^6 - 21*a^5 - 82*a^4 + 49*a^3 + 1026*a^2 + 1526*a + 220 -5*a^6 + 213*a^4 + 70*a^3 - 1470*a^2 - 1848*a - 264 10*a^6 + 84*a^5 - 16*a^4 - 992*a^3 - 770*a^2 + 1128*a + 192 -5*a^6 - 12*a^5 + 139*a^4 + 118*a^3 - 824*a^2 - 1068*a - 168 a^6 - 4*a^5 - 135*a^4 + 34*a^3 + 1032*a^2 + 1076*a + 152 -7*a^6 - 60*a^5 - 37*a^4 + 538*a^3 + 850*a^2 + 88*a 11*a^6 + 92*a^5 + 43*a^4 - 846*a^3 - 1244*a^2 + 56*a + 40 -14*a^6 - 97*a^5 + 76*a^4 + 949*a^3 + 720*a^2 - 670*a - 124 -9*a^6 - 69*a^5 + 49*a^4 + 703*a^3 + 444*a^2 - 658*a - 124 -4*a^6 - 40*a^5 - 28*a^4 + 440*a^3 + 420*a^2 - 484*a - 80 4*a^6 + 14*a^5 - 70*a^4 - 182*a^3 + 314*a^2 + 656*a + 104 -10*a^6 - 59*a^5 + 52*a^4 + 455*a^3 + 516*a^2 + 190*a + 4 13*a^6 + 113*a^5 + 125*a^4 - 895*a^3 - 2270*a^2 - 1470*a - 180 5*a^6 + 23*a^5 + 7*a^4 - 97*a^3 - 564*a^2 - 874*a - 124 -12*a^6 - 61*a^5 + 116*a^4 + 733*a^3 + 170*a^2 - 998*a - 172 -3*a^6 + 3*a^5 + 61*a^4 - 217*a^3 - 70*a^2 + 930*a + 164 -11*a^6 - 82*a^5 + 85*a^4 + 928*a^3 + 260*a^2 - 1540*a - 256 10*a^6 + 93*a^5 + 2*a^4 - 845*a^3 - 1158*a^2 - 102*a + 12 7*a^5 + 32*a^4 + 93*a^3 - 290*a^2 - 774*a - 132 -5*a^6 - 12*a^5 + 43*a^4 + 202*a^3 - 88*a^2 - 432*a - 72 -6*a^6 - 33*a^5 + 70*a^4 + 413*a^3 - 178*a^2 - 1218*a - 196 a^6 - 4*a^5 - 39*a^4 - 50*a^3 + 296*a^2 + 440*a + 56 2*a^6 - 6*a^5 - 108*a^4 + 14*a^3 + 806*a^2 + 852*a + 120 -7*a^6 - 23*a^5 + 51*a^4 + 113*a^3 + 384*a^2 + 630*a + 84 10*a^6 + 46*a^5 - 114*a^4 - 430*a^3 - 84*a^2 + 332*a + 72 -14*a^6 - 63*a^5 + 130*a^4 + 559*a^3 + 78*a^2 - 582*a - 108 10*a^6 + 47*a^5 - 126*a^4 - 407*a^3 + 130*a^2 + 590*a + 92 -3*a^5 + 26*a^4 - 77*a^3 - 116*a^2 + 198*a + 28 12*a^5 + 40*a^4 - 120*a^3 - 388*a^2 - 192*a - 24 2*a^6 + 28*a^5 + 36*a^4 - 262*a^3 - 432*a^2 + 24*a + 16 -6*a^6 - 40*a^5 - 42*a^4 + 262*a^3 + 946*a^2 + 1024*a + 152 -24*a^5 - 80*a^4 + 240*a^3 + 776*a^2 + 384*a + 48 -8*a^5 + 2*a^4 + 66*a^3 - 60*a^2 - 220*a - 32 24*a^5 + 80*a^4 - 240*a^3 - 776*a^2 - 384*a - 48 -13*a^5 - 70*a^4 + 161*a^3 + 560*a^2 + 238*a + 20 21*a^5 + 68*a^4 - 227*a^3 - 500*a^2 - 18*a + 12 -5*a^5 - 64*a^4 - 41*a^3 + 492*a^2 + 742*a + 108 10*a^5 + 64*a^4 - 36*a^3 - 462*a^2 - 444*a - 56 over Number field with defining polynomial x^7+5*x^6-19*x^5-79*x^4+78*x^3+302*x^2+96*x+8
a vector of length 86 over Number field with defining polynomial a number field of degree 12
4*a-1032 -4*a+1032 -4*a+1032 264 264 264 -4*a+1296 -4*a+1296 -4*a+1032 4*a-1296 4*a-1296 4*a-1296 -4*a+1032 4*a-1296 -4*a+1296 -4*a+1296 4*a-1032 -4*a+1032 -4*a+1032 -4*a+1296 -4*a+1032 -264 0 0 0 0 -4*a+1032 264 -264 -264 -264 -264 4*a-1032 264 264 264 4*a-1032 -4*a+1296 264 0 4*a-1296 0 -4*a+1296 -264 -4*a+1296 -264 0 0 0 4*a-1296 4*a-1296 4*a-1296 4*a-1296 -264 0 4*a-1296 -264 0 4*a-1296 -4*a+1296 0 264 -264 4*a-1032 4*a-1296 4*a-1296 264 4*a-1296 4*a-1032 4*a-1296 -4*a+1296 0 -264 4*a-1296 4*a-1296 -4*a+1032 4*a-1296 -264 0 4*a-1296 0 -4*a+1296 0 0 264 264 over Number field with defining polynomial x^2-714*x+122004
12 -12 -12 -4 -4 -4 3 3 -12 -3 -3 -3 -12 -3 3 3 12 12 12 -21 12 -12 0 16 0 0 4 12 4 4 4 4 -4 -4 -4 12 -4 3 -4 0 5 -8 -5 4 3 4 0 0 0 -3 5 5 -3 -4 0 -3 4 0 -3 3 0 -4 4 4 -3 -3 4 -3 4 5 3 -8 -4 -3 5 -4 -3 0 -4 1 4 -1 0 -4 0 0 over Number field with defining polynomial x-22
For conductor 1:
traces of hecke eigenvalues of T_{p^1} are:
-1 2 12 -30 -52 44 -46 60 48 298 372 22 -416 330 16 -482 330 264 -112 460 350 -248 1320 
computing eigenvalues for k = 1, took 14.345125 sec
traces of hecke eigenvalues of T_{p^2} are:
-2 -48 16 
computing eigenvalues for k = 2, took 0.250458 sec
traces of hecke eigenvalues of T_{p^1} are:
15 156 400 1464 2380 5220 7240 25260 30784 52060 70644 81400 106080 151740 208920 230764 305320 363024 394420 499360 578760 712980 922180 
computing eigenvalues for k = 1, took 14.416719 sec
traces of hecke eigenvalues of T_{p^2} are:
30 780 2800 
computing eigenvalues for k = 2, took 0.246699 sec
traces of hecke eigenvalues of T_{p^1} are:
9 45 31 117 202 378 382 900 1093 976 1692 2002 1926 3483 2880 3406 4306 4752 6187 6808 7461 7560 8401 
computing eigenvalues for k = 1, took 14.398118 sec
traces of hecke eigenvalues of T_{p^2} are:
12 114 -152 
computing eigenvalues for k = 2, took 0.253056 sec
traces of hecke eigenvalues of T_{p^1} are:
2 -4 -12 -18 53 26 62 105 57 -200 -21 -236 175 0 -272 256 522 -21 -589 394 -2464 1666 594 
computing eigenvalues for k = 1, took 14.403784 sec
traces of hecke eigenvalues of T_{p^2} are:
1 0 -56 
computing eigenvalues for k = 2, took 0.248774 sec
traces of hecke eigenvalues of T_{p^1} are:
6 30 76 132 112 306 436 870 1300 1516 1722 1372 2256 2862 3540 3964 3676 5112 6592 7204 6972 8010 8176 
computing eigenvalues for k = 1, took 14.448230 sec
traces of hecke eigenvalues of T_{p^2} are:
3 24 208 
computing eigenvalues for k = 2, took 0.249733 sec
traces of hecke eigenvalues of T_{p^1} are:
4 20 -36 -96 118 246 -72 -114 202 -786 22 220 -660 818 -1084 -508 -1170 700 3176 660 -848 -1968 -76 
computing eigenvalues for k = 1, took 14.348442 sec
traces of hecke eigenvalues of T_{p^2} are:
3 18 46 
computing eigenvalues for k = 2, took 0.252414 sec
traces of hecke eigenvalues of T_{p^1} are:
-2 -10 54 -66 -62 102 36 -174 616 294 82 -1040 0 -424 236 608 -2430 1420 3986 1452 -1826 -1068 -526 
computing eigenvalues for k = 1, took 14.584683 sec
traces of hecke eigenvalues of T_{p^2} are:
6 48 136 
computing eigenvalues for k = 2, took 0.230074 sec
traces of hecke eigenvalues of T_{p^1} are:
0 -10 54 88 -140 -170 302 0 492 220 -164 -954 -376 -318 472 364 -1358 -1136 2088 2242 664 178 -1884 
computing eigenvalues for k = 1, took 14.634933 sec
traces of hecke eigenvalues of T_{p^2} are:
6 48 136 
computing eigenvalues for k = 2, took 0.239860 sec
traces of hecke eigenvalues of T_{p^1} are:
3 79 -53 161 -223 156 -370 737 -262 612 1554 -331 689 288 879 -220 -16 1731 -790 -1432 -2066 1525 -1206 
computing eigenvalues for k = 1, took 14.329019 sec
traces of hecke eigenvalues of T_{p^2} are:
-9 22 -130 
computing eigenvalues for k = 2, took 0.248165 sec
traces of hecke eigenvalues of T_{p^1} are:
12 60 134 264 422 612 818 1740 1448 2978 3444 3320 4512 5724 7080 9098 8090 10224 11078 11690 13944 16020 20654 
computing eigenvalues for k = 1, took 14.361135 sec
traces of hecke eigenvalues of T_{p^2} are:
6 48 272 
computing eigenvalues for k = 2, took 0.253035 sec
traces of hecke eigenvalues of T_{p^1} are:
-4 -6 -6 44 52 74 14 -56 -144 -232 -368 570 384 234 -720 -272 1346 40 -528 810 -108 154 248 
computing eigenvalues for k = 1, took 14.632228 sec
traces of hecke eigenvalues of T_{p^2} are:
-6 -12 -32 
computing eigenvalues for k = 2, took 0.234248 sec
traces of hecke eigenvalues of T_{p^1} are:
5 24 -50 70 -24 -6 -124 336 -212 82 -108 -624 376 136 -696 846 -32 564 64 -110 862 214 -72 
computing eigenvalues for k = 1, took 14.369091 sec
traces of hecke eigenvalues of T_{p^2} are:
2 16 -80 
computing eigenvalues for k = 2, took 0.247594 sec
traces of hecke eigenvalues of T_{p^1} are:
-4 6 -6 -78 80 70 -146 312 -128 584 508 366 650 -358 22 604 -978 -1124 -1788 -922 -874 146 518 
computing eigenvalues for k = 1, took 14.328084 sec
traces of hecke eigenvalues of T_{p^2} are:
-10 -90 -132 
computing eigenvalues for k = 2, took 0.246944 sec
traces of hecke eigenvalues of T_{p^1} are:
-5 0 -48 40 32 -104 -20 -20 148 -148 -360 596 -228 -252 452 1644 -1004 532 492 -1728 852 -612 -980 
computing eigenvalues for k = 1, took 14.478654 sec
traces of hecke eigenvalues of T_{p^2} are:
-10 4 24 
computing eigenvalues for k = 2, took 0.251036 sec
traces of hecke eigenvalues of T_{p^1} are:
-4 -20 72 -132 272 204 -36 -348 -1072 480 164 -928 0 -848 472 3556 -3384 2840 3760 -2532 -3652 -2136 7552 
computing eigenvalues for k = 1, took 14.382236 sec
traces of hecke eigenvalues of T_{p^2} are:
12 96 236 
computing eigenvalues for k = 2, took 0.247874 sec
traces of hecke eigenvalues of T_{p^1} are:
56 290 552 1212 1784 2934 3838 8122 10206 13926 16352 19416 21590 28458 34324 37328 46266 50558 53916 62914 66628 77888 93278 
computing eigenvalues for k = 1, took 14.361612 sec
traces of hecke eigenvalues of T_{p^2} are:
18 180 416 
computing eigenvalues for k = 2, took 0.249907 sec
traces of hecke eigenvalues of T_{p^1} are:
26 130 270 614 964 1280 1872 3890 4600 6938 7822 9568 10556 13730 18108 18290 22880 25684 25064 31402 35438 39120 50148 
computing eigenvalues for k = 1, took 14.296891 sec
traces of hecke eigenvalues of T_{p^2} are:
3 0 160 
computing eigenvalues for k = 2, took 0.249675 sec
traces of hecke eigenvalues of T_{p^1} are:
52 263 501 1181 1554 2750 3102 8066 8601 12488 14850 15726 20696 26163 32320 33432 40118 45690 46401 53488 61537 72522 84187 
computing eigenvalues for k = 1, took 14.340487 sec
traces of hecke eigenvalues of T_{p^2} are:
21 174 408 
computing eigenvalues for k = 2, took 0.250145 sec
traces of hecke eigenvalues of T_{p^1} are:
-18 -18 31 -57 204 -167 307 -12 1630 876 708 1560 544 1158 188 761 1944 -2977 -238 -3972 2360 2806 -2028 
computing eigenvalues for k = 1, took 14.359730 sec
traces of hecke eigenvalues of T_{p^2} are:
-17 -114 -184 
computing eigenvalues for k = 2, took 0.255786 sec
traces of hecke eigenvalues of T_{p^1} are:
4 24 48 166 125 226 310 1115 1095 1108 1817 1980 1899 2448 3132 4604 5482 5447 4503 4998 6936 7550 8542 
computing eigenvalues for k = 1, took 14.435894 sec
traces of hecke eigenvalues of T_{p^2} are:
-3 -12 -16 
computing eigenvalues for k = 2, took 0.259892 sec
traces of hecke eigenvalues of T_{p^1} are:
10 68 84 192 304 708 612 1536 1816 2928 3448 3364 4464 5756 7040 6800 8124 10000 11624 14412 15424 16764 18752 
computing eigenvalues for k = 1, took 14.380098 sec
traces of hecke eigenvalues of T_{p^2} are:
0 96 -128 
computing eigenvalues for k = 2, took 0.258089 sec
For conductor 3:
traces of hecke eigenvalues of T_{p^1} are:
-3 -14 -18 16 -8 -38 -50 -188 84 80 -184 -146 528 406 -792 208 -14 48 -1124 66 320 -18 1496 
computing eigenvalues for k = 1, took 636.284927 sec
traces of hecke eigenvalues of T_{p^2} are:
2 -8 32 
computing eigenvalues for k = 2, took 0.570237 sec
traces of hecke eigenvalues of T_{p^1} are:
-2 -10 54 -66 -62 102 36 -174 616 294 82 -1040 0 -424 236 608 -2430 1420 3986 1452 -1826 -1068 -526 
computing eigenvalues for k = 1, took 639.066806 sec
traces of hecke eigenvalues of T_{p^2} are:
6 48 136 
computing eigenvalues for k = 2, took 0.592521 sec
traces of hecke eigenvalues of T_{p^1} are:
-8 -40 -36 -36 118 -42 -72 -234 202 -786 142 220 660 -1666 1556 -508 -1170 2140 3176 660 -2804 -168 -76 
computing eigenvalues for k = 1, took 638.933060 sec
traces of hecke eigenvalues of T_{p^2} are:
9 78 46 
computing eigenvalues for k = 2, took 0.572976 sec
traces of hecke eigenvalues of T_{p^1} are:
-4 -6 -6 44 52 74 14 -56 -144 -232 -368 570 384 234 -720 -272 1346 40 -528 810 -108 154 248 
computing eigenvalues for k = 1, took 640.444963 sec
traces of hecke eigenvalues of T_{p^2} are:
-6 -12 -32 
computing eigenvalues for k = 2, took 0.601239 sec
traces of hecke eigenvalues of T_{p^1} are:
-11 -43 -15 -30 -44 51 -123 -203 -114 128 -114 -121 -657 248 -1047 -779 -228 -718 305 -471 1255 707 737 
computing eigenvalues for k = 1, took 651.691171 sec
traces of hecke eigenvalues of T_{p^2} are:
1 41 -24 
computing eigenvalues for k = 2, took 0.590810 sec
For conductor 23:
traces of hecke eigenvalues of T_{p^1} are:
-1 -12 18 2 20 -70 -68 340 -168 -218 -44 288 -216 -120 240 -742 40 112 576 654 54 418 -1892 
computing eigenvalues for k = 1, took 381.423092 sec
traces of hecke eigenvalues of T_{p^2} are:
0 -12 -40 
computing eigenvalues for k = 2, took 0.595565 sec
traces of hecke eigenvalues of T_{p^1} are:
-5 -8 -26 -46 -20 38 16 12 40 54 -436 244 -240 -1004 200 -630 436 -128 -256 -278 -218 614 52 
computing eigenvalues for k = 1, took 369.888313 sec
traces of hecke eigenvalues of T_{p^2} are:
4 12 -8 
computing eigenvalues for k = 2, took 0.591847 sec
traces of hecke eigenvalues of T_{p^1} are:
-6 8 -12 2 -35 50 22 -85 -63 152 -119 -332 369 500 -240 88 250 597 -389 234 -656 -342 -1342 
computing eigenvalues for k = 1, took 372.100135 sec
traces of hecke eigenvalues of T_{p^2} are:
5 -32 -40 
computing eigenvalues for k = 2, took 0.593291 sec
traces of hecke eigenvalues of T_{p^1} are:
1 -2 12 30 -52 -44 -46 -60 48 298 -372 22 416 -330 -16 -482 330 -264 -112 460 -350 248 1320 
computing eigenvalues for k = 1, took 369.221710 sec
traces of hecke eigenvalues of T_{p^2} are:
-2 -48 16 
computing eigenvalues for k = 2, took 0.580366 sec
traces of hecke eigenvalues of T_{p^1} are:
-19 -71 1 -64 -102 -53 -169 -417 -532 -190 -554 -281 73 -166 -455 283 928 -690 -1063 -681 1475 159 -1203 
computing eigenvalues for k = 1, took 366.205549 sec
traces of hecke eigenvalues of T_{p^2} are:
12 21 -110 
computing eigenvalues for k = 2, took 0.575555 sec
traces of hecke eigenvalues of T_{p^1} are:
-2 4 -12 18 53 -26 62 -105 57 -200 21 -236 -175 0 272 256 522 21 -589 394 2464 -1666 594 
computing eigenvalues for k = 1, took 365.460002 sec
traces of hecke eigenvalues of T_{p^2} are:
1 0 -56 
computing eigenvalues for k = 2, took 0.576966 sec
traces of hecke eigenvalues of T_{p^1} are:
-2 -2 -23 20 -50 20 -5 -351 -83 -231 -67 370 -195 424 26 -429 -401 205 902 -479 232 224 511 
computing eigenvalues for k = 1, took 364.846537 sec
traces of hecke eigenvalues of T_{p^2} are:
1 -6 16 
computing eigenvalues for k = 2, took 0.576346 sec
For conductor 69:
traces of hecke eigenvalues of T_{p^1} are:
0 14 -36 -22 40 26 -56 -142 -24 224 22 88 666 14 522 -596 -596 -420 820 -1380 -242 42 -94 
computing eigenvalues for k = 1, took 120.697059 sec
traces of hecke eigenvalues of T_{p^2} are:
-1 -2 68 
computing eigenvalues for k = 2, took 0.668067 sec
traces of hecke eigenvalues of T_{p^1} are:
-20 -30 12 -67 158 -235 716 419 1179 623 99 -112 -265 1480 770 2398 -2665 3278 -1060 -1377 -776 -376 1499 
computing eigenvalues for k = 1, took 124.095708 sec
traces of hecke eigenvalues of T_{p^2} are:
-26 -272 -242 
computing eigenvalues for k = 2, took 0.687902 sec
traces of hecke eigenvalues of T_{p^1} are:
-1 -12 18 2 20 -70 -68 340 -168 -218 -44 288 -216 -120 240 -742 40 112 576 654 54 418 -1892 
computing eigenvalues for k = 1, took 152.731037 sec
traces of hecke eigenvalues of T_{p^2} are:
0 -12 -40 
computing eigenvalues for k = 2, took 0.569435 sec
traces of hecke eigenvalues of T_{p^1} are:
2 0 6 44 -148 68 94 58 432 184 82 -90 0 -636 -708 -184 -1550 568 168 1674 996 -1424 -2300 
computing eigenvalues for k = 1, took 151.789516 sec
traces of hecke eigenvalues of T_{p^2} are:
3 24 8 
computing eigenvalues for k = 2, took 0.566770 sec
traces of hecke eigenvalues of T_{p^1} are:
-2 4 -12 18 53 -26 62 -105 57 -200 21 -236 -175 0 272 256 522 21 -589 394 2464 -1666 594 
computing eigenvalues for k = 1, took 154.414401 sec
traces of hecke eigenvalues of T_{p^2} are:
1 0 -56 
computing eigenvalues for k = 2, took 0.566076 sec
traces of hecke eigenvalues of T_{p^1} are:
1 -2 12 30 -52 -44 -46 -60 48 298 -372 22 416 -330 -16 -482 330 -264 -112 460 -350 248 1320 
computing eigenvalues for k = 1, took 153.958104 sec
traces of hecke eigenvalues of T_{p^2} are:
-2 -48 16 
computing eigenvalues for k = 2, took 0.562034 sec
traces of hecke eigenvalues of T_{p^1} are:
8 36 48 98 125 386 310 625 1095 1108 1627 1980 2613 3276 3948 4604 5482 4777 4503 4998 7008 8470 8542 
computing eigenvalues for k = 1, took 122.915819 sec
traces of hecke eigenvalues of T_{p^2} are:
9 60 -16 
computing eigenvalues for k = 2, took 0.670379 sec
traces of hecke eigenvalues of T_{p^1} are:
3 14 -18 -16 -8 38 -50 188 84 80 184 -146 -528 -406 792 208 -14 -48 -1124 66 -320 18 1496 
computing eigenvalues for k = 1, took 121.902295 sec
traces of hecke eigenvalues of T_{p^2} are:
2 -8 32 
computing eigenvalues for k = 2, took 0.664838 sec
traces of hecke eigenvalues of T_{p^1} are:
14 52 84 336 304 516 612 1944 1816 2928 3440 3364 4560 5692 7120 6800 8124 10448 11624 14412 12464 15276 18752 
computing eigenvalues for k = 1, took 120.665236 sec
traces of hecke eigenvalues of T_{p^2} are:
12 0 -128 
computing eigenvalues for k = 2, took 0.671048 sec
traces of hecke eigenvalues of T_{p^1} are:
20 116 210 458 716 1046 1616 3504 3568 5266 6736 7372 8764 10480 12924 14646 18844 20536 20660 25534 28438 31838 36224 
computing eigenvalues for k = 1, took 120.893402 sec
traces of hecke eigenvalues of T_{p^2} are:
0 72 80 
computing eigenvalues for k = 2, took 0.668276 sec
traces of hecke eigenvalues of T_{p^1} are:
56 277 501 1195 1554 2758 3102 7594 8601 12488 16146 15726 19912 25353 31400 33432 40118 46326 46401 53488 63959 71658 84187 
computing eigenvalues for k = 1, took 121.297546 sec
traces of hecke eigenvalues of T_{p^2} are:
33 258 408 
computing eigenvalues for k = 2, took 0.669030 sec
traces of hecke eigenvalues of T_{p^1} are:
6 88 -108 108 -145 376 -294 1147 -261 -70 758 -561 133 1423 1165 492 -1202 -839 -395 -3014 1559 2421 613 
computing eigenvalues for k = 1, took 122.339828 sec
traces of hecke eigenvalues of T_{p^2} are:
2 -8 -180 
computing eigenvalues for k = 2, took 0.673240 sec
traces of hecke eigenvalues of T_{p^1} are:
5 0 -48 -40 32 104 -20 20 148 -148 360 596 228 252 -452 1644 -1004 -532 492 -1728 -852 612 -980 
computing eigenvalues for k = 1, took 122.376409 sec
traces of hecke eigenvalues of T_{p^2} are:
-10 4 24 
computing eigenvalues for k = 2, took 0.675646 sec
traces of hecke eigenvalues of T_{p^1} are:
-5 -30 24 30 16 16 -42 -316 24 90 860 586 52 1830 388 14 526 -1188 -400 1792 -2778 -424 1028 
computing eigenvalues for k = 1, took 122.091305 sec
traces of hecke eigenvalues of T_{p^2} are:
-14 -4 -120 
computing eigenvalues for k = 2, took 0.677489 sec
traces of hecke eigenvalues of T_{p^1} are:
68 350 658 1428 2210 3594 4464 10162 11782 17116 20540 22336 27026 33318 41116 45170 53716 58838 65362 75456 81400 93836 112652 
computing eigenvalues for k = 1, took 120.698832 sec
traces of hecke eigenvalues of T_{p^2} are:
24 228 464 
computing eigenvalues for k = 2, took 0.676623 sec
traces of hecke eigenvalues of T_{p^1} are:
8 34 102 204 340 462 714 1524 2308 2952 3080 3658 4632 6214 7048 6656 8238 10712 11456 11442 13844 16122 20636 
computing eigenvalues for k = 1, took 122.677742 sec
traces of hecke eigenvalues of T_{p^2} are:
-6 -108 16 
computing eigenvalues for k = 2, took 0.672484 sec
traces of hecke eigenvalues of T_{p^1} are:
-6 8 -12 2 -35 50 22 -85 -63 152 -119 -332 369 500 -240 88 250 597 -389 234 -656 -342 -1342 
computing eigenvalues for k = 1, took 121.256195 sec
traces of hecke eigenvalues of T_{p^2} are:
5 -32 -40 
computing eigenvalues for k = 2, took 0.665780 sec
