constructing eigenvector for poly
x-15
constructing eigenvector for poly
x^2+9*x+19
constructing eigenvector for poly
x^11-55*x^10+1319*x^9-18126*x^8+157786*x^7-908139*x^6+3501955*x^5-8973320*x^4+14821207*x^3-14832080*x^2+7950180*x-1689976
computing eigenvectors took 0.045705 sec
For conductor 1, eigenvectors are:
1 1 1 1 1 1 1 1 1 1 1 1 1 1 over Number field with defining polynomial x-15
0 -12*a-72 12*a+60 0 -12*a-60 6*a+36 0 0 4*a+24 3 3*a+15 -2*a-12 -2 -2*a-10 over Number field with defining polynomial x^2+9*x+19
a vector of length 14 over Number field with defining polynomial a number field of degree 11
For conductor 97, eigenvectors are:
For conductor 1:
traces of hecke eigenvalues of T_{p^1} are:
15 40 156 400 1464 2380 5220 7240 12720 25260 30784 52060 70644 81400 106080 151740 208920 230764 305320 363024 394420 499360 578760 712980 
computing eigenvalues for k = 1, took 8.569822 sec
traces of hecke eigenvalues of T_{p^2} are:
30 120 780 2800 
computing eigenvalues for k = 2, took 0.213200 sec
traces of hecke eigenvalues of T_{p^1} are:
-9 -4 -4 16 -64 24 10 8 0 -204 -16 108 210 280 -88 864 -544 -488 -576 -456 2000 -144 140 1112 
computing eigenvalues for k = 1, took 9.956511 sec
traces of hecke eigenvalues of T_{p^2} are:
6 -14 4 -4 
computing eigenvalues for k = 2, took 0.206432 sec
traces of hecke eigenvalues of T_{p^1} are:
55 120 296 548 1330 1900 3118 4052 5402 9224 11094 15422 18474 20424 23208 31000 38480 41174 49058 53958 58656 68692 74164 87178 
computing eigenvalues for k = 1, took 8.865517 sec
traces of hecke eigenvalues of T_{p^2} are:
0 40 60 -16 
computing eigenvalues for k = 2, took 0.216234 sec
For conductor 97:
