constructing eigenvector for poly
x-5
constructing eigenvector for poly
x-15
constructing eigenvector for poly
x+2
constructing eigenvector for poly
x^4-24*x^3+197*x^2-638*x+676
constructing eigenvector for poly
x^7-4*x^6-12*x^5+61*x^4-33*x^3-51*x^2+26*x+4
constructing eigenvector for poly
x^3+2*x^2-12*x-8
constructing eigenvector for poly
x^20+12*x^19-48*x^18-950*x^17-29*x^16+28290*x^15+36173*x^14-397920*x^13-730781*x^12+2734166*x^11+5860716*x^10-8330188*x^9-19953981*x^8+8203604*x^7+24621467*x^6-2641422*x^5-11618186*x^4+848056*x^3+2052444*x^2-222048*x-67776
constructing eigenvector for poly
x^12-67*x^11+1981*x^10-34031*x^9+376396*x^8-2807275*x^7+14378403*x^6-50547771*x^5+119902903*x^4-185042360*x^3+174008748*x^2-88133840*x+17862096
constructing eigenvector for poly
x^8-40*x^7+656*x^6-5684*x^5+27978*x^4-78472*x^3+119716*x^2-88548*x+24649
constructing eigenvector for poly
x^8-238*x^7+24345*x^6-1396848*x^5+49130528*x^4-1083715928*x^3+14625425968*x^2-110303153376*x+355678646544
constructing eigenvector for poly
x^8-356*x^7+54836*x^6-4775128*x^5+257220288*x^4-8780459360*x^3+185573218192*x^2-2221129093056*x+11531783639104
constructing eigenvector for poly
x^8-930*x^7+373705*x^6-84693832*x^5+11833436536*x^4-1043201339720*x^3+56639151899296*x^2-1730909455917696*x+22790439679040784
constructing eigenvector for poly
x^8-1230*x^7+649355*x^6-192434512*x^5+35066386331*x^4-4029608905270*x^3+285564854806901*x^2-11424616747631756*x+197774311209824644
constructing eigenvector for poly
x^8-2732*x^7+3250708*x^6-2200110772*x^5+926340410566*x^4-248445905816340*x^3+41448431000907700*x^2-3932471199657583500*x+162446158585522400625
constructing eigenvector for poly
x^8-2750*x^7+3290819*x^6-2237857440*x^5+945745149807*x^4-254314874062930*x^3+42488736345008881*x^2-4031973153888028560*x+166373129301744038976
constructing eigenvector for poly
x-6
constructing eigenvector for poly
x^2-12*x+36
constructing eigenvector for poly
x^2-24*x+144
constructing eigenvector for poly
x^2-116*x+3364
constructing eigenvector for poly
x^2-372*x+34596
constructing eigenvector for poly
x^2-278*x+19321
constructing eigenvector for poly
x^2-414*x+42849
constructing eigenvector for poly
x^2-638*x+101761
constructing eigenvector for poly
x+2
constructing eigenvector for poly
x+6
constructing eigenvector for poly
x+3
constructing eigenvector for poly
x+3
constructing eigenvector for poly
x+2
constructing eigenvector for poly
x+3
constructing eigenvector for poly
x^3+11*x^2+28*x+16
constructing eigenvector for poly
x^2+10*x+25
constructing eigenvector for poly
x^2+30*x+213
constructing eigenvector for poly
x+1
constructing eigenvector for poly
x-6
constructing eigenvector for poly
x-1
constructing eigenvector for poly
x+3
constructing eigenvector for poly
x^3+11*x^2+28*x+16
constructing eigenvector for poly
x^3-17*x^2+90*x-148
constructing eigenvector for poly
x^4-24*x^3+197*x^2-634*x+652
constructing eigenvector for poly
x^4-5*x^3+3*x^2+6*x+1
constructing eigenvector for poly
x^7+4*x^6-24*x^5-29*x^4+139*x^3+11*x^2-162*x+12
constructing eigenvector for poly
x^4-28*x^3+272*x^2-1062*x+1381
constructing eigenvector for poly
x^9-48*x^8+967*x^7-10624*x^6+69282*x^5-273921*x^4+645196*x^3-858075*x^2+576746*x-146068
constructing eigenvector for poly
x^11+2*x^10-56*x^9-93*x^8+959*x^7+1259*x^6-5308*x^5-4008*x^4+7488*x^3+3776*x^2-2304*x-1024
constructing eigenvector for poly
x-3
constructing eigenvector for poly
x-3
computing eigenvectors took 171.666883 sec
For conductor 1, eigenvectors are:
-6 -6 6 12 -6 -6 12 -3 3 0 0 -6 0 6 -3 -3 -3 5 0 0 0 0 3 0 2 6 6 -3 -1 3 0 0 2 0 -1 0 0 0 -4 0 0 0 2 -1 0 5 -4 -6 2 2 -4 -1 2 -1 0 0 -1 -1 2 -1 over Number field with defining polynomial x-5
-1 -1 -1 -1 -1 -1 -1 -1 -1 -1 -1 -1 -1 -1 -1 -1 -1 -1 -1 -1 -1 -1 -1 -1 -1 -1 -1 -1 -1 -1 -1 -1 -1 -1 -1 -1 -1 -1 -1 -1 -1 -1 -1 -1 -1 -1 -1 -1 -1 -1 -1 -1 -1 -1 -1 -1 -1 -1 -1 -1 over Number field with defining polynomial x-15
0 0 24 -16 -12 8 0 -6 6 -12 6 0 6 -12 -6 6 6 4 0 4 0 8 -4 -4 -4 8 -4 -4 -4 -4 4 -4 0 0 2 0 -4 2 4 0 2 2 -2 0 2 0 0 -4 2 -2 -2 -2 4 2 0 2 1 -1 -1 -1 over Number field with defining polynomial x+2
0 0 36*a^3 - 576*a^2 + 2700*a - 4752 -24*a^3 + 384*a^2 - 1800*a + 3168 72*a^3 - 1242*a^2 + 6462*a - 9216 -48*a^3 + 828*a^2 - 4308*a + 6144 0 -9*a^3 + 144*a^2 - 675*a + 1188 54*a^3 - 909*a^2 + 4581*a - 6984 27*a^3 - 405*a^2 + 1602*a - 1854 9*a^3 - 117*a^2 + 522*a - 216 0 -36*a^3 + 720*a^2 - 4338*a + 7146 27*a^3 - 405*a^2 + 1602*a - 1854 -9*a^3 + 144*a^2 - 675*a + 1188 45*a^3 - 810*a^2 + 4167*a - 4914 27*a^2 - 693*a + 2448 12*a^3 - 162*a^2 + 726*a - 2172 60*a^3 - 1020*a^2 + 5208*a - 7728 6*a^3 - 96*a^2 + 450*a - 792 60*a^3 - 1020*a^2 + 5208*a - 7728 -18*a^3 + 270*a^2 - 1068*a + 1236 -30*a^3 + 540*a^2 - 2778*a + 3276 24*a^3 - 480*a^2 + 2892*a - 4764 -6*a^3 + 48*a^2 + 186*a - 252 -18*a^3 + 270*a^2 - 1068*a + 1236 -36*a^3 + 606*a^2 - 3054*a + 4656 -36*a^3 + 606*a^2 - 3054*a + 4656 -6*a^3 + 78*a^2 - 348*a + 144 -18*a^2 + 462*a - 1632 6*a^3 - 96*a^2 + 450*a - 792 -6*a^3 + 78*a^2 - 348*a + 144 3*a^3 + 18*a^2 - 333*a + 804 24*a^3 - 396*a^2 + 1692*a - 1440 18*a^3 - 213*a^2 + 471*a - 114 24*a^3 - 396*a^2 + 1692*a - 1440 9*a^3 - 201*a^2 + 1272*a - 2310 -9*a^3 + 126*a^2 - 303*a - 198 6*a^3 - 21*a^2 - 339*a + 1224 66*a^2 - 738*a + 1692 -24*a^3 + 405*a^2 - 1923*a + 2256 -42*a^3 + 717*a^2 - 3681*a + 5400 -15*a^3 + 369*a^2 - 2496*a + 4176 15*a^3 - 312*a^2 + 1989*a - 3300 -12*a^3 + 174*a^2 - 708*a + 690 -15*a^3 + 231*a^2 - 984*a + 1410 -15*a^3 + 189*a^2 - 564*a + 240 -15*a^3 + 261*a^2 - 1158*a + 822 18*a^2 - 282*a + 1140 9*a^3 - 150*a^2 + 621*a - 324 -3*a^3 - 18*a^2 + 513*a - 1296 -21*a^3 + 393*a^2 - 2352*a + 4386 18*a^3 - 393*a^2 + 2403*a - 4050 -57*a^2 + 507*a - 876 66*a^2 - 738*a + 1692 3*a^3 - 105*a^2 + 912*a - 1764 3*a^3 - 81*a^2 + 684*a - 1488 90*a^2 - 966*a + 1968 -3*a^3 - 18*a^2 + 423*a - 1050 -9*a^2 + 141*a - 570 over Number field with defining polynomial x^4-24*x^3+197*x^2-638*x+676
0 0 36*a^4 - 180*a^3 + 180*a^2 - 108*a + 72 -24*a^4 + 120*a^3 - 120*a^2 + 72*a - 48 -18*a^5 + 90*a^4 - 36*a^3 - 234*a^2 + 90*a + 108 12*a^5 - 60*a^4 + 24*a^3 + 156*a^2 - 60*a - 72 0 -9*a^4 + 45*a^3 - 45*a^2 + 27*a - 18 9*a^5 - 45*a^4 + 18*a^3 + 117*a^2 - 45*a - 54 9*a^4 - 18*a^3 - 117*a^2 + 252*a - 126 -9*a^6 + 27*a^5 + 90*a^4 - 333*a^3 + 261*a^2 + 36*a - 72 0 9*a^6 - 45*a^5 - 45*a^4 + 459*a^3 - 486*a^2 - 18*a + 126 9*a^5 - 72*a^4 + 153*a^3 - 180*a + 90 -9*a^4 + 45*a^3 - 45*a^2 + 27*a - 18 9*a^6 - 45*a^5 - 27*a^4 + 360*a^3 - 324*a^2 - 117*a + 72 -9*a^6 + 36*a^5 + 99*a^4 - 513*a^3 + 324*a^2 + 297*a - 162 -6*a^5 + 42*a^4 - 72*a^3 - 30*a^2 + 138*a - 72 0 6*a^4 - 30*a^3 + 30*a^2 - 18*a + 12 0 -6*a^4 + 12*a^3 + 78*a^2 - 168*a + 84 -6*a^6 + 30*a^5 + 18*a^4 - 240*a^3 + 216*a^2 + 78*a - 48 -6*a^6 + 30*a^5 + 30*a^4 - 306*a^3 + 324*a^2 + 12*a - 84 6*a^5 + 6*a^4 - 180*a^3 + 294*a^2 - 6*a - 72 -6*a^5 + 48*a^4 - 102*a^3 + 120*a - 60 -6*a^5 + 30*a^4 - 12*a^3 - 78*a^2 + 30*a + 36 -6*a^5 + 30*a^4 - 12*a^3 - 78*a^2 + 30*a + 36 -12*a^5 + 24*a^4 + 108*a^3 - 120*a^2 - 144*a + 96 6*a^6 - 24*a^5 - 66*a^4 + 342*a^3 - 216*a^2 - 198*a + 108 6*a^4 - 30*a^3 + 30*a^2 - 18*a + 12 6*a^6 - 18*a^5 - 60*a^4 + 222*a^3 - 174*a^2 - 24*a + 48 3*a^5 + 3*a^4 - 60*a^3 + 21*a^2 + 87*a - 30 0 -6*a^4 + 21*a^3 + 24*a^2 - 75*a + 36 0 6*a^5 - 15*a^4 - 42*a^3 + 75*a^2 - 6*a - 18 3*a^6 - 15*a^5 - 9*a^4 + 120*a^3 - 108*a^2 - 39*a + 24 9*a^5 - 51*a^4 + 78*a^3 - 33*a^2 - 9*a + 6 -6*a^5 + 18*a^4 + 36*a^3 - 114*a^2 + 90*a - 24 -3*a^6 + 12*a^5 + 33*a^4 - 171*a^3 + 108*a^2 + 99*a - 54 3*a^5 - 15*a^4 + 6*a^3 + 39*a^2 - 15*a - 18 -3*a^5 + 21*a^4 - 39*a^3 + 15*a^2 - 18*a -6*a^4 + 33*a^3 - 54*a^2 + 33*a + 18 3*a^6 - 9*a^5 - 33*a^4 + 117*a^3 - 48*a^2 - 96*a + 66 3*a^5 - 33*a^4 + 111*a^3 - 117*a^2 - 6*a + 18 -3*a^5 + 3*a^4 + 69*a^3 - 171*a^2 + 78*a 3*a^5 - 24*a^4 + 51*a^3 - 60*a + 30 6*a^5 - 36*a^4 + 72*a^3 - 72*a^2 + 6*a + 24 12*a^4 - 75*a^3 + 132*a^2 - 63*a + 18 -3*a^5 + 39*a^4 - 132*a^3 + 93*a^2 + 81*a - 54 3*a^5 - 15*a^4 + 3*a^3 + 69*a^2 - 102*a + 18 -24*a^4 + 129*a^3 - 162*a^2 + 21*a + 36 3*a^5 - 15*a^4 + 6*a^3 + 39*a^2 - 15*a - 18 -6*a^5 + 18*a^4 + 36*a^3 - 114*a^2 + 90*a - 24 -3*a^6 + 15*a^5 + 12*a^4 - 147*a^3 + 201*a^2 - 78*a -9*a^4 + 54*a^3 - 93*a^2 + 48*a 9*a^4 - 54*a^3 + 93*a^2 - 48*a -3*a^5 + 18*a^4 - 36*a^3 + 36*a^2 - 3*a - 12 -3*a^5 + 18*a^4 - 36*a^3 + 36*a^2 - 3*a - 12 over Number field with defining polynomial x^7-4*x^6-12*x^5+61*x^4-33*x^3-51*x^2+26*x+4
36*a^2 + 144*a - 144 -72*a-144 0 96 9*a^2 - 36*a - 180 -12*a^2 - 96*a - 144 0 -9*a^2 - 36*a - 36 72 -9*a^2 - 18*a -9*a^2 - 18*a + 72 -9*a^2 - 18*a + 72 -18*a+36 9*a^2 + 18*a - 72 9*a^2 + 36*a - 36 72 9*a^2 + 36*a + 36 -6*a^2 - 12*a + 48 3*a^2 + 24*a - 12 -24 -6*a^2 - 12*a + 24 12*a-24 -12*a^2 - 24*a + 48 12*a^2 + 48*a 6*a^2 + 24*a + 24 12*a-24 -6*a^2 - 12*a + 48 -6*a^2 - 12*a + 48 12*a+24 12*a+24 48 12*a+24 3*a^2 - 36 -3*a^2 - 18*a - 24 3*a^2 + 12*a + 12 -3*a^2 + 12 -3*a^2 - 24*a + 12 -6*a-36 -6*a^2 - 6*a + 12 3*a^2 - 36 3*a^2 - 6*a - 24 9*a^2 + 36*a - 12 3*a^2 + 6*a - 48 -9*a^2 - 36*a - 12 12*a -12*a-24 3*a^2 + 12*a + 12 3*a^2 + 12*a + 36 6*a+60 3*a^2 + 18*a -3*a^2 + 12 -6*a^2 - 12*a + 24 3*a^2 - 36 6*a^2 + 12*a - 48 3*a^2 + 18*a -3*a^2 - 24*a - 12 3*a^2 + 18*a + 12 -12*a-12 -3*a^2 - 18*a - 12 6*a+24 over Number field with defining polynomial x^3+2*x^2-12*x-8
a vector of length 60 over Number field with defining polynomial a number field of degree 20
a vector of length 60 over Number field with defining polynomial a number field of degree 12
-10*a^3 + 10314*a^2 - 3508478*a + 392442474 -10*a^3 + 10314*a^2 - 3508478*a + 392442474 -12*a^3 + 12060*a^2 - 3968876*a + 426683412 -4*a^3 + 4148*a^2 - 1412404*a + 156455284 -2*a^3 + 1740*a^2 - 492198*a + 45916992 4*a^3 - 3816*a^2 + 1187800*a - 120252616 -10*a^3 + 10314*a^2 - 3508478*a + 392442474 -6*a^3 + 6126*a^2 - 2051522*a + 224012316 10*a^3 - 9936*a^2 + 3224970*a - 341282508 -2*a^3 + 2060*a^2 - 692444*a + 75212100 -2*a^3 + 1898*a^2 - 572216*a + 54103464 -10*a^3 + 10314*a^2 - 3508478*a + 392442474 4*a^3 - 4036*a^2 + 1345138*a - 148567632 -2*a^3 + 2164*a^2 - 749628*a + 83681070 -6*a^3 + 6126*a^2 - 2051522*a + 224012316 -2*a^3 + 2326*a^2 - 869856*a + 104789706 4*a^3 - 3608*a^2 + 1047498*a - 97881390 -6*a^3 + 5786*a^2 - 1809892*a + 183942508 6*a^3 - 6044*a^2 + 1985914*a - 212216008 -8*a^3 + 8104*a^2 - 2690640*a + 291569348 6*a^3 - 6044*a^2 + 1985914*a - 212216008 2*a^3 - 1992*a^2 + 666150*a - 75349308 2*a^3 - 1816*a^2 + 528196*a - 48683154 -2*a^3 + 2072*a^2 - 692238*a + 73837180 -2*a^3 + 1938*a^2 - 611808*a + 62900868 2*a^3 - 1708*a^2 + 448044*a - 34610730 -4*a^3 + 3968*a^2 - 1290312*a + 137880384 -4*a^3 + 3968*a^2 - 1290312*a + 137880384 6*a^3 - 5738*a^2 + 1786152*a - 181159708 -2*a^3 + 2140*a^2 - 750040*a + 86430910 -8*a^3 + 8104*a^2 - 2690640*a + 291569348 2*a^3 - 1884*a^2 + 585998*a - 61276884 2*a^3 - 2010*a^2 + 668014*a - 72815572 294*a^2 - 190662*a + 30196462 -2*a^3 + 1862*a^2 - 572834*a + 58228224 294*a^2 - 190662*a + 30196462 94*a^2 - 53120*a + 6280148 216*a^2 - 150998*a + 25910090 -4*a^3 + 3850*a^2 - 1211056*a + 124796608 -26*a^2 + 26826*a - 6417356 2*a^3 - 1762*a^2 + 488120*a - 41646942 76*a^2 - 51256*a + 8813884 4*a^3 - 4116*a^2 + 1385492*a - 152467732 2*a^3 - 1964*a^2 + 626352*a - 65176984 2*a^3 - 1938*a^2 + 626074*a - 68313096 2*a^3 - 2082*a^2 + 705608*a - 78260760 4*a^3 - 4108*a^2 + 1387078*a - 153070108 162*a^2 - 110922*a + 18873878 2*a^3 - 2270*a^2 + 826114*a - 96233284 2*a^3 - 2088*a^2 + 707678*a - 77101944 2*a^3 - 2258*a^2 + 826320*a - 97608204 2*a^3 - 2206*a^2 + 786934*a - 90185720 -2*a^3 + 1870*a^2 - 571248*a + 57625848 -4*a^3 + 3602*a^2 - 1052750*a + 100003976 -26*a^2 + 26826*a - 6417356 40*a^2 - 13044*a - 756064 24*a^2 - 11870*a + 1391400 -42*a^2 + 28000*a - 4269892 -162*a^2 + 107946*a - 16967396 -104*a^2 + 66490*a - 10703728 over Number field with defining polynomial x^4-1375*x^3+700097*x^2-156295345*x+12898570824
-56 16 52 -20 -11 -20 52 16 -2 25 -29 -29 -11 16 25 -2 -29 -2 -11 -47 16 16 -20 -20 -2 16 -2 -2 -20 -20 16 -20 -2 -2 25 7 -2 -11 -2 -2 16 7 -20 -2 -2 7 25 7 -20 7 7 16 -2 -11 7 16 -2 -2 -11 7 over Number field with defining polynomial x-6
-2 -2 4 0 -2 4 -2 1 1 1 1 -2 -2 1 1 1 -2 -1 0 2 0 -1 -1 1 -3 -1 2 2 -1 1 2 -1 1 0 1 0 0 0 -2 0 -1 3 1 2 -1 -1 0 0 2 1 2 -2 0 -1 0 0 -1 -1 -1 0 over Number field with defining polynomial x-319
For conductor 3, eigenvectors are:
1 1 1 1 over Number field with defining polynomial x+2
3 -1 -1 -1 over Number field with defining polynomial x+6
0 0 -1 1 over Number field with defining polynomial x+3
0 2 -1 -1 over Number field with defining polynomial x+3
For conductor 53, eigenvectors are:
0 2 0 -1 -1 -1 -1 over Number field with defining polynomial x+2
1 -1 0 0 0 0 -1 over Number field with defining polynomial x+3
-5*a-12 -3*a-8 -a^2 - 7*a - 12 -a^2 - 5*a - 6 -2*a-6 a^2 + 5*a + 6 -a-2 over Number field with defining polynomial x^3+11*x^2+28*x+16
0 2*a+38 -4*a-72 2*a+38 a+17 2 -a-19 over Number field with defining polynomial x^2+30*x+213
For conductor 159, eigenvectors are:
-24 24 0 4 0 -3 3 -3 0 12 -3 0 0 -9 2 10 0 0 8 -10 2 -2 2 -2 0 2 2 3 -4 7 -8 5 4 5 -1 -1 -2 -4 -5 1 -7 0 -6 3 -1 -3 7 -1 2 1 -4 over Number field with defining polynomial x+1
18 18 -36 12 -9 -9 3 9 18 -12 -21 -9 -3 24 -25 -1 -21 -11 13 21 -12 12 27 9 -18 23 -3 -5 0 -4 0 12 0 9 -3 -11 -10 1 -11 -10 24 -1 -16 2 -2 -1 8 7 -1 -3 -6 over Number field with defining polynomial x-6
-4 -4 -16 -4 -4 -3 -2 -5 2 -5 -10 -4 -7 -7 -12 0 2 -2 2 0 2 2 -2 2 8 -2 -2 7 8 0 -1 -7 4 -1 -1 -2 -1 1 1 -2 0 -3 2 3 5 5 1 -3 4 2 -3 over Number field with defining polynomial x-1
36 36 -12 -8 -3 -6 -9 0 -18 -9 12 -3 15 6 -6 6 -4 6 -2 -6 4 4 0 2 6 0 -1 -1 -11 -3 2 -5 6 -1 -2 4 -5 -3 -6 -3 3 -4 8 5 0 -6 0 -1 1 2 -2 over Number field with defining polynomial x+3
36*a+144 36*a+144 36*a 12*a^2 + 108*a + 192 9*a 9*a^2 + 81*a + 144 9*a^2 + 54*a + 72 36 -18*a-72 -9*a -36*a-72 9*a 9*a^2 + 54*a + 36 9*a^2 + 45*a 18*a+48 6*a+24 6*a^2 + 54*a + 48 -6*a^2 - 36*a - 24 -6*a^2 - 60*a - 120 -6*a-24 -6*a^2 - 54*a - 96 -6*a^2 - 54*a - 96 -6*a^2 - 42*a - 48 6*a^2 + 60*a + 72 -18*a -6*a^2 - 42*a - 48 -3*a^2 - 30*a - 48 3*a^2 + 24*a + 36 -6*a^2 - 21*a + 12 -3*a-12 -3*a^2 - 27*a - 24 -6*a^2 - 51*a - 84 -3*a^2 - 15*a - 36 -3*a^2 - 30*a - 36 3*a^2 + 27*a + 48 -6*a^2 - 54*a - 84 3*a+12 3*a^2 + 18*a + 12 -6*a-24 -3*a+12 3*a+12 -12*a-12 -3*a^2 - 21*a - 48 6*a^2 + 63*a + 96 3*a^2 + 9*a + 12 -18*a-36 3*a^2 + 21*a + 24 3*a^2 + 30*a + 54 -9*a-30 6 -3*a^2 - 21*a - 30 over Number field with defining polynomial x^3+11*x^2+28*x+16
-32*a^2 + 368*a - 976 -32*a^2 + 368*a - 976 4*a^2 - 68*a + 168 -36*a^2 + 428*a - 1032 a^2 - 17*a + 42 -27*a^2 + 321*a - 774 5*a^2 - 53*a + 24 32*a^2 - 308*a + 660 16*a^2 - 184*a + 488 -25*a^2 + 313*a - 792 -3*a^2 - 29*a + 208 a^2 - 17*a + 42 30*a^2 - 302*a + 706 -27*a^2 + 319*a - 746 -52*a+204 38*a^2 - 414*a + 968 -16*a^2 + 232*a - 636 18*a^2 - 170*a + 424 -20*a^2 + 200*a - 452 -38*a^2 + 414*a - 968 18*a^2 - 214*a + 516 18*a^2 - 214*a + 516 -20*a^2 + 244*a - 544 22*a^2 - 182*a + 332 -2*a^2 + 34*a - 84 -20*a^2 + 244*a - 544 23*a^2 - 199*a + 374 4*a^2 - 52*a + 206 4*a-56 -19*a^2 + 207*a - 484 8*a^2 - 116*a + 318 13*a^2 - 125*a + 250 -4*a^2 + 16*a + 36 -11*a^2 + 91*a - 166 -9*a^2 + 107*a - 258 -14*a^2 + 200*a - 580 27*a^2 - 277*a + 682 -9*a^2 + 85*a - 212 27*a^2 - 299*a + 728 -20*a^2 + 198*a - 424 19*a^2 - 207*a + 484 13*a^2 - 123*a + 222 -17*a^2 + 201*a - 530 7*a^2 - 99*a + 276 -10*a^2 + 102*a - 254 7*a^2 - 75*a + 202 10*a^2 - 122*a + 272 10*a^2 - 124*a + 300 2*a-28 24*a-74 -10*a^2 + 98*a - 198 over Number field with defining polynomial x^3-17*x^2+90*x-148
-40*a^3 + 1040*a^2 - 7464*a + 13552 -40*a^3 + 1040*a^2 - 7464*a + 13552 -40*a^3 + 812*a^2 - 4764*a + 7864 16*a^3 - 164*a^2 + 252*a - 616 -61*a^3 + 1106*a^2 - 5691*a + 7318 39*a^3 - 780*a^2 + 4311*a - 4890 25*a^3 - 458*a^2 + 2877*a - 6172 70*a^3 - 1250*a^2 + 6720*a - 9628 -40*a^3 + 1040*a^2 - 7464*a + 13552 25*a^3 - 512*a^2 + 3219*a - 5380 29*a^3 - 478*a^2 + 2013*a - 524 -61*a^3 + 1106*a^2 - 5691*a + 7318 -22*a^3 + 326*a^2 - 1362*a + 1498 -7*a^3 + 152*a^2 - 651*a - 974 -18*a^3 + 462*a^2 - 3528*a + 7116 -30*a^3 + 492*a^2 - 2334*a + 2832 2*a^3 - 106*a^2 + 804*a - 284 -30*a^3 + 456*a^2 - 2106*a + 3360 -40*a^3 + 740*a^2 - 4272*a + 7060 -10*a^3 + 116*a^2 - 474*a + 1648 26*a^3 - 448*a^2 + 2418*a - 4316 8*a^3 - 154*a^2 + 582*a + 748 22*a^3 - 278*a^2 + 744*a + 56 52*a^3 - 902*a^2 + 4542*a - 5356 -54*a^3 + 1008*a^2 - 5382*a + 7500 36*a^2 - 228*a - 528 15*a^3 - 180*a^2 + 435*a - 126 -32*a^3 + 610*a^2 - 3528*a + 5198 0 -15*a^3 + 210*a^2 - 939*a + 1944 10*a^3 - 236*a^2 + 1548*a - 2146 15*a^3 - 330*a^2 + 2013*a - 2442 40*a^3 - 740*a^2 + 4272*a - 7060 15*a^3 - 294*a^2 + 1785*a - 2970 -21*a^3 + 342*a^2 - 1563*a + 1938 -8*a^3 + 112*a^2 - 612*a + 1196 -15*a^3 + 228*a^2 - 1035*a + 750 -15*a^3 + 228*a^2 - 1053*a + 1680 47*a^3 - 790*a^2 + 3963*a - 5324 62*a^3 - 1120*a^2 + 5994*a - 8696 -25*a^3 + 398*a^2 - 1869*a + 2536 -47*a^3 + 958*a^2 - 5673*a + 8306 15*a^3 - 180*a^2 + 435*a - 126 7*a^3 - 50*a^2 - 309*a + 1736 48*a^2 - 618*a + 1554 7*a^3 - 116*a^2 + 423*a + 446 -18*a^2 + 114*a + 264 -84*a^2 + 864*a - 1956 -66*a^2 + 750*a - 2220 -66*a^2 + 732*a - 1290 -22*a^3 + 362*a^2 - 1590*a + 970 over Number field with defining polynomial x^4-24*x^3+197*x^2-634*x+652
0 0 -36*a^3 + 132*a^2 - 96*a - 72 -8*a^3 + 24*a + 20 9*a^3 - 33*a^2 + 24*a + 18 -12*a^3 + 66*a^2 - 66*a - 51 3*a^3 - 30*a^2 + 42*a + 12 -6*a^3 + 30*a^2 - 21*a - 12 0 -3*a^3 + 21*a 3*a^3 - 33*a^2 + 42*a + 33 9*a^3 - 33*a^2 + 24*a + 18 3*a^2 - 21 -3*a^3 + 30*a^2 - 42*a - 12 4*a^3 - 12*a - 10 2*a^3 - 20*a^2 + 28*a + 8 -2*a^2 + 14 -2*a^3 + 14*a 2*a^3 - 14*a 2*a^3 - 18*a^2 + 28*a - 6 4*a^2 - 16*a - 18 -12*a^3 + 40*a^2 - 16*a - 6 2*a^3 + 2*a - 10 6*a^3 - 20*a^2 + 8 -6*a^3 + 22*a^2 - 16*a - 12 4*a^3 - 20*a^2 + 14*a + 8 -a^3 + 7*a -2*a^3 + 1*a^2 + 6*a - 2 0 -3*a^3 + 10*a^2 - 4 2*a^3 + 1*a^2 - 14*a - 7 -8*a+5 -2*a^3 + 14*a a^3 + 10*a^2 - 28*a - 4 8*a^3 - 22*a^2 + 10*a + 7 5*a^3 - 21*a^2 + 15*a + 10 a^3 - 1*a^2 - 7*a + 7 -a^3 + 7*a a^3 - 1*a^2 + 1*a + 2 a^3 - 1*a^2 + 1*a + 2 -3*a^3 + 9*a^2 + 3 -3*a^3 + 21*a^2 - 21*a - 15 -a^3 + 7*a 3*a^3 - 1*a^2 - 13*a + 2 -a^2 - 8*a + 12 4*a^3 - 20*a^2 + 22*a + 3 -2*a^3 + 10*a^2 - 7*a - 4 a^3 - 10*a^2 + 14*a + 4 10*a^2 - 13*a - 9 10*a^2 - 21*a - 4 -3*a^3 + 10*a^2 - 8*a + 1 over Number field with defining polynomial x^4-5*x^3+3*x^2+6*x+1
12*a^6 - 84*a^5 - 180*a^4 + 1296*a^3 - 684*a^2 - 2304*a + 1440 12*a^6 - 84*a^5 - 180*a^4 + 1296*a^3 - 684*a^2 - 2304*a + 1440 -36*a^6 - 156*a^5 + 1008*a^4 - 132*a^3 - 2268*a^2 - 216*a + 2088 -8*a^6 - 88*a^5 + 124*a^4 + 904*a^3 - 476*a^2 - 1608*a - 408 -9*a^6 - 39*a^5 + 252*a^4 - 33*a^3 - 567*a^2 - 54*a + 522 -6*a^6 - 66*a^5 + 93*a^4 + 678*a^3 - 357*a^2 - 1206*a - 306 -12*a^6 - 12*a^5 + 96*a^4 + 420*a^3 - 1011*a^2 - 453*a + 1296 6*a^6 + 33*a^5 - 138*a^4 + 33*a^3 + 12*a^2 - 288*a + 1080 -6*a^6 + 42*a^5 + 90*a^4 - 648*a^3 + 342*a^2 + 1152*a - 720 -12*a^6 + 51*a^5 + 132*a^4 - 651*a^3 + 243*a^2 + 435*a + 108 -9*a^6 - 30*a^5 + 114*a^4 + 198*a^3 - 78*a^2 - 591*a - 144 -9*a^6 - 39*a^5 + 252*a^4 - 33*a^3 - 567*a^2 - 54*a + 522 -15*a^6 - 21*a^5 + 345*a^4 - 207*a^3 - 987*a^2 + 633*a + 306 24*a^6 + 51*a^5 - 459*a^4 + 9*a^3 + 1065*a^2 - 42*a - 162 12*a^6 + 46*a^5 - 244*a^4 - 110*a^3 + 430*a^2 + 430*a - 252 12*a^6 - 12*a^5 - 180*a^4 + 456*a^3 - 154*a^2 - 482*a + 648 22*a^6 + 54*a^5 - 382*a^4 - 126*a^3 + 762*a^2 + 366*a - 12 12*a^6 + 30*a^5 - 156*a^4 - 258*a^3 + 682*a^2 + 110*a - 144 -38*a^5 - 28*a^4 + 790*a^3 - 738*a^2 - 1306*a + 852 26*a^6 + 48*a^5 - 536*a^4 + 144*a^3 + 1368*a^2 - 450*a - 312 4*a^6 + 44*a^5 - 62*a^4 - 452*a^3 + 238*a^2 + 804*a + 204 4*a^6 + 44*a^5 - 62*a^4 - 452*a^3 + 238*a^2 + 804*a + 204 -12*a^6 - 32*a^5 + 220*a^4 + 256*a^3 - 1308*a^2 + 240*a + 1104 -4*a^6 + 6*a^5 + 154*a^4 - 270*a^3 - 606*a^2 + 816*a + 300 18*a^6 + 78*a^5 - 504*a^4 + 66*a^3 + 1134*a^2 + 108*a - 1044 42*a^5 + 24*a^4 - 714*a^3 + 836*a^2 + 592*a - 792 -14*a^5 - 31*a^4 + 124*a^3 + 299*a^2 - 312*a - 510 -6*a^6 - 24*a^5 + 101*a^4 + 237*a^3 - 583*a^2 - 361*a + 726 0 -6*a^6 + 6*a^5 + 90*a^4 - 228*a^3 + 77*a^2 + 241*a - 324 -11*a^6 - 27*a^5 + 191*a^4 + 63*a^3 - 381*a^2 - 183*a + 6 6*a^6 - 10*a^5 - 167*a^4 + 464*a^3 + 145*a^2 - 750*a - 210 6*a^6 - 24*a^5 - 30*a^4 + 66*a^3 + 252*a^2 + 102*a - 828 2*a^6 - 3*a^5 - 77*a^4 + 135*a^3 + 303*a^2 - 408*a - 150 -2*a^6 - 22*a^5 + 31*a^4 + 226*a^3 - 119*a^2 - 402*a - 102 -6*a^6 - 15*a^5 + 131*a^4 - 54*a^3 - 286*a^2 + 266*a - 48 -15*a^5 - 52*a^4 + 306*a^3 - 69*a^2 - 458*a + 90 -6*a^6 - 15*a^5 + 78*a^4 + 129*a^3 - 341*a^2 - 55*a + 72 6*a^6 - 18*a^5 - 176*a^4 + 573*a^3 + 216*a^2 - 1231*a - 36 -a^5 + 147*a^4 - 340*a^3 - 560*a^2 + 1018*a + 492 -13*a^6 - 24*a^5 + 268*a^4 - 72*a^3 - 684*a^2 + 225*a + 156 6*a^6 + 1*a^5 + 6*a^4 - 344*a^3 + 393*a^2 + 586*a - 570 -6*a^6 + 15*a^4 + 162*a^3 - 25*a^2 - 440*a - 30 34*a^5 - 102*a^4 - 179*a^3 + 630*a^2 - 53*a - 408 -8*a^5 + 159*a^4 - 413*a^3 - 121*a^2 + 683*a + 66 -42*a^5 + 93*a^4 + 288*a^3 - 559*a^2 - 428*a + 582 -21*a^5 - 12*a^4 + 357*a^3 - 418*a^2 - 296*a + 396 6*a^6 + 29*a^5 - 109*a^4 - 289*a^3 + 619*a^2 + 374*a - 552 -13*a^5 - 1*a^4 + 161*a^3 + 35*a^2 - 494*a -6*a^6 - 10*a^5 + 123*a^4 - 106*a^3 - 250*a^2 + 279*a + 126 -6*a^5 - 13*a^4 + 234*a^3 - 404*a^2 - 159*a + 426 over Number field with defining polynomial x^7+4*x^6-24*x^5-29*x^4+139*x^3+11*x^2-162*x+12
-26*a^3 + 636*a^2 - 5086*a + 13628 -26*a^3 + 636*a^2 - 5086*a + 13628 -32*a^3 + 708*a^2 - 4612*a + 7640 20*a^3 - 462*a^2 + 3358*a - 7808 25*a^3 - 624*a^2 + 4889*a - 11794 -21*a^3 + 531*a^2 - 4317*a + 11217 -40*a^3 + 975*a^2 - 7484*a + 17695 23*a^3 - 609*a^2 + 4981*a - 12041 -26*a^3 + 636*a^2 - 5086*a + 13628 -13*a^3 + 318*a^2 - 2543*a + 6814 -8*a^3 + 141*a^2 - 532*a - 583 25*a^3 - 624*a^2 + 4889*a - 11794 16*a^3 - 354*a^2 + 2306*a - 3820 -8*a^3 + 213*a^2 - 1774*a + 4403 -45*a^2 + 804*a - 3435 -33*a^3 + 849*a^2 - 6897*a + 17169 -29*a^3 + 720*a^2 - 5677*a + 13958 -15*a^3 + 411*a^2 - 3603*a + 9915 -8*a^3 + 171*a^2 - 1132*a + 2273 19*a^3 - 492*a^2 + 3995*a - 9802 4*a^3 - 54*a^2 - 46*a + 1664 10*a^3 - 234*a^2 + 1676*a - 3652 -4*a^3 + 129*a^2 - 1220*a + 3211 -a^3 - 18*a^2 + 487*a - 2156 6*a^3 - 180*a^2 + 1722*a - 5316 -27*a^3 + 669*a^2 - 5175*a + 11853 -30*a^2 + 408*a - 1158 29*a^3 - 735*a^2 + 5881*a - 14537 0 -3*a^3 + 102*a^2 - 1095*a + 3630 -7*a^3 + 186*a^2 - 1649*a + 4822 33*a^3 - 807*a^2 + 6255*a - 15039 -10*a^3 + 228*a^2 - 1682*a + 4156 -15*a^3 + 375*a^2 - 3009*a + 7563 15*a^3 - 357*a^2 + 2589*a - 5397 -22*a^3 + 543*a^2 - 4238*a + 10219 -3*a^3 + 87*a^2 - 837*a + 2769 -12*a^3 + 321*a^2 - 2742*a + 7257 -11*a^3 + 306*a^2 - 2659*a + 6950 10*a^3 - 246*a^2 + 1910*a - 4624 -11*a^3 + 255*a^2 - 1807*a + 3737 -a^3 + 36*a^2 - 335*a + 664 18*a^3 - 429*a^2 + 3222*a - 7587 -19*a^3 + 477*a^2 - 3791*a + 9223 9*a^3 - 198*a^2 + 1257*a - 1854 -19*a^3 + 456*a^2 - 3401*a + 7450 12*a^2 - 234*a + 972 -12*a^2 + 180*a - 690 -24*a^2 + 414*a - 1662 -21*a^2 + 390*a - 1773 -14*a^3 + 342*a^2 - 2698*a + 6788 over Number field with defining polynomial x^4-28*x^3+272*x^2-1062*x+1381
a^8 - 47*a^7 + 858*a^6 - 7742*a^5 + 35910*a^4 - 78225*a^3 + 47931*a^2 + 61174*a - 67204 -a^8 + 43*a^7 - 752*a^6 + 6884*a^5 - 35568*a^4 + 105455*a^3 - 176779*a^2 + 155738*a - 56604 -a^8 + 45*a^7 - 820*a^6 + 7792*a^5 - 41518*a^4 + 124717*a^3 - 203577*a^2 + 166150*a - 52788 -2*a^8 + 82*a^7 - 1374*a^6 + 12130*a^5 - 60790*a^4 + 174552*a^3 - 278594*a^2 + 228468*a - 75048 a^8 - 39*a^7 + 602*a^6 - 4637*a^5 + 18314*a^4 - 32928*a^3 + 12003*a^2 + 30540*a - 25440 a^8 - 43*a^7 + 750*a^6 - 6824*a^5 + 34850*a^4 - 101181*a^3 + 164195*a^2 - 138588*a + 47488 -a^8 + 42*a^7 - 707*a^6 + 6076*a^5 - 28102*a^4 + 67536*a^3 - 73126*a^2 + 17874*a + 13144 a^8 - 42*a^7 + 734*a^6 - 6918*a^5 + 38092*a^4 - 124066*a^3 + 230869*a^2 - 223298*a + 86284 -2*a^7 + 53*a^6 - 429*a^5 + 171*a^4 + 13615*a^3 - 64424*a^2 + 108456*a - 61904 -3*a^7 + 90*a^6 - 997*a^5 + 4905*a^4 - 9536*a^3 + 357*a^2 + 16772*a - 11660 -a^8 + 42*a^7 - 723*a^6 + 6603*a^5 - 34734*a^4 + 107553*a^3 - 192886*a^2 + 184354*a - 72080 3*a^8 - 123*a^7 + 2072*a^6 - 18527*a^5 + 95033*a^4 - 283516*a^3 + 479424*a^2 - 422242*a + 149460 a^8 - 40*a^7 + 669*a^6 - 6098*a^5 + 32951*a^4 - 106796*a^3 + 199591*a^2 - 196342*a + 78440 a^7 - 39*a^6 + 623*a^5 - 5237*a^4 + 24698*a^3 - 64260*a^2 + 83322*a - 41340 -a^8 + 39*a^7 - 611*a^6 + 4918*a^5 - 21607*a^4 + 50913*a^3 - 58937*a^2 + 24818*a + 1908 -2*a^7 + 62*a^6 - 707*a^5 + 3529*a^4 - 6393*a^3 - 4107*a^2 + 23486*a - 17596 -3*a^7 + 103*a^6 - 1403*a^5 + 9700*a^4 - 36220*a^3 + 71953*a^2 - 69782*a + 25652 7*a^7 - 242*a^6 + 3321*a^5 - 23247*a^4 + 89226*a^3 - 187931*a^2 + 201006*a - 84588 -a^8 + 45*a^7 - 830*a^6 + 8075*a^5 - 44532*a^4 + 139966*a^3 - 241841*a^2 + 210986*a - 71868 2*a^7 - 64*a^6 + 790*a^5 - 4735*a^4 + 14198*a^3 - 19253*a^2 + 6898*a + 3604 -2*a^8 + 80*a^7 - 1313*a^6 + 11446*a^5 - 57404*a^4 + 167956*a^3 - 278269*a^2 + 240238*a - 83740 -2*a^8 + 80*a^7 - 1304*a^6 + 11141*a^5 - 53485*a^4 + 144045*a^3 - 206709*a^2 + 141806*a - 34132 -2*a^7 + 77*a^6 - 1199*a^5 + 9705*a^4 - 43627*a^3 + 107218*a^2 - 131060*a + 61480 5*a^7 - 181*a^6 + 2637*a^5 - 19861*a^4 + 82630*a^3 - 187606*a^2 + 212776*a - 93280 a^8 - 39*a^7 + 618*a^6 - 5124*a^5 + 23943*a^4 - 63909*a^3 + 95950*a^2 - 75184*a + 23744 -a^7 + 40*a^6 - 636*a^5 + 5108*a^4 - 21819*a^3 + 48268*a^2 - 51168*a + 20352 2*a^7 - 65*a^6 + 816*a^5 - 4979*a^4 + 15316*a^3 - 22704*a^2 + 14514*a - 2756 a^8 - 43*a^7 + 747*a^6 - 6714*a^5 + 33251*a^4 - 89665*a^3 + 122701*a^2 - 72254*a + 10176 a^7 - 31*a^6 + 376*a^5 - 2340*a^4 + 8485*a^3 - 19185*a^2 + 23778*a - 11660 3*a^6 - 83*a^5 + 857*a^4 - 4111*a^3 + 9364*a^2 - 9990*a + 3816 -a^7 + 36*a^6 - 532*a^5 + 4131*a^4 - 17725*a^3 + 40349*a^2 - 43714*a + 17384 a^8 - 43*a^7 + 760*a^6 - 7121*a^5 + 38106*a^4 - 117360*a^3 + 200873*a^2 - 174928*a + 59784 -a^7 + 39*a^6 - 613*a^5 + 4965*a^4 - 22022*a^3 + 52700*a^2 - 62884*a + 29256 a^8 - 38*a^7 + 578*a^6 - 4461*a^5 + 18102*a^4 - 34933*a^3 + 17699*a^2 + 26132*a - 24592 -3*a^8 + 121*a^7 - 1993*a^6 + 17281*a^5 - 84949*a^4 + 238630*a^3 - 370579*a^2 + 292164*a - 90312 a^8 - 43*a^7 + 751*a^6 - 6849*a^5 + 35034*a^4 - 101288*a^3 + 161070*a^2 - 130084*a + 41552 4*a^7 - 133*a^6 + 1723*a^5 - 11050*a^4 + 37069*a^3 - 63813*a^2 + 51688*a - 14840 a^8 - 36*a^7 + 512*a^6 - 3608*a^5 + 12552*a^4 - 15100*a^3 - 23233*a^2 + 74068*a - 48972 -2*a^7 + 59*a^6 - 629*a^5 + 2796*a^4 - 3417*a^3 - 8575*a^2 + 23324*a - 14204 a^8 - 37*a^7 + 541*a^6 - 3927*a^5 + 14270*a^4 - 20344*a^3 - 12108*a^2 + 58860*a - 40280 -5*a^6 + 166*a^5 - 2063*a^4 + 11916*a^3 - 32724*a^2 + 40374*a - 17808 -4*a^5 + 73*a^4 - 372*a^3 + 467*a^2 - 228*a + 424 a^6 - 30*a^5 + 308*a^4 - 1242*a^3 + 1771*a^2 - 1648*a + 1272 a^8 - 41*a^7 + 699*a^6 - 6444*a^5 + 34983*a^4 - 114039*a^3 + 217005*a^2 - 218472*a + 88828 -2*a^7 + 80*a^6 - 1284*a^5 + 10603*a^4 - 48048*a^3 + 117889*a^2 - 144262*a + 68264 -2*a^7 + 79*a^6 - 1259*a^5 + 10345*a^4 - 46517*a^3 + 112528*a^2 - 134490*a + 61692 -a^7 + 32*a^6 - 396*a^5 + 2376*a^4 - 7051*a^3 + 9396*a^2 - 4988*a + 848 -2*a^7 + 64*a^6 - 793*a^5 + 4827*a^4 - 15271*a^3 + 24989*a^2 - 20034*a + 6148 a^6 - 21*a^5 + 111*a^4 + 265*a^3 - 3592*a^2 + 8732*a - 6360 -a^8 + 39*a^7 - 620*a^6 + 5185*a^5 - 24638*a^4 + 67522*a^3 - 104477*a^2 + 83982*a - 27136 -2*a^7 + 74*a^6 - 1097*a^5 + 8346*a^4 - 34725*a^3 + 78124*a^2 - 88148*a + 38796 over Number field with defining polynomial x^9-48*x^8+967*x^7-10624*x^6+69282*x^5-273921*x^4+645196*x^3-858075*x^2+576746*x-146068
a vector of length 51 over Number field with defining polynomial a number field of degree 11
0 0 0 -12 0 9 -3 9 0 -6 3 0 -6 3 -2 -2 -12 -4 -4 -6 -6 6 -6 6 0 10 -6 -1 0 1 -6 -3 0 -3 3 5 4 2 -1 -5 -9 -2 -2 -5 -1 1 7 -1 -2 -3 0 over Number field with defining polynomial x-3
-144 144 -144 60 36 27 -9 -9 0 -18 -27 36 -18 -27 42 -54 12 36 -36 6 30 18 -18 -6 -24 6 6 -3 -24 -33 6 -21 -12 3 -39 3 -24 18 9 -27 9 -18 -18 -27 -3 3 21 -15 6 9 6 over Number field with defining polynomial x-3
For conductor 1:
traces of hecke eigenvalues of T_{p^1} are:
5 48 25 189 128 228 423 571 941 774 1168 2109 1536 2260 3184 3051 3845 5095 4474 6286 5900 9334 7947 
computing eigenvalues for k = 1, took 13.085776 sec
traces of hecke eigenvalues of T_{p^2} are:
0 132 -200 
computing eigenvalues for k = 2, took 0.244276 sec
traces of hecke eigenvalues of T_{p^1} are:
15 156 400 1464 2380 5220 7240 12720 25260 30784 52060 70644 81400 106080 208920 230764 305320 363024 394420 499360 578760 712980 922180 
computing eigenvalues for k = 1, took 13.107802 sec
traces of hecke eigenvalues of T_{p^2} are:
30 780 2800 
computing eigenvalues for k = 2, took 0.248059 sec
traces of hecke eigenvalues of T_{p^1} are:
-2 6 -10 72 -19 -25 9 -111 91 84 -243 -76 244 272 -82 124 56 -361 -288 -83 701 -1062 -2475 
computing eigenvalues for k = 1, took 13.244176 sec
traces of hecke eigenvalues of T_{p^2} are:
1 -10 -40 
computing eigenvalues for k = 2, took 0.239576 sec
traces of hecke eigenvalues of T_{p^1} are:
24 122 200 508 695 1121 1421 2317 3079 3793 5225 6580 7524 9548 15185 14117 18083 19968 20254 24369 28403 32409 36443 
computing eigenvalues for k = 1, took 13.321192 sec
traces of hecke eigenvalues of T_{p^2} are:
12 108 0 
computing eigenvalues for k = 2, took 0.238379 sec
traces of hecke eigenvalues of T_{p^1} are:
4 36 -82 45 -150 246 -134 382 619 -285 413 217 -460 157 -469 613 -324 -487 -1356 -345 -232 -132 2408 
computing eigenvalues for k = 1, took 13.241747 sec
traces of hecke eigenvalues of T_{p^2} are:
-5 8 -48 
computing eigenvalues for k = 2, took 0.245559 sec
traces of hecke eigenvalues of T_{p^1} are:
-2 -10 88 -44 -171 -85 377 69 -145 862 145 -410 -786 -470 118 -64 -2238 -355 4008 2099 2241 -178 -4087 
computing eigenvalues for k = 1, took 13.027031 sec
traces of hecke eigenvalues of T_{p^2} are:
9 72 224 
computing eigenvalues for k = 2, took 0.244179 sec
traces of hecke eigenvalues of T_{p^1} are:
-12 -44 18 -72 472 32 -354 -162 180 -130 1776 388 1082 164 -1834 -656 952 -520 -1210 -1516 -2222 -2146 1726 
computing eigenvalues for k = 1, took 13.189061 sec
traces of hecke eigenvalues of T_{p^2} are:
-26 -124 -284 
computing eigenvalues for k = 2, took 0.245278 sec
traces of hecke eigenvalues of T_{p^1} are:
67 322 691 1439 2276 3474 4381 6209 10137 12012 16852 19771 23120 25928 40586 45187 55707 59879 65406 75208 78522 94376 114037 
computing eigenvalues for k = 1, took 13.046343 sec
traces of hecke eigenvalues of T_{p^2} are:
21 60 728 
computing eigenvalues for k = 2, took 0.247832 sec
traces of hecke eigenvalues of T_{p^1} are:
20 119 178 465 615 1366 1375 1860 3917 3685 5653 7272 6657 8458 13889 15732 17970 21035 21534 24282 27053 32319 38530 
computing eigenvalues for k = 1, took 13.199951 sec
traces of hecke eigenvalues of T_{p^2} are:
0 90 -176 
computing eigenvalues for k = 2, took 0.247221 sec
traces of hecke eigenvalues of T_{p^1} are:
6 30 76 132 112 306 436 552 870 1300 1516 1722 1372 2256 3540 3964 3676 5112 6592 7204 6972 8010 8176 
computing eigenvalues for k = 1, took 13.002171 sec
traces of hecke eigenvalues of T_{p^2} are:
3 24 208 
computing eigenvalues for k = 2, took 0.246224 sec
traces of hecke eigenvalues of T_{p^1} are:
6 12 58 186 139 207 319 759 771 832 1399 1308 1624 2526 3990 3964 4000 5805 4540 6439 6639 9360 9319 
computing eigenvalues for k = 1, took 13.129340 sec
traces of hecke eigenvalues of T_{p^2} are:
3 -84 64 
computing eigenvalues for k = 2, took 0.243305 sec
For conductor 3:
traces of hecke eigenvalues of T_{p^1} are:
-2 6 -10 72 -19 -25 9 -111 91 84 -243 -76 244 272 -82 124 56 -361 -288 -83 701 -1062 -2475 
computing eigenvalues for k = 1, took 534.391747 sec
traces of hecke eigenvalues of T_{p^2} are:
1 -10 -40 
computing eigenvalues for k = 2, took 0.533647 sec
traces of hecke eigenvalues of T_{p^1} are:
-6 -2 -34 -4 -15 3 113 -55 -33 28 -175 -200 44 -228 70 -516 224 23 -832 733 533 242 -335 
computing eigenvalues for k = 1, took 545.100380 sec
traces of hecke eigenvalues of T_{p^2} are:
5 10 40 
computing eigenvalues for k = 2, took 0.535997 sec
traces of hecke eigenvalues of T_{p^1} are:
-3 -9 -14 27 -14 -117 16 -75 0 37 -236 -252 -533 312 249 676 952 108 -134 -581 210 -555 229 
computing eigenvalues for k = 1, took 544.578639 sec
traces of hecke eigenvalues of T_{p^2} are:
0 -18 -8 
computing eigenvalues for k = 2, took 0.520623 sec
traces of hecke eigenvalues of T_{p^1} are:
-3 -17 14 -7 -30 33 -184 -79 12 67 -112 232 515 -348 67 -192 -244 -388 302 229 -1066 887 1621 
computing eigenvalues for k = 1, took 534.088359 sec
traces of hecke eigenvalues of T_{p^2} are:
2 10 16 
computing eigenvalues for k = 2, took 0.516842 sec
For conductor 53:
traces of hecke eigenvalues of T_{p^1} are:
-2 0 -8 0 -109 -51 -39 161 -203 432 295 246 -606 -94 -118 -306 -1684 71 898 805 -83 -1246 -1233 
computing eigenvalues for k = 1, took 313.852523 sec
traces of hecke eigenvalues of T_{p^2} are:
3 24 -32 
computing eigenvalues for k = 2, took 0.523781 sec
traces of hecke eigenvalues of T_{p^1} are:
-3 -10 20 -20 39 63 -43 -23 -285 -116 239 224 -394 546 14 -666 536 751 350 -863 865 -932 -1181 
computing eigenvalues for k = 1, took 313.305684 sec
traces of hecke eigenvalues of T_{p^2} are:
2 -8 -32 
computing eigenvalues for k = 2, took 0.531635 sec
traces of hecke eigenvalues of T_{p^1} are:
-11 -12 -16 50 11 -131 61 153 9 340 -581 96 406 16 346 526 -1160 1171 -1702 969 -1223 1782 -269 
computing eigenvalues for k = 1, took 312.624180 sec
traces of hecke eigenvalues of T_{p^2} are:
2 -54 -8 
computing eigenvalues for k = 2, took 0.523203 sec
traces of hecke eigenvalues of T_{p^1} are:
-10 -30 -28 12 -92 48 48 -62 -52 -444 92 24 -330 -272 -44 672 676 -320 392 1484 788 460 18 
computing eigenvalues for k = 1, took 314.077528 sec
traces of hecke eigenvalues of T_{p^2} are:
6 24 20 
computing eigenvalues for k = 2, took 0.526585 sec
For conductor 159:
traces of hecke eigenvalues of T_{p^1} are:
-1 9 18 -23 -78 57 72 -13 168 -95 140 28 -133 -304 339 228 392 252 1154 -233 -546 -169 -123 
computing eigenvalues for k = 1, took 130.012731 sec
traces of hecke eigenvalues of T_{p^2} are:
-4 -18 -32 
computing eigenvalues for k = 2, took 0.540463 sec
traces of hecke eigenvalues of T_{p^1} are:
6 48 58 78 139 405 319 345 969 832 1399 2136 1624 1986 3090 3964 4000 4419 4540 6439 7305 6660 9319 
computing eigenvalues for k = 1, took 130.206118 sec
traces of hecke eigenvalues of T_{p^2} are:
3 132 64 
computing eigenvalues for k = 2, took 0.528502 sec
traces of hecke eigenvalues of T_{p^1} are:
1 33 40 75 236 267 462 503 610 987 1156 1446 1755 2462 4013 2952 4922 5360 5044 5245 6370 8057 10533 
computing eigenvalues for k = 1, took 129.555019 sec
traces of hecke eigenvalues of T_{p^2} are:
-12 42 -80 
computing eigenvalues for k = 2, took 0.541071 sec
traces of hecke eigenvalues of T_{p^1} are:
-3 -10 20 -20 39 63 -43 -23 -285 -116 239 224 -394 546 14 -666 536 751 350 -863 865 -932 -1181 
computing eigenvalues for k = 1, took 132.158439 sec
traces of hecke eigenvalues of T_{p^2} are:
2 -8 -32 
computing eigenvalues for k = 2, took 0.548457 sec
traces of hecke eigenvalues of T_{p^1} are:
-11 -12 -16 50 11 -131 61 153 9 340 -581 96 406 16 346 526 -1160 1171 -1702 969 -1223 1782 -269 
computing eigenvalues for k = 1, took 132.157347 sec
traces of hecke eigenvalues of T_{p^2} are:
2 -54 -8 
computing eigenvalues for k = 2, took 0.532433 sec
traces of hecke eigenvalues of T_{p^1} are:
17 73 160 335 459 790 1061 1494 2419 2944 4177 4688 5805 6410 10088 12611 13923 15622 17502 19958 20715 23404 27782 
computing eigenvalues for k = 1, took 131.025551 sec
traces of hecke eigenvalues of T_{p^2} are:
6 -30 80 
computing eigenvalues for k = 2, took 0.540520 sec
traces of hecke eigenvalues of T_{p^1} are:
24 118 200 548 695 1327 1421 2099 3881 3793 5225 7196 7524 8500 13135 14117 18083 20928 20254 24369 27373 31671 36443 
computing eigenvalues for k = 1, took 131.616775 sec
traces of hecke eigenvalues of T_{p^2} are:
12 84 0 
computing eigenvalues for k = 2, took 0.540957 sec
traces of hecke eigenvalues of T_{p^1} are:
5 24 -77 106 23 99 -124 -46 413 -210 248 -354 82 401 -326 -289 -2114 208 320 -1216 -1405 1739 1456 
computing eigenvalues for k = 1, took 145.399090 sec
traces of hecke eigenvalues of T_{p^2} are:
-1 -20 24 
computing eigenvalues for k = 2, took 0.543545 sec
traces of hecke eigenvalues of T_{p^1} are:
-4 -20 -2 -93 118 50 -78 -274 461 99 985 -81 272 -113 -447 -1783 496 -2625 -660 555 728 -2092 168 
computing eigenvalues for k = 1, took 131.938400 sec
traces of hecke eigenvalues of T_{p^2} are:
-9 -12 -140 
computing eigenvalues for k = 2, took 0.539009 sec
traces of hecke eigenvalues of T_{p^1} are:
28 121 178 591 615 1082 1375 2556 3043 3685 5653 6504 6657 9590 14431 15732 17970 19861 21534 24282 28723 31761 38530 
computing eigenvalues for k = 1, took 129.797144 sec
traces of hecke eigenvalues of T_{p^2} are:
24 102 -176 
computing eigenvalues for k = 2, took 0.536976 sec
traces of hecke eigenvalues of T_{p^1} are:
48 244 508 1108 1709 2551 3371 4793 7237 9193 12763 14780 17164 20532 31711 32007 39525 44746 47314 56705 61837 69467 84485 
computing eigenvalues for k = 1, took 130.982420 sec
traces of hecke eigenvalues of T_{p^2} are:
9 60 464 
computing eigenvalues for k = 2, took 0.542917 sec
traces of hecke eigenvalues of T_{p^1} are:
-2 -1 -41 27 85 -18 -96 301 181 509 1376 144 525 -189 -2381 147 1762 -1070 -846 245 755 -1838 19 
computing eigenvalues for k = 1, took 131.393021 sec
traces of hecke eigenvalues of T_{p^2} are:
-15 16 -64 
computing eigenvalues for k = 2, took 0.539250 sec
traces of hecke eigenvalues of T_{p^1} are:
3 9 -14 -27 -14 117 16 75 0 37 -236 252 -533 -312 -249 676 952 -108 -134 -581 -210 555 229 
computing eigenvalues for k = 1, took 149.144705 sec
traces of hecke eigenvalues of T_{p^2} are:
0 -18 -8 
computing eigenvalues for k = 2, took 0.532538 sec
traces of hecke eigenvalues of T_{p^1} are:
3 1 26 -7 26 33 0 -69 -24 -231 -356 -108 187 400 -197 180 -496 -356 -374 583 14 255 957 
computing eigenvalues for k = 1, took 132.970979 sec
traces of hecke eigenvalues of T_{p^2} are:
4 -50 32 
computing eigenvalues for k = 2, took 0.537539 sec
