constructing eigenvector for poly
x^36+35*x^35+358*x^34-1056*x^33-41802*x^32-160423*x^31+1517064*x^30+11978630*x^29-16137594*x^28-360299710*x^27-361956751*x^26+5919745213*x^25+14015481051*x^24-56389607933*x^23-207924796202*x^22+289389185693*x^21+1759909897489*x^20-392778191284*x^19-9156550587523*x^18-4202645741493*x^17+29252624397183*x^16+27846276826768*x^15-53980198174176*x^14-77907339201501*x^13+46557835887386*x^12+111722555528001*x^11+1976369150010*x^10-75532042853148*x^9-27629908839254*x^8+16497009476240*x^7+10427825274400*x^6-87559013890*x^5-887710281580*x^4-82674161854*x^3+20932831572*x^2+1609410880*x-200655872
constructing eigenvector for poly
x-15
constructing eigenvector for poly
x-5
constructing eigenvector for poly
x-3
constructing eigenvector for poly
x^2+4*x-1
constructing eigenvector for poly
x^7-36*x^6+523*x^5-3929*x^4+16224*x^3-36031*x^2+38744*x-15296
constructing eigenvector for poly
x^24-144*x^23+9793*x^22-418307*x^21+12590834*x^20-283998414*x^19+4984002953*x^18-69743668757*x^17+791253042206*x^16-7360782019944*x^15+56568609503761*x^14-360759581327665*x^13+1913007999534682*x^12-8432719664883430*x^11+30826853474935999*x^10-93022092389966131*x^9+230056212285643861*x^8-461595598561461540*x^7+740932306893673222*x^6-933207126590718948*x^5+897438981593657504*x^4-632953370650723280*x^3+307035077263392128*x^2-91071082764012800*x+12390633037083776
constructing eigenvector for poly
x+2
constructing eigenvector for poly
x+4
constructing eigenvector for poly
x^2+8*x+11
constructing eigenvector for poly
x^2+8*x+14
constructing eigenvector for poly
x+2
constructing eigenvector for poly
x^22-122*x^21+6981*x^20-249029*x^19+6208928*x^18-114975134*x^17+1640303877*x^16-18458353351*x^15+166381862118*x^14-1213273231428*x^13+7198749108599*x^12-34838142536723*x^11+137442014197120*x^10-440525903579038*x^9+1139758948245727*x^8-2356825379207513*x^7+3839745915450905*x^6-4830279931214566*x^5+4558756854849696*x^4-3093725312309672*x^3+1411521640031968*x^2-383549284696192*x+46405597069248
constructing eigenvector for poly
x^28+17*x^27-7*x^26-1426*x^25-3774*x^24+49477*x^23+184595*x^22-936876*x^21-4017812*x^20+10781985*x^19+49405408*x^18-79952301*x^17-372034152*x^16+399214484*x^15+1770702050*x^14-1395573699*x^13-5351872830*x^12+3486626895*x^11+10087466166*x^10-6060006414*x^9-11337916225*x^8+6727784468*x^7+7008773124*x^6-4213099544*x^5-2049745146*x^4+1245807622*x^3+197493036*x^2-122813440*x+2403006
computing eigenvectors took 0.543783 sec
For conductor 1, eigenvectors are:
a vector of length 72 over Number field with defining polynomial a number field of degree 36
-1 -1 -1 -1 -1 -1 -1 -1 -1 -1 -1 -1 -1 -1 -1 -1 -1 -1 -1 -1 -1 -1 -1 -1 -1 -1 -1 -1 -1 -1 -1 -1 -1 -1 -1 -1 -1 -1 -1 -1 -1 -1 -1 -1 -1 -1 -1 -1 -1 -1 -1 -1 -1 -1 -1 -1 -1 -1 -1 -1 -1 -1 -1 -1 -1 -1 -1 -1 -1 -1 -1 -1 over Number field with defining polynomial x-15
-6 -66 -36 24 -21 -6 24 -6 -6 9 24 -6 14 -26 14 -26 -16 4 9 -21 9 -6 -6 24 9 9 -6 -21 9 9 -6 9 -6 24 -16 4 4 4 -6 4 4 14 -16 4 4 -1 -1 4 4 14 24 9 9 14 -6 -11 -11 -6 -1 -1 4 9 -11 4 -1 -11 -6 4 -6 -6 9 -6 over Number field with defining polynomial x-5
-12 0 -12 4 -12 -6 -6 6 12 -6 6 12 0 0 8 4 -6 -4 0 -6 3 6 6 -6 3 3 0 -3 3 3 6 0 6 -6 6 -2 3 -2 -2 0 2 -6 -6 2 4 -4 -4 -2 -2 4 0 -2 -2 -2 3 1 0 1 2 0 -1 -4 0 -1 3 -2 -1 0 -1 2 2 -2 over Number field with defining polynomial x-3
-312*a-72 0 192*a+336 104*a+24 -60*a+132 210*a+486 -294*a+78 30*a-66 36*a+300 120*a-264 -120*a+264 36*a+300 -76*a-212 16*a-288 40*a-88 20*a-44 -148*a-180 -20*a+44 126*a+102 108*a-48 -48*a-84 30*a-66 30*a-66 222*a+270 -48*a-84 -48*a-84 -138*a+114 -66*a-234 -48*a-84 -48*a-84 30*a-66 126*a+102 30*a-66 -294*a+78 26*a+6 -136*a-80 -18*a+166 -136*a-80 32*a+56 38*a+106 94*a+46 -18*a-150 -30*a+66 94*a+46 -22*a-78 64*a+112 64*a+112 -136*a-80 -136*a-80 36*a-332 100*a-220 124*a-20 124*a-20 -14*a+94 5*a+147 -58*a-62 0 -24*a+116 6*a+50 4*a-72 64*a-46 68*a+40 0 -22*a-78 -52*a-12 116*a+124 -26*a-6 38*a+106 -26*a-6 -82*a+54 -17*a+69 -158 over Number field with defining polynomial x^2+4*x-1
32*a^6 - 1056*a^5 + 13392*a^4 - 82272*a^3 + 254256*a^2 - 376160*a + 221312 32*a^6 - 1184*a^5 + 16384*a^4 - 110880*a^3 + 394144*a^2 - 712832*a + 520192 200*a^5 - 5408*a^4 + 55472*a^3 - 264800*a^2 + 570952*a - 422592 32*a^6 - 1056*a^5 + 13392*a^4 - 82272*a^3 + 254256*a^2 - 376160*a + 221312 -32*a^5 + 1240*a^4 - 16336*a^3 + 94008*a^2 - 235232*a + 200352 2*a^6 - 44*a^5 + 274*a^4 + 366*a^3 - 11284*a^2 + 49790*a - 70400 58*a^6 - 1910*a^5 + 25022*a^4 - 165842*a^3 + 581640*a^2 - 1011736*a + 668896 -24*a^6 + 778*a^5 - 9972*a^4 + 63836*a^3 - 211164*a^2 + 330562*a - 172208 -96*a^5 + 2300*a^4 - 20704*a^3 + 87436*a^2 - 175768*a + 138208 -32*a^6 + 992*a^5 - 12480*a^4 + 81392*a^3 - 289856*a^2 + 533776*a - 393984 -32*a^6 + 992*a^5 - 12480*a^4 + 81392*a^3 - 289856*a^2 + 533776*a - 393984 -32*a^5 + 1240*a^4 - 16336*a^3 + 94008*a^2 - 235232*a + 200352 -32*a^6 + 1224*a^5 - 18344*a^4 + 137304*a^3 - 536856*a^2 + 1025920*a - 730240 32*a^6 - 1056*a^5 + 14112*a^4 - 96800*a^3 + 354496*a^2 - 643392*a + 433280 -32*a^6 + 1044*a^5 - 13388*a^4 + 85452*a^3 - 283060*a^2 + 458464*a - 284576 -32*a^5 + 816*a^4 - 7704*a^3 + 32320*a^2 - 54808*a + 19648 -32*a^6 + 1044*a^5 - 13388*a^4 + 85452*a^3 - 283060*a^2 + 458464*a - 284576 -32*a^5 + 816*a^4 - 7704*a^3 + 32320*a^2 - 54808*a + 19648 50*a^6 - 1638*a^5 + 21414*a^4 - 141808*a^3 + 496140*a^2 - 855910*a + 554624 -16*a^6 + 506*a^5 - 6286*a^4 + 38874*a^3 - 125370*a^2 + 201828*a - 132464 -8*a^6 + 176*a^5 - 1212*a^4 + 862*a^3 + 21880*a^2 - 77034*a + 65872 -16*a^6 + 654*a^5 - 10288*a^4 + 79910*a^3 - 320764*a^2 + 618592*a - 428496 24*a^6 - 816*a^5 + 11072*a^4 - 76286*a^3 + 278908*a^2 - 504926*a + 340736 8*a^6 - 320*a^5 + 5152*a^4 - 41926*a^3 + 178012*a^2 - 362646*a + 261824 8*a^6 - 230*a^5 + 2616*a^4 - 14868*a^3 + 44368*a^2 - 68918*a + 49856 -8*a^6 + 398*a^5 - 6784*a^4 + 54004*a^3 - 215160*a^2 + 404638*a - 272096 34*a^6 - 1126*a^5 + 14946*a^4 - 100892*a^3 + 360112*a^2 - 628426*a + 400800 -8*a^6 + 366*a^5 - 6254*a^4 + 51820*a^3 - 218446*a^2 + 434370*a - 303168 -32*a^5 + 726*a^4 - 5888*a^3 + 19790*a^2 - 21404*a - 6848 24*a^6 - 800*a^5 + 10428*a^4 - 67262*a^3 + 223832*a^2 - 362630*a + 223888 -8*a^6 + 224*a^5 - 2386*a^4 + 12070*a^3 - 29910*a^2 + 35530*a - 19904 -24*a^6 + 878*a^5 - 12600*a^4 + 90236*a^3 - 336160*a^2 + 605046*a - 393136 42*a^6 - 1414*a^5 + 19102*a^4 - 131482*a^3 + 480744*a^2 - 869456*a + 589984 -64*a^5 + 1770*a^4 - 18520*a^3 + 90722*a^2 - 205500*a + 169280 34*a^6 - 1158*a^5 + 15868*a^4 - 111024*a^3 + 412730*a^2 - 755714*a + 513072 -32*a^6 + 1018*a^5 - 12690*a^4 + 78422*a^3 - 249830*a^2 + 382504*a - 211568 -32*a^5 + 816*a^4 - 7704*a^3 + 32320*a^2 - 54808*a + 19648 16*a^6 - 544*a^5 + 7464*a^4 - 52252*a^3 + 193408*a^2 - 349100*a + 226464 16*a^6 - 428*a^5 + 4352*a^4 - 20664*a^3 + 44848*a^2 - 36220*a + 5344 -40*a^6 + 1316*a^5 - 17106*a^4 + 111098*a^3 - 374638*a^2 + 610602*a - 361680 -16*a^6 + 596*a^5 - 8732*a^4 + 64116*a^3 - 246484*a^2 + 462152*a - 317936 26*a^6 - 860*a^5 + 11452*a^4 - 78348*a^3 + 287922*a^2 - 527616*a + 362960 -8*a^6 + 266*a^5 - 3568*a^4 + 24288*a^3 - 86704*a^2 + 149886*a - 93104 8*a^6 - 246*a^5 + 2868*a^4 - 15944*a^3 + 43540*a^2 - 54194*a + 23360 -32*a^6 + 928*a^5 - 10424*a^4 + 56812*a^3 - 153776*a^2 + 188988*a - 79088 -16*a^6 + 416*a^5 - 4168*a^4 + 20212*a^3 - 48592*a^2 + 51716*a - 15616 16*a^6 - 544*a^5 + 7284*a^4 - 48620*a^3 + 168348*a^2 - 282292*a + 173472 84*a^5 - 2296*a^4 + 23884*a^3 - 116240*a^2 + 258072*a - 201472 -16*a^6 + 532*a^5 - 6920*a^4 + 44536*a^3 - 147032*a^2 + 230980*a - 130752 -16*a^6 + 596*a^5 - 8764*a^4 + 64800*a^3 - 252268*a^2 + 485556*a - 355296 -96*a^5 + 2660*a^4 - 27968*a^3 + 137556*a^2 - 309384*a + 244192 -32*a^5 + 880*a^4 - 9072*a^3 + 43888*a^2 - 101616*a + 94368 84*a^5 - 2296*a^4 + 23884*a^3 - 116240*a^2 + 258072*a - 201472 8*a^6 - 230*a^5 + 2494*a^4 - 12368*a^3 + 26054*a^2 - 12110*a - 14000 -6*a^5 + 182*a^4 - 2042*a^3 + 10658*a^2 - 25656*a + 21360 26*a^5 - 830*a^4 + 9906*a^3 - 54490*a^2 + 135036*a - 117408 -8*a^6 + 266*a^5 - 3446*a^4 + 21788*a^3 - 68390*a^2 + 93078*a - 29248 26*a^5 - 740*a^4 + 8090*a^3 - 41960*a^2 + 101632*a - 90912 -16*a^6 + 596*a^5 - 8642*a^4 + 62300*a^3 - 233954*a^2 + 428748*a - 291440 42*a^6 - 1382*a^5 + 18270*a^4 - 123166*a^3 + 440656*a^2 - 775572*a + 504208 24*a^6 - 758*a^5 + 9336*a^4 - 56860*a^3 + 179568*a^2 - 281678*a + 177184 -16*a^6 + 538*a^5 - 7176*a^4 + 48322*a^3 - 172204*a^2 + 305712*a - 207376 -8*a^6 + 192*a^5 - 1766*a^4 + 8070*a^3 - 20666*a^2 + 31858*a - 24480 8*a^6 - 304*a^5 + 4244*a^4 - 28106*a^3 + 92760*a^2 - 143826*a + 80928 -64*a^5 + 1648*a^4 - 16020*a^3 + 72408*a^2 - 148692*a + 105424 -8*a^6 + 250*a^5 - 3052*a^4 + 18416*a^3 - 57356*a^2 + 88086*a - 55552 -16*a^6 + 564*a^5 - 7842*a^4 + 54668*a^3 - 199650*a^2 + 358268*a - 243024 -6*a^5 + 182*a^4 - 2042*a^3 + 10658*a^2 - 25656*a + 21360 -64*a^5 + 1770*a^4 - 18520*a^3 + 90722*a^2 - 205500*a + 169280 84*a^5 - 2296*a^4 + 23884*a^3 - 116240*a^2 + 258072*a - 201472 10*a^5 - 244*a^4 + 2014*a^3 - 6160*a^2 + 2740*a + 10304 -32*a^5 + 848*a^4 - 8388*a^3 + 38104*a^2 - 78212*a + 57008 over Number field with defining polynomial x^7-36*x^6+523*x^5-3929*x^4+16224*x^3-36031*x^2+38744*x-15296
a vector of length 72 over Number field with defining polynomial a number field of degree 24
For conductor 7, eigenvectors are:
1 1 over Number field with defining polynomial x+2
1 -1 over Number field with defining polynomial x+4
For conductor 67, eigenvectors are:
-a-3 2 -a-3 -2 over Number field with defining polynomial x^2+8*x+11
2*a+6 2 -a-3 1 over Number field with defining polynomial x^2+8*x+14
For conductor 469, eigenvectors are:
0 6 -9 -3 -12 12 9 12 3 0 3 6 -15 3 -6 -3 -9 -3 -3 6 -6 3 3 12 -10 -7 -1 -2 1 2 13 -3 -1 -7 -2 -3 1 5 2 2 1 -1 1 -2 -1 1 5 0 -3 -3 -1 over Number field with defining polynomial x+2
a vector of length 51 over Number field with defining polynomial a number field of degree 22
a vector of length 51 over Number field with defining polynomial a number field of degree 28
For conductor 1:
traces of hecke eigenvalues of T_{p^1} are:
-35 -33 -70 -131 167 -108 321 10 803 1280 2654 -699 2819 -2518 -349 -4548 4824 783 -671 -395 -214 -3763 -1218 
computing eigenvalues for k = 1, took 8.540029 sec
traces of hecke eigenvalues of T_{p^2} are:
-27 -88 -249 
computing eigenvalues for k = 2, took 0.096321 sec
traces of hecke eigenvalues of T_{p^1} are:
15 40 156 1464 2380 5220 7240 12720 25260 30784 52060 70644 81400 106080 151740 208920 230764 363024 394420 499360 578760 712980 922180 
computing eigenvalues for k = 1, took 8.524731 sec
traces of hecke eigenvalues of T_{p^2} are:
30 120 780 
computing eigenvalues for k = 2, took 0.086538 sec
traces of hecke eigenvalues of T_{p^1} are:
5 10 46 124 210 360 270 600 760 1004 1160 1904 2020 2580 2700 4350 3294 4344 4700 6760 5670 8740 9800 
computing eigenvalues for k = 1, took 8.565020 sec
traces of hecke eigenvalues of T_{p^2} are:
0 0 120 
computing eigenvalues for k = 2, took 0.086581 sec
traces of hecke eigenvalues of T_{p^1} are:
3 -8 26 -52 54 105 23 255 -255 -298 -283 182 42 277 368 1341 -610 -768 -1213 -192 -970 1353 294 
computing eigenvalues for k = 1, took 8.635763 sec
traces of hecke eigenvalues of T_{p^2} are:
1 12 56 
computing eigenvalues for k = 2, took 0.086067 sec
traces of hecke eigenvalues of T_{p^1} are:
-4 -1 52 6 43 210 -429 50 70 24 -381 569 -131 319 -324 912 -1525 -1536 -236 11 -1525 36 588 
computing eigenvalues for k = 1, took 8.619988 sec
traces of hecke eigenvalues of T_{p^2} are:
7 14 112 
computing eigenvalues for k = 2, took 0.087193 sec
traces of hecke eigenvalues of T_{p^1} are:
36 75 165 865 1173 1839 2664 3643 5830 7328 9444 11442 12763 15045 19215 23832 25991 35991 38775 47322 48380 55837 66330 
computing eigenvalues for k = 1, took 8.665281 sec
traces of hecke eigenvalues of T_{p^2} are:
3 20 -102 
computing eigenvalues for k = 2, took 0.087042 sec
traces of hecke eigenvalues of T_{p^1} are:
144 271 673 2961 4243 7215 8882 12911 20968 23078 33786 40596 45021 53169 68515 81438 89691 121519 129611 149378 162908 188937 224932 
computing eigenvalues for k = 1, took 8.626776 sec
traces of hecke eigenvalues of T_{p^2} are:
72 124 294 
computing eigenvalues for k = 2, took 0.087000 sec
For conductor 7:
traces of hecke eigenvalues of T_{p^1} are:
-2 -11 -9 22 -30 1 -190 43 67 143 -243 -311 -188 152 226 -66 -21 88 -575 -5 -16 -996 681 
computing eigenvalues for k = 1, took 624.704889 sec
traces of hecke eigenvalues of T_{p^2} are:
-1 15 -11 
computing eigenvalues for k = 2, took 0.140521 sec
traces of hecke eigenvalues of T_{p^1} are:
-4 -5 -7 14 10 -57 36 21 121 -479 19 -129 -12 110 94 180 -561 -288 103 333 814 688 -1051 
computing eigenvalues for k = 1, took 629.075433 sec
traces of hecke eigenvalues of T_{p^2} are:
3 3 9 
computing eigenvalues for k = 2, took 0.136958 sec
For conductor 67:
traces of hecke eigenvalues of T_{p^1} are:
-8 -13 2 -16 -35 6 -201 234 -394 -38 -529 241 385 -57 -1278 2328 -1403 -684 -1988 327 -3849 1460 782 
computing eigenvalues for k = 1, took 351.287174 sec
traces of hecke eigenvalues of T_{p^2} are:
9 22 -48 
computing eigenvalues for k = 2, took 0.132256 sec
traces of hecke eigenvalues of T_{p^1} are:
-8 -10 -22 -4 -104 162 -24 42 -346 22 -130 -326 76 732 84 -516 -470 372 1246 -570 1572 248 -430 
computing eigenvalues for k = 1, took 352.196916 sec
traces of hecke eigenvalues of T_{p^2} are:
6 -2 30 
computing eigenvalues for k = 2, took 0.128665 sec
For conductor 469:
traces of hecke eigenvalues of T_{p^1} are:
-2 5 7 20 5 76 -86 -281 211 255 99 -63 -16 -162 6 -24 792 -825 -998 104 -784 324 -348 
computing eigenvalues for k = 1, took 135.887965 sec
traces of hecke eigenvalues of T_{p^2} are:
-1 0 -34 
computing eigenvalues for k = 2, took 0.207454 sec
traces of hecke eigenvalues of T_{p^1} are:
122 245 629 2631 3967 6581 8214 11765 18154 21646 30804 37130 41207 48469 60765 74754 82083 108551 117061 137374 150414 174715 210306 
computing eigenvalues for k = 1, took 160.512428 sec
traces of hecke eigenvalues of T_{p^2} are:
36 100 342 
computing eigenvalues for k = 2, took 0.252935 sec
traces of hecke eigenvalues of T_{p^1} are:
-17 -25 -4 -88 421 -205 511 -58 1394 1143 1993 840 -728 217 -1336 -1160 4223 -4935 2664 875 -3808 3410 2772 
computing eigenvalues for k = 1, took 136.085693 sec
traces of hecke eigenvalues of T_{p^2} are:
-33 -22 -9 
computing eigenvalues for k = 2, took 0.208107 sec
