constructing eigenvector for poly
x+3
constructing eigenvector for poly
x-8
constructing eigenvector for poly
x-1
constructing eigenvector for poly
x+9
constructing eigenvector for poly
x-40
constructing eigenvector for poly
x^2+2*x-17
constructing eigenvector for poly
x^4-48*x^3+790*x^2-4968*x+8341
constructing eigenvector for poly
x^4-28*x^3+258*x^2-868*x+961
constructing eigenvector for poly
x^4-100*x^3+3686*x^2-59300*x+351649
constructing eigenvector for poly
x^4-192*x^3+13424*x^2-403968*x+4426816
constructing eigenvector for poly
x^4-476*x^3+79490*x^2-5437348*x+130484929
constructing eigenvector for poly
x^4-676*x^3+168662*x^2-18393284*x+740329681
constructing eigenvector for poly
x^4-1344*x^3+676080*x^2-150861312*x+12599613504
constructing eigenvector for poly
x^4-1080*x^3+433304*x^2-76520160*x+5020005904
constructing eigenvector for poly
x^4-44*x^3+714*x^2-5060*x+13225
constructing eigenvector for poly
x^4-100*x^3+3318*x^2-40900*x+167281
constructing eigenvector for poly
x^4-192*x^3+13056*x^2-368640*x+3686400
constructing eigenvector for poly
x^4-348*x^3+45306*x^2-2615220*x+56475225
constructing eigenvector for poly
x^4-628*x^3+147126*x^2-15238420*x+588790225
constructing eigenvector for poly
x^4-1136*x^3+480864*x^2-89880320*x+6259974400
constructing eigenvector for poly
x^4-1736*x^3+1129944*x^2-326819360*x+35441827600
constructing eigenvector for poly
x+9
constructing eigenvector for poly
x+1
constructing eigenvector for poly
x+7
constructing eigenvector for poly
x^2-24*x+131
constructing eigenvector for poly
x^5+9*x^4-46*x^3-206*x^2-19*x+197
constructing eigenvector for poly
x^6-67*x^5+1768*x^4-23210*x^3+156309*x^2-492195*x+529138
constructing eigenvector for poly
x^2-10*x+25
constructing eigenvector for poly
x^2-30*x+225
constructing eigenvector for poly
x^2-76*x+1444
constructing eigenvector for poly
x^2-318*x+25281
constructing eigenvector for poly
x^2-250*x+15625
constructing eigenvector for poly
x^2-524*x+68644
constructing eigenvector for poly
x^2-1064*x+283024
computing eigenvectors took 55.251366 sec
For conductor 1, eigenvectors are:
0 0 6 0 0 -3 0 0 6 -2 -2 2 -2 2 -2 -2 2 1 -2 over Number field with defining polynomial x+3
-7 7 3 7 -1 1 1 3 -1 -1 -1 1 1 1 -1 -1 -1 -3 1 over Number field with defining polynomial x-8
0 0 -6 0 -12 -9 12 8 2 2 2 -2 -2 -2 2 2 2 -1 -2 over Number field with defining polynomial x-1
0 0 -6 0 0 3 0 0 0 2 2 1 -1 1 -1 -1 1 -1 -1 over Number field with defining polynomial x+9
-1 -1 -1 -1 -1 -1 -1 -1 -1 -1 -1 -1 -1 -1 -1 -1 -1 -1 -1 over Number field with defining polynomial x-40
0 0 -6*a-42 0 6*a+24 -6*a-24 -6*a-24 6*a+30 2*a+14 -12 2*a+14 -2*a-14 -a-1 -a-1 -4*a-22 a+1 a+1 6 4*a+22 over Number field with defining polynomial x^2+2*x-17
4*a^3 - 144*a^2 + 1580*a - 4968 3*a^3 - 101*a^2 + 975*a - 2053 a^3 - 47*a^2 + 701*a - 3175 -4*a^3 + 144*a^2 - 1580*a + 4968 8*a^2 - 192*a + 1024 a^3 - 37*a^2 + 377*a - 593 -8*a^2 + 192*a - 1024 a^3 - 27*a^2 + 165*a + 85 -2*a^2 + 76*a - 606 -a^3 + 27*a^2 - 109*a - 1037 -2*a^2 + 76*a - 606 2*a^2 - 76*a + 606 28*a-476 28*a-476 8*a^2 - 192*a + 1024 -28*a+476 -28*a+476 -a^3 + 37*a^2 - 433*a + 1545 -8*a^2 + 192*a - 1024 over Number field with defining polynomial x^4-48*x^3+790*x^2-4968*x+8341
12*a-3432 -9*a+2238 3*a-1194 12*a-3432 -9*a+2910 6*a-1716 -9*a+2910 5*a-1542 -2*a+796 a-398 -6*a+1492 -4*a+1144 224 3*a-970 0 0 3*a-746 -224 0 over Number field with defining polynomial x^2-540*x+70852
-20*a+8568 5*a-2150 -a+382 -20*a+8568 -7*a+2918 -4*a+1660 -7*a+2918 -3*a+1234 -5*a+2170 -a+390 -a+466 -3*a+1318 6*a-2568 4*a-1716 48 -20 10*a-4264 -36 48 over Number field with defining polynomial x^2-868*x+188260
For conductor 2, eigenvectors are:
1 over Number field with defining polynomial x+9
For conductor 29, eigenvectors are:
For conductor 58, eigenvectors are:
0 6 0 0 3 0 0 4 -2 2 1 -1 1 1 1 -1 -3 over Number field with defining polynomial x+1
0 -6 0 0 -3 0 0 2 2 -2 2 -2 2 2 2 1 0 over Number field with defining polynomial x+7
-3*a+33 3*a-45 0 0 -6 0 -a+11 4 -a+15 -2*a+30 -2 2 a-13 -2 -2 2 a-17 over Number field with defining polynomial x^2-24*x+131
0 -6*a^3 + 18*a^2 + 6*a - 306 -6*a^4 - 42*a^3 + 258*a^2 + 810*a + 36 -3*a^3 - 51*a^2 + 51*a + 243 -3*a^3 - 3*a^2 + 51*a + 291 -3*a^3 - 51*a^2 + 51*a + 243 8*a^2 - 32*a - 296 -2*a^3 + 6*a^2 + 162*a + 250 -6*a^3 + 10*a^2 + 38*a - 10 -2*a^3 + 6*a^2 + 2*a - 102 -a^4 - 11*a^3 + 51*a^2 + 235*a + 126 a^3 + 21*a^2 + 47*a - 53 -80*a-176 4*a^2 + 64*a + 28 a^4 + 12*a^3 - 34*a^2 - 252*a - 207 -3*a^3 + 5*a^2 + 19*a - 5 -2*a^3 + 6*a^2 + 82*a + 74 over Number field with defining polynomial x^5+9*x^4-46*x^3-206*x^2-19*x+197
a^5 - 69*a^4 + 1844*a^3 - 23748*a^2 + 146307*a - 340095 5*a^4 - 212*a^3 + 3138*a^2 - 18268*a + 30217 -a^5 + 61*a^4 - 1406*a^3 + 15134*a^2 - 74193*a + 124629 -2*a^5 + 115*a^4 - 2586*a^3 + 28272*a^2 - 148492*a + 292277 -a^5 + 58*a^4 - 1308*a^3 + 14238*a^2 - 74147*a + 145832 2*a^4 - 48*a^3 + 140*a^2 + 2352*a - 6478 9*a^4 - 428*a^3 + 7386*a^2 - 54196*a + 139581 5*a^4 - 206*a^3 + 3020*a^2 - 18010*a + 33479 -a^5 + 65*a^4 - 1628*a^3 + 19500*a^2 - 110379*a + 230731 -9*a^4 + 434*a^3 - 7504*a^2 + 54454*a - 136319 -14*a^3 + 582*a^2 - 7882*a + 35010 -a^5 + 56*a^4 - 1214*a^3 + 12696*a^2 - 64065*a + 126160 -7*a^4 + 320*a^3 - 5262*a^2 + 36232*a - 84899 -5*a^4 + 220*a^3 - 3602*a^2 + 25892*a - 68489 -a^5 + 61*a^4 - 1420*a^3 + 15716*a^2 - 82075*a + 159639 -2*a^4 + 108*a^3 - 2124*a^2 + 17964*a - 54682 -2*a^4 + 114*a^3 - 2242*a^2 + 18222*a - 51420 over Number field with defining polynomial x^6-67*x^5+1768*x^4-23210*x^3+156309*x^2-492195*x+529138
-4 2 0 0 -2 0 -2 -2 0 2 1 -1 -2 1 1 0 0 over Number field with defining polynomial x-532
For conductor 1:
traces of hecke eigenvalues of T_{p^1} are:
-3 -6 -9 -25 59 38 63 -39 -64 147 49 -141 -172 76 -40 693 625 -329 503 487 336 -234 -745 
computing eigenvalues for k = 1, took 17.735610 sec
traces of hecke eigenvalues of T_{p^2} are:
-7 -12 23 
computing eigenvalues for k = 2, took 0.220138 sec
traces of hecke eigenvalues of T_{p^1} are:
8 28 80 88 204 356 424 496 832 1244 1524 1944 2784 2620 2872 4332 4744 5840 5556 5664 7208 8724 9028 
computing eigenvalues for k = 1, took 20.230597 sec
traces of hecke eigenvalues of T_{p^2} are:
-8 12 240 
computing eigenvalues for k = 2, took 0.232524 sec
traces of hecke eigenvalues of T_{p^1} are:
1 -14 3 11 15 -134 -17 125 76 299 -359 187 -268 240 380 237 117 -61 -457 1023 -128 -166 551 
computing eigenvalues for k = 1, took 17.715702 sec
traces of hecke eigenvalues of T_{p^2} are:
-15 12 -5 
computing eigenvalues for k = 2, took 0.218463 sec
traces of hecke eigenvalues of T_{p^1} are:
-9 9 -6 29 -49 26 -12 -48 -37 -90 -308 -87 191 -335 572 -222 652 130 -226 85 -336 -2028 476 
computing eigenvalues for k = 1, took 17.581249 sec
traces of hecke eigenvalues of T_{p^2} are:
8 -18 -28 
computing eigenvalues for k = 2, took 0.214184 sec
traces of hecke eigenvalues of T_{p^1} are:
40 156 400 1464 2380 5220 7240 12720 30784 52060 70644 81400 106080 151740 208920 230764 305320 363024 394420 499360 578760 712980 922180 
computing eigenvalues for k = 1, took 20.229521 sec
traces of hecke eigenvalues of T_{p^2} are:
120 780 2800 
computing eigenvalues for k = 2, took 0.226210 sec
traces of hecke eigenvalues of T_{p^1} are:
-2 -14 48 -66 18 32 316 -204 -134 -620 -68 534 1150 -378 -1100 856 376 604 892 -1470 804 716 -1732 
computing eigenvalues for k = 1, took 17.722824 sec
traces of hecke eigenvalues of T_{p^2} are:
8 52 96 
computing eigenvalues for k = 2, took 0.213424 sec
traces of hecke eigenvalues of T_{p^1} are:
48 100 216 536 668 1000 1320 2104 4392 5128 6624 7944 8544 10692 13720 14152 18144 20656 22136 27792 27448 30432 38608 
computing eigenvalues for k = 1, took 20.378703 sec
traces of hecke eigenvalues of T_{p^2} are:
32 -24 128 
computing eigenvalues for k = 2, took 0.232526 sec
traces of hecke eigenvalues of T_{p^1} are:
14 50 96 238 338 672 540 1156 1690 3124 3484 3462 4382 6726 6180 6616 9432 9564 11452 12898 15156 16780 19036 
computing eigenvalues for k = 1, took 20.246746 sec
traces of hecke eigenvalues of T_{p^2} are:
-24 -12 -32 
computing eigenvalues for k = 2, took 0.229004 sec
traces of hecke eigenvalues of T_{p^1} are:
22 50 96 174 314 568 868 1076 2050 2852 3748 3654 3998 4766 6900 8592 8200 11020 9948 12322 12116 15076 19380 
computing eigenvalues for k = 1, took 20.258065 sec
traces of hecke eigenvalues of T_{p^2} are:
8 -12 -32 
computing eigenvalues for k = 2, took 0.226631 sec
For conductor 2:
traces of hecke eigenvalues of T_{p^1} are:
-9 9 -6 29 -49 26 -12 -48 -37 -90 -308 -87 191 -335 572 -222 652 130 -226 85 -336 -2028 476 
computing eigenvalues for k = 1, took 339.275086 sec
traces of hecke eigenvalues of T_{p^2} are:
8 -18 -28 
computing eigenvalues for k = 2, took 0.545004 sec
For conductor 29:
For conductor 58:
traces of hecke eigenvalues of T_{p^1} are:
-1 -9 2 21 29 -2 76 40 81 -202 -536 -67 -15 403 280 -838 -640 -30 1438 171 -84 628 -196 
computing eigenvalues for k = 1, took 143.575722 sec
traces of hecke eigenvalues of T_{p^2} are:
4 -18 -96 
computing eigenvalues for k = 2, took 0.595730 sec
traces of hecke eigenvalues of T_{p^1} are:
-7 -18 29 27 -43 -2 -29 19 96 557 1 143 -60 -452 -344 -205 149 -267 -257 -123 2136 718 263 
computing eigenvalues for k = 1, took 143.504686 sec
traces of hecke eigenvalues of T_{p^2} are:
1 12 39 
computing eigenvalues for k = 2, took 0.596779 sec
traces of hecke eigenvalues of T_{p^1} are:
24 50 92 232 310 568 728 1068 2004 2668 3540 4024 5108 5690 7804 6952 9640 10120 9932 11820 13716 15988 17116 
computing eigenvalues for k = 1, took 141.932631 sec
traces of hecke eigenvalues of T_{p^2} are:
16 -12 -64 
computing eigenvalues for k = 2, took 0.572785 sec
traces of hecke eigenvalues of T_{p^1} are:
-9 -10 1 -19 137 22 -189 -45 198 37 477 -43 -282 448 -776 -857 1657 -1027 767 2299 -220 46 1387 
computing eigenvalues for k = 1, took 142.193693 sec
traces of hecke eigenvalues of T_{p^2} are:
1 -28 -133 
computing eigenvalues for k = 2, took 0.584373 sec
traces of hecke eigenvalues of T_{p^1} are:
67 175 298 773 1105 1618 1990 3116 5277 8198 9868 10773 12561 17687 21132 23850 27256 31110 32674 37683 40544 47808 57416 
computing eigenvalues for k = 1, took 140.620135 sec
traces of hecke eigenvalues of T_{p^2} are:
28 114 -16 
computing eigenvalues for k = 2, took 0.569555 sec
traces of hecke eigenvalues of T_{p^1} are:
5 15 38 159 125 262 532 400 819 1286 1408 2231 1899 2803 2968 3362 5216 5838 6406 6681 6804 8068 8300 
computing eigenvalues for k = 1, took 139.606708 sec
traces of hecke eigenvalues of T_{p^2} are:
-20 -66 -96 
computing eigenvalues for k = 2, took 0.573835 sec
