constructing eigenvector for poly
x^9-47*x^8+921*x^7-9791*x^6+61616*x^5-235294*x^4+537502*x^3-696852*x^2+459760*x-116696
constructing eigenvector for poly
x-6
constructing eigenvector for poly
x-9
constructing eigenvector for poly
x-15
constructing eigenvector for poly
x^4-24*x^3+195*x^2-610*x+610
constructing eigenvector for poly
x^3+2*x^2-20*x-8
constructing eigenvector for poly
x^5-x^4-7*x^3+6*x^2+6*x-4
constructing eigenvector for poly
x^12+18*x^11+81*x^10-178*x^9-1758*x^8-1134*x^7+9537*x^6+10902*x^5-18869*x^4-21412*x^3+10760*x^2+8916*x+852
constructing eigenvector for poly
x^6-30*x^5+359*x^4-2172*x^3+6919*x^2-10854*x+6561
constructing eigenvector for poly
x^6-160*x^5+10528*x^4-364024*x^3+6962816*x^2-69730176*x+285339664
constructing eigenvector for poly
x^6-236*x^5+22452*x^4-1097380*x^3+28928664*x^2-388348064*x+2073709444
constructing eigenvector for poly
x^6-716*x^5+211804*x^4-33138764*x^3+2892952952*x^2-133641832080*x+2553035143684
constructing eigenvector for poly
x^6-1152*x^5+544656*x^4-135141152*x^3+18542302272*x^2-1332870631680*x+39201824010496
constructing eigenvector for poly
x^6-1920*x^5+1522688*x^4-637904896*x^3+148752695296*x^2-18291232866304*x+925997558923264
constructing eigenvector for poly
x^6-1984*x^5+1627904*x^4-706920596*x^3+171317951872*x^2-21965025246720*x+1163878120772964
constructing eigenvector for poly
x+4
constructing eigenvector for poly
x+3
constructing eigenvector for poly
x+6
constructing eigenvector for poly
x+3
constructing eigenvector for poly
x-4
constructing eigenvector for poly
x^2-3*x+1
constructing eigenvector for poly
x^3-21*x^2+139*x-291
constructing eigenvector for poly
x^4-20*x^3+133*x^2-316*x+162
constructing eigenvector for poly
x^4-24*x^3+195*x^2-614*x+634
constructing eigenvector for poly
x^8+7*x^7-4*x^6-101*x^5-119*x^4+200*x^3+308*x^2+68*x+4
constructing eigenvector for poly
x^2-2
constructing eigenvector for poly
x^3+8*x^2+6*x-3
constructing eigenvector for poly
x^6-30*x^5+341*x^4-1846*x^3+4934*x^2-6132*x+2788
computing eigenvectors took 123.921173 sec
For conductor 1, eigenvectors are:
-2244*a^8 + 91170*a^7 - 1489254*a^6 + 12474960*a^5 - 56486526*a^4 + 132447186*a^3 - 132630312*a^2 + 12229668*a + 36802584 -450*a^8 + 15804*a^7 - 214962*a^6 + 1393056*a^5 - 3943704*a^4 + 44724*a^3 + 24551700*a^2 - 46867032*a + 26225616 -480*a^8 + 21324*a^7 - 387396*a^6 + 3719226*a^5 - 20415366*a^4 + 64995690*a^3 - 116435862*a^2 + 107252472*a - 38772264 -6*a^8 - 3282*a^7 + 123828*a^6 - 1827588*a^5 + 13845846*a^4 - 57897390*a^3 + 132295572*a^2 - 150829740*a + 65915352 -588*a^8 + 25506*a^7 - 446706*a^6 + 4062294*a^5 - 20589978*a^4 + 58375512*a^3 - 89005368*a^2 + 67414608*a - 19740432 222*a^8 - 12744*a^7 + 275436*a^6 - 2977176*a^5 + 17623350*a^4 - 58232136*a^3 + 104038344*a^2 - 91362288*a + 30739248 -774*a^8 + 32898*a^7 - 581676*a^6 + 5550189*a^5 - 31028247*a^4 + 103281813*a^3 - 198366267*a^2 + 199438104*a - 79775880 -783*a^8 + 34767*a^7 - 618153*a^6 + 5639238*a^5 - 28142976*a^4 + 76089639*a^3 - 103992258*a^2 + 62172378*a - 10527612 -156*a^8 + 7725*a^7 - 159075*a^6 + 1760610*a^5 - 11303766*a^4 + 42373389*a^3 - 88526115*a^2 + 91615548*a - 35859936 -450*a^8 + 21315*a^7 - 411018*a^6 + 4162569*a^5 - 23929128*a^4 + 79230348*a^3 - 146721054*a^2 + 138930870*a - 51599004 438*a^8 - 17163*a^7 + 262929*a^6 - 1962939*a^5 + 7010022*a^4 - 7599582*a^3 - 17502159*a^2 + 46020798*a - 26820648 -210*a^8 + 8685*a^7 - 144708*a^6 + 1259682*a^5 - 6230553*a^4 + 17944371*a^3 - 30148167*a^2 + 28893816*a - 12147300 -774*a^8 + 32916*a^7 - 574719*a^6 + 5323965*a^5 - 28288116*a^4 + 87286311*a^3 - 151467969*a^2 + 135200658*a - 47930208 -783*a^8 + 32121*a^7 - 537918*a^6 + 4739409*a^5 - 23620377*a^4 + 66657612*a^3 - 100840080*a^2 + 71838936*a - 17863368 -702*a^8 + 30390*a^7 - 531342*a^6 + 4834386*a^5 - 24643152*a^4 + 70947600*a^3 - 111715476*a^2 + 89653512*a - 28945200 297*a^8 - 12105*a^7 + 203604*a^6 - 1833246*a^5 + 9601695*a^4 - 29757255*a^3 + 52849896*a^2 - 48729210*a + 17902788 216*a^8 - 9588*a^7 + 173904*a^6 - 1671354*a^5 + 9238314*a^4 - 29857854*a^3 + 54873966*a^2 - 52563132*a + 20131176 327*a^8 - 13788*a^7 + 235005*a^6 - 2082261*a^5 + 10303836*a^4 - 28662621*a^3 + 43511628*a^2 - 34202886*a + 11325624 -108*a^8 + 3894*a^7 - 48954*a^6 + 202398*a^5 + 739218*a^4 - 9631248*a^3 + 32353236*a^2 - 43499052*a + 20159496 -108*a^8 + 5277*a^7 - 102999*a^6 + 1062513*a^5 - 6363243*a^4 + 22476726*a^3 - 44784666*a^2 + 44715960*a - 17224884 -561*a^8 + 23886*a^7 - 412935*a^6 + 3725013*a^5 - 18803730*a^4 + 53166987*a^3 - 80253330*a^2 + 58132830*a - 14911104 966*a^8 - 42648*a^7 + 766524*a^6 - 7247868*a^5 + 38984118*a^4 - 120861756*a^3 + 209544840*a^2 - 186481368*a + 65775912 3*a^8 - 1662*a^7 + 46155*a^6 - 465963*a^5 + 1832178*a^4 - 306501*a^3 - 15814932*a^2 + 34933878*a - 21129204 3*a^8 - 1422*a^7 + 50226*a^6 - 733392*a^5 + 5562357*a^4 - 23345274*a^3 + 53386350*a^2 - 60393948*a + 25970652 -885*a^8 + 37227*a^7 - 643806*a^6 + 5922750*a^5 - 31392057*a^4 + 97305537*a^3 - 171410760*a^2 + 157491558*a - 58270860 -375*a^8 + 15792*a^7 - 274743*a^6 + 2558649*a^5 - 13822284*a^4 + 43863477*a^3 - 78746082*a^2 + 72011898*a - 25831452 -108*a^8 + 3450*a^7 - 43182*a^6 + 284808*a^5 - 1240878*a^4 + 4455294*a^3 - 12252732*a^2 + 18681708*a - 10348872 45*a^7 - 5640*a^6 + 148602*a^5 - 1658628*a^4 + 9099597*a^3 - 24803952*a^2 + 30747156*a - 13733772 186*a^8 - 8220*a^7 + 147246*a^6 - 1378275*a^5 + 7257789*a^4 - 21646989*a^3 + 35199435*a^2 - 28494996*a + 8899440 777*a^8 - 31791*a^7 + 529119*a^6 - 4604349*a^5 + 22455891*a^4 - 61351386*a^3 + 89389251*a^2 - 62798328*a + 16140384 672*a^8 - 29601*a^7 + 532773*a^6 - 5074587*a^5 + 27731295*a^4 - 88309452*a^3 + 159031248*a^2 - 147795576*a + 54314796 672*a^8 - 27903*a^7 + 468594*a^6 - 4088415*a^5 + 19826925*a^4 - 53129172*a^3 + 73824069*a^2 - 46320810*a + 8829720 -6*a^8 + 558*a^7 - 10302*a^6 + 62346*a^5 + 17202*a^4 - 1623372*a^3 + 6487182*a^2 - 10060968*a + 5453568 267*a^7 - 8526*a^6 + 107397*a^5 - 668580*a^4 + 2056326*a^3 - 2500968*a^2 - 343224*a + 1520412 339*a^7 - 11583*a^6 + 164514*a^5 - 1257906*a^4 + 5531847*a^3 - 13730523*a^2 + 17272716*a - 8107932 717*a^7 - 24861*a^6 + 338934*a^5 - 2329455*a^4 + 8623209*a^3 - 16892130*a^2 + 15790386*a - 5312256 1143*a^7 - 37590*a^6 + 482748*a^5 - 3089490*a^4 + 10532169*a^3 - 19184460*a^2 + 17847072*a - 6649560 810*a^7 - 26718*a^6 + 336075*a^5 - 2041119*a^4 + 6360981*a^3 - 10182315*a^2 + 8286306*a - 2757540 -738*a^7 + 21567*a^6 - 229608*a^5 + 1050618*a^4 - 1638474*a^3 - 1410645*a^2 + 5052780*a - 3009084 177*a^7 - 4731*a^6 + 29664*a^5 + 167208*a^4 - 2518077*a^3 + 9661455*a^2 - 14260176*a + 6940080 -1581*a^7 + 55482*a^6 - 780453*a^5 + 5656416*a^4 - 22605162*a^3 + 49173672*a^2 - 53111670*a + 22122960 -111*a^8 + 5250*a^7 - 96834*a^6 + 896514*a^5 - 4443348*a^4 + 11599164*a^3 - 14531937*a^2 + 6990906*a - 398724 over Number field with defining polynomial x^9-47*x^8+921*x^7-9791*x^6+61616*x^5-235294*x^4+537502*x^3-696852*x^2+459760*x-116696
-40 -40 23 -4 32 -40 -4 -13 -13 -13 -31 14 14 -4 -13 -4 -22 -22 -13 14 14 14 -4 14 -4 -4 -13 5 -4 -13 5 5 -4 5 14 14 -4 14 14 -13 14 -4 over Number field with defining polynomial x-6
-12 6 0 -6 6 8 -6 -3 0 3 6 6 3 -3 0 -3 8 2 2 3 3 0 -4 8 0 6 -4 -4 -3 -3 0 0 0 -1 0 -1 -4 2 2 3 -3 -1 over Number field with defining polynomial x-9
-1 -1 -1 -1 -1 -1 -1 -1 -1 -1 -1 -1 -1 -1 -1 -1 -1 -1 -1 -1 -1 -1 -1 -1 -1 -1 -1 -1 -1 -1 -1 -1 -1 -1 -1 -1 -1 -1 -1 -1 -1 -1 over Number field with defining polynomial x-15
8*a^3 - 224*a^2 + 1592*a - 2320 4*a^3 - 52*a^2 + 172*a - 140 6*a^3 - 138*a^2 + 882*a - 1230 -4*a^3 + 92*a^2 - 588*a + 820 -4*a^3 + 92*a^2 - 588*a + 820 4*a^3 - 52*a^2 + 172*a - 140 -6*a^3 + 96*a^2 - 453*a + 585 -2*a^3 + 56*a^2 - 398*a + 580 -6*a^3 + 96*a^2 - 453*a + 585 -6*a^3 + 117*a^2 - 663*a + 870 -a^3 + 13*a^2 - 43*a + 35 -a^3 + 13*a^2 - 43*a + 35 6*a^3 - 117*a^2 + 672*a - 945 -2*a^3 + 56*a^2 - 398*a + 580 -2*a^3 + 18*a^2 - 8*a - 20 4*a^3 - 64*a^2 + 302*a - 390 6*a^3 - 116*a^2 + 652*a - 850 -8*a^3 + 142*a^2 - 738*a + 920 2*a^3 - 52*a^2 + 362*a - 560 -4*a^3 + 78*a^2 - 448*a + 630 4*a^3 - 78*a^2 + 442*a - 580 -2*a^3 + 18*a^2 - 8*a - 20 -8*a^3 + 128*a^2 - 598*a + 730 -4*a^3 + 78*a^2 - 448*a + 630 4*a^3 - 64*a^2 + 302*a - 390 4*a^3 - 64*a^2 + 302*a - 390 6*a^3 - 102*a^2 + 512*a - 660 4*a^3 - 67*a^2 + 327*a - 390 14*a^2 - 143*a + 215 4*a^3 - 71*a^2 + 372*a - 485 -2*a^3 + 32*a^2 - 148*a + 170 a^3 - 23*a^2 + 147*a - 205 -2*a^3 + 32*a^2 - 148*a + 170 2*a^3 - 42*a^2 + 252*a - 340 a^3 - 23*a^2 + 147*a - 205 -4*a^2 + 42*a - 70 2*a^3 - 29*a^2 + 117*a - 120 2*a^3 - 35*a^2 + 182*a - 245 3*a^2 - 28*a + 25 -3*a+25 7*a^2 - 73*a + 120 -4*a^3 + 74*a^2 - 403*a + 535 over Number field with defining polynomial x^4-24*x^3+195*x^2-610*x+610
0 0 -15*a^2 + 6*a + 216 8*a^2 - 8*a - 16 -4*a^2 + 16*a + 176 0 3*a^2 + 36 -3*a^2 - 18*a + 24 18*a-60 -3*a^2 - 18*a + 24 -3*a^2 + 6*a + 48 -3*a^2 - 36 3*a^2 - 24*a + 12 -3*a^2 + 24*a - 12 4*a^2 + 2*a - 28 4*a^2 + 8*a - 48 -a^2 + 4*a + 44 4*a^2 - 4*a - 8 a^2 - 2*a - 16 2*a^2 - 4*a - 32 -2*a^2 + 12*a - 64 a^2 - 16*a - 4 -2*a^2 - 24 2*a^2 - 4*a - 32 4*a^2 + 8*a - 48 4*a^2 + 8*a - 48 -4*a^2 + 6*a + 36 2*a^2 - 10*a - 12 -3*a^2 - 12*a + 4 -2*a^2 - 2*a + 52 -2*a^2 + 10*a + 12 4*a^2 + 14*a - 68 a^2 + 4*a - 36 -3*a^2 - 2*a + 40 -2*a^2 - 16*a + 64 5*a^2 - 44 a^2 + 4*a - 36 3*a^2 + 8*a - 60 -4*a^2 - 8*a + 48 -14*a+12 8*a+8 -2*a^2 + 4*a + 32 over Number field with defining polynomial x^3+2*x^2-20*x-8
0 48*a^4 - 72*a^3 - 168*a^2 + 192*a - 48 -24*a^4 + 12*a^3 + 144*a^2 - 168*a + 48 -16*a^4 + 24*a^3 + 56*a^2 - 64*a + 16 16*a^4 - 8*a^3 - 96*a^2 + 112*a - 32 -16*a^4 + 24*a^3 + 56*a^2 - 64*a + 16 -6*a^4 + 6*a^3 + 18*a^2 - 72*a + 36 0 12*a^4 - 6*a^3 - 72*a^2 + 84*a - 24 -6*a^4 - 24*a^3 + 18*a^2 + 60*a - 36 -12*a^4 + 18*a^3 + 42*a^2 - 48*a + 12 -12*a^4 + 18*a^3 + 42*a^2 - 48*a + 12 6*a^4 + 24*a^3 - 66*a^2 - 36*a + 36 0 0 -8*a^4 + 4*a^3 + 48*a^2 - 56*a + 16 4*a^4 - 20*a^3 - 36*a^2 + 96*a - 40 4*a^4 + 8*a^3 + 8*a^2 - 64*a + 32 4*a^4 - 20*a^3 - 4*a^2 + 80*a - 40 -4*a^4 - 16*a^3 + 44*a^2 + 24*a - 24 4*a^4 + 16*a^3 - 12*a^2 - 40*a + 24 0 4*a^4 - 4*a^3 - 12*a^2 + 48*a - 24 4*a^4 + 8*a^3 - 24*a^2 - 48*a + 32 4*a^4 - 4*a^3 - 12*a^2 + 48*a - 24 -8*a^4 + 4*a^3 + 48*a^2 - 56*a + 16 4*a^4 - 8*a^3 - 16*a^2 - 16*a + 16 -2*a^4 + 10*a^3 + 2*a^2 - 40*a + 20 4*a^4 - 2*a^3 - 24*a^2 + 28*a - 8 4*a^4 + 6*a^3 - 12*a^2 + 4*a -2*a^4 + 2*a^3 - 10*a^2 - 16*a + 12 4*a^4 - 6*a^3 - 14*a^2 + 16*a - 4 -2*a^4 + 2*a^3 - 10*a^2 - 16*a + 12 -2*a^4 + 4*a^3 + 8*a^2 + 8*a - 8 4*a^4 - 6*a^3 - 14*a^2 + 16*a - 4 -14*a^3 - 6*a^2 + 72*a - 36 -8*a^3 - 12*a^2 + 24*a - 8 -2*a^4 + 10*a^3 + 18*a^2 - 48*a + 20 -8*a^3 + 4*a^2 + 16*a - 8 16*a^2 - 8*a -10*a^3 + 16*a^2 + 36*a - 24 -a^4 + 9*a^3 + 7*a^2 - 32*a + 14 over Number field with defining polynomial x^5-x^4-7*x^3+6*x^2+6*x-4
a vector of length 42 over Number field with defining polynomial a number field of degree 12
22*a^2 - 14220*a + 2250996 -2*a^2 + 1932*a - 413100 -2*a^2 + 1066*a - 133272 -10*a^2 + 6108*a - 929060 12*a^2 - 7638*a + 1204000 6*a^2 - 3338*a + 444184 2*a^2 - 908*a + 93960 -8*a^2 + 5064*a - 800070 4*a^2 - 2408*a + 345942 2*a^2 - 686*a - 606 -2*a^2 + 1026*a - 134046 -2*a^2 + 1026*a - 134046 -4*a^2 + 2788*a - 479820 -8*a^2 + 5064*a - 800070 2*a^2 - 1250*a + 186204 8*a^2 - 5322*a + 884524 -4*a^2 + 2150*a - 261488 -2*a^2 + 1066*a - 133272 -4*a^2 + 2526*a - 386028 2*a^2 - 948*a + 93186 -2*a^2 + 1368*a - 226290 2*a^2 - 1250*a + 186204 -2*a^2 + 918*a - 70228 -2*a^2 + 690*a - 8732 -2*a^2 + 1516*a - 289334 8*a^2 - 5322*a + 884524 -4*a^2 + 2298*a - 324532 22*a-4282 10*a^2 - 6480*a + 1044262 -2*a^2 + 1442*a - 257812 398*a-128822 -18*a-5056 398*a-128822 136*a-35030 -18*a-5056 -2*a^2 + 992*a - 101750 -2*a^2 + 878*a - 71002 210*a-66552 -2*a^2 + 1066*a - 133272 210*a-66552 284*a-98074 -166*a+57988 over Number field with defining polynomial x^3-992*x^2+321920*x-34115658
For conductor 3, eigenvectors are:
1 over Number field with defining polynomial x+4
For conductor 41, eigenvectors are:
-1 1 over Number field with defining polynomial x+3
-2 -1 over Number field with defining polynomial x+6
For conductor 123, eigenvectors are:
0 0 4 0 3 3 -3 0 3 3 -3 -3 -2 4 -2 4 -2 2 2 -2 -1 1 -1 0 0 1 0 1 -1 -2 2 -1 -2 0 over Number field with defining polynomial x+3
0 24 48 -8 6 -12 0 -42 18 -18 18 -12 0 -16 4 4 -4 16 20 24 -6 -24 -4 -6 6 0 6 10 8 6 8 -16 16 -5 over Number field with defining polynomial x-4
0 -24*a+36 12*a-28 8*a-12 -6*a+24 12*a-18 15*a-45 -3*a-3 12*a-33 -12*a+33 -3*a-3 12*a-18 10*a-10 -4*a+6 6*a-14 6*a-14 4*a-16 4*a-6 0 -14*a+26 6*a-14 -a-1 -a+9 -4*a+6 4*a-11 5 4*a-11 -5 2*a-8 -6*a+14 2*a-8 6*a-14 -a+9 -5 over Number field with defining polynomial x^2-3*x+1
60*a^2 - 1260*a + 5424 -84*a^2 + 924*a - 2280 -38*a^2 + 424*a - 1042 -78*a^2 + 940*a - 2718 -48*a^2 + 558*a - 1698 42*a^2 - 462*a + 1140 -48*a^2 + 762*a - 2742 6*a^2 - 120*a + 258 6*a^2 - 18*a - 264 -6*a^2 + 18*a + 264 -30*a^2 + 246*a - 324 42*a^2 - 462*a + 1140 -62*a^2 + 652*a - 1630 -42*a^2 + 624*a - 2110 -12*a^2 + 28*a + 428 -12*a^2 + 28*a + 428 -18*a^2 + 192*a - 478 42*a^2 - 624*a + 2110 -72*a^2 + 896*a - 2708 10*a^2 - 236*a + 1178 -48*a^2 + 566*a - 1598 -62*a^2 + 754*a - 2152 54*a^2 - 670*a + 2056 -24*a^2 + 228*a - 588 12*a^2 - 216*a + 816 6*a^2 - 206*a + 980 12*a^2 - 216*a + 816 12*a^2 - 190*a + 542 54*a^2 - 602*a + 1708 -12*a^2 + 208*a - 916 -6*a^2 + 172*a - 806 -94*a+622 -78*a^2 + 1000*a - 3166 -68*a+348 over Number field with defining polynomial x^3-21*x^2+139*x-291
16*a^2 - 240*a + 864 16*a^2 - 152*a + 216 4*a^3 - 60*a^2 + 256*a - 240 16*a^2 - 152*a + 216 a^3 - 23*a^2 + 168*a - 396 3*a^3 - 41*a^2 + 154*a - 126 -3*a^3 + 45*a^2 - 192*a + 180 4*a^3 - 62*a^2 + 282*a - 324 3*a^3 - 41*a^2 + 132*a + 36 3*a^3 - 49*a^2 + 252*a - 396 a^3 - 17*a^2 + 90*a - 144 -3*a^3 + 49*a^2 - 230*a + 234 -2*a^3 + 30*a^2 - 128*a + 120 -4*a^3 + 64*a^2 - 308*a + 408 2*a^3 - 26*a^2 + 76*a + 48 -4*a^2 + 52*a - 168 2*a^3 - 38*a^2 + 232*a - 456 -2*a^3 + 26*a^2 - 76*a - 48 2*a^3 - 30*a^2 + 128*a - 120 -2*a^3 + 30*a^2 - 128*a + 120 a^3 - 17*a^2 + 76*a - 30 a^3 - 15*a^2 + 64*a - 60 a^3 - 13*a^2 + 38*a + 24 -2*a^3 + 34*a^2 - 180*a + 288 -8*a^2 + 98*a - 270 -a^3 + 23*a^2 - 154*a + 282 22*a-162 -a^3 + 15*a^2 - 78*a + 174 a^3 - 9*a^2 + 78 2*a^3 - 28*a^2 + 116*a - 150 -2*a^3 + 36*a^2 - 192*a + 258 -a^3 + 15*a^2 - 64*a + 60 2*a^2 - 26*a + 84 4*a^2 - 38*a + 54 over Number field with defining polynomial x^4-20*x^3+133*x^2-316*x+162
-4*a^3 + 220*a^2 - 2048*a + 4328 -12*a^3 + 180*a^2 - 736*a + 568 8*a^3 - 136*a^2 + 656*a - 720 -24*a^3 + 440*a^2 - 2512*a + 4272 18*a^3 - 298*a^2 + 1492*a - 2076 6*a^3 - 90*a^2 + 368*a - 284 6*a^3 - 102*a^2 + 468*a - 276 32*a^2 - 344*a + 600 2*a^3 - 74*a^2 + 676*a - 1660 -2*a^3 + 74*a^2 - 676*a + 1660 18*a^3 - 394*a^2 + 2620*a - 4932 6*a^3 - 90*a^2 + 368*a - 284 4*a^3 - 108*a^2 + 848*a - 1928 12*a^3 - 220*a^2 + 1256*a - 2136 4*a^3 - 68*a^2 + 328*a - 360 4*a^3 - 68*a^2 + 328*a - 360 12*a^3 - 196*a^2 + 1024*a - 1800 -12*a^3 + 220*a^2 - 1256*a + 2136 0 -4*a^3 + 108*a^2 - 832*a + 1752 -6*a^3 + 122*a^2 - 744*a + 1236 -2*a^3 + 34*a^2 - 172*a + 268 6*a^3 - 110*a^2 + 612*a - 892 12*a^3 - 220*a^2 + 1256*a - 2136 12*a^2 - 116*a + 168 6*a^3 - 130*a^2 + 888*a - 1852 12*a^2 - 116*a + 168 -6*a^3 + 130*a^2 - 888*a + 1852 6*a^3 - 98*a^2 + 512*a - 900 20*a^2 - 244*a + 608 44*a^2 - 476*a + 944 -2*a^3 + 74*a^2 - 660*a + 1484 32*a^2 - 376*a + 952 -12*a^2 + 100*a + 8 over Number field with defining polynomial x^4-24*x^3+195*x^2-614*x+634
0 -24*a^7 - 108*a^6 + 336*a^5 + 1968*a^4 + 1224*a^3 - 3468*a^2 - 3936*a - 408 12*a^7 + 112*a^6 + 216*a^5 - 672*a^4 - 2600*a^3 - 2604*a^2 - 864*a - 88 8*a^7 + 36*a^6 - 112*a^5 - 656*a^4 - 408*a^3 + 1156*a^2 + 1312*a + 136 -6*a^7 - 54*a^6 - 99*a^5 + 150*a^4 - 120*a^3 - 1815*a^2 - 1704*a - 174 -15*a^7 - 120*a^6 - 54*a^5 + 1365*a^4 + 2748*a^3 + 474*a^2 - 1188*a - 192 3*a^7 + 24*a^6 + 12*a^5 - 456*a^4 - 1368*a^3 - 1155*a^2 - 180*a + 18 6*a^7 + 45*a^6 + 21*a^5 - 549*a^4 - 1377*a^3 - 996*a^2 - 234*a - 36 3*a^7 + 39*a^6 + 6*a^5 - 765*a^4 - 1494*a^3 + 531*a^2 + 1728*a + 234 3*a^7 + 21*a^6 - 60*a^5 - 489*a^4 - 150*a^3 + 1191*a^2 + 984*a + 114 -27*a^6 - 138*a^5 + 195*a^4 + 1743*a^3 + 2193*a^2 + 846*a + 78 -9*a^7 - 60*a^6 - 108*a^5 + 111*a^4 + 1104*a^3 + 2196*a^2 + 1524*a + 156 2*a^7 + 20*a^6 + 80*a^5 + 232*a^4 + 280*a^3 - 478*a^2 - 896*a - 108 4*a^7 + 40*a^6 + 10*a^5 - 572*a^4 - 1002*a^3 + 460*a^2 + 1116*a + 120 -12*a^7 - 118*a^6 - 268*a^5 + 406*a^4 + 1602*a^3 + 730*a^2 - 428*a - 52 4*a^7 + 14*a^6 - 82*a^5 - 286*a^4 + 478*a^3 + 2260*a^2 + 1732*a + 192 4*a^7 + 36*a^6 + 66*a^5 - 100*a^4 + 80*a^3 + 1210*a^2 + 1136*a + 116 -4*a^7 - 48*a^6 - 200*a^5 - 256*a^4 + 202*a^3 + 222*a^2 - 204*a - 20 -4*a^7 - 8*a^6 + 134*a^5 + 552*a^4 + 520*a^3 - 386*a^2 - 440*a - 52 2*a^7 + 20*a^6 + 20*a^5 - 264*a^4 - 668*a^3 - 54*a^2 + 584*a + 52 4*a^7 + 31*a^6 + 16*a^5 - 278*a^4 - 577*a^3 - 504*a^2 - 206*a - 24 -5*a^7 - 48*a^6 - 104*a^5 + 184*a^4 + 844*a^3 + 917*a^2 + 372*a + 50 10*a^7 + 89*a^6 + 174*a^5 - 329*a^4 - 1167*a^3 - 591*a^2 + 258*a + 62 -12*a^6 - 72*a^5 - 68*a^4 + 82*a^3 - 206*a^2 - 364*a - 44 -8*a^7 - 45*a^6 + 40*a^5 + 528*a^4 + 622*a^3 - 243*a^2 - 476*a - 54 7*a^6 + 25*a^5 - 154*a^4 - 454*a^3 + 170*a^2 + 628*a + 84 8*a^7 + 51*a^6 - 18*a^5 - 620*a^4 - 1070*a^3 + 23*a^2 + 724*a + 94 -11*a^6 - 59*a^5 + 86*a^4 + 922*a^3 + 1572*a^2 + 820*a + 88 -4*a^7 - 39*a^6 - 116*a^5 - 10*a^4 + 391*a^3 + 194*a^2 - 310*a - 52 -3*a^6 - 43*a^5 - 104*a^4 + 193*a^3 + 825*a^2 + 690*a + 98 -3*a^6 + 47*a^5 + 436*a^4 + 807*a^3 - 167*a^2 - 738*a - 78 20*a^6 + 133*a^5 + 148*a^4 - 504*a^3 - 1037*a^2 - 480*a - 34 a^6 - 15*a^5 - 145*a^4 - 159*a^3 + 512*a^2 + 562*a + 52 11*a^6 + 78*a^5 + 148*a^4 - 92*a^3 - 555*a^2 - 484*a - 62 over Number field with defining polynomial x^8+7*x^7-4*x^6-101*x^5-119*x^4+200*x^3+308*x^2+68*x+4
0 12 -8*a-4 -4 6*a-9 12 6*a+3 9*a-6 9 9 3*a-3 -6 4*a+2 2*a 2*a+2 2*a-4 -4*a+6 -2*a+6 4*a-2 4*a+2 a-2 -2*a-1 a+1 -6*a+6 -3 2*a-4 3 2*a-2 a-4 -a-1 a-1 -2*a+1 -a+2 -1 over Number field with defining polynomial x^2-2
0 -36*a+180 -12*a^2 - 80*a - 4 12*a-60 6*a^2 + 60*a + 78 6*a^2 + 60*a + 78 9*a^2 + 60*a + 3 -15*a^2 - 120*a - 81 6*a^2 + 69*a + 33 6*a^2 + 69*a + 33 -15*a^2 - 42*a + 57 -6*a^2 - 78*a + 12 6*a^2 + 40*a + 2 -12*a^2 - 74*a - 34 -14*a^2 - 120*a - 106 14*a^2 + 68*a + 14 -4*a^2 - 40*a - 52 -16*a^2 - 114*a - 86 -52*a-92 6*a^2 + 40*a + 2 8*a^2 + 54*a + 58 -3*a^2 - 20*a - 1 -7*a^2 - 60*a - 53 8*a^2 + 34*a - 18 9*a-45 2*a^2 + 23*a + 11 -9*a+45 2*a^2 + 17*a + 41 8*a^2 + 60*a + 28 6*a^2 + 40*a + 2 -6*a^2 - 34*a - 32 26*a+46 -7*a^2 - 34*a - 7 3*a-15 over Number field with defining polynomial x^3+8*x^2+6*x-3
46*a^5 - 1222*a^4 + 11816*a^3 - 50880*a^2 + 93796*a - 57616 -14*a^5 + 406*a^4 - 4156*a^3 + 18056*a^2 - 31960*a + 17648 -4*a^5 + 92*a^4 - 688*a^3 + 1768*a^2 - 1152*a - 120 -4*a^5 + 144*a^4 - 1668*a^3 + 7576*a^2 - 13216*a + 7464 -6*a^5 + 182*a^4 - 1971*a^3 + 9143*a^2 - 17364*a + 10870 -8*a^5 + 194*a^4 - 1666*a^3 + 6332*a^2 - 10950*a + 6204 6*a^5 - 158*a^4 + 1519*a^3 - 6491*a^2 + 11624*a - 7026 -4*a^5 + 83*a^4 - 519*a^3 + 820*a^2 + 1280*a - 2120 -5*a^5 + 121*a^4 - 1015*a^3 + 3405*a^2 - 3606*a + 934 11*a^5 - 273*a^4 + 2431*a^3 - 9693*a^2 + 17272*a - 10374 4*a^5 - 121*a^4 + 1344*a^3 - 6555*a^2 + 13480*a - 9086 -2*a^5 + 42*a^4 - 250*a^3 + 44*a^2 + 2716*a - 3236 2*a^5 - 74*a^4 + 954*a^3 - 5240*a^2 + 11378*a - 7104 2*a^5 - 40*a^4 + 248*a^3 - 388*a^2 - 1058*a + 1384 -2*a^5 + 88*a^4 - 1234*a^3 + 6892*a^2 - 14900*a + 9728 -6*a^5 + 144*a^4 - 1228*a^3 + 4608*a^2 - 7082*a + 3088 -8*a^5 + 252*a^4 - 2860*a^3 + 14110*a^2 - 29178*a + 19392 -8*a^5 + 192*a^4 - 1664*a^3 + 6676*a^2 - 12608*a + 8056 12*a^5 - 324*a^4 + 3150*a^3 - 13268*a^2 + 23134*a - 12696 -16*a^5 + 392*a^4 - 3408*a^3 + 12846*a^2 - 20586*a + 11360 -10*a^5 + 271*a^4 - 2693*a^3 + 12024*a^2 - 23126*a + 13984 -4*a^5 + 68*a^4 - 247*a^3 - 653*a^2 + 3568*a - 2650 -8*a^5 + 201*a^4 - 1790*a^3 + 6923*a^2 - 11402*a + 6290 -2*a^5 + 48*a^4 - 382*a^3 + 1136*a^2 - 868*a - 112 a^5 - 31*a^4 + 383*a^3 - 2225*a^2 + 5454*a - 4282 -4*a^5 + 116*a^4 - 1258*a^3 + 6216*a^2 - 13320*a + 8948 9*a^5 - 245*a^4 + 2407*a^3 - 10369*a^2 + 18852*a - 11154 -2*a^5 + 68*a^4 - 794*a^3 + 3880*a^2 - 7974*a + 5636 -11*a^4 + 221*a^3 - 1334*a^2 + 2634*a - 1120 -7*a^4 + 124*a^3 - 591*a^2 + 452*a - 86 -4*a^5 + 101*a^4 - 932*a^3 + 3811*a^2 - 6374*a + 3338 -11*a^3 + 231*a^2 - 1020*a + 1314 -11*a^4 + 207*a^3 - 1200*a^2 + 2724*a - 1948 -2*a^4 + 13*a^3 + 113*a^2 - 638*a + 538 over Number field with defining polynomial x^6-30*x^5+341*x^4-1846*x^3+4934*x^2-6132*x+2788
For conductor 1:
traces of hecke eigenvalues of T_{p^1} are:
47 237 512 1018 1717 2571 3397 4560 7392 8937 12404 17716 18314 24564 30823 33536 40299 42861 48737 54978 61419 69221 86178 
computing eigenvalues for k = 1, took 11.563892 sec
traces of hecke eigenvalues of T_{p^2} are:
6 18 496 
computing eigenvalues for k = 2, took 0.207628 sec
traces of hecke eigenvalues of T_{p^1} are:
6 30 76 132 112 306 436 552 870 1300 1516 1372 2256 2862 3540 3964 3676 5112 6592 7204 6972 8010 8176 
computing eigenvalues for k = 1, took 11.552706 sec
traces of hecke eigenvalues of T_{p^2} are:
3 24 208 
computing eigenvalues for k = 2, took 0.207774 sec
traces of hecke eigenvalues of T_{p^1} are:
9 43 28 140 91 397 291 484 934 819 1594 1602 2752 2416 3357 3962 4317 4191 4899 6246 6925 7641 8886 
computing eigenvalues for k = 1, took 11.578696 sec
traces of hecke eigenvalues of T_{p^2} are:
12 102 -176 
computing eigenvalues for k = 2, took 0.209470 sec
traces of hecke eigenvalues of T_{p^1} are:
15 156 400 1464 2380 5220 7240 12720 25260 30784 52060 81400 106080 151740 208920 230764 305320 363024 394420 499360 578760 712980 922180 
computing eigenvalues for k = 1, took 11.609131 sec
traces of hecke eigenvalues of T_{p^2} are:
30 780 2800 
computing eigenvalues for k = 2, took 0.206754 sec
traces of hecke eigenvalues of T_{p^1} are:
24 111 210 532 573 1197 1401 2138 3472 3805 5398 7302 8898 10920 15029 13402 17647 21895 19789 26288 26965 31867 36476 
computing eigenvalues for k = 1, took 11.632310 sec
traces of hecke eigenvalues of T_{p^2} are:
12 42 80 
computing eigenvalues for k = 2, took 0.206914 sec
traces of hecke eigenvalues of T_{p^1} are:
-2 -10 102 22 -236 -102 244 92 -174 1420 108 -1732 0 318 -472 668 -2774 1420 3424 5180 0 -534 -3408 
computing eigenvalues for k = 1, took 17.143677 sec
traces of hecke eigenvalues of T_{p^2} are:
9 72 264 
computing eigenvalues for k = 2, took 0.199027 sec
traces of hecke eigenvalues of T_{p^1} are:
1 29 -91 69 -89 335 -51 -52 248 -19 114 -95 -1005 108 -310 -488 -842 436 346 -177 1675 2995 -122 
computing eigenvalues for k = 1, took 10.370742 sec
traces of hecke eigenvalues of T_{p^2} are:
-4 -19 -5 
computing eigenvalues for k = 2, took 0.207923 sec
traces of hecke eigenvalues of T_{p^1} are:
-18 -24 -16 -116 236 84 376 124 284 -100 -228 352 200 -168 -32 -544 120 -1544 -760 -1668 -1452 2492 3348 
computing eigenvalues for k = 1, took 10.388397 sec
traces of hecke eigenvalues of T_{p^2} are:
-18 -48 -308 
computing eigenvalues for k = 2, took 0.197989 sec
traces of hecke eigenvalues of T_{p^1} are:
15 80 118 358 576 960 992 1708 2556 2512 4092 5472 7192 9024 10572 11420 12794 14196 17244 16200 21052 22584 28780 
computing eigenvalues for k = 1, took 11.622261 sec
traces of hecke eigenvalues of T_{p^2} are:
0 12 -256 
computing eigenvalues for k = 2, took 0.206334 sec
For conductor 3:
traces of hecke eigenvalues of T_{p^1} are:
-4 -9 1 -25 -35 -89 -33 66 126 -149 36 165 -177 -228 380 -390 -62 -84 -212 267 819 -821 1302 
computing eigenvalues for k = 1, took 562.911519 sec
traces of hecke eigenvalues of T_{p^2} are:
4 -11 -49 
computing eigenvalues for k = 2, took 0.536795 sec
For conductor 41:
traces of hecke eigenvalues of T_{p^1} are:
-3 -4 16 -2 10 -16 6 -40 38 0 -32 192 200 -214 -132 -640 846 -468 -636 -144 -208 -276 552 
computing eigenvalues for k = 1, took 333.482138 sec
traces of hecke eigenvalues of T_{p^2} are:
0 12 16 
computing eigenvalues for k = 2, took 0.550180 sec
traces of hecke eigenvalues of T_{p^1} are:
-6 -13 -23 -11 -5 65 -39 44 -430 27 100 147 275 476 666 146 -450 -210 -120 627 -151 -1065 -348 
computing eigenvalues for k = 1, took 333.611045 sec
traces of hecke eigenvalues of T_{p^2} are:
6 15 19 
computing eigenvalues for k = 2, took 0.559734 sec
For conductor 123:
traces of hecke eigenvalues of T_{p^1} are:
-3 -4 16 -2 10 -16 6 -40 38 0 -32 192 200 -214 -132 -640 846 -468 -636 -144 -208 -276 552 
computing eigenvalues for k = 1, took 152.298262 sec
traces of hecke eigenvalues of T_{p^2} are:
0 12 16 
computing eigenvalues for k = 2, took 0.497466 sec
traces of hecke eigenvalues of T_{p^1} are:
4 9 1 25 -35 89 -33 -66 -126 -149 36 165 177 228 -380 -390 -62 84 -212 267 -819 821 1302 
computing eigenvalues for k = 1, took 138.387538 sec
traces of hecke eigenvalues of T_{p^2} are:
4 -11 -49 
computing eigenvalues for k = 2, took 0.626680 sec
traces of hecke eigenvalues of T_{p^1} are:
3 18 -58 10 70 -2 -56 298 -42 12 -218 -240 -506 -304 540 10 -1074 78 376 94 1512 662 1314 
computing eigenvalues for k = 1, took 138.525375 sec
traces of hecke eigenvalues of T_{p^2} are:
-2 -22 92 
computing eigenvalues for k = 2, took 0.633271 sec
traces of hecke eigenvalues of T_{p^1} are:
21 100 118 434 576 876 992 1604 2664 2512 4092 5472 6344 8148 10668 11420 12794 16476 17244 16200 20780 25476 28780 
computing eigenvalues for k = 1, took 142.704187 sec
traces of hecke eigenvalues of T_{p^2} are:
18 132 -256 
computing eigenvalues for k = 2, took 0.531303 sec
traces of hecke eigenvalues of T_{p^1} are:
20 87 196 432 689 1019 1567 2058 3218 3709 5194 7826 8120 11678 13921 16354 19081 18935 21337 24374 26849 32361 38172 
computing eigenvalues for k = 1, took 141.566074 sec
traces of hecke eigenvalues of T_{p^2} are:
0 -102 -32 
computing eigenvalues for k = 2, took 0.516614 sec
traces of hecke eigenvalues of T_{p^1} are:
24 129 210 524 573 1251 1401 2278 3488 3805 5398 7302 9150 11976 13291 13402 17647 19001 19789 26288 28811 32213 36476 
computing eigenvalues for k = 1, took 142.726559 sec
traces of hecke eigenvalues of T_{p^2} are:
12 150 80 
computing eigenvalues for k = 2, took 0.525390 sec
traces of hecke eigenvalues of T_{p^1} are:
-7 10 -42 -30 -34 154 216 -10 450 -216 386 100 146 -92 -492 1242 442 -1374 1176 14 -3272 -34 3034 
computing eigenvalues for k = 1, took 137.120052 sec
traces of hecke eigenvalues of T_{p^2} are:
-10 -22 -4 
computing eigenvalues for k = 2, took 0.623038 sec
traces of hecke eigenvalues of T_{p^1} are:
0 -16 0 34 -52 -62 140 96 -122 238 -82 318 -546 352 -144 822 -1948 -1158 -690 -132 828 408 1792 
computing eigenvalues for k = 1, took 136.887913 sec
traces of hecke eigenvalues of T_{p^2} are:
-6 -24 -80 
computing eigenvalues for k = 2, took 0.621805 sec
traces of hecke eigenvalues of T_{p^1} are:
-8 -8 -6 -72 102 78 -108 28 70 -140 296 -792 -242 -1130 424 580 -1220 1638 580 90 -1352 -154 -594 
computing eigenvalues for k = 1, took 137.000335 sec
traces of hecke eigenvalues of T_{p^2} are:
-2 -14 -128 
computing eigenvalues for k = 2, took 0.617796 sec
traces of hecke eigenvalues of T_{p^1} are:
30 143 350 742 1119 1793 2391 3018 4986 5831 8408 10860 13816 16700 20645 22224 27001 29919 31235 37308 39913 45401 58620 
computing eigenvalues for k = 1, took 141.757090 sec
traces of hecke eigenvalues of T_{p^2} are:
0 -78 400 
computing eigenvalues for k = 2, took 0.537037 sec
