constructing eigenvector for poly
x
constructing eigenvector for poly
x^16+14*x^15-1019*x^14-9840*x^13+366284*x^12+1839870*x^11-53872070*x^10-94582634*x^9+2885103389*x^8+2989627264*x^7-60852494928*x^6-55894384922*x^5+534150484122*x^4+497962010556*x^3-1664088906024*x^2-1434785760720*x+800890611696
constructing eigenvector for poly
x-28
constructing eigenvector for poly
x-30
constructing eigenvector for poly
x-36
constructing eigenvector for poly
x-156
constructing eigenvector for poly
x-6
constructing eigenvector for poly
x^2+18*x+54
constructing eigenvector for poly
x^2+12*x+4
constructing eigenvector for poly
x^3-38*x^2+248*x+2164
constructing eigenvector for poly
x^3-28*x^2+36*x+64
constructing eigenvector for poly
x^2+5*x-75
constructing eigenvector for poly
x^3-84*x^2+2202*x-18372
constructing eigenvector for poly
x^5-132*x^4+6576*x^3-152788*x^2+1633812*x-6424272
constructing eigenvector for poly
x^8-240*x^7+24636*x^6-1410480*x^5+49146524*x^4-1063502880*x^3+13884204320*x^2-99143875200*x+292166701056
constructing eigenvector for poly
x^6+6*x^5-572*x^4-1590*x^3+75423*x^2-61444*x-354836
constructing eigenvector for poly
x^4-33*x^3+328*x^2-938*x+811
constructing eigenvector for poly
x^2-84*x+1764
constructing eigenvector for poly
x^2-98*x+2401
constructing eigenvector for poly
x^2-138*x+4761
constructing eigenvector for poly
x^2-308*x+23716
constructing eigenvector for poly
x^2-624*x+97344
constructing eigenvector for poly
x^2-620*x+96100
constructing eigenvector for poly
x^8-182*x^7+14111*x^6-608274*x^5+15934065*x^4-259578136*x^3+2566658824*x^2-14076950592*x+32785620624
constructing eigenvector for poly
x^8-384*x^7+61810*x^6-5455076*x^5+289612089*x^4-9504136516*x^3+188923509260*x^2-2086536926864*x+9831711429136
constructing eigenvector for poly
x^8-1034*x^7+464801*x^6-118643970*x^5+18810755076*x^4-1897094578402*x^3+118861671445297*x^2-4230591126152394*x+65500169506740081
constructing eigenvector for poly
x^8-1366*x^7+805567*x^6-268116258*x^5+55138192961*x^4-7181203111720*x^3+578940064129416*x^2-26435194539997056*x+523794787767315856
constructing eigenvector for poly
x^8-2336*x^7+2385728*x^6-1391313408*x^5+506757152256*x^4-118043625938944*x^3+17173149294149632*x^2-1426596233327542272*x+51809470045099720704
constructing eigenvector for poly
x^8-2752*x^7+3270576*x^6-2194431488*x^5+910130473312*x^4-239166565837824*x^3+38923506606523136*x^2-3589889303269523456*x+143762654169104806144
constructing eigenvector for poly
x
constructing eigenvector for poly
x^2+18*x+54
constructing eigenvector for poly
x^3+24*x^2+48*x-208
constructing eigenvector for poly
x^3-28*x^2+36*x+64
constructing eigenvector for poly
x^6+6*x^5-572*x^4-1590*x^3+75423*x^2-61444*x-354836
constructing eigenvector for poly
x^2+12*x+4
constructing eigenvector for poly
x-6
constructing eigenvector for poly
x+8
constructing eigenvector for poly
x^2+12*x+4
constructing eigenvector for poly
x^2+28*x+196
constructing eigenvector for poly
x^2+14*x-59
constructing eigenvector for poly
x-18
constructing eigenvector for poly
x-32
constructing eigenvector for poly
x+6
constructing eigenvector for poly
x-8
constructing eigenvector for poly
x-24
constructing eigenvector for poly
x-14
constructing eigenvector for poly
x^3+24*x^2+48*x-208
constructing eigenvector for poly
x^4-11*x^3-56*x^2+18*x+181
constructing eigenvector for poly
x^10+45*x^9+232*x^8-11662*x^7-98743*x^6+944864*x^5+7876256*x^4-19685164*x^3-147863952*x^2-110750624*x-6464448
constructing eigenvector for poly
x^2+12*x+4
constructing eigenvector for poly
x^3-84*x^2+2232*x-19064
constructing eigenvector for poly
x^6+35*x^5+360*x^4+1392*x^3+1855*x^2+126*x-54
constructing eigenvector for poly
x+22
constructing eigenvector for poly
x+4
constructing eigenvector for poly
x^3+14*x^2+20*x-152
constructing eigenvector for poly
x+10
constructing eigenvector for poly
x+10
constructing eigenvector for poly
x^16+64*x^15+1301*x^14+3014*x^13-212836*x^12-2200670*x^11+4397470*x^10+157965926*x^9+449024529*x^8-3273655490*x^7-17086240744*x^6+12476313918*x^5+160315746386*x^4+61211268780*x^3-481982451408*x^2-241445189776*x+387007115696
constructing eigenvector for poly
x-36
constructing eigenvector for poly
x^2-5*x-275
constructing eigenvector for poly
x^2-56*x+766
constructing eigenvector for poly
x^3-72*x^2+1572*x-10492
constructing eigenvector for poly
x^6+9*x^5-272*x^4-1694*x^3+16835*x^2+61262*x-305288
constructing eigenvector for poly
x+10
constructing eigenvector for poly
x+10
constructing eigenvector for poly
x^2-8*x+16
constructing eigenvector for poly
x^2+34*x-103
constructing eigenvector for poly
x^2-32*x+256
constructing eigenvector for poly
x^2-74*x+1369
constructing eigenvector for poly
x^2-274*x+18769
constructing eigenvector for poly
x^2-376*x+35344
constructing eigenvector for poly
x^2-468*x+54756
constructing eigenvector for poly
x^2-672*x+112896
constructing eigenvector for poly
x-22
constructing eigenvector for poly
x-32
constructing eigenvector for poly
x-4
constructing eigenvector for poly
x-38
constructing eigenvector for poly
x-44
constructing eigenvector for poly
x+4
constructing eigenvector for poly
x-34
constructing eigenvector for poly
x-28
constructing eigenvector for poly
x^2+16*x-53
constructing eigenvector for poly
x^2-16*x-53
constructing eigenvector for poly
x^2-46*x+430
constructing eigenvector for poly
x^5-132*x^4+6480*x^3-147512*x^2+1557556*x-6088712
constructing eigenvector for poly
x^2-112
constructing eigenvector for poly
x^2-64*x+1006
constructing eigenvector for poly
x^3-76*x^2+1750*x-11988
constructing eigenvector for poly
x^4-14*x^3-164*x^2+2616*x-5564
constructing eigenvector for poly
x^3+14*x^2+20*x-152
constructing eigenvector for poly
x^4-63*x^3+1306*x^2-10926*x+31777
constructing eigenvector for poly
x^4+5*x^3-210*x^2-566*x+1079
constructing eigenvector for poly
x^10-15*x^9-242*x^8+3894*x^7+18021*x^6-297312*x^5-839788*x^4+8569188*x^3+24870456*x^2-54001872*x-148448416
constructing eigenvector for poly
x^5-139*x^4+7415*x^3-190268*x^2+2351536*x-11221952
constructing eigenvector for poly
x^5+4*x^4-208*x^3-976*x^2-1024*x-256
constructing eigenvector for poly
x+16
constructing eigenvector for poly
x^2+16*x-53
constructing eigenvector for poly
x^2-16*x-53
constructing eigenvector for poly
x^2-112
constructing eigenvector for poly
x^5+4*x^4-208*x^3-976*x^2-1024*x-256
constructing eigenvector for poly
x-4
constructing eigenvector for poly
x^2-8*x+16
constructing eigenvector for poly
x^2+34*x-103
computing eigenvectors took 200.777379 sec
For conductor 1, eigenvectors are:
-48 -64 16 16 8 -16 0 8 -8 8 16 0 16 12 0 -24 6 0 12 4 4 -8 -8 12 4 -8 -8 -4 8 12 16 12 -20 8 12 -20 10 16 -2 0 -16 12 -4 6 2 2 -2 12 -6 2 -2 -6 -6 -2 -8 -6 6 8 0 -12 -6 -2 12 -10 -1 -2 -3 5 -5 -2 over Number field with defining polynomial x
a vector of length 70 over Number field with defining polynomial a number field of degree 16
24 -16 20 -12 -16 16 -8 -16 4 6 14 -8 4 -6 -3 18 -9 2 26 7 -12 -12 -1 -6 -12 -7 7 3 11 18 -12 23 1 6 2 4 4 -4 -12 -3 -5 2 -5 -6 -10 -5 -4 -6 -3 -5 12 13 -6 4 1 2 10 14 -1 5 -6 1 -11 -8 3 4 2 -5 4 -4 over Number field with defining polynomial x-28
0 -16 4 4 -4 -4 0 -4 4 2 -2 0 -8 6 3 -3 0 6 -6 1 -2 4 1 0 -2 -5 1 5 -1 0 -2 -3 1 2 0 -8 1 -2 1 0 2 0 5 3 -1 -1 -2 0 -3 -1 -2 -3 0 1 4 0 3 2 0 0 0 1 -3 -1 2 1 0 -1 1 -2 over Number field with defining polynomial x-30
-24 16 -4 -4 16 16 -24 16 -4 -14 26 -24 -4 6 -9 6 21 6 6 -19 -4 -4 -19 6 -4 11 -19 1 1 6 -4 21 11 -14 6 -4 -4 -4 -4 -9 1 6 1 6 -14 1 -4 6 -9 1 -4 -9 6 -4 11 6 6 -14 21 -9 6 11 -9 16 1 -4 6 1 -4 -4 over Number field with defining polynomial x-36
-1 -1 -1 -1 -1 -1 -1 -1 -1 -1 -1 -1 -1 -1 -1 -1 -1 -1 -1 -1 -1 -1 -1 -1 -1 -1 -1 -1 -1 -1 -1 -1 -1 -1 -1 -1 -1 -1 -1 -1 -1 -1 -1 -1 -1 -1 -1 -1 -1 -1 -1 -1 -1 -1 -1 -1 -1 -1 -1 -1 -1 -1 -1 -1 -1 -1 -1 -1 -1 -1 over Number field with defining polynomial x-156
24 -16 -8 -8 8 -16 0 8 4 -4 4 0 4 -6 0 -6 6 0 6 -2 4 4 4 0 4 -2 4 2 2 0 -2 6 -2 -4 0 4 -2 -2 4 -6 2 0 2 0 2 -4 -2 0 0 -4 -2 0 0 4 -2 0 0 -4 0 0 0 -2 0 -4 -1 4 3 -1 1 -2 over Number field with defining polynomial x-6
-60*a-576 40*a+384 40*a-60 -12*a-204 80*a+1212 -20*a-192 -32*a-396 -88*a-1200 -10*a-96 68*a+1230 38*a+498 0 -10*a-96 15*a+144 21*a+135 -57*a-747 -66*a-900 -42*a-270 15*a+144 -5*a-159 22*a+300 8*a+210 30*a+399 33*a+450 38*a+498 -52*a-699 -33*a-339 3*a+51 -14*a-201 -2*a-108 -28*a-402 28*a+513 -19*a-249 44*a+600 -14*a-90 -30*a-510 15*a+255 -10*a-96 -3*a-51 -32*a-396 12*a+204 -34*a-504 -a-165 41*a+549 -32*a-507 3*a+51 31*a+453 -34*a-504 41*a+549 -15*a-255 -2*a+3 41*a+549 -24*a-297 13*a+147 23*a+354 -34*a-504 -41*a-549 -6*a-102 a+54 15*a+144 25*a+351 29*a+345 -7*a-45 17*a+141 3*a+51 -12*a-204 24*a+297 18*a+195 -35*a-447 111 over Number field with defining polynomial x^2+18*x+54
-48*a-864 32*a+576 32*a+128 -16*a-288 0 0 -8*a+80 0 -8*a-144 -16*a-64 16*a+64 -8*a+80 -8*a-144 12*a+216 -24*a-96 6*a-60 -18*a-156 8*a+144 4*a+72 -8*a-32 -24*a-208 12*a+104 32*a+128 4*a-40 -4*a+40 16*a+176 -8*a-144 4*a+72 8*a+32 -4*a+40 -8*a-32 -12*a+8 -8*a-32 12*a+104 16*a+64 4*a-40 14*a+84 0 -6*a-52 8*a+32 6*a+52 -12*a-104 -4*a-72 -4*a-72 10*a+124 4*a+72 -14*a-84 14*a+84 4*a+72 -6*a-52 -2*a+20 -4*a-72 6*a+52 6*a+52 -12*a-104 -12*a-104 8*a+32 -14*a-84 2*a-20 2*a-20 6*a+52 6*a+52 0 -14*a-84 -a-46 56 7*a+98 -3*a-82 -3*a+30 -56 over Number field with defining polynomial x^2+12*x+4
1200 -800 12*a^2 - 224*a - 1488 4*a^2 - 128*a + 224 8*a^2 - 96*a - 1312 -8*a^2 + 136*a + 672 40*a-240 -8*a^2 + 96*a + 2112 200 2*a^2 + 16*a - 1368 -2*a^2 + 24*a + 128 -40*a+240 200 -300 -3*a^2 + 96*a - 468 -6*a^2 + 102*a + 804 3*a^2 - 66*a - 912 2*a^2 - 64*a + 312 4*a^2 - 68*a - 436 7*a^2 - 124*a - 608 -8*a^2 + 176*a + 432 -8*a^2 + 156*a + 552 -3*a^2 + 56*a - 28 -8*a^2 + 176*a - 268 4*a^2 - 68*a - 536 -a^2 - 8*a + 484 -a^2 + 12*a - 336 -a^2 + 32*a - 56 5*a^2 - 120*a + 140 6*a^2 - 92*a - 664 -20*a+520 a^2 - 12*a - 164 a^2 - 12*a - 64 -2*a^2 + 44*a + 608 2*a^2 - 64*a + 312 200 -10*a+460 2*a^2 - 44*a + 92 12*a^2 - 214*a - 948 5*a^2 - 70*a - 560 3*a^2 - 66*a - 112 -2*a^2 + 44*a - 192 -3*a^2 + 56*a + 372 -2*a^2 + 14*a + 488 -4*a^2 + 58*a + 396 -a^2 + 32*a - 356 2*a^2 - 64*a + 212 2*a^2 - 24*a - 428 a^2 - 12*a + 36 a^2 - 12*a - 164 -6*a^2 + 112*a + 444 5*a^2 - 80*a - 700 8*a^2 - 116*a - 1092 -8*a^2 + 146*a + 612 3*a^2 - 86*a + 308 -2*a^2 + 44*a - 192 2*a^2 + 6*a - 608 -6*a^2 + 72*a + 1084 -3*a^2 + 46*a + 332 3*a^2 - 66*a - 212 -4*a^2 + 68*a + 236 a^2 - 12*a - 64 -3*a^2 + 56*a + 272 10*a+240 a^2 - 2*a - 324 -10*a+260 -2*a^2 + 24*a + 328 -a^2 + 12*a + 164 10*a-260 -100 over Number field with defining polynomial x^3-38*x^2+248*x+2164
-72*a^2 + 1392*a - 384 -96*a^2 + 1856*a - 512 -4*a^2 + 344*a + 256 -4*a^2 + 88*a - 768 -16*a^2 + 448*a - 320 -4*a^2 + 216*a - 256 20*a^2 - 120*a + 384 12*a^2 - 232*a + 64 -12*a^2 + 232*a - 64 26*a^2 - 636*a 18*a^2 - 620*a + 192 -28*a^2 + 680*a - 384 24*a^2 - 464*a + 128 18*a^2 - 348*a + 96 -9*a^2 + 150*a + 1632 15*a^2 - 282*a - 480 -6*a^2 - 84*a - 240 -14*a^2 + 404*a + 64 8*a^2 - 224*a + 160 -5*a^2 + 110*a - 960 -8*a^2 + 288*a + 96 -6*a^2 + 132*a - 1152 9*a^2 - 246*a + 352 208*a-352 2*a^2 - 28*a - 736 23*a^2 - 522*a + 800 19*a^2 - 370*a + 288 a^2 - 22*a + 192 -9*a^2 + 118*a - 864 -16*a^2 + 304*a + 288 14*a^2 - 276*a + 448 -9*a^2 + 102*a + 256 15*a^2 - 554*a - 384 -8*a^2 - 112*a - 320 -6*a^2 + 116*a - 32 -24*a^2 + 672*a - 480 -7*a^2 + 194*a + 592 a^2 + 122*a - 416 7*a^2 - 66*a - 80 -2*a^2 + 108*a - 128 4*a^2 - 88*a + 768 144*a-608 a^2 - 86*a - 64 -a^2 - 50*a + 112 -7*a^2 + 66*a + 80 -11*a^2 + 218*a - 432 6*a^2 - 220*a + 208 8*a^2 - 224*a + 160 9*a^2 - 94*a - 816 2*a^2 - 180*a + 432 2*a^2 - 4*a - 48 5*a^2 - 102*a + 400 -104*a+176 13*a^2 - 390*a + 304 -2*a^2 + 108*a - 128 -72*a+304 -3*a^2 + 58*a - 16 0 -4*a^2 + 280*a 6*a^2 - 52*a + 288 -8*a^2 + 328*a - 336 4*a^2 - 80*a + 208 -5*a^2 - 50*a + 768 11*a^2 - 282*a + 176 -5*a^2 + 98*a - 120 -4*a^2 + 112*a - 80 4*a^2 - 76*a - 72 -9*a^2 + 210*a - 200 36*a-152 -104*a+176 over Number field with defining polynomial x^3-28*x^2+36*x+64
-24*a+480 -8*a+160 24*a+200 -32*a-40 4*a-80 12*a+100 -8*a-180 4*a-80 8*a-160 8*a+10 6*a+50 -8*a-180 2*a-40 -3*a+60 15*a-45 6*a-120 3*a-60 2*a+45 -4*a-90 20*a+110 10*a+140 -8*a-10 -18*a+20 0 -2*a-130 6*a+50 -4*a+80 8*a+10 -2*a+40 -15*a+45 -8*a-10 -10*a+30 2*a-40 8*a+10 14*a+60 2*a-40 -10*a-55 6*a+50 a+65 -3*a+60 3*a+25 -7*a-30 -6*a-50 -9*a-75 a-20 -6*a-50 6*a+50 0 -3*a+60 -6*a-50 -8*a-10 -2*a-45 0 8*a+95 -a+20 -a+105 -2*a-45 a-20 5*a-15 -4*a-90 0 2*a-40 4*a+90 -9*a+10 8*a+10 2*a-40 2*a+45 3*a+25 -a+20 -85 over Number field with defining polynomial x^2+5*x-75
300*a^2 - 9264*a + 55344 -200*a^2 + 6176*a - 36896 172*a^2 - 10452*a + 145688 -1344*a^2 + 84372*a - 1231576 -332*a^2 + 23968*a - 373424 124*a^2 + 1316*a - 96056 92*a^2 - 4556*a + 56616 -332*a^2 + 23968*a - 373424 50*a^2 - 1544*a + 9224 246*a^2 - 18742*a + 300580 580*a^2 - 37630*a + 559172 92*a^2 - 4556*a + 56616 50*a^2 - 1544*a + 9224 -75*a^2 + 2316*a - 13836 120*a^2 - 10137*a + 170802 180*a^2 - 14559*a + 237606 -198*a^2 + 11256*a - 151728 -444*a^2 + 24854*a - 334620 -65*a^2 + 12298*a - 250476 -518*a^2 + 30141*a - 418270 358*a^2 - 19628*a + 261776 70*a^2 - 8162*a + 149180 301*a^2 - 17443*a + 245702 -459*a^2 + 30464*a - 458184 -120*a^2 + 9706*a - 158404 -173*a^2 + 10915*a - 159514 164*a^2 - 7207*a + 78566 -1210*a^2 + 77235*a - 1139966 -351*a^2 + 20697*a - 288974 602*a^2 - 34024*a + 466608 486*a^2 - 33010*a + 499700 -57*a^2 - 2097*a + 76818 494*a^2 - 24257*a + 297398 132*a^2 - 7504*a + 101152 -80*a^2 + 6758*a - 113868 58*a^2 - 10364*a + 206432 26*a^2 - 373*a - 6358 19*a^2 - 4876*a + 104480 214*a^2 - 13895*a + 205478 238*a^2 - 12494*a + 162216 -100*a^2 + 8232*a - 136136 34*a^2 - 4480*a + 85560 139*a^2 - 6435*a + 73954 222*a^2 - 12427*a + 167310 483*a^2 - 29063*a + 414922 172*a^2 - 10883*a + 158086 233*a^2 - 10624*a + 121028 78*a^2 - 6694*a + 111012 6*a^2 + 1101*a - 28626 -365*a^2 + 26275*a - 411110 -257*a^2 + 16508*a - 241900 -6*a^2 - 1101*a + 28626 -17*a^2 + 2240*a - 42780 -276*a^2 + 13237*a - 157450 117*a^2 - 10472*a + 178916 34*a^2 - 4480*a + 85560 -268*a^2 + 14705*a - 195618 88*a^2 - 5290*a + 75700 483*a^2 - 26060*a + 343680 -529*a^2 + 28338*a - 371988 -17*a^2 + 2240*a - 42780 280*a^2 - 18509*a + 280850 -278*a^2 + 15873*a - 219150 -418*a^2 + 21909*a - 282134 305*a^2 - 18850*a + 273064 52*a^2 - 3749*a + 58526 8*a^2 - 1104*a + 20676 -332*a^2 + 21827*a - 326978 3003*a-71242 -2572*a+58844 over Number field with defining polynomial x^3-84*x^2+2202*x-18372
300*a^4 - 28584*a^3 + 940704*a^2 - 12400416*a + 56634480 -144*a^4 + 17472*a^3 - 718384*a^2 + 11762272*a - 63680640 72*a^4 - 7040*a^3 + 221520*a^2 - 2461576*a + 8488896 64*a^4 - 6072*a^3 + 196824*a^2 - 2488312*a + 10006080 202*a^4 - 19496*a^3 + 649116*a^2 - 8655200*a + 38797536 -22*a^4 + 3208*a^3 - 143824*a^2 + 2498224*a - 13523640 44*a^4 - 4752*a^3 + 185308*a^2 - 2987256*a + 16204536 18*a^4 - 1812*a^3 + 58940*a^2 - 681440*a + 2129376 124*a^4 - 13940*a^3 + 537956*a^2 - 8336128*a + 42320616 -104*a^3 + 7120*a^2 - 132092*a + 14304 -16*a^4 + 1416*a^3 - 34108*a^2 + 140324*a + 755664 48*a^4 - 3560*a^3 + 76220*a^2 - 362304*a - 479736 -310*a^4 + 32600*a^3 - 1187904*a^2 + 17476904*a - 86558016 129*a^4 - 13698*a^3 + 504570*a^2 - 7510956*a + 38038860 36*a^4 - 2238*a^3 + 13914*a^2 + 935754*a - 9324828 36*a^4 - 3420*a^3 + 87684*a^2 - 399372*a - 2255616 93*a^4 - 8886*a^3 + 288846*a^2 - 3709638*a + 16512264 18*a^4 - 1708*a^3 + 51820*a^2 - 549348*a + 2115072 68*a^4 - 5486*a^3 + 150390*a^2 - 1615812*a + 6204240 -62*a^4 + 6100*a^3 - 206410*a^2 + 2802086*a - 12958896 27*a^4 - 2614*a^3 + 81290*a^2 - 890068*a + 3179760 8*a^4 - 170*a^3 - 24374*a^2 + 911060*a - 6998772 8*a^4 - 336*a^3 - 13804*a^2 + 718682*a - 6208536 8*a^4 - 106*a^3 - 19846*a^2 + 621684*a - 4531824 -39*a^4 + 3170*a^3 - 96376*a^2 + 1363988*a - 6781836 52*a^4 - 5152*a^3 + 175204*a^2 - 2388946*a + 10473144 38*a^4 - 4102*a^3 + 154170*a^2 - 2362510*a + 12401376 -16*a^4 + 1518*a^3 - 49206*a^2 + 622078*a - 2501520 -70*a^4 + 6860*a^3 - 227024*a^2 + 2938294*a - 12588216 26*a^4 - 2716*a^3 + 96392*a^2 - 1353828*a + 6023232 -10*a^4 + 1528*a^3 - 76304*a^2 + 1466168*a - 8345064 8*a^4 - 1124*a^3 + 35376*a^2 - 171402*a - 1495728 -2*a^4 + 1048*a^3 - 73270*a^2 + 1648670*a - 10289064 128*a^4 - 12348*a^3 + 421914*a^2 - 5922752*a + 28295508 73*a^4 - 6606*a^3 + 201734*a^2 - 2432556*a + 9953136 36*a^4 - 4368*a^3 + 179596*a^2 - 2940568*a + 15920160 -101*a^4 + 9634*a^3 - 317548*a^2 + 4201268*a - 18615684 6*a^4 + 196*a^3 - 39378*a^2 + 1042328*a - 6402360 -23*a^4 + 2898*a^3 - 116412*a^2 + 1787660*a - 8882580 32*a^4 - 3430*a^3 + 123002*a^2 - 1689198*a + 7359444 9*a^4 - 418*a^3 - 420*a^2 + 224794*a - 2306220 -24*a^4 + 1988*a^3 - 50420*a^2 + 427956*a - 1557720 -18*a^4 + 1760*a^3 - 55380*a^2 + 615394*a - 2122224 -23*a^4 + 2740*a^3 - 115640*a^2 + 1956564*a - 10335024 35*a^4 - 3310*a^3 + 106432*a^2 - 1315652*a + 5276028 -35*a^4 + 3456*a^3 - 115292*a^2 + 1502170*a - 6297684 20*a^4 - 3036*a^3 + 142670*a^2 - 2516728*a + 13977456 119*a^4 - 11932*a^3 + 414356*a^2 - 5797884*a + 27358848 11*a^4 - 1324*a^3 + 54332*a^2 - 930402*a + 5188500 -54*a^4 + 5018*a^3 - 166476*a^2 + 2292742*a - 10748904 52*a^4 - 5700*a^3 + 216522*a^2 - 3364408*a + 17862864 26*a^4 - 2550*a^3 + 85822*a^2 - 1161450*a + 5232996 -110*a^4 + 10372*a^3 - 344426*a^2 + 4699272*a - 22133016 -74*a^4 + 7456*a^3 - 262588*a^2 + 3810668*a - 18799680 5*a^4 - 226*a^3 - 3276*a^2 + 248138*a - 2448408 -31*a^4 + 2860*a^3 - 79728*a^2 + 629796*a - 86220 -4*a^4 + 846*a^3 - 43316*a^2 + 781236*a - 4303332 8*a^4 - 418*a^3 - 416*a^2 + 242788*a - 2719932 -8*a^4 + 480*a^3 - 3034*a^2 - 182502*a + 1944000 22*a^4 - 2046*a^3 + 63536*a^2 - 759210*a + 3278916 -40*a^4 + 3920*a^3 - 125926*a^2 + 1500936*a - 6184224 -24*a^4 + 1896*a^3 - 37142*a^2 - 42178*a + 2699664 -14*a^4 + 1028*a^3 - 19074*a^2 - 39510*a + 1398024 62*a^4 - 5726*a^3 + 183530*a^2 - 2362904*a + 10371072 -27*a^4 + 2602*a^3 - 89378*a^2 + 1245490*a - 5653860 -30*a^4 + 2640*a^3 - 73580*a^2 + 703040*a - 2118000 -208*a^3 + 12310*a^2 - 246804*a + 1797588 -280*a^3 + 17580*a^2 - 318710*a + 1573320 114*a^3 - 7010*a^2 + 126332*a - 783084 -50*a^3 + 11538*a^2 - 415708*a + 3250032 over Number field with defining polynomial x^5-132*x^4+6576*x^3-152788*x^2+1633812*x-6424272
3*a^7 - 564*a^6 + 42942*a^5 - 1676340*a^4 + 34415472*a^3 - 317350560*a^2 + 166953600*a + 11276651520 -6*a^7 + 1080*a^6 - 77292*a^5 + 2741928*a^4 - 46824672*a^3 + 211994688*a^2 + 3770429184*a - 38435420160 2*a^7 - 504*a^6 + 50792*a^5 - 2667416*a^4 + 78623344*a^3 - 1285785792*a^2 + 10510986240*a - 30867775488 -10*a^7 + 1994*a^6 - 163428*a^5 + 7074268*a^4 - 171834896*a^3 + 2263542560*a^2 - 13682782848*a + 19085607936 -31*a^6 + 6448*a^5 - 543150*a^4 + 23808384*a^3 - 574481872*a^2 + 7253054016*a - 37512557568 47*a^6 - 8330*a^5 + 613122*a^4 - 23963328*a^3 + 523531376*a^2 - 6044801088*a + 28711466496 -7*a^7 + 1379*a^6 - 113238*a^5 + 5009266*a^4 - 128369168*a^3 + 1892870384*a^2 - 14696611392*a + 45288571392 -a^7 + 186*a^6 - 14296*a^5 + 572032*a^4 - 12063920*a^3 + 107778048*a^2 + 209104128*a - 7235868672 3*a^7 - 552*a^6 + 40794*a^5 - 1523652*a^4 + 28913904*a^3 - 211673952*a^2 - 859130496*a + 15247180800 8*a^7 - 1740*a^6 + 157700*a^5 - 7698800*a^4 + 217760344*a^3 - 3547572672*a^2 + 30547638144*a - 105685751808 2*a^7 - 496*a^6 + 49896*a^5 - 2664272*a^4 + 81980440*a^3 - 1458226816*a^2 + 13916379264*a - 55113191424 -40*a^6 + 6178*a^5 - 375348*a^4 + 11158080*a^3 - 160402720*a^2 + 843915264*a + 860032512 -6*a^7 + 1104*a^6 - 81588*a^5 + 3047304*a^4 - 57827808*a^3 + 423347904*a^2 + 1718260992*a - 30494361600 3*a^7 - 546*a^6 + 39720*a^5 - 1447308*a^4 + 26163120*a^3 - 158835648*a^2 - 1372172544*a + 17232445440 33*a^6 - 5562*a^5 + 368430*a^4 - 11995908*a^3 + 192501840*a^2 - 1236595968*a + 381625344 6*a^6 - 1710*a^5 + 176676*a^4 - 8980332*a^3 + 243240672*a^2 - 3379148352*a + 18992143872 -9*a^7 + 1869*a^6 - 162702*a^5 + 7686474*a^4 - 212449056*a^3 + 3426667248*a^2 - 29752447680*a + 106652795904 2*a^7 - 438*a^6 + 39692*a^5 - 1905740*a^4 + 51375592*a^3 - 750670944*a^2 + 5046388992*a - 8198019072 3*a^7 - 568*a^6 + 44490*a^5 - 1845292*a^4 + 42787120*a^3 - 528259904*a^2 + 2781209856*a - 1211341824 5*a^7 - 1042*a^6 + 90912*a^5 - 4308236*a^4 + 119892964*a^3 - 1962111712*a^2 + 17516975424*a - 65960607744 -4*a^7 + 837*a^6 - 73300*a^5 + 3468562*a^4 - 95256296*a^3 + 1506228912*a^2 - 12541520448*a + 41507997696 -a^7 + 212*a^6 - 17664*a^5 + 726640*a^4 - 14498096*a^3 + 85323968*a^2 + 1283376768*a - 15875163648 3*a^7 - 622*a^6 + 53436*a^5 - 2465332*a^4 + 65912620*a^3 - 1019692160*a^2 + 8433330240*a - 28681150464 3*a^7 - 604*a^6 + 50874*a^5 - 2326444*a^4 + 62522920*a^3 - 991524032*a^2 + 8648091264*a - 32317581312 -6*a^7 + 1275*a^6 - 113514*a^5 + 5487702*a^4 - 155499240*a^3 + 2580244176*a^2 - 23180604480*a + 86782192128 -4*a^7 + 858*a^6 - 76702*a^5 + 3696712*a^4 - 103378604*a^3 + 1668109728*a^2 - 14247734976*a + 48872346624 -6*a^7 + 1178*a^6 - 95778*a^5 + 4157936*a^4 - 103198172*a^3 + 1442275456*a^2 - 10188456000*a + 25921963008 -6*a^7 + 1154*a^6 - 89742*a^5 + 3580784*a^4 - 75451292*a^3 + 723637312*a^2 - 598288704*a - 25864786944 2*a^7 - 420*a^6 + 37010*a^5 - 1790972*a^4 + 52003012*a^3 - 917438784*a^2 + 9201345984*a - 40674327552 -4*a^7 + 842*a^6 - 73236*a^5 + 3406564*a^4 - 91183712*a^3 + 1395011168*a^2 - 11155347840*a + 35101679616 6*a^7 - 1318*a^6 + 121020*a^5 - 6018868*a^4 + 174974344*a^3 - 2969963936*a^2 + 27215634432*a - 103700017152 3*a^7 - 640*a^6 + 56004*a^5 - 2593168*a^4 + 67923004*a^3 - 985866272*a^2 + 7004961984*a - 16274138112 5*a^7 - 1024*a^6 + 87084*a^5 - 3977024*a^4 + 104926180*a^3 - 1589009728*a^2 + 12648940224*a - 39988518912 -93*a^6 + 16224*a^5 - 1154094*a^4 + 42722424*a^3 - 865180752*a^2 + 9054257472*a - 38072996352 -6*a^7 + 1284*a^6 - 114798*a^5 + 5551620*a^4 - 156504432*a^3 + 2563331232*a^2 - 22466420352*a + 80578685952 6*a^7 - 1318*a^6 + 121480*a^5 - 6081852*a^4 + 178330992*a^3 - 3056938720*a^2 + 28311540864*a - 109075728384 -3*a^7 + 672*a^6 - 62418*a^5 + 3112272*a^4 - 89686716*a^3 + 1485276096*a^2 - 12961136448*a + 45154962432 6*a^7 - 1240*a^6 + 106902*a^5 - 4968616*a^4 + 133853152*a^3 - 2075530016*a^2 + 16955953536*a - 55136885760 32*a^6 - 6002*a^5 + 461316*a^4 - 18591804*a^3 + 414488864*a^2 - 4851628608*a + 23332382208 -3*a^7 + 626*a^6 - 54960*a^5 + 2628596*a^4 - 73863296*a^3 + 1217424544*a^2 - 10875518592*a + 40515130368 12*a^7 - 2559*a^6 + 228312*a^5 - 11039322*a^4 + 312003672*a^3 - 5143575408*a^2 + 45647024832*a - 167360878080 6*a^7 - 1272*a^6 + 113316*a^5 - 5487720*a^4 + 155616864*a^3 - 2574939840*a^2 + 22912128000*a - 84017710080 5*a^7 - 1056*a^6 + 93146*a^5 - 4421432*a^4 + 120944092*a^3 - 1881564384*a^2 + 15064714944*a - 45607007232 -10*a^6 + 1468*a^5 - 83772*a^4 + 2266812*a^3 - 26557984*a^2 + 32592192*a + 1194130944 -3*a^7 + 632*a^6 - 55134*a^5 + 2580596*a^4 - 69857756*a^3 + 1089737536*a^2 - 9013875648*a + 30174875136 -a^7 + 225*a^6 - 20920*a^5 + 1029214*a^4 - 28438580*a^3 + 428173776*a^2 - 3036236544*a + 6084274176 -16*a^6 + 3460*a^5 - 301200*a^4 + 13574208*a^3 - 335092576*a^2 + 4305994368*a - 22541248512 -19*a^6 + 4300*a^5 - 390462*a^4 + 18306816*a^3 - 468805264*a^2 + 6226969920*a - 33542028288 -3*a^7 + 654*a^6 - 59850*a^5 + 2984436*a^4 - 87676332*a^3 + 1519101984*a^2 - 14389504704*a + 57561974784 6*a^7 - 1276*a^6 + 113292*a^5 - 5438716*a^4 + 152209636*a^3 - 2476800128*a^2 + 21609227712*a - 77472543744 6*a^7 - 1309*a^6 + 120172*a^5 - 6018426*a^4 + 177562032*a^3 - 3084974800*a^2 + 29206432320*a - 116105978880 -4*a^7 + 864*a^6 - 77776*a^5 + 3773056*a^4 - 106129388*a^3 + 1720948032*a^2 - 14760777024*a + 50857611264 11*a^6 - 1934*a^5 + 144378*a^4 - 5855496*a^3 + 135322832*a^2 - 1673622336*a + 8558479872 -3*a^7 + 680*a^6 - 64142*a^5 + 3269076*a^4 - 97287804*a^3 + 1690350176*a^2 - 15861984960*a + 61902213120 -3*a^7 + 623*a^6 - 53226*a^5 + 2403938*a^4 - 60995048*a^3 + 841192528*a^2 - 5366250816*a + 8418249216 -3*a^7 + 636*a^6 - 56658*a^5 + 2743860*a^4 - 77808432*a^3 + 1287469920*a^2 - 11456064000*a + 42008855040 -3*a^7 + 635*a^6 - 57104*a^5 + 2825694*a^4 - 83025012*a^3 + 1447462928*a^2 - 13857489408*a + 56189030400 -3*a^7 + 653*a^6 - 59666*a^5 + 2964582*a^4 - 86414712*a^3 + 1475631056*a^2 - 13642728384*a + 52552599552 -a^7 + 215*a^6 - 19398*a^5 + 951298*a^4 - 27366344*a^3 + 461555984*a^2 - 4225891008*a + 16221717504 -a^7 + 224*a^6 - 21312*a^5 + 1116904*a^4 - 34849736*a^3 + 648106976*a^2 - 6659908608*a + 29207761920 8*a^6 - 2366*a^5 + 246084*a^4 - 12451320*a^3 + 333482432*a^2 - 4553347584*a + 24983548416 -3*a^7 + 590*a^6 - 48306*a^5 + 2124788*a^4 - 53849372*a^3 + 777099040*a^2 - 5782153920*a + 16272921600 2*a^7 - 403*a^6 + 33426*a^5 - 1462706*a^4 + 35723956*a^3 - 465873520*a^2 + 2644233216*a - 1997720064 -3*a^7 + 653*a^6 - 59436*a^5 + 2933090*a^4 - 84736388*a^3 + 1432143664*a^2 - 13094775168*a + 49864743936 -22*a^6 + 4716*a^5 - 403840*a^4 + 17818576*a^3 - 429364448*a^2 + 5375629056*a - 27387099648 14*a^6 - 2580*a^5 + 189248*a^4 - 7045580*a^3 + 139369408*a^2 - 1370234688*a + 5091406848 -10*a^6 + 1698*a^5 - 115264*a^4 + 3945136*a^3 - 70045376*a^2 + 580545408*a - 1493724672 14*a^6 - 3210*a^5 + 290936*a^4 - 13523780*a^3 + 342833344*a^2 - 4518436416*a + 24280957440 23*a^6 - 4494*a^5 + 354854*a^4 - 14528972*a^3 + 325920400*a^2 - 3804252288*a + 18077451264 32*a^6 - 5772*a^5 + 429824*a^4 - 16913480*a^3 + 371001472*a^2 - 4303675392*a + 20644526592 over Number field with defining polynomial x^8-240*x^7+24636*x^6-1410480*x^5+49146524*x^4-1063502880*x^3+13884204320*x^2-99143875200*x+292166701056
-1008*a^5 + 5208*a^4 + 361200*a^3 - 4017048*a^2 + 5106864*a + 19668096 672*a^5 - 3472*a^4 - 240800*a^3 + 2678032*a^2 - 3404576*a - 13112064 -952*a^5 + 616*a^4 + 394520*a^3 - 1784104*a^2 - 13203232*a - 27850592 280*a^5 - 2016*a^4 - 105112*a^3 + 924112*a^2 - 855680*a + 24804416 -308*a^5 - 10360*a^4 + 141176*a^3 + 3333344*a^2 - 28956004*a - 79977800 224*a^5 + 6328*a^4 - 133588*a^3 - 2400776*a^2 + 28290052*a + 36408904 -84*a^5 + 252*a^4 + 36260*a^3 - 197596*a^2 - 1891680*a + 9324112 476*a^5 + 1120*a^4 - 188272*a^3 + 324688*a^2 + 9883244*a + 14904344 -168*a^5 + 868*a^4 + 60200*a^3 - 669508*a^2 + 851144*a + 3278016 -1428*a^4 - 8988*a^3 + 567364*a^2 - 3281628*a - 979048 -56*a^5 + 756*a^4 + 16296*a^3 - 264460*a^2 + 2319520*a - 21726320 -700*a^5 + 3836*a^4 + 381472*a^3 - 1449868*a^2 - 26421332*a - 17832920 -168*a^5 + 868*a^4 + 60200*a^3 - 669508*a^2 + 851144*a + 3278016 252*a^5 - 1302*a^4 - 90300*a^3 + 1004262*a^2 - 1276716*a - 4917024 336*a^5 - 3822*a^4 - 154476*a^3 + 1566810*a^2 + 2712108*a - 5937960 84*a^5 - 6846*a^4 - 6090*a^3 + 3024630*a^2 - 21479598*a - 44485644 -420*a^5 + 3150*a^4 + 183498*a^3 - 1638042*a^2 - 2935422*a + 3459540 308*a^5 - 3080*a^4 - 148204*a^3 + 1316952*a^2 + 2873360*a + 7989408 -28*a^5 - 3598*a^4 + 36694*a^3 + 1535142*a^2 - 14570598*a - 19843460 266*a^5 + 1512*a^4 - 127666*a^3 - 350924*a^2 + 11864720*a + 22277024 168*a^5 + 2772*a^4 - 49056*a^3 - 424900*a^2 + 3728256*a + 5935888 -336*a^5 - 1008*a^4 + 153944*a^3 + 119896*a^2 - 11650800*a - 28478128 182*a^5 + 490*a^4 - 49854*a^3 + 388346*a^2 - 1407028*a - 4081392 476*a^5 + 2842*a^4 - 197820*a^3 - 284858*a^2 + 13663804*a + 33098352 -56*a^5 + 4564*a^4 + 4060*a^3 - 2016420*a^2 + 14319732*a + 29657096 84*a^5 - 322*a^4 - 43330*a^3 + 143766*a^2 + 3291414*a - 1716876 434*a^5 - 532*a^4 - 215264*a^3 + 512484*a^2 + 15074794*a + 11884404 -70*a^5 + 504*a^4 + 26278*a^3 - 231028*a^2 + 213920*a - 6201104 -14*a^5 - 1890*a^4 - 1750*a^3 + 443478*a^2 - 2078048*a + 3233160 196*a^5 + 2016*a^4 - 101388*a^3 - 581952*a^2 + 12078640*a + 16075920 -448*a^5 + 672*a^4 + 220976*a^3 - 744856*a^2 - 12637016*a - 17709216 182*a^5 + 4410*a^4 - 94570*a^3 - 1570394*a^2 + 17620540*a + 36619744 28*a^5 - 378*a^4 - 8148*a^3 + 132230*a^2 - 1159760*a + 10863160 280*a^5 - 2100*a^4 - 122332*a^3 + 1092028*a^2 + 1956948*a - 2306360 -224*a^5 + 2548*a^4 + 102984*a^3 - 1044540*a^2 - 1808072*a + 3958640 392*a^5 + 98*a^4 - 194530*a^3 + 258650*a^2 + 13543642*a + 30700908 28*a^5 + 224*a^4 - 9674*a^3 + 23744*a^2 + 74438*a + 826140 42*a^4 - 29925*a^3 - 252714*a^2 + 6771905*a + 2227162 196*a^5 - 1330*a^4 - 56658*a^3 + 1130514*a^2 - 5721310*a - 13499612 -322*a^5 - 1344*a^4 + 136388*a^3 - 42588*a^2 - 8881922*a - 9852724 -140*a^5 + 3556*a^4 + 53522*a^3 - 1530480*a^2 + 6255830*a + 16807868 -2506*a^4 + 7644*a^3 + 984466*a^2 - 7234304*a - 15654688 -35*a^5 + 1820*a^4 + 27034*a^3 - 577304*a^2 + 1034131*a - 268618 294*a^5 - 2464*a^4 - 186508*a^3 + 615104*a^2 + 14552650*a + 20851236 140*a^5 - 1652*a^4 - 78890*a^3 + 638708*a^2 + 3054646*a - 1720572 -70*a^5 + 504*a^4 + 26278*a^3 - 231028*a^2 + 213920*a - 6201104 63*a^5 - 945*a^4 - 21049*a^3 + 531629*a^2 - 2126110*a - 10433584 126*a^5 + 3178*a^4 - 77126*a^3 - 1242962*a^2 + 14017920*a + 37506784 112*a^5 + 1232*a^4 - 59136*a^3 - 462196*a^2 + 8138340*a + 13675368 42*a^5 - 2786*a^4 - 38276*a^3 + 963452*a^2 - 1788248*a - 7414568 -308*a^5 + 308*a^4 + 160146*a^3 - 251328*a^2 - 11424630*a - 22429204 -168*a^5 - 1064*a^4 + 67858*a^3 + 68684*a^2 - 5155542*a - 1251068 -7*a^5 + 1148*a^4 + 28259*a^3 - 130634*a^2 - 3294508*a - 9314256 -308*a^5 - 1834*a^4 + 123452*a^3 + 69874*a^2 - 8423716*a - 4704840 -70*a^5 - 1400*a^4 + 51646*a^3 + 660744*a^2 - 9096556*a - 21288400 -2506*a^4 + 7644*a^3 + 984466*a^2 - 7234304*a - 15654688 56*a^5 + 546*a^4 - 4228*a^3 + 109830*a^2 - 1341984*a - 11934776 28*a^5 + 2002*a^4 + 6538*a^3 - 423710*a^2 + 460082*a + 2482116 -98*a^5 - 1008*a^4 + 50694*a^3 + 290976*a^2 - 6039320*a - 8037960 140*a^5 + 882*a^4 - 68824*a^3 - 192178*a^2 + 6985160*a + 3375904 -140*a^5 - 609*a^4 + 27174*a^3 - 408317*a^2 + 3301606*a + 11476136 42*a^5 - 322*a^4 - 15995*a^3 + 231700*a^2 - 1325849*a + 6012958 -119*a^5 - 945*a^4 + 59759*a^3 + 241577*a^2 - 6512240*a - 5706932 -112*a^5 + 2002*a^4 + 27636*a^3 - 1059282*a^2 + 5944624*a + 15978032 1274*a^4 + 483*a^3 - 534212*a^2 + 2913995*a + 14605038 -42*a^5 - 49*a^4 + 4893*a^3 - 166649*a^2 + 2157337*a - 978614 -63*a^4 + 25620*a^3 + 294693*a^2 - 6068748*a - 9004856 -707*a^4 + 18536*a^3 + 487137*a^2 - 5896632*a - 12523224 -546*a^4 - 14714*a^3 + 5096*a^2 + 2279480*a + 4695880 1624*a^4 + 7280*a^3 - 557284*a^2 + 2785664*a + 2793000 over Number field with defining polynomial x^6+6*x^5-572*x^4-1590*x^3+75423*x^2-61444*x-354836
-48*a^3 + 1128*a^2 - 6408*a + 8760 32*a^3 - 752*a^2 + 4272*a - 5840 -24*a^3 + 584*a^2 - 3576*a + 5096 -240*a^2 + 4248*a - 7752 4*a^3 - 132*a^2 + 1220*a - 1976 -8*a^2 + 128*a - 172 -8*a^3 + 224*a^2 - 1692*a + 2672 12*a^3 - 224*a^2 + 580*a - 368 -8*a^3 + 188*a^2 - 1068*a + 1460 -68*a^2 + 1208*a - 2180 8*a^3 - 104*a^2 - 432*a + 1204 12*a^3 - 236*a^2 + 788*a - 772 -8*a^3 + 188*a^2 - 1068*a + 1460 12*a^3 - 282*a^2 + 1602*a - 2190 -9*a^3 + 261*a^2 - 2091*a + 3243 9*a^3 - 210*a^2 + 1185*a - 1608 9*a^2 - 156*a + 303 -6*a^3 + 180*a^2 - 1498*a + 2364 4*a^3 - 90*a^2 + 470*a - 644 4*a^3 - 116*a^2 + 948*a - 1486 18*a^3 - 472*a^2 + 3286*a - 4912 -4*a^3 + 176*a^2 - 2010*a + 3424 26*a^2 - 458*a + 848 -12*a^3 + 326*a^2 - 2392*a + 3638 -6*a^3 + 140*a^2 - 790*a + 1072 -12*a^3 + 306*a^2 - 2020*a + 2922 8*a^3 - 228*a^2 + 1776*a - 2752 60*a^2 - 1062*a + 1938 54*a^2 - 976*a + 1806 4*a^3 - 56*a^2 - 114*a + 452 -8*a^2 + 146*a - 242 -6*a^2 + 104*a - 202 -4*a^3 + 52*a^2 + 216*a - 602 -6*a^2 + 104*a - 202 6*a^3 - 174*a^2 + 1394*a - 2162 -8*a^3 + 188*a^2 - 1068*a + 1460 3*a^3 - 90*a^2 + 749*a - 1182 4*a^3 - 114*a^2 + 888*a - 1376 -4*a^3 + 120*a^2 - 1002*a + 1575 4*a^3 - 46*a^2 - 311*a + 769 -17*a^2 + 302*a - 545 20*a^2 - 354*a + 646 6*a^3 - 146*a^2 + 894*a - 1274 -a^3 + 47*a^2 - 545*a + 941 -4*a^3 + 40*a^2 + 415*a - 971 -9*a^3 + 182*a^2 - 667*a + 650 -2*a^3 + 86*a^2 - 964*a + 1634 5*a^3 - 127*a^2 + 839*a - 1224 -3*a^3 + 67*a^2 - 343*a + 435 -6*a^2 + 104*a - 202 -20*a^2 + 354*a - 646 3*a^3 - 70*a^2 + 377*a - 466 2*a^3 - 62*a^2 + 528*a - 832 4*a^3 - 116*a^2 + 938*a - 1489 -48*a^2 + 863*a - 1569 20*a^2 - 354*a + 646 -5*a^3 + 71*a^2 + 151*a - 555 -7*a^3 + 193*a^2 - 1449*a + 2212 -2*a^3 + 28*a^2 + 57*a - 226 6*a^3 - 140*a^2 + 789*a - 1110 8*a^3 - 192*a^2 + 1150*a - 1616 -4*a^3 + 88*a^2 - 430*a + 528 -4*a^3 + 84*a^2 - 366*a + 442 14*a^2 - 259*a + 479 2*a^3 - 26*a^2 - 108*a + 301 4*a^3 - 116*a^2 + 920*a - 1419 -6*a^3 + 130*a^2 - 603*a + 752 6*a^2 - 104*a + 202 4*a^2 - 73*a + 121 18*a^2 - 313*a + 568 over Number field with defining polynomial x^4-33*x^3+328*x^2-938*x+811
12 16 12 0 -2 -22 8 -4 14 -2 10 14 14 15 6 6 -6 4 -10 3 -10 0 -1 3 2 7 15 0 1 18 -2 -2 19 10 2 -4 6 0 -1 -12 2 2 -3 -10 -5 4 -6 -3 6 -2 -2 -2 -3 3 -4 2 -6 -5 15 -1 -3 -11 2 6 0 2 -9 5 -5 0 over Number field with defining polynomial x-310
4*a^3 - 4264*a^2 + 1448304*a - 158939744 4*a^3 - 4264*a^2 + 1448304*a - 158939744 2*a^3 - 2292*a^2 + 823992*a - 94823088 48*a^2 - 22400*a + 2532416 -8*a^2 + 7552*a - 1453280 -8*a^2 + 7552*a - 1453280 48*a^2 - 22400*a + 2532416 2*a^3 - 2292*a^2 + 823992*a - 94823088 4*a^3 - 4264*a^2 + 1448304*a - 158939744 2*a^3 - 2292*a^2 + 823992*a - 94823088 48*a^2 - 22400*a + 2532416 -8*a^2 + 7552*a - 1453280 4*a^3 - 4264*a^2 + 1448304*a - 158939744 4*a^3 - 4264*a^2 + 1448304*a - 158939744 -2*a^3 + 2108*a^2 - 717336*a + 79416016 -2*a^3 + 2108*a^2 - 717336*a + 79416016 -2*a^3 + 2108*a^2 - 717336*a + 79416016 2*a^3 - 2292*a^2 + 823992*a - 94823088 40*a^2 - 25408*a + 3949792 48*a^2 - 22400*a + 2532416 2*a^3 - 2292*a^2 + 823992*a - 94823088 48*a^2 - 22400*a + 2532416 40*a^2 - 25408*a + 3949792 40*a^2 - 25408*a + 3949792 -2*a^3 + 2108*a^2 - 717336*a + 79416016 2*a^3 - 2292*a^2 + 823992*a - 94823088 40*a^2 - 25408*a + 3949792 40*a^2 - 25408*a + 3949792 2*a^3 - 2292*a^2 + 823992*a - 94823088 48*a^2 - 22400*a + 2532416 40*a^2 - 25408*a + 3949792 40*a^2 - 25408*a + 3949792 48*a^2 - 22400*a + 2532416 -2*a^3 + 2108*a^2 - 717336*a + 79416016 -2*a^3 + 2108*a^2 - 717336*a + 79416016 -8*a^2 + 7552*a - 1453280 -2*a^3 + 2108*a^2 - 717336*a + 79416016 40*a^2 - 25408*a + 3949792 -8*a^2 + 7552*a - 1453280 40*a^2 - 25408*a + 3949792 -2*a^3 + 2108*a^2 - 717336*a + 79416016 -2*a^3 + 2108*a^2 - 717336*a + 79416016 2*a^3 - 2292*a^2 + 823992*a - 94823088 -8*a^2 + 7552*a - 1453280 40*a^2 - 25408*a + 3949792 2*a^3 - 2292*a^2 + 823992*a - 94823088 -8*a^2 + 7552*a - 1453280 -8*a^2 + 7552*a - 1453280 -2*a^3 + 2108*a^2 - 717336*a + 79416016 40*a^2 - 25408*a + 3949792 -8*a^2 + 7552*a - 1453280 2*a^3 - 2292*a^2 + 823992*a - 94823088 -8*a^2 + 7552*a - 1453280 -8*a^2 + 7552*a - 1453280 40*a^2 - 25408*a + 3949792 -2*a^3 + 2108*a^2 - 717336*a + 79416016 -8*a^2 + 7552*a - 1453280 -8*a^2 + 7552*a - 1453280 48*a^2 - 22400*a + 2532416 48*a^2 - 22400*a + 2532416 -8*a^2 + 7552*a - 1453280 40*a^2 - 25408*a + 3949792 48*a^2 - 22400*a + 2532416 40*a^2 - 25408*a + 3949792 40*a^2 - 25408*a + 3949792 40*a^2 - 25408*a + 3949792 40*a^2 - 25408*a + 3949792 40*a^2 - 25408*a + 3949792 40*a^2 - 25408*a + 3949792 40*a^2 - 25408*a + 3949792 over Number field with defining polynomial x^4-1376*x^3+688600*x^2-149702144*x+11990106512
For conductor 2, eigenvectors are:
4 0 0 0 -2 -2 2 -2 -2 -2 0 -1 0 -1 -1 1 -2 over Number field with defining polynomial x
-6 a+18 0 a 3 a+12 a+15 -a-15 2*a+21 -6 -2*a-18 -3 -a-9 -3 -a-12 -6 3 over Number field with defining polynomial x^2+18*x+54
0 2*a^2 + 44*a + 80 -2*a^2 - 44*a - 80 0 72 72 72 2*a^2 + 56*a + 248 -2*a^2 - 56*a - 248 2*a^2 + 44*a + 152 -2*a^2 - 56*a - 176 -a^2 - 22*a - 76 a^2 + 22*a + 40 -6*a-84 -a^2 - 28*a - 124 36 6*a+48 over Number field with defining polynomial x^3+24*x^2+48*x-208
8*a-48 a^2 - 22*a + 64 0 0 -4*a+24 -a^2 + 34*a - 72 4*a-24 -4*a+24 -4*a+24 a^2 - 26*a + 24 0 6*a-4 -a^2 + 30*a - 48 -a^2 + 28*a - 68 a^2 - 24*a + 44 2*a+20 4*a-24 over Number field with defining polynomial x^3-28*x^2+36*x+64
16*a^5 + 108*a^4 - 7804*a^3 - 26084*a^2 + 746380*a - 160120 -12*a^4 + 286*a^3 + 8812*a^2 - 77542*a + 93780 -8*a^5 - 4*a^4 + 3824*a^3 + 980*a^2 - 201120*a - 835072 -6*a^5 + 12*a^4 + 3412*a^3 - 7828*a^2 - 372786*a + 579676 2*a^5 + 26*a^4 - 1150*a^3 - 12706*a^2 + 263740*a + 146432 4*a^5 - 40*a^4 - 2040*a^3 + 22876*a^2 + 73304*a - 758288 -4*a^5 - 32*a^4 + 2712*a^3 + 7328*a^2 - 445812*a + 277384 6*a^5 - 24*a^4 - 2070*a^3 + 19308*a^2 - 131400*a - 136384 4*a^5 + 74*a^4 - 1872*a^3 - 25358*a^2 + 168228*a + 107216 -4*a^5 + 24*a^4 + 1318*a^3 - 14524*a^2 + 87354*a + 91924 2*a^5 + 18*a^4 - 778*a^3 - 3530*a^2 - 17032*a + 971032 -40*a^4 - 130*a^3 + 13212*a^2 - 11378*a + 313276 -4*a^5 + 46*a^4 + 1818*a^3 - 22090*a^2 - 50086*a - 96108 -34*a^4 + 312*a^3 + 13998*a^2 - 92032*a - 35136 -14*a^4 + 308*a^3 + 6202*a^2 - 110372*a - 603240 32*a^4 - 152*a^3 - 14228*a^2 + 107260*a + 161048 68*a^4 + 40*a^3 - 27996*a^2 + 80192*a + 576256 over Number field with defining polynomial x^6+6*x^5-572*x^4-1590*x^3+75423*x^2-61444*x-354836
-16 0 -2*a-12 4*a+8 2*a-4 2*a+12 -2*a-12 -2*a-12 -2*a-12 -2*a-12 0 -a-14 -8 -a+2 a+6 -a+10 8 over Number field with defining polynomial x^2+12*x+4
For conductor 3, eigenvectors are:
-1 0 1 1 1 0 over Number field with defining polynomial x-6
0 1 -1 1 0 0 over Number field with defining polynomial x+8
a+14 2*a+20 a+14 -a-6 a+6 8 over Number field with defining polynomial x^2+12*x+4
-3*a-39 2*a+14 a-11 -a-25 -3*a-3 36 over Number field with defining polynomial x^2+14*x-59
For conductor 6, eigenvectors are:
0 -15 0 3 -6 12 -1 -4 5 -1 5 -6 -4 -2 -3 -2 3 -9 -2 3 6 -10 6 3 -3 -9 -3 2 2 1 5 -1 -4 -8 over Number field with defining polynomial x-18
0 -8 7 17 -6 -16 6 10 -16 -22 19 -13 -11 5 11 5 -18 -2 -2 24 13 11 6 -11 -24 5 11 -5 -5 -13 -16 -8 3 -8 over Number field with defining polynomial x-32
0 0 12 6 -4 0 4 -4 0 -4 2 2 4 4 2 -2 -2 4 -2 6 -2 -4 -2 -2 0 4 -4 2 -1 2 3 3 -1 0 over Number field with defining polynomial x+6
0 30 -30 18 24 12 4 -4 -20 4 -20 -6 -4 8 12 -2 -12 6 8 -12 6 -10 6 -12 -18 6 -18 2 2 1 5 -1 -4 -8 over Number field with defining polynomial x-8
0 0 3 -3 2 0 -2 2 0 2 -1 -1 1 1 -1 1 -2 -2 -2 0 1 -1 -2 1 0 1 -1 -1 -1 -1 0 0 -1 0 over Number field with defining polynomial x-24
0 4 1 -1 0 -6 -2 2 2 0 1 -3 -1 1 -3 1 0 6 0 0 3 5 2 3 0 -3 -3 -1 -1 1 2 2 -1 -2 over Number field with defining polynomial x-14
0 18*a^2 + 180*a - 144 -6*a^2 - 204*a + 264 6*a^2 + 204*a - 264 0 -12*a^2 - 240*a + 720 -16*a^2 - 256*a + 272 -2*a^2 - 8*a - 224 16*a^2 + 256*a - 272 0 8*a^2 + 128*a - 136 -6*a^2 - 120*a + 360 8*a^2 + 104*a - 544 8*a^2 + 128*a - 136 10*a^2 + 112*a - 320 8*a^2 + 128*a - 136 0 -4*a^2 + 8*a - 40 0 0 6*a^2 + 120*a - 360 -8*a^2 - 188*a + 448 2*a^2 - 76*a + 128 -10*a^2 - 112*a + 320 16*a^2 + 232*a - 680 -6*a^2 - 120*a + 360 -6*a^2 - 120*a + 360 6*a^2 + 204*a - 264 7*a^2 + 154*a - 404 a^2 - 38*a + 64 -8*a^2 - 158*a + 292 -a^2 + 8*a + 92 -12*a-204 42*a+48 over Number field with defining polynomial x^3+24*x^2+48*x-208
0 -6*a^3 + 102*a^2 + 126*a - 702 6*a^3 - 60*a^2 - 402*a - 492 -6*a^2 - 72*a - 126 4*a^3 - 64*a^2 - 36*a + 552 -8*a^2 - 180*a - 480 -4*a^3 + 64*a^2 + 36*a - 552 8*a^2 - 220*a - 732 -8*a^3 + 100*a^2 + 256*a - 308 -4*a^3 + 36*a^2 + 220*a + 244 6*a^3 - 68*a^2 - 238*a + 32 -8*a^2 + 20*a + 126 12*a^2 + 42*a + 10 4*a^3 - 54*a^2 - 176*a + 70 2*a^3 - 18*a^2 - 110*a - 122 4*a^2 - 110*a - 366 6*a^3 - 40*a^2 - 366*a - 556 2*a^3 - 26*a^2 - 90*a + 4 -6*a^3 + 86*a^2 + 194*a - 346 -10*a^3 + 104*a^2 + 402*a + 4 8*a^2 - 20*a - 126 -12*a^2 - 42*a - 10 -16*a^2 + 68*a + 356 -2*a^3 + 18*a^2 + 110*a + 122 -2*a^3 + 10*a^2 + 130*a + 248 42*a+156 8*a^2 + 138*a + 324 -4*a^2 + 110*a + 366 -12*a^2 - 56*a - 62 -8*a^2 + 20*a + 126 -14*a-52 4*a^2 + 76*a + 188 -8*a^2 + 34*a + 178 -4*a^2 - 90*a - 240 over Number field with defining polynomial x^4-11*x^3-56*x^2+18*x+181
a vector of length 34 over Number field with defining polynomial a number field of degree 10
0 0 0 -6*a-36 -4*a-56 0 4*a+24 0 0 -4*a-24 -2*a-12 2*a+28 16 0 -2*a-28 2*a+28 -2*a-28 0 -2*a-12 -2*a-28 2*a+12 0 2*a+12 -2*a-12 -16 0 0 2*a+12 a+14 8 -a-14 a+6 -a-6 -8 over Number field with defining polynomial x^2+12*x+4
-5*a^2 + 302*a - 4292 -a^2 + 78*a - 1292 a^2 - 44*a + 468 3*a^2 - 188*a + 2740 2*a^2 - 140*a + 2168 -a^2 + 66*a - 980 3*a^2 - 206*a + 3148 4*a^2 - 244*a + 3520 a^2 - 66*a + 980 8*a-208 -22*a+512 -2*a^2 + 118*a - 1656 -18*a+408 2*a^2 - 122*a + 1760 -3*a^2 + 188*a - 2740 2*a^2 - 122*a + 1760 -a^2 + 70*a - 1084 4*a-104 a^2 - 78*a + 1292 -a^2 + 70*a - 1084 -3*a^2 + 184*a - 2636 -a^2 + 56*a - 780 a^2 - 74*a + 1188 -2*a^2 + 114*a - 1552 a^2 - 70*a + 1084 -a^2 + 48*a - 572 2*a^2 - 114*a + 1552 3*a^2 - 180*a + 2532 -2*a^2 + 122*a - 1760 a^2 - 52*a + 676 a^2 - 66*a + 980 -2*a^2 + 128*a - 1856 14*a-304 -4*a+104 over Number field with defining polynomial x^3-84*x^2+2232*x-19064
0 6*a^4 + 222*a^3 + 2010*a^2 + 4164*a - 108 6*a^5 + 222*a^4 + 2244*a^3 + 7206*a^2 + 6156*a - 1080 6*a^5 + 192*a^4 + 1638*a^3 + 4176*a^2 + 2184*a - 540 12*a^5 + 372*a^4 + 2760*a^3 + 4164*a^2 - 4080*a + 792 12*a^4 + 288*a^3 + 1992*a^2 + 4152*a + 504 -4*a^5 - 132*a^4 - 1240*a^3 - 4124*a^2 - 4232*a + 432 4*a^4 + 268*a^3 + 1712*a^2 + 2896*a + 216 -4*a^5 - 144*a^4 - 1348*a^3 - 3464*a^2 - 1328*a + 648 8*a^5 + 276*a^4 + 2588*a^3 + 7588*a^2 + 5560*a - 1080 2*a^5 + 66*a^4 + 620*a^3 + 2062*a^2 + 2116*a - 216 12*a^5 + 372*a^4 + 2958*a^3 + 6432*a^2 + 876*a - 396 -2*a^4 - 74*a^3 - 604*a^2 - 1112*a + 540 -2*a^5 - 72*a^4 - 674*a^3 - 1732*a^2 - 664*a + 324 -12*a^5 - 378*a^4 - 3042*a^3 - 7242*a^2 - 2892*a + 288 2*a^4 - 94*a^3 - 1604*a^2 - 3952*a + 468 6*a^5 + 186*a^4 + 1380*a^3 + 2082*a^2 - 2040*a + 396 6*a^4 + 84*a^3 + 810*a^2 + 2016*a + 108 4*a^5 + 138*a^4 + 1294*a^3 + 3794*a^2 + 2780*a - 540 6*a^5 + 186*a^4 + 1380*a^3 + 2082*a^2 - 2040*a + 396 12*a^5 + 384*a^4 + 3186*a^3 + 8172*a^2 + 4692*a - 540 -2*a^4 - 14*a^3 - 484*a^2 - 1328*a + 180 12*a^4 + 276*a^3 + 1680*a^2 + 2712*a - 216 -12*a^5 - 378*a^4 - 3102*a^3 - 7362*a^2 - 2676*a + 648 6*a^4 + 144*a^3 + 930*a^2 + 1800*a - 252 6*a^4 + 144*a^3 + 996*a^2 + 2076*a + 252 6*a^4 + 144*a^3 + 996*a^2 + 2076*a + 252 10*a^4 + 262*a^3 + 1196*a^2 + 1384*a - 36 4*a^4 + 94*a^3 + 296*a^2 + 136*a + 252 -4*a^4 - 178*a^3 - 1400*a^2 - 2668*a + 252 -2*a^4 + 40*a^3 + 560*a^2 + 1312*a - 144 4*a^4 + 124*a^3 + 356*a^2 + 28*a + 72 -2*a^4 + 10*a^3 + 500*a^2 + 1420*a + 36 2*a^4 + 44*a^3 + 544*a^2 + 1220*a - 360 over Number field with defining polynomial x^6+35*x^5+360*x^4+1392*x^3+1855*x^2+126*x-54
For conductor 37, eigenvectors are:
2 0 1 1 1 0 -2 over Number field with defining polynomial x+22
2 -1 0 -1 -1 1 0 over Number field with defining polynomial x+4
-4*a-56 a^2 + 12*a + 8 a^2 + 10*a + 16 4*a+20 -a^2 - 14*a - 36 6*a+48 -2*a-28 over Number field with defining polynomial x^3+14*x^2+20*x-152
0 1 -2 -1 -1 -1 -2 over Number field with defining polynomial x+10
0 1 0 -1 1 1 0 over Number field with defining polynomial x+10
For conductor 74, eigenvectors are:
a vector of length 36 over Number field with defining polynomial a number field of degree 16
-9 27 -12 -12 16 8 -31 7 -32 19 6 15 1 -5 -11 30 -8 -13 17 -14 1 -25 8 12 -13 1 -7 -16 17 -6 19 2 -11 -8 9 -14 over Number field with defining polynomial x-36
-21*a-60 3*a-345 0 -3*a-150 -8*a+95 2*a+100 -12*a-270 10*a+170 -3*a+15 -12*a-270 -2*a-100 2*a-65 5*a+85 7*a+20 a-115 7*a+20 5*a+85 -13*a+10 -4*a-200 14*a+40 13*a-10 14*a+205 -2*a+65 7*a+20 -5*a-85 2*a-65 7*a+20 3*a-15 -12*a-270 a+50 2*a+100 0 -4*a-35 -11*a-55 -5*a+80 -165 over Number field with defining polynomial x^2-5*x-275
0 -12*a+354 3*a-120 -9*a+234 8*a-236 -8*a+236 6*a-156 2*a-80 -6*a+156 6*a-156 8*a-236 a-40 a-40 -7*a+154 5*a-158 2*a-80 -11*a+314 a-82 4*a-118 10*a-274 2*a-38 4*a-118 -a+40 -13*a+394 2*a-80 -11*a+314 -10*a+274 -3*a+78 -3*a+78 -a-2 7*a-238 3*a-120 4*a-76 -4*a+118 -7*a+196 -42 over Number field with defining polynomial x^2-56*x+766
9*a^2 - 504*a + 7056 -2*a^2 + 22*a + 628 2*a^2 - 103*a + 911 2*a^2 - 103*a + 911 12*a^2 - 618*a + 7896 6*a^2 - 309*a + 3948 -3*a^2 + 249*a - 3648 -2*a^2 + 130*a - 1424 -6*a^2 + 336*a - 4218 -13*a^2 + 683*a - 8122 -5*a^2 + 217*a - 1994 -5*a^2 + 271*a - 3263 -6*a^2 + 363*a - 5217 27*a-513 10*a^2 - 542*a + 6283 -10*a^2 + 542*a - 6526 3*a^2 - 141*a + 1839 -6*a^2 + 336*a - 4461 -3*a^2 + 195*a - 3108 -6*a^2 + 444*a - 6756 8*a^2 - 439*a + 5372 -3*a^2 + 114*a - 840 -3*a^2 + 141*a - 1839 3*a^2 - 249*a + 3891 8*a^2 - 466*a + 6128 -6*a^2 + 363*a - 5217 -3*a^2 + 222*a - 3378 -3*a^2 + 168*a - 2109 6*a^2 - 255*a + 2679 -3*a^2 + 114*a - 1083 -243 3*a^2 - 195*a + 2865 -3*a^2 + 141*a - 1596 -6*a^2 + 309*a - 3948 54*a-1269 -27*a+756 over Number field with defining polynomial x^3-72*x^2+1572*x-10492
0 -3*a^4 - 9*a^3 + 1035*a^2 - 3750*a - 78984 3*a^5 + 21*a^4 - 762*a^3 - 3207*a^2 + 26748*a + 47988 -3*a^5 - 42*a^4 + 435*a^3 + 4878*a^2 - 10542*a - 96852 -2*a^5 - 10*a^4 + 512*a^3 + 654*a^2 - 24420*a + 8784 2*a^5 + 10*a^4 - 512*a^3 - 654*a^2 + 24420*a - 8784 -10*a^4 - 84*a^3 + 2548*a^2 + 9428*a - 84792 2*a^5 + 14*a^4 - 508*a^3 - 2138*a^2 + 17832*a + 31992 10*a^4 + 84*a^3 - 2548*a^2 - 9428*a + 84792 2*a^5 + 28*a^4 - 290*a^3 - 3252*a^2 + 7028*a + 64568 2*a^4 + 6*a^3 - 690*a^2 + 2500*a + 52656 -a^5 - 13*a^4 + 148*a^3 + 1281*a^2 - 2264*a - 5956 -4*a^4 - 25*a^3 + 1392*a^2 + 3930*a - 60972 -3*a^4 - 87*a^3 - 412*a^2 + 2574*a + 11852 a^5 + 8*a^4 - 251*a^3 - 1414*a^2 + 10166*a + 42324 -6*a^4 - 106*a^3 + 212*a^2 + 6652*a + 10040 -a^4 + 35*a^3 + 477*a^2 - 1728*a - 18204 -3*a^4 - 19*a^3 + 624*a^2 + 4078*a - 1812 -a^5 - 5*a^4 + 256*a^3 + 327*a^2 - 12210*a + 4392 5*a^4 - 10*a^3 - 1869*a^2 - 2202*a + 79176 7*a^4 + 109*a^3 - 557*a^2 - 5402*a + 16288 -a^5 - 5*a^4 + 256*a^3 + 327*a^2 - 12210*a + 4392 4*a^4 + 25*a^3 - 1392*a^2 - 3930*a + 60972 a^4 - 49*a^3 - 940*a^2 + 3762*a + 63108 -6*a^4 - 106*a^3 + 212*a^2 + 6652*a + 10040 -a^4 + 35*a^3 + 477*a^2 - 1728*a - 18204 -5*a^4 + 10*a^3 + 1869*a^2 + 2202*a - 79176 5*a^4 + 42*a^3 - 1274*a^2 - 4714*a + 42396 5*a^4 + 42*a^3 - 1274*a^2 - 4714*a + 42396 13*a^4 + 163*a^3 - 1364*a^2 - 9542*a + 43028 -2*a^4 + 15*a^3 + 782*a^2 + 158*a - 32460 -2*a^4 - 19*a^3 + 264*a^2 - 594*a - 25628 -5*a^4 - 38*a^3 + 888*a^2 + 3484*a - 27440 -34*a^3 - 518*a^2 - 752*a + 6832 7*a^4 + 57*a^3 - 1152*a^2 - 2890*a + 53068 5*a^4 + 72*a^3 - 370*a^2 - 2732*a + 20608 over Number field with defining polynomial x^6+9*x^5-272*x^4-1694*x^3+16835*x^2+61262*x-305288
0 0 0 -6 0 4 0 -4 -4 0 -4 2 -2 0 0 0 -2 2 2 0 -2 2 -2 0 2 2 0 4 0 2 -1 0 -1 -1 -1 -2 over Number field with defining polynomial x+10
0 0 0 6 0 4 0 4 -4 0 4 -2 -2 -4 0 0 -2 2 2 0 2 2 2 0 -2 -2 4 4 0 -2 -1 2 -1 1 1 0 over Number field with defining polynomial x+10
0 168 -6*a-102 -6*a+66 -112 112 4*a-44 -4*a-68 -4*a+44 4*a-44 -112 -2*a-34 -2*a-34 8*a+24 -2*a-90 -4*a-68 -56 6*a+102 -56 2*a+90 4*a+12 -56 2*a+34 4*a+12 -4*a-68 -56 -2*a-90 -2*a+22 -2*a+22 -6*a-46 a+45 2*a+6 -a+11 a-39 -a-17 28 over Number field with defining polynomial x^2+34*x-103
0 1 -1 -1 0 0 0 1 0 -1 1 1 0 0 1 -1 0 0 0 0 -1 0 0 0 -1 0 0 0 0 0 0 0 0 0 0 0 over Number field with defining polynomial x-336
For conductor 111, eigenvectors are:
0 -4 -16 0 -4 -4 0 0 4 0 -3 -3 0 -7 -2 0 -2 4 3 2 -1 -3 17 1 6 -6 4 2 -1 -5 1 -3 -2 1 1 -1 1 -2 2 -1 2 2 -1 0 1 -2 0 -1 0 -3 5 0 -1 -4 -4 0 -4 5 4 6 -3 over Number field with defining polynomial x-22
0 4 -4 0 4 4 0 0 -4 0 3 3 0 2 -3 0 2 1 2 -2 1 3 3 -1 -1 1 -4 -2 1 0 -1 -2 2 -1 -1 1 -1 2 -2 1 3 -2 1 0 -1 2 0 1 0 -2 0 0 1 -1 -1 0 -1 0 1 -1 -2 over Number field with defining polynomial x-32
0 4 4 -4 0 4 0 0 0 0 -3 -3 0 0 -1 0 2 1 4 2 1 1 1 -1 -1 3 4 2 -1 0 1 0 -2 -1 1 -1 -1 1 0 -1 -1 1 1 1 -1 0 0 1 0 0 -2 1 1 1 1 -1 0 1 1 -1 -1 over Number field with defining polynomial x-4
-6 0 2 0 -3 1 2 -2 -3 0 0 -3 0 -2 0 -2 -1 0 0 1 2 2 -2 2 2 0 -3 0 0 0 1 0 -1 0 -1 -1 -2 0 0 0 0 0 -2 -1 0 -1 1 0 0 0 0 1 0 -1 0 1 0 -1 1 0 -1 over Number field with defining polynomial x-38
12 -12 0 -2 6 -20 -12 6 -6 -3 6 -6 6 14 7 6 8 -9 -3 0 3 -1 0 -3 2 5 0 0 0 8 -7 2 0 3 -4 1 -6 -4 3 0 2 2 0 5 1 -12 6 -4 3 -7 -7 11 -1 -6 -2 -2 -4 3 3 -1 0 over Number field with defining polynomial x-44
0 0 0 8 0 0 -8 0 0 0 0 0 -6 0 0 -4 0 0 4 -4 4 0 0 4 0 0 0 4 2 0 -2 0 0 0 -2 -2 2 -2 0 -2 -2 -2 2 -2 2 0 2 -2 0 0 0 -2 2 0 2 -1 0 1 1 -1 0 over Number field with defining polynomial x+4
48 -108 0 32 36 -28 32 -16 60 48 -69 -21 12 23 10 -48 -6 28 -39 -26 25 -13 -21 27 58 22 44 -18 45 -35 -21 -21 30 -57 43 5 -33 50 50 29 6 -18 -35 0 -21 -26 -12 -11 -32 -5 -17 -32 -7 -28 12 -12 -4 19 -16 -30 -13 over Number field with defining polynomial x-34
-48 -20 196 -80 -44 -52 -104 -56 -4 60 45 -39 60 -46 -65 24 2 -5 90 -42 -69 -59 -191 -79 41 -25 36 70 -65 -20 -7 -30 62 5 37 -13 29 -30 -10 35 85 -50 39 -48 -55 22 48 -45 -40 -10 0 8 -25 -43 25 -12 5 12 3 45 -38 over Number field with defining polynomial x-28
-120*a-3624 64*a+2768 -104*a+200 16*a-352 -20*a-604 8*a-176 112*a-376 -20*a-604 44*a+76 -30*a-906 -18*a-1170 168*a+2568 96*a+1020 20*a+604 70*a+26 108*a+756 80*a+328 -56*a-856 -6*a+654 -24*a-1560 84*a+240 40*a+164 -26*a+50 80*a+328 128*a+2404 146*a+2530 48*a+1032 100*a+932 -62*a-202 -89*a-1435 8*a-176 84*a+1284 74*a-62 38*a+1252 -68*a-592 2*a+478 26*a-50 78*a+372 80*a-716 -64*a+364 -14*a+308 -50*a+578 30*a-138 57*a+51 2*a+478 46*a-490 -30*a-906 -90*a-630 32*a+340 62*a+1246 102*a+1410 83*a+523 5*a+673 -16*a-1214 -2*a-478 3*a+195 26*a+472 -15*a+69 9*a-459 -522 -50*a-466 over Number field with defining polynomial x^2+16*x-53
24*a-552 16*a-224 -8*a-104 0 12*a-132 72 72 4*a-92 4*a-164 6*a-138 -6*a+30 -12*a+60 -12*a-48 -8*a+112 -2*a+46 -12*a-12 -72 -4*a+20 -2*a-26 0 -8*a+4 -8*a+4 -2*a-26 -4*a+20 -4*a-16 6*a-30 -8*a+112 -4*a+20 2*a-46 -a-49 -4*a+20 4*a-20 -6*a+102 2*a-136 -4*a-16 2*a+26 2*a+26 -4*a-70 4*a-56 8*a-4 2*a-28 -2*a+10 -2*a+10 13*a-47 -2*a+46 6*a-30 -2*a-26 -6*a+66 -4*a+56 6*a-30 2*a-46 5*a+83 a+31 -2*a+28 2*a+26 -a+5 -18 -a+41 3*a-51 18 -2*a-26 over Number field with defining polynomial x^2-16*x-53
-8*a+64 8*a-184 24 0 -8*a+112 48 0 4*a-32 -48 2*a-16 -2*a+94 8*a-196 -2*a+58 -6*a+48 -18 0 24 -2*a+10 2*a-52 -24 2*a-46 4*a-38 6 -2*a+46 -6*a+186 30 -4*a+68 -4*a+92 12 -2*a+76 -12 2*a-22 2*a-34 -2*a+46 2*a-28 12 -2*a+46 -2*a+40 2*a-40 2*a-46 -2*a+34 2*a-40 2*a-46 2*a-16 -12 -4*a+98 4*a-116 -2*a+28 2*a-16 -6 -18 -2*a+16 -4*a+86 6 -2*a+64 -4*a+74 -36 24 -2*a+10 12 -2*a+52 over Number field with defining polynomial x^2-46*x+430
-12*a^4 + 1128*a^3 - 36120*a^2 + 463152*a - 1994880 -128*a^3 + 10080*a^2 - 255696*a + 2060256 -8*a^4 + 760*a^3 - 24576*a^2 + 304032*a - 1053760 4*a^4 - 444*a^3 + 18240*a^2 - 317440*a + 1955104 -4*a^4 + 228*a^3 - 1448*a^2 - 79208*a + 947344 -8*a^4 + 772*a^3 - 26440*a^2 + 383936*a - 1989312 4*a^4 - 624*a^3 + 31096*a^2 - 604472*a + 3958928 -12*a^4 + 1240*a^3 - 44488*a^2 + 657920*a - 3408672 -8*a^3 - 56*a^2 + 7112*a - 74864 12*a^4 - 1296*a^3 + 48672*a^2 - 755304*a + 4115568 12*a^4 - 1404*a^3 + 57144*a^2 - 946512*a + 5390640 -24*a^3 + 3168*a^2 - 116304*a + 1196208 -36*a^3 + 2112*a^2 - 34464*a + 102432 -4*a^4 + 280*a^3 - 6184*a^2 + 53760*a - 199648 4*a^4 - 400*a^3 + 14448*a^2 - 218880*a + 1110768 4*a^4 - 372*a^3 + 12192*a^2 - 173360*a + 954048 4*a^4 - 368*a^3 + 11472*a^2 - 136168*a + 396656 -4*a^4 + 448*a^3 - 17488*a^2 + 273552*a - 1439504 -4*a^4 + 376*a^3 - 12840*a^2 + 187600*a - 966976 -4*a^4 + 556*a^3 - 25296*a^2 + 458024*a - 2819792 -136*a^3 + 8776*a^2 - 176224*a + 1104560 -8*a^4 + 840*a^3 - 32040*a^2 + 522080*a - 3052944 8*a^4 - 760*a^3 + 24376*a^2 - 295728*a + 978256 8*a^4 - 976*a^3 + 41816*a^2 - 739824*a + 4535024 -4*a^4 + 504*a^3 - 21920*a^2 + 401776*a - 2649712 4*a^4 - 424*a^3 + 16080*a^2 - 250576*a + 1371216 4*a^4 - 476*a^3 + 19704*a^2 - 337664*a + 2044608 -80*a^3 + 5592*a^2 - 120360*a + 775184 -4*a^4 + 536*a^3 - 23936*a^2 + 424376*a - 2537920 -24*a^3 + 1920*a^2 - 43944*a + 315376 -200*a^2 + 8304*a - 75504 4*a^4 - 408*a^3 + 14816*a^2 - 228792*a + 1303568 -4*a^4 + 476*a^3 - 20104*a^2 + 354272*a - 2195616 -4*a^4 + 400*a^3 - 14160*a^2 + 206632*a - 1055840 -16*a^3 + 1264*a^2 - 21784*a + 67648 -4*a^4 + 432*a^3 - 16024*a^2 + 243464*a - 1296352 36*a^3 - 2312*a^2 + 42768*a - 177936 24*a^3 - 1408*a^2 + 22976*a - 68288 -4*a^4 + 404*a^3 - 13696*a^2 + 174992*a - 595168 4*a^4 - 536*a^3 + 23536*a^2 - 407768*a + 2386912 48*a^3 - 3528*a^2 + 75224*a - 459168 4*a^4 - 468*a^3 + 19648*a^2 - 340416*a + 2023392 80*a^3 - 4992*a^2 + 95448*a - 548672 -4*a^4 + 388*a^3 - 14056*a^2 + 220056*a - 1248208 -4*a^4 + 432*a^3 - 16824*a^2 + 276680*a - 1598368 8*a^4 - 868*a^3 + 33096*a^2 - 517776*a + 2756640 4*a^4 - 472*a^3 + 18696*a^2 - 288224*a + 1432288 4*a^3 + 352*a^2 - 27280*a + 364592 4*a^3 + 152*a^2 - 18976*a + 289088 20*a^3 - 1560*a^2 + 41952*a - 357376 -4*a^4 + 360*a^3 - 11776*a^2 + 174120*a - 974832 56*a^3 - 4184*a^2 + 97384*a - 706896 -4*a^4 + 424*a^3 - 15568*a^2 + 229608*a - 1124128 -4*a^4 + 372*a^3 - 13192*a^2 + 214880*a - 1331568 68*a^3 - 4800*a^2 + 104928*a - 761616 -8*a^3 + 456*a^2 - 13856*a + 172224 40*a^3 - 3432*a^2 + 96568*a - 886336 -56*a^3 + 3784*a^2 - 80776*a + 555888 24*a^3 - 1208*a^2 + 14672*a + 7216 -4*a^4 + 364*a^3 - 11536*a^2 + 151200*a - 706320 -400*a^2 + 16608*a - 151008 over Number field with defining polynomial x^5-132*x^4+6480*x^3-147512*x^2+1557556*x-6088712
144*a 96*a -48*a 12*a+336 12*a+336 24*a+672 12*a+336 24*a 36*a+336 36*a 36*a+504 -18*a -18*a -18*a-168 24*a 0 -48*a-336 -336 -24*a-336 36*a -6*a+168 6*a+504 -12*a 12*a 12*a 24*a-336 12*a+672 -336 -18*a+168 -9*a-84 -6*a -6*a+168 42*a+168 21*a+252 18*a+168 -6*a 12*a -12*a-168 -36*a-168 -24*a 168 6*a -6*a+168 12*a+168 -168 -24*a-168 12*a+168 0 -6*a -12*a+168 -12*a-168 -6*a 9*a+84 -168 168 15*a+84 -3*a+168 6*a+84 252 -18*a -12*a over Number field with defining polynomial x^2-112
64*a-2336 -112*a+3776 -112*a+4256 -16*a+512 -160*a+5600 -80*a+2944 112*a-4064 112*a-4016 80*a-2752 -136*a+4856 36*a-1344 -24*a+816 -84*a+2928 -88*a+3032 36*a-1416 8*a-112 72*a-2736 20*a-736 80*a-2968 -32*a+1072 116*a-4144 -20*a+616 -28*a+1064 -52*a+2000 4*a+16 4*a-200 80*a-2848 -48*a+1776 8*a-352 32*a-1144 -56*a+1792 -20*a+736 -4*a+176 28*a-944 24*a-936 8*a-256 28*a-1136 24*a-936 -32*a+1192 68*a-2320 -60*a+2160 -40*a+1448 28*a-896 -8*a+328 -24*a+816 4*a-152 -8*a+256 -8*a+472 -64*a+2264 -4*a+8 -36*a+1416 24*a-840 52*a-1880 4*a+88 -88*a+3176 44*a-1624 -8*a+304 -40*a+1376 -12*a+480 -96 -16*a+536 over Number field with defining polynomial x^2-64*x+1006
60*a^2 - 4344*a + 72456 112*a^2 - 4744*a + 49504 56*a^2 - 1640*a + 7808 -68*a^2 + 2408*a - 18152 -26*a^2 + 692*a - 2180 14*a^2 - 1388*a + 25724 -60*a^2 + 1896*a - 11256 146*a^2 - 7172*a + 89180 -90*a^2 + 4308*a - 50772 -189*a^2 + 8586*a - 97542 -43*a^2 + 2392*a - 32134 56*a^2 - 1148*a - 5848 -72*a^2 + 3030*a - 30072 42*a^2 - 1596*a + 14328 22*a^2 - 922*a + 8848 90*a^2 - 4308*a + 50772 -19*a^2 + 1462*a - 23206 -62*a^2 + 1898*a - 7796 -42*a^2 + 864*a + 2616 57*a^2 - 1458*a + 1842 2*a^2 - 494*a + 10196 66*a^2 - 2526*a + 23256 14*a^2 - 410*a + 1952 58*a^2 - 2866*a + 34948 -32*a^2 + 710*a + 1120 12*a^2 + 210*a - 13428 -29*a^2 + 1862*a - 28538 26*a^2 + 40*a - 14764 29*a^2 - 638*a - 2062 -16*a^2 + 1396*a - 25804 -35*a^2 + 1514*a - 16766 23*a^2 - 1112*a + 14894 -15*a^2 + 840*a - 11286 -28*a^2 + 1186*a - 12376 36*a^2 - 1212*a + 9156 -111*a^2 + 4434*a - 41814 13*a^2 - 712*a + 9562 -50*a^2 + 2108*a - 21224 16*a^2 - 904*a + 12148 13*a^2 + 20*a - 7382 26*a^2 - 1790*a + 27596 -18*a^2 + 300*a + 3072 -43*a^2 + 1660*a - 15190 -32*a^2 + 1688*a - 22652 -54*a^2 + 2976*a - 39972 40*a^2 - 1834*a + 21076 -57*a^2 + 2190*a - 18786 -21*a^2 + 1470*a - 23286 -101*a^2 + 3914*a - 34838 -22*a^2 + 922*a - 8848 7*a^2 + 284*a - 10910 -2*a^2 - 484*a + 13576 -78*a^2 + 3294*a - 33600 -16*a^2 + 538*a - 3676 18*a^2 - 300*a - 3072 33*a^2 - 1140*a + 8214 10*a^2 - 640*a + 8620 45*a^2 - 2154*a + 25386 366*a-8472 -5*a^2 + 566*a - 11138 -612*a+15300 over Number field with defining polynomial x^3-76*x^2+1750*x-11988
132*a^3 - 576*a^2 - 42144*a + 353088 -28*a^3 + 1204*a^2 - 12224*a + 28048 72*a^3 - 1396*a^2 - 1824*a + 89648 20*a^3 - 40*a^2 - 4680*a + 33200 -88*a^3 + 1364*a^2 + 6936*a - 118712 -56*a^3 + 828*a^2 + 10512*a - 135784 68*a^3 - 344*a^2 - 23416*a + 202192 -66*a^3 + 288*a^2 + 21072*a - 176544 -56*a^3 + 828*a^2 + 10512*a - 135784 -33*a^3 + 144*a^2 + 10536*a - 88272 -78*a^3 + 1449*a^2 - 1314*a - 54432 33*a^3 - 879*a^2 + 5334*a + 762 -69*a^3 + 912*a^2 + 9708*a - 117426 33*a^3 - 634*a^2 + 44*a + 29932 46*a^3 - 763*a^2 - 5712*a + 90304 34*a^3 - 172*a^2 - 11708*a + 101096 -28*a^3 + 414*a^2 + 5256*a - 67892 -51*a^3 + 193*a^2 + 17892*a - 148284 -3*a^3 - 6*a^2 - 1404*a + 19288 6*a^3 - 358*a^2 + 7348*a - 41996 -41*a^3 + 473*a^2 + 8652*a - 94084 48*a^3 - 729*a^2 - 3136*a + 58192 18*a^3 - 349*a^2 - 456*a + 22412 -27*a^3 - 129*a^2 + 14764*a - 108108 15*a^3 - 285*a^2 + 500*a + 7520 -10*a^3 + 65*a^2 + 4800*a - 45480 30*a^3 - 380*a^2 - 2680*a + 35780 24*a^3 - 22*a^2 - 10028*a + 77776 -3*a^3 + 179*a^2 - 3674*a + 20998 -3*a^3 - 236*a^2 + 7856*a - 52492 -19*a^3 + 217*a^2 + 3798*a - 42246 -51*a^3 + 588*a^2 + 9152*a - 100314 -15*a^3 + 190*a^2 + 1340*a - 17890 7*a^3 - 301*a^2 + 3056*a - 7012 17*a^3 - 331*a^2 - 564*a + 21378 -265*a^2 + 8080*a - 54690 -10*a^3 - 215*a^2 + 8910*a - 57560 -13*a^3 + 144*a^2 + 276*a - 4032 8*a^3 - 134*a^2 + 894*a - 4268 -12*a^3 + 11*a^2 + 5014*a - 38888 51*a^3 - 853*a^2 - 1072*a + 45624 3*a^3 - 124*a^2 + 2064*a - 12568 -24*a^3 + 387*a^2 + 2798*a - 43536 31*a^3 - 538*a^2 - 3192*a + 55324 -9*a^3 + 197*a^2 + 1458*a - 25646 48*a^3 - 824*a^2 - 1296*a + 47822 60*a^3 - 1080*a^2 - 1020*a + 57540 -27*a^3 + 351*a^2 + 2904*a - 37978 36*a^3 - 548*a^2 - 4362*a + 63624 32*a^3 - 556*a^2 - 3084*a + 56358 -4*a^3 + 142*a^2 - 2172*a + 11534 -41*a^3 + 558*a^2 + 5532*a - 71924 48*a^3 - 559*a^2 - 9376*a + 102512 18*a^3 - 349*a^2 - 456*a + 22412 -3*a^3 + 29*a^2 - 224*a + 2198 -180*a^2 + 4960*a - 32530 -33*a^3 + 389*a^2 + 5246*a - 59102 -18*a^3 + 134*a^2 + 4236*a - 37852 -65*a^2 + 330*a + 3360 -15*a^3 + 255*a^2 + 1010*a - 21250 150*a^2 - 3450*a + 18800 over Number field with defining polynomial x^4-14*x^3-164*x^2+2616*x-5564
-120*a^2 - 1056*a - 1632 8*a^2 + 128*a + 800 -56*a^2 - 128*a + 1120 0 -16*a^2 + 224*a + 1664 -24*a^2 - 240*a - 672 0 60*a^2 + 528*a + 816 24*a^2 + 240*a + 672 30*a^2 + 264*a + 408 6*a^2 - 84*a - 624 -18*a^2 + 720 24*a^2 + 96*a - 120 18*a^2 - 24*a - 696 -2*a^2 + 88*a + 616 0 -12*a^2 - 120*a - 336 -16*a^2 - 232*a - 688 16*a^2 + 64*a - 80 12*a^2 + 120*a + 336 2*a^2 + 32*a + 200 20*a^2 + 176*a + 272 -14*a^2 - 32*a + 280 -2*a^2 - 32*a - 200 -10*a^2 + 32*a + 680 -26*a^2 - 152*a - 56 8*a^2 + 56*a - 64 -4*a^2 - 64*a - 400 -6*a^2 - 60*a - 168 4*a^2 + 4*a - 8 6*a^2 + 60*a + 168 -10*a^2 - 88*a - 136 -4*a^2 - 28*a + 32 -2*a^2 - 32*a - 200 4*a^2 - 56*a - 416 -6*a^2 - 60*a - 168 -2*a^2 - 32*a - 200 -10*a^2 - 4*a + 248 10*a^2 + 4*a - 248 2*a^2 + 32*a + 200 4*a^2 + 28*a - 32 10*a^2 + 4*a - 248 2*a^2 + 32*a + 200 -2*a^2 - 116*a - 584 6*a^2 + 60*a + 168 14*a^2 + 92*a + 128 -16*a^2 - 4*a + 488 -4*a^2 + 56*a + 416 -2*a^2 - 116*a - 584 -8*a^2 + 28*a + 448 20*a^2 + 92*a - 112 2*a^2 + 116*a + 584 20*a^2 + 152*a + 296 -14*a^2 - 32*a + 280 10*a^2 + 64*a + 160 -6*a^2 - 72*a - 156 -3*a^2 - 102*a - 480 -7*a^2 - 28*a + 152 -42*a-192 -17*a^2 - 62*a + 196 30*a+204 over Number field with defining polynomial x^3+14*x^2+20*x-152
-24*a^3 + 1560*a^2 - 22152*a + 86208 -16*a^3 + 728*a^2 - 8216*a + 24232 16*a^3 - 1064*a^2 + 17288*a - 82720 -8*a^3 + 748*a^2 - 14656*a + 79196 32*a^3 - 1528*a^2 + 20428*a - 82304 -16*a^3 + 476*a^2 - 4400*a + 12208 4*a^3 - 476*a^2 + 9704*a - 52204 -4*a^3 + 260*a^2 - 3692*a + 14368 -24*a^3 + 900*a^2 - 11244*a + 45540 -6*a^3 + 390*a^2 - 5538*a + 21552 -18*a^3 + 837*a^2 - 11133*a + 46197 -9*a^3 + 441*a^2 - 5688*a + 22887 21*a^3 - 1194*a^2 + 18411*a - 85350 -14*a^3 + 634*a^2 - 8368*a + 33968 -8*a^3 + 292*a^2 - 4306*a + 21008 2*a^3 + 74*a^2 - 1700*a + 7138 -12*a^3 + 666*a^2 - 10428*a + 49716 -18*a^3 + 690*a^2 - 7308*a + 23124 14*a^3 - 640*a^2 + 8998*a - 40280 -2*a^3 + 82*a^2 - 1576*a + 9482 -10*a^3 + 584*a^2 - 10058*a + 51124 -4*a^3 + 260*a^2 - 3692*a + 14368 4*a^3 - 266*a^2 + 4322*a - 20680 14*a^3 - 748*a^2 + 13210*a - 70088 -10*a^3 + 476*a^2 - 5846*a + 21316 24*a^2 - 738*a + 4296 -2*a^3 + 100*a^2 - 478*a - 3424 4*a^3 - 182*a^2 + 2054*a - 6058 9*a^3 - 495*a^2 + 7794*a - 37791 -10*a^3 + 344*a^2 - 3308*a + 8992 4*a^3 + 16*a^2 - 1753*a + 12428 4*a^3 - 155*a^2 + 1001*a + 1394 9*a^3 - 426*a^2 + 5607*a - 23028 4*a^3 - 182*a^2 + 2054*a - 6058 14*a^3 - 619*a^2 + 8287*a - 34109 10*a^3 - 269*a^2 + 1985*a - 3838 -11*a^3 + 487*a^2 - 6472*a + 26339 -4*a^3 + 212*a^2 - 3422*a + 16666 2*a^3 - 79*a^2 + 658*a - 881 -2*a^3 + 169*a^2 - 2665*a + 11339 -14*a^3 + 640*a^2 - 8998*a + 40280 54*a^2 - 2106*a + 14904 13*a^3 - 725*a^2 + 11324*a - 52441 4*a^3 - 236*a^2 + 4160*a - 20962 16*a^3 - 836*a^2 + 13319*a - 64516 14*a^3 - 691*a^2 + 9583*a - 41138 4*a^3 - 266*a^2 + 4322*a - 20680 -10*a^3 + 515*a^2 - 7871*a + 36361 -2*a^3 + 49*a^2 - 496*a + 1163 -12*a^3 + 543*a^2 - 6738*a + 25494 -8*a^3 + 331*a^2 - 4522*a + 19718 -30*a^2 + 1368*a - 10608 30*a^2 - 1368*a + 10608 162*a^2 - 3906*a + 22932 -8*a^3 + 475*a^2 - 7429*a + 34190 14*a^3 - 622*a^2 + 7999*a - 31820 12*a^2 - 369*a + 2148 15*a^2 - 684*a + 5304 78*a^2 - 1638*a + 8310 -4*a^3 + 209*a^2 - 3107*a + 13510 -15*a^2 + 684*a - 5304 over Number field with defining polynomial x^4-63*x^3+1306*x^2-10926*x+31777
192*a^3 - 1536*a^2 - 30720*a - 46272 -192*a^3 + 20736*a + 63744 -960*a^2 + 16512*a + 55488 -32*a^3 + 832*a^2 + 5408*a - 10720 192*a^2 - 4512*a - 21984 64*a^3 + 544*a^2 - 4384*a - 14080 864*a^2 - 288*a - 46944 -96*a^3 + 768*a^2 + 15360*a + 23136 96*a^3 - 960*a^2 - 3072*a - 8064 -48*a^3 + 384*a^2 + 7680*a + 11568 24*a^3 - 912*a^2 + 5088*a + 23952 48*a^3 + 408*a^2 - 6744*a - 22440 24*a^3 + 24*a^2 + 264*a + 13656 -16*a^3 + 32*a^2 + 4816*a + 14848 -32*a^3 - 512*a^2 + 6320*a + 20912 432*a^2 - 144*a - 23472 32*a^3 + 272*a^2 - 2192*a - 7040 -48*a^3 + 192*a^2 + 4560*a - 9504 48*a^3 + 48*a^2 - 5520*a - 27120 624*a^2 - 3216*a - 6864 -48*a^3 - 432*a^2 + 5328*a + 39408 32*a^3 - 544*a^2 - 5984*a - 17792 -240*a^2 + 4128*a + 13872 48*a^3 - 432*a^2 - 5040*a + 7536 -16*a^3 + 272*a^2 + 688*a + 976 32*a^3 + 32*a^2 + 1936*a + 6832 -48*a^3 + 336*a^2 + 1104*a - 1008 -48*a^3 - 288*a^2 + 4320*a + 5856 -312*a^2 + 1608*a + 3432 -16*a^3 + 80*a^2 - 2432*a - 20096 32*a^3 - 448*a^2 - 2120*a + 664 -16*a^3 + 200*a^2 - 2192*a - 19112 24*a^3 - 168*a^2 - 552*a + 504 48*a^3 - 5184*a - 15936 8*a^3 - 256*a^2 - 224*a + 8176 -32*a^3 - 200*a^2 + 2048*a - 88 48*a^3 - 216*a^2 - 5112*a - 4200 -16*a^3 + 80*a^2 - 1712*a - 800 24*a^3 - 288*a^2 + 360*a + 3480 24*a^3 + 144*a^2 - 2160*a - 2928 -16*a^3 - 400*a^2 + 4240*a + 19024 32*a^3 - 496*a^2 - 992*a + 6160 -48*a^3 - 216*a^2 + 5256*a + 27672 -16*a^3 - 16*a^2 + 544*a + 10192 16*a^3 - 32*a^2 + 584*a - 4696 -120*a^2 - 240*a - 984 432*a^2 - 4032*a - 20016 8*a^3 - 160*a^2 - 2480*a - 2816 -24*a^3 + 192*a^2 + 1896*a + 7512 -16*a^3 - 376*a^2 + 5224*a + 17392 -16*a^3 + 104*a^2 - 3032*a - 10352 32*a^3 - 400*a^2 - 3248*a - 4832 32*a^3 + 80*a^2 - 2288*a - 896 -240*a^2 + 4128*a + 13872 16*a^3 + 280*a^2 - 4480*a - 20008 -32*a^3 + 112*a^2 + 3896*a + 8360 -16*a^3 + 176*a^2 + 1432*a - 1640 120*a^2 - 1272*a - 12624 96*a^2 + 2352*a + 4848 -16*a^3 + 56*a^2 + 2704*a + 10984 216*a^2 - 504*a + 3600 over Number field with defining polynomial x^4+5*x^3-210*x^2-566*x+1079
a vector of length 61 over Number field with defining polynomial a number field of degree 10
894*a^4 - 98484*a^3 + 3777432*a^2 - 60459168*a + 345411072 -212*a^4 + 20523*a^3 - 634394*a^2 + 6839056*a - 15249760 213*a^4 - 17579*a^3 + 390658*a^2 - 354416*a - 40313504 -2*a^4 + 3329*a^3 - 240311*a^2 + 5786392*a - 45528368 -242*a^4 + 27131*a^3 - 1111961*a^2 + 19718360*a - 127125136 -337*a^4 + 37493*a^3 - 1452180*a^2 + 23461648*a - 135096896 -50*a^4 + 4923*a^3 - 186078*a^2 + 3182304*a - 20566624 816*a^4 - 91446*a^3 + 3634638*a^2 - 61304112*a + 374072160 230*a^4 - 23725*a^3 + 823587*a^2 - 11306456*a + 51151216 -777*a^4 + 87927*a^3 - 3563241*a^2 + 61726584*a - 388402704 348*a^4 - 38352*a^3 + 1492380*a^2 - 24507612*a + 144779184 255*a^4 - 28719*a^3 + 1145754*a^2 - 19341984*a + 117057504 303*a^4 - 33333*a^3 + 1358694*a^2 - 24267036*a + 159388176 -375*a^4 + 42985*a^3 - 1802500*a^2 + 32697024*a - 215696512 -490*a^4 + 54534*a^3 - 2117873*a^2 + 34426064*a - 200052592 -418*a^4 + 49119*a^3 - 2046150*a^2 + 36179928*a - 230556224 -203*a^4 + 24019*a^3 - 1024008*a^2 + 18796640*a - 125585728 -171*a^4 + 20609*a^3 - 876247*a^2 + 15784392*a - 102495024 48*a^4 - 7959*a^3 + 396069*a^2 - 7809688*a + 53578064 18*a^4 - 1457*a^3 - 6021*a^2 + 1790308*a - 23980096 98*a^4 - 11316*a^3 + 440053*a^2 - 6940520*a + 37840144 -624*a^4 + 70632*a^3 - 2821541*a^2 + 47636472*a - 289530448 123*a^4 - 17738*a^3 + 884938*a^2 - 18471440*a + 136561504 114*a^4 - 13455*a^3 + 558191*a^2 - 9754456*a + 61025904 -348*a^4 + 40011*a^3 - 1672940*a^2 + 30173792*a - 197516864 277*a^4 - 31867*a^3 + 1322455*a^2 - 23574912*a + 152721552 414*a^4 - 46603*a^3 + 1853901*a^2 - 31183756*a + 188798560 -84*a^4 + 6451*a^3 - 88947*a^2 - 2108588*a + 38175200 69*a^4 - 4778*a^3 + 44385*a^2 + 2188780*a - 33305536 147*a^4 - 18397*a^3 + 828051*a^2 - 15934480*a + 110318032 244*a^4 - 26856*a^3 + 1042907*a^2 - 17116848*a + 101684688 24*a^4 - 3834*a^3 + 162967*a^2 - 2514824*a + 12342192 147*a^4 - 19252*a^3 + 879555*a^2 - 16885504*a + 115714768 -130*a^4 + 13470*a^3 - 494404*a^2 + 7640432*a - 42403520 -134*a^4 + 13862*a^3 - 504728*a^2 + 7708644*a - 42353040 15*a^4 - 2453*a^3 + 144840*a^2 - 3458680*a + 27782880 -332*a^4 + 38337*a^3 - 1556167*a^2 + 26621636*a - 163401568 106*a^4 - 11258*a^3 + 446208*a^2 - 7790520*a + 50226528 -140*a^4 + 12297*a^3 - 318934*a^2 + 1901180*a + 12274160 -204*a^4 + 22141*a^3 - 828795*a^2 + 12746032*a - 68168464 318*a^4 - 37595*a^3 + 1586546*a^2 - 28536968*a + 185397120 -108*a^4 + 14587*a^3 - 686519*a^2 + 13576912*a - 95754896 -348*a^4 + 40476*a^3 - 1674305*a^2 + 29435572*a - 186587328 -37*a^4 + 5502*a^3 - 269876*a^2 + 5435480*a - 38418976 18*a^4 - 2435*a^3 + 125926*a^2 - 2753512*a + 21132992 69*a^4 - 6667*a^3 + 200513*a^2 - 1919504*a + 1064944 132*a^4 - 14322*a^3 + 568440*a^2 - 9810888*a + 62369952 -108*a^4 + 9999*a^3 - 303669*a^2 + 3350692*a - 8673536 228*a^4 - 25318*a^3 + 971927*a^2 - 15475164*a + 87574464 55*a^4 - 7825*a^3 + 378787*a^2 - 7615188*a + 54235296 172*a^4 - 17064*a^3 + 585353*a^2 - 8127500*a + 37856224 53*a^4 - 4942*a^3 + 161292*a^2 - 2131480*a + 8893856 -24*a^4 + 2212*a^3 - 48196*a^2 - 150088*a + 7823008 117*a^4 - 11783*a^3 + 408946*a^2 - 5760680*a + 27443200 195*a^4 - 22244*a^3 + 906063*a^2 - 15798720*a + 100284880 -39*a^4 + 4665*a^3 - 193036*a^2 + 3308592*a - 19959872 -1034*a^3 + 104624*a^2 - 3157260*a + 28973744 1021*a^3 - 67613*a^2 + 1492660*a - 11089664 -112*a^3 + 17015*a^2 - 573804*a + 5316672 -75*a^4 + 8301*a^3 - 335012*a^2 + 5847416*a - 37307168 -1635*a^3 + 151782*a^2 - 4329512*a + 38049280 over Number field with defining polynomial x^5-139*x^4+7415*x^3-190268*x^2+2351536*x-11221952
-84*a^4 - 144*a^3 + 2496*a^2 + 768*a - 3072 44*a^4 - 500*a^3 - 5328*a^2 - 9280*a - 2304 32*a^4 - 44*a^3 - 1168*a^2 - 3008*a - 2304 -16*a^4 - 296*a^3 - 1776*a^2 - 1792*a + 256 8*a^4 + 524*a^3 + 768*a^2 - 960*a - 1536 -20*a^4 - 4*a^3 + 944*a^2 - 960*a - 1792 12*a^4 + 232*a^3 - 1952*a^2 - 1792*a + 512 -14*a^4 - 24*a^3 + 416*a^2 + 128*a - 512 -16*a^4 + 68*a^3 + 3840*a^2 + 8768*a + 4096 -21*a^4 - 36*a^3 + 624*a^2 + 192*a - 768 36*a^4 - 375*a^3 + 636*a^2 + 1872*a + 192 12*a^4 - 99*a^3 - 1044*a^2 - 432*a - 576 -18*a^4 - 372*a^3 - 4464*a^2 - 5184*a - 1152 3*a^4 - 250*a^3 - 592*a^2 + 416*a + 1024 -10*a^4 + 371*a^3 + 3236*a^2 + 2352*a - 192 -14*a^4 + 112*a^3 - 32*a^2 - 1856*a - 1536 -22*a^4 + 42*a^3 + 1112*a^2 + 416*a - 128 7*a^4 + 307*a^3 + 524*a^2 - 400*a - 320 -15*a^4 + 22*a^3 + 2128*a^2 + 4448*a + 1792 4*a^4 - 114*a^3 + 504*a^2 + 1376*a + 640 33*a^4 + 131*a^3 - 4596*a^2 - 7760*a - 3136 -8*a^4 + 193*a^3 + 3100*a^2 + 6032*a + 2496 8*a^4 - 11*a^3 - 292*a^2 - 752*a - 576 -41*a^4 + 97*a^3 + 3588*a^2 + 5008*a + 1856 19*a^4 - 191*a^3 - 2028*a^2 - 2608*a - 960 2*a^4 + 331*a^3 + 2180*a^2 + 4528*a + 2368 8*a^4 + 44*a^3 + 112*a^2 - 1216*a - 768 -12*a^4 + 70*a^3 - 616*a^2 - 160*a + 128 -6*a^4 - 69*a^3 - 1084*a^2 - 2192*a - 576 -17*a^4 + 124*a^3 + 24*a^2 - 864*a - 512 -4*a^4 + 101*a^3 + 124*a^2 - 848*a - 320 -20*a^4 - 2*a^3 + 736*a^2 + 576*a - 128 -16*a^4 + 158*a^3 + 136*a^2 - 480*a + 128 29*a^4 - 79*a^3 - 1692*a^2 - 3056*a - 448 8*a^4 + 57*a^3 - 516*a^2 - 1744*a - 1088 11*a^4 - 89*a^3 - 332*a^2 + 784*a + 576 18*a^4 - 19*a^3 - 3020*a^2 - 4432*a - 1472 6*a^4 + 4*a^3 + 1324*a^2 + 1664*a + 576 16*a^4 - 262*a^3 - 912*a^2 - 1632*a - 768 -2*a^4 + 271*a^3 + 1332*a^2 + 496*a - 64 -13*a^4 + 237*a^3 + 1484*a^2 + 1168*a + 64 -10*a^4 + 188*a^3 + 204*a^2 + 128*a + 64 -12*a^4 + 135*a^3 + 2044*a^2 + 3536*a + 1728 -2*a^4 - 118*a^3 - 820*a^2 - 288*a + 64 18*a^4 + 57*a^3 - 780*a^2 - 2800*a - 1856 15*a^4 - 158*a^3 - 1680*a^2 - 2464*a - 768 2*a^4 - 216*a^3 - 928*a^2 - 960*a - 128 -2*a^4 - 397*a^3 - 2164*a^2 - 2000*a - 192 6*a^4 + 192*a^3 + 1264*a^2 + 736*a - 128 -19*a^4 - 182*a^3 - 736*a^2 - 224*a + 256 -11*a^4 + 180*a^3 + 1736*a^2 + 1856*a + 384 6*a^4 - 74*a^3 - 708*a^2 - 1504*a - 704 -28*a^4 - 61*a^3 + 1460*a^2 + 784*a - 704 -4*a^4 + 33*a^3 + 348*a^2 + 144*a + 192 20*a^4 + 229*a^3 + 220*a^2 + 80*a + 64 -9*a^4 - 18*a^3 + 1308*a^2 + 2448*a + 832 -69*a^3 + 328*a^2 + 224*a - 320 -154*a^3 - 52*a^2 + 432*a + 448 155*a^3 - 52*a^2 + 336*a + 384 -12*a^4 + 61*a^3 + 1244*a^2 + 1680*a + 512 160*a^3 + 1076*a^2 + 2416*a + 1280 over Number field with defining polynomial x^5+4*x^4-208*x^3-976*x^2-1024*x-256
For conductor 222, eigenvectors are:
-4 0 -2 -2 2 -2 -2 2 4 -1 -2 -1 -1 1 0 over Number field with defining polynomial x+16
3*a+57 -4*a-74 2*a+28 6 0 -a-23 3*a+51 a+17 2*a+28 a+17 -2*a-40 -a-17 -a-17 6 4*a+80 over Number field with defining polynomial x^2+16*x-53
-a-7 -3*a+33 -a+11 -a+11 -2*a+22 3*a-51 -2*a+40 18 -a+11 18 -a+11 18 18 -a+11 0 over Number field with defining polynomial x^2-16*x-53
a+4 a-20 -2*a+16 -2*a+16 24 -2*a+16 -24 a+4 -2*a+16 a+4 12 -a+8 -a+8 -2*a+16 0 over Number field with defining polynomial x^2-112
-4*a^4 + 16*a^3 + 512*a^2 + 1184*a + 640 2*a^4 - 56*a^3 + 208*a^2 + 1408*a + 1280 9*a^4 - 54*a^3 - 1016*a^2 - 1824*a - 768 -20*a^3 + 272*a^2 - 512*a - 896 9*a^4 - 42*a^3 - 1208*a^2 - 2144*a - 1024 a^4 - 34*a^3 + 200*a^2 + 864*a + 768 -a^4 + 22*a^3 - 8*a^2 - 544*a - 512 -2*a^4 + 16*a^3 + 240*a^2 - 288*a - 256 -8*a^4 + 32*a^3 + 1024*a^2 + 2368*a + 1280 -42*a^3 + 536*a^2 + 1264*a + 640 -6*a^4 + 62*a^3 + 392*a^2 + 592*a + 320 -10*a^3 + 72*a^2 + 1456*a + 1280 24*a^3 - 368*a^2 - 1280*a - 832 -2*a^4 + 4*a^3 + 416*a^2 + 672*a + 320 2*a^3 - 104*a^2 + 496*a + 704 over Number field with defining polynomial x^5+4*x^4-208*x^3-976*x^2-1024*x-256
2 0 3 -4 -3 -3 -3 -2 0 1 -1 -1 2 2 -1 over Number field with defining polynomial x-4
-2*a-34 0 -28 -28 28 28 28 -2*a-62 0 a+31 a+17 -a-31 14 14 a+17 over Number field with defining polynomial x^2+34*x-103
For conductor 1:
traces of hecke eigenvalues of T_{p^1} are:
0 13 33 -122 102 94 138 -174 184 -369 -176 141 -159 708 670 -1148 -1065 1993 94 747 534 -554 
computing eigenvalues for k = 1, took 7.875002 sec
traces of hecke eigenvalues of T_{p^2} are:
24 28 
computing eigenvalues for k = 2, took 0.199879 sec
traces of hecke eigenvalues of T_{p^1} are:
-14 72 -164 288 -36 370 -408 848 -134 474 1086 -372 102 616 2366 -1312 -1324 -624 -862 -3124 250 -1554 
computing eigenvalues for k = 1, took 7.971233 sec
traces of hecke eigenvalues of T_{p^2} are:
-92 -108 
computing eigenvalues for k = 2, took 0.182239 sec
traces of hecke eigenvalues of T_{p^1} are:
28 56 160 140 396 352 504 828 840 1380 1392 2032 2436 4168 4044 4496 5616 4212 6872 6976 7900 8660 
computing eigenvalues for k = 1, took 7.951406 sec
traces of hecke eigenvalues of T_{p^2} are:
12 48 
computing eigenvalues for k = 2, took 0.180959 sec
traces of hecke eigenvalues of T_{p^1} are:
30 76 132 112 306 436 552 870 1300 1722 1372 2256 2862 3540 3964 3676 5112 6592 7204 6972 8010 8176 
computing eigenvalues for k = 1, took 9.896913 sec
traces of hecke eigenvalues of T_{p^2} are:
24 208 
computing eigenvalues for k = 2, took 0.208917 sec
traces of hecke eigenvalues of T_{p^1} are:
36 40 144 220 180 400 720 900 904 1764 1840 2160 3060 2880 3244 5440 5904 5620 5800 6480 8820 10660 
computing eigenvalues for k = 1, took 7.902984 sec
traces of hecke eigenvalues of T_{p^2} are:
60 -80 
computing eigenvalues for k = 2, took 0.181488 sec
traces of hecke eigenvalues of T_{p^1} are:
156 400 1464 2380 5220 7240 12720 25260 30784 70644 81400 106080 151740 208920 230764 305320 363024 394420 499360 578760 712980 922180 
computing eigenvalues for k = 1, took 7.955766 sec
traces of hecke eigenvalues of T_{p^2} are:
780 2800 
computing eigenvalues for k = 2, took 0.209757 sec
traces of hecke eigenvalues of T_{p^1} are:
6 -23 45 -14 -24 58 306 -144 -212 -327 292 45 39 48 -50 616 -273 1021 -1310 255 1344 1930 
computing eigenvalues for k = 1, took 7.990463 sec
traces of hecke eigenvalues of T_{p^2} are:
24 64 
computing eigenvalues for k = 2, took 0.175660 sec
traces of hecke eigenvalues of T_{p^1} are:
-18 -4 -48 140 66 32 -294 330 44 -36 -412 996 -456 -66 -568 -4 780 -376 -136 756 210 1244 
computing eigenvalues for k = 1, took 7.835399 sec
traces of hecke eigenvalues of T_{p^2} are:
-36 32 
computing eigenvalues for k = 2, took 0.182187 sec
traces of hecke eigenvalues of T_{p^1} are:
-12 14 62 -36 -8 -92 -20 -96 376 274 -176 294 -314 -128 892 -96 274 -678 756 -694 984 -236 
computing eigenvalues for k = 1, took 8.043002 sec
traces of hecke eigenvalues of T_{p^2} are:
-48 -64 
computing eigenvalues for k = 2, took 0.182036 sec
traces of hecke eigenvalues of T_{p^1} are:
38 -76 80 88 -310 -92 458 554 -512 864 -672 -476 276 -1626 -1980 1580 3228 216 -612 -1476 2074 2104 
computing eigenvalues for k = 1, took 7.803025 sec
traces of hecke eigenvalues of T_{p^2} are:
96 208 
computing eigenvalues for k = 2, took 0.183659 sec
traces of hecke eigenvalues of T_{p^1} are:
28 -47 29 -14 162 -34 0 298 -460 143 -4 -327 1029 -702 542 1176 527 -299 -650 639 -774 242 
computing eigenvalues for k = 1, took 7.941947 sec
traces of hecke eigenvalues of T_{p^2} are:
0 -20 
computing eigenvalues for k = 2, took 0.183338 sec
traces of hecke eigenvalues of T_{p^1} are:
-5 54 -11 -153 -204 188 -69 87 709 369 -1298 94 -636 826 181 -1023 852 847 1215 1660 -356 -3048 
computing eigenvalues for k = 1, took 7.812825 sec
traces of hecke eigenvalues of T_{p^2} are:
48 136 
computing eigenvalues for k = 2, took 0.186554 sec
traces of hecke eigenvalues of T_{p^1} are:
84 183 315 525 753 1161 1557 2304 3030 4800 6036 6426 8043 10554 11412 13638 14088 16431 17706 21543 22785 28320 
computing eigenvalues for k = 1, took 7.819179 sec
traces of hecke eigenvalues of T_{p^2} are:
36 264 
computing eigenvalues for k = 2, took 0.181640 sec
traces of hecke eigenvalues of T_{p^1} are:
132 287 609 1007 1479 2003 2619 4122 5072 8136 9716 10848 13437 16734 19520 22400 24600 27287 31022 34401 38223 45662 
computing eigenvalues for k = 1, took 7.884824 sec
traces of hecke eigenvalues of T_{p^2} are:
12 296 
computing eigenvalues for k = 2, took 0.177874 sec
traces of hecke eigenvalues of T_{p^1} are:
240 402 1056 1294 2448 2626 4416 6960 7168 13776 13784 18048 22896 28320 28088 36024 40896 41390 48884 55776 64080 76780 
computing eigenvalues for k = 1, took 7.927726 sec
traces of hecke eigenvalues of T_{p^2} are:
192 16 
computing eigenvalues for k = 2, took 0.178703 sec
traces of hecke eigenvalues of T_{p^1} are:
-6 30 -44 2 56 -36 242 156 -6 -850 284 -1184 630 -78 -406 -22 -772 988 736 -384 -482 1074 
computing eigenvalues for k = 1, took 8.093710 sec
traces of hecke eigenvalues of T_{p^2} are:
48 -220 
computing eigenvalues for k = 2, took 0.185522 sec
traces of hecke eigenvalues of T_{p^1} are:
33 -74 82 -62 233 -281 -130 199 -183 579 -130 393 957 1195 1535 -1027 -644 427 -335 -3200 -827 -1559 
computing eigenvalues for k = 1, took 7.803879 sec
traces of hecke eigenvalues of T_{p^2} are:
-32 -30 
computing eigenvalues for k = 2, took 0.180371 sec
traces of hecke eigenvalues of T_{p^1} are:
42 49 69 154 312 310 546 828 700 2073 1924 2613 2919 3972 3442 3544 4503 5941 7138 8271 7620 11278 
computing eigenvalues for k = 1, took 7.801784 sec
traces of hecke eigenvalues of T_{p^2} are:
96 -8 
computing eigenvalues for k = 2, took 0.175063 sec
traces of hecke eigenvalues of T_{p^1} are:
91 192 517 683 1168 1376 1933 3451 4079 6879 7378 8552 11766 12630 15097 18219 20838 20641 25297 24750 32264 35492 
computing eigenvalues for k = 1, took 7.822679 sec
traces of hecke eigenvalues of T_{p^2} are:
-78 -64 
computing eigenvalues for k = 2, took 0.178431 sec
For conductor 2:
traces of hecke eigenvalues of T_{p^1} are:
0 13 33 -122 102 94 138 -174 184 -369 -176 141 -159 708 670 -1148 -1065 1993 94 747 534 -554 
computing eigenvalues for k = 1, took 211.190573 sec
traces of hecke eigenvalues of T_{p^2} are:
24 28 
computing eigenvalues for k = 2, took 0.533897 sec
traces of hecke eigenvalues of T_{p^1} are:
-18 -4 -48 140 66 32 -294 330 44 -36 -412 996 -456 -66 -568 -4 780 -376 -136 756 210 1244 
computing eigenvalues for k = 1, took 213.336043 sec
traces of hecke eigenvalues of T_{p^2} are:
-36 32 
computing eigenvalues for k = 2, took 0.530764 sec
traces of hecke eigenvalues of T_{p^1} are:
-24 -27 -51 114 -24 4 134 -226 -256 -285 -152 277 -63 -6 932 -676 215 547 -266 2947 -1070 680 
computing eigenvalues for k = 1, took 333.826573 sec
traces of hecke eigenvalues of T_{p^2} are:
-16 -68 
computing eigenvalues for k = 2, took 0.521152 sec
traces of hecke eigenvalues of T_{p^1} are:
28 -47 29 -14 162 -34 0 298 -460 143 -4 -327 1029 -702 542 1176 527 -299 -650 639 -774 242 
computing eigenvalues for k = 1, took 211.416853 sec
traces of hecke eigenvalues of T_{p^2} are:
0 -20 
computing eigenvalues for k = 2, took 0.515534 sec
traces of hecke eigenvalues of T_{p^1} are:
-6 30 -44 2 56 -36 242 156 -6 -850 284 -1184 630 -78 -406 -22 -772 988 736 -384 -482 1074 
computing eigenvalues for k = 1, took 211.336217 sec
traces of hecke eigenvalues of T_{p^2} are:
48 -220 
computing eigenvalues for k = 2, took 0.520529 sec
traces of hecke eigenvalues of T_{p^1} are:
-12 14 62 -36 -8 -92 -20 -96 376 274 -176 294 -314 -128 892 -96 274 -678 756 -694 984 -236 
computing eigenvalues for k = 1, took 210.392417 sec
traces of hecke eigenvalues of T_{p^2} are:
-48 -64 
computing eigenvalues for k = 2, took 0.515543 sec
For conductor 3:
traces of hecke eigenvalues of T_{p^1} are:
6 -23 45 -14 -24 58 306 -144 -212 -327 292 45 39 48 -50 616 -273 1021 -1310 255 1344 1930 
computing eigenvalues for k = 1, took 555.859408 sec
traces of hecke eigenvalues of T_{p^2} are:
24 64 
computing eigenvalues for k = 2, took 0.516687 sec
traces of hecke eigenvalues of T_{p^1} are:
-8 -16 -30 -11 40 20 7 -212 300 -336 -136 51 600 -603 -203 384 784 -594 428 37 -540 763 
computing eigenvalues for k = 1, took 552.464815 sec
traces of hecke eigenvalues of T_{p^2} are:
12 17 
computing eigenvalues for k = 2, took 0.499809 sec
traces of hecke eigenvalues of T_{p^1} are:
-12 14 62 -36 -8 -92 -20 -96 376 274 -176 294 -314 -128 892 -96 274 -678 756 -694 984 -236 
computing eigenvalues for k = 1, took 554.527168 sec
traces of hecke eigenvalues of T_{p^2} are:
-48 -64 
computing eigenvalues for k = 2, took 0.504900 sec
traces of hecke eigenvalues of T_{p^1} are:
-28 -14 -30 -52 -16 -20 140 -184 -312 90 -272 186 -834 168 -556 72 -850 1242 -644 830 -1008 -436 
computing eigenvalues for k = 1, took 554.801988 sec
traces of hecke eigenvalues of T_{p^2} are:
0 -32 
computing eigenvalues for k = 2, took 0.516215 sec
For conductor 6:
traces of hecke eigenvalues of T_{p^1} are:
18 49 195 154 300 310 558 912 700 1371 1924 1899 2805 3108 3442 3544 5721 5941 7138 5673 8400 11278 
computing eigenvalues for k = 1, took 181.388431 sec
traces of hecke eigenvalues of T_{p^2} are:
-48 -8 
computing eigenvalues for k = 2, took 0.524963 sec
traces of hecke eigenvalues of T_{p^1} are:
32 56 104 140 216 352 600 912 840 2064 1392 2480 3288 2912 4044 4496 4608 4212 6872 6968 8120 8660 
computing eigenvalues for k = 1, took 185.788112 sec
traces of hecke eigenvalues of T_{p^2} are:
36 48 
computing eigenvalues for k = 2, took 0.523328 sec
traces of hecke eigenvalues of T_{p^1} are:
-6 -23 21 -14 228 58 -30 -204 -212 -411 292 237 -357 1368 -50 616 -1857 1021 -1310 1239 -276 1930 
computing eigenvalues for k = 1, took 182.167695 sec
traces of hecke eigenvalues of T_{p^2} are:
24 64 
computing eigenvalues for k = 2, took 0.551923 sec
traces of hecke eigenvalues of T_{p^1} are:
8 -16 30 -11 -40 20 -7 212 300 336 -136 -51 -600 603 -203 384 -784 -594 428 -37 540 763 
computing eigenvalues for k = 1, took 183.069740 sec
traces of hecke eigenvalues of T_{p^2} are:
12 17 
computing eigenvalues for k = 2, took 0.517281 sec
traces of hecke eigenvalues of T_{p^1} are:
24 40 120 220 432 400 384 840 904 1680 1840 2352 2664 4200 3244 5440 4320 5620 5800 7464 7200 10660 
computing eigenvalues for k = 1, took 179.989010 sec
traces of hecke eigenvalues of T_{p^2} are:
-12 -80 
computing eigenvalues for k = 2, took 0.544040 sec
traces of hecke eigenvalues of T_{p^1} are:
14 32 140 104 318 364 354 798 1272 1692 2136 2312 2208 3578 4308 4040 4560 4560 6908 7340 9146 10232 
computing eigenvalues for k = 1, took 181.921030 sec
traces of hecke eigenvalues of T_{p^2} are:
-72 -144 
computing eigenvalues for k = 2, took 0.518639 sec
traces of hecke eigenvalues of T_{p^1} are:
-24 -27 -51 114 -24 4 134 -226 -256 -285 -152 277 -63 -6 932 -676 215 547 -266 2947 -1070 680 
computing eigenvalues for k = 1, took 181.088710 sec
traces of hecke eigenvalues of T_{p^2} are:
-16 -68 
computing eigenvalues for k = 2, took 0.518743 sec
traces of hecke eigenvalues of T_{p^1} are:
11 -44 88 -206 7 29 532 199 -347 -317 -382 241 -349 -1533 -275 675 2430 -497 619 1478 -491 -3255 
computing eigenvalues for k = 1, took 179.914063 sec
traces of hecke eigenvalues of T_{p^2} are:
-74 -22 
computing eigenvalues for k = 2, took 0.518101 sec
traces of hecke eigenvalues of T_{p^1} are:
-45 5 49 -64 31 -75 -54 -35 481 118 658 222 640 741 -1123 7 849 -198 2745 -1371 2555 -3111 
computing eigenvalues for k = 1, took 178.006475 sec
traces of hecke eigenvalues of T_{p^2} are:
38 -98 
computing eigenvalues for k = 2, took 0.537676 sec
traces of hecke eigenvalues of T_{p^1} are:
-12 14 62 -36 -8 -92 -20 -96 376 274 -176 294 -314 -128 892 -96 274 -678 756 -694 984 -236 
computing eigenvalues for k = 1, took 177.423733 sec
traces of hecke eigenvalues of T_{p^2} are:
-48 -64 
computing eigenvalues for k = 2, took 0.517507 sec
traces of hecke eigenvalues of T_{p^1} are:
84 165 303 549 759 1107 1485 2460 2994 4200 6108 5910 7833 10446 10548 13722 15780 15387 17766 20103 24843 27840 
computing eigenvalues for k = 1, took 177.482875 sec
traces of hecke eigenvalues of T_{p^2} are:
36 120 
computing eigenvalues for k = 2, took 0.531551 sec
traces of hecke eigenvalues of T_{p^1} are:
-35 18 -34 -110 -155 59 -272 -89 -87 -63 742 91 -645 99 435 769 944 -397 985 128 -635 -347 
computing eigenvalues for k = 1, took 177.845462 sec
traces of hecke eigenvalues of T_{p^2} are:
-36 -106 
computing eigenvalues for k = 2, took 0.517784 sec
For conductor 37:
traces of hecke eigenvalues of T_{p^1} are:
-22 -2 -10 -15 24 -46 -77 -24 -128 126 202 225 -136 -215 -189 -680 -246 -146 66 147 -16 573 
computing eigenvalues for k = 1, took 320.379356 sec
traces of hecke eigenvalues of T_{p^2} are:
36 -35 
computing eigenvalues for k = 2, took 0.496788 sec
traces of hecke eigenvalues of T_{p^1} are:
-4 -23 -43 12 -126 20 214 204 -212 -327 34 -519 251 -188 -1026 1420 1431 145 -204 -1737 1166 1542 
computing eigenvalues for k = 1, took 318.107612 sec
traces of hecke eigenvalues of T_{p^2} are:
12 64 
computing eigenvalues for k = 2, took 0.506876 sec
traces of hecke eigenvalues of T_{p^1} are:
-14 21 -47 12 42 66 86 -150 240 3 -126 645 -203 650 -576 396 -45 735 660 423 -1952 216 
computing eigenvalues for k = 1, took 320.124261 sec
traces of hecke eigenvalues of T_{p^2} are:
-12 -84 
computing eigenvalues for k = 2, took 0.509917 sec
traces of hecke eigenvalues of T_{p^1} are:
-10 13 -55 -96 0 56 46 174 184 -369 -434 -423 53 472 -306 -344 639 1117 1200 -1245 356 -942 
computing eigenvalues for k = 1, took 549.809597 sec
traces of hecke eigenvalues of T_{p^2} are:
24 28 
computing eigenvalues for k = 2, took 0.507187 sec
traces of hecke eigenvalues of T_{p^1} are:
-10 -27 57 -12 -48 -32 -182 -18 -84 -113 190 49 -227 28 74 524 -181 -203 -648 2159 -1276 -422 
computing eigenvalues for k = 1, took 550.187612 sec
traces of hecke eigenvalues of T_{p^2} are:
4 28 
computing eigenvalues for k = 2, took 0.512587 sec
For conductor 74:
traces of hecke eigenvalues of T_{p^1} are:
-64 68 -8 0 -382 310 198 -750 -178 -294 1598 252 -46 1406 642 4552 -960 -1744 602 852 -1916 3438 
computing eigenvalues for k = 1, took 179.143243 sec
traces of hecke eigenvalues of T_{p^2} are:
-152 -148 
computing eigenvalues for k = 2, took 0.535072 sec
traces of hecke eigenvalues of T_{p^1} are:
36 23 173 93 393 425 541 562 740 1540 1640 1968 3577 2994 3532 4492 5088 5063 5350 8289 8301 9178 
computing eigenvalues for k = 1, took 177.087378 sec
traces of hecke eigenvalues of T_{p^2} are:
60 -216 
computing eigenvalues for k = 2, took 0.529972 sec
traces of hecke eigenvalues of T_{p^1} are:
5 26 -55 -127 0 112 -23 -87 1143 697 -1298 94 -424 -826 1523 -2363 -852 2599 2005 -1660 -1068 -1884 
computing eigenvalues for k = 1, took 177.240891 sec
traces of hecke eigenvalues of T_{p^2} are:
48 56 
computing eigenvalues for k = 2, took 0.527128 sec
traces of hecke eigenvalues of T_{p^1} are:
56 92 200 296 576 688 880 1728 1872 3784 3472 4240 6248 7232 7952 9004 11472 12484 12520 14264 16296 18552 
computing eigenvalues for k = 1, took 178.104106 sec
traces of hecke eigenvalues of T_{p^2} are:
24 -64 
computing eigenvalues for k = 2, took 0.512756 sec
traces of hecke eigenvalues of T_{p^1} are:
72 180 340 532 780 1054 1476 2380 3034 5002 5578 6384 7962 10568 10952 13184 14544 16072 18554 19076 21836 28896 
computing eigenvalues for k = 1, took 177.387875 sec
traces of hecke eigenvalues of T_{p^2} are:
-36 240 
computing eigenvalues for k = 2, took 0.533205 sec
traces of hecke eigenvalues of T_{p^1} are:
-9 -64 112 -241 31 -155 365 627 65 267 298 -340 -223 428 -1476 705 1608 143 3525 833 1439 -472 
computing eigenvalues for k = 1, took 179.011557 sec
traces of hecke eigenvalues of T_{p^2} are:
-2 -81 
computing eigenvalues for k = 2, took 0.512814 sec
traces of hecke eigenvalues of T_{p^1} are:
-10 13 -55 -96 0 56 46 174 184 -369 -434 -423 53 472 -306 -344 639 1117 1200 -1245 356 -942 
computing eigenvalues for k = 1, took 176.215678 sec
traces of hecke eigenvalues of T_{p^2} are:
24 28 
computing eigenvalues for k = 2, took 0.514684 sec
traces of hecke eigenvalues of T_{p^1} are:
-10 -27 57 -12 -48 -32 -182 -18 -84 -113 190 49 -227 28 74 524 -181 -203 -648 2159 -1276 -422 
computing eigenvalues for k = 1, took 175.065197 sec
traces of hecke eigenvalues of T_{p^2} are:
4 28 
computing eigenvalues for k = 2, took 0.512632 sec
traces of hecke eigenvalues of T_{p^1} are:
8 -34 14 16 172 -72 -108 32 -280 -30 164 382 878 -48 100 72 -430 -606 -896 -22 -1364 516 
computing eigenvalues for k = 1, took 178.307934 sec
traces of hecke eigenvalues of T_{p^2} are:
-24 0 
computing eigenvalues for k = 2, took 0.512646 sec
traces of hecke eigenvalues of T_{p^1} are:
16 37 137 188 234 336 734 880 748 1497 1890 2477 2203 3696 3162 4972 3987 4761 5836 8211 9314 8946 
computing eigenvalues for k = 1, took 177.977131 sec
traces of hecke eigenvalues of T_{p^2} are:
-60 -104 
computing eigenvalues for k = 2, took 0.513748 sec
For conductor 111:
traces of hecke eigenvalues of T_{p^1} are:
22 43 97 147 303 395 599 858 898 1776 1648 2538 3481 3548 4032 4078 5016 4447 5910 6393 8047 9504 
computing eigenvalues for k = 1, took 130.934120 sec
traces of hecke eigenvalues of T_{p^2} are:
-24 -56 
computing eigenvalues for k = 2, took 0.551188 sec
traces of hecke eigenvalues of T_{p^1} are:
32 28 152 192 228 230 634 648 838 1416 2278 2268 2816 4198 4032 3808 5436 5272 6090 7188 7892 10404 
computing eigenvalues for k = 1, took 129.814867 sec
traces of hecke eigenvalues of T_{p^2} are:
36 -176 
computing eigenvalues for k = 2, took 0.545732 sec
traces of hecke eigenvalues of T_{p^1} are:
4 -24 12 -12 84 -2 32 -36 42 -100 -494 -4 -124 -208 380 68 -332 -164 42 -296 724 -728 
computing eigenvalues for k = 1, took 130.591400 sec
traces of hecke eigenvalues of T_{p^2} are:
-20 52 
computing eigenvalues for k = 2, took 0.542550 sec
traces of hecke eigenvalues of T_{p^1} are:
38 43 167 147 309 395 505 882 898 1668 1648 1974 2243 3532 4032 4078 5208 4447 5910 7551 7973 9504 
computing eigenvalues for k = 1, took 138.796075 sec
traces of hecke eigenvalues of T_{p^2} are:
72 -56 
computing eigenvalues for k = 2, took 0.515573 sec
traces of hecke eigenvalues of T_{p^1} are:
44 37 127 188 378 336 370 860 748 1947 1890 2035 3521 3384 3162 4972 6237 4761 5836 5733 6706 8946 
computing eigenvalues for k = 1, took 136.898975 sec
traces of hecke eigenvalues of T_{p^2} are:
108 -104 
computing eigenvalues for k = 2, took 0.521288 sec
traces of hecke eigenvalues of T_{p^1} are:
-4 -23 -43 12 -126 20 214 204 -212 -327 34 -519 251 -188 -1026 1420 1431 145 -204 -1737 1166 1542 
computing eigenvalues for k = 1, took 152.648719 sec
traces of hecke eigenvalues of T_{p^2} are:
12 64 
computing eigenvalues for k = 2, took 0.509838 sec
traces of hecke eigenvalues of T_{p^1} are:
34 55 145 255 207 275 419 570 1054 1920 1960 1902 2869 3320 4104 3850 4440 6295 7230 6729 7015 10740 
computing eigenvalues for k = 1, took 136.576739 sec
traces of hecke eigenvalues of T_{p^2} are:
48 40 
computing eigenvalues for k = 2, took 0.517102 sec
traces of hecke eigenvalues of T_{p^1} are:
28 28 112 192 384 230 470 1092 838 2028 2278 2244 2908 2882 4032 3808 4788 5272 6090 6756 8128 10404 
computing eigenvalues for k = 1, took 136.185753 sec
traces of hecke eigenvalues of T_{p^2} are:
12 -176 
computing eigenvalues for k = 2, took 0.516579 sec
traces of hecke eigenvalues of T_{p^1} are:
-16 -5 -47 72 99 -168 -62 54 79 200 -112 -628 -96 -20 -442 351 88 -262 -414 -335 -208 346 
computing eigenvalues for k = 1, took 136.041128 sec
traces of hecke eigenvalues of T_{p^2} are:
-26 -73 
computing eigenvalues for k = 2, took 0.518392 sec
traces of hecke eigenvalues of T_{p^1} are:
16 -5 47 72 -99 -168 62 -54 79 -200 -112 628 96 20 -442 351 -88 -262 -414 335 208 346 
computing eigenvalues for k = 1, took 135.301607 sec
traces of hecke eigenvalues of T_{p^2} are:
-26 -73 
computing eigenvalues for k = 2, took 0.513441 sec
traces of hecke eigenvalues of T_{p^1} are:
46 116 220 332 498 748 938 1626 2016 3176 3304 3944 5284 6334 7784 9412 10224 11824 13420 14764 15930 19140 
computing eigenvalues for k = 1, took 134.797769 sec
traces of hecke eigenvalues of T_{p^2} are:
-36 128 
computing eigenvalues for k = 2, took 0.517576 sec
traces of hecke eigenvalues of T_{p^1} are:
132 268 536 864 1504 2022 2742 4492 4630 7596 9310 10980 13684 16818 20064 22976 25740 25608 30162 33292 37096 48292 
computing eigenvalues for k = 1, took 135.945477 sec
traces of hecke eigenvalues of T_{p^2} are:
12 144 
computing eigenvalues for k = 2, took 0.518966 sec
traces of hecke eigenvalues of T_{p^1} are:
0 -40 0 78 0 160 0 0 -112 0 56 0 0 0 -630 -592 0 2000 1776 0 0 -1998 
computing eigenvalues for k = 1, took 136.656783 sec
traces of hecke eigenvalues of T_{p^2} are:
36 14 
computing eigenvalues for k = 2, took 0.521321 sec
traces of hecke eigenvalues of T_{p^1} are:
64 92 328 296 648 688 1328 1752 1872 3104 3472 4784 5200 6928 7952 9004 8976 12484 12520 13624 15744 18552 
computing eigenvalues for k = 1, took 136.174555 sec
traces of hecke eigenvalues of T_{p^2} are:
72 -64 
computing eigenvalues for k = 2, took 0.518280 sec
traces of hecke eigenvalues of T_{p^1} are:
76 193 371 563 873 1149 1603 2552 2978 5200 5568 6986 8565 10594 10752 13106 15696 15063 18182 20875 24105 26512 
computing eigenvalues for k = 1, took 135.951034 sec
traces of hecke eigenvalues of T_{p^2} are:
-12 344 
computing eigenvalues for k = 2, took 0.519484 sec
traces of hecke eigenvalues of T_{p^1} are:
14 -36 48 204 -538 232 442 62 -228 660 -36 -948 1216 -3230 -2640 3268 2316 1748 -2712 -3628 5554 4228 
computing eigenvalues for k = 1, took 137.234891 sec
traces of hecke eigenvalues of T_{p^2} are:
84 128 
computing eigenvalues for k = 2, took 0.516668 sec
traces of hecke eigenvalues of T_{p^1} are:
-14 21 -47 12 42 66 86 -150 240 3 -126 645 -203 650 -576 396 -45 735 660 423 -1952 216 
computing eigenvalues for k = 1, took 136.247696 sec
traces of hecke eigenvalues of T_{p^2} are:
-12 -84 
computing eigenvalues for k = 2, took 0.517319 sec
traces of hecke eigenvalues of T_{p^1} are:
63 -92 60 -126 129 -49 -96 267 55 873 -38 -315 279 243 675 -629 -1380 -1007 1275 -1182 -693 -3093 
computing eigenvalues for k = 1, took 135.655732 sec
traces of hecke eigenvalues of T_{p^2} are:
60 130 
computing eigenvalues for k = 2, took 0.514794 sec
traces of hecke eigenvalues of T_{p^1} are:
-5 46 -78 -46 57 21 -370 41 127 51 450 19 223 961 2037 -1931 -942 -1503 -1091 768 -1107 -465 
computing eigenvalues for k = 1, took 136.788709 sec
traces of hecke eigenvalues of T_{p^2} are:
-66 -2 
computing eigenvalues for k = 2, took 0.517080 sec
traces of hecke eigenvalues of T_{p^1} are:
15 9 -3 34 149 -165 86 531 21 996 102 598 748 673 835 -1685 -1353 -160 793 -1919 -2371 2111 
computing eigenvalues for k = 1, took 133.287845 sec
traces of hecke eigenvalues of T_{p^2} are:
-76 -266 
computing eigenvalues for k = 2, took 0.515231 sec
traces of hecke eigenvalues of T_{p^1} are:
139 304 599 873 1400 1878 2687 4079 5323 8229 9052 11004 14154 17600 17199 23567 23982 26697 32169 32438 42516 45124 
computing eigenvalues for k = 1, took 133.902844 sec
traces of hecke eigenvalues of T_{p^2} are:
54 432 
computing eigenvalues for k = 2, took 0.517917 sec
traces of hecke eigenvalues of T_{p^1} are:
-4 50 -10 -56 -28 90 194 364 -14 -154 358 -86 210 -1702 636 1032 -2346 -582 -1282 1710 1364 1584 
computing eigenvalues for k = 1, took 133.866446 sec
traces of hecke eigenvalues of T_{p^2} are:
-60 0 
computing eigenvalues for k = 2, took 0.517698 sec
For conductor 222:
traces of hecke eigenvalues of T_{p^1} are:
-16 -23 -67 12 126 20 -122 144 -212 -411 34 -327 -145 1132 -1026 1420 -153 145 -204 -753 -454 1542 
computing eigenvalues for k = 1, took 316.665038 sec
traces of hecke eigenvalues of T_{p^2} are:
36 64 
computing eigenvalues for k = 2, took 0.492469 sec
traces of hecke eigenvalues of T_{p^1} are:
-16 -5 -47 72 99 -168 -62 54 79 200 -112 -628 -96 -20 -442 351 88 -262 -414 -335 -208 346 
computing eigenvalues for k = 1, took 315.738663 sec
traces of hecke eigenvalues of T_{p^2} are:
-26 -73 
computing eigenvalues for k = 2, took 0.489616 sec
traces of hecke eigenvalues of T_{p^1} are:
16 -5 47 72 -99 -168 62 -54 79 -200 -112 628 96 20 -442 351 -88 -262 -414 335 208 346 
computing eigenvalues for k = 1, took 315.628717 sec
traces of hecke eigenvalues of T_{p^2} are:
-26 -73 
computing eigenvalues for k = 2, took 0.494428 sec
traces of hecke eigenvalues of T_{p^1} are:
0 -40 0 78 0 160 0 0 -112 0 56 0 0 0 -630 -592 0 2000 1776 0 0 -1998 
computing eigenvalues for k = 1, took 314.843412 sec
traces of hecke eigenvalues of T_{p^2} are:
36 14 
computing eigenvalues for k = 2, took 0.490956 sec
traces of hecke eigenvalues of T_{p^1} are:
-4 50 -10 -56 -28 90 194 364 -14 -154 358 -86 210 -1702 636 1032 -2346 -582 -1282 1710 1364 1584 
computing eigenvalues for k = 1, took 314.242765 sec
traces of hecke eigenvalues of T_{p^2} are:
-60 0 
computing eigenvalues for k = 2, took 0.495246 sec
traces of hecke eigenvalues of T_{p^1} are:
4 -24 12 -12 84 -2 32 -36 42 -100 -494 -4 -124 -208 380 68 -332 -164 42 -296 724 -728 
computing eigenvalues for k = 1, took 314.495387 sec
traces of hecke eigenvalues of T_{p^2} are:
-20 52 
computing eigenvalues for k = 2, took 0.494881 sec
traces of hecke eigenvalues of T_{p^1} are:
8 -34 14 16 172 -72 -108 32 -280 -30 164 382 878 -48 100 72 -430 -606 -896 -22 -1364 516 
computing eigenvalues for k = 1, took 316.996974 sec
traces of hecke eigenvalues of T_{p^2} are:
-24 0 
computing eigenvalues for k = 2, took 0.490861 sec
