constructing eigenvector for poly
x-15
constructing eigenvector for poly
x+1
constructing eigenvector for poly
x-9
constructing eigenvector for poly
x^4+7*x^3-7*x^2-71*x+22
constructing eigenvector for poly
x^4-25*x^3+209*x^2-663*x+654
constructing eigenvector for poly
x^5+18*x^4+93*x^3+80*x^2-288*x-128
constructing eigenvector for poly
x^5-32*x^4+373*x^3-1910*x^2+4012*x-2248
constructing eigenvector for poly
x^3-7*x^2+3*x+37
constructing eigenvector for poly
x^12-82*x^11+3008*x^10-65120*x^9+924139*x^8-9028372*x^7+62031508*x^6-300705078*x^5+1015615736*x^4-2317572340*x^3+3371739096*x^2-2793102352*x+991843056
constructing eigenvector for poly
x^45-14*x^44-160*x^43+3110*x^42+6237*x^41-287780*x^40+355384*x^39+14674166*x^38-45750028*x^37-453040827*x^36+2153437603*x^35+8557140376*x^34-59593999025*x^33-87603974676*x^32+1081718356366*x^31+67491668366*x^30-13409324345424*x^29+12006494389325*x^28+114575180836401*x^27-193718186700133*x^26-661601413358022*x^25+1694439186846328*x^24+2387488537080771*x^23-9590941043780917*x^22-3739782005928974*x^21+36550021450304483*x^20-9361745686479900*x^19-93171211615188435*x^18+70612015146920423*x^17+150854472543191935*x^16-194355188386202911*x^15-129945891652771965*x^14+301097735660408958*x^13+3025915277653608*x^12-266290177397717424*x^11+110889815652552810*x^10+113190904317588228*x^9-99874982475951232*x^8-3288139420771096*x^7+30574378296876336*x^6-10704056961643872*x^5-746681469933120*x^4+1130593596926848*x^3-203165261175040*x^2+4912329247232*x+809921778688
constructing eigenvector for poly
x^14-81*x^13+2973*x^12-65402*x^11+961108*x^10-9953641*x^9+74682029*x^8-410880772*x^7+1658488585*x^6-4862345800*x^5+10128994632*x^4-14427237504*x^3+13155209168*x^2-6788440576*x+1469689920
constructing eigenvector for poly
x-3
constructing eigenvector for poly
x-3
constructing eigenvector for poly
x+4
constructing eigenvector for poly
x^14+31*x^13+402*x^12+2803*x^11+11036*x^10+21764*x^9+1892*x^8-88353*x^7-184041*x^6-134951*x^5+26606*x^4+96334*x^3+50892*x^2+9272*x+304
constructing eigenvector for poly
x^3+18*x^2+97*x+152
constructing eigenvector for poly
x+1
constructing eigenvector for poly
x+1
constructing eigenvector for poly
x^2+11*x+26
constructing eigenvector for poly
x^9+21*x^8+172*x^7+671*x^6+1074*x^5-652*x^4-4954*x^3-6759*x^2-3381*x-349
constructing eigenvector for poly
x^3+x^2-19*x+25
constructing eigenvector for poly
x^3-23*x^2+157*x-271
constructing eigenvector for poly
x^18-110*x^17+5608*x^16-175873*x^15+3797436*x^14-59867645*x^13+713122164*x^12-6551517769*x^11+46973185867*x^10-264255553245*x^9+1166511467056*x^8-4020622965374*x^7+10709272579404*x^6-21677158288144*x^5+32502096298464*x^4-34712563302496*x^3+24785623865664*x^2-10528798197120*x+1998656536320
constructing eigenvector for poly
x^37-31*x^36+276*x^35+1084*x^34-32683*x^33+129125*x^32+987406*x^31-9320600*x^30+3045532*x^29+229256173*x^28-707810892*x^27-2203747879*x^26+14957252855*x^25-3247470403*x^24-140705803700*x^23+243853913282*x^22+605347632774*x^21-2057959971097*x^20-593645378308*x^19+8036784959614*x^18-4000259646045*x^17-17280391389476*x^16+15956285063031*x^15+22266540846662*x^14-26547801503147*x^13-18733421822533*x^12+23770929602953*x^11+11555023059261*x^10-11542951271482*x^9-5371156828728*x^8+2600082056914*x^7+1481323934538*x^6-106307741577*x^5-140926283676*x^4-12942710730*x^3+2548945584*x^2+387165582*x+12277332
constructing eigenvector for poly
x+1
constructing eigenvector for poly
x^2+4*x-3
constructing eigenvector for poly
x^2+12*x+33
constructing eigenvector for poly
x^6+12*x^5+33*x^4-25*x^3-112*x^2-10*x+67
constructing eigenvector for poly
x+3
constructing eigenvector for poly
x+3
constructing eigenvector for poly
x
constructing eigenvector for poly
x-1
constructing eigenvector for poly
x^3+9*x^2+17*x-11
constructing eigenvector for poly
x^3-21*x^2+137*x-281
constructing eigenvector for poly
x^38-29*x^37+198*x^36+2206*x^35-37005*x^34+62561*x^33+1842502*x^32-11124560*x^31-26362202*x^30+436353299*x^29-657785670*x^28-7619283191*x^27+30886520305*x^26+48037467779*x^25-502280226226*x^24+395025888756*x^23+4114885774026*x^22-9546812376377*x^21-15176324840646*x^20+76055838056550*x^19-12204893672719*x^18-313554910224952*x^17+347257326661343*x^16+657976338210466*x^15-1410682132191909*x^14-419307392688995*x^13+2766767977440447*x^12-901094706562459*x^11-2861425368640998*x^10+2016140349896568*x^9+1518576624807030*x^8-1650432521351694*x^7-343437198143179*x^6+658831131585700*x^5-1585296974260*x^4-126395993398752*x^3+10719429922710*x^2+9235384547904*x-877588787880
constructing eigenvector for poly
x^18-102*x^17+4808*x^16-138977*x^15+2756414*x^14-39769399*x^13+431784824*x^12-3599666737*x^11+23305097117*x^10-117737533319*x^9+463825668312*x^8-1416405239994*x^7+3313866096076*x^6-5829526480112*x^5+7492566370944*x^4-6732329834144*x^3+3935676868288*x^2-1311285590400*x+180994630400
constructing eigenvector for poly
x^42-11*x^41-182*x^40+2482*x^39+11259*x^38-234519*x^37-110860*x^36+12077272*x^35-20690508*x^34-367861465*x^33+1231104286*x^32+6634971449*x^31-34417967275*x^30-62973146227*x^29+570109262876*x^28+85955741890*x^27-5961856586770*x^26+5109071326791*x^25+40263918986060*x^24-65220401549008*x^23-175079399988445*x^22+421256583995570*x^21+468588444918787*x^20-1701715605336008*x^19-635937051737245*x^18+4578721656789889*x^17-160475243889477*x^16-8423561239559261*x^15+2299642093184430*x^14+10724177540408258*x^13-4316003593123552*x^12-9487164167904716*x^11+4251722944079145*x^10+5801323780828344*x^9-2429523132962328*x^8-2396051847799254*x^7+770990743804870*x^6+628756473345108*x^5-111087222832912*x^4-90394162961736*x^3+1916481936192*x^2+4675735410288*x+381461152800
constructing eigenvector for poly
x^10-64*x^9+1784*x^8-28428*x^7+285693*x^6-1883776*x^5+8211510*x^4-23228532*x^3+40535700*x^2-39130952*x+15787976
constructing eigenvector for poly
x^13-74*x^12+2459*x^11-48513*x^10+632995*x^9-5758556*x^8+37508173*x^7-176742273*x^6+601119116*x^5-1453661984*x^4+2422247952*x^3-2624488464*x^2+1650401600*x-452657600
constructing eigenvector for poly
x^2-18*x+81
constructing eigenvector for poly
x^2-26*x+139
constructing eigenvector for poly
x^15+45*x^14+893*x^13+10302*x^12+76584*x^11+383299*x^10+1303222*x^9+2923813*x^8+3845135*x^7+1331772*x^6-4726857*x^5-9107627*x^4-7493400*x^3-2969716*x^2-418354*x+16024
computing eigenvectors took 1.991115 sec
For conductor 1, eigenvectors are:
-1 -1 -1 -1 -1 -1 -1 -1 -1 -1 -1 -1 -1 -1 -1 -1 -1 -1 -1 -1 -1 -1 -1 -1 -1 -1 -1 -1 -1 -1 -1 -1 -1 -1 -1 -1 -1 -1 -1 -1 -1 -1 -1 -1 -1 -1 -1 -1 -1 -1 -1 -1 -1 -1 -1 -1 -1 -1 -1 -1 -1 -1 -1 -1 -1 -1 -1 -1 -1 -1 -1 -1 -1 -1 -1 -1 -1 -1 -1 -1 -1 -1 -1 -1 -1 -1 -1 -1 -1 -1 -1 -1 -1 -1 -1 -1 -1 over Number field with defining polynomial x-15
-144 96 -156 -12 0 0 90 48 -12 48 114 36 -72 -32 -4 32 24 0 0 -90 -12 18 54 48 0 -96 18 -16 52 -44 -48 68 88 48 88 2 -36 -10 -14 -16 44 -16 -40 20 -22 -96 -84 0 24 16 16 -32 -12 48 20 -24 -6 -14 0 -36 8 8 14 -54 -28 0 -38 -37 56 -18 -10 12 30 14 2 -48 50 -32 30 -48 18 60 41 -28 8 -22 52 6 0 2 18 24 -25 -5 -10 -17 -3 over Number field with defining polynomial x+1
512 272 278 26 20 -400 110 -4 26 -34 38 362 206 -4 152 14 548 110 5 305 -199 101 -22 56 -550 -157 -79 68 104 152 104 296 326 -124 56 -46 98 50 2 -82 -172 -22 20 80 86 -82 2 -40 -52 92 92 116 -4 -154 50 -103 128 302 -205 -97 -199 -64 -37 -28 -106 -130 -106 -4 -58 164 20 119 5 -52 29 104 35 -4 50 -76 26 -145 2 -91 -34 71 74 2 -10 -136 -19 -67 20 65 110 -4 -91 over Number field with defining polynomial x-9
-48*a^3 - 192*a^2 + 240*a + 576 -72*a^3 - 192*a^2 + 600*a + 912 24*a^3 - 120*a^2 - 768*a + 384 36*a^3 + 144*a^2 - 180*a - 432 -12*a^3 - 48*a^2 - 108*a - 552 0 6*a^3 - 90*a - 84 -18*a^3 - 48*a^2 + 318*a + 924 24*a^3 + 264*a^2 + 576*a - 288 12*a^3 + 216*a^2 + 468*a - 840 54*a^3 + 144*a^2 - 618*a - 1380 4*a^3 + 72*a^2 + 156*a - 280 20*a^3 + 160*a^2 + 60*a - 1184 16*a^3 + 48*a^2 - 176*a - 432 12*a^3 + 32*a^2 + 124*a + 776 -16*a^3 - 64*a^2 + 360*a + 1352 8*a^3 + 32*a^2 - 40*a - 96 -12*a^3 + 112*a^2 + 476*a - 528 -15*a^3 - 48*a^2 - 63*a - 510 -3*a^3 + 45*a + 42 21*a^3 + 240*a^2 + 477*a - 606 18*a^3 - 12*a^2 - 354*a + 132 -24*a^2 + 24*a + 336 15*a^3 + 108*a^2 + 267*a + 150 0 -15*a^3 - 48*a^2 + 105*a + 186 30*a^3 + 12*a^2 - 390*a + 324 -4*a^3 + 16*a^2 + 44*a - 168 -16*a^3 - 64*a^2 + 80*a + 192 -8*a^3 - 16*a^2 + 136*a + 336 16*a^3 + 104*a^2 - 664 56*a+232 -56*a^2 - 232*a -20*a^3 + 308*a - 96 12*a^3 - 8*a^2 - 404*a - 608 -14*a^3 - 48*a^2 + 146*a + 404 -2*a^3 - 82*a - 436 -22*a^3 - 192*a^2 - 166*a + 964 4*a^3 + 16*a^2 - 132*a - 512 -24*a^3 - 64*a^2 + 144*a + 72 -12*a^3 - 104*a^2 + 52*a + 1072 -4*a^3 - 72*a^2 - 156*a + 280 12*a^3 + 16*a^2 - 84*a + 72 -8*a^3 - 80*a^2 - 32*a + 680 -26*a^3 - 152*a^2 - 138*a + 84 -4*a^3 - 72*a^2 - 156*a + 280 16*a^3 + 48*a^2 - 120*a - 200 22*a^3 + 80*a^2 - 130*a - 268 -28*a^3 - 96*a^2 + 292*a + 808 -18*a^3 - 120*a^2 - 10*a + 684 24*a^3 + 192*a^2 + 248*a - 528 -6*a^3 - 72*a^2 - 238*a - 156 6*a^3 - 40*a^2 - 226*a + 156 3*a^3 + 36*a^2 + 63*a - 154 -16*a^3 - 96*a^2 - 8*a + 552 -a^3 - 8*a^2 + 79*a + 358 -8*a^3 - 72*a^2 - 96*a + 336 a^3 + 28*a^2 + 101*a - 14 -a^3 + 15*a + 14 6*a^3 + 52*a^2 - 54*a - 652 -36*a^2 + 4*a + 576 2*a^3 + 26*a + 204 15*a^3 + 32*a^2 - 145*a - 194 -7*a^3 + 4*a^2 + 77*a - 262 -11*a^3 - 60*a^2 - 87*a - 94 10*a^3 - 24*a^2 - 246*a + 108 2*a^3 + 8*a^2 - 38*a - 140 16*a^3 + 104*a^2 + 112*a - 200 -2*a^3 - 64*a^2 - 194*a + 140 4*a^3 + 16*a^2 - 20*a - 48 -8*a^3 - 8*a^2 + 72*a - 8 -10*a^3 - 12*a^2 + 138*a + 4 44*a^2 + 100*a - 224 -9*a^3 - 52*a^2 - 125*a - 234 -4*a^3 - 44*a^2 - 96*a + 48 4*a^3 + 16*a^2 - 20*a - 48 -6*a^3 + 12*a^2 - 2*a - 620 -16*a^3 - 152*a^2 - 240*a + 552 8*a^3 + 72*a^2 - 16*a - 800 -2*a^3 + 48*a^2 + 214*a - 92 4*a^3 + 24*a^2 + 140*a + 536 -a^3 - 56*a^2 - 273*a - 218 12*a^3 + 88*a^2 + 132*a - 152 -7*a^3 - 88*a^2 - 151*a + 314 -3*a^3 + 28*a^2 + 105*a - 190 15*a^3 + 104*a^2 + 127*a - 186 2*a^3 + 8*a^2 - 38*a - 140 3*a^3 + 28*a^2 + 71*a - 42 11*a^3 + 60*a^2 + 31*a - 138 6*a^3 + 88*a^2 + 54*a - 764 -5*a^3 - 16*a^2 + 35*a + 62 28*a^2 + 172*a + 232 4*a^3 - 60*a - 56 -6*a^3 - 44*a^2 - 10*a + 308 -8*a^2 - 48*a - 120 8*a^2 + 104*a + 352 -36*a^2 - 108*a + 112 over Number field with defining polynomial x^4+7*x^3-7*x^2-71*x+22
48*a^3 - 696*a^2 + 2688*a - 3384 -24*a^3 + 456*a^2 - 2424*a + 3816 -24*a^3 + 420*a^2 - 1956*a + 2376 -6*a^3 + 150*a^2 - 822*a + 774 12*a^3 - 156*a^2 + 636*a - 1116 48*a^3 - 624*a^2 + 2256*a - 2160 -6*a^3 + 168*a^2 - 1146*a + 2016 30*a^3 - 480*a^2 + 2274*a - 3096 12*a^3 - 156*a^2 + 384*a - 288 -24*a^3 + 312*a^2 - 1092*a + 1188 -6*a^3 + 60*a^2 - 66*a - 108 -24*a^3 + 432*a^2 - 2172*a + 3204 6*a^3 - 78*a^2 + 222*a - 54 24*a^3 - 348*a^2 + 1392*a - 1548 36*a^2 - 264*a + 468 -6*a^3 + 126*a^2 - 534*a + 270 60*a^3 - 948*a^2 + 4236*a - 5652 6*a^3 - 114*a^2 + 726*a - 1386 3*a^3 - 48*a^2 + 285*a - 612 3*a^3 - 12*a^2 - 219*a + 720 3*a^3 - 30*a^2 - 3*a - 54 12*a^3 - 120*a^2 + 42*a + 738 -6*a^3 + 132*a^2 - 786*a + 1044 -15*a^3 + 258*a^2 - 1299*a + 1692 12*a^3 - 264*a^2 + 1284*a - 1368 -15*a^3 + 186*a^2 - 597*a + 486 -24*a^3 + 366*a^2 - 1542*a + 1728 -24*a^2 + 240*a - 648 -48*a^2 + 528*a - 1152 -12*a^3 + 192*a^2 - 948*a + 1440 6*a^3 - 90*a^2 + 474*a - 774 -6*a^3 + 54*a^2 + 42*a - 522 -12*a-36 30*a^2 - 264*a + 522 -6*a^3 + 78*a^2 - 210*a + 90 -6*a^3 + 108*a^2 - 570*a + 1116 6*a^3 - 36*a^2 - 174*a + 756 18*a^3 - 276*a^2 + 1302*a - 1836 6*a^3 - 54*a^2 + 150*a - 486 -18*a^3 + 258*a^2 - 930*a + 738 -6*a^3 + 126*a^2 - 786*a + 1098 -24*a^3 + 312*a^2 - 1092*a + 1188 -12*a^3 + 180*a^2 - 732*a + 612 -6*a^2 + 24*a + 126 -12*a^3 + 174*a^2 - 588*a + 306 -24*a^2 + 276*a - 540 -6*a^3 + 90*a^2 - 462*a + 810 -24*a^3 + 366*a^2 - 1524*a + 1782 -12*a^3 + 168*a^2 - 660*a + 936 -18*a^3 + 252*a^2 - 1074*a + 1152 -12*a^3 + 144*a^2 - 444*a + 216 -18*a^3 + 228*a^2 - 786*a + 648 -6*a^3 + 108*a^2 - 606*a + 1008 -3*a^3 + 72*a^2 - 435*a + 738 12*a^3 - 186*a^2 + 708*a - 630 -3*a^3 + 30*a^2 - 57*a - 126 -12*a^3 + 180*a^2 - 696*a + 720 3*a^3 - 36*a^2 + 51*a + 162 -3*a^3 + 60*a^2 - 309*a + 432 6*a^3 - 90*a^2 + 348*a - 360 6*a^3 - 72*a^2 + 204*a - 162 12*a^3 - 186*a^2 + 816*a - 1098 9*a^3 - 144*a^2 + 663*a - 828 -9*a^3 + 150*a^2 - 669*a + 756 9*a^3 - 150*a^2 + 789*a - 1188 18*a^2 - 120*a + 270 12*a^2 - 120*a + 324 18*a^3 - 294*a^2 + 1446*a - 2034 12*a^3 - 180*a^2 + 816*a - 1152 18*a^3 - 234*a^2 + 690*a - 90 6*a^2 - 12*a - 90 18*a^3 - 246*a^2 + 816*a - 396 6*a+18 9*a^3 - 138*a^2 + 645*a - 936 30*a^3 - 462*a^2 + 1896*a - 2016 -6*a^3 + 78*a^2 - 246*a - 18 -18*a^3 + 288*a^2 - 1344*a + 1602 6*a^2 - 12*a - 90 -12*a^3 + 180*a^2 - 696*a + 720 -18*a^3 + 294*a^2 - 1326*a + 1602 -18*a^3 + 276*a^2 - 1182*a + 1404 -9*a^3 + 126*a^2 - 543*a + 558 12*a^3 - 204*a^2 + 960*a - 1296 9*a^3 - 114*a^2 + 231*a - 18 -3*a^3 + 30*a^2 - 147*a + 396 3*a^3 - 66*a^2 + 429*a - 810 -12*a^3 + 180*a^2 - 804*a + 1188 -15*a^3 + 204*a^2 - 723*a + 738 -3*a^3 + 36*a^2 - 39*a - 126 6*a^3 - 78*a^2 + 222*a - 54 9*a^3 - 126*a^2 + 519*a - 630 12*a^3 - 186*a^2 + 834*a - 1044 -6*a^3 + 108*a^2 - 606*a + 1008 -6*a^3 + 84*a^2 - 336*a + 450 -30*a^2 + 276*a - 486 -12*a^2 + 132*a - 288 -12*a^2 + 150*a - 234 over Number field with defining polynomial x^4-25*x^3+209*x^2-663*x+654
660*a^4 + 10920*a^3 + 48900*a^2 + 25920*a - 159360 -60*a^4 - 2760*a^3 - 20460*a^2 - 7440*a + 111360 -330*a^4 - 4380*a^3 - 16890*a^2 - 27840*a - 25440 -30*a^4 - 2340*a^3 - 30270*a^2 - 95520*a - 10080 -300*a^4 - 5160*a^3 - 26220*a^2 - 45120*a - 33600 0 -495*a^4 - 9030*a^3 - 45975*a^2 - 43860*a + 103680 240*a^4 + 3960*a^3 + 17640*a^2 - 240*a - 76800 120*a^4 + 3360*a^3 + 29280*a^2 + 88200*a + 55680 -690*a^4 - 12180*a^3 - 64770*a^2 - 87960*a + 74880 -240*a^4 - 2820*a^3 - 6780*a^2 + 9360*a + 45600 120*a^4 + 1920*a^3 + 9040*a^2 + 10520*a - 10080 -130*a^4 - 1500*a^3 - 1050*a^2 + 18200*a + 6880 -60*a^4 - 920*a^3 - 3020*a^2 + 15200*a + 62400 110*a^4 + 2780*a^3 + 18750*a^2 + 29240*a - 33280 100*a^4 + 2240*a^3 + 14980*a^2 + 18520*a - 52480 -110*a^4 - 1820*a^3 - 8150*a^2 - 4320*a + 26560 50*a^4 - 820*a^3 - 15030*a^2 - 40520*a + 17920 120*a^4 + 2400*a^3 + 12660*a^2 + 20580*a + 5280 90*a^4 + 1320*a^3 + 5670*a^2 + 3960*a - 4800 285*a^4 + 4710*a^3 + 21045*a^2 + 6360*a - 78240 -120*a^4 - 1560*a^3 - 3360*a^2 + 3840*a + 10560 660*a^4 + 10260*a^3 + 43380*a^2 + 20340*a - 97440 -195*a^4 - 2310*a^3 - 6075*a^2 + 4500*a + 2400 0 -90*a^4 - 1740*a^3 - 11190*a^2 - 27060*a - 20160 240*a^4 + 2580*a^3 + 2340*a^2 - 42600*a - 121440 -100*a^4 - 2520*a^3 - 17540*a^2 - 32320*a + 23360 115*a^4 + 1570*a^3 + 6255*a^2 + 1340*a - 33600 85*a^4 + 1770*a^3 + 10345*a^2 + 18520*a + 4960 -50*a^4 - 980*a^3 - 5090*a^2 - 760*a + 28320 -30*a^4 - 820*a^3 - 6670*a^2 - 18880*a - 10720 -70*a^4 - 780*a^3 - 990*a^2 + 12400*a + 32320 -130*a^4 - 2500*a^3 - 10930*a^2 - 1800*a + 37600 -195*a^4 - 3130*a^3 - 17695*a^2 - 36100*a - 4160 -275*a^4 - 5310*a^3 - 29515*a^2 - 39860*a + 37360 115*a^4 + 1850*a^3 + 7655*a^2 + 620*a - 27200 20*a^4 + 520*a^3 + 2840*a^2 - 100*a - 24240 5*a^4 + 130*a^3 + 1925*a^2 + 14180*a + 33520 -120*a^4 - 960*a^3 + 1560*a^2 + 14400*a + 3360 -20*a^4 - 360*a^3 - 620*a^2 + 13800*a + 47680 230*a^4 + 4060*a^3 + 21590*a^2 + 29320*a - 24960 110*a^4 + 1020*a^3 - 650*a^2 - 12960*a + 8000 230*a^4 + 4100*a^3 + 21190*a^2 + 26800*a - 17440 200*a^4 + 3060*a^3 + 14620*a^2 + 13320*a - 46400 130*a^4 + 2860*a^3 + 19810*a^2 + 48400*a + 33600 -290*a^4 - 4960*a^3 - 26890*a^2 - 46020*a + 7920 135*a^4 + 1790*a^3 + 10875*a^2 + 43520*a + 58080 -160*a^4 - 2040*a^3 - 8600*a^2 - 17520*a - 7680 150*a^4 + 2840*a^3 + 16230*a^2 + 24300*a - 15040 150*a^4 + 2840*a^3 + 16230*a^2 + 24300*a - 15040 -300*a^4 - 5680*a^3 - 32460*a^2 - 48600*a + 30080 150*a^4 + 2660*a^3 + 15350*a^2 + 19920*a - 37120 -65*a^4 - 1430*a^3 - 9905*a^2 - 24200*a - 16800 170*a^4 + 2640*a^3 + 10990*a^2 + 3080*a - 24160 -220*a^4 - 3720*a^3 - 17760*a^2 - 13260*a + 45440 -50*a^4 - 640*a^3 - 2190*a^2 + 3200*a + 22880 5*a^4 - 50*a^3 - 1395*a^2 - 7520*a - 14560 0 -10*a^4 - 120*a^3 + 50*a^2 + 3520*a + 6880 -40*a^4 - 920*a^3 - 7560*a^2 - 25080*a - 27200 -30*a^4 - 480*a^3 - 570*a^2 + 17320*a + 54560 -180*a^4 - 2740*a^3 - 12440*a^2 - 10080*a + 13920 115*a^4 + 970*a^3 + 215*a^2 - 10820*a - 13920 70*a^4 + 1320*a^3 + 9270*a^2 + 21660*a + 6720 185*a^4 + 3690*a^3 + 20545*a^2 + 29420*a - 19600 20*a^4 + 520*a^3 + 3020*a^2 + 7560*a + 9120 225*a^4 + 3900*a^3 + 20215*a^2 + 22060*a - 31680 -120*a^4 - 2040*a^3 - 8640*a^2 - 2160*a + 31520 70*a^4 + 1300*a^3 + 7030*a^2 + 5600*a - 23040 -90*a^4 - 1600*a^3 - 10470*a^2 - 20960*a + 640 -30*a^4 - 780*a^3 - 5910*a^2 - 6880*a + 19520 -95*a^4 - 1330*a^3 - 6135*a^2 - 16440*a - 35520 -185*a^4 - 2870*a^3 - 11005*a^2 + 9180*a + 66880 -20*a^4 - 560*a^3 - 4880*a^2 - 14700*a - 9280 -125*a^4 - 2270*a^3 - 11645*a^2 - 12040*a + 19920 40*a^4 + 1000*a^3 + 5840*a^2 + 3920*a - 18240 -75*a^4 - 810*a^3 - 1995*a^2 - 7280*a - 38880 70*a^4 + 1080*a^3 + 3330*a^2 - 6320*a - 17040 -120*a^4 - 820*a^3 + 1700*a^2 + 13240*a + 12800 -190*a^4 - 3820*a^3 - 20390*a^2 - 12960*a + 69280 155*a^4 + 2730*a^3 + 14475*a^2 + 20160*a - 12640 -140*a^4 - 1770*a^3 - 4350*a^2 + 9620*a + 21360 -50*a^4 - 1040*a^3 - 7510*a^2 - 21560*a - 20320 165*a^4 + 2510*a^3 + 12105*a^2 + 19940*a - 2720 35*a^4 + 270*a^3 + 335*a^2 + 1360*a + 11520 230*a^4 + 3960*a^3 + 21050*a^2 + 27960*a - 26880 85*a^4 + 1970*a^3 + 11965*a^2 + 15580*a - 15040 90*a^4 + 1210*a^3 + 3560*a^2 - 10260*a - 43040 75*a^4 + 1460*a^3 + 8105*a^2 + 6000*a - 30800 45*a^4 + 850*a^3 + 5225*a^2 + 10760*a + 3760 -65*a^4 - 1230*a^3 - 7525*a^2 - 12220*a + 7920 -140*a^4 - 2700*a^3 - 14320*a^2 - 12160*a + 41040 280*a^3 + 3960*a^2 + 15800*a + 13520 110*a^3 + 630*a^2 - 2700*a - 16000 350*a^3 + 2710*a^2 - 500*a - 20240 -740*a^3 - 7580*a^2 - 13000*a + 25840 over Number field with defining polynomial x^5+18*x^4+93*x^3+80*x^2-288*x-128
6*a^4 - 170*a^3 + 1584*a^2 - 5240*a + 3488 -10*a^4 + 270*a^3 - 2432*a^2 + 8096*a - 7184 -9*a^4 + 244*a^3 - 2187*a^2 + 6916*a - 4012 6*a^3 - 106*a^2 + 592*a - 1208 6*a^4 - 154*a^3 + 1328*a^2 - 4152*a + 2768 5*a^4 - 100*a^3 + 575*a^2 - 660*a - 260 4*a^4 - 118*a^3 + 1162*a^2 - 4052*a + 2416 2*a^3 + 34*a^2 - 608*a + 984 -6*a^4 + 150*a^3 - 1228*a^2 + 3472*a - 1856 -10*a^3 + 146*a^2 - 444*a - 16 -a^4 + 28*a^3 - 271*a^2 + 1112*a - 1828 -7*a^4 + 192*a^3 - 1769*a^2 + 5972*a - 4532 -a^4 + 28*a^3 - 235*a^2 + 628*a - 604 3*a^4 - 80*a^3 + 773*a^2 - 3004*a + 2948 -10*a^3 + 210*a^2 - 1212*a + 1344 4*a^4 - 106*a^3 + 914*a^2 - 2672*a + 1272 4*a^4 - 110*a^3 + 966*a^2 - 2840*a + 1352 a^4 - 32*a^3 + 367*a^2 - 1692*a + 2396 -4*a^3 + 100*a^2 - 680*a + 912 4*a^3 - 44*a^2 + 96*a - 368 -a^4 + 26*a^3 - 217*a^2 + 576*a + 4 -a^4 + 22*a^3 - 145*a^2 + 212*a + 236 -6*a^3 + 118*a^2 - 652*a + 560 a^4 - 24*a^3 + 187*a^2 - 496*a + 180 -10*a^3 + 190*a^2 - 920*a + 360 -8*a^2 + 104*a - 256 -2*a^4 + 52*a^3 - 454*a^2 + 1508*a - 1664 a^4 - 24*a^3 + 199*a^2 - 684*a + 908 a^4 - 28*a^3 + 291*a^2 - 1212*a + 1148 a^4 - 36*a^3 + 435*a^2 - 1876*a + 1324 3*a^4 - 88*a^3 + 845*a^2 - 2892*a + 2340 -2*a^4 + 46*a^3 - 304*a^2 + 408*a + 464 a^4 - 24*a^3 + 219*a^2 - 880*a + 1060 -a^4 + 32*a^3 - 319*a^2 + 1052*a - 588 a^4 - 20*a^3 + 115*a^2 - 116*a - 324 3*a^4 - 76*a^3 + 641*a^2 - 1956*a + 1428 2*a^4 - 54*a^3 + 472*a^2 - 1368*a + 608 -a^4 + 28*a^3 - 267*a^2 + 932*a - 524 2*a^4 - 54*a^3 + 456*a^2 - 1144*a - 176 a^4 - 32*a^3 + 335*a^2 - 1244*a + 828 a^4 - 28*a^3 + 251*a^2 - 740*a + 284 -10*a^3 + 158*a^2 - 632*a + 712 -6*a^3 + 102*a^2 - 460*a + 320 a^4 - 20*a^3 + 107*a^2 - 60*a - 164 -a^4 + 24*a^3 - 183*a^2 + 412*a + 292 -4*a^4 + 110*a^3 - 994*a^2 + 3252*a - 2864 3*a^4 - 84*a^3 + 817*a^2 - 3052*a + 2900 a^4 - 28*a^3 + 275*a^2 - 1084*a + 1196 -a^4 + 28*a^3 - 255*a^2 + 824*a - 756 10*a^3 - 174*a^2 + 808*a - 680 10*a^3 - 174*a^2 + 808*a - 680 10*a^3 - 182*a^2 + 864*a - 520 -a^4 + 20*a^3 - 79*a^2 - 272*a + 716 -3*a^4 + 80*a^3 - 693*a^2 + 2044*a - 948 6*a^3 - 114*a^2 + 648*a - 1048 -a^4 + 26*a^3 - 233*a^2 + 784*a - 508 -2*a^3 + 26*a^2 - 60*a + 32 2*a^4 - 46*a^3 + 336*a^2 - 792*a + 416 0 2*a^4 - 52*a^3 + 442*a^2 - 1320*a + 936 a^4 - 26*a^3 + 229*a^2 - 764*a + 724 3*a^4 - 80*a^3 + 693*a^2 - 2060*a + 1220 -2*a^4 + 60*a^3 - 586*a^2 + 2048*a - 1800 -a^4 + 32*a^3 - 335*a^2 + 1260*a - 1100 a^4 - 24*a^3 + 191*a^2 - 532*a + 236 a^4 - 24*a^3 + 191*a^2 - 580*a + 652 a^4 - 24*a^3 + 191*a^2 - 532*a + 236 -3*a^4 + 80*a^3 - 709*a^2 + 2268*a - 1732 -a^4 + 28*a^3 - 263*a^2 + 912*a - 740 -a^4 + 24*a^3 - 191*a^2 + 484*a + 180 -2*a^3 + 30*a^2 - 80*a - 184 -2*a^4 + 52*a^3 - 454*a^2 + 1412*a - 832 3*a^4 - 86*a^3 + 807*a^2 - 2644*a + 1580 -a^4 + 24*a^3 - 183*a^2 + 444*a - 252 -4*a^4 + 100*a^3 - 832*a^2 + 2488*a - 1664 -3*a^4 + 76*a^3 - 633*a^2 + 1900*a - 1588 -3*a^4 + 78*a^3 - 675*a^2 + 2104*a - 1444 -a^4 + 24*a^3 - 191*a^2 + 548*a - 508 -2*a^3 + 30*a^2 - 112*a - 40 -a^4 + 28*a^3 - 255*a^2 + 776*a - 340 2*a^3 - 42*a^2 + 220*a - 128 -2*a^4 + 52*a^3 - 442*a^2 + 1256*a - 248 a^4 - 24*a^3 + 187*a^2 - 512*a + 452 3*a^4 - 78*a^3 + 671*a^2 - 2084*a + 1660 a^4 - 24*a^3 + 183*a^2 - 380*a - 436 -a^4 + 30*a^3 - 297*a^2 + 1012*a - 340 3*a^4 - 80*a^3 + 697*a^2 - 2080*a + 1004 3*a^4 - 80*a^3 + 705*a^2 - 2232*a + 1676 a^4 - 28*a^3 + 247*a^2 - 704*a + 228 2*a^3 - 38*a^2 + 184*a - 72 a^4 - 30*a^3 + 289*a^2 - 972*a + 772 -2*a^4 + 52*a^3 - 442*a^2 + 1320*a - 936 -2*a^3 + 30*a^2 - 80*a - 184 -8*a^2 + 56*a + 160 2*a^3 - 38*a^2 + 184*a - 72 2*a^3 - 42*a^2 + 252*a - 272 4*a^2 - 68*a + 200 over Number field with defining polynomial x^5-32*x^4+373*x^3-1910*x^2+4012*x-2248
-1584*a^2 - 5136*a + 52704 2016*a^2 + 4464*a - 62832 2928*a^2 - 16368*a + 13680 1200*a^2 - 5832*a + 3240 576*a^2 + 2904*a - 21288 0 -900*a^2 - 2400*a + 28884 660*a^2 - 1068*a - 9576 840*a^2 + 552*a - 17688 288*a^2 + 1452*a - 10644 1416*a^2 - 6168*a - 1824 -1312*a^2 + 4712*a + 5912 -1744*a^2 + 8000*a - 944 -632*a^2 - 256*a + 13480 -136*a^2 + 2800*a - 9864 104*a^2 - 1456*a + 4088 264*a^2 + 856*a - 8784 1312*a^2 - 4712*a - 5912 -96*a^2 - 2742*a + 13986 450*a^2 + 1200*a - 14442 -456*a^2 + 3642*a - 6942 -2028*a^2 + 7182*a + 7326 1086*a^2 - 5634*a + 2964 1056*a^2 - 6558*a + 8562 0 -2058*a^2 + 6258*a + 12924 24*a^2 - 1008*a + 4332 260*a^2 - 432*a - 2164 -152*a^2 - 1044*a + 8124 524*a^2 - 2784*a + 1436 -672*a^2 + 3028*a + 68 52*a^2 - 728*a + 2044 364*a^2 - 1888*a + 1924 568*a^2 - 1572*a - 4156 280*a^2 + 184*a - 5896 -44*a^2 - 1212*a + 5592 200*a^2 - 972*a + 540 892*a^2 - 176*a - 15644 -348*a^2 + 1216*a + 964 -404*a^2 + 656*a + 5540 -1620*a^2 + 7160*a - 588 -96*a^2 - 484*a + 3548 764*a^2 - 3832*a + 3004 784*a^2 - 3216*a - 728 -184*a^2 + 300*a + 2348 -1128*a^2 + 4412*a + 3564 -208*a^2 + 2912*a - 8176 364*a^2 - 1888*a + 1924 288*a^2 - 1756*a + 1740 992*a^2 - 2920*a - 4936 -1096*a^2 + 4376*a + 848 104*a^2 - 1456*a + 4088 -136*a^2 + 2800*a - 9864 -1184*a^2 + 2902*a + 10086 -582*a^2 + 630*a + 8396 754*a^2 - 3486*a + 624 182*a^2 - 944*a + 962 -332*a^2 + 544*a + 3852 1748*a^2 - 5108*a - 11868 732*a^2 - 3438*a - 826 -952*a^2 + 2844*a + 5964 -64*a^2 + 2034*a - 7306 428*a^2 - 1664*a - 1208 584*a^2 + 14*a - 11706 -386*a^2 + 628*a + 5118 -2*a^2 + 1614*a - 7128 -146*a^2 - 1370*a + 8632 -188*a^2 - 988*a + 8968 322*a^2 - 852*a - 1986 1026*a^2 - 2966*a - 6716 -1300*a^2 + 5664*a + 736 -350*a^2 + 572*a + 4274 882*a^2 - 2088*a - 7586 -20*a^2 + 38*a - 514 -140*a^2 - 92*a + 2948 650*a^2 - 3634*a + 2728 -168*a^2 + 1886*a - 5202 -788*a^2 + 2582*a + 3102 -1178*a^2 + 4180*a + 4402 626*a^2 - 1022*a - 7796 -776*a^2 + 622*a + 12610 84*a^2 + 186*a - 2618 -186*a^2 + 310*a + 1412 -4*a^2 + 970*a - 3818 410*a^2 - 1636*a - 786 -796*a^2 + 2918*a + 1658 -150*a^2 + 1858*a - 5624 -446*a^2 + 1692*a + 1630 335*a^2 - 707*a - 3598 80*a^2 - 2231*a + 9221 -75*a^2 - 1002*a + 5503 341*a^2 + 244*a - 7159 194*a^2 - 319*a - 2091 145*a^2 - 883*a + 1338 -44*a^2 + 1521*a - 5819 -802*a+3096 1129*a-5219 over Number field with defining polynomial x^3-7*x^2+3*x+37
a vector of length 97 over Number field with defining polynomial a number field of degree 12
a vector of length 97 over Number field with defining polynomial a number field of degree 45
a vector of length 97 over Number field with defining polynomial a number field of degree 14
-32660 23368 -17204 -19412 6946 -15410 8188 21160 3841 6463 9982 1840 -5060 14398 12604 -3128 -20240 -7820 667 -11339 7015 7015 -6233 -506 -15410 15847 18883 5635 9568 -9890 12328 736 -2093 -5060 9292 1840 9568 -8648 -9200 5704 9844 -14996 16123 1840 -10166 10051 -3404 -12098 6118 -6026 -506 6532 -4646 -7268 -3404 11569 -644 -4163 -1610 1426 -2024 10810 -851 2254 6601 3082 -1679 -2576 -6923 10120 -8579 13225 -989 -230 -7061 7912 7843 -23 -7820 -8441 -4991 1357 -4784 -368 4807 391 115 -851 -23 -1334 4669 -3956 -9269 -782 2116 460 -3404 over Number field with defining polynomial x-3
-2576 -368 -920 -920 -3680 1840 1288 -1472 -920 1288 -368 1288 2392 -1472 736 184 736 1288 2668 1564 -92 -1196 -1472 -368 -920 1012 460 -1472 1840 736 -1472 736 1288 -368 -368 -920 -920 184 1288 -920 736 184 -368 736 -1472 -920 1288 -1472 -368 -368 -368 736 1840 -920 184 1012 -368 -1472 460 460 -92 736 -92 736 -368 184 -368 184 184 -368 -368 460 -644 -368 460 -1472 -92 184 184 184 736 -92 -368 -92 -368 -92 -368 -368 736 736 -92 -644 -368 460 -368 184 -92 over Number field with defining polynomial x-3
For conductor 5, eigenvectors are:
1 -1 -3 -1 -2 -1 0 0 -3 1 1 0 -1 1 1 -1 1 0 -1 -1 over Number field with defining polynomial x+4
a vector of length 20 over Number field with defining polynomial a number field of degree 14
-a^2 - 16*a - 59 a^2 + 8*a + 11 3*a^2 + 28*a + 61 -a^2 - 10*a - 25 -2*a^2 - 20*a - 50 a^2 + 12*a + 35 -a^2 - 11*a - 28 -2*a^2 - 18*a - 36 -a^2 - 10*a - 25 a^2 + 12*a + 39 -a-7 -2*a-10 a^2 + 12*a + 35 -a^2 - 6*a - 1 a^2 + 8*a + 11 -3*a-17 a+3 2*a+10 3*a+17 a+7 over Number field with defining polynomial x^3+18*x^2+97*x+152
2 -2 0 4 -1 -2 0 0 0 2 2 0 1 -1 -1 1 2 0 1 1 over Number field with defining polynomial x+1
4 16 0 8 -2 6 0 10 -10 4 -6 -5 -3 -2 -2 7 -1 5 2 -3 over Number field with defining polynomial x+1
For conductor 11, eigenvectors are:
-2*a-8 -a-5 a+5 2 -a-3 -2 -a-3 -a-5 a+5 -a-3 -2 over Number field with defining polynomial x^2+11*x+26
-4*a^6 - 62*a^5 - 356*a^4 - 928*a^3 - 1038*a^2 - 274*a + 152 2*a^8 + 40*a^7 + 310*a^6 + 1148*a^5 + 1878*a^4 + 110*a^3 - 3712*a^2 - 4344*a - 1500 a^8 + 21*a^7 + 173*a^6 + 696*a^5 + 1317*a^4 + 525*a^3 - 1934*a^2 - 2763*a - 1025 2*a^6 + 38*a^5 + 292*a^4 + 1149*a^3 + 2426*a^2 + 2601*a + 1103 a^7 + 19*a^6 + 137*a^5 + 449*a^4 + 547*a^3 - 340*a^2 - 1252*a - 667 -a^6 - 19*a^5 - 142*a^4 - 543*a^3 - 1113*a^2 - 1123*a - 411 -2*a^7 - 40*a^6 - 317*a^5 - 1268*a^4 - 2683*a^3 - 2809*a^2 - 1050*a + 126 a^7 + 20*a^6 + 154*a^5 + 579*a^4 + 1121*a^3 + 1108*a^2 + 565*a + 179 -a^6 - 14*a^5 - 69*a^4 - 121*a^3 + 71*a^2 + 441*a + 352 a^7 + 22*a^6 + 196*a^5 + 905*a^4 + 2292*a^3 + 3072*a^2 + 1861*a + 287 2*a^6 + 42*a^5 + 342*a^4 + 1384*a^3 + 2943*a^2 + 3146*a + 1336 over Number field with defining polynomial x^9+21*x^8+172*x^7+671*x^6+1074*x^5-652*x^4-4954*x^3-6759*x^2-3381*x-349
For conductor 55, eigenvectors are:
-12*a^2 - 48*a + 132 0 -6*a^2 - 12*a + 30 24*a-48 12*a^2 + 24*a - 84 8*a-24 15*a^2 - 54*a + 57 3*a^2 + 18*a - 51 3*a^2 + 6*a - 15 -6*a^2 - 36*a + 90 12*a^2 - 12*a - 24 -3*a^2 + 54*a - 81 0 -3*a^2 - 18*a + 27 -6*a^2 + 24*a - 18 4*a^2 - 16*a + 20 8*a-16 4*a^2 - 4*a - 8 -4*a^2 + 16*a - 20 4*a-4 -4*a^2 - 8*a + 28 32*a-64 2*a^2 + 12*a - 26 10*a^2 - 36*a + 30 -a^2 - 6*a + 13 4*a-4 3*a^2 + 14*a - 31 a^2 + 10*a - 25 3*a^2 + 10*a - 27 4*a^2 + 16*a - 48 -2*a^2 - 12*a + 30 2*a^2 + 12*a - 26 a^2 - 10*a + 15 -3*a^2 + 6*a - 1 a^2 - 30*a + 47 -4*a^2 + 28*a - 40 -8*a^2 + 12*a + 4 -10*a^2 + 38 -2*a^2 - 4*a + 14 20*a-48 -5*a^2 - 6*a + 25 -4*a+8 2*a^2 - 16*a + 22 20*a-28 20*a-36 6*a^2 - 18 -a^2 - 6*a + 17 a^2 + 6*a - 17 a^2 - 6*a + 7 -3*a^2 + 22*a - 29 -28*a+52 -5*a^2 + 6*a + 5 a^2 - 14*a + 23 -2*a^2 - 12*a + 26 a^2 + 6*a - 17 -4*a^2 + 4*a + 12 -4*a^2 + 12 -2*a^2 + 10 -2*a^2 + 6 4*a-4 -8*a+12 over Number field with defining polynomial x^3+x^2-19*x+25
-8 24*a^2 - 320*a + 696 -2*a^2 + 24*a - 34 -8*a^2 + 108*a - 268 4*a-36 4*a^2 - 48*a + 60 3*a^2 - 40*a + 91 7*a^2 - 92*a + 179 a^2 - 12*a + 1 2*a-26 -2*a^2 + 28*a - 82 -a^2 + 14*a - 47 -12*a^2 + 160*a - 332 -7*a^2 + 96*a - 231 -2*a^2 + 30*a - 92 -8 8*a^2 - 108*a + 236 -2*a^2 + 28*a - 74 8 -6*a^2 + 76*a - 142 8*a^2 - 108*a + 244 0 -2*a^2 + 28*a - 78 -2*a^2 + 28*a - 78 7*a^2 - 90*a + 169 -2*a^2 + 28*a - 74 -3*a^2 + 40*a - 79 -7*a^2 + 94*a - 201 7*a^2 - 92*a + 187 -6*a^2 + 78*a - 164 -4*a^2 + 54*a - 130 2*a^2 - 28*a + 78 a^2 - 12*a + 13 -a^2 + 14*a - 31 -3*a^2 + 38*a - 69 -2*a^2 + 24*a - 38 2*a^2 - 24*a + 38 -4 2*a-18 -2*a+14 a^2 - 14*a + 31 -8*a^2 + 102*a - 202 -2*a^2 + 26*a - 48 -2*a^2 + 24*a - 38 -2*a^2 + 28*a - 74 -4*a^2 + 52*a - 108 -5*a^2 + 68*a - 153 a^2 - 12*a + 13 a^2 - 18*a + 79 a^2 - 16*a + 57 -2*a^2 + 24*a - 38 -a^2 + 10*a + 1 a^2 - 14*a + 35 0 3*a^2 - 40*a + 91 -2*a^2 + 26*a - 56 -2*a^2 + 28*a - 70 2*a^2 - 26*a + 48 -4*a^2 + 52*a - 108 4 -2*a+18 over Number field with defining polynomial x^3-23*x^2+157*x-271
a vector of length 61 over Number field with defining polynomial a number field of degree 18
a vector of length 61 over Number field with defining polynomial a number field of degree 37
For conductor 17, eigenvectors are:
2 -2 -4 2 3 -1 2 2 1 1 1 0 -3 over Number field with defining polynomial x+1
2*a+8 2*a+8 0 2*a+8 -a-4 -3 a+1 -a-1 2*a+11 -a-4 3 -2*a-8 3 over Number field with defining polynomial x^2+4*x-3
-4*a-24 -a-3 -3*a-18 2*a+15 -a-9 -3*a-15 a+3 -4*a-24 -a -a 3*a+15 a+12 -3 over Number field with defining polynomial x^2+12*x+33
-2*a^5 - 22*a^4 - 54*a^3 + 46*a^2 + 108*a - 2 2*a^5 + 24*a^4 + 74*a^3 - 2*a^2 - 208*a - 166 2*a^4 + 26*a^3 + 64*a^2 - 42*a - 112 -2*a^5 - 24*a^4 - 64*a^3 + 28*a^2 + 114*a + 20 a^5 + 11*a^4 + 26*a^3 - 24*a^2 - 73*a - 24 -3*a^4 - 29*a^3 - 64*a^2 + 55*a + 126 a^5 + 13*a^4 + 40*a^3 - 16*a^2 - 107*a - 57 3*a^3 + 7*a^2 - 14*a - 24 a^5 + 11*a^4 + 24*a^3 - 30*a^2 - 40*a + 25 2*a^4 + 11*a^3 + 1*a^2 - 20*a - 9 -a^4 - 8*a^3 - 16*a^2 + 17*a + 35 2*a^3 + 6*a^2 - 33*a - 49 -8*a^3 - 41*a^2 - 15*a + 33 over Number field with defining polynomial x^6+12*x^5+33*x^4-25*x^3-112*x^2-10*x+67
-4 -4 0 4 2 -2 0 0 2 -2 -6 0 2 over Number field with defining polynomial x+3
-1 2 0 2 2 0 -2 -1 -1 2 0 -2 0 over Number field with defining polynomial x+3
For conductor 85, eigenvectors are:
-24 -48 48 -12 -24 20 30 -18 6 -30 -6 0 0 -12 30 -52 -18 28 -8 -24 0 -4 0 0 -20 0 -5 -8 10 -6 10 -26 8 -20 2 18 -18 16 2 4 -16 2 0 -8 -2 -4 0 16 6 16 8 8 -12 22 -12 -3 6 11 0 -5 1 5 11 -8 over Number field with defining polynomial x
48 12 -48 60 12 -8 -6 12 -6 30 30 18 0 -6 0 -16 -24 8 4 -24 -8 4 -36 16 24 6 -4 -8 0 2 -16 -2 -16 -2 0 0 2 -10 0 4 4 12 -6 8 6 2 14 14 6 12 6 0 -18 -6 -20 9 -9 12 -4 5 -1 3 -2 -1 over Number field with defining polynomial x-1
360*a^2 + 2064*a + 360 78*a^2 + 570*a + 720 -24*a^2 + 108*a + 1260 -36*a^2 - 480*a - 1668 -282*a^2 - 1494*a + 360 -68*a^2 - 308*a + 360 -78*a^2 - 612*a - 1242 -78*a^2 - 570*a - 720 18*a^2 + 240*a + 834 -84*a^2 - 222*a + 1374 144*a^2 + 594*a - 966 78*a^2 + 528*a + 198 0 72*a^2 + 276*a - 744 -72*a^2 - 234*a + 1266 -56*a^2 - 120*a + 1264 -34*a^2 - 368*a - 1006 44*a^2 + 416*a + 900 22*a^2 + 208*a + 450 40*a^2 + 248*a + 272 80*a^2 + 254*a - 990 -12*a^2 - 160*a - 556 52*a^2 + 352*a + 132 0 -56*a^2 - 548*a - 1108 -36*a^2 - 252*a - 308 26*a^2 + 190*a + 240 4*a^2 - 18*a - 210 -52*a^2 - 380*a - 480 28*a^2 + 288*a + 728 -52*a^2 - 380*a - 480 24*a^2 + 92*a - 248 22*a^2 - 6*a - 736 -48*a^2 - 198*a + 322 -102*a^2 - 676*a - 646 73*a^2 + 332*a - 413 -52*a^2 - 394*a - 654 -48*a^2 - 291*a - 97 42*a^2 + 332*a + 586 -16*a^2 - 142*a - 346 -64*a^2 - 540*a - 1036 24*a^2 + 106*a - 74 152*a^2 + 958*a + 638 4*a^2 - 18*a - 210 74*a^2 + 574*a + 756 -74*a^2 - 388*a + 82 26*a^2 + 176*a + 66 -52*a^2 - 366*a - 306 -54*a^2 - 264*a + 218 -53*a^2 - 329*a - 218 76*a^2 + 472*a + 232 50*a^2 + 296*a + 166 -34*a^2 - 354*a - 832 -26*a^2 - 176*a - 66 28*a^2 + 274*a + 554 14*a^2 + 144*a + 364 -36*a^2 - 138*a + 372 -13*a^2 + 12*a + 473 -18*a^2 - 226*a - 660 17*a^2 + 177*a + 416 -11*a^2 - 111*a - 312 -114*a-680 -22*a^2 - 101*a + 143 7*a+87 over Number field with defining polynomial x^3+9*x^2+17*x-11
-16*a+160 -12*a^2 + 180*a - 600 -9*a^2 + 118*a - 335 9*a^2 - 150*a + 567 8*a^2 - 124*a + 440 -8*a^2 + 112*a - 320 -3*a^2 + 48*a - 147 -3*a^2 + 40*a - 155 -7*a^2 + 100*a - 311 a^2 - 12*a + 9 -a^2 + 14*a - 51 -2*a^2 + 28*a - 102 -10*a^2 + 160*a - 490 7*a^2 - 104*a + 351 3*a^2 - 44*a + 151 -a^2 + 10*a - 11 -4*a^2 + 72*a - 276 -a^2 + 6*a - 15 12*a^2 - 172*a + 520 5*a^2 - 82*a + 287 4*a-40 3*a^2 - 50*a + 189 2*a^2 - 28*a + 102 0 -6*a^2 + 92*a - 298 -a^2 + 8*a - 13 -4*a^2 + 60*a - 200 -a^2 + 2*a + 25 -2*a^2 + 30*a - 100 8*a^2 - 122*a + 398 -2*a^2 + 30*a - 100 -6*a^2 + 92*a - 298 -3*a^2 + 44*a - 151 2*a^2 - 28*a + 102 3*a^2 - 46*a + 149 -2*a^2 + 32*a - 98 -7*a^2 + 106*a - 349 2*a^2 - 36*a + 138 -3*a^2 + 42*a - 109 -a^2 + 18*a - 91 a^2 - 20*a + 89 -a^2 + 16*a - 49 2*a^2 - 32*a + 98 -11*a^2 + 152*a - 475 -a^2 + 24*a - 129 a^2 - 18*a + 47 a^2 - 14*a + 51 3*a^2 - 46*a + 149 a^2 - 4*a - 27 2*a^2 - 24*a + 62 -4*a^2 + 62*a - 198 5*a^2 - 74*a + 251 a^2 - 4*a - 27 -a^2 + 14*a - 51 3*a^2 - 46*a + 149 -a^2 + 14*a - 51 -6*a^2 + 92*a - 298 -3*a^2 + 52*a - 187 2*a^2 - 26*a + 60 -3*a^2 + 42*a - 109 4*a^2 - 66*a + 238 -4*a+40 -2*a^2 + 24*a - 62 2*a+2 over Number field with defining polynomial x^3-21*x^2+137*x-281
a vector of length 64 over Number field with defining polynomial a number field of degree 38
a vector of length 64 over Number field with defining polynomial a number field of degree 18
For conductor 187, eigenvectors are:
a vector of length 67 over Number field with defining polynomial a number field of degree 42
a vector of length 67 over Number field with defining polynomial a number field of degree 10
a vector of length 67 over Number field with defining polynomial a number field of degree 13
-120*a+960 10*a-130 10*a-220 -120*a+960 5*a-20 5*a-35 -10*a+100 -30*a+240 -10*a+85 5*a+10 -35*a+350 45 -10*a+85 10*a-20 -10*a+80 -10*a+90 10*a-80 -10 20*a-160 30 20*a-300 -10*a+60 10*a-70 20*a-180 10*a-120 -20*a+80 -30*a+170 -20*a+100 -10*a+60 10*a-100 -5*a+65 10*a-65 5*a+15 -5*a+55 15 -5*a+65 -5*a+50 5*a-35 -10*a+75 15 -30*a+240 15 -30*a+240 10*a-85 10*a-90 10*a-165 10*a-80 10*a-95 10*a-95 20*a-150 -15*a+135 15*a-85 -10*a+85 25 -15 5*a-20 35 10*a-55 10*a-75 -5*a+85 -20 15 30 15*a-105 10*a-25 25 -15*a+150 over Number field with defining polynomial x^2-26*x+139
For conductor 935, eigenvectors are:
a vector of length 15 over Number field with defining polynomial a number field of degree 15
For conductor 1:
traces of hecke eigenvalues of T_{p^1} are:
15 40 400 2380 7240 12720 25260 30784 52060 70644 81400 106080 151740 208920 230764 305320 363024 394420 499360 578760 712980 922180 
computing eigenvalues for k = 1, took 9.951770 sec
traces of hecke eigenvalues of T_{p^2} are:
30 120 2800 
computing eigenvalues for k = 2, took 0.214021 sec
traces of hecke eigenvalues of T_{p^1} are:
-1 7 -36 6 104 19 -66 411 317 -454 -646 -164 -240 727 122 379 -387 654 -392 330 1965 -2165 
computing eigenvalues for k = 1, took 9.878810 sec
traces of hecke eigenvalues of T_{p^2} are:
-3 -2 92 
computing eigenvalues for k = 2, took 0.209750 sec
traces of hecke eigenvalues of T_{p^1} are:
9 22 34 136 484 594 804 1186 1612 1596 1504 1716 2940 3972 3172 5404 4938 5764 6718 7800 8640 8020 
computing eigenvalues for k = 1, took 9.871146 sec
traces of hecke eigenvalues of T_{p^2} are:
12 48 -128 
computing eigenvalues for k = 2, took 0.211046 sec
traces of hecke eigenvalues of T_{p^1} are:
-7 9 121 -34 -509 312 617 545 -7 -248 536 412 2957 -3674 -3537 950 -1657 -2342 2674 -1450 3379 2250 
computing eigenvalues for k = 1, took 9.933919 sec
traces of hecke eigenvalues of T_{p^2} are:
11 32 228 
computing eigenvalues for k = 2, took 0.212740 sec
traces of hecke eigenvalues of T_{p^1} are:
25 57 233 798 1315 2152 3401 4017 5913 7624 7416 9436 13133 13318 14031 18102 19927 21018 24162 27766 31859 39498 
computing eigenvalues for k = 1, took 9.952102 sec
traces of hecke eigenvalues of T_{p^2} are:
15 68 264 
computing eigenvalues for k = 2, took 0.213478 sec
traces of hecke eigenvalues of T_{p^1} are:
-18 -16 -60 343 55 -117 195 1182 79 -1342 -1122 2975 -2625 2638 3309 -1281 328 1297 -3200 -2220 7854 -6140 
computing eigenvalues for k = 1, took 9.999523 sec
traces of hecke eigenvalues of T_{p^2} are:
11 41 220 
computing eigenvalues for k = 2, took 0.212442 sec
traces of hecke eigenvalues of T_{p^1} are:
32 59 290 993 1955 2758 4545 5057 6554 8908 9628 12375 13275 18863 18559 23844 26953 26847 32350 35130 41229 44785 
computing eigenvalues for k = 1, took 9.971072 sec
traces of hecke eigenvalues of T_{p^2} are:
21 36 320 
computing eigenvalues for k = 2, took 0.210984 sec
traces of hecke eigenvalues of T_{p^1} are:
7 4 28 95 -133 281 -311 -580 -49 -436 -192 475 1401 1058 -273 645 -1168 1717 586 2194 -1528 -784 
computing eigenvalues for k = 1, took 9.955059 sec
traces of hecke eigenvalues of T_{p^2} are:
5 -17 30 
computing eigenvalues for k = 2, took 0.209793 sec
traces of hecke eigenvalues of T_{p^1} are:
82 147 711 2355 4557 6892 10906 12002 17073 20885 23411 26993 35276 42408 44372 54074 62042 65019 77139 87197 97811 112894 
computing eigenvalues for k = 1, took 9.960411 sec
traces of hecke eigenvalues of T_{p^2} are:
66 108 888 
computing eigenvalues for k = 2, took 0.218870 sec
traces of hecke eigenvalues of T_{p^1} are:
14 2 -100 -776 213 1032 1718 157 -1303 2467 -187 1999 627 4622 338 1617 12648 -11543 4841 2927 -2376 -8361 
computing eigenvalues for k = 1, took 10.146218 sec
traces of hecke eigenvalues of T_{p^2} are:
-53 -87 -619 
computing eigenvalues for k = 2, took 0.241424 sec
traces of hecke eigenvalues of T_{p^1} are:
81 155 756 2315 5074 7803 11225 13316 19355 22267 26581 30950 39798 49185 51981 62972 69700 73044 85089 94191 112423 131753 
computing eigenvalues for k = 1, took 9.925566 sec
traces of hecke eigenvalues of T_{p^2} are:
33 60 448 
computing eigenvalues for k = 2, took 0.217884 sec
traces of hecke eigenvalues of T_{p^1} are:
3 13 52 193 415 420 981 1027 1570 1842 1534 2385 2397 3597 3883 5332 4995 5665 7504 7194 6369 8605 
computing eigenvalues for k = 1, took 9.847076 sec
traces of hecke eigenvalues of T_{p^2} are:
-6 12 16 
computing eigenvalues for k = 2, took 0.216533 sec
traces of hecke eigenvalues of T_{p^1} are:
3 4 28 124 496 492 900 820 1348 1380 1744 2544 3180 3792 3892 4072 4404 5764 5836 7728 7236 9124 
computing eigenvalues for k = 1, took 10.128478 sec
traces of hecke eigenvalues of T_{p^2} are:
-6 -24 -176 
computing eigenvalues for k = 2, took 0.220127 sec
For conductor 5:
traces of hecke eigenvalues of T_{p^1} are:
-4 -3 10 -78 100 105 -66 179 41 -22 -136 450 52 -497 190 -243 -51 -754 452 -240 -771 -777 
computing eigenvalues for k = 1, took 257.002310 sec
traces of hecke eigenvalues of T_{p^2} are:
-1 -4 48 
computing eigenvalues for k = 2, took 0.517610 sec
traces of hecke eigenvalues of T_{p^1} are:
-31 -82 -133 38 -60 -991 117 -318 -1008 1097 -162 -2801 -2187 -425 604 126 -4839 -1273 -1602 1180 -1297 1699 
computing eigenvalues for k = 1, took 257.835224 sec
traces of hecke eigenvalues of T_{p^2} are:
-6 30 -359 
computing eigenvalues for k = 2, took 0.486264 sec
traces of hecke eigenvalues of T_{p^1} are:
-18 -13 -34 146 -160 -161 374 721 87 -1338 -1060 738 -2236 581 2442 -2125 -1241 1158 -2164 -3908 3135 193 
computing eigenvalues for k = 1, took 256.920484 sec
traces of hecke eigenvalues of T_{p^2} are:
21 28 128 
computing eigenvalues for k = 2, took 0.480071 sec
traces of hecke eigenvalues of T_{p^1} are:
-1 -3 19 -24 -161 114 9 41 -73 -724 164 126 -365 -998 -353 1044 -597 464 1778 510 915 -1590 
computing eigenvalues for k = 1, took 255.177518 sec
traces of hecke eigenvalues of T_{p^2} are:
2 8 12 
computing eigenvalues for k = 2, took 0.502363 sec
traces of hecke eigenvalues of T_{p^1} are:
-1 -8 -36 21 -61 -101 69 186 167 -334 -796 -89 405 -458 767 -791 -312 -831 -302 -1350 2550 -1280 
computing eigenvalues for k = 1, took 254.112559 sec
traces of hecke eigenvalues of T_{p^2} are:
-3 13 92 
computing eigenvalues for k = 2, took 0.490197 sec
For conductor 11:
traces of hecke eigenvalues of T_{p^1} are:
-11 -3 31 -102 -155 232 127 389 -707 -636 284 -48 753 -1502 -1375 802 1019 -806 602 -1222 3 54 
computing eigenvalues for k = 1, took 424.191963 sec
traces of hecke eigenvalues of T_{p^2} are:
13 16 -4 
computing eigenvalues for k = 2, took 0.599317 sec
traces of hecke eigenvalues of T_{p^1} are:
-21 -41 -91 136 -306 -430 -457 11 1005 -1061 -198 -549 1057 -2194 -992 549 -3716 -735 -1472 -64 -1968 1792 
computing eigenvalues for k = 1, took 421.109192 sec
traces of hecke eigenvalues of T_{p^2} are:
5 20 -35 
computing eigenvalues for k = 2, took 0.590821 sec
For conductor 55:
traces of hecke eigenvalues of T_{p^1} are:
-1 -3 69 -92 -247 606 935 245 -765 -680 1048 478 1215 -2754 -735 -172 -1297 -3152 3162 -1326 5243 -2162 
computing eigenvalues for k = 1, took 141.964177 sec
traces of hecke eigenvalues of T_{p^2} are:
4 24 84 
computing eigenvalues for k = 2, took 0.543416 sec
traces of hecke eigenvalues of T_{p^1} are:
23 33 153 532 1121 1986 3023 2849 3675 5224 6208 7246 8847 9990 12441 12692 14891 14368 19278 20586 26603 25774 
computing eigenvalues for k = 1, took 142.174024 sec
traces of hecke eigenvalues of T_{p^2} are:
24 12 24 
computing eigenvalues for k = 2, took 0.562078 sec
traces of hecke eigenvalues of T_{p^1} are:
110 204 1000 3190 6821 9711 15604 17385 24719 31077 34057 40649 51055 63232 66272 82156 92621 94739 111451 126927 143298 166936 
computing eigenvalues for k = 1, took 143.012147 sec
traces of hecke eigenvalues of T_{p^2} are:
60 96 800 
computing eigenvalues for k = 2, took 0.585113 sec
traces of hecke eigenvalues of T_{p^1} are:
31 6 69 -101 -668 1117 672 241 -740 712 81 4481 1775 937 -819 1405 5154 5327 1509 7633 -2611 -4589 
computing eigenvalues for k = 1, took 144.446128 sec
traces of hecke eigenvalues of T_{p^2} are:
-27 -90 -31 
computing eigenvalues for k = 2, took 0.574835 sec
For conductor 17:
traces of hecke eigenvalues of T_{p^1} are:
-1 -10 -36 125 -49 87 155 20 -261 -590 0 363 -971 -38 377 345 -166 -145 -1174 -1234 1846 -142 
computing eigenvalues for k = 1, took 413.678988 sec
traces of hecke eigenvalues of T_{p^2} are:
-3 15 92 
computing eigenvalues for k = 2, took 0.538015 sec
traces of hecke eigenvalues of T_{p^1} are:
-4 -12 -8 -68 40 162 -274 -276 292 206 40 -402 -436 246 418 406 -1128 -298 -766 2020 -1206 -1512 
computing eigenvalues for k = 1, took 426.206930 sec
traces of hecke eigenvalues of T_{p^2} are:
0 12 32 
computing eigenvalues for k = 2, took 0.568755 sec
traces of hecke eigenvalues of T_{p^1} are:
-12 -8 -26 24 -180 -88 -216 504 574 -312 -604 404 -800 -846 1388 -982 -1936 1672 -2538 -748 2466 -346 
computing eigenvalues for k = 1, took 421.466571 sec
traces of hecke eigenvalues of T_{p^2} are:
14 18 92 
computing eigenvalues for k = 2, took 0.552434 sec
traces of hecke eigenvalues of T_{p^1} are:
-12 -27 -19 15 -177 -477 76 -863 424 -349 804 116 -58 -2716 -883 274 -1106 1010 -156 -3014 -402 1430 
computing eigenvalues for k = 1, took 415.283372 sec
traces of hecke eigenvalues of T_{p^2} are:
12 11 -73 
computing eigenvalues for k = 2, took 0.559859 sec
traces of hecke eigenvalues of T_{p^1} are:
-3 2 -16 11 -35 -181 -97 -60 -151 248 -356 -465 23 56 381 425 102 939 -680 -346 -1560 -758 
computing eigenvalues for k = 1, took 417.645574 sec
traces of hecke eigenvalues of T_{p^2} are:
3 1 -48 
computing eigenvalues for k = 2, took 0.554983 sec
traces of hecke eigenvalues of T_{p^1} are:
-3 -4 2 0 -24 190 -102 18 -70 -456 352 -332 -16 0 -362 -44 -1274 80 -426 232 576 1000 
computing eigenvalues for k = 1, took 413.270423 sec
traces of hecke eigenvalues of T_{p^2} are:
-2 0 -56 
computing eigenvalues for k = 2, took 0.558918 sec
For conductor 85:
traces of hecke eigenvalues of T_{p^1} are:
0 0 -14 0 100 -40 -252 -154 -28 146 224 390 448 -380 274 978 -26 152 398 844 428 -1872 
computing eigenvalues for k = 1, took 135.575454 sec
traces of hecke eigenvalues of T_{p^2} are:
-5 -6 -18 
computing eigenvalues for k = 2, took 0.527998 sec
traces of hecke eigenvalues of T_{p^1} are:
1 -6 20 -53 -5 -5 -183 54 -33 -82 -168 657 -89 -2 859 433 -940 -1541 694 662 1498 270 
computing eigenvalues for k = 1, took 135.817780 sec
traces of hecke eigenvalues of T_{p^2} are:
-3 -1 -24 
computing eigenvalues for k = 2, took 0.523994 sec
traces of hecke eigenvalues of T_{p^1} are:
-9 0 -8 175 -153 93 45 584 25 -486 -1020 1229 -61 1240 3215 -1073 -326 1515 -2462 1242 5628 -2512 
computing eigenvalues for k = 1, took 137.131609 sec
traces of hecke eigenvalues of T_{p^2} are:
3 15 76 
computing eigenvalues for k = 2, took 0.522019 sec
traces of hecke eigenvalues of T_{p^1} are:
21 45 202 565 987 1818 2655 2909 3910 5664 5430 6869 9479 10975 12365 14002 15649 16845 18868 23652 25653 28043 
computing eigenvalues for k = 1, took 136.079576 sec
traces of hecke eigenvalues of T_{p^2} are:
18 60 416 
computing eigenvalues for k = 2, took 0.522335 sec
traces of hecke eigenvalues of T_{p^1} are:
29 23 42 -44 -976 2216 1380 -270 -272 644 391 4366 1001 2299 -5583 3038 5959 -1044 -1407 10753 -2124 497 
computing eigenvalues for k = 1, took 135.490575 sec
traces of hecke eigenvalues of T_{p^2} are:
-25 -59 -521 
computing eigenvalues for k = 2, took 0.538462 sec
traces of hecke eigenvalues of T_{p^1} are:
102 210 980 3062 6895 9757 16186 17725 25511 30901 33279 40283 50895 64604 66906 79418 92621 94197 112799 120857 141614 168988 
computing eigenvalues for k = 1, took 135.797011 sec
traces of hecke eigenvalues of T_{p^2} are:
36 120 640 
computing eigenvalues for k = 2, took 0.524382 sec
For conductor 187:
traces of hecke eigenvalues of T_{p^1} are:
11 4 -35 -355 361 622 1756 671 -738 1237 -177 2434 2939 1947 872 2993 9902 -4454 2979 1891 7526 -11136 
computing eigenvalues for k = 1, took 166.197606 sec
traces of hecke eigenvalues of T_{p^2} are:
-32 -86 -519 
computing eigenvalues for k = 2, took 0.537100 sec
traces of hecke eigenvalues of T_{p^1} are:
64 131 543 1835 3801 5860 9152 10218 14679 17587 18535 22925 30244 34986 36658 44344 51970 53037 62035 68329 82325 95760 
computing eigenvalues for k = 1, took 164.981285 sec
traces of hecke eigenvalues of T_{p^2} are:
42 124 344 
computing eigenvalues for k = 2, took 0.512069 sec
traces of hecke eigenvalues of T_{p^1} are:
74 148 712 2250 5013 7149 11162 12269 18329 21373 24233 28967 37189 46636 49676 59110 66181 69185 83353 91947 101194 120096 
computing eigenvalues for k = 1, took 164.903188 sec
traces of hecke eigenvalues of T_{p^2} are:
27 72 496 
computing eigenvalues for k = 2, took 0.513049 sec
traces of hecke eigenvalues of T_{p^1} are:
18 26 124 370 706 872 1650 1982 2636 3784 3780 4566 5454 5846 6338 8260 9898 10038 12376 14340 15850 20074 
computing eigenvalues for k = 1, took 164.571112 sec
traces of hecke eigenvalues of T_{p^2} are:
24 24 192 
computing eigenvalues for k = 2, took 0.510650 sec
For conductor 935:
traces of hecke eigenvalues of T_{p^1} are:
-45 -70 -193 -278 -10 -581 111 916 140 -815 -1534 -1845 -2227 -4015 780 -554 -1103 479 -2532 -5298 3393 -1025 
computing eigenvalues for k = 1, took 252.639643 sec
traces of hecke eigenvalues of T_{p^2} are:
11 8 -59 
computing eigenvalues for k = 2, took 0.545580 sec
