constructing eigenvector for poly
x-15
constructing eigenvector for poly
x-2
constructing eigenvector for poly
x^23-134*x^22+8460*x^21-334616*x^20+9300135*x^19-193110415*x^18+3109287379*x^17-39770318403*x^16+410704838466*x^15-3461429480460*x^14+23971524207658*x^13-136911736032622*x^12+645507607368663*x^11-2508328552292487*x^10+7999692391390039*x^9-20792781766187615*x^8+43588650419163967*x^7-72618232919566312*x^6+94177384361685968*x^5-92322730601004072*x^4+65507084960354128*x^3-31409382059456032*x^2+8992394105005952*x-1143634016427520
constructing eigenvector for poly
x^26-150*x^25+10664*x^24-478027*x^23+15163074*x^22-362083854*x^21+6760826344*x^20-101211316609*x^19+1235812977634*x^18-12455342118664*x^17+104471410466454*x^16-733154579410093*x^15+4317732670678998*x^14-21360241189045806*x^13+88687584362487028*x^12-308205789771347231*x^11+892306243986244625*x^10-2137562967426256798*x^9+4197478397488233182*x^8-6672436880366253400*x^7+8444525015147734868*x^6-8320474069311724200*x^5+6189111595495766792*x^4-3324780664022009904*x^3+1204100591318799520*x^2-260098519718334400*x+25026341140752000
constructing eigenvector for poly
x^10+18*x^9+115*x^8+292*x^7+45*x^6-1084*x^5-1538*x^4+931*x^2+186*x-139
constructing eigenvector for poly
x^58+22*x^57-146*x^56-6119*x^55-1931*x^54+785721*x^53+2116892*x^52-62046823*x^51-242047309*x^50+3387465936*x^49+15576958868*x^48-136277201829*x^47-680188447982*x^46+4202785710939*x^45+21675305766606*x^44-101965686780856*x^43-523608206264242*x^42+1979163059711515*x^41+9806670730916888*x^40-31048344926015645*x^39-144409438507975409*x^38+395658629020888644*x^37+1686687012951634181*x^36-4100285221707014136*x^35-15707644305444231656*x^34+34490944639394711169*x^33+116952027192989786174*x^32-234519912735732973257*x^31-696806143375326609686*x^30+1281147808992737116528*x^29+3320743368814509465396*x^28-5578956477570677969581*x^27-12641003097703449014199*x^26+19177485769310792760539*x^25+38356468177260222678190*x^24-51406683933225088329736*x^23-92492721526853833981586*x^22+105790963564285111739242*x^21+176409521845954923076153*x^20-163615805823150913950314*x^19-263894066843991570495943*x^18+184123047201692492464933*x^17+305047637170872380646110*x^16-142245284727847603236064*x^15-265835891683593446238354*x^14+65547274429381991920924*x^13+168017016428394663442528*x^12-8148983053567568823256*x^11-72495600127828993544616*x^10-9070157703709075429328*x^9+19268925788889988331152*x^8+5471034646457181111008*x^7-2517747193863708675712*x^6-1215740789678402768512*x^5+33879749572308035584*x^4+92982731996672050176*x^3+16306057050090619904*x^2+910146078036828160*x+14411326439751680
constructing eigenvector for poly
x^9+42*x^8+757*x^7+7687*x^6+48485*x^5+197071*x^4+516418*x^3+841824*x^2+775359*x+307844
constructing eigenvector for poly
x^10+18*x^9+115*x^8+292*x^7+45*x^6-1084*x^5-1538*x^4+931*x^2+186*x-139
constructing eigenvector for poly
x^6+17*x^5+109*x^4+332*x^3+495*x^2+337*x+82
constructing eigenvector for poly
x^21-118*x^20+6524*x^19-224605*x^18+5397504*x^17-96192062*x^16+1318462864*x^15-14225362461*x^14+122646057410*x^13-852934653498*x^12+4809168672084*x^11-22018652712727*x^10+81721264834536*x^9-244639796415042*x^8+585594044386968*x^7-1106195062519327*x^6+1617863404433941*x^5-1781976656731824*x^4+1418164257435368*x^3-763224851550928*x^2+246247261471328*x-35621103493792
constructing eigenvector for poly
x^41-8*x^40-163*x^39+1543*x^38+10149*x^37-125841*x^36-259528*x^35+5674812*x^34-1122731*x^33-155293813*x^32+255479257*x^31+2656217417*x^30-7564139200*x^29-27819600414*x^28+119779359604*x^27+156156107679*x^26-1173594884779*x^25-100910484099*x^24+7390541160953*x^23-5092142566493*x^22-29796265429506*x^21+39041215066924*x^20+73232261135525*x^19-148636113694204*x^18-91173944059783*x^17+332717417340311*x^16-6679467059918*x^15-440388154903349*x^14+188658566093391*x^13+315797472897070*x^12-250758198838694*x^11-87125130644771*x^10+136432807898664*x^9-14789640728520*x^8-27338958011786*x^7+9436180349092*x^6+839076360744*x^5-868840855864*x^4+142754241336*x^3-6734226320*x^2-214975152*x+16957920
computing eigenvectors took 1.652287 sec
For conductor 1, eigenvectors are:
-1 -1 -1 -1 -1 -1 -1 -1 -1 -1 -1 -1 -1 -1 -1 -1 -1 -1 -1 -1 -1 -1 -1 -1 -1 -1 -1 -1 -1 -1 -1 -1 -1 -1 -1 -1 -1 -1 -1 -1 -1 -1 -1 -1 -1 -1 -1 -1 -1 -1 -1 -1 -1 -1 -1 -1 -1 -1 -1 -1 -1 -1 -1 -1 -1 -1 -1 -1 -1 -1 -1 -1 -1 -1 -1 -1 -1 -1 -1 -1 -1 -1 -1 -1 -1 -1 -1 -1 -1 -1 -1 -1 -1 -1 -1 -1 -1 -1 -1 -1 -1 -1 -1 -1 -1 -1 -1 -1 -1 -1 -1 -1 -1 -1 -1 -1 -1 -1 -1 over Number field with defining polynomial x-15
64 -24 44 8 16 -20 20 -28 -40 -16 -10 -22 14 -14 14 36 -2 16 12 14 18 0 8 36 -24 -12 -40 1 0 7 7 0 8 -18 1 -15 -19 31 4 10 -14 26 -10 -4 -16 4 -8 10 -8 14 0 2 -24 -4 18 6 4 -2 -10 -6 0 -16 14 14 6 -8 10 14 6 10 -12 18 8 4 -6 -11 -24 6 -2 18 -17 6 3 8 -11 11 -7 6 10 12 -2 15 0 -9 -1 16 -3 10 0 2 -9 -8 0 8 -12 14 -14 -8 8 -18 -18 -6 2 10 -5 -14 10 -3 -1 over Number field with defining polynomial x-2
a vector of length 119 over Number field with defining polynomial a number field of degree 23
a vector of length 119 over Number field with defining polynomial a number field of degree 26
a vector of length 119 over Number field with defining polynomial a number field of degree 10
a vector of length 119 over Number field with defining polynomial a number field of degree 58
For conductor 3, eigenvectors are:
2*a^8 + 76*a^7 + 1208*a^6 + 10492*a^5 + 54502*a^4 + 173570*a^3 + 331442*a^2 + 347750*a + 153918 2*a^8 + 72*a^7 + 1094*a^6 + 9176*a^5 + 46546*a^4 + 146452*a^3 + 279512*a^2 + 296224*a + 133626 -4*a^7 - 134*a^6 - 1856*a^5 - 13770*a^4 - 59018*a^3 - 145858*a^2 - 192158*a - 104098 -2*a^8 - 74*a^7 - 1156*a^6 - 9958*a^5 - 51772*a^4 - 166502*a^3 - 323794*a^2 - 348486*a - 159120 -2*a^8 - 74*a^7 - 1146*a^6 - 9698*a^5 - 49052*a^4 - 151898*a^3 - 281472*a^2 - 285822*a - 122052 2*a^8 + 76*a^7 + 1218*a^6 + 10752*a^5 + 57222*a^4 + 188174*a^3 + 373764*a^2 + 410414*a + 190986 -4*a^7 - 132*a^6 - 1796*a^5 - 13046*a^4 - 54620*a^3 - 131774*a^2 - 169616*a - 89940 4*a^7 + 122*a^6 + 1544*a^5 + 10520*a^4 + 41672*a^3 + 95912*a^2 + 118696*a + 60938 -4*a^7 - 134*a^6 - 1840*a^5 - 13410*a^4 - 56078*a^3 - 134762*a^2 - 172594*a - 91066 2*a^6 + 50*a^5 + 510*a^4 + 2680*a^3 + 7574*a^2 + 10846*a + 6146 -2*a^8 - 78*a^7 - 1278*a^6 - 11504*a^5 - 62312*a^4 - 208236*a^3 - 419756*a^2 - 467134*a - 220004 2*a^8 + 78*a^7 + 1278*a^6 + 11504*a^5 + 62312*a^4 + 208236*a^3 + 419756*a^2 + 467134*a + 220004 2*a^6 + 32*a^5 + 156*a^4 + 50*a^3 - 1660*a^2 - 4506*a - 3578 a^7 + 24*a^6 + 219*a^5 + 923*a^4 + 1513*a^3 - 1046*a^2 - 6265*a - 5417 -5*a^6 - 126*a^5 - 1263*a^4 - 6474*a^3 - 17931*a^2 - 25460*a - 14501 -a^8 - 38*a^7 - 611*a^6 - 5423*a^5 - 29048*a^4 - 96156*a^3 - 192163*a^2 - 212119*a - 99129 9*a^6 + 240*a^5 + 2545*a^4 + 13751*a^3 + 39922*a^2 + 59045*a + 34824 a^6 + 17*a^5 + 75*a^4 - 130*a^3 - 1761*a^2 - 4359*a - 3443 -a^7 - 24*a^6 - 228*a^5 - 1100*a^4 - 2828*a^3 - 3571*a^2 - 1411*a + 555 over Number field with defining polynomial x^9+42*x^8+757*x^7+7687*x^6+48485*x^5+197071*x^4+516418*x^3+841824*x^2+775359*x+307844
a vector of length 19 over Number field with defining polynomial a number field of degree 10
For conductor 211, eigenvectors are:
a^4 + 11*a^3 + 39*a^2 + 49*a + 16 a^4 + 12*a^3 + 47*a^2 + 67*a + 28 -a^3 - 7*a^2 - 13*a - 4 a^5 + 14*a^4 + 69*a^3 + 148*a^2 + 137*a + 42 -a^2 - 6*a - 6 2*a^3 + 12*a^2 + 19*a + 8 over Number field with defining polynomial x^6+17*x^5+109*x^4+332*x^3+495*x^2+337*x+82
For conductor 633, eigenvectors are:
a vector of length 62 over Number field with defining polynomial a number field of degree 21
a vector of length 62 over Number field with defining polynomial a number field of degree 41
For conductor 1:
traces of hecke eigenvalues of T_{p^1} are:
15 156 400 1464 2380 5220 7240 12720 25260 30784 52060 70644 81400 106080 151740 208920 230764 305320 363024 394420 499360 578760 712980 922180 
computing eigenvalues for k = 1, took 26.575612 sec
traces of hecke eigenvalues of T_{p^2} are:
30 780 2800 
computing eigenvalues for k = 2, took 0.285780 sec
traces of hecke eigenvalues of T_{p^1} are:
2 33 86 135 159 192 399 656 624 1080 1727 1456 1985 2109 2220 3560 3452 4030 5697 5072 6457 8040 7254 10456 
computing eigenvalues for k = 1, took 26.784011 sec
traces of hecke eigenvalues of T_{p^2} are:
-9 42 288 
computing eigenvalues for k = 2, took 0.285830 sec
traces of hecke eigenvalues of T_{p^1} are:
134 599 1256 2853 4057 6656 8543 12394 18947 22384 31477 38580 42939 50682 63036 79738 85709 105079 115708 127115 145360 160720 179256 217280 
computing eigenvalues for k = 1, took 26.749928 sec
traces of hecke eigenvalues of T_{p^2} are:
57 6 848 
computing eigenvalues for k = 2, took 0.291033 sec
traces of hecke eigenvalues of T_{p^1} are:
150 762 1364 3370 4798 7894 9970 13546 22510 25516 36310 44488 48416 57734 73302 90406 99958 116608 128706 140754 162382 176516 204768 245210 
computing eigenvalues for k = 1, took 26.887107 sec
traces of hecke eigenvalues of T_{p^2} are:
60 516 512 
computing eigenvalues for k = 2, took 0.288886 sec
traces of hecke eigenvalues of T_{p^1} are:
-18 -48 38 24 118 -154 610 -76 -4 492 -418 -2 -82 120 -526 1360 1168 2818 568 1274 1160 -990 -1824 728 
computing eigenvalues for k = 1, took 16.531330 sec
traces of hecke eigenvalues of T_{p^2} are:
-12 16 -72 
computing eigenvalues for k = 2, took 0.287173 sec
traces of hecke eigenvalues of T_{p^1} are:
-22 -8 159 -596 658 271 646 138 -930 951 3587 1224 4456 -563 938 -1604 4096 1223 -7263 8811 -2044 -776 -2773 8667 
computing eigenvalues for k = 1, took 17.089927 sec
traces of hecke eigenvalues of T_{p^2} are:
-34 -187 -105 
computing eigenvalues for k = 2, took 0.362610 sec
For conductor 3:
traces of hecke eigenvalues of T_{p^1} are:
-42 -107 -88 -167 -187 -372 170 -280 -649 -49 -274 -953 -69 -1365 -304 161 -596 -1428 1789 -2253 2118 -220 899 -2550 
computing eigenvalues for k = 1, took 418.684787 sec
traces of hecke eigenvalues of T_{p^2} are:
33 79 -101 
computing eigenvalues for k = 2, took 0.712979 sec
traces of hecke eigenvalues of T_{p^1} are:
-18 -48 38 24 118 -154 610 -76 -4 492 -418 -2 -82 120 -526 1360 1168 2818 568 1274 1160 -990 -1824 728 
computing eigenvalues for k = 1, took 422.654906 sec
traces of hecke eigenvalues of T_{p^2} are:
-12 16 -72 
computing eigenvalues for k = 2, took 0.705758 sec
For conductor 211:
traces of hecke eigenvalues of T_{p^1} are:
-17 -26 -109 92 -278 -1 -80 233 -59 -360 -760 -556 -136 -303 -923 1416 -505 -589 964 -1240 1056 -190 -1696 -1722 
computing eigenvalues for k = 1, took 744.338356 sec
traces of hecke eigenvalues of T_{p^2} are:
7 -15 103 
computing eigenvalues for k = 2, took 0.757087 sec
For conductor 633:
traces of hecke eigenvalues of T_{p^1} are:
118 605 1072 2691 3609 6298 7631 10918 17758 20082 28121 35644 38563 46099 59054 74704 76272 93158 105839 111596 130241 145542 170010 196990 
computing eigenvalues for k = 1, took 151.182008 sec
traces of hecke eigenvalues of T_{p^2} are:
39 354 176 
computing eigenvalues for k = 2, took 0.671503 sec
traces of hecke eigenvalues of T_{p^1} are:
8 77 -238 105 -171 1182 -784 945 1610 -1586 -267 4203 -1151 3339 3645 3557 -1197 -6080 1830 3950 -7742 -608 2064 2777 
computing eigenvalues for k = 1, took 151.494924 sec
traces of hecke eigenvalues of T_{p^2} are:
-21 -89 -297 
computing eigenvalues for k = 2, took 0.686913 sec
