constructing eigenvector for poly
x-15
constructing eigenvector for poly
x^2-10*x+23
constructing eigenvector for poly
x^2-14*x+46
constructing eigenvector for poly
x^4+4*x^3-16*x^2-40*x+4
constructing eigenvector for poly
x^10+10*x^9-x^8-171*x^7-209*x^6+600*x^5+830*x^4-271*x^3-259*x^2+95*x-8
constructing eigenvector for poly
x^14-80*x^13+2886*x^12-62079*x^11+887192*x^10-8885393*x^9+64104852*x^8-337256889*x^7+1295121955*x^6-3597397263*x^5+7082969914*x^4-9543270328*x^3+8285074896*x^2-4136904096*x+895506144
constructing eigenvector for poly
x^16-90*x^15+3708*x^14-92687*x^13+1570558*x^12-19091719*x^11+171842258*x^10-1165303099*x^9+5999240657*x^8-23446424471*x^7+69056910942*x^6-150948810334*x^5+238655721956*x^4-261860161888*x^3+186121427552*x^2-75382197376*x+12761583296
constructing eigenvector for poly
x^12+7*x^11-23*x^10-204*x^9+104*x^8+1731*x^7+122*x^6-5829*x^5-1550*x^4+7428*x^3+2995*x^2-2680*x-1264
computing eigenvectors took 0.112570 sec
For conductor 1, eigenvectors are:
-1 -1 -1 -1 -1 -1 -1 -1 -1 -1 -1 -1 -1 -1 -1 -1 -1 -1 -1 -1 -1 -1 -1 -1 -1 -1 -1 -1 -1 -1 -1 -1 -1 over Number field with defining polynomial x-15
48 48 -24*a+72 -12*a+60 36*a-156 24*a-88 12*a-48 12*a-48 12*a-48 6*a-42 12*a-48 6*a-42 -12*a+60 -12*a+60 6*a-42 -8 -8 -8 -4*a+24 8*a-44 -16*a+64 -4*a+24 -20*a+68 14*a-50 4*a-12 2*a-10 -2*a+22 -8*a+28 -6*a+26 -6*a+26 -8 -2*a+22 -8 over Number field with defining polynomial x^2-10*x+23
176*a-1232 504*a-4200 332*a-2840 74*a-800 74*a-800 176*a-1232 117*a-1140 -8*a-58 -86*a+746 -125*a+1148 -172*a+1426 -43*a+406 -129*a+1086 66 246*a-2160 -12*a-120 90*a-552 4*a+128 -4*a+4 -4*a+4 -82*a+808 168*a-1356 82*a-676 -43*a+406 -4*a+4 66 -47*a+344 35*a-398 -129*a+1086 39*a-336 -47*a+344 -4*a+4 66 over Number field with defining polynomial x^2-14*x+46
-144*a-384 0 12*a^3 + 72*a^2 - 24*a - 144 12*a^3 + 78*a^2 + 36*a - 180 12*a^3 + 78*a^2 + 36*a - 180 24*a+64 -6*a^3 - 39*a^2 - 18*a + 90 -3*a^3 - 21*a^2 - 60*a - 42 18*a^2 + 84*a + 96 3*a^3 - 90*a - 132 3*a^3 + 3*a^2 - 24*a - 54 -3*a^3 + 90*a + 132 -9*a^3 - 39*a^2 + 72*a + 222 -18*a^2 - 48*a -3*a^3 - 18*a^2 + 6*a + 36 -8*a^3 - 52*a^2 - 24*a + 120 -8*a^3 - 64*a^2 - 128*a - 72 -2*a^3 - 12*a^2 + 28*a + 88 a^3 + 10*a^2 - 30*a - 64 5*a^3 + 26*a^2 - 42*a - 168 4*a^3 + 24*a^2 + 16*a + 16 -2*a^3 - 12*a^2 + 16*a + 56 4*a^3 + 40*a^2 + 88*a - 8 3*a^3 + 25*a^2 + 44*a + 22 -a^3 - 7*a^2 + 4*a + 50 7*a^2 + 50*a + 58 -6*a^2 - 52*a - 96 -6*a^2 - 16*a -a^3 - 6*a^2 - 22*a - 52 4*a^3 + 25*a^2 + 14*a - 22 -a^3 - 6*a^2 + 14*a + 44 a^2 + 22*a + 26 -a^2 - 34*a - 58 over Number field with defining polynomial x^4+4*x^3-16*x^2-40*x+4
a vector of length 33 over Number field with defining polynomial a number field of degree 10
a vector of length 33 over Number field with defining polynomial a number field of degree 14
For conductor 11, eigenvectors are:
For conductor 29, eigenvectors are:
For conductor 319, eigenvectors are:
a vector of length 28 over Number field with defining polynomial a number field of degree 16
a vector of length 28 over Number field with defining polynomial a number field of degree 12
For conductor 1:
traces of hecke eigenvalues of T_{p^1} are:
15 40 156 400 2380 5220 7240 12720 30784 52060 70644 81400 106080 151740 208920 230764 305320 363024 394420 499360 578760 712980 922180 
computing eigenvalues for k = 1, took 8.153997 sec
traces of hecke eigenvalues of T_{p^2} are:
30 120 780 2800 
computing eigenvalues for k = 2, took 0.243968 sec
traces of hecke eigenvalues of T_{p^1} are:
10 14 50 96 338 672 540 1156 1690 3124 3484 3462 4382 6726 6180 6616 9432 9564 11452 12898 15156 16780 19036 
computing eigenvalues for k = 1, took 8.342160 sec
traces of hecke eigenvalues of T_{p^2} are:
0 -24 -12 -32 
computing eigenvalues for k = 2, took 0.250384 sec
traces of hecke eigenvalues of T_{p^1} are:
14 22 62 132 444 488 832 1006 1950 2866 3980 3724 4240 5232 7714 8404 9866 9546 10404 12956 14412 14178 21206 
computing eigenvalues for k = 1, took 8.196685 sec
traces of hecke eigenvalues of T_{p^2} are:
12 8 60 256 
computing eigenvalues for k = 2, took 0.251850 sec
traces of hecke eigenvalues of T_{p^1} are:
-4 8 -16 40 108 -384 600 -380 304 -484 1728 740 -356 -772 1740 1192 1508 -3060 368 316 1600 -5108 2836 
computing eigenvalues for k = 1, took 8.284137 sec
traces of hecke eigenvalues of T_{p^2} are:
8 28 92 192 
computing eigenvalues for k = 2, took 0.249202 sec
traces of hecke eigenvalues of T_{p^1} are:
-10 -11 -53 59 96 -48 -48 -81 658 274 -833 -317 -183 -574 -1147 395 1064 977 -575 4175 -160 -2373 -575 
computing eigenvalues for k = 1, took 8.263024 sec
traces of hecke eigenvalues of T_{p^2} are:
-14 -28 -170 102 
computing eigenvalues for k = 2, took 0.252892 sec
traces of hecke eigenvalues of T_{p^1} are:
80 167 377 774 2459 4094 5353 7350 13784 19285 23060 26625 30356 39087 46969 52977 62593 71002 74721 88150 96499 110132 131732 
computing eigenvalues for k = 1, took 8.394520 sec
traces of hecke eigenvalues of T_{p^2} are:
30 108 78 592 
computing eigenvalues for k = 2, took 0.249185 sec
For conductor 11:
For conductor 29:
For conductor 319:
traces of hecke eigenvalues of T_{p^1} are:
90 183 439 858 2849 4508 5651 8680 15374 22013 25838 29463 35648 45811 56271 58971 72227 80652 84569 99144 109353 122054 152178 
computing eigenvalues for k = 1, took 149.958319 sec
traces of hecke eigenvalues of T_{p^2} are:
30 92 138 464 
computing eigenvalues for k = 2, took 0.665782 sec
traces of hecke eigenvalues of T_{p^1} are:
-7 -21 -65 81 -99 -40 300 316 720 -717 401 876 -362 -581 -1680 -1839 1995 654 -1649 5116 708 3272 -1118 
computing eigenvalues for k = 1, took 140.950244 sec
traces of hecke eigenvalues of T_{p^2} are:
-27 -20 -36 -462 
computing eigenvalues for k = 2, took 0.632719 sec
