constructing eigenvector for poly
x+14
constructing eigenvector for poly
x+5
constructing eigenvector for poly
x+12
constructing eigenvector for poly
x-3
constructing eigenvector for poly
x-156
constructing eigenvector for poly
x-28
constructing eigenvector for poly
x^3+24*x^2+53*x-146
constructing eigenvector for poly
x^2-54*x+712
constructing eigenvector for poly
x^2-54*x+409
constructing eigenvector for poly
x^2-72*x+1296
constructing eigenvector for poly
x^2-80*x+1600
constructing eigenvector for poly
x^2-440*x+48400
constructing eigenvector for poly
x^2-360*x+32400
constructing eigenvector for poly
x^2-800*x+160000
constructing eigenvector for poly
x^2-52*x+676
constructing eigenvector for poly
x^2-60*x+900
constructing eigenvector for poly
x^2-300*x+22500
constructing eigenvector for poly
x^2-760*x+144400
constructing eigenvector for poly
x^2-640*x+102400
constructing eigenvector for poly
x^2-22*x+121
constructing eigenvector for poly
x^2-140*x+4900
constructing eigenvector for poly
x^2-220*x+12100
constructing eigenvector for poly
x^2-520*x+67600
constructing eigenvector for poly
x^2-720*x+129600
constructing eigenvector for poly
x^3-33*x^2+363*x-1331
constructing eigenvector for poly
x^3+90*x^2+2700*x+27000
constructing eigenvector for poly
x^3-270*x^2+24300*x-729000
constructing eigenvector for poly
x^3+480*x^2+76800*x+4096000
constructing eigenvector for poly
x^3-60*x^2+1200*x-8000
constructing eigenvector for poly
x-11
constructing eigenvector for poly
x-3
constructing eigenvector for poly
x+13
constructing eigenvector for poly
x-19
constructing eigenvector for poly
x-4
constructing eigenvector for poly
x+13
constructing eigenvector for poly
x-12
constructing eigenvector for poly
x-24
constructing eigenvector for poly
x-44
constructing eigenvector for poly
x-30
constructing eigenvector for poly
x+9
constructing eigenvector for poly
x^2-54*x+592
constructing eigenvector for poly
x^2-5*x+2
constructing eigenvector for poly
x-23
constructing eigenvector for poly
x-23
constructing eigenvector for poly
x+5
constructing eigenvector for poly
x-4
constructing eigenvector for poly
x-24
constructing eigenvector for poly
x+4
constructing eigenvector for poly
x^2-32*x+256
constructing eigenvector for poly
x^2-48*x+576
constructing eigenvector for poly
x^2-288*x+20736
constructing eigenvector for poly
x^2-608*x+92416
constructing eigenvector for poly
x^2-904*x+204304
constructing eigenvector for poly
x+5
computing eigenvectors took 53.583771 sec
For conductor 1, eigenvectors are:
24 12 -18 -12 6 -4 -8 0 3 0 4 -2 6 -6 -2 -2 -1 6 0 2 2 -2 over Number field with defining polynomial x+14
-6 6 0 3 3 -2 2 0 -3 0 -1 -1 0 0 -1 -1 1 0 0 1 1 -1 over Number field with defining polynomial x+5
-12 -6 -6 6 0 4 -2 3 6 -3 0 -6 4 2 1 1 0 2 -2 3 -3 -1 over Number field with defining polynomial x+12
6 -6 -6 -3 -9 -2 10 -6 -3 6 3 -3 -2 2 1 1 3 2 -2 0 0 -1 over Number field with defining polynomial x-3
-1 -1 -1 -1 -1 -1 -1 -1 -1 -1 -1 -1 -1 -1 -1 -1 -1 -1 -1 -1 -1 -1 over Number field with defining polynomial x-156
-3 3 3 -1 -3 1 -5 -2 -1 2 1 -1 1 -1 2 2 1 -1 1 0 0 -2 over Number field with defining polynomial x-28
12*a^2 + 276*a + 1176 -12*a^2 - 204*a + 528 12*a^2 + 336*a + 1572 -6*a^2 - 138*a - 588 -6*a^2 - 198*a - 984 -20*a^2 - 452*a - 1088 4*a^2 + 28*a - 440 12*a^2 + 300*a + 720 -42*a+30 -12*a^2 - 300*a - 720 -2*a^2 + 2*a - 84 -2*a^2 - 58*a - 480 4*a^2 + 88*a - 44 20*a+132 2*a^2 + 34*a - 88 2*a^2 + 34*a - 88 4*a^2 + 98*a + 534 20*a+132 -20*a-132 -4*a+76 4*a-76 -2*a^2 - 34*a + 88 over Number field with defining polynomial x^3+24*x^2+53*x-146
22*a-664 14*a-472 18*a-488 14*a-344 18*a-520 -10*a+232 -2*a+40 -6*a+136 8*a-192 6*a-136 -2*a+72 2*a-104 -6*a+216 5*a-148 4*a-128 4*a-128 -8*a+224 5*a-148 -5*a+148 -16 16 -4*a+128 over Number field with defining polynomial x^2-54*x+712
26*a-654 18*a-182 -4*a-116 27*a-625 -7*a+149 6*a+174 14*a-298 10*a-62 5*a+145 -10*a+62 17*a-563 -17*a+211 -16*a+240 -6*a+178 a+29 a+29 -5*a+207 -6*a+178 6*a-178 -176 176 -a-29 over Number field with defining polynomial x^2-54*x+409
1 1 1 -1 -1 1 1 2 -1 2 -1 -1 1 0 0 0 -1 0 0 0 0 0 over Number field with defining polynomial x-400
-24 24 0 -24 0 -8 8 0 12 0 8 0 0 4 -8 8 -4 -4 0 0 0 0 over Number field with defining polynomial x-320
0 0 -24 16 -8 -16 -16 8 -8 8 -8 0 -8 8 -8 8 0 8 8 -4 -4 0 over Number field with defining polynomial x-360
24 -24 0 -12 36 8 -8 0 -12 0 4 -12 0 8 -4 4 4 -8 0 0 0 0 over Number field with defining polynomial x-20
For conductor 2, eigenvectors are:
1 over Number field with defining polynomial x-11
For conductor 3, eigenvectors are:
1 1 over Number field with defining polynomial x-3
1 -1 over Number field with defining polynomial x+13
For conductor 6, eigenvectors are:
12 -2 -6 -2 1 1 over Number field with defining polynomial x-19
-6 -4 -2 1 2 2 over Number field with defining polynomial x-4
0 -2 2 -2 1 -1 over Number field with defining polynomial x+13
0 1 -1 1 2 -2 over Number field with defining polynomial x-12
3 -3 1 2 -1 -1 over Number field with defining polynomial x-24
4 1 3 1 2 2 over Number field with defining polynomial x-44
For conductor 11, eigenvectors are:
For conductor 22, eigenvectors are:
0 -1 2 6 1 1 2 -4 over Number field with defining polynomial x-30
0 2 2 0 -2 -2 -1 -1 over Number field with defining polynomial x+9
6*a-204 3*a-36 4*a-92 4*a-180 5*a-148 -a+56 44 4*a-136 over Number field with defining polynomial x^2-54*x+592
12 2*a-4 -2*a+4 0 2*a-8 2 -a+2 -a+2 over Number field with defining polynomial x^2-5*x+2
4 -2 0 -2 2 -2 1 -1 over Number field with defining polynomial x-23
0 2 -4 2 -2 -2 3 1 over Number field with defining polynomial x-23
For conductor 33, eigenvectors are:
6 2 -2 -2 0 -3 over Number field with defining polynomial x+5
3 -2 -1 2 0 0 over Number field with defining polynomial x-4
2 1 2 1 1 0 over Number field with defining polynomial x-24
-3 2 -3 2 2 0 over Number field with defining polynomial x+4
0 -2 0 -2 2 0 over Number field with defining polynomial x-452
For conductor 66, eigenvectors are:
1 over Number field with defining polynomial x+5
For conductor 1:
traces of hecke eigenvalues of T_{p^1} are:
-14 10 50 120 -120 70 20 4 -120 64 -10 -610 -10 -100 -6 -460 54 180 810 1600 -280 1320 
computing eigenvalues for k = 1, took 8.372812 sec
traces of hecke eigenvalues of T_{p^2} are:
-10 -40 
computing eigenvalues for k = 2, took 0.233592 sec
traces of hecke eigenvalues of T_{p^1} are:
-5 -2 14 36 48 -155 -298 -59 -99 214 26 368 -592 335 -54 251 519 -30 354 -614 1049 -1317 
computing eigenvalues for k = 1, took 8.417389 sec
traces of hecke eigenvalues of T_{p^2} are:
-34 -112 
computing eigenvalues for k = 2, took 0.257450 sec
traces of hecke eigenvalues of T_{p^1} are:
-12 52 -4 16 44 128 24 -408 60 -280 52 904 76 -904 916 -80 728 -868 -972 1232 180 -284 
computing eigenvalues for k = 1, took 8.408285 sec
traces of hecke eigenvalues of T_{p^2} are:
28 144 
computing eigenvalues for k = 2, took 0.231523 sec
traces of hecke eigenvalues of T_{p^1} are:
3 10 74 16 44 -79 198 57 -51 -526 -206 904 -560 -373 1282 -281 515 446 -1446 -262 2049 -1157 
computing eigenvalues for k = 1, took 8.392273 sec
traces of hecke eigenvalues of T_{p^2} are:
22 0 
computing eigenvalues for k = 2, took 0.227950 sec
traces of hecke eigenvalues of T_{p^1} are:
156 400 2380 5220 7240 12720 25260 30784 52060 70644 81400 106080 151740 208920 230764 305320 363024 394420 499360 578760 712980 922180 
computing eigenvalues for k = 1, took 8.425055 sec
traces of hecke eigenvalues of T_{p^2} are:
780 2800 
computing eigenvalues for k = 2, took 0.229240 sec
traces of hecke eigenvalues of T_{p^1} are:
28 80 204 356 424 496 1068 832 1244 1524 1944 2784 2620 2872 4332 4744 5840 5556 5664 7208 8724 9028 
computing eigenvalues for k = 1, took 8.358176 sec
traces of hecke eigenvalues of T_{p^2} are:
12 240 
computing eigenvalues for k = 2, took 0.232683 sec
traces of hecke eigenvalues of T_{p^1} are:
-24 -2 -122 -80 200 96 -240 286 -502 492 54 -154 -114 346 -402 938 -580 -696 1238 -1196 946 -1362 
computing eigenvalues for k = 1, took 8.377586 sec
traces of hecke eigenvalues of T_{p^2} are:
-42 -136 
computing eigenvalues for k = 2, took 0.229207 sec
traces of hecke eigenvalues of T_{p^1} are:
54 122 362 508 764 1002 1348 1920 2648 2712 3952 4198 5342 7588 7558 9328 9346 11064 12758 14440 14264 20980 
computing eigenvalues for k = 1, took 8.406368 sec
traces of hecke eigenvalues of T_{p^2} are:
12 176 
computing eigenvalues for k = 2, took 0.232343 sec
traces of hecke eigenvalues of T_{p^1} are:
54 56 320 604 572 1038 1684 2190 2954 3696 3412 4312 4664 6298 7324 9394 10978 10872 12692 13948 16298 19318 
computing eigenvalues for k = 1, took 8.380825 sec
traces of hecke eigenvalues of T_{p^2} are:
12 -352 
computing eigenvalues for k = 2, took 0.228466 sec
traces of hecke eigenvalues of T_{p^1} are:
36 40 220 180 400 720 900 904 1660 1764 1840 2160 3060 2880 3244 5440 5904 5620 5800 6480 8820 10660 
computing eigenvalues for k = 1, took 8.390631 sec
traces of hecke eigenvalues of T_{p^2} are:
60 -80 
computing eigenvalues for k = 2, took 0.229849 sec
traces of hecke eigenvalues of T_{p^1} are:
26 30 150 380 320 370 780 984 1340 2144 2300 1750 3210 3340 3914 3520 5874 4860 5770 6840 8580 9520 
computing eigenvalues for k = 1, took 8.402522 sec
traces of hecke eigenvalues of T_{p^2} are:
0 -160 
computing eigenvalues for k = 2, took 0.229773 sec
traces of hecke eigenvalues of T_{p^1} are:
11 70 110 260 360 445 990 1109 1205 1494 1650 2160 3320 3975 3114 4995 3999 5330 6250 7330 8905 9915 
computing eigenvalues for k = 1, took 11.919155 sec
traces of hecke eigenvalues of T_{p^2} are:
-90 160 
computing eigenvalues for k = 2, took 0.220587 sec
traces of hecke eigenvalues of T_{p^1} are:
11 -30 90 -160 20 145 30 129 365 -286 -310 280 -120 -365 194 415 579 510 -1310 -990 2145 475 
computing eigenvalues for k = 1, took 8.384042 sec
traces of hecke eigenvalues of T_{p^2} are:
30 80 
computing eigenvalues for k = 2, took 0.231548 sec
For conductor 2:
traces of hecke eigenvalues of T_{p^1} are:
11 -30 90 -160 20 145 30 129 365 -286 -310 280 -120 -365 194 415 579 510 -1310 -990 2145 475 
computing eigenvalues for k = 1, took 307.314419 sec
traces of hecke eigenvalues of T_{p^2} are:
30 80 
computing eigenvalues for k = 2, took 0.482303 sec
For conductor 3:
traces of hecke eigenvalues of T_{p^1} are:
3 10 74 16 44 -79 198 57 -51 -526 -206 904 -560 -373 1282 -281 515 446 -1446 -262 2049 -1157 
computing eigenvalues for k = 1, took 311.789891 sec
traces of hecke eigenvalues of T_{p^2} are:
22 0 
computing eigenvalues for k = 2, took 0.480610 sec
traces of hecke eigenvalues of T_{p^1} are:
-13 -6 42 -16 -100 49 -234 201 -115 -238 194 808 96 -389 1154 -137 -573 318 -278 -1686 705 -1733 
computing eigenvalues for k = 1, took 312.451531 sec
traces of hecke eigenvalues of T_{p^2} are:
6 32 
computing eigenvalues for k = 2, took 0.471850 sec
For conductor 6:
traces of hecke eigenvalues of T_{p^1} are:
19 -38 -22 48 92 -15 -138 297 141 -46 -254 616 -448 891 514 -905 643 -706 -822 -2006 1089 187 
computing eigenvalues for k = 1, took 146.830173 sec
traces of hecke eigenvalues of T_{p^2} are:
38 96 
computing eigenvalues for k = 2, took 0.496512 sec
traces of hecke eigenvalues of T_{p^1} are:
4 -8 28 -12 -48 80 132 -168 -484 124 116 -144 372 576 44 -160 -512 524 1048 -296 -36 -748 
computing eigenvalues for k = 1, took 147.546529 sec
traces of hecke eigenvalues of T_{p^2} are:
8 -64 
computing eigenvalues for k = 2, took 0.490614 sec
traces of hecke eigenvalues of T_{p^1} are:
-13 -6 42 -16 -100 49 -234 201 -115 -238 194 808 96 -389 1154 -137 -573 318 -278 -1686 705 -1733 
computing eigenvalues for k = 1, took 203.903494 sec
traces of hecke eigenvalues of T_{p^2} are:
6 32 
computing eigenvalues for k = 2, took 0.487634 sec
traces of hecke eigenvalues of T_{p^1} are:
12 64 172 324 280 624 636 976 1180 1812 2344 2688 3276 2856 4204 4888 4752 5428 6832 5784 7380 8452 
computing eigenvalues for k = 1, took 203.628644 sec
traces of hecke eigenvalues of T_{p^2} are:
-84 112 
computing eigenvalues for k = 2, took 0.485313 sec
traces of hecke eigenvalues of T_{p^1} are:
24 42 188 198 282 520 862 952 1456 1714 1406 2296 3572 2936 4104 4080 5328 5904 5458 7564 8364 9952 
computing eigenvalues for k = 1, took 145.520880 sec
traces of hecke eigenvalues of T_{p^2} are:
-12 -64 
computing eigenvalues for k = 2, took 0.510598 sec
traces of hecke eigenvalues of T_{p^1} are:
44 32 108 388 472 560 732 1072 1436 2004 1896 2496 2732 4136 3564 4120 5968 4404 6288 5464 7764 10372 
computing eigenvalues for k = 1, took 145.887429 sec
traces of hecke eigenvalues of T_{p^2} are:
108 -144 
computing eigenvalues for k = 2, took 0.499336 sec
For conductor 11:
For conductor 22:
traces of hecke eigenvalues of T_{p^1} are:
30 58 94 240 340 558 816 1000 1300 2076 1768 2802 2454 4092 4186 4552 5238 5236 5446 7416 9012 8704 
computing eigenvalues for k = 1, took 203.396000 sec
traces of hecke eigenvalues of T_{p^2} are:
24 64 
computing eigenvalues for k = 2, took 0.491227 sec
traces of hecke eigenvalues of T_{p^1} are:
-9 -2 -14 -24 172 99 30 67 217 42 -482 -96 -120 -483 -782 817 1857 -74 -362 6 9 475 
computing eigenvalues for k = 1, took 204.057295 sec
traces of hecke eigenvalues of T_{p^2} are:
6 16 
computing eigenvalues for k = 2, took 0.483732 sec
traces of hecke eigenvalues of T_{p^1} are:
54 128 386 590 698 894 1526 1656 2612 3558 3178 4130 5722 5996 7210 9568 10190 10692 13460 12932 17056 20320 
computing eigenvalues for k = 1, took 134.261305 sec
traces of hecke eigenvalues of T_{p^2} are:
12 224 
computing eigenvalues for k = 2, took 0.483928 sec
traces of hecke eigenvalues of T_{p^1} are:
5 -12 44 52 148 37 -58 -257 -27 -70 50 -366 734 237 860 -531 123 -82 308 6 -515 -1557 
computing eigenvalues for k = 1, took 134.516104 sec
traces of hecke eigenvalues of T_{p^2} are:
-78 -80 
computing eigenvalues for k = 2, took 0.489189 sec
traces of hecke eigenvalues of T_{p^1} are:
23 50 142 228 416 559 878 1175 1633 1686 2214 2072 2856 3441 3946 3861 4125 5154 6078 5478 7105 8475 
computing eigenvalues for k = 1, took 133.880103 sec
traces of hecke eigenvalues of T_{p^2} are:
-18 0 
computing eigenvalues for k = 2, took 0.474643 sec
traces of hecke eigenvalues of T_{p^1} are:
23 30 234 352 284 579 886 699 1377 1250 1782 2032 3616 4365 3234 4433 6113 4382 6846 6814 6793 9243 
computing eigenvalues for k = 1, took 201.683943 sec
traces of hecke eigenvalues of T_{p^2} are:
-18 -160 
computing eigenvalues for k = 2, took 0.484085 sec
For conductor 33:
traces of hecke eigenvalues of T_{p^1} are:
-5 10 -10 52 -24 11 -66 -133 341 150 174 264 -152 585 -702 -1203 -159 266 -290 638 65 363 
computing eigenvalues for k = 1, took 135.843812 sec
traces of hecke eigenvalues of T_{p^2} are:
-18 16 
computing eigenvalues for k = 2, took 0.495080 sec
traces of hecke eigenvalues of T_{p^1} are:
4 -32 -28 76 12 -64 132 -88 -532 -96 102 -264 -140 -72 492 684 720 476 -416 -88 -88 -180 
computing eigenvalues for k = 1, took 134.944067 sec
traces of hecke eigenvalues of T_{p^2} are:
-42 64 
computing eigenvalues for k = 2, took 0.480934 sec
traces of hecke eigenvalues of T_{p^1} are:
24 48 152 288 324 452 896 856 1228 1832 2180 2372 2464 3736 3000 4848 5292 5004 6376 7520 8292 9364 
computing eigenvalues for k = 1, took 135.205690 sec
traces of hecke eigenvalues of T_{p^2} are:
-12 -16 
computing eigenvalues for k = 2, took 0.482253 sec
traces of hecke eigenvalues of T_{p^1} are:
-4 -8 -44 36 -12 88 -84 72 -4 152 -46 -456 -84 96 -220 -220 224 -316 664 2312 816 908 
computing eigenvalues for k = 1, took 136.244244 sec
traces of hecke eigenvalues of T_{p^2} are:
2 -16 
computing eigenvalues for k = 2, took 0.490502 sec
traces of hecke eigenvalues of T_{p^1} are:
16 24 144 304 452 620 816 840 1580 1816 1364 1916 2424 3560 4352 4096 4020 5964 6304 7344 7044 8980 
computing eigenvalues for k = 1, took 202.961118 sec
traces of hecke eigenvalues of T_{p^2} are:
-60 -208 
computing eigenvalues for k = 2, took 0.492861 sec
For conductor 66:
traces of hecke eigenvalues of T_{p^1} are:
-5 10 -10 52 -24 11 -66 -133 341 150 174 264 -152 585 -702 -1203 -159 266 -290 638 65 363 
computing eigenvalues for k = 1, took 312.391037 sec
traces of hecke eigenvalues of T_{p^2} are:
-18 16 
computing eigenvalues for k = 2, took 0.476085 sec
