constructing eigenvector for poly
x-15
constructing eigenvector for poly
x-5
constructing eigenvector for poly
x-7
constructing eigenvector for poly
x^3+3*x^2-17*x+5
constructing eigenvector for poly
x^3+5*x^2-9*x-37
constructing eigenvector for poly
x^4-21*x^3+148*x^2-404*x+360
constructing eigenvector for poly
x^30-8*x^29-132*x^28+1279*x^27+5312*x^26-76396*x^25-21162*x^24+2155308*x^23-3388280*x^22-30696506*x^21+88006748*x^20+212774706*x^19-970991213*x^18-495055404*x^17+5615714300*x^16-1828232581*x^15-18302958136*x^14+14222627338*x^13+34516897722*x^12-36505402080*x^11-38090595140*x^10+47137645460*x^9+25382823524*x^8-33054855268*x^7-10424201864*x^6+12327377832*x^5+2434580368*x^4-2166465168*x^3-193203200*x^2+136159040*x-10615424
constructing eigenvector for poly
x^27-160*x^26+12165*x^25-584852*x^24+19958985*x^23-514526944*x^22+10410936769*x^21-169601309019*x^20+2264042056705*x^19-25076963303231*x^18+232505403360393*x^17-1815497538003251*x^16+11985196946231549*x^15-67028125889205763*x^14+317675514099503693*x^13-1274353073332741913*x^12+4314648155734518970*x^11-12273757027432852789*x^10+29145495132282220534*x^9-57267292495900949293*x^8+92022997533018829446*x^7-119061905214220387721*x^6+121452346797875158606*x^5-94867722090172536088*x^4+54380223412079621848*x^3-21392845001811347136*x^2+5116881677928333760*x-555792517586772800
constructing eigenvector for poly
x^6+22*x^5+189*x^4+808*x^3+1798*x^2+1952*x+796
constructing eigenvector for poly
x^2+10*x+23
constructing eigenvector for poly
x^4+20*x^3+134*x^2+364*x+340
constructing eigenvector for poly
x^24-3*x^23-90*x^22+303*x^21+3084*x^20-11371*x^19-52628*x^18+213109*x^17+479712*x^16-2190085*x^15-2289670*x^14+12557111*x^13+5134645*x^12-38956190*x^11-4541696*x^10+60948198*x^9+5719120*x^8-45732420*x^7-11170344*x^6+13913944*x^5+6571348*x^4-7248*x^3-457096*x^2-83552*x-4432
constructing eigenvector for poly
x^20-114*x^19+6069*x^18-200446*x^17+4602081*x^16-77997262*x^15+1011432797*x^14-10264246834*x^13+82688416887*x^12-533301852890*x^11+2764774001451*x^10-11523902374710*x^9+38487678437679*x^8-102259043447214*x^7+213637266953267*x^6-344881270760074*x^5+419268148494792*x^4-369135274519560*x^3+220933914282624*x^2-79971391914816*x+13138639728832
computing eigenvectors took 0.357399 sec
For conductor 1, eigenvectors are:
-1 -1 -1 -1 -1 -1 -1 -1 -1 -1 -1 -1 -1 -1 -1 -1 -1 -1 -1 -1 -1 -1 -1 -1 -1 -1 -1 -1 -1 -1 -1 -1 -1 -1 -1 -1 -1 -1 -1 -1 -1 -1 -1 -1 -1 -1 -1 -1 -1 -1 -1 -1 -1 -1 -1 -1 -1 -1 -1 -1 -1 -1 -1 -1 -1 -1 -1 -1 -1 -1 over Number field with defining polynomial x-15
2 10 -2 0 -14 4 4 -3 1 -2 -8 -5 -2 8 0 0 2 -2 -2 0 -4 -2 4 -4 -2 -4 1 1 -4 -1 5 0 -4 0 -1 4 2 4 6 1 1 0 0 -6 -4 -2 2 1 -1 1 -2 1 0 1 1 -1 -1 -1 0 1 -1 2 2 0 -2 3 -2 0 2 -2 over Number field with defining polynomial x-5
-8 0 -8 4 8 -8 8 -4 4 -2 -4 -10 -4 4 -4 0 -8 0 -2 -2 -2 8 2 0 0 2 2 3 -9 -3 -2 2 2 4 0 -2 0 -3 1 2 2 -2 2 2 0 -1 -1 5 1 -4 6 -3 0 -3 -4 0 -2 1 -3 -1 1 1 2 0 3 1 1 -1 2 -1 over Number field with defining polynomial x-7
-72*a^2 + 144*a + 216 -72*a^2 - 432*a + 504 72*a^2 + 288*a - 648 -36*a^2 - 144*a + 324 0 24*a^2 - 48*a - 72 24*a^2 + 240*a - 72 36*a^2 + 72*a + 36 -36*a^2 - 288*a + 180 72*a+72 -36*a^2 + 36 -36*a^2 - 72*a - 36 -12*a^2 + 144*a + 12 -48*a-48 24*a^2 + 96*a - 216 24*a^2 + 96*a - 216 -36*a^2 - 168*a + 156 -48*a-48 -48*a-48 24*a^2 - 96*a + 24 48*a-240 24*a^2 + 144*a - 168 -48*a^2 + 168*a - 72 12*a^2 - 48*a - 60 36*a^2 - 108*a + 72 18*a^2 + 144*a - 90 0 -54*a^2 + 72*a - 90 -36*a+180 -18*a^2 + 18 -36*a-36 -6*a^2 - 24*a + 54 -12*a^2 - 48*a + 180 -30*a^2 - 48*a + 54 -12*a^2 - 48*a + 108 6*a^2 + 60*a + 198 12*a^2 + 72*a - 84 48*a+48 12*a^2 - 96*a + 180 48*a^2 - 96*a -24*a^2 + 120*a -6*a^2 + 72*a - 66 48*a^2 - 72*a + 24 -24*a^2 + 24*a + 48 -108*a+180 72 6*a^2 + 12*a + 6 18*a^2 - 12*a - 30 12*a^2 + 72*a - 12 6*a^2 - 24*a - 30 -12*a^2 - 84*a + 72 0 -6*a^2 - 12*a - 6 72*a -6*a^2 - 36*a - 30 -12*a-12 12*a^2 - 72*a - 12 6*a^2 + 36*a - 42 24*a+24 6*a^2 - 24*a - 30 6*a^2 + 36*a - 42 -30*a^2 + 36*a + 66 -12*a^2 - 48*a + 36 -24*a-96 12*a^2 + 24*a + 12 12*a+12 -6*a^2 + 48*a - 18 36*a-36 -12*a-84 -60*a+12 over Number field with defining polynomial x^3+3*x^2-17*x+5
-24*a^2 - 168*a - 48 72*a-72 -24*a^2 - 96*a - 120 -24*a^2 - 132*a - 84 0 8*a^2 + 56*a + 16 -8*a^2 - 8*a + 176 18*a^2 + 108*a + 234 -12*a^2 - 84*a - 24 30*a^2 + 120*a - 30 -6*a^2 - 96*a - 138 18*a^2 + 144*a + 198 -10*a^2 - 88*a - 62 4*a^2 - 8*a - 76 16*a^2 + 88*a + 56 16*a^2 + 88*a + 56 -18*a^2 - 132*a - 210 -8*a^2 - 8*a - 64 -20*a^2 - 128*a - 172 -22*a^2 - 28*a + 130 -8*a^2 - 56*a - 16 12*a^2 + 48*a - 60 -26*a^2 - 212*a - 202 12*a^2 + 144*a + 444 -9*a^2 - 54*a - 117 6*a^2 + 42*a + 12 -36*a-144 18*a^2 + 144*a + 18 -3*a^2 - 48*a - 69 6*a^2 - 12*a + 66 -15*a^2 + 48*a + 447 -4*a^2 - 22*a - 14 -a^2 - 10*a - 29 3*a^2 + 36*a + 81 4*a^2 + 64*a + 212 -5*a^2 + 22*a + 203 6*a^2 - 126 20*a^2 + 56*a - 116 14*a^2 + 56*a - 110 12*a^2 + 48*a + 60 -16*a^2 - 28*a + 244 -6*a^2 - 12*a - 42 -8*a^2 - 56*a - 136 18*a^2 + 96*a + 6 a^2 + 34*a + 65 7*a^2 + 46*a + 47 6*a-6 -5*a^2 - 32*a + 17 -2*a^2 - 20*a - 58 6*a^2 + 48*a + 126 -5*a^2 - 14*a + 59 -36*a-144 -3*a^2 - 42*a - 135 -7*a^2 - 16*a + 43 -a^2 - 22*a - 77 -2*a^2 - 26*a - 112 -3*a^2 + 6*a + 117 -3*a^2 - 6*a + 9 -2*a^2 + 28*a + 134 3*a^2 - 63 3*a^2 - 12*a - 111 4*a^2 + 22*a - 46 15*a^2 + 48*a - 3 a^2 - 8*a - 13 -12*a^2 - 78*a - 90 -a^2 - 10*a - 29 3*a^2 + 24*a + 33 -4*a^2 - 22*a - 14 18*a+102 -12*a-48 over Number field with defining polynomial x^3+5*x^2-9*x-37
96*a^3 - 1680*a^2 + 8640*a - 12480 48*a^3 - 1008*a^2 + 6672*a - 12480 24*a^3 - 384*a^2 + 1872*a - 2400 -12*a^3 + 300*a^2 - 2016*a + 3360 144*a^3 - 2928*a^2 + 18240*a - 32640 96*a^3 - 1680*a^2 + 8640*a - 12480 96*a^2 - 1056*a + 1920 -72*a^3 + 1248*a^2 - 6528*a + 9840 24*a^3 - 348*a^2 + 1368*a - 1680 -48*a^3 + 876*a^2 - 5040*a + 9120 -72*a^3 + 1248*a^2 - 6528*a + 9840 72*a^3 - 1308*a^2 + 7152*a - 11760 -36*a^3 + 636*a^2 - 3216*a + 4080 24*a^3 - 456*a^2 + 2808*a - 5280 -36*a^3 + 636*a^2 - 3216*a + 4080 -60*a^3 + 1116*a^2 - 6288*a + 10560 24*a^3 - 456*a^2 + 2592*a - 4560 -96*a^3 + 1728*a^2 - 9600*a + 16320 -12*a^3 + 264*a^2 - 1728*a + 3360 96*a^3 - 1932*a^2 + 11952*a - 21840 -12*a^3 + 264*a^2 - 1728*a + 3360 96*a^2 - 1056*a + 1920 36*a^3 - 696*a^2 + 4056*a - 6720 84*a^3 - 1548*a^2 + 8616*a - 13920 -42*a^3 + 774*a^2 - 4272*a + 6600 -18*a^3 + 294*a^2 - 1380*a + 1560 -18*a^3 + 294*a^2 - 1380*a + 1560 66*a^3 - 1296*a^2 + 7860*a - 14280 30*a^3 - 522*a^2 + 2820*a - 4560 -24*a^3 + 414*a^2 - 2076*a + 3360 -66*a^3 + 1200*a^2 - 6732*a + 11640 -72*a^3 + 1320*a^2 - 7464*a + 12720 -48*a^2 + 672*a - 1680 -48*a^3 + 912*a^2 - 5328*a + 9120 12*a^3 - 144*a^2 + 408*a - 240 -12*a^3 + 264*a^2 - 1728*a + 3360 12*a^3 - 144*a^2 + 408*a - 240 30*a^3 - 648*a^2 + 4368*a - 8880 -30*a^3 + 588*a^2 - 3528*a + 6240 36*a^3 - 696*a^2 + 4056*a - 6720 60*a^2 - 768*a + 1920 -12*a^3 + 264*a^2 - 1728*a + 3360 60*a^2 - 768*a + 1920 60*a^2 - 768*a + 1920 -60*a^3 + 1116*a^2 - 6288*a + 10560 18*a^3 - 264*a^2 + 1032*a - 960 18*a^3 - 390*a^2 + 2508*a - 4200 -18*a^3 + 330*a^2 - 1848*a + 3000 6*a^3 - 114*a^2 + 576*a - 600 6*a^2 - 156*a + 480 12*a^3 - 252*a^2 + 1632*a - 3120 -42*a^3 + 774*a^2 - 4452*a + 8040 30*a^3 - 540*a^2 + 2856*a - 4200 30*a^3 - 576*a^2 + 3324*a - 5640 24*a^2 - 192*a + 120 -6*a^3 + 108*a^2 - 528*a + 840 6*a^3 - 132*a^2 + 1008*a - 2400 -12*a^3 + 264*a^2 - 1836*a + 3720 12*a^3 - 252*a^2 + 1632*a - 3120 -18*a^3 + 366*a^2 - 2316*a + 4440 42*a^3 - 798*a^2 + 4644*a - 7800 -30*a^3 + 588*a^2 - 3528*a + 6240 36*a^3 - 696*a^2 + 4056*a - 6720 -42*a^3 + 792*a^2 - 4596*a + 8040 48*a^3 - 900*a^2 + 5124*a - 8520 6*a^3 - 132*a^2 + 900*a - 2040 -12*a^3 + 210*a^2 - 1116*a + 1920 -30*a^2 + 420*a - 1320 6*a^2 - 48*a + 120 24*a^2 - 300*a + 480 over Number field with defining polynomial x^4-21*x^3+148*x^2-404*x+360
a vector of length 70 over Number field with defining polynomial a number field of degree 30
a vector of length 70 over Number field with defining polynomial a number field of degree 27
For conductor 7, eigenvectors are:
a^5 + 19*a^4 + 134*a^3 + 434*a^2 + 632*a + 320 a^3 + 10*a^2 + 32*a + 34 a^3 + 10*a^2 + 28*a + 16 -a^3 - 11*a^2 - 38*a - 38 -a^3 - 7*a^2 - 12*a - 2 a^4 + 14*a^3 + 68*a^2 + 132*a + 82 over Number field with defining polynomial x^6+22*x^5+189*x^4+808*x^3+1798*x^2+1952*x+796
For conductor 71, eigenvectors are:
-a-5 a+6 1 0 0 1 over Number field with defining polynomial x^2+10*x+23
-2*a^3 - 24*a^2 - 88*a - 100 -a^3 - 12*a^2 - 44*a - 50 a^3 + 14*a^2 + 54*a + 60 -3*a^2 - 22*a - 40 3*a^2 + 16*a + 20 -2*a^2 - 10*a - 10 over Number field with defining polynomial x^4+20*x^3+134*x^2+364*x+340
For conductor 497, eigenvectors are:
a vector of length 44 over Number field with defining polynomial a number field of degree 24
a vector of length 44 over Number field with defining polynomial a number field of degree 20
For conductor 1:
traces of hecke eigenvalues of T_{p^1} are:
15 40 156 1464 2380 5220 7240 12720 25260 30784 52060 70644 81400 106080 151740 208920 230764 305320 394420 499360 578760 712980 922180 
computing eigenvalues for k = 1, took 7.755543 sec
traces of hecke eigenvalues of T_{p^2} are:
30 120 780 
computing eigenvalues for k = 2, took 0.069042 sec
traces of hecke eigenvalues of T_{p^1} are:
5 10 46 124 210 360 270 600 760 1004 1160 1904 2020 2580 2700 4350 3294 4800 4700 6760 5670 8740 9800 
computing eigenvalues for k = 1, took 7.853664 sec
traces of hecke eigenvalues of T_{p^2} are:
0 0 120 
computing eigenvalues for k = 2, took 0.068527 sec
traces of hecke eigenvalues of T_{p^1} are:
7 13 14 156 189 378 227 339 1102 1141 1202 1290 1963 2529 2588 3666 3648 3796 4945 6432 6848 8847 8082 
computing eigenvalues for k = 1, took 7.805082 sec
traces of hecke eigenvalues of T_{p^2} are:
6 12 -72 
computing eigenvalues for k = 2, took 0.067352 sec
traces of hecke eigenvalues of T_{p^1} are:
-3 -9 33 -46 240 196 -121 328 -475 -150 -405 1120 -347 502 -486 1132 -976 -72 -1887 1873 -1997 3347 1270 
computing eigenvalues for k = 1, took 7.851960 sec
traces of hecke eigenvalues of T_{p^2} are:
9 26 24 
computing eigenvalues for k = 2, took 0.068112 sec
traces of hecke eigenvalues of T_{p^1} are:
-5 -3 73 -24 6 128 -311 -132 -11 408 -1293 464 943 1160 -1440 2194 -488 -72 -135 1083 -5483 2279 3016 
computing eigenvalues for k = 1, took 7.841869 sec
traces of hecke eigenvalues of T_{p^2} are:
10 22 152 
computing eigenvalues for k = 2, took 0.067186 sec
traces of hecke eigenvalues of T_{p^1} are:
21 42 111 464 627 1074 1508 2529 3397 3647 5527 7002 7410 8581 12026 13602 13622 18652 20114 25891 29135 31686 37646 
computing eigenvalues for k = 1, took 7.867624 sec
traces of hecke eigenvalues of T_{p^2} are:
3 8 42 
computing eigenvalues for k = 2, took 0.069251 sec
traces of hecke eigenvalues of T_{p^1} are:
8 -27 -41 40 -178 690 -155 922 1119 -1650 935 1824 441 488 5478 -1972 620 -3446 565 -8137 4325 -2961 -2352 
computing eigenvalues for k = 1, took 7.928301 sec
traces of hecke eigenvalues of T_{p^2} are:
-28 -88 -110 
computing eigenvalues for k = 2, took 0.073866 sec
traces of hecke eigenvalues of T_{p^1} are:
160 305 793 3538 4694 8022 10147 14264 23757 25696 37835 45754 49871 59628 75656 94778 102020 121492 144023 168167 186487 213073 254200 
computing eigenvalues for k = 1, took 7.961616 sec
traces of hecke eigenvalues of T_{p^2} are:
75 140 546 
computing eigenvalues for k = 2, took 0.074095 sec
For conductor 7:
traces of hecke eigenvalues of T_{p^1} are:
-22 -40 -70 -36 -88 -270 238 -276 166 90 -60 -920 -1094 46 -604 990 98 1508 -488 1480 -880 -2634 -1700 
computing eigenvalues for k = 1, took 316.973850 sec
traces of hecke eigenvalues of T_{p^2} are:
8 36 76 
computing eigenvalues for k = 2, took 0.150292 sec
For conductor 71:
traces of hecke eigenvalues of T_{p^1} are:
-10 -10 -16 -28 38 -108 186 -14 -176 -142 -504 140 162 -514 -124 140 456 -700 -806 -1280 760 -1146 -476 
computing eigenvalues for k = 1, took 321.695773 sec
traces of hecke eigenvalues of T_{p^2} are:
4 4 -4 
computing eigenvalues for k = 2, took 0.146243 sec
traces of hecke eigenvalues of T_{p^1} are:
-20 -18 -44 -58 -58 -96 16 -282 -408 260 -10 -338 180 418 -986 432 -90 1070 1000 1926 -38 214 -116 
computing eigenvalues for k = 1, took 321.104276 sec
traces of hecke eigenvalues of T_{p^2} are:
20 -8 20 
computing eigenvalues for k = 2, took 0.165312 sec
For conductor 497:
traces of hecke eigenvalues of T_{p^1} are:
3 -12 34 -56 -6 832 0 218 1638 -46 1032 2230 -1848 2024 420 1866 -1550 -546 2480 -4182 1474 2668 304 
computing eigenvalues for k = 1, took 134.669495 sec
traces of hecke eigenvalues of T_{p^2} are:
-27 -28 -60 
computing eigenvalues for k = 2, took 0.147062 sec
traces of hecke eigenvalues of T_{p^1} are:
114 221 579 2548 3472 6070 7447 10752 16939 19292 27377 34170 36055 44384 56570 70688 74098 87258 106353 121879 138011 159207 188048 
computing eigenvalues for k = 1, took 133.208718 sec
traces of hecke eigenvalues of T_{p^2} are:
42 84 354 
computing eigenvalues for k = 2, took 0.148687 sec
