constructing eigenvector for poly
x^24-138*x^23+8988*x^22-367409*x^21+10574225*x^20-227839056*x^19+3815257770*x^18-50877116809*x^17+549227581465*x^16-4853078067748*x^15+35353332854444*x^14-213197129238267*x^13+1065975115778699*x^12-4415683777787484*x^11+15108660081825126*x^10-42471815983167423*x^9+97307905015291474*x^8-179689581785752654*x^7+263405461891807512*x^6-300221017708102780*x^5+258449485091211336*x^4-161061155473037960*x^3+67934707294421056*x^2-17165835828448224*x+1935147520783872
constructing eigenvector for poly
x-4
constructing eigenvector for poly
x+1
constructing eigenvector for poly
x-15
constructing eigenvector for poly
x^2-3*x+1
constructing eigenvector for poly
x^3-21*x^2+126*x-178
constructing eigenvector for poly
x^6-57*x^4+36*x^3+516*x^2-216*x-956
constructing eigenvector for poly
x^17+10*x^16-42*x^15-558*x^14+614*x^13+11783*x^12-2954*x^11-119829*x^10-15548*x^9+636612*x^8+228754*x^7-1772084*x^6-923319*x^5+2379065*x^4+1478122*x^3-1176091*x^2-690396*x+107684
constructing eigenvector for poly
x^2+8*x+11
constructing eigenvector for poly
x^5+25*x^4+229*x^3+963*x^2+1836*x+1229
constructing eigenvector for poly
x^5+23*x^4+205*x^3+885*x^2+1854*x+1511
constructing eigenvector for poly
x^15+7*x^14-31*x^13-239*x^12+277*x^11+2562*x^10-518*x^9-9841*x^8+2015*x^7+16591*x^6-8655*x^5-9213*x^4+9988*x^3-3317*x^2+383*x-2
constructing eigenvector for poly
x^21-120*x^20+6744*x^19-235910*x^18+5758127*x^17-104196372*x^16+1449787488*x^15-15876904460*x^14+138938863007*x^13-980914907316*x^12+5617040677744*x^11-26136973201162*x^10+98696000613569*x^9-301082684761360*x^8+736102901771984*x^7-1424762560991732*x^6+2144598692369552*x^5-2446014790998912*x^4+2032790709115848*x^3-1155582553543584*x^2+399849072225696*x-63213263758080
computing eigenvectors took 0.571474 sec
For conductor 1, eigenvectors are:
a vector of length 55 over Number field with defining polynomial a number field of degree 24
-200 -24 20 20 -68 -24 20 20 20 -2 -2 -2 -2 20 20 20 -24 20 -24 -24 -24 -24 9 9 -2 -2 20 -2 20 -2 20 -2 -2 20 -2 20 -24 -2 -2 -2 -2 -13 -13 -2 9 9 9 -2 20 -13 9 -2 -2 -13 -2 over Number field with defining polynomial x-4
0 -24 0 0 12 16 0 0 0 -12 -12 -12 -12 0 0 0 16 0 -4 -4 -9 6 9 9 -12 -2 0 -2 0 8 0 -2 -2 10 -2 0 -4 -2 -2 -2 -2 2 2 -2 -1 -1 4 3 0 2 -1 -2 3 2 -2 over Number field with defining polynomial x+1
-1 -1 -1 -1 -1 -1 -1 -1 -1 -1 -1 -1 -1 -1 -1 -1 -1 -1 -1 -1 -1 -1 -1 -1 -1 -1 -1 -1 -1 -1 -1 -1 -1 -1 -1 -1 -1 -1 -1 -1 -1 -1 -1 -1 -1 -1 -1 -1 -1 -1 -1 -1 -1 -1 -1 over Number field with defining polynomial x-15
0 24*a-24 0 -24*a+36 -36 8*a 0 0 0 12*a-12 -12*a+24 6 -12*a+24 0 8*a-12 -4*a-4 -8 0 4*a-4 -4*a+8 6*a-12 12 -6*a+12 6*a-6 -2*a+4 6 8*a-12 4*a 0 -4*a+12 0 -4 2*a-2 -6*a+4 4*a-10 -4*a+16 -8 -4 -8*a+8 4*a-10 2*a-2 4 -2*a+2 -4*a+2 4*a-8 -6*a+2 2*a 4*a-10 4*a-6 -2*a+2 -2 -2*a+4 2*a-2 4 -2*a+4 over Number field with defining polynomial x^2-3*x+1
330*a^2 - 9790*a + 53680 -522*a^2 + 8828*a - 37148 46*a^2 - 176*a - 1652 -330*a^2 + 3534*a - 7092 -238*a^2 + 3048*a - 10004 -188*a^2 + 3200*a - 12312 330*a^2 - 2761*a + 2002 -451*a^2 + 6105*a - 20966 117*a^2 - 1621*a + 5134 117*a^2 - 1621*a + 5134 -71*a^2 + 1512*a - 6982 -96*a^2 + 1436*a - 5828 188*a^2 - 2427*a + 7222 -96*a^2 + 2288*a - 12092 -96*a^2 + 2714*a - 15224 -188*a^2 + 2774*a - 9180 46*a^2 - 176*a - 1652 -71*a^2 + 1086*a - 3850 46*a^2 - 602*a + 1480 -46*a^2 - 542*a + 7524 117*a^2 - 1621*a + 5134 259*a^2 - 3233*a + 9310 213*a^2 - 3629*a + 15464 -167*a^2 + 2881*a - 12614 96*a^2 - 1728*a + 8568 -96*a^2 + 1010*a - 2696 -188*a^2 + 1709*a - 1350 -96*a^2 + 1649*a - 7394 -71*a^2 + 660*a - 718 46*a^2 - 602*a + 1480 330*a^2 - 5104*a + 19228 71*a^2 - 1591*a + 8156 -188*a^2 + 1922*a - 2916 -46*a^2 - 116*a + 4392 96*a^2 - 2580*a + 14832 46*a^2 - 1028*a + 4612 188*a^2 - 2214*a + 5656 117*a^2 - 1621*a + 5134 -238*a^2 + 4539*a - 20966 -71*a^2 + 1086*a - 3850 -71*a^2 + 660*a - 718 71*a^2 - 1165*a + 5024 -25*a^2 + 1056*a - 6872 280*a-1762 46*a^2 + 37*a - 3218 -25*a^2 + 417*a - 2174 117*a^2 - 1408*a + 3568 46*a^2 - 815*a + 3046 71*a^2 - 1378*a + 6590 71*a^2 - 1591*a + 8156 46*a^2 - 815*a + 3046 -25*a^2 + 843*a - 5306 280*a-1762 -142*a^2 + 1892*a - 5938 -146*a+1370 over Number field with defining polynomial x^3-21*x^2+126*x-178
0 -144*a^5 - 432*a^4 + 6480*a^3 + 4464*a^2 - 27936*a - 79776 -432*a^5 + 576*a^4 + 21168*a^3 - 44064*a^2 - 61344*a + 61632 -360*a^5 - 576*a^4 + 16488*a^3 + 144*a^2 - 90288*a - 26496 -72*a^5 + 360*a^4 + 1944*a^3 - 29592*a^2 + 34416*a + 105264 96*a^5 + 96*a^4 - 3648*a^3 + 2496*a^2 - 2880*a + 3840 0 0 144*a^5 + 144*a^4 - 5472*a^3 + 10080*a^2 + 10368*a - 7776 144*a^5 + 144*a^4 - 5472*a^3 + 10080*a^2 + 10368*a - 7776 -72*a^4 - 72*a^3 - 1152*a^2 + 6192*a + 25056 288*a^5 - 540*a^4 - 14616*a^3 + 35532*a^2 + 32400*a - 51192 -144*a^5 - 432*a^4 + 5760*a^3 + 7200*a^2 - 41184*a - 49824 144*a^5 - 192*a^4 - 7056*a^3 + 14688*a^2 + 20448*a - 20544 -144*a^5 - 96*a^4 + 7584*a^3 + 1680*a^2 - 46848*a - 47040 96*a^5 + 96*a^4 - 5712*a^3 - 2160*a^2 + 44160*a + 28416 192*a^4 - 192*a^3 - 11520*a^2 + 20544*a + 38400 -48*a^5 + 288*a^4 + 3648*a^3 - 10992*a^2 - 14016*a + 9888 24*a^5 + 504*a^4 + 648*a^3 - 12024*a^2 + 9264*a + 35280 96*a^5 - 408*a^4 - 6048*a^3 + 19848*a^2 + 15456*a - 50160 -36*a^5 - 108*a^4 + 1620*a^3 + 1116*a^2 - 6984*a - 19944 36*a^5 - 72*a^4 - 3060*a^3 - 1296*a^2 + 18936*a + 32256 72*a^5 - 612*a^4 - 3456*a^3 + 28260*a^2 - 16272*a - 67896 -108*a^5 + 144*a^4 + 4932*a^3 - 9648*a^2 - 21960*a + 30384 -84*a^5 + 336*a^4 + 4260*a^3 - 18648*a^2 - 2712*a + 36816 12*a^5 - 60*a^4 - 324*a^3 + 4932*a^2 - 5736*a - 17544 48*a^5 - 240*a^4 - 3360*a^3 + 10848*a^2 + 14304*a - 36576 -48*a^5 + 168*a^4 + 2448*a^3 - 8088*a^2 - 5568*a + 23568 24*a^5 + 384*a^4 - 312*a^3 - 14256*a^2 + 12336*a + 48000 -96*a^5 + 336*a^4 + 5376*a^3 - 18000*a^2 - 2304*a + 27168 0 72*a^5 + 216*a^4 - 3000*a^3 - 5256*a^2 + 13488*a + 34416 -36*a^5 - 60*a^4 + 1116*a^3 - 2988*a^2 + 3240*a + 28680 -24*a^5 + 108*a^4 + 1368*a^3 - 5172*a^2 - 5088*a + 696 -12*a^4 + 408*a^3 - 3204*a^2 - 2688*a + 25464 -12*a^5 + 108*a^4 + 396*a^3 - 8268*a^2 + 13080*a + 22152 -72*a^5 + 3864*a^3 - 2496*a^2 - 16080*a - 18912 -24*a^5 + 120*a^4 + 408*a^3 - 8952*a^2 + 7056*a + 45072 96*a^5 - 24*a^4 - 4368*a^3 + 5688*a^2 + 19296*a - 6960 -24*a^5 + 12*a^4 + 1764*a^3 + 144*a^2 - 16392*a + 3264 -24*a^5 - 144*a^4 + 1044*a^3 + 3996*a^2 - 7608*a - 13176 -36*a^5 + 72*a^4 + 1908*a^3 - 2688*a^2 - 2520*a - 10464 36*a^5 - 144*a^4 - 1668*a^3 + 9432*a^2 - 5160*a - 24336 84*a^5 - 192*a^4 - 4308*a^3 + 13656*a^2 + 8856*a - 34320 -48*a^5 - 108*a^4 + 1344*a^3 - 3420*a^2 + 528*a + 6696 -24*a^5 + 48*a^4 + 1920*a^3 + 1320*a^2 - 14832*a - 16512 72*a^5 - 96*a^4 - 3528*a^3 + 7344*a^2 + 10224*a - 10272 24*a^5 - 180*a^4 - 1008*a^3 + 9348*a^2 - 5280*a - 35976 120*a^4 - 72*a^3 - 4320*a^2 + 10656*a + 8592 24*a^4 - 96*a^3 + 1896*a^2 - 1824*a - 5616 -108*a^4 - 432*a^3 + 2820*a^2 - 1152*a - 5496 144*a^4 - 264*a^3 - 8184*a^2 + 13200*a + 33792 -12*a^5 - 108*a^4 + 504*a^3 + 3624*a^2 - 5280*a - 6528 12*a^4 + 72*a^3 - 564*a^2 - 1152*a - 5544 120*a^4 + 384*a^3 - 2928*a^2 - 2208*a + 4944 over Number field with defining polynomial x^6-57*x^4+36*x^3+516*x^2-216*x-956
a vector of length 55 over Number field with defining polynomial a number field of degree 17
For conductor 19, eigenvectors are:
a+7 -2 0 0 -2 -a-5 -a-5 over Number field with defining polynomial x^2+8*x+11
6*a^2 + 46*a + 76 -2*a^4 - 40*a^3 - 268*a^2 - 700*a - 558 -3*a^3 - 33*a^2 - 107*a - 87 a^3 + 8*a^2 + 21*a + 35 a^4 + 20*a^3 + 137*a^2 + 373*a + 317 -2*a^3 - 24*a^2 - 86*a - 79 2*a^3 + 27*a^2 + 109*a + 117 over Number field with defining polynomial x^5+25*x^4+229*x^3+963*x^2+1836*x+1229
For conductor 23, eigenvectors are:
a^3 + 13*a^2 + 53*a + 69 a^3 + 14*a^2 + 61*a + 85 a^4 + 18*a^3 + 117*a^2 + 327*a + 333 2*a+7 a^2 + 9*a + 19 over Number field with defining polynomial x^5+23*x^4+205*x^3+885*x^2+1854*x+1511
For conductor 437, eigenvectors are:
a vector of length 36 over Number field with defining polynomial a number field of degree 15
a vector of length 36 over Number field with defining polynomial a number field of degree 21
For conductor 1:
traces of hecke eigenvalues of T_{p^1} are:
138 267 691 1271 3018 4234 7302 20392 23226 32800 40909 43610 53805 66794 84540 89788 103631 121170 127594 149110 165732 188549 227975 
computing eigenvalues for k = 1, took 47.563106 sec
traces of hecke eigenvalues of T_{p^2} are:
54 108 402 568 
computing eigenvalues for k = 2, took 0.197126 sec
traces of hecke eigenvalues of T_{p^1} are:
4 7 24 48 166 125 226 1115 1095 1108 1817 1980 1899 2448 3132 4604 5482 5447 4503 4998 6936 7550 8542 
computing eigenvalues for k = 1, took 47.355028 sec
traces of hecke eigenvalues of T_{p^2} are:
-3 -12 -12 -16 
computing eigenvalues for k = 2, took 0.186432 sec
traces of hecke eigenvalues of T_{p^1} are:
-1 7 -1 -2 21 -20 -74 -225 160 -162 92 -65 429 298 -13 -736 372 252 -807 -737 1 -435 -283 
computing eigenvalues for k = 1, took 7.893802 sec
traces of hecke eigenvalues of T_{p^2} are:
2 8 -42 -16 
computing eigenvalues for k = 2, took 0.198108 sec
traces of hecke eigenvalues of T_{p^1} are:
15 40 156 400 1464 2380 5220 25260 30784 52060 70644 81400 106080 151740 208920 230764 305320 363024 394420 499360 578760 712980 922180 
computing eigenvalues for k = 1, took 47.012790 sec
traces of hecke eigenvalues of T_{p^2} are:
30 120 780 2800 
computing eigenvalues for k = 2, took 0.189314 sec
traces of hecke eigenvalues of T_{p^1} are:
3 -6 -2 -24 52 50 -28 410 -90 406 234 -480 458 -374 -726 -1412 184 -2066 626 426 132 -440 1034 
computing eigenvalues for k = 1, took 7.838970 sec
traces of hecke eigenvalues of T_{p^2} are:
-6 -4 6 -122 
computing eigenvalues for k = 2, took 0.194237 sec
traces of hecke eigenvalues of T_{p^1} are:
21 37 104 133 412 611 947 2987 2836 3928 6122 5106 6834 9403 10885 12334 13461 16182 16833 19342 20150 23858 26068 
computing eigenvalues for k = 1, took 47.241008 sec
traces of hecke eigenvalues of T_{p^2} are:
18 28 156 -136 
computing eigenvalues for k = 2, took 0.186464 sec
traces of hecke eigenvalues of T_{p^1} are:
0 2 -2 -28 -166 364 364 232 -280 -358 2158 -1140 132 362 1238 2708 -2424 5952 6072 -184 -7010 -3548 1502 
computing eigenvalues for k = 1, took 7.935436 sec
traces of hecke eigenvalues of T_{p^2} are:
15 48 116 218 
computing eigenvalues for k = 2, took 0.195373 sec
traces of hecke eigenvalues of T_{p^1} are:
-10 -26 46 -64 88 -166 667 634 -569 553 244 770 1029 1541 20 734 -2529 -2394 -3547 -5938 3617 2964 -470 
computing eigenvalues for k = 1, took 7.877829 sec
traces of hecke eigenvalues of T_{p^2} are:
-12 -43 -174 -165 
computing eigenvalues for k = 2, took 0.197581 sec
For conductor 19:
traces of hecke eigenvalues of T_{p^1} are:
-8 -10 -34 36 -174 100 -84 -672 112 -426 562 -392 -336 446 626 -472 -2592 928 2312 -384 -1358 -1404 3650 
computing eigenvalues for k = 1, took 405.936894 sec
traces of hecke eigenvalues of T_{p^2} are:
9 16 72 118 
computing eigenvalues for k = 2, took 0.605801 sec
traces of hecke eigenvalues of T_{p^1} are:
-25 -33 -53 -38 -1 -134 -135 -616 -264 -56 -737 347 -341 -1669 1470 302 1271 600 -2034 -789 663 1251 -24 
computing eigenvalues for k = 1, took 409.718779 sec
traces of hecke eigenvalues of T_{p^2} are:
18 27 -48 -213 
computing eigenvalues for k = 2, took 0.621888 sec
For conductor 23:
traces of hecke eigenvalues of T_{p^1} are:
-23 -29 -69 -28 -23 -38 -175 -364 296 -622 -241 191 -305 139 -708 536 -227 1486 -1656 1365 593 -3269 -2104 
computing eigenvalues for k = 1, took 731.671386 sec
traces of hecke eigenvalues of T_{p^2} are:
10 -1 66 39 
computing eigenvalues for k = 2, took 0.598508 sec
For conductor 437:
traces of hecke eigenvalues of T_{p^1} are:
-7 -11 32 -60 -114 38 403 745 262 259 1743 -724 1026 958 558 -681 -2338 -809 -883 -4479 1790 951 -751 
computing eigenvalues for k = 1, took 166.330235 sec
traces of hecke eigenvalues of T_{p^2} are:
-24 -47 -50 -153 
computing eigenvalues for k = 2, took 1.310813 sec
traces of hecke eigenvalues of T_{p^1} are:
120 231 621 1093 2710 3664 6342 18110 20186 29076 35639 38566 46897 60362 73304 77780 92613 105522 110064 131466 144156 169203 194585 
computing eigenvalues for k = 1, took 238.231134 sec
traces of hecke eigenvalues of T_{p^2} are:
45 84 450 344 
computing eigenvalues for k = 2, took 1.990954 sec
