constructing eigenvector for poly
x+9
constructing eigenvector for poly
x-8
constructing eigenvector for poly
x+1
constructing eigenvector for poly
x-40
constructing eigenvector for poly
x+3
constructing eigenvector for poly
x-16
constructing eigenvector for poly
x^2+4*x+1
constructing eigenvector for poly
x^2-4*x+1
constructing eigenvector for poly
x^2-17
constructing eigenvector for poly
x^4+3*x^3-36*x^2-59*x-3
constructing eigenvector for poly
x^5-62*x^4+1447*x^3-15893*x^2+82456*x-162797
constructing eigenvector for poly
x^5-58*x^4+1255*x^3-12259*x^2+50536*x-57619
constructing eigenvector for poly
x^2-x-29
constructing eigenvector for poly
x^8-93*x^7+3636*x^6-77448*x^5+973024*x^4-7286732*x^3+31255451*x^2-69030703*x+59151536
constructing eigenvector for poly
x^9-14*x^8+7*x^7+663*x^6-2921*x^5+701*x^4+13845*x^3-13499*x^2-16540*x+18893
constructing eigenvector for poly
x^16-4*x^15-251*x^14+616*x^13+23450*x^12-25744*x^11-994775*x^10+178744*x^9+19142752*x^8+272060*x^7-179417441*x^6+29027848*x^5+794666222*x^4-370925736*x^3-1239991501*x^2+889272280*x-73297897
constructing eigenvector for poly
x^2-2*x+1
constructing eigenvector for poly
x^2-4*x-28
constructing eigenvector for poly
x-7
constructing eigenvector for poly
x^2-14*x+49
constructing eigenvector for poly
x^2-84*x+1764
constructing eigenvector for poly
x^2-98*x+2401
constructing eigenvector for poly
x^2-138*x+4761
constructing eigenvector for poly
x^2-308*x+23716
constructing eigenvector for poly
x^2-624*x+97344
constructing eigenvector for poly
x^2-620*x+96100
constructing eigenvector for poly
x^6+30*x^5+321*x^4+1420*x^3+2247*x^2+1470*x+343
constructing eigenvector for poly
x^6+24*x^5-144*x^4-4864*x^3+16128*x^2+301056*x-1404928
constructing eigenvector for poly
x^6-18*x^5+129*x^4-468*x^3+903*x^2-882*x+343
constructing eigenvector for poly
x^6-18*x^5-351*x^4+5292*x^3+53703*x^2-421362*x-3581577
constructing eigenvector for poly
x^6-276*x^5+31716*x^4-1942304*x^3+66857328*x^2-1226451264*x+9367243712
constructing eigenvector for poly
x^6-96*x^5-4824*x^4+472576*x^3+12696768*x^2-665032704*x-18232979968
constructing eigenvector for poly
x^6+444*x^5+82044*x^4+8076064*x^3+446647536*x^2+13158888384*x+161344568384
constructing eigenvector for poly
x^12-111*x^11+5529*x^10-163060*x^9+3163041*x^8-42390405*x^7+401086908*x^6-2689020081*x^5+12622728087*x^4-40274414372*x^3+82560238359*x^2-97379466531*x+49958012987
constructing eigenvector for poly
x^12-273*x^11+33588*x^10-2461777*x^9+119676336*x^8-4064173929*x^7+98835946151*x^6-1733841101328*x^5+21771069180468*x^4-190790258188240*x^3+1107509087475216*x^2-3823327934688384*x+5936426755146432
constructing eigenvector for poly
x^12-576*x^11+148011*x^10-22444950*x^9+2238843615*x^8-154920420876*x^7+7634881819661*x^6-270369955227366*x^5+6837219965600040*x^4-120572823808737400*x^3+1409247919036905696*x^2-9813680070374964576*x+30827881761895959616
constructing eigenvector for poly
x^12-1551*x^11+1098135*x^10-469324924*x^9+134853652653*x^8-27445332566853*x^7+4056899212575806*x^6-438869492291499693*x^5+34484994726948211461*x^4-1919590800511247438860*x^3+71855201708826842335311*x^2-1624102837487253497687319*x+16763458971361514490990729
constructing eigenvector for poly
x^12-2049*x^11+1908084*x^10-1068171785*x^9+400507604544*x^8-105997439155953*x^7+20311399350092919*x^6-2840379201130893048*x^5+287787740106086111892*x^4-20610026174043363315984*x^3+990589553173463759358480*x^2-28698180055908562018803456*x+379089502795200941202061504
constructing eigenvector for poly
x^12-3504*x^11+5624928*x^10-5470058752*x^9+3589018227456*x^8-1673788083462144*x^7+568924404317044736*x^6-142009165735225589760*x^5+25834801846262213050368*x^4-3340645210237627641364480*x^3+291445409109984290556346368*x^2-15402701785242806157066633216*x+372918325037579797456232644608
constructing eigenvector for poly
x^12-4128*x^11+7745928*x^10-8739473408*x^9+6605757241200*x^8-3525200632187904*x^7+1362458198332313344*x^6-384398682078718795776*x^5+78602485978587063033600*x^4-11364380175867530188169216*x^3+1103106079115707515364509696*x^2-64564732668736584121383518208*x+1723729535935387485357672009728
constructing eigenvector for poly
x+1
constructing eigenvector for poly
x+5
constructing eigenvector for poly
x+3
constructing eigenvector for poly
x+9
constructing eigenvector for poly
x^2+16*x+61
constructing eigenvector for poly
x^2-17
constructing eigenvector for poly
x^2+10*x+7
constructing eigenvector for poly
x+3
constructing eigenvector for poly
x+1
constructing eigenvector for poly
x-1
constructing eigenvector for poly
x+13
constructing eigenvector for poly
x^7+22*x^6+58*x^5-925*x^4-4691*x^3+564*x^2+24024*x+15251
constructing eigenvector for poly
x+5
constructing eigenvector for poly
x+5
constructing eigenvector for poly
x+11
constructing eigenvector for poly
x+11
constructing eigenvector for poly
x+5
constructing eigenvector for poly
x-5
constructing eigenvector for poly
x-17
constructing eigenvector for poly
x+13
constructing eigenvector for poly
x^2+11*x+19
constructing eigenvector for poly
x^3-32*x^2+282*x-755
constructing eigenvector for poly
x^3-11*x^2+35*x-29
constructing eigenvector for poly
x^4-49*x^3+850*x^2-6143*x+15349
constructing eigenvector for poly
x^5-8*x^4-43*x^3+439*x^2-614*x-43
constructing eigenvector for poly
x^7+22*x^6+58*x^5-925*x^4-4691*x^3+564*x^2+24024*x+15251
constructing eigenvector for poly
x^6-66*x^5+1719*x^4-22359*x^3+150576*x^2-487191*x+590600
constructing eigenvector for poly
x^5-47*x^4+810*x^3-6251*x^2+21163*x-24864
constructing eigenvector for poly
x^14-220*x^12+16606*x^10-506781*x^8+6419421*x^6-38806838*x^4+112067092*x^2-124389409
constructing eigenvector for poly
x^3+x^2-25*x-41
constructing eigenvector for poly
x^4+8*x^3+10*x^2-36*x-47
constructing eigenvector for poly
x+1
constructing eigenvector for poly
x+1
constructing eigenvector for poly
x^2-14*x+49
constructing eigenvector for poly
x^2-32*x+256
constructing eigenvector for poly
x^2-74*x+1369
constructing eigenvector for poly
x^2-274*x+18769
constructing eigenvector for poly
x^2-376*x+35344
constructing eigenvector for poly
x^2-468*x+54756
constructing eigenvector for poly
x^2-672*x+112896
constructing eigenvector for poly
x-1
constructing eigenvector for poly
x-1
constructing eigenvector for poly
x^8-94*x^7+3765*x^6-83694*x^5+1125532*x^4-9337434*x^3+46431813*x^2-125867354*x+142014889
constructing eigenvector for poly
x^8-202*x^7+17423*x^6-833926*x^5+24064433*x^4-424854952*x^3+4428192592*x^2-24569308416*x+55273890816
constructing eigenvector for poly
x^8-436*x^7+82002*x^6-8677008*x^5+564071041*x^4-23026617420*x^3+575327500476*x^2-8028496564496*x+47835537672976
constructing eigenvector for poly
x^8-902*x^7+351177*x^6-77022474*x^5+10402020796*x^4-885343625178*x^3+46362621801753*x^2-1365595313053846*x+17323120766624929
constructing eigenvector for poly
x^8-1226*x^7+647951*x^6-192836150*x^5+35352207521*x^4-4088785322168*x^3+291394118826832*x^2-11700648482524416*x+202700411161445376
constructing eigenvector for poly
x^8-2088*x^7+1889576*x^6-967549248*x^5+306458358928*x^4-61457122065024*x^3+7617474388313856*x^2-533377974751524864*x+16149687093134659584
constructing eigenvector for poly
x^8-3048*x^7+4035272*x^6-3029832704*x^5+1410690298000*x^4-416941771013504*x^3+76369352509719808*x^2-7923630750546432000*x+356454114836537032704
constructing eigenvector for poly
x^3+9*x^2+27*x+27
constructing eigenvector for poly
x^3+24*x^2+192*x+512
constructing eigenvector for poly
x^3-57*x^2+1083*x-6859
constructing eigenvector for poly
x^3+15*x^2+75*x+125
constructing eigenvector for poly
x^3+72*x^2+1728*x+13824
constructing eigenvector for poly
x^3+126*x^2+5292*x+74088
constructing eigenvector for poly
x^3-312*x^2+32448*x-1124864
computing eigenvectors took 266.383840 sec
For conductor 1, eigenvectors are:
-6 0 6 0 0 0 0 3 -3 0 0 0 0 0 0 -2 -2 2 -2 0 2 2 -2 0 2 2 0 0 -2 0 -1 0 1 -1 0 0 -1 0 0 0 -1 -1 1 0 1 -1 0 1 -1 -1 1 0 0 0 0 2 0 1 1 0 1 0 -1 1 1 -2 0 0 -1 0 -1 0 1 0 0 1 0 0 0 0 0 0 0 -1 over Number field with defining polynomial x+9
-3 -27 -3 -3 -9 15 3 3 -3 -3 3 -9 9 9 -15 1 -3 1 11 9 7 5 -7 1 1 -11 1 -11 9 5 7 1 -7 -1 -5 1 1 -9 -1 -3 -3 -1 -5 -3 -5 1 3 -5 3 7 9 5 9 -5 -1 5 -1 1 -1 1 -3 -7 -3 -1 1 -5 7 3 -1 -1 5 5 1 3 3 3 -5 1 1 -3 3 -1 -1 -3 over Number field with defining polynomial x-8
6 0 6 6 0 -3 -6 3 -3 -3 3 0 0 0 0 -2 0 -2 2 0 -2 2 2 -2 -2 -2 4 -2 0 2 1 1 -1 -1 1 1 1 0 -1 0 -3 -1 1 0 -2 -2 0 1 0 1 0 -1 0 1 2 -1 -1 1 -1 1 0 -1 0 2 1 1 -2 0 2 -1 -1 -1 1 0 0 0 1 1 1 0 0 -1 -1 0 over Number field with defining polynomial x+1
-1 -1 -1 -1 -1 -1 -1 -1 -1 -1 -1 -1 -1 -1 -1 -1 -1 -1 -1 -1 -1 -1 -1 -1 -1 -1 -1 -1 -1 -1 -1 -1 -1 -1 -1 -1 -1 -1 -1 -1 -1 -1 -1 -1 -1 -1 -1 -1 -1 -1 -1 -1 -1 -1 -1 -1 -1 -1 -1 -1 -1 -1 -1 -1 -1 -1 -1 -1 -1 -1 -1 -1 -1 -1 -1 -1 -1 -1 -1 -1 -1 -1 -1 -1 over Number field with defining polynomial x-40
24 0 -24 -36 -18 18 0 -12 12 18 -18 -18 18 18 24 8 20 -20 8 0 -8 4 8 12 -8 -8 -12 0 -4 12 4 0 14 4 -6 6 -2 0 6 -6 -8 -2 14 -6 -4 -2 -6 2 -2 -14 8 6 0 12 0 10 -12 -4 2 -6 2 0 -2 2 2 -10 -6 6 -2 -6 -14 -18 2 6 3 8 6 0 3 -3 0 0 -3 -8 over Number field with defining polynomial x+3
3 -9 3 3 0 0 -6 6 3 3 -6 0 -3 -3 -3 5 3 -3 2 -7 4 -1 1 5 5 -1 -3 -1 -7 -1 4 5 1 0 2 -3 5 0 -4 -1 -1 0 -6 -1 2 -3 2 2 2 0 1 -1 -3 -6 -4 -1 0 -3 4 5 3 1 3 -4 1 2 0 2 0 0 -5 -1 1 2 -2 2 2 1 -3 -1 2 0 0 -1 over Number field with defining polynomial x-16
0 0 0 0 -3*a-9 0 0 6 -6 3*a+9 -3*a-9 0 0 3*a+9 2*a+6 0 -2*a-6 2*a+6 4 0 -4 -2*a-6 4 0 0 -4 2*a+6 -2*a-6 2*a+6 -2*a-6 a+3 0 2 -2 0 0 -2 0 a+3 0 -a-3 2 -2 -a-3 a+3 2 2*a+6 a+3 -2 -2 -a-3 0 0 -2*a-6 0 0 2*a+6 2 2 -a-3 2 0 -a-3 -2 -2 0 -2*a-6 a+3 a+3 0 2 0 -a-3 0 -a-3 0 0 -2 a+3 a+3 0 2 -a-3 0 over Number field with defining polynomial x^2+4*x+1
-48 0 -48 -12*a+36 6*a-33 6*a-18 48 3*a-9 -3*a+9 -21 21 -12*a+48 12*a-48 -6*a+33 4*a-10 16 -8*a+6 -12*a+14 2*a-6 0 -2*a+6 -12*a+42 2*a-6 4*a-12 16 -2*a+6 -4*a+14 -2 -16*a+50 -8*a+22 -6*a+19 10*a-10 -11*a+33 -a+3 -2*a+6 6*a+2 3*a-1 0 -7 -4*a+16 -2*a+5 a+5 -9*a+27 2*a-11 1 -a-13 4*a-10 6*a-17 a-19 11*a-33 -8*a+23 2*a-6 0 14*a-32 -16 6*a-30 10*a-24 a-3 -3*a+1 7 -a+19 14*a-46 4*a-13 a+13 -a-5 -6*a+30 -2 -2*a+11 4*a-11 -6*a-2 9*a-27 2*a-6 2*a-7 4*a-16 -2*a+5 6*a-14 -2*a+6 a-3 1 2*a-5 -12*a+28 -a+3 -1 -6*a+14 over Number field with defining polynomial x^2-4*x+1
48 0 48 12*a-36 -6*a-6 -6*a+18 -48 -24 24 -6*a-30 6*a+30 -6*a-6 6*a+6 6*a+6 8*a+8 -16 -4*a-4 -4*a-20 -16 0 16 4*a+20 -16 -4*a+12 -16 16 -4*a-4 8*a-8 4*a+4 -4*a-20 8 4*a+12 -2*a+6 8 2*a-6 -2*a+6 -2*a-10 0 -2*a-10 -2*a-2 4*a+12 -2*a+6 -2*a-10 -2*a-2 4*a+20 2*a+2 -2*a+14 2*a-6 2*a-14 2*a-6 0 -2*a+6 0 8 16 2*a-6 -8 -8 2*a+10 2*a+10 -2*a+14 -4*a-12 2*a-14 -2*a-2 2*a-6 -2*a+6 -2*a-2 2*a+2 -6*a-6 2*a-6 2*a+10 -2*a+6 -6*a-14 2*a+2 a-7 0 2*a-6 -8 a+1 -a+7 0 8 -a-1 0 over Number field with defining polynomial x^2-17
-6*a^3 + 234*a + 120 0 6*a^3 - 234*a - 120 72*a^2 + 144*a - 36 -9*a^3 - 63*a^2 + 90*a + 144 -36*a^2 - 72*a + 18 0 -6*a^3 - 45*a^2 - 72*a - 33 6*a^3 + 45*a^2 + 72*a + 33 9*a^3 + 63*a^2 + 72*a + 72 9*a^3 + 27*a^2 - 162*a - 126 9*a^3 + 54*a^2 + 27*a - 72 -9*a^3 - 54*a^2 - 27*a + 72 -9*a^3 - 27*a^2 - 90 6*a^2 - 78*a - 48 -2*a^3 + 78*a + 40 4*a^3 + 24*a^2 - 90*a - 218 -4*a^3 - 24*a^2 - 18*a + 74 4*a^3 + 30*a^2 + 48*a + 22 0 -4*a^3 - 30*a^2 - 48*a - 22 -4*a^3 + 138*a + 206 4*a^3 + 30*a^2 + 48*a + 22 -24*a^2 - 48*a + 12 2*a^3 - 78*a - 40 -4*a^3 - 30*a^2 - 48*a - 22 -30*a^2 - 78*a - 84 18*a^2 + 126*a + 36 4*a^3 - 30*a - 62 -42*a^2 - 66*a + 120 -4*a^3 - 33*a^2 - 9*a + 2 54*a+72 -2*a^3 - 6*a^2 - 24*a - 2 2*a^3 + 15*a^2 + 24*a + 11 12*a^2 + 24*a - 6 3*a^3 + 3*a^2 - 93*a - 75 -4*a^3 - 30*a^2 + 6*a + 50 0 -3*a^3 - 9*a^2 + 54*a + 42 3*a^3 + 18*a^2 + 9*a - 24 -4*a^3 - 45*a^2 - 87*a - 64 -4*a^3 - 12*a^2 + 6*a + 68 -2*a^3 - 24*a^2 - 24*a - 20 3*a^3 + 9*a^2 + 30 4*a^3 + 33*a^2 + 63*a + 70 2*a^3 - 9*a^2 - 78*a - 49 12*a^2 - 30*a - 78 4*a^3 + 3*a^2 + 39*a + 58 2*a^3 + 9*a^2 - 78*a - 31 2*a^3 + 6*a^2 + 24*a + 2 4*a^3 + 45*a^2 + 33*a - 8 6*a^2 - 24*a + 24 0 12*a^2 + 24*a - 6 0 -a^3 + 3*a^2 + 63*a + 5 -12*a^2 - 24*a + 6 -2*a^3 - 15*a^2 - 24*a - 11 4*a^3 + 30*a^2 - 6*a - 50 -3*a^3 - 21*a^2 - 24*a - 24 -2*a^3 - 9*a^2 + 78*a + 31 -54*a-72 -4*a^3 - 39*a^2 - 111*a - 40 -2*a^3 + 9*a^2 + 78*a + 49 4*a^3 + 12*a^2 - 6*a - 68 a^3 - 3*a^2 - 63*a - 5 12*a^2 + 78*a + 66 3*a^3 + 21*a^2 - 30*a - 48 -4*a^3 - 3*a^2 + 15*a + 14 -3*a^3 - 3*a^2 + 93*a + 75 2*a^3 + 24*a^2 + 24*a + 20 18*a^2 + 72*a - 36 4*a^3 + 39*a^2 + 57*a - 32 -3*a^3 - 18*a^2 - 9*a + 24 -15*a^2 - 39*a - 42 a^3 + 3*a^2 - 15*a - 35 -12*a^2 - 24*a + 6 9*a^2 + 9 3*a^2 + 15*a + 48 -3*a^2 + 39*a + 24 0 -9*a^2 - 9 15*a^2 - 15*a - 30 -a^3 - 3*a^2 + 15*a + 35 over Number field with defining polynomial x^4+3*x^3-36*x^2-59*x-3
-8*a^4 + 464*a^3 - 8952*a^2 + 66640*a - 167584 92*a^4 - 4748*a^3 + 86424*a^2 - 660340*a + 1783372 -8*a^4 + 464*a^3 - 8952*a^2 + 66640*a - 167584 28*a^4 - 1372*a^3 + 23544*a^2 - 170948*a + 443468 -24*a^4 + 1308*a^3 - 25200*a^2 + 199668*a - 550536 36*a^4 - 1788*a^3 + 30984*a^2 - 224340*a + 576612 -16*a^4 + 952*a^3 - 20136*a^2 + 175400*a - 524072 84*a^3 - 3048*a^2 + 34908*a - 121800 156*a^3 - 5592*a^2 + 60276*a - 199224 -16*a^4 + 940*a^3 - 19464*a^2 + 164180*a - 475496 -8*a^4 + 476*a^3 - 9624*a^2 + 77860*a - 216160 -16*a^4 + 940*a^3 - 19020*a^2 + 154340*a - 429620 -8*a^4 + 476*a^3 - 10068*a^2 + 87700*a - 262036 108*a^3 - 3888*a^2 + 42372*a - 141120 -12*a^4 + 668*a^3 - 13104*a^2 + 105156*a - 292324 8*a^4 - 480*a^3 + 10440*a^2 - 94720*a + 293520 -16*a^4 + 936*a^3 - 18744*a^2 + 154616*a - 442584 -32*a^4 + 1672*a^3 - 30216*a^2 + 225592*a - 592664 16*a^4 - 792*a^3 + 13968*a^2 - 104264*a + 276672 28*a^4 - 1516*a^3 + 29112*a^2 - 233684*a + 656684 -16*a^4 + 952*a^3 - 19728*a^2 + 167720*a - 490688 16*a^4 - 760*a^3 + 12792*a^2 - 90440*a + 227768 -16*a^4 + 872*a^3 - 16848*a^2 + 135992*a - 383680 -36*a^4 + 1860*a^3 - 33768*a^2 + 255708*a - 683220 8*a^4 - 480*a^3 + 10440*a^2 - 94720*a + 293520 16*a^4 - 872*a^3 + 16848*a^2 - 135992*a + 383680 -12*a^4 + 668*a^3 - 13104*a^2 + 105156*a - 292324 -12*a^4 + 620*a^3 - 10944*a^2 + 78228*a - 195316 -24*a^3 + 1320*a^2 - 19464*a + 77688 -12*a^4 + 620*a^3 - 10944*a^2 + 78228*a - 195316 228*a^2 - 4512*a + 19452 -16*a^4 + 816*a^3 - 14592*a^2 + 108704*a - 286272 12*a^4 - 708*a^3 + 14592*a^2 - 124668*a + 368052 -76*a^3 + 2712*a^2 - 28548*a + 92216 -28*a^4 + 1444*a^3 - 26328*a^2 + 202316*a - 550076 -36*a^4 + 1916*a^3 - 35556*a^2 + 272484*a - 731992 4*a^4 - 244*a^3 + 5544*a^2 - 50732*a + 156020 0 8*a^4 - 468*a^3 + 9768*a^2 - 83500*a + 244944 8*a^4 - 468*a^3 + 9324*a^2 - 73660*a + 199068 80*a^3 - 3108*a^2 + 36240*a - 126460 -12*a^4 + 724*a^3 - 15576*a^2 + 137772*a - 416156 -4*a^4 + 228*a^3 - 4560*a^2 + 37628*a - 107916 16*a^4 - 836*a^3 + 15504*a^2 - 118988*a + 319984 8*a^3 + 132*a^2 - 4152*a + 19052 108*a^3 - 3888*a^2 + 42372*a - 141120 4*a^4 - 196*a^3 + 3408*a^2 - 24476*a + 61772 48*a^3 - 1932*a^2 + 22416*a - 77556 -8*a^4 + 364*a^3 - 5808*a^2 + 38308*a - 89432 4*a^4 - 236*a^3 + 4896*a^2 - 43988*a + 137500 72*a^3 - 3012*a^2 + 35880*a - 126060 -4*a^4 + 172*a^3 - 2328*a^2 + 11012*a - 13268 -80*a^3 + 2880*a^2 - 31728*a + 107008 -8*a^4 + 400*a^3 - 6912*a^2 + 49312*a - 123944 8*a^3 - 744*a^2 + 14040*a - 62968 12*a^4 - 516*a^3 + 7452*a^2 - 43548*a + 88440 8*a^4 - 336*a^3 + 4560*a^2 - 21664*a + 26136 -4*a^3 + 168*a^2 - 3180*a + 14792 -4*a^4 + 228*a^3 - 4152*a^2 + 29948*a - 74532 -4*a^3 - 72*a^2 + 2820*a - 14392 44*a^3 - 1536*a^2 + 14724*a - 43312 16*a^4 - 880*a^3 + 16944*a^2 - 136352*a + 384080 24*a^3 - 852*a^2 + 8952*a - 29052 -8*a^4 + 428*a^3 - 8160*a^2 + 65956*a - 187240 -4*a^4 + 252*a^3 - 5880*a^2 + 57092*a - 185604 28*a^4 - 1444*a^3 + 25860*a^2 - 191804*a + 501440 4*a^4 - 148*a^3 + 1248*a^2 + 2452*a - 35236 -8*a^4 + 364*a^3 - 5808*a^2 + 38308*a - 89432 56*a^3 - 2028*a^2 + 22776*a - 77956 -20*a^4 + 988*a^3 - 17148*a^2 + 124228*a - 318992 4*a^4 - 244*a^3 + 5136*a^2 - 43052*a + 122636 -4*a^4 + 172*a^3 - 2328*a^2 + 11012*a - 13268 32*a^3 - 948*a^2 + 9312*a - 29452 -4*a^3 + 372*a^2 - 7020*a + 31484 -48*a^3 + 1932*a^2 - 22416*a + 77556 12*a^4 - 700*a^3 + 14052*a^2 - 114468*a + 321776 12*a^4 - 644*a^3 + 12024*a^2 - 91692*a + 243820 8*a^4 - 396*a^3 + 6984*a^2 - 52132*a + 138336 -24*a^3 + 852*a^2 - 8952*a + 29052 -32*a^3 + 948*a^2 - 9312*a + 29452 8*a^4 - 456*a^3 + 8712*a^2 - 67576*a + 182448 -76*a^3 + 2712*a^2 - 28548*a + 92216 -56*a^3 + 2028*a^2 - 22776*a + 77956 -4*a^4 + 228*a^3 - 4356*a^2 + 33788*a - 91224 over Number field with defining polynomial x^5-62*x^4+1447*x^3-15893*x^2+82456*x-162797
9*a^3 - 345*a^2 + 4155*a - 15267 9*a^3 - 504*a^2 + 8289*a - 39006 9*a^3 - 345*a^2 + 4155*a - 15267 -3*a^3 + 204*a^2 - 3891*a + 21726 -3*a^3 + 135*a^2 - 1917*a + 8265 -3*a^3 + 150*a^2 - 2199*a + 8640 -9*a^3 + 345*a^2 - 4155*a + 15267 3*a^3 - 132*a^2 + 1965*a - 10044 -3*a^3 + 132*a^2 - 1965*a + 10044 9*a^3 - 345*a^2 + 4155*a - 15267 -9*a^3 + 345*a^2 - 4155*a + 15267 -3*a^3 + 135*a^2 - 1917*a + 8265 3*a^3 - 135*a^2 + 1917*a - 8265 3*a^3 - 135*a^2 + 1917*a - 8265 a^3 - 30*a^2 + 201*a + 296 -3*a^3 + 115*a^2 - 1385*a + 5089 a^4 - 47*a^3 + 773*a^2 - 5189*a + 12166 a^4 - 39*a^3 + 453*a^2 - 1141*a - 3522 -2*a^4 + 98*a^3 - 1704*a^2 + 12278*a - 30686 -3*a^3 + 168*a^2 - 2763*a + 13002 -2*a^4 + 94*a^3 - 1528*a^2 + 9658*a - 17294 a^4 - 51*a^3 + 913*a^2 - 6681*a + 16834 2*a^4 - 94*a^3 + 1528*a^2 - 9658*a + 17294 a^3 - 68*a^2 + 1297*a - 7242 -3*a^3 + 115*a^2 - 1385*a + 5089 2*a^4 - 98*a^3 + 1704*a^2 - 12278*a + 30686 -7*a^3 + 250*a^2 - 2783*a + 9632 9*a^3 - 350*a^2 + 4249*a - 15392 a^4 - 43*a^3 + 593*a^2 - 2633*a + 1146 a^3 - 70*a^2 + 1265*a - 6056 -3*a^3 + 121*a^2 - 1463*a + 4621 -a^4 + 43*a^3 - 613*a^2 + 3165*a - 4322 -a^4 + 43*a^3 - 594*a^2 + 2617*a - 553 -a^3 + 44*a^2 - 655*a + 3348 a^3 - 50*a^2 + 733*a - 2880 a^4 - 39*a^3 + 453*a^2 - 1141*a - 3522 a^4 - 45*a^3 + 684*a^2 - 3895*a + 6063 2*a^4 - 96*a^3 + 1616*a^2 - 10968*a + 23990 3*a^3 - 115*a^2 + 1385*a - 5089 -a^3 + 45*a^2 - 639*a + 2755 7*a^3 - 297*a^2 + 4083*a - 18013 a^4 - 47*a^3 + 772*a^2 - 5205*a + 12759 -a^4 + 45*a^3 - 682*a^2 + 3927*a - 7249 -a^3 + 45*a^2 - 639*a + 2755 3*a^3 - 137*a^2 + 2059*a - 10169 -7*a^3 + 274*a^2 - 3425*a + 13526 -5*a^3 + 210*a^2 - 2757*a + 10724 -3*a^3 + 157*a^2 - 2591*a + 13345 -5*a^3 + 186*a^2 - 2115*a + 6830 a^4 - 43*a^3 + 594*a^2 - 2617*a + 553 a^3 - 39*a^2 + 561*a - 3223 -a^3 + 50*a^2 - 733*a + 2880 -2*a^4 + 96*a^3 - 1616*a^2 + 10968*a - 23990 -a^4 + 41*a^3 - 523*a^2 + 1887*a + 1188 3*a^3 - 115*a^2 + 1385*a - 5089 a^4 - 51*a^3 + 913*a^2 - 6681*a + 16834 -a^4 + 49*a^3 - 843*a^2 + 5935*a - 14500 a^3 - 44*a^2 + 655*a - 3348 -a^4 + 45*a^3 - 684*a^2 + 3895*a - 6063 -3*a^3 + 115*a^2 - 1385*a + 5089 5*a^3 - 186*a^2 + 2115*a - 6830 -a^4 + 47*a^3 - 753*a^2 + 4657*a - 8990 a^3 - 3*a^2 - 567*a + 5501 7*a^3 - 274*a^2 + 3425*a - 13526 -a^4 + 47*a^3 - 772*a^2 + 5205*a - 12759 -a^4 + 51*a^3 - 913*a^2 + 6681*a - 16834 3*a^3 - 110*a^2 + 1291*a - 4964 a^3 - 45*a^2 + 639*a - 2755 -5*a^3 + 179*a^2 - 2053*a + 7891 -a^4 + 39*a^3 - 453*a^2 + 1141*a + 3522 a^4 - 45*a^3 + 682*a^2 - 3927*a + 7249 -a^3 + 50*a^2 - 733*a + 2880 -a^3 + 19*a^2 - 29*a + 47 a^3 - 45*a^2 + 639*a - 2755 a^3 - 21*a^2 - 3*a + 1139 a^4 - 45*a^3 + 683*a^2 - 3911*a + 6656 a^3 - 50*a^2 + 733*a - 2880 a^3 - 44*a^2 + 655*a - 3348 -3*a^3 + 139*a^2 - 2027*a + 8983 -a^3 + 21*a^2 + 3*a - 1139 a^4 - 45*a^3 + 683*a^2 - 3911*a + 6656 -a^3 + 44*a^2 - 655*a + 3348 3*a^3 - 139*a^2 + 2027*a - 8983 -a^4 + 45*a^3 - 683*a^2 + 3911*a - 6656 over Number field with defining polynomial x^5-58*x^4+1255*x^3-12259*x^2+50536*x-57619
6*a+6 0 6*a+6 12*a-96 -3*a-30 -6*a+48 -6*a-6 -3*a+24 3*a-24 3*a-24 -3*a+24 9*a+9 -9*a-9 3*a+30 -4*a+14 -2*a-2 -6*a-6 -2*a-2 -2*a+16 0 2*a-16 -6*a+30 -2*a+16 -4*a+32 -2*a-2 2*a-16 4*a-50 18 -2*a+34 8*a-46 6*a-57 4*a+4 2*a+2 a-8 2*a-16 -9 4*a+4 0 a-8 3*a+3 2*a-7 6*a-12 18 -a-10 -9 3*a-6 -4*a+14 -6*a+39 a+10 -2*a-2 8*a-55 -2*a+16 0 2*a-16 2*a+2 4*a-5 6*a-12 -a+8 -4*a-4 -a+8 -a-10 4*a-32 -4*a+41 -3*a+6 -6*a+12 -4*a+5 18 a+10 -4*a+23 9 -18 -2*a+16 -2*a+25 -3*a-3 2*a-7 2*a-7 2*a-16 -a+8 -9 -2*a+7 -4*a+14 a-8 9 -2*a+7 over Number field with defining polynomial x^2-x-29
-35*a^7 + 2759*a^6 - 89311*a^5 + 1527076*a^4 - 14745847*a^3 + 79398967*a^2 - 217220255*a + 226460534 -28*a^7 + 2356*a^6 - 80633*a^5 + 1438903*a^4 - 14239292*a^3 + 76465487*a^2 - 199474695*a + 179356606 -21*a^7 + 1669*a^6 - 54465*a^5 + 937636*a^4 - 9093489*a^3 + 49042617*a^2 - 134502961*a + 141914774 -14*a^7 + 1092*a^6 - 34271*a^5 + 551277*a^4 - 4781080*a^3 + 21453977*a^2 - 43021915*a + 23975926 36*a^7 - 2713*a^6 + 82890*a^5 - 1314151*a^4 + 11483761*a^3 - 54221688*a^2 + 125916637*a - 110248116 -12*a^7 + 994*a^6 - 33637*a^5 + 596947*a^4 - 5916792*a^3 + 32069803*a^2 - 84880915*a + 77467100 7*a^7 - 531*a^6 + 17303*a^5 - 314866*a^4 + 3420629*a^3 - 21525323*a^2 + 68628453*a - 77754440 12*a^7 - 812*a^6 + 21728*a^5 - 289004*a^4 + 1945476*a^3 - 5697740*a^2 + 2392772*a + 10201472 6*a^7 - 394*a^6 + 10096*a^5 - 125044*a^4 + 721092*a^3 - 1053460*a^2 - 5847422*a + 17396230 10*a^7 - 739*a^6 + 22110*a^5 - 343807*a^4 + 2969761*a^3 - 14127756*a^2 + 34191519*a - 32631114 18*a^7 - 1379*a^6 + 43350*a^5 - 718565*a^4 + 6703871*a^3 - 34627272*a^2 + 89371889*a - 84435576 56*a^7 - 4332*a^6 + 136450*a^5 - 2243066*a^4 + 20490784*a^3 - 102403882*a^2 + 256433130*a - 247308436 28*a^7 - 2118*a^6 + 64562*a^5 - 1010710*a^4 + 8571116*a^3 - 38183090*a^2 + 80571522*a - 63120782 20*a^7 - 1571*a^6 + 50346*a^5 - 843923*a^4 + 7884005*a^3 - 40449312*a^2 + 104367393*a - 103499838 46*a^7 - 3498*a^6 + 108045*a^5 - 1735537*a^4 + 15405946*a^3 - 74116487*a^2 + 175887163*a - 157269678 -7*a^7 + 547*a^6 - 18075*a^5 + 325976*a^4 - 3427463*a^3 + 20578971*a^2 - 63014191*a + 70959298 -2*a^7 + 185*a^6 - 6592*a^5 + 116991*a^4 - 1098943*a^3 + 5296106*a^2 - 11452551*a + 6787398 -10*a^7 + 779*a^6 - 24520*a^5 + 398653*a^4 - 3543565*a^3 + 16720070*a^2 - 37029089*a + 26304978 2*a^7 - 224*a^6 + 9146*a^5 - 182066*a^4 + 1914868*a^3 - 10557646*a^2 + 28143208*a - 27730264 -6*a^7 + 544*a^6 - 19907*a^5 + 377545*a^4 - 3954640*a^3 + 22445797*a^2 - 62055215*a + 59934362 -14*a^7 + 1028*a^6 - 30362*a^5 + 458098*a^4 - 3692580*a^3 + 15058446*a^2 - 25840108*a + 9331796 10*a^7 - 825*a^6 + 28084*a^5 - 506583*a^4 + 5161747*a^3 - 29135854*a^2 + 81638927*a - 81780994 -6*a^7 + 418*a^6 - 11128*a^5 + 134292*a^4 - 566996*a^3 - 2036184*a^2 + 21771818*a - 39183510 8*a^7 - 720*a^6 + 26455*a^5 - 510081*a^4 + 5503572*a^3 - 32565713*a^2 + 94397565*a - 95446318 -21*a^7 + 1637*a^6 - 52921*a^5 + 915416*a^4 - 9079821*a^3 + 50935321*a^2 - 145731485*a + 155505058 10*a^7 - 834*a^6 + 28380*a^5 - 505872*a^4 + 5040452*a^3 - 27652276*a^2 + 75755134*a - 76245570 4*a^7 - 242*a^6 + 5423*a^5 - 50395*a^4 + 59454*a^3 + 2155835*a^2 - 13550753*a + 23957346 -30*a^7 + 2278*a^6 - 70111*a^5 + 1118959*a^4 - 9828906*a^3 + 46544245*a^2 - 108312961*a + 96031934 2*a^7 - 231*a^6 + 10156*a^5 - 224921*a^4 + 2717125*a^3 - 17711890*a^2 + 56062389*a - 62263414 12*a^7 - 978*a^6 + 32511*a^5 - 566183*a^4 + 5517586*a^3 - 29728077*a^2 + 81124955*a - 85195090 4*a^7 - 344*a^6 + 12145*a^5 - 226345*a^4 + 2380234*a^3 - 13930915*a^2 + 41215521*a - 46036508 -10*a^7 + 793*a^6 - 25682*a^5 + 435041*a^4 - 4098319*a^3 + 21060016*a^2 - 53485217*a + 49925858 8*a^7 - 642*a^6 + 21576*a^5 - 390904*a^4 + 4075904*a^3 - 23981688*a^2 + 71153384*a - 76440374 -8*a^6 + 512*a^5 - 12972*a^4 + 167764*a^3 - 1196940*a^2 + 4695872*a - 8196996 10*a^7 - 818*a^6 + 27089*a^5 - 464411*a^4 + 4367860*a^3 - 21949887*a^2 + 52538565*a - 41955144 -24*a^7 + 1900*a^6 - 61560*a^5 + 1048246*a^4 - 10006914*a^3 + 52689076*a^2 - 138525270*a + 134355186 20*a^7 - 1478*a^6 + 44536*a^5 - 702724*a^4 + 6199012*a^3 - 30174136*a^2 + 74065568*a - 69312734 -2*a^7 + 208*a^6 - 8626*a^5 + 185790*a^4 - 2236728*a^3 + 14844230*a^2 - 48763476*a + 57714540 -10*a^7 + 755*a^6 - 22882*a^5 + 354917*a^4 - 2976595*a^3 + 13181404*a^2 - 28577257*a + 25835972 -28*a^7 + 2182*a^6 - 69446*a^5 + 1158474*a^4 - 10803484*a^3 + 55541558*a^2 - 144098246*a + 143832030 -8*a^7 + 538*a^6 - 14127*a^5 + 178571*a^4 - 1032362*a^3 + 1337085*a^2 + 8699505*a - 20877266 -22*a^7 + 1686*a^6 - 52910*a^5 + 873680*a^4 - 8107046*a^3 + 41678134*a^2 - 107823038*a + 103838140 -6*a^7 + 434*a^6 - 13202*a^5 + 219948*a^4 - 2167870*a^3 + 12477690*a^2 - 37395914*a + 41914968 -8*a^7 + 563*a^6 - 15886*a^5 + 229559*a^4 - 1796461*a^3 + 7359364*a^2 - 13581753*a + 6771710 14*a^7 - 1020*a^6 + 29935*a^5 - 451227*a^4 + 3682310*a^3 - 15685405*a^2 + 30547321*a - 18858056 -4*a^7 + 296*a^6 - 8856*a^5 + 136226*a^4 - 1135738*a^3 + 5040976*a^2 - 11635350*a + 13838658 -18*a^7 + 1348*a^6 - 41041*a^5 + 650945*a^4 - 5718646*a^3 + 27254163*a^2 - 63552279*a + 53793272 -14*a^7 + 988*a^6 - 27533*a^5 + 379685*a^4 - 2618882*a^3 + 7609567*a^2 - 2393611*a - 12997080 4*a^7 - 280*a^6 + 8084*a^5 - 125116*a^4 + 1128904*a^3 - 5987328*a^2 + 17249612*a - 20633800 -6*a^7 + 386*a^6 - 9038*a^5 + 82028*a^4 + 54630*a^3 - 5583010*a^2 + 30307270*a - 43919444 -8*a^7 + 618*a^6 - 19327*a^5 + 313211*a^4 - 2793454*a^3 + 13435005*a^2 - 31698871*a + 28057290 -20*a^7 + 1540*a^6 - 48037*a^5 + 776303*a^4 - 6898780*a^3 + 33076203*a^2 - 78547783*a + 72857534 6*a^7 - 402*a^6 + 10608*a^5 - 138016*a^4 + 888856*a^3 - 2250400*a^2 - 1151550*a + 9199234 9*a^6 - 620*a^5 + 17577*a^4 - 254337*a^3 + 1867946*a^2 - 5848791*a + 4117128 21*a^7 - 1653*a^6 + 53693*a^5 - 926526*a^4 + 9086655*a^3 - 49988969*a^2 + 140117223*a - 148709916 -4*a^7 + 296*a^6 - 8956*a^5 + 143010*a^4 - 1301602*a^3 + 6833152*a^2 - 19857254*a + 26269214 8*a^7 - 585*a^6 + 17308*a^5 - 264085*a^4 + 2190285*a^3 - 9556018*a^2 + 19727747*a - 15400452 -6*a^7 + 410*a^6 - 11120*a^5 + 150988*a^4 - 1056620*a^3 + 3447340*a^2 - 3544322*a - 1002238 6*a^7 - 450*a^6 + 13922*a^5 - 229792*a^4 + 2177738*a^3 - 11775458*a^2 + 33219454*a - 36791804 -18*a^7 + 1395*a^6 - 44122*a^5 + 729675*a^4 - 6710705*a^3 + 33680920*a^2 - 83757627*a + 77640434 4*a^7 - 280*a^6 + 7832*a^5 - 110282*a^4 + 800210*a^3 - 2647096*a^2 + 2243606*a + 2555334 2*a^7 - 217*a^6 + 8994*a^5 - 188533*a^4 + 2162371*a^3 - 13371944*a^2 + 39606261*a - 38642534 10*a^7 - 714*a^6 + 20351*a^5 - 292819*a^4 + 2205662*a^3 - 8105477*a^2 + 11910261*a - 4982138 -4*a^7 + 296*a^6 - 8604*a^5 + 121392*a^4 - 807044*a^3 + 1700744*a^2 + 3370656*a - 9350476 -8*a^7 + 658*a^6 - 22296*a^5 + 400748*a^4 - 4085772*a^3 + 23279456*a^2 - 66976924*a + 71317210 10*a^7 - 794*a^6 + 25942*a^5 - 447696*a^4 + 4347722*a^3 - 23279078*a^2 + 61422238*a - 56604568 16*a^7 - 1172*a^6 + 34493*a^5 - 518409*a^4 + 4169714*a^3 - 17134247*a^2 + 31209929*a - 18281316 8*a^7 - 579*a^6 + 16658*a^5 - 240669*a^4 + 1803295*a^3 - 6413012*a^2 + 7967491*a + 23432 -4*a^7 + 312*a^6 - 9743*a^5 + 154803*a^4 - 1316806*a^3 + 5855077*a^2 - 13061811*a + 14181372 -10*a^7 + 810*a^6 - 26662*a^5 + 457540*a^4 - 4357590*a^3 + 22576846*a^2 - 57245778*a + 51481404 8*a^7 - 594*a^6 + 17412*a^5 - 252984*a^4 + 1853404*a^3 - 5920988*a^2 + 3450200*a + 9394038 22*a^7 - 1716*a^6 + 54585*a^5 - 908839*a^4 + 8447712*a^3 - 43196119*a^2 + 110890133*a - 108369490 10*a^7 - 794*a^6 + 25551*a^5 - 427459*a^4 + 3966754*a^3 - 20203397*a^2 + 52308637*a - 53916694 -32*a^6 + 2442*a^5 - 73882*a^4 + 1116184*a^3 - 8679234*a^2 + 31763362*a - 40355624 4*a^7 - 250*a^6 + 5783*a^5 - 55317*a^4 + 64388*a^3 + 2506951*a^2 - 15638983*a + 26518928 14*a^7 - 1098*a^6 + 35258*a^5 - 595628*a^4 + 5654258*a^3 - 29761114*a^2 + 79191262*a - 80312200 -8*a^7 + 610*a^6 - 18967*a^5 + 308289*a^4 - 2788520*a^3 + 13786121*a^2 - 33787101*a + 30618872 -8*a^6 + 260*a^5 + 1862*a^4 - 160930*a^3 + 2143292*a^2 - 10310134*a + 14992138 -24*a^6 + 1399*a^5 - 31549*a^4 + 348832*a^3 - 2011041*a^2 + 6122333*a - 8539710 56*a^6 - 3801*a^5 + 103091*a^4 - 1412260*a^3 + 10086879*a^2 - 34276043*a + 40394846 23*a^6 - 1782*a^5 + 53965*a^4 - 809091*a^3 + 6207892*a^2 - 22304919*a + 27738008 -8*a^6 + 512*a^5 - 12972*a^4 + 167764*a^3 - 1196940*a^2 + 4695872*a - 8196996 -6*a^7 + 426*a^6 - 12007*a^5 + 169565*a^4 - 1237688*a^3 + 4261441*a^2 - 4970783*a - 659524 -8*a^6 + 360*a^5 - 4922*a^4 + 4934*a^3 + 351116*a^2 - 2088230*a + 2561582 over Number field with defining polynomial x^8-93*x^7+3636*x^6-77448*x^5+973024*x^4-7286732*x^3+31255451*x^2-69030703*x+59151536
72*a^7 - 630*a^6 - 6264*a^5 + 87786*a^4 - 294408*a^3 + 108054*a^2 + 825048*a - 837162 0 72*a^7 - 630*a^6 - 6264*a^5 + 87786*a^4 - 294408*a^3 + 108054*a^2 + 825048*a - 837162 -108*a^8 + 1458*a^7 - 1116*a^6 - 56376*a^5 + 232866*a^4 - 77022*a^3 - 730080*a^2 + 545580*a + 344142 -9*a^8 + 189*a^7 - 945*a^6 - 2466*a^5 + 21798*a^4 + 2043*a^3 - 85671*a^2 - 30942*a + 90675 -171*a^7 + 2358*a^6 - 5850*a^5 - 42525*a^4 + 215289*a^3 - 133776*a^2 - 542376*a + 583299 72*a^7 - 630*a^6 - 6264*a^5 + 87786*a^4 - 294408*a^3 + 108054*a^2 + 825048*a - 837162 54*a^8 - 639*a^7 - 1125*a^6 + 36891*a^5 - 119529*a^4 - 8289*a^3 + 383589*a^2 - 194427*a - 127917 18*a^8 - 189*a^7 - 495*a^6 + 11097*a^5 - 36315*a^4 + 31005*a^3 + 20367*a^2 - 146169*a + 301833 -18*a^8 + 279*a^7 - 711*a^6 - 7533*a^5 + 40149*a^4 - 23697*a^3 - 88587*a^2 + 66555*a - 50589 18*a^8 - 207*a^7 - 477*a^6 + 12861*a^5 - 40113*a^4 - 14823*a^3 + 176031*a^2 - 85995*a - 129159 351*a^6 - 7632*a^5 + 57087*a^4 - 156672*a^3 + 13401*a^2 + 500256*a - 455463 -72*a^7 + 981*a^6 - 1368*a^5 - 30699*a^4 + 137736*a^3 - 94653*a^2 - 324792*a + 381699 9*a^8 - 117*a^7 - 243*a^6 + 7794*a^5 - 21762*a^4 - 40563*a^3 + 173115*a^2 + 11502*a - 270423 6*a^8 - 126*a^7 + 396*a^6 + 6732*a^5 - 52590*a^4 + 103086*a^3 + 48180*a^2 - 312876*a + 243192 -24*a^7 + 210*a^6 + 2088*a^5 - 29262*a^4 + 98136*a^3 - 36018*a^2 - 275016*a + 279054 -36*a^8 + 444*a^7 + 42*a^6 - 18516*a^5 + 70218*a^4 - 41040*a^3 - 149742*a^2 + 208944*a - 107994 -18*a^8 + 264*a^7 - 426*a^6 - 8382*a^5 + 33516*a^4 + 10440*a^3 - 143910*a^2 + 13950*a + 174534 174*a^7 - 2694*a^6 + 9702*a^5 + 26286*a^4 - 174726*a^3 + 101550*a^2 + 413826*a - 359430 36*a^8 - 372*a^7 - 1200*a^6 + 22692*a^5 - 49272*a^4 - 117852*a^3 + 332544*a^2 + 179724*a - 503580 48*a^8 - 726*a^7 + 1614*a^6 + 22290*a^5 - 130182*a^4 + 189870*a^3 + 167754*a^2 - 640890*a + 475374 18*a^8 - 264*a^7 + 474*a^6 + 8850*a^5 - 43752*a^4 + 21552*a^3 + 162510*a^2 - 118074*a - 190866 24*a^8 - 450*a^7 + 2154*a^6 + 6294*a^5 - 78234*a^4 + 182298*a^3 + 33102*a^2 - 527358*a + 417402 -72*a^8 + 1086*a^7 - 2316*a^6 - 33684*a^5 + 183594*a^4 - 194874*a^3 - 397536*a^2 + 725304*a - 159438 -24*a^7 + 210*a^6 + 2088*a^5 - 29262*a^4 + 98136*a^3 - 36018*a^2 - 275016*a + 279054 -24*a^8 + 450*a^7 - 2154*a^6 - 6294*a^5 + 78234*a^4 - 182298*a^3 - 33102*a^2 + 527358*a - 417402 6*a^8 - 126*a^7 + 396*a^6 + 6732*a^5 - 52590*a^4 + 103086*a^3 + 48180*a^2 - 312876*a + 243192 -6*a^8 + 12*a^7 + 1080*a^6 - 8184*a^5 + 6624*a^4 + 78744*a^3 - 141492*a^2 - 152724*a + 314682 36*a^8 - 444*a^7 + 6*a^6 + 18984*a^5 - 80454*a^4 + 73032*a^3 + 168342*a^2 - 313068*a + 91662 -6*a^8 + 12*a^7 + 1080*a^6 - 8184*a^5 + 6624*a^4 + 78744*a^3 - 141492*a^2 - 152724*a + 314682 -6*a^8 + 78*a^7 + 378*a^6 - 8997*a^5 + 34239*a^4 + 3498*a^3 - 141834*a^2 + 54837*a + 101439 -9*a^8 + 90*a^7 + 120*a^6 - 3231*a^5 + 10593*a^4 - 26544*a^3 + 27642*a^2 + 74745*a - 113286 -6*a^8 + 66*a^7 - 84*a^6 - 48*a^5 - 11016*a^4 + 60582*a^3 - 44988*a^2 - 184776*a + 219246 6*a^8 - 87*a^7 - 45*a^6 + 4899*a^5 - 15633*a^4 - 23433*a^3 + 114285*a^2 + 32637*a - 243861 36*a^8 - 543*a^7 + 1158*a^6 + 16842*a^5 - 91797*a^4 + 97437*a^3 + 198768*a^2 - 362652*a + 79719 12*a^8 - 150*a^7 - 222*a^6 + 9327*a^5 - 34701*a^4 + 4476*a^3 + 124692*a^2 - 68121*a - 105081 6*a^8 - 66*a^7 - 150*a^6 + 5136*a^5 - 27042*a^4 + 43866*a^3 + 36054*a^2 - 148728*a + 84396 0 18*a^8 - 255*a^7 + 315*a^6 + 9309*a^5 - 40137*a^4 + 10857*a^3 + 117735*a^2 - 73035*a - 9327 -24*a^7 + 93*a^6 + 4632*a^5 - 48291*a^4 + 150360*a^3 - 40485*a^2 - 441768*a + 430875 12*a^8 - 150*a^7 - 522*a^6 + 14199*a^5 - 57045*a^4 + 15930*a^3 + 195462*a^2 - 131163*a - 94995 6*a^8 - 42*a^7 - 336*a^6 + 1590*a^5 + 16146*a^4 - 89418*a^3 + 64836*a^2 + 230358*a - 270996 -6*a^8 + 42*a^7 + 570*a^6 - 6678*a^5 + 21912*a^4 - 15030*a^3 - 55902*a^2 + 103146*a - 32646 9*a^8 - 165*a^7 + 549*a^6 + 4242*a^5 - 21786*a^4 - 14883*a^3 + 114819*a^2 + 24462*a - 150591 -6*a^8 + 57*a^7 + 504*a^6 - 8175*a^5 + 31776*a^4 - 20583*a^3 - 89046*a^2 + 109065*a + 12240 -18*a^8 + 234*a^7 - 15*a^6 - 10113*a^5 + 33432*a^4 + 34296*a^3 - 194127*a^2 + 867*a + 242172 -12*a^8 + 126*a^7 + 996*a^6 - 16482*a^5 + 55080*a^4 + 7710*a^3 - 213240*a^2 + 73326*a + 180384 6*a^8 - 60*a^7 - 306*a^6 + 5919*a^5 - 24975*a^4 + 27840*a^3 + 47838*a^2 - 105315*a + 29949 18*a^8 - 258*a^7 + 459*a^6 + 7113*a^5 - 24636*a^4 - 40608*a^3 + 167043*a^2 + 57621*a - 266760 -6*a^8 + 42*a^7 + 360*a^6 - 3048*a^5 - 2220*a^4 + 54270*a^3 - 72072*a^2 - 126288*a + 194658 12*a^8 - 129*a^7 - 648*a^6 + 13377*a^5 - 54582*a^4 + 40011*a^3 + 142674*a^2 - 185391*a - 5796 6*a^8 - 57*a^7 - 654*a^6 + 9024*a^5 - 25473*a^4 - 19881*a^3 + 118404*a^2 + 6750*a - 144639 -24*a^8 + 276*a^7 + 540*a^6 - 15996*a^5 + 51948*a^4 - 7572*a^3 - 134652*a^2 + 113532*a - 57972 -9*a^8 + 174*a^7 - 570*a^6 - 5385*a^5 + 28041*a^4 + 20988*a^3 - 180852*a^2 - 8733*a + 295986 -24*a^7 + 210*a^6 + 2088*a^5 - 29262*a^4 + 98136*a^3 - 36018*a^2 - 275016*a + 279054 -12*a^8 + 150*a^7 + 294*a^6 - 10317*a^5 + 38391*a^4 - 7632*a^3 - 113328*a^2 + 68067*a + 12411 -27*a^8 + 354*a^7 - 102*a^6 - 15519*a^5 + 64743*a^4 - 30492*a^3 - 186684*a^2 + 186261*a + 13458 -30*a^8 + 363*a^7 + 585*a^6 - 20895*a^5 + 67581*a^4 + 15861*a^3 - 248937*a^2 + 80895*a + 185889 6*a^8 - 90*a^7 + 294*a^6 + 2136*a^5 - 18246*a^4 + 37554*a^3 + 8970*a^2 - 90240*a + 59808 -18*a^8 + 231*a^7 + 81*a^6 - 11085*a^5 + 40125*a^4 + 1983*a^3 - 146883*a^2 + 79515*a + 69243 18*a^8 - 294*a^7 + 657*a^6 + 10791*a^5 - 59352*a^4 + 43800*a^3 + 173409*a^2 - 176661*a - 67272 45*a^8 - 618*a^7 + 552*a^6 + 24135*a^5 - 103377*a^4 + 36048*a^3 + 339894*a^2 - 252273*a - 196158 9*a^7 + 36*a^6 - 1539*a^5 + 4632*a^4 + 15669*a^3 - 46998*a^2 - 25239*a + 65694 -18*a^8 + 270*a^7 - 213*a^6 - 13791*a^5 + 68148*a^4 - 50112*a^3 - 200493*a^2 + 235149*a + 42684 6*a^8 - 18*a^7 - 780*a^6 + 4590*a^5 + 7350*a^4 - 83106*a^3 + 91920*a^2 + 171870*a - 246408 -12*a^8 + 126*a^7 + 666*a^6 - 12327*a^5 + 43497*a^4 - 10788*a^3 - 151776*a^2 + 126609*a + 80493 -12*a^7 + 312*a^6 - 1566*a^5 - 4134*a^4 + 32052*a^3 - 23568*a^2 - 86826*a + 108894 -9*a^8 + 141*a^7 - 153*a^6 - 6018*a^5 + 21774*a^4 + 27723*a^3 - 143967*a^2 - 17982*a + 210507 6*a^8 - 81*a^7 - 180*a^6 + 6741*a^5 - 27438*a^4 + 3759*a^3 + 100626*a^2 - 51087*a - 59250 12*a^8 - 174*a^7 + 150*a^6 + 7317*a^5 - 29595*a^4 + 1320*a^3 + 86244*a^2 - 9579*a - 36999 -6*a^8 + 66*a^7 + 126*a^6 - 3678*a^5 + 13116*a^4 - 8718*a^3 - 28818*a^2 + 44658*a - 8058 6*a^8 - 57*a^7 - 654*a^6 + 9024*a^5 - 25473*a^4 - 19881*a^3 + 118404*a^2 + 6750*a - 144639 -12*a^7 + 162*a^6 - 717*a^5 + 2169*a^4 - 8412*a^3 + 5790*a^2 + 28989*a - 23505 48*a^7 - 537*a^6 - 1632*a^5 + 39495*a^4 - 144048*a^3 + 67569*a^2 + 383280*a - 406287 -6*a^8 + 60*a^7 + 306*a^6 - 5919*a^5 + 24975*a^4 - 27840*a^3 - 47838*a^2 + 105315*a - 29949 -36*a^6 + 495*a^5 - 1845*a^4 + 1578*a^3 - 5682*a^2 + 27*a + 46335 57*a^7 - 738*a^6 + 726*a^5 + 22983*a^4 - 90915*a^3 + 46656*a^2 + 232800*a - 278937 -6*a^7 - 123*a^6 + 3339*a^5 - 21756*a^4 + 45360*a^3 + 16725*a^2 - 146385*a + 112038 -9*a^7 - 36*a^6 + 1539*a^5 - 4632*a^4 - 15669*a^3 + 46998*a^2 + 25239*a - 65694 12*a^7 - 162*a^6 + 717*a^5 - 2169*a^4 + 8412*a^3 - 5790*a^2 - 28989*a + 23505 -24*a^6 - 234*a^5 + 5118*a^4 - 15996*a^3 - 9300*a^2 + 52062*a + 8166 30*a^7 - 321*a^6 - 339*a^5 + 12960*a^4 - 39048*a^3 + 10359*a^2 + 87897*a - 87450 -6*a^8 + 81*a^7 + 180*a^6 - 6741*a^5 + 27438*a^4 - 3759*a^3 - 100626*a^2 + 51087*a + 59250 24*a^7 - 408*a^6 + 2505*a^5 - 6951*a^4 + 4734*a^3 + 32766*a^2 - 58515*a - 21747 over Number field with defining polynomial x^9-14*x^8+7*x^7+663*x^6-2921*x^5+701*x^4+13845*x^3-13499*x^2-16540*x+18893
a vector of length 84 over Number field with defining polynomial a number field of degree 16
-6*a+12 0 6*a-12 -48 12*a+48 24 0 6*a+12 -6*a-12 6*a-12 -12*a-24 3*a+18 -3*a-18 -6*a-12 -10*a-44 -2*a+4 6*a+20 -18*a-44 -4*a-8 0 4*a+8 -6*a-36 -4*a-8 16 2*a-4 4*a+8 -2*a+36 10*a+28 18*a+60 2*a+12 4*a-8 6*a+12 5*a+22 -2*a-4 -8 5*a+6 -7*a-34 0 4*a+8 a+6 -2*a-12 -a+2 -a-14 2*a+4 2*a+20 -a-22 -6*a-20 -4*a-8 5*a+14 -5*a-22 -4*a -4*a-32 0 -8 0 a+14 8 2*a+4 7*a+34 -2*a+4 -5*a-14 -6*a-12 4*a+32 a+22 a-2 -a-14 6*a+4 -4*a-16 10*a+20 -5*a-6 a+14 4*a+16 -10*a-44 -a-6 -6*a-20 3*a+10 8 3*a+18 6*a+28 -16 0 -3*a-18 8 -3*a-10 over Number field with defining polynomial x^2-4*x-28
168 0 168 168 0 252 168 84 -84 -84 -84 0 -168 -168 0 -56 0 168 -56 -224 56 -56 56 -56 -56 -56 0 -56 112 -56 -28 28 -28 84 28 -84 28 0 28 -56 28 -84 84 -56 -56 0 -56 28 -56 -84 56 28 0 84 -56 28 -84 -84 -28 28 0 -28 0 -56 -28 28 0 112 0 -84 140 28 -28 112 -28 28 28 56 0 28 -56 0 0 28 over Number field with defining polynomial x-7
756 1344 -756 -420 -294 -294 0 168 -336 -420 336 -294 210 210 -504 252 28 448 -112 -336 224 -56 -112 252 -252 224 -168 420 -308 -252 322 -182 350 -168 210 336 -154 56 -168 -126 -266 266 -70 -126 -140 0 -84 574 420 -322 28 -126 56 -14 0 -168 70 0 182 84 -504 238 -392 -84 -238 252 336 42 -392 -252 98 378 154 42 238 84 -126 168 28 154 28 -252 -476 0 over Number field with defining polynomial x-310
0 0 0 0 12 0 0 0 0 12 -6*a-480 3*a+222 -3*a-222 6*a+456 -2*a-156 0 -8 -8 0 0 0 4*a+320 0 0 0 0 2*a+172 -2*a-156 -4*a-304 2*a+140 -a-86 8 -a-74 0 0 a+82 -a-74 0 2*a+160 a+74 a+78 -a-74 -a-74 -2*a-152 a+78 a+82 8 a+78 a+82 a+74 -a-70 -8 0 2*a+156 0 -a-82 -2*a-156 0 a+74 -4 -a-82 -8 a+78 -a-82 a+74 a+82 -8 -4 -a-86 -a-82 a+74 8 -a-70 -a-74 4 0 0 0 -4 -4 0 0 4 0 over Number field with defining polynomial x^2+148*x+5444
-336*a^2 + 186688*a - 25892928 -8*a^3 + 7812*a^2 - 2507248*a + 265005520 -336*a^2 + 186688*a - 25892928 -8*a^3 + 7812*a^2 - 2507248*a + 265005520 108*a^2 - 75456*a + 12540112 -8*a^3 + 7812*a^2 - 2507248*a + 265005520 -336*a^2 + 186688*a - 25892928 -172*a^2 + 116448*a - 18968464 -172*a^2 + 116448*a - 18968464 108*a^2 - 75456*a + 12540112 108*a^2 - 75456*a + 12540112 -a^3 + 1450*a^2 - 600156*a + 76103320 -a^3 + 1450*a^2 - 600156*a + 76103320 108*a^2 - 75456*a + 12540112 92*a^2 - 59504*a + 9361840 -336*a^2 + 186688*a - 25892928 232*a^2 - 134336*a + 19374816 232*a^2 - 134336*a + 19374816 8*a^3 - 8552*a^2 + 2926240*a - 324218080 -8*a^3 + 7812*a^2 - 2507248*a + 265005520 8*a^3 - 8552*a^2 + 2926240*a - 324218080 232*a^2 - 134336*a + 19374816 8*a^3 - 8552*a^2 + 2926240*a - 324218080 -8*a^3 + 7812*a^2 - 2507248*a + 265005520 -336*a^2 + 186688*a - 25892928 8*a^3 - 8552*a^2 + 2926240*a - 324218080 92*a^2 - 59504*a + 9361840 92*a^2 - 59504*a + 9361840 232*a^2 - 134336*a + 19374816 92*a^2 - 59504*a + 9361840 -52*a^2 + 33200*a - 5189072 232*a^2 - 134336*a + 19374816 -a^3 + 1430*a^2 - 566332*a + 68387112 -172*a^2 + 116448*a - 18968464 -8*a^3 + 7812*a^2 - 2507248*a + 265005520 -48*a^2 + 32064*a - 5180096 -a^3 + 1430*a^2 - 566332*a + 68387112 8*a^3 - 8552*a^2 + 2926240*a - 324218080 108*a^2 - 75456*a + 12540112 -a^3 + 1450*a^2 - 600156*a + 76103320 -52*a^2 + 33200*a - 5189072 -a^3 + 1430*a^2 - 566332*a + 68387112 -a^3 + 1430*a^2 - 566332*a + 68387112 108*a^2 - 75456*a + 12540112 -52*a^2 + 33200*a - 5189072 -316*a^2 + 183648*a - 26565712 92*a^2 - 59504*a + 9361840 -52*a^2 + 33200*a - 5189072 -316*a^2 + 183648*a - 26565712 -a^3 + 1430*a^2 - 566332*a + 68387112 -52*a^2 + 33200*a - 5189072 92*a^2 - 59504*a + 9361840 8*a^3 - 8552*a^2 + 2926240*a - 324218080 232*a^2 - 134336*a + 19374816 -336*a^2 + 186688*a - 25892928 -48*a^2 + 32064*a - 5180096 232*a^2 - 134336*a + 19374816 -172*a^2 + 116448*a - 18968464 -a^3 + 1430*a^2 - 566332*a + 68387112 108*a^2 - 75456*a + 12540112 -316*a^2 + 183648*a - 26565712 232*a^2 - 134336*a + 19374816 -52*a^2 + 33200*a - 5189072 -316*a^2 + 183648*a - 26565712 -a^3 + 1430*a^2 - 566332*a + 68387112 -48*a^2 + 32064*a - 5180096 92*a^2 - 59504*a + 9361840 108*a^2 - 75456*a + 12540112 -52*a^2 + 33200*a - 5189072 -48*a^2 + 32064*a - 5180096 -a^3 + 1430*a^2 - 566332*a + 68387112 92*a^2 - 59504*a + 9361840 -52*a^2 + 33200*a - 5189072 -a^3 + 1450*a^2 - 600156*a + 76103320 -52*a^2 + 33200*a - 5189072 -48*a^2 + 32064*a - 5180096 92*a^2 - 59504*a + 9361840 -316*a^2 + 183648*a - 26565712 -52*a^2 + 33200*a - 5189072 -52*a^2 + 33200*a - 5189072 232*a^2 - 134336*a + 19374816 -316*a^2 + 183648*a - 26565712 -52*a^2 + 33200*a - 5189072 -48*a^2 + 32064*a - 5180096 over Number field with defining polynomial x^4-1376*x^3+688600*x^2-149702144*x+11990106512
For conductor 2, eigenvectors are:
-1 1 0 1 1 -1 0 1 1 -1 over Number field with defining polynomial x+1
-1 2 0 0 -1 1 0 0 1 2 over Number field with defining polynomial x+5
1 2 6 -2 -5 -5 8 -2 1 -2 over Number field with defining polynomial x+3
-1 1 0 -1 -1 -1 -2 -1 -1 -1 over Number field with defining polynomial x+9
-a-8 -a-8 0 3 -a-8 a+8 0 -3 a+8 -a-8 over Number field with defining polynomial x^2+16*x+61
-2*a+8 -a+5 2*a-6 -a+5 2*a-8 2 0 -a+5 -2 a-5 over Number field with defining polynomial x^2-17
3 a+2 -a+1 -a-2 a+2 a+2 a-1 -a-2 3 -a-2 over Number field with defining polynomial x^2+10*x+7
For conductor 37, eigenvectors are:
0 0 0 2 2 1 1 -2 1 1 1 0 -1 1 -1 over Number field with defining polynomial x+3
0 -4 -4 -6 2 -1 1 -4 1 -3 -3 2 -1 -1 -1 over Number field with defining polynomial x+1
0 4 -4 2 2 -1 3 2 -1 -1 -1 0 1 -1 -3 over Number field with defining polynomial x-1
0 0 0 2 2 1 -1 0 -1 -1 -1 2 1 1 1 over Number field with defining polynomial x+13
2*a^5 + 16*a^4 - 232*a^3 - 1772*a^2 - 2522*a - 356 2*a^5 + 20*a^4 + 26*a^3 - 342*a^2 - 1308*a - 190 -46*a^4 - 294*a^3 + 162*a^2 + 2470*a + 1548 -18*a^4 - 160*a^3 - 492*a^2 - 768*a - 226 -2*a^5 + 8*a^4 + 108*a^3 - 312*a^2 - 1930*a - 1584 -a^5 - 2*a^4 + 77*a^3 + 569*a^2 + 1044*a + 425 -3*a^5 - 54*a^4 - 167*a^3 + 801*a^2 + 3802*a + 2853 18*a^4 + 160*a^3 + 492*a^2 + 768*a + 226 -a^6 - 16*a^5 + 23*a^4 + 687*a^3 + 990*a^2 - 2319*a - 1732 -3*a^5 - 40*a^4 - 109*a^3 + 419*a^2 + 1584*a + 389 a^5 + 20*a^4 + 83*a^3 - 77*a^2 - 276*a - 199 -28*a^4 - 134*a^3 + 654*a^2 + 3238*a + 1774 -a^6 - 18*a^5 - 15*a^4 + 501*a^3 + 840*a^2 - 1779*a - 1768 3*a^5 + 58*a^4 + 269*a^3 + 73*a^2 - 816*a - 163 -3*a^5 - 26*a^4 - 33*a^3 + 147*a^2 + 564*a + 1079 over Number field with defining polynomial x^7+22*x^6+58*x^5-925*x^4-4691*x^3+564*x^2+24024*x+15251
0 4 -4 -4 -4 2 0 -4 -4 2 2 0 4 2 0 over Number field with defining polynomial x+5
0 2 2 -2 2 -2 0 0 0 2 -2 0 0 2 0 over Number field with defining polynomial x+5
0 -2 -2 2 -2 -1 0 0 0 1 -1 0 0 1 0 over Number field with defining polynomial x+11
0 2 -2 0 0 -1 -1 0 1 1 1 2 -1 -1 1 over Number field with defining polynomial x+11
For conductor 74, eigenvectors are:
0 0 0 12 6 -6 0 12 -12 -6 -6 -6 6 -6 -8 0 4 4 0 4 -8 -4 0 -8 4 8 -4 4 4 0 2 4 2 2 2 2 2 4 -2 -4 2 -2 -2 2 -4 -2 8 4 0 -2 4 4 -2 -2 0 -2 -2 -2 2 2 -2 2 -2 -2 2 -2 -2 -1 -2 2 0 1 -1 0 0 1 -2 over Number field with defining polynomial x+5
0 0 0 -6 -18 3 0 9 -9 3 3 -27 -3 18 -6 0 -2 -12 0 -12 -6 2 0 -6 -2 -4 2 8 3 -5 -6 3 -1 4 -6 -1 -1 3 6 2 -11 6 1 -11 2 1 6 -7 0 -4 -7 3 1 1 -5 -4 1 6 4 4 6 4 -4 6 -1 1 -9 3 -4 -1 5 2 3 0 -5 2 -4 over Number field with defining polynomial x-5
-4 8 -4 0 -6 2 4 -3 -5 0 4 3 1 -2 -6 -4 4 0 -4 0 2 -4 -4 2 -6 -2 -4 2 -3 2 4 3 -2 -1 -4 0 -1 -1 -2 -3 0 -4 1 0 -5 0 2 -2 -4 1 -2 -5 -4 0 2 1 0 -4 -1 -4 -2 1 1 4 0 3 -3 1 -1 -2 0 -1 3 0 0 1 -1 over Number field with defining polynomial x-17
0 0 0 0 0 0 0 0 0 0 -6 0 -6 -6 0 0 0 0 0 -4 0 0 0 0 -4 0 4 4 -2 0 0 0 0 0 0 2 -2 0 -2 0 2 2 0 2 -2 -2 0 -2 0 -2 -2 0 0 0 0 0 0 2 0 2 0 -2 -2 2 -2 -2 0 -1 -1 0 -1 -1 -1 0 1 -1 -1 over Number field with defining polynomial x+13
42*a+186 0 -42*a-186 0 -3*a-84 0 0 3*a+84 -3*a-84 3*a+84 -9*a-54 -21*a-93 9*a-45 -9*a-54 -12*a-6 14*a+62 14*a+62 14*a+62 0 -18*a-42 2*a+56 0 -14*a-62 2*a+56 8*a+26 -12*a-6 18*a+42 -8*a-26 6*a+69 0 14*a+62 a+28 0 -6*a-3 14*a+62 3*a+18 3*a-15 -8*a-59 -3*a-18 -8*a-59 3*a+18 2*a-10 -6*a-3 -11*a-44 6*a+69 10*a+16 -2*a-56 -2*a+10 0 -10*a-49 -2*a+10 a+28 a+28 15*a+90 0 6*a+3 a+28 2*a-10 -20*a-65 2*a-10 a+28 4*a+13 4*a+13 2*a-10 10*a+16 4*a+13 -7*a-31 -2*a-23 12*a+39 0 -9*a-54 -2*a-23 33 0 -5*a-8 33 -2*a-23 over Number field with defining polynomial x^2+11*x+19
2*a^2 - 88*a + 446 -142*a^2 + 3618*a - 16436 -10*a^2 + 440*a - 2230 -34*a^2 + 950*a - 4444 -36*a^2 + 774*a - 3258 -14*a^2 + 434*a - 2076 70*a^2 - 1724*a + 7702 26*a^2 - 582*a + 2482 30*a^2 - 626*a + 2558 -36*a^2 + 774*a - 3258 12*a^2 - 346*a + 1630 -14*a^2 + 318*a - 1438 30*a^2 - 758*a + 3374 -12*a^2 + 446*a - 2090 34*a^2 - 906*a + 4172 -54*a^2 + 1472*a - 6770 28*a^2 - 598*a + 2562 -52*a^2 + 1290*a - 5822 74*a^2 - 1806*a + 8092 -4*a^2 + 270*a - 1394 24*a^2 - 648*a + 2988 34*a^2 - 862*a + 3900 -42*a^2 + 944*a - 4094 24*a^2 - 648*a + 2988 -26*a^2 + 642*a - 2932 46*a^2 - 1246*a + 5844 20*a^2 - 422*a + 1866 14*a^2 - 302*a + 1260 -24*a^2 + 488*a - 2078 16*a^2 - 522*a + 2522 4*a^2 - 88*a + 348 -26*a^2 + 582*a - 2482 54*a^2 - 1378*a + 6268 -22*a^2 + 626*a - 2950 -4*a^2 + 88*a - 348 -20*a^2 + 434*a - 1782 -30*a^2 + 758*a - 3374 -160*a+910 -20*a^2 + 334*a - 1322 -8*a^2 + 104*a - 330 16*a^2 - 296*a + 1204 -10*a^2 + 170*a - 640 -4*a^2 + 148*a - 798 -44*a+272 -4*a^2 + 60*a - 254 50*a^2 - 1246*a + 5648 24*a^2 - 648*a + 2988 12*a^2 - 258*a + 1086 -26*a^2 + 692*a - 3162 22*a^2 - 626*a + 2950 12*a^2 - 434*a + 2174 30*a^2 - 626*a + 2558 4*a^2 + 6*a - 154 16*a^2 - 296*a + 1204 16*a^2 - 346*a + 1434 -16*a^2 + 280*a - 1026 -44*a+272 -4*a^2 + 88*a - 348 6*a^2 - 154*a + 658 30*a^2 - 774*a + 3552 -4*a^2 - 6*a + 154 12*a^2 - 236*a + 950 -6*a^2 + 154*a - 658 4*a^2 - 88*a + 348 10*a^2 - 302*a + 1456 20*a^2 - 500*a + 2190 14*a^2 - 318*a + 1438 -16*a^2 + 412*a - 1842 6*a^2 - 154*a + 658 -6*a^2 + 170*a - 836 16*a^2 - 296*a + 1204 4*a^2 - 16*a - 18 8*a^2 - 236*a + 1146 -24*a^2 + 510*a - 2214 44*a-272 28*a-94 -22*a^2 + 626*a - 2950 over Number field with defining polynomial x^3-32*x^2+282*x-755
-18*a^2 + 192*a - 438 0 -18*a^2 + 192*a - 438 12*a^2 - 60*a - 12 12*a^2 - 93*a + 111 6*a^2 - 30*a - 6 -18*a^2 + 192*a - 438 3*a^2 - 21 -3*a^2 + 21 -6*a^2 - 3*a + 129 12*a^2 - 63*a + 75 15*a^2 - 126*a + 213 15*a^2 - 126*a + 213 -6*a^2 + 33*a - 81 2*a^2 - 22*a + 68 6*a^2 - 64*a + 146 10*a^2 - 62*a + 60 2*a^2 + 2*a - 72 8*a^2 - 40*a - 8 2*a^2 + 2*a - 72 14*a^2 - 128*a + 278 4*a^2 - 20*a - 4 6*a^2 - 64*a + 146 14*a^2 - 128*a + 278 2*a^2 - 22*a + 68 6*a^2 - 42*a + 64 -10*a^2 + 62*a - 60 -6*a^2 + 42*a - 64 6*a^2 - 41*a + 35 -4*a^2 + 32*a - 66 -12*a^2 + 84*a - 128 -3*a^2 + 21 -2*a^2 + 10*a + 2 -a^2 + 10*a - 5 12*a^2 - 84*a + 128 8*a^2 - 63*a + 103 -15*a^2 + 126*a - 213 -12*a^2 + 107*a - 239 2*a^2 - 33*a + 109 -8*a^2 + 53*a - 91 2*a^2 - 32*a + 80 2*a^2 - 22*a + 68 14*a^2 - 105*a + 167 -12*a+70 -10*a^2 + 73*a - 101 2*a^2 - 10*a - 2 14*a^2 - 128*a + 278 2*a^2 - 34*a + 138 -6*a^2 + 64*a - 146 a^2 - 10*a + 5 -14*a^2 + 94*a - 126 -3*a^2 + 21 2*a^2 + 3*a - 101 2*a^2 - 32*a + 80 12*a^2 - 96*a + 198 2*a^2 - 9*a - 31 -12*a+70 12*a^2 - 84*a + 128 a^2 - 10*a + 5 6*a^2 - 42*a + 64 16*a^2 - 93*a + 83 -11*a+41 -a^2 + 10*a - 5 -12*a^2 + 84*a - 128 -2*a^2 + 10*a + 2 -4*a^2 + 43*a - 107 -15*a^2 + 126*a - 213 14*a^2 - 105*a + 167 a^2 - 10*a + 5 -2*a^2 + 10*a + 2 2*a^2 - 32*a + 80 -2*a^2 + 9*a + 31 -4*a^2 + 43*a - 107 0 12*a-70 -11*a+41 -a^2 + 10*a - 5 over Number field with defining polynomial x^3-11*x^2+35*x-29
-22*a+262 a^3 - 34*a^2 + 340*a - 895 -22*a+262 a^3 - 38*a^2 + 428*a - 1339 -9*a^2 + 252*a - 1743 -a^3 + 42*a^2 - 564*a + 2395 52*a-700 2*a^3 - 75*a^2 + 880*a - 3135 2*a^3 - 81*a^2 + 1016*a - 3889 -3*a^2 + 120*a - 1077 -a^2 - 2*a + 195 a^3 - 36*a^2 + 395*a - 1248 -a^3 + 42*a^2 - 553*a + 2264 -a^2 + 46*a - 417 -a^3 + 36*a^2 - 390*a + 1175 -42*a+554 -4*a^2 + 98*a - 590 -10*a+146 -a^3 + 38*a^2 - 460*a + 1747 -10*a+146 2*a^2 - 80*a + 718 a^3 - 42*a^2 + 548*a - 2191 -42*a+554 2*a^2 - 80*a + 718 -a^3 + 36*a^2 - 390*a + 1175 a^3 - 40*a^2 + 498*a - 1911 4*a^2 - 98*a + 590 -a^3 + 40*a^2 - 498*a + 1911 a^2 - 19*a + 82 -4*a^2 + 92*a - 532 -4*a^2 + 98*a - 590 -2*a^3 + 75*a^2 - 880*a + 3135 -a^3 + 38*a^2 - 444*a + 1543 -a^3 + 39*a^2 - 479*a + 1829 4*a^2 - 98*a + 590 -5*a^2 + 138*a - 949 a^3 - 42*a^2 + 553*a - 2264 3*a^2 - 99*a + 800 -3*a^2 + 94*a - 727 7*a^2 - 171*a + 1040 -a^2 + 14*a - 9 a^3 - 42*a^2 + 558*a - 2337 -3*a^2 + 89*a - 654 -a^2 + 4*a + 137 a^2 - 35*a + 286 -a^3 + 40*a^2 - 504*a + 1969 2*a^2 - 80*a + 718 4*a^2 - 82*a + 386 -32*a+408 a^3 - 39*a^2 + 479*a - 1829 -6*a+58 2*a^3 - 81*a^2 + 1016*a - 3889 -a^2 + 20*a - 67 -a^2 + 14*a - 9 16*a-204 3*a^2 - 73*a + 450 -a^2 + 4*a + 137 4*a^2 - 98*a + 590 -a^3 + 39*a^2 - 469*a + 1683 -a^3 + 38*a^2 - 450*a + 1601 -5*a^2 + 112*a - 599 3*a^2 - 63*a + 304 a^3 - 39*a^2 + 469*a - 1683 -4*a^2 + 98*a - 590 a^3 - 40*a^2 + 504*a - 1969 -a^2 + 9*a + 64 -a^3 + 36*a^2 - 395*a + 1248 -3*a^2 + 89*a - 654 -a^3 + 39*a^2 - 469*a + 1683 -a^3 + 38*a^2 - 444*a + 1543 -a^2 + 14*a - 9 -3*a^2 + 73*a - 450 -a^2 + 9*a + 64 0 a^2 - 4*a - 137 3*a^2 - 63*a + 304 -a^3 + 39*a^2 - 479*a + 1829 over Number field with defining polynomial x^4-49*x^3+850*x^2-6143*x+15349
-72*a^4 + 600*a^3 - 288*a^2 - 3096*a + 3912 0 -120*a^4 + 552*a^3 + 5472*a^2 - 28776*a + 29496 -480*a^3 + 2016*a^2 + 12384*a - 25536 48*a^4 - 252*a^3 - 1584*a^2 + 9984*a - 16380 240*a^3 - 1008*a^2 - 6192*a + 12768 96*a^4 - 576*a^3 - 2592*a^2 + 15936*a - 16704 -84*a^4 + 108*a^3 + 3888*a^2 - 3252*a - 12348 -108*a^4 + 84*a^3 + 6480*a^2 - 13644*a - 708 48*a^4 - 36*a^3 - 2592*a^2 + 4080*a + 972 24*a^4 + 36*a^3 - 2880*a^2 + 12696*a - 15084 36*a^4 - 156*a^3 - 648*a^2 + 612*a - 1308 -12*a^4 + 84*a^3 + 936*a^2 - 9228*a + 17364 -72*a^4 + 324*a^3 + 1296*a^2 - 1368*a + 324 -8*a^4 + 64*a^3 + 624*a^2 - 6248*a + 10048 40*a^4 - 184*a^3 - 1824*a^2 + 9592*a - 9832 40*a^4 - 208*a^3 - 1152*a^2 + 5608*a - 3280 -24*a^4 - 16*a^3 + 2016*a^2 - 7032*a + 8528 0 -56*a^4 + 400*a^3 - 96*a^2 - 536*a + 2608 8*a^4 + 8*a^3 - 864*a^2 + 3464*a - 3880 160*a^3 - 672*a^2 - 4128*a + 8512 24*a^4 - 200*a^3 + 96*a^2 + 1032*a - 1304 8*a^4 + 8*a^3 - 864*a^2 + 3464*a - 3880 24*a^4 - 416*a^3 + 912*a^2 + 8568*a - 19424 -8*a^4 - 96*a^3 + 1296*a^2 - 2120*a + 1536 -8*a^4 - 208*a^3 + 2496*a^2 - 5576*a + 6128 -24*a^4 - 64*a^3 + 1104*a^2 + 3816*a - 6112 -16*a^4 + 244*a^3 + 336*a^2 - 10816*a + 15532 -32*a^4 + 96*a^3 + 1584*a^2 - 6320*a + 5904 -8*a^4 + 296*a^3 - 1968*a^2 + 2200*a - 1432 -28*a^4 + 36*a^3 + 1296*a^2 - 1084*a - 4116 -80*a^3 + 336*a^2 + 2064*a - 4256 -4*a^4 + 60*a^3 - 408*a^2 + 1940*a - 2844 24*a^4 - 120*a^3 - 624*a^2 + 2232*a + 1416 -8*a^4 - 12*a^3 + 960*a^2 - 4232*a + 5028 -4*a^4 + 28*a^3 + 312*a^2 - 3076*a + 5788 24*a^4 - 100*a^3 - 912*a^2 + 3720*a - 3196 -24*a^4 + 108*a^3 + 432*a^2 - 456*a + 108 24*a^4 - 20*a^3 - 1248*a^2 + 1656*a + 1060 -72*a^4 + 200*a^3 + 4080*a^2 - 15984*a + 12464 -8*a^4 + 16*a^3 - 96*a^2 + 2968*a - 3824 16*a^4 - 268*a^3 + 624*a^2 + 4384*a - 7828 32*a^4 - 144*a^3 - 2448*a^2 + 16040*a - 19992 -16*a^4 - 316*a^3 + 2688*a^2 + 3632*a - 14260 16*a^4 - 160*a^3 - 192*a^2 + 5344*a - 10480 -8*a^4 - 8*a^3 + 864*a^2 - 3464*a + 3880 -8*a^4 + 96*a^3 - 240*a^2 - 728*a + 1200 32*a^4 - 192*a^3 - 864*a^2 + 5312*a - 5568 -12*a^4 + 148*a^3 - 840*a^2 + 2940*a - 884 -8*a^4 + 96*a^3 - 624*a^2 + 2536*a - 336 36*a^4 - 28*a^3 - 2160*a^2 + 4548*a + 236 16*a^4 - 12*a^3 - 864*a^2 + 1360*a + 324 56*a^4 - 184*a^3 - 3216*a^2 + 14576*a - 13552 -32*a^4 + 96*a^3 + 1200*a^2 - 3056*a + 4368 -16*a^4 - 132*a^3 + 1056*a^2 + 5936*a - 13452 -32*a^4 + 176*a^3 + 1392*a^2 - 8888*a + 10376 -40*a^4 + 328*a^3 - 240*a^2 - 616*a - 3608 36*a^4 - 348*a^3 + 744*a^2 - 276*a - 1188 -8*a^4 + 176*a^3 - 768*a^2 - 1160*a + 4688 -16*a^4 + 84*a^3 + 528*a^2 - 3328*a + 5460 -8*a^4 - 148*a^3 + 1152*a^2 + 2968*a - 9628 12*a^4 - 276*a^3 + 2232*a^2 - 7836*a + 9300 -8*a^4 - 88*a^3 + 1104*a^2 - 584*a - 760 16*a^4 - 864*a^2 + 1216*a - 1968 -8*a^4 + 92*a^3 + 144*a^2 - 3224*a + 3140 12*a^4 - 52*a^3 - 216*a^2 + 204*a - 436 8*a^4 - 84*a^3 - 48*a^2 + 2312*a - 4284 -12*a^4 + 36*a^3 + 744*a^2 - 3780*a + 5244 80*a^3 - 336*a^2 - 2064*a + 4256 8*a^4 - 8*a^3 - 432*a^2 + 704*a + 544 8*a^4 - 4*a^3 - 384*a^2 + 248*a - 28 -92*a^3 + 816*a^2 - 1152*a - 404 -192*a^2 + 1632*a - 768 16*a^3 - 528*a^2 + 3576*a - 4808 -12*a^3 + 480*a^2 - 3216*a + 3852 -4*a^4 + 44*a^3 - 216*a^2 + 500*a + 980 over Number field with defining polynomial x^5-8*x^4-43*x^3+439*x^2-614*x-43
-24*a^6 - 336*a^5 + 1272*a^4 + 32112*a^3 + 96360*a^2 - 143904*a - 555336 0 24*a^6 + 456*a^5 + 1488*a^4 - 9168*a^3 - 32520*a^2 + 53640*a + 83616 168*a^5 + 1800*a^4 - 1944*a^3 - 43656*a^2 + 1584*a + 187200 9*a^6 + 171*a^5 + 429*a^4 - 3624*a^3 - 8043*a^2 + 25725*a + 2229 -84*a^5 - 900*a^4 + 972*a^3 + 21828*a^2 - 792*a - 93600 -60*a^5 - 1380*a^4 - 11472*a^3 - 31920*a^2 + 45132*a + 235860 -27*a^6 - 621*a^5 - 3255*a^4 + 4224*a^3 + 46545*a^2 - 8691*a - 141855 -27*a^6 - 681*a^5 - 3879*a^4 + 4680*a^3 + 62241*a^2 + 4353*a - 237951 -15*a^6 - 369*a^5 - 2235*a^4 - 876*a^3 + 24153*a^2 + 31965*a - 102543 9*a^6 + 147*a^5 - 639*a^4 - 11244*a^3 - 7455*a^2 + 95001*a - 39339 -9*a^6 - 171*a^5 - 429*a^4 + 3624*a^3 + 8043*a^2 - 25725*a - 2229 -15*a^6 - 345*a^5 - 1167*a^4 + 6744*a^3 + 23565*a^2 - 37311*a - 60975 15*a^6 + 345*a^5 + 1167*a^4 - 6744*a^3 - 23565*a^2 + 37311*a + 60975 -12*a^6 - 228*a^5 - 572*a^4 + 4832*a^3 + 10724*a^2 - 34300*a - 2972 -8*a^6 - 152*a^5 - 496*a^4 + 3056*a^3 + 10840*a^2 - 17880*a - 27872 -6*a^6 - 130*a^5 - 998*a^4 - 2664*a^3 + 5754*a^2 + 29034*a - 29198 -2*a^6 + 2*a^5 + 710*a^4 + 8288*a^3 + 26758*a^2 - 30818*a - 183626 0 6*a^6 + 114*a^5 - 218*a^4 - 10368*a^3 - 37106*a^2 + 38542*a + 222790 -22*a^6 - 402*a^5 + 818*a^4 + 25280*a^3 + 52850*a^2 - 129518*a - 269518 -56*a^5 - 600*a^4 + 648*a^3 + 14552*a^2 - 528*a - 62400 8*a^6 + 112*a^5 - 424*a^4 - 10704*a^3 - 32120*a^2 + 47968*a + 185112 22*a^6 + 442*a^5 - 402*a^4 - 25584*a^3 - 63314*a^2 + 120822*a + 333582 12*a^6 + 300*a^5 + 1884*a^4 - 400*a^3 - 25668*a^2 - 11356*a + 93084 8*a^6 + 128*a^5 + 792*a^4 + 2328*a^3 - 768*a^2 - 19608*a - 8480 -2*a^6 + 18*a^5 + 918*a^4 + 5416*a^3 - 5378*a^2 - 55610*a + 65390 8*a^6 + 168*a^5 + 680*a^4 - 3400*a^3 - 14928*a^2 + 27104*a + 26208 -10*a^6 - 166*a^5 + 158*a^4 + 9088*a^3 + 18462*a^2 - 55962*a - 67954 2*a^6 + 66*a^5 + 854*a^4 + 5476*a^3 + 10502*a^2 - 29926*a - 77214 10*a^6 + 182*a^5 + 38*a^4 - 10696*a^3 - 36574*a^2 + 48178*a + 191630 -9*a^6 - 207*a^5 - 1085*a^4 + 1408*a^3 + 15515*a^2 - 2897*a - 47285 28*a^5 + 300*a^4 - 324*a^3 - 7276*a^2 + 264*a + 31200 a^6 + 7*a^5 + 253*a^4 + 2372*a^3 + 2297*a^2 - 18379*a - 4983 -36*a^5 - 656*a^4 - 2216*a^3 + 7472*a^2 + 22828*a - 45056 -3*a^6 - 49*a^5 + 213*a^4 + 3748*a^3 + 2485*a^2 - 31667*a + 13113 -5*a^6 - 115*a^5 - 389*a^4 + 2248*a^3 + 7855*a^2 - 12437*a - 20325 -60*a^5 - 1084*a^4 - 4648*a^3 + 1640*a^2 + 24996*a + 22164 5*a^6 + 115*a^5 + 389*a^4 - 2248*a^3 - 7855*a^2 + 12437*a + 20325 6*a^6 + 178*a^5 + 1242*a^4 - 524*a^3 - 20110*a^2 - 5414*a + 77742 12*a^6 + 256*a^5 + 620*a^4 - 9132*a^3 - 33872*a^2 + 45260*a + 144824 20*a^5 - 56*a^4 - 2864*a^3 - 7080*a^2 + 23356*a + 17344 10*a^6 + 126*a^5 - 310*a^4 - 6072*a^3 - 6150*a^2 + 36954*a + 18578 -10*a^6 - 174*a^5 + 318*a^4 + 13236*a^3 + 36378*a^2 - 71270*a - 177774 4*a^6 + 64*a^5 + 396*a^4 + 1164*a^3 - 384*a^2 - 9804*a - 4240 2*a^6 + 86*a^5 + 546*a^4 - 1364*a^3 - 12450*a^2 + 4126*a + 50782 -20*a^5 - 208*a^4 + 152*a^3 + 5232*a^2 + 4348*a - 32032 -8*a^5 - 104*a^4 + 1436*a^3 + 16068*a^2 + 12396*a - 124508 -20*a^5 - 460*a^4 - 3824*a^3 - 10640*a^2 + 15044*a + 78620 -9*a^6 - 183*a^5 - 29*a^4 + 10292*a^3 + 28951*a^2 - 55165*a - 131057 -8*a^5 - 608*a^4 - 6516*a^3 - 15676*a^2 + 33788*a + 96796 9*a^6 + 227*a^5 + 1293*a^4 - 1560*a^3 - 20747*a^2 - 1451*a + 79317 -5*a^6 - 123*a^5 - 745*a^4 - 292*a^3 + 8051*a^2 + 10655*a - 34181 4*a^6 + 48*a^5 - 52*a^4 - 1204*a^3 + 1856*a^2 + 8676*a - 17264 2*a^6 + 66*a^5 + 350*a^4 - 2476*a^3 - 21242*a^2 - 8534*a + 144090 4*a^6 + 48*a^5 - 52*a^4 - 1204*a^3 + 1856*a^2 + 8676*a - 17264 10*a^6 + 214*a^5 + 178*a^4 - 9812*a^3 - 25434*a^2 + 59358*a + 92350 4*a^6 + 92*a^5 + 444*a^4 - 3136*a^3 - 23532*a^2 + 1156*a + 137612 -3*a^6 - 5*a^5 + 205*a^4 + 1940*a^3 + 8589*a^2 - 1743*a - 67991 -36*a^5 - 656*a^4 - 2216*a^3 + 7472*a^2 + 22828*a - 45056 -3*a^6 - 57*a^5 - 143*a^4 + 1208*a^3 + 2681*a^2 - 8575*a - 743 -6*a^6 - 122*a^5 - 378*a^4 + 2588*a^3 + 7406*a^2 - 21762*a - 654 3*a^6 + 69*a^5 - 5*a^4 - 3900*a^3 - 7717*a^2 + 27319*a + 18919 -6*a^6 - 126*a^5 - 250*a^4 + 5344*a^3 + 20514*a^2 - 24194*a - 99074 2*a^6 + 30*a^5 - 54*a^4 - 716*a^3 + 2102*a^2 + 3598*a - 11618 60*a^5 + 1348*a^4 + 7360*a^3 + 208*a^2 - 52700*a - 7476 -3*a^6 - 57*a^5 - 143*a^4 + 1208*a^3 + 2681*a^2 - 8575*a - 743 28*a^5 + 432*a^4 + 1032*a^3 - 6352*a^2 - 13588*a + 38544 3*a^6 + 37*a^5 - 105*a^4 - 2920*a^3 - 8153*a^2 + 14531*a + 43455 -28*a^5 - 300*a^4 + 324*a^3 + 7276*a^2 - 264*a - 31200 -8*a^6 - 152*a^5 - 284*a^4 + 5168*a^3 + 16008*a^2 - 26968*a - 63780 132*a^4 + 1356*a^3 + 924*a^2 - 13852*a + 7344 8*a^5 + 224*a^4 + 1184*a^3 - 1120*a^2 - 9240*a + 6512 -252*a^4 - 3976*a^3 - 15872*a^2 + 10696*a + 110652 20*a^5 + 248*a^4 + 1712*a^3 + 5472*a^2 - 5956*a - 42712 -20*a^5 - 76*a^4 + 1508*a^3 + 6156*a^2 - 9504*a - 24688 -5*a^6 - 95*a^5 - 141*a^4 + 3960*a^3 + 13327*a^2 - 18393*a - 63037 over Number field with defining polynomial x^7+22*x^6+58*x^5-925*x^4-4691*x^3+564*x^2+24024*x+15251
-18*a^4 + 918*a^3 - 16380*a^2 + 118098*a - 269802 -54*a^4 + 2214*a^3 - 32724*a^2 + 203526*a - 437346 18*a^4 - 774*a^3 + 11916*a^2 - 75474*a + 153738 30*a^4 - 1278*a^3 + 19524*a^2 - 124110*a + 265242 -3*a^5 + 153*a^4 - 2946*a^3 + 26163*a^2 - 104403*a + 152964 12*a^4 - 468*a^3 + 6600*a^2 - 39708*a + 86052 -72*a^3 + 2232*a^2 - 21312*a + 58032 3*a^5 - 141*a^4 + 2478*a^3 - 19995*a^2 + 72687*a - 95856 3*a^5 - 147*a^4 + 2712*a^3 - 23079*a^2 + 88869*a - 128622 -3*a^5 + 159*a^4 - 3144*a^3 + 28455*a^2 - 115113*a + 167406 -3*a^5 + 153*a^4 - 2982*a^3 + 27387*a^2 - 116787*a + 185544 3*a^5 - 153*a^4 + 2946*a^3 - 26163*a^2 + 104403*a - 152964 -3*a^5 + 159*a^4 - 3108*a^3 + 27231*a^2 - 102729*a + 134826 3*a^5 - 159*a^4 + 3108*a^3 - 27231*a^2 + 102729*a - 134826 -2*a^5 + 96*a^4 - 1766*a^3 + 15294*a^2 - 61052*a + 90198 -6*a^4 + 258*a^3 - 3972*a^2 + 25158*a - 51246 -2*a^5 + 96*a^4 - 1802*a^3 + 16662*a^2 - 76100*a + 132426 2*a^5 - 104*a^4 + 1898*a^3 - 14006*a^2 + 32588*a + 358 -18*a^4 + 738*a^3 - 10908*a^2 + 67842*a - 145782 2*a^5 - 104*a^4 + 2138*a^3 - 21590*a^2 + 105500*a - 192218 4*a^5 - 222*a^4 + 4630*a^3 - 44712*a^2 + 196102*a - 310026 -10*a^4 + 426*a^3 - 6508*a^2 + 41370*a - 88414 6*a^4 - 306*a^3 + 5460*a^2 - 39366*a + 89934 -4*a^5 + 226*a^4 - 4786*a^3 + 46768*a^2 - 206890*a + 331870 2*a^5 - 104*a^4 + 2102*a^3 - 20510*a^2 + 95780*a - 169286 -2*a^5 + 112*a^4 - 2246*a^3 + 19486*a^2 - 68780*a + 79942 2*a^5 - 112*a^4 + 2282*a^3 - 20566*a^2 + 78500*a - 102874 -2*a^5 + 104*a^4 - 1958*a^3 + 15902*a^2 - 50564*a + 44294 -2*a^5 + 102*a^4 - 1976*a^3 + 17850*a^2 - 73370*a + 107940 2*a^5 - 100*a^4 + 1850*a^3 - 15334*a^2 + 54344*a - 66034 2*a^5 - 112*a^4 + 2402*a^3 - 24358*a^2 + 114956*a - 199162 a^5 - 47*a^4 + 826*a^3 - 6665*a^2 + 24229*a - 31952 -4*a^4 + 156*a^3 - 2200*a^2 + 13236*a - 28684 a^5 - 45*a^4 + 568*a^3 + 123*a^2 - 36893*a + 124374 2*a^5 - 92*a^4 + 1622*a^3 - 13790*a^2 + 57272*a - 91670 a^5 - 51*a^4 + 994*a^3 - 9129*a^2 + 38929*a - 61848 -a^5 + 53*a^4 - 1036*a^3 + 9077*a^2 - 34243*a + 44942 2*a^5 - 120*a^4 + 2654*a^3 - 26862*a^2 + 122732*a - 202086 a^5 - 53*a^4 + 1036*a^3 - 9077*a^2 + 34243*a - 44942 2*a^5 - 86*a^4 + 1364*a^3 - 9746*a^2 + 30602*a - 33152 -2*a^5 + 100*a^4 - 1922*a^3 + 17566*a^2 - 75656*a + 124066 -4*a^4 + 144*a^3 - 1792*a^2 + 9108*a - 17824 2*a^5 - 118*a^4 + 2648*a^3 - 27994*a^2 + 137498*a - 246820 -2*a^5 + 106*a^4 - 2108*a^3 + 19306*a^2 - 79502*a + 117280 -2*a^5 + 104*a^4 - 2018*a^3 + 17942*a^2 - 71708*a + 105578 2*a^5 - 108*a^4 + 2174*a^3 - 19998*a^2 + 82280*a - 124614 -2*a^4 + 78*a^3 - 1028*a^2 + 5394*a - 10922 4*a^4 - 192*a^3 + 3280*a^2 - 22956*a + 51616 -24*a^3 + 744*a^2 - 7104*a + 19344 -a^5 + 53*a^4 - 1168*a^3 + 13205*a^2 - 73675*a + 149714 -4*a^4 + 168*a^3 - 2464*a^2 + 14700*a - 29896 -a^5 + 49*a^4 - 904*a^3 + 7693*a^2 - 29623*a + 42874 -a^5 + 53*a^4 - 1048*a^3 + 9485*a^2 - 38371*a + 55802 2*a^5 - 96*a^4 + 1694*a^3 - 13206*a^2 + 42836*a - 47430 2*a^5 - 108*a^4 + 2210*a^3 - 21078*a^2 + 92000*a - 147546 -2*a^5 + 92*a^4 - 1526*a^3 + 10670*a^2 - 26624*a + 10262 2*a^5 - 114*a^4 + 2444*a^3 - 24378*a^2 + 111206*a - 181824 -2*a^5 + 96*a^4 - 1682*a^3 + 12870*a^2 - 39644*a + 36138 a^5 - 63*a^4 + 1510*a^3 - 17001*a^2 + 88309*a - 164772 4*a^4 - 168*a^3 + 2608*a^2 - 17364*a + 39544 a^5 - 51*a^4 + 982*a^3 - 8721*a^2 + 34801*a - 50988 -2*a^5 + 102*a^4 - 2012*a^3 + 19074*a^2 - 86474*a + 150312 -a^5 + 47*a^4 - 790*a^3 + 5513*a^2 - 12997*a + 1748 -2*a^5 + 116*a^4 - 2462*a^3 + 23438*a^2 - 97328*a + 143630 2*a^5 - 100*a^4 + 1862*a^3 - 15598*a^2 + 55808*a - 67246 -2*a^5 + 108*a^4 - 2138*a^3 + 18774*a^2 - 69392*a + 85050 a^5 - 51*a^4 + 982*a^3 - 8721*a^2 + 34801*a - 50988 8*a^4 - 324*a^3 + 4664*a^2 - 27936*a + 58580 -a^5 + 55*a^4 - 1150*a^3 + 11257*a^2 - 50653*a + 83260 4*a^4 - 156*a^3 + 2200*a^2 - 13236*a + 28684 -2*a^4 + 114*a^3 - 2180*a^2 + 16410*a - 38318 -6*a^4 + 258*a^3 - 4044*a^2 + 26670*a - 58518 6*a^4 - 246*a^3 + 3636*a^2 - 22542*a + 47658 -4*a^4 + 180*a^3 - 2872*a^2 + 18828*a - 40756 -4*a^4 + 168*a^3 - 2536*a^2 + 15852*a - 32272 -8*a^4 + 336*a^3 - 5072*a^2 + 32064*a - 69440 -a^5 + 49*a^4 - 868*a^3 + 6541*a^2 - 18391*a + 12670 over Number field with defining polynomial x^6-66*x^5+1719*x^4-22359*x^3+150576*x^2-487191*x+590600
-44*a^4 + 3664*a^3 - 88344*a^2 + 753364*a - 1867544 1940*a^4 - 68720*a^3 + 838656*a^2 - 4107196*a + 6324136 28*a^4 + 1440*a^3 - 62376*a^2 + 604684*a - 1390440 812*a^4 - 29136*a^3 + 365184*a^2 - 1893268*a + 3370584 508*a^4 - 16668*a^3 + 182172*a^2 - 760460*a + 970800 676*a^4 - 24248*a^3 + 302544*a^2 - 1523564*a + 2366800 272*a^4 - 7664*a^3 + 72192*a^2 - 321856*a + 645184 60*a^4 - 1668*a^3 + 12036*a^2 + 38676*a - 488736 -28*a^4 - 356*a^3 + 26124*a^2 - 231556*a + 362776 -64*a^4 + 1060*a^3 + 1692*a^2 - 30832*a - 64664 -180*a^4 + 9868*a^3 - 166548*a^2 + 1017180*a - 1886816 -504*a^4 + 16748*a^3 - 186024*a^2 + 787812*a - 970192 140*a^4 - 6292*a^3 + 94200*a^2 - 524080*a + 881240 96*a^4 - 3420*a^3 + 39684*a^2 - 159144*a + 73704 856*a^4 - 31488*a^3 + 395952*a^2 - 1950824*a + 3056520 -148*a^4 + 4848*a^3 - 60264*a^2 + 366572*a - 734568 4*a^4 - 2448*a^3 + 58680*a^2 - 396092*a + 641784 -52*a^4 + 2528*a^3 - 35880*a^2 + 174572*a - 126520 -572*a^4 + 19936*a^3 - 235680*a^2 + 1091332*a - 1514696 -52*a^4 - 1344*a^3 + 63960*a^2 - 561364*a + 1259496 208*a^4 - 8208*a^3 + 112248*a^2 - 604544*a + 1042536 -556*a^4 + 19648*a^3 - 237792*a^2 + 1122596*a - 1438856 -220*a^4 + 7072*a^3 - 86232*a^2 + 515252*a - 1211672 208*a^4 - 8208*a^3 + 112248*a^2 - 604544*a + 1042536 24*a^4 - 2032*a^3 + 43536*a^2 - 323976*a + 671768 384*a^4 - 14576*a^3 + 190032*a^2 - 985152*a + 1662568 -4*a^4 - 1424*a^3 + 41160*a^2 - 339844*a + 744232 448*a^4 - 14880*a^3 + 162384*a^2 - 641696*a + 722184 -124*a^4 + 4432*a^3 - 54516*a^2 + 261512*a - 441680 -36*a^4 + 1720*a^3 - 26280*a^2 + 152484*a - 311960 4*a^4 - 512*a^3 + 8760*a^2 - 28124*a - 51224 -60*a^4 + 1668*a^3 - 12036*a^2 - 38676*a + 488736 -692*a^4 + 24536*a^3 - 300432*a^2 + 1492300*a - 2442640 -120*a^4 + 3504*a^3 - 29076*a^2 + 60780*a + 16584 -4*a^4 + 512*a^3 - 8760*a^2 + 28124*a + 51224 60*a^4 + 236*a^3 - 36516*a^2 + 361308*a - 931264 -140*a^4 + 6292*a^3 - 94200*a^2 + 524080*a - 881240 84*a^4 - 3776*a^3 + 57732*a^2 - 343032*a + 600856 144*a^4 - 6212*a^3 + 90348*a^2 - 496728*a + 881848 84*a^4 - 1480*a^3 - 3852*a^2 + 130776*a - 365248 124*a^4 - 1820*a^3 - 13140*a^2 + 218428*a - 477992 212*a^4 - 8448*a^3 + 115728*a^2 - 638932*a + 1205088 4*a^4 + 1104*a^3 - 33828*a^2 + 278104*a - 582288 996*a^3 - 25068*a^2 + 173712*a - 388608 -4*a^4 - 168*a^3 + 10236*a^2 - 139456*a + 486264 408*a^4 - 14584*a^3 + 177264*a^2 - 829056*a + 1154456 208*a^4 - 8208*a^3 + 112248*a^2 - 604544*a + 1042536 88*a^4 - 2312*a^3 + 12240*a^2 + 40912*a - 254528 -96*a^4 + 4256*a^3 - 74304*a^2 + 559968*a - 1301056 120*a^4 - 3504*a^3 + 29076*a^2 - 60780*a - 16584 -40*a^4 + 2232*a^3 - 35040*a^2 + 180608*a - 260736 -28*a^4 - 356*a^3 + 26124*a^2 - 231556*a + 362776 304*a^4 - 10692*a^3 + 128340*a^2 - 625040*a + 1020216 124*a^4 - 1820*a^3 - 13140*a^2 + 218428*a - 477992 92*a^4 - 2824*a^3 + 21000*a^2 + 12788*a - 305752 -124*a^4 + 3496*a^3 - 30924*a^2 + 122864*a - 345656 996*a^3 - 25068*a^2 + 173712*a - 388608 -4*a^4 + 512*a^3 - 8760*a^2 + 28124*a + 51224 -68*a^4 + 2912*a^3 - 43116*a^2 + 254176*a - 549904 196*a^4 - 8160*a^3 + 117840*a^2 - 670196*a + 1129248 268*a^4 - 7036*a^3 + 52140*a^2 - 104588*a + 15248 212*a^4 - 4808*a^3 + 16836*a^2 + 147368*a - 505856 68*a^4 - 2912*a^3 + 43116*a^2 - 254176*a + 549904 4*a^4 - 512*a^3 + 8760*a^2 - 28124*a - 51224 424*a^4 - 14872*a^3 + 175152*a^2 - 797792*a + 1230296 212*a^4 - 7104*a^3 + 78420*a^2 - 326440*a + 460248 504*a^4 - 16748*a^3 + 186024*a^2 - 787812*a + 970192 -208*a^4 + 6592*a^3 - 69660*a^2 + 298316*a - 511472 -68*a^4 + 2912*a^3 - 43116*a^2 + 254176*a - 549904 236*a^4 - 8456*a^3 + 102960*a^2 - 482836*a + 696976 124*a^4 - 1820*a^3 - 13140*a^2 + 218428*a - 477992 -88*a^4 + 1992*a^3 - 4908*a^2 - 102652*a + 416472 -1616*a^3 + 42588*a^2 - 306228*a + 531064 1936*a^3 - 49920*a^2 + 367968*a - 693008 -996*a^3 + 25068*a^2 - 173712*a + 388608 680*a^3 - 18996*a^2 + 167580*a - 435040 -120*a^4 + 3504*a^3 - 29076*a^2 + 60780*a + 16584 over Number field with defining polynomial x^5-47*x^4+810*x^3-6251*x^2+21163*x-24864
a vector of length 77 over Number field with defining polynomial a number field of degree 14
-816*a-1680 0 216*a^2 - 240*a - 744 -24*a^2 + 1200*a + 2184 30*a^2 + 60*a + 246 204*a^2 - 48*a - 492 108*a^2 - 528*a - 1212 -24*a^2 + 324*a + 852 24*a^2 - 324*a - 852 30*a^2 + 60*a + 246 -6*a^2 - 324*a - 1446 60*a^2 + 36*a - 624 24*a^2 - 180*a - 84 -42*a^2 + 276*a + 774 20*a^2 - 16*a - 580 72*a^2 + 464*a + 872 -44*a^2 - 728*a - 924 20*a^2 - 232*a - 396 128*a^2 + 368*a + 400 -52*a^2 - 424*a - 708 -16*a^2 - 56*a + 8 -152*a^2 + 832*a + 1784 -144*a^2 - 112*a - 64 -16*a^2 - 56*a + 8 140*a^2 - 64*a - 1132 -132*a^2 + 288*a + 1060 -28*a^2 + 536*a + 612 12*a^2 - 240*a - 508 18*a^2 - 176*a - 226 -64*a^2 - 88*a + 312 12*a^2 + 120*a + 76 24*a^2 - 324*a - 852 76*a^2 - 416*a - 892 -76*a^2 + 124*a + 448 -12*a^2 - 120*a - 76 2*a^2 - 84*a - 542 -24*a^2 + 180*a + 84 54*a^2 - 40*a - 302 50*a^2 - 36*a + 130 -2*a^2 - 352*a - 670 44*a^2 - 80*a - 268 -16*a^2 + 32*a + 32 -82*a^2 + 312*a + 842 48*a+256 26*a^2 - 440*a - 674 -40*a^2 + 104*a + 208 -16*a^2 - 56*a + 8 80*a^2 + 416*a + 240 36*a^2 - 176*a - 404 76*a^2 - 124*a - 448 -56*a^2 + 544*a + 1080 24*a^2 - 324*a - 852 -22*a^2 + 180*a + 658 44*a^2 - 80*a - 268 72*a^2 - 216*a - 528 74*a^2 - 48*a - 394 48*a+256 -12*a^2 - 120*a - 76 -80*a^2 + 236*a + 788 24*a^2 + 192*a - 104 22*a^2 - 180*a - 658 -102*a^2 + 136*a + 398 80*a^2 - 236*a - 788 12*a^2 + 120*a + 76 -80*a^2 - 56*a + 344 -46*a^2 + 448*a + 766 -60*a^2 - 36*a + 624 20*a^2 + 84*a + 176 -80*a^2 + 236*a + 788 76*a^2 - 152*a - 820 44*a^2 - 80*a - 268 28*a^2 - 180*a - 272 56*a^2 + 220*a + 100 36*a^2 + 96*a + 156 -48*a-256 -92*a-268 -76*a^2 + 124*a + 448 over Number field with defining polynomial x^3+x^2-25*x-41
24*a^2 + 96*a - 120 0 -24*a^2 - 96*a + 120 0 -6*a^3 - 42*a^2 - 78*a - 66 0 0 -6*a^3 - 42*a^2 - 42*a + 90 6*a^3 + 42*a^2 + 42*a - 90 6*a^3 + 42*a^2 + 78*a + 66 6*a^3 + 18*a^2 - 66*a - 150 6*a^3 + 18*a^2 - 102*a - 306 -6*a^3 - 42*a^2 - 42*a + 90 6*a^3 + 18*a^2 - 66*a - 150 8*a^3 + 40*a^2 - 16*a - 160 8*a^2 + 32*a - 40 12*a^3 + 44*a^2 - 68*a - 116 12*a^3 + 44*a^2 - 68*a - 116 0 -4*a^3 - 4*a^2 + 76*a + 60 -4*a^3 - 28*a^2 - 28*a + 60 0 -8*a^2 - 32*a + 40 -4*a^3 - 28*a^2 - 28*a + 60 24*a+104 8*a^3 + 40*a^2 - 16*a - 160 4*a^3 + 4*a^2 - 76*a - 60 -24*a-104 -4*a^2 - 28*a - 32 0 4*a^3 + 12*a^2 - 52*a - 92 -2*a^3 - 14*a^2 - 14*a + 30 0 -2*a^3 + 2*a^2 + 42*a - 42 4*a^3 + 12*a^2 - 52*a - 92 -2*a^3 - 6*a^2 + 22*a + 50 -2*a^3 - 14*a^2 - 14*a + 30 4*a^3 + 24*a^2 + 32*a + 4 2*a^3 + 6*a^2 - 22*a - 50 4*a^3 + 24*a^2 + 32*a + 4 8*a^2 + 56*a + 64 -4*a^3 - 20*a^2 - 4*a + 28 -4*a^2 + 4*a + 64 24*a+104 -4*a^2 - 28*a - 32 -4*a^3 - 20*a^2 + 20*a + 132 4*a^3 + 28*a^2 + 28*a - 60 4*a^3 + 20*a^2 + 4*a - 28 0 -6*a^3 - 26*a^2 + 30*a + 130 4*a^3 + 20*a^2 + 4*a - 28 -2*a^3 - 14*a^2 - 14*a + 30 2*a^3 + 14*a^2 + 26*a + 22 8*a^2 + 24*a - 32 0 4*a^2 - 4*a - 64 -8*a+8 4*a^3 + 12*a^2 - 20*a + 4 -2*a^3 - 6*a^2 + 10*a - 2 -4*a^3 - 20*a^2 - 4*a + 28 2*a^3 + 14*a^2 + 26*a + 22 4*a^3 + 24*a^2 - 92 -6*a^3 - 18*a^2 + 62*a + 90 4*a^3 + 12*a^2 - 20*a + 4 -4*a^3 - 20*a^2 + 20*a + 132 4*a^3 + 24*a^2 - 92 2*a^3 + 6*a^2 - 34*a - 102 4*a^3 + 24*a^2 + 16*a - 44 -2*a^3 - 6*a^2 + 26*a + 46 0 -8*a^2 - 40*a - 16 4*a^3 + 24*a^2 + 16*a - 44 -4*a^2 - 12*a + 16 0 8*a+56 -4*a^2 - 12*a + 16 -2*a^3 - 14*a^2 - 6*a + 86 over Number field with defining polynomial x^4+8*x^3+10*x^2-36*x-47
0 0 0 24 -12 -12 0 -36 -12 0 -12 12 0 0 16 0 -32 -8 0 16 -8 -8 0 -8 -8 -24 -24 -16 4 12 0 -12 4 -8 16 4 0 8 0 -20 0 4 0 0 8 8 8 8 0 -12 -8 4 0 -4 -4 -4 -4 4 -8 -4 4 16 -12 20 0 -20 4 -2 -2 -4 2 -6 6 -8 -2 2 -2 over Number field with defining polynomial x+1
0 0 0 12 0 -6 0 0 0 -6 -6 0 -12 0 0 0 4 0 0 0 0 -4 0 0 -8 -4 -4 -4 0 -2 0 0 2 -2 0 2 -4 0 0 2 -2 0 4 -2 2 -2 0 2 0 2 2 0 -2 -2 -2 2 -2 0 -2 4 0 -2 2 0 2 4 0 0 2 2 2 2 0 0 -2 2 2 over Number field with defining polynomial x+1
0 -3 0 -3 0 -3 0 0 0 0 0 0 0 0 -1 0 0 0 3 0 0 -3 0 0 -1 1 0 -1 1 0 0 0 -3 0 0 0 0 -1 0 1 0 1 1 0 -1 1 0 0 0 0 0 0 0 0 0 1 0 0 0 -1 0 1 0 0 -1 -1 0 -1 0 1 0 1 1 0 0 -1 0 over Number field with defining polynomial x-336
0 0 0 -6 0 3 0 -3 3 -3 -3 -3 -3 0 -2 0 2 0 0 0 2 2 0 2 2 0 -2 4 1 -1 2 -1 -1 0 2 1 -1 1 0 0 1 2 -1 1 0 1 -2 1 0 0 1 -1 -1 -3 -1 -2 -3 -2 0 0 0 2 0 -2 -1 -1 -1 1 0 -1 1 0 1 0 -1 0 0 over Number field with defining polynomial x-1
0 0 0 -6 -3 3 0 3 -3 -6 -6 3 -3 3 4 0 4 -2 0 -2 -2 2 0 -2 4 2 -4 -2 -2 -3 2 1 -1 2 2 2 -1 -2 1 -1 -1 -2 -2 -1 -1 1 2 1 0 4 1 1 -2 1 -3 1 1 4 2 -4 1 -1 4 4 -1 -2 1 -1 1 -1 0 -2 -1 0 0 -2 1 over Number field with defining polynomial x-1
-72*a^2 + 61424*a - 11851392 -34*a^3 + 39472*a^2 - 15392664*a + 2019011904 -72*a^2 + 61424*a - 11851392 26*a^3 - 30320*a^2 + 11710488*a - 1499944320 -8*a^3 + 9612*a^2 - 3725992*a + 466344672 8*a^3 - 8720*a^2 + 3221136*a - 405933408 -72*a^2 + 61424*a - 11851392 -12*a^3 + 14124*a^2 - 5510232*a + 713372256 12*a^3 - 14124*a^2 + 5510232*a - 713372256 -14*a^3 + 16260*a^2 - 6257104*a + 799078272 -10*a^3 + 11988*a^2 - 4763360*a + 627666240 -2868*a^2 + 2152008*a - 400662432 -12*a^3 + 12084*a^2 - 3806232*a + 360614880 4*a^3 - 5340*a^2 + 2232248*a - 294932640 -2*a^3 + 4080*a^2 - 2198200*a + 354331200 -72*a^2 + 61424*a - 11851392 8*a^3 - 9496*a^2 + 3726896*a - 484109952 -4*a^3 + 5064*a^2 - 2039488*a + 262287552 -14*a^3 + 15920*a^2 - 6050920*a + 770603712 -4*a^3 + 4904*a^2 - 1932672*a + 245230656 8*a^3 - 9416*a^2 + 3673488*a - 475581504 -6*a^3 + 7344*a^2 - 2983464*a + 402381696 -72*a^2 + 61424*a - 11851392 8*a^3 - 9416*a^2 + 3673488*a - 475581504 22*a^3 - 24720*a^2 + 9120936*a - 1104350016 22*a^3 - 24624*a^2 + 8960584*a - 1056973440 -8*a^3 + 9336*a^2 - 3620080*a + 467053056 2*a^3 - 4176*a^2 + 2358552*a - 401707776 6*a^3 - 7832*a^2 + 3361032*a - 475244544 -6*a^3 + 7120*a^2 - 2776376*a + 356141856 -24*a^3 + 26888*a^2 - 9884464*a + 1191572928 -4*a^3 + 4708*a^2 - 1836744*a + 237790752 144*a^2 - 153680*a + 37711392 -16*a^3 + 18744*a^2 - 7171136*a + 890657088 -24*a^3 + 26888*a^2 - 9884464*a + 1191572928 6*a^3 - 6844*a^2 + 2583616*a - 323496768 -4*a^3 + 4028*a^2 - 1268744*a + 120204960 6*a^3 - 7928*a^2 + 3434536*a - 489267648 4*a^3 - 4628*a^2 + 1739912*a - 212585568 -16*a^3 + 18200*a^2 - 6815728*a + 840588768 -12*a^3 + 12172*a^2 - 3982072*a + 421120800 -6*a^3 + 5888*a^2 - 1773960*a + 153187008 -6*a^3 + 6568*a^2 - 2298536*a + 254096064 -8*a^3 + 9732*a^2 - 3916312*a + 516693024 -16*a^3 + 18104*a^2 - 6742224*a + 826565664 4*a^3 - 4384*a^2 + 1607232*a - 198134112 -8*a^3 + 9416*a^2 - 3673488*a + 475581504 2*a^3 - 2296*a^2 + 897112*a - 119439648 72*a^2 - 61424*a + 11851392 -16*a^3 + 16200*a^2 - 5250816*a + 541325760 2*a^3 - 2136*a^2 + 790296*a - 102382752 -4*a^3 + 4708*a^2 - 1836744*a + 237790752 -2*a^3 + 2572*a^2 - 1089872*a + 152084736 4*a^3 - 6660*a^2 + 3364904*a - 530042208 -6*a^3 + 7280*a^2 - 2883192*a + 373198752 4*a^3 - 3704*a^2 + 1082656*a - 97225056 8*a^3 - 9100*a^2 + 3430664*a - 434469984 -8*a^3 + 8056*a^2 - 2537488*a + 240409920 -20*a^3 + 21184*a^2 - 7236896*a + 795084864 -14*a^3 + 14656*a^2 - 4988424*a + 549455232 -356*a^2 + 246168*a - 41173536 -4*a^3 + 3800*a^2 - 1156160*a + 111248160 -12*a^3 + 13760*a^2 - 5185056*a + 636897984 -8*a^3 + 8056*a^2 - 2537488*a + 240409920 -4*a^3 + 4384*a^2 - 1607232*a + 198134112 -6*a^3 + 6472*a^2 - 2225032*a + 240072960 -956*a^2 + 717336*a - 133554144 -10*a^3 + 10904*a^2 - 3912440*a + 461895360 4*a^3 - 3712*a^2 + 1025920*a - 79093440 48*a^2 - 80176*a + 23688288 4*a^3 - 2756*a^2 + 308584*a + 54460704 -632*a^2 + 531248*a - 110574240 -10*a^3 + 11000*a^2 - 3985944*a + 475918464 -80*a^2 + 53408*a - 8528448 316*a^2 - 242824*a + 41111520 -728*a^2 + 604752*a - 124597344 -1272*a^2 + 960160*a - 174665664 over Number field with defining polynomial x^4-1524*x^3+856348*x^2-209842000*x+18879992448
0 0 0 6 0 -3 0 -3 3 3 3 -3 -3 0 -2 0 -2 0 0 0 2 -2 0 2 2 4 2 0 1 1 2 -1 1 2 2 -1 -1 1 0 -2 -1 -2 -1 -1 -2 -1 -2 -1 0 2 -1 -1 1 -1 1 0 -1 2 2 0 0 0 2 2 1 -1 -1 -1 0 1 1 0 -1 0 -1 0 0 over Number field with defining polynomial x-104
For conductor 1:
traces of hecke eigenvalues of T_{p^1} are:
-9 -2 -15 13 10 16 66 -14 80 -220 105 164 189 -265 128 326 208 911 -275 946 -33 -912 -2030 
computing eigenvalues for k = 1, took 23.289910 sec
traces of hecke eigenvalues of T_{p^2} are:
4 -8 40 
computing eigenvalues for k = 2, took 0.263582 sec
traces of hecke eigenvalues of T_{p^1} are:
8 28 80 88 204 356 424 496 1068 832 1524 1944 2784 2620 2872 4332 4744 5840 5556 5664 7208 8724 9028 
computing eigenvalues for k = 1, took 23.242899 sec
traces of hecke eigenvalues of T_{p^2} are:
-8 12 240 
computing eigenvalues for k = 2, took 0.261934 sec
traces of hecke eigenvalues of T_{p^1} are:
-1 -2 17 -11 -30 152 82 82 24 -284 -567 396 669 -401 40 1038 -80 -337 957 -1446 983 1248 298 
computing eigenvalues for k = 1, took 23.278855 sec
traces of hecke eigenvalues of T_{p^2} are:
4 24 24 
computing eigenvalues for k = 2, took 0.265268 sec
traces of hecke eigenvalues of T_{p^1} are:
40 156 400 1464 2380 5220 7240 12720 25260 30784 70644 81400 106080 151740 208920 230764 305320 363024 394420 499360 578760 712980 922180 
computing eigenvalues for k = 1, took 23.222896 sec
traces of hecke eigenvalues of T_{p^2} are:
120 780 2800 
computing eigenvalues for k = 2, took 0.264696 sec
traces of hecke eigenvalues of T_{p^1} are:
-3 7 -21 -26 19 67 75 76 38 50 153 -331 -57 44 587 -553 -101 -7 1 58 -699 630 -92 
computing eigenvalues for k = 1, took 23.147467 sec
traces of hecke eigenvalues of T_{p^2} are:
-2 1 -23 
computing eigenvalues for k = 2, took 0.258678 sec
traces of hecke eigenvalues of T_{p^1} are:
16 28 32 176 204 356 336 608 1068 1152 1524 1840 1728 2620 4208 4332 4368 4384 5556 6976 6736 8724 9028 
computing eigenvalues for k = 1, took 23.049726 sec
traces of hecke eigenvalues of T_{p^2} are:
24 12 -144 
computing eigenvalues for k = 2, took 0.263638 sec
traces of hecke eigenvalues of T_{p^1} are:
-4 -24 4 12 -20 -88 120 168 112 152 -470 288 -620 450 -376 308 856 -668 -862 560 -508 -788 1012 
computing eigenvalues for k = 1, took 41.708211 sec
traces of hecke eigenvalues of T_{p^2} are:
-4 0 -36 
computing eigenvalues for k = 2, took 0.270211 sec
traces of hecke eigenvalues of T_{p^1} are:
4 0 4 36 -44 -128 -48 24 -352 344 -214 888 116 762 -152 596 808 -604 -430 776 172 -412 -620 
computing eigenvalues for k = 1, took 23.105315 sec
traces of hecke eigenvalues of T_{p^2} are:
-4 -48 -84 
computing eigenvalues for k = 2, took 0.267070 sec
traces of hecke eigenvalues of T_{p^1} are:
0 -11 -4 83 -43 -141 61 170 270 166 478 -295 -316 535 111 -1051 -649 1376 -710 560 -200 -1582 254 
computing eigenvalues for k = 1, took 23.119533 sec
traces of hecke eigenvalues of T_{p^2} are:
-6 -15 37 
computing eigenvalues for k = 2, took 0.263664 sec
traces of hecke eigenvalues of T_{p^1} are:
-3 7 0 -95 -29 -32 0 61 179 -73 183 -58 -180 50 74 593 1471 1010 337 -1199 -78 -564 -3140 
computing eigenvalues for k = 1, took 23.135839 sec
traces of hecke eigenvalues of T_{p^2} are:
-8 10 -44 
computing eigenvalues for k = 2, took 0.261696 sec
traces of hecke eigenvalues of T_{p^1} are:
62 133 289 660 817 1404 2006 2709 3971 5181 7736 9414 10821 14433 17042 17287 22973 25625 24814 30853 34189 38628 48438 
computing eigenvalues for k = 1, took 23.079227 sec
traces of hecke eigenvalues of T_{p^2} are:
48 18 312 
computing eigenvalues for k = 2, took 0.255734 sec
traces of hecke eigenvalues of T_{p^1} are:
58 133 271 660 817 1404 1794 2811 3971 4739 7736 9506 11739 14433 18358 17287 22587 25495 24814 32347 35531 38628 48438 
computing eigenvalues for k = 1, took 23.213006 sec
traces of hecke eigenvalues of T_{p^2} are:
32 18 168 
computing eigenvalues for k = 2, took 0.260990 sec
traces of hecke eigenvalues of T_{p^1} are:
1 -9 62 -99 31 -104 164 -181 483 -227 -27 -154 1150 -1120 -510 917 1113 2308 -1225 -1865 2132 1072 -1344 
computing eigenvalues for k = 1, took 23.057371 sec
traces of hecke eigenvalues of T_{p^2} are:
4 50 144 
computing eigenvalues for k = 2, took 0.260880 sec
traces of hecke eigenvalues of T_{p^1} are:
93 232 403 1031 1484 2328 2922 4066 7106 7288 14033 14408 16199 22733 28104 29752 35556 39717 42873 49990 57145 62696 74122 
computing eigenvalues for k = 1, took 23.287282 sec
traces of hecke eigenvalues of T_{p^2} are:
52 144 24 
computing eigenvalues for k = 2, took 0.261001 sec
traces of hecke eigenvalues of T_{p^1} are:
14 -87 117 88 -127 -356 478 33 -469 321 -236 890 21 417 -802 -1113 -379 -151 5090 1089 357 -720 5254 
computing eigenvalues for k = 1, took 22.974325 sec
traces of hecke eigenvalues of T_{p^2} are:
-36 66 -68 
computing eigenvalues for k = 2, took 0.263717 sec
traces of hecke eigenvalues of T_{p^1} are:
4 19 -2 -271 251 135 -59 -220 416 378 944 -103 -46 -393 197 -349 1925 350 196 4598 -3868 -2392 5086 
computing eigenvalues for k = 1, took 23.273210 sec
traces of hecke eigenvalues of T_{p^2} are:
-42 -59 -73 
computing eigenvalues for k = 2, took 0.262202 sec
traces of hecke eigenvalues of T_{p^1} are:
2 4 -42 6 44 56 -172 -4 192 120 82 416 94 -138 -288 652 -304 -1142 -326 148 -446 -824 916 
computing eigenvalues for k = 1, took 23.248614 sec
traces of hecke eigenvalues of T_{p^2} are:
-8 -32 -16 
computing eigenvalues for k = 2, took 0.263334 sec
traces of hecke eigenvalues of T_{p^1} are:
7 -2 -31 77 -30 152 -6 194 24 36 -567 292 -387 -401 1376 1038 -456 -1793 957 -134 511 1248 298 
computing eigenvalues for k = 1, took 23.083815 sec
traces of hecke eigenvalues of T_{p^2} are:
12 24 72 
computing eigenvalues for k = 2, took 0.260530 sec
traces of hecke eigenvalues of T_{p^1} are:
7 42 49 69 154 312 310 546 828 700 2073 1924 2613 2919 3972 3442 3544 4503 5941 7138 8271 7620 11278 
computing eigenvalues for k = 1, took 23.399724 sec
traces of hecke eigenvalues of T_{p^2} are:
-12 96 -8 
computing eigenvalues for k = 2, took 0.260656 sec
traces of hecke eigenvalues of T_{p^1} are:
-10 -8 6 6 92 32 -148 -160 0 108 -350 356 -14 762 -180 -68 -400 -1586 -86 856 1606 -92 -356 
computing eigenvalues for k = 1, took 41.604845 sec
traces of hecke eigenvalues of T_{p^2} are:
4 -8 -28 
computing eigenvalues for k = 2, took 0.263023 sec
traces of hecke eigenvalues of T_{p^1} are:
37 91 192 517 683 1168 1376 1933 3451 4079 6879 7378 8552 11766 12630 15097 18219 20838 20641 25297 24750 32264 35492 
computing eigenvalues for k = 1, took 23.009294 sec
traces of hecke eigenvalues of T_{p^2} are:
-12 -78 -64 
computing eigenvalues for k = 2, took 0.258969 sec
For conductor 2:
traces of hecke eigenvalues of T_{p^1} are:
-1 -2 17 -11 -30 152 82 82 24 -284 -567 396 669 -401 40 1038 -80 -337 957 -1446 983 1248 298 
computing eigenvalues for k = 1, took 636.456035 sec
traces of hecke eigenvalues of T_{p^2} are:
4 24 24 
computing eigenvalues for k = 2, took 0.586417 sec
traces of hecke eigenvalues of T_{p^1} are:
-5 -21 -9 30 -77 123 -45 -174 42 126 159 45 75 -210 -555 -329 -27 -15 -77 -72 1071 -372 -608 
computing eigenvalues for k = 1, took 638.776913 sec
traces of hecke eigenvalues of T_{p^2} are:
-2 33 -49 
computing eigenvalues for k = 2, took 0.577857 sec
traces of hecke eigenvalues of T_{p^1} are:
-3 7 -21 -26 19 67 75 76 38 50 153 -331 -57 44 587 -553 -101 -7 1 58 -699 630 -92 
computing eigenvalues for k = 1, took 639.905441 sec
traces of hecke eigenvalues of T_{p^2} are:
-2 1 -23 
computing eigenvalues for k = 2, took 0.574865 sec
traces of hecke eigenvalues of T_{p^1} are:
-9 -2 -15 13 10 16 66 -14 80 -220 105 164 189 -265 128 326 208 911 -275 946 -33 -912 -2030 
computing eigenvalues for k = 1, took 634.659694 sec
traces of hecke eigenvalues of T_{p^2} are:
4 -8 40 
computing eigenvalues for k = 2, took 0.582851 sec
traces of hecke eigenvalues of T_{p^1} are:
-16 -12 -36 24 -40 -36 -60 96 -24 -216 138 -588 156 -498 48 164 -624 492 218 -60 -360 1992 356 
computing eigenvalues for k = 1, took 635.166110 sec
traces of hecke eigenvalues of T_{p^2} are:
20 -24 28 
computing eigenvalues for k = 2, took 0.589367 sec
traces of hecke eigenvalues of T_{p^1} are:
0 -11 -4 83 -43 -141 61 170 270 166 478 -295 -316 535 111 -1051 -649 1376 -710 560 -200 -1582 254 
computing eigenvalues for k = 1, took 633.971912 sec
traces of hecke eigenvalues of T_{p^2} are:
-6 -15 37 
computing eigenvalues for k = 2, took 0.575497 sec
traces of hecke eigenvalues of T_{p^1} are:
-10 -8 6 6 92 32 -148 -160 0 108 -350 356 -14 762 -180 -68 -400 -1586 -86 856 1606 -92 -356 
computing eigenvalues for k = 1, took 644.538037 sec
traces of hecke eigenvalues of T_{p^2} are:
4 -8 -28 
computing eigenvalues for k = 2, took 0.595529 sec
For conductor 37:
traces of hecke eigenvalues of T_{p^1} are:
-3 -8 19 -5 -24 -42 104 -22 -204 124 201 -158 507 -41 -220 -210 244 -27 49 -624 -615 538 270 
computing eigenvalues for k = 1, took 367.121155 sec
traces of hecke eigenvalues of T_{p^2} are:
-4 -12 -8 
computing eigenvalues for k = 2, took 0.576178 sec
traces of hecke eigenvalues of T_{p^1} are:
-1 4 -27 -23 20 -70 132 6 212 76 25 -350 165 -621 468 510 212 91 177 -1012 507 1518 630 
computing eigenvalues for k = 1, took 364.538987 sec
traces of hecke eigenvalues of T_{p^2} are:
-20 12 32 
computing eigenvalues for k = 2, took 0.596426 sec
traces of hecke eigenvalues of T_{p^1} are:
1 -8 -17 47 -112 30 48 122 196 4 -183 -150 -49 -713 -324 -114 100 33 513 448 1197 -70 -162 
computing eigenvalues for k = 1, took 362.916538 sec
traces of hecke eigenvalues of T_{p^2} are:
-12 -12 -32 
computing eigenvalues for k = 2, took 0.597393 sec
traces of hecke eigenvalues of T_{p^1} are:
-13 -12 17 -99 -4 50 44 -10 372 -284 -567 138 105 -189 -196 62 724 1367 81 -340 -1009 1070 -90 
computing eigenvalues for k = 1, took 355.545680 sec
traces of hecke eigenvalues of T_{p^2} are:
20 28 24 
computing eigenvalues for k = 2, took 0.570061 sec
traces of hecke eigenvalues of T_{p^1} are:
-22 14 -31 77 -2 227 -371 79 455 -833 730 105 -387 728 215 140 1004 765 -1856 1625 2671 3678 96 
computing eigenvalues for k = 1, took 362.158050 sec
traces of hecke eigenvalues of T_{p^2} are:
18 -57 -187 
computing eigenvalues for k = 2, took 0.603133 sec
traces of hecke eigenvalues of T_{p^1} are:
-5 -11 7 62 -19 63 -75 56 10 82 93 -225 -169 100 369 -471 745 837 81 -170 -1605 434 1620 
computing eigenvalues for k = 1, took 361.477589 sec
traces of hecke eigenvalues of T_{p^2} are:
6 9 -47 
computing eigenvalues for k = 2, took 0.593980 sec
traces of hecke eigenvalues of T_{p^1} are:
-5 -12 -31 -11 -4 50 -44 102 372 36 -567 34 -951 -189 1140 62 348 -89 81 972 -1481 1070 -90 
computing eigenvalues for k = 1, took 362.336834 sec
traces of hecke eigenvalues of T_{p^2} are:
-4 28 72 
computing eigenvalues for k = 2, took 0.594471 sec
traces of hecke eigenvalues of T_{p^1} are:
-11 -3 -13 10 -19 -85 49 -114 54 -18 171 -41 -57 390 -141 137 -789 37 303 300 337 -1048 408 
computing eigenvalues for k = 1, took 360.543695 sec
traces of hecke eigenvalues of T_{p^2} are:
14 1 -21 
computing eigenvalues for k = 2, took 0.594267 sec
traces of hecke eigenvalues of T_{p^1} are:
-11 -8 -29 27 -16 22 -56 -22 -204 116 161 -438 107 159 228 246 108 -163 -631 80 1001 1058 86 
computing eigenvalues for k = 1, took 364.170660 sec
traces of hecke eigenvalues of T_{p^2} are:
12 -20 72 
computing eigenvalues for k = 2, took 0.595881 sec
For conductor 74:
traces of hecke eigenvalues of T_{p^1} are:
-5 -11 7 62 -19 63 -75 56 10 82 93 -225 -169 100 369 -471 745 837 81 -170 -1605 434 1620 
computing eigenvalues for k = 1, took 142.503811 sec
traces of hecke eigenvalues of T_{p^2} are:
6 9 -47 
computing eigenvalues for k = 2, took 0.564344 sec
traces of hecke eigenvalues of T_{p^1} are:
5 -16 -13 -13 16 78 80 -54 -220 172 -247 10 171 -225 324 414 100 -203 81 840 -335 1154 110 
computing eigenvalues for k = 1, took 141.472116 sec
traces of hecke eigenvalues of T_{p^2} are:
-4 4 8 
computing eigenvalues for k = 2, took 0.563643 sec
traces of hecke eigenvalues of T_{p^1} are:
17 16 75 127 188 234 424 370 880 1236 1497 1894 2035 2203 3384 3162 4140 6237 4761 6804 5733 9314 8946 
computing eigenvalues for k = 1, took 135.365838 sec
traces of hecke eigenvalues of T_{p^2} are:
28 -60 200 
computing eigenvalues for k = 2, took 0.672452 sec
traces of hecke eigenvalues of T_{p^1} are:
-13 -12 17 -99 -4 50 44 -10 372 -284 -567 138 105 -189 -196 62 724 1367 81 -340 -1009 1070 -90 
computing eigenvalues for k = 1, took 183.625747 sec
traces of hecke eigenvalues of T_{p^2} are:
20 28 24 
computing eigenvalues for k = 2, took 0.586501 sec
traces of hecke eigenvalues of T_{p^1} are:
-11 1 34 -143 57 100 88 -135 309 207 301 -154 1150 -908 -2162 2259 -227 604 527 -1075 -1188 360 -180 
computing eigenvalues for k = 1, took 135.900823 sec
traces of hecke eigenvalues of T_{p^2} are:
20 46 48 
computing eigenvalues for k = 2, took 0.676617 sec
traces of hecke eigenvalues of T_{p^1} are:
32 97 161 322 653 942 912 1805 2285 2953 4702 5088 6613 8007 9362 11637 13795 15537 16248 18547 21953 24690 29902 
computing eigenvalues for k = 1, took 136.124938 sec
traces of hecke eigenvalues of T_{p^2} are:
8 114 88 
computing eigenvalues for k = 2, took 0.681026 sec
traces of hecke eigenvalues of T_{p^1} are:
11 -28 61 49 -20 -82 -36 -126 20 208 -173 574 -87 -23 -304 978 812 -697 563 1464 607 602 -3566 
computing eigenvalues for k = 1, took 137.320848 sec
traces of hecke eigenvalues of T_{p^2} are:
4 -20 40 
computing eigenvalues for k = 2, took 0.679577 sec
traces of hecke eigenvalues of T_{p^1} are:
49 101 230 605 613 1044 1516 2397 3381 4219 6391 6874 9074 11158 13574 16119 17401 20544 21729 24805 27068 31160 37120 
computing eigenvalues for k = 1, took 142.472381 sec
traces of hecke eigenvalues of T_{p^2} are:
36 -18 240 
computing eigenvalues for k = 2, took 0.710577 sec
traces of hecke eigenvalues of T_{p^1} are:
8 -7 27 -126 -43 -30 64 -289 -179 11 520 84 67 1125 186 -575 501 -65 2962 -175 -1505 -3458 3354 
computing eigenvalues for k = 1, took 140.921601 sec
traces of hecke eigenvalues of T_{p^2} are:
-16 -30 -16 
computing eigenvalues for k = 2, took 0.675562 sec
traces of hecke eigenvalues of T_{p^1} are:
-22 14 -31 77 -2 227 -371 79 455 -833 730 105 -387 728 215 140 1004 765 -1856 1625 2671 3678 96 
computing eigenvalues for k = 1, took 137.099611 sec
traces of hecke eigenvalues of T_{p^2} are:
18 -57 -187 
computing eigenvalues for k = 2, took 0.678019 sec
traces of hecke eigenvalues of T_{p^1} are:
66 177 311 784 1081 1818 2134 2947 4977 5431 10200 10870 12547 17201 19900 22509 26555 29187 32890 36817 42607 49810 57202 
computing eigenvalues for k = 1, took 138.023135 sec
traces of hecke eigenvalues of T_{p^2} are:
24 126 88 
computing eigenvalues for k = 2, took 0.673300 sec
traces of hecke eigenvalues of T_{p^1} are:
47 161 256 599 873 1660 1922 2687 4621 4597 8991 9868 11004 14466 17600 17199 21993 23982 26697 31031 32438 37584 45124 
computing eigenvalues for k = 1, took 137.365593 sec
traces of hecke eigenvalues of T_{p^2} are:
-12 186 48 
computing eigenvalues for k = 2, took 0.724923 sec
traces of hecke eigenvalues of T_{p^1} are:
0 2 0 0 290 -92 0 0 -630 0 -1972 0 0 1358 0 714 0 0 -2216 0 0 -2316 -732 
computing eigenvalues for k = 1, took 138.442737 sec
traces of hecke eigenvalues of T_{p^2} are:
-8 -124 -176 
computing eigenvalues for k = 2, took 0.715555 sec
traces of hecke eigenvalues of T_{p^1} are:
-1 29 -11 4 -11 47 -111 -18 206 358 529 643 81 -512 -1009 501 647 -757 1085 -984 -389 344 676 
computing eigenvalues for k = 1, took 137.005259 sec
traces of hecke eigenvalues of T_{p^2} are:
-2 1 -17 
computing eigenvalues for k = 2, took 0.670383 sec
traces of hecke eigenvalues of T_{p^1} are:
-8 -40 -48 -44 -20 20 32 148 84 -108 196 0 -532 -344 -416 -1156 344 -260 812 -664 424 -2192 1780 
computing eigenvalues for k = 1, took 136.647657 sec
traces of hecke eigenvalues of T_{p^2} are:
-40 -16 0 
computing eigenvalues for k = 2, took 0.671105 sec
traces of hecke eigenvalues of T_{p^1} are:
-1 4 -27 -23 20 -70 132 6 212 76 25 -350 165 -621 468 510 212 91 177 -1012 507 1518 630 
computing eigenvalues for k = 1, took 141.558443 sec
traces of hecke eigenvalues of T_{p^2} are:
-20 12 32 
computing eigenvalues for k = 2, took 0.558576 sec
traces of hecke eigenvalues of T_{p^1} are:
-1 -4 29 -55 -20 -78 -52 198 20 412 -151 10 -291 -69 372 -306 -236 595 225 612 -869 518 -10 
computing eigenvalues for k = 1, took 141.960572 sec
traces of hecke eigenvalues of T_{p^2} are:
-4 -20 32 
computing eigenvalues for k = 2, took 0.566419 sec
traces of hecke eigenvalues of T_{p^1} are:
7 16 37 137 188 234 336 734 880 748 1497 1890 2477 2203 3696 3162 4972 3987 4761 5836 8211 9314 8946 
computing eigenvalues for k = 1, took 161.618126 sec
traces of hecke eigenvalues of T_{p^2} are:
-12 -60 -104 
computing eigenvalues for k = 2, took 0.611657 sec
traces of hecke eigenvalues of T_{p^1} are:
1 0 -9 31 8 -90 120 -6 100 -92 169 514 119 -129 -4 -466 52 -839 833 -264 -387 -1358 -818 
computing eigenvalues for k = 1, took 143.620759 sec
traces of hecke eigenvalues of T_{p^2} are:
4 4 -32 
computing eigenvalues for k = 2, took 0.559718 sec
traces of hecke eigenvalues of T_{p^1} are:
1 -8 -17 47 -112 30 48 122 196 4 -183 -150 -49 -713 -324 -114 100 33 513 448 1197 -70 -162 
computing eigenvalues for k = 1, took 141.877077 sec
traces of hecke eigenvalues of T_{p^2} are:
-12 -12 -32 
computing eigenvalues for k = 2, took 0.559893 sec
traces of hecke eigenvalues of T_{p^1} are:
47 101 218 451 613 1044 1524 2019 3381 3717 6391 8262 8974 11158 14746 16119 19047 20352 21729 25755 28708 31160 37120 
computing eigenvalues for k = 1, took 137.276257 sec
traces of hecke eigenvalues of T_{p^2} are:
28 -18 144 
computing eigenvalues for k = 2, took 0.666174 sec
traces of hecke eigenvalues of T_{p^1} are:
-3 -8 19 -5 -24 -42 104 -22 -204 124 201 -158 507 -41 -220 -210 244 -27 49 -624 -615 538 270 
computing eigenvalues for k = 1, took 141.269145 sec
traces of hecke eigenvalues of T_{p^2} are:
-4 -12 -8 
computing eigenvalues for k = 2, took 0.562791 sec
