constructing eigenvector for poly
x+17
constructing eigenvector for poly
x-44
constructing eigenvector for poly
x+25
constructing eigenvector for poly
x-156
constructing eigenvector for poly
x-7
constructing eigenvector for poly
x^2-42*x+424
constructing eigenvector for poly
x^2+15*x-18
constructing eigenvector for poly
x^2-66*x+976
constructing eigenvector for poly
x^2-6*x-263
constructing eigenvector for poly
x^2-27*x+76
constructing eigenvector for poly
x^3-86*x^2+2176*x-14048
constructing eigenvector for poly
x^4+25*x^3+157*x^2+3*x-1154
constructing eigenvector for poly
x^3-82*x^2+1969*x-11260
constructing eigenvector for poly
x^6-20*x^5-30*x^4+1076*x^3+2281*x^2-8152*x-17540
constructing eigenvector for poly
x^2-72*x+1296
constructing eigenvector for poly
x^2-80*x+1600
constructing eigenvector for poly
x^2-288*x+20736
constructing eigenvector for poly
x^2-360*x+32400
constructing eigenvector for poly
x^2-800*x+160000
constructing eigenvector for poly
x-28
constructing eigenvector for poly
x-28
constructing eigenvector for poly
x^3-54*x^2+972*x-5832
constructing eigenvector for poly
x^3-174*x^2+10092*x-195112
constructing eigenvector for poly
x^3-288*x^2+27648*x-884736
constructing eigenvector for poly
x^3-684*x^2+155952*x-11852352
constructing eigenvector for poly
x^3-1362*x^2+618348*x-93576664
constructing eigenvector for poly
x-8
constructing eigenvector for poly
x-8
constructing eigenvector for poly
x-8
constructing eigenvector for poly
x-23
constructing eigenvector for poly
x-23
constructing eigenvector for poly
x^3-69*x^2+1587*x-12167
constructing eigenvector for poly
x^3-129*x^2+5547*x-79507
constructing eigenvector for poly
x^3-318*x^2+33708*x-1191016
constructing eigenvector for poly
x^3-1149*x^2+440067*x-56181887
constructing eigenvector for poly
x^3-762*x^2+193548*x-16387064
constructing eigenvector for poly
x+1
constructing eigenvector for poly
x+1
constructing eigenvector for poly
x+1
constructing eigenvector for poly
x^2+2*x+1
constructing eigenvector for poly
x^2+4*x-421
constructing eigenvector for poly
x^3+27*x^2+243*x+729
constructing eigenvector for poly
x^3-93*x^2+2883*x-29791
constructing eigenvector for poly
x^3-18*x^2+108*x-216
constructing eigenvector for poly
x^3+27*x^2+243*x+729
constructing eigenvector for poly
x^3+78*x^2+2028*x+17576
constructing eigenvector for poly
x^3+27*x^2+243*x+729
constructing eigenvector for poly
x^3+69*x^2+1587*x+12167
constructing eigenvector for poly
x^3-234*x^2+18252*x-474552
constructing eigenvector for poly
x^3+531*x^2+93987*x+5545233
constructing eigenvector for poly
x^3-174*x^2+10092*x-195112
constructing eigenvector for poly
x-8
constructing eigenvector for poly
x+1
constructing eigenvector for poly
x+9
constructing eigenvector for poly
x+9
constructing eigenvector for poly
x+9
constructing eigenvector for poly
x+17
constructing eigenvector for poly
x+25
constructing eigenvector for poly
x+33
constructing eigenvector for poly
x-7
constructing eigenvector for poly
x+13
constructing eigenvector for poly
x-2
constructing eigenvector for poly
x^3+12*x^2+17*x-122
constructing eigenvector for poly
x+1
constructing eigenvector for poly
x^2+2*x+1
constructing eigenvector for poly
x^2+4*x-421
constructing eigenvector for poly
x^6-29*x^5+19*x^4+5801*x^3-57552*x^2+198216*x-227952
constructing eigenvector for poly
x+33
constructing eigenvector for poly
x-2
constructing eigenvector for poly
x+13
constructing eigenvector for poly
x-44
constructing eigenvector for poly
x+1
constructing eigenvector for poly
x-18
constructing eigenvector for poly
x-24
constructing eigenvector for poly
x^2-42*x+424
constructing eigenvector for poly
x^3-2*x^2-71*x+188
constructing eigenvector for poly
x^3+12*x^2+17*x-122
constructing eigenvector for poly
x^2-7*x-80
constructing eigenvector for poly
x^2-24*x+144
constructing eigenvector for poly
x^2-128*x+4096
constructing eigenvector for poly
x^2-336*x+28224
constructing eigenvector for poly
x^2-648*x+104976
constructing eigenvector for poly
x^2-560*x+78400
constructing eigenvector for poly
x+9
constructing eigenvector for poly
x+9
constructing eigenvector for poly
x^2-56*x+784
constructing eigenvector for poly
x^2-48*x+576
constructing eigenvector for poly
x^2-128*x+4096
constructing eigenvector for poly
x^2-584*x+85264
constructing eigenvector for poly
x^2-768*x+147456
constructing eigenvector for poly
x-36
constructing eigenvector for poly
x-36
constructing eigenvector for poly
x^3-21*x^2+147*x-343
constructing eigenvector for poly
x^3+33*x^2+363*x+1331
constructing eigenvector for poly
x^3-24*x^2+192*x-512
constructing eigenvector for poly
x^3-57*x^2+1083*x-6859
constructing eigenvector for poly
x^3+66*x^2+1452*x+10648
constructing eigenvector for poly
x-16
constructing eigenvector for poly
x+11
constructing eigenvector for poly
x+7
constructing eigenvector for poly
x-9
constructing eigenvector for poly
x-1
constructing eigenvector for poly
x-1
constructing eigenvector for poly
x^8-28*x^7+2*x^6+3192*x^5-4555*x^4-43428*x^3+100592*x^2-13936*x-60272
constructing eigenvector for poly
x+23
constructing eigenvector for poly
x-9
constructing eigenvector for poly
x-14
constructing eigenvector for poly
x+7
constructing eigenvector for poly
x-41
constructing eigenvector for poly
x+2
constructing eigenvector for poly
x-16
constructing eigenvector for poly
x-34
constructing eigenvector for poly
x^2-56*x+772
constructing eigenvector for poly
x^2-84*x+1724
constructing eigenvector for poly
x^2-57*x+648
constructing eigenvector for poly
x^2-57*x+808
constructing eigenvector for poly
x^2+21*x-98
constructing eigenvector for poly
x^4-2*x^3-575*x^2+2052*x+2524
constructing eigenvector for poly
x+15
constructing eigenvector for poly
x+15
constructing eigenvector for poly
x^2+6*x+9
constructing eigenvector for poly
x^2-45
constructing eigenvector for poly
x^2-20*x+100
constructing eigenvector for poly
x^2-48*x+576
constructing eigenvector for poly
x^2-364*x+33124
constructing eigenvector for poly
x^2-552*x+76176
constructing eigenvector for poly
x^2-520*x+67600
constructing eigenvector for poly
x^4-120*x^3+5224*x^2-97440*x+659344
constructing eigenvector for poly
x^4-240*x^3+20016*x^2-673920*x+7884864
constructing eigenvector for poly
x^4-408*x^3+61720*x^2-4101216*x+101042704
constructing eigenvector for poly
x^4-1008*x^3+374688*x^2-60818688*x+3640432896
constructing eigenvector for poly
x^4-1088*x^3+442320*x^2-79632896*x+5357068864
constructing eigenvector for poly
x-17
constructing eigenvector for poly
x^2-34*x+289
constructing eigenvector for poly
x^2-90*x+2025
constructing eigenvector for poly
x^2-260*x+16900
constructing eigenvector for poly
x^2-510*x+65025
constructing eigenvector for poly
x^2-1060*x+280900
constructing eigenvector for poly
x+11
constructing eigenvector for poly
x^3+33*x^2+363*x+1331
constructing eigenvector for poly
x^3-9*x^2+27*x-27
constructing eigenvector for poly
x^3+48*x^2+768*x+4096
constructing eigenvector for poly
x^3-153*x^2+7803*x-132651
constructing eigenvector for poly
x^3-42*x^2+588*x-2744
constructing eigenvector for poly
x-1
constructing eigenvector for poly
x-1
constructing eigenvector for poly
x-1
constructing eigenvector for poly
x-1
constructing eigenvector for poly
x^3-3*x^2+3*x-1
constructing eigenvector for poly
x^3+27*x^2+243*x+729
constructing eigenvector for poly
x^3+30*x^2+300*x+1000
constructing eigenvector for poly
x^3+531*x^2+93987*x+5545233
constructing eigenvector for poly
x^3-402*x^2+53868*x-2406104
constructing eigenvector for poly
x+8
constructing eigenvector for poly
x+3
constructing eigenvector for poly
x-8
constructing eigenvector for poly
x+23
constructing eigenvector for poly
x-1
constructing eigenvector for poly
x+6
constructing eigenvector for poly
x+11
constructing eigenvector for poly
x^2-56*x+772
constructing eigenvector for poly
x^2+2*x-19
constructing eigenvector for poly
x^2-23*x+114
constructing eigenvector for poly
x^2-56*x+756
constructing eigenvector for poly
x^2-56*x+564
constructing eigenvector for poly
x^3+x^2-165*x-349
constructing eigenvector for poly
x^3-23*x^2+59*x+859
constructing eigenvector for poly
x-9
constructing eigenvector for poly
x-9
constructing eigenvector for poly
x^2-28*x+196
constructing eigenvector for poly
x^2-96*x+2304
constructing eigenvector for poly
x^2-188*x+8836
constructing eigenvector for poly
x^2-456*x+51984
constructing eigenvector for poly
x^2-616*x+94864
constructing eigenvector for poly
x^2+4*x-196
constructing eigenvector for poly
x^2+4*x-196
constructing eigenvector for poly
x+7
constructing eigenvector for poly
x+11
constructing eigenvector for poly
x+15
constructing eigenvector for poly
x-9
constructing eigenvector for poly
x^2+4*x-196
constructing eigenvector for poly
x^3+x^2-165*x-349
constructing eigenvector for poly
x^2+6*x+9
constructing eigenvector for poly
x^2-45
constructing eigenvector for poly
x+23
constructing eigenvector for poly
x+23
computing eigenvectors took 140.061747 sec
For conductor 1, eigenvectors are:
-6 6 9 0 -3 2 -2 3 -3 -3 -3 -6 1 4 5 -4 0 -11 4 -4 6 1 -2 1 2 5 -3 5 3 0 3 -1 0 -1 1 -4 1 4 3 1 1 3 -5 3 -5 -1 -7 -3 1 1 -1 1 -1 3 -3 1 -1 over Number field with defining polynomial x+17
0 -12 -6 -6 -12 8 -4 3 -3 -3 2 2 -6 -4 8 0 2 6 4 0 2 -4 -10 -4 -10 4 6 0 -2 2 6 4 -2 3 -6 4 5 4 3 -3 -10 1 -4 1 -4 -11 -1 10 -4 0 -6 -3 -1 2 6 1 -1 over Number field with defining polynomial x-44
-6 6 21 0 -3 -6 6 3 21 -3 1 -6 1 4 1 -4 0 5 -4 4 -2 -23 6 -3 10 1 -3 7 -9 0 -5 5 0 3 5 0 1 -4 -5 -3 -7 -1 3 3 -5 -1 -7 -1 1 1 -3 -3 9 1 3 -1 -1 over Number field with defining polynomial x+25
-1 -1 -1 -1 -1 -1 -1 -1 -1 -1 -1 -1 -1 -1 -1 -1 -1 -1 -1 -1 -1 -1 -1 -1 -1 -1 -1 -1 -1 -1 -1 -1 -1 -1 -1 -1 -1 -1 -1 -1 -1 -1 -1 -1 -1 -1 -1 -1 -1 -1 -1 -1 -1 -1 -1 -1 -1 over Number field with defining polynomial x-156
6 -6 3 0 3 -2 2 0 -3 0 -1 0 -1 0 -1 0 0 -1 0 0 0 -1 0 -1 0 1 1 -1 0 0 1 1 0 0 0 0 1 0 0 0 -1 0 1 1 0 1 0 -1 0 -1 1 0 0 0 0 0 -1 over Number field with defining polynomial x-7
7*a-116 19*a-412 13*a-264 11*a-240 5*a-116 -9*a+220 3*a-76 6*a-98 -3*a+94 26 9*a-200 4 -5*a+144 -a+36 7*a-164 7*a-180 -5*a+96 3*a-56 3*a-60 -5*a+156 -10*a+252 a-52 12*a-292 -a+36 2*a-44 -3*a+76 a-32 -3*a+68 4*a-84 -3*a+72 -3*a+80 7*a-172 a-48 2*a-50 -2*a+44 -6*a+144 -7*a+158 4*a-104 6*a-130 -4*a+74 -a+24 2*a-22 -7*a+172 5*a-122 24 -3*a+78 -2 a-24 2*a-64 3*a-68 3*a-80 -4*a+106 -2*a+22 -4*a+84 2*a-44 2 -a+10 over Number field with defining polynomial x^2-42*x+424
-12*a-36 24*a 6*a+18 -6*a+18 -12*a 4*a+12 -8*a -9*a+27 3*a-9 9*a-27 -2*a-6 -6*a+18 2*a+6 4*a-12 8*a+12 0 2*a-6 -10*a-6 0 -4*a+12 6*a-18 4*a 6*a-18 -4*a -6*a+18 4*a -2*a-6 -4*a -8*a+12 2*a-6 2*a+6 4*a -2*a+6 3*a-9 -2*a+18 0 -a+3 0 5*a-15 -3*a+9 -2*a-6 -5*a-9 4*a a-3 2*a+6 a-3 7*a+3 -2*a-6 -4*a -4*a 2*a+6 5*a-15 3*a-9 -6*a+6 12 3*a-9 -a+3 over Number field with defining polynomial x^2+15*x-18
-30*a+744 30*a-432 -156 -156 30*a-432 10*a-248 -10*a+144 -3*a+90 -15*a+294 3*a-90 52 -14*a+316 -28*a+788 2*a-112 -2*a+8 -2*a+8 52 8*a-292 2*a-8 -2*a+112 14*a-316 -10*a+144 -18*a+436 2*a-112 18*a-436 10*a-248 52 -10*a+248 -12*a+308 -52 -20*a+444 -22*a+504 52 a-30 8*a-188 -16*a+376 5*a-98 16*a-376 3*a-142 -a+30 -12*a+308 -3*a+38 10*a-248 -3*a+142 2*a-112 13*a-338 7*a-158 20*a-444 2*a-8 22*a-504 12*a-308 -7*a+262 -5*a+98 -52 52 5*a-98 -5*a+98 over Number field with defining polynomial x^2-66*x+976
18*a+378 48*a+552 39*a+363 78*a+1182 -24*a-276 -56*a-720 -26*a-546 -30*a-402 -15*a-315 -15*a-315 44*a+544 -12*a-100 -3*a-63 5*a+181 13*a+273 17*a+129 4*a+84 -20*a-192 10*a+58 -2*a+110 -22*a-158 -19*a-95 -32*a-520 30*a+402 -42*a-578 -19*a-399 14*a+66 -8*a-92 -8*a-92 -11*a-155 13*a+121 -2*a+34 -4*a-84 76 8*a+92 22*a+310 -10*a-134 32*a+368 -16*a-260 15*a+163 -3*a-63 -5*a-105 24*a+276 -6*a+102 3*a+63 11*a+231 -76 -19*a-247 -3*a-63 30*a+402 -35*a-431 11*a+79 5*a+105 8*a+92 -8*a-92 76 -5*a-105 over Number field with defining polynomial x^2-6*x-263
-24*a+84 -12*a+72 30 18*a-78 6*a-36 8*a-28 4*a-24 3*a-63 -3*a+3 -3*a+63 -10 2*a+38 4*a-14 4*a-44 14*a-44 8*a-8 -6*a+26 -8*a-2 -8*a+8 -4*a+44 -2*a-38 -2*a+12 6*a-46 -14*a+64 -6*a+46 2*a+8 -10 -2*a-8 10 6*a-26 -4*a-6 -2*a+12 -6*a+26 -a+21 -8*a+38 4*a-4 a-1 -4*a+4 -9*a+49 a-21 10 9*a-29 2*a+8 -3*a+23 -2*a-8 5*a-25 -a-19 4*a+6 10*a-40 2*a-12 -10 a-1 -a+1 10 -10 a-1 -a+1 over Number field with defining polynomial x^2-27*x+76
-45*a^2 + 2184*a - 16464 -69*a^2 + 3480*a - 28176 -9*a^2 + 528*a - 4656 21*a^2 - 864*a + 6576 -51*a^2 + 2568*a - 21744 -21*a^2 + 872*a - 5968 -45*a^2 + 2168*a - 17680 39*a^2 - 1932*a + 14976 -24*a^2 + 1140*a - 9744 39*a^2 - 1764*a + 13920 27*a^2 - 1264*a + 10640 -18*a^2 + 792*a - 6336 -35*a^2 + 1504*a - 10704 39*a^2 - 1768*a + 13616 35*a^2 - 1496*a + 11312 27*a^2 - 1272*a + 10032 45*a^2 - 2176*a + 17072 9*a^2 - 528*a + 4656 -13*a^2 + 536*a - 3984 -a^2 + 40*a - 400 4*a^2 - 56*a + 288 -15*a^2 + 776*a - 6448 -10*a^2 + 360*a - 2432 -9*a^2 + 536*a - 4048 12*a^2 - 488*a + 4192 -11*a^2 + 456*a - 3184 15*a^2 - 512*a + 3472 17*a^2 - 808*a + 6288 -14*a^2 + 552*a - 3904 -33*a^2 + 1520*a - 11824 -21*a^2 + 1024*a - 8240 -17*a^2 + 760*a - 5328 7*a^2 - 288*a + 2192 -13*a^2 + 532*a - 4288 8*a^2 - 248*a + 1760 14*a^2 - 576*a + 4384 12*a^2 - 652*a + 5552 -8*a^2 + 272*a - 2240 3*a^2 - 204*a + 1728 -13*a^2 + 700*a - 5344 21*a^2 - 976*a + 7280 17*a^2 - 676*a + 4800 9*a^2 - 536*a + 4048 20*a^2 - 988*a + 7536 80*a-832 -24*a^2 + 1044*a - 7824 9*a^2 - 556*a + 4832 -13*a^2 + 752*a - 6000 -6*a^2 + 224*a - 1312 -25*a^2 + 1032*a - 7568 29*a^2 - 1248*a + 9520 23*a^2 - 1028*a + 7904 -9*a^2 + 452*a - 3520 6*a^2 - 328*a + 2624 24*a-480 -17*a^2 + 780*a - 6112 -4*a-304 over Number field with defining polynomial x^3-86*x^2+2176*x-14048
72*a^2 + 816*a + 2280 96*a^2 + 768*a - 864 -48*a^2 - 384*a + 432 12*a^3 + 288*a^2 + 1836*a + 1560 -48*a^2 - 384*a + 432 -8*a^3 - 176*a^2 - 936*a + 768 -8*a^3 - 152*a^2 - 984*a - 2376 -6*a^3 - 12*a^2 + 546*a + 1320 12*a^3 + 156*a^2 + 84*a - 2364 6*a^3 + 180*a^2 + 1038*a + 96 -8*a^3 - 120*a^2 - 184*a + 1720 8*a^3 + 140*a^2 + 496*a - 1172 -12*a^2 - 136*a - 380 -8*a^2 + 16*a + 1048 -12*a^2 - 136*a - 380 -8*a^3 - 184*a^2 - 1240*a - 2088 4*a^3 + 40*a^2 + 84*a + 48 -60*a^2 - 680*a - 1900 -12*a^3 - 196*a^2 - 1060*a - 1900 -4*a^3 - 20*a^2 + 196*a + 1236 12*a^2 + 168*a - 356 -8*a^3 - 120*a^2 - 184*a + 1720 -4*a^2 + 200*a + 1740 36*a^2 + 408*a + 1140 -8*a^3 - 132*a^2 - 128*a + 2556 -4*a^3 - 72*a^2 - 308*a - 496 -4*a^3 - 24*a^2 + 236*a + 1024 4*a^2 - 40*a + 212 -2*a^2 - 92*a - 346 4*a^3 + 96*a^2 + 612*a + 520 -16*a^2 + 64*a + 1360 4*a^3 + 56*a^2 + 20*a - 1312 8*a^3 + 108*a^2 + 432*a + 332 -6*a^3 - 124*a^2 - 510*a + 376 -26*a^2 - 364*a - 1106 -4*a^3 - 68*a^2 - 348*a - 284 4*a^3 + 84*a^2 + 284*a - 1076 4*a^3 + 60*a^2 - 20*a - 1100 4*a^3 + 86*a^2 + 536*a + 1222 6*a^3 + 68*a^2 - 18*a - 848 -4*a^3 - 44*a^2 - 44*a - 260 4*a^3 + 38*a^2 - 8*a - 298 -4*a^3 - 56*a^2 - 20*a + 1312 4*a^3 + 24*a^2 - 236*a - 1024 -50*a^2 - 636*a - 1866 4*a^3 + 72*a^2 + 308*a + 496 4*a^3 + 62*a^2 + 264*a + 462 4*a^3 + 44*a^2 + 44*a + 260 22*a^2 + 180*a + 414 -4*a^2 + 40*a - 212 16*a^2 - 64*a - 1360 4*a^3 + 14*a^2 - 280*a - 1058 -4*a^3 - 38*a^2 + 8*a + 298 2*a^2 + 92*a + 346 26*a^2 + 364*a + 1106 -4*a^3 - 62*a^2 - 264*a - 462 12*a^2 + 136*a + 380 over Number field with defining polynomial x^4+25*x^3+157*x^2+3*x-1154
12*a^2 - 356*a - 4384 16*a^2 - 376*a - 7800 -8*a^2 + 188*a + 3900 -8*a^2 + 516*a - 8980 50*a^2 - 1942*a + 3584 8*a^2 - 456*a + 5664 12*a^2 - 476*a + 2248 15*a^2 - 371*a - 6946 36*a^2 - 1814*a + 17582 51*a^2 - 2275*a + 15610 -46*a^2 + 1982*a - 10316 -22*a^2 + 942*a - 6204 -42*a^2 + 2082*a - 20364 -36*a^2 + 1844*a - 19240 42*a^2 - 2022*a + 17048 16*a^2 - 912*a + 11328 -12*a^2 + 416*a + 1068 16*a^2 - 644*a + 1764 58*a^2 - 2726*a + 22128 6*a^2 + 30*a - 8440 34*a^2 - 1834*a + 20948 12*a^2 - 148*a - 10632 -18*a^2 + 922*a - 9620 -16*a^2 + 704*a - 5080 38*a^2 - 1854*a + 17532 -32*a^2 + 1616*a - 16408 -6*a^2 + 238*a - 1124 -35*a^2 + 1601*a - 12188 -268*a+9564 10*a^2 - 466*a + 3956 33*a^2 - 1591*a + 13896 -a^2 + 243*a - 7052 -32*a^2 + 1348*a - 6844 -29*a^2 + 1393*a - 12722 16*a^2 - 644*a + 1764 20*a^2 - 932*a + 7912 -2*a^2 - 20*a + 3366 -36*a^2 + 1844*a - 19240 16*a^2 - 942*a + 12986 7*a^2 - 511*a + 9834 3*a^2 - 253*a + 5344 -10*a^2 + 436*a - 2298 a^2 - 243*a + 7052 48*a^2 - 2290*a + 19830 -26*a^2 + 1110*a - 5720 -10*a^2 + 436*a - 2298 32*a^2 - 1318*a + 5186 -3*a^2 + 253*a - 5344 42*a^2 - 2022*a + 17048 35*a^2 - 1601*a + 12188 -33*a^2 + 1591*a - 13896 6*a^2 + 60*a - 10098 10*a^2 - 436*a + 2298 268*a-9564 -16*a^2 + 644*a - 1764 -32*a^2 + 1318*a - 5186 -30*a+1658 over Number field with defining polynomial x^3-82*x^2+1969*x-11260
12*a^5 - 444*a^4 + 1476*a^3 + 18684*a^2 + 9600*a - 44016 36*a^5 - 708*a^4 + 60*a^3 + 23172*a^2 + 8976*a - 93264 -6*a^5 + 66*a^4 + 354*a^3 - 714*a^2 + 9900*a + 56976 -36*a^4 - 708*a^3 + 3228*a^2 + 26484*a + 16440 -18*a^5 + 354*a^4 - 30*a^3 - 11586*a^2 - 4488*a + 46632 -4*a^5 - 36*a^4 + 1436*a^3 + 2580*a^2 - 14248*a - 9216 20*a^5 - 300*a^4 + 20*a^3 + 7068*a^2 - 14872*a - 58464 54*a^4 - 474*a^3 - 858*a^2 + 13746*a + 32508 -6*a^5 + 132*a^4 - 804*a^3 - 3768*a^2 + 30474*a + 80916 -6*a^5 + 192*a^4 - 216*a^3 - 6588*a^2 + 654*a + 36012 6*a^5 - 162*a^4 + 782*a^3 + 5898*a^2 - 12220*a - 31504 -8*a^5 + 128*a^4 + 768*a^3 - 5248*a^2 - 30872*a - 26016 -2*a^5 + 74*a^4 - 246*a^3 - 3114*a^2 - 1600*a + 7336 4*a^5 - 36*a^4 - 628*a^3 + 4004*a^2 + 33984*a + 42704 2*a^5 - 6*a^4 - 38*a^3 - 2226*a^2 - 5012*a + 5376 -8*a^5 + 176*a^4 - 304*a^3 - 6816*a^2 - 6728*a + 13936 -16*a^5 + 372*a^4 - 748*a^3 - 12876*a^2 + 2636*a + 51240 6*a^5 - 102*a^4 + 58*a^3 + 3702*a^2 + 5128*a - 6600 -12*a^5 + 216*a^4 + 136*a^3 - 9904*a^2 - 28252*a - 14344 4*a^4 - 188*a^3 + 916*a^2 + 12460*a + 14424 -4*a^5 + 36*a^4 + 596*a^3 - 1428*a^2 - 22144*a - 28352 -6*a^5 + 126*a^4 + 398*a^3 - 4974*a^2 - 26608*a - 41848 -4*a^5 + 116*a^4 - 348*a^3 - 5892*a^2 - 2576*a + 15136 -6*a^5 + 170*a^4 - 342*a^3 - 9042*a^2 - 11740*a + 19312 24*a^4 - 520*a^3 - 2072*a^2 + 6152*a + 12800 -16*a^4 + 40*a^3 + 2608*a^2 + 8904*a - 304 -4*a^5 + 80*a^4 - 56*a^3 - 3320*a^2 - 1236*a + 11672 -2*a^5 + 22*a^4 + 518*a^3 - 2558*a^2 - 29548*a - 50048 4*a^5 - 54*a^4 - 510*a^3 + 2778*a^2 + 22466*a + 29476 2*a^5 - 70*a^4 + 466*a^3 + 1406*a^2 - 13628*a - 28320 6*a^5 - 66*a^4 - 754*a^3 + 3306*a^2 + 29444*a + 41840 -8*a^5 + 136*a^4 + 288*a^3 - 4712*a^2 - 15816*a - 13520 6*a^5 - 110*a^4 + 26*a^3 + 4494*a^2 + 7896*a - 40 4*a^5 - 110*a^4 - 14*a^3 + 4106*a^2 + 4146*a - 13172 -22*a^4 + 370*a^3 + 2034*a^2 - 7434*a - 30580 6*a^5 - 122*a^4 - 210*a^3 + 5570*a^2 + 16724*a + 5440 6*a^5 - 96*a^4 - 376*a^3 + 2844*a^2 + 8354*a - 7564 2*a^5 - 30*a^4 - 38*a^3 + 1750*a^2 + 7996*a + 7776 -20*a^4 + 236*a^3 + 980*a^2 - 8140*a - 25760 -2*a^5 + 28*a^4 + 244*a^3 - 1624*a^2 - 8946*a - 9668 4*a^5 - 92*a^4 - 52*a^3 + 3964*a^2 + 15920*a + 21728 -4*a^5 + 44*a^4 + 620*a^3 - 1780*a^2 - 26824*a - 53656 -8*a^4 + 480*a^3 - 808*a^2 - 21552*a - 42272 6*a^5 - 120*a^4 + 160*a^3 + 3764*a^2 - 470*a - 12652 10*a^4 - 126*a^3 + 18*a^2 + 3782*a + 1580 -2*a^5 + 56*a^4 - 144*a^3 - 3052*a^2 - 7198*a + 1284 4*a^5 - 84*a^4 - 132*a^3 + 2588*a^2 + 7872*a + 9848 4*a^5 - 36*a^4 - 716*a^3 + 1556*a^2 + 21448*a + 34064 4*a^5 - 86*a^4 - 14*a^3 + 4794*a^2 + 11250*a - 2684 -6*a^5 + 106*a^4 + 250*a^3 - 2962*a^2 - 7820*a - 5744 2*a^5 - 62*a^4 - 14*a^3 + 2214*a^2 + 7924*a + 13952 -20*a^4 + 252*a^3 - 172*a^2 - 10812*a - 18048 4*a^4 + 4*a^3 + 604*a^2 + 3868*a + 5824 6*a^4 - 114*a^3 - 1602*a^2 + 490*a + 18356 -4*a^5 + 70*a^4 + 254*a^3 - 3210*a^2 - 15522*a - 17252 36*a^4 - 492*a^3 - 1412*a^2 + 15084*a + 37984 -34*a^4 + 142*a^3 + 2670*a^2 + 3306*a - 6356 over Number field with defining polynomial x^6-20*x^5-30*x^4+1076*x^3+2281*x^2-8152*x-17540
18 -30 -6 -6 -30 -14 2 -18 6 6 -6 -4 12 2 4 -14 -6 -4 2 -14 12 2 12 -12 -4 4 12 4 3 -6 -4 4 -6 -2 19 4 -10 4 -9 -10 12 -1 4 8 -5 8 7 12 -5 4 -4 -17 -9 3 3 -1 0 over Number field with defining polynomial x-400
-12 12 0 0 12 4 -4 6 -6 -6 0 0 -16 -4 4 4 0 8 -4 4 0 -4 8 -4 -8 4 0 4 0 0 0 4 0 -2 8 4 2 -4 6 2 8 -6 -4 -6 -4 10 -2 0 -4 -4 -8 2 -2 0 0 2 -2 over Number field with defining polynomial x-28
0 24 12 12 24 -16 8 -6 6 6 -4 -4 -4 8 0 0 -4 4 -8 0 12 8 -12 -8 4 8 4 16 12 -4 -12 8 4 -6 -12 8 -10 -8 2 6 -12 -10 8 -2 0 -10 10 -4 0 0 -4 -2 -6 4 -4 6 2 over Number field with defining polynomial x-28
115 -5 29 -35 59 -25 15 47 -76 17 -31 44 75 21 25 41 25 -25 -9 11 24 -41 24 -75 44 -65 -15 33 -65 31 13 3 1 27 5 34 4 34 40 37 23 -30 3 -40 5 -40 -10 23 -25 33 13 -40 -20 -5 -35 0 0 over Number field with defining polynomial x-454
12 48 42 -30 -24 -4 -16 9 -9 -9 -14 2 -2 -8 0 -12 10 2 12 8 -2 8 14 -12 -14 0 6 0 4 -10 -6 -8 10 -3 -12 8 3 -8 -1 3 -2 9 0 -1 10 7 -1 6 -2 8 2 -7 7 4 -4 -7 -3 over Number field with defining polynomial x-8
-12 0 6 6 0 4 0 3 -3 -3 -2 -2 2 0 -8 4 -2 -2 -4 0 2 0 2 4 -2 0 2 0 0 2 -2 0 -2 -1 0 0 1 0 1 1 2 -1 0 5 2 -3 1 2 -2 0 -2 -1 1 0 0 -1 -1 over Number field with defining polynomial x-8
12 0 -6 -6 0 12 0 9 3 3 -6 -6 -2 0 0 4 -6 -6 -4 -8 -2 0 -2 4 2 -4 2 0 0 -2 -2 4 6 1 0 4 3 0 -1 -5 -2 1 0 -1 2 3 -1 -2 -2 4 -2 1 -1 0 0 1 1 over Number field with defining polynomial x-8
-720 -432 24 -576 -552 48 336 168 -168 -168 312 432 -648 96 120 -480 192 -552 -96 480 144 -264 336 24 48 -264 408 72 264 192 -24 216 -192 168 216 -384 120 -96 -216 -168 -264 -120 -24 -24 360 -120 120 72 120 120 -168 216 -72 -72 -408 72 264 over Number field with defining polynomial x-23
288 -288 0 0 -288 -96 96 216 144 -216 0 -240 144 -144 144 144 0 48 -144 144 240 96 48 -144 -48 -96 0 -216 240 0 -120 24 0 -72 48 -96 -48 96 96 72 -72 -96 216 -96 -144 0 -192 120 -144 -24 72 192 48 0 0 -48 48 over Number field with defining polynomial x-23
0 0 -96 0 -96 0 0 -48 -96 -48 -96 -96 0 96 0 96 0 0 96 96 -96 -96 -96 0 -96 0 0 48 0 96 48 48 96 -48 0 -96 -96 -96 0 -48 48 0 48 0 0 0 0 48 0 48 48 0 0 0 0 0 0 over Number field with defining polynomial x-254
72 -360 -396 144 180 -24 120 216 108 -216 132 336 -12 384 -108 -288 -48 -204 288 -384 -336 -60 624 468 -624 108 -180 -108 24 48 -36 -372 -48 -72 360 480 -36 -480 264 72 -444 -216 108 156 -264 -228 -168 36 -120 372 444 120 -120 24 -24 120 36 over Number field with defining polynomial x+1
-288 0 144 144 0 96 0 -144 -72 144 -48 96 48 144 -48 -48 -48 96 48 -144 -96 0 -96 -192 96 -72 120 72 144 48 24 -72 -48 48 0 0 24 0 24 -48 -24 -96 -72 -24 -24 72 -48 -24 -120 72 24 120 60 -36 36 -60 -24 over Number field with defining polynomial x+1
-72 -72 36 72 36 24 24 -36 -36 36 -12 -24 12 -48 12 0 -24 12 0 48 24 -12 24 12 -24 -12 -12 12 12 -24 12 -12 24 12 12 0 12 0 -12 -12 -12 36 -12 -12 -36 -12 36 -12 -36 12 12 -12 12 -12 -12 12 12 over Number field with defining polynomial x+1
-216*a-7992 -216*a-3672 108*a+1836 -4320 108*a+1836 -72*a-1224 -72*a+3096 108*a-324 1080 -3240 36*a-108 -144*a-1728 36*a+1332 -216*a-72 36*a+1332 -144*a-2448 144*a+2448 36*a-108 -1440 -72*a+936 -72*a+216 36*a-108 -72*a-2664 36*a+2772 -720 -360 1080 36*a-828 36*a+612 180*a+1260 -36*a-1332 1080 36*a+252 36*a+2052 36*a-108 108*a+2196 -72*a-864 36*a+252 1800 -72*a-864 1080 360 -1080 -1080 36*a-828 360 1080 -1080 36*a+1332 -36*a+828 36*a+1332 -360 -360 -36*a-612 -36*a+108 -1080 -36*a-1332 over Number field with defining polynomial x^2+4*x-421
24 0 0 24 0 16 24 -12 -18 -6 -12 4 -4 4 4 -8 16 -4 8 -4 8 -12 8 4 4 -2 -10 -4 4 -2 -8 -2 2 -8 0 6 -6 6 2 -10 2 -2 -2 -6 8 -6 2 2 4 -4 -8 6 4 2 6 0 0 over Number field with defining polynomial x+26
48 0 0 -24 0 -16 0 12 0 -12 0 8 -8 8 8 8 8 -8 -8 -8 -8 0 -8 8 8 8 -8 4 8 8 -4 -4 -8 -4 0 0 0 0 -8 4 4 8 -4 0 -8 0 16 4 -16 4 -4 0 8 -8 0 0 0 over Number field with defining polynomial x-58
For conductor 2, eigenvectors are:
0 1 0 -1 -1 over Number field with defining polynomial x-8
-3 1 -3 -1 2 over Number field with defining polynomial x+1
3 3 -1 1 2 over Number field with defining polynomial x+9
0 0 -1 1 -1 over Number field with defining polynomial x+9
-1 1 1 1 0 over Number field with defining polynomial x+9
For conductor 3, eigenvectors are:
0 0 -1 1 2 1 -1 1 1 -1 -1 0 over Number field with defining polynomial x+17
-1 -1 -1 1 0 -1 1 0 0 0 0 1 over Number field with defining polynomial x+25
0 -4 -1 -3 2 -3 -1 1 1 1 1 -2 over Number field with defining polynomial x+33
0 0 2 0 2 0 2 -1 1 -1 1 0 over Number field with defining polynomial x-7
6 2 2 -2 4 -2 2 3 -1 3 -1 4 over Number field with defining polynomial x+13
0 10 -8 -10 2 -10 -8 -6 1 -6 1 5 over Number field with defining polynomial x-2
a^2 + 6*a - 11 -a^2 - 6*a + 11 -a^2 - 5*a + 24 -a+3 a^2 + 4*a - 21 a^2 + 5*a - 24 a-3 -a^2 - 5*a + 16 -a^2 - 5*a + 16 -a-5 -a-5 0 over Number field with defining polynomial x^3+12*x^2+17*x-122
3 -1 -1 1 -2 1 -1 0 2 0 2 1 over Number field with defining polynomial x+1
a-3 a-3 -a+3 a-3 0 -a+3 a-3 -20 20 20 -20 -a+3 over Number field with defining polynomial x^2+4*x-421
For conductor 6, eigenvectors are:
6*a^5 + 15*a^4 - 5691*a^3 + 85377*a^2 - 464655*a + 785196 15*a^5 - 510*a^4 + 4542*a^3 + 174*a^2 - 104817*a + 226476 -12*a^5 + 177*a^4 + 2919*a^3 - 52569*a^2 + 273273*a - 436356 6*a^5 - 24*a^4 - 3412*a^3 + 39640*a^2 - 118098*a + 95904 4*a^5 - 38*a^4 - 1320*a^3 + 15706*a^2 - 79152*a + 126840 4*a^5 - 38*a^4 - 1320*a^3 + 15706*a^2 - 79152*a + 126840 -2*a^5 - 104*a^4 + 5260*a^3 - 61512*a^2 + 245686*a - 328464 -6*a^5 + 264*a^4 - 4008*a^3 + 22832*a^2 - 39626*a + 336 -2*a^5 + 136*a^4 - 2160*a^3 + 960*a^2 + 87962*a - 232224 3*a^5 - 130*a^4 + 1827*a^3 - 9612*a^2 + 16576*a - 6540 -4*a^5 + 38*a^4 + 1320*a^3 - 15706*a^2 + 79152*a - 126840 -9*a^5 + 248*a^4 - 711*a^3 - 21202*a^2 + 141206*a - 233184 -6*a^5 + 123*a^4 + 49*a^3 - 6587*a^2 + 27297*a - 29172 12*a^5 - 311*a^4 + 592*a^3 + 27601*a^2 - 154686*a + 214788 6*a^5 - 144*a^4 + 298*a^3 + 8404*a^2 - 39236*a + 47784 -15*a^5 + 510*a^4 - 4542*a^3 - 174*a^2 + 104817*a - 226476 -2*a^5 + 16*a^4 + 1550*a^3 - 30276*a^2 + 166824*a - 280344 3*a^5 - 131*a^4 + 3068*a^3 - 41011*a^2 + 208099*a - 324072 69*a^4 - 2821*a^3 + 39395*a^2 - 218679*a + 378012 9*a^5 - 248*a^4 + 711*a^3 + 21202*a^2 - 141206*a + 233184 9*a^5 - 153*a^4 - 2826*a^3 + 61427*a^2 - 293045*a + 406896 -9*a^5 + 248*a^4 - 711*a^3 - 21202*a^2 + 141206*a - 233184 -69*a^4 + 2123*a^3 - 17815*a^2 + 33293*a + 18228 9*a^5 - 154*a^4 - 1585*a^3 + 30028*a^2 - 101522*a + 89364 69*a^4 - 2123*a^3 + 17815*a^2 - 33293*a - 18228 12*a^5 - 260*a^4 - 995*a^3 + 41022*a^2 - 200255*a + 281136 27*a^4 - 350*a^3 - 7185*a^2 + 69740*a - 131964 -9*a^5 + 248*a^4 - 711*a^3 - 21202*a^2 + 141206*a - 233184 24*a^4 - 1237*a^3 + 20606*a^2 - 115309*a + 198312 3*a^5 - 132*a^4 + 2004*a^3 - 11416*a^2 + 19813*a - 168 -9*a^5 + 155*a^4 + 2649*a^3 - 59623*a^2 + 289808*a - 413268 26*a^4 - 1414*a^3 + 22410*a^2 - 118546*a + 191940 -25*a^4 + 173*a^3 + 8989*a^2 - 72977*a + 125592 -69*a^4 + 2123*a^3 - 17815*a^2 + 33293*a + 18228 over Number field with defining polynomial x^6-29*x^5+19*x^4+5801*x^3-57552*x^2+198216*x-227952
-3 -6 -3 -2 2 -2 -2 -2 2 4 0 -1 1 -2 0 -2 0 2 1 -3 0 -3 4 2 0 -6 0 1 0 1 -3 1 -1 -2 over Number field with defining polynomial x+33
9 -3 9 6 8 -8 6 6 -6 2 0 10 -3 6 0 -1 0 1 -3 2 -7 2 9 8 7 -3 0 -10 7 -3 2 4 3 -1 over Number field with defining polynomial x-2
0 6 0 0 -4 4 0 0 0 -4 0 -2 0 0 0 2 0 -2 0 2 -4 2 6 2 -2 0 6 2 -2 3 -1 1 3 -4 over Number field with defining polynomial x+13
-3 3 -3 0 -4 4 0 4 -4 3 0 -2 1 7 2 1 2 -2 1 -6 0 2 -3 -1 -9 -4 3 -6 6 -2 1 -1 -2 -3 over Number field with defining polynomial x-44
3 6 3 -6 -2 2 -6 2 -2 0 0 5 -1 2 4 2 4 2 -1 3 0 -5 0 -2 0 -2 0 3 0 -1 -1 1 -1 0 over Number field with defining polynomial x+1
3 3 3 6 0 0 -2 -2 2 4 0 2 3 0 4 -3 0 1 3 -2 1 2 -1 -2 1 1 2 2 -1 1 2 2 1 -1 over Number field with defining polynomial x-18
1 1 -5 -2 -2 -2 -4 2 -4 2 2 0 -3 0 -2 -1 -4 1 -1 0 1 0 -1 0 1 -1 2 0 -3 -1 2 0 1 -1 over Number field with defining polynomial x-24
24*a-414 54*a-1002 24*a-414 -26*a+472 32*a-552 -32*a+552 -26*a+472 -6*a+80 6*a-80 27*a-454 0 -36*a+668 -8*a+138 -5*a+98 10*a-196 18*a-334 10*a-196 -9*a+120 -8*a+138 -4*a+116 -27*a+548 36*a-668 -4*a+210 9*a-214 -4*a+22 5*a-4 -23*a+338 -4*a+116 -23*a+432 -9*a+120 -9*a+214 9*a-214 -9*a+120 -94 over Number field with defining polynomial x^2-42*x+424
-3*a^2 + 9*a - 36 48*a-144 9*a^2 + 69*a - 180 -10*a^2 - 66*a + 296 4*a^2 + 20*a - 48 4*a^2 + 20*a - 48 6*a^2 + 14*a - 152 -10*a^2 - 2*a + 104 -14*a^2 - 54*a + 248 -a^2 - 29*a + 84 -4*a^2 - 20*a + 48 4*a^2 + 20*a - 112 5*a^2 + 49*a - 132 a^2 - 3*a + 12 -32*a+96 -48*a+144 -4*a^2 - 20*a + 48 a^2 + 13*a - 36 a^2 + 29*a - 84 -4*a^2 - 20*a + 112 5*a^2 + 1*a - 52 4*a^2 + 20*a - 112 -16*a+48 7*a^2 + 43*a - 172 16*a-48 3*a^2 + 7*a - 76 5*a^2 + 17*a - 100 4*a^2 + 20*a - 112 -3*a^2 - 7*a + 12 -4*a^2 - 20*a + 80 -2*a^2 - 10*a + 56 -16*a+16 -2*a^2 - 26*a + 104 -16*a+48 over Number field with defining polynomial x^3-2*x^2-71*x+188
-12*a^2 - 126*a - 282 -30*a-174 -12*a^2 - 126*a - 282 2*a^2 + 24*a + 102 2*a^2 + 44*a + 218 -2*a^2 - 44*a - 218 2*a^2 + 24*a + 102 14*a^2 + 144*a + 274 -14*a^2 - 144*a - 274 -a^2 + 14*a + 175 0 -2*a^2 - 8*a + 66 4*a^2 + 42*a + 94 -3*a^2 - 30*a - 43 6*a^2 + 60*a + 86 -10*a-58 6*a^2 + 60*a + 86 a^2 - 24*a - 233 4*a^2 + 42*a + 94 36*a+284 a^2 - 14*a - 175 2*a^2 + 8*a - 66 4*a^2 + 6*a - 190 -a^2 + 24*a + 233 4*a^2 + 6*a - 190 3*a^2 + 30*a + 43 -3*a^2 - 20*a + 15 36*a+284 -3*a^2 - 20*a + 15 5*a+29 5*a+29 -5*a-29 5*a+29 0 over Number field with defining polynomial x^3+12*x^2+17*x-122
3*a-6 54 3*a-6 2*a-4 4*a+16 4*a-32 2*a-4 2*a-4 -2*a+4 a-8 4*a-8 12 -a+2 -a-28 0 18 0 -a+14 -a+2 -12 a+22 -12 -6 -a+20 -18 -a+2 a-8 -12 -a+14 a+10 -a+8 -a-4 -a+14 -6 over Number field with defining polynomial x^2-7*x-80
0 0 0 -2 0 0 2 2 2 -1 0 0 0 1 2 0 -2 -1 0 0 1 0 0 1 0 -1 -1 0 -1 1 1 1 -1 0 over Number field with defining polynomial x-280
6 -12 6 -12 0 0 4 4 -4 10 0 -4 6 6 -8 12 0 10 6 4 -2 -4 -4 -2 4 10 2 -4 2 10 2 2 -2 -4 over Number field with defining polynomial x+9
0 0 0 0 -4 4 0 0 0 2 0 2 0 -2 0 0 0 -2 0 -2 -2 -2 0 2 0 2 -2 -2 -2 0 0 0 0 0 over Number field with defining polynomial x+9
4 0 -4 2 0 0 -2 -2 -2 -1 0 0 4 1 -2 0 2 -1 -4 0 1 0 0 1 0 -1 -1 0 -1 1 1 1 -1 0 over Number field with defining polynomial x-384
0 0 0 0 0 0 2 -4 -2 -1 0 -2 0 -3 2 0 0 -1 0 2 -1 -2 -2 -1 2 -1 1 -2 1 -1 1 1 -1 -2 over Number field with defining polynomial x-36
-15 3 3 0 6 6 -8 4 -4 1 -6 2 -3 -3 -2 -3 -6 -2 -9 -2 -2 2 -1 -5 1 4 -1 2 8 4 -1 5 -2 -1 over Number field with defining polynomial x-36
-3 0 -3 -2 4 0 -2 -2 2 -1 2 2 1 1 0 0 0 -1 1 0 -1 0 0 -1 0 1 1 -2 -1 0 0 0 0 0 over Number field with defining polynomial x+22
For conductor 13, eigenvectors are:
-2 0 1 -2 1 1 over Number field with defining polynomial x-16
-2 -3 1 1 1 -2 over Number field with defining polynomial x+11
0 1 1 1 1 0 over Number field with defining polynomial x+7
0 1 -1 -1 1 -2 over Number field with defining polynomial x-9
2 0 2 -1 -1 -1 over Number field with defining polynomial x-1
-8 3 1 1 -5 -2 over Number field with defining polynomial x-1
For conductor 26, eigenvectors are:
48*a^7 - 1200*a^6 + 1680*a^5 + 106896*a^4 - 95424*a^3 - 1159584*a^2 + 959808*a + 1183104 -48*a^6 - 624*a^5 + 23280*a^4 + 174576*a^3 - 1142016*a^2 + 1357248*a - 80640 -24*a^6 + 2280*a^5 - 27528*a^4 + 81720*a^3 - 201216*a^2 + 412800*a - 323328 96*a^6 - 2208*a^5 + 384*a^4 - 103296*a^3 + 367392*a^2 - 56544*a - 427008 -24*a^6 - 312*a^5 + 11640*a^4 + 87288*a^3 - 571008*a^2 + 678624*a - 40320 -32*a^7 + 720*a^6 + 144*a^5 - 63760*a^4 + 190672*a^3 + 147456*a^2 - 149760*a - 530944 16*a^7 - 432*a^6 + 2448*a^5 + 19856*a^4 - 79328*a^3 + 129888*a^2 - 547200*a + 732800 144*a^6 - 2112*a^5 - 336*a^4 + 41232*a^3 - 62976*a^2 - 28176*a + 52224 24*a^7 - 792*a^6 + 3384*a^5 + 46248*a^4 - 117216*a^3 - 322992*a^2 + 892464*a - 445824 288*a^6 - 4416*a^5 - 9072*a^4 + 127248*a^3 - 268464*a^2 + 188784*a - 34368 16*a^7 - 520*a^6 + 632*a^5 + 53064*a^4 - 103528*a^3 - 271520*a^2 + 545984*a - 95104 -8*a^7 + 200*a^6 - 280*a^5 - 17816*a^4 + 15904*a^3 + 193264*a^2 - 159968*a - 197184 -24*a^7 + 512*a^6 - 656*a^5 - 28224*a^4 + 6920*a^3 + 369920*a^2 - 493728*a - 2176 -8*a^7 + 184*a^6 + 1592*a^5 - 24712*a^4 - 65808*a^3 + 475696*a^2 - 25152*a - 785728 8*a^7 - 224*a^6 - 1520*a^5 + 50848*a^4 - 46200*a^3 - 439168*a^2 + 472224*a + 258944 16*a^7 - 384*a^6 - 384*a^5 + 43520*a^4 - 8048*a^3 - 644736*a^2 + 753504*a + 225152 8*a^7 - 88*a^6 - 1048*a^5 + 4232*a^4 - 16752*a^3 + 50416*a^2 - 147808*a + 166336 16*a^7 - 240*a^6 - 320*a^5 + 576*a^4 + 71664*a^3 - 245776*a^2 + 271040*a - 96960 -48*a^6 + 2496*a^5 - 23200*a^4 - 32384*a^3 + 315024*a^2 - 249536*a - 159808 -48*a^6 + 640*a^5 - 2688*a^4 + 1184*a^3 - 26512*a^2 + 91104*a - 63680 16*a^7 - 520*a^6 + 3224*a^5 + 13896*a^4 - 109096*a^3 + 98272*a^2 + 280160*a - 378112 8*a^7 - 104*a^6 + 824*a^5 - 2664*a^4 - 98464*a^3 + 332848*a^2 - 12992*a - 422208 48*a^6 - 640*a^5 + 2688*a^4 - 1184*a^3 + 26512*a^2 - 91104*a + 63680 8*a^7 - 120*a^6 + 472*a^5 - 1448*a^4 - 92032*a^3 + 288320*a^2 + 241152*a - 749696 -8*a^7 + 216*a^6 + 72*a^5 - 19032*a^4 + 9472*a^3 + 237792*a^2 - 414112*a + 130304 -56*a^6 + 1688*a^5 - 14456*a^4 - 51672*a^3 + 422032*a^2 - 568672*a + 118976 56*a^6 + 288*a^5 - 15984*a^4 + 3392*a^3 + 264600*a^2 - 451104*a + 125024 -16*a^7 + 368*a^6 + 432*a^5 - 39536*a^4 + 26560*a^3 + 404544*a^2 - 482976*a - 130560 8*a^7 - 312*a^6 + 1720*a^5 + 21080*a^4 - 106496*a^3 + 39680*a^2 + 87584*a + 48896 -16*a^7 + 456*a^6 - 1080*a^5 - 35880*a^4 + 83144*a^3 + 172224*a^2 - 275552*a - 109184 8*a^7 - 96*a^6 - 1408*a^5 + 11888*a^4 + 52024*a^3 - 280400*a^2 + 260288*a + 31424 -144*a^6 + 2112*a^5 + 336*a^4 - 41232*a^3 + 62976*a^2 + 28176*a - 52224 8*a^6 - 416*a^5 + 784*a^4 + 45600*a^3 - 60088*a^2 - 320320*a + 481888 48*a^6 - 640*a^5 + 2688*a^4 - 1184*a^3 + 26512*a^2 - 91104*a + 63680 8*a^7 - 248*a^6 + 472*a^5 + 20712*a^4 - 95408*a^3 + 149744*a^2 - 66320*a - 27392 -24*a^6 + 64*a^5 + 10912*a^4 - 66576*a^3 + 133400*a^2 + 19664*a - 171168 -288*a^6 + 4416*a^5 + 9072*a^4 - 127248*a^3 + 268464*a^2 - 188784*a + 34368 -8*a^7 + 200*a^6 - 1048*a^5 - 344*a^4 + 28320*a^3 - 210128*a^2 + 380704*a - 179264 24*a^6 - 928*a^5 + 2144*a^4 + 68432*a^3 - 256664*a^2 + 68944*a + 265504 -8*a^7 + 296*a^6 - 520*a^5 - 32744*a^4 + 43056*a^3 + 359008*a^2 - 703040*a + 241792 24*a^6 - 584*a^5 + 2232*a^4 + 34424*a^3 - 96688*a^2 - 321552*a + 621760 -56*a^6 + 576*a^5 + 2928*a^4 - 5248*a^3 - 141336*a^2 + 362496*a - 219360 -16*a^7 + 312*a^6 + 184*a^5 - 19816*a^4 + 67080*a^3 + 46160*a^2 - 333712*a + 258240 72*a^6 - 1088*a^5 - 1568*a^4 + 28080*a^3 - 55240*a^2 + 26768*a + 2976 -40*a^6 + 488*a^5 - 2792*a^4 + 11768*a^3 + 23344*a^2 + 46784*a - 171712 -8*a^6 - 448*a^5 + 12272*a^4 - 43744*a^3 - 63176*a^2 + 408928*a - 387552 -8*a^7 + 104*a^6 + 1128*a^5 - 17592*a^4 - 11584*a^3 + 235248*a^2 - 141184*a - 232000 152*a^6 - 1160*a^5 - 17944*a^4 + 66408*a^3 + 147104*a^2 - 515072*a + 302080 -72*a^6 + 1952*a^5 - 11488*a^4 - 29936*a^3 + 178504*a^2 - 115376*a - 97312 72*a^6 - 1088*a^5 - 1568*a^4 + 28080*a^3 - 55240*a^2 + 26768*a + 2976 -8*a^6 - 448*a^5 + 12272*a^4 - 43744*a^3 - 63176*a^2 + 408928*a - 387552 -56*a^6 + 576*a^5 + 2928*a^4 - 5248*a^3 - 141336*a^2 + 362496*a - 219360 -24*a^6 + 928*a^5 - 2144*a^4 - 68432*a^3 + 256664*a^2 - 68944*a - 265504 8*a^6 - 936*a^5 + 3448*a^4 + 40856*a^3 - 141216*a^2 - 67408*a + 294272 over Number field with defining polynomial x^8-28*x^7+2*x^6+3192*x^5-4555*x^4-43428*x^3+100592*x^2-13936*x-60272
6 18 -39 24 9 -14 -26 -3 -45 9 -1 -1 -16 13 -8 16 -21 12 12 -18 -49 -7 18 1 -9 25 -9 -4 19 -15 0 3 3 18 -5 -5 -9 -21 21 -3 -15 -7 5 -23 9 13 13 -7 7 1 -11 17 3 -7 over Number field with defining polynomial x+23
24 0 12 12 0 8 0 0 -6 0 4 -4 4 4 -4 -4 8 -4 4 0 0 -8 0 -2 2 2 -4 -4 2 2 4 0 4 0 2 -2 0 2 -4 -2 -2 -2 -2 4 2 2 -2 2 2 1 -1 1 1 -2 over Number field with defining polynomial x-9
-9 -13 -1 1 11 1 5 -2 1 0 5 -1 1 1 7 -7 3 -3 -5 0 -7 5 0 1 3 -1 4 -3 -1 -1 1 2 -4 0 -3 -6 0 -1 0 -3 3 2 -1 2 3 -2 1 -1 4 2 -2 2 0 -1 over Number field with defining polynomial x-14
-6 6 3 0 3 -2 2 3 -3 3 1 1 0 -1 0 0 1 0 0 2 1 -1 -2 -1 1 -1 -1 0 -1 -1 0 1 -1 2 1 -1 1 -1 1 1 -1 1 -1 1 -1 1 1 -1 -1 -1 -1 -1 1 -1 over Number field with defining polynomial x+7
-18 -2 -5 -4 1 14 -2 -10 5 0 7 -5 -4 5 8 -8 -3 -6 2 0 1 7 0 5 -3 4 -7 -6 4 4 -4 10 7 0 3 -3 0 4 9 12 -3 1 -5 1 -12 -1 -4 4 -7 1 -1 1 -9 -5 over Number field with defining polynomial x-41
12 0 12 12 0 -16 -4 -6 0 0 -8 -2 4 2 8 8 -6 -6 -6 -6 4 -2 6 2 -6 2 3 -2 -4 6 0 6 3 6 -4 -1 0 0 -3 0 -6 1 -2 5 6 -7 8 -2 -1 -1 -1 -5 -3 -2 over Number field with defining polynomial x+2
-12 0 -6 -6 0 -4 0 3 3 -9 -2 2 4 0 0 2 -2 0 4 6 0 -4 2 0 2 0 -2 -2 2 4 2 1 0 2 -1 1 -3 -2 1 0 1 0 -3 1 2 -2 -4 -2 1 1 0 0 1 -1 over Number field with defining polynomial x-16
-15 21 -9 -15 -39 27 -9 -9 -12 15 -15 -25 -9 -13 9 -3 -5 -15 15 -4 15 7 4 -13 -5 -3 2 -9 -7 -3 -15 9 -6 4 12 1 -15 -7 -5 -7 14 2 -6 -1 11 2 1 3 5 -1 2 2 5 -6 over Number field with defining polynomial x-34
3*a-78 3*a-102 3*a-90 3*a-90 -3*a+102 a-26 a-34 3*a-96 -6 3*a-96 a-30 a-26 -a+34 -3*a+82 -3*a+94 -a+30 -3*a+86 -3*a+94 -a+34 2*a-64 -a+34 a-30 -2*a+64 a-30 a-26 a-30 2*a-58 -a+30 -a+34 a-30 a-30 a-32 -6 2*a-64 2 3*a-90 a-32 -a+34 -a+34 -a+30 -2 2 -2 -a+30 -a+34 -2*a+62 -a+30 -a+34 -a+26 a-34 -2 2*a-62 -a+30 -2 over Number field with defining polynomial x^2-56*x+772
33*a-1614 105*a-5070 -45*a+2178 -39*a+1950 -87*a+4242 39*a-1914 -33*a+1542 9*a-432 -24*a+1182 -33*a+1560 -15*a+750 a-98 3*a-114 a-62 9*a-486 33*a-1578 29*a-1402 39*a-1878 -51*a+2478 -20*a+952 27*a-1314 29*a-1366 20*a-952 a-62 29*a-1402 27*a-1314 a-62 -3*a+186 7*a-362 27*a-1314 45*a-2178 -9*a+432 -21*a+1014 20*a-952 36*a-1746 -22*a+1058 33*a-1560 7*a-362 8*a-370 19*a-926 28*a-1322 13*a-626 -18 16*a-758 a-26 7*a-326 35*a-1702 -15*a+750 -2*a+70 16*a-758 7*a-326 13*a-626 -8*a+370 -18 over Number field with defining polynomial x^2-84*x+1724
-12*a+288 -12*a -12*a+144 -12*a+144 12*a -4*a+96 -4*a 3*a -72 3*a -4*a+48 -18*a+384 -6*a+48 -2*a+48 2*a-48 4*a-48 -2*a+96 2*a-48 -6*a+48 2*a 4*a -18*a+336 -2*a 10*a-240 10*a-192 a+24 4*a-48 4*a-48 -a+24 a+24 -4*a+48 a -2*a+48 2*a 24 -24 a -a+24 -8*a+168 -a-24 -24 -12*a+192 -24 6*a-168 -a+24 10*a-192 -a-24 -a+24 2*a+24 -6*a+120 -2*a+96 4*a-96 -8*a+120 -24 over Number field with defining polynomial x^2-57*x+648
42*a-1320 90*a-2556 -31*a+838 -6*a+234 -49*a+1328 6*a-128 -42*a+1108 10*a-231 -8*a+153 -2*a+25 -a-14 27*a-894 56*a-1548 27*a-788 20*a-568 42*a-1214 3*a-170 -44*a+1292 -32*a+824 4*a-50 17*a-504 3*a-64 -4*a+50 27*a-788 3*a-170 -23*a+632 a+14 18*a-490 -19*a+582 -23*a+632 -6*a+234 -10*a+231 3*a-64 -4*a+50 24*a-671 -24*a+671 2*a-25 -19*a+582 6*a-181 -3*a+64 -24*a+671 17*a-504 -53 -14*a+387 -a-14 -21*a+554 -43*a+1200 39*a-1150 32*a-877 -14*a+387 -21*a+554 17*a-504 -6*a+181 -53 over Number field with defining polynomial x^2-57*x+808
-120*a+420 -204*a+840 126*a-504 24*a-84 -102*a+420 -4*a+56 80*a-364 6*a-42 -90*a+336 -24*a+84 -178*a+700 20*a-70 4*a-28 20*a-98 40*a-168 -100*a+392 16*a-42 22*a-70 -66*a+266 -2*a-14 50*a-224 16*a-70 2*a+14 12*a-42 24*a-98 -4*a+14 -79*a+315 -18*a+70 18*a-56 -72*a+266 44*a-168 -6*a+42 33*a-133 2*a+14 -38*a+140 21*a-77 24*a-84 -50*a+196 23*a-119 -50*a+196 4*a-14 35*a-119 8*a-42 -9*a+49 28*a-126 11*a-63 -26*a+84 4*a-14 -35*a+147 -27*a+91 29*a-105 17*a-77 -41*a+161 14 over Number field with defining polynomial x^2+21*x-98
36*a^2 + 1428*a + 1536 -84*a^2 - 732*a + 6216 18*a^2 + 714*a + 768 -24*a^2 + 348*a + 3876 -42*a^2 - 366*a + 3108 12*a^2 + 476*a + 512 -28*a^2 - 244*a + 2072 3*a^3 - 33*a^2 - 648*a + 2778 12*a^2 - 174*a - 1938 -3*a^3 - 21*a^2 + 966*a - 4842 6*a^2 + 238*a + 256 -6*a^2 - 238*a - 256 2*a^3 + 12*a^2 - 770*a - 44 26*a^2 + 598*a - 524 2*a^3 - 4*a^2 - 538*a + 2540 8*a^2 - 116*a - 1292 30*a^2 - 450*a + 1120 2*a^3 - 4*a^2 - 538*a + 2540 2*a^3 + 12*a^2 - 770*a - 44 -4*a^3 - 6*a^2 + 1434*a + 776 -14*a^2 - 122*a + 1036 -18*a^2 - 1054*a + 3972 -4*a^3 - 42*a^2 + 1646*a - 600 -12*a^2 + 344*a - 432 -4*a^2 + 228*a - 1724 2*a^3 - 2*a^2 - 892*a + 992 9*a^2 + 117*a - 2026 -8*a^2 + 116*a + 1292 -2*a^3 - 18*a^2 + 532*a - 212 -14*a^2 - 122*a + 1036 8*a^2 - 116*a - 1292 a^3 - 11*a^2 - 216*a + 926 -29*a^2 - 137*a - 1934 18*a^2 - 106*a + 688 -4*a^2 + 58*a + 646 35*a^2 - 275*a - 260 -a^3 - 7*a^2 + 322*a - 1614 -6*a^2 - 238*a - 256 37*a^2 + 191*a - 1728 -2*a^3 + 2*a^2 + 892*a - 992 -2*a^2 + 524*a - 822 -9*a^2 + 223*a - 2714 -6*a^2 - 408*a + 2114 15*a^2 - 635*a + 520 -2*a^3 - 18*a^2 + 532*a - 212 -11*a^2 - 243*a - 1246 14*a^2 + 122*a - 1036 -6*a^2 - 238*a - 256 17*a^2 - 169*a - 948 -9*a^2 + 53*a - 344 a^2 + 233*a - 734 -a^2 - 233*a + 734 -9*a^2 + 53*a - 344 -4*a^2 + 58*a + 646 over Number field with defining polynomial x^4-2*x^3-575*x^2+2052*x+2524
-18 -54 45 -36 -27 -6 -18 -27 -9 -27 15 3 -48 -3 -24 12 3 -24 -48 -18 -9 -3 18 -3 3 21 -15 12 -15 21 -12 -9 -3 -18 3 -3 -9 -15 3 -21 -3 15 -3 15 -15 3 -21 -15 -15 -3 -15 -3 15 -3 over Number field with defining polynomial x+15
18 -18 -9 0 -9 6 -6 9 9 9 -3 -3 0 3 0 0 -3 0 0 6 -3 3 -6 3 -3 3 -3 0 3 3 0 3 -3 6 -3 -3 3 3 3 -3 3 3 3 3 3 3 -3 3 -3 -3 -3 -3 3 3 over Number field with defining polynomial x+15
6*a+36 18 -6*a-9 -9*a-81 9 2*a+36 8*a+54 6*a+27 -3*a 9 2*a+9 -a-6 24 -a-12 -2*a-18 -a-9 a+24 -2*a-18 4*a+12 -18 -4*a-9 a+18 18 2*a+21 -2*a-9 a -2*a-9 a+21 9 a -3*a-15 -6*a-27 a+18 18 a -a -9 9 -a+6 -a-18 -a 4*a+3 -3*a-30 2*a-3 2*a+9 -3*a-12 3*a+18 -2*a-27 -3 -2*a-9 a-6 -3 -3*a-12 3 over Number field with defining polynomial x^2-45
-6 6 6 6 -6 2 6 -6 6 0 -2 4 2 4 2 2 0 4 0 6 -6 0 2 -4 0 4 3 0 -2 0 -2 -2 -1 2 2 -1 0 2 -3 -2 0 1 -4 -3 0 5 -2 0 -1 -1 -1 -1 -3 0 over Number field with defining polynomial x-260
7*a-1286 7*a-2258 16*a-4652 -13*a+3152 22*a-5546 -11*a+2854 -11*a+2530 9*a-2313 -11*a+2287 -12*a+3003 324 -3*a+744 -6*a+1650 a+202 8*a-2110 -9*a+2232 3*a-1284 -8*a+2110 10*a-2570 19*a-4694 2*a+26 -a+662 17*a-4234 10*a-2894 -10*a+2732 14*a-3598 9*a-2340 7*a-1880 -14*a+3436 -13*a+3206 9*a-2340 3*a-771 8*a-1948 a-230 9*a-2637 9*a-2205 -4*a+1001 13*a-3368 7*a-1961 4*a-974 9*a-2421 11*a-2746 11*a-3205 6*a-1407 4*a-1136 8*a-1894 -5*a+1366 -5*a+1204 6*a-1515 a-203 -a+122 54 -27 351 over Number field with defining polynomial x^2-544*x+73192
12 20 -22 -8 -22 4 -4 -14 -26 -6 -10 14 -8 10 -8 8 6 0 16 12 -10 2 -12 10 6 -10 10 0 2 -10 -8 14 2 -12 6 -6 6 2 6 -18 -6 -10 2 14 6 -2 -2 -10 -14 14 -2 -10 -6 2 over Number field with defining polynomial x-17
4 4 4 8 -8 4 4 9 4 -3 0 6 -6 -2 2 0 -6 -2 -2 -2 -4 2 2 -2 2 -1 0 4 1 -1 0 3 2 -2 0 0 -1 1 4 1 0 -4 -4 6 1 2 1 1 6 -2 2 0 0 0 over Number field with defining polynomial x-530
-24 72 84 -24 36 56 -40 48 36 0 -20 4 16 -4 32 8 -12 -48 0 0 28 -20 0 -4 -12 44 24 -8 44 -36 -24 -48 -24 0 -28 -16 0 -36 0 12 -12 -8 4 32 -12 8 -4 4 -16 32 8 -8 0 4 over Number field with defining polynomial x+11
72 -72 36 -72 -36 -24 -72 72 36 0 -12 -12 48 -12 -24 -24 36 24 0 0 -36 36 48 -24 0 -12 36 -36 -12 0 -12 24 12 -24 12 -24 0 -24 0 24 -36 -12 12 0 0 12 -12 -36 -24 -24 12 12 0 0 over Number field with defining polynomial x-14
108 -324 -54 -216 -162 -36 396 -54 -162 -162 -126 -18 36 -198 -36 -144 -54 0 0 -108 -18 -234 108 18 -270 -90 54 36 -90 54 0 54 -162 108 18 -90 162 54 54 54 -162 -18 -126 18 -54 126 -90 90 18 126 18 90 54 90 over Number field with defining polynomial x-1
-432 0 -216 -216 0 -144 0 432 108 0 -72 72 -72 216 -216 72 144 -216 -72 0 0 -144 288 -108 -36 108 -72 -72 -36 -180 72 144 -216 -144 -36 36 0 252 -72 -108 36 -108 -108 -72 -36 -180 180 252 -180 -18 -54 54 -18 -36 over Number field with defining polynomial x-1
-47952 31968 23976 39960 15984 15984 -63936 23976 -11988 -39960 -18648 7992 -34632 -23976 34632 7992 42624 -18648 18648 10656 -10656 10656 -10656 19980 -1332 -6660 -5328 -34632 -25308 22644 -18648 -23976 15984 -10656 -17316 11988 39960 3996 13320 3996 6660 -19980 -27972 -26640 14652 9324 11988 6660 1332 -4662 -12654 1998 8658 15984 over Number field with defining polynomial x-1
-3996 -11988 9990 -7992 -5994 -1332 -3996 1998 -1998 1998 3330 666 0 -666 5328 2664 666 5328 0 1332 -1998 -666 -1332 -666 666 -666 -666 2664 1998 -666 -2664 666 1998 1332 666 1998 666 1998 -1998 666 -666 666 -666 666 1998 -1998 666 1998 -666 1998 -666 1998 666 -666 over Number field with defining polynomial x-1
216 216 -108 0 108 -72 -72 0 108 216 -108 -36 0 36 144 -144 36 72 72 0 -36 -36 144 -36 36 0 -36 72 0 72 0 0 -36 -72 36 108 72 -72 36 -72 -36 36 -36 36 -72 -36 0 0 36 36 -36 0 0 0 over Number field with defining polynomial x-134
For conductor 39, eigenvectors are:
-3 9 3 4 4 2 -2 2 0 -2 -1 2 2 3 -1 1 -2 -3 -2 1 0 3 -3 0 2 1 1 -2 2 -1 -1 over Number field with defining polynomial x+8
9 0 3 8 0 -6 -10 3 -4 -2 3 -3 2 0 3 1 6 -1 6 0 -1 0 1 1 2 3 -1 -1 -1 -1 0 over Number field with defining polynomial x+3
-9 3 -3 0 0 2 -2 4 0 -2 9 0 -2 -3 3 3 -2 1 2 3 6 -3 1 2 -2 -3 -3 0 4 3 -3 over Number field with defining polynomial x-8
3 0 -3 2 2 -2 2 -2 0 -1 1 -2 -2 0 -2 -1 -1 0 -1 -4 0 0 0 0 1 2 -1 -1 1 1 -2 over Number field with defining polynomial x+23
3 0 -3 -4 -4 -2 2 1 0 2 1 1 -2 0 1 -1 2 -3 2 2 -3 6 -3 -3 -2 -1 -1 -1 1 1 -2 over Number field with defining polynomial x-1
18 0 12 2 -18 6 2 -3 -10 -2 6 3 2 0 -3 4 -6 5 -6 0 5 0 -5 -5 2 -3 -1 -1 -1 -1 0 over Number field with defining polynomial x+6
-12 -18 12 4 4 8 -8 -4 0 -2 -4 -4 8 -6 2 4 -2 0 -2 -2 -6 6 0 -6 2 -2 -5 1 -1 5 -4 over Number field with defining polynomial x+11
-2 2*a-58 2 0 0 -4 4 -a+34 0 4 2 -a+30 4 -2*a+58 a-28 -2 4 a-24 -4 -2 -a+30 2 a-28 -a+26 4 -a+32 a-28 -a+30 a-26 -a+32 2 over Number field with defining polynomial x^2-56*x+772
-3*a-9 0 3*a+9 0 0 -6*a-18 6*a+18 -a+5 0 -2*a-14 3*a+9 a+19 6*a+18 0 -a-11 -3*a-9 -2*a-14 -a+5 2*a+14 -8 -a-11 8 a+19 a+3 -2*a-14 -a-3 -a-11 -a-11 -a-3 -a-3 8 over Number field with defining polynomial x^2+2*x-19
-3*a+42 -12*a+132 -9*a+54 8*a-88 -24 -6*a+60 -10*a+68 -a+14 -4*a+32 14*a-124 -a+14 5*a-46 2*a-4 -4*a+44 -5*a+58 -3*a+18 -10*a+68 -a-22 6*a-60 -12 3*a-66 -36 -3*a+30 a-14 2*a-4 -a+2 3*a-30 -a+14 3*a-18 -a+26 12 over Number field with defining polynomial x^2-23*x+114
-3*a+105 -3*a+87 9 -a+26 -3*a+102 -3*a+84 -a+20 2*a-52 -a+38 -a+32 -a+35 -a+32 -a+32 -a+29 a-35 3 -a+32 -a+35 -3*a+84 -9 -6 -3 -9 a-26 -a+20 2*a-73 3 -a+32 0 -a+29 -3 over Number field with defining polynomial x^2-56*x+756
12*a-402 -6*a+270 138 -12*a+264 12*a-264 -4*a+180 4*a-180 a-114 -12*a+264 4*a-180 -12*a+402 -3*a+66 4*a-180 6*a-270 3*a+72 -138 4*a-180 -5*a+156 -4*a+180 -138 9*a-198 138 7*a-384 5*a-18 4*a-180 -15*a+468 -9*a+336 -3*a+66 7*a-246 -3*a+204 138 over Number field with defining polynomial x^2-56*x+564
-18*a^2 - 180*a + 582 288*a+3552 -18*a^2 - 84*a + 1638 28*a^2 + 280*a - 820 4*a^2 + 104*a + 660 -4*a^2 - 296*a - 3028 -4*a^2 - 232*a - 2324 -12*a^2 - 248*a - 1276 -12*a^2 - 88*a + 740 -6*a^2 + 68*a + 1730 -6*a^2 - 60*a + 194 28*a^2 + 152*a - 2228 -32*a-352 96*a+1184 12*a^2 + 88*a - 612 -6*a^2 - 28*a + 546 22*a^2 + 124*a - 1810 -12*a^2 - 24*a + 1444 -10*a^2 - 196*a - 946 -16*a^2 + 2320 12*a^2 + 120*a - 260 -16*a^2 - 128*a + 912 -4*a^2 - 8*a + 652 -28*a^2 - 344*a - 12 -26*a^2 - 388*a - 866 -4*a^2 - 8*a + 524 -96*a-1120 64 -32*a-416 64*a+768 64*a+704 over Number field with defining polynomial x^3+x^2-165*x-349
-21*a^2 - 126*a + 5523 126*a^2 - 2436*a + 8358 21*a^2 - 546*a + 8589 28*a^2 + 280*a - 9716 -28*a^2 - 280*a + 9716 14*a^2 - 140*a + 1022 -14*a^2 + 140*a - 1022 -21*a^2 + 266*a + 1547 28*a^2 + 280*a - 9716 70*a^2 - 1148*a + 1750 21*a^2 + 126*a - 5523 63*a^2 - 1750*a + 11095 -14*a^2 + 140*a - 1022 -126*a^2 + 2436*a - 8358 -35*a^2 + 462*a - 651 -21*a^2 + 546*a - 8589 70*a^2 - 1148*a + 1750 -49*a^2 + 210*a + 6559 -70*a^2 + 1148*a - 1750 -672*a+9856 -7*a^2 + 518*a - 5663 672*a-9856 7*a^2 - 70*a + 511 77*a^2 - 1498*a + 3885 70*a^2 - 1148*a + 1750 -21*a^2 - 182*a + 6699 -56*a^2 + 756*a + 308 -28*a^2 + 812*a - 4704 -56*a^2 + 1204*a - 4844 -476*a+5740 672*a-9856 over Number field with defining polynomial x^3-23*x^2+59*x+859
0 0 -12 -8 0 0 -8 0 4 -4 0 0 4 0 0 -4 0 4 0 0 4 0 -4 -4 4 0 -2 -2 -2 -2 0 over Number field with defining polynomial x-9
-6 0 6 -4 -4 -12 -4 -4 0 -6 -2 4 -4 0 -4 2 2 0 2 0 0 0 0 0 6 -4 2 2 2 2 0 over Number field with defining polynomial x-9
0 0 0 0 0 0 0 -1 0 0 0 1 0 0 1 0 0 1 0 0 -1 0 -1 1 0 1 -1 1 1 -1 0 over Number field with defining polynomial x-308
12*a-36 12*a-156 60 4*a+88 -4*a-88 -4*a+32 4*a-32 6*a-68 4*a+88 -4*a+32 -12*a+36 -2*a+36 4*a-32 -12*a+156 -2*a+96 -60 -4*a+32 -2*a+56 4*a-32 20 6*a-28 -20 -2*a+16 -2*a+76 -4*a+32 2*a-56 -2*a+16 6*a-108 2*a+4 2*a+24 -20 over Number field with defining polynomial x^2+4*x-196
-60 60 -12*a-204 4*a+88 -4*a-88 4*a+48 -4*a-48 -2*a-4 -4*a-88 -4*a-48 -20 -2*a-44 4*a+48 20 -6*a-72 -4*a-68 4*a+48 2*a+64 -4*a-48 4*a+28 -2*a-44 4*a+68 2*a+24 6*a+92 -4*a-48 -2*a-64 2*a+24 2*a+44 2*a+4 2*a+24 -20 over Number field with defining polynomial x^2+4*x-196
For conductor 78, eigenvectors are:
-6 -2 -7 5 -2 -4 3 -1 -1 5 -1 3 2 over Number field with defining polynomial x+7
2 2 -2 -2 4 0 2 2 -1 1 1 1 0 over Number field with defining polynomial x+11
0 0 1 -3 -2 -4 3 -1 1 -1 1 1 0 over Number field with defining polynomial x+15
0 0 2 0 2 -2 0 -2 -1 1 -1 -1 0 over Number field with defining polynomial x-9
-a-2 -a+18 0 -a+18 -a+18 -20 -20 a+2 -2*a+16 -10 a+2 -a+8 10 over Number field with defining polynomial x^2+4*x-196
a^2 + 46*a + 465 a^2 + 30*a - 31 a^2 - 34*a - 511 -4*a^2 - 12*a + 464 -3*a^2 - 46*a - 47 -3*a^2 - 54*a - 295 -4*a^2 - 20*a + 216 7*a^2 + 66*a - 169 a^2 + 4*a - 85 3*a^2 + 12*a - 255 -4*a^2 - 50*a + 38 -34*a-302 -8*a-248 over Number field with defining polynomial x^3+x^2-165*x-349
-6 6 -a-9 -a-9 0 0 -a-9 -a-9 -a-3 -a-3 -a-3 a+3 -6 over Number field with defining polynomial x^2-45
4 4 2 2 -4 0 -2 -2 -2 2 2 2 0 over Number field with defining polynomial x+23
4 -4 -4 -4 0 0 -4 -4 2 2 2 -2 4 over Number field with defining polynomial x+23
For conductor 1:
traces of hecke eigenvalues of T_{p^1} are:
-17 17 22 -1 82 -56 372 -284 -421 -198 9 669 -242 -1022 1038 1126 515 300 -24 1232 180 -1448 
computing eigenvalues for k = 1, took 12.969908 sec
traces of hecke eigenvalues of T_{p^2} are:
30 24 
computing eigenvalues for k = 2, took 0.244973 sec
traces of hecke eigenvalues of T_{p^1} are:
44 80 160 388 288 544 732 912 1436 2004 1888 2016 2732 2944 3564 4992 4256 4404 6352 8480 7764 10372 
computing eigenvalues for k = 1, took 13.530120 sec
traces of hecke eigenvalues of T_{p^2} are:
108 240 
computing eigenvalues for k = 2, took 0.218992 sec
traces of hecke eigenvalues of T_{p^1} are:
-25 21 -2 -1 10 -72 -60 -4 107 58 93 169 -306 666 -418 -1186 575 204 664 256 -252 1944 
computing eigenvalues for k = 1, took 13.021016 sec
traces of hecke eigenvalues of T_{p^2} are:
46 -8 
computing eigenvalues for k = 2, took 0.238772 sec
traces of hecke eigenvalues of T_{p^1} are:
156 400 1464 5220 7240 12720 25260 30784 52060 70644 81400 106080 151740 208920 230764 305320 363024 394420 499360 578760 712980 922180 
computing eigenvalues for k = 1, took 12.953557 sec
traces of hecke eigenvalues of T_{p^2} are:
780 2800 
computing eigenvalues for k = 2, took 0.243456 sec
traces of hecke eigenvalues of T_{p^1} are:
7 -1 -60 -5 -50 138 -156 170 21 204 251 -251 -150 224 -192 -78 -1077 -126 -262 88 -168 734 
computing eigenvalues for k = 1, took 12.971276 sec
traces of hecke eigenvalues of T_{p^2} are:
-24 -78 
computing eigenvalues for k = 2, took 0.241564 sec
traces of hecke eigenvalues of T_{p^1} are:
42 122 260 560 902 1384 1316 2162 2948 3218 3856 4336 4936 6352 6828 8058 10884 10828 12600 12600 16334 18748 
computing eigenvalues for k = 1, took 12.984998 sec
traces of hecke eigenvalues of T_{p^2} are:
-60 176 
computing eigenvalues for k = 2, took 0.241161 sec
traces of hecke eigenvalues of T_{p^1} are:
-15 17 -54 -93 140 72 108 470 -13 252 215 207 -774 -174 278 -556 525 -268 752 876 642 512 
computing eigenvalues for k = 1, took 13.037782 sec
traces of hecke eigenvalues of T_{p^2} are:
6 -64 
computing eigenvalues for k = 2, took 0.240474 sec
traces of hecke eigenvalues of T_{p^1} are:
66 102 248 616 690 976 1660 1734 2660 3298 3280 3988 5672 6916 7260 8198 10224 10348 11816 14772 16846 19564 
computing eigenvalues for k = 1, took 12.978437 sec
traces of hecke eigenvalues of T_{p^2} are:
84 16 
computing eigenvalues for k = 2, took 0.228077 sec
traces of hecke eigenvalues of T_{p^1} are:
6 4 -40 110 112 -88 120 -256 -130 -356 300 404 364 -936 212 720 -1132 2304 392 -344 968 -952 
computing eigenvalues for k = 1, took 12.975037 sec
traces of hecke eigenvalues of T_{p^2} are:
4 -8 
computing eigenvalues for k = 2, took 0.241087 sec
traces of hecke eigenvalues of T_{p^1} are:
27 -39 2 -269 78 -32 -56 72 767 166 541 -803 290 -1202 -222 1634 1371 -440 224 -1980 3400 2308 
computing eigenvalues for k = 1, took 12.964649 sec
traces of hecke eigenvalues of T_{p^2} are:
66 112 
computing eigenvalues for k = 2, took 0.236591 sec
traces of hecke eigenvalues of T_{p^1} are:
86 162 364 1076 1070 1480 2832 2922 4128 5270 5536 6440 8228 9560 11160 13314 13644 15232 18184 18576 23346 27776 
computing eigenvalues for k = 1, took 12.846062 sec
traces of hecke eigenvalues of T_{p^2} are:
48 96 
computing eigenvalues for k = 2, took 0.244190 sec
traces of hecke eigenvalues of T_{p^1} are:
-25 45 68 -147 308 -102 -236 164 275 -502 743 -475 -230 1044 428 1156 -505 218 -910 -1100 1830 238 
computing eigenvalues for k = 1, took 12.889821 sec
traces of hecke eigenvalues of T_{p^2} are:
-44 58 
computing eigenvalues for k = 2, took 0.248010 sec
traces of hecke eigenvalues of T_{p^1} are:
82 132 344 802 1016 1424 2580 2736 3954 4792 5428 7180 8200 11560 12552 14232 14076 16348 17920 20160 24012 30692 
computing eigenvalues for k = 1, took 12.943694 sec
traces of hecke eigenvalues of T_{p^2} are:
24 -144 
computing eigenvalues for k = 2, took 0.240729 sec
traces of hecke eigenvalues of T_{p^1} are:
20 -14 -40 -56 166 -334 -170 0 908 340 236 -426 -1252 306 1478 1196 -522 166 -130 666 -3398 768 
computing eigenvalues for k = 1, took 12.846805 sec
traces of hecke eigenvalues of T_{p^2} are:
-78 -4 
computing eigenvalues for k = 2, took 0.241572 sec
traces of hecke eigenvalues of T_{p^1} are:
36 40 144 180 400 720 900 904 1660 1764 1840 2160 3060 2880 3244 5440 5904 5620 5800 6480 8820 10660 
computing eigenvalues for k = 1, took 12.859708 sec
traces of hecke eigenvalues of T_{p^2} are:
60 -80 
computing eigenvalues for k = 2, took 0.239174 sec
traces of hecke eigenvalues of T_{p^1} are:
28 80 88 356 424 496 1068 832 1244 1524 1944 2784 2620 2872 4332 4744 5840 5556 5664 7208 8724 9028 
computing eigenvalues for k = 1, took 12.952995 sec
traces of hecke eigenvalues of T_{p^2} are:
12 240 
computing eigenvalues for k = 2, took 0.241345 sec
traces of hecke eigenvalues of T_{p^1} are:
28 32 176 356 336 608 1068 1152 1244 1524 1840 1728 2620 4208 4332 4368 4384 5556 6976 6736 8724 9028 
computing eigenvalues for k = 1, took 13.518035 sec
traces of hecke eigenvalues of T_{p^2} are:
12 -144 
computing eigenvalues for k = 2, took 0.226051 sec
traces of hecke eigenvalues of T_{p^1} are:
18 58 96 228 454 456 888 778 1120 1338 2416 2556 3420 4116 3856 4594 4656 4720 7024 6084 6990 9616 
computing eigenvalues for k = 1, took 12.981988 sec
traces of hecke eigenvalues of T_{p^2} are:
-48 64 
computing eigenvalues for k = 2, took 0.238839 sec
traces of hecke eigenvalues of T_{p^1} are:
8 52 -88 84 -108 -56 372 -284 -236 -608 224 904 -772 -432 428 -884 160 300 -24 1232 1960 492 
computing eigenvalues for k = 1, took 12.991417 sec
traces of hecke eigenvalues of T_{p^2} are:
20 144 
computing eigenvalues for k = 2, took 0.235599 sec
traces of hecke eigenvalues of T_{p^1} are:
8 -4 0 84 44 -56 -92 -36 -236 48 -464 528 76 40 428 -348 728 300 -24 568 536 492 
computing eigenvalues for k = 1, took 12.907590 sec
traces of hecke eigenvalues of T_{p^2} are:
20 -48 
computing eigenvalues for k = 2, took 0.242727 sec
traces of hecke eigenvalues of T_{p^1} are:
8 -52 88 84 -44 56 -92 284 -236 48 -568 -528 76 1376 428 -724 -728 300 1288 96 536 492 
computing eigenvalues for k = 1, took 12.968716 sec
traces of hecke eigenvalues of T_{p^2} are:
20 144 
computing eigenvalues for k = 2, took 0.240108 sec
traces of hecke eigenvalues of T_{p^1} are:
23 77 126 191 426 408 708 812 1419 1914 1925 1873 3150 3098 3102 5278 5319 5676 7256 8176 7044 9368 
computing eigenvalues for k = 1, took 12.963660 sec
traces of hecke eigenvalues of T_{p^2} are:
-18 216 
computing eigenvalues for k = 2, took 0.270773 sec
traces of hecke eigenvalues of T_{p^1} are:
23 35 138 191 334 696 708 1172 1419 1914 1859 2639 3150 3982 3102 3834 4905 5676 5384 5768 7044 9368 
computing eigenvalues for k = 1, took 12.922886 sec
traces of hecke eigenvalues of T_{p^2} are:
-18 -120 
computing eigenvalues for k = 2, took 0.247130 sec
traces of hecke eigenvalues of T_{p^1} are:
23 43 106 383 254 456 788 1188 1275 2058 1691 2151 2430 3246 3726 5034 5121 5500 7624 6664 6820 9576 
computing eigenvalues for k = 1, took 19.627763 sec
traces of hecke eigenvalues of T_{p^2} are:
-18 -56 
computing eigenvalues for k = 2, took 0.252101 sec
traces of hecke eigenvalues of T_{p^1} are:
-1 7 -16 3 -90 -146 -132 166 97 256 -109 49 650 -108 -220 106 151 534 606 368 -848 -1110 
computing eigenvalues for k = 1, took 12.881608 sec
traces of hecke eigenvalues of T_{p^2} are:
-52 -90 
computing eigenvalues for k = 2, took 0.247004 sec
traces of hecke eigenvalues of T_{p^1} are:
-1 -13 -6 63 -70 124 208 -84 -53 186 31 -441 70 -158 -70 -654 281 -96 636 -572 -448 720 
computing eigenvalues for k = 1, took 12.870282 sec
traces of hecke eigenvalues of T_{p^2} are:
-22 0 
computing eigenvalues for k = 2, took 0.245070 sec
traces of hecke eigenvalues of T_{p^1} are:
-1 -9 26 -1 -18 -24 -348 -20 411 -358 495 155 110 574 222 -470 -491 -68 -632 -480 -412 -168 
computing eigenvalues for k = 1, took 13.002206 sec
traces of hecke eigenvalues of T_{p^2} are:
-18 -40 
computing eigenvalues for k = 2, took 0.238570 sec
traces of hecke eigenvalues of T_{p^1} are:
-2 -4 -64 -82 160 96 -200 296 -418 252 140 -444 324 -488 -116 312 -156 1048 -264 -424 -272 648 
computing eigenvalues for k = 1, took 12.837858 sec
traces of hecke eigenvalues of T_{p^2} are:
-28 -48 
computing eigenvalues for k = 2, took 0.240617 sec
traces of hecke eigenvalues of T_{p^1} are:
-9 31 6 -9 -26 60 -132 136 -89 126 -329 -153 174 450 226 514 369 -1280 -356 -696 60 -380 
computing eigenvalues for k = 1, took 12.982093 sec
traces of hecke eigenvalues of T_{p^2} are:
-30 28 
computing eigenvalues for k = 2, took 0.241175 sec
traces of hecke eigenvalues of T_{p^1} are:
-9 -23 78 -177 58 168 204 -212 -5 42 -95 45 198 -1014 -50 1822 579 364 112 504 276 184 
computing eigenvalues for k = 1, took 12.885405 sec
traces of hecke eigenvalues of T_{p^2} are:
6 64 
computing eigenvalues for k = 2, took 0.241481 sec
For conductor 2:
traces of hecke eigenvalues of T_{p^1} are:
8 -4 0 84 44 -56 -92 -36 -236 48 -464 528 76 40 428 -348 728 300 -24 568 536 492 
computing eigenvalues for k = 1, took 564.422091 sec
traces of hecke eigenvalues of T_{p^2} are:
20 -48 
computing eigenvalues for k = 2, took 0.507713 sec
traces of hecke eigenvalues of T_{p^1} are:
-1 -13 -6 63 -70 124 208 -84 -53 186 31 -441 70 -158 -70 -654 281 -96 636 -572 -448 720 
computing eigenvalues for k = 1, took 567.648053 sec
traces of hecke eigenvalues of T_{p^2} are:
-22 0 
computing eigenvalues for k = 2, took 0.522328 sec
traces of hecke eigenvalues of T_{p^1} are:
-9 31 6 -9 -26 60 -132 136 -89 126 -329 -153 174 450 226 514 369 -1280 -356 -696 60 -380 
computing eigenvalues for k = 1, took 569.221105 sec
traces of hecke eigenvalues of T_{p^2} are:
-30 28 
computing eigenvalues for k = 2, took 0.547224 sec
traces of hecke eigenvalues of T_{p^1} are:
-9 -23 78 -177 58 168 204 -212 -5 42 -95 45 198 -1014 -50 1822 579 364 112 504 276 184 
computing eigenvalues for k = 1, took 561.351972 sec
traces of hecke eigenvalues of T_{p^2} are:
6 64 
computing eigenvalues for k = 2, took 0.520703 sec
traces of hecke eigenvalues of T_{p^1} are:
-9 -27 12 63 0 72 -90 -198 85 -432 -9 -129 126 78 130 -90 -987 -716 -108 1374 342 1894 
computing eigenvalues for k = 1, took 565.358267 sec
traces of hecke eigenvalues of T_{p^2} are:
6 14 
computing eigenvalues for k = 2, took 0.513109 sec
For conductor 3:
traces of hecke eigenvalues of T_{p^1} are:
-17 17 22 -1 82 -56 372 -284 -421 -198 9 669 -242 -1022 1038 1126 515 300 -24 1232 180 -1448 
computing eigenvalues for k = 1, took 335.304621 sec
traces of hecke eigenvalues of T_{p^2} are:
30 24 
computing eigenvalues for k = 2, took 0.515025 sec
traces of hecke eigenvalues of T_{p^1} are:
-25 21 -2 -1 10 -72 -60 -4 107 58 93 169 -306 666 -418 -1186 575 204 664 256 -252 1944 
computing eigenvalues for k = 1, took 335.139826 sec
traces of hecke eigenvalues of T_{p^2} are:
46 -8 
computing eigenvalues for k = 2, took 0.526392 sec
traces of hecke eigenvalues of T_{p^1} are:
-33 1 102 -33 -62 72 -60 -140 -485 90 409 573 414 -1038 910 1270 -573 172 1144 -192 -1164 -2024 
computing eigenvalues for k = 1, took 337.081338 sec
traces of hecke eigenvalues of T_{p^2} are:
78 40 
computing eigenvalues for k = 2, took 0.514577 sec
traces of hecke eigenvalues of T_{p^1} are:
7 -11 8 19 -22 -6 244 -54 201 -72 233 -21 -630 540 180 462 -507 -602 514 -328 584 -222 
computing eigenvalues for k = 1, took 337.772331 sec
traces of hecke eigenvalues of T_{p^2} are:
12 -26 
computing eigenvalues for k = 2, took 0.521383 sec
traces of hecke eigenvalues of T_{p^1} are:
-13 -3 -4 -37 -96 -60 234 10 -39 -352 -57 -577 230 82 -78 190 637 184 -548 174 302 1398 
computing eigenvalues for k = 1, took 335.313540 sec
traces of hecke eigenvalues of T_{p^2} are:
-6 -82 
computing eigenvalues for k = 2, took 0.510469 sec
traces of hecke eigenvalues of T_{p^1} are:
2 -6 -52 44 78 -96 24 -14 96 -22 -312 104 260 40 0 -158 -692 -752 -536 1152 -226 48 
computing eigenvalues for k = 1, took 338.007798 sec
traces of hecke eigenvalues of T_{p^2} are:
-48 -16 
computing eigenvalues for k = 2, took 0.515679 sec
traces of hecke eigenvalues of T_{p^1} are:
-12 28 2 -90 148 84 -278 -12 120 -392 592 -276 64 12 -408 1390 -884 188 220 1834 684 418 
computing eigenvalues for k = 1, took 337.714737 sec
traces of hecke eigenvalues of T_{p^2} are:
-40 -62 
computing eigenvalues for k = 2, took 0.510478 sec
traces of hecke eigenvalues of T_{p^1} are:
-1 -9 26 -1 -18 -24 -348 -20 411 -358 495 155 110 574 222 -470 -491 -68 -632 -480 -412 -168 
computing eigenvalues for k = 1, took 332.796972 sec
traces of hecke eigenvalues of T_{p^2} are:
-18 -40 
computing eigenvalues for k = 2, took 0.507120 sec
traces of hecke eigenvalues of T_{p^1} are:
-2 -4 -64 -82 160 96 -200 296 -418 252 140 -444 324 -488 -116 312 -156 1048 -264 -424 -272 648 
computing eigenvalues for k = 1, took 333.610066 sec
traces of hecke eigenvalues of T_{p^2} are:
-28 -48 
computing eigenvalues for k = 2, took 0.521591 sec
For conductor 6:
traces of hecke eigenvalues of T_{p^1} are:
29 -39 36 -11 -226 310 176 -182 -521 -472 -63 943 1074 1336 -1544 -398 641 -770 -1506 728 -840 874 
computing eigenvalues for k = 1, took 184.363117 sec
traces of hecke eigenvalues of T_{p^2} are:
16 -174 
computing eigenvalues for k = 2, took 0.532693 sec
traces of hecke eigenvalues of T_{p^1} are:
-33 1 102 -33 -62 72 -60 -140 -485 90 409 573 414 -1038 910 1270 -573 172 1144 -192 -1164 -2024 
computing eigenvalues for k = 1, took 180.051242 sec
traces of hecke eigenvalues of T_{p^2} are:
78 40 
computing eigenvalues for k = 2, took 0.533759 sec
traces of hecke eigenvalues of T_{p^1} are:
2 -6 -52 44 78 -96 24 -14 96 -22 -312 104 260 40 0 -158 -692 -752 -536 1152 -226 48 
computing eigenvalues for k = 1, took 181.186382 sec
traces of hecke eigenvalues of T_{p^2} are:
-48 -16 
computing eigenvalues for k = 2, took 0.529242 sec
traces of hecke eigenvalues of T_{p^1} are:
-13 -3 -4 -37 -96 -60 234 10 -39 -352 -57 -577 230 82 -78 190 637 184 -548 174 302 1398 
computing eigenvalues for k = 1, took 179.383089 sec
traces of hecke eigenvalues of T_{p^2} are:
-6 -82 
computing eigenvalues for k = 2, took 0.541907 sec
traces of hecke eigenvalues of T_{p^1} are:
44 32 104 388 472 560 732 1072 1436 2004 1896 2496 2732 4136 3564 4120 5968 4404 6288 5464 7764 10372 
computing eigenvalues for k = 1, took 180.970764 sec
traces of hecke eigenvalues of T_{p^2} are:
108 -144 
computing eigenvalues for k = 2, took 0.545789 sec
traces of hecke eigenvalues of T_{p^1} are:
-1 -31 38 31 130 8 36 -44 -229 282 -39 381 -130 242 270 502 643 -852 600 -512 -780 -104 
computing eigenvalues for k = 1, took 183.791881 sec
traces of hecke eigenvalues of T_{p^2} are:
-18 72 
computing eigenvalues for k = 2, took 0.544876 sec
traces of hecke eigenvalues of T_{p^1} are:
18 54 168 228 306 648 888 1206 1120 1338 1368 1956 3420 2964 3856 4518 5568 4720 5616 7860 6990 9616 
computing eigenvalues for k = 1, took 185.085416 sec
traces of hecke eigenvalues of T_{p^2} are:
-48 32 
computing eigenvalues for k = 2, took 0.543952 sec
traces of hecke eigenvalues of T_{p^1} are:
24 60 96 372 324 456 1092 732 1300 1632 1848 2088 2892 3192 3436 4812 5280 4588 6120 5736 8328 9004 
computing eigenvalues for k = 1, took 181.498873 sec
traces of hecke eigenvalues of T_{p^2} are:
-12 80 
computing eigenvalues for k = 2, took 0.526953 sec
traces of hecke eigenvalues of T_{p^1} are:
42 102 268 560 618 824 1316 1806 2948 3218 3712 4688 4936 7808 6828 10166 9564 10828 12680 15288 16334 18748 
computing eigenvalues for k = 1, took 179.310584 sec
traces of hecke eigenvalues of T_{p^2} are:
-60 16 
computing eigenvalues for k = 2, took 0.531079 sec
traces of hecke eigenvalues of T_{p^1} are:
2 12 54 70 -64 -50 272 106 -272 446 -336 166 804 -902 946 -1196 -358 -1070 1446 -208 1884 -842 
computing eigenvalues for k = 1, took 181.264501 sec
traces of hecke eigenvalues of T_{p^2} are:
-14 30 
computing eigenvalues for k = 2, took 0.529496 sec
traces of hecke eigenvalues of T_{p^1} are:
-12 28 2 -90 148 84 -278 -12 120 -392 592 -276 64 12 -408 1390 -884 188 220 1834 684 418 
computing eigenvalues for k = 1, took 181.942727 sec
traces of hecke eigenvalues of T_{p^2} are:
-40 -62 
computing eigenvalues for k = 2, took 0.529447 sec
traces of hecke eigenvalues of T_{p^1} are:
7 -35 -12 39 -86 42 96 18 -27 768 -239 447 94 96 152 -1594 521 954 -654 588 -624 390 
computing eigenvalues for k = 1, took 179.774396 sec
traces of hecke eigenvalues of T_{p^2} are:
8 -18 
computing eigenvalues for k = 2, took 0.532018 sec
traces of hecke eigenvalues of T_{p^1} are:
12 64 168 324 280 624 636 976 1180 1812 2344 2688 3276 2856 4204 4888 4752 5428 6832 5784 7380 8452 
computing eigenvalues for k = 1, took 212.862511 sec
traces of hecke eigenvalues of T_{p^2} are:
-84 112 
computing eigenvalues for k = 2, took 0.520505 sec
traces of hecke eigenvalues of T_{p^1} are:
-9 9 24 -21 -126 234 156 90 193 120 -99 -33 -486 -348 -428 -90 825 -770 234 1416 -1320 562 
computing eigenvalues for k = 1, took 179.994566 sec
traces of hecke eigenvalues of T_{p^2} are:
-12 -58 
computing eigenvalues for k = 2, took 0.525285 sec
traces of hecke eigenvalues of T_{p^1} are:
-9 -7 34 -25 58 108 76 -96 79 406 33 -503 -18 630 -294 -482 -385 24 12 296 44 -820 
computing eigenvalues for k = 1, took 213.857715 sec
traces of hecke eigenvalues of T_{p^2} are:
-6 20 
computing eigenvalues for k = 2, took 0.533155 sec
traces of hecke eigenvalues of T_{p^1} are:
28 24 64 292 384 624 972 856 1020 1972 1752 1960 3388 3872 3372 5152 4232 5908 5680 8352 9460 9060 
computing eigenvalues for k = 1, took 182.252554 sec
traces of hecke eigenvalues of T_{p^2} are:
12 -208 
computing eigenvalues for k = 2, took 0.545426 sec
traces of hecke eigenvalues of T_{p^1} are:
36 72 120 180 360 384 900 1080 1660 1764 1944 2352 3060 4200 3244 3672 4320 5620 6840 7464 8820 10660 
computing eigenvalues for k = 1, took 221.306732 sec
traces of hecke eigenvalues of T_{p^2} are:
60 176 
computing eigenvalues for k = 2, took 0.516930 sec
traces of hecke eigenvalues of T_{p^1} are:
36 36 108 276 396 624 588 828 1516 1596 1728 2460 2124 3420 4396 3708 4980 5620 7416 6420 8220 7780 
computing eigenvalues for k = 1, took 185.303844 sec
traces of hecke eigenvalues of T_{p^2} are:
60 -112 
computing eigenvalues for k = 2, took 0.533468 sec
traces of hecke eigenvalues of T_{p^1} are:
7 -11 8 19 -22 -6 244 -54 201 -72 233 -21 -630 540 180 462 -507 -602 514 -328 584 -222 
computing eigenvalues for k = 1, took 182.760836 sec
traces of hecke eigenvalues of T_{p^2} are:
12 -26 
computing eigenvalues for k = 2, took 0.535222 sec
For conductor 13:
traces of hecke eigenvalues of T_{p^1} are:
16 -30 -10 -24 -94 352 88 222 32 -204 120 -190 516 -1250 -660 1554 1502 364 -836 -990 276 1348 
computing eigenvalues for k = 1, took 328.085980 sec
traces of hecke eigenvalues of T_{p^2} are:
36 80 
computing eigenvalues for k = 2, took 0.505218 sec
traces of hecke eigenvalues of T_{p^1} are:
-11 3 -16 51 14 -110 124 -90 -25 216 -219 77 402 808 -576 -378 -1117 850 346 -612 -780 -1286 
computing eigenvalues for k = 1, took 326.677832 sec
traces of hecke eigenvalues of T_{p^2} are:
12 -106 
computing eigenvalues for k = 2, took 0.503953 sec
traces of hecke eigenvalues of T_{p^1} are:
-7 -9 -12 15 -72 72 -166 -138 -5 8 -301 349 154 646 -266 190 167 820 -540 -1426 -322 -994 
computing eigenvalues for k = 1, took 559.637826 sec
traces of hecke eigenvalues of T_{p^2} are:
-2 -18 
computing eigenvalues for k = 2, took 0.503570 sec
traces of hecke eigenvalues of T_{p^1} are:
9 -11 34 -33 34 100 -32 -36 -219 402 -209 -7 -158 -638 510 -878 -73 256 484 396 -24 1176 
computing eigenvalues for k = 1, took 557.166055 sec
traces of hecke eigenvalues of T_{p^2} are:
-30 -56 
computing eigenvalues for k = 2, took 0.505656 sec
traces of hecke eigenvalues of T_{p^1} are:
1 -9 -10 -177 134 76 88 36 365 42 -267 515 834 -1250 -1026 750 437 -512 -836 -492 1344 2512 
computing eigenvalues for k = 1, took 325.700054 sec
traces of hecke eigenvalues of T_{p^2} are:
18 32 
computing eigenvalues for k = 2, took 0.500567 sec
traces of hecke eigenvalues of T_{p^1} are:
1 -15 14 135 -10 -20 -20 -336 -55 54 135 -175 -150 490 -66 450 -121 -440 700 840 1500 -1460 
computing eigenvalues for k = 1, took 323.031938 sec
traces of hecke eigenvalues of T_{p^2} are:
-30 20 
computing eigenvalues for k = 2, took 0.497507 sec
For conductor 26:
traces of hecke eigenvalues of T_{p^1} are:
28 14 -66 32 -88 14 460 734 -138 -222 962 -360 -560 -1754 554 792 -1192 -126 2982 -2280 152 -3766 
computing eigenvalues for k = 1, took 120.349446 sec
traces of hecke eigenvalues of T_{p^2} are:
-54 -138 
computing eigenvalues for k = 2, took 0.530218 sec
traces of hecke eigenvalues of T_{p^1} are:
-23 15 10 -105 30 80 32 120 -47 110 -235 55 -174 -70 -150 -570 1225 164 680 -900 888 -836 
computing eigenvalues for k = 1, took 121.602353 sec
traces of hecke eigenvalues of T_{p^2} are:
38 28 
computing eigenvalues for k = 2, took 0.538053 sec
traces of hecke eigenvalues of T_{p^1} are:
9 -11 34 -33 34 100 -32 -36 -219 402 -209 -7 -158 -638 510 -878 -73 256 484 396 -24 1176 
computing eigenvalues for k = 1, took 121.030527 sec
traces of hecke eigenvalues of T_{p^2} are:
-30 -56 
computing eigenvalues for k = 2, took 0.525687 sec
traces of hecke eigenvalues of T_{p^1} are:
14 64 170 228 452 604 1112 916 1748 1386 1816 2162 2412 2686 3672 5464 4274 4432 6672 6498 6558 8944 
computing eigenvalues for k = 1, took 120.240560 sec
traces of hecke eigenvalues of T_{p^2} are:
-72 112 
computing eigenvalues for k = 2, took 0.529292 sec
traces of hecke eigenvalues of T_{p^1} are:
-7 31 -66 -1 158 -148 256 -36 -51 -198 -163 1139 394 -1258 62 54 373 -576 -972 236 1248 880 
computing eigenvalues for k = 1, took 120.423493 sec
traces of hecke eigenvalues of T_{p^2} are:
26 72 
computing eigenvalues for k = 2, took 0.537511 sec
traces of hecke eigenvalues of T_{p^1} are:
41 37 170 255 290 604 680 700 965 2034 1519 2297 3330 3010 4374 4762 5975 5080 6780 6444 8880 9160 
computing eigenvalues for k = 1, took 120.701235 sec
traces of hecke eigenvalues of T_{p^2} are:
90 -104 
computing eigenvalues for k = 2, took 0.542560 sec
traces of hecke eigenvalues of T_{p^1} are:
-2 -12 46 -36 0 68 56 96 -140 -694 32 -74 708 -670 648 -108 -338 -160 -664 174 270 -224 
computing eigenvalues for k = 1, took 121.386351 sec
traces of hecke eigenvalues of T_{p^2} are:
-40 -80 
computing eigenvalues for k = 2, took 0.539532 sec
traces of hecke eigenvalues of T_{p^1} are:
16 -30 -10 -24 -94 352 88 222 32 -204 120 -190 516 -1250 -660 1554 1502 364 -836 -990 276 1348 
computing eigenvalues for k = 1, took 121.957859 sec
traces of hecke eigenvalues of T_{p^2} are:
36 80 
computing eigenvalues for k = 2, took 0.527492 sec
traces of hecke eigenvalues of T_{p^1} are:
34 52 130 300 416 572 856 1144 1148 1806 2080 2002 3228 2990 3768 4108 4186 5656 4992 6786 7674 10120 
computing eigenvalues for k = 1, took 120.291948 sec
traces of hecke eigenvalues of T_{p^2} are:
48 16 
computing eigenvalues for k = 2, took 0.527837 sec
traces of hecke eigenvalues of T_{p^1} are:
56 116 292 576 804 1096 1536 1820 2144 3344 3512 4572 5016 6900 6496 8692 10660 10392 13312 13820 16160 18824 
computing eigenvalues for k = 1, took 120.581664 sec
traces of hecke eigenvalues of T_{p^2} are:
24 128 
computing eigenvalues for k = 2, took 0.527348 sec
traces of hecke eigenvalues of T_{p^1} are:
84 104 228 600 640 1032 1824 1616 2968 3228 3680 5172 4488 7548 6912 9368 10980 9680 12960 13284 13908 18896 
computing eigenvalues for k = 1, took 120.534025 sec
traces of hecke eigenvalues of T_{p^2} are:
192 32 
computing eigenvalues for k = 2, took 0.536245 sec
traces of hecke eigenvalues of T_{p^1} are:
57 87 208 599 636 932 1936 1906 2973 3678 3919 4275 6390 7216 7418 9108 9661 9324 11744 15846 15748 16852 
computing eigenvalues for k = 1, took 120.666520 sec
traces of hecke eigenvalues of T_{p^2} are:
30 -104 
computing eigenvalues for k = 2, took 0.529818 sec
traces of hecke eigenvalues of T_{p^1} are:
57 121 184 631 844 908 1696 2070 3021 3214 3497 4077 5606 7448 6506 9044 10355 11260 13648 11986 15300 18084 
computing eigenvalues for k = 1, took 120.679790 sec
traces of hecke eigenvalues of T_{p^2} are:
30 168 
computing eigenvalues for k = 2, took 0.528343 sec
traces of hecke eigenvalues of T_{p^1} are:
-21 11 -26 -121 62 14 -100 -138 171 -46 -23 -57 -170 410 2000 346 -379 -638 1058 -326 -534 1410 
computing eigenvalues for k = 1, took 121.187021 sec
traces of hecke eigenvalues of T_{p^2} are:
36 -114 
computing eigenvalues for k = 2, took 0.524158 sec
traces of hecke eigenvalues of T_{p^1} are:
2 -20 -66 -38 232 -274 268 50 508 -18 320 -610 -76 326 1278 1200 -718 -446 -138 -2068 -2040 10 
computing eigenvalues for k = 1, took 120.664574 sec
traces of hecke eigenvalues of T_{p^2} are:
6 -66 
computing eigenvalues for k = 2, took 0.525408 sec
traces of hecke eigenvalues of T_{p^1} are:
-15 -5 -50 63 -2 124 -176 -156 -147 -54 73 -169 154 1078 174 406 -487 256 -92 804 -864 1056 
computing eigenvalues for k = 1, took 120.472251 sec
traces of hecke eigenvalues of T_{p^2} are:
-6 -8 
computing eigenvalues for k = 2, took 0.524444 sec
traces of hecke eigenvalues of T_{p^1} are:
-15 -13 18 7 86 80 -288 64 -15 -18 369 -205 -398 18 122 110 -107 20 472 1020 -1336 220 
computing eigenvalues for k = 1, took 121.436356 sec
traces of hecke eigenvalues of T_{p^2} are:
6 -36 
computing eigenvalues for k = 2, took 0.525548 sec
traces of hecke eigenvalues of T_{p^1} are:
-6 0 0 30 0 0 -96 0 426 -300 0 0 372 0 540 0 0 48 0 0 -384 -1152 
computing eigenvalues for k = 1, took 120.587352 sec
traces of hecke eigenvalues of T_{p^2} are:
-44 -64 
computing eigenvalues for k = 2, took 0.527275 sec
traces of hecke eigenvalues of T_{p^1} are:
10 24 182 276 260 532 952 948 1100 1830 1536 2078 3060 3634 3720 4416 4334 5464 5224 6510 9234 10120 
computing eigenvalues for k = 1, took 120.181059 sec
traces of hecke eigenvalues of T_{p^2} are:
-96 -208 
computing eigenvalues for k = 2, took 0.535082 sec
traces of hecke eigenvalues of T_{p^1} are:
60 120 204 504 544 888 1632 2064 2920 3396 3792 4284 6264 6228 7872 8808 9996 12224 13136 15180 14604 19616 
computing eigenvalues for k = 1, took 119.682497 sec
traces of hecke eigenvalues of T_{p^2} are:
48 160 
computing eigenvalues for k = 2, took 0.519551 sec
traces of hecke eigenvalues of T_{p^1} are:
17 67 134 255 230 556 752 1108 1469 1434 2185 2591 2154 2974 4686 4174 5105 5920 6420 8412 9264 10768 
computing eigenvalues for k = 1, took 121.081083 sec
traces of hecke eigenvalues of T_{p^2} are:
-54 136 
computing eigenvalues for k = 2, took 0.528926 sec
traces of hecke eigenvalues of T_{p^1} are:
17 45 130 255 530 548 752 876 1469 1434 1599 1921 2154 4106 4686 4938 5119 5920 6220 5532 9264 10768 
computing eigenvalues for k = 1, took 129.983735 sec
traces of hecke eigenvalues of T_{p^2} are:
-54 -40 
computing eigenvalues for k = 2, took 0.517724 sec
traces of hecke eigenvalues of T_{p^1} are:
-11 39 -20 3 -18 14 -28 -54 -197 116 161 157 522 -364 -108 774 259 -58 -178 708 -372 334 
computing eigenvalues for k = 1, took 120.275384 sec
traces of hecke eigenvalues of T_{p^2} are:
8 82 
computing eigenvalues for k = 2, took 0.524242 sec
traces of hecke eigenvalues of T_{p^1} are:
-11 3 -16 51 14 -110 124 -90 -25 216 -219 77 402 808 -576 -378 -1117 850 346 -612 -780 -1286 
computing eigenvalues for k = 1, took 120.016091 sec
traces of hecke eigenvalues of T_{p^2} are:
12 -106 
computing eigenvalues for k = 2, took 0.517763 sec
traces of hecke eigenvalues of T_{p^1} are:
1 33 -62 15 114 20 8 -36 253 122 -133 -59 -174 314 -786 -438 -29 -16 -748 276 -384 1792 
computing eigenvalues for k = 1, took 119.737009 sec
traces of hecke eigenvalues of T_{p^2} are:
-46 64 
computing eigenvalues for k = 2, took 0.533056 sec
traces of hecke eigenvalues of T_{p^1} are:
1 -15 14 135 -10 -20 -20 -336 -55 54 135 -175 -150 490 -66 450 -121 -440 700 840 1500 -1460 
computing eigenvalues for k = 1, took 120.228451 sec
traces of hecke eigenvalues of T_{p^2} are:
-30 20 
computing eigenvalues for k = 2, took 0.528339 sec
traces of hecke eigenvalues of T_{p^1} are:
1 19 64 -41 -68 -176 -90 -22 15 332 -21 165 -622 174 -170 -578 391 -548 -244 10 722 770 
computing eigenvalues for k = 1, took 120.492994 sec
traces of hecke eigenvalues of T_{p^2} are:
-18 -6 
computing eigenvalues for k = 2, took 0.525407 sec
traces of hecke eigenvalues of T_{p^1} are:
1 19 -10 -177 -18 260 -144 -212 661 370 -95 327 -438 -306 -538 1286 1289 72 428 -1820 -80 184 
computing eigenvalues for k = 1, took 120.125634 sec
traces of hecke eigenvalues of T_{p^2} are:
18 -32 
computing eigenvalues for k = 2, took 0.526074 sec
traces of hecke eigenvalues of T_{p^1} are:
1 -9 -10 -177 134 76 88 36 365 42 -267 515 834 -1250 -1026 750 437 -512 -836 -492 1344 2512 
computing eigenvalues for k = 1, took 121.107454 sec
traces of hecke eigenvalues of T_{p^2} are:
18 32 
computing eigenvalues for k = 2, took 0.530268 sec
For conductor 39:
traces of hecke eigenvalues of T_{p^1} are:
-8 -6 14 120 -214 256 -176 294 -448 -156 624 338 732 -1274 300 1002 350 172 196 -1686 -1164 -860 
computing eigenvalues for k = 1, took 178.583083 sec
traces of hecke eigenvalues of T_{p^2} are:
-12 32 
computing eigenvalues for k = 2, took 0.520589 sec
traces of hecke eigenvalues of T_{p^1} are:
-3 1 -32 51 -158 142 340 -222 -9 -24 -41 95 -638 -416 -600 994 425 -566 94 -180 12 -390 
computing eigenvalues for k = 1, took 177.053594 sec
traces of hecke eigenvalues of T_{p^2} are:
-60 -50 
computing eigenvalues for k = 2, took 0.525023 sec
traces of hecke eigenvalues of T_{p^1} are:
8 -6 -34 24 -62 -16 24 -90 208 332 144 498 324 -42 -724 -190 -82 -36 -820 490 -100 -1004 
computing eigenvalues for k = 1, took 177.977369 sec
traces of hecke eigenvalues of T_{p^2} are:
-12 -16 
computing eigenvalues for k = 2, took 0.523086 sec
traces of hecke eigenvalues of T_{p^1} are:
-23 15 14 -33 14 -20 -176 108 -115 90 237 1043 1050 -1274 -66 198 -715 -704 196 -1188 -96 304 
computing eigenvalues for k = 1, took 185.543057 sec
traces of hecke eigenvalues of T_{p^2} are:
42 56 
computing eigenvalues for k = 2, took 0.525661 sec
traces of hecke eigenvalues of T_{p^1} are:
1 -3 38 -105 26 40 304 24 -199 -42 -177 197 402 310 114 -126 515 28 -560 -1452 504 -1772 
computing eigenvalues for k = 1, took 177.072266 sec
traces of hecke eigenvalues of T_{p^2} are:
-18 -76 
computing eigenvalues for k = 2, took 0.520027 sec
traces of hecke eigenvalues of T_{p^1} are:
-6 -32 10 36 -44 76 -80 -156 156 -18 -296 26 556 -194 504 -680 266 232 352 162 138 -2136 
computing eigenvalues for k = 1, took 176.366163 sec
traces of hecke eigenvalues of T_{p^2} are:
0 64 
computing eigenvalues for k = 2, took 0.520917 sec
traces of hecke eigenvalues of T_{p^1} are:
-11 3 -16 3 68 100 -38 138 -37 36 3 -355 -438 274 -618 -762 455 -248 628 66 -222 34 
computing eigenvalues for k = 1, took 177.349111 sec
traces of hecke eigenvalues of T_{p^2} are:
18 -46 
computing eigenvalues for k = 2, took 0.529559 sec
traces of hecke eigenvalues of T_{p^1} are:
56 108 236 576 716 1112 1536 2148 2144 3344 4056 4452 5016 7260 6496 9532 9788 10392 11968 14068 16160 18824 
computing eigenvalues for k = 1, took 178.251378 sec
traces of hecke eigenvalues of T_{p^2} are:
24 64 
computing eigenvalues for k = 2, took 0.527552 sec
traces of hecke eigenvalues of T_{p^1} are:
-2 -6 94 -6 92 -114 -116 90 -520 310 -150 576 36 846 -246 -332 1184 1430 -1106 -96 -252 270 
computing eigenvalues for k = 1, took 177.913354 sec
traces of hecke eigenvalues of T_{p^2} are:
-30 -54 
computing eigenvalues for k = 2, took 0.526225 sec
traces of hecke eigenvalues of T_{p^1} are:
23 -7 30 63 -266 -42 20 34 -41 362 -97 13 326 698 284 138 -313 -794 714 1070 -658 -2018 
computing eigenvalues for k = 1, took 177.823972 sec
traces of hecke eigenvalues of T_{p^2} are:
0 -46 
computing eigenvalues for k = 2, took 0.517298 sec
traces of hecke eigenvalues of T_{p^1} are:
56 92 204 528 700 1032 1616 1876 2848 3392 3752 4084 6104 5660 8576 8268 9356 10744 12912 12692 16592 19720 
computing eigenvalues for k = 1, took 177.763722 sec
traces of hecke eigenvalues of T_{p^2} are:
24 -64 
computing eigenvalues for k = 2, took 0.526480 sec
traces of hecke eigenvalues of T_{p^1} are:
56 92 284 544 732 984 1728 1524 3040 3536 3352 3796 5368 6924 7360 8908 10828 11288 10880 14212 16096 19016 
computing eigenvalues for k = 1, took 177.161008 sec
traces of hecke eigenvalues of T_{p^2} are:
24 -64 
computing eigenvalues for k = 2, took 0.527018 sec
traces of hecke eigenvalues of T_{p^1} are:
-1 -25 -24 -71 16 48 -162 354 669 -120 -853 -183 -122 430 254 422 -965 1468 0 -634 -1450 1882 
computing eigenvalues for k = 1, took 178.222926 sec
traces of hecke eigenvalues of T_{p^2} are:
-62 66 
computing eigenvalues for k = 2, took 0.515725 sec
traces of hecke eigenvalues of T_{p^1} are:
23 -9 -12 25 10 66 96 -62 -95 276 -211 -251 -426 576 -280 -682 1243 -1210 162 -216 -184 -1086 
computing eigenvalues for k = 1, took 177.602252 sec
traces of hecke eigenvalues of T_{p^2} are:
20 -34 
computing eigenvalues for k = 2, took 0.529232 sec
traces of hecke eigenvalues of T_{p^1} are:
9 -11 34 -33 34 100 -32 -36 -219 402 -209 -7 -158 -638 510 -878 -73 256 484 396 -24 1176 
computing eigenvalues for k = 1, took 178.185796 sec
traces of hecke eigenvalues of T_{p^2} are:
-30 -56 
computing eigenvalues for k = 2, took 0.514107 sec
traces of hecke eigenvalues of T_{p^1} are:
9 -17 -50 31 206 -84 -80 204 141 282 -211 851 506 6 -706 -570 501 -1728 -348 -1508 288 2224 
computing eigenvalues for k = 1, took 177.984160 sec
traces of hecke eigenvalues of T_{p^2} are:
10 24 
computing eigenvalues for k = 2, took 0.526140 sec
traces of hecke eigenvalues of T_{p^1} are:
14 48 94 228 308 500 1112 1068 1748 1386 1968 2350 2412 4394 3672 3648 5950 4432 5968 7446 6558 8944 
computing eigenvalues for k = 1, took 328.596282 sec
traces of hecke eigenvalues of T_{p^2} are:
-72 -16 
computing eigenvalues for k = 2, took 0.516500 sec
traces of hecke eigenvalues of T_{p^1} are:
-4 -48 44 168 -88 -72 512 72 -472 260 240 -1620 -696 1572 1344 160 -1172 1184 1312 -804 3564 -1344 
computing eigenvalues for k = 1, took 177.165322 sec
traces of hecke eigenvalues of T_{p^2} are:
48 96 
computing eigenvalues for k = 2, took 0.525924 sec
traces of hecke eigenvalues of T_{p^1} are:
-4 48 -132 168 88 -296 512 -568 -472 260 448 492 -696 -1100 1344 912 1740 1184 -1312 140 3564 -1344 
computing eigenvalues for k = 1, took 177.361444 sec
traces of hecke eigenvalues of T_{p^2} are:
48 96 
computing eigenvalues for k = 2, took 0.521280 sec
For conductor 78:
traces of hecke eigenvalues of T_{p^1} are:
-7 31 -66 -1 158 -148 256 -36 -51 -198 -163 1139 394 -1258 62 54 373 -576 -972 236 1248 880 
computing eigenvalues for k = 1, took 325.716985 sec
traces of hecke eigenvalues of T_{p^2} are:
26 72 
computing eigenvalues for k = 2, took 0.499252 sec
traces of hecke eigenvalues of T_{p^1} are:
-11 3 -16 3 68 100 -38 138 -37 36 3 -355 -438 274 -618 -762 455 -248 628 66 -222 34 
computing eigenvalues for k = 1, took 324.685325 sec
traces of hecke eigenvalues of T_{p^2} are:
18 -46 
computing eigenvalues for k = 2, took 0.497539 sec
traces of hecke eigenvalues of T_{p^1} are:
-15 -5 -50 63 -2 124 -176 -156 -147 -54 73 -169 154 1078 174 406 -487 256 -92 804 -864 1056 
computing eigenvalues for k = 1, took 322.955818 sec
traces of hecke eigenvalues of T_{p^2} are:
-6 -8 
computing eigenvalues for k = 2, took 0.502934 sec
traces of hecke eigenvalues of T_{p^1} are:
9 -11 34 -33 34 100 -32 -36 -219 402 -209 -7 -158 -638 510 -878 -73 256 484 396 -24 1176 
computing eigenvalues for k = 1, took 323.155869 sec
traces of hecke eigenvalues of T_{p^2} are:
-30 -56 
computing eigenvalues for k = 2, took 0.494545 sec
traces of hecke eigenvalues of T_{p^1} are:
-4 48 -132 168 88 -296 512 -568 -472 260 448 492 -696 -1100 1344 912 1740 1184 -1312 140 3564 -1344 
computing eigenvalues for k = 1, took 300.381667 sec
traces of hecke eigenvalues of T_{p^2} are:
48 96 
computing eigenvalues for k = 2, took 0.331658 sec
traces of hecke eigenvalues of T_{p^1} are:
-1 -25 -24 -71 16 48 -162 354 669 -120 -853 -183 -122 430 254 422 -965 1468 0 -634 -1450 1882 
computing eigenvalues for k = 1, took 296.746628 sec
traces of hecke eigenvalues of T_{p^2} are:
-62 66 
computing eigenvalues for k = 2, took 0.492439 sec
traces of hecke eigenvalues of T_{p^1} are:
-6 0 0 30 0 0 -96 0 426 -300 0 0 372 0 540 0 0 48 0 0 -384 -1152 
computing eigenvalues for k = 1, took 268.288628 sec
traces of hecke eigenvalues of T_{p^2} are:
-44 -64 
computing eigenvalues for k = 2, took 0.484065 sec
traces of hecke eigenvalues of T_{p^1} are:
-23 15 14 -33 14 -20 -176 108 -115 90 237 1043 1050 -1274 -66 198 -715 -704 196 -1188 -96 304 
computing eigenvalues for k = 1, took 304.592825 sec
traces of hecke eigenvalues of T_{p^2} are:
42 56 
computing eigenvalues for k = 2, took 0.332030 sec
traces of hecke eigenvalues of T_{p^1} are:
-23 -15 -10 -105 -30 -80 32 -120 -47 110 235 -55 -174 70 -150 570 -1225 164 -680 900 888 -836 
computing eigenvalues for k = 1, took 246.260351 sec
traces of hecke eigenvalues of T_{p^2} are:
38 28 
computing eigenvalues for k = 2, took 0.326381 sec
