constructing eigenvector for poly
x
constructing eigenvector for poly
x-40
constructing eigenvector for poly
x^2+9*x-9
constructing eigenvector for poly
x^9-109*x^8+5143*x^7-137564*x^6+2293260*x^5-24649057*x^4+170438589*x^3-729807650*x^2+1754472295*x-1804514901
constructing eigenvector for poly
x^15-167*x^14+12804*x^13-597405*x^12+18953516*x^11-432713492*x^10+7336214388*x^9-93944776555*x^8+914968988168*x^7-6767921868818*x^6+37650325622272*x^5-154417625879419*x^4+451046821392215*x^3-883682147671149*x^2+1035358826683696*x-544923867689488
constructing eigenvector for poly
x^13-9*x^12-113*x^11+896*x^10+3088*x^9-23148*x^8-40120*x^7+248638*x^6+283966*x^5-1147091*x^4-929220*x^3+1730549*x^2+422079*x-402633
constructing eigenvector for poly
x
constructing eigenvector for poly
x^2+9*x-9
constructing eigenvector for poly
x+10
constructing eigenvector for poly
x+10
constructing eigenvector for poly
x^9-95*x^8+3897*x^7-90308*x^6+1297720*x^5-11931633*x^4+69739995*x^3-247868980*x^2+481763821*x-388394563
constructing eigenvector for poly
x^15+34*x^14+415*x^13+1760*x^12-5377*x^11-77510*x^10-230218*x^9+171144*x^8+2506416*x^7+5436955*x^6+2465533*x^5-7832118*x^4-13749132*x^3-8470945*x^2-1550114*x+208655
computing eigenvectors took 0.311575 sec
For conductor 1, eigenvectors are:
0 -16 -32 0 0 24 0 8 -8 6 0 -24 6 6 4 0 4 4 -8 0 -8 4 -4 8 0 16 -4 12 -6 2 4 8 -4 -10 -2 2 12 6 -6 -14 -1 over Number field with defining polynomial x
-1 -1 -1 -1 -1 -1 -1 -1 -1 -1 -1 -1 -1 -1 -1 -1 -1 -1 -1 -1 -1 -1 -1 -1 -1 -1 -1 -1 -1 -1 -1 -1 -1 -1 -1 -1 -1 -1 -1 -1 -1 over Number field with defining polynomial x-40
0 8*a+96 -8*a-96 0 0 6*a+72 12*a+90 -4*a-48 -4*a-12 -3*a-36 0 3*a+36 -3*a-36 -3*a-36 2*a+6 -4*a-30 -2*a-24 4*a+48 -6*a-54 4*a+30 -6*a-54 -2*a-24 6*a+54 6*a+54 -4*a-30 -2*a-24 2*a+24 0 0 2*a+24 -a-3 9 a+3 4*a+39 -4*a-39 -a-12 2*a+15 -2*a-15 3*a+36 -9 -a-12 over Number field with defining polynomial x^2+9*x-9
0 -8*a^7 + 680*a^6 - 24176*a^5 + 465492*a^4 - 5232472*a^3 + 34245244*a^2 - 120361792*a + 174212988 -16*a^7 + 1268*a^6 - 41508*a^5 + 725712*a^4 - 7297844*a^3 + 42091344*a^2 - 128647124*a + 160758956 a^8 - 113*a^7 + 5370*a^6 - 140094*a^5 + 2191399*a^4 - 21000364*a^3 + 120076262*a^2 - 373585365*a + 483707891 3*a^8 - 278*a^7 + 10968*a^6 - 240456*a^5 + 3202427*a^4 - 26532422*a^3 + 133638528*a^2 - 374506922*a + 447126049 -9*a^7 + 651*a^6 - 19028*a^5 + 288998*a^4 - 2439570*a^3 + 11319742*a^2 - 26347339*a + 23096817 -5*a^8 + 484*a^7 - 19935*a^6 + 455276*a^5 - 6289973*a^4 + 53689278*a^3 - 275773700*a^2 + 777573252*a - 920524572 4*a^8 - 380*a^7 + 15320*a^6 - 341748*a^5 + 4607576*a^4 - 38427572*a^3 + 193724756*a^2 - 540522392*a + 639792320 40*a^6 - 2892*a^5 + 83656*a^4 - 1235676*a^3 + 9794280*a^2 - 39355052*a + 62430416 -6*a^7 + 518*a^6 - 18671*a^5 + 363103*a^4 - 4098989*a^3 + 26739745*a^2 - 92895623*a + 132096065 -2*a^8 + 198*a^7 - 8289*a^6 + 191144*a^5 - 2648234*a^4 + 22509936*a^3 - 114333344*a^2 + 316611562*a - 365830497 -a^8 + 83*a^7 - 2784*a^6 + 47411*a^5 - 406512*a^4 + 1125217*a^3 + 7396011*a^2 - 60934430*a + 122302084 2*a^8 - 180*a^7 + 6763*a^6 - 137435*a^5 + 1634865*a^4 - 11493031*a^3 + 45684497*a^2 - 90613173*a + 62917516 a^7 - 42*a^6 - 111*a^5 + 33589*a^4 - 726685*a^3 + 6939945*a^2 - 31474524*a + 54589817 -a^8 + 113*a^7 - 5390*a^6 + 141540*a^5 - 2233227*a^4 + 21618202*a^3 - 124973402*a^2 + 393262891*a - 514923099 -2*a^8 + 185*a^7 - 7217*a^6 + 154359*a^5 - 1968270*a^4 + 15211041*a^3 - 68936230*a^2 + 165482596*a - 158598601 10*a^7 - 908*a^6 + 34116*a^5 - 684667*a^4 + 7890176*a^3 - 51977475*a^2 + 180612778*a - 255097211 3*a^8 - 277*a^7 + 10789*a^6 - 230655*a^5 + 2948408*a^4 - 22985695*a^3 + 106389579*a^2 - 266797404*a + 277437361 a^8 - 86*a^7 + 3067*a^6 - 58432*a^5 + 635022*a^4 - 3836766*a^3 + 10938613*a^2 - 4265914*a - 28333999 4*a^8 - 385*a^7 + 15785*a^6 - 359349*a^5 + 4956725*a^4 - 42315003*a^3 + 217776083*a^2 - 616356570*a + 733591972 -a^8 + 99*a^7 - 4155*a^6 + 96388*a^5 - 1349790*a^4 + 11671732*a^3 - 60825571*a^2 + 174630723*a - 211465577 2*a^7 - 170*a^6 + 6044*a^5 - 116373*a^4 + 1308118*a^3 - 8561311*a^2 + 30090448*a - 43553247 -2*a^8 + 176*a^7 - 6400*a^6 + 123815*a^5 - 1361981*a^4 + 8352021*a^3 - 24989453*a^2 + 18537461*a + 39309547 a^8 - 99*a^7 + 4155*a^6 - 96388*a^5 + 1349790*a^4 - 11671732*a^3 + 60825571*a^2 - 174630723*a + 211465577 -3*a^8 + 289*a^7 - 11830*a^6 + 268247*a^5 - 3678864*a^4 + 31205899*a^3 - 159757135*a^2 + 451155404*a - 538043968 a^8 - 111*a^7 + 5232*a^6 - 136520*a^5 + 2151778*a^4 - 20918560*a^3 + 122096739*a^2 - 389928911*a + 520164068 2*a^8 - 191*a^7 + 7727*a^6 - 172491*a^5 + 2317389*a^4 - 19135395*a^3 + 94620163*a^2 - 255753940*a + 289258342 -3*a^7 + 300*a^6 - 12103*a^5 + 255286*a^4 - 3033813*a^3 + 20248766*a^2 - 70138004*a + 97472400 a^7 - 130*a^6 + 6176*a^5 - 145993*a^4 + 1890968*a^3 - 13530775*a^2 + 49750777*a - 72934485 4*a^7 - 345*a^6 + 12370*a^5 - 238108*a^4 + 2646692*a^3 - 16923212*a^2 + 57470638*a - 79843285 3*a^8 - 289*a^7 + 11810*a^6 - 266801*a^5 + 3637036*a^4 - 30588061*a^3 + 154859995*a^2 - 431477878*a + 506828760 -2*a^8 + 192*a^7 - 7852*a^6 + 178399*a^5 - 2459379*a^4 + 21039897*a^3 - 108981741*a^2 + 312282267*a - 378705845 a^8 - 99*a^7 + 4170*a^6 - 97373*a^5 + 1375076*a^4 - 11992113*a^3 + 62894757*a^2 - 180894208*a + 218147808 2*a^7 - 184*a^6 + 6978*a^5 - 140739*a^4 + 1621718*a^3 - 10616127*a^2 + 36389740*a - 50371347 -6*a^7 + 486*a^6 - 16370*a^5 + 296881*a^4 - 3125798*a^3 + 19069777*a^2 - 62288036*a + 83878855 -2*a^8 + 184*a^7 - 7156*a^6 + 153254*a^5 - 1972131*a^4 + 15593670*a^3 - 74020769*a^2 + 193368086*a - 213633527 -2*a^8 + 192*a^7 - 7824*a^6 + 176406*a^5 - 2402699*a^4 + 20217666*a^3 - 102581365*a^2 + 286973410*a - 339052299 4*a^7 - 289*a^6 + 8384*a^5 - 124748*a^4 + 1002230*a^3 - 4122460*a^2 + 6852924*a - 536193 6*a^7 - 504*a^6 + 17620*a^5 - 331657*a^4 + 3620116*a^3 - 22841609*a^2 + 76893110*a - 106262633 4*a^7 - 317*a^6 + 10377*a^5 - 181428*a^4 + 1824461*a^3 - 10522836*a^2 + 32161781*a - 40189739 -2*a^7 + 164*a^6 - 5532*a^5 + 98911*a^4 - 1003880*a^3 + 5718987*a^2 - 16712214*a + 19156139 over Number field with defining polynomial x^9-109*x^8+5143*x^7-137564*x^6+2293260*x^5-24649057*x^4+170438589*x^3-729807650*x^2+1754472295*x-1804514901
a vector of length 41 over Number field with defining polynomial a number field of degree 15
a vector of length 41 over Number field with defining polynomial a number field of degree 13
For conductor 2, eigenvectors are:
0 -2 1 over Number field with defining polynomial x
9 a+6 a+6 over Number field with defining polynomial x^2+9*x-9
For conductor 167, eigenvectors are:
1 over Number field with defining polynomial x+10
For conductor 334, eigenvectors are:
0 0 -6 0 0 6 -6 4 0 0 4 0 4 -4 2 2 0 0 -2 -2 2 0 2 -2 -1 over Number field with defining polynomial x+10
-30*a^7 + 2246*a^6 - 70064*a^5 + 1176573*a^4 - 11431607*a^3 + 63786756*a^2 - 186897521*a + 216587257 -8*a^7 + 612*a^6 - 19548*a^5 + 336890*a^4 - 3367363*a^3 + 19375347*a^2 - 58655115*a + 70279450 2*a^7 - 148*a^6 + 4599*a^5 - 77710*a^4 + 768773*a^3 - 4425246*a^2 + 13563875*a - 16687150 -a^8 + 88*a^7 - 3319*a^6 + 69919*a^5 - 897049*a^4 + 7144510*a^3 - 34247001*a^2 + 89232588*a - 94545780 -a^8 + 86*a^7 - 3164*a^6 + 64939*a^5 - 811370*a^4 + 6296997*a^3 - 29474421*a^2 + 75320679*a - 78961690 -a^8 + 85*a^7 - 3083*a^6 + 62180*a^5 - 760420*a^4 + 5749863*a^3 - 26091757*a^2 + 64356303*a - 65050330 a^7 - 65*a^6 + 1717*a^5 - 23549*a^4 + 176625*a^3 - 690313*a^2 + 1163824*a - 441940 a^8 - 83*a^7 + 2948*a^6 - 58415*a^5 + 704329*a^4 - 5269579*a^3 + 23739401*a^2 - 58280077*a + 58649670 a^7 - 68*a^6 + 1925*a^5 - 29331*a^4 + 258645*a^3 - 1309774*a^2 + 3476727*a - 3624870 -2*a^7 + 159*a^6 - 5256*a^5 + 93243*a^4 - 952491*a^3 + 5541612*a^2 - 16656205*a + 19061850 3*a^7 - 213*a^6 + 6316*a^5 - 101259*a^4 + 945398*a^3 - 5115559*a^2 + 14727699*a - 17129090 -4*a^7 + 311*a^6 - 10092*a^5 + 176712*a^4 - 1796091*a^3 + 10529790*a^2 - 32615006*a + 40342060 2*a^7 - 155*a^6 + 5034*a^5 - 88554*a^4 + 907270*a^3 - 5376835*a^2 + 16871553*a - 21162030 -a^8 + 87*a^7 - 3238*a^6 + 67214*a^5 - 848974*a^4 + 6657133*a^3 - 31468592*a^2 + 81227856*a - 86212360 a^8 - 84*a^7 + 3018*a^6 - 60463*a^5 + 736871*a^4 - 5573238*a^3 + 25401444*a^2 - 63192479*a + 64608390 -a^8 + 85*a^7 - 3096*a^6 + 63014*a^5 - 782039*a^4 + 6038352*a^3 - 28164647*a^2 + 71843952*a - 75336820 -4*a^7 + 294*a^6 - 9021*a^5 + 149334*a^4 - 1432775*a^3 + 7893968*a^2 - 22732431*a + 25462510 4*a^7 - 301*a^6 + 9456*a^5 - 160178*a^4 + 1571272*a^3 - 8845557*a^2 + 26040109*a - 29937390 2*a^7 - 135*a^6 + 3765*a^5 - 56091*a^4 + 480284*a^3 - 2352356*a^2 + 6076226*a - 6400660 -7*a^6 + 435*a^5 - 10844*a^4 + 138497*a^3 - 951589*a^2 + 3307678*a - 4474880 -a^8 + 84*a^7 - 3025*a^6 + 60898*a^5 - 747715*a^4 + 5711735*a^3 - 26353033*a^2 + 66500157*a - 69083270 2*a^7 - 146*a^6 + 4476*a^5 - 74499*a^4 + 723759*a^3 - 4072977*a^2 + 12128200*a - 14353300 2*a^7 - 142*a^6 + 4200*a^5 - 66935*a^4 + 618781*a^3 - 3303945*a^2 + 9383904*a - 10875540 a^7 - 77*a^6 + 2483*a^5 - 43386*a^4 + 442156*a^3 - 2613632*a^2 + 8220080*a - 10433600 a^7 - 78*a^6 + 2551*a^5 - 45168*a^4 + 465114*a^3 - 2763203*a^2 + 8651473*a - 10728430 over Number field with defining polynomial x^9-95*x^8+3897*x^7-90308*x^6+1297720*x^5-11931633*x^4+69739995*x^3-247868980*x^2+481763821*x-388394563
a vector of length 25 over Number field with defining polynomial a number field of degree 15
For conductor 1:
traces of hecke eigenvalues of T_{p^1} are:
0 -2 2 -14 -34 -15 16 155 40 -152 -166 174 566 -86 -6 600 280 -652 889 156 -579 -838 263 242 
computing eigenvalues for k = 1, took 20.449181 sec
traces of hecke eigenvalues of T_{p^2} are:
-17 16 7 
computing eigenvalues for k = 2, took 0.293040 sec
traces of hecke eigenvalues of T_{p^1} are:
40 156 400 1464 2380 5220 7240 12720 25260 30784 52060 70644 81400 106080 151740 208920 230764 305320 363024 394420 499360 578760 712980 922180 
computing eigenvalues for k = 1, took 21.302511 sec
traces of hecke eigenvalues of T_{p^2} are:
120 780 2800 
computing eigenvalues for k = 2, took 0.275050 sec
traces of hecke eigenvalues of T_{p^1} are:
-9 2 3 92 -41 95 -80 189 -220 -2 -112 -234 -286 286 66 -150 -124 372 293 45 -390 1918 -982 1243 
computing eigenvalues for k = 1, took 20.765304 sec
traces of hecke eigenvalues of T_{p^2} are:
12 -28 -56 
computing eigenvalues for k = 2, took 0.301650 sec
traces of hecke eigenvalues of T_{p^1} are:
109 260 518 1072 1607 2586 3447 4865 7437 8723 12849 14794 17071 19315 24249 30560 32646 40921 43253 46950 55068 59891 70861 86840 
computing eigenvalues for k = 1, took 20.942491 sec
traces of hecke eigenvalues of T_{p^2} are:
76 156 544 
computing eigenvalues for k = 2, took 0.299256 sec
traces of hecke eigenvalues of T_{p^1} are:
167 424 755 1941 2588 4436 5485 8130 12589 14431 19636 25542 27796 33991 43208 53350 56809 66434 77616 78530 94036 107016 118739 136279 
computing eigenvalues for k = 1, took 21.560387 sec
traces of hecke eigenvalues of T_{p^2} are:
68 204 40 
computing eigenvalues for k = 2, took 0.283396 sec
traces of hecke eigenvalues of T_{p^1} are:
9 -44 62 -77 26 -280 547 148 -430 1178 117 -1013 450 -247 -1179 713 204 506 504 814 2694 -1094 402 -855 
computing eigenvalues for k = 1, took 20.808970 sec
traces of hecke eigenvalues of T_{p^2} are:
-43 -29 -114 
computing eigenvalues for k = 2, took 0.299807 sec
For conductor 2:
traces of hecke eigenvalues of T_{p^1} are:
0 -2 2 -14 -34 -15 16 155 40 -152 -166 174 566 -86 -6 600 280 -652 889 156 -579 -838 263 242 
computing eigenvalues for k = 1, took 396.271727 sec
traces of hecke eigenvalues of T_{p^2} are:
-17 16 7 
computing eigenvalues for k = 2, took 0.620224 sec
traces of hecke eigenvalues of T_{p^1} are:
-9 2 3 92 -41 95 -80 189 -220 -2 -112 -234 -286 286 66 -150 -124 372 293 45 -390 1918 -982 1243 
computing eigenvalues for k = 1, took 397.840107 sec
traces of hecke eigenvalues of T_{p^2} are:
12 -28 -56 
computing eigenvalues for k = 2, took 0.638281 sec
For conductor 167:
traces of hecke eigenvalues of T_{p^1} are:
-10 -4 -14 -22 -4 -47 -12 41 50 -504 -102 174 30 42 156 -252 472 106 -481 -744 927 -632 -297 2 
computing eigenvalues for k = 1, took 667.811728 sec
traces of hecke eigenvalues of T_{p^2} are:
11 -44 -9 
computing eigenvalues for k = 2, took 0.600694 sec
For conductor 334:
traces of hecke eigenvalues of T_{p^1} are:
-10 -4 -14 -22 -4 -47 -12 41 50 -504 -102 174 30 42 156 -252 472 106 -481 -744 927 -632 -297 2 
computing eigenvalues for k = 1, took 197.039178 sec
traces of hecke eigenvalues of T_{p^2} are:
11 -44 -9 
computing eigenvalues for k = 2, took 0.598755 sec
traces of hecke eigenvalues of T_{p^1} are:
95 240 448 1020 1535 2516 3241 4541 7321 8633 11813 14612 16689 20051 26205 31226 33840 39767 45527 49638 54894 62227 73821 88972 
computing eigenvalues for k = 1, took 158.601653 sec
traces of hecke eigenvalues of T_{p^2} are:
20 36 -16 
computing eigenvalues for k = 2, took 0.605419 sec
traces of hecke eigenvalues of T_{p^1} are:
-34 -36 -89 -157 59 29 413 -463 374 492 777 457 184 -1829 -477 -1641 2342 -812 617 245 72 -300 3126 2464 
computing eigenvalues for k = 1, took 150.963204 sec
traces of hecke eigenvalues of T_{p^2} are:
-31 -103 -106 
computing eigenvalues for k = 2, took 0.622306 sec
