constructing eigenvector for poly
x-40
constructing eigenvector for poly
x^2-13
constructing eigenvector for poly
x^2-24*x+92
constructing eigenvector for poly
x^11-2*x^10-79*x^9+160*x^8+1760*x^7-2592*x^6-15391*x^5+17662*x^4+54937*x^3-56812*x^2-64192*x+63056
constructing eigenvector for poly
x^2-26*x+169
constructing eigenvector for poly
x^2-75*x+1381
constructing eigenvector for poly
x^20-224*x^19+23594*x^18-1553268*x^17+71653293*x^16-2461099536*x^15+65279970346*x^14-1368684976648*x^13+23026963768380*x^12-313784737353948*x^11+3480429117555606*x^10-31459960123381820*x^9+231198337774193525*x^8-1372957668060966288*x^7+6519257742262710386*x^6-24351462463254272824*x^5+69814994791207030457*x^4-147912594679349216132*x^3+217613431529836305916*x^2-197990745882814912048*x+83671046916971429776
constructing eigenvector for poly
x^20-540*x^19+137340*x^18-21872384*x^17+2445945738*x^16-204132105248*x^15+13190157007392*x^14-675594726783440*x^13+27852802597180571*x^12-933183060583008492*x^11+25541538733746484828*x^10-571952676481462213856*x^9+10457475832703871647146*x^8-155221737762526699521072*x^7+1851576884613025467462704*x^6-17471160339721985195067392*x^5+127305955734558261104592785*x^4-690156058318406144248662892*x^3+2617867706381828521103437708*x^2-6192932037206983275089717744*x+6869447499957977124751075216
constructing eigenvector for poly
x^20-1054*x^19+523905*x^18-163258406*x^17+35761957348*x^16-5852081948590*x^15+742103858769623*x^14-74657293897166026*x^13+6049922065252070279*x^12-398692223212018699892*x^11+21477235601356857866600*x^10-947111689704720410439140*x^9+34120076664154291257268959*x^8-998382102763492835990352530*x^7+23488596507477603279277717199*x^6-437333819698658294022530629126*x^5+6291006354270120034427848178516*x^4-67360662294103316792561386797486*x^3+504905139132584583442464224669161*x^2-2361506709578430641371333652525094*x+5181910447743920665193854758392169
constructing eigenvector for poly
x^20-2584*x^19+3155874*x^18-2422201776*x^17+1310299927867*x^16-531033181695568*x^15+167297989914938434*x^14-41954400924852580888*x^13+8505817590374554293009*x^12-1407893589872059008660320*x^11+191297660259413094024914264*x^10-21374657765362340096156651520*x^9+1960564975671193241666349899888*x^8-146822086349735303288850459634176*x^7+8889395173558751344058138776823552*x^6-428445281425544864969941133480484864*x^5+16053375023900847093499251517534678784*x^4-450673541861477209294545966952598241280*x^3+8917957577115582536310556836887947483136*x^2-110910592111299262333972856047914015162368*x+652015641470055873240039119301486675398656
constructing eigenvector for poly
x^20-3490*x^19+5766037*x^18-5996080046*x^17+4401311390970*x^16-2423933769256506*x^15+1039172484102528421*x^14-355105497914882555138*x^13+98228508884632971599098*x^12-22210779822663636822166838*x^11+4127414549566801680413051341*x^10-631413979888615925683490371018*x^9+79375125087997082481139601144593*x^8-8154422473850650711075676820101088*x^7+677878282061653268935056271880462120*x^6-44895217246374119936235685957295435680*x^5+2313195445381700341458347707554583369072*x^4-89358153466751140214144794792330191516672*x^3+2434545289104788890130348034398265378066304*x^2-41709018536166878643508944912870667860324864*x+337920416379117438049463888899724325908799744
constructing eigenvector for poly
x^20-5318*x^19+13408047*x^18-21310432862*x^17+23946669534903*x^16-20223381603185300*x^15+13318440129875392386*x^14-7004058543631092654748*x^13+2987322309932157196585869*x^12-1043560862491514354617964114*x^11+300213818215214564839905501009*x^10-71250256105233627319588920115282*x^9+13926086361836501447823580628611085*x^8-2229433559680214156993524699264099420*x^7+289484284412713899761285148815063639234*x^6-30018641215646704646170704495701685144212*x^5+2427707702383780492300363363714315335604471*x^4-147575941051569767009352845477907864956572766*x^3+6343491562357318334149596825719942758377242479*x^2-171920533595144371224010669085982090678587485062*x+2209441067097811646230039161757661991730353184641
constructing eigenvector for poly
x^20-7258*x^19+24953189*x^18-54031955494*x^17+82640040664570*x^16-94898392433337714*x^15+84893589931003650733*x^14-60579987038584379893834*x^13+35022407392211269509343530*x^12-16564512955477236278211783934*x^11+6444474367912435839643049827733*x^10-2065976236908605033579828917847154*x^9+544783653684874931666747750140535201*x^8-117519046453086027808968546630768339168*x^7+20535699281609057644079689180594896201536*x^6-2862124545652952229078398313369934802445888*x^5+310699161153222174809327131180744673788190944*x^4-25318059999145076332500859687518849942453668864*x^3+1456907691626093612856471695441853071404549756672*x^2-52787529230407653326233033474324596604565912406528*x+905714598358465328499592696041420457825745203773696
constructing eigenvector for poly
x^6+6*x^5-45*x^4-220*x^3+855*x^2+2166*x-6859
constructing eigenvector for poly
x^6+45*x^5+750*x^4+5625*x^3+18750*x^2+28125*x+15625
constructing eigenvector for poly
x^6-78*x^5+1995*x^4-15860*x^3-21945*x^2-9438*x-1331
constructing eigenvector for poly
x^6+27*x^5+210*x^4+135*x^3-2310*x^2+3267*x-1331
constructing eigenvector for poly
x^6-87*x^5+2310*x^4-12035*x^3-164010*x^2-438567*x-357911
constructing eigenvector for poly
x^6+225*x^5+10560*x^4-525375*x^3-22228800*x^2+996980625*x-9327307625
constructing eigenvector for poly
x^6+219*x^5+14280*x^4+139795*x^3-8125320*x^2+70903659*x-184220009
constructing eigenvector for poly
x+10
constructing eigenvector for poly
x^2+2*x-19
constructing eigenvector for poly
x^2-13
constructing eigenvector for poly
x+12
constructing eigenvector for poly
x^4+24*x^3+186*x^2+568*x+593
constructing eigenvector for poly
x^4-36*x^3+451*x^2-2268*x+3760
constructing eigenvector for poly
x^4+6*x^3-2*x^2-30*x+13
constructing eigenvector for poly
x^4+24*x^3+186*x^2+568*x+593
constructing eigenvector for poly
x^19-2*x^18-310*x^17+740*x^16+32885*x^15-86632*x^14-1625646*x^13+4461796*x^12+42113552*x^11-115911866*x^10-597900228*x^9+1617478874*x^8+4539488723*x^7-12123099706*x^6-15953887996*x^5+45275995302*x^4+11800403287*x^3-64712269474*x^2+37136072628*x-5928574792
constructing eigenvector for poly
x^13-146*x^12+9601*x^11-375842*x^10+9751826*x^9-176707346*x^8+2295052583*x^7-21575657796*x^6+146410804445*x^5-706303502902*x^4+2347801201888*x^3-5079093635224*x^2+6396029886528*x-3536974727200
computing eigenvectors took 126.591113 sec
For conductor 1, eigenvectors are:
-1 -1 -1 -1 -1 -1 -1 -1 -1 -1 -1 -1 -1 -1 -1 -1 -1 -1 -1 -1 -1 -1 -1 -1 -1 -1 -1 -1 -1 -1 -1 -1 -1 -1 -1 -1 -1 -1 -1 -1 -1 -1 -1 -1 over Number field with defining polynomial x-40
0 -12*a-60 0 -12*a-36 0 6*a+18 6*a+18 -12*a-36 0 6*a+18 0 -4*a-20 0 0 8*a+24 4*a+20 8*a+24 -8*a-24 4*a+12 8 2*a+6 -2*a-6 -2*a-6 -6*a-26 4 4*a+16 0 -2*a-6 0 2*a+10 -4 4*a+16 -2*a-6 4*a+8 2*a+6 6*a+26 -2*a-6 -2*a-10 -4*a-8 -3*a-13 3*a+13 -2 -2*a-6 -2 over Number field with defining polynomial x^2-13
0 -12*a+144 -6*a+12 24 -6*a+12 6*a+12 6*a+12 24 -6*a-60 6*a+12 4*a-8 14*a-84 -6*a+12 4*a+40 -16 4*a-48 -16 10*a-52 6*a-68 2*a-36 -2*a-12 16 -8 -6*a+44 10*a-60 24 0 16 4*a-8 -8*a+80 -6*a+52 24 -8 -4*a+64 -2*a-12 4*a-40 -8 6*a-76 -10*a+84 4*a-40 -6*a+44 -16 -8 -16 over Number field with defining polynomial x^2-24*x+92
a vector of length 44 over Number field with defining polynomial a number field of degree 11
0 12 12*a-408 -24 12*a-408 12 12 -24 -12*a+408 12 -8*a+272 4 12*a-408 8*a-272 16 -4 16 4*a-100 -44 4*a-148 4 4*a-140 -4*a+132 0 -4*a+156 -24 0 4*a-140 -8*a+272 24 -4*a+116 -24 -4*a+132 -12 4 4*a-136 -4*a+132 4*a-160 12 4*a-136 0 16 -4*a+132 16 over Number field with defining polynomial x^2-75*x+1381
a vector of length 44 over Number field with defining polynomial a number field of degree 10
0 0 1404 0 0 -18*a-1710 702 0 0 18*a+1710 -936 -12*a-672 -468 0 24*a+1344 0 -24*a-1344 12*a+672 -12*a-672 12*a+672 18*a+774 -6*a-570 -6*a+366 -234 -234 12*a+672 0 6*a+570 468 -234 12*a+672 -12*a-672 702 -234 -18*a-774 -234 6*a-366 -234 -12*a-672 234 234 0 -234 0 over Number field with defining polynomial x^2+73*x-569
For conductor 2, eigenvectors are:
1 1 0 -1 0 over Number field with defining polynomial x+10
-4 4 a+3 0 a+3 over Number field with defining polynomial x^2+2*x-19
4 4 -2*a-2 8 2*a+2 over Number field with defining polynomial x^2-13
For conductor 103, eigenvectors are:
1 -1 2 1 0 over Number field with defining polynomial x+12
-a^3 - 16*a^2 - 63*a - 70 3*a^2 + 22*a + 37 a^2 + 2*a - 5 a^3 + 17*a^2 + 81*a + 117 3*a^2 + 18*a + 29 over Number field with defining polynomial x^4+24*x^3+186*x^2+568*x+593
For conductor 206, eigenvectors are:
0 6*a^3 - 177*a^2 + 1641*a - 4656 -3*a^3 + 99*a^2 - 996*a + 2772 0 0 -3*a^3 + 60*a^2 - 249*a - 240 3*a^3 - 60*a^2 + 249*a + 240 0 0 -3*a^3 + 81*a^2 - 654*a + 1584 0 -2*a^3 + 55*a^2 - 439*a + 956 -a^3 + 33*a^2 - 332*a + 924 0 0 -2*a^3 + 59*a^2 - 547*a + 1552 0 -2*a^3 + 34*a^2 - 34*a - 868 -2*a^3 + 51*a^2 - 427*a + 1356 2*a^3 - 58*a^2 + 562*a - 1964 a^3 - 27*a^2 + 218*a - 528 -a^3 + 27*a^2 - 218*a + 528 a^3 - 27*a^2 + 218*a - 528 a^3 - 20*a^2 + 83*a + 80 -4*a^2 + 108*a - 596 2*a^3 - 53*a^2 + 433*a - 1156 -2*a^3 + 59*a^2 - 547*a + 1552 a^3 - 20*a^2 + 83*a + 80 a^3 - 33*a^2 + 332*a - 924 -4*a^3 + 124*a^2 - 1208*a + 3500 -2*a^3 + 46*a^2 - 298*a + 548 2*a^3 - 46*a^2 + 298*a - 548 a^3 - 20*a^2 + 83*a + 80 4*a^3 - 112*a^2 + 980*a - 2708 a^3 - 20*a^2 + 83*a + 80 -a^3 + 20*a^2 - 83*a - 80 -a^3 + 20*a^2 - 83*a - 80 -8*a^2 + 120*a - 196 2*a^3 - 53*a^2 + 433*a - 1156 2*a^3 - 60*a^2 + 550*a - 1452 6*a^2 - 114*a + 396 -a^2 + 3*a + 100 -2*a^3 + 58*a^2 - 544*a + 1652 6*a^2 - 132*a + 708 over Number field with defining polynomial x^4-36*x^3+451*x^2-2268*x+3760
0 -6*a^3 - 18*a^2 + 42*a - 18 6*a^3 + 24*a^2 - 42*a + 12 0 0 -6*a^2 - 36*a + 24 3*a^3 - 75*a + 36 0 0 -6*a^2 - 18*a + 6 0 4*a^3 + 18*a^2 - 16*a + 6 2*a^3 + 8*a^2 - 14*a + 4 0 0 2*a^3 + 6*a^2 - 14*a + 6 0 2*a^3 + 4*a^2 - 26*a + 8 -4*a^3 - 14*a^2 + 40*a - 10 -2*a^3 - 4*a^2 + 26*a - 8 2*a^2 + 6*a - 2 -2*a^2 - 6*a + 2 2*a^2 + 6*a - 2 a^3 - 25*a + 12 -2*a^3 - 7*a^2 + 14*a - 5 -2*a^2 - 12*a + 2 2*a^3 + 6*a^2 - 14*a + 6 2*a^2 + 12*a - 8 -2*a^3 - 8*a^2 + 14*a - 4 -2*a^3 - 7*a^2 + 14*a - 5 2*a^3 + 4*a^2 - 26*a + 8 -2*a^3 - 4*a^2 + 26*a - 8 a^3 - 25*a + 12 2*a^3 + 5*a^2 - 14*a + 7 2*a^2 + 12*a - 8 -a^3 + 25*a - 12 -2*a^2 - 12*a + 8 2*a^3 + 9*a^2 - 14*a + 3 -2*a^2 - 12*a + 2 2*a^3 + 7*a^2 - 14*a + 5 -a^2 + 1 -2*a^3 - 8*a^2 + 14*a - 4 a^2 - 1 0 over Number field with defining polynomial x^4+6*x^3-2*x^2-30*x+13
0 12*a^3 + 204*a^2 + 1596*a + 3612 -12*a^3 - 396*a^2 - 2844*a - 6060 0 0 -18*a^3 - 444*a^2 - 2910*a - 5208 18*a^3 + 444*a^2 + 2910*a + 5208 0 0 -66*a^3 - 1332*a^2 - 7590*a - 12600 0 8*a^3 + 200*a^2 + 1480*a + 3224 -4*a^3 - 132*a^2 - 948*a - 2020 0 0 -4*a^3 - 68*a^2 - 532*a - 1204 0 24*a^3 + 592*a^2 + 3880*a + 6944 8*a^3 + 164*a^2 + 992*a + 1452 -24*a^3 - 364*a^2 - 1712*a - 2660 22*a^3 + 444*a^2 + 2530*a + 4200 -22*a^3 - 444*a^2 - 2530*a - 4200 22*a^3 + 444*a^2 + 2530*a + 4200 6*a^3 + 148*a^2 + 970*a + 1736 18*a^3 + 344*a^2 + 1790*a + 2588 -8*a^3 - 182*a^2 - 1236*a - 2338 -4*a^3 - 68*a^2 - 532*a - 1204 6*a^3 + 148*a^2 + 970*a + 1736 4*a^3 + 132*a^2 + 948*a + 2020 4*a^3 + 100*a^2 + 740*a + 1612 24*a^3 + 478*a^2 + 2796*a + 4802 -24*a^3 - 478*a^2 - 2796*a - 4802 6*a^3 + 148*a^2 + 970*a + 1736 -4*a^3 - 114*a^2 - 704*a - 1134 6*a^3 + 148*a^2 + 970*a + 1736 -6*a^3 - 148*a^2 - 970*a - 1736 -6*a^3 - 148*a^2 - 970*a - 1736 -18*a^3 - 330*a^2 - 1826*a - 3066 -8*a^3 - 182*a^2 - 1236*a - 2338 -11*a^3 - 222*a^2 - 1265*a - 2100 -7*a^2 + 18*a + 239 -9*a^2 - 122*a - 443 -7*a^3 - 115*a^2 - 543*a - 727 -57*a^2 - 542*a - 1071 over Number field with defining polynomial x^4+24*x^3+186*x^2+568*x+593
a vector of length 44 over Number field with defining polynomial a number field of degree 19
a vector of length 44 over Number field with defining polynomial a number field of degree 13
For conductor 1:
traces of hecke eigenvalues of T_{p^1} are:
40 156 400 1464 2380 5220 7240 12720 25260 30784 52060 70644 81400 106080 151740 208920 230764 305320 363024 394420 499360 578760 712980 922180 
computing eigenvalues for k = 1, took 26.442906 sec
traces of hecke eigenvalues of T_{p^2} are:
120 780 2800 
computing eigenvalues for k = 2, took 0.255507 sec
traces of hecke eigenvalues of T_{p^1} are:
0 3 -24 65 -53 89 125 86 16 120 -308 32 -262 493 -53 769 -417 -826 1239 411 809 -1367 -1346 -458 
computing eigenvalues for k = 1, took 20.220067 sec
traces of hecke eigenvalues of T_{p^2} are:
-2 18 -56 
computing eigenvalues for k = 2, took 0.248725 sec
traces of hecke eigenvalues of T_{p^1} are:
24 46 111 266 327 587 631 1381 1729 1636 2620 3417 3508 4196 5848 7347 7785 8692 9676 12068 11775 15675 14480 17899 
computing eigenvalues for k = 1, took 20.219233 sec
traces of hecke eigenvalues of T_{p^2} are:
16 -36 88 
computing eigenvalues for k = 2, took 0.216884 sec
traces of hecke eigenvalues of T_{p^1} are:
2 -58 51 -66 94 -164 224 53 -286 1326 294 -1222 1758 -4 -1188 78 -388 1468 -550 -1720 3221 318 -121 917 
computing eigenvalues for k = 1, took 20.250219 sec
traces of hecke eigenvalues of T_{p^2} are:
-13 -60 -236 
computing eigenvalues for k = 2, took 0.215018 sec
traces of hecke eigenvalues of T_{p^1} are:
26 75 92 227 345 595 811 1004 1590 1808 2386 3084 3720 4675 5483 6947 7059 9230 10853 10351 12587 14573 17834 18798 
computing eigenvalues for k = 1, took 20.285384 sec
traces of hecke eigenvalues of T_{p^2} are:
24 138 -64 
computing eigenvalues for k = 2, took 0.216963 sec
traces of hecke eigenvalues of T_{p^1} are:
112 270 527 1292 1745 2659 3629 5057 8305 10108 13918 16659 18812 22148 27570 34897 37191 44506 51288 52378 63829 67707 79174 94769 
computing eigenvalues for k = 1, took 26.412781 sec
traces of hecke eigenvalues of T_{p^2} are:
48 60 216 
computing eigenvalues for k = 2, took 0.243827 sec
traces of hecke eigenvalues of T_{p^1} are:
-2 -15 26 -9 29 -75 -73 78 -84 -10 -116 54 98 759 105 -579 -497 164 165 -407 -145 1497 696 -808 
computing eigenvalues for k = 1, took 20.215595 sec
traces of hecke eigenvalues of T_{p^2} are:
-10 -30 28 
computing eigenvalues for k = 2, took 0.226751 sec
For conductor 2:
traces of hecke eigenvalues of T_{p^1} are:
-10 -14 -3 34 -116 -40 2 97 108 68 -36 -72 32 0 -54 -324 60 -680 50 1210 -405 24 -569 -165 
computing eigenvalues for k = 1, took 552.850570 sec
traces of hecke eigenvalues of T_{p^2} are:
7 12 14 
computing eigenvalues for k = 2, took 0.535766 sec
traces of hecke eigenvalues of T_{p^1} are:
-2 -15 26 -9 29 -75 -73 78 -84 -10 -116 54 98 759 105 -579 -497 164 165 -407 -145 1497 696 -808 
computing eigenvalues for k = 1, took 552.033995 sec
traces of hecke eigenvalues of T_{p^2} are:
-10 -30 28 
computing eigenvalues for k = 2, took 0.532583 sec
traces of hecke eigenvalues of T_{p^1} are:
0 3 -24 65 -53 89 125 86 16 120 -308 32 -262 493 -53 769 -417 -826 1239 411 809 -1367 -1346 -458 
computing eigenvalues for k = 1, took 547.976070 sec
traces of hecke eigenvalues of T_{p^2} are:
-2 18 -56 
computing eigenvalues for k = 2, took 0.562088 sec
For conductor 103:
traces of hecke eigenvalues of T_{p^1} are:
-12 -6 -25 36 -4 0 -134 -99 30 24 -120 96 -278 -162 444 102 396 68 420 -1170 -731 246 -687 149 
computing eigenvalues for k = 1, took 546.888018 sec
traces of hecke eigenvalues of T_{p^2} are:
17 -10 -12 
computing eigenvalues for k = 2, took 0.524859 sec
traces of hecke eigenvalues of T_{p^1} are:
-24 10 -72 38 54 70 -70 8 204 -260 -376 692 -116 190 -202 734 22 -448 -178 294 -714 710 1580 -2320 
computing eigenvalues for k = 1, took 542.915939 sec
traces of hecke eigenvalues of T_{p^2} are:
4 -40 32 
computing eigenvalues for k = 2, took 0.527751 sec
For conductor 206:
traces of hecke eigenvalues of T_{p^1} are:
36 107 199 411 648 1182 1358 1981 3443 3732 5598 7057 7198 8815 11431 14950 15504 17880 20771 22515 24618 28512 32498 37785 
computing eigenvalues for k = 1, took 143.339654 sec
traces of hecke eigenvalues of T_{p^2} are:
-16 18 -8 
computing eigenvalues for k = 2, took 0.525247 sec
traces of hecke eigenvalues of T_{p^1} are:
-6 -40 -28 -90 102 58 130 -58 -64 232 342 128 80 -664 940 -1000 -108 -476 -1320 976 -368 -408 -1460 -210 
computing eigenvalues for k = 1, took 140.037696 sec
traces of hecke eigenvalues of T_{p^2} are:
-22 24 0 
computing eigenvalues for k = 2, took 0.513125 sec
traces of hecke eigenvalues of T_{p^1} are:
-24 10 -72 38 54 70 -70 8 204 -260 -376 692 -116 190 -202 734 22 -448 -178 294 -714 710 1580 -2320 
computing eigenvalues for k = 1, took 140.530429 sec
traces of hecke eigenvalues of T_{p^2} are:
4 -40 32 
computing eigenvalues for k = 2, took 0.519073 sec
traces of hecke eigenvalues of T_{p^1} are:
2 -12 -49 -208 252 2 220 -371 -90 -128 1520 -182 874 -1274 410 -1060 1778 832 -1712 4806 -4617 -1020 -709 10623 
computing eigenvalues for k = 1, took 140.897890 sec
traces of hecke eigenvalues of T_{p^2} are:
-45 -106 -102 
computing eigenvalues for k = 2, took 0.525180 sec
traces of hecke eigenvalues of T_{p^1} are:
146 366 702 1628 2308 3986 4928 6638 10670 12592 17528 22000 23280 28272 35880 45040 48112 57890 65630 69658 80922 87860 103184 123368 
computing eigenvalues for k = 1, took 135.966182 sec
traces of hecke eigenvalues of T_{p^2} are:
64 168 416 
computing eigenvalues for k = 2, took 0.549920 sec
