constructing eigenvector for poly
x+1
constructing eigenvector for poly
x-15
constructing eigenvector for poly
x^43-254*x^42+31275*x^41-2487207*x^40+143614331*x^39-6417051803*x^38+230934623770*x^37-6878751592729*x^36+172961478914583*x^35-3725837243892185*x^34+69547469998748222*x^33-1135049833720171934*x^32+16312861130421753146*x^31-207646843240382515606*x^30+2351893615270354875056*x^29-23792117505601765880402*x^28+215611448500755889779019*x^27-1754513000504247713002424*x^26+12843057778185039581888899*x^25-84678462519053186681614323*x^24+503314447171395814409529699*x^23-2698073083259670302379380783*x^22+13044481198126553061317766318*x^21-56858883836547109816211459717*x^20+223273033327446634577356704469*x^19-788919270234697269527694307921*x^18+2504345347165331246184419521948*x^17-7127374525432715750573433584920*x^16+18139643944264738541150783836848*x^15-41156346174797929611518083889856*x^14+82931143014119757632731076924160*x^13-147742527326563517531524113444032*x^12+231440526519085234540564774848256*x^11-316718269871465447359186727193856*x^10+375620840833734706526273505709056*x^9-382314976848340285114245195057152*x^8+329900381418273773942057736437760*x^7-237607669226388598039973836886016*x^6+139940680431058440594624404439040*x^5-65527803801021151594872746328064*x^4+23420085181205667400719799615488*x^3-5989685106909688594085931122688*x^2+974340746032251591064942018560*x-75605759922324409306428211200
constructing eigenvector for poly
x^37-5*x^36-154*x^35+879*x^34+9474*x^33-63511*x^32-295535*x^31+2495545*x^30+4688657*x^29-59712590*x^28-21133962*x^27+920851326*x^26-558128973*x^25-9415310780*x^24+12188805554*x^23+64427062165*x^22-120844415199*x^21-292553296595*x^20+728469298814*x^19+851046544793*x^18-2864793294667*x^17-1427210582494*x^16+7502826246147*x^15+790256669841*x^14-13044014908346*x^13+1744746300792*x^12+14701964762723*x^11-4122233617781*x^10-10227120941706*x^9+3809668022395*x^8+4023491647645*x^7-1769792624387*x^6-761557792992*x^5+392823912157*x^4+42567319882*x^3-33290315645*x^2+2412954045*x+94908055
constructing eigenvector for poly
x^6+25*x^5+244*x^4+1194*x^3+3098*x^2+4052*x+2095
constructing eigenvector for poly
x+5
constructing eigenvector for poly
x+5
computing eigenvectors took 3.539737 sec
For conductor 1, eigenvectors are:
0 0 0 -6 6 -12 0 0 0 -3 0 9 3 -12 3 9 0 -12 0 6 3 0 2 -2 4 -8 -6 0 2 -2 0 8 -6 0 0 4 8 -2 -4 10 -4 -1 -1 0 -2 -2 2 1 0 -1 -4 -5 2 2 1 1 2 -6 -3 -3 3 -1 2 -2 4 5 -3 3 3 1 -1 2 -2 1 1 -2 0 1 0 1 0 -1 over Number field with defining polynomial x+1
-1 -1 -1 -1 -1 -1 -1 -1 -1 -1 -1 -1 -1 -1 -1 -1 -1 -1 -1 -1 -1 -1 -1 -1 -1 -1 -1 -1 -1 -1 -1 -1 -1 -1 -1 -1 -1 -1 -1 -1 -1 -1 -1 -1 -1 -1 -1 -1 -1 -1 -1 -1 -1 -1 -1 -1 -1 -1 -1 -1 -1 -1 -1 -1 -1 -1 -1 -1 -1 -1 -1 -1 -1 -1 -1 -1 -1 -1 -1 -1 -1 -1 over Number field with defining polynomial x-15
a vector of length 82 over Number field with defining polynomial a number field of degree 43
a vector of length 82 over Number field with defining polynomial a number field of degree 37
For conductor 431, eigenvectors are:
-a^5 - 18*a^4 - 122*a^3 - 391*a^2 - 593*a - 341 a^4 + 13*a^3 + 61*a^2 + 122*a + 90 a^4 + 11*a^3 + 41*a^2 + 56*a + 19 -4*a^3 - 37*a^2 - 108*a - 99 -2*a^4 - 29*a^3 - 146*a^2 - 303*a - 221 -2*a^4 - 25*a^3 - 113*a^2 - 220*a - 155 a^3 + 3*a^2 - 8*a - 20 -a^5 - 19*a^4 - 136*a^3 - 459*a^2 - 732*a - 444 over Number field with defining polynomial x^6+25*x^5+244*x^4+1194*x^3+3098*x^2+4052*x+2095
-1 1 0 -1 1 -1 1 1 over Number field with defining polynomial x+5
-1 0 -1 1 -1 0 0 1 over Number field with defining polynomial x+5
For conductor 1:
traces of hecke eigenvalues of T_{p^1} are:
-1 1 -5 -18 19 -12 16 -11 119 87 28 258 476 38 -234 -423 567 -624 282 -2 -68 84 -1784 -328 -2075 
computing eigenvalues for k = 1, took 23.779285 sec
traces of hecke eigenvalues of T_{p^2} are:
-6 -12 6 32 
computing eigenvalues for k = 2, took 0.280597 sec
traces of hecke eigenvalues of T_{p^1} are:
15 40 156 400 1464 2380 5220 7240 12720 25260 30784 52060 70644 81400 106080 151740 208920 230764 305320 363024 394420 499360 578760 712980 922180 
computing eigenvalues for k = 1, took 14.245110 sec
traces of hecke eigenvalues of T_{p^2} are:
30 120 780 2800 
computing eigenvalues for k = 2, took 0.285175 sec
traces of hecke eigenvalues of T_{p^1} are:
254 497 1229 2330 5569 7580 12912 15805 23385 36795 41148 59088 72137 80494 96240 122069 150187 158679 194190 218142 225274 270186 298514 338476 399425 
computing eigenvalues for k = 1, took 14.682988 sec
traces of hecke eigenvalues of T_{p^2} are:
117 268 666 1440 
computing eigenvalues for k = 2, took 0.315865 sec
traces of hecke eigenvalues of T_{p^1} are:
5 -40 -24 -43 485 -369 245 -166 1612 2087 708 -1815 659 -109 3524 913 3220 -2844 399 5649 -10473 2957 5706 3510 -5653 
computing eigenvalues for k = 1, took 14.504108 sec
traces of hecke eigenvalues of T_{p^2} are:
-29 -35 -149 -209 
computing eigenvalues for k = 2, took 0.294154 sec
For conductor 431:
traces of hecke eigenvalues of T_{p^1} are:
-25 -40 -56 -12 -160 31 -143 -39 -52 25 -463 363 -559 105 -53 181 -1644 173 1079 -2002 1141 -1608 1011 -3216 24 
computing eigenvalues for k = 1, took 650.581930 sec
traces of hecke eigenvalues of T_{p^2} are:
21 44 103 -96 
computing eigenvalues for k = 2, took 0.628343 sec
traces of hecke eigenvalues of T_{p^1} are:
-5 -5 -7 -15 11 45 50 -5 -290 -351 -116 75 61 80 165 180 -747 -624 -45 -19 580 1197 50 673 115 
computing eigenvalues for k = 1, took 653.173871 sec
traces of hecke eigenvalues of T_{p^2} are:
3 9 -30 -25 
computing eigenvalues for k = 2, took 0.606983 sec
traces of hecke eigenvalues of T_{p^1} are:
-5 -5 -13 -10 -39 60 60 -145 -35 -49 -156 50 -284 -70 -30 25 557 416 1290 -54 -960 -792 -960 352 285 
computing eigenvalues for k = 1, took 646.900937 sec
traces of hecke eigenvalues of T_{p^2} are:
2 -4 -10 0 
computing eigenvalues for k = 2, took 0.617094 sec
