constructing eigenvector for poly
x-15
constructing eigenvector for poly
x-2
constructing eigenvector for poly
x^4+6*x^3+3*x^2-2*x-1
constructing eigenvector for poly
x^14+56*x^13+1364*x^12+18888*x^11+162736*x^10+892512*x^9+3015872*x^8+5415296*x^7+1467136*x^6-12362240*x^5-19084288*x^4-5900288*x^3+5009408*x^2+2736128*x+278528
constructing eigenvector for poly
x^2+3*x-1
constructing eigenvector for poly
x^45-263*x^44+33553*x^43-2766699*x^42+165761176*x^41-7691150255*x^40+287653213512*x^39-8912257620712*x^38+233303167442880*x^37-5237299104909042*x^36+101981776962331703*x^35-1738155324670135939*x^34+26118201123767718307*x^33-348033465691473614534*x^32+4132179455219803574411*x^31-43882228951822706362799*x^30+418119294966025806305485*x^29-3583383861066142424550775*x^28+27676631012421620713420935*x^27-192929291119536615611958553*x^26+1215066412040869939296478794*x^25-6918294157700026113653613495*x^24+35621657079544028317672534558*x^23-165847611755235612523607220878*x^22+697904584230298057365538834098*x^21-2652366762595349259061851612056*x^20+9093354897451070661859840223057*x^19-28080577061472771101702126151361*x^18+77954661178996157163477416047819*x^17-194090254494207053542960629030340*x^16+432164683212352308098950014700071*x^15-857620546144816192334480262522627*x^14+1510699059215601827798547544308560*x^13-2350734748078964116277925530005000*x^12+3212771508404928870938726549315144*x^11-3830217848166754217558092273147024*x^10+3950318133487726248435862992335776*x^9-3488994116652406514995840590492544*x^8+2605845842189329685261294097669888*x^7-1619600184660788752253381441806592*x^6+820242931314564040085745654568448*x^5-328913995436960481869687283211264*x^4+100183966636916441822914331965440*x^3-21711192130483269593654573215744*x^2+2972433116764584150702249852928*x-192551007736586212850875432960
constructing eigenvector for poly
x^17-98*x^16+4435*x^15-122963*x^14+2336535*x^13-32249679*x^12+334311807*x^11-2654294061*x^10+16310408572*x^9-77849563891*x^8+287914160522*x^7-818033680492*x^6+1757774143440*x^5-2785338884016*x^4+3127984712512*x^3-2332564196032*x^2+1024702730752*x-198518557696
constructing eigenvector for poly
x^107+10*x^106-637*x^105-6121*x^104+196077*x^103+1787749*x^102-38846168*x^101-331699360*x^100+5564068856*x^99+43911966809*x^98-613390650650*x^97-4416527578199*x^96+54089465067582*x^95+350856784351768*x^94-3914311123354632*x^93-22596862540031925*x^92+236683327775806149*x^91+1201658133773862448*x^90-12114940134067396979*x^89-53461440781676172303*x^88+530097727539183062661*x^87+2008822394919567583400*x^86-19976112607072059839965*x^85-64173662585917168791865*x^84+652082299396524375505391*x^83+1750236867800126300796464*x^82-18522791334725310553662748*x^81-40826126818718908567545052*x^80+459497899555444882311536867*x^79+813726016924041922488672658*x^78-9983071407322099022613680205*x^77-13794251387545404984509713584*x^76+190374670965255260246576924030*x^75+196739886180082447939289513072*x^74-3191926944282192833372311805682*x^73-2306025307046695722499427763997*x^72+47112427779050698883638059806390*x^71+20983162243165138803999430296113*x^70-612669616193720277641981937430827*x^69-121888846552009200180886693207641*x^68+7023333944528435383577316230620745*x^67-139651239357322278155325633977662*x^66-70985134130285884570678247760170517*x^65+15179449187634375788963362527837223*x^64+632492118293381067457763363587920194*x^63-243724733323925011014817275831854480*x^62-4966481963531665591126406335395918854*x^61+2664479767310843369303642049263508038*x^60+34346762593519214047668361942210858914*x^59-22981408981847955064097727303178606525*x^58-209028411246418966456059964812026214265*x^57+164020086332880113319547380726612525753*x^56+1118291123146833264276610521070911950269*x^55-989102175853802908178143877155291455091*x^54-5252839435017246205222052426041673686446*x^53+5092609185098635710607867221003376855642*x^52+21631990268744365197112157700099777959675*x^51-22508585220071381855046727511263413715406*x^50-77973587872589878820295991070942790072908*x^49+85627201604996669068927092376389396282002*x^48+245549608543654890607738695922172559097283*x^47-280627341489042210812535717178844992886582*x^46-674154080314381874406979733407303919090038*x^45+792118796317897975346094829989170429968051*x^44+1609804593726475236114289707724821520482690*x^43-1923520625489063344556919135478635363114536*x^42-3334273261182103382266178588246788204311276*x^41+4010882972500123871390665539795661724820643*x^40+5971521650671948514499616071664663164090675*x^39-7163599817546163753803921244189993184408606*x^38-9213980400316501720999895923762557688926952*x^37+10924843564988454839068696902628399574195403*x^36+12196674646593355621328681401145471818677390*x^35-14173045375776776067181351684626468972411299*x^34-13781345852896307768259249674740213268839222*x^33+15572289394167150311219527505437153224695303*x^32+13213612782614709190818609440934380217118905*x^31-14415472032906236217222959076919395443964630*x^30-10675053849451076996391113412376169756227233*x^29+11175057198090280842243582802421779579144880*x^28+7205919780881435753838908416968474983995583*x^27-7202798096069424590065175203297773221659508*x^26-4023652119987377184936485607765498112636048*x^25+3827182266651213130844365716175866695891081*x^24+1836262346720823706422769390516549583797066*x^23-1659278077414061795260764128109256341241965*x^22-675044641620559708798330392800776535123067*x^21+579638651884737463388735517103679510314343*x^20+196419165986937935687684803078134106961763*x^19-160619566887336694886489809478131364579993*x^18-44280549234065128409818068955902843740841*x^17+34615540972351096411987331223563135580781*x^16+7536251102221246290910495653401596380480*x^15-5657903989641210091030686896724374092032*x^14-938590295826555343565273130999693503908*x^13+679181518596412505566972976034641195036*x^12+82452348609873071439826613010413941228*x^11-57464582021349553485107124967619717948*x^10-4886916666239424973057371385940063628*x^9+3248842109519940472282675604652684008*x^8+182621314788421575731397915454249912*x^7-113864951983052627878733112713292840*x^6-3672023136818491700189318277080040*x^5+2190406737733737349611157342715000*x^4+19504072460006023693746920877248*x^3-18181926646993576064486419805616*x^2+256956246382298745722037612640*x+20864664757967060136213658576
constructing eigenvector for poly
x^4+6*x^3+3*x^2-2*x-1
constructing eigenvector for poly
x^2+3*x-1
constructing eigenvector for poly
x^30+74*x^29+2529*x^28+52866*x^27+753825*x^26+7727692*x^25+58285332*x^24+323166429*x^23+1270661329*x^22+3088655337*x^21+1340918672*x^20-23271512147*x^19-102028511415*x^18-203414627197*x^17-88738034682*x^16+587143006853*x^15+1514697119530*x^14+1111730888472*x^13-1737604734030*x^12-4409729987975*x^11-2263751459350*x^10+3511853658515*x^9+5197992638988*x^8+486836685333*x^7-3213029787443*x^6-1598729321910*x^5+762339638446*x^4+615265686286*x^3-80524794236*x^2-79891083768*x+9224755452
constructing eigenvector for poly
x^23+46*x^22+938*x^21+11105*x^20+83425*x^19+401302*x^18+1112584*x^17+639724*x^16-7971558*x^15-33466386*x^14-56843160*x^13+1483107*x^12+211783797*x^11+451443246*x^10+416893198*x^9+24066360*x^8-364275257*x^7-395134681*x^6-179384951*x^5-18295735*x^4+13670336*x^3+3919120*x^2-44300*x-42348
constructing eigenvector for poly
x^2+10*x+20
constructing eigenvector for poly
x^46-257*x^45+32037*x^44-2581051*x^43+151080592*x^42-6848443675*x^41+250227681144*x^40-7573876029436*x^39+193697094771702*x^38-4248144979228416*x^37+80822504941339077*x^36-1346035035306590637*x^35+19766173354410918553*x^34-257442385707387982502*x^33+2988149219366543960255*x^32-31029740964371252091141*x^31+289186652663666458482491*x^30-2424957982065995458197585*x^29+18332673217001721399939043*x^28-125143592604360167247969585*x^27+772209358227339066542889354*x^26-4310419689378885714838587143*x^25+21773057538198940738053602642*x^24-99527213258090414816973409298*x^23+411573645735306466070533735776*x^22-1538690737542277364848225605862*x^21+5195405758117210090980055972755*x^20-15822096652410874361436491576911*x^19+43384416308189557232659469850045*x^18-106881116777285052103291782090840*x^17+235963022128094116039366888960527*x^16-465396834005622526225548236416645*x^15+817056486087175504492503410983934*x^14-1271318812558762200798526559921896*x^13+1744272643053407094049686356409736*x^12-2097513231292073914208571810872960*x^11+2194789636699995868252845164976000*x^10-1981116633915435857150105138286144*x^9+1526389650331130841943163115119616*x^8-990773268343208784856165130275072*x^7+532894738080321557947023778203648*x^6-232428181849338749888544401981440*x^5+79834733528727605867545409392640*x^4-20704724204093025841951107891200*x^3+3795664066647069552857280716800*x^2-436571450137865038934769664000*x+23593442466809851062452224000
constructing eigenvector for poly
x^110+15*x^109-591*x^108-9334*x^107+168123*x^106+2782101*x^105-30774036*x^104-529073096*x^103+4090053051*x^102+72136521920*x^101-422325991413*x^100-7512114101611*x^99+35385713285368*x^98+621501748707010*x^97-2478384547831917*x^96-41950926134984094*x^95+148096393413168584*x^94+2354285786507154385*x^93-7653513461358079668*x^92-111380730164957062696*x^91+344993037670452056686*x^90+4488394762968646700024*x^89-13630919487358093056043*x^88-155270045291047620766590*x^87+473302767094979214923606*x^86+4638009640487961079457305*x^85-14461728049510616901802699*x^84-120133743995717979421594020*x^83+389097786413658637176942507*x^82+2706076321654988329497800594*x^81-9222048149826360455872864918*x^80-53096745104370312703205875781*x^79+192597852362302832442056266637*x^78+907857968684592626077439128848*x^77-3545077046941067457384742516486*x^76-13513138459421724791220781228296*x^75+57518072426182737939383433670840*x^74+174619004675886244508360663095507*x^73-822585624765440383606525165472524*x^72-1948720121093594761459304695944860*x^71+10367351459077348336128677845612432*x^70+18607190534589461946180553727554352*x^69-115099839307388561018547538534710011*x^68-149434316949262446035573144200366196*x^67+1124848080677840230907799544836403627*x^66+974552213530297005438556838732323514*x^65-9666844501040531320065189319443736695*x^64-4712848426369497467978670188682840984*x^63+72955977996503571580751985912636149435*x^62+11063246217580219868512326583608519701*x^61-482699004942023745405479270208123739541*x^60+72524361253927972330270906659811899542*x^59+2793892597517415761213847877014692578941*x^58-1191344353232569579407700086358663176231*x^57-14110478034396618416098863007054704387478*x^56+9663731154597829095184134706593773019216*x^55+61990248830052614014228069172580479519180*x^54-57896866578320743999090961497151152107956*x^53-236006283888882890922276621813331913913982*x^52+279263530322418179896961944070760364617944*x^51+775071379077129594516815166463398106272357*x^50-1119937253289212209478841516915560093267473*x^49-2182999098600685707942615780228999064788118*x^48+3789794899415067635401523681032716701993899*x^47+5232688885871326882385858095536780717693118*x^46-10902302223387499083410896635146029213148223*x^45-10559439025968184033641420433665246671940314*x^44+26765216854048839337459787729615144752891982*x^43+17637921596409432065386542144110894657636892*x^42-56181393166003993293123307985522542463578680*x^41-23654762684809121445785232686918528412979546*x^40+100904956605763410667937496201493014487404327*x^39+23783705622366932804595712799497195883856063*x^38-155083116207775441231744221382203462050706847*x^37-14086063042293723067706022928502175697453827*x^36+203888728657480895113959342075463252628390274*x^35-4382459259696336696765048192958939908176613*x^34-229141123584327115619240132961850110065710560*x^33+24386323536262346491083623002469350737792546*x^32+219917090753503902411588533543489957783243197*x^31-36785804276401020558071303369449500847277644*x^30-179984446806316842343699781876182409266321213*x^29+37100469837083215927149459885044512357928286*x^28+125341898529913824082714840252587580380454184*x^27-28131339573154702160242277815845272852649027*x^26-74028193007159444215273918208077248156196748*x^25+16543738433792020575163713039413808955364922*x^24+36887254287859757406684511081697285972844680*x^23-7558880810328207967623440781702898517525963*x^22-15382929438329850447220549421119537419662066*x^21+2633398525508689854418115169481570850871504*x^20+5304212268844016668554978012951624407287502*x^19-666602938986779515457745787186907981492740*x^18-1485654072033136592665954784397783120148432*x^17+107819542666838294412347838487464678138196*x^16+329550014813965035146403656708640247554584*x^15-5454688120040651538306722376561956472904*x^14-55863098441284213553199163326655927439472*x^13-2100836648445124680437350198889570376232*x^12+6883858057982298855154012102721373229408*x^11+584822273521773967504417923162816102456*x^10-575780240257451840732833981824451449168*x^9-68808003236521729773544692199604172608*x^8+30045668308325895861469944999896772800*x^7+3976839697992463384165562710361185232*x^6-920695833700058115994238355101166592*x^5-104993228560408811553286297717465536*x^4+15477702461596556953191388817639424*x^3+889944314873272153509906435835648*x^2-108686663061692161444867762176000*x+695261821995353867252734356480
computing eigenvectors took 14.182175 sec
For conductor 1, eigenvectors are:
-1 -1 -1 -1 -1 -1 -1 -1 -1 -1 -1 -1 -1 -1 -1 -1 -1 -1 -1 -1 -1 -1 -1 -1 -1 -1 -1 -1 -1 -1 -1 -1 -1 -1 -1 -1 -1 -1 -1 -1 -1 -1 -1 -1 -1 -1 -1 -1 -1 -1 -1 -1 -1 -1 -1 -1 -1 -1 -1 -1 -1 -1 -1 -1 -1 -1 -1 -1 -1 -1 -1 -1 -1 -1 -1 -1 -1 -1 -1 -1 -1 -1 -1 -1 -1 -1 -1 -1 -1 -1 -1 -1 -1 -1 -1 -1 -1 -1 -1 -1 -1 -1 -1 -1 -1 -1 -1 -1 -1 -1 -1 -1 -1 -1 -1 -1 -1 -1 -1 -1 -1 -1 -1 -1 -1 -1 -1 -1 -1 -1 -1 -1 -1 -1 -1 -1 -1 -1 -1 -1 -1 -1 -1 -1 -1 -1 -1 -1 -1 -1 -1 -1 -1 -1 -1 -1 -1 -1 -1 -1 -1 -1 -1 -1 -1 -1 -1 -1 -1 -1 -1 -1 -1 -1 -1 -1 -1 -1 -1 -1 -1 -1 -1 -1 -1 -1 -1 -1 -1 -1 -1 over Number field with defining polynomial x-15
-118 142 -118 350 220 -118 -92 -92 -27 64 -14 -53 -66 -144 25 12 38 -14 -53 25 -27 -131 -14 -1 -53 -118 38 -92 38 25 77 25 -79 -92 -14 64 -14 103 -14 -79 38 -14 -1 38 -1 -14 12 -1 38 -1 38 77 -40 64 -118 -53 -14 12 -14 51 90 -40 -40 -92 -14 -40 -40 64 -40 -14 12 90 -1 -27 25 12 -14 64 12 -40 -27 -40 38 -1 -14 25 -14 -40 -1 38 38 -14 12 12 -40 -40 -1 38 51 -66 -92 38 90 -14 -40 -66 51 -1 25 25 -66 -40 12 -40 25 77 -79 25 38 -40 -27 -14 51 -53 -66 -1 103 25 38 -40 25 64 38 90 -66 -40 64 -105 -40 12 -40 -27 77 -66 25 -27 51 12 -79 77 -53 -1 12 64 -40 64 12 12 -118 38 12 -1 -14 38 51 25 -1 12 51 -27 38 -66 -27 12 -14 12 -40 64 -1 -14 25 25 -27 -1 25 -14 12 12 -1 -14 -14 over Number field with defining polynomial x-2
2112*a^3 - 7248*a^2 - 5136*a - 288 -1008*a^3 - 2496*a^2 - 720*a - 336 -2064*a^3 - 12192*a^2 - 14400*a - 3888 0 0 1536*a^3 - 2688*a^2 - 3792*a - 1680 7056*a^3 + 24048*a^2 + 14832*a + 2160 972*a^3 + 8244*a^2 + 14748*a + 5520 -264*a^3 - 7440*a^2 - 9096*a - 2784 768*a^3 + 3672*a^2 + 3780*a + 1056 -2088*a^3 - 1524*a^2 - 240*a + 132 1344*a^3 + 5520*a^2 + 4224*a + 384 -1140*a^3 - 7860*a^2 - 7716*a - 1680 -3528*a^3 - 12024*a^2 - 7416*a - 1080 96*a^3 - 4104*a^2 - 4008*a - 1032 1376*a^3 + 8128*a^2 + 9600*a + 2592 -288*a^3 - 3432*a^2 - 3060*a - 612 -288*a^3 - 3432*a^2 - 3060*a - 612 132*a^3 + 3720*a^2 + 4548*a + 1392 132*a^3 + 3720*a^2 + 4548*a + 1392 372*a^3 - 1524*a^2 + 204*a + 708 240*a^3 + 5484*a^2 + 5064*a + 1128 840*a^3 - 1440*a^2 + 132*a + 300 192*a^3 - 3192*a^2 - 2340*a - 168 -1068*a^3 - 2244*a^2 - 1956*a - 624 -1068*a^3 - 2244*a^2 - 1956*a - 624 768*a^3 + 3672*a^2 + 3780*a + 1056 516*a^3 + 2100*a^2 - 792*a - 960 516*a^3 + 2100*a^2 - 792*a - 960 240*a^3 + 5484*a^2 + 5064*a + 1128 240*a^3 + 5484*a^2 + 5064*a + 1128 -1140*a^3 - 1200*a^2 + 408*a + 168 132*a^3 + 3720*a^2 + 4548*a + 1392 -972*a^3 - 2280*a^2 - 4680*a - 1692 -1140*a^3 - 7860*a^2 - 7716*a - 1680 -1416*a^3 + 1236*a^2 + 1872*a + 324 -2868*a^3 - 336*a^2 + 864*a + 120 168*a^3 + 416*a^2 + 120*a + 56 576*a^3 + 984*a^2 - 1836*a - 1300 1744*a^3 + 2520*a^2 + 160*a - 160 272*a^3 + 540*a^2 + 592*a + 180 48*a^3 - 696*a^2 - 1576*a - 528 0 80*a^3 - 2064*a^2 - 2912*a - 872 -464*a^3 - 3144*a^2 - 4096*a - 1232 904*a^3 + 6004*a^2 + 6052*a + 1440 1040*a^3 + 2224*a^2 + 1016*a - 40 824*a^3 + 5848*a^2 + 6256*a + 1696 -2128*a^3 - 9316*a^2 - 6948*a - 1272 600*a^3 + 4928*a^2 + 5552*a + 1632 -1276*a^3 - 2176*a^2 - 1436*a - 228 -344*a^3 - 2032*a^2 - 2400*a - 648 532*a^3 - 1212*a^2 - 204*a + 196 72*a^3 + 1176*a^2 + 344*a - 176 712*a^3 + 1496*a^2 + 1304*a + 416 712*a^3 + 1496*a^2 + 1304*a + 416 -768*a^3 - 3672*a^2 - 3780*a - 1056 1176*a^3 + 7668*a^2 + 7720*a + 2268 688*a^3 - 3720*a^2 - 4400*a - 1200 -328*a^3 - 4072*a^2 - 3496*a - 808 1652*a^3 + 4196*a^2 + 2928*a + 520 8*a^3 - 2608*a^2 - 328*a + 592 -860*a^3 - 2860*a^2 - 3292*a - 1004 504*a^3 + 1248*a^2 + 360*a + 168 -760*a^3 + 556*a^2 + 700*a + 100 456*a^3 + 2492*a^2 + 2752*a + 680 100*a^3 + 1744*a^2 + 2100*a + 472 328*a^3 - 1176*a^2 - 1532*a - 428 516*a^3 - 844*a^2 - 1000*a - 276 -60*a^3 - 240*a^2 + 616*a + 352 -1944*a^3 - 5776*a^2 - 5008*a - 1444 1952*a^3 + 5480*a^2 + 1960*a + 64 -2488*a^3 - 9800*a^2 - 6400*a - 1120 -1920*a^3 - 4136*a^2 - 2440*a - 432 -832*a^3 + 1368*a^2 + 3712*a + 1552 1008*a^3 + 4224*a^2 + 5280*a + 1592 -448*a^3 - 1840*a^2 - 1408*a - 128 -448*a^3 + 5944*a^2 + 7792*a + 2368 -724*a^3 - 2116*a^2 - 800*a + 52 160*a^3 + 4288*a^2 + 6304*a + 2040 -216*a^3 + 280*a^2 + 1456*a + 472 -360*a^3 - 1032*a^2 - 268*a + 168 -928*a^3 + 2128*a^2 + 3936*a + 1320 864*a^3 + 608*a^2 - 1264*a - 632 1020*a^3 + 636*a^2 - 1288*a - 768 -1816*a^3 - 6548*a^2 - 6140*a - 1568 -384*a^3 - 684*a^2 + 520*a + 432 784*a^3 + 2672*a^2 + 1648*a + 240 116*a^3 - 1160*a^2 - 1276*a - 316 -460*a^3 - 2386*a^2 - 2284*a - 642 -72*a^3 - 1492*a^2 - 1808*a - 468 -312*a^3 - 28*a^2 + 1382*a + 584 88*a^3 - 1412*a^2 - 1568*a - 320 -1068*a^3 - 2244*a^2 - 1956*a - 624 986*a^3 + 3014*a^2 + 2650*a + 724 -240*a^3 - 236*a^2 - 36*a + 108 -888*a^3 - 2796*a^2 - 2120*a - 364 192*a^3 - 1288*a^2 - 1096*a - 196 384*a^3 + 684*a^2 - 520*a - 432 -316*a^3 + 208*a^2 + 1248*a + 632 -16*a^3 - 988*a^2 - 1224*a - 460 168*a^3 + 732*a^2 + 1584*a + 700 572*a^3 + 2372*a^2 + 440*a - 292 -992*a^3 - 700*a^2 + 116*a + 128 -464*a^3 + 1064*a^2 + 1968*a + 660 560*a^3 - 236*a^2 - 2412*a - 1100 668*a^3 + 256*a^2 - 212*a - 48 8*a^3 - 1020*a^2 - 548*a - 80 1116*a^3 - 124*a^2 - 1512*a - 536 132*a^3 + 1732*a^2 + 1192*a + 116 1152*a^3 + 4356*a^2 + 3260*a + 624 -492*a^3 - 1176*a^2 - 1680*a - 620 -524*a^3 + 508*a^2 + 1120*a + 368 -228*a^3 - 1520*a^2 - 1784*a - 332 76*a^3 - 128*a^2 + 180*a + 120 -48*a^3 + 380*a^2 + 112*a - 116 276*a^3 + 824*a^2 + 208*a - 196 188*a^3 + 16*a^2 - 932*a - 492 -184*a^3 + 268*a^2 + 548*a + 116 200*a^3 + 1268*a^2 + 1492*a + 328 328*a^3 - 1176*a^2 - 1532*a - 428 1116*a^3 - 124*a^2 - 1512*a - 536 120*a^3 + 796*a^2 + 232*a - 60 576*a^3 + 1068*a^2 + 276*a + 4 284*a^3 - 428*a^2 + 308*a + 384 36*a^3 + 904*a^2 + 1636*a + 556 1752*a^3 + 3720*a^2 + 2320*a + 376 -760*a^3 - 3336*a^2 - 3900*a - 1148 328*a^3 + 496*a^2 + 360*a + 204 868*a^3 + 3154*a^2 + 2116*a + 260 -540*a^3 - 480*a^2 - 104*a - 92 -302*a^3 - 1092*a^2 - 1424*a - 318 426*a^3 + 672*a^2 - 166*a - 88 -118*a^3 - 654*a^2 - 424*a - 128 648*a^3 + 1450*a^2 + 730*a + 164 -1066*a^3 - 3054*a^2 - 2770*a - 798 -136*a^3 - 1784*a^2 - 1456*a - 400 12*a^3 + 936*a^2 + 960*a + 176 652*a^3 + 3160*a^2 + 3164*a + 740 -502*a^3 - 660*a^2 + 310*a + 298 92*a^3 - 1444*a^2 - 3416*a - 1340 -224*a^3 + 2656*a^2 + 2432*a + 540 1028*a^3 + 2960*a^2 + 1948*a + 416 288*a^3 - 460*a^2 - 1540*a - 636 648*a^3 + 888*a^2 + 192*a - 160 -728*a^3 - 2716*a^2 - 1880*a - 216 188*a^3 - 1888*a^2 - 2176*a - 464 -220*a^3 - 320*a^2 + 376*a + 204 0 340*a^3 - 556*a^2 - 2036*a - 896 32*a^3 - 12*a^2 - 908*a - 356 -704*a^3 - 844*a^2 + 40*a + 136 360*a^3 + 716*a^2 - 1196*a - 812 -820*a^3 - 3260*a^2 - 1820*a - 152 8*a^3 + 2240*a^2 + 1124*a - 120 -1252*a^3 + 12*a^2 + 1948*a + 768 172*a^3 + 2688*a^2 + 3092*a + 956 -388*a^3 - 4628*a^2 - 4344*a - 1100 -600*a^3 - 2940*a^2 - 2196*a - 356 804*a^3 + 2040*a^2 + 1244*a + 352 168*a^3 + 416*a^2 + 120*a + 56 -524*a^3 - 1164*a^2 - 772*a - 264 108*a^3 - 1496*a^2 - 1156*a - 224 -212*a^3 - 1656*a^2 - 1636*a - 520 488*a^3 - 1096*a^2 - 1292*a - 280 284*a^3 + 3148*a^2 + 3444*a + 988 -144*a^3 - 764*a^2 - 908*a - 320 -328*a^3 - 338*a^2 + 372*a + 118 292*a^3 + 24*a^2 - 136*a - 38 434*a^3 - 622*a^2 - 1122*a - 160 -148*a^3 - 1206*a^2 - 1256*a - 266 76*a^3 - 286*a^2 - 552*a - 202 -308*a^3 - 1128*a^2 - 764*a - 92 942*a^3 + 2884*a^2 + 2488*a + 568 102*a^3 + 1496*a^2 + 1824*a + 622 8*a^3 + 768*a^2 + 1020*a + 222 76*a^3 - 128*a^2 + 180*a + 120 -362*a^3 - 1058*a^2 - 400*a + 26 62*a^3 + 856*a^2 + 1388*a + 426 -120*a^3 + 834*a^2 + 604*a + 40 -732*a^3 - 1932*a^2 - 1198*a - 184 -166*a^3 - 390*a^2 + 12*a + 86 -184*a^3 + 426*a^2 + 1280*a + 438 -128*a^3 + 2444*a^2 + 3024*a + 756 2*a^3 + 184*a^2 + 864*a + 464 -150*a^3 - 1116*a^2 - 1712*a - 738 120*a^3 - 156*a^2 - 390*a - 46 1672*a^2 + 1892*a + 632 1630*a^2 + 836*a - 20 -246*a^3 + 1358*a^2 + 1460*a + 314 -3576*a^2 - 3136*a - 604 over Number field with defining polynomial x^4+6*x^3+3*x^2-2*x-1
a vector of length 191 over Number field with defining polynomial a number field of degree 14
36*a-24 36*a-24 36*a-24 0 0 -60*a-12 108*a-72 -24*a-36 -12*a-18 -18*a+12 78*a -12*a+60 30*a+6 -54*a+36 -24*a-36 -24*a+16 18*a+27 18*a+27 6*a+9 6*a+9 -15*a-3 -27*a+18 -24*a+3 -9*a+6 -30*a-6 -30*a-6 -18*a+12 -18*a+12 -18*a+12 -27*a+18 -27*a+18 42*a-15 6*a+9 18*a-12 30*a+6 -45*a-9 30*a-33 -6*a+4 -8*a+14 -58*a+30 -10*a-2 -2*a+10 0 -10*a-2 -22*a-20 14*a+8 2*a-10 4*a+6 2*a+16 -26*a-26 18*a-12 6*a-4 12*a-8 -8*a-12 20*a+4 20*a+4 18*a-12 -22*a+32 -14*a-8 24*a-16 6*a-4 18*a-12 12*a-8 -18*a+12 6*a-4 14*a-18 -24*a+16 34*a-14 -10*a-2 12*a-8 -20*a+22 -36*a-2 -38*a+8 -30*a+20 -2*a+10 -30*a-6 4*a-20 20*a-22 16*a-2 2*a-10 40*a+8 36*a+2 -18*a+12 34*a+12 -8*a+1 -34*a+14 -16*a+2 12*a-8 28*a+3 10*a-11 5*a+14 -14*a+5 3*a-2 -13 -18*a+12 6*a-4 -a+5 -8*a+1 16*a-2 15*a+3 0 -3*a+2 10*a+2 14*a-5 -9*a+6 -13 -5*a-1 -7*a-17 8*a-1 22*a+7 12*a-8 12*a-8 0 22*a-6 -13*a -a-8 -10*a-2 -10*a-2 10*a+2 6*a-4 34*a-14 8*a-1 2*a+16 5*a+14 -5*a+12 -10*a-28 -a-8 5*a-12 -8*a-12 17*a-7 0 -12*a+8 -15*a-3 7*a+4 -17*a+7 3*a-15 -16*a+2 -10*a-2 33*a-9 -13*a 0 -7*a+9 16*a-2 6*a-4 -2*a+23 -10*a-2 -4*a-6 14*a+8 0 -16*a+2 -14*a+5 16*a-2 -16*a+2 22*a+7 4*a+6 17*a-7 -8*a-12 12*a+5 8*a-1 18*a-12 -6*a+4 12*a+5 -12*a+8 -26*a 11*a-3 13 5*a+1 5*a+1 13 2*a+3 -a-8 -3*a+2 5*a-12 -3*a+2 10*a+2 a+8 -13*a a+8 11*a-3 -7*a+9 5*a+1 -12*a-5 0 2*a+3 2*a-10 5*a+1 -18*a+12 -12*a-5 -13 -5*a-1 -5*a-1 over Number field with defining polynomial x^2+3*x-1
a vector of length 191 over Number field with defining polynomial a number field of degree 45
a vector of length 191 over Number field with defining polynomial a number field of degree 17
a vector of length 191 over Number field with defining polynomial a number field of degree 107
For conductor 5, eigenvectors are:
-a^3 - 4*a^2 + 1 a^3 + 6*a^2 + 4*a + 1 2*a+2 -a^2 - 3*a - 1 2*a^2 + 2*a -a^2 + 3*a + 1 a^3 + 2*a^2 - 2*a - 1 a^3 + 5*a^2 + 1*a a^3 + 7*a^2 + 3*a a^3 + 8*a^2 + 6*a + 1 0 0 a^3 + 4*a^2 - 1 -a^3 - 5*a^2 - 3*a 2*a^2 -a^3 - 4*a^2 + 1 -a^3 - 4*a^2 + 1 0 -a^3 - 5*a^2 + 1*a + 2 4*a+2 a^3 + 5*a^2 + 3*a 0 a^2 - 1*a - 1 4*a+2 a^2 + 3*a + 1 a^3 + 8*a^2 + 2*a - 1 -a^2 + 1*a + 1 a^3 + 4*a^2 - 1 0 -a^3 - 3*a^2 - 1*a -2*a^2 - 2*a a^2 + 1*a + 1 0 a^2 + 3*a + 1 -a^2 + 1*a + 1 0 over Number field with defining polynomial x^4+6*x^3+3*x^2-2*x-1
-2 4*a+6 4 2*a+6 4*a 2*a+6 2*a+4 -2*a-2 2*a-2 2*a+4 0 0 2 2*a+4 -2*a -2 -2 0 2*a+6 2 -2*a-4 0 4 2 -2*a-6 2*a+2 -4 2 0 2 2*a+2 -2*a-4 0 6 -4 0 over Number field with defining polynomial x^2+3*x-1
a vector of length 36 over Number field with defining polynomial a number field of degree 30
For conductor 191, eigenvectors are:
a vector of length 25 over Number field with defining polynomial a number field of degree 23
a+2 0 0 -a-4 a+4 0 -a-2 a+2 2 a+2 0 -a-4 -a-2 -a-4 a+4 a+4 0 0 a+4 a+4 -a-2 0 2 0 0 over Number field with defining polynomial x^2+10*x+20
For conductor 955, eigenvectors are:
a vector of length 156 over Number field with defining polynomial a number field of degree 46
a vector of length 156 over Number field with defining polynomial a number field of degree 110
For conductor 1:
traces of hecke eigenvalues of T_{p^1} are:
15 40 400 1464 2380 5220 7240 12720 25260 30784 52060 70644 81400 106080 151740 208920 230764 305320 363024 394420 499360 578760 712980 922180 
computing eigenvalues for k = 1, took 19.851756 sec
traces of hecke eigenvalues of T_{p^2} are:
30 120 2800 
computing eigenvalues for k = 2, took 0.258496 sec
traces of hecke eigenvalues of T_{p^1} are:
2 14 62 164 144 332 480 474 820 884 1672 1744 2334 1742 2864 4040 3264 4682 5524 4524 6920 7254 7860 9892 
computing eigenvalues for k = 1, took 19.958222 sec
traces of hecke eigenvalues of T_{p^2} are:
-9 16 96 
computing eigenvalues for k = 2, took 0.261592 sec
traces of hecke eigenvalues of T_{p^1} are:
-6 -10 10 126 -136 -22 -116 256 206 204 220 782 -578 844 -1798 430 -1108 184 1044 -2024 2040 2090 -1344 -2690 
computing eigenvalues for k = 1, took 19.997685 sec
traces of hecke eigenvalues of T_{p^2} are:
2 -12 26 
computing eigenvalues for k = 2, took 0.272138 sec
traces of hecke eigenvalues of T_{p^1} are:
-56 34 105 415 -285 602 1780 -1391 -526 -1047 3428 964 6360 -8371 -237 7472 -4568 692 3993 -8058 10296 2620 -854 7538 
computing eigenvalues for k = 1, took 19.964104 sec
traces of hecke eigenvalues of T_{p^2} are:
42 116 690 
computing eigenvalues for k = 2, took 0.254660 sec
traces of hecke eigenvalues of T_{p^1} are:
-3 -6 -23 93 -19 16 48 25 118 -133 -556 -290 16 225 1789 40 24 1456 367 1258 68 -2300 -2028 -1056 
computing eigenvalues for k = 1, took 19.951812 sec
traces of hecke eigenvalues of T_{p^2} are:
-5 12 2 
computing eigenvalues for k = 2, took 0.260700 sec
traces of hecke eigenvalues of T_{p^1} are:
263 536 2514 5740 8308 13712 16898 24704 37718 44368 62364 75988 85168 101558 126276 156284 168142 202700 226812 245540 281030 311506 355094 429420 
computing eigenvalues for k = 1, took 20.628770 sec
traces of hecke eigenvalues of T_{p^2} are:
114 344 2112 
computing eigenvalues for k = 2, took 0.306031 sec
traces of hecke eigenvalues of T_{p^1} are:
98 193 914 2190 2833 4897 6060 9205 14358 16218 23472 28190 31379 37740 49190 60773 62236 77589 87502 90000 106229 119670 134410 156763 
computing eigenvalues for k = 1, took 20.312201 sec
traces of hecke eigenvalues of T_{p^2} are:
39 92 512 
computing eigenvalues for k = 2, took 0.256298 sec
traces of hecke eigenvalues of T_{p^1} are:
-10 57 213 124 506 -1448 2149 174 -685 6063 -937 220 2335 2979 -5169 4837 13508 8170 8446 12215 10944 34 8841 6433 
computing eigenvalues for k = 1, took 26.732744 sec
traces of hecke eigenvalues of T_{p^2} are:
-78 -240 -641 
computing eigenvalues for k = 2, took 1.100241 sec
For conductor 5:
traces of hecke eigenvalues of T_{p^1} are:
-6 -10 10 126 -136 -22 -116 256 206 204 220 782 -578 844 -1798 430 -1108 184 1044 -2024 2040 2090 -1344 -2690 
computing eigenvalues for k = 1, took 435.179728 sec
traces of hecke eigenvalues of T_{p^2} are:
2 -12 26 
computing eigenvalues for k = 2, took 0.492352 sec
traces of hecke eigenvalues of T_{p^1} are:
-3 -6 -23 93 -19 16 48 25 118 -133 -556 -290 16 225 1789 40 24 1456 367 1258 68 -2300 -2028 -1056 
computing eigenvalues for k = 1, took 433.513413 sec
traces of hecke eigenvalues of T_{p^2} are:
-5 12 2 
computing eigenvalues for k = 2, took 0.494538 sec
traces of hecke eigenvalues of T_{p^1} are:
-74 -166 -502 -257 -501 -253 -668 -575 816 -1077 -2371 1873 -3693 -2580 434 378 -901 -11609 1988 -6556 -4673 -8359 4981 -5100 
computing eigenvalues for k = 1, took 430.204540 sec
traces of hecke eigenvalues of T_{p^2} are:
27 78 343 
computing eigenvalues for k = 2, took 0.490254 sec
For conductor 191:
traces of hecke eigenvalues of T_{p^1} are:
-46 -117 -259 -446 -104 414 -1241 868 -503 -1923 -1031 -794 -1365 681 1415 -4697 -1922 -3128 -2904 3203 -7524 3220 -1871 -707 
computing eigenvalues for k = 1, took 724.601812 sec
traces of hecke eigenvalues of T_{p^2} are:
20 60 1 
computing eigenvalues for k = 2, took 0.497135 sec
traces of hecke eigenvalues of T_{p^1} are:
-10 -2 5 53 -167 52 86 -179 -100 -371 606 -284 1228 -887 57 1708 -2012 252 1037 -3216 884 1062 -1902 -4 
computing eigenvalues for k = 1, took 716.178868 sec
traces of hecke eigenvalues of T_{p^2} are:
10 12 90 
computing eigenvalues for k = 2, took 0.499374 sec
For conductor 955:
traces of hecke eigenvalues of T_{p^1} are:
257 530 2464 5860 7980 13428 17278 24874 38390 45292 62576 77752 85646 102080 127900 162364 172654 208270 233184 243820 288222 316404 364654 430476 
computing eigenvalues for k = 1, took 144.880075 sec
traces of hecke eigenvalues of T_{p^2} are:
81 280 1312 
computing eigenvalues for k = 2, took 0.533392 sec
traces of hecke eigenvalues of T_{p^1} are:
-15 135 346 -251 718 -130 1462 638 -3020 3375 3333 -1621 8132 3654 2666 1455 2967 14080 -1178 16304 5034 5065 -12795 12423 
computing eigenvalues for k = 1, took 149.812494 sec
traces of hecke eigenvalues of T_{p^2} are:
-56 -98 -355 
computing eigenvalues for k = 2, took 1.195950 sec
