constructing eigenvector for poly
x-15
constructing eigenvector for poly
x-2
constructing eigenvector for poly
x-1
constructing eigenvector for poly
x^2-16*x+61
constructing eigenvector for poly
x^2-10*x+19
computing eigenvectors took 0.018409 sec
For conductor 1, eigenvectors are:
-1 -1 -1 -1 -1 over Number field with defining polynomial x-15
-30 9 9 -4 -4 over Number field with defining polynomial x-2
30 -12 9 2 -5 over Number field with defining polynomial x-1
20*a-160 6*a-42 -a+5 6 -2*a+10 over Number field with defining polynomial x^2-16*x+61
For conductor 5, eigenvectors are:
For conductor 13, eigenvectors are:
For conductor 65, eigenvectors are:
3 a-5 over Number field with defining polynomial x^2-10*x+19
For conductor 1:
traces of hecke eigenvalues of T_{p^1} are:
15 40 400 1464 5220 7240 12720 25260 30784 52060 70644 81400 106080 151740 208920 230764 305320 363024 394420 499360 578760 712980 922180 
computing eigenvalues for k = 1, took 8.631015 sec
traces of hecke eigenvalues of T_{p^2} are:
30 120 2800 
computing eigenvalues for k = 2, took 0.116431 sec
traces of hecke eigenvalues of T_{p^1} are:
2 14 62 164 332 480 474 820 884 1672 1744 2334 1742 2864 4040 3264 4682 5524 4524 6920 7254 7860 9892 
computing eigenvalues for k = 1, took 8.796004 sec
traces of hecke eigenvalues of T_{p^2} are:
-9 16 96 
computing eigenvalues for k = 2, took 0.117405 sec
traces of hecke eigenvalues of T_{p^1} are:
1 5 43 106 383 254 456 788 1188 1275 2058 1691 2151 2430 3246 3726 5034 5121 5500 7624 6664 6820 9576 
computing eigenvalues for k = 1, took 8.761416 sec
traces of hecke eigenvalues of T_{p^2} are:
-12 -20 -56 
computing eigenvalues for k = 2, took 0.115970 sec
traces of hecke eigenvalues of T_{p^1} are:
16 14 76 254 508 746 1138 1856 1878 2908 3324 3062 4052 5172 7422 7296 9104 10458 10468 11772 15076 18200 18760 
computing eigenvalues for k = 1, took 8.843668 sec
traces of hecke eigenvalues of T_{p^2} are:
18 -24 -192 
computing eigenvalues for k = 2, took 0.119155 sec
For conductor 5:
For conductor 13:
For conductor 65:
traces of hecke eigenvalues of T_{p^1} are:
10 20 92 160 664 760 1092 1756 1520 2724 3264 3420 4820 6472 6600 7580 8996 9744 11548 13096 13444 16288 18288 
computing eigenvalues for k = 1, took 140.408987 sec
traces of hecke eigenvalues of T_{p^2} are:
0 0 -64 
computing eigenvalues for k = 2, took 0.458102 sec
