constructing eigenvector for poly
x-15
constructing eigenvector for poly
x+2
constructing eigenvector for poly
x-2
constructing eigenvector for poly
x^2+3*x-1
constructing eigenvector for poly
x^12+44*x^11+812*x^10+8104*x^9+46672*x^8+149600*x^7+207168*x^6-118912*x^5-647936*x^4-401920*x^3+250880*x^2+278528*x+53248
constructing eigenvector for poly
x^15-83*x^14+3136*x^13-71421*x^12+1094296*x^11-11921809*x^10+95169836*x^9-565289347*x^8+2511011707*x^7-8311069876*x^6+20243201600*x^5-35448149896*x^4+42917301824*x^3-33621134688*x^2+15050560000*x-2845000192
constructing eigenvector for poly
x^80-30*x^79-28*x^78+9717*x^77-70808*x^76-1254324*x^75+16892784*x^74+67248567*x^73-1960080647*x^72+1667787988*x^71+139465480937*x^70-547564780065*x^69-6421914177680*x^68+45389275375267*x^67+179290098558530*x^66-2294333926060912*x^65-1536684422006671*x^64+80498440594142165*x^63-114016525467407771*x^62-2026164504445990768*x^61+6560679563562051534*x^60+35817998054839716602*x^59-198617209375157163025*x^58-387666352570946247491*x^57+4145868737750411704900*x^56+422100431043328655270*x^55-63474409511043698123611*x^54+78181109740337844562508*x^53+717034051729403368129979*x^52-1802443492718724974849844*x^51-5717451823545847004435571*x^50+24603382027725613815491875*x^49+26389691792799261450156350*x^48-238125781862911772976623162*x^47+30774598948076526843878326*x^46+1701687411274467809363646702*x^45-1785869462331510821365167415*x^44-8902960181682049004707776643*x^43+17779794052612177668730355685*x^42+31841701120809505676912485543*x^41-110599823033819605327778883795*x^40-56369404076475452565784511592*x^39+488992125821562595254279799516*x^38-132626255059722260461122253420*x^37-1575133575453642139269692248103*x^36+1422649486405032929081214371341*x^35+3613989715455228589646926462908*x^34-5812735109389637184483510403993*x^33-5331677565939568578079873769425*x^32+15383075917716725513841800396868*x^31+2725591550296112225513589944723*x^30-28739352577139781731118767810559*x^29+8562863208728629414966758677509*x^28+38405727219156418182437165624038*x^27-26674655796421481698475135482928*x^26-35761005158784266464602875318375*x^25+41076708375057862283374569077150*x^24+21078996445377216428826423370645*x^23-41698792662041012458294257189137*x^22-4764241913642831759267644622654*x^21+29797904646945133025829757111161*x^20-3843992674006884589672944446565*x^19-15324904274171008091747292968732*x^18+4590024272166968872434464172075*x^17+5725830979249459395334424458369*x^16-2467890702012872550041493716020*x^15-1567277690509708565553229959862*x^14+838839668569569041314459477424*x^13+319611517896306971644752294915*x^12-192797544227616243582033862387*x^11-50180038224169620612429860331*x^10+30163399324285905711764416965*x^9+6289323836035393906543373667*x^8-3102439434835324233599360751*x^7-618694025412680149569116129*x^6+189583387037287695672328620*x^5+41846980368630319000036053*x^4-5154402108948245468950086*x^3-1449078064914790359357570*x^2-1991619121954361704907*x+9992566412076505108274
constructing eigenvector for poly
x^44-259*x^43+32515*x^42-2636155*x^41+155159871*x^40-7066230116*x^39+259153985353*x^38-7865733869185*x^37+201503368594529*x^36-4421821499052627*x^35+84070394300198187*x^34-1397334640759244210*x^33+20449304093206348764*x^32-265018529388014761566*x^31+3055708820346867181152*x^30-31463997580446317182362*x^29+290192182951894489277676*x^28-2403007336115112952042317*x^27+17898220455588820344992053*x^26-120067258792644431284317435*x^25+726073015214271379920461019*x^24-3959843739043634827706482500*x^23+19478164434818769600818593369*x^22-86388167774875777533553526633*x^21+345219679136125339551221010873*x^20-1241659663207504176420610633125*x^19+4013573473799845535982656771025*x^18-11637281150885582069720002713464*x^17+30194777796955992274089057042010*x^16-69906410103777663241229124205370*x^15+143912732247387023373784346033094*x^14-262348958264277927607347284484508*x^13+421420257172728060278067471101001*x^12-592998497502361352944689108944024*x^11+725828984644426786814668206894340*x^10-766234641946653698139835832146752*x^9+690427862446509737235012559406560*x^8-524192507312421442537854960351712*x^7+329876640795219280709020326890624*x^6-168415006855431319811617518374144*x^5+67747751541424570398191382615040*x^4-20588452074834507600084993537536*x^3+4424844558824721404448621983744*x^2-596794074407031010079486928896*x+37812677456563575212934467584
constructing eigenvector for poly
x+2
constructing eigenvector for poly
x^2+3*x-1
constructing eigenvector for poly
x^14+29*x^13+350*x^12+2242*x^11+7816*x^10+11620*x^9-11521*x^8-68808*x^7-68254*x^6+67705*x^5+149549*x^4+7817*x^3-94161*x^2-13727*x+20798
constructing eigenvector for poly
x+8
constructing eigenvector for poly
x^2+10*x+20
constructing eigenvector for poly
x^20+45*x^19+904*x^18+10672*x^17+81746*x^16+420220*x^15+1419704*x^14+2706005*x^13-33874*x^12-17494225*x^11-58263763*x^10-108522375*x^9-130233272*x^8-100900461*x^7-46006294*x^6-7666163*x^5+3124547*x^4+1757295*x^3+179221*x^2-52261*x-10184
constructing eigenvector for poly
x^91+11*x^90-530*x^89-5738*x^88+134286*x^87+1414448*x^86-21677055*x^85-219332418*x^84+2505445428*x^83+24027037985*x^82-220797362434*x^81-1979706852086*x^80+15419804562850*x^79+127551313737642*x^78-875340453857043*x^77-6596314337669375*x^76+41103673338632314*x^75+278924704526243023*x^74-1616453662779297838*x^73-9775416742334811452*x^72+53716476187498479828*x^71+286861416374233193190*x^70-1518324081772547371460*x^69-7103558985598580739830*x^68+36682050221547221829471*x^67+149332754635166440554633*x^66-760259842203291915036661*x^65-2677571107745026598770024*x^64+13554337396268670097078975*x^63+41099094024269311691958004*x^62-208296391262332935871953160*x^61-541636509462230640524760613*x^60+2763139196412572640213598924*x^59+6143640818938124005082029761*x^58-31671017213813566555293118932*x^57-60105431163847034141058244661*x^56+313830352720196527449218612771*x^55+508230510393636333023898793402*x^54-2688837636760566133887668336906*x^53-3722291957810417438682704642909*x^52+19914255727411761999134679983820*x^51+23672864597038088258937148455219*x^50-127411722001674115881224616402060*x^49-131124299716495054369342503742126*x^48+703430323841057382986492146231102*x^47+634794523524413012995488539992322*x^46-3345753059105637765103717471045103*x^45-2696174239680311072646699013109154*x^44+13678889449846286858030162306645830*x^43+10081458469032092608510021013426884*x^42-47926757117739513845084926149654956*x^41-33254603843632513713831581338853948*x^40+143328518324766739252880810130217843*x^39+96712843468020944974587227101836298*x^38-363924990345185361856053240721452780*x^37-246944218556456343523789742842008753*x^36+779043469923507800920550078570939788*x^35+549107467947570252978532733131404473*x^34-1392772611753523840375429434994084181*x^33-1050913888875656334687235391444905960*x^32+2052690791472651960849445934756358422*x^31+1706025019151361068547224343062535750*x^30-2447861747812306241215934398243005498*x^29-2309556065086671504997277691733795324*x^28+2294710108004613802891262844182976852*x^27+2556875856821586258696078903719822948*x^26-1606648342301270230035195936726211481*x^25-2261992994088444383208842610513781118*x^24+746278957154183553107111108913030272*x^23+1553413711068487462158340035609863634*x^22-131517926380895313245437239560389662*x^21-796011783559780603332501683988037059*x^20-98940342995586095463100263842169242*x^19+286279614399399389141984871380058496*x^18+92198263780247085076647771546076960*x^17-64157405358912232661383270087920139*x^16-36686459251035809758372765664014657*x^15+5984730939405953288679394712426121*x^14+7915431413521477459942107270613933*x^13+744682856498927938528107420111060*x^12-836768138330709802670533975768414*x^11-240538067143205885715808827186364*x^10+22124506793003555738154841420027*x^9+18749501926213706523730728589923*x^8+1809892382941401703868526536780*x^7-450053366921983586170164567472*x^6-109455069291210345077769417160*x^5-3426367133642436809674174464*x^4+1284531803653678147340022688*x^3+166107223932513530201653248*x^2+7528056963318771032947200*x+105834595898051543388160
constructing eigenvector for poly
x+8
constructing eigenvector for poly
x^33-193*x^32+17885*x^31-1059701*x^30+45103331*x^29-1468830434*x^28+38066090251*x^27-806184625859*x^26+14218589728825*x^25-211752768860841*x^24+2690730383558889*x^23-29403393413583989*x^22+277964265391716977*x^21-2283261517263108279*x^20+16347731035749231209*x^19-102230741110700747685*x^18+558975470046653130322*x^17-2672786244246017951610*x^16+11168370279396399585862*x^15-40717524915851431476530*x^14+129196359463287893020896*x^13-355525861810775122516547*x^12+844548525859992462102432*x^11-1721516220946831011939132*x^10+2988315948360065231521024*x^9-4375006747525194666753920*x^8+5335984081936300109519648*x^7-5335774954042437396080896*x^6+4282772121781103866173184*x^5-2680078156778624813442048*x^4+1253530778546635281953280*x^3-410066673924065035407360*x^2+83204178055171320965120*x-7832679729419089326080
computing eigenvectors took 7.086493 sec
For conductor 1, eigenvectors are:
-1 -1 -1 -1 -1 -1 -1 -1 -1 -1 -1 -1 -1 -1 -1 -1 -1 -1 -1 -1 -1 -1 -1 -1 -1 -1 -1 -1 -1 -1 -1 -1 -1 -1 -1 -1 -1 -1 -1 -1 -1 -1 -1 -1 -1 -1 -1 -1 -1 -1 -1 -1 -1 -1 -1 -1 -1 -1 -1 -1 -1 -1 -1 -1 -1 -1 -1 -1 -1 -1 -1 -1 -1 -1 -1 -1 -1 -1 -1 -1 -1 -1 -1 -1 -1 -1 -1 -1 -1 -1 -1 -1 -1 -1 -1 -1 -1 -1 -1 -1 -1 -1 -1 -1 -1 -1 -1 -1 -1 -1 -1 -1 -1 -1 -1 -1 -1 -1 -1 -1 -1 -1 -1 -1 -1 -1 -1 -1 -1 -1 -1 -1 -1 -1 -1 -1 -1 -1 -1 -1 -1 -1 -1 -1 -1 -1 -1 -1 -1 -1 -1 -1 -1 -1 -1 -1 over Number field with defining polynomial x-15
0 48 -48 0 0 64 0 24 0 0 -12 -12 -12 -48 -12 0 0 24 -12 0 0 -16 32 40 36 -6 18 0 0 -12 24 -6 18 18 18 -42 6 6 24 -24 -36 -16 -8 0 16 -4 24 -32 -16 48 4 0 -8 32 8 20 20 0 -8 -8 -28 -8 0 12 -12 12 -16 -16 -8 -16 16 48 -6 -4 8 -6 16 8 -4 8 -2 -18 -10 -6 -12 -18 -18 -6 -12 -4 -2 20 12 -4 0 0 -20 -14 -16 -20 -4 22 -16 8 -10 6 -20 -2 8 14 0 4 10 -4 10 4 -6 -10 0 -2 2 -2 -18 18 -10 -6 -16 -2 16 10 -4 2 2 0 14 -4 -14 18 -6 -7 5 12 4 -10 -5 3 20 -3 -13 6 16 -6 -5 -3 20 -2 over Number field with defining polynomial x+2
-830 106 106 249 -76 132 -128 -11 -89 93 -128 67 93 67 -102 -89 -167 67 -50 -37 -128 -76 2 -50 -50 2 2 67 41 2 -50 -50 -11 -76 28 2 80 106 106 -76 41 28 28 2 2 -37 28 -63 41 -37 -76 41 41 -11 54 -128 -37 28 -37 -24 54 -50 -37 -76 -37 41 2 -76 -24 54 2 80 -24 28 -37 -24 54 -37 15 15 -11 2 67 -24 -11 -11 54 -63 28 2 28 -24 -50 28 2 28 -76 -50 28 67 41 -11 -50 54 2 80 -37 80 41 2 54 28 -11 -11 15 15 15 -50 -24 106 15 -37 -37 -24 54 28 -11 41 -50 -37 15 -11 2 41 2 -24 2 -37 2 2 -11 -11 2 -24 54 -50 15 -24 -11 28 -50 -24 41 -11 28 -24 over Number field with defining polynomial x-2
0 -12*a+12 12*a-12 0 0 16*a+32 0 -12*a-24 -6*a-30 0 6*a+12 6*a+12 6*a+12 -12*a-24 6*a+12 -12*a-60 0 -18 6*a+12 0 0 8*a+16 -4*a-8 16*a+32 -6*a-3 3*a+6 0 0 0 -12*a+3 -6*a+6 3*a+6 0 0 0 3*a+33 3*a-3 3*a-3 -12*a-24 18*a+27 18*a+36 12 6 4*a+20 -2*a-4 -10*a-20 -2*a-10 6 8*a+16 8*a+4 -4*a+4 -6*a-12 -2*a-22 -2*a+2 12 -6 -6 2*a-8 -2*a-4 -8*a-34 12 6 -8*a-4 -6*a-30 -4*a-2 -6*a-12 8*a+16 6*a+6 -8*a-16 -10*a-20 -10*a-44 12*a+24 -3*a-6 -a-2 2*a+4 a-4 6 -2*a+2 3*a+18 3 6 a-4 -a-2 2*a+10 0 -9 -2*a-10 2*a+10 -2*a-10 -6*a-18 -a-8 -2*a+2 0 -3*a-12 -7*a-8 4*a+11 4*a+8 -3 2*a+4 6*a+9 -a-2 -5*a-10 -2*a+2 4*a+14 -a-2 2*a+1 3*a+12 6 -6 -3*a-12 5*a+7 -4*a-14 -a+1 6*a+24 -3 -4*a-14 -a-5 a+8 6*a+21 -a+1 4*a+14 -5*a-19 -2*a-10 13*a+29 a+8 -a-5 -a-2 -a+1 2*a+7 a+2 2*a+4 -2*a-16 2*a-5 0 12 a-1 -a-8 -2*a-1 -3*a-6 a+8 3*a+9 4*a+11 6 a+8 -3 2*a+1 3 -a-5 -a-2 -2*a-10 2*a-2 -4*a-11 -3 -a-5 3 -3*a-9 over Number field with defining polynomial x^2+3*x-1
a vector of length 156 over Number field with defining polynomial a number field of degree 12
a vector of length 156 over Number field with defining polynomial a number field of degree 15
a vector of length 156 over Number field with defining polynomial a number field of degree 80
a vector of length 156 over Number field with defining polynomial a number field of degree 44
For conductor 5, eigenvectors are:
-1 -1 2 0 0 1 1 2 -1 -1 0 2 0 1 -1 2 0 over Number field with defining polynomial x+2
a a a 0 0 -1 -a a a a -a+1 1 -a+1 -1 a a 0 over Number field with defining polynomial x^2+3*x-1
a vector of length 17 over Number field with defining polynomial a number field of degree 14
For conductor 167, eigenvectors are:
-2 -2 -6 -4 2 0 -1 1 2 -4 -2 1 1 2 -1 1 2 -2 -2 1 1 -2 -2 over Number field with defining polynomial x+8
-2 2 a+6 -2 a+8 -a-8 a+6 2 -2 0 0 0 0 -a-6 0 0 a+6 0 2 0 a+6 0 -a-6 over Number field with defining polynomial x^2+10*x+20
a vector of length 23 over Number field with defining polynomial a number field of degree 20
For conductor 835, eigenvectors are:
a vector of length 125 over Number field with defining polynomial a number field of degree 91
0 0 0 0 0 0 0 0 0 -6 -6 0 0 0 0 -6 6 -6 6 -6 6 6 0 0 0 0 0 0 0 0 0 0 4 0 0 0 0 0 0 4 -4 0 0 0 0 0 0 0 0 -2 0 0 0 0 -2 -2 2 2 0 2 -2 2 0 0 0 0 0 0 0 0 0 0 0 0 2 -2 0 2 0 2 0 -2 0 -2 0 2 2 0 -2 2 2 -2 2 2 -2 0 -2 0 2 0 -2 2 0 -2 0 -2 2 -2 1 -1 0 0 0 -1 -1 0 1 1 0 0 0 -1 -1 0 0 over Number field with defining polynomial x+8
a vector of length 125 over Number field with defining polynomial a number field of degree 33
For conductor 1:
traces of hecke eigenvalues of T_{p^1} are:
15 40 400 1464 2380 5220 7240 12720 25260 30784 52060 70644 81400 106080 151740 208920 230764 305320 363024 394420 499360 578760 712980 922180 
computing eigenvalues for k = 1, took 250.361827 sec
traces of hecke eigenvalues of T_{p^2} are:
30 120 2800 
computing eigenvalues for k = 2, took 0.249288 sec
traces of hecke eigenvalues of T_{p^1} are:
-2 0 2 -14 -34 -15 16 155 40 -152 -166 174 566 -86 -6 600 280 -652 889 156 -579 -838 263 242 
computing eigenvalues for k = 1, took 15.752275 sec
traces of hecke eigenvalues of T_{p^2} are:
2 -17 7 
computing eigenvalues for k = 2, took 0.210741 sec
traces of hecke eigenvalues of T_{p^1} are:
2 14 62 164 144 332 480 474 820 884 1672 1744 2334 1742 2864 4040 3264 4682 5524 4524 6920 7254 7860 9892 
computing eigenvalues for k = 1, took 260.519760 sec
traces of hecke eigenvalues of T_{p^2} are:
-9 16 96 
computing eigenvalues for k = 2, took 0.251164 sec
traces of hecke eigenvalues of T_{p^1} are:
-3 -9 3 92 -41 95 -80 189 -220 -2 -112 -234 -286 286 66 -150 -124 372 293 45 -390 1918 -982 1243 
computing eigenvalues for k = 1, took 15.663825 sec
traces of hecke eigenvalues of T_{p^2} are:
-3 12 -56 
computing eigenvalues for k = 2, took 0.214418 sec
traces of hecke eigenvalues of T_{p^1} are:
-44 33 149 384 -339 363 1200 -913 -774 -1234 4450 -310 5562 -6074 554 4348 -6094 3388 4305 -6083 7200 2056 -2868 11713 
computing eigenvalues for k = 1, took 15.684741 sec
traces of hecke eigenvalues of T_{p^2} are:
28 102 642 
computing eigenvalues for k = 2, took 0.216967 sec
traces of hecke eigenvalues of T_{p^1} are:
83 167 755 1941 2588 4436 5485 8130 12589 14431 19636 25542 27796 33991 43208 53350 56809 66434 77616 78530 94036 107016 118739 136279 
computing eigenvalues for k = 1, took 266.610365 sec
traces of hecke eigenvalues of T_{p^2} are:
24 68 40 
computing eigenvalues for k = 2, took 0.276014 sec
traces of hecke eigenvalues of T_{p^1} are:
30 65 285 -467 782 -252 725 658 -725 2230 1508 -1440 4851 6428 1271 -1892 3455 14750 -5845 11241 7944 5302 -10802 -676 
computing eigenvalues for k = 1, took 17.713392 sec
traces of hecke eigenvalues of T_{p^2} are:
-66 -118 -225 
computing eigenvalues for k = 2, took 0.470511 sec
traces of hecke eigenvalues of T_{p^1} are:
259 512 2431 5728 7789 13044 16700 23784 37814 43841 61219 75120 82136 97181 121894 153379 166468 198439 224448 236131 277342 300717 349143 415137 
computing eigenvalues for k = 1, took 275.757511 sec
traces of hecke eigenvalues of T_{p^2} are:
117 288 1848 
computing eigenvalues for k = 2, took 0.285405 sec
For conductor 5:
traces of hecke eigenvalues of T_{p^1} are:
-2 0 2 -14 -34 -15 16 155 40 -152 -166 174 566 -86 -6 600 280 -652 889 156 -579 -838 263 242 
computing eigenvalues for k = 1, took 743.861495 sec
traces of hecke eigenvalues of T_{p^2} are:
2 -17 7 
computing eigenvalues for k = 2, took 0.470764 sec
traces of hecke eigenvalues of T_{p^1} are:
-3 -9 3 92 -41 95 -80 189 -220 -2 -112 -234 -286 286 66 -150 -124 372 293 45 -390 1918 -982 1243 
computing eigenvalues for k = 1, took 737.686563 sec
traces of hecke eigenvalues of T_{p^2} are:
-3 12 -56 
computing eigenvalues for k = 2, took 0.451527 sec
traces of hecke eigenvalues of T_{p^1} are:
-29 -79 -146 -322 15 184 -759 247 -91 -1246 53 -198 -2366 526 1068 -574 -2742 -2731 -3522 1847 -3238 2859 130 949 
computing eigenvalues for k = 1, took 730.986524 sec
traces of hecke eigenvalues of T_{p^2} are:
19 64 61 
computing eigenvalues for k = 2, took 0.461479 sec
For conductor 167:
traces of hecke eigenvalues of T_{p^1} are:
-8 -10 -14 -22 -4 -47 -12 41 50 -504 -102 174 30 42 156 -252 472 106 -481 -744 927 -632 -297 2 
computing eigenvalues for k = 1, took 416.835208 sec
traces of hecke eigenvalues of T_{p^2} are:
10 11 -9 
computing eigenvalues for k = 2, took 0.476301 sec
traces of hecke eigenvalues of T_{p^1} are:
-10 1 -23 64 -141 -33 200 -133 132 -30 88 126 626 -370 -526 882 -1036 -16 43 -3143 1358 398 -478 -1265 
computing eigenvalues for k = 1, took 416.056409 sec
traces of hecke eigenvalues of T_{p^2} are:
10 14 66 
computing eigenvalues for k = 2, took 0.484217 sec
traces of hecke eigenvalues of T_{p^1} are:
-45 -120 -332 -93 -345 95 -531 -537 981 -300 -1424 1882 -4237 -1178 -1441 434 -523 -5638 202 552 -2292 -4742 3794 -71 
computing eigenvalues for k = 1, took 442.994022 sec
traces of hecke eigenvalues of T_{p^2} are:
5 60 183 
computing eigenvalues for k = 2, took 0.504521 sec
For conductor 835:
traces of hecke eigenvalues of T_{p^1} are:
-11 15 206 265 180 -1209 2082 -656 860 3757 -201 264 5908 -1443 -4150 7224 8717 13119 6339 4686 17238 -2161 -4185 -1821 
computing eigenvalues for k = 1, took 151.437121 sec
traces of hecke eigenvalues of T_{p^2} are:
-70 -150 -655 
computing eigenvalues for k = 2, took 0.890551 sec
traces of hecke eigenvalues of T_{p^1} are:
-8 -10 -14 -22 -4 -47 -12 41 50 -504 -102 174 30 42 156 -252 472 106 -481 -744 927 -632 -297 2 
computing eigenvalues for k = 1, took 226.528113 sec
traces of hecke eigenvalues of T_{p^2} are:
10 11 -9 
computing eigenvalues for k = 2, took 0.487726 sec
traces of hecke eigenvalues of T_{p^1} are:
193 380 1819 4168 5839 9656 12196 17804 27812 32097 45781 55068 62116 73333 92838 114977 121530 150341 164948 178753 207158 227899 260049 310595 
computing eigenvalues for k = 1, took 150.594561 sec
traces of hecke eigenvalues of T_{p^2} are:
84 200 1352 
computing eigenvalues for k = 2, took 0.528802 sec
