constructing eigenvector for poly
x-15
constructing eigenvector for poly
x^2-13*x+38
constructing eigenvector for poly
x^2-7*x+8
constructing eigenvector for poly
x^4-6*x^3-5*x^2+42*x-36
constructing eigenvector for poly
x^18+17*x^17+41*x^16-624*x^15-2709*x^14+8493*x^13+48943*x^12-49304*x^11-408690*x^10+81390*x^9+1698908*x^8+196786*x^7-3362759*x^6-293245*x^5+2982633*x^4-419026*x^3-738123*x^2+242649*x-17253
constructing eigenvector for poly
x^23-133*x^22+8316*x^21-324964*x^20+8899230*x^19-181526860*x^18+2861635946*x^17-35703036220*x^16+358134980296*x^15-2918088472275*x^14+19434180728204*x^13-106109080649228*x^12+475052786844018*x^11-1739688135887942*x^10+5184488611386282*x^9-12471363855916588*x^8+23934273937535431*x^7-36055989457081118*x^6+41690695622895812*x^5-35850081960108224*x^4+21891306386240576*x^3-8831044950714464*x^2+2071873819779904*x-210592368972800
constructing eigenvector for poly
x^2+7*x+11
constructing eigenvector for poly
x^2+8*x+11
constructing eigenvector for poly
x^2+7*x+11
constructing eigenvector for poly
x^2-15*x+52
constructing eigenvector for poly
x^18-100*x^17+4628*x^16-131573*x^15+2572104*x^14-36671134*x^13+394640233*x^12-3272917612*x^11+21170876260*x^10-107409887824*x^9+427533781575*x^8-1328755946707*x^7+3191773391131*x^6-5826488852234*x^5+7875533513044*x^4-7572168525840*x^3+4851177074272*x^2-1836321322592*x+306668590272
constructing eigenvector for poly
x^18+10*x^17-25*x^16-469*x^15-222*x^14+7591*x^13+9198*x^12-56226*x^11-79424*x^10+215290*x^9+303190*x^8-432764*x^7-561663*x^6+413732*x^5+463933*x^4-129013*x^3-112468*x^2-6759*x+648
computing eigenvectors took 0.260318 sec
For conductor 1, eigenvectors are:
-1 -1 -1 -1 -1 -1 -1 -1 -1 -1 -1 -1 -1 -1 -1 -1 -1 -1 -1 -1 -1 -1 -1 -1 -1 -1 -1 -1 -1 -1 -1 -1 -1 -1 -1 -1 -1 -1 -1 -1 -1 -1 -1 -1 -1 -1 -1 -1 -1 -1 over Number field with defining polynomial x-15
-210*a+1590 180*a-1200 36*a-468 24*a-84 28*a-212 30*a-276 -9*a+3 -15*a+195 -42*a+90 63*a-363 63*a-363 -20*a+32 -9*a+3 -28*a+288 -9*a+3 30*a-276 30*a-276 24*a-84 -15*a+195 -15*a+195 -48*a+282 30*a-276 -15*a+195 -15*a+195 30*a-276 -13*a+131 2*a-26 17*a-183 15*a-119 6*a-154 54*a-398 2*a-26 38 24*a-84 -39*a+317 2*a-26 -24*a+160 -22*a+96 28*a-212 -24*a+160 4*a-90 38 37*a-177 15*a-119 -11*a+67 -37*a+253 -11*a+67 26*a-148 38 -11*a+67 over Number field with defining polynomial x^2-13*x+38
28*a-140 56 2*a-6 -10*a+46 -8*a+48 15*a-73 -6*a+50 -14*a+42 3*a+11 -9*a+47 13*a-59 2*a-6 -10*a+46 -6*a+34 -a-9 17*a-71 -7*a+33 -7*a+33 -2*a-10 16*a-88 -2*a+38 8*a-48 -a-9 a-7 a-23 -4*a+20 -12*a+44 -8 7*a-17 -3*a+5 -a-9 3*a-21 4*a-20 -2*a+22 6*a-34 -3*a+21 -9*a+47 3*a-21 6*a-34 2*a-6 -6*a+18 2*a-6 -2*a+6 -a+7 3*a-5 -2*a+6 2*a-6 a-7 8 -a+7 over Number field with defining polynomial x^2-7*x+8
0 0 -24*a^3 + 288*a^2 - 888*a + 720 -24*a^3 + 192*a^2 - 312*a + 144 -16*a^3 + 128*a^2 - 144*a -12*a^3 + 96*a^2 - 60*a - 72 -12*a^3 + 60*a^2 + 48*a - 144 0 -12*a^3 + 72*a^2 - 132*a + 72 12*a^3 - 96*a^2 + 156*a - 72 12*a^3 - 96*a^2 + 156*a - 72 8*a^3 - 80*a^2 + 200*a - 144 8*a^3 - 40*a^2 - 32*a + 96 8*a^3 - 64*a^2 + 104*a - 48 12*a^3 - 84*a^2 + 96*a -12*a^3 + 84*a^2 - 144*a + 72 -12*a^3 + 84*a^2 - 144*a + 72 24*a^2 - 192*a + 216 0 0 12*a^3 - 108*a^2 + 288*a - 216 24*a^3 - 204*a^2 + 444*a - 288 0 0 -12*a^3 + 84*a^2 - 144*a + 72 4*a^3 - 36*a^2 + 56*a - 24 4*a^3 - 48*a^2 + 164*a - 144 4*a^3 - 16*a^2 - 20*a + 48 12*a^3 - 88*a^2 + 116*a - 24 4*a^3 - 8*a^2 - 52*a + 72 -12*a^3 + 88*a^2 - 148*a + 72 4*a^3 - 40*a^2 + 140*a - 120 -8*a^3 + 80*a^2 - 200*a + 144 -4*a^3 + 32*a^2 - 52*a + 24 -6*a^3 + 50*a^2 - 92*a + 48 4*a^2 + 12*a - 24 -8*a^3 + 76*a^2 - 196*a + 144 -4*a^2 - 12*a + 24 -4*a^3 + 44*a^2 - 124*a + 96 8*a^3 - 72*a^2 + 152*a - 96 8*a^3 - 76*a^2 + 196*a - 144 8*a^3 - 68*a^2 + 148*a - 96 -8*a^2 + 64*a - 72 4*a^3 - 40*a^2 + 100*a - 72 -4*a^3 + 44*a^2 - 104*a + 72 -8*a^3 + 68*a^2 - 132*a + 72 -8*a^2 + 48*a - 48 -4*a^2 + 4*a 4*a^2 - 40*a + 48 -2*a^3 + 14*a^2 - 16*a over Number field with defining polynomial x^4-6*x^3-5*x^2+42*x-36
a vector of length 50 over Number field with defining polynomial a number field of degree 18
a vector of length 50 over Number field with defining polynomial a number field of degree 23
For conductor 13, eigenvectors are:
2*a+8 -2*a-10 1 -a-4 over Number field with defining polynomial x^2+7*x+11
-a-5 -2 -2 -a-3 over Number field with defining polynomial x^2+8*x+11
For conductor 31, eigenvectors are:
1 a+4 over Number field with defining polynomial x^2+7*x+11
For conductor 403, eigenvectors are:
48 18*a-150 6*a-66 9*a-99 -18*a+126 9*a-75 3*a-33 3*a-33 9*a-75 3*a-33 3*a-33 -9*a+75 6*a-42 -6*a+42 6*a-42 6*a-42 3*a-33 3*a-33 -3*a+33 -a+11 9*a-75 a-19 -a+3 2*a-30 a-19 -3*a+25 -5*a+39 0 4*a-36 -2*a+14 -2*a+14 -5*a+39 -a-5 2*a-14 8 -3*a+33 -8 -a+11 over Number field with defining polynomial x^2-15*x+52
a vector of length 38 over Number field with defining polynomial a number field of degree 18
a vector of length 38 over Number field with defining polynomial a number field of degree 18
For conductor 1:
traces of hecke eigenvalues of T_{p^1} are:
15 40 156 400 1464 5220 7240 12720 25260 52060 70644 81400 106080 151740 208920 230764 305320 363024 394420 499360 578760 712980 922180 
computing eigenvalues for k = 1, took 9.708365 sec
traces of hecke eigenvalues of T_{p^2} are:
30 120 780 2800 
computing eigenvalues for k = 2, took 0.238072 sec
traces of hecke eigenvalues of T_{p^1} are:
13 29 57 103 344 631 676 1300 1696 3021 3214 4071 4947 5606 6712 6506 9180 10093 11260 11632 15902 15300 18084 
computing eigenvalues for k = 1, took 9.793890 sec
traces of hecke eigenvalues of T_{p^2} are:
9 36 30 24 
computing eigenvalues for k = 2, took 0.240527 sec
traces of hecke eigenvalues of T_{p^1} are:
7 22 35 93 238 528 709 1114 1426 2844 2861 4004 5024 5670 6471 7936 9536 9907 8964 11508 15402 16438 20375 
computing eigenvalues for k = 1, took 9.854840 sec
traces of hecke eigenvalues of T_{p^2} are:
-9 8 -102 -56 
computing eigenvalues for k = 2, took 0.245413 sec
traces of hecke eigenvalues of T_{p^1} are:
6 -2 14 -74 248 242 -168 300 492 122 688 402 494 -1508 -736 -2848 2280 306 2080 -3596 1924 340 -4572 
computing eigenvalues for k = 1, took 13.810757 sec
traces of hecke eigenvalues of T_{p^2} are:
13 22 90 228 
computing eigenvalues for k = 2, took 0.229549 sec
traces of hecke eigenvalues of T_{p^1} are:
-17 -8 -68 126 -176 -282 648 144 -236 1204 -968 1430 -264 -1208 -286 -268 2874 268 1946 2364 -164 -5820 2866 
computing eigenvalues for k = 1, took 13.820082 sec
traces of hecke eigenvalues of T_{p^2} are:
-16 -48 24 -116 
computing eigenvalues for k = 2, took 0.237817 sec
traces of hecke eigenvalues of T_{p^1} are:
133 257 634 1277 2846 6760 8804 12212 19787 31410 38361 42799 50022 62943 81406 85605 103855 115723 123379 147302 154760 180763 213349 
computing eigenvalues for k = 1, took 9.872958 sec
traces of hecke eigenvalues of T_{p^2} are:
54 108 216 1016 
computing eigenvalues for k = 2, took 0.245485 sec
For conductor 13:
traces of hecke eigenvalues of T_{p^1} are:
-7 -16 -8 -22 10 -168 -52 -24 182 -380 154 -482 32 452 1216 -128 -430 -1878 152 -518 24 384 -868 
computing eigenvalues for k = 1, took 378.096277 sec
traces of hecke eigenvalues of T_{p^2} are:
6 16 -14 -36 
computing eigenvalues for k = 2, took 0.656425 sec
traces of hecke eigenvalues of T_{p^1} are:
-8 -20 -4 -54 -8 256 -252 -238 126 -410 1246 -488 -398 -1500 -588 -478 2028 302 780 1818 -1612 -1490 -1218 
computing eigenvalues for k = 1, took 381.579685 sec
traces of hecke eigenvalues of T_{p^2} are:
1 30 34 148 
computing eigenvalues for k = 2, took 0.633094 sec
For conductor 31:
traces of hecke eigenvalues of T_{p^1} are:
-7 -18 -4 -22 -20 46 -66 -66 204 118 0 -108 -42 -208 348 452 -1456 178 -268 328 -592 -446 610 
computing eigenvalues for k = 1, took 669.616234 sec
traces of hecke eigenvalues of T_{p^2} are:
4 12 -8 8 
computing eigenvalues for k = 2, took 0.653600 sec
For conductor 403:
traces of hecke eigenvalues of T_{p^1} are:
15 17 48 54 360 651 567 1086 1584 2131 3891 4551 5547 6252 7995 7104 8712 10578 9644 12234 14796 16626 18311 
computing eigenvalues for k = 1, took 157.838729 sec
traces of hecke eigenvalues of T_{p^2} are:
15 -12 -24 -368 
computing eigenvalues for k = 2, took 0.739857 sec
traces of hecke eigenvalues of T_{p^1} are:
100 210 496 1031 2218 5037 6965 9682 15013 25451 30056 33362 39387 49057 62163 67531 82003 91165 97285 112276 123332 140583 170360 
computing eigenvalues for k = 1, took 157.295401 sec
traces of hecke eigenvalues of T_{p^2} are:
30 120 168 1048 
computing eigenvalues for k = 2, took 0.743086 sec
traces of hecke eigenvalues of T_{p^1} are:
-10 3 -48 56 -28 -101 437 334 -76 637 -823 1961 -205 -586 591 -330 694 -3206 606 3636 -1204 -1882 2891 
computing eigenvalues for k = 1, took 149.041558 sec
traces of hecke eigenvalues of T_{p^2} are:
-21 -6 -106 -304 
computing eigenvalues for k = 2, took 0.708617 sec
