constructing eigenvector for poly
x
constructing eigenvector for poly
x-40
constructing eigenvector for poly
x^52+58*x^51+821*x^50-15804*x^49-551687*x^48-1845375*x^47+109633443*x^46+1267686370*x^45-7648609919*x^44-214343458747*x^43-414246867246*x^42+17980093804842*x^41+120880346451923*x^40-725924549076279*x^39-10406116888684693*x^38-932450930883562*x^37+486184538793092066*x^36+1660773894168899480*x^35-12530009883681479818*x^34-90218271071227633320*x^33+106886123380318932898*x^32+2544567416355601886748*x^31+3865663943257081550655*x^30-41052309937887170899730*x^29-156729812563738368198193*x^28+307457019589803179407725*x^27+2719808359956523138500409*x^26+1296100204418641800375360*x^25-26374909852289523500022876*x^24-54477529048670231662733064*x^23+131672835475744031134300447*x^22+571758300228540115205384085*x^21-68982343853309061746688968*x^20-3172537641926559657688899597*x^19-3210693702115177609005124861*x^18+9662614855748186734791099689*x^17+20376915797940249375454633227*x^16-12180361061853675488008968739*x^15-62987469527391611476658547331*x^14-16249153331389208951859629374*x^13+111509136157056607465581159923*x^12+88702739639378373494526292788*x^11-111468406196123415917289699477*x^10-152286428248014993346359825312*x^9+51205728784722380359064270312*x^8+140347537662048199545660841616*x^7+6206701896583543437497391360*x^6-73586395801359821071740655936*x^5-18214810920499578322174281664*x^4+20643969933565428363126554368*x^3+7599963987833330525554114048*x^2-2405839505948277885758021632*x-1060995838171647780167675904
constructing eigenvector for poly
x^55-11*x^54-872*x^53+10668*x^52+327574*x^51-4508091*x^50-69724086*x^49+1108886642*x^48+9240537538*x^47-178879172388*x^46-772077890224*x^45+20191875493296*x^44+35973374757779*x^43-1659607772715313*x^42-71129485612190*x^41+101893364094718924*x^40-126206296176619210*x^39-4749349071158050350*x^38+10700691804499471118*x^37+169598017141161176803*x^36-529781937078928244022*x^35-4652667023765339094818*x^34+18370843710471182711055*x^33+97645695330763750977730*x^32-471870126529699710187924*x^31-1545890768720878483782582*x^30+9181259447586755624453095*x^29+17868387888337703087480975*x^28-136378634666614782273131418*x^27-138739342028623047458589351*x^26+1544514989190822529369408344*x^25+514636763970913121690504740*x^24-13215188025015297226848523643*x^23+2602716242041815408622735589*x^22+83880497952191027152755724467*x^21-53246929964459611064801402731*x^20-382544657041742672717773589917*x^19+395702449217671857561503730256*x^18+1182735396849615204242495407041*x^17-1740127165260347210169533200667*x^16-2182003758839564387887988266393*x^15+4707075921051056907478189714782*x^14+1456522755088733674317770146720*x^13-7257319307481702445693753554302*x^12+2098558906255349809272660328260*x^11+4951559809135697523716962469336*x^10-3764133585193020364085458437704*x^9-163332172388753152320123727840*x^8+867562197335081637145095888368*x^7-140505752305923683243276721768*x^6-67388247447801515061899394192*x^5+14319218165854095949895584464*x^4+2015998352146441174129604464*x^3-295360107510739624923482848*x^2-37400968604230492317767040*x-629019303262724350867968
constructing eigenvector for poly
x^24-266*x^23+33485*x^22-2653541*x^21+148543509*x^20-6248207970*x^19+205086931273*x^18-5384944353803*x^17+115035389910923*x^16-2022733798948023*x^15+29504901944592410*x^14-358758045481512320*x^13+3644954692046016069*x^12-30948123099125370923*x^11+219162355699728195221*x^10-1289000865020261368320*x^9+6254178179989605734291*x^8-24789869310205817333141*x^7+79181164432916272272911*x^6-199948663186736078181393*x^5+388477101276851102846706*x^4-557764139955365303128456*x^3+554810882314993043980928*x^2-339690283842863556515840*x+95922123730672538614400
constructing eigenvector for poly
x^50-571*x^49+158921*x^48-28731534*x^47+3793999613*x^46-390114883428*x^45+32518526404691*x^44-2258885231253287*x^43+133405546922713472*x^42-6800400665275753052*x^41+302749721321457633964*x^40-11881901414349533376553*x^39+414219487630459845719528*x^38-12906665201205069907292250*x^37+361299706044336081074324061*x^36-9125331902375247468982591093*x^35+208693337560184867627412357342*x^34-4334542440922318708843402017976*x^33+81965604232863282432128910717141*x^32-1414051712641312151169950193485918*x^31+22293136730869731787668687021097242*x^30-321609852474275699312143885663802861*x^29+4249975431533876417741012233860614939*x^28-51483236775005040204585512432535144061*x^27+571972707160779891852607610465785071604*x^26-5829238145135553544837451044991630515451*x^25+54495987031084202556123164330107512580948*x^24-467213957688702889568981668030594757720685*x^23+3671470712310558992509643524830346204248732*x^22-26424133949660901694635501539839134716705808*x^21+173998387157384748856611123417674972578703838*x^20-1046880451452954268009339275738484224327906825*x^19+5745740194746605573196571706941820570997388304*x^18-28710044073884363009858185296876746649253983290*x^17+130297854489078709258374096840914805704635458789*x^16-535604763307939264954567146289286429348586040997*x^15+1987584618291552630911153264587606532928108646478*x^14-6632764812097752457666388112922958708883592969860*x^13+19813347865864486492934336502411023821658349377281*x^12-52692296027626236995436180362443778607090276845080*x^11+123944556135490484405423584576176934031261112585068*x^10-255840841179851824333472806899141631899897494292437*x^9+458954248935690088137321819077284972286040533034795*x^8-706930188529063898857610500329412668057478034315897*x^7+920627799784608435711880795757547570243184754849139*x^6-993246607658088336229949143697657915508585449770186*x^5+863315425445406477333424795243638463788472223447720*x^4-580484206641702117704920516476193718432619782194832*x^3+283125701913443315059879437748730185722731684225536*x^2-89055984564534794165604844358090163817695488136576*x+13551107118468290892835427614153316860043069661184
constructing eigenvector for poly
x^2-4*x+4
constructing eigenvector for poly
x^2+17*x-79
constructing eigenvector for poly
x+9
constructing eigenvector for poly
x^2+18*x+76
constructing eigenvector for poly
x^4+38*x^3+508*x^2+2848*x+5696
constructing eigenvector for poly
x^52+58*x^51+821*x^50-15804*x^49-551687*x^48-1845375*x^47+109633443*x^46+1267686370*x^45-7648609919*x^44-214343458747*x^43-414246867246*x^42+17980093804842*x^41+120880346451923*x^40-725924549076279*x^39-10406116888684693*x^38-932450930883562*x^37+486184538793092066*x^36+1660773894168899480*x^35-12530009883681479818*x^34-90218271071227633320*x^33+106886123380318932898*x^32+2544567416355601886748*x^31+3865663943257081550655*x^30-41052309937887170899730*x^29-156729812563738368198193*x^28+307457019589803179407725*x^27+2719808359956523138500409*x^26+1296100204418641800375360*x^25-26374909852289523500022876*x^24-54477529048670231662733064*x^23+131672835475744031134300447*x^22+571758300228540115205384085*x^21-68982343853309061746688968*x^20-3172537641926559657688899597*x^19-3210693702115177609005124861*x^18+9662614855748186734791099689*x^17+20376915797940249375454633227*x^16-12180361061853675488008968739*x^15-62987469527391611476658547331*x^14-16249153331389208951859629374*x^13+111509136157056607465581159923*x^12+88702739639378373494526292788*x^11-111468406196123415917289699477*x^10-152286428248014993346359825312*x^9+51205728784722380359064270312*x^8+140347537662048199545660841616*x^7+6206701896583543437497391360*x^6-73586395801359821071740655936*x^5-18214810920499578322174281664*x^4+20643969933565428363126554368*x^3+7599963987833330525554114048*x^2-2405839505948277885758021632*x-1060995838171647780167675904
constructing eigenvector for poly
x^2-4*x+4
constructing eigenvector for poly
x^2+17*x-79
constructing eigenvector for poly
x^2+20*x+100
constructing eigenvector for poly
x^2+17*x-9
constructing eigenvector for poly
x+5
constructing eigenvector for poly
x+7
constructing eigenvector for poly
x^19+86*x^18+3342*x^17+77571*x^16+1195719*x^15+12839652*x^14+97475775*x^13+513505614*x^12+1715790034*x^11+2210202640*x^10-10005250358*x^9-66122023416*x^8-182979670888*x^7-261700562576*x^6-89738976196*x^5+336273566680*x^4+607026427968*x^3+448208581568*x^2+153013792592*x+19179661408
constructing eigenvector for poly
x+5
constructing eigenvector for poly
x+7
constructing eigenvector for poly
x^66+8*x^65-814*x^64-5339*x^63+311019*x^62+1585981*x^61-73760504*x^60-273112793*x^59+12111881262*x^58+29335329171*x^57-1457094452931*x^56-1866288136918*x^55+132801342708081*x^54+37123937800222*x^53-9369859791678026*x^52+5589743876756583*x^51+519298904884871861*x^50-712024883818717334*x^49-22833485865006231871*x^48+47335169653606399791*x^47+801605462013696283691*x^46-2193195267680157577301*x^45-22538325995151337364901*x^44+76656918313278705163322*x^43+507220226747223293787492*x^42-2092631351951345112667660*x^41-9084694622134029201408066*x^40+45450265848083410990286277*x^39+127635346136198871047070584*x^38-793729703421522627055583520*x^37-1360025995623807407333973058*x^36+11210170602908727136100515607*x^35+10026649824339166106551273830*x^34-128339936601489939559619179919*x^33-32839504840567370427003332710*x^32+1190267413235050037062676685683*x^31-312953179532532820972979812232*x^30-8910657069033029430402925269384*x^29+6279603484861321120492681684548*x^28+53475515343665854457444354636904*x^27-59045503486127163037445551118291*x^26-254384184281341694828694915314939*x^25+380580009608153928809074735348988*x^24+942339484202317621619946141019766*x^23-1816332781305896627432732689459372*x^22-2640257518200055957582091308557215*x^21+6561584889813084904713469743790544*x^20+5299814969397673105704873676863478*x^19-17980022311784201573303565312795098*x^18-6669638293763430650405142431119122*x^17+37054050290138479787861817623684952*x^16+2448193610446598433613127691150548*x^15-56530540105342884288361789123842416*x^14+8246765210343215052701554568702324*x^13+62498476390997127170922544556497912*x^12-17762237767734872737694925484417288*x^11-48812093452521664329965075417843552*x^10+17385758371598631952307658515809984*x^9+26131667701042996411560072899322816*x^8-9450019199766890933565400775174864*x^7-9168278171868144617704574422144864*x^6+2750393592916258733422037741271744*x^5+1909837049626735659634340659068544*x^4-349031191400202194268747545766336*x^3-177681633305378956916600733193600*x^2+7485341878600294007095020083200*x+124201374156361313811729664000
constructing eigenvector for poly
x^22-240*x^21+27161*x^20-1927369*x^19+96190701*x^18-3589750156*x^17+103974142591*x^16-2394516973379*x^15+44561698698037*x^14-677360764412727*x^13+8466811190723706*x^12-87337225345096438*x^11+744023943011137805*x^10-5224666065818213551*x^9+30101458257766401343*x^8-141179658243343003246*x^7+532715022898884720089*x^6-1589677424422489950985*x^5+3658629119424249242315*x^4-6251714735582924078451*x^3+7454560262464370711072*x^2-5526508421110851375832*x+1914684826603428792568
computing eigenvectors took 17.439601 sec
For conductor 1, eigenvectors are:
0 -24 -48 24 0 -16 0 0 0 0 0 6 12 6 -6 6 4 4 -8 -8 -4 -4 4 8 8 8 -20 0 8 -12 0 0 4 0 4 12 -4 -4 12 0 3 -3 -3 0 4 -4 2 0 0 10 6 0 4 -2 -2 -2 -6 2 4 2 -2 -4 2 -4 2 0 -10 6 -2 -8 -2 -10 14 0 6 0 0 0 0 -1 5 1 -4 2 6 5 -6 2 -2 4 1 -2 0 -2 2 0 2 0 4 -2 6 -6 2 -4 2 0 -7 0 0 -2 4 2 -2 1 2 -2 0 1 0 -6 -3 4 2 3 -4 -4 3 -1 5 2 0 -4 1 -2 -1 -1 6 2 2 -4 -1 0 1 4 -4 2 -8 -4 0 -7 -2 4 4 4 4 -6 -4 -5 -6 3 -2 0 -2 8 -3 -2 0 -2 0 0 3 -2 -2 1 2 -2 5 2 -4 -1 -2 2 3 2 -1 over Number field with defining polynomial x
-1 -1 -1 -1 -1 -1 -1 -1 -1 -1 -1 -1 -1 -1 -1 -1 -1 -1 -1 -1 -1 -1 -1 -1 -1 -1 -1 -1 -1 -1 -1 -1 -1 -1 -1 -1 -1 -1 -1 -1 -1 -1 -1 -1 -1 -1 -1 -1 -1 -1 -1 -1 -1 -1 -1 -1 -1 -1 -1 -1 -1 -1 -1 -1 -1 -1 -1 -1 -1 -1 -1 -1 -1 -1 -1 -1 -1 -1 -1 -1 -1 -1 -1 -1 -1 -1 -1 -1 -1 -1 -1 -1 -1 -1 -1 -1 -1 -1 -1 -1 -1 -1 -1 -1 -1 -1 -1 -1 -1 -1 -1 -1 -1 -1 -1 -1 -1 -1 -1 -1 -1 -1 -1 -1 -1 -1 -1 -1 -1 -1 -1 -1 -1 -1 -1 -1 -1 -1 -1 -1 -1 -1 -1 -1 -1 -1 -1 -1 -1 -1 -1 -1 -1 -1 -1 -1 -1 -1 -1 -1 -1 -1 -1 -1 -1 -1 -1 -1 -1 -1 -1 -1 -1 -1 -1 -1 -1 -1 -1 -1 -1 -1 -1 -1 -1 over Number field with defining polynomial x-40
a vector of length 185 over Number field with defining polynomial a number field of degree 52
a vector of length 185 over Number field with defining polynomial a number field of degree 55
a vector of length 185 over Number field with defining polynomial a number field of degree 24
a vector of length 185 over Number field with defining polynomial a number field of degree 50
0 -48*a+384 96*a-240 16*a+48 0 -64*a+160 -32*a+80 32*a-80 32*a-80 -36*a+156 48*a-252 -24*a+60 24*a-192 36*a-156 48*a-120 -12*a+96 16*a-40 8*a-64 -16*a+128 -8*a-24 24*a-104 0 16*a-40 16*a-40 -32*a+168 -32*a+168 8*a-64 8*a-64 -32*a+168 16*a-40 16*a-40 0 0 -16*a+40 8*a-64 16*a-128 0 -16*a+40 24*a-104 -32*a+80 -48*a+120 6*a+18 -48*a+186 -12*a+30 28*a-136 8*a-64 0 8*a-64 -12*a+52 -4*a-12 -20*a+72 36*a-112 12*a-52 20*a-72 -40*a+144 -24*a+60 -4*a-12 8*a-20 -8*a+20 -12*a+52 24*a-60 24*a-104 -16*a+84 -28*a+92 -8*a+20 12*a-8 16*a-84 24*a-104 -16*a+40 -44 4*a-32 16*a-84 4*a-32 4*a+12 8*a-64 8*a-20 16*a-40 -20*a+72 -4*a-12 -6*a+26 -24*a+82 26*a-98 2*a+28 10*a-14 -4*a+10 -4*a-12 -12*a+74 -4*a+10 -2*a-6 22*a-66 -4*a+32 8*a-42 8*a-42 0 -14*a+46 -2*a+16 24*a-60 -4*a+10 -18*a+78 -12*a+52 6*a-26 18*a-56 6*a-26 22 0 0 -18*a+78 24*a-104 -44 -12*a+52 6*a-26 2*a+6 6*a-26 8*a+2 10*a-58 16*a-62 22 -8*a+42 2*a+6 -4*a-12 20*a-72 14*a-68 0 -18*a+78 -6*a+4 20*a-72 0 -4*a+10 -24*a+82 8*a-42 22 -8*a+20 -2*a+38 14*a-46 -16*a+40 -30*a+108 6*a-4 4*a-10 -12*a+30 8*a-20 -6*a+26 -8*a+20 -8*a+42 8*a-20 -6*a+26 -22*a+88 -2*a+38 -16*a+62 -10*a+36 8*a-42 8*a-20 10*a-14 6*a-26 -10*a+58 -8*a+42 -12*a+52 10*a-36 4*a-10 -4*a+10 0 -14*a+68 6*a-4 24*a-104 6*a-26 -9*a+28 10*a-47 -3*a+2 -a-14 -4*a+21 -3*a+13 10*a-25 4*a-32 -4*a+21 8*a-42 8*a-20 -22 10*a-47 -12*a+63 a+3 a+14 4*a-32 -11*a+44 -8*a+31 -a-14 11 over Number field with defining polynomial x^2+17*x-79
For conductor 2, eigenvectors are:
0 0 0 0 0 0 2 0 0 0 -2 0 2 2 0 -2 2 2 -2 0 -2 0 0 0 0 0 -2 0 -2 0 -2 0 0 0 0 0 2 2 2 0 -2 0 -1 1 0 0 1 0 -1 0 1 1 -1 0 1 1 0 0 -1 1 -1 0 -1 over Number field with defining polynomial x+9
-40 0 40 -20*a-160 0 0 -12*a-88 -20*a-160 0 -20*a-160 12*a+88 0 8*a+32 -12*a-88 0 12*a+88 8*a+112 8*a+112 12*a+128 -40 12*a+88 -40 -20*a-200 -20*a-200 -40 0 -28*a-232 20*a+200 -28*a-272 -40 12*a+168 0 0 0 20*a+200 20*a+200 -12*a-88 8*a+72 8*a+72 -40 -8*a-72 0 -14*a-116 -6*a-64 -20 -40 14*a+116 -10*a-80 6*a+84 10*a+100 -6*a-44 4*a+36 16*a+164 10*a+60 -6*a-64 4*a-4 -20 10*a+80 6*a+44 -6*a-44 -4*a-56 -40 -4*a-36 over Number field with defining polynomial x^2+18*x+76
-2*a^3 - 64*a^2 - 560*a - 1472 0 -2*a^3 - 56*a^2 - 416*a - 896 2*a^3 + 60*a^2 + 512*a + 1344 0 0 4*a^2 + 48*a + 128 2*a^3 + 60*a^2 + 512*a + 1344 0 -2*a^3 - 60*a^2 - 560*a - 1664 4*a^3 + 100*a^2 + 768*a + 1856 0 -4*a^3 - 88*a^2 - 640*a - 1536 -4*a^3 - 100*a^2 - 768*a - 1856 0 -4*a^2 - 48*a - 128 4*a^3 + 96*a^2 + 720*a + 1728 -4*a^3 - 112*a^2 - 944*a - 2496 -6*a^3 - 148*a^2 - 1152*a - 2880 -2*a^3 - 64*a^2 - 560*a - 1472 4*a^3 + 100*a^2 + 768*a + 1856 -2*a^3 - 48*a^2 - 336*a - 704 12*a^2 + 176*a + 640 12*a^2 + 176*a + 640 -2*a^3 - 48*a^2 - 336*a - 704 0 -4*a^3 - 108*a^2 - 848*a - 2048 -12*a^2 - 176*a - 640 -2*a^3 - 52*a^2 - 432*a - 1152 2*a^3 + 40*a^2 + 256*a + 512 4*a^2 + 96*a + 448 0 0 0 -12*a^2 - 176*a - 640 -4*a^3 - 84*a^2 - 544*a - 1088 4*a^2 + 48*a + 128 2*a^3 + 48*a^2 + 384*a + 1024 2*a^3 + 48*a^2 + 384*a + 1024 2*a^3 + 56*a^2 + 480*a + 1280 -2*a^3 - 48*a^2 - 384*a - 1024 0 2*a^3 + 50*a^2 + 408*a + 1088 -a^3 - 30*a^2 - 256*a - 672 -a^3 - 24*a^2 - 168*a - 352 -4*a^2 - 40*a - 96 2*a^2 + 48*a + 224 3*a^3 + 74*a^2 + 552*a + 1280 2*a^2 + 48*a + 224 -2*a^3 - 42*a^2 - 272*a - 544 -2*a^3 - 50*a^2 - 384*a - 928 a^3 + 32*a^2 + 304*a + 896 -a^3 - 20*a^2 - 128*a - 256 6*a^2 + 64*a + 160 -a^3 - 30*a^2 - 256*a - 672 -a^3 - 24*a^2 - 192*a - 512 -a^3 - 16*a^2 - 56*a + 32 a^3 + 30*a^2 + 232*a + 512 -2*a^3 - 54*a^2 - 448*a - 1184 2*a^2 + 24*a + 64 4*a^2 + 64*a + 256 -4*a^2 - 40*a - 96 -a^3 - 24*a^2 - 192*a - 512 over Number field with defining polynomial x^4+38*x^3+508*x^2+2848*x+5696
a vector of length 63 over Number field with defining polynomial a number field of degree 52
2*a-16 -2*a-6 -2*a-6 -2*a-6 2*a+6 0 -2*a+16 2*a+6 -2*a+16 0 -2*a+16 -4*a+10 -2*a+16 0 0 0 0 0 -2*a+16 -2*a+16 2*a-16 2*a-16 -2*a-6 2*a+6 -2*a+16 0 0 -4*a+10 0 2*a+6 0 2*a+6 -2*a-6 0 0 2*a-16 4*a-10 2*a-16 -2*a+16 -2*a-6 4*a-10 -22 -2*a+5 a+3 2*a-5 -11 a+3 -a+8 a+3 0 -a-3 -2*a+16 0 0 -a-3 -a-3 -a+8 -11 0 -11 -a-3 11 -3*a+13 over Number field with defining polynomial x^2+17*x-79
-4*a-24 0 -4*a-24 -4*a-44 0 0 -20 -4*a-44 0 4*a+44 -20 0 0 20 0 20 -40 0 4*a+4 -4*a-24 -20 4*a-16 20 20 4*a-16 0 -20 -20 4*a+4 -4*a+16 20 0 0 0 -20 20 -20 4*a+24 4*a+24 4*a+24 -4*a-24 0 10 -2*a-22 2*a-8 0 -10 2*a+2 10 -30 10 -2*a+8 -2*a-12 -10 -2*a-22 -2*a+8 -2*a-12 -2*a-2 10 -10 -20 0 -2*a-12 over Number field with defining polynomial x^2+17*x-9
For conductor 421, eigenvectors are:
0 1 -1 0 0 0 1 0 1 -2 0 0 -1 0 1 -1 -1 0 0 1 -1 over Number field with defining polynomial x+5
0 1 -1 0 0 0 -1 0 -1 0 0 0 -1 0 1 1 1 0 0 -1 -1 over Number field with defining polynomial x+7
a vector of length 21 over Number field with defining polynomial a number field of degree 19
For conductor 842, eigenvectors are:
0 0 0 0 0 0 0 0 -6 0 0 0 0 0 0 0 0 0 0 -4 4 4 -4 0 0 0 0 2 0 2 0 -2 2 0 0 0 0 0 0 -2 0 0 0 -2 0 0 0 0 0 0 2 0 0 0 2 2 2 0 0 2 0 0 0 0 -2 0 0 0 2 0 1 -1 0 0 0 -1 0 -1 -2 0 0 1 0 -1 1 -1 0 0 -1 -1 over Number field with defining polynomial x+5
0 0 0 0 0 0 0 0 -6 0 0 0 0 0 0 0 0 0 0 -4 -4 -4 4 0 0 0 0 2 0 2 0 2 2 0 0 0 0 0 0 2 0 0 0 -2 0 0 0 0 0 0 2 0 0 0 2 -2 -2 0 0 -2 0 0 0 0 2 0 0 0 2 0 1 -1 0 0 0 1 0 1 0 0 0 1 0 -1 -1 1 0 0 1 -1 over Number field with defining polynomial x+7
a vector of length 90 over Number field with defining polynomial a number field of degree 66
a vector of length 90 over Number field with defining polynomial a number field of degree 22
For conductor 1:
traces of hecke eigenvalues of T_{p^1} are:
0 16 5 14 -25 -75 -15 -50 -90 -391 315 144 185 -480 555 565 -11 -320 624 560 845 40 -330 295 
computing eigenvalues for k = 1, took 12.841454 sec
traces of hecke eigenvalues of T_{p^2} are:
-10 10 -80 
computing eigenvalues for k = 2, took 0.337341 sec
traces of hecke eigenvalues of T_{p^1} are:
40 156 400 1464 2380 5220 7240 12720 25260 30784 52060 70644 81400 106080 151740 208920 230764 305320 363024 394420 499360 578760 712980 922180 
computing eigenvalues for k = 1, took 71.241158 sec
traces of hecke eigenvalues of T_{p^2} are:
120 780 2800 
computing eigenvalues for k = 2, took 0.287405 sec
traces of hecke eigenvalues of T_{p^1} are:
-58 -27 -30 24 489 -72 228 -876 2543 2574 5177 -1148 -71 -3121 242 -3551 5056 648 -5745 -347 1219 -3695 3202 3049 
computing eigenvalues for k = 1, took 13.496823 sec
traces of hecke eigenvalues of T_{p^2} are:
-58 -241 -509 
computing eigenvalues for k = 2, took 0.441964 sec
traces of hecke eigenvalues of T_{p^1} are:
11 184 -171 51 286 1197 -1045 1669 2382 -2764 21 4072 -1289 5018 8762 5127 2241 -2884 1475 3686 -7176 2467 317 -3945 
computing eigenvalues for k = 1, took 13.536208 sec
traces of hecke eigenvalues of T_{p^2} are:
-49 -54 -88 
computing eigenvalues for k = 2, took 0.443443 sec
traces of hecke eigenvalues of T_{p^1} are:
266 737 1285 3138 4191 7358 8945 13248 21081 23430 32952 41981 44788 53908 68665 84801 91207 107943 122319 127791 150039 165220 194395 224721 
computing eigenvalues for k = 1, took 70.135116 sec
traces of hecke eigenvalues of T_{p^2} are:
104 678 680 
computing eigenvalues for k = 2, took 0.305568 sec
traces of hecke eigenvalues of T_{p^1} are:
571 1436 2740 6197 8953 14963 18248 27043 42549 48718 69869 83754 92916 110129 141317 170678 186745 225929 251441 268256 314284 340980 394412 471593 
computing eigenvalues for k = 1, took 70.126932 sec
traces of hecke eigenvalues of T_{p^2} are:
284 816 1920 
computing eigenvalues for k = 2, took 0.364828 sec
traces of hecke eigenvalues of T_{p^1} are:
4 -17 53 -30 -68 -92 335 -55 -142 235 -305 271 275 344 -43 -221 631 539 655 -576 1464 -2118 1402 803 
computing eigenvalues for k = 1, took 12.698395 sec
traces of hecke eigenvalues of T_{p^2} are:
-12 49 85 
computing eigenvalues for k = 2, took 0.339322 sec
For conductor 2:
traces of hecke eigenvalues of T_{p^1} are:
-9 -20 2 -43 101 -21 -186 -38 -30 -79 240 -270 218 195 -231 199 220 -92 -282 200 -1123 -956 -1050 166 
computing eigenvalues for k = 1, took 451.347226 sec
traces of hecke eigenvalues of T_{p^2} are:
11 34 -29 
computing eigenvalues for k = 2, took 0.713436 sec
traces of hecke eigenvalues of T_{p^1} are:
-18 -15 -51 -76 2 -2 93 -181 -60 -23 645 215 201 -150 -877 -327 -545 -1159 -89 -690 1364 1228 -910 2227 
computing eigenvalues for k = 1, took 453.691600 sec
traces of hecke eigenvalues of T_{p^2} are:
12 23 37 
computing eigenvalues for k = 2, took 0.674737 sec
traces of hecke eigenvalues of T_{p^1} are:
-38 -44 -64 -64 -78 -42 164 -54 116 -14 -414 4 -712 -634 -1122 678 -84 -2 -538 320 -586 -1620 1494 -2796 
computing eigenvalues for k = 1, took 454.156833 sec
traces of hecke eigenvalues of T_{p^2} are:
52 80 86 
computing eigenvalues for k = 2, took 0.667646 sec
traces of hecke eigenvalues of T_{p^1} are:
-58 -27 -30 24 489 -72 228 -876 2543 2574 5177 -1148 -71 -3121 242 -3551 5056 648 -5745 -347 1219 -3695 3202 3049 
computing eigenvalues for k = 1, took 454.624337 sec
traces of hecke eigenvalues of T_{p^2} are:
-58 -241 -509 
computing eigenvalues for k = 2, took 0.708145 sec
traces of hecke eigenvalues of T_{p^1} are:
4 -17 53 -30 -68 -92 335 -55 -142 235 -305 271 275 344 -43 -221 631 539 655 -576 1464 -2118 1402 803 
computing eigenvalues for k = 1, took 449.912578 sec
traces of hecke eigenvalues of T_{p^2} are:
-12 49 85 
computing eigenvalues for k = 2, took 0.659482 sec
traces of hecke eigenvalues of T_{p^1} are:
-20 -17 -27 -44 16 -182 13 -145 68 -17 -393 239 -475 -364 233 -945 995 -349 -1439 -108 328 1120 -792 1889 
computing eigenvalues for k = 1, took 446.715390 sec
traces of hecke eigenvalues of T_{p^2} are:
26 -51 -33 
computing eigenvalues for k = 2, took 0.675445 sec
For conductor 421:
traces of hecke eigenvalues of T_{p^1} are:
-5 -12 -4 1 -43 7 -106 18 -14 107 32 208 -258 183 -99 25 -184 336 248 -192 281 778 -236 1356 
computing eigenvalues for k = 1, took 784.224485 sec
traces of hecke eigenvalues of T_{p^2} are:
-3 -2 41 
computing eigenvalues for k = 2, took 0.678044 sec
traces of hecke eigenvalues of T_{p^1} are:
-7 -6 -12 31 3 29 -76 -40 -76 -221 -268 -68 412 197 231 -395 -90 32 316 -190 9 488 -764 -500 
computing eigenvalues for k = 1, took 805.770184 sec
traces of hecke eigenvalues of T_{p^2} are:
9 14 -55 
computing eigenvalues for k = 2, took 0.686216 sec
traces of hecke eigenvalues of T_{p^1} are:
-86 -214 -122 -280 -288 -574 401 -465 -912 976 -819 -677 -677 -1371 -4152 30 -921 1067 -1702 3 3623 -4110 -1771 -924 
computing eigenvalues for k = 1, took 788.792256 sec
traces of hecke eigenvalues of T_{p^2} are:
31 181 -28 
computing eigenvalues for k = 2, took 0.718480 sec
For conductor 842:
traces of hecke eigenvalues of T_{p^1} are:
-5 -12 -4 1 -43 7 -106 18 -14 107 32 208 -258 183 -99 25 -184 336 248 -192 281 778 -236 1356 
computing eigenvalues for k = 1, took 224.739900 sec
traces of hecke eigenvalues of T_{p^2} are:
-3 -2 41 
computing eigenvalues for k = 2, took 0.706445 sec
traces of hecke eigenvalues of T_{p^1} are:
-7 -6 -12 31 3 29 -76 -40 -76 -221 -268 -68 412 197 231 -395 -90 32 316 -190 9 488 -764 -500 
computing eigenvalues for k = 1, took 218.240006 sec
traces of hecke eigenvalues of T_{p^2} are:
9 14 -55 
computing eigenvalues for k = 2, took 0.714021 sec
traces of hecke eigenvalues of T_{p^1} are:
-8 -86 -50 314 -912 449 -525 1382 474 -124 -2587 463 2505 4958 2254 5517 -5569 4049 7799 -3713 4749 14131 4400 -9310 
computing eigenvalues for k = 1, took 162.527017 sec
traces of hecke eigenvalues of T_{p^2} are:
-85 -229 -557 
computing eigenvalues for k = 2, took 1.402099 sec
traces of hecke eigenvalues of T_{p^1} are:
240 616 1167 2838 3669 6363 8128 11873 18649 21216 29996 36313 40523 48033 61209 76906 80579 97819 110558 115255 136277 151439 171579 204658 
computing eigenvalues for k = 1, took 160.894503 sec
traces of hecke eigenvalues of T_{p^2} are:
80 264 536 
computing eigenvalues for k = 2, took 1.155486 sec
