constructing eigenvector for poly
x+1
constructing eigenvector for poly
x-5
constructing eigenvector for poly
x-40
constructing eigenvector for poly
x^48+27*x^47-369*x^46-15717*x^45+14152*x^44+3922229*x^43+14995791*x^42-548137656*x^41-3772583819*x^40+46642248414*x^39+464363753934*x^38-2397183885839*x^37-35651926224608*x^36+60648659784535*x^35+1844145038190583*x^34+682829742583008*x^33-66331181412668243*x^32-120773763475602618*x^31+1674664732808896045*x^30+5048341459439228240*x^29-29436033152530144482*x^28-124318722397536295369*x^27+348891843451065767321*x^26+2038005134879028151985*x^25-2552579258295470984677*x^24-23057224907187451828350*x^23+7942235895838103134597*x^22+181926131983773488689831*x^21+37768863093737279720442*x^20-1003033620536029291063684*x^19-527321728834478031342106*x^18+3875834828961041265132141*x^17+2578750887784438328465425*x^16-10584962376428966459345641*x^15-6960748094937482718507233*x^14+20528110962350750047722918*x^13+10919537991951213277034307*x^12-27959827960673935735348753*x^11-9249148429089007007561525*x^10+25802455396578499222134317*x^9+2655382751742769455770206*x^8-15011275418051228187866975*x^7+1752550413232121139095129*x^6+4741105406488700869250896*x^5-1541424457685703944164818*x^4-499197746419896289667451*x^3+326742978173058355810733*x^2-51264793853092447822008*x+1858726927869482020158
constructing eigenvector for poly
x^97-114*x^96+4845*x^95-61505*x^94-2071139*x^93+85971740*x^92-634694815*x^91-25052408419*x^90+589180565241*x^89-71829388694*x^88-154842486020307*x^87+1665382657407278*x^86+15752128802449975*x^85-449240086046978348*x^84+1127923781796807374*x^83+58633347608145244793*x^82-578402876263150963057*x^81-3334323188482116485791*x^80+86742608802790105230139*x^79-176359802769241790929435*x^78-7254191917372806411416263*x^77+54441378625803836273193592*x^76+308730950944930949869226793*x^75-5554626828107508753726988988*x^74+4181432680602899153029965305*x^73+337131170299694363062685015723*x^72-1649044471481798178746474854126*x^71-12060460887224911145384900300397*x^70+130035635559139698398875857730830*x^69+107489982923866882902697776513571*x^68-6147013299109128286698182071337120*x^67+15690152581320244645884846959313831*x^66+188357554473838532572123034877563384*x^65-1128254580224501291472483311931695202*x^64-3120467380444055830620720584967983740*x^63+43969946270945896571905082853175019212*x^62-22757360683348348046063417008708972243*x^61-1150610958397672210595100186325839228896*x^60+3314023004302789579198688857503448728472*x^59+20108308196907668751323419204967112036103*x^58-117840285344293502369455559112647540413925*x^57-179078699380864486875925076377232299234173*x^56+2665339685471178173149832859521074261569482*x^55-1708131802449415440843559158417101196498559*x^54-42703093136506739199711231547159127735202588*x^53+100010276996783335174737112348969359023827705*x^52+478841170451936292023249314182313192325203574*x^51-2138346010516003490947567945375533374080444946*x^50-3146731563325068424987351279827512514446734295*x^49+30510243557286449505064478133311495736341914668*x^48-4192093676908363536595373496081736369703968720*x^47-319599643522068809721971059025058926631548924893*x^46+417908469211833707856851175292745806725861736450*x^45+2490464428940802173238132632431546399251383544366*x^44-6209356541007955937366284106977844607262051864834*x^43-13809479252959522701681231571990441342108988966168*x^42+59015395616079190081114841624677855767855205259106*x^41+44046949730221568584319795483422184226178912702024*x^40-413894465842667172683541813963919361003524176008235*x^39+52931115242087644592873673979874577168455467945942*x^38+2234312952408753803787977847169957226907429362584429*x^37-1731145423348428024456668092736608515755407283146553*x^36-9401842880859820419911298581239441946957305539617906*x^35+12678749182494297091629677701841212412440605515570184*x^34+30773322531070971123931307880933952430925539519746212*x^33-60259196414069654893350233030587190455589007871728748*x^32-77223491096234995214646556447961289903061773142676553*x^31+211913213811550421222012369824100840230633653511476170*x^30+143921298992366470708952484375843626146187241699621071*x^29-575542581238827838438791727337511525039210950976383283*x^28-185707818692609476099108980859681459388096106817523076*x^27+1229477383504537183595220356432007999071493805503243139*x^26+134066713069736466305048139651590629164663294928974608*x^25-2083126594533426642336177939424024066025048077796202585*x^24+12482886267691440982966027512716818393347612470527083*x^23+2805859450298495328566910630479457669173244271806082688*x^22-128397425349338443875958471270891687628398591336717929*x^21-2992683171310517113458850333254868579116627600737261850*x^20+81712081257573788526495751812243843375683836472539798*x^19+2497006696270822022747454941679205503681221064348233229*x^18+81480955115013744089639538049154207518446697209545336*x^17-1593923407120605963519575570963053507264197373788787908*x^16-187078851771667059543889898021778140348424807393881197*x^15+752825642098345728416810065217494331136427453566851496*x^14+160981770474739062586677695267452560497660467521285912*x^13-251150501236341838356059019890066552352161921934755259*x^12-79665969808046871955214646205880515383253600377457488*x^11+55296710901641669933043042403170436340664602880063424*x^10+24210745867893798397303448057992437064267149627439750*x^9-7095208355793538428271910154598730290755787506977015*x^8-4477004465826130466449142930402173584566022718351815*x^7+351086708586876821894659351698432215486909215656444*x^6+475871945168134879159746616126959679254529265103807*x^5+22234183653481283548896470674827305067306717946425*x^4-25452694465909507913980520040642880553442916188416*x^3-3130039324092650971915490918289075399847483704857*x^2+479455428555011841975957632751486358599514773810*x+80486158717707788346877960781960086919777541839
constructing eigenvector for poly
x^32-382*x^31+70121*x^30-8236822*x^29+695638742*x^28-44993023855*x^27+2318077172793*x^26-97695842826562*x^25+3432445955458485*x^24-101941873635148357*x^23+2586166715908023775*x^22-56486790148056529838*x^21+1068593889248036900683*x^20-17586183105281524647914*x^19+252571662411069732311097*x^18-3171991863264740315878945*x^17+34870766187127650026324473*x^16-335593849561468646056234565*x^15+2825086870123386289669295818*x^14-20765780943641646874075398946*x^13+132910435624518908251279956335*x^12-737855968529289681519822428595*x^11+3534482531016272140319722382174*x^10-14510305035896292874007855734252*x^9+50607836098491085927870829008937*x^8-148258051886854381033575012945781*x^7+359426130036889935459122878405477*x^6-706829254382383014884890115177109*x^5+1096676807926101427784555029280460*x^4-1288986571612144921856742356281854*x^3+1075850309030917626006218531256748*x^2-566571466243605892753369370206119*x+141080329472482728883222265749585
constructing eigenvector for poly
x^52-601*x^51+176267*x^50-33622616*x^49+4690338621*x^48-510159213200*x^47+45044780588666*x^46-3319140695805410*x^45+208240667883630311*x^44-11294187562573660271*x^43+535833477952629323972*x^42-22448346408561722168817*x^41+836835269958452178167006*x^40-27933636967167329549939606*x^39+839295091042833979354704032*x^38-22798087682264579025121487561*x^37+561917345625653490664815889360*x^36-12606030233365682667278200098023*x^35+258074127678773104439710780767996*x^34-4831876708258533953227274591562396*x^33+82885301493471754974037886562340651*x^32-1304586134524868031543822802448687170*x^31+18863279920716168104989587115128784559*x^30-250789818099532291441952011056558160261*x^29+3067902567578081903557601425384169206090*x^28-34546236341570974579789300064387812083847*x^27+358160715131385362069095916084571278097289*x^26-3418755867409392059430090833233251595898557*x^25+30038013344016845241724348499543672608362811*x^24-242824015599953634119513361408425375496170447*x^23+1804826724356024847769103794494391734352909684*x^22-12322717798273279000569029558409386271502835854*x^21+77196855087045864672223035984308514382223887408*x^20-443090791841900772992630568837249851859322373215*x^19+2326138433857813305408489042923549363319714638748*x^18-11146417510849022875835312767245462894253275524695*x^17+48633815189658816732844964136733110136383093001880*x^16-192666730391636015804704592760037371942395040267440*x^15+690697817527228960077019258450043694718805880529209*x^14-2231909104126623023254848748696340467418966381622234*x^13+6470850344281964807822266771543528839556250024134870*x^12-16740142546262625018083831224090150088116294738183830*x^11+38390271848392962859387689823948263452931815521346274*x^10-77429320476539259538366632869736794152622683398364650*x^9+136017243893990271318958824392853096740900060039854572*x^8-205600180529255164498746546403922866807570010707681566*x^7+263312375960761438189673116020228562641063177548017527*x^6-279952167487437339544401449276526690423095069964607375*x^5+240277036225982485577212452812829774471178350994877595*x^4-159844133442669458256828268968706147182463816546520724*x^3+77278638160966960050693581006003018877411360281055117*x^2-24136789507939620714122533578601030758768499751792178*x+3652815052372600050430510554014733488285469446834060
constructing eigenvector for poly
x-1
constructing eigenvector for poly
x-1
constructing eigenvector for poly
x-1
constructing eigenvector for poly
x+1
constructing eigenvector for poly
x+7
constructing eigenvector for poly
x-5
constructing eigenvector for poly
x^6+47*x^5+904*x^4+9078*x^3+49970*x^2+142012*x+161119
constructing eigenvector for poly
x^48+27*x^47-369*x^46-15717*x^45+14152*x^44+3922229*x^43+14995791*x^42-548137656*x^41-3772583819*x^40+46642248414*x^39+464363753934*x^38-2397183885839*x^37-35651926224608*x^36+60648659784535*x^35+1844145038190583*x^34+682829742583008*x^33-66331181412668243*x^32-120773763475602618*x^31+1674664732808896045*x^30+5048341459439228240*x^29-29436033152530144482*x^28-124318722397536295369*x^27+348891843451065767321*x^26+2038005134879028151985*x^25-2552579258295470984677*x^24-23057224907187451828350*x^23+7942235895838103134597*x^22+181926131983773488689831*x^21+37768863093737279720442*x^20-1003033620536029291063684*x^19-527321728834478031342106*x^18+3875834828961041265132141*x^17+2578750887784438328465425*x^16-10584962376428966459345641*x^15-6960748094937482718507233*x^14+20528110962350750047722918*x^13+10919537991951213277034307*x^12-27959827960673935735348753*x^11-9249148429089007007561525*x^10+25802455396578499222134317*x^9+2655382751742769455770206*x^8-15011275418051228187866975*x^7+1752550413232121139095129*x^6+4741105406488700869250896*x^5-1541424457685703944164818*x^4-499197746419896289667451*x^3+326742978173058355810733*x^2-51264793853092447822008*x+1858726927869482020158
constructing eigenvector for poly
x+7
constructing eigenvector for poly
x+5
constructing eigenvector for poly
x+4
constructing eigenvector for poly
x^3+19*x^2+91*x+122
constructing eigenvector for poly
x^26+145*x^25+9849*x^24+416401*x^23+12278319*x^22+268068251*x^21+4488216154*x^20+58852548875*x^19+611329861574*x^18+5046545009518*x^17+32908455514662*x^16+166110149383632*x^15+616197954914185*x^14+1425979199115767*x^13+227583664428143*x^12-14021348776780042*x^11-64898823867235596*x^10-159645549585356840*x^9-203032984977620185*x^8+34246352584719466*x^7+638942885485951428*x^6+1123128678326750113*x^5+756877830918466176*x^4-244825990824367584*x^3-742293841960862425*x^2-423860765828976990*x-69553373635787317
constructing eigenvector for poly
x^5+39*x^4+528*x^3+2789*x^2+3529*x-7517
constructing eigenvector for poly
x+4
constructing eigenvector for poly
x+7
constructing eigenvector for poly
x^3+19*x^2+91*x+122
constructing eigenvector for poly
x^5+39*x^4+528*x^3+2789*x^2+3529*x-7517
constructing eigenvector for poly
x^27-303*x^26+43775*x^25-4013492*x^24+262215892*x^23-12994959402*x^22+507733881318*x^21-16048400940162*x^20+417808536396167*x^19-9075388564699973*x^18+166004307502148979*x^17-2573882721767302410*x^16+33977549861719618389*x^15-382885439769519476871*x^14+3686956041811534306239*x^13-30324123598596799901133*x^12+212607553211724096951855*x^11-1266185985468835247793705*x^10+6371240649594325706534969*x^9-26884830802490633899378959*x^8+94172056902873406097401123*x^7-270069051589556725801650235*x^6+622228489226449911997488920*x^5-1121396351200119438878581905*x^4+1519634387135781528836512347*x^3-1453300401087658070299508043*x^2+872744442040246867874660074*x-247042172701225815477004879
constructing eigenvector for poly
x^116+18*x^115-1496*x^114-26404*x^113+1081207*x^112+18444652*x^111-503589110*x^110-8174233452*x^109+169985724277*x^108+2582879446217*x^107-44299371252061*x^106-619940828587328*x^105+9266015309827979*x^104+117578432172729119*x^103-1596015409941115642*x^102-18097597048616796545*x^101+230442369328969489169*x^100+2303931901089565446800*x^99-28252283486935623787703*x^98-245994558383486976993035*x^97+2969547484980902017308277*x^96+22259145392481951700721660*x^95-269591511447881139008745353*x^94-1720267681141511047346218711*x^93+21265756440537435328661782185*x^92+114196311271655801804134881517*x^91-1464627327439414388887013032441*x^90-6536494013082404660876532173527*x^89+88432985695764789039873485853765*x^88+323271921388786390697795823033483*x^87-4697310545501371323564725062713277*x^86-13814902713148808398807079151457007*x^85+220157026331967181473551613449201196*x^84+508828745421844482785248182840153915*x^83-9128456814880254211051041459138674616*x^82-16045619999170864532938674900464644281*x^81+335612795732933306068763895717568567759*x^80+427116948563433062131656225113615844670*x^79-10963120041838683838143556631296122981939*x^78-9302337516482101254473628779475647812868*x^77+318759390759389713567485187826638632092411*x^76+152624704784948178838571376226716467081588*x^75-8262617256761204975153226223750021335719372*x^74-1304490777431886840941059843673760014699985*x^73+191212170372729313502886482414105811757658741*x^72-22765998981756161077097968420765155861528770*x^71-3955551402840629187364344676795556022831108221*x^70+1408037439522583132853965397765489919209399163*x^69+73228666614999216732317376833205328836616967463*x^68-40716760083791123758565358974043048921219046915*x^67-1214418691779198437917377831480179295536168924596*x^66+876500987541171768110528857607560723338480284899*x^65+18056820626672607403810095070146228426435321834999*x^64-15439794352673658713029952704466654101552169268261*x^63-240885256525699349734362290611715491460690646608308*x^62+230637093744605575490311029959060928913823470325640*x^61+2884807083427949270435649095063519453190072371688509*x^60-2971495281869022415750969080348694674035839795892338*x^59-31025711072599601501866369116541753971340029023952277*x^58+33315580256757568085428806911583099105565298513060671*x^57+299701426305037442990041498719683395360295436604523812*x^56-326574422724919668652645565730506434745066750428782780*x^55-2599940855076756788742369111252416394772594547704771828*x^54+2804630691080029670587671329677983471658172239819526525*x^53+20246389861223680609287937272378571928443597307682564522*x^52-21104901533430892255202538437868726190336778923326831239*x^51-141406866942947896725236009412868319970332843336545963196*x^50+138936911990385836694719258165687811342971358023356131532*x^49+884621857117827279361770276238612189280729703899594984743*x^48-797451599305838518342128813648684820485413940771503200126*x^47-4947644757886989917218193381409514101878564777313928205494*x^46+3968092667786377250772182767127566632679993223367413656037*x^45+24678242888047283185650378593749577729433206997427136292478*x^44-16964533530767899811937613856140826070419203138403087808873*x^43-109427395658764496929561406683794616732990773754643402604791*x^42+61405901177137793783782198775520781172029620696546180236696*x^41+429657994427565219433894043277010562441766400175469146860801*x^40-183324827922747249640752076589409861169579316701236779063214*x^39-1486708310013989874820645521562785198348570011278655887403340*x^38+427051282405874648145090085379645873556644219887900835799062*x^37+4507591312440830046976875925202236407066790918043953787796870*x^36-656675075003473250387023449274774719662988192529340333411751*x^35-11893780272878815693637008049117564022212212232402696709714299*x^34+49429476254612838344502266107770883983968059430901922701522*x^33+27091994904029069758318793115736977512745704324203830417449210*x^32+3684028483203492662347851727001843625822622410944944992648728*x^31-52762264013249272260188892683373805059284087630375140550048782*x^30-14477720805447855373650041593240446355002353843894673409959653*x^29+86841016819244993927379402771570447523723850108018927971079920*x^28+35782075168613795117169441928015664516476386801165666853231389*x^27-119084782196190371938268037271393838296723280452652843039914418*x^26-65700089504296077263357538306033983119683805881713328485179569*x^25+133630890504569181802000507879966051275680039865866318816980918*x^24+93433491160678086891369459330096750146128326676324448703987785*x^23-119840033747320460727168240110409137880127885874526557879628746*x^22-103793840682307856175051866343253296637617435744974696927728410*x^21+83083965633405083435264840255728750728027692933358286401967464*x^20+89525519998318405532840454443892623565745357903909870135714067*x^19-42269049373686134521225864941483902013420244213482279702786392*x^18-59060712441511002939265530910395245310994850382452277338322278*x^17+14259054962018516895936677333144423897019227568537449406989893*x^16+29155814896307309137822048364302435494761852270703476297816102*x^15-2291187879296336524576511432109042092828417730381719857682122*x^14-10482497359575928203013592060270135031535530079912833071391216*x^13-340401961141562054293205779399429601146422487859690135890757*x^12+2665208703761766439426484193832577660912493870764828396859510*x^11+265814401810268806997248368744923678864461863977181975712120*x^10-466446262557793325651155585634262324569216370610779309967624*x^9-58653848325224673104165858307454021420712369255763324524175*x^8+55070677508275099306599813704692366171522254291428488424182*x^7+6102353731823578191604803654861438865939479794840604135130*x^6-4279594894858740241049547756565839062955104544672674369599*x^5-257240457475738178054239472336818083911605526126899988868*x^4+201403125127482601629021361832975511286684824593055053089*x^3-1991568940583343466565388856053042779661560684707276486*x^2-4323911368749378610149171017436259073823489795584076735*x+335238717032758367340655064138333528669938377145432047
computing eigenvectors took 38.824959 sec
For conductor 1, eigenvectors are:
0 -24 0 0 0 0 0 16 6 6 0 0 -6 0 0 4 0 0 0 4 0 0 -4 -8 0 4 4 0 0 0 -4 0 -12 0 6 0 0 6 0 0 -6 0 0 -6 6 0 0 6 -2 0 0 -4 -8 0 6 0 -2 -4 0 0 0 2 2 -4 4 2 0 -2 6 0 0 0 8 2 0 0 10 -2 -2 2 -8 0 2 -4 -6 -4 2 6 0 -2 2 0 2 -2 0 -4 -2 2 2 -2 2 0 -2 2 -2 0 0 2 1 -2 0 0 -2 0 0 -1 0 1 -2 2 -2 2 -2 2 -2 2 0 1 0 -2 -2 -5 -3 3 3 3 2 -2 0 0 2 -1 1 0 -2 -2 0 2 0 0 2 -2 0 -2 -6 2 0 0 0 0 2 -2 0 2 0 0 0 4 0 2 2 -2 -2 0 2 0 0 -4 2 -2 -6 2 -2 2 0 0 0 -1 0 0 2 0 -2 -2 2 -2 4 2 1 4 -3 -3 2 1 0 0 0 0 0 -3 -1 -3 -2 0 0 0 0 3 1 0 1 0 -2 2 2 0 2 1 1 0 -2 0 0 0 0 over Number field with defining polynomial x+1
0 -24 0 -24 -24 0 8 8 -18 -18 6 24 0 0 -4 0 0 -4 -12 0 -8 0 0 0 12 4 0 0 0 -8 8 -8 -16 6 6 -6 6 6 0 -6 18 18 -6 12 -6 0 6 6 -4 2 -4 4 -8 2 2 0 -6 -4 0 0 4 4 10 4 -10 -2 2 -14 10 -2 4 4 -4 6 4 0 6 4 -2 -2 4 4 -2 -4 2 4 -6 -14 -4 -10 -2 2 -2 -2 0 8 -14 2 2 -8 8 0 0 -2 2 0 0 -2 4 0 0 2 -6 0 4 0 4 0 10 -4 0 -2 0 -2 2 2 0 4 6 6 4 4 2 0 -4 -4 6 0 -4 0 4 -2 0 4 4 -2 0 -2 -8 2 -8 -4 -4 0 -12 -8 2 -2 0 0 0 -2 -6 6 -4 0 -2 -4 2 4 -6 0 -2 4 2 -2 6 2 2 0 2 4 -2 2 -2 -2 2 0 2 -4 8 -6 2 6 2 4 -2 -2 0 -5 -2 3 1 -2 -1 0 1 2 0 -3 -3 2 -1 3 0 2 2 -1 -1 -1 3 2 -2 4 0 -1 2 1 -6 1 2 -2 -4 0 -2 over Number field with defining polynomial x-5
-1 -1 -1 -1 -1 -1 -1 -1 -1 -1 -1 -1 -1 -1 -1 -1 -1 -1 -1 -1 -1 -1 -1 -1 -1 -1 -1 -1 -1 -1 -1 -1 -1 -1 -1 -1 -1 -1 -1 -1 -1 -1 -1 -1 -1 -1 -1 -1 -1 -1 -1 -1 -1 -1 -1 -1 -1 -1 -1 -1 -1 -1 -1 -1 -1 -1 -1 -1 -1 -1 -1 -1 -1 -1 -1 -1 -1 -1 -1 -1 -1 -1 -1 -1 -1 -1 -1 -1 -1 -1 -1 -1 -1 -1 -1 -1 -1 -1 -1 -1 -1 -1 -1 -1 -1 -1 -1 -1 -1 -1 -1 -1 -1 -1 -1 -1 -1 -1 -1 -1 -1 -1 -1 -1 -1 -1 -1 -1 -1 -1 -1 -1 -1 -1 -1 -1 -1 -1 -1 -1 -1 -1 -1 -1 -1 -1 -1 -1 -1 -1 -1 -1 -1 -1 -1 -1 -1 -1 -1 -1 -1 -1 -1 -1 -1 -1 -1 -1 -1 -1 -1 -1 -1 -1 -1 -1 -1 -1 -1 -1 -1 -1 -1 -1 -1 -1 -1 -1 -1 -1 -1 -1 -1 -1 -1 -1 -1 -1 -1 -1 -1 -1 -1 -1 -1 -1 -1 -1 -1 -1 -1 -1 -1 -1 -1 -1 -1 -1 -1 -1 -1 -1 -1 -1 -1 -1 -1 -1 -1 -1 -1 -1 -1 -1 -1 over Number field with defining polynomial x-40
a vector of length 235 over Number field with defining polynomial a number field of degree 48
a vector of length 235 over Number field with defining polynomial a number field of degree 97
a vector of length 235 over Number field with defining polynomial a number field of degree 32
a vector of length 235 over Number field with defining polynomial a number field of degree 52
0 96 0 96 -96 0 32 32 -24 24 -24 0 -48 0 16 0 -32 16 -48 32 0 -32 0 0 48 -16 32 32 0 -64 0 32 0 -24 0 0 -24 0 24 0 -24 0 -24 24 -24 0 24 -24 0 8 16 16 0 -8 -8 32 8 0 16 -16 -16 -32 24 32 -24 8 8 -24 -8 8 0 -16 -16 8 0 16 8 0 -24 -24 0 -32 8 16 8 -16 8 24 -16 8 8 -8 8 8 -16 16 -24 -8 -8 0 8 0 8 8 -8 8 -16 8 8 0 8 0 -8 -8 16 -8 0 -16 0 0 0 0 0 -8 0 8 -8 -8 -8 -24 8 -8 0 0 0 16 -8 24 -8 -8 8 -16 -24 0 -8 16 16 -8 0 24 0 16 -8 8 0 16 -8 0 -16 16 8 8 32 8 -24 -16 -16 8 -24 0 0 8 16 0 0 8 0 -32 8 8 -8 -16 16 0 0 -16 0 0 16 0 8 0 16 8 8 0 8 0 -8 0 0 8 16 8 8 -8 0 0 -8 -8 8 -8 0 -8 8 0 8 -8 8 0 8 8 8 -8 -8 0 -8 0 0 -8 -8 8 0 -8 -8 over Number field with defining polynomial x-1
0 -288 0 480 1056 0 160 32 168 216 552 288 48 0 80 -256 -480 -496 144 160 128 -96 0 0 -144 48 -224 -288 0 -192 0 -288 192 -120 -96 144 -72 -96 -72 144 24 0 -72 -120 -312 384 -24 -24 -192 -24 48 336 128 -104 -168 96 136 -160 -16 -144 112 224 24 128 136 -88 40 200 -72 8 -64 112 -144 72 32 16 40 128 -216 -24 -64 96 -24 48 -56 16 104 184 16 8 -56 216 -184 -216 -144 -16 8 -40 56 32 72 0 40 -88 -56 40 -64 72 72 176 8 -224 -8 -24 -208 -40 224 80 160 -96 -48 48 -16 -8 32 8 -56 -8 -88 -120 40 -40 -32 32 0 -80 88 -120 -24 -8 -120 16 -152 -16 56 -112 64 216 -128 -72 -80 -80 8 -104 -32 -16 -152 -80 80 48 -56 -24 16 -120 -24 -80 32 24 -24 64 32 -72 112 64 160 104 32 48 -40 136 -168 -16 64 -32 -112 -80 64 160 -48 64 104 32 96 40 8 32 -24 96 -24 96 -48 -40 -80 120 -24 40 16 -144 8 40 24 8 0 -8 88 16 104 24 72 0 24 24 -56 -8 -24 -112 8 -16 -112 -40 72 -152 128 40 40 over Number field with defining polynomial x-1
0 -48 0 -48 48 0 -16 -48 -60 -36 -12 24 -48 0 -8 32 0 8 24 48 0 32 -32 0 -24 8 -16 0 0 0 0 -32 16 12 0 12 24 0 -12 12 -24 0 0 24 12 0 0 36 -48 -4 -32 40 0 -12 4 0 4 -24 0 -8 24 0 -20 8 12 -4 -20 12 12 4 0 -8 -24 -28 8 -8 -4 -16 20 -12 32 -32 -4 -16 20 16 -20 36 0 -12 20 20 -28 -4 8 0 28 4 12 -8 4 0 12 -4 8 12 4 -20 -12 -20 4 -8 -4 8 8 4 -16 0 -24 8 -4 -12 4 -4 -8 4 8 12 -16 -12 12 4 8 8 0 0 -12 16 0 -4 -12 0 4 -12 12 -16 4 4 0 12 4 16 8 32 8 0 0 4 16 8 -4 -4 -4 4 -4 8 -20 0 4 -8 0 0 0 0 8 4 -8 -28 0 4 -12 0 4 8 12 16 -8 -8 0 0 12 -24 4 12 4 -8 12 8 8 -8 -4 0 16 -8 12 -8 12 -12 16 0 0 0 -8 -4 -8 4 -4 -4 -4 0 -8 8 -12 4 -8 -4 8 12 -4 -12 0 -4 0 8 0 over Number field with defining polynomial x-1
For conductor 2, eigenvectors are:
2 0 1 1 -1 0 1 0 -1 -1 -1 1 1 0 0 1 -1 -2 0 1 -1 0 1 1 0 -1 0 0 0 0 0 1 -1 1 0 0 0 0 0 -1 -1 0 -1 0 0 0 0 0 0 1 -1 0 0 0 0 0 0 over Number field with defining polynomial x+1
2 2 0 0 2 4 0 2 0 4 -2 2 -2 -4 2 0 0 0 2 -2 0 1 -2 -1 -1 0 -1 -2 -1 0 2 1 -3 0 -1 -1 0 0 2 1 -1 1 -1 0 2 0 0 -1 2 1 2 1 0 -2 0 0 0 over Number field with defining polynomial x+7
2 2 -6 -2 -4 -4 -2 -2 -2 -2 -4 4 4 0 -2 -2 2 4 -2 -4 2 -1 -2 -1 -1 0 -1 4 -1 0 2 1 -3 2 -1 -1 2 0 2 -1 1 1 1 2 0 0 -4 1 0 -1 -2 -1 -2 0 -2 -2 0 over Number field with defining polynomial x-5
-4*a^5 - 152*a^4 - 2248*a^3 - 16040*a^2 - 54456*a - 68560 4*a^4 + 136*a^3 + 1712*a^2 + 9428*a + 19084 0 0 4*a^4 + 136*a^3 + 1712*a^2 + 9428*a + 19084 -4*a^4 - 124*a^3 - 1400*a^2 - 6760*a - 11604 0 4*a^4 + 116*a^3 + 1208*a^2 + 5244*a + 7652 0 -4*a^5 - 156*a^4 - 2392*a^3 - 17960*a^2 - 65684*a - 92832 4*a^4 + 124*a^3 + 1416*a^2 + 7044*a + 12840 -4*a^4 - 120*a^3 - 1284*a^2 - 5636*a - 7960 4*a^4 + 120*a^3 + 1284*a^2 + 5636*a + 7960 4*a^4 + 124*a^3 + 1400*a^2 + 6760*a + 11604 4*a^5 + 152*a^4 + 2256*a^3 + 16232*a^2 + 55972*a + 72512 0 0 0 -4*a^4 - 124*a^3 - 1416*a^2 - 7044*a - 12840 -4*a^4 - 136*a^3 - 1712*a^2 - 9428*a - 19084 0 -4*a^4 - 132*a^3 - 1622*a^2 - 8798*a - 17784 2*a^4 + 62*a^3 + 700*a^2 + 3380*a + 5802 2*a^3 + 58*a^2 + 562*a + 1822 -2*a^5 - 76*a^4 - 1128*a^3 - 8116*a^2 - 27986*a - 36256 -2*a^5 - 78*a^4 - 1192*a^3 - 8876*a^2 - 31942*a - 43822 2*a^3 + 58*a^2 + 562*a + 1822 -4*a^4 - 124*a^3 - 1408*a^2 - 6902*a - 12222 2*a^5 + 76*a^4 + 1134*a^3 + 8272*a^2 + 29320*a + 39996 -4*a^4 - 130*a^3 - 1564*a^2 - 8236*a - 15962 4*a^4 + 124*a^3 + 1408*a^2 + 6902*a + 12222 -2*a^3 - 58*a^2 - 562*a - 1822 -2*a^5 - 78*a^4 - 1196*a^3 - 8980*a^2 - 32842*a - 46416 0 2*a^4 + 72*a^3 + 960*a^2 + 5614*a + 12136 2*a^5 + 76*a^4 + 1136*a^3 + 8338*a^2 + 30024*a + 42436 0 0 2*a^5 + 78*a^4 + 1198*a^3 + 9038*a^2 + 33404*a + 48238 2*a^5 + 74*a^4 + 1062*a^3 + 7320*a^2 + 23848*a + 28478 -2*a^4 - 58*a^3 - 604*a^2 - 2622*a - 3826 -2*a^5 - 76*a^4 - 1136*a^3 - 8338*a^2 - 30024*a - 42436 -2*a^4 - 60*a^3 - 670*a^2 - 3326*a - 6266 -10*a^3 - 252*a^2 - 2092*a - 5716 4*a^3 + 96*a^2 + 758*a + 1976 2*a^3 + 66*a^2 + 704*a + 2440 10*a^3 + 252*a^2 + 2092*a + 5716 -2*a^4 - 68*a^3 - 856*a^2 - 4714*a - 9542 4*a^3 + 96*a^2 + 758*a + 1976 -4*a^4 - 132*a^3 - 1622*a^2 - 8798*a - 17784 4*a^4 + 124*a^3 + 1408*a^2 + 6902*a + 12222 8*a^2 + 142*a + 618 -2*a^3 - 66*a^2 - 704*a - 2440 6*a^3 + 156*a^2 + 1334*a + 3740 0 0 0 over Number field with defining polynomial x^6+47*x^5+904*x^4+9078*x^3+49970*x^2+142012*x+161119
a vector of length 57 over Number field with defining polynomial a number field of degree 48
For conductor 491, eigenvectors are:
0 3 3 -1 0 -1 0 -1 0 0 0 1 1 0 2 -2 -1 -2 2 0 -2 -2 0 1 1 2 0 1 -1 0 3 3 -1 1 -1 -1 0 over Number field with defining polynomial x+7
0 -1 1 1 0 -1 0 1 0 0 0 -1 -1 0 0 0 1 0 0 0 0 0 0 1 1 0 0 -1 -1 0 1 -1 -1 1 1 -1 0 over Number field with defining polynomial x+5
0 0 0 -1 0 -1 0 -1 0 0 0 -2 1 0 -1 1 -1 1 -1 0 1 -2 0 1 1 -1 0 1 -1 0 0 0 2 1 -1 -1 0 over Number field with defining polynomial x+4
0 0 a^2 + 10*a + 30 -2*a^2 - 31*a - 85 -a^2 - 10*a - 30 -4*a^2 - 56*a - 129 -a^2 - 15*a - 14 a^2 + 21*a + 55 0 3*a^2 + 35*a + 74 -3*a^2 - 35*a - 74 0 a^2 + 4*a - 11 -a^2 - 10*a - 30 2*a^2 + 31*a + 85 2*a^2 + 31*a + 85 2*a^2 + 31*a + 85 -a^2 - 21*a - 55 2*a^2 + 14*a + 19 0 a^2 + 21*a + 55 2*a^2 + 25*a + 44 0 -a^2 - 21*a - 55 -a^2 - 21*a - 55 11*a+25 -a^2 - 10*a - 30 -a^2 - 4*a + 11 6*a+41 a^2 + 10*a + 30 -a^2 - 10*a - 30 0 2*a^2 + 25*a + 44 11*a+25 -a^2 - 21*a - 55 -6*a-41 -a^2 - 15*a - 14 over Number field with defining polynomial x^3+19*x^2+91*x+122
a vector of length 37 over Number field with defining polynomial a number field of degree 26
0 -8*a^4 - 293*a^3 - 3568*a^2 - 15830*a - 15778 11*a^4 + 365*a^3 + 3871*a^2 + 12794*a - 1887 -21*a^3 - 901*a^2 - 11702*a - 44880 -37*a^3 - 1263*a^2 - 13503*a - 47132 a^4 + 21*a^3 + 436*a^2 + 7219*a + 34488 6*a^4 + 128*a^3 + 244*a^2 - 7873*a - 37582 -12*a^4 - 365*a^3 - 3406*a^2 - 8311*a + 12279 -19*a^4 - 602*a^3 - 6103*a^2 - 20012*a - 2632 -6*a^4 - 216*a^3 - 2261*a^2 - 4482*a + 19577 6*a^4 + 216*a^3 + 2261*a^2 + 4482*a - 19577 -a^4 - 21*a^3 - 436*a^2 - 7219*a - 34488 16*a^3 + 319*a^2 + 1942*a + 4494 -19*a^4 - 658*a^3 - 7439*a^2 - 28624*a - 13891 -a^4 + 465*a^2 + 4483*a + 10392 43*a^2 - 141*a - 2242 a^4 + 16*a^3 - 146*a^2 - 2541*a - 5898 -5*a^4 - 221*a^3 - 3308*a^2 - 18725*a - 31201 5*a^4 + 128*a^3 + 709*a^2 - 3390*a - 27190 0 -37*a^3 - 1220*a^2 - 13644*a - 49374 a^4 - 465*a^2 - 4483*a - 10392 0 -7*a^4 - 237*a^3 - 2697*a^2 - 11701*a - 14911 -7*a^4 - 237*a^3 - 2697*a^2 - 11701*a - 14911 -a^4 - 93*a^3 - 2134*a^2 - 17632*a - 47999 6*a^4 + 221*a^3 + 2843*a^2 + 14242*a + 20809 6*a^4 + 237*a^3 + 3162*a^2 + 16184*a + 25303 -6*a^4 - 237*a^3 - 3162*a^2 - 16184*a - 25303 -6*a^4 - 221*a^3 - 2843*a^2 - 14242*a - 20809 -2*a^4 - 72*a^3 - 725*a^2 - 1588*a + 5031 -8*a^4 - 293*a^3 - 3568*a^2 - 15830*a - 15778 -21*a^3 - 901*a^2 - 11702*a - 44880 -72*a^3 - 1698*a^2 - 10413*a - 13511 16*a^3 + 362*a^2 + 1801*a + 2252 -16*a^3 - 319*a^2 - 1942*a - 4494 -13*a^4 - 474*a^3 - 5859*a^2 - 27885*a - 40214 over Number field with defining polynomial x^5+39*x^4+528*x^3+2789*x^2+3529*x-7517
For conductor 982, eigenvectors are:
0 0 0 0 0 6 0 0 0 6 0 0 -6 0 6 -6 0 0 0 0 4 0 0 0 0 0 0 0 0 0 4 0 4 -4 0 0 0 0 0 0 2 -4 -2 2 0 0 0 -2 0 -2 -2 0 -2 2 0 0 2 0 0 -2 0 0 0 0 0 0 0 0 -4 0 2 -2 2 0 0 2 2 0 0 0 2 -2 0 -2 0 0 -2 0 0 2 0 -2 0 -2 0 2 0 0 -2 2 0 -2 0 4 2 0 -2 -2 0 -2 0 0 2 -2 0 -2 0 0 0 1 0 1 2 1 -2 -2 2 0 1 0 1 1 1 -1 1 0 -1 2 0 -1 -1 1 0 -1 -1 0 0 0 0 1 -1 -1 0 over Number field with defining polynomial x+4
0 0 0 0 0 -12 0 0 0 -12 0 0 -6 0 6 -6 0 0 0 0 4 -12 0 12 0 0 0 0 0 12 -8 0 4 8 0 0 0 0 0 0 2 2 4 2 6 0 6 4 0 4 -8 -6 -2 2 0 0 2 6 0 -2 6 -6 6 0 6 0 0 6 2 6 -4 -8 2 0 0 2 -4 6 -6 0 -4 -2 0 -2 0 0 -2 0 0 -4 0 4 6 -2 -6 2 0 6 4 2 -6 -2 0 -2 8 -6 -2 -2 0 -2 0 0 2 4 -6 -2 0 3 3 1 -6 1 -4 -5 4 -2 2 3 1 0 -2 4 1 2 4 0 2 2 0 -1 -1 4 0 -1 -1 0 3 -3 -3 1 5 -1 0 over Number field with defining polynomial x+7
0 0 0 0 0 6*a^2 + 90*a + 252 0 0 0 6*a^2 + 90*a + 252 0 0 36*a+120 0 6*a^2 + 90*a + 252 30*a+156 0 0 0 0 -20*a-104 0 0 -4*a^2 - 36*a - 88 0 0 0 0 0 -4*a^2 - 36*a - 88 -4*a^2 - 60*a - 168 0 4*a^2 + 60*a + 168 4*a^2 + 60*a + 168 0 0 0 0 0 0 12*a+40 2*a^2 + 40*a + 136 -2*a^2 - 30*a - 84 2*a^2 + 30*a + 84 -2*a^2 - 18*a - 44 0 -4*a^2 - 58*a - 180 -2*a^2 - 30*a - 84 0 -10*a-52 2*a^2 + 30*a + 84 -2*a^2 - 18*a - 44 10*a+52 -12*a-40 0 0 2*a^2 + 30*a + 84 2*a^2 + 18*a + 44 0 2*a^2 + 28*a + 96 2*a^2 + 18*a + 44 0 0 0 2*a^2 + 18*a + 44 2*a^2 + 18*a + 44 0 2*a^2 + 18*a + 44 -2*a^2 - 40*a - 136 2*a^2 + 18*a + 44 2*a^2 + 30*a + 84 -10*a-52 -12*a-40 0 0 -12*a-40 -2*a^2 - 30*a - 84 0 0 0 2*a^2 + 30*a + 84 10*a+52 0 -2*a^2 - 30*a - 84 0 0 2*a^2 + 8*a - 8 0 0 10*a+52 0 2*a^2 + 30*a + 84 -2*a^2 - 18*a - 44 12*a+40 -4*a^2 - 60*a - 168 -10*a-52 0 0 -2*a^2 - 30*a - 84 -10*a-52 -2*a^2 - 18*a - 44 2*a^2 + 8*a - 8 0 -2*a^2 - 42*a - 124 10*a+52 -2*a^2 - 18*a - 44 -12*a-40 2*a^2 + 8*a - 8 2*a^2 + 18*a + 44 2*a^2 + 8*a - 8 0 -2*a^2 - 18*a - 44 2*a^2 + 30*a + 84 -2*a^2 - 30*a - 84 0 -2*a^2 - 30*a - 84 0 0 a^2 + 9*a + 22 a^2 + 15*a + 42 a^2 + 9*a + 22 -2*a^2 - 35*a - 110 -2*a^2 - 29*a - 90 -2*a^2 - 24*a - 64 2*a^2 + 30*a + 84 -11*a-46 11*a+46 2*a^2 + 30*a + 84 -a^2 - 14*a - 48 -a^2 - 9*a - 22 -a^2 - 15*a - 42 a^2 + 15*a + 42 -a^2 - 15*a - 42 6*a+20 5*a+26 0 -2*a^2 - 24*a - 64 -a^2 - 10*a - 16 0 6*a+20 6*a+20 -a^2 - 15*a - 42 a^2 + 9*a + 22 a^2 + 4*a - 4 5*a+26 -a^2 - 9*a - 22 a^2 + 9*a + 22 0 a^2 + 20*a + 68 -3*a^2 - 45*a - 126 -2*a^2 - 24*a - 64 -5*a-26 a-6 over Number field with defining polynomial x^3+19*x^2+91*x+122
0 0 0 0 0 -6*a^4 - 198*a^3 - 1992*a^2 - 5232*a + 8322 0 0 0 -6*a^4 - 198*a^3 - 1992*a^2 - 5232*a + 8322 0 0 6*a^4 + 156*a^3 + 1110*a^2 + 1428*a - 3036 0 12*a^4 + 372*a^3 + 3570*a^2 + 9138*a - 14280 6*a^4 + 174*a^3 + 1578*a^2 + 3906*a - 5958 0 0 0 0 -4*a^4 - 116*a^3 - 1052*a^2 - 2604*a + 3972 -8*a^4 - 264*a^3 - 2708*a^2 - 7104*a + 10776 0 -8*a^3 - 176*a^2 - 596*a + 1044 0 0 0 0 0 -8*a^3 - 176*a^2 - 596*a + 1044 8*a^4 + 220*a^3 + 1792*a^2 + 3556*a - 5996 0 8*a^4 + 248*a^3 + 2380*a^2 + 6092*a - 9520 -8*a^4 - 220*a^3 - 1792*a^2 - 3556*a + 5996 0 0 0 0 0 0 -2*a^4 - 70*a^3 - 752*a^2 - 2042*a + 3296 -2*a^4 - 52*a^3 - 370*a^2 - 476*a + 1012 2*a^4 + 66*a^3 + 664*a^2 + 1744*a - 2774 4*a^4 + 124*a^3 + 1190*a^2 + 3046*a - 4760 -4*a^3 - 88*a^2 - 298*a + 522 0 -2*a^4 - 66*a^3 - 652*a^2 - 1654*a + 2358 2*a^4 + 66*a^3 + 664*a^2 + 1744*a - 2774 0 2*a^4 + 54*a^3 + 438*a^2 + 1004*a - 1464 2*a^4 + 56*a^3 + 458*a^2 + 774*a - 1534 2*a^4 + 84*a^3 + 1034*a^2 + 3220*a - 4642 2*a^4 + 58*a^3 + 526*a^2 + 1302*a - 1986 -2*a^4 - 52*a^3 - 370*a^2 - 476*a + 1012 0 0 4*a^4 + 124*a^3 + 1190*a^2 + 3046*a - 4760 6*a^4 + 206*a^3 + 2144*a^2 + 5648*a - 8534 0 4*a^4 + 132*a^3 + 1316*a^2 + 3398*a - 5132 -2*a^4 - 84*a^3 - 1034*a^2 - 3220*a + 4642 -4*a^4 - 132*a^3 - 1354*a^2 - 3552*a + 5388 4*a^4 + 132*a^3 + 1354*a^2 + 3552*a - 5388 0 -2*a^4 - 84*a^3 - 1034*a^2 - 3220*a + 4642 2*a^4 + 74*a^3 + 790*a^2 + 2096*a - 3146 0 -2*a^4 - 84*a^3 - 1034*a^2 - 3220*a + 4642 -2*a^4 - 70*a^3 - 752*a^2 - 2042*a + 3296 -2*a^4 - 84*a^3 - 1034*a^2 - 3220*a + 4642 -2*a^4 - 66*a^3 - 664*a^2 - 1744*a + 2774 4*a^4 + 142*a^3 + 1560*a^2 + 4522*a - 6628 -2*a^4 - 52*a^3 - 370*a^2 - 476*a + 1012 0 0 -2*a^4 - 52*a^3 - 370*a^2 - 476*a + 1012 4*a^4 + 110*a^3 + 896*a^2 + 1778*a - 2998 4*a^4 + 132*a^3 + 1354*a^2 + 3552*a - 5388 -4*a^4 - 132*a^3 - 1354*a^2 - 3552*a + 5388 0 -2*a^4 - 66*a^3 - 664*a^2 - 1744*a + 2774 2*a^4 + 58*a^3 + 526*a^2 + 1302*a - 1986 0 -4*a^4 - 124*a^3 - 1190*a^2 - 3046*a + 4760 0 0 2*a^4 + 58*a^3 + 526*a^2 + 1302*a - 1986 0 0 -2*a^4 - 54*a^3 - 438*a^2 - 1004*a + 1464 0 -4*a^4 - 110*a^3 - 896*a^2 - 1778*a + 2998 -4*a^3 - 88*a^2 - 298*a + 522 2*a^4 + 52*a^3 + 370*a^2 + 476*a - 1012 -14*a^3 - 294*a^2 - 1268*a + 1762 -2*a^4 - 58*a^3 - 526*a^2 - 1302*a + 1986 0 4*a^4 + 132*a^3 + 1354*a^2 + 3552*a - 5388 2*a^4 + 66*a^3 + 664*a^2 + 1744*a - 2774 -2*a^4 - 58*a^3 - 526*a^2 - 1302*a + 1986 2*a^4 + 84*a^3 + 1034*a^2 + 3220*a - 4642 2*a^4 + 58*a^3 + 526*a^2 + 1302*a - 1986 0 2*a^4 + 58*a^3 + 526*a^2 + 1302*a - 1986 -4*a^4 - 142*a^3 - 1560*a^2 - 4522*a + 6628 2*a^4 + 84*a^3 + 1034*a^2 + 3220*a - 4642 2*a^4 + 70*a^3 + 752*a^2 + 2042*a - 3296 2*a^4 + 58*a^3 + 526*a^2 + 1302*a - 1986 2*a^4 + 74*a^3 + 790*a^2 + 2096*a - 3146 2*a^4 + 58*a^3 + 526*a^2 + 1302*a - 1986 0 -2*a^4 - 74*a^3 - 790*a^2 - 2096*a + 3146 4*a^4 + 124*a^3 + 1190*a^2 + 3046*a - 4760 2*a^4 + 66*a^3 + 664*a^2 + 1744*a - 2774 -4*a^4 - 132*a^3 - 1354*a^2 - 3552*a + 5388 -4*a^4 - 124*a^3 - 1190*a^2 - 3046*a + 4760 0 2*a^4 + 66*a^3 + 677*a^2 + 1776*a - 2694 -a^4 - 42*a^3 - 517*a^2 - 1610*a + 2321 2*a^4 + 62*a^3 + 595*a^2 + 1523*a - 2380 -2*a^4 - 64*a^3 - 633*a^2 - 1627*a + 2433 2*a^4 + 59*a^3 + 517*a^2 + 1110*a - 1893 2*a^4 + 68*a^3 + 702*a^2 + 1848*a - 2827 3*a^4 + 97*a^3 + 965*a^2 + 2499*a - 3820 -2*a^4 - 71*a^3 - 780*a^2 - 2261*a + 3314 -a^4 - 33*a^3 - 332*a^2 - 872*a + 1387 a^4 + 33*a^3 + 332*a^2 + 872*a - 1387 7*a^3 + 147*a^2 + 634*a - 881 -2*a^4 - 66*a^3 - 658*a^2 - 1699*a + 2566 3*a^4 + 108*a^3 + 1194*a^2 + 3386*a - 5015 2*a^4 + 55*a^3 + 448*a^2 + 889*a - 1499 2*a^4 + 68*a^3 + 696*a^2 + 1803*a - 2619 -2*a^4 - 63*a^3 - 580*a^2 - 1286*a + 2079 -3*a^4 - 92*a^3 - 843*a^2 - 1937*a + 3072 -2*a^4 - 71*a^3 - 780*a^2 - 2261*a + 3314 0 -4*a^3 - 63*a^2 - 176*a + 186 -2*a^4 - 55*a^3 - 448*a^2 - 889*a + 1499 0 a^4 + 26*a^3 + 185*a^2 + 238*a - 506 a^4 + 26*a^3 + 185*a^2 + 238*a - 506 -a^4 - 28*a^3 - 229*a^2 - 387*a + 767 a^4 + 37*a^3 + 395*a^2 + 1048*a - 1573 a^4 + 29*a^3 + 263*a^2 + 651*a - 993 a^4 + 29*a^3 + 263*a^2 + 651*a - 993 -a^4 - 37*a^3 - 395*a^2 - 1048*a + 1573 3*a^4 + 103*a^3 + 1072*a^2 + 2824*a - 4267 -2*a^4 - 66*a^3 - 677*a^2 - 1776*a + 2694 -4*a^3 - 69*a^2 - 221*a + 394 -a^4 - 35*a^3 - 376*a^2 - 1021*a + 1648 2*a^3 + 38*a^2 + 104*a - 53 -8*a^3 - 132*a^2 - 397*a + 580 -3*a^3 - 78*a^2 - 413*a + 487 over Number field with defining polynomial x^5+39*x^4+528*x^3+2789*x^2+3529*x-7517
a vector of length 153 over Number field with defining polynomial a number field of degree 27
a vector of length 153 over Number field with defining polynomial a number field of degree 116
For conductor 1:
traces of hecke eigenvalues of T_{p^1} are:
-1 4 -18 7 25 -83 122 44 252 85 191 -89 103 210 250 -604 -180 -1370 793 -1370 352 -187 -38 11 
computing eigenvalues for k = 1, took 15.902509 sec
traces of hecke eigenvalues of T_{p^2} are:
-4 8 -44 
computing eigenvalues for k = 2, took 0.803859 sec
traces of hecke eigenvalues of T_{p^1} are:
5 -12 -20 55 55 15 174 -60 32 -421 -35 -19 -85 330 20 -52 44 80 123 1360 -1398 475 1566 -1735 
computing eigenvalues for k = 1, took 16.095698 sec
traces of hecke eigenvalues of T_{p^2} are:
4 0 -2 
computing eigenvalues for k = 2, took 0.902357 sec
traces of hecke eigenvalues of T_{p^1} are:
40 156 400 1464 2380 5220 7240 12720 25260 30784 52060 70644 81400 106080 151740 208920 230764 305320 363024 394420 499360 578760 712980 922180 
computing eigenvalues for k = 1, took 256.741131 sec
traces of hecke eigenvalues of T_{p^2} are:
120 780 2800 
computing eigenvalues for k = 2, took 10.707171 sec
traces of hecke eigenvalues of T_{p^1} are:
-27 -20 -85 580 -629 211 494 1946 1914 -341 -1405 3284 199 2317 535 7872 -5655 2980 3487 -5748 2229 4832 -3239 -10279 
computing eigenvalues for k = 1, took 16.738691 sec
traces of hecke eigenvalues of T_{p^2} are:
-72 -54 -360 
computing eigenvalues for k = 2, took 0.924113 sec
traces of hecke eigenvalues of T_{p^1} are:
114 -139 597 58 796 -1140 1379 -794 -1936 3357 4864 -5872 8100 1526 -1625 -1383 4058 19856 -1649 7572 9284 11391 -9566 9293 
computing eigenvalues for k = 1, took 22.523149 sec
traces of hecke eigenvalues of T_{p^2} are:
-81 -369 -269 
computing eigenvalues for k = 2, took 1.659373 sec
traces of hecke eigenvalues of T_{p^1} are:
382 898 1762 4197 5693 9449 12225 17199 27531 32132 44736 54588 60465 71176 90348 112057 120083 144960 162990 171956 203786 218602 253365 303242 
computing eigenvalues for k = 1, took 251.704926 sec
traces of hecke eigenvalues of T_{p^2} are:
248 396 1296 
computing eigenvalues for k = 2, took 10.108006 sec
traces of hecke eigenvalues of T_{p^1} are:
601 1493 2866 6733 8995 15658 19191 28568 44583 50130 71113 88472 96925 116304 146853 181801 190095 235495 263408 277938 324708 359973 411436 488968 
computing eigenvalues for k = 1, took 248.419011 sec
traces of hecke eigenvalues of T_{p^2} are:
324 846 2128 
computing eigenvalues for k = 2, took 10.948436 sec
traces of hecke eigenvalues of T_{p^1} are:
1 12 -10 37 -119 31 -86 124 -92 -371 91 -35 463 136 218 980 -308 594 -137 150 56 -1231 532 785 
computing eigenvalues for k = 1, took 16.576967 sec
traces of hecke eigenvalues of T_{p^2} are:
-20 12 -8 
computing eigenvalues for k = 2, took 0.953791 sec
traces of hecke eigenvalues of T_{p^1} are:
1 20 -18 77 -39 95 -58 88 -340 -43 -45 5 -185 -156 -190 -192 -20 402 719 -486 -56 1585 1520 -607 
computing eigenvalues for k = 1, took 16.110807 sec
traces of hecke eigenvalues of T_{p^2} are:
-4 28 16 
computing eigenvalues for k = 2, took 0.880192 sec
traces of hecke eigenvalues of T_{p^1} are:
1 4 -30 53 -35 151 24 74 328 -103 -137 -123 191 -70 -58 -422 -872 402 -249 -240 924 813 174 393 
computing eigenvalues for k = 1, took 16.423273 sec
traces of hecke eigenvalues of T_{p^2} are:
4 -4 68 
computing eigenvalues for k = 2, took 0.806865 sec
For conductor 2:
traces of hecke eigenvalues of T_{p^1} are:
-1 4 -18 7 25 -83 122 44 252 85 191 -89 103 210 250 -604 -180 -1370 793 -1370 352 -187 -38 11 
computing eigenvalues for k = 1, took 459.981632 sec
traces of hecke eigenvalues of T_{p^2} are:
-4 8 -44 
computing eigenvalues for k = 2, took 1.247108 sec
traces of hecke eigenvalues of T_{p^1} are:
-7 -20 -16 23 27 -37 -78 16 -264 -185 153 561 -69 278 -456 160 372 180 -17 -368 -634 -81 386 -891 
computing eigenvalues for k = 1, took 458.343080 sec
traces of hecke eigenvalues of T_{p^2} are:
4 32 10 
computing eigenvalues for k = 2, took 1.207109 sec
traces of hecke eigenvalues of T_{p^1} are:
5 -12 -20 55 55 15 174 -60 32 -421 -35 -19 -85 330 20 -52 44 80 123 1360 -1398 475 1566 -1735 
computing eigenvalues for k = 1, took 452.863391 sec
traces of hecke eigenvalues of T_{p^2} are:
4 0 -2 
computing eigenvalues for k = 2, took 1.158912 sec
traces of hecke eigenvalues of T_{p^1} are:
-47 -67 -121 5 -235 0 211 -51 3 301 -1069 -505 -776 -83 -232 789 -606 -1804 687 -1407 -333 1328 629 -151 
computing eigenvalues for k = 1, took 448.724033 sec
traces of hecke eigenvalues of T_{p^2} are:
45 49 148 
computing eigenvalues for k = 2, took 1.208715 sec
traces of hecke eigenvalues of T_{p^1} are:
-27 -20 -85 580 -629 211 494 1946 1914 -341 -1405 3284 199 2317 535 7872 -5655 2980 3487 -5748 2229 4832 -3239 -10279 
computing eigenvalues for k = 1, took 452.432508 sec
traces of hecke eigenvalues of T_{p^2} are:
-72 -54 -360 
computing eigenvalues for k = 2, took 1.177090 sec
For conductor 491:
traces of hecke eigenvalues of T_{p^1} are:
-7 -12 -2 -35 73 21 -46 8 -132 -333 -153 287 -135 318 94 -160 -732 -106 675 1310 -244 -1265 -678 -1453 
computing eigenvalues for k = 1, took 761.592913 sec
traces of hecke eigenvalues of T_{p^2} are:
4 8 -32 
computing eigenvalues for k = 2, took 0.709021 sec
traces of hecke eigenvalues of T_{p^1} are:
-5 -4 -2 -73 25 99 -172 114 120 -5 -21 65 -311 134 94 -382 168 -122 -671 -100 -1116 635 -402 837 
computing eigenvalues for k = 1, took 768.250782 sec
traces of hecke eigenvalues of T_{p^2} are:
4 -4 44 
computing eigenvalues for k = 2, took 0.705605 sec
traces of hecke eigenvalues of T_{p^1} are:
-4 -18 -2 -59 40 24 -43 -124 159 93 -75 -250 -270 -231 40 -328 -276 755 600 59 -124 616 423 1853 
computing eigenvalues for k = 1, took 775.457726 sec
traces of hecke eigenvalues of T_{p^2} are:
-11 26 -80 
computing eigenvalues for k = 2, took 0.716865 sec
traces of hecke eigenvalues of T_{p^1} are:
-19 -40 11 -91 -8 104 -115 -357 -54 135 208 -19 701 -446 -856 -186 218 -1177 -2524 435 -222 1532 147 1729 
computing eigenvalues for k = 1, took 755.500017 sec
traces of hecke eigenvalues of T_{p^2} are:
15 13 72 
computing eigenvalues for k = 2, took 0.644514 sec
traces of hecke eigenvalues of T_{p^1} are:
-145 -91 -453 -162 -684 23 -749 -501 1368 -587 -1630 1620 -4569 -1601 -90 -1230 -1170 -7891 449 -5278 -2060 -2023 7584 -5554 
computing eigenvalues for k = 1, took 746.472537 sec
traces of hecke eigenvalues of T_{p^2} are:
81 -66 263 
computing eigenvalues for k = 2, took 0.655127 sec
traces of hecke eigenvalues of T_{p^1} are:
-39 -32 -8 -103 -44 -162 -4 89 -445 -390 9 -692 -609 -244 205 132 127 1694 -1740 510 15 -1567 -1345 1830 
computing eigenvalues for k = 1, took 746.620070 sec
traces of hecke eigenvalues of T_{p^2} are:
52 1 -22 
computing eigenvalues for k = 2, took 0.687154 sec
For conductor 982:
traces of hecke eigenvalues of T_{p^1} are:
-4 -18 -2 -59 40 24 -43 -124 159 93 -75 -250 -270 -231 40 -328 -276 755 600 59 -124 616 423 1853 
computing eigenvalues for k = 1, took 216.379171 sec
traces of hecke eigenvalues of T_{p^2} are:
-11 26 -80 
computing eigenvalues for k = 2, took 0.665510 sec
traces of hecke eigenvalues of T_{p^1} are:
-7 -12 -2 -35 73 21 -46 8 -132 -333 -153 287 -135 318 94 -160 -732 -106 675 1310 -244 -1265 -678 -1453 
computing eigenvalues for k = 1, took 215.722507 sec
traces of hecke eigenvalues of T_{p^2} are:
4 8 -32 
computing eigenvalues for k = 2, took 0.729547 sec
traces of hecke eigenvalues of T_{p^1} are:
-19 -40 11 -91 -8 104 -115 -357 -54 135 208 -19 701 -446 -856 -186 218 -1177 -2524 435 -222 1532 147 1729 
computing eigenvalues for k = 1, took 217.583554 sec
traces of hecke eigenvalues of T_{p^2} are:
15 13 72 
computing eigenvalues for k = 2, took 0.648735 sec
traces of hecke eigenvalues of T_{p^1} are:
-39 -32 -8 -103 -44 -162 -4 89 -445 -390 9 -692 -609 -244 205 132 127 1694 -1740 510 15 -1567 -1345 1830 
computing eigenvalues for k = 1, took 210.784022 sec
traces of hecke eigenvalues of T_{p^2} are:
52 1 -22 
computing eigenvalues for k = 2, took 0.651244 sec
traces of hecke eigenvalues of T_{p^1} are:
303 749 1428 3424 4772 7792 9727 14451 22991 25759 37563 45241 49576 58854 75714 93513 101060 120376 136157 142258 166887 181061 211835 253239 
computing eigenvalues for k = 1, took 156.848081 sec
traces of hecke eigenvalues of T_{p^2} are:
132 282 624 
computing eigenvalues for k = 2, took 1.165972 sec
traces of hecke eigenvalues of T_{p^1} are:
-18 -34 119 -921 551 -547 -789 -1080 81 511 5489 1675 1265 -1226 5365 -6468 8725 8731 -547 15433 7300 -12950 2749 22800 
computing eigenvalues for k = 1, took 168.328568 sec
traces of hecke eigenvalues of T_{p^2} are:
-237 -338 -304 
computing eigenvalues for k = 2, took 2.485664 sec
