constructing eigenvector for poly
x-15
constructing eigenvector for poly
x+5
constructing eigenvector for poly
x^2-11*x+26
constructing eigenvector for poly
x^2-14*x+46
constructing eigenvector for poly
x^10-10*x^9-18*x^8+384*x^7-344*x^6-4048*x^5+6512*x^4+9216*x^3-10096*x^2-10912*x-2336
constructing eigenvector for poly
x^5-27*x^4+261*x^3-1077*x^2+1766*x-964
constructing eigenvector for poly
x^44-262*x^43+33289*x^42-2732934*x^41+162973577*x^40-7524143017*x^39+279914247183*x^38-8623550221006*x^37+224392037085479*x^36-5005195564246934*x^35+96803999127230983*x^34-1638088452681999107*x^33+24427598165043888752*x^32-322883888366440291173*x^31+3800830111423763619607*x^30-39997524037605921031211*x^29+377436705252202072694900*x^28-3201634809367928719773736*x^27+24459022030845787511875035*x^26-168522823149897187826844972*x^25+1048221144307282855518133665*x^24-5889350746672731742004943675*x^23+29893779539376480204772830605*x^22-137059664577958306398480685772*x^21+567295943832606566611572624435*x^20-2117743659877564381130848015742*x^19+7120718249108751420005619105873*x^18-21528010228653951512500388046539*x^17+58393063192461227719698323626070*x^16-141718627124092238688238596490151*x^15+306751636266856306082247566527229*x^14-589853309902515691109223348707099*x^13+1002922878460148807396933318584049*x^12-1499425331522649754282723903708814*x^11+1957891770868688181125483088884244*x^10-2214664716663573528855354432787744*x^9+2148441713924029392122783655161936*x^8-1765210147306741294890910771729216*x^7+1208899641188343577136740869389824*x^6-675765697553161523989436486039936*x^5+299614176243069704930565126341888*x^4-101081531720486090804123009278976*x^3+24306707033959510636883006502912*x^2-3699202681634060949913570293760*x+266870932684703478208122572800
constructing eigenvector for poly
x^79-27*x^78-80*x^77+8665*x^76-45692*x^75-1157320*x^74+11875071*x^73+75394950*x^72-1398836082*x^71-1112486853*x^70+100724749334*x^69-229362299160*x^68-4799854846812*x^67+23238044017234*x^66+150399275105080*x^65-1234082217266522*x^64-2615185063093147*x^63+44123134461229015*x^62-9263384915826581*x^61-1131685553658884584*x^60+2172169197022436000*x^59+20974362261650170411*x^58-76086700760344056184*x^57-267228325688867146900*x^56+1654147757213801091652*x^55+1817303491526443068821*x^54-25694357341147545105335*x^53+8967625096912055139620*x^52+295227856016223162581561*x^51-441650983638207135882052*x^50-2486565359987016539075235*x^49+6760277718715472471200050*x^48+14334838233623239578585633*x^47-67260898456762229704198874*x^46-40634802760490869685356778*x^45+484507930462606173539528272*x^44-166803259524583925669182097*x^43-2591109418235600026853493449*x^42+2884308914372824682848873414*x^41+10162944623194909670778810281*x^40-19734852787916173260298555070*x^39-27409800334534432550504569348*x^38+89594775700234751734622670436*x^37+38359068925746652477212064229*x^36-296363306204372203522854135568*x^35+49137107196631869703913482254*x^34+734495889370408993076871143908*x^33-454639107092113982150681582604*x^32-1368406894333456896761160637137*x^31+1428731553672545653825805405884*x^30+1885976337370028304817750145467*x^29-2931477994472841159076173761989*x^28-1828702782757028758310923320710*x^27+4383230727777812565564514699121*x^26+1050076553735960366581014809892*x^25-4965964312847305618890681747476*x^24+13188164414134054295545554390*x^23+4340281133650253551845903419010*x^22-715344814516745690967143777613*x^21-2954612472561923822273050107015*x^20+807624473545777831242929862299*x^19+1575400610348283817932284409268*x^18-534430198246472404840812890581*x^17-659943986236183820738958549212*x^16+241316179241784966850131802846*x^15+217103373327867928704199399582*x^14-76576325448354821194984006448*x^13-55667930302684021959018726368*x^12+16821464375902207943084198831*x^11+10887704920950880100780167029*x^10-2412926276437051594174270661*x^9-1550373955378192662877417367*x^8+193964067403339698230697698*x^7+146866264237149674777732790*x^6-4341122882930744300491026*x^5-7709937120510653274473414*x^4-367387522195542396849540*x^3+138618010431841170691184*x^2+9013207011971459154832*x-553495823675188622368
constructing eigenvector for poly
x+2
constructing eigenvector for poly
x+5
constructing eigenvector for poly
x+6
constructing eigenvector for poly
x^2+6*x+3
constructing eigenvector for poly
x^16+39*x^15+663*x^14+6446*x^13+39277*x^12+152420*x^11+349394*x^10+276958*x^9-913131*x^8-3457288*x^7-5371589*x^6-4154120*x^5-987715*x^4+615353*x^3+306927*x^2-18554*x-3837
constructing eigenvector for poly
x+3
constructing eigenvector for poly
x^2+3*x-2
constructing eigenvector for poly
x^2+2*x-2
constructing eigenvector for poly
x^20+65*x^19+1932*x^18+34815*x^17+425056*x^16+3720284*x^15+24073377*x^14+116936370*x^13+427679115*x^12+1165660756*x^11+2294234438*x^10+2998803116*x^9+1861907134*x^8-1408997843*x^7-4560708742*x^6-4877098169*x^5-2711274602*x^4-689817594*x^3-3900193*x^2+25702018*x+1998484
constructing eigenvector for poly
x^92-42*x^91+362*x^90+9163*x^89-187204*x^88-169809*x^87+30486760*x^86-165116347*x^85-2487421327*x^84+27747445034*x^83+87680158501*x^82-2393614109625*x^81+2925974526835*x^80+130864748716018*x^79-562605895018210*x^78-4627728680442586*x^77+37092192832458139*x^76+88205279845511442*x^75-1558022975594363981*x^74+641768152822221405*x^73+46170690054502832250*x^72-113466757549052306130*x^71-973971249004908614999*x^70+4545968539189817896365*x^69+13443697922090976631571*x^68-116373718304634033486173*x^67-65200779448741363130702*x^66+2159380772324785334159540*x^65-2180981081018972466450499*x^64-29814993653582757170721322*x^63+72327225752394149149898160*x^62+297746127675238540726870132*x^61-1271408644433727207348979330*x^60-1849016566435266305450594408*x^59+15769861176271850693608194195*x^58+460564930295646730324007111*x^57-146833591822912944122475179175*x^56+150635544197537754057395485426*x^55+1031209909921303099066029936922*x^54-2136706035359892875772392012427*x^53-5219489728396398281621916132226*x^52+18646430295778231257947370731093*x^51+15576586227076407070481794394667*x^50-118532108898769811926599601210357*x^49+12702329122411849872734164917571*x^48+571614420297076646741152401762289*x^47-479280360711694361137951740856261*x^46-2085557824626027656783063752399592*x^45+3302196362718097097392455517721175*x^44+5487707537573257070997088790460533*x^43-14621980965328361750463691249300092*x^42-8587871116738641739815212433329377*x^41+47521111980199353954366424275864702*x^40-2561605047085155791852957755470451*x^39-117310412153650945854886311504021624*x^38+63591891610559017964897864012679669*x^37+219916604794938803807699709308106739*x^36-222354528183661299893208926426572840*x^35-303521984281848530581700570334332469*x^34+489948300374169042655200500790897294*x^33+278243301625880668941297715941879005*x^32-782938072261250469637625180950752921*x^31-94614406667425732391913741511905811*x^30+943675630969520755505891626198688054*x^29-175381122466350304979670940885972385*x^28-866191157778120364026522131203996065*x^27+373987554967865649915475844941963248*x^26+602165247679257525996588721892668010*x^25-399715058075460369863441735125394165*x^24-311015262068406285326119088051686576*x^23+289460473720742443904094183440505625*x^22+114479091959847858458938285173336172*x^21-151821092064241384988799090423597501*x^20-27086926927623872390468161961399694*x^19+58781563759049500680235602392356431*x^18+2586076868455070232432932823534548*x^17-16808654542988297454159668290194664*x^16+680735392404607104976330579996532*x^15+3510491973997481006921528524422878*x^14-317142985921652023584538374265712*x^13-523513098142663554947076053747592*x^12+59661598057875501972961233004544*x^11+53659337754027555028757905090368*x^10-6340330897792391396105089390880*x^9-3550408623563104424318009987200*x^8+397365363533340861711332734976*x^7+137000063654202186899222908000*x^6-14852677206693402595209297664*x^5-2660324429775176277924577920*x^4+305648769905565960036569088*x^3+17418043637223294679880192*x^2-2629756993815526002110464*x+57283458700765633595392
constructing eigenvector for poly
x^46-268*x^45+34875*x^44-2936256*x^43+179817141*x^42-8537801777*x^41+327148774435*x^40-10397430015934*x^39+279569532497561*x^38-6455143496827742*x^37+129473379151782925*x^36-2276511370457983907*x^35+35346635428365135714*x^34-487515688519358689239*x^33+6001925418227402718585*x^32-66217087772523797135525*x^31+656789779082198241164108*x^30-5872076544990333599865614*x^29+47420732252103776181633875*x^28-346462558282096736691205690*x^27+2292848057018016640966530889*x^26-13755592009830020349544141095*x^25+74845950730054808887682144725*x^24-369398843190395540621102203344*x^23+1653375194372450863148113981893*x^22-6707562460085234747383898556954*x^21+24643394871125115237333267863551*x^20-81894594052930172346001390817279*x^19+245780930078108348486221689420200*x^18-664859137842546999582475582768065*x^17+1617201899734517639313729723669087*x^16-3527028765034877556445749126599917*x^15+6873602115356401633950623529586325*x^14-11921648622119609099309147638151870*x^13+18314113452536162138508665884453366*x^12-24777773701984652643196451264727236*x^11+29323197639281756597126378928485304*x^10-30107089428162008964158720895107520*x^9+26550893887887009504235082088512672*x^8-19862248918171357310798229761681024*x^7+12406017551835183502750686713066752*x^6-6336780527251907048446665808091904*x^5+2572858697523657418958966976802304*x^4-796972177570130895763519721101312*x^3+176525724570653477884485671030784*x^2-24844878485489140773302148952064*x+1665964219019036013566186397696
computing eigenvectors took 6.639152 sec
For conductor 1, eigenvectors are:
-1 -1 -1 -1 -1 -1 -1 -1 -1 -1 -1 -1 -1 -1 -1 -1 -1 -1 -1 -1 -1 -1 -1 -1 -1 -1 -1 -1 -1 -1 -1 -1 -1 -1 -1 -1 -1 -1 -1 -1 -1 -1 -1 -1 -1 -1 -1 -1 -1 -1 -1 -1 -1 -1 -1 -1 -1 -1 -1 -1 -1 -1 -1 -1 -1 -1 -1 -1 -1 -1 -1 -1 -1 -1 -1 -1 -1 -1 -1 -1 -1 -1 -1 -1 -1 -1 -1 -1 -1 -1 -1 -1 -1 -1 -1 -1 -1 -1 -1 -1 -1 -1 -1 -1 -1 -1 -1 -1 -1 -1 -1 -1 -1 -1 -1 -1 -1 -1 -1 -1 -1 -1 -1 -1 -1 -1 -1 -1 -1 -1 -1 -1 -1 -1 -1 -1 -1 -1 -1 -1 -1 -1 -1 -1 over Number field with defining polynomial x-15
36 0 -36 -18 0 0 24 -12 18 -8 0 0 24 0 9 27 0 12 -6 3 3 -6 -24 -9 9 6 2 8 0 4 4 0 -24 20 -38 6 -4 8 2 -14 8 4 12 -24 -12 22 0 0 -18 -22 18 4 32 -4 1 -2 19 -5 -12 -6 0 -4 -4 6 -14 1 1 3 -7 -2 8 -4 -11 -14 12 8 -7 -3 5 -9 4 -15 1 4 -12 9 -2 -14 -4 -6 -10 2 -1 -19 16 10 -23 -1 -4 2 0 12 -23 -24 18 -14 -13 4 -5 19 23 8 -7 15 8 3 15 5 16 -13 10 6 10 -6 3 1 -1 3 -4 12 -6 2 5 -1 -6 1 8 -13 12 -3 5 -9 9 -2 over Number field with defining polynomial x+5
-24 0 24 -12 0 12*a-84 -12*a+108 24 12*a-72 0 -16 -16 16*a-112 32 6*a-24 6 6*a-30 6*a-30 -6*a+42 6 -6 12 -6*a+42 12*a-102 12*a-78 -4*a+32 -4*a+16 4*a-28 0 -8*a+56 -8*a+56 -16 12*a-92 0 4 -8*a+44 -12*a+100 4*a-28 -4 -8*a+44 -8 -8*a+56 4*a-44 -12*a+84 12*a-100 -8*a+60 -4*a+28 -4*a+28 -12*a+88 8*a-52 12 -8*a+56 4*a-20 -8*a+52 -2*a -8*a+56 6*a-48 -2*a+8 4*a-32 4*a-24 -4*a+32 4*a-28 4*a-28 2*a-6 8 -4*a+30 -4*a+10 -4*a+26 -4*a+22 8*a-60 8 -2*a+26 -2*a+20 2*a-10 4 -2*a+22 -10*a+68 8*a-38 2 4*a-26 4 6*a-40 -4*a+30 -4*a+32 4*a-32 -2*a+4 -4*a+36 -4*a+28 8*a-68 0 4*a-36 4*a-28 2*a-16 6*a-32 4*a-32 -2*a+2 2*a-12 2*a-16 -4*a+32 4*a-28 8*a-60 -4 6*a-40 -4*a+32 0 10*a-74 -8*a+58 -4 2*a-8 6*a-48 -2*a+16 0 -2*a+16 10 4 -4*a+26 -2*a+8 8*a-62 4*a-32 4*a-30 -4*a+28 2*a-14 6*a-38 -4*a+28 6*a-32 -2*a+16 2 -4*a+30 4*a-28 2*a-18 2*a-18 -2*a+6 -2*a+12 -2*a+8 -6*a+38 -4*a+30 8 2*a-20 4 4*a-22 -2*a+12 -4*a+26 -2*a+12 4 over Number field with defining polynomial x^2-11*x+26
1530*a-12240 -7956 -1734*a+11832 2550*a-15096 663*a-2346 969*a-6936 2805*a-15810 2805*a-15810 -153*a+3672 952*a-5644 -136*a+2380 408*a-1632 -306*a+2856 2210*a-14144 408*a-1632 -918*a+5814 -1479*a+11118 153*a-918 -153*a+3672 -663*a+5100 -357*a+510 -1479*a+11118 -102*a-204 1275*a-11526 2040*a-13668 34*a+1904 765*a-3876 -102*a-204 -1547*a+10064 -816*a+4284 255*a-2448 748*a-2584 748*a-2584 459*a-5508 612*a-4692 -612*a+1224 2550*a-15096 578*a-2108 408*a-1632 493*a-1870 -221*a+2618 68*a-680 -289*a+1564 238*a-1156 68*a-680 663*a-2346 969*a-6936 1411*a-9418 595*a-3400 -102*a-204 -187*a+34 697*a-4930 -306*a+2856 442*a-4216 425*a-2924 867*a-5406 1139*a-7412 -272*a+272 238*a-1156 -1700*a+9248 -816*a+4284 -833*a+5576 782*a-5168 340*a-2686 153*a-918 -884*a+3230 -901*a+4522 -833*a+5576 765*a-3876 -918*a+5814 -391*a+3094 -850*a+6868 -391*a+3094 68*a-680 -476*a+3332 -204*a+1326 306*a-102 697*a-4930 1037*a-5882 51*a+612 612*a-4692 -476*a+3332 -17*a-442 136*a+374 -221*a+2618 -476*a+3332 -374*a+1802 -476*a+3332 -663*a+5100 -187*a+34 -459*a+2040 323*a-1394 -221*a+2618 493*a-1870 408*a-1632 1037*a-5882 1037*a-5882 -578*a+4862 238*a-1156 1224*a-7650 68*a-680 -374*a+1802 -374*a+1802 153*a-918 425*a-2924 714*a-6222 -119*a+1088 510*a-3162 425*a-2924 -34*a+850 -187*a+34 -221*a+2618 -646*a+3808 323*a-1394 -476*a+3332 -204*a+1326 51*a+612 153*a-918 -17*a-442 -204*a+1326 -17*a-442 -833*a+5576 170*a-2210 -544*a+2278 -901*a+4522 -731*a+4046 -187*a+34 -289*a+1564 -17*a-442 765*a-3876 323*a-1394 782*a-5168 -918*a+5814 -476*a+3332 952*a-5644 -561*a+3570 238*a-1156 -306*a+2856 68*a-680 680*a-3638 -459*a+2040 -459*a+2040 -221*a+2618 -1734 over Number field with defining polynomial x^2-14*x+46
a vector of length 144 over Number field with defining polynomial a number field of degree 10
60*a^4 - 1080*a^3 + 6420*a^2 - 14280*a + 9840 300*a^4 - 5520*a^3 + 33900*a^2 - 79560*a + 62160 60*a^4 - 360*a^3 - 4860*a^2 + 36600*a - 46320 300*a^3 - 4620*a^2 + 20520*a - 22560 60*a^4 - 720*a^3 + 780*a^2 + 11160*a - 18240 -180*a^4 + 3120*a^3 - 17220*a^2 + 33480*a - 20880 60*a^4 - 1560*a^3 + 13980*a^2 - 48960*a + 49680 -180*a^4 + 3120*a^3 - 17340*a^2 + 34560*a - 22560 660*a^3 - 10500*a^2 + 48120*a - 54000 -140*a^4 + 2400*a^3 - 13020*a^2 + 24520*a - 14640 20*a^4 - 160*a^3 - 940*a^2 + 8920*a - 11760 20*a^4 - 160*a^3 - 940*a^2 + 8920*a - 11760 -140*a^4 + 2640*a^3 - 16860*a^2 + 42200*a - 34480 100*a^4 - 1600*a^3 + 7620*a^2 - 10440*a + 2960 -30*a^4 + 450*a^3 - 1680*a^2 - 240*a + 3360 90*a^4 - 1650*a^3 + 10140*a^2 - 24120*a + 18720 90*a^4 - 1140*a^3 + 2010*a^2 + 13320*a - 23040 -30*a^4 + 600*a^3 - 4230*a^2 + 12300*a - 11160 90*a^4 - 1500*a^3 + 7710*a^2 - 12660*a + 5880 60*a^4 - 810*a^3 + 2070*a^2 + 5820*a - 12000 -90*a^4 + 1530*a^3 - 8160*a^2 + 14820*a - 8520 -60*a^4 + 1200*a^3 - 8280*a^2 + 22860*a - 20400 300*a^3 - 4680*a^2 + 21060*a - 23400 90*a^4 - 1830*a^3 + 12900*a^2 - 36300*a + 31920 -90*a^4 + 1890*a^3 - 13860*a^2 + 40800*a - 37440 -80*a^4 + 1460*a^3 - 8940*a^2 + 21280*a - 16880 60*a^4 - 1020*a^3 + 5480*a^2 - 10080*a + 5760 -100*a^4 + 1720*a^3 - 9380*a^2 + 17920*a - 11200 60*a^4 - 720*a^3 + 780*a^2 + 11160*a - 18240 20*a^4 - 440*a^3 + 3420*a^2 - 10760*a + 10320 20*a^4 - 440*a^3 + 3420*a^2 - 10760*a + 10320 20*a^4 - 160*a^3 - 940*a^2 + 8920*a - 11760 20*a^4 - 200*a^3 - 380*a^2 + 6560*a - 8960 20*a^4 - 320*a^3 + 1500*a^2 - 1920*a + 400 40*a^4 - 660*a^3 + 3300*a^2 - 5040*a + 1840 -40*a^4 + 740*a^3 - 4660*a^2 + 11600*a - 9520 -60*a^4 + 840*a^3 - 2660*a^2 - 2600*a + 8320 -100*a^4 + 1720*a^3 - 9380*a^2 + 17920*a - 11200 -40*a^4 + 780*a^3 - 5180*a^2 + 13600*a - 11760 20*a^4 - 340*a^3 + 1840*a^2 - 3480*a + 2320 -80*a^3 + 1280*a^2 - 5760*a + 6320 20*a^4 - 440*a^3 + 3420*a^2 - 10760*a + 10320 -80*a^3 + 1320*a^2 - 6120*a + 6880 -20*a^4 + 520*a^3 - 4660*a^2 + 16240*a - 16320 -20*a^4 + 160*a^3 + 1060*a^2 - 9920*a + 12880 40*a^4 - 1060*a^3 + 9660*a^2 - 34280*a + 34960 -100*a^4 + 1800*a^3 - 10740*a^2 + 24400*a - 18320 -100*a^4 + 1800*a^3 - 10740*a^2 + 24400*a - 18320 180*a^3 - 2860*a^2 + 13120*a - 14880 40*a^4 - 540*a^3 + 1380*a^2 + 3800*a - 8080 80*a^4 - 1500*a^3 + 9580*a^2 - 24280*a + 20240 20*a^4 - 440*a^3 + 3420*a^2 - 10760*a + 10320 20*a^4 - 200*a^3 - 460*a^2 + 7280*a - 10080 10*a^4 - 80*a^3 - 550*a^2 + 5180*a - 6840 10*a^4 - 130*a^3 + 360*a^2 + 460*a - 1160 60*a^4 - 1100*a^3 + 6720*a^2 - 15680*a + 12120 -30*a^4 + 770*a^3 - 6860*a^2 + 23940*a - 24240 -110*a^4 + 1870*a^3 - 9980*a^2 + 18120*a - 10240 -60*a^4 + 1040*a^3 - 5780*a^2 + 11480*a - 7400 -40*a^4 + 620*a^3 - 2700*a^2 + 2400*a + 960 60*a^3 - 920*a^2 + 4100*a - 4680 40*a^4 - 820*a^3 + 5840*a^2 - 16620*a + 15080 40*a^4 - 820*a^3 + 5840*a^2 - 16620*a + 15080 -30*a^4 + 700*a^3 - 5770*a^2 + 19100*a - 18880 -10*a^4 + 20*a^3 + 1450*a^2 - 9020*a + 11000 -30*a^4 + 570*a^3 - 3680*a^2 + 9320*a - 7680 -70*a^4 + 1210*a^3 - 6680*a^2 + 13040*a - 8120 10*a^4 - 70*a^3 - 660*a^2 + 5420*a - 6960 40*a^4 - 530*a^3 + 1310*a^2 + 3840*a - 7960 -40*a^4 + 620*a^3 - 2660*a^2 + 2040*a + 1520 -20*a^4 + 280*a^3 - 820*a^2 - 1440*a + 3520 -70*a^4 + 1280*a^3 - 7830*a^2 + 18580*a - 14640 70*a^4 - 1290*a^3 + 7900*a^2 - 18420*a + 14240 60*a^4 - 940*a^3 + 4240*a^2 - 4640*a - 280 -30*a^4 + 360*a^3 - 350*a^2 - 5900*a + 9560 20*a^4 - 360*a^3 + 2180*a^2 - 5160*a + 3960 20*a^4 - 390*a^3 + 2610*a^2 - 6940*a + 6040 40*a^4 - 870*a^3 + 6710*a^2 - 20980*a + 20200 -10*a^4 + 290*a^3 - 2780*a^2 + 10080*a - 10360 50*a^4 - 1110*a^3 + 8620*a^2 - 26820*a + 25480 50*a^4 - 800*a^3 + 3810*a^2 - 5220*a + 1640 30*a^4 - 570*a^3 + 3620*a^2 - 8900*a + 7200 -10*a^4 + 330*a^3 - 3460*a^2 + 13320*a - 13920 -40*a^4 + 640*a^3 - 3000*a^2 + 3760*a - 720 -60*a^4 + 1040*a^3 - 5780*a^2 + 11480*a - 7400 10*a^3 - 170*a^2 + 780*a - 640 -40*a^4 + 700*a^3 - 3940*a^2 + 8000*a - 5400 -50*a^4 + 920*a^3 - 5630*a^2 + 13200*a - 10120 50*a^4 - 980*a^3 + 6530*a^2 - 17040*a + 14280 -70*a^4 + 1220*a^3 - 6810*a^2 + 13620*a - 8840 -20*a^4 + 400*a^3 - 2760*a^2 + 7580*a - 6680 -160*a^3 + 2540*a^2 - 11700*a + 13280 30*a^4 - 630*a^3 + 4640*a^2 - 13860*a + 13000 -30*a^4 + 710*a^3 - 5880*a^2 + 19340*a - 19000 -20*a^4 + 460*a^3 - 3700*a^2 + 11820*a - 11360 50*a^4 - 900*a^3 + 5390*a^2 - 12340*a + 9320 10*a^4 - 390*a^3 + 4360*a^2 - 17320*a + 18400 30*a^4 - 630*a^3 + 4640*a^2 - 13860*a + 13000 20*a^4 - 520*a^3 + 4620*a^2 - 16000*a + 16120 -60*a^4 + 1140*a^3 - 7480*a^2 + 19680*a - 16760 50*a^4 - 800*a^3 + 3770*a^2 - 4860*a + 1080 -40*a^4 + 740*a^3 - 4600*a^2 + 11060*a - 8680 110*a^4 - 2050*a^3 + 12860*a^2 - 31340*a + 25160 -60*a^4 + 980*a^3 - 4860*a^2 + 7420*a - 3000 -20*a^4 + 400*a^3 - 2800*a^2 + 7940*a - 7240 30*a^4 - 700*a^3 + 5730*a^2 - 18700*a + 18360 -30*a^4 + 650*a^3 - 4940*a^2 + 15100*a - 14320 40*a^4 - 740*a^3 + 4640*a^2 - 11380*a + 9280 -30*a^4 + 650*a^3 - 4860*a^2 + 14380*a - 13200 -30*a^4 + 770*a^3 - 6860*a^2 + 23940*a - 24240 90*a^4 - 1690*a^3 + 10700*a^2 - 26320*a + 21200 -40*a^4 + 560*a^3 - 1680*a^2 - 2560*a + 6760 -10*a^4 + 290*a^3 - 2740*a^2 + 9720*a - 9800 -30*a^4 + 450*a^3 - 1780*a^2 + 660*a + 1960 90*a^4 - 1880*a^3 + 13730*a^2 - 40340*a + 37080 10*a^4 - 70*a^3 - 660*a^2 + 5420*a - 6960 20*a^4 - 330*a^3 + 1630*a^2 - 2340*a + 800 -30*a^4 + 630*a^3 - 4680*a^2 + 14100*a - 13200 -40*a^4 + 700*a^3 - 3920*a^2 + 7820*a - 5120 -10*a^4 + 290*a^3 - 2800*a^2 + 10260*a - 10640 100*a^3 - 1620*a^2 + 7520*a - 8520 50*a^4 - 920*a^3 + 5590*a^2 - 12800*a + 9600 70*a^4 - 1280*a^3 + 7770*a^2 - 18000*a + 13840 100*a^3 - 1620*a^2 + 7520*a - 8520 110*a^3 - 1750*a^2 + 8100*a - 9240 30*a^4 - 630*a^3 + 4660*a^2 - 14040*a + 13280 30*a^3 - 510*a^2 + 2500*a - 2880 40*a^4 - 610*a^3 + 2530*a^2 - 1580*a - 1880 -20*a^3 + 320*a^2 - 1500*a + 1680 50*a^4 - 920*a^3 + 5650*a^2 - 13340*a + 10440 -20*a^4 + 260*a^3 - 560*a^2 - 2440*a + 4640 40*a^3 - 660*a^2 + 3100*a - 3560 -10*a^4 + 30*a^3 + 1300*a^2 - 8420*a + 10320 20*a^4 - 330*a^3 + 1630*a^2 - 2340*a + 800 30*a^4 - 560*a^3 + 3490*a^2 - 8320*a + 6480 -30*a^4 + 570*a^3 - 3680*a^2 + 9320*a - 7680 -20*a^3 + 280*a^2 - 1140*a + 1120 -10*a^4 + 30*a^3 + 1280*a^2 - 8240*a + 10040 -40*a^4 + 700*a^3 - 3960*a^2 + 8180*a - 5680 50*a^3 - 770*a^2 + 3500*a - 4000 -10*a^4 + 30*a^3 + 1300*a^2 - 8420*a + 10320 110*a^3 - 1710*a^2 + 7740*a - 8680 -30*a^3 + 470*a^2 - 2100*a + 2360 -20*a^3 + 340*a^2 - 1680*a + 1960 over Number field with defining polynomial x^5-27*x^4+261*x^3-1077*x^2+1766*x-964
a vector of length 144 over Number field with defining polynomial a number field of degree 44
a vector of length 144 over Number field with defining polynomial a number field of degree 79
For conductor 11, eigenvectors are:
-1 -2 -1 1 0 0 1 -1 1 1 1 1 3 2 1 0 2 -2 3 0 -1 over Number field with defining polynomial x+2
-1 1 -1 1 0 0 1 2 1 1 1 1 0 -1 1 0 -1 1 0 0 -1 over Number field with defining polynomial x+5
4 -1 -2 0 1 -2 2 1 -4 0 -3 2 0 1 1 -1 -2 0 1 3 -2 over Number field with defining polynomial x+6
-9*a-13 3*a+1 5*a+5 -9*a-3 8*a-4 -4*a+2 9*a+13 -2*a-4 -5*a-5 -9*a-3 3*a-9 -5*a-5 6*a+12 -3*a-1 -a-7 4*a-2 -3*a-1 -a+3 -10 0 -9*a-13 over Number field with defining polynomial x^2+6*x+3
a vector of length 21 over Number field with defining polynomial a number field of degree 16
For conductor 79, eigenvectors are:
0 0 0 0 -1 -1 0 0 0 0 0 0 0 0 0 0 0 0 0 1 0 1 0 0 -1 over Number field with defining polynomial x+3
-4 2*a+2 2*a+6 0 a+1 2 a+1 -a-3 0 -4 -a-1 a+3 -a-1 a+3 a+1 a+1 a-1 2 -a-1 -2 0 2 a-1 2 -a-3 over Number field with defining polynomial x^2+3*x-2
-a a-2 2 a -a -1 0 0 -a+1 a a 1 -a 2*a-2 a-1 -a -a -1 a-1 -1 -a -a 1 -a+1 0 over Number field with defining polynomial x^2+2*x-2
a vector of length 25 over Number field with defining polynomial a number field of degree 20
For conductor 869, eigenvectors are:
a vector of length 138 over Number field with defining polynomial a number field of degree 92
a vector of length 138 over Number field with defining polynomial a number field of degree 46
For conductor 1:
traces of hecke eigenvalues of T_{p^1} are:
15 40 156 400 2380 5220 7240 12720 25260 30784 52060 70644 81400 106080 151740 208920 230764 305320 363024 394420 578760 712980 922180 
computing eigenvalues for k = 1, took 16.822313 sec
traces of hecke eigenvalues of T_{p^2} are:
30 120 780 2800 
computing eigenvalues for k = 2, took 0.433504 sec
traces of hecke eigenvalues of T_{p^1} are:
-5 -5 3 15 -15 -60 32 50 24 142 -500 240 -320 -105 630 25 194 420 111 460 -90 -1261 1895 
computing eigenvalues for k = 1, took 16.854392 sec
traces of hecke eigenvalues of T_{p^2} are:
2 4 -10 -24 
computing eigenvalues for k = 2, took 0.421566 sec
traces of hecke eigenvalues of T_{p^1} are:
11 22 60 120 332 584 828 804 1884 2328 2338 3450 4164 4036 5888 6606 6226 9518 9132 11500 15314 14646 18866 
computing eigenvalues for k = 1, took 16.894500 sec
traces of hecke eigenvalues of T_{p^2} are:
3 8 48 160 
computing eigenvalues for k = 2, took 0.417335 sec
traces of hecke eigenvalues of T_{p^1} are:
14 22 62 132 444 488 832 1006 1884 1950 2866 3980 3724 4240 5232 7714 8404 9866 9546 10404 14412 14178 21206 
computing eigenvalues for k = 1, took 17.053553 sec
traces of hecke eigenvalues of T_{p^2} are:
12 8 60 256 
computing eigenvalues for k = 2, took 0.434426 sec
traces of hecke eigenvalues of T_{p^1} are:
10 -4 80 30 322 -280 208 -398 1068 -46 270 5140 -1504 -890 -2248 3760 3468 1626 -2964 -3752 -2640 -844 10776 
computing eigenvalues for k = 1, took 17.055988 sec
traces of hecke eigenvalues of T_{p^2} are:
30 78 254 380 
computing eigenvalues for k = 2, took 0.422141 sec
traces of hecke eigenvalues of T_{p^1} are:
27 52 109 260 895 1318 1671 2825 3984 4677 7840 7578 9092 11570 13208 17804 20038 23061 24546 24877 34800 38735 48135 
computing eigenvalues for k = 1, took 17.120711 sec
traces of hecke eigenvalues of T_{p^2} are:
6 8 -126 80 
computing eigenvalues for k = 2, took 0.423999 sec
traces of hecke eigenvalues of T_{p^1} are:
262 512 1288 2394 7828 13672 15896 23972 38464 42730 61762 76240 82306 98256 126370 152120 164118 196610 223644 235120 302874 350988 411122 
computing eigenvalues for k = 1, took 17.230266 sec
traces of hecke eigenvalues of T_{p^2} are:
126 288 864 1552 
computing eigenvalues for k = 2, took 0.479372 sec
traces of hecke eigenvalues of T_{p^1} are:
27 -30 148 -108 -208 1005 -826 246 3913 -1011 2152 2643 587 953 10623 2405 3323 -3708 8989 -606 8901 15894 -13892 
computing eigenvalues for k = 1, took 18.912492 sec
traces of hecke eigenvalues of T_{p^2} are:
-61 -158 -422 -498 
computing eigenvalues for k = 2, took 0.774575 sec
For conductor 11:
traces of hecke eigenvalues of T_{p^1} are:
-2 -5 -21 -6 72 -63 23 35 -135 -68 121 201 94 -384 -240 901 -1195 -654 -9 502 492 26 -535 
computing eigenvalues for k = 1, took 685.463171 sec
traces of hecke eigenvalues of T_{p^2} are:
-4 -5 29 9 
computing eigenvalues for k = 2, took 0.645214 sec
traces of hecke eigenvalues of T_{p^1} are:
-5 -5 3 15 -15 -60 32 50 24 142 -500 240 -320 -105 630 25 194 420 111 460 -90 -1261 1895 
computing eigenvalues for k = 1, took 683.722775 sec
traces of hecke eigenvalues of T_{p^2} are:
2 4 -10 -24 
computing eigenvalues for k = 2, took 0.650656 sec
traces of hecke eigenvalues of T_{p^1} are:
-6 0 -6 -7 -1 -110 -74 47 80 73 -53 266 526 -89 132 -840 526 425 -222 -1234 426 -1300 -430 
computing eigenvalues for k = 1, took 676.289928 sec
traces of hecke eigenvalues of T_{p^2} are:
5 -7 -19 26 
computing eigenvalues for k = 2, took 0.599436 sec
traces of hecke eigenvalues of T_{p^1} are:
-6 -6 -18 -2 -86 20 44 -68 -176 -316 -268 448 -412 122 -108 -42 -1120 -908 54 -380 -288 -710 1522 
computing eigenvalues for k = 1, took 668.417488 sec
traces of hecke eigenvalues of T_{p^2} are:
4 16 -44 -104 
computing eigenvalues for k = 2, took 0.652209 sec
traces of hecke eigenvalues of T_{p^1} are:
-39 -75 -200 -15 -290 182 49 -93 -1191 -671 -684 -1772 1275 -256 -3378 -3223 -2721 3863 -5588 2152 -1806 -4230 988 
computing eigenvalues for k = 1, took 666.890291 sec
traces of hecke eigenvalues of T_{p^2} are:
7 31 178 -196 
computing eigenvalues for k = 2, took 0.619752 sec
For conductor 79:
traces of hecke eigenvalues of T_{p^1} are:
-3 -1 -11 -24 34 -50 64 -89 -6 -15 -149 72 388 -426 200 -349 -106 -305 -669 750 24 -1357 853 
computing eigenvalues for k = 1, took 664.503231 sec
traces of hecke eigenvalues of T_{p^2} are:
1 -6 6 62 
computing eigenvalues for k = 2, took 0.661481 sec
traces of hecke eigenvalues of T_{p^1} are:
-3 -8 -30 -10 120 -91 -137 0 -513 153 -252 -215 256 512 -322 -1814 425 81 584 -374 402 2347 -2838 
computing eigenvalues for k = 1, took 397.724736 sec
traces of hecke eigenvalues of T_{p^2} are:
1 -7 31 -29 
computing eigenvalues for k = 2, took 0.610223 sec
traces of hecke eigenvalues of T_{p^1} are:
-2 -8 -28 6 158 -328 224 -6 -204 -654 -94 -284 284 386 356 280 352 1826 1452 -108 -528 -3088 -1492 
computing eigenvalues for k = 1, took 388.089753 sec
traces of hecke eigenvalues of T_{p^2} are:
4 18 42 76 
computing eigenvalues for k = 2, took 0.621714 sec
traces of hecke eigenvalues of T_{p^1} are:
-65 -71 -201 -65 -435 4 -410 -362 -1029 370 810 -2546 -509 -1028 -2066 -1849 -2359 604 -2118 -2061 686 -3561 4843 
computing eigenvalues for k = 1, took 382.778589 sec
traces of hecke eigenvalues of T_{p^2} are:
37 29 97 -242 
computing eigenvalues for k = 2, took 0.667365 sec
For conductor 869:
traces of hecke eigenvalues of T_{p^1} are:
42 -36 180 -137 -615 721 -1224 1515 4913 -1924 1781 5341 -1449 2232 11273 5837 -4523 5633 8093 -8356 3713 6276 1954 
computing eigenvalues for k = 1, took 132.833358 sec
traces of hecke eigenvalues of T_{p^2} are:
-75 -169 -270 -972 
computing eigenvalues for k = 2, took 1.255274 sec
traces of hecke eigenvalues of T_{p^1} are:
268 528 1350 2478 8156 13706 16500 25454 39154 44600 63932 77038 85086 103178 130690 159920 169940 206308 233864 245724 317614 366630 437680 
computing eigenvalues for k = 1, took 130.693723 sec
traces of hecke eigenvalues of T_{p^2} are:
114 272 924 1424 
computing eigenvalues for k = 2, took 0.844917 sec
