constructing eigenvector for poly
x-12
constructing eigenvector for poly
x-27
constructing eigenvector for poly
x-156
constructing eigenvector for poly
x^6-164*x^5+10818*x^4-367476*x^3+6783589*x^2-64579788*x+248108372
constructing eigenvector for poly
x^6-193*x^5+15031*x^4-601915*x^3+12982740*x^2-141406524*x+595083024
constructing eigenvector for poly
x^9+55*x^8+868*x^7-2624*x^6-189118*x^5-1399518*x^4+2076316*x^3+52735872*x^2+130031485*x-33403033
constructing eigenvector for poly
x^11-345*x^10+53090*x^9-4802362*x^8+283211093*x^7-11409500837*x^6+319644493160*x^5-6210427235720*x^4+81743387789088*x^3-691438187018240*x^2+3365250599792640*x-7086704007585792
constructing eigenvector for poly
x-36
constructing eigenvector for poly
x^2-63*x+828
constructing eigenvector for poly
x^2-12*x+31
constructing eigenvector for poly
x^3-13*x^2-177*x-311
constructing eigenvector for poly
x^4-114*x^3+4697*x^2-83720*x+547984
constructing eigenvector for poly
x^4-114*x^3+4349*x^2-62360*x+284236
constructing eigenvector for poly
x^8+42*x^7+286*x^6-8218*x^5-101560*x^4+376862*x^3+7555290*x^2+2507634*x-127427553
constructing eigenvector for poly
x^8-265*x^7+29971*x^6-1885999*x^5+72075204*x^4-1708793632*x^3+24472695552*x^2-192867438720*x+637504045056
constructing eigenvector for poly
x^4-114*x^3+4697*x^2-83704*x+547744
constructing eigenvector for poly
x^7-15*x^6-351*x^5+3473*x^4+22395*x^3-247797*x^2+400867*x+333171
constructing eigenvector for poly
x+9
computing eigenvectors took 1.419935 sec
For conductor 1, eigenvectors are:
1380 312 258 -18 336 354 -234 87 258 -414 -63 288 -52 -120 78 60 -72 24 84 54 -216 -158 20 154 148 -94 57 -111 26 29 30 -99 18 66 -162 over Number field with defining polynomial x-12
0 -88 -92 -28 -4 4 -4 2 -12 -34 22 8 8 -20 -2 -10 23 -26 9 14 4 -18 10 14 -2 16 12 9 -4 9 10 1 -12 -14 -2 over Number field with defining polynomial x-27
-1 -1 -1 -1 -1 -1 -1 -1 -1 -1 -1 -1 -1 -1 -1 -1 -1 -1 -1 -1 -1 -1 -1 -1 -1 -1 -1 -1 -1 -1 -1 -1 -1 -1 -1 over Number field with defining polynomial x-156
-16*a^5 + 2064*a^4 - 98952*a^3 + 2182224*a^2 - 21933496*a + 79499536 -16*a^5 + 2220*a^4 - 119364*a^3 + 3097572*a^2 - 38765044*a + 187247080 60*a^4 - 5028*a^3 + 145332*a^2 - 1730244*a + 7209480 12*a^5 - 1740*a^4 + 97800*a^3 - 2661696*a^2 + 35041680*a - 178179360 -10*a^5 + 1422*a^4 - 80646*a^3 + 2263878*a^2 - 31094284*a + 165043456 14*a^5 - 1626*a^4 + 69186*a^3 - 1308546*a^2 + 10305572*a - 21763520 18*a^5 - 2418*a^4 + 125922*a^3 - 3176706*a^2 + 38838840*a - 184178520 -20*a^5 + 2796*a^4 - 148608*a^3 + 3759576*a^2 - 45456848*a + 211152128 24*a^5 - 3192*a^4 + 159948*a^3 - 3757992*a^2 + 41423964*a - 172139880 -6*a^5 + 816*a^4 - 42696*a^3 + 1069920*a^2 - 12852774*a + 59417844 2*a^5 - 378*a^4 + 24678*a^3 - 739722*a^2 + 10423100*a - 55705808 14*a^5 - 1902*a^4 + 97758*a^3 - 2377458*a^2 + 27467972*a - 121413440 -12*a^5 + 1692*a^4 - 89184*a^3 + 2196168*a^2 - 25396560*a + 111193152 -6*a^5 + 840*a^4 - 44952*a^3 + 1157208*a^2 - 14395662*a + 69358020 -14*a^5 + 1896*a^4 - 98316*a^3 + 2439432*a^2 - 29053598*a + 133453316 3*a^5 - 507*a^4 + 32187*a^3 - 967101*a^2 + 13792650*a - 74627664 -13*a^5 + 1797*a^4 - 95007*a^3 + 2405553*a^2 - 29279410*a + 137577232 3*a^5 - 549*a^4 + 36267*a^3 - 1105959*a^2 + 15786726*a - 84963312 28*a^5 - 3882*a^4 + 204276*a^3 - 5098200*a^2 + 60580510*a - 275776612 6*a^5 - 774*a^4 + 37914*a^3 - 875238*a^2 + 9519852*a - 39210144 -14*a^5 + 1902*a^4 - 99654*a^3 + 2514558*a^2 - 30597608*a + 143930024 6*a^5 - 804*a^4 + 40920*a^3 - 987462*a^2 + 11324424*a - 49611384 -9*a^5 + 1239*a^4 - 64311*a^3 + 1574055*a^2 - 18231042*a + 80459832 -19*a^5 + 2571*a^4 - 131757*a^3 + 3193827*a^2 - 36745762*a + 161553208 10*a^5 - 1392*a^4 + 73374*a^3 - 1832898*a^2 + 21804634*a - 99449812 16*a^5 - 2208*a^4 + 115452*a^3 - 2858316*a^2 + 33637792*a - 151441648 -5*a^5 + 717*a^4 - 39387*a^3 + 1036041*a^2 - 13078586*a + 63541760 12*a^5 - 1596*a^4 + 81918*a^3 - 2025972*a^2 + 24179346*a - 111694332 66*a^4 - 6366*a^3 + 220458*a^2 - 3274254*a + 17686188 -a^5 + 123*a^4 - 5595*a^3 + 115479*a^2 - 1054366*a + 3226624 -48*a^4 + 5388*a^3 - 219672*a^2 + 3800796*a - 23401992 -54*a^4 + 4590*a^3 - 138000*a^2 + 1745904*a - 7879728 -6*a^5 + 870*a^4 - 47904*a^3 + 1252422*a^2 - 15618294*a + 74723580 -30*a^4 + 2922*a^3 - 100902*a^2 + 1485342*a - 7955196 24*a^4 - 2286*a^3 + 81600*a^2 - 1280178*a + 7350540 over Number field with defining polynomial x^6-164*x^5+10818*x^4-367476*x^3+6783589*x^2-64579788*x+248108372
536*a^5 - 88248*a^4 + 5613320*a^3 - 171334184*a^2 + 2485589376*a - 13486534560 56*a^5 - 8888*a^4 + 560312*a^3 - 17398888*a^2 + 262427856*a - 1501655040 744*a^4 - 82200*a^3 + 3281736*a^2 - 56939112*a + 377298576 52*a^5 - 9292*a^4 + 649676*a^3 - 22060564*a^2 + 361175280*a - 2266025904 144*a^5 - 24048*a^4 + 1558016*a^3 - 48680752*a^2 + 728139552*a - 4121662464 124*a^5 - 20076*a^4 + 1248644*a^3 - 36986340*a^2 + 514655136*a - 2621604816 40*a^5 - 6964*a^4 + 461536*a^3 - 14439508*a^2 + 210111360*a - 1099282032 -50*a^5 + 7322*a^4 - 386158*a^3 + 8365478*a^2 - 48397368*a - 364650264 -142*a^5 + 23926*a^4 - 1571494*a^3 + 50280442*a^2 - 783872916*a + 4767418944 100*a^5 - 17812*a^4 + 1204324*a^3 - 38383756*a^2 + 568992336*a - 3049864848 34*a^5 - 5118*a^4 + 295622*a^3 - 8035314*a^2 + 98317152*a - 383782824 -116*a^5 + 19588*a^4 - 1299876*a^3 + 42497324*a^2 - 687405192*a + 4422909600 16*a^5 - 1784*a^4 + 40880*a^3 + 1776536*a^2 - 88126848*a + 998442144 40*a^5 - 7232*a^4 + 495192*a^3 - 15962832*a^2 + 239253984*a - 1300388544 -62*a^5 + 9702*a^4 - 571658*a^3 + 15420150*a^2 - 178412940*a + 559207296 -68*a^5 + 11060*a^4 - 690740*a^3 + 20483996*a^2 - 282878040*a + 1396933632 16*a^5 - 2418*a^4 + 140468*a^3 - 3774850*a^2 + 42242100*a - 96544368 -42*a^5 + 7410*a^4 - 502434*a^3 + 16330902*a^2 - 253760004*a + 1503539856 4*a^5 - 568*a^4 + 32644*a^3 - 1046516*a^2 + 20074296*a - 178636320 40*a^5 - 6972*a^4 + 472360*a^3 - 15497548*a^2 + 245521536*a - 1495969488 24*a^5 - 3284*a^4 + 156936*a^3 - 2771484*a^2 + 639384*a + 317343456 44*a^5 - 7792*a^4 + 533620*a^3 - 17512544*a^2 + 272409048*a - 1584927216 -4*a^5 + 348*a^4 - 3660*a^3 - 321900*a^2 + 6398136*a + 9615168 -28*a^5 + 5108*a^4 - 374660*a^3 + 13787444*a^2 - 253633008*a + 1857330288 20*a^5 - 3000*a^4 + 162988*a^3 - 3803136*a^2 + 32037120*a + 4088160 48*a^5 - 8464*a^4 + 577592*a^3 - 18987528*a^2 + 298877592*a - 1780380720 -26*a^5 + 3604*a^4 - 169998*a^3 + 2643208*a^2 + 15523068*a - 539676216 4*a^5 - 240*a^4 - 9196*a^3 + 968464*a^2 - 23430156*a + 176271336 -26*a^5 + 4294*a^4 - 272358*a^3 + 8157230*a^2 - 111502620*a + 510767712 86*a^4 - 12156*a^3 + 606754*a^2 - 11901120*a + 68467896 -600*a^4 + 84792*a^3 - 4378248*a^2 + 97419480*a - 783632304 296*a^4 - 36984*a^3 + 1660104*a^2 - 31004652*a + 193472424 -14*a^5 + 2266*a^4 - 139338*a^3 + 3975610*a^2 - 50572068*a + 209155392 -28*a^4 - 556*a^3 + 174144*a^2 - 5205288*a + 36908496 644*a^4 - 84052*a^3 + 4004136*a^2 - 82384584*a + 617373936 over Number field with defining polynomial x^6-193*x^5+15031*x^4-601915*x^3+12982740*x^2-141406524*x+595083024
0 288*a^7 + 9792*a^6 + 31968*a^5 - 1999872*a^4 - 26371872*a^3 - 148732992*a^2 - 672666336*a - 1731870720 -144*a^7 - 4896*a^6 - 15984*a^5 + 999936*a^4 + 13185936*a^3 + 74366496*a^2 + 336333168*a + 865935360 -72*a^8 - 3240*a^7 - 38088*a^6 + 186552*a^5 + 5830632*a^4 + 20444904*a^3 - 133195896*a^2 - 780525432*a - 757071072 -216*a^7 - 8136*a^6 - 22968*a^5 + 2551320*a^4 + 37303704*a^3 + 140648328*a^2 - 367262856*a - 2264038488 216*a^7 + 8136*a^6 + 22968*a^5 - 2551320*a^4 - 37303704*a^3 - 140648328*a^2 + 367262856*a + 2264038488 468*a^7 + 22500*a^6 + 344484*a^5 + 1200852*a^4 - 14115636*a^3 - 114697476*a^2 - 202275972*a + 86297868 72*a^7 + 2088*a^6 - 18072*a^5 - 994392*a^4 - 6952968*a^3 + 36755352*a^2 + 511235928*a + 1304197272 -36*a^8 - 1656*a^7 - 20520*a^6 + 85464*a^5 + 3338352*a^4 + 16502904*a^3 - 58890456*a^2 - 638879832*a - 1231136460 0 -504*a^7 - 25560*a^6 - 433944*a^5 - 2148408*a^4 + 13796856*a^3 + 156082392*a^2 + 284877720*a - 373941576 24*a^8 + 1104*a^7 + 13680*a^6 - 56976*a^5 - 2225568*a^4 - 11001936*a^3 + 39260304*a^2 + 425919888*a + 820757640 24*a^8 + 1032*a^7 + 11304*a^6 - 50136*a^5 - 1280616*a^4 - 2179656*a^3 + 19895064*a^2 - 80648808*a - 617107824 -312*a^7 - 15000*a^6 - 229656*a^5 - 800568*a^4 + 9410424*a^3 + 76464984*a^2 + 134850648*a - 57531912 18*a^8 + 828*a^7 + 9720*a^6 - 72684*a^5 - 2283588*a^4 - 14260284*a^3 - 3402072*a^2 + 196938540*a + 385657362 -36*a^7 - 504*a^6 + 38988*a^5 + 1111608*a^4 + 9485316*a^3 + 14469624*a^2 - 133116588*a - 422187768 252*a^7 + 12780*a^6 + 216972*a^5 + 1074204*a^4 - 6898428*a^3 - 78041196*a^2 - 142438860*a + 186970788 18*a^8 + 864*a^7 + 11556*a^6 - 40896*a^5 - 2095488*a^4 - 14437152*a^3 - 1863108*a^2 + 286947072*a + 755277390 -108*a^7 - 6228*a^6 - 133596*a^5 - 1253844*a^4 - 3660660*a^3 + 15397812*a^2 + 91521468*a + 35129844 12*a^8 + 528*a^7 + 7008*a^6 + 10224*a^5 - 495576*a^4 - 5519376*a^3 - 35105760*a^2 - 103990512*a - 71481780 -12*a^8 - 612*a^7 - 10092*a^6 - 39444*a^5 + 427932*a^4 + 3046788*a^3 + 1486284*a^2 + 46987956*a + 287977296 12*a^8 + 540*a^7 + 6348*a^6 - 31092*a^5 - 971772*a^4 - 3407484*a^3 + 22199316*a^2 + 130087572*a + 126178512 60*a^7 + 1716*a^6 - 11028*a^5 - 672252*a^4 - 4538076*a^3 + 18433452*a^2 + 230576628*a + 481098588 -12*a^8 - 612*a^7 - 9084*a^6 + 12300*a^5 + 1328172*a^4 + 7839300*a^3 - 26837796*a^2 - 333130284*a - 703158336 132*a^7 + 6228*a^6 + 98004*a^5 + 573252*a^4 + 1908252*a^3 + 30066444*a^2 + 251229900*a + 610952604 -60*a^7 - 3060*a^6 - 50316*a^5 - 187908*a^4 + 2748252*a^3 + 26798676*a^2 + 60761772*a - 8189340 36*a^7 + 2592*a^6 + 71316*a^5 + 875520*a^4 + 3568572*a^3 - 16887744*a^2 - 173569716*a - 343614240 -72*a^7 - 2304*a^6 + 5400*a^5 + 823104*a^4 + 8066520*a^3 + 3755952*a^2 - 218840328*a - 643828752 -6*a^8 - 396*a^7 - 9576*a^6 - 92628*a^5 - 14820*a^4 + 5832684*a^3 + 32280360*a^2 + 12340596*a - 179166102 60*a^7 + 1716*a^6 - 9348*a^5 - 628908*a^4 - 4268604*a^3 + 19251084*a^2 + 249165636*a + 575989932 -6*a^8 - 300*a^7 - 4884*a^6 - 19692*a^5 + 201144*a^4 + 1471308*a^3 - 4169484*a^2 - 45969972*a - 70272786 108*a^7 + 6156*a^6 + 122604*a^5 + 856188*a^4 - 2188332*a^3 - 52901388*a^2 - 181258860*a - 96157116 -12*a^7 - 432*a^6 - 612*a^5 + 142104*a^4 + 2061900*a^3 + 10436112*a^2 + 10830948*a - 46569720 48*a^7 + 2712*a^6 + 52944*a^5 + 331464*a^4 - 2086512*a^3 - 39282072*a^2 - 189834768*a - 302803272 12*a^7 - 264*a^6 - 29340*a^5 - 513408*a^4 - 1993740*a^3 + 16418856*a^2 + 117641436*a + 164293344 over Number field with defining polynomial x^9+55*x^8+868*x^7-2624*x^6-189118*x^5-1399518*x^4+2076316*x^3+52735872*x^2+130031485*x-33403033
a vector of length 35 over Number field with defining polynomial a number field of degree 11
For conductor 2, eigenvectors are:
For conductor 3, eigenvectors are:
For conductor 6, eigenvectors are:
1 1 2 0 1 -1 -1 -1 over Number field with defining polynomial x-36
-6 -4*a+78 -3*a+60 -a+12 -6 -a+18 -a+18 -a+18 over Number field with defining polynomial x^2-63*x+828
-48 24*a-120 -12*a+60 -12*a+84 6*a-30 6*a-42 16 -4*a+4 over Number field with defining polynomial x^2-12*x+31
-100 -2*a^2 + 4*a + 98 a^2 - 2*a - 49 -2*a^2 + 24*a + 228 a^2 - 12*a - 89 20*a+130 a^2 - 12*a - 139 -10*a-40 over Number field with defining polynomial x^3-13*x^2-177*x-311
For conductor 61, eigenvectors are:
For conductor 122, eigenvectors are:
7*a^3 - 632*a^2 + 17765*a - 159196 -10*a^3 + 928*a^2 - 27006*a + 251896 14*a^3 - 1174*a^2 + 32192*a - 289984 6*a^3 - 514*a^2 + 14108*a - 125448 6*a^3 - 572*a^2 + 16774*a - 156120 -6*a^3 + 562*a^2 - 16388*a + 152544 -6*a^3 + 503*a^2 - 13697*a + 121892 -4*a^3 + 366*a^2 - 10618*a + 99352 a^3 - 71*a^2 + 1402*a - 6632 a^3 - 60*a^2 + 991*a - 3076 -11*a^2 + 411*a - 3556 10*a^2 - 386*a + 3576 21*a^2 - 1109*a + 14508 11*a^2 - 723*a + 10932 4*a^3 - 388*a^2 + 11752*a - 113840 -22*a^2 + 1134*a - 14488 over Number field with defining polynomial x^4-114*x^3+4697*x^2-83720*x+547984
-16*a^2 + 968*a - 11224 8*a^2 - 492*a + 6340 -a^3 + 96*a^2 - 2817*a + 24866 26*a^2 - 1614*a + 19652 -a^3 + 95*a^2 - 2802*a + 24828 a^3 - 90*a^2 + 2479*a - 20614 -15*a^2 + 961*a - 11914 -a^3 + 98*a^2 - 2971*a + 26954 a^3 - 100*a^2 + 3117*a - 28314 a^3 - 111*a^2 + 3770*a - 36052 11*a^2 - 653*a + 7738 -5*a^2 + 323*a - 4214 3*a^2 - 161*a + 1398 8*a^2 - 484*a + 5612 a^3 - 95*a^2 + 2802*a - 24828 3*a^2 - 169*a + 2126 over Number field with defining polynomial x^4-114*x^3+4349*x^2-62360*x+284236
-48*a^5 + 1032*a^4 + 47232*a^3 + 81360*a^2 - 4381200*a - 20865816 12*a^5 + 564*a^4 + 12720*a^3 + 31536*a^2 - 1396188*a - 9065412 0 -36*a^6 - 1248*a^5 - 6324*a^4 + 169392*a^3 + 1512228*a^2 - 4138704*a - 49252428 -3*a^7 - 99*a^6 - 273*a^5 + 15999*a^4 + 87531*a^3 - 688533*a^2 - 2776023*a + 11496249 -3*a^7 - 99*a^6 - 303*a^5 + 16233*a^4 + 104787*a^3 - 663621*a^2 - 4268529*a + 5596047 -18*a^6 - 624*a^5 - 3162*a^4 + 84696*a^3 + 756114*a^2 - 2069352*a - 24626214 6*a^6 + 264*a^5 + 1242*a^4 - 56352*a^3 - 451878*a^2 + 2887416*a + 25821990 -72*a^5 - 1644*a^4 - 3456*a^3 + 137544*a^2 + 1170504*a + 3260196 48*a^5 + 564*a^4 - 10080*a^3 - 89112*a^2 + 510048*a + 3586356 12*a^6 + 546*a^5 + 5814*a^4 - 39384*a^3 - 809556*a^2 - 1902330*a + 7426242 -a^7 - 43*a^6 - 383*a^5 + 5067*a^4 + 78601*a^3 + 15107*a^2 - 2843145*a - 7312995 10*a^6 + 284*a^5 + 438*a^4 - 41552*a^3 - 231058*a^2 + 1187604*a + 7667442 -12*a^6 - 416*a^5 - 2712*a^4 + 40728*a^3 + 472876*a^2 + 380232*a - 5496264 2*a^6 + 90*a^5 + 508*a^4 - 16664*a^3 - 145370*a^2 + 729774*a + 7096428 -4*a^6 - 222*a^5 - 2782*a^4 + 15840*a^3 + 387188*a^2 + 838062*a - 4925250 over Number field with defining polynomial x^8+42*x^7+286*x^6-8218*x^5-101560*x^4+376862*x^3+7555290*x^2+2507634*x-127427553
For conductor 183, eigenvectors are:
a^7 - 255*a^6 + 26871*a^5 - 1514821*a^4 + 49258028*a^3 - 921990304*a^2 + 9172527040*a - 37277130240 10*a^6 - 1866*a^5 + 139290*a^4 - 5284322*a^3 + 106014952*a^2 - 1036293472*a + 3582332928 a^7 - 255*a^6 + 26943*a^5 - 1527509*a^4 + 50117884*a^3 - 949720296*a^2 + 9591039616*a - 39572902656 30*a^6 - 5774*a^5 + 449882*a^4 - 18150322*a^3 + 399520456*a^2 - 4540788736*a + 20746736640 -12*a^6 + 2418*a^5 - 197168*a^4 + 8289034*a^3 - 188137280*a^2 + 2159949696*a - 9581922432 a^7 - 229*a^6 + 21993*a^5 - 1145915*a^4 + 34875542*a^3 - 617195392*a^2 + 5841753376*a - 22578993792 -9*a^6 + 1694*a^5 - 127741*a^4 + 4902760*a^3 - 99713344*a^2 + 993114048*a - 3557827584 -a^7 + 221*a^6 - 20357*a^5 + 1010525*a^4 - 29098596*a^3 + 483932624*a^2 - 4278350816*a + 15384015360 88*a^5 - 15032*a^4 + 988360*a^3 - 31139848*a^2 + 467245344*a - 2641327488 4*a^6 - 792*a^5 + 63268*a^4 - 2595352*a^3 + 57266664*a^2 - 638930016*a + 2780452224 -2*a^6 + 396*a^5 - 31648*a^4 + 1301606*a^3 - 28843184*a^2 + 322135584*a - 1378632960 -a^7 + 222*a^6 - 20565*a^5 + 1028252*a^4 - 29882276*a^3 + 502644640*a^2 - 4503233056*a + 16415774208 -3*a^6 + 604*a^5 - 49375*a^4 + 2085286*a^3 - 47555200*a^2 + 547017824*a - 2410391808 3*a^6 - 568*a^5 + 43197*a^4 - 1683168*a^3 + 35144792*a^2 - 365315008*a + 1403138304 7*a^6 - 1360*a^5 + 106465*a^4 - 4278520*a^3 + 92411456*a^2 - 1004245024*a + 4183590528 -a^7 + 221*a^6 - 20445*a^5 + 1025557*a^4 - 30086956*a^3 + 515072472*a^2 - 4745596160*a + 18025342848 -4*a^6 + 844*a^5 - 72122*a^4 + 3181594*a^3 - 75996104*a^2 + 924472544*a - 4414526208 4*a^6 - 756*a^5 + 57090*a^4 - 2193234*a^3 + 44856256*a^2 - 457227200*a + 1773198720 3*a^6 - 636*a^5 + 54395*a^4 - 2397914*a^3 + 57284088*a^2 - 699590304*a + 3382767360 over Number field with defining polynomial x^8-265*x^7+29971*x^6-1885999*x^5+72075204*x^4-1708793632*x^3+24472695552*x^2-192867438720*x+637504045056
212*a^3 - 18728*a^2 + 520660*a - 4648384 -10*a^3 + 1032*a^2 - 32510*a + 322608 -44*a^3 + 3852*a^2 - 106768*a + 953280 62*a^3 - 5512*a^2 + 153562*a - 1370912 13*a^3 - 1152*a^2 + 32003*a - 284952 -23*a^3 + 2104*a^2 - 58105*a + 504560 -12*a^3 + 1112*a^2 - 32172*a + 297504 19*a^3 - 1717*a^2 + 46414*a - 391960 25*a^3 - 2179*a^2 + 60174*a - 535512 4*a^3 - 282*a^2 + 6774*a - 55176 178*a^2 - 9466*a + 122512 -10*a^3 + 846*a^2 - 21580*a + 171472 8*a^3 - 814*a^2 + 25214*a - 246160 -22*a^3 + 1966*a^2 - 55216*a + 497600 17*a^3 - 1470*a^2 + 39877*a - 346776 61*a^2 - 2353*a + 22152 105*a^2 - 4917*a + 57424 -10*a^3 + 870*a^2 - 23228*a + 196264 85*a^2 - 4001*a + 46944 over Number field with defining polynomial x^4-114*x^3+4697*x^2-83704*x+547744
0 -24*a^6 + 648*a^5 + 2304*a^4 - 105264*a^3 + 299880*a^2 + 2079144*a - 7009104 -24*a^6 + 264*a^5 + 6144*a^4 - 43248*a^3 - 240216*a^2 + 2002920*a - 3312528 -24*a^6 + 264*a^5 + 6144*a^4 - 43248*a^3 - 240216*a^2 + 2002920*a - 3312528 -12*a^6 + 216*a^5 + 2412*a^4 - 28368*a^3 - 6804*a^2 + 546552*a - 979404 -144*a^5 + 2208*a^4 + 576*a^3 - 338400*a^2 + 2590032*a - 5132736 72*a^5 - 840*a^4 - 16176*a^3 + 104496*a^2 + 328680*a - 1683432 -72*a^5 + 1104*a^4 + 288*a^3 - 169200*a^2 + 1295016*a - 2566368 6*a^6 - 72*a^5 - 2946*a^4 + 15168*a^3 + 212418*a^2 - 1566840*a + 2558778 -4*a^6 + 64*a^5 + 12*a^4 - 14240*a^3 + 56980*a^2 + 279648*a - 1023388 4*a^6 - 108*a^5 - 384*a^4 + 17544*a^3 - 49980*a^2 - 346524*a + 1168184 -76*a^5 + 156*a^4 + 13000*a^3 - 34984*a^2 - 357756*a + 1119244 44*a^5 - 588*a^4 - 7880*a^3 + 70472*a^2 - 55140*a - 139772 4*a^5 - 1108*a^4 + 3112*a^3 + 119800*a^2 - 930220*a + 1855708 -18*a^5 + 870*a^4 - 492*a^3 - 104508*a^2 + 646782*a - 1034538 -3*a^6 + 90*a^5 + 651*a^4 - 15156*a^3 - 3789*a^2 + 518682*a - 1253499 12*a^5 + 212*a^4 - 424*a^3 - 13272*a^2 - 484*a + 165764 4*a^5 + 796*a^4 - 2888*a^3 - 87416*a^2 + 637636*a - 1179428 -24*a^5 - 32*a^4 + 5376*a^3 + 1392*a^2 - 254696*a + 672432 over Number field with defining polynomial x^7-15*x^6-351*x^5+3473*x^4+22395*x^3-247797*x^2+400867*x+333171
For conductor 366, eigenvectors are:
1 over Number field with defining polynomial x+9
For conductor 1:
traces of hecke eigenvalues of T_{p^1} are:
12 68 88 108 304 336 568 600 1036 1404 1644 2076 1912 2160 4168 4636 5632 5972 7132 6928 6904 8452 
computing eigenvalues for k = 1, took 32.531946 sec
traces of hecke eigenvalues of T_{p^2} are:
-84 144 
computing eigenvalues for k = 2, took 1.281233 sec
traces of hecke eigenvalues of T_{p^1} are:
27 23 113 153 244 376 543 1030 716 1374 1629 2176 1922 3290 3663 4941 4992 4867 5397 5898 7534 10952 
computing eigenvalues for k = 1, took 8.751953 sec
traces of hecke eigenvalues of T_{p^2} are:
6 -216 
computing eigenvalues for k = 2, took 0.231592 sec
traces of hecke eigenvalues of T_{p^1} are:
156 400 1464 2380 5220 7240 12720 25260 30784 52060 70644 81400 106080 151740 208920 305320 363024 394420 499360 578760 712980 922180 
computing eigenvalues for k = 1, took 32.474942 sec
traces of hecke eigenvalues of T_{p^2} are:
780 2800 
computing eigenvalues for k = 2, took 1.284281 sec
traces of hecke eigenvalues of T_{p^1} are:
164 309 612 1038 1786 2287 3235 4757 5717 8337 9491 11542 13464 16843 19388 27780 29755 34353 38362 40541 47818 61861 
computing eigenvalues for k = 1, took 32.411543 sec
traces of hecke eigenvalues of T_{p^2} are:
48 72 
computing eigenvalues for k = 2, took 1.280369 sec
traces of hecke eigenvalues of T_{p^1} are:
193 380 835 1195 1942 2223 3148 5451 5851 8473 10184 10842 13680 16851 20269 26965 28937 34218 38105 42851 49940 57625 
computing eigenvalues for k = 1, took 32.298889 sec
traces of hecke eigenvalues of T_{p^2} are:
222 640 
computing eigenvalues for k = 2, took 1.282197 sec
traces of hecke eigenvalues of T_{p^1} are:
-55 -31 -58 101 -244 38 -340 286 299 706 -29 224 -1044 120 -799 -727 -307 935 1402 -3084 3600 3009 
computing eigenvalues for k = 1, took 8.715618 sec
traces of hecke eigenvalues of T_{p^2} are:
-62 -215 
computing eigenvalues for k = 2, took 0.234915 sec
traces of hecke eigenvalues of T_{p^1} are:
345 668 1480 2150 3585 4236 5941 9728 11564 16055 19390 21667 25232 31968 38154 50318 54955 59557 70864 76013 88309 107389 
computing eigenvalues for k = 1, took 32.458708 sec
traces of hecke eigenvalues of T_{p^2} are:
354 944 
computing eigenvalues for k = 2, took 1.269240 sec
For conductor 2:
For conductor 3:
For conductor 6:
traces of hecke eigenvalues of T_{p^1} are:
36 40 144 220 180 400 720 900 904 1660 1764 1840 2160 3060 2880 5440 5904 5620 5800 6480 8820 10660 
computing eigenvalues for k = 1, took 158.805687 sec
traces of hecke eigenvalues of T_{p^2} are:
60 -80 
computing eigenvalues for k = 2, took 0.647803 sec
traces of hecke eigenvalues of T_{p^1} are:
63 117 253 277 698 764 1251 1820 1752 2398 2985 3872 4594 6016 6471 8887 9750 9575 11131 14130 13040 17040 
computing eigenvalues for k = 1, took 159.895143 sec
traces of hecke eigenvalues of T_{p^2} are:
66 136 
computing eigenvalues for k = 2, took 0.645995 sec
traces of hecke eigenvalues of T_{p^1} are:
12 -2 13 -154 194 100 167 104 145 -304 140 -114 194 -594 198 -888 425 -1106 1451 318 -110 -207 
computing eigenvalues for k = 1, took 159.945232 sec
traces of hecke eigenvalues of T_{p^2} are:
-20 -61 
computing eigenvalues for k = 2, took 0.643718 sec
traces of hecke eigenvalues of T_{p^1} are:
13 -69 179 -3 -412 60 619 206 -326 540 249 -758 -476 488 -269 3255 3370 581 -533 -2140 2074 4432 
computing eigenvalues for k = 1, took 159.721184 sec
traces of hecke eigenvalues of T_{p^2} are:
66 192 
computing eigenvalues for k = 2, took 0.644446 sec
For conductor 61:
For conductor 122:
traces of hecke eigenvalues of T_{p^1} are:
114 214 458 706 1068 1424 1938 3088 4028 5640 6574 8004 8824 10636 12730 17406 18568 21594 24270 26728 29552 38276 
computing eigenvalues for k = 1, took 158.874346 sec
traces of hecke eigenvalues of T_{p^2} are:
60 112 
computing eigenvalues for k = 2, took 0.639595 sec
traces of hecke eigenvalues of T_{p^1} are:
114 263 568 824 1282 1755 2495 3419 4131 6119 6681 7376 8524 10205 14318 18906 19485 21615 26334 27799 31178 38789 
computing eigenvalues for k = 1, took 158.921559 sec
traces of hecke eigenvalues of T_{p^2} are:
60 504 
computing eigenvalues for k = 2, took 0.644087 sec
traces of hecke eigenvalues of T_{p^1} are:
-42 54 -59 26 -86 258 -105 62 699 178 -558 -78 64 214 586 -736 1021 -830 1533 -1330 -1894 -2025 
computing eigenvalues for k = 1, took 158.579919 sec
traces of hecke eigenvalues of T_{p^2} are:
20 -173 
computing eigenvalues for k = 2, took 0.639995 sec
For conductor 183:
traces of hecke eigenvalues of T_{p^1} are:
265 458 1100 1548 2687 3076 4737 7438 7738 11389 14596 14515 18100 22502 28150 35448 41019 44883 47842 59571 65779 78229 
computing eigenvalues for k = 1, took 143.032427 sec
traces of hecke eigenvalues of T_{p^2} are:
342 464 
computing eigenvalues for k = 2, took 1.655802 sec
traces of hecke eigenvalues of T_{p^1} are:
114 202 472 694 1122 1256 2076 3146 3620 5328 6218 6504 8888 11822 14420 17550 20978 21066 25902 26216 32806 39104 
computing eigenvalues for k = 1, took 142.756357 sec
traces of hecke eigenvalues of T_{p^2} are:
60 16 
computing eigenvalues for k = 2, took 1.607391 sec
traces of hecke eigenvalues of T_{p^1} are:
15 -93 100 -111 202 -134 -42 678 -247 -110 413 -420 22 372 471 -485 -743 -1257 806 3052 1760 -2253 
computing eigenvalues for k = 1, took 165.996156 sec
traces of hecke eigenvalues of T_{p^2} are:
-54 5 
computing eigenvalues for k = 2, took 0.680276 sec
For conductor 366:
traces of hecke eigenvalues of T_{p^1} are:
-9 -9 -43 51 -58 -56 -39 -144 -88 550 247 -396 92 516 -129 415 224 -585 -283 -160 454 -204 
computing eigenvalues for k = 1, took 274.044498 sec
traces of hecke eigenvalues of T_{p^2} are:
6 32 
computing eigenvalues for k = 2, took 0.785971 sec
