constructing eigenvector for poly
x-40
constructing eigenvector for poly
x+2
constructing eigenvector for poly
x^72+26*x^71-1049*x^70-29894*x^69+511961*x^68+15948669*x^67-156571827*x^66-5259883574*x^65+34151982381*x^64+1204247829131*x^63-5727214491165*x^62-203655232423276*x^61+773082341664186*x^60+26423122210220675*x^59-86076381161586435*x^58-2697036853581434125*x^57+7974178462957959518*x^56+220423289240478585495*x^55-614415041910251992201*x^54-14612668719911207408309*x^53+39234455302091071876929*x^52+793627145460814653966291*x^51-2069341387986307417841235*x^50-35588902238785805488910806*x^49+89943730688262550083626805*x^48+1325943324053723428078122827*x^47-3216855785005413519394429441*x^46-41243851883384969405613056520*x^45+94522064111850987710723269137*x^44+1074889758033732903128592362739*x^43-2275874357387297763399271078638*x^42-23522553021297673632489637062093*x^41+44691142493661489719752176524646*x^40+432493883118664472124234695773918*x^39-709725326514854775995718163766390*x^38-6672641621624055277554320929474243*x^37+8979529014714783114561625430639217*x^36+86082270849855450215203632495224931*x^35-88009472971474381904638893640629021*x^34-922868410527951236031268140688155910*x^33+628679658784771723066848908894966358*x^32+8144965377813289310227908675545370752*x^31-2709348827317926803396189982479521812*x^30-58393197141172018766359324781304805543*x^29-864848403390769934866742362887172090*x^28+333862040183749602141741359338759476384*x^27+119115685496596580666977532049608101076*x^26-1484172830026403133326425779826761162316*x^25-1033563169075445980781851994952582345251*x^24+4947559947381750747217224437716696836472*x^23+5201148197795995224911316360308507235006*x^22-11689576175443635367668784201888375123192*x^21-17252456322719700273941054988827394362143*x^20+17583884218242927500259979299966262405486*x^19+38096191931081015371732449260932521520383*x^18-11929745506719442526723937933280064758169*x^17-54199156501116400013143167949205071623583*x^16-7780398297780829976161902662610264199189*x^15+46197746500311074232996063010667842915676*x^14+22691694657653505387349910403407606312157*x^13-19900911475056654863151524564712479482569*x^12-17854038736189043082723400332130150507765*x^11+1707023025508925236426137839911560430742*x^10+5831973446976969176285635124185587015148*x^9+1362150810036143710623737575919457035952*x^8-577040515088018198784145220605581486208*x^7-300962390416011766989629377905769499040*x^6-22336503135868118305343454213028903936*x^5+8895717741561847338540861743985637376*x^4+1182163403834483579565558935880859648*x^3-115661195571494713113002099315527680*x^2-13416417508311416713567748959494144*x+964163865194624550327361015799808
constructing eigenvector for poly
x^55+3*x^54-865*x^53-2911*x^52+334206*x^51+1231357*x^50-76662411*x^49-304331666*x^48+11697868348*x^47+49444495673*x^46-1260542980099*x^45-5618431390905*x^44+99417715227966*x^43+463280300486785*x^42-5873469818393575*x^41-28380288451417008*x^40+264163176301182105*x^39+1312134597462352740*x^38-9156263273222421390*x^37-46290610365490195078*x^36+247085856025090705696*x^35+1255859860619285576266*x^34-5238313976972597108026*x^33-26342719579590910583754*x^32+87964720241976847315994*x^31+428613776503461283786250*x^30-1178148253595782074443222*x^29-5415528711390060231550748*x^28+12642686423291401368105969*x^27+53070542189097336991835655*x^26-108777199718195455113591217*x^25-401825335654411319908615279*x^24+747109563010443690671542432*x^23+2334789962334474078683161365*x^22-4055118941994164916046179049*x^21-10306203297674638612441575344*x^20+17126711493046838960436677007*x^19+34084802750535345260016250406*x^18-55154951332376926311120995760*x^17-82932272375641571505206571112*x^16+132110814948582796644514636044*x^15+145067382838392361575509855464*x^14-228418037515333728664603172096*x^13-177379030538028362081817967168*x^12+274903578745931359328670666752*x^11+146761929619643116226148951296*x^10-220194593821212249833437837056*x^9-79275063035282702356432388608*x^8+110853910027053008458659965952*x^7+26814502920380145143909013504*x^6-32401383723670509894943772672*x^5-5336247265725530648298201088*x^4+4819013208532498201803063296*x^3+555191880330692755832373248*x^2-274819385770518720993558528*x-23316808021099509285650432
constructing eigenvector for poly
x^23-272*x^22+34997*x^21-2833224*x^20+161931985*x^19-6949701892*x^18+232560170098*x^17-6219457531951*x^16+135169184655193*x^15-2414629879356925*x^14+35720752834304098*x^13-439550078269915771*x^12+4507185703390789510*x^11-38491415652747469144*x^10+272957823626989348048*x^9-1598386557310348383736*x^8+7662538491261425261488*x^7-29697813804004772326336*x^6+91404822846546727910064*x^5-217711353216225628399904*x^4+386000275108147121666048*x^3-478390549465243654190464*x^2+368907874278915120221568*x-132908480785991996798976
constructing eigenvector for poly
x^51-588*x^50+168617*x^49-31427026*x^48+4280752937*x^47-454314776110*x^46+39111942912084*x^45-2807824688334980*x^44+171490954555482568*x^43-9046893913350300418*x^42+417124221512982003525*x^41-16967469292691254043066*x^40+613562522559772785363013*x^39-19847384493186722271106862*x^38+577296510856205182301638507*x^37-15164288379817831291027927468*x^36+361030878766546028762305529985*x^35-7814189675784863858092256080524*x^34+154150140144958055119054661048323*x^33-2777423862932075927635296968354886*x^32+45786183404912043781538780614129478*x^31-691564000145378614076148849987087328*x^30+9581142516188199345851302241928735083*x^29-121857118191762949224076182469868034664*x^28+1423584234685895183073949910403047145270*x^27-15281219275699862892265078252521204236000*x^26+150735953832168002946389386297364198793436*x^25-1366156385368202926934985991775132714232064*x^24+11372308717464055776546534822131123305549104*x^23-86895820727106234998842619470443970728320108*x^22+608950886674899875879736924202673218900672177*x^21-3909470276515115414594366113408234619840233388*x^20+22961751432886585716607895746192139756922852553*x^19-123172021471851140774399472304056165841644716740*x^18+602230834167746323435369926710718628106185463832*x^17-2677435714307430439667370028120524177981256213884*x^16+10793338396685155617745531347767616380910254478556*x^15-39321778727845050699309815552389989550295648088120*x^14+128960514655004700520249415392446333327271746218720*x^13-378989386254267128191135339946630024933133155945344*x^12+992593784685474315108965938080444370861664774902688*x^11-2301722417678085426944155393322562472720782084059584*x^10+4688581437692630423202481519993084152225892666981056*x^9-8308694890605167060927149211806012412508866617145984*x^8+12655505636210799322437127869112812101171957528066560*x^7-16314639099204724190246019574841825886332290169411584*x^6+17441979715135385082716407472107601010595147036786176*x^5-15038795770248180473245513975532825010109089303283712*x^4+10041612382969741142394947100289546976993275228893184*x^3-4868906782372533201449700643480954394003387251785728*x^2+1524153141563520101274943009407346921502094227709952*x-231063543604824872775667531966027811911675893317632
constructing eigenvector for poly
x+2
constructing eigenvector for poly
x^10+91*x^9+3678*x^8+87002*x^7+1334509*x^6+13874970*x^5+99058592*x^4+479647177*x^3+1507814053*x^2+2779395135*x+2281803093
constructing eigenvector for poly
x^55+3*x^54-865*x^53-2911*x^52+334206*x^51+1231357*x^50-76662411*x^49-304331666*x^48+11697868348*x^47+49444495673*x^46-1260542980099*x^45-5618431390905*x^44+99417715227966*x^43+463280300486785*x^42-5873469818393575*x^41-28380288451417008*x^40+264163176301182105*x^39+1312134597462352740*x^38-9156263273222421390*x^37-46290610365490195078*x^36+247085856025090705696*x^35+1255859860619285576266*x^34-5238313976972597108026*x^33-26342719579590910583754*x^32+87964720241976847315994*x^31+428613776503461283786250*x^30-1178148253595782074443222*x^29-5415528711390060231550748*x^28+12642686423291401368105969*x^27+53070542189097336991835655*x^26-108777199718195455113591217*x^25-401825335654411319908615279*x^24+747109563010443690671542432*x^23+2334789962334474078683161365*x^22-4055118941994164916046179049*x^21-10306203297674638612441575344*x^20+17126711493046838960436677007*x^19+34084802750535345260016250406*x^18-55154951332376926311120995760*x^17-82932272375641571505206571112*x^16+132110814948582796644514636044*x^15+145067382838392361575509855464*x^14-228418037515333728664603172096*x^13-177379030538028362081817967168*x^12+274903578745931359328670666752*x^11+146761929619643116226148951296*x^10-220194593821212249833437837056*x^9-79275063035282702356432388608*x^8+110853910027053008458659965952*x^7+26814502920380145143909013504*x^6-32401383723670509894943772672*x^5-5336247265725530648298201088*x^4+4819013208532498201803063296*x^3+555191880330692755832373248*x^2-274819385770518720993558528*x-23316808021099509285650432
constructing eigenvector for poly
x^4+29*x^3+286*x^2+1164*x+1681
constructing eigenvector for poly
x^18+72*x^17+2300*x^16+42767*x^15+508048*x^14+3938845*x^13+18860146*x^12+39664947*x^11-118668931*x^10-1155220978*x^9-3444562029*x^8-2131575875*x^7+16346222053*x^6+53929541762*x^5+67767014258*x^4+13337456359*x^3-56667330334*x^2-56463359244*x-16042026248
constructing eigenvector for poly
x+2
constructing eigenvector for poly
x^4+29*x^3+286*x^2+1164*x+1681
constructing eigenvector for poly
x^20-226*x^19+23985*x^18-1588686*x^17+73622957*x^16-2536167466*x^15+67350374202*x^14-1411134834359*x^13+23678636368687*x^12-321157762041843*x^11+3538081610676884*x^10-31696192880798707*x^9+230364589144050084*x^8-1350104899900080668*x^7+6314643829006292032*x^6-23194484548865549688*x^5+65305097529462787196*x^4-135767275073499605056*x^3+195979555915902478352*x^2-175067382909963524464*x+72757409600464838896
constructing eigenvector for poly
x^62-3*x^61-711*x^60+2920*x^59+226855*x^58-1168584*x^57-42952170*x^56+266415376*x^55+5371803044*x^54-39540574339*x^53-466231743619*x^52+4100364631933*x^51+28540940742481*x^50-309852352069191*x^49-1207693991234158*x^48+17515941481173771*x^47+31606264028519438*x^46-752808560506434097*x^45-204885571825606791*x^44+24813942388059826942*x^43-23236731579842318689*x^42-628510174479010331184*x^41+1247371455612992500132*x^40+12158236043673850802538*x^39-36753319749152951677088*x^38-176184797215927352853596*x^37+752026692733842743186910*x^36+1819611656724416561848273*x^35-11368810653570663412043735*x^34-11400133033139834369141873*x^33+129694405793638304530669411*x^32+4087248162616295322945442*x^31-1120352490299505087194224818*x^30+806428312574216521524235886*x^29+7258918312203539764387631315*x^28-10092891775379419128686038986*x^27-34353743928621444592265623441*x^26+73043533946097361487540387426*x^25+111423453085446007742456188314*x^24-361168507310418911105848591905*x^23-200869496690320053600990053301*x^22+1265818402855789860636042127347*x^21-73782987457257265234239731650*x^20-3134494759725986919068446774760*x^19+1611060371013435986320840737773*x^18+5309329552810793630548775780400*x^17-4900366338513234981528150035536*x^16-5678113049298936370135829478526*x^15+8121978442736031233860347388432*x^14+3009696594517161833516344004179*x^13-7974479333869683746633429523483*x^12+314391187443460342953324448025*x^11+4395901294375527879299573502875*x^10-1226933551709806682518353507759*x^9-1170947727666137786824900901562*x^8+476444310506221162602068941083*x^7+130315470351967771871850518628*x^6-55314363071796446410350063032*x^5-7236288042119435047374994728*x^4+1390812634238706145522412304*x^3+283558873876496219394684960*x^2+16785081455895369856972800*x+332842000191566572480000
computing eigenvectors took 13.008045 sec
For conductor 1, eigenvectors are:
-1 -1 -1 -1 -1 -1 -1 -1 -1 -1 -1 -1 -1 -1 -1 -1 -1 -1 -1 -1 -1 -1 -1 -1 -1 -1 -1 -1 -1 -1 -1 -1 -1 -1 -1 -1 -1 -1 -1 -1 -1 -1 -1 -1 -1 -1 -1 -1 -1 -1 -1 -1 -1 -1 -1 -1 -1 -1 -1 -1 -1 -1 -1 -1 -1 -1 -1 -1 -1 -1 -1 -1 -1 -1 -1 -1 -1 -1 -1 -1 -1 -1 -1 -1 -1 -1 -1 -1 -1 -1 -1 -1 -1 -1 -1 -1 -1 -1 -1 -1 -1 -1 -1 -1 -1 -1 -1 -1 -1 -1 -1 -1 -1 -1 -1 -1 -1 -1 -1 -1 -1 -1 -1 -1 -1 -1 -1 -1 -1 -1 -1 -1 -1 -1 -1 -1 -1 -1 -1 -1 -1 -1 -1 -1 -1 -1 -1 -1 -1 -1 -1 -1 -1 -1 -1 -1 -1 -1 -1 -1 -1 -1 -1 -1 -1 -1 -1 -1 -1 -1 -1 -1 -1 -1 -1 -1 -1 -1 -1 -1 -1 -1 -1 -1 -1 -1 -1 -1 -1 -1 -1 -1 -1 -1 -1 -1 -1 -1 -1 -1 -1 -1 -1 over Number field with defining polynomial x-40
0 12 -12 -4 0 12 4 0 8 -4 -16 4 4 -8 6 0 0 12 6 0 6 0 -6 4 -6 -4 -4 6 -2 -6 -10 2 -2 -6 8 0 2 -2 4 4 0 -4 3 -6 0 3 -3 -2 -2 2 0 1 2 2 -3 0 -2 -2 6 4 0 0 0 -3 6 -2 0 0 -2 7 -4 5 1 3 2 -2 0 -6 -2 -2 0 3 -3 4 4 0 -6 -6 6 0 4 2 2 -1 3 -2 3 1 -2 2 -1 0 3 -1 2 -5 0 -3 2 4 -1 -3 3 3 -4 1 0 -1 0 0 -1 2 -4 -3 -1 3 3 -3 1 0 0 1 2 -2 5 1 1 -2 -2 -2 -1 1 -4 -2 2 4 -1 -2 -1 -1 -1 0 0 2 -1 -1 -2 0 2 0 -2 -1 -1 -5 1 0 3 -5 1 2 0 2 -2 -4 4 -1 4 -6 -1 2 -1 -1 0 1 1 4 -1 -2 -3 2 0 3 -1 4 1 -2 -1 1 -2 1 -2 2 -1 over Number field with defining polynomial x+2
a vector of length 203 over Number field with defining polynomial a number field of degree 72
a vector of length 203 over Number field with defining polynomial a number field of degree 55
a vector of length 203 over Number field with defining polynomial a number field of degree 23
a vector of length 203 over Number field with defining polynomial a number field of degree 51
For conductor 2, eigenvectors are:
-1 1 0 0 0 0 0 1 1 1 0 0 -1 0 0 -1 -1 0 -1 1 0 -2 0 0 1 -1 1 -1 1 -1 -1 0 -1 0 0 -1 2 -2 0 0 2 0 0 1 1 -1 1 -1 1 0 1 -1 -1 -1 0 0 0 -1 -1 1 0 1 0 0 -1 0 over Number field with defining polynomial x+2
a vector of length 66 over Number field with defining polynomial a number field of degree 10
a vector of length 66 over Number field with defining polynomial a number field of degree 55
For conductor 433, eigenvectors are:
a^2 + 7*a + 11 -2*a^2 - 29*a - 87 -4*a^2 - 38*a - 89 -3*a^2 - 31*a - 78 0 0 -2*a^2 - 29*a - 87 a^3 + 23*a^2 + 153*a + 311 -a^3 - 20*a^2 - 117*a - 213 -2*a^2 - 29*a - 87 0 -a^3 - 19*a^2 - 115*a - 222 -a^2 - 7*a - 11 a^3 + 20*a^2 + 117*a + 213 -3*a^2 - 31*a - 78 3*a^2 + 31*a + 78 -a^3 - 22*a^2 - 146*a - 300 -a^2 - 7*a - 11 a^2 + 7*a + 11 -a^2 - 2*a + 9 0 0 over Number field with defining polynomial x^4+29*x^3+286*x^2+1164*x+1681
a vector of length 22 over Number field with defining polynomial a number field of degree 18
For conductor 866, eigenvectors are:
-6 -6 -12 0 0 0 0 0 0 2 6 -2 -2 -2 2 4 -4 0 -2 -2 0 4 2 2 -4 -2 0 -2 2 -2 2 2 -2 2 0 0 -2 2 -2 0 -2 0 0 2 2 0 4 2 2 0 0 -2 0 -2 0 2 0 -2 0 0 2 2 2 0 0 0 1 -1 -1 0 1 0 2 -1 1 -1 -2 -1 1 1 1 0 -2 0 0 0 0 over Number field with defining polynomial x+2
0 0 0 0 0 0 6*a^3 + 138*a^2 + 918*a + 1866 0 0 20*a+80 8*a^2 + 116*a + 348 0 0 0 0 -4*a^3 - 92*a^2 - 612*a - 1244 -20*a-80 20*a+80 8*a^2 + 116*a + 348 0 0 0 0 0 0 2*a^2 + 14*a + 22 0 -2*a^2 - 14*a - 22 -2*a^2 - 44*a - 152 2*a^2 + 24*a + 62 -10*a-40 0 0 0 0 4*a^2 + 58*a + 174 -2*a^3 - 46*a^2 - 306*a - 622 10*a+40 2*a^3 + 46*a^2 + 306*a + 622 -2*a^2 - 24*a - 62 -4*a^2 - 58*a - 174 -2*a^3 - 46*a^2 - 306*a - 622 2*a^2 + 14*a + 22 -10*a-40 2*a^2 + 14*a + 22 0 4*a^2 + 58*a + 174 0 -2*a^2 - 14*a - 22 0 0 0 -2*a^3 - 46*a^2 - 306*a - 622 0 0 -4*a^2 - 58*a - 174 0 -2*a^3 - 46*a^2 - 306*a - 622 -2*a^2 - 44*a - 152 -4*a^2 - 58*a - 174 2*a^3 + 46*a^2 + 306*a + 622 0 0 -2*a^3 - 50*a^2 - 364*a - 796 -10*a-40 -5*a-20 a^3 + 23*a^2 + 153*a + 311 a^2 + 12*a + 31 a^2 + 7*a + 11 0 0 a^3 + 23*a^2 + 153*a + 311 -2*a^2 - 34*a - 107 a^3 + 25*a^2 + 182*a + 398 a^3 + 23*a^2 + 153*a + 311 0 a^2 + 22*a + 76 5*a+20 -a^3 - 25*a^2 - 182*a - 398 -a^2 - 7*a - 11 a^2 + 7*a + 11 2*a^2 + 29*a + 87 -5*a-20 5*a+20 -a^3 - 24*a^2 - 160*a - 322 0 0 over Number field with defining polynomial x^4+29*x^3+286*x^2+1164*x+1681
a vector of length 87 over Number field with defining polynomial a number field of degree 20
a vector of length 87 over Number field with defining polynomial a number field of degree 62
For conductor 1:
traces of hecke eigenvalues of T_{p^1} are:
40 156 400 1464 2380 5220 7240 12720 25260 30784 52060 70644 81400 106080 151740 208920 230764 305320 363024 394420 499360 578760 712980 922180 
computing eigenvalues for k = 1, took 10.646649 sec
traces of hecke eigenvalues of T_{p^2} are:
120 780 2800 
computing eigenvalues for k = 2, took 0.271602 sec
traces of hecke eigenvalues of T_{p^1} are:
-2 2 11 -16 -3 -81 112 32 128 -79 -25 -87 295 207 301 -740 630 -1145 -543 -120 342 759 -174 2222 
computing eigenvalues for k = 1, took 11.373895 sec
traces of hecke eigenvalues of T_{p^2} are:
0 -48 -24 
computing eigenvalues for k = 2, took 0.291447 sec
traces of hecke eigenvalues of T_{p^1} are:
-26 307 -258 496 -63 1323 -1021 553 2844 -1668 -2435 7216 -2563 2867 4739 8846 3469 -7181 7057 440 -4743 10312 22445 -3462 
computing eigenvalues for k = 1, took 12.837051 sec
traces of hecke eigenvalues of T_{p^2} are:
-58 -168 -409 
computing eigenvalues for k = 2, took 0.543070 sec
traces of hecke eigenvalues of T_{p^1} are:
-3 -83 6 -399 746 707 430 -409 -913 1494 3585 1439 2948 -1036 -435 -4078 -188 -1993 -4842 10112 -4259 -6397 -4106 13465 
computing eigenvalues for k = 1, took 11.582727 sec
traces of hecke eigenvalues of T_{p^2} are:
-120 -157 -268 
computing eigenvalues for k = 2, took 0.380939 sec
traces of hecke eigenvalues of T_{p^1} are:
272 689 1242 3010 4144 7166 8407 12579 20090 21844 31730 39414 43333 51207 66192 80640 86284 102604 115882 124196 142239 160494 183620 217013 
computing eigenvalues for k = 1, took 10.737325 sec
traces of hecke eigenvalues of T_{p^2} are:
168 546 736 
computing eigenvalues for k = 2, took 0.286413 sec
traces of hecke eigenvalues of T_{p^1} are:
588 1486 2732 6512 9148 15154 19164 26636 43336 50108 71188 86982 94478 111124 143888 178390 191036 229956 255396 273120 320262 350094 405352 482278 
computing eigenvalues for k = 1, took 11.354431 sec
traces of hecke eigenvalues of T_{p^2} are:
312 960 1456 
computing eigenvalues for k = 2, took 0.353252 sec
For conductor 2:
traces of hecke eigenvalues of T_{p^1} are:
-2 2 11 -16 -3 -81 112 32 128 -79 -25 -87 295 207 301 -740 630 -1145 -543 -120 342 759 -174 2222 
computing eigenvalues for k = 1, took 417.825152 sec
traces of hecke eigenvalues of T_{p^2} are:
0 -48 -24 
computing eigenvalues for k = 2, took 0.708255 sec
traces of hecke eigenvalues of T_{p^1} are:
-91 -139 -106 -274 -44 -14 -288 247 -644 -651 622 -889 43 -236 -437 -2559 -1732 -1031 -2171 2296 -724 -3409 -2936 4893 
computing eigenvalues for k = 1, took 403.851656 sec
traces of hecke eigenvalues of T_{p^2} are:
92 143 -97 
computing eigenvalues for k = 2, took 0.642484 sec
traces of hecke eigenvalues of T_{p^1} are:
-3 -83 6 -399 746 707 430 -409 -913 1494 3585 1439 2948 -1036 -435 -4078 -188 -1993 -4842 10112 -4259 -6397 -4106 13465 
computing eigenvalues for k = 1, took 415.820840 sec
traces of hecke eigenvalues of T_{p^2} are:
-120 -157 -268 
computing eigenvalues for k = 2, took 0.774868 sec
For conductor 433:
traces of hecke eigenvalues of T_{p^1} are:
-29 -29 -53 83 -171 -88 -64 63 149 -39 -664 -414 -309 29 236 800 -774 44 2679 428 359 0 -1444 -3257 
computing eigenvalues for k = 1, took 704.984013 sec
traces of hecke eigenvalues of T_{p^2} are:
16 3 32 
computing eigenvalues for k = 2, took 0.612446 sec
traces of hecke eigenvalues of T_{p^1} are:
-72 -212 -82 -353 -28 -522 -88 -299 -925 17 415 -2123 1884 -851 -1078 -3422 -1793 1962 -3335 -3564 260 1795 -6532 -2022 
computing eigenvalues for k = 1, took 696.564048 sec
traces of hecke eigenvalues of T_{p^2} are:
44 153 -135 
computing eigenvalues for k = 2, took 0.620609 sec
For conductor 866:
traces of hecke eigenvalues of T_{p^1} are:
-2 16 -5 10 -37 -95 80 -116 0 51 -7 127 -27 491 -381 196 546 597 169 -580 766 -565 270 372 
computing eigenvalues for k = 1, took 151.467850 sec
traces of hecke eigenvalues of T_{p^2} are:
-4 28 -88 
computing eigenvalues for k = 2, took 0.716948 sec
traces of hecke eigenvalues of T_{p^1} are:
-29 -29 -53 83 -171 -88 -64 63 149 -39 -664 -414 -309 29 236 800 -774 44 2679 428 359 0 -1444 -3257 
computing eigenvalues for k = 1, took 202.698484 sec
traces of hecke eigenvalues of T_{p^2} are:
16 3 32 
computing eigenvalues for k = 2, took 0.688974 sec
traces of hecke eigenvalues of T_{p^1} are:
226 569 1064 2540 3430 5808 7235 10913 16764 19208 26756 33196 37053 44609 54826 68972 74202 89100 100358 105938 123287 136832 157170 187641 
computing eigenvalues for k = 1, took 158.241154 sec
traces of hecke eigenvalues of T_{p^2} are:
104 294 512 
computing eigenvalues for k = 2, took 0.714456 sec
traces of hecke eigenvalues of T_{p^1} are:
3 -9 -110 229 -661 -201 -50 1282 645 746 -2732 1850 1447 5171 2804 9119 -1566 -910 8315 -4434 2298 10562 5105 -11534 
computing eigenvalues for k = 1, took 157.219474 sec
traces of hecke eigenvalues of T_{p^2} are:
-114 -192 -259 
computing eigenvalues for k = 2, took 0.913452 sec
