constructing eigenvector for poly
x-15
constructing eigenvector for poly
x^7-36*x^6+523*x^5-3929*x^4+16224*x^3-36031*x^2+38744*x-15296
computing eigenvectors took 0.027807 sec
For conductor 1, eigenvectors are:
1 1 1 1 1 1 1 1 over Number field with defining polynomial x-15
20*a^6 - 640*a^5 + 8060*a^4 - 50620*a^3 + 165040*a^2 - 260740*a + 154240 -144*a^3 + 2144*a^2 - 9488*a + 12032 -24*a^4 + 552*a^3 - 4232*a^2 + 11928*a - 8608 -8*a^4 + 88*a^3 + 8*a^2 - 2072*a + 3392 -2*a^6 + 80*a^5 - 1234*a^4 + 9366*a^3 - 36532*a^2 + 68306*a - 46528 -18*a^4 + 394*a^3 - 3062*a^2 + 9806*a - 10528 -2*a^5 + 54*a^4 - 546*a^3 + 2530*a^2 - 5332*a + 4592 -4*a^5 + 124*a^4 - 1428*a^3 + 7556*a^2 - 17912*a + 14192 over Number field with defining polynomial x^7-36*x^6+523*x^5-3929*x^4+16224*x^3-36031*x^2+38744*x-15296
For conductor 67, eigenvectors are:
For conductor 1:
traces of hecke eigenvalues of T_{p^1} are:
15 40 156 400 1464 2380 5220 7240 12720 25260 30784 52060 70644 81400 106080 151740 208920 230764 363024 394420 499360 578760 712980 922180 
computing eigenvalues for k = 1, took 8.554958 sec
traces of hecke eigenvalues of T_{p^2} are:
30 120 780 2800 
computing eigenvalues for k = 2, took 0.195483 sec
traces of hecke eigenvalues of T_{p^1} are:
36 75 165 360 865 1173 1839 2664 3643 5830 7328 9444 11442 12763 15045 19215 23832 25991 35991 38775 47322 48380 55837 66330 
computing eigenvalues for k = 1, took 8.749224 sec
traces of hecke eigenvalues of T_{p^2} are:
3 20 -102 80 
computing eigenvalues for k = 2, took 0.194578 sec
For conductor 67:
